{"target": 0.8443840579710145, "params": {"model__colsample_bylevel": 0.4736708178894914, "model__colsample_bynode": 0.35884175581574507, "model__colsample_bytree": 0.54184904803528, "model__learning_rate": 0.1333552693064643, "model__max_depth": 7.0, "model__n_estimators": 29.0, "model__reg_lambda": 0.38748375832319826}, "datetime": {"datetime": "2021-03-22 09:13:42", "elapsed": 0.0, "delta": 0.0}}
{"target": 0.8226449275362319, "params": {"model__colsample_bylevel": 0.30726190771998996, "model__colsample_bynode": 0.651312214504117, "model__colsample_bytree": 0.6470413051939022, "model__learning_rate": 0.12676590579185532, "model__max_depth": 2.8526665127272315, "model__n_estimators": 18.278380134391174, "model__reg_lambda": 4.185081805104525}, "datetime": {"datetime": "2021-03-22 09:13:42", "elapsed": 0.312112, "delta": 0.312112}}
{"target": 0.8443840579710145, "params": {"model__colsample_bylevel": 0.4736708178894914, "model__colsample_bynode": 0.35884175581574507, "model__colsample_bytree": 0.54184904803528, "model__learning_rate": 0.1333552693064643, "model__max_depth": 7.271354513195954, "model__n_estimators": 29.26446047440075, "model__reg_lambda": 0.38748375832319826}, "datetime": {"datetime": "2021-03-22 09:13:43", "elapsed": 0.73578, "delta": 0.423668}}
{"target": 0.8530797101449276, "params": {"model__colsample_bylevel": 0.630105088380464, "model__colsample_bynode": 0.9131204144882887, "model__colsample_bytree": 0.6491782037492714, "model__learning_rate": 0.26798448900006766, "model__max_depth": 2.617529113888627, "model__n_estimators": 29.677614615909683, "model__reg_lambda": 9.992597936992748}, "datetime": {"datetime": "2021-03-22 09:13:44", "elapsed": 1.838022, "delta": 1.102242}}
{"target": 0.8614130434782608, "params": {"model__colsample_bylevel": 0.7055697206366967, "model__colsample_bynode": 0.955504578619977, "model__colsample_bytree": 0.3921565196318348, "model__learning_rate": 0.1963197124006542, "model__max_depth": 7.691556680433996, "model__n_estimators": 29.01725852393031, "model__reg_lambda": 9.775859749677394}, "datetime": {"datetime": "2021-03-22 09:13:45", "elapsed": 2.845034, "delta": 1.007012}}
{"target": 0.857608695652174, "params": {"model__colsample_bylevel": 0.5192526715223238, "model__colsample_bynode": 0.8839234438651011, "model__colsample_bytree": 0.9964828490505062, "model__learning_rate": 0.2463435694290639, "model__max_depth": 7.680547043545273, "model__n_estimators": 29.918223617723072, "model__reg_lambda": 9.723594686404965}, "datetime": {"datetime": "2021-03-22 09:13:46", "elapsed": 4.323471, "delta": 1.478437}}
