{"target": -0.39938103489820725, "params": {"model__colsample_bylevel": 0.3, "model__colsample_bynode": 0.3, "model__colsample_bytree": 1.0, "model__learning_rate": 0.3, "model__max_depth": 2.0, "model__n_estimators": 15.0, "model__reg_lambda": 6.927154303836903}, "datetime": {"datetime": "2021-03-23 10:27:53", "elapsed": 251.906684, "delta": 1.747432}}
