{"target": -0.3196598946420557, "params": {"model__colsample_bylevel": 0.8882635027963148, "model__colsample_bynode": 0.33448038484401793, "model__colsample_bytree": 0.9716061349529246, "model__learning_rate": 0.2877461552977297, "model__max_depth": 6.856935966360899, "model__n_estimators": 25.482262762129576, "model__reg_lambda": 5.973383598799716}, "datetime": {"datetime": "2021-03-23 10:26:36", "elapsed": 174.482391, "delta": 1.419361}}
{"target": -0.3833251466259252, "params": {"model__colsample_bylevel": 0.3110376216720076, "model__colsample_bynode": 0.5118343969972449, "model__colsample_bytree": 0.9313137575374626, "model__learning_rate": 0.23481085410738947, "model__max_depth": 2.049642824777602, "model__n_estimators": 24.842886963048713, "model__reg_lambda": 6.120793266150728}, "datetime": {"datetime": "2021-03-23 10:26:37", "elapsed": 175.783485, "delta": 1.301094}}
{"target": -0.31961140586231984, "params": {"model__colsample_bylevel": 0.7476720897633826, "model__colsample_bynode": 0.3060093609738075, "model__colsample_bytree": 0.8378761046506045, "model__learning_rate": 0.27815051891033526, "model__max_depth": 6.30723334905509, "model__n_estimators": 24.017956379724478, "model__reg_lambda": 3.199177486601732}, "datetime": {"datetime": "2021-03-23 10:26:39", "elapsed": 177.385917, "delta": 1.602432}}
{"target": -0.34708504914238614, "params": {"model__colsample_bylevel": 0.8711786109150759, "model__colsample_bynode": 0.9717552935775302, "model__colsample_bytree": 0.43911901000888665, "model__learning_rate": 0.2859408608838371, "model__max_depth": 5.240316196240499, "model__n_estimators": 21.043296936125117, "model__reg_lambda": 5.33238818869914}, "datetime": {"datetime": "2021-03-23 10:26:40", "elapsed": 178.588741, "delta": 1.202824}}
{"target": -0.3440203835084305, "params": {"model__colsample_bylevel": 0.3771211612344371, "model__colsample_bynode": 0.9865389994667328, "model__colsample_bytree": 0.9481670599318925, "model__learning_rate": 0.2975778919993606, "model__max_depth": 5.783441671411351, "model__n_estimators": 19.65548235855278, "model__reg_lambda": 2.2592794077696023}, "datetime": {"datetime": "2021-03-23 10:26:41", "elapsed": 179.787283, "delta": 1.198542}}
{"target": -0.34421386663461156, "params": {"model__colsample_bylevel": 0.38140542677077893, "model__colsample_bynode": 0.9642925125107356, "model__colsample_bytree": 0.45657522951580726, "model__learning_rate": 0.204464360298757, "model__max_depth": 7.956660117231415, "model__n_estimators": 17.934455231313315, "model__reg_lambda": 0.008325886281966843}, "datetime": {"datetime": "2021-03-23 10:26:43", "elapsed": 181.653045, "delta": 1.865762}}
{"target": -0.34514959443569776, "params": {"model__colsample_bylevel": 0.9767868854290376, "model__colsample_bynode": 0.9661734959113422, "model__colsample_bytree": 0.42864159452008954, "model__learning_rate": 0.2006669980698816, "model__max_depth": 4.283141917738309, "model__n_estimators": 22.614460497165652, "model__reg_lambda": 1.503435366615058}, "datetime": {"datetime": "2021-03-23 10:26:45", "elapsed": 183.121954, "delta": 1.468909}}
{"target": -0.32474600964612194, "params": {"model__colsample_bylevel": 0.40129139093638794, "model__colsample_bynode": 0.729917037569917, "model__colsample_bytree": 0.9080863327211302, "model__learning_rate": 0.284662973488925, "model__max_depth": 2.5984951964239538, "model__n_estimators": 27.67152792713511, "model__reg_lambda": 2.0917045318986913}, "datetime": {"datetime": "2021-03-23 10:26:46", "elapsed": 184.591539, "delta": 1.469585}}
{"target": -0.34762122567651954, "params": {"model__colsample_bylevel": 1.0, "model__colsample_bynode": 0.9914711570989931, "model__colsample_bytree": 0.44124412769443677, "model__learning_rate": 0.3, "model__max_depth": 2.8745007920959624, "model__n_estimators": 18.053569724591277, "model__reg_lambda": 0.9422884144491602}, "datetime": {"datetime": "2021-03-23 10:26:47", "elapsed": 186.022497, "delta": 1.430958}}
{"target": -0.36064685333504987, "params": {"model__colsample_bylevel": 0.335515320488477, "model__colsample_bynode": 0.6374639811837097, "model__colsample_bytree": 0.9782789425479554, "model__learning_rate": 0.2942827560923887, "model__max_depth": 4.819570016480064, "model__n_estimators": 23.690829791232076, "model__reg_lambda": 0.7080130202979873}, "datetime": {"datetime": "2021-03-23 10:26:49", "elapsed": 187.300843, "delta": 1.278346}}
{"target": -0.3792064249583021, "params": {"model__colsample_bylevel": 0.9874234265072186, "model__colsample_bynode": 0.333968438149401, "model__colsample_bytree": 0.7476362042088971, "model__learning_rate": 0.2898592461317311, "model__max_depth": 2.0820664962859787, "model__n_estimators": 21.85343523454128, "model__reg_lambda": 6.750532806559663}, "datetime": {"datetime": "2021-03-23 10:26:50", "elapsed": 188.561689, "delta": 1.260846}}
{"target": -0.3686879776391214, "params": {"model__colsample_bylevel": 0.9668032254265153, "model__colsample_bynode": 0.9970153718771226, "model__colsample_bytree": 0.45244209764194676, "model__learning_rate": 0.10097178265640983, "model__max_depth": 5.420346490844799, "model__n_estimators": 20.238338478896992, "model__reg_lambda": 0.004584753900385152}, "datetime": {"datetime": "2021-03-23 10:26:51", "elapsed": 189.956033, "delta": 1.394344}}
{"target": -0.3647675636042233, "params": {"model__colsample_bylevel": 0.9876256383371129, "model__colsample_bynode": 0.34161532195815664, "model__colsample_bytree": 0.8993414510606277, "model__learning_rate": 0.2664587107227415, "model__max_depth": 7.924000147403203, "model__n_estimators": 15.572649838501965, "model__reg_lambda": 4.3471406393729275}, "datetime": {"datetime": "2021-03-23 10:26:53", "elapsed": 191.198027, "delta": 1.241994}}
{"target": -0.34687334616918225, "params": {"model__colsample_bylevel": 0.9237738974988383, "model__colsample_bynode": 0.3327499853012979, "model__colsample_bytree": 0.7471247221586138, "model__learning_rate": 0.24275852918313726, "model__max_depth": 7.164379238131484, "model__n_estimators": 22.250535083786794, "model__reg_lambda": 2.1036367310956128}, "datetime": {"datetime": "2021-03-23 10:26:54", "elapsed": 192.631171, "delta": 1.433144}}
{"target": -0.35527744052553734, "params": {"model__colsample_bylevel": 0.31391914727986714, "model__colsample_bynode": 0.4194642872967327, "model__colsample_bytree": 0.9425900253791972, "model__learning_rate": 0.26874863439349606, "model__max_depth": 7.803668081511537, "model__n_estimators": 20.987544343819195, "model__reg_lambda": 5.4527414794360665}, "datetime": {"datetime": "2021-03-23 10:26:56", "elapsed": 194.1856, "delta": 1.554429}}
{"target": -0.32484015213305373, "params": {"model__colsample_bylevel": 0.37518966946127197, "model__colsample_bynode": 0.9499573691878944, "model__colsample_bytree": 0.9437139538909882, "model__learning_rate": 0.29088827977417575, "model__max_depth": 3.521131768205743, "model__n_estimators": 29.0938698341143, "model__reg_lambda": 5.769554686264594}, "datetime": {"datetime": "2021-03-23 10:26:57", "elapsed": 195.818181, "delta": 1.632581}}
{"target": -0.3163006088062041, "params": {"model__colsample_bylevel": 0.4016546987979582, "model__colsample_bynode": 0.9952019468509936, "model__colsample_bytree": 0.9423578648769586, "model__learning_rate": 0.2478517444122051, "model__max_depth": 2.7697593075714746, "model__n_estimators": 29.900360285536195, "model__reg_lambda": 0.10285295807362704}, "datetime": {"datetime": "2021-03-23 10:26:59", "elapsed": 197.049666, "delta": 1.231485}}
{"target": -0.3744419468244524, "params": {"model__colsample_bylevel": 0.9610635442384177, "model__colsample_bynode": 0.3573583607360186, "model__colsample_bytree": 0.31568327836740395, "model__learning_rate": 0.29802389798036394, "model__max_depth": 5.861808289527811, "model__n_estimators": 24.99585284086767, "model__reg_lambda": 0.7788942283791667}, "datetime": {"datetime": "2021-03-23 10:27:00", "elapsed": 198.535964, "delta": 1.486298}}
{"target": -0.32366121992387853, "params": {"model__colsample_bylevel": 0.32818149487385323, "model__colsample_bynode": 0.9755096746206215, "model__colsample_bytree": 0.7160707516278306, "model__learning_rate": 0.2578989741891887, "model__max_depth": 4.587262911100792, "model__n_estimators": 27.29398710722777, "model__reg_lambda": 0.08063629591728905}, "datetime": {"datetime": "2021-03-23 10:27:02", "elapsed": 200.178518, "delta": 1.642554}}
{"target": -0.3324109681318447, "params": {"model__colsample_bylevel": 0.9605306938648153, "model__colsample_bynode": 0.9721280069348337, "model__colsample_bytree": 0.9638551623001947, "model__learning_rate": 0.29839553900775306, "model__max_depth": 4.786836278956747, "model__n_estimators": 29.272591217702384, "model__reg_lambda": 9.537113256174116}, "datetime": {"datetime": "2021-03-23 10:27:03", "elapsed": 201.694019, "delta": 1.515501}}
{"target": -0.32290938191260954, "params": {"model__colsample_bylevel": 0.9999999996075554, "model__colsample_bynode": 0.8081075922852023, "model__colsample_bytree": 0.3000000000631783, "model__learning_rate": 0.3, "model__max_depth": 4.452532186090773, "model__n_estimators": 29.42801962241014, "model__reg_lambda": 7.42325130597779}, "datetime": {"datetime": "2021-03-23 10:27:05", "elapsed": 203.438858, "delta": 1.744839}}
{"target": -0.3383980924918222, "params": {"model__colsample_bylevel": 0.3210939645386763, "model__colsample_bynode": 0.9974796454745385, "model__colsample_bytree": 0.3269057501996286, "model__learning_rate": 0.25489022185297805, "model__max_depth": 5.9202861471359345, "model__n_estimators": 21.882227474671218, "model__reg_lambda": 0.21306272507806812}, "datetime": {"datetime": "2021-03-23 10:27:06", "elapsed": 205.038216, "delta": 1.599358}}
{"target": -0.3701804904562448, "params": {"model__colsample_bylevel": 0.9083532374664745, "model__colsample_bynode": 0.9718873444536402, "model__colsample_bytree": 0.925181817098603, "model__learning_rate": 0.28586965249132396, "model__max_depth": 4.061847264755811, "model__n_estimators": 15.000867694349225, "model__reg_lambda": 0.07225448096877529}, "datetime": {"datetime": "2021-03-23 10:27:08", "elapsed": 206.514062, "delta": 1.475846}}
{"target": -0.3365375317704014, "params": {"model__colsample_bylevel": 0.6922780124487414, "model__colsample_bynode": 0.35425406159324563, "model__colsample_bytree": 0.9956790732151783, "model__learning_rate": 0.18336578116954977, "model__max_depth": 5.124733918196828, "model__n_estimators": 16.679269326105505, "model__reg_lambda": 0.17201023356827383}, "datetime": {"datetime": "2021-03-23 10:27:09", "elapsed": 207.725576, "delta": 1.211514}}
{"target": -0.3388945486313457, "params": {"model__colsample_bylevel": 0.9104419848088254, "model__colsample_bynode": 0.34377243496830007, "model__colsample_bytree": 0.9623921734399419, "model__learning_rate": 0.27713896446194075, "model__max_depth": 4.516405878719146, "model__n_estimators": 27.630962673128675, "model__reg_lambda": 0.03663885540701517}, "datetime": {"datetime": "2021-03-23 10:27:10", "elapsed": 208.939424, "delta": 1.213848}}
{"target": -0.34784358896828, "params": {"model__colsample_bylevel": 0.3620658744061016, "model__colsample_bynode": 0.9819891432574022, "model__colsample_bytree": 0.31184150076987416, "model__learning_rate": 0.2718225499200232, "model__max_depth": 7.437593500581333, "model__n_estimators": 29.627855935178196, "model__reg_lambda": 3.5734893840659563}, "datetime": {"datetime": "2021-03-23 10:27:12", "elapsed": 210.503543, "delta": 1.564119}}
{"target": -0.3525252213009863, "params": {"model__colsample_bylevel": 0.3000000019267403, "model__colsample_bynode": 0.3, "model__colsample_bytree": 1.0, "model__learning_rate": 0.3, "model__max_depth": 5.806192778776788, "model__n_estimators": 15.0, "model__reg_lambda": 0.0}, "datetime": {"datetime": "2021-03-23 10:27:13", "elapsed": 211.762947, "delta": 1.259404}}
{"target": -0.3246632411117679, "params": {"model__colsample_bylevel": 0.3, "model__colsample_bynode": 1.0, "model__colsample_bytree": 1.0, "model__learning_rate": 0.3, "model__max_depth": 8.0, "model__n_estimators": 24.710625927714624, "model__reg_lambda": 10.0}, "datetime": {"datetime": "2021-03-23 10:27:15", "elapsed": 213.222663, "delta": 1.459716}}
{"target": -0.3495283582942911, "params": {"model__colsample_bylevel": 0.3109208509900693, "model__colsample_bynode": 0.9979409003054991, "model__colsample_bytree": 0.30084997063231816, "model__learning_rate": 0.2972651999951031, "model__max_depth": 4.793142733415416, "model__n_estimators": 29.836136556324767, "model__reg_lambda": 0.17815897079727083}, "datetime": {"datetime": "2021-03-23 10:27:16", "elapsed": 214.699827, "delta": 1.477164}}
{"target": -0.34132775167759133, "params": {"model__colsample_bylevel": 0.8467004930359427, "model__colsample_bynode": 0.9435303845116461, "model__colsample_bytree": 0.310204417980275, "model__learning_rate": 0.21633797124963344, "model__max_depth": 6.714557762504675, "model__n_estimators": 16.595482453030318, "model__reg_lambda": 0.016079650412517132}, "datetime": {"datetime": "2021-03-23 10:27:18", "elapsed": 216.278197, "delta": 1.57837}}
{"target": -0.32799571092338364, "params": {"model__colsample_bylevel": 0.9794453997947148, "model__colsample_bynode": 0.9647430500412484, "model__colsample_bytree": 0.8499331055345087, "model__learning_rate": 0.23445721158030253, "model__max_depth": 2.103366653714245, "model__n_estimators": 29.966167750791165, "model__reg_lambda": 3.217888160781728}, "datetime": {"datetime": "2021-03-23 10:27:20", "elapsed": 218.260675, "delta": 1.982478}}
{"target": -0.36225277985567633, "params": {"model__colsample_bylevel": 1.0, "model__colsample_bynode": 0.3, "model__colsample_bytree": 0.3, "model__learning_rate": 0.3, "model__max_depth": 3.5687656019045635, "model__n_estimators": 15.096485208336802, "model__reg_lambda": 0.7772924134300149}, "datetime": {"datetime": "2021-03-23 10:27:21", "elapsed": 219.999036, "delta": 1.738361}}
{"target": -0.36077489598681206, "params": {"model__colsample_bylevel": 0.9612128624679357, "model__colsample_bynode": 0.3669183536064392, "model__colsample_bytree": 0.8610226771488612, "model__learning_rate": 0.2477588901284523, "model__max_depth": 3.916886298961659, "model__n_estimators": 16.281791266695357, "model__reg_lambda": 2.1999494315161106}, "datetime": {"datetime": "2021-03-23 10:27:23", "elapsed": 221.830117, "delta": 1.831081}}
{"target": -0.37330268447597825, "params": {"model__colsample_bylevel": 1.0, "model__colsample_bynode": 0.9935356284558383, "model__colsample_bytree": 1.0, "model__learning_rate": 0.3, "model__max_depth": 6.35491980198845, "model__n_estimators": 18.058546824402068, "model__reg_lambda": 9.99833700687584}, "datetime": {"datetime": "2021-03-23 10:27:25", "elapsed": 223.642004, "delta": 1.811887}}
{"target": -0.38464476280859194, "params": {"model__colsample_bylevel": 0.3, "model__colsample_bynode": 1.0, "model__colsample_bytree": 0.3, "model__learning_rate": 0.3, "model__max_depth": 2.5074645321665234, "model__n_estimators": 20.60287620096566, "model__reg_lambda": 10.0}, "datetime": {"datetime": "2021-03-23 10:27:27", "elapsed": 225.077003, "delta": 1.434999}}
{"target": -0.39801858112998845, "params": {"model__colsample_bylevel": 0.4046622482552075, "model__colsample_bynode": 0.9656003536192885, "model__colsample_bytree": 0.9164562639424298, "model__learning_rate": 0.1072562423241375, "model__max_depth": 2.5115555888356362, "model__n_estimators": 20.2578583054156, "model__reg_lambda": 0.929435387977745}, "datetime": {"datetime": "2021-03-23 10:27:28", "elapsed": 226.727057, "delta": 1.650054}}
{"target": -0.3559923853671205, "params": {"model__colsample_bylevel": 0.3370691749412138, "model__colsample_bynode": 0.7554800323323416, "model__colsample_bytree": 0.8690774504332102, "model__learning_rate": 0.10466112332195915, "model__max_depth": 6.961013807438748, "model__n_estimators": 29.987099379145157, "model__reg_lambda": 1.6287305785956085}, "datetime": {"datetime": "2021-03-23 10:27:30", "elapsed": 228.420422, "delta": 1.693365}}
{"target": -0.29673772401132525, "params": {"model__colsample_bylevel": 0.3524499643007094, "model__colsample_bynode": 0.3081716339329747, "model__colsample_bytree": 0.7850275415936816, "model__learning_rate": 0.18716165960054337, "model__max_depth": 5.8828679519685085, "model__n_estimators": 28.30474778437479, "model__reg_lambda": 0.034975653013951113}, "datetime": {"datetime": "2021-03-23 10:27:32", "elapsed": 230.190663, "delta": 1.770241}}
{"target": -0.33058250886742424, "params": {"model__colsample_bylevel": 0.9857423981706781, "model__colsample_bynode": 0.857097671819393, "model__colsample_bytree": 0.37869048317546483, "model__learning_rate": 0.29364259061222986, "model__max_depth": 5.49068503793993, "model__n_estimators": 29.73222439859565, "model__reg_lambda": 3.008477694617109}, "datetime": {"datetime": "2021-03-23 10:27:33", "elapsed": 231.758212, "delta": 1.567549}}
{"target": -0.36258347714792233, "params": {"model__colsample_bylevel": 0.9845306580894333, "model__colsample_bynode": 0.3693385493363349, "model__colsample_bytree": 0.32335995800223244, "model__learning_rate": 0.2727706822916657, "model__max_depth": 6.825780136020935, "model__n_estimators": 26.430846708237677, "model__reg_lambda": 3.392746196749296}, "datetime": {"datetime": "2021-03-23 10:27:35", "elapsed": 233.443544, "delta": 1.685332}}
{"target": -0.3580117995027398, "params": {"model__colsample_bylevel": 0.8532324826634512, "model__colsample_bynode": 0.937136107397738, "model__colsample_bytree": 0.9468839894217231, "model__learning_rate": 0.28122360866091567, "model__max_depth": 2.064612751051052, "model__n_estimators": 26.885924709598825, "model__reg_lambda": 3.32764972661813}, "datetime": {"datetime": "2021-03-23 10:27:36", "elapsed": 235.014307, "delta": 1.570763}}
{"target": -0.35933513206908935, "params": {"model__colsample_bylevel": 0.36511272718834104, "model__colsample_bynode": 0.9000839517524661, "model__colsample_bytree": 0.6179809283942888, "model__learning_rate": 0.2841000412685052, "model__max_depth": 4.982946473811858, "model__n_estimators": 27.673440972906278, "model__reg_lambda": 8.474044868718254}, "datetime": {"datetime": "2021-03-23 10:27:38", "elapsed": 236.999711, "delta": 1.985404}}
{"target": -0.30639253044964926, "params": {"model__colsample_bylevel": 0.33599978255138246, "model__colsample_bynode": 0.9419758461766878, "model__colsample_bytree": 0.986542430003776, "model__learning_rate": 0.1741182228931299, "model__max_depth": 6.070821576743746, "model__n_estimators": 27.15661791583801, "model__reg_lambda": 0.045984676867513175}, "datetime": {"datetime": "2021-03-23 10:27:40", "elapsed": 238.676226, "delta": 1.676515}}
{"target": -0.34306744564749786, "params": {"model__colsample_bylevel": 0.9342953693877437, "model__colsample_bynode": 0.3, "model__colsample_bytree": 0.9999999950473945, "model__learning_rate": 0.3, "model__max_depth": 7.7279147813450715, "model__n_estimators": 22.13817670662846, "model__reg_lambda": 7.757596671019029}, "datetime": {"datetime": "2021-03-23 10:27:42", "elapsed": 240.37959, "delta": 1.703364}}
{"target": -0.3685611468226906, "params": {"model__colsample_bylevel": 0.3972793327341674, "model__colsample_bynode": 0.412272549812429, "model__colsample_bytree": 0.9989004844947882, "model__learning_rate": 0.2999407317705184, "model__max_depth": 3.7402522432399103, "model__n_estimators": 21.993354292960646, "model__reg_lambda": 8.937962110200553}, "datetime": {"datetime": "2021-03-23 10:27:43", "elapsed": 241.610304, "delta": 1.230714}}
{"target": -0.3441057113134235, "params": {"model__colsample_bylevel": 0.3134990324625469, "model__colsample_bynode": 0.9968978982657226, "model__colsample_bytree": 0.8340556947944877, "model__learning_rate": 0.2544822351783974, "model__max_depth": 7.882347411404557, "model__n_estimators": 29.639090540379506, "model__reg_lambda": 0.102676802037579}, "datetime": {"datetime": "2021-03-23 10:27:45", "elapsed": 243.520304, "delta": 1.91}}
{"target": -0.3544364578296444, "params": {"model__colsample_bylevel": 0.43508326742346964, "model__colsample_bynode": 0.320187060273906, "model__colsample_bytree": 0.9539684751456716, "model__learning_rate": 0.1088428174828747, "model__max_depth": 5.891793634609687, "model__n_estimators": 26.79064837578042, "model__reg_lambda": 0.09547186238320404}, "datetime": {"datetime": "2021-03-23 10:27:47", "elapsed": 245.267401, "delta": 1.747097}}
{"target": -0.3757112135685073, "params": {"model__colsample_bylevel": 0.9877833281756054, "model__colsample_bynode": 0.9329037228553312, "model__colsample_bytree": 0.7429316359574396, "model__learning_rate": 0.2759296430885845, "model__max_depth": 7.109125508757243, "model__n_estimators": 27.364423839146916, "model__reg_lambda": 0.2874844517543873}, "datetime": {"datetime": "2021-03-23 10:27:48", "elapsed": 246.939248, "delta": 1.671847}}
{"target": -0.3448007181740663, "params": {"model__colsample_bylevel": 0.9453836280902295, "model__colsample_bynode": 0.8615341989049854, "model__colsample_bytree": 0.996251990605366, "model__learning_rate": 0.2802987683536472, "model__max_depth": 6.362702131338958, "model__n_estimators": 23.605075470184374, "model__reg_lambda": 2.3814331819265044}, "datetime": {"datetime": "2021-03-23 10:27:50", "elapsed": 248.604191, "delta": 1.664943}}
{"target": -0.3969476551478864, "params": {"model__colsample_bylevel": 0.3, "model__colsample_bynode": 0.3, "model__colsample_bytree": 1.0, "model__learning_rate": 0.3, "model__max_depth": 2.0, "model__n_estimators": 17.557615802767298, "model__reg_lambda": 10.0}, "datetime": {"datetime": "2021-03-23 10:27:52", "elapsed": 250.159252, "delta": 1.555061}}
