{"target": -0.3671075065632054, "params": {"model__colsample_bylevel": 0.6598381440591498, "model__colsample_bynode": 0.5442109893172489, "model__colsample_bytree": 0.943746079980031, "model__learning_rate": 0.27767638519448845, "model__max_depth": 2.0886038523509916, "model__n_estimators": 23.344236986976437, "model__reg_lambda": 0.10097862347565711}, "datetime": {"datetime": "2021-03-23 10:25:29", "elapsed": 107.886001, "delta": 1.151673}}
{"target": -0.35581213334048895, "params": {"model__colsample_bylevel": 1.0, "model__colsample_bynode": 0.7756254657309253, "model__colsample_bytree": 1.0, "model__learning_rate": 0.3, "model__max_depth": 4.234488537579455, "model__n_estimators": 18.966465447086843, "model__reg_lambda": 9.826814875070172}, "datetime": {"datetime": "2021-03-23 10:25:31", "elapsed": 109.15909, "delta": 1.273089}}
{"target": -0.37860827914884554, "params": {"model__colsample_bylevel": 0.3828987979555348, "model__colsample_bynode": 0.8538338172894666, "model__colsample_bytree": 0.32015357471028594, "model__learning_rate": 0.2986754177402312, "model__max_depth": 2.2143383793513007, "model__n_estimators": 21.791577407573996, "model__reg_lambda": 7.82451889781382}, "datetime": {"datetime": "2021-03-23 10:25:32", "elapsed": 110.505458, "delta": 1.346368}}
{"target": -0.3496369169080171, "params": {"model__colsample_bylevel": 0.9661574163768558, "model__colsample_bynode": 0.4611388475315176, "model__colsample_bytree": 0.7405277938242605, "model__learning_rate": 0.2902775988131263, "model__max_depth": 7.890659621863579, "model__n_estimators": 19.351269103803627, "model__reg_lambda": 5.55537311564434}, "datetime": {"datetime": "2021-03-23 10:25:33", "elapsed": 111.883997, "delta": 1.378539}}
{"target": -0.31971579443737597, "params": {"model__colsample_bylevel": 0.3, "model__colsample_bynode": 1.0, "model__colsample_bytree": 1.0, "model__learning_rate": 0.3, "model__max_depth": 6.451397600063272, "model__n_estimators": 30.0, "model__reg_lambda": 10.0}, "datetime": {"datetime": "2021-03-23 10:25:35", "elapsed": 113.229597, "delta": 1.3456}}
{"target": -0.45351098511718957, "params": {"model__colsample_bylevel": 0.3, "model__colsample_bynode": 0.3, "model__colsample_bytree": 0.3, "model__learning_rate": 0.3, "model__max_depth": 4.352235360639275, "model__n_estimators": 15.0, "model__reg_lambda": 10.0}, "datetime": {"datetime": "2021-03-23 10:25:36", "elapsed": 114.342301, "delta": 1.112704}}
{"target": -0.32600898707649956, "params": {"model__colsample_bylevel": 0.7284306982016544, "model__colsample_bynode": 0.3717143791551549, "model__colsample_bytree": 0.9567454498817636, "model__learning_rate": 0.2913373040907543, "model__max_depth": 5.14525490733079, "model__n_estimators": 28.456987803346333, "model__reg_lambda": 8.687323462047036}, "datetime": {"datetime": "2021-03-23 10:25:37", "elapsed": 115.454735, "delta": 1.112434}}
{"target": -0.41031685851757294, "params": {"model__colsample_bylevel": 0.35415428110154445, "model__colsample_bynode": 0.3050152790885777, "model__colsample_bytree": 0.40179834341977416, "model__learning_rate": 0.21681323331937002, "model__max_depth": 7.575629977498753, "model__n_estimators": 15.514427369359979, "model__reg_lambda": 1.7996177965100024}, "datetime": {"datetime": "2021-03-23 10:25:38", "elapsed": 116.519868, "delta": 1.065133}}
{"target": -0.3398952864598064, "params": {"model__colsample_bylevel": 0.9999999961145206, "model__colsample_bynode": 0.9999999991088736, "model__colsample_bytree": 0.9999843069449671, "model__learning_rate": 0.3, "model__max_depth": 3.5036203879820316, "model__n_estimators": 27.594960841572625, "model__reg_lambda": 7.084059078045746}, "datetime": {"datetime": "2021-03-23 10:25:39", "elapsed": 117.834559, "delta": 1.314691}}
{"target": -0.3397570843649758, "params": {"model__colsample_bylevel": 0.35601839738676605, "model__colsample_bynode": 0.9889825198674771, "model__colsample_bytree": 0.9634505636419277, "model__learning_rate": 0.28714066137531596, "model__max_depth": 7.975571488935405, "model__n_estimators": 19.530733787175365, "model__reg_lambda": 3.855756217675934}, "datetime": {"datetime": "2021-03-23 10:25:40", "elapsed": 118.960669, "delta": 1.12611}}
{"target": -0.359537776134591, "params": {"model__colsample_bylevel": 0.7168903007361158, "model__colsample_bynode": 0.33098941265961423, "model__colsample_bytree": 0.9613432650646336, "model__learning_rate": 0.2801573910503866, "model__max_depth": 3.7578211459186015, "model__n_estimators": 29.814057579912095, "model__reg_lambda": 0.4416423192376595}, "datetime": {"datetime": "2021-03-23 10:25:42", "elapsed": 120.103442, "delta": 1.142773}}
{"target": -0.34612438059614403, "params": {"model__colsample_bylevel": 0.35068231274648504, "model__colsample_bynode": 0.3239386669185655, "model__colsample_bytree": 0.9961756707142626, "model__learning_rate": 0.2905223754249352, "model__max_depth": 7.399356011996055, "model__n_estimators": 25.70802698871903, "model__reg_lambda": 8.271869110973537}, "datetime": {"datetime": "2021-03-23 10:25:43", "elapsed": 121.276757, "delta": 1.173315}}
{"target": -0.4102104533207266, "params": {"model__colsample_bylevel": 1.0, "model__colsample_bynode": 0.3, "model__colsample_bytree": 0.3, "model__learning_rate": 0.3, "model__max_depth": 2.109175933931582, "model__n_estimators": 21.33826156647037, "model__reg_lambda": 9.973931000171236}, "datetime": {"datetime": "2021-03-23 10:25:44", "elapsed": 122.437182, "delta": 1.160425}}
{"target": -0.3627970954835199, "params": {"model__colsample_bylevel": 0.8822669940961576, "model__colsample_bynode": 0.5472389792312258, "model__colsample_bytree": 0.9956113416445498, "model__learning_rate": 0.26656100330686305, "model__max_depth": 7.937304005052917, "model__n_estimators": 17.009066052328347, "model__reg_lambda": 8.250262371191805}, "datetime": {"datetime": "2021-03-23 10:25:45", "elapsed": 123.726336, "delta": 1.289154}}
{"target": -0.35672229566160873, "params": {"model__colsample_bylevel": 0.8286986549363262, "model__colsample_bynode": 0.7554365675444726, "model__colsample_bytree": 0.9835883857222891, "model__learning_rate": 0.27741576058303397, "model__max_depth": 7.399876331984927, "model__n_estimators": 29.978942671004564, "model__reg_lambda": 2.8648611945536318}, "datetime": {"datetime": "2021-03-23 10:25:47", "elapsed": 125.182229, "delta": 1.455893}}
{"target": -0.36536485849731215, "params": {"model__colsample_bylevel": 0.8433989723425963, "model__colsample_bynode": 0.3135312989519168, "model__colsample_bytree": 0.31604860445608984, "model__learning_rate": 0.27644158051958606, "model__max_depth": 7.923973900155947, "model__n_estimators": 29.13997724602949, "model__reg_lambda": 5.447699179582904}, "datetime": {"datetime": "2021-03-23 10:25:48", "elapsed": 126.269157, "delta": 1.086928}}
{"target": -0.35271580362712723, "params": {"model__colsample_bylevel": 0.578836300517924, "model__colsample_bynode": 0.9304032022818296, "model__colsample_bytree": 0.32013786246927317, "model__learning_rate": 0.27528043327770957, "model__max_depth": 2.31947931050512, "model__n_estimators": 18.47601881615725, "model__reg_lambda": 0.03816504203528859}, "datetime": {"datetime": "2021-03-23 10:25:49", "elapsed": 127.613181, "delta": 1.344024}}
{"target": -0.32951592322889434, "params": {"model__colsample_bylevel": 0.3624048806942123, "model__colsample_bynode": 0.9267393802190522, "model__colsample_bytree": 0.9901302958117537, "model__learning_rate": 0.2308221864305982, "model__max_depth": 3.5681139483315354, "model__n_estimators": 21.23590602516129, "model__reg_lambda": 0.09207215391725754}, "datetime": {"datetime": "2021-03-23 10:25:50", "elapsed": 128.921335, "delta": 1.308154}}
{"target": -0.39024242282291693, "params": {"model__colsample_bylevel": 0.3598767616665135, "model__colsample_bynode": 0.9599180432681909, "model__colsample_bytree": 0.8954159471192744, "model__learning_rate": 0.11167957027159339, "model__max_depth": 7.849266051005267, "model__n_estimators": 29.890165209499465, "model__reg_lambda": 7.741028940900784}, "datetime": {"datetime": "2021-03-23 10:25:52", "elapsed": 130.266924, "delta": 1.345589}}
{"target": -0.3431108691375298, "params": {"model__colsample_bylevel": 0.3867922360162586, "model__colsample_bynode": 0.9352061000114016, "model__colsample_bytree": 0.9182120851866162, "model__learning_rate": 0.29320038305631324, "model__max_depth": 7.693444570247552, "model__n_estimators": 27.894935117494718, "model__reg_lambda": 9.827777983751774}, "datetime": {"datetime": "2021-03-23 10:25:53", "elapsed": 131.543956, "delta": 1.277032}}
{"target": -0.3373937705888555, "params": {"model__colsample_bylevel": 0.6403365950971018, "model__colsample_bynode": 1.0, "model__colsample_bytree": 0.9917019251652612, "model__learning_rate": 0.3, "model__max_depth": 4.415960669705908, "model__n_estimators": 29.67656307979655, "model__reg_lambda": 4.052065839353073}, "datetime": {"datetime": "2021-03-23 10:25:54", "elapsed": 132.973319, "delta": 1.429363}}
{"target": -0.33706067667369716, "params": {"model__colsample_bylevel": 0.3454848947723636, "model__colsample_bynode": 0.9810963744596382, "model__colsample_bytree": 0.8952448461138465, "model__learning_rate": 0.29500208780228954, "model__max_depth": 7.167545034973952, "model__n_estimators": 26.13365622133462, "model__reg_lambda": 5.497996835712011}, "datetime": {"datetime": "2021-03-23 10:25:56", "elapsed": 134.320449, "delta": 1.34713}}
{"target": -0.34149184748530387, "params": {"model__colsample_bylevel": 0.9885155149358233, "model__colsample_bynode": 0.3201986106487682, "model__colsample_bytree": 0.4430958444285704, "model__learning_rate": 0.2836620360481814, "model__max_depth": 7.588473455439132, "model__n_estimators": 25.00485585424119, "model__reg_lambda": 4.44464640942922}, "datetime": {"datetime": "2021-03-23 10:25:57", "elapsed": 136.019187, "delta": 1.698738}}
{"target": -0.40467121354388613, "params": {"model__colsample_bylevel": 0.9535486871182869, "model__colsample_bynode": 0.9999999981428731, "model__colsample_bytree": 0.9999999985632159, "model__learning_rate": 0.3, "model__max_depth": 8.0, "model__n_estimators": 21.922216397120025, "model__reg_lambda": 9.243104346943709e-10}, "datetime": {"datetime": "2021-03-23 10:25:59", "elapsed": 137.28527, "delta": 1.266083}}
{"target": -0.34172099864235195, "params": {"model__colsample_bylevel": 0.36883504795374533, "model__colsample_bynode": 0.8885339502795655, "model__colsample_bytree": 0.3500567793855879, "model__learning_rate": 0.2342931299715707, "model__max_depth": 7.762410442688255, "model__n_estimators": 29.89770403206237, "model__reg_lambda": 1.4015873061291362}, "datetime": {"datetime": "2021-03-23 10:26:00", "elapsed": 138.502779, "delta": 1.217509}}
{"target": -0.35317169988445224, "params": {"model__colsample_bylevel": 0.4102502355594992, "model__colsample_bynode": 0.48796336297363807, "model__colsample_bytree": 0.9960963987763325, "model__learning_rate": 0.24288213617561843, "model__max_depth": 7.8437282282042196, "model__n_estimators": 26.36337520907597, "model__reg_lambda": 0.01853641041509646}, "datetime": {"datetime": "2021-03-23 10:26:01", "elapsed": 139.892121, "delta": 1.389342}}
{"target": -0.3449854530842867, "params": {"model__colsample_bylevel": 0.8839502886935329, "model__colsample_bynode": 0.410130462339542, "model__colsample_bytree": 0.8627113529206503, "model__learning_rate": 0.2846054850771397, "model__max_depth": 5.1794187372282225, "model__n_estimators": 15.029360609281717, "model__reg_lambda": 2.747505803516823}, "datetime": {"datetime": "2021-03-23 10:26:03", "elapsed": 141.167471, "delta": 1.27535}}
{"target": -0.35707139625396256, "params": {"model__colsample_bylevel": 0.33306099473784145, "model__colsample_bynode": 0.8490892215551284, "model__colsample_bytree": 0.860771027345623, "model__learning_rate": 0.294433606992054, "model__max_depth": 7.779035454372412, "model__n_estimators": 28.360175224557445, "model__reg_lambda": 6.598601558605511}, "datetime": {"datetime": "2021-03-23 10:26:04", "elapsed": 142.277239, "delta": 1.109768}}
{"target": -0.36400212729889636, "params": {"model__colsample_bylevel": 1.0, "model__colsample_bynode": 0.3, "model__colsample_bytree": 1.0, "model__learning_rate": 0.3, "model__max_depth": 8.0, "model__n_estimators": 15.00000000267959, "model__reg_lambda": 10.0}, "datetime": {"datetime": "2021-03-23 10:26:05", "elapsed": 143.640811, "delta": 1.363572}}
{"target": -0.36848484095239986, "params": {"model__colsample_bylevel": 0.6887272971913838, "model__colsample_bynode": 0.3, "model__colsample_bytree": 1.0, "model__learning_rate": 0.3, "model__max_depth": 6.294267313402341, "model__n_estimators": 20.296433420640454, "model__reg_lambda": 9.832240934319424}, "datetime": {"datetime": "2021-03-23 10:26:06", "elapsed": 144.944234, "delta": 1.303423}}
{"target": -0.4010128165662721, "params": {"model__colsample_bylevel": 0.3249637569634718, "model__colsample_bynode": 0.3104597724305327, "model__colsample_bytree": 0.9775994482724617, "model__learning_rate": 0.2753532208636722, "model__max_depth": 7.972374876049867, "model__n_estimators": 16.645557938292438, "model__reg_lambda": 9.923995044545844}, "datetime": {"datetime": "2021-03-23 10:26:08", "elapsed": 146.222743, "delta": 1.278509}}
{"target": -0.33467827223889207, "params": {"model__colsample_bylevel": 0.9035952855253178, "model__colsample_bynode": 0.9631625767876584, "model__colsample_bytree": 0.47859457702379765, "model__learning_rate": 0.29212751977049484, "model__max_depth": 3.957479373408939, "model__n_estimators": 29.138731272196374, "model__reg_lambda": 9.754721947060839}, "datetime": {"datetime": "2021-03-23 10:26:09", "elapsed": 147.554859, "delta": 1.332116}}
{"target": -0.3424291202184353, "params": {"model__colsample_bylevel": 0.6018735949473961, "model__colsample_bynode": 0.349187930460329, "model__colsample_bytree": 0.5088357234657344, "model__learning_rate": 0.2915919144055241, "model__max_depth": 5.14214008159081, "model__n_estimators": 27.068918224295828, "model__reg_lambda": 5.518653453876374}, "datetime": {"datetime": "2021-03-23 10:26:10", "elapsed": 148.866283, "delta": 1.311424}}
{"target": -0.35310174228464913, "params": {"model__colsample_bylevel": 0.3515528524102456, "model__colsample_bynode": 0.8642578258361389, "model__colsample_bytree": 0.9859205234042623, "model__learning_rate": 0.2787447982269996, "model__max_depth": 2.563041914985804, "model__n_estimators": 24.87133848661117, "model__reg_lambda": 1.9859992404647342}, "datetime": {"datetime": "2021-03-23 10:26:12", "elapsed": 150.210716, "delta": 1.344433}}
{"target": -0.2962355162594906, "params": {"model__colsample_bylevel": 0.3010256866178869, "model__colsample_bynode": 0.9502791929530847, "model__colsample_bytree": 0.8138625090533029, "model__learning_rate": 0.2933306445674956, "model__max_depth": 6.984647809710204, "model__n_estimators": 29.80541805248525, "model__reg_lambda": 0.5986636073146601}, "datetime": {"datetime": "2021-03-23 10:26:13", "elapsed": 151.643362, "delta": 1.432646}}
{"target": -0.3547805972183899, "params": {"model__colsample_bylevel": 0.35077089501785647, "model__colsample_bynode": 0.46602542056349394, "model__colsample_bytree": 0.49505706127131155, "model__learning_rate": 0.2995026875681565, "model__max_depth": 6.985184291586185, "model__n_estimators": 29.95369967750196, "model__reg_lambda": 0.08012111957401813}, "datetime": {"datetime": "2021-03-23 10:26:14", "elapsed": 153.03391, "delta": 1.390548}}
{"target": -0.3070479296291233, "params": {"model__colsample_bylevel": 0.9872121068000101, "model__colsample_bynode": 0.3025161605865198, "model__colsample_bytree": 0.9664385316808473, "model__learning_rate": 0.26527453854915384, "model__max_depth": 6.355516887425417, "model__n_estimators": 23.91253793047744, "model__reg_lambda": 1.3245990903668936}, "datetime": {"datetime": "2021-03-23 10:26:16", "elapsed": 154.541105, "delta": 1.507195}}
{"target": -0.3832872376663769, "params": {"model__colsample_bylevel": 0.8822340442296002, "model__colsample_bynode": 1.0, "model__colsample_bytree": 0.9999999937202669, "model__learning_rate": 0.3, "model__max_depth": 8.0, "model__n_estimators": 29.92778950662452, "model__reg_lambda": 1.2637176618423624}, "datetime": {"datetime": "2021-03-23 10:26:17", "elapsed": 155.823857, "delta": 1.282752}}
{"target": -0.3560967454087812, "params": {"model__colsample_bylevel": 0.3097128760518529, "model__colsample_bynode": 0.9656784747238214, "model__colsample_bytree": 0.7832036288472528, "model__learning_rate": 0.2886424592608405, "model__max_depth": 7.151133742919192, "model__n_estimators": 28.920605187070347, "model__reg_lambda": 1.328859352177758}, "datetime": {"datetime": "2021-03-23 10:26:18", "elapsed": 157.007435, "delta": 1.183578}}
{"target": -0.32519350336608144, "params": {"model__colsample_bylevel": 0.35746389278357177, "model__colsample_bynode": 0.9655924514076184, "model__colsample_bytree": 0.7364207626052618, "model__learning_rate": 0.1644772043790385, "model__max_depth": 5.486444442713418, "model__n_estimators": 29.84436251865349, "model__reg_lambda": 1.4219670879507051}, "datetime": {"datetime": "2021-03-23 10:26:20", "elapsed": 158.461462, "delta": 1.454027}}
{"target": -0.36779576445443796, "params": {"model__colsample_bylevel": 0.9355043837368484, "model__colsample_bynode": 0.34527679303578884, "model__colsample_bytree": 0.3749256624196915, "model__learning_rate": 0.2956840879004974, "model__max_depth": 2.166385288467829, "model__n_estimators": 29.944193636620497, "model__reg_lambda": 2.5619074014926237}, "datetime": {"datetime": "2021-03-23 10:26:21", "elapsed": 159.893513, "delta": 1.432051}}
{"target": -0.3579407721778135, "params": {"model__colsample_bylevel": 0.7609691905308027, "model__colsample_bynode": 0.573502302235583, "model__colsample_bytree": 0.96918710113691, "model__learning_rate": 0.2824466575473723, "model__max_depth": 7.9884063844263, "model__n_estimators": 26.855936193610816, "model__reg_lambda": 4.151714092036806}, "datetime": {"datetime": "2021-03-23 10:26:23", "elapsed": 161.080408, "delta": 1.186895}}
{"target": -0.34077929838331067, "params": {"model__colsample_bylevel": 0.8837146719774529, "model__colsample_bynode": 0.5190148642425527, "model__colsample_bytree": 0.39640873719915487, "model__learning_rate": 0.29609951848637817, "model__max_depth": 7.068698141856496, "model__n_estimators": 27.0279418625773, "model__reg_lambda": 7.469999080959097}, "datetime": {"datetime": "2021-03-23 10:26:24", "elapsed": 162.551641, "delta": 1.471233}}
{"target": -0.3232144160671969, "params": {"model__colsample_bylevel": 0.6564049449495584, "model__colsample_bynode": 0.936070144747013, "model__colsample_bytree": 0.9855546098361474, "model__learning_rate": 0.26950349193919265, "model__max_depth": 3.223356825399504, "model__n_estimators": 28.426792042840226, "model__reg_lambda": 4.32542266557351}, "datetime": {"datetime": "2021-03-23 10:26:26", "elapsed": 164.046399, "delta": 1.494758}}
{"target": -0.32770333657441053, "params": {"model__colsample_bylevel": 0.9149192299722968, "model__colsample_bynode": 0.32521566220985354, "model__colsample_bytree": 0.8416105308512034, "model__learning_rate": 0.19561375469347206, "model__max_depth": 5.7482661889546245, "model__n_estimators": 26.05619128440891, "model__reg_lambda": 0.016707430281427404}, "datetime": {"datetime": "2021-03-23 10:26:27", "elapsed": 165.711569, "delta": 1.66517}}
{"target": -0.3541415430052017, "params": {"model__colsample_bylevel": 0.8291928764297782, "model__colsample_bynode": 0.8758940955827577, "model__colsample_bytree": 0.44844385546579324, "model__learning_rate": 0.29819153936036125, "model__max_depth": 7.409104755546687, "model__n_estimators": 23.5554058761577, "model__reg_lambda": 9.822340541864424}, "datetime": {"datetime": "2021-03-23 10:26:28", "elapsed": 166.989147, "delta": 1.277578}}
{"target": -0.35359213976105136, "params": {"model__colsample_bylevel": 0.3616418194641011, "model__colsample_bynode": 0.9286269972696155, "model__colsample_bytree": 0.48001404667087333, "model__learning_rate": 0.2888043955282159, "model__max_depth": 7.84931584140884, "model__n_estimators": 15.056209563263074, "model__reg_lambda": 0.06645122535404502}, "datetime": {"datetime": "2021-03-23 10:26:30", "elapsed": 168.74811, "delta": 1.758963}}
{"target": -0.34368459410371555, "params": {"model__colsample_bylevel": 0.9841593018117774, "model__colsample_bynode": 0.4135382737908332, "model__colsample_bytree": 0.8985176480524313, "model__learning_rate": 0.11325089798399607, "model__max_depth": 7.170554851919492, "model__n_estimators": 25.02601707025643, "model__reg_lambda": 0.13599868648312863}, "datetime": {"datetime": "2021-03-23 10:26:32", "elapsed": 170.265275, "delta": 1.517165}}
{"target": -0.336856022127904, "params": {"model__colsample_bylevel": 0.42646723799249175, "model__colsample_bynode": 0.9980593074373423, "model__colsample_bytree": 0.3360334000973314, "model__learning_rate": 0.2999928211530153, "model__max_depth": 4.156240184657734, "model__n_estimators": 29.75958410024715, "model__reg_lambda": 6.118105292398099}, "datetime": {"datetime": "2021-03-23 10:26:33", "elapsed": 171.672951, "delta": 1.407676}}
{"target": -0.33979342198977924, "params": {"model__colsample_bylevel": 0.3, "model__colsample_bynode": 1.0, "model__colsample_bytree": 1.0, "model__learning_rate": 0.3, "model__max_depth": 8.0, "model__n_estimators": 15.000000000069344, "model__reg_lambda": 3.881337770953827}, "datetime": {"datetime": "2021-03-23 10:26:35", "elapsed": 173.06303, "delta": 1.390079}}
