{"target": -0.34904039897357003, "params": {"model__colsample_bylevel": 0.3554398526013304, "model__colsample_bynode": 0.49148671274252614, "model__colsample_bytree": 0.3000000042612242, "model__learning_rate": 0.2999999948110763, "model__max_depth": 5.269293677752782, "model__n_estimators": 29.499627672475675, "model__reg_lambda": 0.9196994295816059}, "datetime": {"datetime": "2021-03-23 10:24:28", "elapsed": 46.598357, "delta": 1.005496}}
{"target": -0.35898678937279016, "params": {"model__colsample_bylevel": 1.0, "model__colsample_bynode": 0.3, "model__colsample_bytree": 1.0, "model__learning_rate": 0.3, "model__max_depth": 6.062886596047296, "model__n_estimators": 16.287618262883562, "model__reg_lambda": 10.0}, "datetime": {"datetime": "2021-03-23 10:24:29", "elapsed": 47.712434, "delta": 1.114077}}
{"target": -0.36412680600499864, "params": {"model__colsample_bylevel": 0.7220138099328045, "model__colsample_bynode": 0.3922152842141391, "model__colsample_bytree": 0.9883468681261416, "model__learning_rate": 0.2797858339729429, "model__max_depth": 5.019259792516583, "model__n_estimators": 15.300075517837564, "model__reg_lambda": 5.0685640856582275}, "datetime": {"datetime": "2021-03-23 10:24:30", "elapsed": 48.630018, "delta": 0.917584}}
{"target": -0.3116944979566682, "params": {"model__colsample_bylevel": 0.3289889187971885, "model__colsample_bynode": 0.9599169260339415, "model__colsample_bytree": 0.810244736928762, "model__learning_rate": 0.29997683437021183, "model__max_depth": 7.516283026434279, "model__n_estimators": 29.785052357021193, "model__reg_lambda": 1.878107047464056}, "datetime": {"datetime": "2021-03-23 10:24:31", "elapsed": 49.747052, "delta": 1.117034}}
{"target": -0.36775058701944846, "params": {"model__colsample_bylevel": 0.5314271344894015, "model__colsample_bynode": 0.3099304711311647, "model__colsample_bytree": 0.9528630761329993, "model__learning_rate": 0.295134501652347, "model__max_depth": 2.0292483615650223, "model__n_estimators": 27.979130474504032, "model__reg_lambda": 4.566572496425305}, "datetime": {"datetime": "2021-03-23 10:24:32", "elapsed": 50.805264, "delta": 1.058212}}
{"target": -0.34715359593046474, "params": {"model__colsample_bylevel": 1.0, "model__colsample_bynode": 1.0, "model__colsample_bytree": 1.0, "model__learning_rate": 0.3, "model__max_depth": 7.903272202047386, "model__n_estimators": 20.74568455650433, "model__reg_lambda": 9.019223643540757}, "datetime": {"datetime": "2021-03-23 10:24:34", "elapsed": 52.103617, "delta": 1.298353}}
{"target": -0.37444640752130554, "params": {"model__colsample_bylevel": 0.3184832526846676, "model__colsample_bynode": 0.529536690219423, "model__colsample_bytree": 0.7446552142639522, "model__learning_rate": 0.1536513449774064, "model__max_depth": 2.0277104532772747, "model__n_estimators": 29.51378071247389, "model__reg_lambda": 0.21876260024954464}, "datetime": {"datetime": "2021-03-23 10:24:35", "elapsed": 53.486821, "delta": 1.383204}}
{"target": -0.34674602921417763, "params": {"model__colsample_bylevel": 1.0, "model__colsample_bynode": 1.0, "model__colsample_bytree": 1.0, "model__learning_rate": 0.3, "model__max_depth": 8.0, "model__n_estimators": 30.0, "model__reg_lambda": 10.0}, "datetime": {"datetime": "2021-03-23 10:24:36", "elapsed": 54.817999, "delta": 1.331178}}
{"target": -0.3777614273387345, "params": {"model__colsample_bylevel": 0.36138594174530053, "model__colsample_bynode": 0.3372113871634665, "model__colsample_bytree": 0.9088456078528115, "model__learning_rate": 0.26868908039565953, "model__max_depth": 7.916455443922668, "model__n_estimators": 17.133116866126777, "model__reg_lambda": 5.031045790320543}, "datetime": {"datetime": "2021-03-23 10:24:37", "elapsed": 55.685758, "delta": 0.867759}}
{"target": -0.35537446734387484, "params": {"model__colsample_bylevel": 0.7830453542941862, "model__colsample_bynode": 0.33893200866464995, "model__colsample_bytree": 0.972204211289549, "model__learning_rate": 0.14553678570689685, "model__max_depth": 3.4406689232481513, "model__n_estimators": 25.10283112397714, "model__reg_lambda": 0.04061016780542159}, "datetime": {"datetime": "2021-03-23 10:24:38", "elapsed": 56.825764, "delta": 1.140006}}
{"target": -0.3089395983728405, "params": {"model__colsample_bylevel": 0.9252785411587388, "model__colsample_bynode": 0.9774716472758931, "model__colsample_bytree": 0.7934617674745625, "model__learning_rate": 0.2992444198928479, "model__max_depth": 3.745903757464079, "model__n_estimators": 28.73885738804121, "model__reg_lambda": 7.831355798229104}, "datetime": {"datetime": "2021-03-23 10:24:40", "elapsed": 58.236418, "delta": 1.410654}}
{"target": -0.4097695514222311, "params": {"model__colsample_bylevel": 0.3, "model__colsample_bynode": 0.3, "model__colsample_bytree": 1.0, "model__learning_rate": 0.3, "model__max_depth": 2.0, "model__n_estimators": 15.0, "model__reg_lambda": 10.0}, "datetime": {"datetime": "2021-03-23 10:24:41", "elapsed": 59.422248, "delta": 1.18583}}
{"target": -0.3274122518757223, "params": {"model__colsample_bylevel": 1.0, "model__colsample_bynode": 0.3, "model__colsample_bytree": 1.0, "model__learning_rate": 0.3, "model__max_depth": 8.0, "model__n_estimators": 23.217650525893976, "model__reg_lambda": 10.0}, "datetime": {"datetime": "2021-03-23 10:24:42", "elapsed": 60.661147, "delta": 1.238899}}
{"target": -0.37114503678858984, "params": {"model__colsample_bylevel": 0.9649092625694746, "model__colsample_bynode": 0.31308967959273176, "model__colsample_bytree": 0.8047657735756459, "model__learning_rate": 0.2939581534400625, "model__max_depth": 6.4251782428077435, "model__n_estimators": 17.63304241079547, "model__reg_lambda": 2.017315517461893}, "datetime": {"datetime": "2021-03-23 10:24:43", "elapsed": 61.735019, "delta": 1.073872}}
{"target": -0.3350465487867621, "params": {"model__colsample_bylevel": 0.6225314586504624, "model__colsample_bynode": 0.523005571182479, "model__colsample_bytree": 0.9944892660491126, "model__learning_rate": 0.3, "model__max_depth": 7.9999999993344035, "model__n_estimators": 23.315185919018486, "model__reg_lambda": 3.345193175501506}, "datetime": {"datetime": "2021-03-23 10:24:44", "elapsed": 62.849985, "delta": 1.114966}}
{"target": -0.3558135604005023, "params": {"model__colsample_bylevel": 0.4507754312749165, "model__colsample_bynode": 0.9681992490846241, "model__colsample_bytree": 0.9246697340949854, "model__learning_rate": 0.2738837485419683, "model__max_depth": 6.2824551061752585, "model__n_estimators": 15.144665643543876, "model__reg_lambda": 0.539053678846888}, "datetime": {"datetime": "2021-03-23 10:24:45", "elapsed": 63.956946, "delta": 1.106961}}
{"target": -0.3604043574612318, "params": {"model__colsample_bylevel": 0.9702531397625416, "model__colsample_bynode": 0.98361811440555, "model__colsample_bytree": 0.3913620996729571, "model__learning_rate": 0.22889779916912695, "model__max_depth": 2.231453112850427, "model__n_estimators": 29.458136586070115, "model__reg_lambda": 5.0947896029743305}, "datetime": {"datetime": "2021-03-23 10:24:47", "elapsed": 65.061571, "delta": 1.104625}}
{"target": -0.3485361624266142, "params": {"model__colsample_bylevel": 0.3, "model__colsample_bynode": 0.3, "model__colsample_bytree": 1.0, "model__learning_rate": 0.3, "model__max_depth": 6.2570627884936645, "model__n_estimators": 15.0, "model__reg_lambda": 8.067065345451137}, "datetime": {"datetime": "2021-03-23 10:24:48", "elapsed": 66.053153, "delta": 0.991582}}
{"target": -0.3279993891115368, "params": {"model__colsample_bylevel": 0.3158897158917193, "model__colsample_bynode": 0.7713035981087847, "model__colsample_bytree": 0.8433994502019466, "model__learning_rate": 0.2715819456687697, "model__max_depth": 3.7281506841085346, "model__n_estimators": 28.09216683195197, "model__reg_lambda": 6.405929791626441}, "datetime": {"datetime": "2021-03-23 10:24:49", "elapsed": 67.268205, "delta": 1.215052}}
{"target": -0.3645170565785678, "params": {"model__colsample_bylevel": 0.8772113650832742, "model__colsample_bynode": 0.36041684107131544, "model__colsample_bytree": 0.6215541728453813, "model__learning_rate": 0.2892880245171069, "model__max_depth": 7.989608599294044, "model__n_estimators": 26.368070699622727, "model__reg_lambda": 9.918753284379779}, "datetime": {"datetime": "2021-03-23 10:24:50", "elapsed": 68.409497, "delta": 1.141292}}
{"target": -0.3419735360343981, "params": {"model__colsample_bylevel": 0.9365145142266147, "model__colsample_bynode": 0.9783165617815262, "model__colsample_bytree": 0.460061760558347, "model__learning_rate": 0.2981374273418389, "model__max_depth": 5.16514789488688, "model__n_estimators": 27.668294348923773, "model__reg_lambda": 9.94493769056611}, "datetime": {"datetime": "2021-03-23 10:24:51", "elapsed": 69.698844, "delta": 1.289347}}
{"target": -0.3344510282867713, "params": {"model__colsample_bylevel": 0.9999999784866542, "model__colsample_bynode": 0.9999999702224274, "model__colsample_bytree": 1.0, "model__learning_rate": 0.3, "model__max_depth": 2.0, "model__n_estimators": 26.777762624426757, "model__reg_lambda": 0.9367662669426603}, "datetime": {"datetime": "2021-03-23 10:24:52", "elapsed": 70.9769, "delta": 1.278056}}
{"target": -0.32929173742751655, "params": {"model__colsample_bylevel": 0.8463554399461073, "model__colsample_bynode": 0.32147426244278215, "model__colsample_bytree": 0.9536497007790703, "model__learning_rate": 0.26968655158782595, "model__max_depth": 7.9509432776261475, "model__n_estimators": 26.564242602716902, "model__reg_lambda": 6.703629410437671}, "datetime": {"datetime": "2021-03-23 10:24:54", "elapsed": 72.154544, "delta": 1.177644}}
{"target": -0.3536289647990919, "params": {"model__colsample_bylevel": 0.31969633668108693, "model__colsample_bynode": 0.40126436811811195, "model__colsample_bytree": 0.9427874933799825, "model__learning_rate": 0.29780102563882416, "model__max_depth": 3.40655147960626, "model__n_estimators": 29.567629197174377, "model__reg_lambda": 9.636431939806258}, "datetime": {"datetime": "2021-03-23 10:24:55", "elapsed": 73.29291, "delta": 1.138366}}
{"target": -0.3493883470420901, "params": {"model__colsample_bylevel": 0.7358523712358367, "model__colsample_bynode": 0.32244907759645164, "model__colsample_bytree": 0.3616470593982579, "model__learning_rate": 0.2841196785455675, "model__max_depth": 4.467572071502508, "model__n_estimators": 21.415663176305554, "model__reg_lambda": 3.7031285696541447}, "datetime": {"datetime": "2021-03-23 10:24:56", "elapsed": 74.457856, "delta": 1.164946}}
{"target": -0.3537131366815985, "params": {"model__colsample_bylevel": 1.0, "model__colsample_bynode": 1.0, "model__colsample_bytree": 1.0, "model__learning_rate": 0.3, "model__max_depth": 7.749668392713153, "model__n_estimators": 22.023405779416624, "model__reg_lambda": 5.729284345695602}, "datetime": {"datetime": "2021-03-23 10:24:57", "elapsed": 75.766958, "delta": 1.309102}}
{"target": -0.37352051286539745, "params": {"model__colsample_bylevel": 0.9463184037736119, "model__colsample_bynode": 0.71428671009212, "model__colsample_bytree": 0.49074115158127, "model__learning_rate": 0.13448080147817876, "model__max_depth": 5.7244641876316695, "model__n_estimators": 15.019890589873475, "model__reg_lambda": 0.025316749535542193}, "datetime": {"datetime": "2021-03-23 10:24:58", "elapsed": 77.03689, "delta": 1.269932}}
{"target": -0.3753933019308454, "params": {"model__colsample_bylevel": 0.3564381123929855, "model__colsample_bynode": 0.4390920569678472, "model__colsample_bytree": 0.9604481105356835, "model__learning_rate": 0.17958772278740254, "model__max_depth": 3.680428344982188, "model__n_estimators": 15.13511781115959, "model__reg_lambda": 0.290787652220742}, "datetime": {"datetime": "2021-03-23 10:24:59", "elapsed": 77.9578, "delta": 0.92091}}
{"target": -0.3436990125444751, "params": {"model__colsample_bylevel": 1.0, "model__colsample_bynode": 0.3, "model__colsample_bytree": 0.8709720233392843, "model__learning_rate": 0.3, "model__max_depth": 3.6869564274011326, "model__n_estimators": 29.9999999697368, "model__reg_lambda": 5.784505253830405}, "datetime": {"datetime": "2021-03-23 10:25:01", "elapsed": 79.325338, "delta": 1.367538}}
{"target": -0.38112477588035387, "params": {"model__colsample_bylevel": 0.6471679289851388, "model__colsample_bynode": 0.3000000044973341, "model__colsample_bytree": 0.30000001078078653, "model__learning_rate": 0.3, "model__max_depth": 4.467301971306389, "model__n_estimators": 19.132610740790565, "model__reg_lambda": 2.0418803870814584}, "datetime": {"datetime": "2021-03-23 10:25:02", "elapsed": 80.740683, "delta": 1.415345}}
{"target": -0.33504547953126496, "params": {"model__colsample_bylevel": 0.819351119188533, "model__colsample_bynode": 0.8276638919782249, "model__colsample_bytree": 0.9437174565266373, "model__learning_rate": 0.2827079958565816, "model__max_depth": 2.132862350522188, "model__n_estimators": 19.10846865987414, "model__reg_lambda": 0.35768769078246665}, "datetime": {"datetime": "2021-03-23 10:25:03", "elapsed": 81.825611, "delta": 1.084928}}
{"target": -0.35715626137832224, "params": {"model__colsample_bylevel": 0.9863272256228723, "model__colsample_bynode": 0.8895796506562148, "model__colsample_bytree": 0.5047497443923689, "model__learning_rate": 0.2871328876755831, "model__max_depth": 4.403694788512665, "model__n_estimators": 16.77184729591191, "model__reg_lambda": 0.028506748190316733}, "datetime": {"datetime": "2021-03-23 10:25:04", "elapsed": 82.828876, "delta": 1.003265}}
{"target": -0.3631520165235101, "params": {"model__colsample_bylevel": 0.5474173082238627, "model__colsample_bynode": 0.9583216597783721, "model__colsample_bytree": 0.3370450657303723, "model__learning_rate": 0.2935946304282154, "model__max_depth": 2.797447164827413, "model__n_estimators": 22.978294338535107, "model__reg_lambda": 0.15614613242519448}, "datetime": {"datetime": "2021-03-23 10:25:05", "elapsed": 83.929044, "delta": 1.100168}}
{"target": -0.34989649466562855, "params": {"model__colsample_bylevel": 0.4487843219230172, "model__colsample_bynode": 0.8538469256364838, "model__colsample_bytree": 0.3404148166771415, "model__learning_rate": 0.2476705647906124, "model__max_depth": 6.881819135007307, "model__n_estimators": 21.443158515521567, "model__reg_lambda": 2.9708560623910985}, "datetime": {"datetime": "2021-03-23 10:25:06", "elapsed": 85.016687, "delta": 1.087643}}
{"target": -0.3574051498570412, "params": {"model__colsample_bylevel": 0.34971852452082874, "model__colsample_bynode": 0.3180243692404844, "model__colsample_bytree": 0.9957428082744992, "model__learning_rate": 0.2901650652917005, "model__max_depth": 4.0211883364560785, "model__n_estimators": 22.319107628567515, "model__reg_lambda": 5.75756516126794}, "datetime": {"datetime": "2021-03-23 10:25:08", "elapsed": 86.084502, "delta": 1.067815}}
{"target": -0.3182243788223444, "params": {"model__colsample_bylevel": 0.30000000000000004, "model__colsample_bynode": 0.3, "model__colsample_bytree": 1.0, "model__learning_rate": 0.3, "model__max_depth": 8.0, "model__n_estimators": 30.0, "model__reg_lambda": 10.0}, "datetime": {"datetime": "2021-03-23 10:25:09", "elapsed": 87.173445, "delta": 1.088943}}
{"target": -0.3357688812288436, "params": {"model__colsample_bylevel": 0.5324801283549275, "model__colsample_bynode": 0.9975017117766218, "model__colsample_bytree": 0.9736582137596383, "model__learning_rate": 0.2947521512164716, "model__max_depth": 3.985554249610172, "model__n_estimators": 26.11154109081813, "model__reg_lambda": 1.7172409111812792}, "datetime": {"datetime": "2021-03-23 10:25:10", "elapsed": 88.464208, "delta": 1.290763}}
{"target": -0.33871461380799506, "params": {"model__colsample_bylevel": 0.3, "model__colsample_bynode": 0.3, "model__colsample_bytree": 1.0, "model__learning_rate": 0.3, "model__max_depth": 8.0, "model__n_estimators": 30.0, "model__reg_lambda": 0.0}, "datetime": {"datetime": "2021-03-23 10:25:11", "elapsed": 89.641956, "delta": 1.177748}}
{"target": -0.3792661526942275, "params": {"model__colsample_bylevel": 0.900978350618395, "model__colsample_bynode": 0.4110171744119786, "model__colsample_bytree": 0.9997833095352107, "model__learning_rate": 0.2224735758390013, "model__max_depth": 2.24577514443085, "model__n_estimators": 17.731347580325497, "model__reg_lambda": 0.35148145625812255}, "datetime": {"datetime": "2021-03-23 10:25:12", "elapsed": 90.94901, "delta": 1.307054}}
{"target": -0.3482673117545926, "params": {"model__colsample_bylevel": 0.3, "model__colsample_bynode": 0.3, "model__colsample_bytree": 1.0, "model__learning_rate": 0.2999999999240006, "model__max_depth": 8.0, "model__n_estimators": 23.260845249485104, "model__reg_lambda": 4.018268138312736e-10}, "datetime": {"datetime": "2021-03-23 10:25:14", "elapsed": 92.221338, "delta": 1.272328}}
{"target": -0.3553765868116845, "params": {"model__colsample_bylevel": 0.4787764430771572, "model__colsample_bynode": 0.8380472116794644, "model__colsample_bytree": 0.8798644013855328, "model__learning_rate": 0.2784405373030737, "model__max_depth": 4.993268528004292, "model__n_estimators": 16.94533869160794, "model__reg_lambda": 3.6168939931838793}, "datetime": {"datetime": "2021-03-23 10:25:15", "elapsed": 93.491913, "delta": 1.270575}}
{"target": -0.3552994971669724, "params": {"model__colsample_bylevel": 0.9993749868116166, "model__colsample_bynode": 0.5764742402206782, "model__colsample_bytree": 0.5205029488702684, "model__learning_rate": 0.19669956710928882, "model__max_depth": 2.134576552892299, "model__n_estimators": 20.531634404985883, "model__reg_lambda": 0.018140372543979932}, "datetime": {"datetime": "2021-03-23 10:25:16", "elapsed": 94.543938, "delta": 1.052025}}
{"target": -0.34864235862079784, "params": {"model__colsample_bylevel": 1.0, "model__colsample_bynode": 1.0, "model__colsample_bytree": 0.3, "model__learning_rate": 0.3, "model__max_depth": 7.999999999985325, "model__n_estimators": 30.0, "model__reg_lambda": 1.4430036910250567e-11}, "datetime": {"datetime": "2021-03-23 10:25:17", "elapsed": 95.851406, "delta": 1.307468}}
{"target": -0.36154214170646676, "params": {"model__colsample_bylevel": 0.40666058752590095, "model__colsample_bynode": 0.9977827616280928, "model__colsample_bytree": 0.978206363482248, "model__learning_rate": 0.25386499847969846, "model__max_depth": 2.179986167804787, "model__n_estimators": 29.999262118420404, "model__reg_lambda": 7.740994653702424}, "datetime": {"datetime": "2021-03-23 10:25:19", "elapsed": 97.255398, "delta": 1.403992}}
{"target": -0.40391098026699135, "params": {"model__colsample_bylevel": 0.969022527371973, "model__colsample_bynode": 0.9324696501158298, "model__colsample_bytree": 0.3320538877131325, "model__learning_rate": 0.29088011007011927, "model__max_depth": 2.0753964746746614, "model__n_estimators": 19.05427091320644, "model__reg_lambda": 9.635836018787828}, "datetime": {"datetime": "2021-03-23 10:25:20", "elapsed": 98.440794, "delta": 1.185396}}
{"target": -0.3700085530084544, "params": {"model__colsample_bylevel": 0.9616436585748032, "model__colsample_bynode": 0.8567163320191877, "model__colsample_bytree": 0.758800504956232, "model__learning_rate": 0.298599856292074, "model__max_depth": 2.176200829632579, "model__n_estimators": 23.954742515538218, "model__reg_lambda": 7.587648374434223}, "datetime": {"datetime": "2021-03-23 10:25:21", "elapsed": 99.553594, "delta": 1.1128}}
{"target": -0.3530792606346634, "params": {"model__colsample_bylevel": 1.0, "model__colsample_bynode": 1.0, "model__colsample_bytree": 0.4722455743100637, "model__learning_rate": 0.3, "model__max_depth": 3.50443065658855, "model__n_estimators": 22.300210924407928, "model__reg_lambda": 7.432116673076272}, "datetime": {"datetime": "2021-03-23 10:25:22", "elapsed": 100.871583, "delta": 1.317989}}
{"target": -0.37000424999379267, "params": {"model__colsample_bylevel": 0.9205577612410287, "model__colsample_bynode": 0.3360789521949381, "model__colsample_bytree": 0.9688343829978256, "model__learning_rate": 0.2228372445552852, "model__max_depth": 4.77445161680544, "model__n_estimators": 17.78976934963485, "model__reg_lambda": 5.643892406334782}, "datetime": {"datetime": "2021-03-23 10:25:23", "elapsed": 101.893501, "delta": 1.021918}}
{"target": -0.392742186261044, "params": {"model__colsample_bylevel": 0.547564076369622, "model__colsample_bynode": 0.3, "model__colsample_bytree": 0.3, "model__learning_rate": 0.3, "model__max_depth": 6.448381787382998, "model__n_estimators": 15.311159630859182, "model__reg_lambda": 5.541515170925194}, "datetime": {"datetime": "2021-03-23 10:25:24", "elapsed": 103.015097, "delta": 1.121596}}
{"target": -0.38993135490927144, "params": {"model__colsample_bylevel": 0.8325059612152397, "model__colsample_bynode": 0.3553849836879941, "model__colsample_bytree": 0.3, "model__learning_rate": 0.3, "model__max_depth": 2.0352104634881885, "model__n_estimators": 27.5418389657743, "model__reg_lambda": 7.933123169044967}, "datetime": {"datetime": "2021-03-23 10:25:26", "elapsed": 104.232063, "delta": 1.216966}}
{"target": -0.3998660439098983, "params": {"model__colsample_bylevel": 0.9930349328845103, "model__colsample_bynode": 0.7547801344295946, "model__colsample_bytree": 0.9978941040867952, "model__learning_rate": 0.19419316545784826, "model__max_depth": 2.003538230890467, "model__n_estimators": 27.609904910615665, "model__reg_lambda": 9.962069631427038}, "datetime": {"datetime": "2021-03-23 10:25:27", "elapsed": 105.52097, "delta": 1.288907}}
{"target": -0.36880285968747584, "params": {"model__colsample_bylevel": 0.3449643268172674, "model__colsample_bynode": 0.33763247913046457, "model__colsample_bytree": 0.8517233138594458, "model__learning_rate": 0.15328430726902398, "model__max_depth": 7.8031911903718125, "model__n_estimators": 25.439127832754963, "model__reg_lambda": 2.270787186977856}, "datetime": {"datetime": "2021-03-23 10:25:28", "elapsed": 106.734328, "delta": 1.213358}}
