{"target": -0.36765094425772193, "params": {"model__colsample_bylevel": 0.5798231824380045, "model__colsample_bynode": 0.9899122285696411, "model__colsample_bytree": 0.4774952834387126, "model__learning_rate": 0.25106786479472265, "model__max_depth": 4.436357453829759, "model__n_estimators": 19.72844903945682, "model__reg_lambda": 7.705159221072094}, "datetime": {"datetime": "2021-03-23 10:23:48", "elapsed": 6.692151, "delta": 0.120933}}
{"target": -0.36963713282341326, "params": {"model__colsample_bylevel": 0.6149024037576569, "model__colsample_bynode": 0.7970601762740899, "model__colsample_bytree": 0.4555403075808654, "model__learning_rate": 0.26476738246878556, "model__max_depth": 6.3006447069266285, "model__n_estimators": 22.48861984031197, "model__reg_lambda": 7.91551010046181}, "datetime": {"datetime": "2021-03-23 10:23:48", "elapsed": 6.817453, "delta": 0.125302}}
{"target": -0.3536082509810618, "params": {"model__colsample_bylevel": 0.9437937215686736, "model__colsample_bynode": 0.8511722448868555, "model__colsample_bytree": 0.5084857837350747, "model__learning_rate": 0.24346701302396254, "model__max_depth": 5.690340786662006, "model__n_estimators": 27.619845335231588, "model__reg_lambda": 4.0456797253845265}, "datetime": {"datetime": "2021-03-23 10:23:48", "elapsed": 7.010464, "delta": 0.193011}}
{"target": -0.3586575493692299, "params": {"model__colsample_bylevel": 0.6173529449301774, "model__colsample_bynode": 0.3656352091501882, "model__colsample_bytree": 0.45305055880659917, "model__learning_rate": 0.20586849821836273, "model__max_depth": 5.173197962934258, "model__n_estimators": 25.696146745858105, "model__reg_lambda": 2.863925264426952}, "datetime": {"datetime": "2021-03-23 10:23:49", "elapsed": 7.115331, "delta": 0.104867}}
{"target": -0.4453899025593115, "params": {"model__colsample_bylevel": 0.3812502817792496, "model__colsample_bynode": 0.43107613084910207, "model__colsample_bytree": 0.6036033759584388, "model__learning_rate": 0.13710847453713484, "model__max_depth": 2.7407946095138094, "model__n_estimators": 25.875381462387566, "model__reg_lambda": 9.101677556132595}, "datetime": {"datetime": "2021-03-23 10:23:49", "elapsed": 7.2182, "delta": 0.102869}}
{"target": -0.4043842697421602, "params": {"model__colsample_bylevel": 0.3426383940311504, "model__colsample_bynode": 0.3292770968669983, "model__colsample_bytree": 0.49999974247633633, "model__learning_rate": 0.21592871225493404, "model__max_depth": 7.629568478689846, "model__n_estimators": 23.72527860523467, "model__reg_lambda": 6.7998375849329875}, "datetime": {"datetime": "2021-03-23 10:23:49", "elapsed": 7.31732, "delta": 0.09912}}
{"target": -0.35025683751876424, "params": {"model__colsample_bylevel": 0.3, "model__colsample_bynode": 1.0, "model__colsample_bytree": 0.3, "model__learning_rate": 0.3, "model__max_depth": 8.0, "model__n_estimators": 30.0, "model__reg_lambda": 10.0}, "datetime": {"datetime": "2021-03-23 10:23:49", "elapsed": 8.036524, "delta": 0.719204}}
{"target": -0.3862489526976655, "params": {"model__colsample_bylevel": 1.0, "model__colsample_bynode": 1.0, "model__colsample_bytree": 1.0, "model__learning_rate": 0.3, "model__max_depth": 8.0, "model__n_estimators": 15.0, "model__reg_lambda": 10.0}, "datetime": {"datetime": "2021-03-23 10:23:50", "elapsed": 8.839607, "delta": 0.803083}}
{"target": -0.3663064841481357, "params": {"model__colsample_bylevel": 1.0, "model__colsample_bynode": 1.0, "model__colsample_bytree": 0.3, "model__learning_rate": 0.3, "model__max_depth": 2.0, "model__n_estimators": 30.0, "model__reg_lambda": 10.0}, "datetime": {"datetime": "2021-03-23 10:23:51", "elapsed": 9.519069, "delta": 0.679462}}
{"target": -0.3297042209202883, "params": {"model__colsample_bylevel": 0.8049515999615287, "model__colsample_bynode": 0.5508634955713416, "model__colsample_bytree": 0.8058414120249198, "model__learning_rate": 0.2745384535651092, "model__max_depth": 2.067084127387822, "model__n_estimators": 29.768436096941983, "model__reg_lambda": 1.123705954959321}, "datetime": {"datetime": "2021-03-23 10:23:52", "elapsed": 10.290676, "delta": 0.771607}}
{"target": -0.31787803937863235, "params": {"model__colsample_bylevel": 0.3, "model__colsample_bynode": 0.3, "model__colsample_bytree": 1.0, "model__learning_rate": 0.3, "model__max_depth": 8.0, "model__n_estimators": 30.0, "model__reg_lambda": 6.096940272439727}, "datetime": {"datetime": "2021-03-23 10:23:53", "elapsed": 11.143097, "delta": 0.852421}}
{"target": -0.34426282977455874, "params": {"model__colsample_bylevel": 0.39345494505726913, "model__colsample_bynode": 0.7865809014437817, "model__colsample_bytree": 0.8347027014707971, "model__learning_rate": 0.2574102977895615, "model__max_depth": 2.010760991483479, "model__n_estimators": 29.97934326517494, "model__reg_lambda": 5.179122193465556}, "datetime": {"datetime": "2021-03-23 10:23:53", "elapsed": 11.94254, "delta": 0.799443}}
{"target": -0.3839706937073852, "params": {"model__colsample_bylevel": 1.0, "model__colsample_bynode": 1.0, "model__colsample_bytree": 1.0, "model__learning_rate": 0.3, "model__max_depth": 2.0, "model__n_estimators": 21.56949591865185, "model__reg_lambda": 10.0}, "datetime": {"datetime": "2021-03-23 10:23:54", "elapsed": 12.741492, "delta": 0.798952}}
{"target": -0.3581453759412187, "params": {"model__colsample_bylevel": 1.0, "model__colsample_bynode": 0.999999987958863, "model__colsample_bytree": 1.0, "model__learning_rate": 0.3, "model__max_depth": 6.730239638617033, "model__n_estimators": 16.45302951374379, "model__reg_lambda": 6.096043733997828}, "datetime": {"datetime": "2021-03-23 10:23:55", "elapsed": 13.616508, "delta": 0.875016}}
{"target": -0.3201770879755107, "params": {"model__colsample_bylevel": 1.0, "model__colsample_bynode": 0.3, "model__colsample_bytree": 1.0, "model__learning_rate": 0.3, "model__max_depth": 7.185138772683078, "model__n_estimators": 20.63214353849873, "model__reg_lambda": 3.7223174806679036}, "datetime": {"datetime": "2021-03-23 10:23:56", "elapsed": 14.494892, "delta": 0.878384}}
{"target": -0.32549000952959706, "params": {"model__colsample_bylevel": 1.0, "model__colsample_bynode": 0.3, "model__colsample_bytree": 1.0, "model__learning_rate": 0.3, "model__max_depth": 5.37619744771802, "model__n_estimators": 30.0, "model__reg_lambda": 10.0}, "datetime": {"datetime": "2021-03-23 10:23:57", "elapsed": 15.208489, "delta": 0.713597}}
{"target": -0.3426729245291874, "params": {"model__colsample_bylevel": 1.0, "model__colsample_bynode": 0.3, "model__colsample_bytree": 0.3, "model__learning_rate": 0.3, "model__max_depth": 3.1564201592818493, "model__n_estimators": 18.390420568290256, "model__reg_lambda": 0.0}, "datetime": {"datetime": "2021-03-23 10:23:57", "elapsed": 15.873788, "delta": 0.665299}}
{"target": -0.346906130743024, "params": {"model__colsample_bylevel": 0.9999999987538234, "model__colsample_bynode": 1.0, "model__colsample_bytree": 0.9999999987538234, "model__learning_rate": 0.3, "model__max_depth": 7.999999994614919, "model__n_estimators": 25.735482056206703, "model__reg_lambda": 8.511279942002034}, "datetime": {"datetime": "2021-03-23 10:23:58", "elapsed": 16.805701, "delta": 0.931913}}
{"target": -0.337406454200222, "params": {"model__colsample_bylevel": 0.3, "model__colsample_bynode": 0.3, "model__colsample_bytree": 1.0, "model__learning_rate": 0.3, "model__max_depth": 6.671743853293108, "model__n_estimators": 15.0, "model__reg_lambda": 4.146867911266859}, "datetime": {"datetime": "2021-03-23 10:23:59", "elapsed": 17.536709, "delta": 0.731008}}
{"target": -0.3706379829966666, "params": {"model__colsample_bylevel": 0.3159649422642062, "model__colsample_bynode": 0.5739233116794713, "model__colsample_bytree": 0.4176923980405708, "model__learning_rate": 0.25443071878395895, "model__max_depth": 5.379308668186765, "model__n_estimators": 29.871631822136447, "model__reg_lambda": 7.976945964989025}, "datetime": {"datetime": "2021-03-23 10:24:00", "elapsed": 18.259829, "delta": 0.72312}}
{"target": -0.3062901208079353, "params": {"model__colsample_bylevel": 0.844148246663063, "model__colsample_bynode": 0.5022074478150271, "model__colsample_bytree": 0.9602877086142629, "model__learning_rate": 0.296351819389577, "model__max_depth": 4.35639609529071, "model__n_estimators": 15.154464312620107, "model__reg_lambda": 0.19660698261366183}, "datetime": {"datetime": "2021-03-23 10:24:00", "elapsed": 19.005516, "delta": 0.745687}}
{"target": -0.3625019347287151, "params": {"model__colsample_bylevel": 0.5012540135550767, "model__colsample_bynode": 0.9984186928595478, "model__colsample_bytree": 0.5082279793615946, "model__learning_rate": 0.2683473360130829, "model__max_depth": 2.983807065956184, "model__n_estimators": 28.93122910579197, "model__reg_lambda": 0.03491065086638989}, "datetime": {"datetime": "2021-03-23 10:24:01", "elapsed": 19.658394, "delta": 0.652878}}
{"target": -0.37609666294310296, "params": {"model__colsample_bylevel": 0.8890009673883101, "model__colsample_bynode": 0.7000181706375355, "model__colsample_bytree": 0.8175554403992662, "model__learning_rate": 0.27570230305282983, "model__max_depth": 7.833908500111299, "model__n_estimators": 19.24542997958336, "model__reg_lambda": 9.898504359287548}, "datetime": {"datetime": "2021-03-23 10:24:02", "elapsed": 20.45073, "delta": 0.792336}}
{"target": -0.34975987173063483, "params": {"model__colsample_bylevel": 0.6355937135824437, "model__colsample_bynode": 0.7036028245264114, "model__colsample_bytree": 0.9983108600317196, "model__learning_rate": 0.18536539596511636, "model__max_depth": 3.4910494558777434, "model__n_estimators": 29.939909016404542, "model__reg_lambda": 2.682974762592585}, "datetime": {"datetime": "2021-03-23 10:24:03", "elapsed": 21.222476, "delta": 0.771746}}
{"target": -0.3659724201261322, "params": {"model__colsample_bylevel": 0.7712828464579502, "model__colsample_bynode": 0.9809888614971034, "model__colsample_bytree": 0.9858068258338064, "model__learning_rate": 0.2637670641389389, "model__max_depth": 7.906519114352298, "model__n_estimators": 27.45065770427956, "model__reg_lambda": 2.903533298258779}, "datetime": {"datetime": "2021-03-23 10:24:04", "elapsed": 22.15522, "delta": 0.932744}}
{"target": -0.35025683751876424, "params": {"model__colsample_bylevel": 1.0, "model__colsample_bynode": 0.3, "model__colsample_bytree": 0.3, "model__learning_rate": 0.3, "model__max_depth": 7.67723831009091, "model__n_estimators": 29.999999987659958, "model__reg_lambda": 9.999999986976038}, "datetime": {"datetime": "2021-03-23 10:24:04", "elapsed": 22.865276, "delta": 0.710056}}
{"target": -0.33081057116590046, "params": {"model__colsample_bylevel": 0.9616599483198662, "model__colsample_bynode": 0.32617996476522715, "model__colsample_bytree": 0.546199521207582, "model__learning_rate": 0.2966421328029283, "model__max_depth": 5.436662867959053, "model__n_estimators": 22.555910697792648, "model__reg_lambda": 0.6006795079242877}, "datetime": {"datetime": "2021-03-23 10:24:05", "elapsed": 23.587875, "delta": 0.722599}}
{"target": -0.3322436537468752, "params": {"model__colsample_bylevel": 1.0, "model__colsample_bynode": 0.30000000007988004, "model__colsample_bytree": 0.3, "model__learning_rate": 0.3, "model__max_depth": 7.961007431754888, "model__n_estimators": 29.865996940346452, "model__reg_lambda": 2.6151224429125075}, "datetime": {"datetime": "2021-03-23 10:24:06", "elapsed": 24.290469, "delta": 0.702594}}
{"target": -0.3731459052430169, "params": {"model__colsample_bylevel": 0.9034236910637015, "model__colsample_bynode": 0.43437151504862004, "model__colsample_bytree": 0.8661556610264571, "model__learning_rate": 0.2895781648267054, "model__max_depth": 7.79096826564348, "model__n_estimators": 15.004295719251669, "model__reg_lambda": 0.09811646038203836}, "datetime": {"datetime": "2021-03-23 10:24:07", "elapsed": 25.059118, "delta": 0.768649}}
{"target": -0.35985851711863515, "params": {"model__colsample_bylevel": 1.0, "model__colsample_bynode": 1.0, "model__colsample_bytree": 1.0, "model__learning_rate": 0.3, "model__max_depth": 4.750228864402132, "model__n_estimators": 22.371628171191933, "model__reg_lambda": 10.0}, "datetime": {"datetime": "2021-03-23 10:24:07", "elapsed": 25.90271, "delta": 0.843592}}
{"target": -0.3240007073557733, "params": {"model__colsample_bylevel": 0.30000000012504663, "model__colsample_bynode": 0.46955118739041557, "model__colsample_bytree": 0.9999999998578828, "model__learning_rate": 0.3, "model__max_depth": 8.0, "model__n_estimators": 28.349051780689706, "model__reg_lambda": 8.389761527183696}, "datetime": {"datetime": "2021-03-23 10:24:08", "elapsed": 26.64065, "delta": 0.73794}}
{"target": -0.37202008505471207, "params": {"model__colsample_bylevel": 0.9882223039945959, "model__colsample_bynode": 0.7969994555106503, "model__colsample_bytree": 0.9756082611341748, "model__learning_rate": 0.26564735053358923, "model__max_depth": 5.668147680161179, "model__n_estimators": 29.784136624991923, "model__reg_lambda": 0.15713865313472075}, "datetime": {"datetime": "2021-03-23 10:24:09", "elapsed": 27.550759, "delta": 0.910109}}
{"target": -0.3629788197524697, "params": {"model__colsample_bylevel": 1.0, "model__colsample_bynode": 1.0, "model__colsample_bytree": 1.0, "model__learning_rate": 0.3, "model__max_depth": 4.346375615437103, "model__n_estimators": 19.885189529797792, "model__reg_lambda": 2.1432783224854393}, "datetime": {"datetime": "2021-03-23 10:24:10", "elapsed": 28.379251, "delta": 0.828492}}
{"target": -0.37120903075024814, "params": {"model__colsample_bylevel": 0.45038201364562935, "model__colsample_bynode": 0.3049984389701754, "model__colsample_bytree": 0.39085851132649274, "model__learning_rate": 0.29794043347980514, "model__max_depth": 4.311325198830849, "model__n_estimators": 16.814153300454507, "model__reg_lambda": 1.0976741990819383}, "datetime": {"datetime": "2021-03-23 10:24:10", "elapsed": 29.011497, "delta": 0.632246}}
{"target": -0.362205397868124, "params": {"model__colsample_bylevel": 0.3, "model__colsample_bynode": 0.3, "model__colsample_bytree": 1.0, "model__learning_rate": 0.3, "model__max_depth": 3.076681933455399, "model__n_estimators": 19.901435843023332, "model__reg_lambda": 10.0}, "datetime": {"datetime": "2021-03-23 10:24:11", "elapsed": 29.757541, "delta": 0.746044}}
{"target": -0.35210264204137454, "params": {"model__colsample_bylevel": 0.3091379865720046, "model__colsample_bynode": 0.9999999994820264, "model__colsample_bytree": 0.9851577468737912, "model__learning_rate": 0.3, "model__max_depth": 6.163310307040467, "model__n_estimators": 19.404280310457978, "model__reg_lambda": 4.340984296525604}, "datetime": {"datetime": "2021-03-23 10:24:12", "elapsed": 30.486584, "delta": 0.729043}}
{"target": -0.3540461445281255, "params": {"model__colsample_bylevel": 1.0, "model__colsample_bynode": 0.3, "model__colsample_bytree": 1.0, "model__learning_rate": 0.3, "model__max_depth": 8.0, "model__n_estimators": 15.0, "model__reg_lambda": 7.074629146051981}, "datetime": {"datetime": "2021-03-23 10:24:13", "elapsed": 31.235248, "delta": 0.748664}}
{"target": -0.39463099855727146, "params": {"model__colsample_bylevel": 0.7847089338878299, "model__colsample_bynode": 0.6601248471431855, "model__colsample_bytree": 0.5911240368261371, "model__learning_rate": 0.20807376643285988, "model__max_depth": 2.187800264315391, "model__n_estimators": 15.461036502614883, "model__reg_lambda": 0.012846635698888775}, "datetime": {"datetime": "2021-03-23 10:24:13", "elapsed": 31.994263, "delta": 0.759015}}
{"target": -0.3693955416750649, "params": {"model__colsample_bylevel": 0.3634622444388548, "model__colsample_bynode": 0.32723558893437776, "model__colsample_bytree": 0.542190390060057, "model__learning_rate": 0.20574382192513818, "model__max_depth": 6.518258251506423, "model__n_estimators": 29.96345111626333, "model__reg_lambda": 3.323016930803051}, "datetime": {"datetime": "2021-03-23 10:24:14", "elapsed": 32.631075, "delta": 0.636812}}
{"target": -0.34193185930700454, "params": {"model__colsample_bylevel": 0.9907420897178665, "model__colsample_bynode": 0.9997319646290201, "model__colsample_bytree": 0.6698619284272473, "model__learning_rate": 0.26984015116880833, "model__max_depth": 7.958322029979508, "model__n_estimators": 29.950799060434292, "model__reg_lambda": 5.993068398273236}, "datetime": {"datetime": "2021-03-23 10:24:15", "elapsed": 33.568079, "delta": 0.937004}}
{"target": -0.36044824172513207, "params": {"model__colsample_bylevel": 0.41259865570526894, "model__colsample_bynode": 0.8927267180858991, "model__colsample_bytree": 0.340112086423815, "model__learning_rate": 0.19198498995794833, "model__max_depth": 2.2316308578090265, "model__n_estimators": 29.942748411388735, "model__reg_lambda": 2.1674177477813537}, "datetime": {"datetime": "2021-03-23 10:24:16", "elapsed": 34.266761, "delta": 0.698682}}
{"target": -0.3603823289619354, "params": {"model__colsample_bylevel": 0.9668380042586355, "model__colsample_bynode": 0.31701473877212455, "model__colsample_bytree": 0.8743908627515471, "model__learning_rate": 0.20224775161307507, "model__max_depth": 2.0855744526179834, "model__n_estimators": 29.731253799472356, "model__reg_lambda": 7.437330941699097}, "datetime": {"datetime": "2021-03-23 10:24:17", "elapsed": 35.143502, "delta": 0.876741}}
{"target": -0.34990718873619253, "params": {"model__colsample_bylevel": 0.9971773202589027, "model__colsample_bynode": 0.7989539633212561, "model__colsample_bytree": 0.9902743667149752, "model__learning_rate": 0.29975036252493886, "model__max_depth": 2.1328397399435, "model__n_estimators": 26.6879493459887, "model__reg_lambda": 6.000939424107843}, "datetime": {"datetime": "2021-03-23 10:24:17", "elapsed": 35.86093, "delta": 0.717428}}
{"target": -0.35837614112044347, "params": {"model__colsample_bylevel": 0.3452609250216306, "model__colsample_bynode": 0.9965161857241633, "model__colsample_bytree": 0.5151920755338482, "model__learning_rate": 0.29624698581178077, "model__max_depth": 6.010464983726101, "model__n_estimators": 24.565664432542917, "model__reg_lambda": 0.04223544261649392}, "datetime": {"datetime": "2021-03-23 10:24:18", "elapsed": 36.519386, "delta": 0.658456}}
{"target": -0.3379625131200621, "params": {"model__colsample_bylevel": 1.0, "model__colsample_bynode": 0.3, "model__colsample_bytree": 1.0, "model__learning_rate": 0.3, "model__max_depth": 5.6322210935938, "model__n_estimators": 20.170651249360525, "model__reg_lambda": 7.139405053992162}, "datetime": {"datetime": "2021-03-23 10:24:19", "elapsed": 37.268787, "delta": 0.749401}}
{"target": -0.3662592351601959, "params": {"model__colsample_bylevel": 0.5059127810625064, "model__colsample_bynode": 0.35900731805638036, "model__colsample_bytree": 0.3174130084528537, "model__learning_rate": 0.2537966833963332, "model__max_depth": 7.572247973289979, "model__n_estimators": 20.67689852841339, "model__reg_lambda": 1.2338649207541108}, "datetime": {"datetime": "2021-03-23 10:24:20", "elapsed": 38.111524, "delta": 0.842737}}
{"target": -0.3299109742956268, "params": {"model__colsample_bylevel": 0.9999999986855556, "model__colsample_bynode": 0.3, "model__colsample_bytree": 0.3, "model__learning_rate": 0.3, "model__max_depth": 2.8170872634761768, "model__n_estimators": 30.0, "model__reg_lambda": 0.0}, "datetime": {"datetime": "2021-03-23 10:24:20", "elapsed": 38.813983, "delta": 0.702459}}
{"target": -0.3508946669045026, "params": {"model__colsample_bylevel": 0.3409970888281798, "model__colsample_bynode": 0.6975591730976356, "model__colsample_bytree": 0.9285236278850879, "model__learning_rate": 0.23219363115649436, "model__max_depth": 7.620558607930553, "model__n_estimators": 22.66984507667298, "model__reg_lambda": 9.885984440639774}, "datetime": {"datetime": "2021-03-23 10:24:21", "elapsed": 39.844924, "delta": 1.030941}}
{"target": -0.3439437562680762, "params": {"model__colsample_bylevel": 0.5675578028247991, "model__colsample_bynode": 0.3631432424160135, "model__colsample_bytree": 0.49004576216979934, "model__learning_rate": 0.2971840167418498, "model__max_depth": 2.851973089865158, "model__n_estimators": 22.708268412713252, "model__reg_lambda": 7.027563127056824}, "datetime": {"datetime": "2021-03-23 10:24:22", "elapsed": 40.932939, "delta": 1.088015}}
{"target": -0.34507177353742113, "params": {"model__colsample_bylevel": 0.3249100627725095, "model__colsample_bynode": 0.7741187582212276, "model__colsample_bytree": 0.32778017974057605, "model__learning_rate": 0.2977167037325069, "model__max_depth": 4.183361884592757, "model__n_estimators": 19.616369801635397, "model__reg_lambda": 0.36858169158295984}, "datetime": {"datetime": "2021-03-23 10:24:23", "elapsed": 41.981893, "delta": 1.048954}}
{"target": -0.32142062689337136, "params": {"model__colsample_bylevel": 0.30000000561109375, "model__colsample_bynode": 0.3, "model__colsample_bytree": 1.0, "model__learning_rate": 0.3, "model__max_depth": 2.8420928676024637, "model__n_estimators": 27.6335724728204, "model__reg_lambda": 0.14796969923579129}, "datetime": {"datetime": "2021-03-23 10:24:25", "elapsed": 43.247022, "delta": 1.265129}}
{"target": -0.3335916890018701, "params": {"model__colsample_bylevel": 0.4754908966266952, "model__colsample_bynode": 0.45310259999818786, "model__colsample_bytree": 0.98862575821581, "model__learning_rate": 0.2882013875786622, "model__max_depth": 5.134698046156994, "model__n_estimators": 22.71473371779622, "model__reg_lambda": 2.1657893218018676}, "datetime": {"datetime": "2021-03-23 10:24:26", "elapsed": 44.247686, "delta": 1.000664}}
{"target": -0.32255393263472215, "params": {"model__colsample_bylevel": 1.0, "model__colsample_bynode": 0.9837525266215653, "model__colsample_bytree": 0.3, "model__learning_rate": 0.3, "model__max_depth": 6.199746030715857, "model__n_estimators": 19.376014934166562, "model__reg_lambda": 2.1056200584396314}, "datetime": {"datetime": "2021-03-23 10:24:27", "elapsed": 45.592861, "delta": 1.345175}}
