{"target": -0.3422739101047425, "params": {"model__colsample_bylevel": 0.9926146646349625, "model__colsample_bynode": 0.4898175404559175, "model__colsample_bytree": 0.9915405537491113, "model__learning_rate": 0.2453686374462623, "model__max_depth": 7.950969266059657, "model__n_estimators": 18.842147723506372, "model__reg_lambda": 5.6464551214773255}, "datetime": {"datetime": "2021-03-23 11:41:59", "elapsed": 161.209874, "delta": 1.76921}}
{"target": -0.3151362197966302, "params": {"model__colsample_bylevel": 0.30000000147621814, "model__colsample_bynode": 1.0, "model__colsample_bytree": 1.0, "model__learning_rate": 0.3, "model__max_depth": 8.0, "model__n_estimators": 22.225353544522708, "model__reg_lambda": 10.0}, "datetime": {"datetime": "2021-03-23 11:42:00", "elapsed": 162.646746, "delta": 1.436872}}
{"target": -0.3428457095071781, "params": {"model__colsample_bylevel": 0.3, "model__colsample_bynode": 1.0, "model__colsample_bytree": 1.0, "model__learning_rate": 0.3, "model__max_depth": 5.900343640868433, "model__n_estimators": 15.0, "model__reg_lambda": 10.0}, "datetime": {"datetime": "2021-03-23 11:42:02", "elapsed": 164.46855, "delta": 1.821804}}
{"target": -0.32926517997554544, "params": {"model__colsample_bylevel": 0.9993829151987705, "model__colsample_bynode": 0.35218132950285497, "model__colsample_bytree": 0.985694231326605, "model__learning_rate": 0.2787222225716226, "model__max_depth": 3.166826561353368, "model__n_estimators": 29.739991332909668, "model__reg_lambda": 3.9971563637465235}, "datetime": {"datetime": "2021-03-23 11:42:04", "elapsed": 165.762564, "delta": 1.294014}}
{"target": -0.32905956919075574, "params": {"model__colsample_bylevel": 0.6380241851948861, "model__colsample_bynode": 1.0, "model__colsample_bytree": 0.4255872959096242, "model__learning_rate": 0.3, "model__max_depth": 3.5882143635670762, "model__n_estimators": 30.0, "model__reg_lambda": 8.587952736653078}, "datetime": {"datetime": "2021-03-23 11:42:05", "elapsed": 166.821553, "delta": 1.058989}}
{"target": -0.3233318675191317, "params": {"model__colsample_bylevel": 0.37222910021707, "model__colsample_bynode": 0.9254608542860638, "model__colsample_bytree": 0.8970287250568949, "model__learning_rate": 0.29272019591401677, "model__max_depth": 5.752091190142201, "model__n_estimators": 21.59229847180864, "model__reg_lambda": 5.462200857231107}, "datetime": {"datetime": "2021-03-23 11:42:06", "elapsed": 168.042372, "delta": 1.220819}}
{"target": -0.3491768744704145, "params": {"model__colsample_bylevel": 1.0, "model__colsample_bynode": 0.9999999853925076, "model__colsample_bytree": 1.0, "model__learning_rate": 0.3, "model__max_depth": 8.0, "model__n_estimators": 24.441616858306794, "model__reg_lambda": 1.5068938963826302}, "datetime": {"datetime": "2021-03-23 11:42:07", "elapsed": 169.407507, "delta": 1.365135}}
{"target": -0.31313525041855494, "params": {"model__colsample_bylevel": 0.7847218613992002, "model__colsample_bynode": 0.3656357001898316, "model__colsample_bytree": 0.9903095641096857, "model__learning_rate": 0.294165675315219, "model__max_depth": 7.984823753650971, "model__n_estimators": 21.89972452391702, "model__reg_lambda": 5.219977891457249}, "datetime": {"datetime": "2021-03-23 11:42:09", "elapsed": 170.784341, "delta": 1.376834}}
{"target": -0.37010814938390546, "params": {"model__colsample_bylevel": 0.6460621592822734, "model__colsample_bynode": 0.4604682728074233, "model__colsample_bytree": 0.35621989791024056, "model__learning_rate": 0.29908995249841175, "model__max_depth": 6.4042730738920675, "model__n_estimators": 29.9746227414414, "model__reg_lambda": 0.057539156208500364}, "datetime": {"datetime": "2021-03-23 11:42:10", "elapsed": 172.091737, "delta": 1.307396}}
{"target": -0.3221650161571207, "params": {"model__colsample_bylevel": 0.9208844005528991, "model__colsample_bynode": 0.559047505304556, "model__colsample_bytree": 0.9236670087387353, "model__learning_rate": 0.1295522644961624, "model__max_depth": 6.334998510973726, "model__n_estimators": 29.679665104671415, "model__reg_lambda": 0.9562578447413461}, "datetime": {"datetime": "2021-03-23 11:42:11", "elapsed": 173.620879, "delta": 1.529142}}
{"target": -0.3151362197966302, "params": {"model__colsample_bylevel": 1.0, "model__colsample_bynode": 0.3, "model__colsample_bytree": 1.0, "model__learning_rate": 0.3, "model__max_depth": 7.574102376047641, "model__n_estimators": 22.28241265832728, "model__reg_lambda": 10.0}, "datetime": {"datetime": "2021-03-23 11:42:13", "elapsed": 175.101459, "delta": 1.48058}}
{"target": -0.37625624817877035, "params": {"model__colsample_bylevel": 0.3163580255450798, "model__colsample_bynode": 0.9752787050280791, "model__colsample_bytree": 0.36270894110288987, "model__learning_rate": 0.2889512415445954, "model__max_depth": 2.0948251071006267, "model__n_estimators": 21.281421081925902, "model__reg_lambda": 5.711580539122317}, "datetime": {"datetime": "2021-03-23 11:42:14", "elapsed": 176.319301, "delta": 1.217842}}
{"target": -0.37222888812496985, "params": {"model__colsample_bylevel": 1.0, "model__colsample_bynode": 0.3000000029788653, "model__colsample_bytree": 0.3, "model__learning_rate": 0.3, "model__max_depth": 2.0, "model__n_estimators": 25.84590580370211, "model__reg_lambda": 4.423936889468247}, "datetime": {"datetime": "2021-03-23 11:42:15", "elapsed": 177.671131, "delta": 1.35183}}
{"target": -0.3669377276700908, "params": {"model__colsample_bylevel": 0.39425773402857217, "model__colsample_bynode": 0.3, "model__colsample_bytree": 1.0, "model__learning_rate": 0.3, "model__max_depth": 3.308761984651219, "model__n_estimators": 22.326496340627937, "model__reg_lambda": 10.0}, "datetime": {"datetime": "2021-03-23 11:42:17", "elapsed": 179.169735, "delta": 1.498604}}
{"target": -0.30677309550186344, "params": {"model__colsample_bylevel": 0.8330439717414193, "model__colsample_bynode": 0.9983157413643866, "model__colsample_bytree": 0.9798680045310055, "model__learning_rate": 0.29734164456487777, "model__max_depth": 3.535754171800443, "model__n_estimators": 25.537590106717083, "model__reg_lambda": 5.804517264189122}, "datetime": {"datetime": "2021-03-23 11:42:18", "elapsed": 180.502245, "delta": 1.33251}}
{"target": -0.30529934317194113, "params": {"model__colsample_bylevel": 0.9203724685242616, "model__colsample_bynode": 0.9661259732836514, "model__colsample_bytree": 0.8388392519197327, "model__learning_rate": 0.27166586050451447, "model__max_depth": 2.9292796333704074, "model__n_estimators": 25.56870108965601, "model__reg_lambda": 0.5271513842794351}, "datetime": {"datetime": "2021-03-23 11:42:20", "elapsed": 182.049036, "delta": 1.546791}}
{"target": -0.3277722176852758, "params": {"model__colsample_bylevel": 0.32073897649223143, "model__colsample_bynode": 0.622534030702782, "model__colsample_bytree": 0.9976572325623296, "model__learning_rate": 0.1339980684709776, "model__max_depth": 7.936696518684682, "model__n_estimators": 27.568112658044125, "model__reg_lambda": 1.2066324547212692}, "datetime": {"datetime": "2021-03-23 11:42:21", "elapsed": 183.263395, "delta": 1.214359}}
{"target": -0.31708964274932994, "params": {"model__colsample_bylevel": 0.9945437336184315, "model__colsample_bynode": 0.9679243548852263, "model__colsample_bytree": 0.9813704415243838, "model__learning_rate": 0.29507335603673257, "model__max_depth": 4.3958121715953515, "model__n_estimators": 25.71660078579653, "model__reg_lambda": 7.24692036150959}, "datetime": {"datetime": "2021-03-23 11:42:22", "elapsed": 184.626915, "delta": 1.36352}}
{"target": -0.3489483449867913, "params": {"model__colsample_bylevel": 0.990785164122628, "model__colsample_bynode": 0.905432247416178, "model__colsample_bytree": 0.9702577658346998, "model__learning_rate": 0.2714970251311833, "model__max_depth": 7.943121849921194, "model__n_estimators": 17.322824832047058, "model__reg_lambda": 5.06585720837737}, "datetime": {"datetime": "2021-03-23 11:42:24", "elapsed": 186.195363, "delta": 1.568448}}
{"target": -0.3125066019672279, "params": {"model__colsample_bylevel": 0.3000000769325479, "model__colsample_bynode": 1.0, "model__colsample_bytree": 1.0, "model__learning_rate": 0.3, "model__max_depth": 7.6630621242559664, "model__n_estimators": 26.98627511332767, "model__reg_lambda": 4.389045292241268}, "datetime": {"datetime": "2021-03-23 11:42:25", "elapsed": 187.386529, "delta": 1.191166}}
{"target": -0.31989205046337554, "params": {"model__colsample_bylevel": 0.9388996294834915, "model__colsample_bynode": 0.9367328461567179, "model__colsample_bytree": 0.42618546714917505, "model__learning_rate": 0.27077490222106115, "model__max_depth": 7.829713921851382, "model__n_estimators": 19.63646031688458, "model__reg_lambda": 0.4693592358585008}, "datetime": {"datetime": "2021-03-23 11:42:27", "elapsed": 188.810064, "delta": 1.423535}}
{"target": -0.35839182502603617, "params": {"model__colsample_bylevel": 0.3938491365571678, "model__colsample_bynode": 0.31321932308131445, "model__colsample_bytree": 0.32583201056454963, "model__learning_rate": 0.28518038801333856, "model__max_depth": 7.793812417142761, "model__n_estimators": 16.39356466055991, "model__reg_lambda": 1.3175808530352995}, "datetime": {"datetime": "2021-03-23 11:42:28", "elapsed": 190.173461, "delta": 1.363397}}
{"target": -0.3132740907767531, "params": {"model__colsample_bylevel": 0.3, "model__colsample_bynode": 1.0, "model__colsample_bytree": 1.0, "model__learning_rate": 0.3, "model__max_depth": 3.0270222976379055, "model__n_estimators": 30.0, "model__reg_lambda": 5.251920150304595}, "datetime": {"datetime": "2021-03-23 11:42:30", "elapsed": 191.796187, "delta": 1.622726}}
{"target": -0.308039508360789, "params": {"model__colsample_bylevel": 0.986788126847651, "model__colsample_bynode": 0.4115893463816792, "model__colsample_bytree": 0.9844935303882609, "model__learning_rate": 0.291577612689582, "model__max_depth": 4.490163279409431, "model__n_estimators": 23.535576953050743, "model__reg_lambda": 5.895284785379466}, "datetime": {"datetime": "2021-03-23 11:42:31", "elapsed": 193.257702, "delta": 1.461515}}
{"target": -0.3554430710043812, "params": {"model__colsample_bylevel": 0.4697695828296141, "model__colsample_bynode": 0.8963909452800067, "model__colsample_bytree": 0.43115887709964307, "model__learning_rate": 0.2972151231065403, "model__max_depth": 5.738741882542206, "model__n_estimators": 24.974495008429805, "model__reg_lambda": 9.998113396882026}, "datetime": {"datetime": "2021-03-23 11:42:32", "elapsed": 194.635708, "delta": 1.378006}}
{"target": -0.31262895914024097, "params": {"model__colsample_bylevel": 1.0, "model__colsample_bynode": 1.0, "model__colsample_bytree": 1.0, "model__learning_rate": 0.3, "model__max_depth": 8.0, "model__n_estimators": 23.411090268832897, "model__reg_lambda": 7.618189825035614}, "datetime": {"datetime": "2021-03-23 11:42:34", "elapsed": 196.309818, "delta": 1.67411}}
{"target": -0.32652790374156304, "params": {"model__colsample_bylevel": 0.9570081437312878, "model__colsample_bynode": 0.383618005047132, "model__colsample_bytree": 0.9889674417084071, "model__learning_rate": 0.26875368041325753, "model__max_depth": 5.566180560981891, "model__n_estimators": 29.939771039030802, "model__reg_lambda": 1.8983809083356873}, "datetime": {"datetime": "2021-03-23 11:42:35", "elapsed": 197.745951, "delta": 1.436133}}
{"target": -0.3106632826441521, "params": {"model__colsample_bylevel": 1.0, "model__colsample_bynode": 1.0, "model__colsample_bytree": 0.3, "model__learning_rate": 0.3, "model__max_depth": 8.0, "model__n_estimators": 22.511245430797956, "model__reg_lambda": 4.835908662614522}, "datetime": {"datetime": "2021-03-23 11:42:37", "elapsed": 199.265903, "delta": 1.519952}}
{"target": -0.3116317674537878, "params": {"model__colsample_bylevel": 0.3469789637111045, "model__colsample_bynode": 0.929782879176779, "model__colsample_bytree": 0.9826422517602131, "model__learning_rate": 0.29091795181215874, "model__max_depth": 4.668989396667987, "model__n_estimators": 16.236670066450237, "model__reg_lambda": 3.289683875567065}, "datetime": {"datetime": "2021-03-23 11:42:38", "elapsed": 200.619858, "delta": 1.353955}}
{"target": -0.3485956354849581, "params": {"model__colsample_bylevel": 0.7432645057067611, "model__colsample_bynode": 0.5276934989354705, "model__colsample_bytree": 0.9960287510514709, "model__learning_rate": 0.2795337034182227, "model__max_depth": 2.385347725903916, "model__n_estimators": 26.015141185395443, "model__reg_lambda": 2.5651055424745186}, "datetime": {"datetime": "2021-03-23 11:42:40", "elapsed": 202.085727, "delta": 1.465869}}
{"target": -0.30679869975580876, "params": {"model__colsample_bylevel": 0.9999999770911205, "model__colsample_bynode": 1.0, "model__colsample_bytree": 0.552565331917742, "model__learning_rate": 0.2999999959484467, "model__max_depth": 3.3972725653777087, "model__n_estimators": 27.761274491900938, "model__reg_lambda": 5.461462173682444}, "datetime": {"datetime": "2021-03-23 11:42:41", "elapsed": 203.651107, "delta": 1.56538}}
{"target": -0.3194442152622682, "params": {"model__colsample_bylevel": 0.9956826951845066, "model__colsample_bynode": 0.3028650683656553, "model__colsample_bytree": 0.9540666100648016, "model__learning_rate": 0.28861038523684457, "model__max_depth": 5.501656727276548, "model__n_estimators": 23.923225909050416, "model__reg_lambda": 1.6574309547276944}, "datetime": {"datetime": "2021-03-23 11:42:43", "elapsed": 205.466208, "delta": 1.815101}}
{"target": -0.3314256722984019, "params": {"model__colsample_bylevel": 0.9476683141484536, "model__colsample_bynode": 0.9131260297579602, "model__colsample_bytree": 0.6247824313399488, "model__learning_rate": 0.2891717753570397, "model__max_depth": 2.118642435645728, "model__n_estimators": 24.85255423886847, "model__reg_lambda": 0.9428765210952961}, "datetime": {"datetime": "2021-03-23 11:42:45", "elapsed": 206.9204, "delta": 1.454192}}
{"target": -0.36775899050753913, "params": {"model__colsample_bylevel": 0.3, "model__colsample_bynode": 0.5781828024188505, "model__colsample_bytree": 0.300000005795243, "model__learning_rate": 0.3, "model__max_depth": 5.198790549295279, "model__n_estimators": 15.0, "model__reg_lambda": 0.0}, "datetime": {"datetime": "2021-03-23 11:42:46", "elapsed": 208.200959, "delta": 1.280559}}
{"target": -0.33327675825761005, "params": {"model__colsample_bylevel": 0.537535626941249, "model__colsample_bynode": 0.9504043060452818, "model__colsample_bytree": 0.9869186296202943, "model__learning_rate": 0.2998639679752959, "model__max_depth": 6.595770340996256, "model__n_estimators": 16.736980855034904, "model__reg_lambda": 1.625508170553892}, "datetime": {"datetime": "2021-03-23 11:42:48", "elapsed": 209.931872, "delta": 1.730913}}
{"target": -0.336924606101061, "params": {"model__colsample_bylevel": 1.0, "model__colsample_bynode": 1.0, "model__colsample_bytree": 0.9999999999984946, "model__learning_rate": 0.3, "model__max_depth": 4.063450562562413, "model__n_estimators": 15.79232106545726, "model__reg_lambda": 3.1709383004182774}, "datetime": {"datetime": "2021-03-23 11:42:49", "elapsed": 211.623415, "delta": 1.691543}}
{"target": -0.33612827997763495, "params": {"model__colsample_bylevel": 0.9713355772958292, "model__colsample_bynode": 0.8299188320980404, "model__colsample_bytree": 0.9331100971665514, "model__learning_rate": 0.2856302476764727, "model__max_depth": 4.282767750352764, "model__n_estimators": 26.043891549094504, "model__reg_lambda": 1.3283297795844318}, "datetime": {"datetime": "2021-03-23 11:42:51", "elapsed": 213.115049, "delta": 1.491634}}
{"target": -0.3503020251291277, "params": {"model__colsample_bylevel": 0.8723302526530397, "model__colsample_bynode": 0.9122644925667527, "model__colsample_bytree": 0.37062939862203526, "model__learning_rate": 0.29719003246259523, "model__max_depth": 3.444207691410883, "model__n_estimators": 24.549910094736994, "model__reg_lambda": 7.422010470937086}, "datetime": {"datetime": "2021-03-23 11:42:52", "elapsed": 214.460187, "delta": 1.345138}}
{"target": -0.3193116752197966, "params": {"model__colsample_bylevel": 0.36630127240611954, "model__colsample_bynode": 0.3575719131621044, "model__colsample_bytree": 0.9963894422200561, "model__learning_rate": 0.2822738270866407, "model__max_depth": 2.6636538608317535, "model__n_estimators": 21.618595640424253, "model__reg_lambda": 3.6169086184114487}, "datetime": {"datetime": "2021-03-23 11:42:54", "elapsed": 215.894779, "delta": 1.434592}}
{"target": -0.37112312252714263, "params": {"model__colsample_bylevel": 0.8712449811235343, "model__colsample_bynode": 0.31263382049738553, "model__colsample_bytree": 0.5069299064424724, "model__learning_rate": 0.29609028317003633, "model__max_depth": 2.7601882791421275, "model__n_estimators": 20.61599715691782, "model__reg_lambda": 9.966910615599122}, "datetime": {"datetime": "2021-03-23 11:42:55", "elapsed": 217.519819, "delta": 1.62504}}
{"target": -0.32974000481746935, "params": {"model__colsample_bylevel": 1.0, "model__colsample_bynode": 0.903244561293573, "model__colsample_bytree": 0.3, "model__learning_rate": 0.3, "model__max_depth": 7.899122257467839, "model__n_estimators": 25.139373420816383, "model__reg_lambda": 7.92491337135942}, "datetime": {"datetime": "2021-03-23 11:42:57", "elapsed": 219.045631, "delta": 1.525812}}
{"target": -0.35957814909693236, "params": {"model__colsample_bylevel": 0.3, "model__colsample_bynode": 0.7080710090582711, "model__colsample_bytree": 1.0, "model__learning_rate": 0.3, "model__max_depth": 8.0, "model__n_estimators": 27.554720661537875, "model__reg_lambda": 9.999999999107596}, "datetime": {"datetime": "2021-03-23 11:42:58", "elapsed": 220.616703, "delta": 1.571072}}
{"target": -0.35813773699877516, "params": {"model__colsample_bylevel": 0.795746104182865, "model__colsample_bynode": 0.41409820868581737, "model__colsample_bytree": 0.35266991197940845, "model__learning_rate": 0.2937213829055958, "model__max_depth": 7.959836879542064, "model__n_estimators": 22.716696168647015, "model__reg_lambda": 1.6802817792797742}, "datetime": {"datetime": "2021-03-23 11:43:00", "elapsed": 222.174279, "delta": 1.557576}}
{"target": -0.3259438399522417, "params": {"model__colsample_bylevel": 0.9185525182651604, "model__colsample_bynode": 0.936548402032159, "model__colsample_bytree": 0.9257044031701533, "model__learning_rate": 0.29471720794731227, "model__max_depth": 7.994739611160861, "model__n_estimators": 20.884681649166332, "model__reg_lambda": 5.041845201443348}, "datetime": {"datetime": "2021-03-23 11:43:01", "elapsed": 223.64049, "delta": 1.466211}}
{"target": -0.3312142862665022, "params": {"model__colsample_bylevel": 0.3, "model__colsample_bynode": 0.9999999999315281, "model__colsample_bytree": 0.9999999997870479, "model__learning_rate": 0.3, "model__max_depth": 6.488108179403975, "model__n_estimators": 18.658490241616498, "model__reg_lambda": 3.321391700749876}, "datetime": {"datetime": "2021-03-23 11:43:03", "elapsed": 225.011272, "delta": 1.370782}}
{"target": -0.3704184455392154, "params": {"model__colsample_bylevel": 0.3380256161750203, "model__colsample_bynode": 0.9922543753497732, "model__colsample_bytree": 0.9795110167570635, "model__learning_rate": 0.10565335517789756, "model__max_depth": 6.855923202646969, "model__n_estimators": 29.964789274247295, "model__reg_lambda": 6.237535058055366}, "datetime": {"datetime": "2021-03-23 11:43:04", "elapsed": 226.607459, "delta": 1.596187}}
{"target": -0.308948976756411, "params": {"model__colsample_bylevel": 0.9427278370417602, "model__colsample_bynode": 0.9040832071049729, "model__colsample_bytree": 0.8696512340419975, "model__learning_rate": 0.2964101199457708, "model__max_depth": 7.125221151051518, "model__n_estimators": 28.032622484844754, "model__reg_lambda": 8.650160893191487}, "datetime": {"datetime": "2021-03-23 11:43:06", "elapsed": 228.405056, "delta": 1.797597}}
{"target": -0.3272036673104647, "params": {"model__colsample_bylevel": 0.7933079244067023, "model__colsample_bynode": 0.9618603299228512, "model__colsample_bytree": 0.3481073806488335, "model__learning_rate": 0.2986104819264206, "model__max_depth": 7.05955178422769, "model__n_estimators": 27.647861603903863, "model__reg_lambda": 5.62683287666678}, "datetime": {"datetime": "2021-03-23 11:43:08", "elapsed": 230.230118, "delta": 1.825062}}
{"target": -0.3194879297396519, "params": {"model__colsample_bylevel": 0.937268879009759, "model__colsample_bynode": 0.4268441886740447, "model__colsample_bytree": 0.5191848099405739, "model__learning_rate": 0.2764358275825288, "model__max_depth": 3.6849430859512387, "model__n_estimators": 29.928360596713183, "model__reg_lambda": 6.416678875002194}, "datetime": {"datetime": "2021-03-23 11:43:10", "elapsed": 232.145712, "delta": 1.915594}}
{"target": -0.3278213412350759, "params": {"model__colsample_bylevel": 0.3271387401723931, "model__colsample_bynode": 0.5917822815255425, "model__colsample_bytree": 0.9995175811583143, "model__learning_rate": 0.29622397931914435, "model__max_depth": 6.670154788048035, "model__n_estimators": 25.348184834599227, "model__reg_lambda": 1.0828074279691013}, "datetime": {"datetime": "2021-03-23 11:43:12", "elapsed": 233.892102, "delta": 1.74639}}
{"target": -0.3218886313534787, "params": {"model__colsample_bylevel": 0.6286706674974827, "model__colsample_bynode": 0.33675059512288114, "model__colsample_bytree": 0.9795759637000492, "model__learning_rate": 0.29536338331886103, "model__max_depth": 4.3167423987326625, "model__n_estimators": 21.68443577622902, "model__reg_lambda": 4.080258913223778}, "datetime": {"datetime": "2021-03-23 11:43:13", "elapsed": 235.739888, "delta": 1.847786}}
