{"target": -0.40879122968358195, "params": {"model__colsample_bylevel": 0.9005722896485118, "model__colsample_bynode": 0.5583279975276154, "model__colsample_bytree": 0.9292943127471143, "model__learning_rate": 0.1578195662504995, "model__max_depth": 4.281940885644073, "model__n_estimators": 16.640600890305116, "model__reg_lambda": 8.146246111896012}, "datetime": {"datetime": "2021-03-23 11:39:22", "elapsed": 4.058729, "delta": 0.091148}}
{"target": -0.39146876985990053, "params": {"model__colsample_bylevel": 0.9534398095322711, "model__colsample_bynode": 0.42817503247553923, "model__colsample_bytree": 0.5178389967922328, "model__learning_rate": 0.2349408086546986, "model__max_depth": 2.4746062530577846, "model__n_estimators": 15.490859914517099, "model__reg_lambda": 3.2657561880327557}, "datetime": {"datetime": "2021-03-23 11:39:22", "elapsed": 4.136744, "delta": 0.078015}}
{"target": -0.35588893988844605, "params": {"model__colsample_bylevel": 0.5706285360217014, "model__colsample_bynode": 0.6842771415696982, "model__colsample_bytree": 0.6870518207102555, "model__learning_rate": 0.16602543474194267, "model__max_depth": 4.553906607318516, "model__n_estimators": 18.777852885612205, "model__reg_lambda": 2.0263513230551347}, "datetime": {"datetime": "2021-03-23 11:39:22", "elapsed": 4.215935, "delta": 0.079191}}
{"target": -0.3379488104954362, "params": {"model__colsample_bylevel": 0.8442678591461368, "model__colsample_bynode": 0.3977149946980818, "model__colsample_bytree": 0.6158425941754111, "model__learning_rate": 0.1245045248421828, "model__max_depth": 6.897715409068526, "model__n_estimators": 27.65234893164894, "model__reg_lambda": 1.1477505735172433}, "datetime": {"datetime": "2021-03-23 11:39:22", "elapsed": 4.312795, "delta": 0.09686}}
{"target": -0.36739132554587517, "params": {"model__colsample_bylevel": 0.8046871964072875, "model__colsample_bynode": 0.9463208373893632, "model__colsample_bytree": 0.5702216525068842, "model__learning_rate": 0.25542256115422385, "model__max_depth": 7.543314227663024, "model__n_estimators": 15.074271146872483, "model__reg_lambda": 2.7258381373747875}, "datetime": {"datetime": "2021-03-23 11:39:22", "elapsed": 4.398689, "delta": 0.085894}}
{"target": -0.5158946809399387, "params": {"model__colsample_bylevel": 0.325563385911891, "model__colsample_bynode": 0.4394342284138872, "model__colsample_bytree": 0.3078454924320954, "model__learning_rate": 0.10977990666788635, "model__max_depth": 5.896055639118223, "model__n_estimators": 19.33085301818661, "model__reg_lambda": 8.44410233607059}, "datetime": {"datetime": "2021-03-23 11:39:22", "elapsed": 4.464101, "delta": 0.065412}}
{"target": -0.3540090835363051, "params": {"model__colsample_bylevel": 0.5333078077907257, "model__colsample_bynode": 0.9449148964303926, "model__colsample_bytree": 0.39197068792833056, "model__learning_rate": 0.2098009976534188, "model__max_depth": 3.7666070082368948, "model__n_estimators": 27.09229802758709, "model__reg_lambda": 3.376766038812906}, "datetime": {"datetime": "2021-03-23 11:39:22", "elapsed": 4.550388, "delta": 0.086287}}
{"target": -0.3192392281479324, "params": {"model__colsample_bylevel": 0.38472058045866103, "model__colsample_bynode": 0.6189182754661343, "model__colsample_bytree": 0.47491716651278293, "model__learning_rate": 0.24904662090967875, "model__max_depth": 6.41552028192452, "model__n_estimators": 15.15307284998927, "model__reg_lambda": 0.029919695529196932}, "datetime": {"datetime": "2021-03-23 11:39:22", "elapsed": 4.623412, "delta": 0.073024}}
{"target": -0.3475645063573197, "params": {"model__colsample_bylevel": 0.9426044924017256, "model__colsample_bynode": 0.5260125425777793, "model__colsample_bytree": 0.5074653319167783, "model__learning_rate": 0.15418522802672452, "model__max_depth": 3.474343666196627, "model__n_estimators": 26.630539663467353, "model__reg_lambda": 2.632384799456182}, "datetime": {"datetime": "2021-03-23 11:39:22", "elapsed": 4.704884, "delta": 0.081472}}
{"target": -0.340620496728714, "params": {"model__colsample_bylevel": 0.8032909797610204, "model__colsample_bynode": 0.7713021432027297, "model__colsample_bytree": 0.6853736563856032, "model__learning_rate": 0.23655460523720243, "model__max_depth": 3.0441975506001606, "model__n_estimators": 21.967771044500967, "model__reg_lambda": 4.939589109277965}, "datetime": {"datetime": "2021-03-23 11:39:23", "elapsed": 4.787849, "delta": 0.082965}}
{"target": -0.3792173020501176, "params": {"model__colsample_bylevel": 0.3191878877624776, "model__colsample_bynode": 0.4527668367686508, "model__colsample_bytree": 0.9533861738476699, "model__learning_rate": 0.23172885748318614, "model__max_depth": 7.871974941466348, "model__n_estimators": 20.539710627919593, "model__reg_lambda": 7.6239037960184355}, "datetime": {"datetime": "2021-03-23 11:39:23", "elapsed": 4.870225, "delta": 0.082376}}
{"target": -0.4175966157780393, "params": {"model__colsample_bylevel": 0.7197656118669662, "model__colsample_bynode": 0.7214646750503465, "model__colsample_bytree": 0.37931534877147977, "model__learning_rate": 0.14444015703665763, "model__max_depth": 2.433575141809544, "model__n_estimators": 22.57954207818872, "model__reg_lambda": 3.4509917372173025}, "datetime": {"datetime": "2021-03-23 11:39:23", "elapsed": 4.939165, "delta": 0.06894}}
{"target": -0.33940331094317894, "params": {"model__colsample_bylevel": 0.43770438267170664, "model__colsample_bynode": 0.562288016838024, "model__colsample_bytree": 0.6684847059501842, "model__learning_rate": 0.24216538663414655, "model__max_depth": 5.53982800385271, "model__n_estimators": 24.586364893849456, "model__reg_lambda": 6.03761911116279}, "datetime": {"datetime": "2021-03-23 11:39:23", "elapsed": 5.020539, "delta": 0.081374}}
{"target": -0.3359487200145731, "params": {"model__colsample_bylevel": 0.5615024327662378, "model__colsample_bynode": 0.5278880157630303, "model__colsample_bytree": 0.6927994632423486, "model__learning_rate": 0.2499326997232081, "model__max_depth": 7.515144966264312, "model__n_estimators": 27.41503748405572, "model__reg_lambda": 5.537273620404508}, "datetime": {"datetime": "2021-03-23 11:39:23", "elapsed": 5.105861, "delta": 0.085322}}
{"target": -0.3508101300086719, "params": {"model__colsample_bylevel": 0.8773753442334304, "model__colsample_bynode": 0.3197624374107063, "model__colsample_bytree": 0.8582648079772404, "model__learning_rate": 0.1398977410305498, "model__max_depth": 6.115045756510598, "model__n_estimators": 27.377846347953547, "model__reg_lambda": 3.1496308071503187}, "datetime": {"datetime": "2021-03-23 11:39:23", "elapsed": 5.199908, "delta": 0.094047}}
{"target": -0.3458782136460523, "params": {"model__colsample_bylevel": 0.5798231824380045, "model__colsample_bynode": 0.9899122285696411, "model__colsample_bytree": 0.4774952834387126, "model__learning_rate": 0.25106786479472265, "model__max_depth": 4.436357453829759, "model__n_estimators": 19.72844903945682, "model__reg_lambda": 7.705159221072094}, "datetime": {"datetime": "2021-03-23 11:39:23", "elapsed": 5.274415, "delta": 0.074507}}
{"target": -0.3573365912806459, "params": {"model__colsample_bylevel": 0.6149024037576569, "model__colsample_bynode": 0.7970601762740899, "model__colsample_bytree": 0.4555403075808654, "model__learning_rate": 0.26476738246878556, "model__max_depth": 6.3006447069266285, "model__n_estimators": 22.48861984031197, "model__reg_lambda": 7.91551010046181}, "datetime": {"datetime": "2021-03-23 11:39:23", "elapsed": 5.354463, "delta": 0.080048}}
{"target": -0.32400736809114294, "params": {"model__colsample_bylevel": 0.9437937215686736, "model__colsample_bynode": 0.8511722448868555, "model__colsample_bytree": 0.5084857837350747, "model__learning_rate": 0.24346701302396254, "model__max_depth": 5.690340786662006, "model__n_estimators": 27.619845335231588, "model__reg_lambda": 4.0456797253845265}, "datetime": {"datetime": "2021-03-23 11:39:23", "elapsed": 5.458431, "delta": 0.103968}}
{"target": -0.35155556329350546, "params": {"model__colsample_bylevel": 0.6173529449301774, "model__colsample_bynode": 0.3656352091501882, "model__colsample_bytree": 0.45305055880659917, "model__learning_rate": 0.20586849821836273, "model__max_depth": 5.173197962934258, "model__n_estimators": 25.696146745858105, "model__reg_lambda": 2.863925264426952}, "datetime": {"datetime": "2021-03-23 11:39:23", "elapsed": 5.533111, "delta": 0.07468}}
{"target": -0.41859435274576146, "params": {"model__colsample_bylevel": 0.3812502817792496, "model__colsample_bynode": 0.43107613084910207, "model__colsample_bytree": 0.6036033759584388, "model__learning_rate": 0.13710847453713484, "model__max_depth": 2.7407946095138094, "model__n_estimators": 25.875381462387566, "model__reg_lambda": 9.101677556132595}, "datetime": {"datetime": "2021-03-23 11:39:23", "elapsed": 5.605573, "delta": 0.072462}}
{"target": -0.39312091340594324, "params": {"model__colsample_bylevel": 0.3426383940311504, "model__colsample_bynode": 0.3292770968669983, "model__colsample_bytree": 0.49999974247633633, "model__learning_rate": 0.21592871225493404, "model__max_depth": 7.629568478689846, "model__n_estimators": 23.72527860523467, "model__reg_lambda": 6.7998375849329875}, "datetime": {"datetime": "2021-03-23 11:39:23", "elapsed": 5.683888, "delta": 0.078315}}
{"target": -0.35631282926010693, "params": {"model__colsample_bylevel": 1.0, "model__colsample_bynode": 1.0, "model__colsample_bytree": 1.0, "model__learning_rate": 0.3, "model__max_depth": 8.0, "model__n_estimators": 15.0, "model__reg_lambda": 10.0}, "datetime": {"datetime": "2021-03-23 11:39:24", "elapsed": 6.47646, "delta": 0.792572}}
{"target": -0.40212765831257336, "params": {"model__colsample_bylevel": 0.42419112996220826, "model__colsample_bynode": 0.39731223815031164, "model__colsample_bytree": 0.33966451095112526, "model__learning_rate": 0.2618909238006514, "model__max_depth": 2.6516559769406562, "model__n_estimators": 29.68292492725753, "model__reg_lambda": 9.862006509482484}, "datetime": {"datetime": "2021-03-23 11:39:25", "elapsed": 7.095228, "delta": 0.618768}}
{"target": -0.31518158405695273, "params": {"model__colsample_bylevel": 1.0, "model__colsample_bynode": 1.0, "model__colsample_bytree": 0.9995090675436152, "model__learning_rate": 0.3, "model__max_depth": 8.0, "model__n_estimators": 30.0, "model__reg_lambda": 10.0}, "datetime": {"datetime": "2021-03-23 11:39:26", "elapsed": 7.785894, "delta": 0.690666}}
{"target": -0.316524499251956, "params": {"model__colsample_bylevel": 1.0, "model__colsample_bynode": 0.3, "model__colsample_bytree": 1.0, "model__learning_rate": 0.3, "model__max_depth": 5.8674020889337255, "model__n_estimators": 15.0, "model__reg_lambda": 0.0}, "datetime": {"datetime": "2021-03-23 11:39:26", "elapsed": 8.498092, "delta": 0.712198}}
{"target": -0.30907329126772387, "params": {"model__colsample_bylevel": 0.9999999999135514, "model__colsample_bynode": 0.3, "model__colsample_bytree": 0.9496175980920973, "model__learning_rate": 0.3, "model__max_depth": 2.0, "model__n_estimators": 30.0, "model__reg_lambda": 1.7307419573965301}, "datetime": {"datetime": "2021-03-23 11:39:27", "elapsed": 9.259705, "delta": 0.761613}}
{"target": -0.34207846220798677, "params": {"model__colsample_bylevel": 0.9785153418559522, "model__colsample_bynode": 0.9525102528235023, "model__colsample_bytree": 0.875727762226638, "model__learning_rate": 0.28896715343789336, "model__max_depth": 7.988411076956498, "model__n_estimators": 17.58120675477789, "model__reg_lambda": 7.812077185090765}, "datetime": {"datetime": "2021-03-23 11:39:28", "elapsed": 9.950645, "delta": 0.69094}}
{"target": -0.3771815079514045, "params": {"model__colsample_bylevel": 0.9447070530420534, "model__colsample_bynode": 1.0, "model__colsample_bytree": 1.0, "model__learning_rate": 0.3, "model__max_depth": 2.0, "model__n_estimators": 20.954897591038105, "model__reg_lambda": 10.0}, "datetime": {"datetime": "2021-03-23 11:39:28", "elapsed": 10.694867, "delta": 0.744222}}
{"target": -0.32862551945322394, "params": {"model__colsample_bylevel": 0.8659041130627674, "model__colsample_bynode": 0.941233167412211, "model__colsample_bytree": 0.8635779745499836, "model__learning_rate": 0.22424054130225632, "model__max_depth": 7.987228673997987, "model__n_estimators": 22.795690195836638, "model__reg_lambda": 3.8928737961777173}, "datetime": {"datetime": "2021-03-23 11:39:29", "elapsed": 11.494726, "delta": 0.799859}}
{"target": -0.33984452796074144, "params": {"model__colsample_bylevel": 0.48068261697169945, "model__colsample_bynode": 0.8332414858476949, "model__colsample_bytree": 0.5894557902643335, "model__learning_rate": 0.2664346654074593, "model__max_depth": 7.917480329499438, "model__n_estimators": 23.929209395301093, "model__reg_lambda": 9.996804014759372}, "datetime": {"datetime": "2021-03-23 11:39:30", "elapsed": 12.27084, "delta": 0.776114}}
{"target": -0.3425930741758497, "params": {"model__colsample_bylevel": 0.5868840017635681, "model__colsample_bynode": 0.33123954676860135, "model__colsample_bytree": 0.874537664642471, "model__learning_rate": 0.28423651608013534, "model__max_depth": 2.470400287505215, "model__n_estimators": 26.20328014292207, "model__reg_lambda": 0.043488800114791504}, "datetime": {"datetime": "2021-03-23 11:39:31", "elapsed": 12.995018, "delta": 0.724178}}
{"target": -0.3297236866494843, "params": {"model__colsample_bylevel": 0.7801752946887961, "model__colsample_bynode": 0.5374476860340565, "model__colsample_bytree": 0.9214063621530018, "model__learning_rate": 0.29824374559851036, "model__max_depth": 2.179992214325922, "model__n_estimators": 29.963679220336083, "model__reg_lambda": 6.911133335712346}, "datetime": {"datetime": "2021-03-23 11:39:31", "elapsed": 13.619328, "delta": 0.62431}}
{"target": -0.3592783931615776, "params": {"model__colsample_bylevel": 0.3742755303409149, "model__colsample_bynode": 0.5200328599235805, "model__colsample_bytree": 0.3853515257911567, "model__learning_rate": 0.27601283096174734, "model__max_depth": 7.91188805893885, "model__n_estimators": 29.61562772311974, "model__reg_lambda": 9.385331674696586}, "datetime": {"datetime": "2021-03-23 11:39:32", "elapsed": 14.261635, "delta": 0.642307}}
{"target": -0.32635143965050795, "params": {"model__colsample_bylevel": 0.3, "model__colsample_bynode": 1.0, "model__colsample_bytree": 1.0, "model__learning_rate": 0.3, "model__max_depth": 6.159780740538281, "model__n_estimators": 15.263476304114187, "model__reg_lambda": 7.136228292640116}, "datetime": {"datetime": "2021-03-23 11:39:33", "elapsed": 14.960243, "delta": 0.698608}}
{"target": -0.3600451784707822, "params": {"model__colsample_bylevel": 0.6096332002987876, "model__colsample_bynode": 0.9270214993859796, "model__colsample_bytree": 0.7481882844105008, "model__learning_rate": 0.2504337400448923, "model__max_depth": 7.811837329356795, "model__n_estimators": 15.230798633587261, "model__reg_lambda": 0.020338808418057797}, "datetime": {"datetime": "2021-03-23 11:39:34", "elapsed": 15.754985, "delta": 0.794742}}
{"target": -0.3449920453235804, "params": {"model__colsample_bylevel": 0.7219383055824056, "model__colsample_bynode": 0.9891644136477504, "model__colsample_bytree": 0.8023924455904989, "model__learning_rate": 0.2666547683360753, "model__max_depth": 4.707692958001754, "model__n_estimators": 23.140230290780053, "model__reg_lambda": 9.454003307119093}, "datetime": {"datetime": "2021-03-23 11:39:34", "elapsed": 16.54952, "delta": 0.794535}}
{"target": -0.35203326904835797, "params": {"model__colsample_bylevel": 0.9986903357418488, "model__colsample_bynode": 0.4377100428736159, "model__colsample_bytree": 0.9458746012413701, "model__learning_rate": 0.2611086992143759, "model__max_depth": 7.861721550635299, "model__n_estimators": 15.338338762040822, "model__reg_lambda": 6.176568552670831}, "datetime": {"datetime": "2021-03-23 11:39:35", "elapsed": 17.297248, "delta": 0.747728}}
{"target": -0.3173990063504249, "params": {"model__colsample_bylevel": 1.0, "model__colsample_bynode": 1.0, "model__colsample_bytree": 1.0, "model__learning_rate": 0.3, "model__max_depth": 7.232336734750372, "model__n_estimators": 22.035604415398165, "model__reg_lambda": 9.362258560298582}, "datetime": {"datetime": "2021-03-23 11:39:36", "elapsed": 18.092888, "delta": 0.79564}}
{"target": -0.42543901675313284, "params": {"model__colsample_bylevel": 0.3, "model__colsample_bynode": 0.3, "model__colsample_bytree": 1.0, "model__learning_rate": 0.3, "model__max_depth": 2.0, "model__n_estimators": 15.0, "model__reg_lambda": 10.0}, "datetime": {"datetime": "2021-03-23 11:39:37", "elapsed": 18.790022, "delta": 0.697134}}
{"target": -0.32079090628810086, "params": {"model__colsample_bylevel": 0.9976360449365422, "model__colsample_bynode": 0.47697334616812936, "model__colsample_bytree": 0.9984315086865467, "model__learning_rate": 0.2866921061640435, "model__max_depth": 7.989119312021906, "model__n_estimators": 20.77656673209073, "model__reg_lambda": 3.3229154504125056}, "datetime": {"datetime": "2021-03-23 11:39:37", "elapsed": 19.571041, "delta": 0.781019}}
{"target": -0.35120964321894976, "params": {"model__colsample_bylevel": 0.3723839329408126, "model__colsample_bynode": 0.39906890470924383, "model__colsample_bytree": 0.449558085804064, "model__learning_rate": 0.28323563538546603, "model__max_depth": 2.303463062859226, "model__n_estimators": 29.780607501798, "model__reg_lambda": 4.4981501890392614}, "datetime": {"datetime": "2021-03-23 11:39:38", "elapsed": 20.143931, "delta": 0.57289}}
{"target": -0.37580835861272, "params": {"model__colsample_bylevel": 1.0, "model__colsample_bynode": 1.0, "model__colsample_bytree": 1.0, "model__learning_rate": 0.2999999982365329, "model__max_depth": 6.995457761660416, "model__n_estimators": 22.93973589032244, "model__reg_lambda": 0.0}, "datetime": {"datetime": "2021-03-23 11:39:39", "elapsed": 20.912853, "delta": 0.768922}}
{"target": -0.3485910632299171, "params": {"model__colsample_bylevel": 0.9647101890707916, "model__colsample_bynode": 0.786759387688258, "model__colsample_bytree": 0.6941477280159251, "model__learning_rate": 0.29052552425202005, "model__max_depth": 3.8071008655940703, "model__n_estimators": 16.789653462511442, "model__reg_lambda": 0.030360936579634235}, "datetime": {"datetime": "2021-03-23 11:39:40", "elapsed": 21.749174, "delta": 0.836321}}
{"target": -0.3039872255220173, "params": {"model__colsample_bylevel": 0.9918627279611612, "model__colsample_bynode": 0.8447385462729871, "model__colsample_bytree": 0.9013763080290036, "model__learning_rate": 0.28952226377013246, "model__max_depth": 5.381904754125049, "model__n_estimators": 29.19262092812597, "model__reg_lambda": 9.607631061435114}, "datetime": {"datetime": "2021-03-23 11:39:40", "elapsed": 22.506144, "delta": 0.75697}}
{"target": -0.3173224595888261, "params": {"model__colsample_bylevel": 1.0, "model__colsample_bynode": 0.8177417229618804, "model__colsample_bytree": 0.6005752004236297, "model__learning_rate": 0.3, "model__max_depth": 6.082806282852707, "model__n_estimators": 29.999999983034442, "model__reg_lambda": 7.806413069646879}, "datetime": {"datetime": "2021-03-23 11:39:41", "elapsed": 23.182213, "delta": 0.676069}}
{"target": -0.3214839952193079, "params": {"model__colsample_bylevel": 0.3, "model__colsample_bynode": 1.0, "model__colsample_bytree": 0.5974858595424318, "model__learning_rate": 0.3, "model__max_depth": 7.999999891639098, "model__n_estimators": 25.789743982203202, "model__reg_lambda": 1.6794860468047144}, "datetime": {"datetime": "2021-03-23 11:39:42", "elapsed": 23.999759, "delta": 0.817546}}
{"target": -0.3325607939385404, "params": {"model__colsample_bylevel": 0.9999999919647767, "model__colsample_bynode": 1.0, "model__colsample_bytree": 1.0, "model__learning_rate": 0.3, "model__max_depth": 5.862016594270317, "model__n_estimators": 19.931904291598986, "model__reg_lambda": 3.714922752733198}, "datetime": {"datetime": "2021-03-23 11:39:42", "elapsed": 24.742925, "delta": 0.743166}}
{"target": -0.33442832410531254, "params": {"model__colsample_bylevel": 0.3, "model__colsample_bynode": 0.3, "model__colsample_bytree": 1.0, "model__learning_rate": 0.3, "model__max_depth": 6.6530622343152945, "model__n_estimators": 15.198047716902524, "model__reg_lambda": 2.748436747647645}, "datetime": {"datetime": "2021-03-23 11:39:43", "elapsed": 25.394153, "delta": 0.651228}}
{"target": -0.3538563494334348, "params": {"model__colsample_bylevel": 0.9981284590085546, "model__colsample_bynode": 0.8426590459869183, "model__colsample_bytree": 0.334295241204199, "model__learning_rate": 0.25547332817938584, "model__max_depth": 7.447570476976377, "model__n_estimators": 27.06396510068172, "model__reg_lambda": 9.829301209376947}, "datetime": {"datetime": "2021-03-23 11:39:44", "elapsed": 26.130671, "delta": 0.736518}}
{"target": -0.3521575900730871, "params": {"model__colsample_bylevel": 0.9824749261646748, "model__colsample_bynode": 0.9795652491167672, "model__colsample_bytree": 0.9500764446658521, "model__learning_rate": 0.26685375874651474, "model__max_depth": 4.424060578042728, "model__n_estimators": 27.863876449091887, "model__reg_lambda": 0.08832688543652822}, "datetime": {"datetime": "2021-03-23 11:39:45", "elapsed": 26.915991, "delta": 0.78532}}
{"target": -0.3343513768225777, "params": {"model__colsample_bylevel": 1.0, "model__colsample_bynode": 0.3, "model__colsample_bytree": 1.0, "model__learning_rate": 0.3, "model__max_depth": 8.0, "model__n_estimators": 30.0, "model__reg_lambda": 0.0}, "datetime": {"datetime": "2021-03-23 11:39:46", "elapsed": 28.22561, "delta": 1.309619}}
{"target": -0.3252095641751362, "params": {"model__colsample_bylevel": 0.9884632628956658, "model__colsample_bynode": 0.3, "model__colsample_bytree": 0.8827073136498598, "model__learning_rate": 0.3, "model__max_depth": 8.0, "model__n_estimators": 17.32002797412402, "model__reg_lambda": 0.5041682078925966}, "datetime": {"datetime": "2021-03-23 11:39:47", "elapsed": 29.196048, "delta": 0.970438}}
