{"target": -0.36726544937417305, "params": {"model__colsample_bylevel": 1.0, "model__colsample_bynode": 1.0, "model__colsample_bytree": 1.0, "model__learning_rate": 0.3, "model__max_depth": 5.333801190733222, "model__n_estimators": 30.0, "model__reg_lambda": 0.0}, "datetime": {"datetime": "2021-03-23 11:40:51", "elapsed": 93.184141, "delta": 1.186577}}
{"target": -0.30271907658619884, "params": {"model__colsample_bylevel": 0.9875646770147228, "model__colsample_bynode": 0.4842953417031023, "model__colsample_bytree": 0.960711073035027, "model__learning_rate": 0.23208119817512188, "model__max_depth": 4.567244696517014, "model__n_estimators": 25.254999292970233, "model__reg_lambda": 0.77019753300414}, "datetime": {"datetime": "2021-03-23 11:40:52", "elapsed": 94.419128, "delta": 1.234987}}
{"target": -0.3395810860401505, "params": {"model__colsample_bylevel": 0.33409396036482614, "model__colsample_bynode": 0.3584430666368015, "model__colsample_bytree": 0.5391947587403695, "model__learning_rate": 0.2478194670929857, "model__max_depth": 5.1438495972755724, "model__n_estimators": 29.983048301074014, "model__reg_lambda": 1.523979384562375}, "datetime": {"datetime": "2021-03-23 11:40:53", "elapsed": 95.516148, "delta": 1.09702}}
{"target": -0.4164510427204811, "params": {"model__colsample_bylevel": 0.9096536345295063, "model__colsample_bynode": 0.371743302667951, "model__colsample_bytree": 0.32379424660959033, "model__learning_rate": 0.2925088869829936, "model__max_depth": 2.3224640214028325, "model__n_estimators": 23.758412917210777, "model__reg_lambda": 9.938281002941292}, "datetime": {"datetime": "2021-03-23 11:40:55", "elapsed": 96.772827, "delta": 1.256679}}
{"target": -0.30605635951151666, "params": {"model__colsample_bylevel": 0.41141754955537774, "model__colsample_bynode": 0.999999970464677, "model__colsample_bytree": 1.0, "model__learning_rate": 0.3, "model__max_depth": 7.823575880427962, "model__n_estimators": 22.12399666498088, "model__reg_lambda": 5.619505235467388}, "datetime": {"datetime": "2021-03-23 11:40:56", "elapsed": 98.109328, "delta": 1.336501}}
{"target": -0.3118048064209913, "params": {"model__colsample_bylevel": 0.39782809373506733, "model__colsample_bynode": 0.9944471194401219, "model__colsample_bytree": 0.7186205860244808, "model__learning_rate": 0.29105449534670347, "model__max_depth": 4.404229158296586, "model__n_estimators": 27.981610261049944, "model__reg_lambda": 5.813979177512142}, "datetime": {"datetime": "2021-03-23 11:40:57", "elapsed": 99.517888, "delta": 1.40856}}
{"target": -0.3163026310384115, "params": {"model__colsample_bylevel": 0.5279674080056865, "model__colsample_bynode": 0.3086477642484083, "model__colsample_bytree": 0.9810451765798884, "model__learning_rate": 0.2876883714218613, "model__max_depth": 6.031485730953411, "model__n_estimators": 29.84691846009343, "model__reg_lambda": 0.05529997391646391}, "datetime": {"datetime": "2021-03-23 11:40:59", "elapsed": 100.770498, "delta": 1.25261}}
{"target": -0.32797414965942784, "params": {"model__colsample_bylevel": 0.9592500025968294, "model__colsample_bynode": 0.6717640448353198, "model__colsample_bytree": 0.9070772304201162, "model__learning_rate": 0.29970343772605396, "model__max_depth": 2.7823741974955016, "model__n_estimators": 24.178958816627464, "model__reg_lambda": 0.03487318840464937}, "datetime": {"datetime": "2021-03-23 11:41:00", "elapsed": 101.969367, "delta": 1.198869}}
{"target": -0.43132777871779987, "params": {"model__colsample_bylevel": 0.3235531091576005, "model__colsample_bynode": 0.8368471723414488, "model__colsample_bytree": 0.33131601578812053, "model__learning_rate": 0.1057113985362373, "model__max_depth": 2.0626026531287094, "model__n_estimators": 27.590274907376262, "model__reg_lambda": 0.110326517621947}, "datetime": {"datetime": "2021-03-23 11:41:01", "elapsed": 103.109691, "delta": 1.140324}}
{"target": -0.33175148703562823, "params": {"model__colsample_bylevel": 0.4404398379982036, "model__colsample_bynode": 0.9999999996155201, "model__colsample_bytree": 0.9999999998634638, "model__learning_rate": 0.3, "model__max_depth": 7.0344589934416755, "model__n_estimators": 20.10869951974375, "model__reg_lambda": 9.999999999027537}, "datetime": {"datetime": "2021-03-23 11:41:02", "elapsed": 104.435535, "delta": 1.325844}}
{"target": -0.33486739272568916, "params": {"model__colsample_bylevel": 0.7443164867145562, "model__colsample_bynode": 0.3777540599638004, "model__colsample_bytree": 0.9324365487178436, "model__learning_rate": 0.2345422555112114, "model__max_depth": 7.901770317640699, "model__n_estimators": 29.951712204635413, "model__reg_lambda": 2.767614219970549}, "datetime": {"datetime": "2021-03-23 11:41:03", "elapsed": 105.53228, "delta": 1.096745}}
{"target": -0.3234092330020191, "params": {"model__colsample_bylevel": 0.9999999940613843, "model__colsample_bynode": 1.0, "model__colsample_bytree": 1.0, "model__learning_rate": 0.29999999877829375, "model__max_depth": 5.514434387254864, "model__n_estimators": 23.243146238746608, "model__reg_lambda": 7.042927180813824}, "datetime": {"datetime": "2021-03-23 11:41:04", "elapsed": 106.584725, "delta": 1.052445}}
{"target": -0.34651337576476665, "params": {"model__colsample_bylevel": 0.8563245654444758, "model__colsample_bynode": 0.5338562178449888, "model__colsample_bytree": 0.9872389437824278, "model__learning_rate": 0.28879752649670465, "model__max_depth": 6.498918262976448, "model__n_estimators": 19.590889967187277, "model__reg_lambda": 1.6009208219726212}, "datetime": {"datetime": "2021-03-23 11:41:06", "elapsed": 108.277076, "delta": 1.692351}}
{"target": -0.3618128033925145, "params": {"model__colsample_bylevel": 0.9163771047597802, "model__colsample_bynode": 0.998784337535644, "model__colsample_bytree": 0.3344906930506937, "model__learning_rate": 0.2609112686495716, "model__max_depth": 2.6648635378171335, "model__n_estimators": 20.436037825844604, "model__reg_lambda": 0.31081530940713087}, "datetime": {"datetime": "2021-03-23 11:41:07", "elapsed": 109.643185, "delta": 1.366109}}
{"target": -0.3619078677640283, "params": {"model__colsample_bylevel": 0.3518557174233683, "model__colsample_bynode": 0.9497034671259488, "model__colsample_bytree": 0.9773883601853401, "model__learning_rate": 0.2716162880482443, "model__max_depth": 7.849658644812834, "model__n_estimators": 17.314263099321145, "model__reg_lambda": 9.969735287768124}, "datetime": {"datetime": "2021-03-23 11:41:09", "elapsed": 110.855485, "delta": 1.2123}}
{"target": -0.3651121491222116, "params": {"model__colsample_bylevel": 0.7462655428796644, "model__colsample_bynode": 0.3, "model__colsample_bytree": 1.0, "model__learning_rate": 0.3, "model__max_depth": 7.999999998641069, "model__n_estimators": 15.456184871838031, "model__reg_lambda": 8.46510606404725}, "datetime": {"datetime": "2021-03-23 11:41:10", "elapsed": 111.868178, "delta": 1.012693}}
{"target": -0.31628317560467434, "params": {"model__colsample_bylevel": 1.0, "model__colsample_bynode": 0.547511044890549, "model__colsample_bytree": 1.0, "model__learning_rate": 0.3, "model__max_depth": 5.94143097633385, "model__n_estimators": 28.053355251957054, "model__reg_lambda": 9.999999998641048}, "datetime": {"datetime": "2021-03-23 11:41:11", "elapsed": 112.994295, "delta": 1.126117}}
{"target": -0.3681012109650866, "params": {"model__colsample_bylevel": 0.95050598033031, "model__colsample_bynode": 0.6907681029259201, "model__colsample_bytree": 0.9087223406534588, "model__learning_rate": 0.12106163414772478, "model__max_depth": 4.7219545186063625, "model__n_estimators": 19.24282063136327, "model__reg_lambda": 0.1137883427389963}, "datetime": {"datetime": "2021-03-23 11:41:12", "elapsed": 114.404375, "delta": 1.41008}}
{"target": -0.3828791758447103, "params": {"model__colsample_bylevel": 0.7552230853745536, "model__colsample_bynode": 0.30430545003805515, "model__colsample_bytree": 0.32309450054136224, "model__learning_rate": 0.19809131229393512, "model__max_depth": 4.2989233268869125, "model__n_estimators": 27.396026614287393, "model__reg_lambda": 0.30686106515440903}, "datetime": {"datetime": "2021-03-23 11:41:13", "elapsed": 115.512327, "delta": 1.107952}}
{"target": -0.3281872692470696, "params": {"model__colsample_bylevel": 0.9999999991375349, "model__colsample_bynode": 1.0, "model__colsample_bytree": 0.8918487185978766, "model__learning_rate": 0.2999999979052939, "model__max_depth": 4.506615694170365, "model__n_estimators": 18.996361618969203, "model__reg_lambda": 10.0}, "datetime": {"datetime": "2021-03-23 11:41:15", "elapsed": 117.020217, "delta": 1.50789}}
{"target": -0.33173442013406507, "params": {"model__colsample_bylevel": 0.3739771241489008, "model__colsample_bynode": 0.8664688318406495, "model__colsample_bytree": 0.9585508881641727, "model__learning_rate": 0.13250750385215276, "model__max_depth": 3.9939341369320642, "model__n_estimators": 24.969940817228057, "model__reg_lambda": 0.8389588928273939}, "datetime": {"datetime": "2021-03-23 11:41:16", "elapsed": 118.488128, "delta": 1.467911}}
{"target": -0.3708512011915445, "params": {"model__colsample_bylevel": 0.9009766990433141, "model__colsample_bynode": 0.46178817469652156, "model__colsample_bytree": 0.9431941094486467, "model__learning_rate": 0.1088778483097896, "model__max_depth": 2.013102711895308, "model__n_estimators": 29.585428151928138, "model__reg_lambda": 0.048511174140133395}, "datetime": {"datetime": "2021-03-23 11:41:18", "elapsed": 120.321324, "delta": 1.833196}}
{"target": -0.3199666656044218, "params": {"model__colsample_bylevel": 0.3283849191134777, "model__colsample_bynode": 0.9928543951161095, "model__colsample_bytree": 0.9658803276590819, "model__learning_rate": 0.28922558021175304, "model__max_depth": 5.498990084036176, "model__n_estimators": 27.600442496514294, "model__reg_lambda": 9.373519005935762}, "datetime": {"datetime": "2021-03-23 11:41:20", "elapsed": 122.125869, "delta": 1.804545}}
{"target": -0.33954089296107737, "params": {"model__colsample_bylevel": 0.3359227732127203, "model__colsample_bynode": 0.4365268869207033, "model__colsample_bytree": 0.736831244117818, "model__learning_rate": 0.2863785187612724, "model__max_depth": 7.851483922555888, "model__n_estimators": 29.966122927341026, "model__reg_lambda": 0.7020739856625968}, "datetime": {"datetime": "2021-03-23 11:41:21", "elapsed": 123.450239, "delta": 1.32437}}
{"target": -0.3426151563200857, "params": {"model__colsample_bylevel": 0.3073574258599723, "model__colsample_bynode": 0.9068960121842482, "model__colsample_bytree": 0.9851384265010714, "model__learning_rate": 0.23776340953637634, "model__max_depth": 7.932029195579293, "model__n_estimators": 29.813709944157406, "model__reg_lambda": 8.408703209663003}, "datetime": {"datetime": "2021-03-23 11:41:22", "elapsed": 124.688518, "delta": 1.238279}}
{"target": -0.3203827691429794, "params": {"model__colsample_bylevel": 0.7726152117421884, "model__colsample_bynode": 1.0, "model__colsample_bytree": 0.5232704196835885, "model__learning_rate": 0.3, "model__max_depth": 6.036460277532785, "model__n_estimators": 29.97658488620008, "model__reg_lambda": 9.98099199994388}, "datetime": {"datetime": "2021-03-23 11:41:24", "elapsed": 125.850299, "delta": 1.161781}}
{"target": -0.34901985763724, "params": {"model__colsample_bylevel": 0.9500986286254232, "model__colsample_bynode": 0.33332606439215867, "model__colsample_bytree": 0.9447307906249269, "model__learning_rate": 0.28250437066377465, "model__max_depth": 2.0011991159580393, "model__n_estimators": 17.46932181568932, "model__reg_lambda": 0.075109133472121}, "datetime": {"datetime": "2021-03-23 11:41:25", "elapsed": 126.999214, "delta": 1.148915}}
{"target": -0.3612371730393784, "params": {"model__colsample_bylevel": 0.3219055081327386, "model__colsample_bynode": 0.8861706918435202, "model__colsample_bytree": 0.423578385010709, "model__learning_rate": 0.1858495947829042, "model__max_depth": 7.999605653185595, "model__n_estimators": 21.840941242862336, "model__reg_lambda": 0.10586853562892351}, "datetime": {"datetime": "2021-03-23 11:41:26", "elapsed": 128.20969, "delta": 1.210476}}
{"target": -0.32409589856869764, "params": {"model__colsample_bylevel": 0.9933369823925253, "model__colsample_bynode": 1.0, "model__colsample_bytree": 1.0, "model__learning_rate": 0.3, "model__max_depth": 3.1376306712435458, "model__n_estimators": 17.075297770844646, "model__reg_lambda": 1.7790239589980679}, "datetime": {"datetime": "2021-03-23 11:41:27", "elapsed": 129.509065, "delta": 1.299375}}
{"target": -0.3754181730531644, "params": {"model__colsample_bylevel": 0.8860657990149212, "model__colsample_bynode": 0.817696695789554, "model__colsample_bytree": 0.9209643980311293, "model__learning_rate": 0.25281625979221845, "model__max_depth": 7.458965618766931, "model__n_estimators": 27.22117072501252, "model__reg_lambda": 0.05696812466822854}, "datetime": {"datetime": "2021-03-23 11:41:29", "elapsed": 130.910754, "delta": 1.401689}}
{"target": -0.3373930498674188, "params": {"model__colsample_bylevel": 0.37147101337226424, "model__colsample_bynode": 0.9479944308644646, "model__colsample_bytree": 0.9947305915228706, "model__learning_rate": 0.29367863022626695, "model__max_depth": 4.23988541372813, "model__n_estimators": 18.89301536362567, "model__reg_lambda": 6.123800097334375}, "datetime": {"datetime": "2021-03-23 11:41:30", "elapsed": 132.188516, "delta": 1.277762}}
{"target": -0.3434897896454102, "params": {"model__colsample_bylevel": 0.9911083720583576, "model__colsample_bynode": 0.6065006639837333, "model__colsample_bytree": 0.9425648751564852, "model__learning_rate": 0.29162235598968456, "model__max_depth": 2.07471063107148, "model__n_estimators": 20.835585059277605, "model__reg_lambda": 1.1429251165812393}, "datetime": {"datetime": "2021-03-23 11:41:31", "elapsed": 133.356718, "delta": 1.168202}}
{"target": -0.33083014444184855, "params": {"model__colsample_bylevel": 0.930801405594629, "model__colsample_bynode": 0.36727232732152915, "model__colsample_bytree": 0.3459785173229213, "model__learning_rate": 0.2778912198121805, "model__max_depth": 7.819635151788701, "model__n_estimators": 25.400203874276947, "model__reg_lambda": 3.152230820865972}, "datetime": {"datetime": "2021-03-23 11:41:33", "elapsed": 135.047864, "delta": 1.691146}}
{"target": -0.33793592039036796, "params": {"model__colsample_bylevel": 0.7648577747671064, "model__colsample_bynode": 0.40592291227638855, "model__colsample_bytree": 0.566404515190986, "model__learning_rate": 0.2832974448780753, "model__max_depth": 7.852326505940681, "model__n_estimators": 29.938721430667886, "model__reg_lambda": 6.128025633188421}, "datetime": {"datetime": "2021-03-23 11:41:34", "elapsed": 136.571909, "delta": 1.524045}}
{"target": -0.38348703275880086, "params": {"model__colsample_bylevel": 0.9444803936369688, "model__colsample_bynode": 0.9378681282152881, "model__colsample_bytree": 0.9600343250336307, "model__learning_rate": 0.1048779767528896, "model__max_depth": 2.797285439479796, "model__n_estimators": 23.607266081698477, "model__reg_lambda": 1.4405737627342552}, "datetime": {"datetime": "2021-03-23 11:41:36", "elapsed": 138.181124, "delta": 1.609215}}
{"target": -0.335021879994631, "params": {"model__colsample_bylevel": 0.7854819471877195, "model__colsample_bynode": 0.33419149638368717, "model__colsample_bytree": 0.6605302821423196, "model__learning_rate": 0.27351332998463646, "model__max_depth": 2.9286051584759596, "model__n_estimators": 24.176025537512317, "model__reg_lambda": 0.8032484414019792}, "datetime": {"datetime": "2021-03-23 11:41:37", "elapsed": 139.48162, "delta": 1.300496}}
{"target": -0.306613521509976, "params": {"model__colsample_bylevel": 1.0, "model__colsample_bynode": 0.6247473038944908, "model__colsample_bytree": 1.0, "model__learning_rate": 0.3, "model__max_depth": 2.0, "model__n_estimators": 26.54924742723459, "model__reg_lambda": 0.8995284313803571}, "datetime": {"datetime": "2021-03-23 11:41:38", "elapsed": 140.709812, "delta": 1.228192}}
{"target": -0.34646568464020777, "params": {"model__colsample_bylevel": 0.3965568840655978, "model__colsample_bynode": 0.9520866067463956, "model__colsample_bytree": 0.9847183491575262, "model__learning_rate": 0.13941950837144246, "model__max_depth": 2.7044630891249968, "model__n_estimators": 23.355324929735882, "model__reg_lambda": 0.23517964823451143}, "datetime": {"datetime": "2021-03-23 11:41:40", "elapsed": 142.047192, "delta": 1.33738}}
{"target": -0.33611352197366995, "params": {"model__colsample_bylevel": 1.0, "model__colsample_bynode": 1.0, "model__colsample_bytree": 1.0, "model__learning_rate": 0.3, "model__max_depth": 6.514647035592737, "model__n_estimators": 17.688801525363296, "model__reg_lambda": 9.70901918184993}, "datetime": {"datetime": "2021-03-23 11:41:41", "elapsed": 143.283196, "delta": 1.236004}}
{"target": -0.35953923830479056, "params": {"model__colsample_bylevel": 0.702656473503856, "model__colsample_bynode": 0.988665406549307, "model__colsample_bytree": 0.36953296127169083, "model__learning_rate": 0.2901708495887694, "model__max_depth": 2.1547315780888576, "model__n_estimators": 28.05730481994962, "model__reg_lambda": 7.251184106835082}, "datetime": {"datetime": "2021-03-23 11:41:43", "elapsed": 144.831787, "delta": 1.548591}}
{"target": -0.37389345822477904, "params": {"model__colsample_bylevel": 0.9888671377507143, "model__colsample_bynode": 0.7365984482268424, "model__colsample_bytree": 0.31684746436684, "model__learning_rate": 0.18752449892808862, "model__max_depth": 3.868417126690142, "model__n_estimators": 28.209062620586273, "model__reg_lambda": 9.837568662462875}, "datetime": {"datetime": "2021-03-23 11:41:44", "elapsed": 146.38817, "delta": 1.556383}}
{"target": -0.3366532097346203, "params": {"model__colsample_bylevel": 1.0, "model__colsample_bynode": 1.0, "model__colsample_bytree": 1.0, "model__learning_rate": 0.3, "model__max_depth": 2.0, "model__n_estimators": 30.0, "model__reg_lambda": 10.0}, "datetime": {"datetime": "2021-03-23 11:41:45", "elapsed": 147.572415, "delta": 1.184245}}
{"target": -0.47423657744960934, "params": {"model__colsample_bylevel": 0.3, "model__colsample_bynode": 0.3, "model__colsample_bytree": 0.3, "model__learning_rate": 0.3, "model__max_depth": 8.0, "model__n_estimators": 15.0, "model__reg_lambda": 4.729747441222533}, "datetime": {"datetime": "2021-03-23 11:41:47", "elapsed": 148.93572, "delta": 1.363305}}
{"target": -0.37548457812416647, "params": {"model__colsample_bylevel": 0.3, "model__colsample_bynode": 0.3000000182519448, "model__colsample_bytree": 1.0, "model__learning_rate": 0.3, "model__max_depth": 2.0, "model__n_estimators": 24.731591058548528, "model__reg_lambda": 5.127020203650742}, "datetime": {"datetime": "2021-03-23 11:41:48", "elapsed": 150.135939, "delta": 1.200219}}
{"target": -0.4068656151331421, "params": {"model__colsample_bylevel": 0.30000000290475526, "model__colsample_bynode": 0.3, "model__colsample_bytree": 1.0, "model__learning_rate": 0.3, "model__max_depth": 2.0, "model__n_estimators": 19.077227666535762, "model__reg_lambda": 8.965782041133998}, "datetime": {"datetime": "2021-03-23 11:41:49", "elapsed": 151.345587, "delta": 1.209648}}
{"target": -0.3335346145649859, "params": {"model__colsample_bylevel": 0.5959329672209455, "model__colsample_bynode": 0.8053355139799914, "model__colsample_bytree": 0.9607267862409177, "model__learning_rate": 0.28740471850864424, "model__max_depth": 7.5578883081122425, "model__n_estimators": 26.182512045579287, "model__reg_lambda": 7.4932566919663675}, "datetime": {"datetime": "2021-03-23 11:41:50", "elapsed": 152.448606, "delta": 1.103019}}
{"target": -0.31274532445375736, "params": {"model__colsample_bylevel": 0.9973945358724832, "model__colsample_bynode": 0.42533288342694187, "model__colsample_bytree": 0.9332827044998342, "model__learning_rate": 0.2984672362591222, "model__max_depth": 4.872871722938058, "model__n_estimators": 22.74349015417418, "model__reg_lambda": 4.503094506414507}, "datetime": {"datetime": "2021-03-23 11:41:52", "elapsed": 153.784758, "delta": 1.336152}}
{"target": -0.3445695715780923, "params": {"model__colsample_bylevel": 0.9549890176825533, "model__colsample_bynode": 0.9387620235945249, "model__colsample_bytree": 0.9761418539544102, "model__learning_rate": 0.2893721361613022, "model__max_depth": 6.185440990757484, "model__n_estimators": 15.074905836904048, "model__reg_lambda": 5.383281625076039}, "datetime": {"datetime": "2021-03-23 11:41:53", "elapsed": 155.12063, "delta": 1.335872}}
{"target": -0.3287621344304711, "params": {"model__colsample_bylevel": 0.8605568281420382, "model__colsample_bynode": 0.9715515810436917, "model__colsample_bytree": 0.3480440514847091, "model__learning_rate": 0.22032797792717013, "model__max_depth": 6.6199381391699355, "model__n_estimators": 29.991784884056507, "model__reg_lambda": 4.522164657172078}, "datetime": {"datetime": "2021-03-23 11:41:54", "elapsed": 156.354659, "delta": 1.234029}}
{"target": -0.38291713031670216, "params": {"model__colsample_bylevel": 1.0, "model__colsample_bynode": 1.0, "model__colsample_bytree": 1.0, "model__learning_rate": 0.3, "model__max_depth": 2.0, "model__n_estimators": 15.0, "model__reg_lambda": 5.957836111195813}, "datetime": {"datetime": "2021-03-23 11:41:56", "elapsed": 157.982485, "delta": 1.627826}}
{"target": -0.32264411877047783, "params": {"model__colsample_bylevel": 0.327667892722623, "model__colsample_bynode": 0.6277807297948119, "model__colsample_bytree": 0.9378995745352472, "model__learning_rate": 0.2932198757595494, "model__max_depth": 3.4292721350638278, "model__n_estimators": 19.529737344632327, "model__reg_lambda": 0.7482400718364479}, "datetime": {"datetime": "2021-03-23 11:41:57", "elapsed": 159.440664, "delta": 1.458179}}
