{"target": -0.33707681463565675, "params": {"model__colsample_bylevel": 0.5444836593475826, "model__colsample_bynode": 0.34878539622351434, "model__colsample_bytree": 0.9534692571464332, "model__learning_rate": 0.2945601872762784, "model__max_depth": 4.878773778259774, "model__n_estimators": 29.747864781713332, "model__reg_lambda": 8.580152777780444}, "datetime": {"datetime": "2021-03-23 11:39:48", "elapsed": 30.400347, "delta": 1.204299}}
{"target": -0.3330911355848978, "params": {"model__colsample_bylevel": 0.3544922208757805, "model__colsample_bynode": 0.9050341734292711, "model__colsample_bytree": 0.9406152138506219, "model__learning_rate": 0.2946870984988027, "model__max_depth": 3.973525312397828, "model__n_estimators": 20.12525254172936, "model__reg_lambda": 9.211856593760604}, "datetime": {"datetime": "2021-03-23 11:39:49", "elapsed": 31.666139, "delta": 1.265792}}
{"target": -0.32481627834140847, "params": {"model__colsample_bylevel": 0.38273916518257967, "model__colsample_bynode": 0.3317464202872691, "model__colsample_bytree": 0.9635774106468704, "model__learning_rate": 0.25035413344874985, "model__max_depth": 7.428643009333061, "model__n_estimators": 23.9484020860082, "model__reg_lambda": 1.9485568481741522}, "datetime": {"datetime": "2021-03-23 11:39:51", "elapsed": 32.900232, "delta": 1.234093}}
{"target": -0.36433156652416543, "params": {"model__colsample_bylevel": 0.8786523240600412, "model__colsample_bynode": 0.9869533365149057, "model__colsample_bytree": 0.9424253699190455, "model__learning_rate": 0.2472468026814334, "model__max_depth": 2.034614536989247, "model__n_estimators": 27.98419131505272, "model__reg_lambda": 9.920418889681041}, "datetime": {"datetime": "2021-03-23 11:39:52", "elapsed": 33.878965, "delta": 0.978733}}
{"target": -0.3049183457921111, "params": {"model__colsample_bylevel": 0.3000000072944318, "model__colsample_bynode": 0.9999999965349328, "model__colsample_bytree": 1.0, "model__learning_rate": 0.3, "model__max_depth": 7.815317983906626, "model__n_estimators": 20.132941764325956, "model__reg_lambda": 5.701306825896138}, "datetime": {"datetime": "2021-03-23 11:39:53", "elapsed": 34.951423, "delta": 1.072458}}
{"target": -0.32999887824112517, "params": {"model__colsample_bylevel": 0.9971773202589027, "model__colsample_bynode": 0.7989539633212561, "model__colsample_bytree": 0.9902743667149752, "model__learning_rate": 0.29975036252493886, "model__max_depth": 2.1328397399435, "model__n_estimators": 26.6879493459887, "model__reg_lambda": 6.000939424107843}, "datetime": {"datetime": "2021-03-23 11:39:54", "elapsed": 35.862327, "delta": 0.910904}}
{"target": -0.2994862254717863, "params": {"model__colsample_bylevel": 0.7985787765723378, "model__colsample_bynode": 0.9636898977728796, "model__colsample_bytree": 0.9607221943783184, "model__learning_rate": 0.2923583238850036, "model__max_depth": 2.8182443172440106, "model__n_estimators": 25.167563775085906, "model__reg_lambda": 1.537931605426911}, "datetime": {"datetime": "2021-03-23 11:39:55", "elapsed": 37.112956, "delta": 1.250629}}
{"target": -0.29986253065745466, "params": {"model__colsample_bylevel": 0.5802591114195619, "model__colsample_bynode": 0.6601825960428211, "model__colsample_bytree": 0.7770290526389491, "model__learning_rate": 0.3, "model__max_depth": 7.522602632772313, "model__n_estimators": 30.0, "model__reg_lambda": 5.651744651540577}, "datetime": {"datetime": "2021-03-23 11:39:56", "elapsed": 38.439766, "delta": 1.32681}}
{"target": -0.33302118965370603, "params": {"model__colsample_bylevel": 0.33330999381581505, "model__colsample_bynode": 0.3655266282479278, "model__colsample_bytree": 0.9957984076979083, "model__learning_rate": 0.2710202339933009, "model__max_depth": 6.332840146467967, "model__n_estimators": 29.905488602300306, "model__reg_lambda": 5.070427711370371}, "datetime": {"datetime": "2021-03-23 11:39:57", "elapsed": 39.603009, "delta": 1.163243}}
{"target": -0.31746426405270417, "params": {"model__colsample_bylevel": 0.9844820245027766, "model__colsample_bynode": 0.9493257207838501, "model__colsample_bytree": 0.7276504015421903, "model__learning_rate": 0.27230090056353773, "model__max_depth": 3.407133650575484, "model__n_estimators": 28.89110336943172, "model__reg_lambda": 7.738908576588589}, "datetime": {"datetime": "2021-03-23 11:39:59", "elapsed": 40.958475, "delta": 1.355466}}
{"target": -0.3285363502017614, "params": {"model__colsample_bylevel": 0.3521930019687699, "model__colsample_bynode": 0.9214788543914305, "model__colsample_bytree": 0.38608286780588746, "model__learning_rate": 0.20952371327052222, "model__max_depth": 7.9195602034231625, "model__n_estimators": 29.898959623518795, "model__reg_lambda": 5.003155442434899}, "datetime": {"datetime": "2021-03-23 11:40:00", "elapsed": 41.919583, "delta": 0.961108}}
{"target": -0.3912470456835328, "params": {"model__colsample_bylevel": 0.3789149433266036, "model__colsample_bynode": 0.39522701412415145, "model__colsample_bytree": 0.35452808049992124, "model__learning_rate": 0.2952425043841569, "model__max_depth": 5.547197735561087, "model__n_estimators": 17.743672628998514, "model__reg_lambda": 0.01883126477645214}, "datetime": {"datetime": "2021-03-23 11:40:01", "elapsed": 43.332594, "delta": 1.413011}}
{"target": -0.32446474180661433, "params": {"model__colsample_bylevel": 0.92903384990078, "model__colsample_bynode": 0.9248460672841099, "model__colsample_bytree": 0.9398576556370659, "model__learning_rate": 0.2952012184936321, "model__max_depth": 7.957723314272327, "model__n_estimators": 25.270484983053137, "model__reg_lambda": 5.257798344333961}, "datetime": {"datetime": "2021-03-23 11:40:02", "elapsed": 44.517963, "delta": 1.185369}}
{"target": -0.30604231062351955, "params": {"model__colsample_bylevel": 0.3, "model__colsample_bynode": 1.0, "model__colsample_bytree": 1.0, "model__learning_rate": 0.3, "model__max_depth": 7.224942988684317, "model__n_estimators": 29.088099732233434, "model__reg_lambda": 10.0}, "datetime": {"datetime": "2021-03-23 11:40:03", "elapsed": 45.664569, "delta": 1.146606}}
{"target": -0.3259275533310374, "params": {"model__colsample_bylevel": 0.3, "model__colsample_bynode": 0.5172057914448311, "model__colsample_bytree": 1.0, "model__learning_rate": 0.3, "model__max_depth": 5.324655642820024, "model__n_estimators": 26.37000605476327, "model__reg_lambda": 0.38556419716203555}, "datetime": {"datetime": "2021-03-23 11:40:04", "elapsed": 46.675729, "delta": 1.01116}}
{"target": -0.3500099130055405, "params": {"model__colsample_bylevel": 0.9168708915167363, "model__colsample_bynode": 0.5104230141931704, "model__colsample_bytree": 0.3386910953940571, "model__learning_rate": 0.27761942226203007, "model__max_depth": 2.691620850689011, "model__n_estimators": 29.79817972581328, "model__reg_lambda": 0.3164793960707257}, "datetime": {"datetime": "2021-03-23 11:40:06", "elapsed": 48.29103, "delta": 1.615301}}
{"target": -0.31671136845328396, "params": {"model__colsample_bylevel": 0.35758225293095686, "model__colsample_bynode": 0.9581213549822596, "model__colsample_bytree": 0.8125211145123565, "model__learning_rate": 0.28442954943666454, "model__max_depth": 7.775359212604394, "model__n_estimators": 28.8136922213315, "model__reg_lambda": 7.139585064619011}, "datetime": {"datetime": "2021-03-23 11:40:08", "elapsed": 49.969876, "delta": 1.678846}}
{"target": -0.3733724170708624, "params": {"model__colsample_bylevel": 0.9917010363125454, "model__colsample_bynode": 0.6696653769587675, "model__colsample_bytree": 0.86816894349223, "model__learning_rate": 0.22308277056967138, "model__max_depth": 2.2182540959803134, "model__n_estimators": 15.113000604572097, "model__reg_lambda": 0.2285192164211869}, "datetime": {"datetime": "2021-03-23 11:40:09", "elapsed": 51.395675, "delta": 1.425799}}
{"target": -0.33941086602846054, "params": {"model__colsample_bylevel": 0.9037892669098804, "model__colsample_bynode": 0.8615426653505867, "model__colsample_bytree": 0.9888468721587738, "model__learning_rate": 0.2949644778258219, "model__max_depth": 3.5816969165072465, "model__n_estimators": 20.10667911882738, "model__reg_lambda": 2.216880326235736}, "datetime": {"datetime": "2021-03-23 11:40:11", "elapsed": 52.904095, "delta": 1.50842}}
{"target": -0.34698098881214023, "params": {"model__colsample_bylevel": 0.8672682984897266, "model__colsample_bynode": 0.333282317391136, "model__colsample_bytree": 0.4852814876785302, "model__learning_rate": 0.29516501604042356, "model__max_depth": 4.792430704488988, "model__n_estimators": 15.184198707121158, "model__reg_lambda": 0.658970509885326}, "datetime": {"datetime": "2021-03-23 11:40:12", "elapsed": 54.168113, "delta": 1.264018}}
{"target": -0.36671972946412323, "params": {"model__colsample_bylevel": 0.9398186319052995, "model__colsample_bynode": 0.3676161821219832, "model__colsample_bytree": 0.9880091256610992, "model__learning_rate": 0.27062359701104693, "model__max_depth": 5.350311460204084, "model__n_estimators": 16.9185849468373, "model__reg_lambda": 9.979823288961905}, "datetime": {"datetime": "2021-03-23 11:40:13", "elapsed": 55.560661, "delta": 1.392548}}
{"target": -0.3077498290321682, "params": {"model__colsample_bylevel": 0.9345158959056663, "model__colsample_bynode": 0.8855194130583082, "model__colsample_bytree": 0.9918027684139863, "model__learning_rate": 0.26389466773233744, "model__max_depth": 4.102236791862344, "model__n_estimators": 29.965290068163927, "model__reg_lambda": 5.472171510452039}, "datetime": {"datetime": "2021-03-23 11:40:15", "elapsed": 57.37909, "delta": 1.818429}}
{"target": -0.32918289835257725, "params": {"model__colsample_bylevel": 0.8905516641227631, "model__colsample_bynode": 0.8603589480444811, "model__colsample_bytree": 0.9105299063742398, "model__learning_rate": 0.258228999335203, "model__max_depth": 2.171679104652744, "model__n_estimators": 19.338974783816045, "model__reg_lambda": 0.24768915400880998}, "datetime": {"datetime": "2021-03-23 11:40:16", "elapsed": 58.452031, "delta": 1.072941}}
{"target": -0.32127855482605705, "params": {"model__colsample_bylevel": 0.3334171165186605, "model__colsample_bynode": 0.8357486973999653, "model__colsample_bytree": 0.969421660664868, "model__learning_rate": 0.2912972682256205, "model__max_depth": 5.7360253874638545, "model__n_estimators": 25.1726499139943, "model__reg_lambda": 3.8969602420313345}, "datetime": {"datetime": "2021-03-23 11:40:17", "elapsed": 59.482245, "delta": 1.030214}}
{"target": -0.3228000984142494, "params": {"model__colsample_bylevel": 0.9708563168039919, "model__colsample_bynode": 1.0, "model__colsample_bytree": 1.0, "model__learning_rate": 0.3, "model__max_depth": 5.0098091283137505, "model__n_estimators": 20.70705937615421, "model__reg_lambda": 9.320334452270139}, "datetime": {"datetime": "2021-03-23 11:40:18", "elapsed": 60.618228, "delta": 1.135983}}
{"target": -0.364799989925603, "params": {"model__colsample_bylevel": 0.9370547318919917, "model__colsample_bynode": 0.3050565239589536, "model__colsample_bytree": 0.7651923925432227, "model__learning_rate": 0.27716402413066243, "model__max_depth": 2.1414381154798288, "model__n_estimators": 23.000678725315105, "model__reg_lambda": 5.961724054372022}, "datetime": {"datetime": "2021-03-23 11:40:19", "elapsed": 61.459098, "delta": 0.84087}}
{"target": -0.34434955157103364, "params": {"model__colsample_bylevel": 0.8409305608736051, "model__colsample_bynode": 0.9058170405044472, "model__colsample_bytree": 0.9158593034755649, "model__learning_rate": 0.28894983000782987, "model__max_depth": 5.978505732035535, "model__n_estimators": 18.16753979573894, "model__reg_lambda": 5.78091293916903}, "datetime": {"datetime": "2021-03-23 11:40:20", "elapsed": 62.688846, "delta": 1.229748}}
{"target": -0.34696154135812507, "params": {"model__colsample_bylevel": 0.9999999994808444, "model__colsample_bynode": 0.9422855913408704, "model__colsample_bytree": 0.331214061267726, "model__learning_rate": 0.3, "model__max_depth": 2.0000000151751793, "model__n_estimators": 29.999999999127958, "model__reg_lambda": 4.232241268373658}, "datetime": {"datetime": "2021-03-23 11:40:22", "elapsed": 63.797544, "delta": 1.108698}}
{"target": -0.3185884188114922, "params": {"model__colsample_bylevel": 0.7621313358146824, "model__colsample_bynode": 0.32328847493149376, "model__colsample_bytree": 0.9963044436749449, "model__learning_rate": 0.2763964881954072, "model__max_depth": 5.058211614746105, "model__n_estimators": 27.106667072559574, "model__reg_lambda": 5.594646199208833}, "datetime": {"datetime": "2021-03-23 11:40:23", "elapsed": 65.09096, "delta": 1.293416}}
{"target": -0.3415620155259629, "params": {"model__colsample_bylevel": 0.44565933979960115, "model__colsample_bynode": 0.32298186986780864, "model__colsample_bytree": 0.9068590332655166, "model__learning_rate": 0.28672209495468914, "model__max_depth": 4.053097956826915, "model__n_estimators": 29.742952566521232, "model__reg_lambda": 1.0659404364993907}, "datetime": {"datetime": "2021-03-23 11:40:24", "elapsed": 66.254051, "delta": 1.163091}}
{"target": -0.2990399718803414, "params": {"model__colsample_bylevel": 0.9457326948536064, "model__colsample_bynode": 0.39005026610612525, "model__colsample_bytree": 0.9768926745953652, "model__learning_rate": 0.277465984930123, "model__max_depth": 2.1723620647279267, "model__n_estimators": 24.737150013475038, "model__reg_lambda": 1.2977067254339592}, "datetime": {"datetime": "2021-03-23 11:40:25", "elapsed": 67.520239, "delta": 1.266188}}
{"target": -0.322774842357182, "params": {"model__colsample_bylevel": 0.8126643985969391, "model__colsample_bynode": 0.3671434786421499, "model__colsample_bytree": 0.9627015683696702, "model__learning_rate": 0.2957350108742445, "model__max_depth": 5.318587807762708, "model__n_estimators": 21.082560666382264, "model__reg_lambda": 6.200323090184893}, "datetime": {"datetime": "2021-03-23 11:40:26", "elapsed": 68.708791, "delta": 1.188552}}
{"target": -0.3223376586928667, "params": {"model__colsample_bylevel": 0.8872676460956042, "model__colsample_bynode": 0.9778981053960352, "model__colsample_bytree": 0.8951492071966247, "model__learning_rate": 0.28965660699742396, "model__max_depth": 4.410629046987897, "model__n_estimators": 25.99209194642758, "model__reg_lambda": 9.935240706910308}, "datetime": {"datetime": "2021-03-23 11:40:28", "elapsed": 69.902129, "delta": 1.193338}}
{"target": -0.3222081243134765, "params": {"model__colsample_bylevel": 0.9999999980162437, "model__colsample_bynode": 1.0, "model__colsample_bytree": 1.0, "model__learning_rate": 0.3, "model__max_depth": 7.999999982996375, "model__n_estimators": 25.701217759100526, "model__reg_lambda": 9.999999976762515}, "datetime": {"datetime": "2021-03-23 11:40:29", "elapsed": 70.922179, "delta": 1.02005}}
{"target": -0.33725792408542904, "params": {"model__colsample_bylevel": 0.9409198854793626, "model__colsample_bynode": 0.5597799109525654, "model__colsample_bytree": 0.9172090897394822, "model__learning_rate": 0.292141183143292, "model__max_depth": 7.946926673747164, "model__n_estimators": 19.626486841464185, "model__reg_lambda": 9.891157725378504}, "datetime": {"datetime": "2021-03-23 11:40:30", "elapsed": 71.997652, "delta": 1.075473}}
{"target": -0.3367979979496854, "params": {"model__colsample_bylevel": 0.9499620012474475, "model__colsample_bynode": 0.33893748342373703, "model__colsample_bytree": 0.3578552254122917, "model__learning_rate": 0.2894429137713078, "model__max_depth": 4.658573641475951, "model__n_estimators": 29.842114006519992, "model__reg_lambda": 3.7102482530019367}, "datetime": {"datetime": "2021-03-23 11:40:31", "elapsed": 73.284048, "delta": 1.286396}}
{"target": -0.3421937116928756, "params": {"model__colsample_bylevel": 0.7723822909200413, "model__colsample_bynode": 0.9132944714687152, "model__colsample_bytree": 0.9383480844152958, "model__learning_rate": 0.2977865333248272, "model__max_depth": 2.1413645023375185, "model__n_estimators": 27.944934554492356, "model__reg_lambda": 4.23419902959645}, "datetime": {"datetime": "2021-03-23 11:40:33", "elapsed": 74.895582, "delta": 1.611534}}
{"target": -0.3314069601663294, "params": {"model__colsample_bylevel": 0.3, "model__colsample_bynode": 0.9937580415677855, "model__colsample_bytree": 1.0, "model__learning_rate": 0.3, "model__max_depth": 8.0, "model__n_estimators": 15.769913206645958, "model__reg_lambda": 4.540031300303199}, "datetime": {"datetime": "2021-03-23 11:40:34", "elapsed": 76.043418, "delta": 1.147836}}
{"target": -0.32082654354862694, "params": {"model__colsample_bylevel": 0.9138047220239798, "model__colsample_bynode": 0.7126132776332703, "model__colsample_bytree": 0.3551093158122805, "model__learning_rate": 0.2571734309449011, "model__max_depth": 2.9710240118143743, "model__n_estimators": 24.887586909795065, "model__reg_lambda": 0.2158997854863265}, "datetime": {"datetime": "2021-03-23 11:40:35", "elapsed": 77.411551, "delta": 1.368133}}
{"target": -0.3285798474326325, "params": {"model__colsample_bylevel": 0.9474309466253807, "model__colsample_bynode": 0.30913382308574033, "model__colsample_bytree": 0.6613123669012073, "model__learning_rate": 0.20830079711507832, "model__max_depth": 7.977202450747191, "model__n_estimators": 20.17197678425194, "model__reg_lambda": 0.958789046698364}, "datetime": {"datetime": "2021-03-23 11:40:36", "elapsed": 78.620356, "delta": 1.208805}}
{"target": -0.4112889455860831, "params": {"model__colsample_bylevel": 0.4434508842518223, "model__colsample_bynode": 0.9337599628792301, "model__colsample_bytree": 0.3194896108137531, "model__learning_rate": 0.29300187871956124, "model__max_depth": 2.4172290459872956, "model__n_estimators": 18.549186939983215, "model__reg_lambda": 9.921691788556023}, "datetime": {"datetime": "2021-03-23 11:40:38", "elapsed": 79.974602, "delta": 1.354246}}
{"target": -0.35293978023531747, "params": {"model__colsample_bylevel": 0.5942982904068961, "model__colsample_bynode": 0.30000000030052437, "model__colsample_bytree": 0.999999999878343, "model__learning_rate": 0.3, "model__max_depth": 4.232425712606744, "model__n_estimators": 15.000000000172902, "model__reg_lambda": 4.42329933887463}, "datetime": {"datetime": "2021-03-23 11:40:39", "elapsed": 80.963192, "delta": 0.98859}}
{"target": -0.33279344025793467, "params": {"model__colsample_bylevel": 0.3000000073619818, "model__colsample_bynode": 0.30000000006908806, "model__colsample_bytree": 1.0, "model__learning_rate": 0.3, "model__max_depth": 7.526268136186193, "model__n_estimators": 15.49218747819564, "model__reg_lambda": 9.054789868195456e-09}, "datetime": {"datetime": "2021-03-23 11:40:40", "elapsed": 82.374688, "delta": 1.411496}}
{"target": -0.3148973952665034, "params": {"model__colsample_bylevel": 0.9921436472912624, "model__colsample_bynode": 0.9512266051408422, "model__colsample_bytree": 0.8759332663821977, "model__learning_rate": 0.28503300404675747, "model__max_depth": 7.845120369189175, "model__n_estimators": 21.510275961462046, "model__reg_lambda": 6.569250358515807}, "datetime": {"datetime": "2021-03-23 11:40:41", "elapsed": 83.632685, "delta": 1.257997}}
{"target": -0.32495168591630175, "params": {"model__colsample_bylevel": 0.7952186954304828, "model__colsample_bynode": 0.9354240334285464, "model__colsample_bytree": 0.9661607300960309, "model__learning_rate": 0.28615053738420615, "model__max_depth": 7.8219139240524385, "model__n_estimators": 29.208574090816313, "model__reg_lambda": 5.751320112519224}, "datetime": {"datetime": "2021-03-23 11:40:43", "elapsed": 85.301504, "delta": 1.668819}}
{"target": -0.31794493878192764, "params": {"model__colsample_bylevel": 0.4647095739980954, "model__colsample_bynode": 0.9489006261335124, "model__colsample_bytree": 0.5313938535167114, "model__learning_rate": 0.2940984256520538, "model__max_depth": 7.9608636257673755, "model__n_estimators": 21.419883712548792, "model__reg_lambda": 1.9478064255285654}, "datetime": {"datetime": "2021-03-23 11:40:44", "elapsed": 86.663429, "delta": 1.361925}}
{"target": -0.3237839892256897, "params": {"model__colsample_bylevel": 0.4086335602626222, "model__colsample_bynode": 0.9903414527913108, "model__colsample_bytree": 0.9224689338755194, "model__learning_rate": 0.23453998818489225, "model__max_depth": 4.511835880138399, "model__n_estimators": 29.487176912194982, "model__reg_lambda": 9.919522833488447}, "datetime": {"datetime": "2021-03-23 11:40:46", "elapsed": 88.263092, "delta": 1.599663}}
{"target": -0.30268828217800625, "params": {"model__colsample_bylevel": 0.9457714253146707, "model__colsample_bynode": 0.5315697975294977, "model__colsample_bytree": 0.9274404950181958, "model__learning_rate": 0.29959445118153016, "model__max_depth": 6.189049094950053, "model__n_estimators": 25.302539506868886, "model__reg_lambda": 5.019732077655103}, "datetime": {"datetime": "2021-03-23 11:40:47", "elapsed": 89.336011, "delta": 1.072919}}
{"target": -0.31808508234959015, "params": {"model__colsample_bylevel": 0.33793516068718793, "model__colsample_bynode": 0.9862041816941178, "model__colsample_bytree": 0.9302401303422281, "model__learning_rate": 0.2979181965144564, "model__max_depth": 6.0759805208820055, "model__n_estimators": 15.13330915188038, "model__reg_lambda": 0.518569593435656}, "datetime": {"datetime": "2021-03-23 11:40:48", "elapsed": 90.681275, "delta": 1.345264}}
{"target": -0.3412555373601102, "params": {"model__colsample_bylevel": 0.8906875498514526, "model__colsample_bynode": 0.9448495283222362, "model__colsample_bytree": 0.966657598563412, "model__learning_rate": 0.24438782887582847, "model__max_depth": 3.8793743089272676, "model__n_estimators": 22.362628847208722, "model__reg_lambda": 0.12035213787254806}, "datetime": {"datetime": "2021-03-23 11:40:50", "elapsed": 91.997564, "delta": 1.316289}}
