{"target": -0.31166806085055454, "params": {"model__colsample_bylevel": 0.8598493484482015, "model__colsample_bynode": 0.6132215091574345, "model__colsample_bytree": 0.41608734450929086, "model__learning_rate": 0.28161769996720365, "model__max_depth": 4.0, "model__n_estimators": 29.0, "model__reg_lambda": 5.040994016933976}, "datetime": {"datetime": "2021-03-23 11:39:18", "elapsed": 0.0, "delta": 0.0}}
{"target": -0.3205868249783542, "params": {"model__colsample_bylevel": 0.4457274234993227, "model__colsample_bynode": 0.5645577508801525, "model__colsample_bytree": 0.7670311867644506, "model__learning_rate": 0.18525214200861012, "model__max_depth": 5.0, "model__n_estimators": 30.0, "model__reg_lambda": 0.025478032206992518}, "datetime": {"datetime": "2021-03-23 11:39:18", "elapsed": 0.082633, "delta": 0.082633}}
{"target": -0.3205868249783542, "params": {"model__colsample_bylevel": 0.4457274234993227, "model__colsample_bynode": 0.5645577508801525, "model__colsample_bytree": 0.7670311867644506, "model__learning_rate": 0.18525214200861012, "model__max_depth": 5.0, "model__n_estimators": 30.0, "model__reg_lambda": 0.025478032206992518}, "datetime": {"datetime": "2021-03-23 11:39:18", "elapsed": 0.083589, "delta": 0.000956}}
{"target": -0.3215249539639774, "params": {"model__colsample_bylevel": 0.3000000000401175, "model__colsample_bynode": 1.0, "model__colsample_bytree": 1.0, "model__learning_rate": 0.3, "model__max_depth": 6.0, "model__n_estimators": 20.0, "model__reg_lambda": 0.6555114714298782}, "datetime": {"datetime": "2021-03-23 11:39:18", "elapsed": 0.166176, "delta": 0.082587}}
{"target": -0.29423177834529346, "params": {"model__colsample_bylevel": 0.816923983909474, "model__colsample_bynode": 0.7090153450298311, "model__colsample_bytree": 0.9184032582594783, "model__learning_rate": 0.21574992226411746, "model__max_depth": 3.0, "model__n_estimators": 24.0, "model__reg_lambda": 0.5387774367636355}, "datetime": {"datetime": "2021-03-23 11:39:18", "elapsed": 0.256149, "delta": 0.089973}}
{"target": -0.3578668809536359, "params": {"model__colsample_bylevel": 0.9545270848341145, "model__colsample_bynode": 0.3211882708399465, "model__colsample_bytree": 0.41926540713999566, "model__learning_rate": 0.24328980210582396, "model__max_depth": 8.0, "model__n_estimators": 26.0, "model__reg_lambda": 0.5512716795682926}, "datetime": {"datetime": "2021-03-23 11:39:18", "elapsed": 0.331788, "delta": 0.075639}}
{"target": -0.3126897544958595, "params": {"model__colsample_bylevel": 0.3010256866178869, "model__colsample_bynode": 0.9502791929530847, "model__colsample_bytree": 0.8138625090533029, "model__learning_rate": 0.2933306445674956, "model__max_depth": 7.0, "model__n_estimators": 30.0, "model__reg_lambda": 0.5986636073146601}, "datetime": {"datetime": "2021-03-23 11:39:18", "elapsed": 0.416322, "delta": 0.084534}}
{"target": -0.3254828682759831, "params": {"model__colsample_bylevel": 0.3, "model__colsample_bynode": 1.0, "model__colsample_bytree": 1.0, "model__learning_rate": 0.21995328645523196, "model__max_depth": 4.0, "model__n_estimators": 30.0, "model__reg_lambda": 2.7917624667973833}, "datetime": {"datetime": "2021-03-23 11:39:18", "elapsed": 0.503928, "delta": 0.087606}}
{"target": -0.32477533303874384, "params": {"model__colsample_bylevel": 0.3143257824560291, "model__colsample_bynode": 0.8856487291907631, "model__colsample_bytree": 0.9569415316650005, "model__learning_rate": 0.29261207338322454, "model__max_depth": 8.0, "model__n_estimators": 19.0, "model__reg_lambda": 0.3888574533939204}, "datetime": {"datetime": "2021-03-23 11:39:18", "elapsed": 0.584264, "delta": 0.080336}}
{"target": -0.3639235110393307, "params": {"model__colsample_bylevel": 0.319496863164879, "model__colsample_bynode": 0.9841750202770836, "model__colsample_bytree": 0.41602845468279737, "model__learning_rate": 0.29098819019141414, "model__max_depth": 6.0, "model__n_estimators": 24.0, "model__reg_lambda": 0.08044795560942064}, "datetime": {"datetime": "2021-03-23 11:39:18", "elapsed": 0.655207, "delta": 0.070943}}
{"target": -0.3025304096648419, "params": {"model__colsample_bylevel": 0.8937163213957058, "model__colsample_bynode": 0.6050331315133894, "model__colsample_bytree": 0.9774054399671719, "model__learning_rate": 0.29091627248055996, "model__max_depth": 3.0, "model__n_estimators": 21.0, "model__reg_lambda": 0.16216803103257793}, "datetime": {"datetime": "2021-03-23 11:39:18", "elapsed": 0.739667, "delta": 0.08446}}
{"target": -0.32159184698906285, "params": {"model__colsample_bylevel": 0.9999999909720318, "model__colsample_bynode": 1.0, "model__colsample_bytree": 0.3, "model__learning_rate": 0.3, "model__max_depth": 5.0, "model__n_estimators": 20.0, "model__reg_lambda": 1.0886287300704294}, "datetime": {"datetime": "2021-03-23 11:39:19", "elapsed": 0.830519, "delta": 0.090852}}
{"target": -0.32159184698906285, "params": {"model__colsample_bylevel": 0.9999999909720318, "model__colsample_bynode": 1.0, "model__colsample_bytree": 0.3, "model__learning_rate": 0.3, "model__max_depth": 5.0, "model__n_estimators": 20.0, "model__reg_lambda": 1.0886287300704294}, "datetime": {"datetime": "2021-03-23 11:39:19", "elapsed": 0.830823, "delta": 0.000304}}
{"target": -0.29570150852179744, "params": {"model__colsample_bylevel": 0.9591866174767125, "model__colsample_bynode": 0.8839416229506021, "model__colsample_bytree": 0.9570577863268956, "model__learning_rate": 0.29950521327149315, "model__max_depth": 2.0, "model__n_estimators": 23.0, "model__reg_lambda": 0.06540627141562116}, "datetime": {"datetime": "2021-03-23 11:39:19", "elapsed": 0.92833, "delta": 0.097507}}
{"target": -0.30487114081565847, "params": {"model__colsample_bylevel": 0.9400274902134413, "model__colsample_bynode": 0.4208132722382695, "model__colsample_bytree": 0.38872304829058585, "model__learning_rate": 0.29350713786045646, "model__max_depth": 6.0, "model__n_estimators": 30.0, "model__reg_lambda": 0.9227004098351721}, "datetime": {"datetime": "2021-03-23 11:39:19", "elapsed": 1.00906, "delta": 0.08073}}
{"target": -0.30487114081565847, "params": {"model__colsample_bylevel": 0.9400274902134413, "model__colsample_bynode": 0.4208132722382695, "model__colsample_bytree": 0.38872304829058585, "model__learning_rate": 0.29350713786045646, "model__max_depth": 6.0, "model__n_estimators": 30.0, "model__reg_lambda": 0.9227004098351721}, "datetime": {"datetime": "2021-03-23 11:39:19", "elapsed": 1.009372, "delta": 0.000312}}
{"target": -0.31412482623814814, "params": {"model__colsample_bylevel": 0.8994854699464117, "model__colsample_bynode": 0.34925543172415174, "model__colsample_bytree": 0.8081435008220446, "model__learning_rate": 0.2876910084817662, "model__max_depth": 3.0, "model__n_estimators": 21.0, "model__reg_lambda": 0.17752051926650414}, "datetime": {"datetime": "2021-03-23 11:39:19", "elapsed": 1.085843, "delta": 0.076471}}
{"target": -0.29604493894536665, "params": {"model__colsample_bylevel": 0.6462050875749648, "model__colsample_bynode": 0.35025293331674023, "model__colsample_bytree": 0.9180963879571478, "model__learning_rate": 0.26170691725891904, "model__max_depth": 5.0, "model__n_estimators": 30.0, "model__reg_lambda": 2.310411663912031}, "datetime": {"datetime": "2021-03-23 11:39:19", "elapsed": 1.180538, "delta": 0.094695}}
{"target": -0.29604493894536665, "params": {"model__colsample_bylevel": 0.6462050875749648, "model__colsample_bynode": 0.35025293331674023, "model__colsample_bytree": 0.9180963879571478, "model__learning_rate": 0.26170691725891904, "model__max_depth": 5.0, "model__n_estimators": 30.0, "model__reg_lambda": 2.310411663912031}, "datetime": {"datetime": "2021-03-23 11:39:19", "elapsed": 1.180851, "delta": 0.000313}}
{"target": -0.30726299122266093, "params": {"model__colsample_bylevel": 0.39922668882698414, "model__colsample_bynode": 0.948920135257588, "model__colsample_bytree": 0.7802097559822982, "model__learning_rate": 0.2856551971834015, "model__max_depth": 5.0, "model__n_estimators": 30.0, "model__reg_lambda": 6.409130052799856}, "datetime": {"datetime": "2021-03-23 11:39:19", "elapsed": 1.283889, "delta": 0.103038}}
{"target": -0.30726299122266093, "params": {"model__colsample_bylevel": 0.39922668882698414, "model__colsample_bynode": 0.948920135257588, "model__colsample_bytree": 0.7802097559822982, "model__learning_rate": 0.2856551971834015, "model__max_depth": 5.0, "model__n_estimators": 30.0, "model__reg_lambda": 6.409130052799856}, "datetime": {"datetime": "2021-03-23 11:39:19", "elapsed": 1.284196, "delta": 0.000307}}
{"target": -0.3137772772154953, "params": {"model__colsample_bylevel": 0.9605622359228287, "model__colsample_bynode": 0.5846799264148294, "model__colsample_bytree": 0.9747271743262194, "model__learning_rate": 0.2985738075912968, "model__max_depth": 4.0, "model__n_estimators": 28.0, "model__reg_lambda": 3.6573832788545846}, "datetime": {"datetime": "2021-03-23 11:39:19", "elapsed": 1.395622, "delta": 0.111426}}
{"target": -0.44170102619606516, "params": {"model__colsample_bylevel": 0.30726190771998996, "model__colsample_bynode": 0.651312214504117, "model__colsample_bytree": 0.6470413051939022, "model__learning_rate": 0.12676590579185532, "model__max_depth": 2.8526665127272315, "model__n_estimators": 18.278380134391174, "model__reg_lambda": 4.185081805104525}, "datetime": {"datetime": "2021-03-23 11:39:19", "elapsed": 1.458745, "delta": 0.063123}}
{"target": -0.3284894245804922, "params": {"model__colsample_bylevel": 0.4736708178894914, "model__colsample_bynode": 0.35884175581574507, "model__colsample_bytree": 0.54184904803528, "model__learning_rate": 0.1333552693064643, "model__max_depth": 7.271354513195954, "model__n_estimators": 29.26446047440075, "model__reg_lambda": 0.38748375832319826}, "datetime": {"datetime": "2021-03-23 11:39:19", "elapsed": 1.543458, "delta": 0.084713}}
{"target": -0.3056427819175187, "params": {"model__colsample_bylevel": 0.7893751739791326, "model__colsample_bynode": 0.7009318708985864, "model__colsample_bytree": 0.9286049827576046, "model__learning_rate": 0.23337979458392732, "model__max_depth": 5.28702669827889, "model__n_estimators": 25.53641136102083, "model__reg_lambda": 3.864771696146654}, "datetime": {"datetime": "2021-03-23 11:39:19", "elapsed": 1.660951, "delta": 0.117493}}
{"target": -0.33375423910734037, "params": {"model__colsample_bylevel": 0.7861070744351207, "model__colsample_bynode": 0.8774093251503836, "model__colsample_bytree": 0.6259679327570861, "model__learning_rate": 0.28810488190533123, "model__max_depth": 6.822438620073907, "model__n_estimators": 29.75038872336499, "model__reg_lambda": 1.696362575837671}, "datetime": {"datetime": "2021-03-23 11:39:20", "elapsed": 1.781342, "delta": 0.120391}}
{"target": -0.34203016944398323, "params": {"model__colsample_bylevel": 0.6647592980218581, "model__colsample_bynode": 0.9618621918833685, "model__colsample_bytree": 0.7546783242123333, "model__learning_rate": 0.2721663846451393, "model__max_depth": 7.825076072541351, "model__n_estimators": 17.78312530401691, "model__reg_lambda": 2.431156753134085}, "datetime": {"datetime": "2021-03-23 11:39:20", "elapsed": 1.887238, "delta": 0.105896}}
{"target": -0.3555307676388032, "params": {"model__colsample_bylevel": 0.9113805901707872, "model__colsample_bynode": 0.9343940938464552, "model__colsample_bytree": 0.8307945907576542, "model__learning_rate": 0.16938039075510394, "model__max_depth": 4.781208283904345, "model__n_estimators": 24.15806611272194, "model__reg_lambda": 4.96281717671187}, "datetime": {"datetime": "2021-03-23 11:39:20", "elapsed": 2.013181, "delta": 0.125943}}
{"target": -0.3800355067962538, "params": {"model__colsample_bylevel": 0.6345818094768427, "model__colsample_bynode": 0.604888825336442, "model__colsample_bytree": 0.9092858074985717, "model__learning_rate": 0.1374717294122843, "model__max_depth": 6.126044559156051, "model__n_estimators": 25.552937607020823, "model__reg_lambda": 9.252000772711074}, "datetime": {"datetime": "2021-03-23 11:39:20", "elapsed": 2.120935, "delta": 0.107754}}
{"target": -0.4099124353878416, "params": {"model__colsample_bylevel": 0.32761837237198693, "model__colsample_bynode": 0.7529816994815779, "model__colsample_bytree": 0.7466377893021694, "model__learning_rate": 0.19233953249413938, "model__max_depth": 2.318356546912358, "model__n_estimators": 15.578563847435374, "model__reg_lambda": 1.6953141420787687}, "datetime": {"datetime": "2021-03-23 11:39:20", "elapsed": 2.182917, "delta": 0.061982}}
{"target": -0.3805893098712777, "params": {"model__colsample_bylevel": 0.8561835208849775, "model__colsample_bynode": 0.4138242325920566, "model__colsample_bytree": 0.3971170898456863, "model__learning_rate": 0.17058339064653638, "model__max_depth": 4.906990730916813, "model__n_estimators": 25.466045776856664, "model__reg_lambda": 8.011564316956859}, "datetime": {"datetime": "2021-03-23 11:39:20", "elapsed": 2.264238, "delta": 0.081321}}
{"target": -0.4033142419073029, "params": {"model__colsample_bylevel": 0.4867420639503589, "model__colsample_bynode": 0.936633346480775, "model__colsample_bytree": 0.3160068649787738, "model__learning_rate": 0.17502455249915477, "model__max_depth": 3.1977999718893484, "model__n_estimators": 20.142078437421155, "model__reg_lambda": 4.441122950440465}, "datetime": {"datetime": "2021-03-23 11:39:20", "elapsed": 2.329997, "delta": 0.065759}}
{"target": -0.3782869008815159, "params": {"model__colsample_bylevel": 0.6486977272532548, "model__colsample_bynode": 0.5900424273597351, "model__colsample_bytree": 0.4499791740194562, "model__learning_rate": 0.14332794254537243, "model__max_depth": 3.3938427634789914, "model__n_estimators": 25.93628430939619, "model__reg_lambda": 4.159186670147922}, "datetime": {"datetime": "2021-03-23 11:39:20", "elapsed": 2.404231, "delta": 0.074234}}
{"target": -0.3645631341304144, "params": {"model__colsample_bylevel": 0.7087287246096596, "model__colsample_bynode": 0.6460356235928947, "model__colsample_bytree": 0.6010327699478305, "model__learning_rate": 0.24695316340723392, "model__max_depth": 5.337298920821893, "model__n_estimators": 19.539459624900097, "model__reg_lambda": 9.70798194813456}, "datetime": {"datetime": "2021-03-23 11:39:20", "elapsed": 2.494201, "delta": 0.08997}}
{"target": -0.4250870551994961, "params": {"model__colsample_bylevel": 0.4573898284863129, "model__colsample_bynode": 0.39713840986827087, "model__colsample_bytree": 0.730452732753553, "model__learning_rate": 0.19838578785694924, "model__max_depth": 3.0989164019193227, "model__n_estimators": 16.639657727470496, "model__reg_lambda": 5.395755249234239}, "datetime": {"datetime": "2021-03-23 11:39:20", "elapsed": 2.55739, "delta": 0.063189}}
{"target": -0.3637164498996529, "params": {"model__colsample_bylevel": 0.5025094970837707, "model__colsample_bynode": 0.37213783629228636, "model__colsample_bytree": 0.6434210837220209, "model__learning_rate": 0.22641833694649102, "model__max_depth": 2.227815301561689, "model__n_estimators": 22.50161880662639, "model__reg_lambda": 0.835434299294453}, "datetime": {"datetime": "2021-03-23 11:39:20", "elapsed": 2.629863, "delta": 0.072473}}
{"target": -0.351264366046593, "params": {"model__colsample_bylevel": 0.8539227643210632, "model__colsample_bynode": 0.8306252174459399, "model__colsample_bytree": 0.4835912545620663, "model__learning_rate": 0.12017171820904433, "model__max_depth": 7.503156236962601, "model__n_estimators": 22.761903626532458, "model__reg_lambda": 1.3353967592343363}, "datetime": {"datetime": "2021-03-23 11:39:20", "elapsed": 2.727641, "delta": 0.097778}}
{"target": -0.3930314893105432, "params": {"model__colsample_bylevel": 0.3787801798303496, "model__colsample_bynode": 0.8891488038898538, "model__colsample_bytree": 0.682252315571295, "model__learning_rate": 0.1522033166295056, "model__max_depth": 5.4549531069191834, "model__n_estimators": 19.707789101668837, "model__reg_lambda": 7.916231853067416}, "datetime": {"datetime": "2021-03-23 11:39:21", "elapsed": 2.805631, "delta": 0.07799}}
{"target": -0.33558360454288944, "params": {"model__colsample_bylevel": 0.6451635028820711, "model__colsample_bynode": 0.9756107284220326, "model__colsample_bytree": 0.6642183611480073, "model__learning_rate": 0.2806043190994539, "model__max_depth": 3.4988273636139016, "model__n_estimators": 22.822309547759104, "model__reg_lambda": 5.0574568339000425}, "datetime": {"datetime": "2021-03-23 11:39:21", "elapsed": 2.890799, "delta": 0.085168}}
{"target": -0.38084678575666486, "params": {"model__colsample_bylevel": 0.8691500365097846, "model__colsample_bynode": 0.35123595486158105, "model__colsample_bytree": 0.8853449005213216, "model__learning_rate": 0.26084712707576596, "model__max_depth": 4.4379276251183954, "model__n_estimators": 15.546768724832507, "model__reg_lambda": 7.672541069525759}, "datetime": {"datetime": "2021-03-23 11:39:21", "elapsed": 2.966231, "delta": 0.075432}}
{"target": -0.3422704692744394, "params": {"model__colsample_bylevel": 0.7752492983214213, "model__colsample_bynode": 0.9432502217801924, "model__colsample_bytree": 0.6921299356114399, "model__learning_rate": 0.2935437919451478, "model__max_depth": 3.850306106454099, "model__n_estimators": 20.083349491730285, "model__reg_lambda": 7.308818114469667}, "datetime": {"datetime": "2021-03-23 11:39:21", "elapsed": 3.05598, "delta": 0.089749}}
{"target": -0.32248047069524943, "params": {"model__colsample_bylevel": 0.7909589341540182, "model__colsample_bynode": 0.8077442453063763, "model__colsample_bytree": 0.9257599208468199, "model__learning_rate": 0.24332981747869467, "model__max_depth": 6.092916621028417, "model__n_estimators": 27.646752630781677, "model__reg_lambda": 6.451189984951728}, "datetime": {"datetime": "2021-03-23 11:39:21", "elapsed": 3.181864, "delta": 0.125884}}
{"target": -0.3476814403660946, "params": {"model__colsample_bylevel": 0.511889221690131, "model__colsample_bynode": 0.880146841574702, "model__colsample_bytree": 0.4713036833734444, "model__learning_rate": 0.24075613859849618, "model__max_depth": 5.215329445061823, "model__n_estimators": 20.712142781227694, "model__reg_lambda": 1.7861793515885238}, "datetime": {"datetime": "2021-03-23 11:39:21", "elapsed": 3.25534, "delta": 0.073476}}
{"target": -0.3254395517707883, "params": {"model__colsample_bylevel": 0.9200821231031391, "model__colsample_bynode": 0.35616344543935075, "model__colsample_bytree": 0.8625120529528605, "model__learning_rate": 0.23669407037870885, "model__max_depth": 4.772062647788025, "model__n_estimators": 24.96073964162097, "model__reg_lambda": 2.826662622956666}, "datetime": {"datetime": "2021-03-23 11:39:21", "elapsed": 3.342409, "delta": 0.087069}}
{"target": -0.36982592564157174, "params": {"model__colsample_bylevel": 0.9031023424555509, "model__colsample_bynode": 0.4249356891249156, "model__colsample_bytree": 0.7057975471157624, "model__learning_rate": 0.1927268764937271, "model__max_depth": 6.039330960316078, "model__n_estimators": 22.141866816168736, "model__reg_lambda": 9.525111535091707}, "datetime": {"datetime": "2021-03-23 11:39:21", "elapsed": 3.427474, "delta": 0.085065}}
{"target": -0.37353996434316467, "params": {"model__colsample_bylevel": 0.8972803412913453, "model__colsample_bynode": 0.9289549741797964, "model__colsample_bytree": 0.3178983723326505, "model__learning_rate": 0.13128458043568686, "model__max_depth": 4.861388901041763, "model__n_estimators": 26.020827615199973, "model__reg_lambda": 3.5630947732495777}, "datetime": {"datetime": "2021-03-23 11:39:21", "elapsed": 3.51493, "delta": 0.087456}}
{"target": -0.37741370550964193, "params": {"model__colsample_bylevel": 0.6951175428742368, "model__colsample_bynode": 0.3318286487069968, "model__colsample_bytree": 0.7483089139197432, "model__learning_rate": 0.23624127616156612, "model__max_depth": 4.373824850662889, "model__n_estimators": 17.05009515507337, "model__reg_lambda": 4.16457752159582}, "datetime": {"datetime": "2021-03-23 11:39:21", "elapsed": 3.592978, "delta": 0.078048}}
{"target": -0.29423177834529346, "params": {"model__colsample_bylevel": 0.816923983909474, "model__colsample_bynode": 0.7090153450298311, "model__colsample_bytree": 0.9184032582594783, "model__learning_rate": 0.21574992226411746, "model__max_depth": 3.0678227617515392, "model__n_estimators": 23.876275396014634, "model__reg_lambda": 0.5387774367636355}, "datetime": {"datetime": "2021-03-23 11:39:21", "elapsed": 3.684884, "delta": 0.091906}}
{"target": -0.37498120041294153, "params": {"model__colsample_bylevel": 0.8203891930140093, "model__colsample_bynode": 0.4407263630351047, "model__colsample_bytree": 0.9332727397304375, "model__learning_rate": 0.19471357604823214, "model__max_depth": 4.649919104965563, "model__n_estimators": 17.041195531585494, "model__reg_lambda": 8.076955975507973}, "datetime": {"datetime": "2021-03-23 11:39:22", "elapsed": 3.764949, "delta": 0.080065}}
{"target": -0.3182149207715511, "params": {"model__colsample_bylevel": 0.941920130237188, "model__colsample_bynode": 0.7862119444399247, "model__colsample_bytree": 0.7672811212479322, "model__learning_rate": 0.2413235529719557, "model__max_depth": 6.468881607544759, "model__n_estimators": 25.71892738561766, "model__reg_lambda": 1.4296252407525012}, "datetime": {"datetime": "2021-03-23 11:39:22", "elapsed": 3.891359, "delta": 0.12641}}
{"target": -0.410205795424248, "params": {"model__colsample_bylevel": 0.7664505634998717, "model__colsample_bynode": 0.9372501752435591, "model__colsample_bytree": 0.3226974712037688, "model__learning_rate": 0.13696287496610304, "model__max_depth": 6.574112506330284, "model__n_estimators": 15.628001246231364, "model__reg_lambda": 2.789864730302046}, "datetime": {"datetime": "2021-03-23 11:39:22", "elapsed": 3.967581, "delta": 0.076222}}
