{"target": -0.31648444260632536, "params": {"model__colsample_bylevel": 0.86876354473907, "model__colsample_bynode": 0.9551917680148851, "model__colsample_bytree": 0.8734716638073396, "model__learning_rate": 0.2926871393606935, "model__max_depth": 6.917464174236118, "model__n_estimators": 23.311517184528647, "model__reg_lambda": 9.979701199862571}, "datetime": {"datetime": "2021-03-23 11:43:15", "elapsed": 237.032037, "delta": 1.292149}}
{"target": -0.37134710624409106, "params": {"model__colsample_bylevel": 1.0, "model__colsample_bynode": 1.0, "model__colsample_bytree": 0.3, "model__learning_rate": 0.3, "model__max_depth": 4.384072157494784, "model__n_estimators": 15.0, "model__reg_lambda": 10.0}, "datetime": {"datetime": "2021-03-23 11:43:16", "elapsed": 238.441246, "delta": 1.409209}}
{"target": -0.3205424698893035, "params": {"model__colsample_bylevel": 0.9932056487186642, "model__colsample_bynode": 0.9291298262991841, "model__colsample_bytree": 0.7369324083507476, "model__learning_rate": 0.25087934958118074, "model__max_depth": 3.9735825440923156, "model__n_estimators": 24.47360962565306, "model__reg_lambda": 0.725143104919399}, "datetime": {"datetime": "2021-03-23 11:43:18", "elapsed": 240.529003, "delta": 2.087757}}
{"target": -0.41120773529012994, "params": {"model__colsample_bylevel": 0.3173957062692837, "model__colsample_bynode": 0.4489949105239276, "model__colsample_bytree": 0.9198650727432793, "model__learning_rate": 0.12432017502224567, "model__max_depth": 2.117679969238822, "model__n_estimators": 20.888739343518502, "model__reg_lambda": 0.03233883861018305}, "datetime": {"datetime": "2021-03-23 11:43:20", "elapsed": 242.390144, "delta": 1.861141}}
{"target": -0.29561165000727085, "params": {"model__colsample_bylevel": 0.7380624191035408, "model__colsample_bynode": 0.30026112426590684, "model__colsample_bytree": 0.9820259188092133, "model__learning_rate": 0.2924762770290049, "model__max_depth": 6.525822951116825, "model__n_estimators": 25.156583889795925, "model__reg_lambda": 2.767250871105864}, "datetime": {"datetime": "2021-03-23 11:43:22", "elapsed": 243.904512, "delta": 1.514368}}
{"target": -0.3434104357427661, "params": {"model__colsample_bylevel": 0.9960900096246683, "model__colsample_bynode": 1.0, "model__colsample_bytree": 0.3, "model__learning_rate": 0.3, "model__max_depth": 6.853076938494354, "model__n_estimators": 21.979303089130045, "model__reg_lambda": 10.0}, "datetime": {"datetime": "2021-03-23 11:43:24", "elapsed": 245.829023, "delta": 1.924511}}
{"target": -0.3187768433614215, "params": {"model__colsample_bylevel": 0.9999999819058641, "model__colsample_bynode": 1.0, "model__colsample_bytree": 0.3, "model__learning_rate": 0.3, "model__max_depth": 8.0, "model__n_estimators": 28.83267244996429, "model__reg_lambda": 9.42098759084307}, "datetime": {"datetime": "2021-03-23 11:43:25", "elapsed": 247.518728, "delta": 1.689705}}
{"target": -0.321627961197679, "params": {"model__colsample_bylevel": 0.9965706235832201, "model__colsample_bynode": 0.38304800986227366, "model__colsample_bytree": 0.9661957748623098, "model__learning_rate": 0.2890174691518804, "model__max_depth": 3.535940076816542, "model__n_estimators": 29.506564731019907, "model__reg_lambda": 9.842476629120549}, "datetime": {"datetime": "2021-03-23 11:43:27", "elapsed": 249.372985, "delta": 1.854257}}
{"target": -0.3189533628094806, "params": {"model__colsample_bylevel": 0.7608972191765514, "model__colsample_bynode": 0.9655539191799918, "model__colsample_bytree": 0.527806310749579, "model__learning_rate": 0.2876292380446076, "model__max_depth": 5.056474375573202, "model__n_estimators": 28.67240795321665, "model__reg_lambda": 7.359252946111335}, "datetime": {"datetime": "2021-03-23 11:43:29", "elapsed": 251.058042, "delta": 1.685057}}
{"target": -0.33155932986798387, "params": {"model__colsample_bylevel": 0.809085442153711, "model__colsample_bynode": 0.313214578504418, "model__colsample_bytree": 0.9692747649380815, "model__learning_rate": 0.2756841210445398, "model__max_depth": 6.8294672326937125, "model__n_estimators": 23.25987970870292, "model__reg_lambda": 4.732885685976794}, "datetime": {"datetime": "2021-03-23 11:43:30", "elapsed": 252.548877, "delta": 1.490835}}
{"target": -0.31765894141230405, "params": {"model__colsample_bylevel": 0.744154481084352, "model__colsample_bynode": 0.3501376978524085, "model__colsample_bytree": 0.8988278974433255, "model__learning_rate": 0.29859597929000764, "model__max_depth": 6.908793659640657, "model__n_estimators": 15.002356749918565, "model__reg_lambda": 0.7902387818513013}, "datetime": {"datetime": "2021-03-23 11:43:32", "elapsed": 253.895002, "delta": 1.346125}}
{"target": -0.3294140189231468, "params": {"model__colsample_bylevel": 0.9543841926773475, "model__colsample_bynode": 0.30975663680270515, "model__colsample_bytree": 0.7870417210728502, "model__learning_rate": 0.10957044485338374, "model__max_depth": 6.191908911219262, "model__n_estimators": 25.19758008692542, "model__reg_lambda": 0.2601668074131902}, "datetime": {"datetime": "2021-03-23 11:43:34", "elapsed": 255.88169, "delta": 1.986688}}
{"target": -0.40740035375769157, "params": {"model__colsample_bylevel": 0.3366857589645471, "model__colsample_bynode": 0.8862134241181292, "model__colsample_bytree": 0.57136420400111, "model__learning_rate": 0.2971813007294335, "model__max_depth": 2.0046853797891395, "model__n_estimators": 15.021146152592003, "model__reg_lambda": 7.110966384714057}, "datetime": {"datetime": "2021-03-23 11:43:35", "elapsed": 257.653572, "delta": 1.771882}}
{"target": -0.3158407458293157, "params": {"model__colsample_bylevel": 0.8393041450312035, "model__colsample_bynode": 0.3939984724103896, "model__colsample_bytree": 0.9801400667392979, "model__learning_rate": 0.2989109755020881, "model__max_depth": 2.717309648834665, "model__n_estimators": 28.198868585835694, "model__reg_lambda": 5.955953533328203}, "datetime": {"datetime": "2021-03-23 11:43:37", "elapsed": 259.369357, "delta": 1.715785}}
{"target": -0.34980779410554164, "params": {"model__colsample_bylevel": 0.8397070381123188, "model__colsample_bynode": 0.6236836442208749, "model__colsample_bytree": 0.34106021012112364, "model__learning_rate": 0.2443197489916321, "model__max_depth": 6.26720171003274, "model__n_estimators": 21.238576882668845, "model__reg_lambda": 0.29106448589895306}, "datetime": {"datetime": "2021-03-23 11:43:39", "elapsed": 261.046123, "delta": 1.676766}}
{"target": -0.32388758994723277, "params": {"model__colsample_bylevel": 0.3364155487121828, "model__colsample_bynode": 0.7520280304697203, "model__colsample_bytree": 0.9738982095324844, "model__learning_rate": 0.29714662812895076, "model__max_depth": 7.90110885104521, "model__n_estimators": 20.237514219409782, "model__reg_lambda": 1.4857098273731029}, "datetime": {"datetime": "2021-03-23 11:43:40", "elapsed": 262.71109, "delta": 1.664967}}
{"target": -0.33116377239567696, "params": {"model__colsample_bylevel": 0.3180693821204908, "model__colsample_bynode": 0.5525862271509214, "model__colsample_bytree": 0.9732343916730637, "model__learning_rate": 0.29136516358014375, "model__max_depth": 5.174932982374194, "model__n_estimators": 26.631117406425012, "model__reg_lambda": 4.114892267810394}, "datetime": {"datetime": "2021-03-23 11:43:42", "elapsed": 264.476464, "delta": 1.765374}}
