{"target": -1.4914009621123907, "params": {"model__colsample_bylevel": 0.8203891930140093, "model__colsample_bynode": 0.4407263630351047, "model__colsample_bytree": 0.9332727397304375, "model__learning_rate": 0.19471357604823214, "model__max_depth": 4.649919104965563, "model__n_estimators": 17.041195531585494, "model__reg_lambda": 8.076955975507973}, "datetime": {"datetime": "2021-03-27 03:47:45", "elapsed": 15.659663, "delta": 0.397416}}
{"target": -1.3896395488820998, "params": {"model__colsample_bylevel": 0.941920130237188, "model__colsample_bynode": 0.7862119444399247, "model__colsample_bytree": 0.7672811212479322, "model__learning_rate": 0.2413235529719557, "model__max_depth": 6.468881607544759, "model__n_estimators": 25.71892738561766, "model__reg_lambda": 1.4296252407525012}, "datetime": {"datetime": "2021-03-27 03:47:46", "elapsed": 16.434279, "delta": 0.774616}}
{"target": -1.5335641078974889, "params": {"model__colsample_bylevel": 0.7664505634998717, "model__colsample_bynode": 0.9372501752435591, "model__colsample_bytree": 0.3226974712037688, "model__learning_rate": 0.13696287496610304, "model__max_depth": 6.574112506330284, "model__n_estimators": 15.628001246231364, "model__reg_lambda": 2.789864730302046}, "datetime": {"datetime": "2021-03-27 03:47:46", "elapsed": 16.732022, "delta": 0.297743}}
{"target": -1.5699674578788487, "params": {"model__colsample_bylevel": 0.9005722896485118, "model__colsample_bynode": 0.5583279975276154, "model__colsample_bytree": 0.9292943127471143, "model__learning_rate": 0.1578195662504995, "model__max_depth": 4.281940885644073, "model__n_estimators": 16.640600890305116, "model__reg_lambda": 8.146246111896012}, "datetime": {"datetime": "2021-03-27 03:47:46", "elapsed": 17.182393, "delta": 0.450371}}
{"target": -1.5075651443037001, "params": {"model__colsample_bylevel": 0.9534398095322711, "model__colsample_bynode": 0.42817503247553923, "model__colsample_bytree": 0.5178389967922328, "model__learning_rate": 0.2349408086546986, "model__max_depth": 2.4746062530577846, "model__n_estimators": 15.490859914517099, "model__reg_lambda": 3.2657561880327557}, "datetime": {"datetime": "2021-03-27 03:47:47", "elapsed": 17.344629, "delta": 0.162236}}
{"target": -1.4584349029387034, "params": {"model__colsample_bylevel": 0.5706285360217014, "model__colsample_bynode": 0.6842771415696982, "model__colsample_bytree": 0.6870518207102555, "model__learning_rate": 0.16602543474194267, "model__max_depth": 4.553906607318516, "model__n_estimators": 18.777852885612205, "model__reg_lambda": 2.0263513230551347}, "datetime": {"datetime": "2021-03-27 03:47:47", "elapsed": 17.693851, "delta": 0.349222}}
{"target": -1.4135331131733844, "params": {"model__colsample_bylevel": 0.8442678591461368, "model__colsample_bynode": 0.3977149946980818, "model__colsample_bytree": 0.6158425941754111, "model__learning_rate": 0.1245045248421828, "model__max_depth": 6.897715409068526, "model__n_estimators": 27.65234893164894, "model__reg_lambda": 1.1477505735172433}, "datetime": {"datetime": "2021-03-27 03:47:47", "elapsed": 18.159487, "delta": 0.465636}}
{"target": -1.5128617105168707, "params": {"model__colsample_bylevel": 0.8046871964072875, "model__colsample_bynode": 0.9463208373893632, "model__colsample_bytree": 0.5702216525068842, "model__learning_rate": 0.25542256115422385, "model__max_depth": 7.543314227663024, "model__n_estimators": 15.074271146872483, "model__reg_lambda": 2.7258381373747875}, "datetime": {"datetime": "2021-03-27 03:47:48", "elapsed": 18.585739, "delta": 0.426252}}
{"target": -1.7032528204438477, "params": {"model__colsample_bylevel": 0.325563385911891, "model__colsample_bynode": 0.4394342284138872, "model__colsample_bytree": 0.3078454924320954, "model__learning_rate": 0.10977990666788635, "model__max_depth": 5.896055639118223, "model__n_estimators": 19.33085301818661, "model__reg_lambda": 8.44410233607059}, "datetime": {"datetime": "2021-03-27 03:47:48", "elapsed": 18.743289, "delta": 0.15755}}
{"target": -1.3617074690084312, "params": {"model__colsample_bylevel": 0.5333078077907257, "model__colsample_bynode": 0.9449148964303926, "model__colsample_bytree": 0.39197068792833056, "model__learning_rate": 0.2098009976534188, "model__max_depth": 3.7666070082368948, "model__n_estimators": 27.09229802758709, "model__reg_lambda": 3.376766038812906}, "datetime": {"datetime": "2021-03-27 03:47:48", "elapsed": 19.076036, "delta": 0.332747}}
{"target": -1.4427048884939562, "params": {"model__colsample_bylevel": 0.38472058045866103, "model__colsample_bynode": 0.6189182754661343, "model__colsample_bytree": 0.47491716651278293, "model__learning_rate": 0.24904662090967875, "model__max_depth": 6.41552028192452, "model__n_estimators": 15.15307284998927, "model__reg_lambda": 0.029919695529196932}, "datetime": {"datetime": "2021-03-27 03:47:49", "elapsed": 19.258891, "delta": 0.182855}}
{"target": -1.4064260773009798, "params": {"model__colsample_bylevel": 0.9426044924017256, "model__colsample_bynode": 0.5260125425777793, "model__colsample_bytree": 0.5074653319167783, "model__learning_rate": 0.15418522802672452, "model__max_depth": 3.474343666196627, "model__n_estimators": 26.630539663467353, "model__reg_lambda": 2.632384799456182}, "datetime": {"datetime": "2021-03-27 03:47:49", "elapsed": 19.601753, "delta": 0.342862}}
{"target": -1.4043773993444832, "params": {"model__colsample_bylevel": 0.8032909797610204, "model__colsample_bynode": 0.7713021432027297, "model__colsample_bytree": 0.6853736563856032, "model__learning_rate": 0.23655460523720243, "model__max_depth": 3.0441975506001606, "model__n_estimators": 21.967771044500967, "model__reg_lambda": 4.939589109277965}, "datetime": {"datetime": "2021-03-27 03:47:49", "elapsed": 20.021813, "delta": 0.42006}}
{"target": -1.4259653266114385, "params": {"model__colsample_bylevel": 0.3191878877624776, "model__colsample_bynode": 0.4527668367686508, "model__colsample_bytree": 0.9533861738476699, "model__learning_rate": 0.23172885748318614, "model__max_depth": 7.871974941466348, "model__n_estimators": 20.539710627919593, "model__reg_lambda": 7.6239037960184355}, "datetime": {"datetime": "2021-03-27 03:47:50", "elapsed": 20.299892, "delta": 0.278079}}
{"target": -1.5219220483648603, "params": {"model__colsample_bylevel": 0.7197656118669662, "model__colsample_bynode": 0.7214646750503465, "model__colsample_bytree": 0.37931534877147977, "model__learning_rate": 0.14444015703665763, "model__max_depth": 2.433575141809544, "model__n_estimators": 22.57954207818872, "model__reg_lambda": 3.4509917372173025}, "datetime": {"datetime": "2021-03-27 03:47:50", "elapsed": 20.505318, "delta": 0.205426}}
{"target": -1.4203846927570258, "params": {"model__colsample_bylevel": 0.43770438267170664, "model__colsample_bynode": 0.562288016838024, "model__colsample_bytree": 0.6684847059501842, "model__learning_rate": 0.24216538663414655, "model__max_depth": 5.53982800385271, "model__n_estimators": 24.586364893849456, "model__reg_lambda": 6.03761911116279}, "datetime": {"datetime": "2021-03-27 03:47:50", "elapsed": 20.850449, "delta": 0.345131}}
{"target": -1.3746507294611008, "params": {"model__colsample_bylevel": 0.5615024327662378, "model__colsample_bynode": 0.5278880157630303, "model__colsample_bytree": 0.6927994632423486, "model__learning_rate": 0.2499326997232081, "model__max_depth": 7.515144966264312, "model__n_estimators": 27.41503748405572, "model__reg_lambda": 5.537273620404508}, "datetime": {"datetime": "2021-03-27 03:47:51", "elapsed": 21.273592, "delta": 0.423143}}
{"target": -1.413082029632684, "params": {"model__colsample_bylevel": 0.8773753442334304, "model__colsample_bynode": 0.3197624374107063, "model__colsample_bytree": 0.8582648079772404, "model__learning_rate": 0.1398977410305498, "model__max_depth": 6.115045756510598, "model__n_estimators": 27.377846347953547, "model__reg_lambda": 3.1496308071503187}, "datetime": {"datetime": "2021-03-27 03:47:51", "elapsed": 21.747374, "delta": 0.473782}}
{"target": -1.434708089494835, "params": {"model__colsample_bylevel": 0.5798231824380045, "model__colsample_bynode": 0.9899122285696411, "model__colsample_bytree": 0.4774952834387126, "model__learning_rate": 0.25106786479472265, "model__max_depth": 4.436357453829759, "model__n_estimators": 19.72844903945682, "model__reg_lambda": 7.705159221072094}, "datetime": {"datetime": "2021-03-27 03:47:51", "elapsed": 22.083121, "delta": 0.335747}}
{"target": -1.4333777596877104, "params": {"model__colsample_bylevel": 0.6149024037576569, "model__colsample_bynode": 0.7970601762740899, "model__colsample_bytree": 0.4555403075808654, "model__learning_rate": 0.26476738246878556, "model__max_depth": 6.3006447069266285, "model__n_estimators": 22.48861984031197, "model__reg_lambda": 7.91551010046181}, "datetime": {"datetime": "2021-03-27 03:47:52", "elapsed": 22.448776, "delta": 0.365655}}
{"target": -1.3829509020270105, "params": {"model__colsample_bylevel": 0.9437937215686736, "model__colsample_bynode": 0.8511722448868555, "model__colsample_bytree": 0.5084857837350747, "model__learning_rate": 0.24346701302396254, "model__max_depth": 5.690340786662006, "model__n_estimators": 27.619845335231588, "model__reg_lambda": 4.0456797253845265}, "datetime": {"datetime": "2021-03-27 03:47:52", "elapsed": 23.104316, "delta": 0.65554}}
{"target": -1.377202711203068, "params": {"model__colsample_bylevel": 0.6173529449301774, "model__colsample_bynode": 0.3656352091501882, "model__colsample_bytree": 0.45305055880659917, "model__learning_rate": 0.20586849821836273, "model__max_depth": 5.173197962934258, "model__n_estimators": 25.696146745858105, "model__reg_lambda": 2.863925264426952}, "datetime": {"datetime": "2021-03-27 03:47:53", "elapsed": 23.35994, "delta": 0.255624}}
{"target": -1.5651551560539265, "params": {"model__colsample_bylevel": 0.3812502817792496, "model__colsample_bynode": 0.43107613084910207, "model__colsample_bytree": 0.6036033759584388, "model__learning_rate": 0.13710847453713484, "model__max_depth": 2.7407946095138094, "model__n_estimators": 25.875381462387566, "model__reg_lambda": 9.101677556132595}, "datetime": {"datetime": "2021-03-27 03:47:53", "elapsed": 23.57444, "delta": 0.2145}}
{"target": -1.4604420765262582, "params": {"model__colsample_bylevel": 0.3426383940311504, "model__colsample_bynode": 0.3292770968669983, "model__colsample_bytree": 0.49999974247633633, "model__learning_rate": 0.21592871225493404, "model__max_depth": 7.629568478689846, "model__n_estimators": 23.72527860523467, "model__reg_lambda": 6.7998375849329875}, "datetime": {"datetime": "2021-03-27 03:47:53", "elapsed": 23.777977, "delta": 0.203537}}
{"target": -1.4734458060530216, "params": {"model__colsample_bylevel": 1.0, "model__colsample_bynode": 0.3, "model__colsample_bytree": 1.0, "model__learning_rate": 0.3, "model__max_depth": 8.0, "model__n_estimators": 15.0, "model__reg_lambda": 10.0}, "datetime": {"datetime": "2021-03-27 03:47:54", "elapsed": 24.828852, "delta": 1.050875}}
{"target": -1.4319206884913687, "params": {"model__colsample_bylevel": 0.3, "model__colsample_bynode": 1.0, "model__colsample_bytree": 0.3, "model__learning_rate": 0.3, "model__max_depth": 2.0, "model__n_estimators": 30.0, "model__reg_lambda": 10.0}, "datetime": {"datetime": "2021-03-27 03:47:55", "elapsed": 25.634324, "delta": 0.805472}}
{"target": -1.3962786942490957, "params": {"model__colsample_bylevel": 1.0, "model__colsample_bynode": 0.3, "model__colsample_bytree": 0.3, "model__learning_rate": 0.3, "model__max_depth": 8.0, "model__n_estimators": 30.0, "model__reg_lambda": 10.0}, "datetime": {"datetime": "2021-03-27 03:47:56", "elapsed": 26.625883, "delta": 0.991559}}
{"target": -1.4695281786115273, "params": {"model__colsample_bylevel": 0.3, "model__colsample_bynode": 0.3, "model__colsample_bytree": 0.3, "model__learning_rate": 0.3, "model__max_depth": 2.0, "model__n_estimators": 30.0, "model__reg_lambda": 5.802162428242864}, "datetime": {"datetime": "2021-03-27 03:47:57", "elapsed": 27.440715, "delta": 0.814832}}
{"target": -1.4900185414900382, "params": {"model__colsample_bylevel": 0.3, "model__colsample_bynode": 0.3, "model__colsample_bytree": 1.0, "model__learning_rate": 0.3, "model__max_depth": 8.0, "model__n_estimators": 15.0, "model__reg_lambda": 6.3322488041680485}, "datetime": {"datetime": "2021-03-27 03:47:58", "elapsed": 28.331568, "delta": 0.890853}}
{"target": -1.4044422713793356, "params": {"model__colsample_bylevel": 1.0, "model__colsample_bynode": 0.3, "model__colsample_bytree": 1.0, "model__learning_rate": 0.3, "model__max_depth": 8.0, "model__n_estimators": 18.77579124978083, "model__reg_lambda": 0.0}, "datetime": {"datetime": "2021-03-27 03:47:59", "elapsed": 29.464573, "delta": 1.133005}}
{"target": -1.3970390912415325, "params": {"model__colsample_bylevel": 0.3, "model__colsample_bynode": 1.0, "model__colsample_bytree": 0.3, "model__learning_rate": 0.3, "model__max_depth": 5.277817214868144, "model__n_estimators": 30.0, "model__reg_lambda": 10.0}, "datetime": {"datetime": "2021-03-27 03:48:00", "elapsed": 30.454478, "delta": 0.989905}}
{"target": -1.3591424548796014, "params": {"model__colsample_bylevel": 1.0, "model__colsample_bynode": 0.3, "model__colsample_bytree": 1.0, "model__learning_rate": 0.3, "model__max_depth": 8.0, "model__n_estimators": 20.6330746247725, "model__reg_lambda": 4.736535962925185}, "datetime": {"datetime": "2021-03-27 03:48:01", "elapsed": 31.673306, "delta": 1.218828}}
{"target": -1.4547962753453114, "params": {"model__colsample_bylevel": 1.0, "model__colsample_bynode": 1.0, "model__colsample_bytree": 1.0, "model__learning_rate": 0.3, "model__max_depth": 8.0, "model__n_estimators": 20.2919813099694, "model__reg_lambda": 10.0}, "datetime": {"datetime": "2021-03-27 03:48:03", "elapsed": 33.554583, "delta": 1.881277}}
{"target": -1.5017109923496625, "params": {"model__colsample_bylevel": 1.0, "model__colsample_bynode": 1.0, "model__colsample_bytree": 1.0, "model__learning_rate": 0.3, "model__max_depth": 2.0, "model__n_estimators": 21.418831192710336, "model__reg_lambda": 10.0}, "datetime": {"datetime": "2021-03-27 03:48:04", "elapsed": 34.951617, "delta": 1.397034}}
{"target": -1.3902482079247525, "params": {"model__colsample_bylevel": 1.0, "model__colsample_bynode": 0.3, "model__colsample_bytree": 0.3, "model__learning_rate": 0.3, "model__max_depth": 2.0, "model__n_estimators": 18.214709071683306, "model__reg_lambda": 0.0}, "datetime": {"datetime": "2021-03-27 03:48:05", "elapsed": 35.925102, "delta": 0.973485}}
{"target": -1.3371578405132059, "params": {"model__colsample_bylevel": 0.3, "model__colsample_bynode": 1.0, "model__colsample_bytree": 0.3, "model__learning_rate": 0.3, "model__max_depth": 8.0, "model__n_estimators": 26.14554340748401, "model__reg_lambda": 0.0}, "datetime": {"datetime": "2021-03-27 03:48:06", "elapsed": 36.909617, "delta": 0.984515}}
{"target": -1.4310425893929992, "params": {"model__colsample_bylevel": 0.3, "model__colsample_bynode": 0.3, "model__colsample_bytree": 0.3, "model__learning_rate": 0.3, "model__max_depth": 6.173322346686485, "model__n_estimators": 30.0, "model__reg_lambda": 6.424326410835332}, "datetime": {"datetime": "2021-03-27 03:48:07", "elapsed": 37.97789, "delta": 1.068273}}
{"target": -1.4155092205960247, "params": {"model__colsample_bylevel": 1.0, "model__colsample_bynode": 1.0, "model__colsample_bytree": 1.0, "model__learning_rate": 0.3, "model__max_depth": 3.7821198918439123, "model__n_estimators": 30.0, "model__reg_lambda": 10.0}, "datetime": {"datetime": "2021-03-27 03:48:09", "elapsed": 40.026907, "delta": 2.049017}}
{"target": -1.4453769497060474, "params": {"model__colsample_bylevel": 0.3, "model__colsample_bynode": 0.3, "model__colsample_bytree": 0.3, "model__learning_rate": 0.3, "model__max_depth": 2.0, "model__n_estimators": 28.64339140249404, "model__reg_lambda": 1.5440164248011046}, "datetime": {"datetime": "2021-03-27 03:48:10", "elapsed": 41.081633, "delta": 1.054726}}
{"target": -1.367571648867612, "params": {"model__colsample_bylevel": 0.3, "model__colsample_bynode": 1.0, "model__colsample_bytree": 1.0, "model__learning_rate": 0.3, "model__max_depth": 8.0, "model__n_estimators": 25.049110717718552, "model__reg_lambda": 3.0087395359473654}, "datetime": {"datetime": "2021-03-27 03:48:12", "elapsed": 42.425005, "delta": 1.343372}}
{"target": -1.3958397701922536, "params": {"model__colsample_bylevel": 0.3, "model__colsample_bynode": 0.3, "model__colsample_bytree": 0.3, "model__learning_rate": 0.3, "model__max_depth": 4.835124612255295, "model__n_estimators": 18.527845003944908, "model__reg_lambda": 0.0}, "datetime": {"datetime": "2021-03-27 03:48:13", "elapsed": 43.382826, "delta": 0.957821}}
{"target": -1.3824177801366084, "params": {"model__colsample_bylevel": 0.3, "model__colsample_bynode": 1.0, "model__colsample_bytree": 1.0, "model__learning_rate": 0.3, "model__max_depth": 2.0, "model__n_estimators": 20.10275267959072, "model__reg_lambda": 0.0}, "datetime": {"datetime": "2021-03-27 03:48:14", "elapsed": 44.457299, "delta": 1.074473}}
{"target": -1.4264152302690174, "params": {"model__colsample_bylevel": 1.0, "model__colsample_bynode": 0.3, "model__colsample_bytree": 1.0, "model__learning_rate": 0.3, "model__max_depth": 2.0, "model__n_estimators": 15.0, "model__reg_lambda": 0.0}, "datetime": {"datetime": "2021-03-27 03:48:15", "elapsed": 45.399632, "delta": 0.942333}}
{"target": -1.4269829272090093, "params": {"model__colsample_bylevel": 0.3, "model__colsample_bynode": 0.3, "model__colsample_bytree": 1.0, "model__learning_rate": 0.3, "model__max_depth": 4.843982681026461, "model__n_estimators": 21.35459428928424, "model__reg_lambda": 4.384494080215885}, "datetime": {"datetime": "2021-03-27 03:48:16", "elapsed": 46.376255, "delta": 0.976623}}
{"target": -1.4593237868955602, "params": {"model__colsample_bylevel": 1.0, "model__colsample_bynode": 1.0, "model__colsample_bytree": 1.0, "model__learning_rate": 0.3, "model__max_depth": 8.0, "model__n_estimators": 18.099031709951234, "model__reg_lambda": 6.346986661835857}, "datetime": {"datetime": "2021-03-27 03:48:17", "elapsed": 48.141389, "delta": 1.765134}}
{"target": -1.3967466251249763, "params": {"model__colsample_bylevel": 1.0, "model__colsample_bynode": 0.3, "model__colsample_bytree": 0.3, "model__learning_rate": 0.3, "model__max_depth": 4.4005002178867585, "model__n_estimators": 28.540420829947454, "model__reg_lambda": 10.0}, "datetime": {"datetime": "2021-03-27 03:48:18", "elapsed": 49.111176, "delta": 0.969787}}
{"target": -1.3428047408282326, "params": {"model__colsample_bylevel": 0.3, "model__colsample_bynode": 0.3, "model__colsample_bytree": 0.3, "model__learning_rate": 0.3, "model__max_depth": 4.965271376505751, "model__n_estimators": 30.0, "model__reg_lambda": 0.0}, "datetime": {"datetime": "2021-03-27 03:48:19", "elapsed": 50.130679, "delta": 1.019503}}
{"target": -1.4715864225547168, "params": {"model__colsample_bylevel": 1.0, "model__colsample_bynode": 0.3, "model__colsample_bytree": 1.0, "model__learning_rate": 0.3, "model__max_depth": 4.887772192803182, "model__n_estimators": 16.362511571208458, "model__reg_lambda": 0.0}, "datetime": {"datetime": "2021-03-27 03:48:20", "elapsed": 51.230681, "delta": 1.100002}}
{"target": -1.4946932150077994, "params": {"model__colsample_bylevel": 0.3, "model__colsample_bynode": 0.3, "model__colsample_bytree": 1.0, "model__learning_rate": 0.3, "model__max_depth": 4.814410609851732, "model__n_estimators": 15.0, "model__reg_lambda": 5.1686566231966635}, "datetime": {"datetime": "2021-03-27 03:48:22", "elapsed": 52.308163, "delta": 1.077482}}
{"target": -1.4178372843056053, "params": {"model__colsample_bylevel": 1.0, "model__colsample_bynode": 1.0, "model__colsample_bytree": 1.0, "model__learning_rate": 0.3, "model__max_depth": 8.0, "model__n_estimators": 21.967308576344298, "model__reg_lambda": 6.994701048448608}, "datetime": {"datetime": "2021-03-27 03:48:24", "elapsed": 54.399522, "delta": 2.091359}}
{"target": -1.3828507237608774, "params": {"model__colsample_bylevel": 1.0, "model__colsample_bynode": 0.3, "model__colsample_bytree": 0.3, "model__learning_rate": 0.3, "model__max_depth": 8.0, "model__n_estimators": 15.0, "model__reg_lambda": 0.0}, "datetime": {"datetime": "2021-03-27 03:48:25", "elapsed": 55.528796, "delta": 1.129274}}
{"target": -1.4045879283258558, "params": {"model__colsample_bylevel": 0.3, "model__colsample_bynode": 1.0, "model__colsample_bytree": 0.3, "model__learning_rate": 0.3, "model__max_depth": 8.0, "model__n_estimators": 27.82029492372542, "model__reg_lambda": 10.0}, "datetime": {"datetime": "2021-03-27 03:48:26", "elapsed": 56.654395, "delta": 1.125599}}
{"target": -1.3472686657051056, "params": {"model__colsample_bylevel": 0.3, "model__colsample_bynode": 1.0, "model__colsample_bytree": 0.3, "model__learning_rate": 0.3, "model__max_depth": 8.0, "model__n_estimators": 30.0, "model__reg_lambda": 0.0}, "datetime": {"datetime": "2021-03-27 03:48:27", "elapsed": 57.797723, "delta": 1.143328}}
{"target": -1.393593539311078, "params": {"model__colsample_bylevel": 0.3, "model__colsample_bynode": 0.3, "model__colsample_bytree": 1.0, "model__learning_rate": 0.3, "model__max_depth": 8.0, "model__n_estimators": 30.0, "model__reg_lambda": 10.0}, "datetime": {"datetime": "2021-03-27 03:48:29", "elapsed": 59.363304, "delta": 1.565581}}
{"target": -1.4157651335054982, "params": {"model__colsample_bylevel": 1.0, "model__colsample_bynode": 1.0, "model__colsample_bytree": 1.0, "model__learning_rate": 0.3, "model__max_depth": 2.961069155854362, "model__n_estimators": 28.245927635136876, "model__reg_lambda": 6.268575396335364}, "datetime": {"datetime": "2021-03-27 03:48:31", "elapsed": 61.887289, "delta": 2.523985}}
