{"target": -1.3477907300602807, "params": {"model__colsample_bylevel": 0.3, "model__colsample_bynode": 1.0, "model__colsample_bytree": 0.3, "model__learning_rate": 0.3, "model__max_depth": 7.999999997308601, "model__n_estimators": 28.43421498212349, "model__reg_lambda": 1.0871687312628193}, "datetime": {"datetime": "2021-03-27 03:50:26", "elapsed": 177.202215, "delta": 2.254889}}
{"target": -1.366057690839027, "params": {"model__colsample_bylevel": 1.0, "model__colsample_bynode": 0.3, "model__colsample_bytree": 1.0, "model__learning_rate": 0.3, "model__max_depth": 7.018992181369825, "model__n_estimators": 25.78886524634537, "model__reg_lambda": 6.672149169737854}, "datetime": {"datetime": "2021-03-27 03:50:29", "elapsed": 179.441948, "delta": 2.239733}}
{"target": -1.4451321267887303, "params": {"model__colsample_bylevel": 1.0, "model__colsample_bynode": 1.0, "model__colsample_bytree": 1.0, "model__learning_rate": 0.3, "model__max_depth": 2.0, "model__n_estimators": 17.262193728971038, "model__reg_lambda": 0.0}, "datetime": {"datetime": "2021-03-27 03:50:31", "elapsed": 181.452373, "delta": 2.010425}}
{"target": -1.3785406163151284, "params": {"model__colsample_bylevel": 1.0, "model__colsample_bynode": 0.3, "model__colsample_bytree": 1.0, "model__learning_rate": 0.3, "model__max_depth": 2.0, "model__n_estimators": 20.86168568706976, "model__reg_lambda": 0.0}, "datetime": {"datetime": "2021-03-27 03:50:33", "elapsed": 183.418946, "delta": 1.966573}}
{"target": -1.539524391822625, "params": {"model__colsample_bylevel": 1.0, "model__colsample_bynode": 0.3, "model__colsample_bytree": 0.3, "model__learning_rate": 0.3, "model__max_depth": 2.0, "model__n_estimators": 19.309667807352877, "model__reg_lambda": 10.0}, "datetime": {"datetime": "2021-03-27 03:50:34", "elapsed": 185.106597, "delta": 1.687651}}
{"target": -1.4274249207228422, "params": {"model__colsample_bylevel": 1.0, "model__colsample_bynode": 0.3, "model__colsample_bytree": 1.0, "model__learning_rate": 0.3, "model__max_depth": 4.771866236962262, "model__n_estimators": 18.836415742559126, "model__reg_lambda": 10.0}, "datetime": {"datetime": "2021-03-27 03:50:36", "elapsed": 186.838497, "delta": 1.7319}}
{"target": -1.4369348011613972, "params": {"model__colsample_bylevel": 1.0, "model__colsample_bynode": 0.3, "model__colsample_bytree": 0.3, "model__learning_rate": 0.3, "model__max_depth": 2.0, "model__n_estimators": 27.71888703189829, "model__reg_lambda": 8.05190496308997}, "datetime": {"datetime": "2021-03-27 03:50:38", "elapsed": 188.891172, "delta": 2.052675}}
{"target": -1.397707967844832, "params": {"model__colsample_bylevel": 0.3, "model__colsample_bynode": 0.3, "model__colsample_bytree": 0.3, "model__learning_rate": 0.3, "model__max_depth": 6.059565105947756, "model__n_estimators": 24.647696884060725, "model__reg_lambda": 1.0310033316786504}, "datetime": {"datetime": "2021-03-27 03:50:40", "elapsed": 190.687538, "delta": 1.796366}}
{"target": -1.4936286358891624, "params": {"model__colsample_bylevel": 1.0, "model__colsample_bynode": 0.3, "model__colsample_bytree": 0.3, "model__learning_rate": 0.3, "model__max_depth": 2.0, "model__n_estimators": 23.622494275971533, "model__reg_lambda": 10.0}, "datetime": {"datetime": "2021-03-27 03:50:42", "elapsed": 192.548107, "delta": 1.860569}}
{"target": -1.3397098414721371, "params": {"model__colsample_bylevel": 0.3, "model__colsample_bynode": 1.0, "model__colsample_bytree": 1.0, "model__learning_rate": 0.3, "model__max_depth": 3.4202482474913602, "model__n_estimators": 26.539407009661744, "model__reg_lambda": 2.683218314787083}, "datetime": {"datetime": "2021-03-27 03:50:44", "elapsed": 194.587664, "delta": 2.039557}}
{"target": -1.433571241993079, "params": {"model__colsample_bylevel": 0.3, "model__colsample_bynode": 0.3, "model__colsample_bytree": 0.3, "model__learning_rate": 0.3, "model__max_depth": 2.0, "model__n_estimators": 23.6010209636918, "model__reg_lambda": 0.0}, "datetime": {"datetime": "2021-03-27 03:50:46", "elapsed": 196.363732, "delta": 1.776068}}
{"target": -1.3516046867732876, "params": {"model__colsample_bylevel": 1.0, "model__colsample_bynode": 0.3, "model__colsample_bytree": 1.0, "model__learning_rate": 0.3, "model__max_depth": 4.224955274743917, "model__n_estimators": 23.851816466259486, "model__reg_lambda": 7.452585129798731}, "datetime": {"datetime": "2021-03-27 03:50:48", "elapsed": 198.448692, "delta": 2.08496}}
{"target": -1.3331162032819743, "params": {"model__colsample_bylevel": 1.0, "model__colsample_bynode": 0.3, "model__colsample_bytree": 1.0, "model__learning_rate": 0.3, "model__max_depth": 4.436392166419184, "model__n_estimators": 27.841655884331864, "model__reg_lambda": 7.241427695433861}, "datetime": {"datetime": "2021-03-27 03:50:50", "elapsed": 200.342429, "delta": 1.893737}}
{"target": -1.405154096680707, "params": {"model__colsample_bylevel": 0.3, "model__colsample_bynode": 0.3, "model__colsample_bytree": 0.3, "model__learning_rate": 0.3, "model__max_depth": 3.5424804123652467, "model__n_estimators": 30.0, "model__reg_lambda": 3.3422811073348955}, "datetime": {"datetime": "2021-03-27 03:50:51", "elapsed": 201.919339, "delta": 1.57691}}
{"target": -1.3991739279712023, "params": {"model__colsample_bylevel": 1.0, "model__colsample_bynode": 0.3, "model__colsample_bytree": 1.0, "model__learning_rate": 0.3, "model__max_depth": 7.070381969406825, "model__n_estimators": 16.73587413801193, "model__reg_lambda": 1.535580675545171}, "datetime": {"datetime": "2021-03-27 03:50:53", "elapsed": 203.673493, "delta": 1.754154}}
{"target": -1.4346674803678163, "params": {"model__colsample_bylevel": 0.3, "model__colsample_bynode": 1.0, "model__colsample_bytree": 1.0, "model__learning_rate": 0.3, "model__max_depth": 4.288411231663447, "model__n_estimators": 20.97871995164484, "model__reg_lambda": 0.0}, "datetime": {"datetime": "2021-03-27 03:50:55", "elapsed": 205.487333, "delta": 1.81384}}
{"target": -1.3402265771946775, "params": {"model__colsample_bylevel": 0.3, "model__colsample_bynode": 1.0, "model__colsample_bytree": 1.0, "model__learning_rate": 0.3, "model__max_depth": 7.0680565250931915, "model__n_estimators": 27.926578525517325, "model__reg_lambda": 2.2770925846183907}, "datetime": {"datetime": "2021-03-27 03:50:57", "elapsed": 207.525934, "delta": 2.038601}}
{"target": -1.5088275154728605, "params": {"model__colsample_bylevel": 0.3, "model__colsample_bynode": 0.3, "model__colsample_bytree": 0.3, "model__learning_rate": 0.3, "model__max_depth": 8.0, "model__n_estimators": 15.0, "model__reg_lambda": 1.3380900322700355}, "datetime": {"datetime": "2021-03-27 03:50:59", "elapsed": 209.329655, "delta": 1.803721}}
{"target": -1.444512969703562, "params": {"model__colsample_bylevel": 0.3, "model__colsample_bynode": 1.0, "model__colsample_bytree": 1.0, "model__learning_rate": 0.3, "model__max_depth": 8.0, "model__n_estimators": 17.23514913124905, "model__reg_lambda": 10.0}, "datetime": {"datetime": "2021-03-27 03:51:00", "elapsed": 211.194221, "delta": 1.864566}}
{"target": -1.445353356871646, "params": {"model__colsample_bylevel": 1.0, "model__colsample_bynode": 1.0, "model__colsample_bytree": 1.0, "model__learning_rate": 0.3, "model__max_depth": 8.0, "model__n_estimators": 20.532423354221372, "model__reg_lambda": 2.992872906441341}, "datetime": {"datetime": "2021-03-27 03:51:03", "elapsed": 214.127395, "delta": 2.933174}}
{"target": -1.3483315888063416, "params": {"model__colsample_bylevel": 0.3, "model__colsample_bynode": 1.0, "model__colsample_bytree": 0.3, "model__learning_rate": 0.3, "model__max_depth": 6.92437332990102, "model__n_estimators": 26.805099081295307, "model__reg_lambda": 1.6499915137159056}, "datetime": {"datetime": "2021-03-27 03:51:05", "elapsed": 216.116873, "delta": 1.989478}}
{"target": -1.4588980983213886, "params": {"model__colsample_bylevel": 0.3, "model__colsample_bynode": 0.3, "model__colsample_bytree": 0.3, "model__learning_rate": 0.3, "model__max_depth": 6.545490514605252, "model__n_estimators": 28.557578539129263, "model__reg_lambda": 1.9075204281008489}, "datetime": {"datetime": "2021-03-27 03:51:07", "elapsed": 217.725524, "delta": 1.608651}}
{"target": -1.429015107506859, "params": {"model__colsample_bylevel": 1.0, "model__colsample_bynode": 0.3, "model__colsample_bytree": 0.3, "model__learning_rate": 0.3, "model__max_depth": 8.0, "model__n_estimators": 25.396904638947433, "model__reg_lambda": 10.0}, "datetime": {"datetime": "2021-03-27 03:51:09", "elapsed": 219.775543, "delta": 2.050019}}
{"target": -1.4678294884607843, "params": {"model__colsample_bylevel": 1.0, "model__colsample_bynode": 1.0, "model__colsample_bytree": 0.3, "model__learning_rate": 0.1, "model__max_depth": 8.0, "model__n_estimators": 27.714013980424657, "model__reg_lambda": 2.4576444618680493}, "datetime": {"datetime": "2021-03-27 03:51:11", "elapsed": 221.985748, "delta": 2.210205}}
{"target": -1.3472686657051056, "params": {"model__colsample_bylevel": 1.0, "model__colsample_bynode": 0.3, "model__colsample_bytree": 0.3, "model__learning_rate": 0.3, "model__max_depth": 8.0, "model__n_estimators": 30.0, "model__reg_lambda": 0.0}, "datetime": {"datetime": "2021-03-27 03:51:13", "elapsed": 223.500829, "delta": 1.515081}}
{"target": -1.3789554934719226, "params": {"model__colsample_bylevel": 0.3, "model__colsample_bynode": 0.3, "model__colsample_bytree": 1.0, "model__learning_rate": 0.3, "model__max_depth": 8.0, "model__n_estimators": 24.699253111949666, "model__reg_lambda": 0.0}, "datetime": {"datetime": "2021-03-27 03:51:15", "elapsed": 225.841676, "delta": 2.340847}}
{"target": -1.389524616357749, "params": {"model__colsample_bylevel": 0.3, "model__colsample_bynode": 0.3, "model__colsample_bytree": 1.0, "model__learning_rate": 0.3, "model__max_depth": 8.0, "model__n_estimators": 30.0, "model__reg_lambda": 5.70879630430185}, "datetime": {"datetime": "2021-03-27 03:51:17", "elapsed": 228.093369, "delta": 2.251693}}
{"target": -1.3475207451771456, "params": {"model__colsample_bylevel": 1.0, "model__colsample_bynode": 0.3, "model__colsample_bytree": 1.0, "model__learning_rate": 0.3, "model__max_depth": 8.0, "model__n_estimators": 24.31209727257122, "model__reg_lambda": 4.400552137628275}, "datetime": {"datetime": "2021-03-27 03:51:20", "elapsed": 230.498655, "delta": 2.405286}}
{"target": -1.4193780275152834, "params": {"model__colsample_bylevel": 1.0, "model__colsample_bynode": 1.0, "model__colsample_bytree": 1.0, "model__learning_rate": 0.3, "model__max_depth": 3.9677169640345586, "model__n_estimators": 30.0, "model__reg_lambda": 3.040342490207324}, "datetime": {"datetime": "2021-03-27 03:51:23", "elapsed": 233.472187, "delta": 2.973532}}
{"target": -1.3365114778145284, "params": {"model__colsample_bylevel": 0.3, "model__colsample_bynode": 1.0, "model__colsample_bytree": 1.0, "model__learning_rate": 0.3, "model__max_depth": 6.613494488123724, "model__n_estimators": 30.0, "model__reg_lambda": 4.755835845024611}, "datetime": {"datetime": "2021-03-27 03:51:25", "elapsed": 235.50107, "delta": 2.028883}}
{"target": -1.4329669270232537, "params": {"model__colsample_bylevel": 1.0, "model__colsample_bynode": 0.3, "model__colsample_bytree": 1.0, "model__learning_rate": 0.3, "model__max_depth": 6.716965954080907, "model__n_estimators": 15.968399024834097, "model__reg_lambda": 8.158432898475873}, "datetime": {"datetime": "2021-03-27 03:51:27", "elapsed": 237.614732, "delta": 2.113662}}
{"target": -1.4263671630345611, "params": {"model__colsample_bylevel": 1.0, "model__colsample_bynode": 1.0, "model__colsample_bytree": 1.0, "model__learning_rate": 0.3, "model__max_depth": 6.134335254829055, "model__n_estimators": 21.14815029532135, "model__reg_lambda": 5.5487902004982335}, "datetime": {"datetime": "2021-03-27 03:51:30", "elapsed": 240.270031, "delta": 2.655299}}
{"target": -1.4739751235109526, "params": {"model__colsample_bylevel": 0.3, "model__colsample_bynode": 0.3, "model__colsample_bytree": 1.0, "model__learning_rate": 0.3, "model__max_depth": 5.480017423113953, "model__n_estimators": 16.616999988664613, "model__reg_lambda": 6.526261718484071}, "datetime": {"datetime": "2021-03-27 03:51:31", "elapsed": 242.202643, "delta": 1.932612}}
{"target": -1.4036028761902581, "params": {"model__colsample_bylevel": 0.3, "model__colsample_bynode": 0.3, "model__colsample_bytree": 1.0, "model__learning_rate": 0.3, "model__max_depth": 8.0, "model__n_estimators": 25.570110299551068, "model__reg_lambda": 5.23316129888657}, "datetime": {"datetime": "2021-03-27 03:51:33", "elapsed": 243.940927, "delta": 1.738284}}
{"target": -1.3975023699101006, "params": {"model__colsample_bylevel": 0.3, "model__colsample_bynode": 0.3, "model__colsample_bytree": 1.0, "model__learning_rate": 0.3, "model__max_depth": 8.0, "model__n_estimators": 23.27767056409159, "model__reg_lambda": 2.965041550180241}, "datetime": {"datetime": "2021-03-27 03:51:35", "elapsed": 245.90223, "delta": 1.961303}}
{"target": -1.3962786942490957, "params": {"model__colsample_bylevel": 0.3, "model__colsample_bynode": 1.0, "model__colsample_bytree": 0.3, "model__learning_rate": 0.3, "model__max_depth": 8.0, "model__n_estimators": 30.0, "model__reg_lambda": 10.0}, "datetime": {"datetime": "2021-03-27 03:51:37", "elapsed": 247.863894, "delta": 1.961664}}
{"target": -1.381117611154374, "params": {"model__colsample_bylevel": 1.0, "model__colsample_bynode": 0.3, "model__colsample_bytree": 1.0, "model__learning_rate": 0.3, "model__max_depth": 3.8638437282968807, "model__n_estimators": 18.574787782556676, "model__reg_lambda": 6.333686970391867}, "datetime": {"datetime": "2021-03-27 03:51:39", "elapsed": 249.877151, "delta": 2.013257}}
{"target": -1.3316981793070835, "params": {"model__colsample_bylevel": 1.0, "model__colsample_bynode": 0.3, "model__colsample_bytree": 1.0, "model__learning_rate": 0.3, "model__max_depth": 2.0, "model__n_estimators": 24.939405138224647, "model__reg_lambda": 1.557859438980371}, "datetime": {"datetime": "2021-03-27 03:51:41", "elapsed": 252.039933, "delta": 2.162782}}
{"target": -1.3746257576835004, "params": {"model__colsample_bylevel": 1.0, "model__colsample_bynode": 0.3, "model__colsample_bytree": 0.3, "model__learning_rate": 0.3, "model__max_depth": 6.409737802966828, "model__n_estimators": 18.810835702286436, "model__reg_lambda": 0.0}, "datetime": {"datetime": "2021-03-27 03:51:43", "elapsed": 253.917246, "delta": 1.877313}}
{"target": -1.3419303546497678, "params": {"model__colsample_bylevel": 1.0, "model__colsample_bynode": 0.3, "model__colsample_bytree": 1.0, "model__learning_rate": 0.3, "model__max_depth": 2.0, "model__n_estimators": 30.0, "model__reg_lambda": 0.0}, "datetime": {"datetime": "2021-03-27 03:51:45", "elapsed": 255.774935, "delta": 1.857689}}
{"target": -1.4686707866418618, "params": {"model__colsample_bylevel": 0.3, "model__colsample_bynode": 1.0, "model__colsample_bytree": 1.0, "model__learning_rate": 0.3, "model__max_depth": 8.0, "model__n_estimators": 15.0, "model__reg_lambda": 8.77970932199053}, "datetime": {"datetime": "2021-03-27 03:51:47", "elapsed": 258.008475, "delta": 2.23354}}
{"target": -1.3649061621922622, "params": {"model__colsample_bylevel": 0.3, "model__colsample_bynode": 1.0, "model__colsample_bytree": 0.3, "model__learning_rate": 0.3, "model__max_depth": 7.019184944568558, "model__n_estimators": 19.015501401792694, "model__reg_lambda": 0.0}, "datetime": {"datetime": "2021-03-27 03:51:49", "elapsed": 259.598329, "delta": 1.589854}}
{"target": -1.320580489869378, "params": {"model__colsample_bylevel": 0.3, "model__colsample_bynode": 1.0, "model__colsample_bytree": 0.3, "model__learning_rate": 0.3, "model__max_depth": 2.525389621529647, "model__n_estimators": 30.0, "model__reg_lambda": 0.6959565574164137}, "datetime": {"datetime": "2021-03-27 03:51:51", "elapsed": 261.327727, "delta": 1.729398}}
{"target": -1.4384646432582235, "params": {"model__colsample_bylevel": 0.3, "model__colsample_bynode": 1.0, "model__colsample_bytree": 0.3, "model__learning_rate": 0.3, "model__max_depth": 8.0, "model__n_estimators": 22.96250988148566, "model__reg_lambda": 10.0}, "datetime": {"datetime": "2021-03-27 03:51:52", "elapsed": 263.056107, "delta": 1.72838}}
{"target": -1.3746963611156073, "params": {"model__colsample_bylevel": 0.3, "model__colsample_bynode": 1.0, "model__colsample_bytree": 0.3, "model__learning_rate": 0.3, "model__max_depth": 6.226340556539534, "model__n_estimators": 21.685058628376524, "model__reg_lambda": 0.0}, "datetime": {"datetime": "2021-03-27 03:51:54", "elapsed": 264.737107, "delta": 1.681}}
{"target": -1.3960675243146556, "params": {"model__colsample_bylevel": 1.0, "model__colsample_bynode": 0.3, "model__colsample_bytree": 1.0, "model__learning_rate": 0.3, "model__max_depth": 6.322403774234468, "model__n_estimators": 18.622031516330278, "model__reg_lambda": 3.459051285071595}, "datetime": {"datetime": "2021-03-27 03:51:56", "elapsed": 266.79283, "delta": 2.055723}}
{"target": -1.3713674685242923, "params": {"model__colsample_bylevel": 0.3, "model__colsample_bynode": 1.0, "model__colsample_bytree": 0.3, "model__learning_rate": 0.3, "model__max_depth": 8.0, "model__n_estimators": 23.829545888197167, "model__reg_lambda": 4.008853944338503}, "datetime": {"datetime": "2021-03-27 03:51:58", "elapsed": 268.558731, "delta": 1.765901}}
{"target": -1.354282725939824, "params": {"model__colsample_bylevel": 0.3, "model__colsample_bynode": 1.0, "model__colsample_bytree": 0.3, "model__learning_rate": 0.3, "model__max_depth": 8.0, "model__n_estimators": 28.39525739284404, "model__reg_lambda": 6.185352356193064}, "datetime": {"datetime": "2021-03-27 03:52:00", "elapsed": 270.673232, "delta": 2.114501}}
{"target": -1.3436158169330894, "params": {"model__colsample_bylevel": 0.3, "model__colsample_bynode": 1.0, "model__colsample_bytree": 0.3, "model__learning_rate": 0.3, "model__max_depth": 3.0857091697305816, "model__n_estimators": 20.22164913091385, "model__reg_lambda": 0.7143489163587402}, "datetime": {"datetime": "2021-03-27 03:52:02", "elapsed": 272.504808, "delta": 1.831576}}
{"target": -1.4114609168059586, "params": {"model__colsample_bylevel": 1.0, "model__colsample_bynode": 0.3, "model__colsample_bytree": 1.0, "model__learning_rate": 0.3, "model__max_depth": 3.4635713348830515, "model__n_estimators": 15.0, "model__reg_lambda": 5.754498168233154}, "datetime": {"datetime": "2021-03-27 03:52:04", "elapsed": 274.431018, "delta": 1.92621}}
{"target": -1.396188977352627, "params": {"model__colsample_bylevel": 1.0, "model__colsample_bynode": 0.3, "model__colsample_bytree": 0.3, "model__learning_rate": 0.3, "model__max_depth": 4.42132339071642, "model__n_estimators": 15.0, "model__reg_lambda": 1.308590178416486}, "datetime": {"datetime": "2021-03-27 03:52:05", "elapsed": 276.196298, "delta": 1.76528}}
{"target": -1.3772811031220413, "params": {"model__colsample_bylevel": 1.0, "model__colsample_bynode": 1.0, "model__colsample_bytree": 0.3, "model__learning_rate": 0.3, "model__max_depth": 4.641249220012316, "model__n_estimators": 30.0, "model__reg_lambda": 0.0}, "datetime": {"datetime": "2021-03-27 03:52:07", "elapsed": 278.018595, "delta": 1.822297}}
{"target": -1.432543701063032, "params": {"model__colsample_bylevel": 0.9712321518861815, "model__colsample_bynode": 0.3055554517983913, "model__colsample_bytree": 0.3000776221853332, "model__learning_rate": 0.10111570273683429, "model__max_depth": 7.446209640575383, "model__n_estimators": 25.94998941707063, "model__reg_lambda": 0.12168562689140239}, "datetime": {"datetime": "2021-03-27 03:52:09", "elapsed": 280.069155, "delta": 2.05056}}
{"target": -1.4647699126460847, "params": {"model__colsample_bylevel": 0.3, "model__colsample_bynode": 0.3, "model__colsample_bytree": 1.0, "model__learning_rate": 0.3, "model__max_depth": 2.353934528146442, "model__n_estimators": 22.49117258570594, "model__reg_lambda": 5.576188099236981}, "datetime": {"datetime": "2021-03-27 03:52:11", "elapsed": 281.987061, "delta": 1.917906}}
{"target": -1.4364325636543969, "params": {"model__colsample_bylevel": 0.3, "model__colsample_bynode": 1.0, "model__colsample_bytree": 1.0, "model__learning_rate": 0.3, "model__max_depth": 6.898161986396418, "model__n_estimators": 24.875824656084095, "model__reg_lambda": 0.0}, "datetime": {"datetime": "2021-03-27 03:52:13", "elapsed": 283.90698, "delta": 1.919919}}
{"target": -1.342501020151447, "params": {"model__colsample_bylevel": 0.3, "model__colsample_bynode": 1.0, "model__colsample_bytree": 1.0, "model__learning_rate": 0.3, "model__max_depth": 3.2484887021970894, "model__n_estimators": 28.59068316974657, "model__reg_lambda": 2.670656143179818}, "datetime": {"datetime": "2021-03-27 03:52:15", "elapsed": 286.247273, "delta": 2.340293}}
{"target": -1.3426515301750244, "params": {"model__colsample_bylevel": 0.3, "model__colsample_bynode": 1.0, "model__colsample_bytree": 0.3, "model__learning_rate": 0.3, "model__max_depth": 7.002818815294305, "model__n_estimators": 30.0, "model__reg_lambda": 3.8028949264284546}, "datetime": {"datetime": "2021-03-27 03:52:17", "elapsed": 287.958156, "delta": 1.710883}}
{"target": -1.3688427407564459, "params": {"model__colsample_bylevel": 0.3, "model__colsample_bynode": 1.0, "model__colsample_bytree": 1.0, "model__learning_rate": 0.3, "model__max_depth": 2.0, "model__n_estimators": 26.911837028370194, "model__reg_lambda": 4.557212187870339}, "datetime": {"datetime": "2021-03-27 03:52:19", "elapsed": 289.78243, "delta": 1.824274}}
{"target": -1.3461132353509142, "params": {"model__colsample_bylevel": 0.3, "model__colsample_bynode": 1.0, "model__colsample_bytree": 0.3, "model__learning_rate": 0.3, "model__max_depth": 4.660712078514772, "model__n_estimators": 23.22192933147577, "model__reg_lambda": 1.4249090535588598}, "datetime": {"datetime": "2021-03-27 03:52:21", "elapsed": 291.880052, "delta": 2.097622}}
