{"target": -1.3481122934556415, "params": {"model__colsample_bylevel": 0.3, "model__colsample_bynode": 1.0, "model__colsample_bytree": 1.0, "model__learning_rate": 0.3, "model__max_depth": 3.1424444968248437, "model__n_estimators": 25.8122446121035, "model__reg_lambda": 6.4608411611194345}, "datetime": {"datetime": "2021-03-27 03:52:23", "elapsed": 293.748348, "delta": 1.868296}}
{"target": -1.3374444252878859, "params": {"model__colsample_bylevel": 1.0, "model__colsample_bynode": 0.3, "model__colsample_bytree": 1.0, "model__learning_rate": 0.3, "model__max_depth": 3.8479336029999156, "model__n_estimators": 25.790528124399493, "model__reg_lambda": 6.527455775945747}, "datetime": {"datetime": "2021-03-27 03:52:25", "elapsed": 296.034501, "delta": 2.286153}}
{"target": -1.3530871354799339, "params": {"model__colsample_bylevel": 0.3, "model__colsample_bynode": 1.0, "model__colsample_bytree": 1.0, "model__learning_rate": 0.3, "model__max_depth": 4.66843361844138, "model__n_estimators": 22.77762570932804, "model__reg_lambda": 7.20109965205937}, "datetime": {"datetime": "2021-03-27 03:52:28", "elapsed": 298.278539, "delta": 2.244038}}
{"target": -1.354599336962607, "params": {"model__colsample_bylevel": 1.0, "model__colsample_bynode": 0.3, "model__colsample_bytree": 0.3, "model__learning_rate": 0.3, "model__max_depth": 3.4575099945983045, "model__n_estimators": 20.81046632758417, "model__reg_lambda": 2.3605923949317287}, "datetime": {"datetime": "2021-03-27 03:52:29", "elapsed": 300.073856, "delta": 1.795317}}
{"target": -1.365757702798515, "params": {"model__colsample_bylevel": 0.3, "model__colsample_bynode": 0.3, "model__colsample_bytree": 0.3, "model__learning_rate": 0.3, "model__max_depth": 2.0, "model__n_estimators": 30.0, "model__reg_lambda": 0.0}, "datetime": {"datetime": "2021-03-27 03:52:31", "elapsed": 301.887967, "delta": 1.814111}}
{"target": -1.3778232170775047, "params": {"model__colsample_bylevel": 1.0, "model__colsample_bynode": 1.0, "model__colsample_bytree": 0.3, "model__learning_rate": 0.3, "model__max_depth": 2.0, "model__n_estimators": 26.364561033098425, "model__reg_lambda": 1.095405482603418}, "datetime": {"datetime": "2021-03-27 03:52:33", "elapsed": 304.08289, "delta": 2.194923}}
{"target": -1.3759400609597239, "params": {"model__colsample_bylevel": 1.0, "model__colsample_bynode": 1.0, "model__colsample_bytree": 0.3, "model__learning_rate": 0.3, "model__max_depth": 3.275865437786359, "model__n_estimators": 24.599349638476088, "model__reg_lambda": 7.658326782009493}, "datetime": {"datetime": "2021-03-27 03:52:35", "elapsed": 306.054253, "delta": 1.971363}}
{"target": -1.367416328674965, "params": {"model__colsample_bylevel": 1.0, "model__colsample_bynode": 0.3, "model__colsample_bytree": 1.0, "model__learning_rate": 0.3, "model__max_depth": 6.656383522780599, "model__n_estimators": 24.583519713799372, "model__reg_lambda": 3.2405714487843156}, "datetime": {"datetime": "2021-03-27 03:52:38", "elapsed": 308.408017, "delta": 2.353764}}
{"target": -1.3579471376663803, "params": {"model__colsample_bylevel": 0.4224666150713744, "model__colsample_bynode": 0.9129161590764121, "model__colsample_bytree": 0.894716037096124, "model__learning_rate": 0.2854132478538195, "model__max_depth": 3.4281750865046856, "model__n_estimators": 27.590458274504407, "model__reg_lambda": 0.8469521348528741}, "datetime": {"datetime": "2021-03-27 03:52:40", "elapsed": 310.648316, "delta": 2.240299}}
{"target": -1.3532349316119823, "params": {"model__colsample_bylevel": 1.0, "model__colsample_bynode": 0.3, "model__colsample_bytree": 1.0, "model__learning_rate": 0.3, "model__max_depth": 3.5285371315472656, "model__n_estimators": 20.457929763030844, "model__reg_lambda": 4.279013695872437}, "datetime": {"datetime": "2021-03-27 03:52:42", "elapsed": 312.681386, "delta": 2.03307}}
{"target": -1.3542312183700826, "params": {"model__colsample_bylevel": 0.3, "model__colsample_bynode": 1.0, "model__colsample_bytree": 1.0, "model__learning_rate": 0.3, "model__max_depth": 8.0, "model__n_estimators": 21.5676613995954, "model__reg_lambda": 5.788183664820582}, "datetime": {"datetime": "2021-03-27 03:52:44", "elapsed": 314.997103, "delta": 2.315717}}
{"target": -1.4021081450300803, "params": {"model__colsample_bylevel": 0.3, "model__colsample_bynode": 0.3, "model__colsample_bytree": 0.3, "model__learning_rate": 0.3, "model__max_depth": 8.0, "model__n_estimators": 18.004863947908163, "model__reg_lambda": 0.0}, "datetime": {"datetime": "2021-03-27 03:52:46", "elapsed": 316.983863, "delta": 1.98676}}
{"target": -1.3544713558015022, "params": {"model__colsample_bylevel": 0.3, "model__colsample_bynode": 1.0, "model__colsample_bytree": 0.3, "model__learning_rate": 0.3, "model__max_depth": 6.544283024107393, "model__n_estimators": 30.0, "model__reg_lambda": 0.0}, "datetime": {"datetime": "2021-03-27 03:52:48", "elapsed": 319.188776, "delta": 2.204913}}
{"target": -1.3563968997819862, "params": {"model__colsample_bylevel": 1.0, "model__colsample_bynode": 0.3, "model__colsample_bytree": 0.8045771937511564, "model__learning_rate": 0.3, "model__max_depth": 4.099493383703382, "model__n_estimators": 30.0, "model__reg_lambda": 1.3058861014118917}, "datetime": {"datetime": "2021-03-27 03:52:50", "elapsed": 321.16109, "delta": 1.972314}}
{"target": -1.376427983780108, "params": {"model__colsample_bylevel": 1.0, "model__colsample_bynode": 1.0, "model__colsample_bytree": 0.3, "model__learning_rate": 0.3, "model__max_depth": 3.3609422224683323, "model__n_estimators": 28.859555905469072, "model__reg_lambda": 0.6749986638963532}, "datetime": {"datetime": "2021-03-27 03:52:53", "elapsed": 323.543632, "delta": 2.382542}}
{"target": -1.3717790975012696, "params": {"model__colsample_bylevel": 1.0, "model__colsample_bynode": 0.9258487468704771, "model__colsample_bytree": 0.3, "model__learning_rate": 0.3, "model__max_depth": 5.153233969375947, "model__n_estimators": 24.774425693987656, "model__reg_lambda": 1.4464573763708868}, "datetime": {"datetime": "2021-03-27 03:52:55", "elapsed": 325.721108, "delta": 2.177476}}
{"target": -1.3690674449168687, "params": {"model__colsample_bylevel": 1.0, "model__colsample_bynode": 0.3, "model__colsample_bytree": 0.30142248247713327, "model__learning_rate": 0.3, "model__max_depth": 2.79459239317519, "model__n_estimators": 26.054714928540893, "model__reg_lambda": 0.23231467072718626}, "datetime": {"datetime": "2021-03-27 03:52:57", "elapsed": 327.457522, "delta": 1.736414}}
{"target": -1.3906683121686396, "params": {"model__colsample_bylevel": 1.0, "model__colsample_bynode": 1.0, "model__colsample_bytree": 0.3, "model__learning_rate": 0.3, "model__max_depth": 2.0, "model__n_estimators": 19.919298374856815, "model__reg_lambda": 0.6486976629709822}, "datetime": {"datetime": "2021-03-27 03:52:59", "elapsed": 329.652313, "delta": 2.194791}}
{"target": -1.3593959282179349, "params": {"model__colsample_bylevel": 0.3, "model__colsample_bynode": 0.3, "model__colsample_bytree": 0.3, "model__learning_rate": 0.3, "model__max_depth": 8.0, "model__n_estimators": 28.331923403289395, "model__reg_lambda": 0.0}, "datetime": {"datetime": "2021-03-27 03:53:01", "elapsed": 331.668919, "delta": 2.016606}}
{"target": -1.3419303546497678, "params": {"model__colsample_bylevel": 0.3, "model__colsample_bynode": 1.0, "model__colsample_bytree": 1.0, "model__learning_rate": 0.3, "model__max_depth": 2.0, "model__n_estimators": 30.0, "model__reg_lambda": 0.0}, "datetime": {"datetime": "2021-03-27 03:53:03", "elapsed": 333.73355, "delta": 2.064631}}
{"target": -1.386806605918252, "params": {"model__colsample_bylevel": 0.3, "model__colsample_bynode": 1.0, "model__colsample_bytree": 1.0, "model__learning_rate": 0.3, "model__max_depth": 8.0, "model__n_estimators": 24.26814445772588, "model__reg_lambda": 8.620168650986932}, "datetime": {"datetime": "2021-03-27 03:53:05", "elapsed": 336.204135, "delta": 2.470585}}
{"target": -1.390293591933838, "params": {"model__colsample_bylevel": 0.3, "model__colsample_bynode": 0.3, "model__colsample_bytree": 1.0, "model__learning_rate": 0.3, "model__max_depth": 8.0, "model__n_estimators": 28.14918337413956, "model__reg_lambda": 7.1535887478571105}, "datetime": {"datetime": "2021-03-27 03:53:07", "elapsed": 338.004403, "delta": 1.800268}}
{"target": -1.435682804531593, "params": {"model__colsample_bylevel": 0.3, "model__colsample_bynode": 0.3, "model__colsample_bytree": 1.0, "model__learning_rate": 0.3, "model__max_depth": 8.0, "model__n_estimators": 19.323352488467187, "model__reg_lambda": 5.385334398719063}, "datetime": {"datetime": "2021-03-27 03:53:09", "elapsed": 340.204535, "delta": 2.200132}}
{"target": -1.3339798683449087, "params": {"model__colsample_bylevel": 0.41646134589090766, "model__colsample_bynode": 0.4683538881676448, "model__colsample_bytree": 0.9684564380438767, "model__learning_rate": 0.2919807054025985, "model__max_depth": 2.00474540841046, "model__n_estimators": 29.408062835209545, "model__reg_lambda": 0.5034413533807525}, "datetime": {"datetime": "2021-03-27 03:53:11", "elapsed": 342.08616, "delta": 1.881625}}
{"target": -1.394666832515403, "params": {"model__colsample_bylevel": 1.0, "model__colsample_bynode": 0.3, "model__colsample_bytree": 1.0, "model__learning_rate": 0.3, "model__max_depth": 4.298049434150274, "model__n_estimators": 20.20283748340839, "model__reg_lambda": 8.470487631713445}, "datetime": {"datetime": "2021-03-27 03:53:13", "elapsed": 344.037384, "delta": 1.951224}}
{"target": -1.344494228312692, "params": {"model__colsample_bylevel": 1.0, "model__colsample_bynode": 0.3, "model__colsample_bytree": 0.3, "model__learning_rate": 0.3, "model__max_depth": 8.0, "model__n_estimators": 21.53554426289192, "model__reg_lambda": 0.0}, "datetime": {"datetime": "2021-03-27 03:53:15", "elapsed": 346.065507, "delta": 2.028123}}
{"target": -1.5516898695541463, "params": {"model__colsample_bylevel": 0.3, "model__colsample_bynode": 0.3, "model__colsample_bytree": 0.3, "model__learning_rate": 0.1, "model__max_depth": 8.0, "model__n_estimators": 22.405677758998348, "model__reg_lambda": 0.0}, "datetime": {"datetime": "2021-03-27 03:53:17", "elapsed": 348.006422, "delta": 1.940915}}
{"target": -1.4584580139324501, "params": {"model__colsample_bylevel": 1.0, "model__colsample_bynode": 1.0, "model__colsample_bytree": 1.0, "model__learning_rate": 0.3, "model__max_depth": 2.0, "model__n_estimators": 25.71421384519825, "model__reg_lambda": 7.7386238690800635}, "datetime": {"datetime": "2021-03-27 03:53:20", "elapsed": 350.524058, "delta": 2.517636}}
{"target": -1.4308085812444704, "params": {"model__colsample_bylevel": 0.3, "model__colsample_bynode": 1.0, "model__colsample_bytree": 0.3, "model__learning_rate": 0.3, "model__max_depth": 4.574861923776699, "model__n_estimators": 23.55398801152441, "model__reg_lambda": 10.0}, "datetime": {"datetime": "2021-03-27 03:53:22", "elapsed": 352.562464, "delta": 2.038406}}
{"target": -1.3242219609167911, "params": {"model__colsample_bylevel": 0.3, "model__colsample_bynode": 0.3, "model__colsample_bytree": 1.0, "model__learning_rate": 0.3, "model__max_depth": 2.7996093363425807, "model__n_estimators": 27.231169400660956, "model__reg_lambda": 0.0}, "datetime": {"datetime": "2021-03-27 03:53:24", "elapsed": 354.424697, "delta": 1.862233}}
{"target": -1.3745368097935788, "params": {"model__colsample_bylevel": 1.0, "model__colsample_bynode": 0.3, "model__colsample_bytree": 0.3, "model__learning_rate": 0.3, "model__max_depth": 3.4074435830802132, "model__n_estimators": 18.13007742595195, "model__reg_lambda": 1.584996514311617}, "datetime": {"datetime": "2021-03-27 03:53:26", "elapsed": 356.350512, "delta": 1.925815}}
{"target": -1.4185913933790288, "params": {"model__colsample_bylevel": 1.0, "model__colsample_bynode": 1.0, "model__colsample_bytree": 0.3, "model__learning_rate": 0.3, "model__max_depth": 8.0, "model__n_estimators": 20.37345748060129, "model__reg_lambda": 0.0}, "datetime": {"datetime": "2021-03-27 03:53:28", "elapsed": 358.355846, "delta": 2.005334}}
{"target": -1.3810737393958412, "params": {"model__colsample_bylevel": 1.0, "model__colsample_bynode": 0.3, "model__colsample_bytree": 1.0, "model__learning_rate": 0.3, "model__max_depth": 5.515051617576809, "model__n_estimators": 30.0, "model__reg_lambda": 8.856968688332527}, "datetime": {"datetime": "2021-03-27 03:53:30", "elapsed": 360.526029, "delta": 2.170183}}
{"target": -1.3746414575577321, "params": {"model__colsample_bylevel": 0.3, "model__colsample_bynode": 0.3, "model__colsample_bytree": 1.0, "model__learning_rate": 0.3, "model__max_depth": 3.8319195163342594, "model__n_estimators": 24.419622637731027, "model__reg_lambda": 1.9975574242737484}, "datetime": {"datetime": "2021-03-27 03:53:32", "elapsed": 362.433913, "delta": 1.907884}}
{"target": -1.3928030019801487, "params": {"model__colsample_bylevel": 0.3, "model__colsample_bynode": 1.0, "model__colsample_bytree": 0.3, "model__learning_rate": 0.3, "model__max_depth": 5.8808374652443165, "model__n_estimators": 17.72838866412674, "model__reg_lambda": 1.1440976491320858}, "datetime": {"datetime": "2021-03-27 03:53:34", "elapsed": 364.444285, "delta": 2.010372}}
{"target": -1.41007988559946, "params": {"model__colsample_bylevel": 1.0, "model__colsample_bynode": 0.3, "model__colsample_bytree": 0.3, "model__learning_rate": 0.3, "model__max_depth": 4.724392965926738, "model__n_estimators": 19.171193013098957, "model__reg_lambda": 4.031228639859342}, "datetime": {"datetime": "2021-03-27 03:53:35", "elapsed": 366.24869, "delta": 1.804405}}
{"target": -1.3553565615227958, "params": {"model__colsample_bylevel": 0.3, "model__colsample_bynode": 1.0, "model__colsample_bytree": 0.3, "model__learning_rate": 0.3, "model__max_depth": 4.301218180778195, "model__n_estimators": 27.202718952117745, "model__reg_lambda": 0.0}, "datetime": {"datetime": "2021-03-27 03:53:38", "elapsed": 368.30363, "delta": 2.05494}}
{"target": -1.4347119447343266, "params": {"model__colsample_bylevel": 1.0, "model__colsample_bynode": 1.0, "model__colsample_bytree": 1.0, "model__learning_rate": 0.3, "model__max_depth": 3.3986432427745683, "model__n_estimators": 23.016259007986797, "model__reg_lambda": 6.979558906965656}, "datetime": {"datetime": "2021-03-27 03:53:40", "elapsed": 371.098193, "delta": 2.794563}}
{"target": -1.3422939985032207, "params": {"model__colsample_bylevel": 0.3, "model__colsample_bynode": 1.0, "model__colsample_bytree": 1.0, "model__learning_rate": 0.3, "model__max_depth": 4.497601587961218, "model__n_estimators": 24.904936148375356, "model__reg_lambda": 7.487052503838818}, "datetime": {"datetime": "2021-03-27 03:53:42", "elapsed": 373.143158, "delta": 2.044965}}
{"target": -1.383612773238101, "params": {"model__colsample_bylevel": 1.0, "model__colsample_bynode": 1.0, "model__colsample_bytree": 0.3, "model__learning_rate": 0.3, "model__max_depth": 8.0, "model__n_estimators": 24.504478268527432, "model__reg_lambda": 0.9525665710911679}, "datetime": {"datetime": "2021-03-27 03:53:45", "elapsed": 375.808366, "delta": 2.665208}}
{"target": -1.37174752107349, "params": {"model__colsample_bylevel": 1.0, "model__colsample_bynode": 0.3, "model__colsample_bytree": 1.0, "model__learning_rate": 0.3, "model__max_depth": 2.0, "model__n_estimators": 26.000551156738737, "model__reg_lambda": 5.247638666254966}, "datetime": {"datetime": "2021-03-27 03:53:47", "elapsed": 377.942203, "delta": 2.133837}}
{"target": -1.3987514339792342, "params": {"model__colsample_bylevel": 0.3, "model__colsample_bynode": 1.0, "model__colsample_bytree": 1.0, "model__learning_rate": 0.3, "model__max_depth": 8.0, "model__n_estimators": 21.65105608080987, "model__reg_lambda": 8.678263689073423}, "datetime": {"datetime": "2021-03-27 03:53:50", "elapsed": 380.725607, "delta": 2.783404}}
{"target": -1.3824026104076295, "params": {"model__colsample_bylevel": 1.0, "model__colsample_bynode": 0.3, "model__colsample_bytree": 0.3, "model__learning_rate": 0.3, "model__max_depth": 6.874420535306013, "model__n_estimators": 16.15107109018469, "model__reg_lambda": 0.0}, "datetime": {"datetime": "2021-03-27 03:53:52", "elapsed": 382.709058, "delta": 1.983451}}
{"target": -1.3854026146141976, "params": {"model__colsample_bylevel": 0.3, "model__colsample_bynode": 0.3, "model__colsample_bytree": 1.0, "model__learning_rate": 0.3, "model__max_depth": 7.850821118378645, "model__n_estimators": 30.0, "model__reg_lambda": 0.0}, "datetime": {"datetime": "2021-03-27 03:53:54", "elapsed": 385.252724, "delta": 2.543666}}
{"target": -1.4154865987720373, "params": {"model__colsample_bylevel": 0.3, "model__colsample_bynode": 1.0, "model__colsample_bytree": 0.3, "model__learning_rate": 0.3, "model__max_depth": 4.611450794332656, "model__n_estimators": 23.729358401363207, "model__reg_lambda": 7.6747024077529655}, "datetime": {"datetime": "2021-03-27 03:53:56", "elapsed": 386.94705, "delta": 1.694326}}
{"target": -1.3609854577311677, "params": {"model__colsample_bylevel": 1.0, "model__colsample_bynode": 0.3, "model__colsample_bytree": 1.0, "model__learning_rate": 0.3, "model__max_depth": 6.128354717242939, "model__n_estimators": 23.317430217349795, "model__reg_lambda": 6.806053248200474}, "datetime": {"datetime": "2021-03-27 03:53:58", "elapsed": 389.220705, "delta": 2.273655}}
{"target": -1.4335610064569915, "params": {"model__colsample_bylevel": 1.0, "model__colsample_bynode": 1.0, "model__colsample_bytree": 1.0, "model__learning_rate": 0.3, "model__max_depth": 8.0, "model__n_estimators": 26.445039638944245, "model__reg_lambda": 10.0}, "datetime": {"datetime": "2021-03-27 03:54:02", "elapsed": 392.377116, "delta": 3.156411}}
{"target": -1.5186920111917934, "params": {"model__colsample_bylevel": 0.3, "model__colsample_bynode": 1.0, "model__colsample_bytree": 0.3, "model__learning_rate": 0.3, "model__max_depth": 2.2495320899189166, "model__n_estimators": 21.32599304222598, "model__reg_lambda": 10.0}, "datetime": {"datetime": "2021-03-27 03:54:04", "elapsed": 394.432588, "delta": 2.055472}}
{"target": -1.4276279684939028, "params": {"model__colsample_bylevel": 0.3, "model__colsample_bynode": 0.3, "model__colsample_bytree": 1.0, "model__learning_rate": 0.3, "model__max_depth": 5.80402809582323, "model__n_estimators": 23.168052265037456, "model__reg_lambda": 7.918161199765715}, "datetime": {"datetime": "2021-03-27 03:54:06", "elapsed": 396.488731, "delta": 2.056143}}
{"target": -1.3729887932896667, "params": {"model__colsample_bylevel": 0.9485315215207538, "model__colsample_bynode": 1.0, "model__colsample_bytree": 0.3, "model__learning_rate": 0.3, "model__max_depth": 5.026607730520349, "model__n_estimators": 29.59001238813462, "model__reg_lambda": 4.745277819956217}, "datetime": {"datetime": "2021-03-27 03:54:08", "elapsed": 398.598145, "delta": 2.109414}}
{"target": -1.3569162442969778, "params": {"model__colsample_bylevel": 0.3, "model__colsample_bynode": 1.0, "model__colsample_bytree": 1.0, "model__learning_rate": 0.3, "model__max_depth": 8.0, "model__n_estimators": 23.87049298104295, "model__reg_lambda": 5.676661446656912}, "datetime": {"datetime": "2021-03-27 03:54:10", "elapsed": 401.176526, "delta": 2.578381}}
