{"target": -1.4424469124903714, "params": {"model__colsample_bylevel": 0.3, "model__colsample_bynode": 0.3, "model__colsample_bytree": 0.3, "model__learning_rate": 0.3, "model__max_depth": 8.0, "model__n_estimators": 26.79214738299513, "model__reg_lambda": 2.421129357755723}, "datetime": {"datetime": "2021-03-27 03:48:33", "elapsed": 63.809375, "delta": 1.922086}}
{"target": -1.3203845816974837, "params": {"model__colsample_bylevel": 0.3, "model__colsample_bynode": 1.0, "model__colsample_bytree": 1.0, "model__learning_rate": 0.3, "model__max_depth": 4.113390264329498, "model__n_estimators": 30.0, "model__reg_lambda": 4.643851166744975}, "datetime": {"datetime": "2021-03-27 03:48:35", "elapsed": 65.989256, "delta": 2.179881}}
{"target": -1.4523715200955454, "params": {"model__colsample_bylevel": 1.0, "model__colsample_bynode": 1.0, "model__colsample_bytree": 0.3, "model__learning_rate": 0.3, "model__max_depth": 2.0, "model__n_estimators": 15.0, "model__reg_lambda": 0.0}, "datetime": {"datetime": "2021-03-27 03:48:37", "elapsed": 67.758369, "delta": 1.769113}}
{"target": -1.3569946612390027, "params": {"model__colsample_bylevel": 0.3, "model__colsample_bynode": 1.0, "model__colsample_bytree": 0.3, "model__learning_rate": 0.3, "model__max_depth": 6.752505757277864, "model__n_estimators": 27.942703044846485, "model__reg_lambda": 0.0}, "datetime": {"datetime": "2021-03-27 03:48:39", "elapsed": 69.600599, "delta": 1.84223}}
{"target": -1.4241160940448079, "params": {"model__colsample_bylevel": 1.0, "model__colsample_bynode": 1.0, "model__colsample_bytree": 0.3, "model__learning_rate": 0.3, "model__max_depth": 8.0, "model__n_estimators": 17.198635698824827, "model__reg_lambda": 0.0}, "datetime": {"datetime": "2021-03-27 03:48:41", "elapsed": 71.413343, "delta": 1.812744}}
{"target": -1.4767661824822427, "params": {"model__colsample_bylevel": 0.3, "model__colsample_bynode": 0.3, "model__colsample_bytree": 1.0, "model__learning_rate": 0.3, "model__max_depth": 3.7277903699575443, "model__n_estimators": 20.4633979524094, "model__reg_lambda": 10.0}, "datetime": {"datetime": "2021-03-27 03:48:42", "elapsed": 73.196252, "delta": 1.782909}}
{"target": -1.394630170483952, "params": {"model__colsample_bylevel": 0.3, "model__colsample_bynode": 0.3, "model__colsample_bytree": 1.0, "model__learning_rate": 0.3, "model__max_depth": 8.0, "model__n_estimators": 16.31793097765919, "model__reg_lambda": 0.0}, "datetime": {"datetime": "2021-03-27 03:48:44", "elapsed": 74.60563, "delta": 1.409378}}
{"target": -1.4483363726270804, "params": {"model__colsample_bylevel": 1.0, "model__colsample_bynode": 1.0, "model__colsample_bytree": 1.0, "model__learning_rate": 0.3, "model__max_depth": 4.441630665978083, "model__n_estimators": 21.37735579938956, "model__reg_lambda": 10.0}, "datetime": {"datetime": "2021-03-27 03:48:46", "elapsed": 77.174398, "delta": 2.568768}}
{"target": -1.3922831092677688, "params": {"model__colsample_bylevel": 0.3, "model__colsample_bynode": 0.3, "model__colsample_bytree": 1.0, "model__learning_rate": 0.3, "model__max_depth": 3.914977573343743, "model__n_estimators": 28.377065746957296, "model__reg_lambda": 4.88356894797961}, "datetime": {"datetime": "2021-03-27 03:48:48", "elapsed": 78.726169, "delta": 1.551771}}
{"target": -1.3574351802495292, "params": {"model__colsample_bylevel": 1.0, "model__colsample_bynode": 0.3, "model__colsample_bytree": 0.3, "model__learning_rate": 0.3, "model__max_depth": 3.5736760121109223, "model__n_estimators": 21.17639655771322, "model__reg_lambda": 0.0}, "datetime": {"datetime": "2021-03-27 03:48:50", "elapsed": 80.273923, "delta": 1.547754}}
{"target": -1.3719568788657717, "params": {"model__colsample_bylevel": 0.3, "model__colsample_bynode": 0.3, "model__colsample_bytree": 1.0, "model__learning_rate": 0.3, "model__max_depth": 3.911697169656991, "model__n_estimators": 25.675071560935418, "model__reg_lambda": 0.0}, "datetime": {"datetime": "2021-03-27 03:48:51", "elapsed": 82.180267, "delta": 1.906344}}
{"target": -1.4607475988755838, "params": {"model__colsample_bylevel": 0.8296135357846155, "model__colsample_bynode": 0.9220398310762166, "model__colsample_bytree": 0.6182845151991107, "model__learning_rate": 0.15197687865458898, "model__max_depth": 7.989429374941658, "model__n_estimators": 29.456964423468783, "model__reg_lambda": 7.693857628611052}, "datetime": {"datetime": "2021-03-27 03:48:54", "elapsed": 84.555502, "delta": 2.375235}}
{"target": -1.4877164065567912, "params": {"model__colsample_bylevel": 0.3, "model__colsample_bynode": 1.0, "model__colsample_bytree": 0.3, "model__learning_rate": 0.3, "model__max_depth": 2.0, "model__n_estimators": 22.308004567447693, "model__reg_lambda": 7.255345112941261}, "datetime": {"datetime": "2021-03-27 03:48:55", "elapsed": 86.110278, "delta": 1.554776}}
{"target": -1.3798306977727275, "params": {"model__colsample_bylevel": 1.0, "model__colsample_bynode": 0.3, "model__colsample_bytree": 1.0, "model__learning_rate": 0.3, "model__max_depth": 5.676850293267729, "model__n_estimators": 18.446915895921347, "model__reg_lambda": 5.62848509645949}, "datetime": {"datetime": "2021-03-27 03:48:57", "elapsed": 87.876513, "delta": 1.766235}}
{"target": -1.3808898911460479, "params": {"model__colsample_bylevel": 0.3, "model__colsample_bynode": 1.0, "model__colsample_bytree": 0.3, "model__learning_rate": 0.3, "model__max_depth": 3.947944856090925, "model__n_estimators": 29.057902768628203, "model__reg_lambda": 7.84209358506543}, "datetime": {"datetime": "2021-03-27 03:48:59", "elapsed": 89.613712, "delta": 1.737199}}
{"target": -1.4765964718022642, "params": {"model__colsample_bylevel": 1.0, "model__colsample_bynode": 0.3, "model__colsample_bytree": 0.3, "model__learning_rate": 0.3, "model__max_depth": 5.9990097403179545, "model__n_estimators": 15.0, "model__reg_lambda": 6.914531516319657}, "datetime": {"datetime": "2021-03-27 03:49:00", "elapsed": 91.096307, "delta": 1.482595}}
{"target": -1.4085816013400672, "params": {"model__colsample_bylevel": 0.3, "model__colsample_bynode": 1.0, "model__colsample_bytree": 1.0, "model__learning_rate": 0.3, "model__max_depth": 8.0, "model__n_estimators": 21.07203277529835, "model__reg_lambda": 0.0}, "datetime": {"datetime": "2021-03-27 03:49:02", "elapsed": 93.070146, "delta": 1.973839}}
{"target": -1.3915765396116868, "params": {"model__colsample_bylevel": 1.0, "model__colsample_bynode": 0.3, "model__colsample_bytree": 0.3, "model__learning_rate": 0.3, "model__max_depth": 3.2514315993841074, "model__n_estimators": 30.0, "model__reg_lambda": 8.442415377137394}, "datetime": {"datetime": "2021-03-27 03:49:04", "elapsed": 94.663487, "delta": 1.593341}}
{"target": -1.4638385351585306, "params": {"model__colsample_bylevel": 0.3, "model__colsample_bynode": 0.3, "model__colsample_bytree": 0.3, "model__learning_rate": 0.3, "model__max_depth": 8.0, "model__n_estimators": 19.32878041625892, "model__reg_lambda": 1.5410024536634372}, "datetime": {"datetime": "2021-03-27 03:49:06", "elapsed": 96.311485, "delta": 1.647998}}
{"target": -1.5384095628840335, "params": {"model__colsample_bylevel": 0.3, "model__colsample_bynode": 0.3, "model__colsample_bytree": 1.0, "model__learning_rate": 0.3, "model__max_depth": 5.407962735968752, "model__n_estimators": 15.0, "model__reg_lambda": 10.0}, "datetime": {"datetime": "2021-03-27 03:49:07", "elapsed": 97.881564, "delta": 1.570079}}
{"target": -1.3904785264620854, "params": {"model__colsample_bylevel": 1.0, "model__colsample_bynode": 0.3, "model__colsample_bytree": 0.3, "model__learning_rate": 0.3, "model__max_depth": 8.0, "model__n_estimators": 27.08555618276258, "model__reg_lambda": 8.225423585583698}, "datetime": {"datetime": "2021-03-27 03:49:09", "elapsed": 99.663317, "delta": 1.781753}}
{"target": -1.6196241789537926, "params": {"model__colsample_bylevel": 0.3, "model__colsample_bynode": 0.3, "model__colsample_bytree": 1.0, "model__learning_rate": 0.1, "model__max_depth": 3.253939520279105, "model__n_estimators": 30.0, "model__reg_lambda": 10.0}, "datetime": {"datetime": "2021-03-27 03:49:10", "elapsed": 101.253277, "delta": 1.58996}}
{"target": -1.3288339233950484, "params": {"model__colsample_bylevel": 1.0, "model__colsample_bynode": 0.3, "model__colsample_bytree": 0.3, "model__learning_rate": 0.3, "model__max_depth": 2.0, "model__n_estimators": 24.88994928209299, "model__reg_lambda": 0.0}, "datetime": {"datetime": "2021-03-27 03:49:12", "elapsed": 102.769386, "delta": 1.516109}}
{"target": -1.4242421966774956, "params": {"model__colsample_bylevel": 1.0, "model__colsample_bynode": 1.0, "model__colsample_bytree": 1.0, "model__learning_rate": 0.3, "model__max_depth": 6.824494327125634, "model__n_estimators": 29.058001665440067, "model__reg_lambda": 10.0}, "datetime": {"datetime": "2021-03-27 03:49:15", "elapsed": 105.719933, "delta": 2.950547}}
{"target": -1.416428534164215, "params": {"model__colsample_bylevel": 1.0, "model__colsample_bynode": 0.3, "model__colsample_bytree": 0.3, "model__learning_rate": 0.3, "model__max_depth": 4.05762504499886, "model__n_estimators": 22.162194404124804, "model__reg_lambda": 6.385776566729563}, "datetime": {"datetime": "2021-03-27 03:49:16", "elapsed": 107.251225, "delta": 1.531292}}
{"target": -1.4214683589161088, "params": {"model__colsample_bylevel": 1.0, "model__colsample_bynode": 1.0, "model__colsample_bytree": 0.3, "model__learning_rate": 0.3, "model__max_depth": 2.0, "model__n_estimators": 27.82174195624708, "model__reg_lambda": 10.0}, "datetime": {"datetime": "2021-03-27 03:49:18", "elapsed": 108.833008, "delta": 1.581783}}
{"target": -1.4064171324308583, "params": {"model__colsample_bylevel": 1.0, "model__colsample_bynode": 0.3, "model__colsample_bytree": 1.0, "model__learning_rate": 0.3, "model__max_depth": 8.0, "model__n_estimators": 17.074986767305553, "model__reg_lambda": 3.8885828735560235}, "datetime": {"datetime": "2021-03-27 03:49:20", "elapsed": 110.901857, "delta": 2.068849}}
{"target": -1.4413899243552835, "params": {"model__colsample_bylevel": 0.3, "model__colsample_bynode": 0.3, "model__colsample_bytree": 1.0, "model__learning_rate": 0.3, "model__max_depth": 8.0, "model__n_estimators": 23.173119004684164, "model__reg_lambda": 10.0}, "datetime": {"datetime": "2021-03-27 03:49:22", "elapsed": 112.41144, "delta": 1.509583}}
{"target": -1.403187201578386, "params": {"model__colsample_bylevel": 0.3, "model__colsample_bynode": 1.0, "model__colsample_bytree": 1.0, "model__learning_rate": 0.3, "model__max_depth": 8.0, "model__n_estimators": 28.44404470215814, "model__reg_lambda": 0.0}, "datetime": {"datetime": "2021-03-27 03:49:24", "elapsed": 114.840162, "delta": 2.428722}}
{"target": -1.4578501996948665, "params": {"model__colsample_bylevel": 0.3, "model__colsample_bynode": 0.3, "model__colsample_bytree": 0.3, "model__learning_rate": 0.3, "model__max_depth": 6.592132812952906, "model__n_estimators": 28.301992465500422, "model__reg_lambda": 8.562273956736279}, "datetime": {"datetime": "2021-03-27 03:49:26", "elapsed": 116.567295, "delta": 1.727133}}
{"target": -1.4031578301654561, "params": {"model__colsample_bylevel": 1.0, "model__colsample_bynode": 1.0, "model__colsample_bytree": 0.3, "model__learning_rate": 0.3, "model__max_depth": 2.0, "model__n_estimators": 22.096701085188474, "model__reg_lambda": 0.0}, "datetime": {"datetime": "2021-03-27 03:49:28", "elapsed": 118.389693, "delta": 1.822398}}
{"target": -1.3539878954692486, "params": {"model__colsample_bylevel": 0.3, "model__colsample_bynode": 1.0, "model__colsample_bytree": 1.0, "model__learning_rate": 0.3, "model__max_depth": 6.0902288721807505, "model__n_estimators": 23.915656660892015, "model__reg_lambda": 2.4963785353862202}, "datetime": {"datetime": "2021-03-27 03:49:29", "elapsed": 120.227782, "delta": 1.838089}}
{"target": -1.4132879185152878, "params": {"model__colsample_bylevel": 0.3, "model__colsample_bynode": 0.3, "model__colsample_bytree": 1.0, "model__learning_rate": 0.1, "model__max_depth": 2.8906693105282093, "model__n_estimators": 30.0, "model__reg_lambda": 0.0}, "datetime": {"datetime": "2021-03-27 03:49:31", "elapsed": 122.136034, "delta": 1.908252}}
{"target": -1.5251712505941861, "params": {"model__colsample_bylevel": 1.0, "model__colsample_bynode": 1.0, "model__colsample_bytree": 1.0, "model__learning_rate": 0.3, "model__max_depth": 8.0, "model__n_estimators": 15.0, "model__reg_lambda": 0.0}, "datetime": {"datetime": "2021-03-27 03:49:34", "elapsed": 124.418125, "delta": 2.282091}}
{"target": -1.363588522540648, "params": {"model__colsample_bylevel": 0.3, "model__colsample_bynode": 1.0, "model__colsample_bytree": 1.0, "model__learning_rate": 0.3, "model__max_depth": 8.0, "model__n_estimators": 26.070215658951323, "model__reg_lambda": 6.9422872628432195}, "datetime": {"datetime": "2021-03-27 03:49:36", "elapsed": 126.504925, "delta": 2.0868}}
{"target": -1.3381539165852185, "params": {"model__colsample_bylevel": 1.0, "model__colsample_bynode": 0.3, "model__colsample_bytree": 1.0, "model__learning_rate": 0.3, "model__max_depth": 2.0, "model__n_estimators": 27.526826107668118, "model__reg_lambda": 0.0}, "datetime": {"datetime": "2021-03-27 03:49:38", "elapsed": 128.470311, "delta": 1.965386}}
{"target": -1.4645380157589292, "params": {"model__colsample_bylevel": 1.0, "model__colsample_bynode": 0.3, "model__colsample_bytree": 1.0, "model__learning_rate": 0.3, "model__max_depth": 6.052802563136378, "model__n_estimators": 22.7152990008563, "model__reg_lambda": 0.0}, "datetime": {"datetime": "2021-03-27 03:49:40", "elapsed": 130.373316, "delta": 1.903005}}
{"target": -1.4026022117368986, "params": {"model__colsample_bylevel": 1.0, "model__colsample_bynode": 1.0, "model__colsample_bytree": 1.0, "model__learning_rate": 0.3, "model__max_depth": 4.533379636827114, "model__n_estimators": 30.0, "model__reg_lambda": 7.195666226159651}, "datetime": {"datetime": "2021-03-27 03:49:42", "elapsed": 133.246042, "delta": 2.872726}}
{"target": -1.6745586933865062, "params": {"model__colsample_bylevel": 0.3, "model__colsample_bynode": 0.3, "model__colsample_bytree": 0.3, "model__learning_rate": 0.3, "model__max_depth": 2.0, "model__n_estimators": 15.0, "model__reg_lambda": 6.858692748927106}, "datetime": {"datetime": "2021-03-27 03:49:44", "elapsed": 134.702011, "delta": 1.455969}}
{"target": -1.3888947103833915, "params": {"model__colsample_bylevel": 0.3, "model__colsample_bynode": 0.3, "model__colsample_bytree": 1.0, "model__learning_rate": 0.3, "model__max_depth": 5.433059467379072, "model__n_estimators": 30.0, "model__reg_lambda": 3.4325526467256893}, "datetime": {"datetime": "2021-03-27 03:49:46", "elapsed": 136.381303, "delta": 1.679292}}
{"target": -1.5499295083400997, "params": {"model__colsample_bylevel": 0.3, "model__colsample_bynode": 0.3, "model__colsample_bytree": 0.3, "model__learning_rate": 0.3, "model__max_depth": 2.0, "model__n_estimators": 15.0, "model__reg_lambda": 0.0}, "datetime": {"datetime": "2021-03-27 03:49:47", "elapsed": 138.109193, "delta": 1.72789}}
{"target": -1.3533211477235825, "params": {"model__colsample_bylevel": 0.3, "model__colsample_bynode": 1.0, "model__colsample_bytree": 1.0, "model__learning_rate": 0.3, "model__max_depth": 8.0, "model__n_estimators": 20.300058701112135, "model__reg_lambda": 4.539490427582783}, "datetime": {"datetime": "2021-03-27 03:49:49", "elapsed": 140.007066, "delta": 1.897873}}
{"target": -1.329168914614812, "params": {"model__colsample_bylevel": 0.3, "model__colsample_bynode": 1.0, "model__colsample_bytree": 0.3, "model__learning_rate": 0.3, "model__max_depth": 3.7935168447290084, "model__n_estimators": 25.264807601783872, "model__reg_lambda": 1.6845776149797764}, "datetime": {"datetime": "2021-03-27 03:49:51", "elapsed": 141.62353, "delta": 1.616464}}
{"target": -1.3904646972545247, "params": {"model__colsample_bylevel": 1.0, "model__colsample_bynode": 0.3, "model__colsample_bytree": 1.0, "model__learning_rate": 0.3, "model__max_depth": 2.0, "model__n_estimators": 20.006059361876563, "model__reg_lambda": 1.7755522342408574}, "datetime": {"datetime": "2021-03-27 03:49:53", "elapsed": 143.533652, "delta": 1.910122}}
{"target": -1.3830284019486736, "params": {"model__colsample_bylevel": 1.0, "model__colsample_bynode": 1.0, "model__colsample_bytree": 0.3, "model__learning_rate": 0.3, "model__max_depth": 8.0, "model__n_estimators": 26.347442475047572, "model__reg_lambda": 5.638176065119213}, "datetime": {"datetime": "2021-03-27 03:49:55", "elapsed": 145.586174, "delta": 2.052522}}
{"target": -1.3396622495104868, "params": {"model__colsample_bylevel": 0.3, "model__colsample_bynode": 1.0, "model__colsample_bytree": 0.3, "model__learning_rate": 0.3, "model__max_depth": 8.0, "model__n_estimators": 23.841289106597728, "model__reg_lambda": 0.0}, "datetime": {"datetime": "2021-03-27 03:49:57", "elapsed": 147.544805, "delta": 1.958631}}
{"target": -1.4097138488921674, "params": {"model__colsample_bylevel": 1.0, "model__colsample_bynode": 1.0, "model__colsample_bytree": 1.0, "model__learning_rate": 0.3, "model__max_depth": 3.872834458279683, "model__n_estimators": 27.632432978342482, "model__reg_lambda": 8.646002070101805}, "datetime": {"datetime": "2021-03-27 03:49:59", "elapsed": 150.2464, "delta": 2.701595}}
{"target": -1.3750977480433126, "params": {"model__colsample_bylevel": 0.3, "model__colsample_bynode": 1.0, "model__colsample_bytree": 1.0, "model__learning_rate": 0.3, "model__max_depth": 2.0, "model__n_estimators": 30.0, "model__reg_lambda": 7.671737240197354}, "datetime": {"datetime": "2021-03-27 03:50:02", "elapsed": 152.27949, "delta": 2.03309}}
{"target": -1.375175978774981, "params": {"model__colsample_bylevel": 1.0, "model__colsample_bynode": 1.0, "model__colsample_bytree": 0.3, "model__learning_rate": 0.3, "model__max_depth": 3.812919098034668, "model__n_estimators": 19.226470809395952, "model__reg_lambda": 0.0}, "datetime": {"datetime": "2021-03-27 03:50:03", "elapsed": 153.95991, "delta": 1.68042}}
{"target": -1.3856242059149604, "params": {"model__colsample_bylevel": 0.3, "model__colsample_bynode": 0.3, "model__colsample_bytree": 0.3, "model__learning_rate": 0.3, "model__max_depth": 2.0, "model__n_estimators": 26.591736401463404, "model__reg_lambda": 0.0}, "datetime": {"datetime": "2021-03-27 03:50:05", "elapsed": 155.708761, "delta": 1.748851}}
{"target": -1.3400645192543827, "params": {"model__colsample_bylevel": 0.3, "model__colsample_bynode": 1.0, "model__colsample_bytree": 1.0, "model__learning_rate": 0.3, "model__max_depth": 8.0, "model__n_estimators": 22.7452050997253, "model__reg_lambda": 4.157536400758257}, "datetime": {"datetime": "2021-03-27 03:50:07", "elapsed": 157.717139, "delta": 2.008378}}
{"target": -1.3840115740908767, "params": {"model__colsample_bylevel": 0.3, "model__colsample_bynode": 0.3, "model__colsample_bytree": 0.3, "model__learning_rate": 0.3, "model__max_depth": 8.0, "model__n_estimators": 30.0, "model__reg_lambda": 0.8667201744164293}, "datetime": {"datetime": "2021-03-27 03:50:09", "elapsed": 159.47976, "delta": 1.762621}}
{"target": -1.3706751096744827, "params": {"model__colsample_bylevel": 1.0, "model__colsample_bynode": 1.0, "model__colsample_bytree": 0.3, "model__learning_rate": 0.3, "model__max_depth": 3.71030207138313, "model__n_estimators": 25.793959141338675, "model__reg_lambda": 0.0}, "datetime": {"datetime": "2021-03-27 03:50:11", "elapsed": 161.356578, "delta": 1.876818}}
{"target": -1.3485062867430024, "params": {"model__colsample_bylevel": 0.3, "model__colsample_bynode": 1.0, "model__colsample_bytree": 1.0, "model__learning_rate": 0.3, "model__max_depth": 2.3586398444948906, "model__n_estimators": 30.0, "model__reg_lambda": 3.7851651230149987}, "datetime": {"datetime": "2021-03-27 03:50:13", "elapsed": 163.528309, "delta": 2.171731}}
{"target": -1.3943881127875353, "params": {"model__colsample_bylevel": 1.0, "model__colsample_bynode": 0.3, "model__colsample_bytree": 1.0, "model__learning_rate": 0.3, "model__max_depth": 2.0, "model__n_estimators": 24.50246680901247, "model__reg_lambda": 6.716408701059256}, "datetime": {"datetime": "2021-03-27 03:50:15", "elapsed": 165.42989, "delta": 1.901581}}
{"target": -1.4556084252084078, "params": {"model__colsample_bylevel": 1.0, "model__colsample_bynode": 1.0, "model__colsample_bytree": 1.0, "model__learning_rate": 0.3, "model__max_depth": 4.523691520901796, "model__n_estimators": 17.239542472424187, "model__reg_lambda": 5.680961300591297}, "datetime": {"datetime": "2021-03-27 03:50:17", "elapsed": 167.70091, "delta": 2.27102}}
{"target": -1.3375973251992432, "params": {"model__colsample_bylevel": 0.3, "model__colsample_bynode": 1.0, "model__colsample_bytree": 0.3, "model__learning_rate": 0.3, "model__max_depth": 7.063826105166478, "model__n_estimators": 27.924189582297544, "model__reg_lambda": 3.8386213888608176}, "datetime": {"datetime": "2021-03-27 03:50:19", "elapsed": 169.582091, "delta": 1.881181}}
{"target": -1.4062866363404454, "params": {"model__colsample_bylevel": 1.0, "model__colsample_bynode": 0.3, "model__colsample_bytree": 1.0, "model__learning_rate": 0.3, "model__max_depth": 2.0, "model__n_estimators": 20.365388351659266, "model__reg_lambda": 5.502502000349522}, "datetime": {"datetime": "2021-03-27 03:50:21", "elapsed": 171.608898, "delta": 2.026807}}
{"target": -1.4241363197983499, "params": {"model__colsample_bylevel": 1.0, "model__colsample_bynode": 1.0, "model__colsample_bytree": 1.0, "model__learning_rate": 0.3, "model__max_depth": 8.0, "model__n_estimators": 28.41993685439851, "model__reg_lambda": 5.059860341248682}, "datetime": {"datetime": "2021-03-27 03:50:24", "elapsed": 174.947326, "delta": 3.338428}}
