{"target": -1.325156548430981, "params": {"model__colsample_bylevel": 0.999999998183932, "model__colsample_bynode": 0.3, "model__colsample_bytree": 0.35861461681034956, "model__learning_rate": 0.3, "model__max_depth": 4.0, "model__n_estimators": 29.0, "model__reg_lambda": 2.597475972619512}, "datetime": {"datetime": "2021-03-27 03:14:00", "elapsed": 0.0, "delta": 0.0}}
{"target": -1.385719931681735, "params": {"model__colsample_bylevel": 0.3, "model__colsample_bynode": 1.0, "model__colsample_bytree": 0.3, "model__learning_rate": 0.3, "model__max_depth": 5.0, "model__n_estimators": 28.0, "model__reg_lambda": 2.445978412994987}, "datetime": {"datetime": "2021-03-27 03:14:00", "elapsed": 0.268428, "delta": 0.268428}}
{"target": -1.3642022549498665, "params": {"model__colsample_bylevel": 0.6310644289849315, "model__colsample_bynode": 0.3, "model__colsample_bytree": 1.0, "model__learning_rate": 0.3, "model__max_depth": 4.0, "model__n_estimators": 29.0, "model__reg_lambda": 8.127083395450825}, "datetime": {"datetime": "2021-03-27 03:14:00", "elapsed": 0.644398, "delta": 0.37597}}
{"target": -1.355185664983709, "params": {"model__colsample_bylevel": 0.3, "model__colsample_bynode": 1.0, "model__colsample_bytree": 1.0, "model__learning_rate": 0.3, "model__max_depth": 2.0, "model__n_estimators": 26.0, "model__reg_lambda": 0.0}, "datetime": {"datetime": "2021-03-27 03:14:01", "elapsed": 0.930065, "delta": 0.285667}}
{"target": -1.355185664983709, "params": {"model__colsample_bylevel": 0.3, "model__colsample_bynode": 1.0, "model__colsample_bytree": 1.0, "model__learning_rate": 0.3, "model__max_depth": 2.0, "model__n_estimators": 26.0, "model__reg_lambda": 0.0}, "datetime": {"datetime": "2021-03-27 03:14:01", "elapsed": 0.930344, "delta": 0.000279}}
{"target": -1.3770484096181672, "params": {"model__colsample_bylevel": 1.0, "model__colsample_bynode": 0.3, "model__colsample_bytree": 1.0, "model__learning_rate": 0.3, "model__max_depth": 2.0, "model__n_estimators": 30.0, "model__reg_lambda": 1.64551885384336}, "datetime": {"datetime": "2021-03-27 03:14:01", "elapsed": 1.262116, "delta": 0.331772}}
{"target": -1.346412008923843, "params": {"model__colsample_bylevel": 1.0, "model__colsample_bynode": 0.7230456488597604, "model__colsample_bytree": 0.3, "model__learning_rate": 0.3, "model__max_depth": 7.0, "model__n_estimators": 25.0, "model__reg_lambda": 3.0652730075320616}, "datetime": {"datetime": "2021-03-27 03:14:01", "elapsed": 1.64417, "delta": 0.382054}}
{"target": -1.3604995201085357, "params": {"model__colsample_bylevel": 1.0, "model__colsample_bynode": 1.0, "model__colsample_bytree": 0.3, "model__learning_rate": 0.3, "model__max_depth": 2.0, "model__n_estimators": 30.0, "model__reg_lambda": 0.0}, "datetime": {"datetime": "2021-03-27 03:14:02", "elapsed": 1.971033, "delta": 0.326863}}
{"target": -1.3604995201085357, "params": {"model__colsample_bylevel": 1.0, "model__colsample_bynode": 1.0, "model__colsample_bytree": 0.3, "model__learning_rate": 0.3, "model__max_depth": 2.0, "model__n_estimators": 30.0, "model__reg_lambda": 0.0}, "datetime": {"datetime": "2021-03-27 03:14:02", "elapsed": 1.971327, "delta": 0.000294}}
{"target": -1.4005639905504803, "params": {"model__colsample_bylevel": 1.0, "model__colsample_bynode": 0.3, "model__colsample_bytree": 0.3, "model__learning_rate": 0.3, "model__max_depth": 6.0, "model__n_estimators": 29.0, "model__reg_lambda": 0.0}, "datetime": {"datetime": "2021-03-27 03:14:02", "elapsed": 2.220947, "delta": 0.24962}}
{"target": -1.4051539111457279, "params": {"model__colsample_bylevel": 0.3, "model__colsample_bynode": 1.0, "model__colsample_bytree": 0.3, "model__learning_rate": 0.3, "model__max_depth": 3.0, "model__n_estimators": 27.0, "model__reg_lambda": 0.0}, "datetime": {"datetime": "2021-03-27 03:14:02", "elapsed": 2.42325, "delta": 0.202303}}
{"target": -1.3569192577052214, "params": {"model__colsample_bylevel": 0.9005692246328567, "model__colsample_bynode": 0.3309131925319467, "model__colsample_bytree": 0.40116326893941884, "model__learning_rate": 0.2742604998626539, "model__max_depth": 3.0, "model__n_estimators": 30.0, "model__reg_lambda": 0.6535690177676157}, "datetime": {"datetime": "2021-03-27 03:14:02", "elapsed": 2.69268, "delta": 0.26943}}
{"target": -1.3569192577052214, "params": {"model__colsample_bylevel": 0.9005692246328567, "model__colsample_bynode": 0.3309131925319467, "model__colsample_bytree": 0.40116326893941884, "model__learning_rate": 0.2742604998626539, "model__max_depth": 3.0, "model__n_estimators": 30.0, "model__reg_lambda": 0.6535690177676157}, "datetime": {"datetime": "2021-03-27 03:14:02", "elapsed": 2.693118, "delta": 0.000438}}
{"target": -1.3569192577052214, "params": {"model__colsample_bylevel": 0.9005692246328567, "model__colsample_bynode": 0.3309131925319467, "model__colsample_bytree": 0.40116326893941884, "model__learning_rate": 0.2742604998626539, "model__max_depth": 3.0, "model__n_estimators": 30.0, "model__reg_lambda": 0.6535690177676157}, "datetime": {"datetime": "2021-03-27 03:14:02", "elapsed": 2.693417, "delta": 0.000299}}
{"target": -1.3569192577052214, "params": {"model__colsample_bylevel": 0.9005692246328567, "model__colsample_bynode": 0.3309131925319467, "model__colsample_bytree": 0.40116326893941884, "model__learning_rate": 0.2742604998626539, "model__max_depth": 3.0, "model__n_estimators": 30.0, "model__reg_lambda": 0.6535690177676157}, "datetime": {"datetime": "2021-03-27 03:14:02", "elapsed": 2.693689, "delta": 0.000272}}
{"target": -1.401716494186363, "params": {"model__colsample_bylevel": 0.3, "model__colsample_bynode": 1.0, "model__colsample_bytree": 0.3, "model__learning_rate": 0.3, "model__max_depth": 8.0, "model__n_estimators": 29.0, "model__reg_lambda": 2.809055168948987}, "datetime": {"datetime": "2021-03-27 03:14:03", "elapsed": 2.985502, "delta": 0.291813}}
{"target": -1.2856567941862498, "params": {"model__colsample_bylevel": 0.3, "model__colsample_bynode": 0.30000000000000004, "model__colsample_bytree": 1.0, "model__learning_rate": 0.3, "model__max_depth": 2.0, "model__n_estimators": 30.0, "model__reg_lambda": 0.0}, "datetime": {"datetime": "2021-03-27 03:14:03", "elapsed": 3.176477, "delta": 0.190975}}
{"target": -1.3661209709581286, "params": {"model__colsample_bylevel": 0.35528163046478134, "model__colsample_bynode": 0.4871789210833196, "model__colsample_bytree": 0.8234319661626395, "model__learning_rate": 0.29865280306489583, "model__max_depth": 3.0, "model__n_estimators": 29.0, "model__reg_lambda": 0.03421353007724948}, "datetime": {"datetime": "2021-03-27 03:14:03", "elapsed": 3.44273, "delta": 0.266253}}
{"target": -1.3661209709581286, "params": {"model__colsample_bylevel": 0.35528163046478134, "model__colsample_bynode": 0.4871789210833196, "model__colsample_bytree": 0.8234319661626395, "model__learning_rate": 0.29865280306489583, "model__max_depth": 3.0, "model__n_estimators": 29.0, "model__reg_lambda": 0.03421353007724948}, "datetime": {"datetime": "2021-03-27 03:14:03", "elapsed": 3.443037, "delta": 0.000307}}
{"target": -1.3661209709581286, "params": {"model__colsample_bylevel": 0.35528163046478134, "model__colsample_bynode": 0.4871789210833196, "model__colsample_bytree": 0.8234319661626395, "model__learning_rate": 0.29865280306489583, "model__max_depth": 3.0, "model__n_estimators": 29.0, "model__reg_lambda": 0.03421353007724948}, "datetime": {"datetime": "2021-03-27 03:14:03", "elapsed": 3.443231, "delta": 0.000194}}
{"target": -1.3661209709581286, "params": {"model__colsample_bylevel": 0.35528163046478134, "model__colsample_bynode": 0.4871789210833196, "model__colsample_bytree": 0.8234319661626395, "model__learning_rate": 0.29865280306489583, "model__max_depth": 3.0, "model__n_estimators": 29.0, "model__reg_lambda": 0.03421353007724948}, "datetime": {"datetime": "2021-03-27 03:14:03", "elapsed": 3.443406, "delta": 0.000175}}
{"target": -1.3661209709581286, "params": {"model__colsample_bylevel": 0.35528163046478134, "model__colsample_bynode": 0.4871789210833196, "model__colsample_bytree": 0.8234319661626395, "model__learning_rate": 0.29865280306489583, "model__max_depth": 3.0, "model__n_estimators": 29.0, "model__reg_lambda": 0.03421353007724948}, "datetime": {"datetime": "2021-03-27 03:14:03", "elapsed": 3.443565, "delta": 0.000159}}
{"target": -1.3578579561393438, "params": {"model__colsample_bylevel": 0.3, "model__colsample_bynode": 1.0, "model__colsample_bytree": 0.3, "model__learning_rate": 0.3, "model__max_depth": 4.0, "model__n_estimators": 30.0, "model__reg_lambda": 2.2070523787527936}, "datetime": {"datetime": "2021-03-27 03:14:03", "elapsed": 3.687799, "delta": 0.244234}}
{"target": -1.6007957610963046, "params": {"model__colsample_bylevel": 0.30726190771998996, "model__colsample_bynode": 0.651312214504117, "model__colsample_bytree": 0.6470413051939022, "model__learning_rate": 0.12676590579185532, "model__max_depth": 2.8526665127272315, "model__n_estimators": 18.278380134391174, "model__reg_lambda": 4.185081805104525}, "datetime": {"datetime": "2021-03-27 03:14:04", "elapsed": 3.886314, "delta": 0.198515}}
{"target": -1.3722042641764427, "params": {"model__colsample_bylevel": 0.4736708178894914, "model__colsample_bynode": 0.35884175581574507, "model__colsample_bytree": 0.54184904803528, "model__learning_rate": 0.1333552693064643, "model__max_depth": 7.271354513195954, "model__n_estimators": 29.26446047440075, "model__reg_lambda": 0.38748375832319826}, "datetime": {"datetime": "2021-03-27 03:14:04", "elapsed": 4.187803, "delta": 0.301489}}
{"target": -1.411747507452695, "params": {"model__colsample_bylevel": 0.7893751739791326, "model__colsample_bynode": 0.7009318708985864, "model__colsample_bytree": 0.9286049827576046, "model__learning_rate": 0.23337979458392732, "model__max_depth": 5.28702669827889, "model__n_estimators": 25.53641136102083, "model__reg_lambda": 3.864771696146654}, "datetime": {"datetime": "2021-03-27 03:14:05", "elapsed": 4.959332, "delta": 0.771529}}
{"target": -1.3880586863711368, "params": {"model__colsample_bylevel": 0.7861070744351207, "model__colsample_bynode": 0.8774093251503836, "model__colsample_bytree": 0.6259679327570861, "model__learning_rate": 0.28810488190533123, "model__max_depth": 6.822438620073907, "model__n_estimators": 29.75038872336499, "model__reg_lambda": 1.696362575837671}, "datetime": {"datetime": "2021-03-27 03:14:05", "elapsed": 5.628723, "delta": 0.669391}}
{"target": -1.4236890247091654, "params": {"model__colsample_bylevel": 0.6647592980218581, "model__colsample_bynode": 0.9618621918833685, "model__colsample_bytree": 0.7546783242123333, "model__learning_rate": 0.2721663846451393, "model__max_depth": 7.825076072541351, "model__n_estimators": 17.78312530401691, "model__reg_lambda": 2.431156753134085}, "datetime": {"datetime": "2021-03-27 03:14:06", "elapsed": 6.19128, "delta": 0.562557}}
{"target": -1.476649854629152, "params": {"model__colsample_bylevel": 0.9113805901707872, "model__colsample_bynode": 0.9343940938464552, "model__colsample_bytree": 0.8307945907576542, "model__learning_rate": 0.16938039075510394, "model__max_depth": 4.781208283904345, "model__n_estimators": 24.15806611272194, "model__reg_lambda": 4.96281717671187}, "datetime": {"datetime": "2021-03-27 03:14:07", "elapsed": 7.136949, "delta": 0.945669}}
{"target": -1.531816039974059, "params": {"model__colsample_bylevel": 0.6345818094768427, "model__colsample_bynode": 0.604888825336442, "model__colsample_bytree": 0.9092858074985717, "model__learning_rate": 0.1374717294122843, "model__max_depth": 6.126044559156051, "model__n_estimators": 25.552937607020823, "model__reg_lambda": 9.252000772711074}, "datetime": {"datetime": "2021-03-27 03:14:08", "elapsed": 7.760209, "delta": 0.62326}}
{"target": -1.508923979681255, "params": {"model__colsample_bylevel": 0.32761837237198693, "model__colsample_bynode": 0.7529816994815779, "model__colsample_bytree": 0.7466377893021694, "model__learning_rate": 0.19233953249413938, "model__max_depth": 2.318356546912358, "model__n_estimators": 15.578563847435374, "model__reg_lambda": 1.6953141420787687}, "datetime": {"datetime": "2021-03-27 03:14:08", "elapsed": 7.919766, "delta": 0.159557}}
{"target": -1.4964249154309863, "params": {"model__colsample_bylevel": 0.8561835208849775, "model__colsample_bynode": 0.4138242325920566, "model__colsample_bytree": 0.3971170898456863, "model__learning_rate": 0.17058339064653638, "model__max_depth": 4.906990730916813, "model__n_estimators": 25.466045776856664, "model__reg_lambda": 8.011564316956859}, "datetime": {"datetime": "2021-03-27 03:14:08", "elapsed": 8.228269, "delta": 0.308503}}
{"target": -1.4629437740784192, "params": {"model__colsample_bylevel": 0.4867420639503589, "model__colsample_bynode": 0.936633346480775, "model__colsample_bytree": 0.3160068649787738, "model__learning_rate": 0.17502455249915477, "model__max_depth": 3.1977999718893484, "model__n_estimators": 20.142078437421155, "model__reg_lambda": 4.441122950440465}, "datetime": {"datetime": "2021-03-27 03:14:08", "elapsed": 8.429323, "delta": 0.201054}}
{"target": -1.4317048456357873, "params": {"model__colsample_bylevel": 0.6486977272532548, "model__colsample_bynode": 0.5900424273597351, "model__colsample_bytree": 0.4499791740194562, "model__learning_rate": 0.14332794254537243, "model__max_depth": 3.3938427634789914, "model__n_estimators": 25.93628430939619, "model__reg_lambda": 4.159186670147922}, "datetime": {"datetime": "2021-03-27 03:14:09", "elapsed": 8.71612, "delta": 0.286797}}
{"target": -1.4329963846888016, "params": {"model__colsample_bylevel": 0.7087287246096596, "model__colsample_bynode": 0.6460356235928947, "model__colsample_bytree": 0.6010327699478305, "model__learning_rate": 0.24695316340723392, "model__max_depth": 5.337298920821893, "model__n_estimators": 19.539459624900097, "model__reg_lambda": 9.70798194813456}, "datetime": {"datetime": "2021-03-27 03:14:09", "elapsed": 9.116589, "delta": 0.400469}}
{"target": -1.5310903662572737, "params": {"model__colsample_bylevel": 0.4573898284863129, "model__colsample_bynode": 0.39713840986827087, "model__colsample_bytree": 0.730452732753553, "model__learning_rate": 0.19838578785694924, "model__max_depth": 3.0989164019193227, "model__n_estimators": 16.639657727470496, "model__reg_lambda": 5.395755249234239}, "datetime": {"datetime": "2021-03-27 03:14:09", "elapsed": 9.319112, "delta": 0.202523}}
{"target": -1.4041257062440982, "params": {"model__colsample_bylevel": 0.5025094970837707, "model__colsample_bynode": 0.37213783629228636, "model__colsample_bytree": 0.6434210837220209, "model__learning_rate": 0.22641833694649102, "model__max_depth": 2.227815301561689, "model__n_estimators": 22.50161880662639, "model__reg_lambda": 0.835434299294453}, "datetime": {"datetime": "2021-03-27 03:14:09", "elapsed": 9.493904, "delta": 0.174792}}
{"target": -1.464181243363714, "params": {"model__colsample_bylevel": 0.8539227643210632, "model__colsample_bynode": 0.8306252174459399, "model__colsample_bytree": 0.4835912545620663, "model__learning_rate": 0.12017171820904433, "model__max_depth": 7.503156236962601, "model__n_estimators": 22.761903626532458, "model__reg_lambda": 1.3353967592343363}, "datetime": {"datetime": "2021-03-27 03:14:10", "elapsed": 10.080369, "delta": 0.586465}}
{"target": -1.5395722490667867, "params": {"model__colsample_bylevel": 0.3787801798303496, "model__colsample_bynode": 0.8891488038898538, "model__colsample_bytree": 0.682252315571295, "model__learning_rate": 0.1522033166295056, "model__max_depth": 5.4549531069191834, "model__n_estimators": 19.707789101668837, "model__reg_lambda": 7.916231853067416}, "datetime": {"datetime": "2021-03-27 03:14:10", "elapsed": 10.436885, "delta": 0.356516}}
{"target": -1.3885049760908537, "params": {"model__colsample_bylevel": 0.6451635028820711, "model__colsample_bynode": 0.9756107284220326, "model__colsample_bytree": 0.6642183611480073, "model__learning_rate": 0.2806043190994539, "model__max_depth": 3.4988273636139016, "model__n_estimators": 22.822309547759104, "model__reg_lambda": 5.0574568339000425}, "datetime": {"datetime": "2021-03-27 03:14:11", "elapsed": 10.882337, "delta": 0.445452}}
{"target": -1.4659063349707404, "params": {"model__colsample_bylevel": 0.8691500365097846, "model__colsample_bynode": 0.35123595486158105, "model__colsample_bytree": 0.8853449005213216, "model__learning_rate": 0.26084712707576596, "model__max_depth": 4.4379276251183954, "model__n_estimators": 15.546768724832507, "model__reg_lambda": 7.672541069525759}, "datetime": {"datetime": "2021-03-27 03:14:11", "elapsed": 11.187171, "delta": 0.304834}}
{"target": -1.389393739569662, "params": {"model__colsample_bylevel": 0.7752492983214213, "model__colsample_bynode": 0.9432502217801924, "model__colsample_bytree": 0.6921299356114399, "model__learning_rate": 0.2935437919451478, "model__max_depth": 3.850306106454099, "model__n_estimators": 20.083349491730285, "model__reg_lambda": 7.308818114469667}, "datetime": {"datetime": "2021-03-27 03:14:12", "elapsed": 11.731973, "delta": 0.544802}}
{"target": -1.4104221670672406, "params": {"model__colsample_bylevel": 0.7909589341540182, "model__colsample_bynode": 0.8077442453063763, "model__colsample_bytree": 0.9257599208468199, "model__learning_rate": 0.24332981747869467, "model__max_depth": 6.092916621028417, "model__n_estimators": 27.646752630781677, "model__reg_lambda": 6.451189984951728}, "datetime": {"datetime": "2021-03-27 03:14:12", "elapsed": 12.696822, "delta": 0.964849}}
{"target": -1.3699665805891803, "params": {"model__colsample_bylevel": 0.511889221690131, "model__colsample_bynode": 0.880146841574702, "model__colsample_bytree": 0.4713036833734444, "model__learning_rate": 0.24075613859849618, "model__max_depth": 5.215329445061823, "model__n_estimators": 20.712142781227694, "model__reg_lambda": 1.7861793515885238}, "datetime": {"datetime": "2021-03-27 03:14:13", "elapsed": 13.031387, "delta": 0.334565}}
{"target": -1.3834722011093645, "params": {"model__colsample_bylevel": 0.9200821231031391, "model__colsample_bynode": 0.35616344543935075, "model__colsample_bytree": 0.8625120529528605, "model__learning_rate": 0.23669407037870885, "model__max_depth": 4.772062647788025, "model__n_estimators": 24.96073964162097, "model__reg_lambda": 2.826662622956666}, "datetime": {"datetime": "2021-03-27 03:14:13", "elapsed": 13.516876, "delta": 0.485489}}
{"target": -1.5134953492955454, "params": {"model__colsample_bylevel": 0.9031023424555509, "model__colsample_bynode": 0.4249356891249156, "model__colsample_bytree": 0.7057975471157624, "model__learning_rate": 0.1927268764937271, "model__max_depth": 6.039330960316078, "model__n_estimators": 22.141866816168736, "model__reg_lambda": 9.525111535091707}, "datetime": {"datetime": "2021-03-27 03:14:14", "elapsed": 13.979923, "delta": 0.463047}}
{"target": -1.436175921883272, "params": {"model__colsample_bylevel": 0.8972803412913453, "model__colsample_bynode": 0.9289549741797964, "model__colsample_bytree": 0.3178983723326505, "model__learning_rate": 0.13128458043568686, "model__max_depth": 4.861388901041763, "model__n_estimators": 26.020827615199973, "model__reg_lambda": 3.5630947732495777}, "datetime": {"datetime": "2021-03-27 03:14:14", "elapsed": 14.468822, "delta": 0.488899}}
{"target": -1.4445011744626624, "params": {"model__colsample_bylevel": 0.6951175428742368, "model__colsample_bynode": 0.3318286487069968, "model__colsample_bytree": 0.7483089139197432, "model__learning_rate": 0.23624127616156612, "model__max_depth": 4.373824850662889, "model__n_estimators": 17.05009515507337, "model__reg_lambda": 4.16457752159582}, "datetime": {"datetime": "2021-03-27 03:14:15", "elapsed": 14.712085, "delta": 0.243263}}
{"target": -1.3936277199084397, "params": {"model__colsample_bylevel": 0.816923983909474, "model__colsample_bynode": 0.7090153450298311, "model__colsample_bytree": 0.9184032582594783, "model__learning_rate": 0.21574992226411746, "model__max_depth": 3.0678227617515392, "model__n_estimators": 23.876275396014634, "model__reg_lambda": 0.5387774367636355}, "datetime": {"datetime": "2021-03-27 03:14:15", "elapsed": 15.249936, "delta": 0.537851}}
{"target": -1.5250173797480007, "params": {"model__colsample_bylevel": 0.8203891930140093, "model__colsample_bynode": 0.4407263630351047, "model__colsample_bytree": 0.9332727397304375, "model__learning_rate": 0.19471357604823214, "model__max_depth": 4.649919104965563, "model__n_estimators": 17.041195531585494, "model__reg_lambda": 8.076955975507973}, "datetime": {"datetime": "2021-03-27 03:14:15", "elapsed": 15.65234, "delta": 0.402404}}
{"target": -1.3614059870003088, "params": {"model__colsample_bylevel": 0.941920130237188, "model__colsample_bynode": 0.7862119444399247, "model__colsample_bytree": 0.7672811212479322, "model__learning_rate": 0.2413235529719557, "model__max_depth": 6.468881607544759, "model__n_estimators": 25.71892738561766, "model__reg_lambda": 1.4296252407525012}, "datetime": {"datetime": "2021-03-27 03:14:16", "elapsed": 16.461279, "delta": 0.808939}}
{"target": -1.5423865991334123, "params": {"model__colsample_bylevel": 0.7664505634998717, "model__colsample_bynode": 0.9372501752435591, "model__colsample_bytree": 0.3226974712037688, "model__learning_rate": 0.13696287496610304, "model__max_depth": 6.574112506330284, "model__n_estimators": 15.628001246231364, "model__reg_lambda": 2.789864730302046}, "datetime": {"datetime": "2021-03-27 03:14:17", "elapsed": 16.775992, "delta": 0.314713}}
{"target": -1.5687651675788392, "params": {"model__colsample_bylevel": 0.9005722896485118, "model__colsample_bynode": 0.5583279975276154, "model__colsample_bytree": 0.9292943127471143, "model__learning_rate": 0.1578195662504995, "model__max_depth": 4.281940885644073, "model__n_estimators": 16.640600890305116, "model__reg_lambda": 8.146246111896012}, "datetime": {"datetime": "2021-03-27 03:14:17", "elapsed": 17.245865, "delta": 0.469873}}
