{"target": -1.495916704892896, "params": {"model__colsample_bylevel": 0.9534398095322711, "model__colsample_bynode": 0.42817503247553923, "model__colsample_bytree": 0.5178389967922328, "model__learning_rate": 0.2349408086546986, "model__max_depth": 2.4746062530577846, "model__n_estimators": 15.490859914517099, "model__reg_lambda": 3.2657561880327557}, "datetime": {"datetime": "2021-03-27 03:14:17", "elapsed": 17.409221, "delta": 0.163356}}
{"target": -1.4662524238363772, "params": {"model__colsample_bylevel": 0.5706285360217014, "model__colsample_bynode": 0.6842771415696982, "model__colsample_bytree": 0.6870518207102555, "model__learning_rate": 0.16602543474194267, "model__max_depth": 4.553906607318516, "model__n_estimators": 18.777852885612205, "model__reg_lambda": 2.0263513230551347}, "datetime": {"datetime": "2021-03-27 03:14:18", "elapsed": 17.780335, "delta": 0.371114}}
{"target": -1.408945792719074, "params": {"model__colsample_bylevel": 0.8442678591461368, "model__colsample_bynode": 0.3977149946980818, "model__colsample_bytree": 0.6158425941754111, "model__learning_rate": 0.1245045248421828, "model__max_depth": 6.897715409068526, "model__n_estimators": 27.65234893164894, "model__reg_lambda": 1.1477505735172433}, "datetime": {"datetime": "2021-03-27 03:14:18", "elapsed": 18.26233, "delta": 0.481995}}
{"target": -1.4612500357428106, "params": {"model__colsample_bylevel": 0.8046871964072875, "model__colsample_bynode": 0.9463208373893632, "model__colsample_bytree": 0.5702216525068842, "model__learning_rate": 0.25542256115422385, "model__max_depth": 7.543314227663024, "model__n_estimators": 15.074271146872483, "model__reg_lambda": 2.7258381373747875}, "datetime": {"datetime": "2021-03-27 03:14:19", "elapsed": 18.719327, "delta": 0.456997}}
{"target": -1.7310789843616277, "params": {"model__colsample_bylevel": 0.325563385911891, "model__colsample_bynode": 0.4394342284138872, "model__colsample_bytree": 0.3078454924320954, "model__learning_rate": 0.10977990666788635, "model__max_depth": 5.896055639118223, "model__n_estimators": 19.33085301818661, "model__reg_lambda": 8.44410233607059}, "datetime": {"datetime": "2021-03-27 03:14:19", "elapsed": 18.87814, "delta": 0.158813}}
{"target": -1.3387565772643018, "params": {"model__colsample_bylevel": 0.5333078077907257, "model__colsample_bynode": 0.9449148964303926, "model__colsample_bytree": 0.39197068792833056, "model__learning_rate": 0.2098009976534188, "model__max_depth": 3.7666070082368948, "model__n_estimators": 27.09229802758709, "model__reg_lambda": 3.376766038812906}, "datetime": {"datetime": "2021-03-27 03:14:19", "elapsed": 19.240535, "delta": 0.362395}}
{"target": -1.4052998047740455, "params": {"model__colsample_bylevel": 0.38472058045866103, "model__colsample_bynode": 0.6189182754661343, "model__colsample_bytree": 0.47491716651278293, "model__learning_rate": 0.24904662090967875, "model__max_depth": 6.41552028192452, "model__n_estimators": 15.15307284998927, "model__reg_lambda": 0.029919695529196932}, "datetime": {"datetime": "2021-03-27 03:14:19", "elapsed": 19.433204, "delta": 0.192669}}
{"target": -1.3804762216338862, "params": {"model__colsample_bylevel": 0.9426044924017256, "model__colsample_bynode": 0.5260125425777793, "model__colsample_bytree": 0.5074653319167783, "model__learning_rate": 0.15418522802672452, "model__max_depth": 3.474343666196627, "model__n_estimators": 26.630539663467353, "model__reg_lambda": 2.632384799456182}, "datetime": {"datetime": "2021-03-27 03:14:20", "elapsed": 19.802624, "delta": 0.36942}}
{"target": -1.413372730228888, "params": {"model__colsample_bylevel": 0.8032909797610204, "model__colsample_bynode": 0.7713021432027297, "model__colsample_bytree": 0.6853736563856032, "model__learning_rate": 0.23655460523720243, "model__max_depth": 3.0441975506001606, "model__n_estimators": 21.967771044500967, "model__reg_lambda": 4.939589109277965}, "datetime": {"datetime": "2021-03-27 03:14:20", "elapsed": 20.224453, "delta": 0.421829}}
{"target": -1.428113333184434, "params": {"model__colsample_bylevel": 0.3191878877624776, "model__colsample_bynode": 0.4527668367686508, "model__colsample_bytree": 0.9533861738476699, "model__learning_rate": 0.23172885748318614, "model__max_depth": 7.871974941466348, "model__n_estimators": 20.539710627919593, "model__reg_lambda": 7.6239037960184355}, "datetime": {"datetime": "2021-03-27 03:14:20", "elapsed": 20.526717, "delta": 0.302264}}
{"target": -1.530326983904925, "params": {"model__colsample_bylevel": 0.7197656118669662, "model__colsample_bynode": 0.7214646750503465, "model__colsample_bytree": 0.37931534877147977, "model__learning_rate": 0.14444015703665763, "model__max_depth": 2.433575141809544, "model__n_estimators": 22.57954207818872, "model__reg_lambda": 3.4509917372173025}, "datetime": {"datetime": "2021-03-27 03:14:21", "elapsed": 20.735109, "delta": 0.208392}}
{"target": -1.390393990715561, "params": {"model__colsample_bylevel": 0.43770438267170664, "model__colsample_bynode": 0.562288016838024, "model__colsample_bytree": 0.6684847059501842, "model__learning_rate": 0.24216538663414655, "model__max_depth": 5.53982800385271, "model__n_estimators": 24.586364893849456, "model__reg_lambda": 6.03761911116279}, "datetime": {"datetime": "2021-03-27 03:14:21", "elapsed": 21.098261, "delta": 0.363152}}
{"target": -1.3585322137463138, "params": {"model__colsample_bylevel": 0.5615024327662378, "model__colsample_bynode": 0.5278880157630303, "model__colsample_bytree": 0.6927994632423486, "model__learning_rate": 0.2499326997232081, "model__max_depth": 7.515144966264312, "model__n_estimators": 27.41503748405572, "model__reg_lambda": 5.537273620404508}, "datetime": {"datetime": "2021-03-27 03:14:21", "elapsed": 21.532984, "delta": 0.434723}}
{"target": -1.422055437233623, "params": {"model__colsample_bylevel": 0.8773753442334304, "model__colsample_bynode": 0.3197624374107063, "model__colsample_bytree": 0.8582648079772404, "model__learning_rate": 0.1398977410305498, "model__max_depth": 6.115045756510598, "model__n_estimators": 27.377846347953547, "model__reg_lambda": 3.1496308071503187}, "datetime": {"datetime": "2021-03-27 03:14:22", "elapsed": 22.038916, "delta": 0.505932}}
{"target": -1.4229815691358585, "params": {"model__colsample_bylevel": 0.5798231824380045, "model__colsample_bynode": 0.9899122285696411, "model__colsample_bytree": 0.4774952834387126, "model__learning_rate": 0.25106786479472265, "model__max_depth": 4.436357453829759, "model__n_estimators": 19.72844903945682, "model__reg_lambda": 7.705159221072094}, "datetime": {"datetime": "2021-03-27 03:14:22", "elapsed": 22.396794, "delta": 0.357878}}
{"target": -1.3982193320962615, "params": {"model__colsample_bylevel": 0.6149024037576569, "model__colsample_bynode": 0.7970601762740899, "model__colsample_bytree": 0.4555403075808654, "model__learning_rate": 0.26476738246878556, "model__max_depth": 6.3006447069266285, "model__n_estimators": 22.48861984031197, "model__reg_lambda": 7.91551010046181}, "datetime": {"datetime": "2021-03-27 03:14:23", "elapsed": 22.772497, "delta": 0.375703}}
{"target": -1.3886292101228206, "params": {"model__colsample_bylevel": 0.9437937215686736, "model__colsample_bynode": 0.8511722448868555, "model__colsample_bytree": 0.5084857837350747, "model__learning_rate": 0.24346701302396254, "model__max_depth": 5.690340786662006, "model__n_estimators": 27.619845335231588, "model__reg_lambda": 4.0456797253845265}, "datetime": {"datetime": "2021-03-27 03:14:23", "elapsed": 23.459851, "delta": 0.687354}}
{"target": -1.389513073651039, "params": {"model__colsample_bylevel": 0.6173529449301774, "model__colsample_bynode": 0.3656352091501882, "model__colsample_bytree": 0.45305055880659917, "model__learning_rate": 0.20586849821836273, "model__max_depth": 5.173197962934258, "model__n_estimators": 25.696146745858105, "model__reg_lambda": 2.863925264426952}, "datetime": {"datetime": "2021-03-27 03:14:24", "elapsed": 23.728921, "delta": 0.26907}}
{"target": -1.5593230241558689, "params": {"model__colsample_bylevel": 0.3812502817792496, "model__colsample_bynode": 0.43107613084910207, "model__colsample_bytree": 0.6036033759584388, "model__learning_rate": 0.13710847453713484, "model__max_depth": 2.7407946095138094, "model__n_estimators": 25.875381462387566, "model__reg_lambda": 9.101677556132595}, "datetime": {"datetime": "2021-03-27 03:14:24", "elapsed": 23.956651, "delta": 0.22773}}
{"target": -1.45758595255514, "params": {"model__colsample_bylevel": 0.3426383940311504, "model__colsample_bynode": 0.3292770968669983, "model__colsample_bytree": 0.49999974247633633, "model__learning_rate": 0.21592871225493404, "model__max_depth": 7.629568478689846, "model__n_estimators": 23.72527860523467, "model__reg_lambda": 6.7998375849329875}, "datetime": {"datetime": "2021-03-27 03:14:24", "elapsed": 24.171728, "delta": 0.215077}}
{"target": -1.4975869802407162, "params": {"model__colsample_bylevel": 1.0, "model__colsample_bynode": 1.0, "model__colsample_bytree": 1.0, "model__learning_rate": 0.3, "model__max_depth": 8.0, "model__n_estimators": 15.0, "model__reg_lambda": 10.0}, "datetime": {"datetime": "2021-03-27 03:14:25", "elapsed": 25.607063, "delta": 1.435335}}
{"target": -1.3976169441273245, "params": {"model__colsample_bylevel": 0.3, "model__colsample_bynode": 1.0, "model__colsample_bytree": 0.3, "model__learning_rate": 0.3, "model__max_depth": 8.0, "model__n_estimators": 30.0, "model__reg_lambda": 10.0}, "datetime": {"datetime": "2021-03-27 03:14:26", "elapsed": 26.451019, "delta": 0.843956}}
{"target": -1.4118398027359575, "params": {"model__colsample_bylevel": 0.3, "model__colsample_bynode": 1.0, "model__colsample_bytree": 0.3, "model__learning_rate": 0.3, "model__max_depth": 2.0, "model__n_estimators": 30.0, "model__reg_lambda": 10.0}, "datetime": {"datetime": "2021-03-27 03:14:27", "elapsed": 27.307403, "delta": 0.856384}}
{"target": -1.5061342143116223, "params": {"model__colsample_bylevel": 0.3, "model__colsample_bynode": 0.3, "model__colsample_bytree": 0.3, "model__learning_rate": 0.3, "model__max_depth": 2.0, "model__n_estimators": 30.0, "model__reg_lambda": 5.971227479223575}, "datetime": {"datetime": "2021-03-27 03:14:28", "elapsed": 28.081306, "delta": 0.773903}}
{"target": -1.4203898640430492, "params": {"model__colsample_bylevel": 1.0, "model__colsample_bynode": 0.3, "model__colsample_bytree": 1.0, "model__learning_rate": 0.3, "model__max_depth": 2.0, "model__n_estimators": 15.0, "model__reg_lambda": 0.0}, "datetime": {"datetime": "2021-03-27 03:14:29", "elapsed": 28.929025, "delta": 0.847719}}
{"target": -1.4860185274179432, "params": {"model__colsample_bylevel": 0.3, "model__colsample_bynode": 1.0, "model__colsample_bytree": 1.0, "model__learning_rate": 0.3, "model__max_depth": 2.0, "model__n_estimators": 20.72567465792716, "model__reg_lambda": 10.0}, "datetime": {"datetime": "2021-03-27 03:14:30", "elapsed": 29.856586, "delta": 0.927561}}
{"target": -1.4457242825459962, "params": {"model__colsample_bylevel": 1.0, "model__colsample_bynode": 1.0, "model__colsample_bytree": 1.0, "model__learning_rate": 0.3, "model__max_depth": 8.0, "model__n_estimators": 20.772907414274236, "model__reg_lambda": 4.972167358861716}, "datetime": {"datetime": "2021-03-27 03:14:31", "elapsed": 31.63677, "delta": 1.780184}}
{"target": -1.3422735864984923, "params": {"model__colsample_bylevel": 0.3, "model__colsample_bynode": 0.3, "model__colsample_bytree": 1.0, "model__learning_rate": 0.3, "model__max_depth": 8.0, "model__n_estimators": 19.13257481580365, "model__reg_lambda": 0.0}, "datetime": {"datetime": "2021-03-27 03:14:32", "elapsed": 32.535317, "delta": 0.898547}}
{"target": -1.4468475368953702, "params": {"model__colsample_bylevel": 0.3, "model__colsample_bynode": 0.3, "model__colsample_bytree": 1.0, "model__learning_rate": 0.3, "model__max_depth": 8.0, "model__n_estimators": 15.0, "model__reg_lambda": 5.881709014905866}, "datetime": {"datetime": "2021-03-27 03:14:33", "elapsed": 33.480601, "delta": 0.945284}}
{"target": -1.423796615815735, "params": {"model__colsample_bylevel": 0.3, "model__colsample_bynode": 0.3, "model__colsample_bytree": 0.3, "model__learning_rate": 0.3, "model__max_depth": 8.0, "model__n_estimators": 30.0, "model__reg_lambda": 6.4226052607430155}, "datetime": {"datetime": "2021-03-27 03:14:34", "elapsed": 34.47412, "delta": 0.993519}}
{"target": -1.4424563868970108, "params": {"model__colsample_bylevel": 1.0, "model__colsample_bynode": 1.0, "model__colsample_bytree": 1.0, "model__learning_rate": 0.3, "model__max_depth": 8.0, "model__n_estimators": 20.53893216973852, "model__reg_lambda": 10.0}, "datetime": {"datetime": "2021-03-27 03:14:36", "elapsed": 36.43885, "delta": 1.96473}}
{"target": -1.394216234061489, "params": {"model__colsample_bylevel": 0.3, "model__colsample_bynode": 1.0, "model__colsample_bytree": 0.3, "model__learning_rate": 0.3, "model__max_depth": 4.96107364121841, "model__n_estimators": 30.0, "model__reg_lambda": 10.0}, "datetime": {"datetime": "2021-03-27 03:14:37", "elapsed": 37.489855, "delta": 1.051005}}
{"target": -1.3636199436622902, "params": {"model__colsample_bylevel": 0.3, "model__colsample_bynode": 0.3, "model__colsample_bytree": 1.0, "model__learning_rate": 0.3, "model__max_depth": 8.0, "model__n_estimators": 15.0, "model__reg_lambda": 0.0}, "datetime": {"datetime": "2021-03-27 03:14:38", "elapsed": 38.458275, "delta": 0.96842}}
{"target": -1.3324062152968152, "params": {"model__colsample_bylevel": 0.3, "model__colsample_bynode": 0.3, "model__colsample_bytree": 1.0, "model__learning_rate": 0.3, "model__max_depth": 8.0, "model__n_estimators": 25.147858397254957, "model__reg_lambda": 0.0}, "datetime": {"datetime": "2021-03-27 03:14:39", "elapsed": 39.523483, "delta": 1.065208}}
{"target": -1.455441255826989, "params": {"model__colsample_bylevel": 1.0, "model__colsample_bynode": 0.3, "model__colsample_bytree": 1.0, "model__learning_rate": 0.3, "model__max_depth": 8.0, "model__n_estimators": 30.0, "model__reg_lambda": 0.0}, "datetime": {"datetime": "2021-03-27 03:14:41", "elapsed": 40.769403, "delta": 1.24592}}
{"target": -1.4326546474555641, "params": {"model__colsample_bylevel": 1.0, "model__colsample_bynode": 0.3, "model__colsample_bytree": 1.0, "model__learning_rate": 0.3, "model__max_depth": 4.883701151570917, "model__n_estimators": 20.849701523333476, "model__reg_lambda": 0.0}, "datetime": {"datetime": "2021-03-27 03:14:42", "elapsed": 42.031728, "delta": 1.262325}}
{"target": -1.3800185824245, "params": {"model__colsample_bylevel": 0.3, "model__colsample_bynode": 0.3, "model__colsample_bytree": 1.0, "model__learning_rate": 0.3, "model__max_depth": 5.232997410320213, "model__n_estimators": 21.236484651072953, "model__reg_lambda": 3.676037281781518}, "datetime": {"datetime": "2021-03-27 03:14:43", "elapsed": 43.014327, "delta": 0.982599}}
{"target": -1.4825725896203, "params": {"model__colsample_bylevel": 1.0, "model__colsample_bynode": 1.0, "model__colsample_bytree": 1.0, "model__learning_rate": 0.3, "model__max_depth": 4.903070594902175, "model__n_estimators": 15.0, "model__reg_lambda": 5.126760725328503}, "datetime": {"datetime": "2021-03-27 03:14:44", "elapsed": 44.609098, "delta": 1.594771}}
{"target": -1.4112037604850163, "params": {"model__colsample_bylevel": 1.0, "model__colsample_bynode": 0.3, "model__colsample_bytree": 1.0, "model__learning_rate": 0.3, "model__max_depth": 3.511428945455873, "model__n_estimators": 30.0, "model__reg_lambda": 10.0}, "datetime": {"datetime": "2021-03-27 03:14:46", "elapsed": 45.910213, "delta": 1.301115}}
{"target": -1.4208491688297278, "params": {"model__colsample_bylevel": 0.3, "model__colsample_bynode": 1.0, "model__colsample_bytree": 0.3, "model__learning_rate": 0.3, "model__max_depth": 2.0, "model__n_estimators": 19.08531877919298, "model__reg_lambda": 0.0}, "datetime": {"datetime": "2021-03-27 03:14:47", "elapsed": 46.756623, "delta": 0.84641}}
{"target": -1.4533410114816565, "params": {"model__colsample_bylevel": 0.3, "model__colsample_bynode": 1.0, "model__colsample_bytree": 1.0, "model__learning_rate": 0.3, "model__max_depth": 4.410614750116454, "model__n_estimators": 21.456601290227212, "model__reg_lambda": 10.0}, "datetime": {"datetime": "2021-03-27 03:14:48", "elapsed": 48.035276, "delta": 1.278653}}
{"target": -1.5468665605437928, "params": {"model__colsample_bylevel": 0.3, "model__colsample_bynode": 0.3, "model__colsample_bytree": 1.0, "model__learning_rate": 0.3, "model__max_depth": 2.0, "model__n_estimators": 15.0, "model__reg_lambda": 10.0}, "datetime": {"datetime": "2021-03-27 03:14:49", "elapsed": 48.962809, "delta": 0.927533}}
{"target": -1.4561672081698436, "params": {"model__colsample_bylevel": 0.3, "model__colsample_bynode": 0.3, "model__colsample_bytree": 0.3, "model__learning_rate": 0.3, "model__max_depth": 5.328989741140727, "model__n_estimators": 23.4320620642151, "model__reg_lambda": 0.0}, "datetime": {"datetime": "2021-03-27 03:14:50", "elapsed": 49.89281, "delta": 0.930001}}
{"target": -1.4595041506680784, "params": {"model__colsample_bylevel": 0.3, "model__colsample_bynode": 1.0, "model__colsample_bytree": 1.0, "model__learning_rate": 0.3, "model__max_depth": 8.0, "model__n_estimators": 25.031894866961622, "model__reg_lambda": 2.620502573145185}, "datetime": {"datetime": "2021-03-27 03:14:51", "elapsed": 51.315534, "delta": 1.422724}}
{"target": -1.5481454339350802, "params": {"model__colsample_bylevel": 1.0, "model__colsample_bynode": 1.0, "model__colsample_bytree": 1.0, "model__learning_rate": 0.3, "model__max_depth": 8.0, "model__n_estimators": 17.15034689286533, "model__reg_lambda": 0.0}, "datetime": {"datetime": "2021-03-27 03:14:53", "elapsed": 53.147754, "delta": 1.83222}}
{"target": -1.4043469391783456, "params": {"model__colsample_bylevel": 1.0, "model__colsample_bynode": 1.0, "model__colsample_bytree": 0.3, "model__learning_rate": 0.3, "model__max_depth": 8.0, "model__n_estimators": 26.18369372425862, "model__reg_lambda": 0.0}, "datetime": {"datetime": "2021-03-27 03:14:54", "elapsed": 54.295497, "delta": 1.147743}}
{"target": -1.4092532085578726, "params": {"model__colsample_bylevel": 1.0, "model__colsample_bynode": 0.3, "model__colsample_bytree": 0.3, "model__learning_rate": 0.3, "model__max_depth": 8.0, "model__n_estimators": 27.88327397400964, "model__reg_lambda": 10.0}, "datetime": {"datetime": "2021-03-27 03:14:55", "elapsed": 55.336694, "delta": 1.041197}}
{"target": -1.4075620209609254, "params": {"model__colsample_bylevel": 0.3, "model__colsample_bynode": 0.3, "model__colsample_bytree": 1.0, "model__learning_rate": 0.3, "model__max_depth": 5.50327449370257, "model__n_estimators": 15.0, "model__reg_lambda": 1.9984950140359292}, "datetime": {"datetime": "2021-03-27 03:14:56", "elapsed": 56.276574, "delta": 0.93988}}
{"target": -1.442347467979551, "params": {"model__colsample_bylevel": 0.3, "model__colsample_bynode": 0.3, "model__colsample_bytree": 0.3, "model__learning_rate": 0.3, "model__max_depth": 3.1967447788317003, "model__n_estimators": 15.0, "model__reg_lambda": 0.0}, "datetime": {"datetime": "2021-03-27 03:14:57", "elapsed": 57.136489, "delta": 0.859915}}
{"target": -1.3740429231708036, "params": {"model__colsample_bylevel": 0.3, "model__colsample_bynode": 0.3, "model__colsample_bytree": 1.0, "model__learning_rate": 0.3, "model__max_depth": 8.0, "model__n_estimators": 30.0, "model__reg_lambda": 10.0}, "datetime": {"datetime": "2021-03-27 03:14:58", "elapsed": 58.163113, "delta": 1.026624}}
{"target": -1.4168553887569493, "params": {"model__colsample_bylevel": 1.0, "model__colsample_bynode": 0.3, "model__colsample_bytree": 0.3, "model__learning_rate": 0.3, "model__max_depth": 8.0, "model__n_estimators": 19.584088181281768, "model__reg_lambda": 1.6310282554569218}, "datetime": {"datetime": "2021-03-27 03:14:59", "elapsed": 59.172958, "delta": 1.009845}}
{"target": -1.4704196911548144, "params": {"model__colsample_bylevel": 1.0, "model__colsample_bynode": 0.3, "model__colsample_bytree": 1.0, "model__learning_rate": 0.3, "model__max_depth": 3.5785284181385024, "model__n_estimators": 19.057001674522084, "model__reg_lambda": 10.0}, "datetime": {"datetime": "2021-03-27 03:15:00", "elapsed": 60.422352, "delta": 1.249394}}
{"target": -1.36136604204126, "params": {"model__colsample_bylevel": 0.3, "model__colsample_bynode": 1.0, "model__colsample_bytree": 1.0, "model__learning_rate": 0.3, "model__max_depth": 2.0, "model__n_estimators": 21.731119844824114, "model__reg_lambda": 0.0}, "datetime": {"datetime": "2021-03-27 03:15:02", "elapsed": 61.945288, "delta": 1.522936}}
{"target": -1.4490007721022633, "params": {"model__colsample_bylevel": 1.0, "model__colsample_bynode": 1.0, "model__colsample_bytree": 1.0, "model__learning_rate": 0.3, "model__max_depth": 2.0, "model__n_estimators": 27.53784633586929, "model__reg_lambda": 6.463967266392363}, "datetime": {"datetime": "2021-03-27 03:15:04", "elapsed": 64.131745, "delta": 2.186457}}
{"target": -1.503712206957457, "params": {"model__colsample_bylevel": 0.3, "model__colsample_bynode": 0.3, "model__colsample_bytree": 0.3, "model__learning_rate": 0.3, "model__max_depth": 2.0, "model__n_estimators": 28.087344093981297, "model__reg_lambda": 2.3682600521924}, "datetime": {"datetime": "2021-03-27 03:15:06", "elapsed": 65.907414, "delta": 1.775669}}
{"target": -1.4728814307546272, "params": {"model__colsample_bylevel": 1.0, "model__colsample_bynode": 0.3, "model__colsample_bytree": 1.0, "model__learning_rate": 0.3, "model__max_depth": 8.0, "model__n_estimators": 17.535356561119567, "model__reg_lambda": 5.280148762874179}, "datetime": {"datetime": "2021-03-27 03:15:08", "elapsed": 67.71712, "delta": 1.809706}}
