{"target": -1.4558388491147671, "params": {"model__colsample_bylevel": 1.0, "model__colsample_bynode": 0.3, "model__colsample_bytree": 1.0, "model__learning_rate": 0.3, "model__max_depth": 8.0, "model__n_estimators": 19.182936688319163, "model__reg_lambda": 3.5539473337667404}, "datetime": {"datetime": "2021-03-27 03:19:06", "elapsed": 306.285531, "delta": 2.341726}}
{"target": -1.460625918324281, "params": {"model__colsample_bylevel": 0.3, "model__colsample_bynode": 1.0, "model__colsample_bytree": 1.0, "model__learning_rate": 0.3, "model__max_depth": 3.9619787011015473, "model__n_estimators": 20.941699689805525, "model__reg_lambda": 5.712900038313244}, "datetime": {"datetime": "2021-03-27 03:19:08", "elapsed": 308.563519, "delta": 2.277988}}
{"target": -1.4385186839254869, "params": {"model__colsample_bylevel": 1.0, "model__colsample_bynode": 1.0, "model__colsample_bytree": 1.0, "model__learning_rate": 0.3, "model__max_depth": 8.0, "model__n_estimators": 19.170189172452183, "model__reg_lambda": 7.130966218487686}, "datetime": {"datetime": "2021-03-27 03:19:11", "elapsed": 311.581443, "delta": 3.017924}}
{"target": -1.5055219753496887, "params": {"model__colsample_bylevel": 1.0, "model__colsample_bynode": 0.3, "model__colsample_bytree": 0.3, "model__learning_rate": 0.3, "model__max_depth": 3.982981464759844, "model__n_estimators": 15.0, "model__reg_lambda": 10.0}, "datetime": {"datetime": "2021-03-27 03:19:13", "elapsed": 313.664382, "delta": 2.082939}}
{"target": -1.448246139139477, "params": {"model__colsample_bylevel": 1.0, "model__colsample_bynode": 0.3, "model__colsample_bytree": 1.0, "model__learning_rate": 0.3, "model__max_depth": 4.6986085921402685, "model__n_estimators": 20.517115919589312, "model__reg_lambda": 8.785300369490557}, "datetime": {"datetime": "2021-03-27 03:19:16", "elapsed": 316.011976, "delta": 2.347594}}
{"target": -1.4249901080153127, "params": {"model__colsample_bylevel": 0.3, "model__colsample_bynode": 1.0, "model__colsample_bytree": 1.0, "model__learning_rate": 0.3, "model__max_depth": 8.0, "model__n_estimators": 30.0, "model__reg_lambda": 5.743419020169404}, "datetime": {"datetime": "2021-03-27 03:19:18", "elapsed": 318.59041, "delta": 2.578434}}
{"target": -1.3784646280514807, "params": {"model__colsample_bylevel": 1.0, "model__colsample_bynode": 1.0, "model__colsample_bytree": 0.3, "model__learning_rate": 0.3, "model__max_depth": 3.412339543971931, "model__n_estimators": 29.291408052251796, "model__reg_lambda": 10.0}, "datetime": {"datetime": "2021-03-27 03:19:21", "elapsed": 320.868937, "delta": 2.278527}}
{"target": -1.4500240525433226, "params": {"model__colsample_bylevel": 1.0, "model__colsample_bynode": 0.3, "model__colsample_bytree": 1.0, "model__learning_rate": 0.3, "model__max_depth": 6.981554627653717, "model__n_estimators": 15.0, "model__reg_lambda": 0.985152910340622}, "datetime": {"datetime": "2021-03-27 03:19:23", "elapsed": 323.218902, "delta": 2.349965}}
{"target": -1.338741692336465, "params": {"model__colsample_bylevel": 0.3, "model__colsample_bynode": 0.3, "model__colsample_bytree": 1.0, "model__learning_rate": 0.3, "model__max_depth": 6.9837477838760265, "model__n_estimators": 25.698024382906187, "model__reg_lambda": 1.3747587660697935}, "datetime": {"datetime": "2021-03-27 03:19:25", "elapsed": 325.180543, "delta": 1.961641}}
{"target": -1.362036555176736, "params": {"model__colsample_bylevel": 0.3, "model__colsample_bynode": 0.3, "model__colsample_bytree": 1.0, "model__learning_rate": 0.3, "model__max_depth": 6.229010405301481, "model__n_estimators": 21.5221869978162, "model__reg_lambda": 1.79508682563064}, "datetime": {"datetime": "2021-03-27 03:19:27", "elapsed": 327.410593, "delta": 2.23005}}
{"target": -1.4465458896712982, "params": {"model__colsample_bylevel": 0.3, "model__colsample_bynode": 0.3, "model__colsample_bytree": 0.3, "model__learning_rate": 0.3, "model__max_depth": 3.7584952882953675, "model__n_estimators": 23.516692776360777, "model__reg_lambda": 5.78534588940127}, "datetime": {"datetime": "2021-03-27 03:19:30", "elapsed": 329.724373, "delta": 2.31378}}
{"target": -1.393761609563523, "params": {"model__colsample_bylevel": 1.0, "model__colsample_bynode": 1.0, "model__colsample_bytree": 0.3, "model__learning_rate": 0.3, "model__max_depth": 7.396626237995104, "model__n_estimators": 26.275795012801098, "model__reg_lambda": 1.7698760524223556}, "datetime": {"datetime": "2021-03-27 03:19:32", "elapsed": 331.957312, "delta": 2.232939}}
{"target": -1.490136412197751, "params": {"model__colsample_bylevel": 0.3, "model__colsample_bynode": 0.3, "model__colsample_bytree": 0.3, "model__learning_rate": 0.3, "model__max_depth": 8.0, "model__n_estimators": 17.191536077013367, "model__reg_lambda": 0.0}, "datetime": {"datetime": "2021-03-27 03:19:34", "elapsed": 334.149712, "delta": 2.1924}}
{"target": -1.3166952456374639, "params": {"model__colsample_bylevel": 0.3, "model__colsample_bynode": 0.3, "model__colsample_bytree": 1.0, "model__learning_rate": 0.3, "model__max_depth": 3.301052468945587, "model__n_estimators": 22.855099983466545, "model__reg_lambda": 0.0}, "datetime": {"datetime": "2021-03-27 03:19:36", "elapsed": 336.216511, "delta": 2.066799}}
{"target": -1.4545850948774783, "params": {"model__colsample_bylevel": 1.0, "model__colsample_bynode": 0.3, "model__colsample_bytree": 1.0, "model__learning_rate": 0.3, "model__max_depth": 4.1941741558148875, "model__n_estimators": 30.0, "model__reg_lambda": 1.352126042538769}, "datetime": {"datetime": "2021-03-27 03:19:38", "elapsed": 338.420775, "delta": 2.204264}}
{"target": -1.3906613828776324, "params": {"model__colsample_bylevel": 0.3, "model__colsample_bynode": 0.3, "model__colsample_bytree": 1.0, "model__learning_rate": 0.3, "model__max_depth": 8.0, "model__n_estimators": 25.539763209383135, "model__reg_lambda": 10.0}, "datetime": {"datetime": "2021-03-27 03:19:40", "elapsed": 340.502632, "delta": 2.081857}}
{"target": -1.455359485972187, "params": {"model__colsample_bylevel": 1.0, "model__colsample_bynode": 0.3, "model__colsample_bytree": 1.0, "model__learning_rate": 0.3, "model__max_depth": 7.355341022147663, "model__n_estimators": 23.713952863599225, "model__reg_lambda": 2.7868067335210496}, "datetime": {"datetime": "2021-03-27 03:19:42", "elapsed": 342.700333, "delta": 2.197701}}
{"target": -1.44505671730292, "params": {"model__colsample_bylevel": 1.0, "model__colsample_bynode": 1.0, "model__colsample_bytree": 0.3, "model__learning_rate": 0.3, "model__max_depth": 2.0, "model__n_estimators": 19.392128785725156, "model__reg_lambda": 6.661890302823328}, "datetime": {"datetime": "2021-03-27 03:19:44", "elapsed": 344.577343, "delta": 1.87701}}
{"target": -1.3462219606437114, "params": {"model__colsample_bylevel": 0.3, "model__colsample_bynode": 0.3, "model__colsample_bytree": 1.0, "model__learning_rate": 0.3, "model__max_depth": 5.382798909775359, "model__n_estimators": 25.085667902265122, "model__reg_lambda": 1.4633249098597099}, "datetime": {"datetime": "2021-03-27 03:19:47", "elapsed": 346.79338, "delta": 2.216037}}
{"target": -1.3624210710967959, "params": {"model__colsample_bylevel": 0.4962068506369292, "model__colsample_bynode": 0.3, "model__colsample_bytree": 1.0, "model__learning_rate": 0.3, "model__max_depth": 2.4327750043962872, "model__n_estimators": 26.595036598412765, "model__reg_lambda": 0.0}, "datetime": {"datetime": "2021-03-27 03:19:48", "elapsed": 348.63823, "delta": 1.84485}}
{"target": -1.4007156702031827, "params": {"model__colsample_bylevel": 1.0, "model__colsample_bynode": 0.3, "model__colsample_bytree": 0.3, "model__learning_rate": 0.3, "model__max_depth": 8.0, "model__n_estimators": 20.31146735975306, "model__reg_lambda": 0.0}, "datetime": {"datetime": "2021-03-27 03:19:50", "elapsed": 350.524855, "delta": 1.886625}}
{"target": -1.299886318374479, "params": {"model__colsample_bylevel": 0.3, "model__colsample_bynode": 0.3, "model__colsample_bytree": 1.0, "model__learning_rate": 0.3, "model__max_depth": 4.092284555276775, "model__n_estimators": 17.28163598583585, "model__reg_lambda": 0.0}, "datetime": {"datetime": "2021-03-27 03:19:52", "elapsed": 352.430972, "delta": 1.906117}}
{"target": -1.4050630915748037, "params": {"model__colsample_bylevel": 1.0, "model__colsample_bynode": 0.3, "model__colsample_bytree": 1.0, "model__learning_rate": 0.3, "model__max_depth": 3.2216835740283933, "model__n_estimators": 18.338852051414015, "model__reg_lambda": 0.0}, "datetime": {"datetime": "2021-03-27 03:19:54", "elapsed": 354.523329, "delta": 2.092357}}
{"target": -1.3630837793259518, "params": {"model__colsample_bylevel": 0.3, "model__colsample_bynode": 0.3, "model__colsample_bytree": 1.0, "model__learning_rate": 0.3, "model__max_depth": 4.799443403591203, "model__n_estimators": 16.717063467013908, "model__reg_lambda": 1.200857335176714}, "datetime": {"datetime": "2021-03-27 03:19:56", "elapsed": 356.635545, "delta": 2.112216}}
{"target": -1.416152243632013, "params": {"model__colsample_bylevel": 1.0, "model__colsample_bynode": 1.0, "model__colsample_bytree": 0.3, "model__learning_rate": 0.3, "model__max_depth": 8.0, "model__n_estimators": 21.12786700801229, "model__reg_lambda": 6.655628765463251}, "datetime": {"datetime": "2021-03-27 03:19:58", "elapsed": 358.645199, "delta": 2.009654}}
{"target": -1.2909811029210685, "params": {"model__colsample_bylevel": 0.3, "model__colsample_bynode": 0.3, "model__colsample_bytree": 1.0, "model__learning_rate": 0.3, "model__max_depth": 4.174600404094453, "model__n_estimators": 18.855279098697157, "model__reg_lambda": 0.0}, "datetime": {"datetime": "2021-03-27 03:20:01", "elapsed": 361.085804, "delta": 2.440605}}
{"target": -1.477163509549438, "params": {"model__colsample_bylevel": 0.3, "model__colsample_bynode": 0.3, "model__colsample_bytree": 1.0, "model__learning_rate": 0.1, "model__max_depth": 4.509032473887321, "model__n_estimators": 17.98992057206569, "model__reg_lambda": 0.0}, "datetime": {"datetime": "2021-03-27 03:20:03", "elapsed": 363.321682, "delta": 2.235878}}
{"target": -1.4698987129815868, "params": {"model__colsample_bylevel": 0.3, "model__colsample_bynode": 1.0, "model__colsample_bytree": 1.0, "model__learning_rate": 0.3, "model__max_depth": 3.7105240836856117, "model__n_estimators": 19.61761084448316, "model__reg_lambda": 0.0}, "datetime": {"datetime": "2021-03-27 03:20:05", "elapsed": 365.469593, "delta": 2.147911}}
{"target": -1.3454662061782312, "params": {"model__colsample_bylevel": 0.3, "model__colsample_bynode": 0.3, "model__colsample_bytree": 1.0, "model__learning_rate": 0.3, "model__max_depth": 4.807952384268019, "model__n_estimators": 19.766853435688837, "model__reg_lambda": 1.1264714189854854}, "datetime": {"datetime": "2021-03-27 03:20:07", "elapsed": 367.555328, "delta": 2.085735}}
{"target": -1.446455467036129, "params": {"model__colsample_bylevel": 0.3, "model__colsample_bynode": 0.3, "model__colsample_bytree": 0.3, "model__learning_rate": 0.3, "model__max_depth": 3.5453570733239723, "model__n_estimators": 18.008621728061215, "model__reg_lambda": 0.0}, "datetime": {"datetime": "2021-03-27 03:20:09", "elapsed": 369.360774, "delta": 1.805446}}
{"target": -1.3959068269819777, "params": {"model__colsample_bylevel": 1.0, "model__colsample_bynode": 1.0, "model__colsample_bytree": 0.3, "model__learning_rate": 0.3, "model__max_depth": 5.73936310399453, "model__n_estimators": 18.393039911672517, "model__reg_lambda": 3.050725771530462}, "datetime": {"datetime": "2021-03-27 03:20:11", "elapsed": 371.529101, "delta": 2.168327}}
{"target": -1.4133978602057997, "params": {"model__colsample_bylevel": 1.0, "model__colsample_bynode": 1.0, "model__colsample_bytree": 0.3, "model__learning_rate": 0.3, "model__max_depth": 2.0, "model__n_estimators": 19.85806653549178, "model__reg_lambda": 3.4761156843321843}, "datetime": {"datetime": "2021-03-27 03:20:14", "elapsed": 373.767747, "delta": 2.238646}}
{"target": -1.4604924197821623, "params": {"model__colsample_bylevel": 0.3, "model__colsample_bynode": 1.0, "model__colsample_bytree": 1.0, "model__learning_rate": 0.3, "model__max_depth": 4.908474423377614, "model__n_estimators": 17.34709497097728, "model__reg_lambda": 3.1885245322319777}, "datetime": {"datetime": "2021-03-27 03:20:16", "elapsed": 376.30795, "delta": 2.540203}}
{"target": -1.4445457518073743, "params": {"model__colsample_bylevel": 1.0, "model__colsample_bynode": 0.3, "model__colsample_bytree": 1.0, "model__learning_rate": 0.3, "model__max_depth": 2.0, "model__n_estimators": 16.913408502326917, "model__reg_lambda": 2.033179018324212}, "datetime": {"datetime": "2021-03-27 03:20:18", "elapsed": 378.276172, "delta": 1.968222}}
{"target": -1.402354165447363, "params": {"model__colsample_bylevel": 1.0, "model__colsample_bynode": 1.0, "model__colsample_bytree": 0.3, "model__learning_rate": 0.3, "model__max_depth": 2.0, "model__n_estimators": 25.054009072391164, "model__reg_lambda": 5.450245640666945}, "datetime": {"datetime": "2021-03-27 03:20:21", "elapsed": 380.816362, "delta": 2.54019}}
{"target": -1.4545333470528325, "params": {"model__colsample_bylevel": 1.0, "model__colsample_bynode": 0.3, "model__colsample_bytree": 1.0, "model__learning_rate": 0.3, "model__max_depth": 5.111068863370795, "model__n_estimators": 18.611256413774107, "model__reg_lambda": 2.454993517842631}, "datetime": {"datetime": "2021-03-27 03:20:23", "elapsed": 383.320302, "delta": 2.50394}}
{"target": -1.3705676219736536, "params": {"model__colsample_bylevel": 0.3, "model__colsample_bynode": 0.3, "model__colsample_bytree": 1.0, "model__learning_rate": 0.3, "model__max_depth": 2.234867774804709, "model__n_estimators": 30.0, "model__reg_lambda": 0.9295124899244351}, "datetime": {"datetime": "2021-03-27 03:20:25", "elapsed": 385.549909, "delta": 2.229607}}
{"target": -1.3155690970547174, "params": {"model__colsample_bylevel": 0.3, "model__colsample_bynode": 0.3, "model__colsample_bytree": 1.0, "model__learning_rate": 0.3, "model__max_depth": 3.547985068345689, "model__n_estimators": 16.137361528007585, "model__reg_lambda": 0.0}, "datetime": {"datetime": "2021-03-27 03:20:28", "elapsed": 387.853844, "delta": 2.303935}}
{"target": -1.4282859824273895, "params": {"model__colsample_bylevel": 1.0, "model__colsample_bynode": 1.0, "model__colsample_bytree": 0.3, "model__learning_rate": 0.3, "model__max_depth": 4.667615091170048, "model__n_estimators": 17.251526519324244, "model__reg_lambda": 5.80913608037678}, "datetime": {"datetime": "2021-03-27 03:20:30", "elapsed": 390.108743, "delta": 2.254899}}
{"target": -1.3856396263735236, "params": {"model__colsample_bylevel": 1.0, "model__colsample_bynode": 1.0, "model__colsample_bytree": 0.3, "model__learning_rate": 0.3, "model__max_depth": 6.343100569119182, "model__n_estimators": 20.613332398848485, "model__reg_lambda": 2.945275641029104}, "datetime": {"datetime": "2021-03-27 03:20:32", "elapsed": 392.576011, "delta": 2.467268}}
{"target": -1.364881629515709, "params": {"model__colsample_bylevel": 0.3, "model__colsample_bynode": 0.3, "model__colsample_bytree": 1.0, "model__learning_rate": 0.3, "model__max_depth": 5.504335276570401, "model__n_estimators": 23.987113402057542, "model__reg_lambda": 7.469433238111234}, "datetime": {"datetime": "2021-03-27 03:20:34", "elapsed": 394.609822, "delta": 2.033811}}
{"target": -1.3837547847218272, "params": {"model__colsample_bylevel": 0.33965815848306846, "model__colsample_bynode": 0.39380792339122994, "model__colsample_bytree": 0.49501307622489826, "model__learning_rate": 0.29906693429998454, "model__max_depth": 3.4749125149219875, "model__n_estimators": 29.96870079273927, "model__reg_lambda": 4.429589901545131}, "datetime": {"datetime": "2021-03-27 03:20:37", "elapsed": 396.934354, "delta": 2.324532}}
{"target": -1.3647653893925304, "params": {"model__colsample_bylevel": 1.0, "model__colsample_bynode": 1.0, "model__colsample_bytree": 0.3, "model__learning_rate": 0.3, "model__max_depth": 2.0, "model__n_estimators": 28.05855987174097, "model__reg_lambda": 0.0}, "datetime": {"datetime": "2021-03-27 03:20:39", "elapsed": 399.32039, "delta": 2.386036}}
{"target": -1.4284623762363218, "params": {"model__colsample_bylevel": 1.0, "model__colsample_bynode": 1.0, "model__colsample_bytree": 1.0, "model__learning_rate": 0.3, "model__max_depth": 4.121642198361426, "model__n_estimators": 23.30607906809746, "model__reg_lambda": 7.250100356703613}, "datetime": {"datetime": "2021-03-27 03:20:42", "elapsed": 402.545281, "delta": 3.224891}}
{"target": -1.4467491272121558, "params": {"model__colsample_bylevel": 1.0, "model__colsample_bynode": 1.0, "model__colsample_bytree": 1.0, "model__learning_rate": 0.3, "model__max_depth": 2.0, "model__n_estimators": 26.550258637516155, "model__reg_lambda": 3.187700231611145}, "datetime": {"datetime": "2021-03-27 03:20:45", "elapsed": 405.085958, "delta": 2.540677}}
{"target": -1.4651987477408155, "params": {"model__colsample_bylevel": 0.3, "model__colsample_bynode": 0.3, "model__colsample_bytree": 0.3, "model__learning_rate": 0.3, "model__max_depth": 8.0, "model__n_estimators": 24.44510620138822, "model__reg_lambda": 9.060473795765931}, "datetime": {"datetime": "2021-03-27 03:20:47", "elapsed": 407.398306, "delta": 2.312348}}
