{"target": -1.355511971583347, "params": {"model__colsample_bylevel": 0.3, "model__colsample_bynode": 0.3, "model__colsample_bytree": 1.0, "model__learning_rate": 0.3, "model__max_depth": 8.0, "model__n_estimators": 30.0, "model__reg_lambda": 1.9965164435581675}, "datetime": {"datetime": "2021-03-27 03:17:08", "elapsed": 187.833345, "delta": 1.62678}}
{"target": -1.4724217042407912, "params": {"model__colsample_bylevel": 1.0, "model__colsample_bynode": 1.0, "model__colsample_bytree": 1.0, "model__learning_rate": 0.3, "model__max_depth": 8.0, "model__n_estimators": 15.0, "model__reg_lambda": 7.396496206627662}, "datetime": {"datetime": "2021-03-27 03:17:10", "elapsed": 190.619873, "delta": 2.786528}}
{"target": -1.4182144896383737, "params": {"model__colsample_bylevel": 0.3, "model__colsample_bynode": 0.3, "model__colsample_bytree": 0.3, "model__learning_rate": 0.3, "model__max_depth": 6.790551751461594, "model__n_estimators": 30.0, "model__reg_lambda": 1.1144806335622781}, "datetime": {"datetime": "2021-03-27 03:17:12", "elapsed": 192.254797, "delta": 1.634924}}
{"target": -1.364314732220078, "params": {"model__colsample_bylevel": 1.0, "model__colsample_bynode": 0.3, "model__colsample_bytree": 0.3, "model__learning_rate": 0.3, "model__max_depth": 3.1861058357700403, "model__n_estimators": 28.117191125372763, "model__reg_lambda": 7.394348142081439}, "datetime": {"datetime": "2021-03-27 03:17:14", "elapsed": 194.333165, "delta": 2.078368}}
{"target": -1.4706293388553289, "params": {"model__colsample_bylevel": 0.3, "model__colsample_bynode": 0.3, "model__colsample_bytree": 0.3, "model__learning_rate": 0.3, "model__max_depth": 2.0, "model__n_estimators": 30.0, "model__reg_lambda": 0.0}, "datetime": {"datetime": "2021-03-27 03:17:16", "elapsed": 195.872882, "delta": 1.539717}}
{"target": -1.3532178789822629, "params": {"model__colsample_bylevel": 1.0, "model__colsample_bynode": 1.0, "model__colsample_bytree": 0.3, "model__learning_rate": 0.3, "model__max_depth": 3.233754120842705, "model__n_estimators": 27.836830383558926, "model__reg_lambda": 1.5154896746726547}, "datetime": {"datetime": "2021-03-27 03:17:18", "elapsed": 197.774542, "delta": 1.90166}}
{"target": -1.4587564393049577, "params": {"model__colsample_bylevel": 0.3, "model__colsample_bynode": 1.0, "model__colsample_bytree": 1.0, "model__learning_rate": 0.3, "model__max_depth": 7.207368509202771, "model__n_estimators": 28.678452040792227, "model__reg_lambda": 0.0}, "datetime": {"datetime": "2021-03-27 03:17:20", "elapsed": 199.739419, "delta": 1.964877}}
{"target": -1.4405558321206573, "params": {"model__colsample_bylevel": 0.3, "model__colsample_bynode": 1.0, "model__colsample_bytree": 0.3, "model__learning_rate": 0.3, "model__max_depth": 8.0, "model__n_estimators": 19.229925362647275, "model__reg_lambda": 4.086863777974386}, "datetime": {"datetime": "2021-03-27 03:17:21", "elapsed": 201.582197, "delta": 1.842778}}
{"target": -1.4073493641679702, "params": {"model__colsample_bylevel": 1.0, "model__colsample_bynode": 0.3, "model__colsample_bytree": 0.3, "model__learning_rate": 0.3, "model__max_depth": 4.551857537559011, "model__n_estimators": 28.25436947537577, "model__reg_lambda": 10.0}, "datetime": {"datetime": "2021-03-27 03:17:23", "elapsed": 203.442983, "delta": 1.860786}}
{"target": -1.4338123270188985, "params": {"model__colsample_bylevel": 1.0, "model__colsample_bynode": 0.3, "model__colsample_bytree": 0.3, "model__learning_rate": 0.3, "model__max_depth": 2.0, "model__n_estimators": 16.947376632215825, "model__reg_lambda": 0.0}, "datetime": {"datetime": "2021-03-27 03:17:25", "elapsed": 204.865097, "delta": 1.422114}}
{"target": -1.499094980015703, "params": {"model__colsample_bylevel": 0.3, "model__colsample_bynode": 1.0, "model__colsample_bytree": 1.0, "model__learning_rate": 0.3, "model__max_depth": 5.768224508088327, "model__n_estimators": 15.0, "model__reg_lambda": 7.299885247066765}, "datetime": {"datetime": "2021-03-27 03:17:26", "elapsed": 206.684238, "delta": 1.819141}}
{"target": -1.3975192270903052, "params": {"model__colsample_bylevel": 0.3, "model__colsample_bynode": 1.0, "model__colsample_bytree": 0.3, "model__learning_rate": 0.3, "model__max_depth": 3.792473329426137, "model__n_estimators": 23.653371925878606, "model__reg_lambda": 7.2480733324532185}, "datetime": {"datetime": "2021-03-27 03:17:28", "elapsed": 208.416799, "delta": 1.732561}}
{"target": -1.3668425736064767, "params": {"model__colsample_bylevel": 1.0, "model__colsample_bynode": 1.0, "model__colsample_bytree": 0.3, "model__learning_rate": 0.3, "model__max_depth": 4.760946965138508, "model__n_estimators": 30.0, "model__reg_lambda": 2.813933505618192}, "datetime": {"datetime": "2021-03-27 03:17:30", "elapsed": 210.551788, "delta": 2.134989}}
{"target": -1.5322830025754546, "params": {"model__colsample_bylevel": 1.0, "model__colsample_bynode": 0.3, "model__colsample_bytree": 0.3, "model__learning_rate": 0.3, "model__max_depth": 2.0, "model__n_estimators": 15.0, "model__reg_lambda": 7.169428803828913}, "datetime": {"datetime": "2021-03-27 03:17:32", "elapsed": 212.178305, "delta": 1.626517}}
{"target": -1.3055545764759293, "params": {"model__colsample_bylevel": 0.3, "model__colsample_bynode": 0.3, "model__colsample_bytree": 1.0, "model__learning_rate": 0.3, "model__max_depth": 3.5144982320592986, "model__n_estimators": 30.0, "model__reg_lambda": 1.7304878173687903}, "datetime": {"datetime": "2021-03-27 03:17:34", "elapsed": 214.072612, "delta": 1.894307}}
{"target": -1.3424521360303396, "params": {"model__colsample_bylevel": 0.3, "model__colsample_bynode": 0.3, "model__colsample_bytree": 1.0, "model__learning_rate": 0.3, "model__max_depth": 6.329459387692683, "model__n_estimators": 24.04806875679821, "model__reg_lambda": 2.1655138252003376}, "datetime": {"datetime": "2021-03-27 03:17:36", "elapsed": 215.790521, "delta": 1.717909}}
{"target": -1.3644357991141631, "params": {"model__colsample_bylevel": 1.0, "model__colsample_bynode": 1.0, "model__colsample_bytree": 0.3, "model__learning_rate": 0.3, "model__max_depth": 2.0, "model__n_estimators": 26.176160359670167, "model__reg_lambda": 0.0}, "datetime": {"datetime": "2021-03-27 03:17:38", "elapsed": 217.783217, "delta": 1.992696}}
{"target": -1.5321051784264654, "params": {"model__colsample_bylevel": 0.3, "model__colsample_bynode": 0.3, "model__colsample_bytree": 0.3, "model__learning_rate": 0.3, "model__max_depth": 4.181899420780822, "model__n_estimators": 15.0, "model__reg_lambda": 5.009180467920879}, "datetime": {"datetime": "2021-03-27 03:17:39", "elapsed": 219.672041, "delta": 1.888824}}
{"target": -1.371168438690728, "params": {"model__colsample_bylevel": 0.3, "model__colsample_bynode": 0.3, "model__colsample_bytree": 1.0, "model__learning_rate": 0.3, "model__max_depth": 6.4810408133610675, "model__n_estimators": 18.808106933345314, "model__reg_lambda": 2.9033137905568323}, "datetime": {"datetime": "2021-03-27 03:17:41", "elapsed": 221.608857, "delta": 1.936816}}
{"target": -1.4197752363777354, "params": {"model__colsample_bylevel": 1.0, "model__colsample_bynode": 0.3, "model__colsample_bytree": 1.0, "model__learning_rate": 0.3, "model__max_depth": 7.2673302742275, "model__n_estimators": 25.97976287668982, "model__reg_lambda": 6.351901191931397}, "datetime": {"datetime": "2021-03-27 03:17:43", "elapsed": 223.434545, "delta": 1.825688}}
{"target": -1.4046460518802424, "params": {"model__colsample_bylevel": 1.0, "model__colsample_bynode": 1.0, "model__colsample_bytree": 0.3, "model__learning_rate": 0.3, "model__max_depth": 8.0, "model__n_estimators": 25.35147353568924, "model__reg_lambda": 10.0}, "datetime": {"datetime": "2021-03-27 03:17:46", "elapsed": 225.910292, "delta": 2.475747}}
{"target": -1.4810909895037396, "params": {"model__colsample_bylevel": 0.3, "model__colsample_bynode": 1.0, "model__colsample_bytree": 1.0, "model__learning_rate": 0.3, "model__max_depth": 6.9503542600034445, "model__n_estimators": 19.674309093419577, "model__reg_lambda": 1.1691833398705094}, "datetime": {"datetime": "2021-03-27 03:17:48", "elapsed": 228.040514, "delta": 2.130222}}
{"target": -1.4748686433904736, "params": {"model__colsample_bylevel": 0.3, "model__colsample_bynode": 1.0, "model__colsample_bytree": 1.0, "model__learning_rate": 0.3, "model__max_depth": 8.0, "model__n_estimators": 16.32890250043815, "model__reg_lambda": 3.912111948978355}, "datetime": {"datetime": "2021-03-27 03:17:50", "elapsed": 229.812673, "delta": 1.772159}}
{"target": -1.5960050271904986, "params": {"model__colsample_bylevel": 0.3, "model__colsample_bynode": 0.3, "model__colsample_bytree": 0.3, "model__learning_rate": 0.3, "model__max_depth": 2.0, "model__n_estimators": 22.799307996374743, "model__reg_lambda": 10.0}, "datetime": {"datetime": "2021-03-27 03:17:51", "elapsed": 231.430593, "delta": 1.61792}}
{"target": -1.3979839256951125, "params": {"model__colsample_bylevel": 1.0, "model__colsample_bynode": 1.0, "model__colsample_bytree": 0.3, "model__learning_rate": 0.3, "model__max_depth": 8.0, "model__n_estimators": 29.333341294187978, "model__reg_lambda": 0.9222948724130007}, "datetime": {"datetime": "2021-03-27 03:17:54", "elapsed": 233.825713, "delta": 2.39512}}
{"target": -1.377249577490316, "params": {"model__colsample_bylevel": 1.0, "model__colsample_bynode": 0.3, "model__colsample_bytree": 0.3, "model__learning_rate": 0.3, "model__max_depth": 3.5384387265644435, "model__n_estimators": 27.443924209764273, "model__reg_lambda": 4.021885844780208}, "datetime": {"datetime": "2021-03-27 03:17:55", "elapsed": 235.526816, "delta": 1.701103}}
{"target": -1.4992035988097387, "params": {"model__colsample_bylevel": 1.0, "model__colsample_bynode": 0.3, "model__colsample_bytree": 1.0, "model__learning_rate": 0.3, "model__max_depth": 6.243764160420981, "model__n_estimators": 15.0, "model__reg_lambda": 6.744806960081772}, "datetime": {"datetime": "2021-03-27 03:17:58", "elapsed": 237.758043, "delta": 2.231227}}
{"target": -1.355709121728559, "params": {"model__colsample_bylevel": 0.3, "model__colsample_bynode": 0.3, "model__colsample_bytree": 1.0, "model__learning_rate": 0.3, "model__max_depth": 6.049071457297916, "model__n_estimators": 15.0, "model__reg_lambda": 0.0}, "datetime": {"datetime": "2021-03-27 03:17:59", "elapsed": 239.661321, "delta": 1.903278}}
{"target": -1.4071171991338116, "params": {"model__colsample_bylevel": 1.0, "model__colsample_bynode": 1.0, "model__colsample_bytree": 1.0, "model__learning_rate": 0.3, "model__max_depth": 3.832674879568105, "model__n_estimators": 27.624702646134327, "model__reg_lambda": 8.420485034230655}, "datetime": {"datetime": "2021-03-27 03:18:02", "elapsed": 242.555101, "delta": 2.89378}}
{"target": -1.451966861491024, "params": {"model__colsample_bylevel": 0.3, "model__colsample_bynode": 0.3, "model__colsample_bytree": 0.3, "model__learning_rate": 0.3, "model__max_depth": 8.0, "model__n_estimators": 22.557833454924314, "model__reg_lambda": 3.6795045933173682}, "datetime": {"datetime": "2021-03-27 03:18:04", "elapsed": 244.312424, "delta": 1.757323}}
{"target": -1.35359114014908, "params": {"model__colsample_bylevel": 0.436375810781633, "model__colsample_bynode": 0.9777025645893604, "model__colsample_bytree": 0.4238725991344473, "model__learning_rate": 0.2552198666072344, "model__max_depth": 7.793873619876997, "model__n_estimators": 29.997800439373844, "model__reg_lambda": 4.479855418562728}, "datetime": {"datetime": "2021-03-27 03:18:06", "elapsed": 246.455523, "delta": 2.143099}}
{"target": -1.5113687299164957, "params": {"model__colsample_bylevel": 0.3, "model__colsample_bynode": 0.3, "model__colsample_bytree": 0.3, "model__learning_rate": 0.1, "model__max_depth": 8.0, "model__n_estimators": 24.191807309443615, "model__reg_lambda": 0.0}, "datetime": {"datetime": "2021-03-27 03:18:08", "elapsed": 248.190105, "delta": 1.734582}}
{"target": -1.3556126637046861, "params": {"model__colsample_bylevel": 1.0, "model__colsample_bynode": 0.3, "model__colsample_bytree": 1.0, "model__learning_rate": 0.3, "model__max_depth": 2.0, "model__n_estimators": 23.03809572701597, "model__reg_lambda": 0.0}, "datetime": {"datetime": "2021-03-27 03:18:10", "elapsed": 250.1307, "delta": 1.940595}}
{"target": -1.451662827595272, "params": {"model__colsample_bylevel": 1.0, "model__colsample_bynode": 0.3, "model__colsample_bytree": 1.0, "model__learning_rate": 0.3, "model__max_depth": 8.0, "model__n_estimators": 25.827344853945014, "model__reg_lambda": 0.0}, "datetime": {"datetime": "2021-03-27 03:18:12", "elapsed": 252.361025, "delta": 2.230325}}
{"target": -1.414248497210497, "params": {"model__colsample_bylevel": 1.0, "model__colsample_bynode": 1.0, "model__colsample_bytree": 1.0, "model__learning_rate": 0.3, "model__max_depth": 8.0, "model__n_estimators": 30.0, "model__reg_lambda": 10.0}, "datetime": {"datetime": "2021-03-27 03:18:15", "elapsed": 255.448358, "delta": 3.087333}}
{"target": -1.352533237232516, "params": {"model__colsample_bylevel": 0.3, "model__colsample_bynode": 0.3, "model__colsample_bytree": 1.0, "model__learning_rate": 0.3, "model__max_depth": 4.501348333979148, "model__n_estimators": 22.184649216304493, "model__reg_lambda": 1.1071913421579984}, "datetime": {"datetime": "2021-03-27 03:18:17", "elapsed": 257.229398, "delta": 1.78104}}
{"target": -1.407115225761157, "params": {"model__colsample_bylevel": 1.0, "model__colsample_bynode": 1.0, "model__colsample_bytree": 0.3, "model__learning_rate": 0.3, "model__max_depth": 8.0, "model__n_estimators": 28.363602502564767, "model__reg_lambda": 6.404350353967441}, "datetime": {"datetime": "2021-03-27 03:18:19", "elapsed": 259.418451, "delta": 2.189053}}
{"target": -1.4565510685704106, "params": {"model__colsample_bylevel": 0.3, "model__colsample_bynode": 1.0, "model__colsample_bytree": 1.0, "model__learning_rate": 0.3, "model__max_depth": 4.008221644266843, "model__n_estimators": 19.764948685184102, "model__reg_lambda": 9.016192245977324}, "datetime": {"datetime": "2021-03-27 03:18:21", "elapsed": 261.406466, "delta": 1.988015}}
{"target": -1.3523077653275561, "params": {"model__colsample_bylevel": 0.3, "model__colsample_bynode": 0.3, "model__colsample_bytree": 1.0, "model__learning_rate": 0.3, "model__max_depth": 7.08828007004112, "model__n_estimators": 30.0, "model__reg_lambda": 3.9182191146810217}, "datetime": {"datetime": "2021-03-27 03:18:23", "elapsed": 263.50813, "delta": 2.101664}}
{"target": -1.4175753224155176, "params": {"model__colsample_bylevel": 0.3, "model__colsample_bynode": 0.3, "model__colsample_bytree": 1.0, "model__learning_rate": 0.3, "model__max_depth": 2.0, "model__n_estimators": 19.367681031952817, "model__reg_lambda": 1.4627068866680482}, "datetime": {"datetime": "2021-03-27 03:18:25", "elapsed": 265.211844, "delta": 1.703714}}
{"target": -1.4051838643308998, "params": {"model__colsample_bylevel": 0.3, "model__colsample_bynode": 0.3, "model__colsample_bytree": 1.0, "model__learning_rate": 0.3, "model__max_depth": 2.0, "model__n_estimators": 28.44162926330455, "model__reg_lambda": 10.0}, "datetime": {"datetime": "2021-03-27 03:18:27", "elapsed": 267.439113, "delta": 2.227269}}
{"target": -1.4676178885988242, "params": {"model__colsample_bylevel": 1.0, "model__colsample_bynode": 0.3, "model__colsample_bytree": 1.0, "model__learning_rate": 0.3, "model__max_depth": 4.390737286723166, "model__n_estimators": 18.6364648368023, "model__reg_lambda": 6.155251175484238}, "datetime": {"datetime": "2021-03-27 03:18:29", "elapsed": 269.581292, "delta": 2.142179}}
{"target": -1.3752225997844252, "params": {"model__colsample_bylevel": 0.3, "model__colsample_bynode": 0.3, "model__colsample_bytree": 1.0, "model__learning_rate": 0.3, "model__max_depth": 3.87802430419186, "model__n_estimators": 25.76875606606967, "model__reg_lambda": 6.322241194044301}, "datetime": {"datetime": "2021-03-27 03:18:31", "elapsed": 271.353159, "delta": 1.771867}}
{"target": -1.4795265375272089, "params": {"model__colsample_bylevel": 1.0, "model__colsample_bynode": 0.3, "model__colsample_bytree": 1.0, "model__learning_rate": 0.3, "model__max_depth": 8.0, "model__n_estimators": 17.56549224804912, "model__reg_lambda": 10.0}, "datetime": {"datetime": "2021-03-27 03:18:33", "elapsed": 273.392776, "delta": 2.039617}}
{"target": -1.3651457546278836, "params": {"model__colsample_bylevel": 0.3, "model__colsample_bynode": 0.3, "model__colsample_bytree": 1.0, "model__learning_rate": 0.3, "model__max_depth": 3.4451785459138766, "model__n_estimators": 30.0, "model__reg_lambda": 6.8563091548296535}, "datetime": {"datetime": "2021-03-27 03:18:35", "elapsed": 275.428333, "delta": 2.035557}}
{"target": -1.428552569051786, "params": {"model__colsample_bylevel": 1.0, "model__colsample_bynode": 0.3, "model__colsample_bytree": 0.3, "model__learning_rate": 0.3, "model__max_depth": 8.0, "model__n_estimators": 15.0, "model__reg_lambda": 0.0}, "datetime": {"datetime": "2021-03-27 03:18:37", "elapsed": 277.139765, "delta": 1.711432}}
{"target": -1.3312431737335155, "params": {"model__colsample_bylevel": 0.3, "model__colsample_bynode": 0.3, "model__colsample_bytree": 1.0, "model__learning_rate": 0.3, "model__max_depth": 3.744124953146567, "model__n_estimators": 27.686659908367012, "model__reg_lambda": 1.8812082724454005}, "datetime": {"datetime": "2021-03-27 03:18:39", "elapsed": 279.184907, "delta": 2.045142}}
{"target": -1.346375527282151, "params": {"model__colsample_bylevel": 1.0, "model__colsample_bynode": 0.3, "model__colsample_bytree": 1.0, "model__learning_rate": 0.3, "model__max_depth": 2.0, "model__n_estimators": 30.0, "model__reg_lambda": 0.0}, "datetime": {"datetime": "2021-03-27 03:18:41", "elapsed": 281.145851, "delta": 1.960944}}
{"target": -1.442483014756463, "params": {"model__colsample_bylevel": 1.0, "model__colsample_bynode": 0.3, "model__colsample_bytree": 0.3, "model__learning_rate": 0.3, "model__max_depth": 8.0, "model__n_estimators": 22.24127816842336, "model__reg_lambda": 10.0}, "datetime": {"datetime": "2021-03-27 03:18:43", "elapsed": 283.338747, "delta": 2.192896}}
{"target": -1.3293938549761866, "params": {"model__colsample_bylevel": 0.3, "model__colsample_bynode": 0.3, "model__colsample_bytree": 1.0, "model__learning_rate": 0.3, "model__max_depth": 8.0, "model__n_estimators": 21.15265705785057, "model__reg_lambda": 0.0}, "datetime": {"datetime": "2021-03-27 03:18:45", "elapsed": 285.167336, "delta": 1.828589}}
{"target": -1.414060175947953, "params": {"model__colsample_bylevel": 0.3, "model__colsample_bynode": 1.0, "model__colsample_bytree": 0.3, "model__learning_rate": 0.3, "model__max_depth": 8.0, "model__n_estimators": 26.544030043412793, "model__reg_lambda": 10.0}, "datetime": {"datetime": "2021-03-27 03:18:47", "elapsed": 287.356075, "delta": 2.188739}}
{"target": -1.3801105777679037, "params": {"model__colsample_bylevel": 1.0, "model__colsample_bynode": 1.0, "model__colsample_bytree": 0.3, "model__learning_rate": 0.3, "model__max_depth": 5.434018286056115, "model__n_estimators": 24.21794853150125, "model__reg_lambda": 1.5741582065754671}, "datetime": {"datetime": "2021-03-27 03:18:49", "elapsed": 289.569842, "delta": 2.213767}}
{"target": -1.4370946484631386, "params": {"model__colsample_bylevel": 1.0, "model__colsample_bynode": 0.3, "model__colsample_bytree": 1.0, "model__learning_rate": 0.3, "model__max_depth": 2.0, "model__n_estimators": 23.32709273994053, "model__reg_lambda": 6.06266084205136}, "datetime": {"datetime": "2021-03-27 03:18:51", "elapsed": 291.445573, "delta": 1.875731}}
{"target": -1.4207323707991104, "params": {"model__colsample_bylevel": 0.3, "model__colsample_bynode": 1.0, "model__colsample_bytree": 0.3, "model__learning_rate": 0.3, "model__max_depth": 8.0, "model__n_estimators": 22.067545664291718, "model__reg_lambda": 8.640545392112632}, "datetime": {"datetime": "2021-03-27 03:18:53", "elapsed": 293.339483, "delta": 1.89391}}
{"target": -1.344976621908068, "params": {"model__colsample_bylevel": 1.0, "model__colsample_bynode": 1.0, "model__colsample_bytree": 0.3, "model__learning_rate": 0.3, "model__max_depth": 3.0235353571841843, "model__n_estimators": 30.0, "model__reg_lambda": 2.2012044774003527}, "datetime": {"datetime": "2021-03-27 03:18:55", "elapsed": 295.472306, "delta": 2.132823}}
{"target": -1.4546207652427257, "params": {"model__colsample_bylevel": 0.3, "model__colsample_bynode": 0.3, "model__colsample_bytree": 0.3, "model__learning_rate": 0.3, "model__max_depth": 4.6541638065650135, "model__n_estimators": 20.128235700496028, "model__reg_lambda": 2.707270362965131}, "datetime": {"datetime": "2021-03-27 03:18:57", "elapsed": 297.269201, "delta": 1.796895}}
{"target": -1.3866928167323973, "params": {"model__colsample_bylevel": 1.0, "model__colsample_bynode": 0.3, "model__colsample_bytree": 0.3, "model__learning_rate": 0.3, "model__max_depth": 4.940347157369681, "model__n_estimators": 26.79370468986417, "model__reg_lambda": 1.7774919955863273}, "datetime": {"datetime": "2021-03-27 03:18:59", "elapsed": 299.642962, "delta": 2.373761}}
{"target": -1.4030304962556568, "params": {"model__colsample_bylevel": 1.0, "model__colsample_bynode": 1.0, "model__colsample_bytree": 0.3, "model__learning_rate": 0.3, "model__max_depth": 3.9668784852403247, "model__n_estimators": 22.29401244469358, "model__reg_lambda": 0.0}, "datetime": {"datetime": "2021-03-27 03:19:02", "elapsed": 301.958431, "delta": 2.315469}}
{"target": -1.3945539776195328, "params": {"model__colsample_bylevel": 0.3, "model__colsample_bynode": 1.0, "model__colsample_bytree": 0.3, "model__learning_rate": 0.3, "model__max_depth": 5.8412190427917325, "model__n_estimators": 22.017886747915316, "model__reg_lambda": 2.8148816464872333}, "datetime": {"datetime": "2021-03-27 03:19:04", "elapsed": 303.943805, "delta": 1.985374}}
