{"target": -1.3741296100065759, "params": {"model__colsample_bylevel": 0.3941677419883143, "model__colsample_bynode": 0.7026718974479732, "model__colsample_bytree": 0.9707517652051809, "model__learning_rate": 0.29407949209502365, "model__max_depth": 5.057777752633919, "model__n_estimators": 29.903368551656897, "model__reg_lambda": 3.899811377240546}, "datetime": {"datetime": "2021-03-27 03:15:09", "elapsed": 69.621448, "delta": 1.904328}}
{"target": -1.4454192972340472, "params": {"model__colsample_bylevel": 0.3, "model__colsample_bynode": 1.0, "model__colsample_bytree": 1.0, "model__learning_rate": 0.3, "model__max_depth": 4.697849231823773, "model__n_estimators": 30.0, "model__reg_lambda": 0.0}, "datetime": {"datetime": "2021-03-27 03:15:11", "elapsed": 71.549103, "delta": 1.927655}}
{"target": -1.4935319109401408, "params": {"model__colsample_bylevel": 1.0, "model__colsample_bynode": 1.0, "model__colsample_bytree": 1.0, "model__learning_rate": 0.3, "model__max_depth": 5.308240746415269, "model__n_estimators": 15.0, "model__reg_lambda": 10.0}, "datetime": {"datetime": "2021-03-27 03:15:14", "elapsed": 73.964137, "delta": 2.415034}}
{"target": -1.3691881744649963, "params": {"model__colsample_bylevel": 1.0, "model__colsample_bynode": 1.0, "model__colsample_bytree": 0.3, "model__learning_rate": 0.3, "model__max_depth": 4.081265992980034, "model__n_estimators": 30.0, "model__reg_lambda": 7.002651450708725}, "datetime": {"datetime": "2021-03-27 03:15:16", "elapsed": 75.903621, "delta": 1.939484}}
{"target": -1.4208329571168061, "params": {"model__colsample_bylevel": 1.0, "model__colsample_bynode": 1.0, "model__colsample_bytree": 1.0, "model__learning_rate": 0.3, "model__max_depth": 8.0, "model__n_estimators": 22.12796270229279, "model__reg_lambda": 7.8197940840517814}, "datetime": {"datetime": "2021-03-27 03:15:18", "elapsed": 78.440414, "delta": 2.536793}}
{"target": -1.4750829493768676, "params": {"model__colsample_bylevel": 0.3, "model__colsample_bynode": 0.3, "model__colsample_bytree": 0.3, "model__learning_rate": 0.3, "model__max_depth": 6.322249705009525, "model__n_estimators": 18.353943849428987, "model__reg_lambda": 0.0}, "datetime": {"datetime": "2021-03-27 03:15:20", "elapsed": 79.958793, "delta": 1.518379}}
{"target": -1.4272741345823674, "params": {"model__colsample_bylevel": 1.0, "model__colsample_bynode": 1.0, "model__colsample_bytree": 0.3, "model__learning_rate": 0.3, "model__max_depth": 2.0, "model__n_estimators": 22.662562265379247, "model__reg_lambda": 7.743155054824596}, "datetime": {"datetime": "2021-03-27 03:15:21", "elapsed": 81.464758, "delta": 1.505965}}
{"target": -1.381467658572871, "params": {"model__colsample_bylevel": 0.3, "model__colsample_bynode": 1.0, "model__colsample_bytree": 0.3, "model__learning_rate": 0.3, "model__max_depth": 3.9640070595649433, "model__n_estimators": 28.00969793313967, "model__reg_lambda": 5.983357181072238}, "datetime": {"datetime": "2021-03-27 03:15:23", "elapsed": 83.101502, "delta": 1.636744}}
{"target": -1.3877999528648628, "params": {"model__colsample_bylevel": 0.3, "model__colsample_bynode": 0.3, "model__colsample_bytree": 1.0, "model__learning_rate": 0.3, "model__max_depth": 8.0, "model__n_estimators": 20.40112762830222, "model__reg_lambda": 1.999820999243861}, "datetime": {"datetime": "2021-03-27 03:15:25", "elapsed": 84.826865, "delta": 1.725363}}
{"target": -1.3731559666190836, "params": {"model__colsample_bylevel": 1.0, "model__colsample_bynode": 0.3, "model__colsample_bytree": 0.3, "model__learning_rate": 0.3, "model__max_depth": 8.0, "model__n_estimators": 25.34365435053634, "model__reg_lambda": 1.3759291628236425}, "datetime": {"datetime": "2021-03-27 03:15:26", "elapsed": 86.451524, "delta": 1.624659}}
{"target": -1.3624162134565954, "params": {"model__colsample_bylevel": 1.0, "model__colsample_bynode": 1.0, "model__colsample_bytree": 0.3, "model__learning_rate": 0.3, "model__max_depth": 2.0, "model__n_estimators": 22.627138613068453, "model__reg_lambda": 0.0}, "datetime": {"datetime": "2021-03-27 03:15:28", "elapsed": 88.372119, "delta": 1.920595}}
{"target": -1.4368387487946428, "params": {"model__colsample_bylevel": 0.3, "model__colsample_bynode": 0.3, "model__colsample_bytree": 0.3, "model__learning_rate": 0.3, "model__max_depth": 8.0, "model__n_estimators": 27.437946699800538, "model__reg_lambda": 7.832897166772671}, "datetime": {"datetime": "2021-03-27 03:15:30", "elapsed": 90.127384, "delta": 1.755265}}
{"target": -1.4713459451507398, "params": {"model__colsample_bylevel": 0.3, "model__colsample_bynode": 0.3, "model__colsample_bytree": 0.3, "model__learning_rate": 0.3, "model__max_depth": 8.0, "model__n_estimators": 15.0, "model__reg_lambda": 1.4902392525069368}, "datetime": {"datetime": "2021-03-27 03:15:31", "elapsed": 91.666871, "delta": 1.539487}}
{"target": -1.3996526843510515, "params": {"model__colsample_bylevel": 0.3, "model__colsample_bynode": 1.0, "model__colsample_bytree": 0.3, "model__learning_rate": 0.3, "model__max_depth": 8.0, "model__n_estimators": 20.79396768740239, "model__reg_lambda": 0.0}, "datetime": {"datetime": "2021-03-27 03:15:33", "elapsed": 93.244104, "delta": 1.577233}}
{"target": -1.3754692655637106, "params": {"model__colsample_bylevel": 1.0, "model__colsample_bynode": 0.3, "model__colsample_bytree": 0.3, "model__learning_rate": 0.3, "model__max_depth": 8.0, "model__n_estimators": 30.0, "model__reg_lambda": 3.5370116465741757}, "datetime": {"datetime": "2021-03-27 03:15:35", "elapsed": 95.09793, "delta": 1.853826}}
{"target": -1.4208291054203888, "params": {"model__colsample_bylevel": 1.0, "model__colsample_bynode": 1.0, "model__colsample_bytree": 0.3, "model__learning_rate": 0.3, "model__max_depth": 2.0, "model__n_estimators": 27.801970639707882, "model__reg_lambda": 10.0}, "datetime": {"datetime": "2021-03-27 03:15:37", "elapsed": 96.859615, "delta": 1.761685}}
{"target": -1.4021201199865427, "params": {"model__colsample_bylevel": 1.0, "model__colsample_bynode": 0.3, "model__colsample_bytree": 0.3, "model__learning_rate": 0.3, "model__max_depth": 6.787727044397659, "model__n_estimators": 30.0, "model__reg_lambda": 10.0}, "datetime": {"datetime": "2021-03-27 03:15:39", "elapsed": 98.712125, "delta": 1.85251}}
{"target": -1.4341253461113768, "params": {"model__colsample_bylevel": 1.0, "model__colsample_bynode": 1.0, "model__colsample_bytree": 1.0, "model__learning_rate": 0.3, "model__max_depth": 5.379200654350234, "model__n_estimators": 19.501402892231287, "model__reg_lambda": 4.6523740250536845}, "datetime": {"datetime": "2021-03-27 03:15:41", "elapsed": 101.065377, "delta": 2.353252}}
{"target": -1.4071369833893317, "params": {"model__colsample_bylevel": 1.0, "model__colsample_bynode": 1.0, "model__colsample_bytree": 1.0, "model__learning_rate": 0.3, "model__max_depth": 8.0, "model__n_estimators": 30.0, "model__reg_lambda": 8.59348275696591}, "datetime": {"datetime": "2021-03-27 03:15:44", "elapsed": 104.573545, "delta": 3.508168}}
{"target": -1.3765052229665435, "params": {"model__colsample_bylevel": 1.0, "model__colsample_bynode": 0.3, "model__colsample_bytree": 1.0, "model__learning_rate": 0.3, "model__max_depth": 2.0, "model__n_estimators": 20.447239428245872, "model__reg_lambda": 0.0}, "datetime": {"datetime": "2021-03-27 03:15:46", "elapsed": 106.271099, "delta": 1.697554}}
{"target": -1.444383922111297, "params": {"model__colsample_bylevel": 1.0, "model__colsample_bynode": 1.0, "model__colsample_bytree": 1.0, "model__learning_rate": 0.3, "model__max_depth": 3.3648076484440947, "model__n_estimators": 28.82109195540412, "model__reg_lambda": 4.0715373174009954}, "datetime": {"datetime": "2021-03-27 03:15:49", "elapsed": 108.742028, "delta": 2.470929}}
{"target": -1.4405973653224688, "params": {"model__colsample_bylevel": 1.0, "model__colsample_bynode": 0.3, "model__colsample_bytree": 1.0, "model__learning_rate": 0.3, "model__max_depth": 4.66213964750057, "model__n_estimators": 26.073138802250288, "model__reg_lambda": 0.0}, "datetime": {"datetime": "2021-03-27 03:15:51", "elapsed": 111.004654, "delta": 2.262626}}
{"target": -1.382217274295787, "params": {"model__colsample_bylevel": 1.0, "model__colsample_bynode": 0.3, "model__colsample_bytree": 0.3, "model__learning_rate": 0.3, "model__max_depth": 5.42866656157036, "model__n_estimators": 30.0, "model__reg_lambda": 4.538743462515279}, "datetime": {"datetime": "2021-03-27 03:15:53", "elapsed": 112.877091, "delta": 1.872437}}
{"target": -1.4524093502862514, "params": {"model__colsample_bylevel": 1.0, "model__colsample_bynode": 1.0, "model__colsample_bytree": 1.0, "model__learning_rate": 0.3, "model__max_depth": 2.0, "model__n_estimators": 30.0, "model__reg_lambda": 8.438873732427885}, "datetime": {"datetime": "2021-03-27 03:15:55", "elapsed": 115.350845, "delta": 2.473754}}
{"target": -1.4008303590955724, "params": {"model__colsample_bylevel": 1.0, "model__colsample_bynode": 1.0, "model__colsample_bytree": 0.3, "model__learning_rate": 0.3, "model__max_depth": 4.77942763632671, "model__n_estimators": 21.8313677040876, "model__reg_lambda": 6.346980106221218}, "datetime": {"datetime": "2021-03-27 03:15:57", "elapsed": 117.314643, "delta": 1.963798}}
{"target": -1.3438545937150501, "params": {"model__colsample_bylevel": 0.3, "model__colsample_bynode": 0.3, "model__colsample_bytree": 1.0, "model__learning_rate": 0.3, "model__max_depth": 5.714379856836467, "model__n_estimators": 30.0, "model__reg_lambda": 1.9304509333748419}, "datetime": {"datetime": "2021-03-27 03:15:59", "elapsed": 119.193022, "delta": 1.878379}}
{"target": -1.4533270655982737, "params": {"model__colsample_bylevel": 1.0, "model__colsample_bynode": 1.0, "model__colsample_bytree": 1.0, "model__learning_rate": 0.3, "model__max_depth": 5.438329477482925, "model__n_estimators": 18.882758432827575, "model__reg_lambda": 10.0}, "datetime": {"datetime": "2021-03-27 03:16:02", "elapsed": 121.769028, "delta": 2.576006}}
{"target": -1.4545417324950296, "params": {"model__colsample_bylevel": 0.3, "model__colsample_bynode": 1.0, "model__colsample_bytree": 0.3, "model__learning_rate": 0.3, "model__max_depth": 2.0, "model__n_estimators": 21.366825856161626, "model__reg_lambda": 6.724706632083116}, "datetime": {"datetime": "2021-03-27 03:16:04", "elapsed": 123.756751, "delta": 1.987723}}
{"target": -1.4789653029906955, "params": {"model__colsample_bylevel": 0.3, "model__colsample_bynode": 0.3, "model__colsample_bytree": 0.3, "model__learning_rate": 0.3, "model__max_depth": 8.0, "model__n_estimators": 27.650451844171208, "model__reg_lambda": 0.0}, "datetime": {"datetime": "2021-03-27 03:16:05", "elapsed": 125.459189, "delta": 1.702438}}
{"target": -1.4428918993302988, "params": {"model__colsample_bylevel": 1.0, "model__colsample_bynode": 1.0, "model__colsample_bytree": 1.0, "model__learning_rate": 0.3, "model__max_depth": 3.246780702572726, "model__n_estimators": 21.096365601036275, "model__reg_lambda": 1.831434500279438}, "datetime": {"datetime": "2021-03-27 03:16:08", "elapsed": 127.904189, "delta": 2.445}}
{"target": -1.4257161130291827, "params": {"model__colsample_bylevel": 1.0, "model__colsample_bynode": 1.0, "model__colsample_bytree": 0.3, "model__learning_rate": 0.3, "model__max_depth": 3.7849870740227556, "model__n_estimators": 20.366889958003572, "model__reg_lambda": 10.0}, "datetime": {"datetime": "2021-03-27 03:16:10", "elapsed": 129.774459, "delta": 1.87027}}
{"target": -1.4946370081193205, "params": {"model__colsample_bylevel": 0.3, "model__colsample_bynode": 0.3, "model__colsample_bytree": 1.0, "model__learning_rate": 0.3, "model__max_depth": 6.327912512958856, "model__n_estimators": 15.0, "model__reg_lambda": 10.0}, "datetime": {"datetime": "2021-03-27 03:16:12", "elapsed": 131.704549, "delta": 1.93009}}
{"target": -1.4375730177387596, "params": {"model__colsample_bylevel": 0.3, "model__colsample_bynode": 1.0, "model__colsample_bytree": 1.0, "model__learning_rate": 0.3, "model__max_depth": 8.0, "model__n_estimators": 23.279417311722398, "model__reg_lambda": 10.0}, "datetime": {"datetime": "2021-03-27 03:16:14", "elapsed": 134.055765, "delta": 2.351216}}
{"target": -1.3763793702304796, "params": {"model__colsample_bylevel": 0.3, "model__colsample_bynode": 0.3, "model__colsample_bytree": 1.0, "model__learning_rate": 0.3, "model__max_depth": 4.4271189355201805, "model__n_estimators": 22.54405129490801, "model__reg_lambda": 7.033828885756002}, "datetime": {"datetime": "2021-03-27 03:16:16", "elapsed": 135.814201, "delta": 1.758436}}
{"target": -1.41488287900642, "params": {"model__colsample_bylevel": 0.3, "model__colsample_bynode": 1.0, "model__colsample_bytree": 1.0, "model__learning_rate": 0.3, "model__max_depth": 6.93948507262338, "model__n_estimators": 28.491689902892183, "model__reg_lambda": 10.0}, "datetime": {"datetime": "2021-03-27 03:16:18", "elapsed": 137.878993, "delta": 2.064792}}
{"target": -1.5563289098266133, "params": {"model__colsample_bylevel": 1.0, "model__colsample_bynode": 1.0, "model__colsample_bytree": 1.0, "model__learning_rate": 0.3, "model__max_depth": 4.430117894066747, "model__n_estimators": 15.0, "model__reg_lambda": 0.0}, "datetime": {"datetime": "2021-03-27 03:16:20", "elapsed": 140.292382, "delta": 2.413389}}
{"target": -1.492372290817076, "params": {"model__colsample_bylevel": 1.0, "model__colsample_bynode": 0.3, "model__colsample_bytree": 1.0, "model__learning_rate": 0.3, "model__max_depth": 8.0, "model__n_estimators": 15.0, "model__reg_lambda": 3.901277212866761}, "datetime": {"datetime": "2021-03-27 03:16:22", "elapsed": 142.318343, "delta": 2.025961}}
{"target": -1.4135492055960324, "params": {"model__colsample_bylevel": 0.3, "model__colsample_bynode": 0.3, "model__colsample_bytree": 0.3, "model__learning_rate": 0.3, "model__max_depth": 2.8645833126584157, "model__n_estimators": 20.88220654214855, "model__reg_lambda": 0.0}, "datetime": {"datetime": "2021-03-27 03:16:24", "elapsed": 144.17922, "delta": 1.860877}}
{"target": -1.4420533378001141, "params": {"model__colsample_bylevel": 1.0, "model__colsample_bynode": 0.3, "model__colsample_bytree": 1.0, "model__learning_rate": 0.3, "model__max_depth": 8.0, "model__n_estimators": 23.211044392415292, "model__reg_lambda": 0.0}, "datetime": {"datetime": "2021-03-27 03:16:26", "elapsed": 146.130324, "delta": 1.951104}}
{"target": -1.4192774492869342, "params": {"model__colsample_bylevel": 0.3, "model__colsample_bynode": 1.0, "model__colsample_bytree": 1.0, "model__learning_rate": 0.3, "model__max_depth": 2.0, "model__n_estimators": 24.51288476568378, "model__reg_lambda": 6.5931459749769665}, "datetime": {"datetime": "2021-03-27 03:16:28", "elapsed": 147.936552, "delta": 1.806228}}
{"target": -1.3626804418753884, "params": {"model__colsample_bylevel": 0.3, "model__colsample_bynode": 1.0, "model__colsample_bytree": 0.3, "model__learning_rate": 0.3, "model__max_depth": 3.161508792831712, "model__n_estimators": 28.703848445510445, "model__reg_lambda": 8.61077843354378}, "datetime": {"datetime": "2021-03-27 03:16:29", "elapsed": 149.653556, "delta": 1.717004}}
{"target": -1.3848629034704705, "params": {"model__colsample_bylevel": 1.0, "model__colsample_bynode": 1.0, "model__colsample_bytree": 0.3, "model__learning_rate": 0.3, "model__max_depth": 8.0, "model__n_estimators": 26.461477183086018, "model__reg_lambda": 5.510825689968564}, "datetime": {"datetime": "2021-03-27 03:16:32", "elapsed": 151.990556, "delta": 2.337}}
{"target": -1.4322373803502515, "params": {"model__colsample_bylevel": 0.3, "model__colsample_bynode": 1.0, "model__colsample_bytree": 1.0, "model__learning_rate": 0.3, "model__max_depth": 3.344470348500419, "model__n_estimators": 25.65164320715671, "model__reg_lambda": 2.1786141597343764}, "datetime": {"datetime": "2021-03-27 03:16:34", "elapsed": 153.761405, "delta": 1.770849}}
{"target": -1.3730472728799004, "params": {"model__colsample_bylevel": 0.3, "model__colsample_bynode": 0.3, "model__colsample_bytree": 1.0, "model__learning_rate": 0.3, "model__max_depth": 2.0, "model__n_estimators": 17.287172821391565, "model__reg_lambda": 0.0}, "datetime": {"datetime": "2021-03-27 03:16:36", "elapsed": 155.731051, "delta": 1.969646}}
{"target": -1.50334841552042, "params": {"model__colsample_bylevel": 0.3, "model__colsample_bynode": 0.3, "model__colsample_bytree": 0.3, "model__learning_rate": 0.3, "model__max_depth": 2.0, "model__n_estimators": 24.467285365841814, "model__reg_lambda": 0.0}, "datetime": {"datetime": "2021-03-27 03:16:37", "elapsed": 157.555598, "delta": 1.824547}}
{"target": -1.4909328476512345, "params": {"model__colsample_bylevel": 0.3, "model__colsample_bynode": 0.3, "model__colsample_bytree": 1.0, "model__learning_rate": 0.3, "model__max_depth": 2.0, "model__n_estimators": 15.0, "model__reg_lambda": 4.704735603319275}, "datetime": {"datetime": "2021-03-27 03:16:39", "elapsed": 159.451906, "delta": 1.896308}}
{"target": -1.3663939983354532, "params": {"model__colsample_bylevel": 0.9555197884027846, "model__colsample_bynode": 0.5650616147505033, "model__colsample_bytree": 0.9098539160661385, "model__learning_rate": 0.21717582500818677, "model__max_depth": 2.010589952342179, "model__n_estimators": 27.360221521144283, "model__reg_lambda": 0.17531725277848187}, "datetime": {"datetime": "2021-03-27 03:16:41", "elapsed": 161.596659, "delta": 2.144753}}
{"target": -1.4304268148741215, "params": {"model__colsample_bylevel": 0.3, "model__colsample_bynode": 0.3, "model__colsample_bytree": 0.3, "model__learning_rate": 0.3, "model__max_depth": 6.67905448843809, "model__n_estimators": 26.385519783239634, "model__reg_lambda": 5.14685002807763}, "datetime": {"datetime": "2021-03-27 03:16:43", "elapsed": 163.52162, "delta": 1.924961}}
{"target": -1.4361844019728132, "params": {"model__colsample_bylevel": 1.0, "model__colsample_bynode": 0.3, "model__colsample_bytree": 1.0, "model__learning_rate": 0.3, "model__max_depth": 8.0, "model__n_estimators": 28.69868035257541, "model__reg_lambda": 5.177174438186215}, "datetime": {"datetime": "2021-03-27 03:16:45", "elapsed": 165.488835, "delta": 1.967215}}
{"target": -1.5714099381550932, "params": {"model__colsample_bylevel": 0.3, "model__colsample_bynode": 1.0, "model__colsample_bytree": 0.3, "model__learning_rate": 0.1, "model__max_depth": 5.638650492871997, "model__n_estimators": 30.0, "model__reg_lambda": 7.527187647904826}, "datetime": {"datetime": "2021-03-27 03:16:47", "elapsed": 167.589506, "delta": 2.100671}}
{"target": -1.3349637115117758, "params": {"model__colsample_bylevel": 0.3, "model__colsample_bynode": 0.3, "model__colsample_bytree": 1.0, "model__learning_rate": 0.3, "model__max_depth": 4.00054682456726, "model__n_estimators": 27.506296203432136, "model__reg_lambda": 3.995025131832331}, "datetime": {"datetime": "2021-03-27 03:16:49", "elapsed": 169.283169, "delta": 1.693663}}
{"target": -1.4250783700833396, "params": {"model__colsample_bylevel": 0.3, "model__colsample_bynode": 1.0, "model__colsample_bytree": 1.0, "model__learning_rate": 0.3, "model__max_depth": 8.0, "model__n_estimators": 26.262377568805185, "model__reg_lambda": 6.848804454538035}, "datetime": {"datetime": "2021-03-27 03:16:52", "elapsed": 171.806679, "delta": 2.52351}}
{"target": -1.3553896781327068, "params": {"model__colsample_bylevel": 1.0, "model__colsample_bynode": 0.3, "model__colsample_bytree": 0.3, "model__learning_rate": 0.3, "model__max_depth": 3.039319279871051, "model__n_estimators": 30.0, "model__reg_lambda": 8.487920596254535}, "datetime": {"datetime": "2021-03-27 03:16:54", "elapsed": 173.87356, "delta": 2.066881}}
{"target": -1.4353849858234542, "params": {"model__colsample_bylevel": 0.3, "model__colsample_bynode": 1.0, "model__colsample_bytree": 1.0, "model__learning_rate": 0.3, "model__max_depth": 6.352319610916798, "model__n_estimators": 22.488481893644515, "model__reg_lambda": 6.532185687886412}, "datetime": {"datetime": "2021-03-27 03:16:56", "elapsed": 176.07509, "delta": 2.20153}}
{"target": -1.4010100251286413, "params": {"model__colsample_bylevel": 1.0, "model__colsample_bynode": 0.3, "model__colsample_bytree": 0.3, "model__learning_rate": 0.3, "model__max_depth": 5.080954218247614, "model__n_estimators": 22.124257017078257, "model__reg_lambda": 2.4748466318293985}, "datetime": {"datetime": "2021-03-27 03:16:58", "elapsed": 177.977351, "delta": 1.902261}}
{"target": -1.5320735154430503, "params": {"model__colsample_bylevel": 1.0, "model__colsample_bynode": 1.0, "model__colsample_bytree": 1.0, "model__learning_rate": 0.1, "model__max_depth": 2.0, "model__n_estimators": 30.0, "model__reg_lambda": 0.0}, "datetime": {"datetime": "2021-03-27 03:17:00", "elapsed": 180.481973, "delta": 2.504622}}
{"target": -1.4525487169822464, "params": {"model__colsample_bylevel": 0.3, "model__colsample_bynode": 1.0, "model__colsample_bytree": 1.0, "model__learning_rate": 0.3, "model__max_depth": 6.949183737990069, "model__n_estimators": 24.60033405572742, "model__reg_lambda": 0.0}, "datetime": {"datetime": "2021-03-27 03:17:02", "elapsed": 182.507371, "delta": 2.025398}}
{"target": -1.3839799097472585, "params": {"model__colsample_bylevel": 0.3, "model__colsample_bynode": 1.0, "model__colsample_bytree": 0.3, "model__learning_rate": 0.3, "model__max_depth": 7.523598901310859, "model__n_estimators": 30.0, "model__reg_lambda": 0.0}, "datetime": {"datetime": "2021-03-27 03:17:04", "elapsed": 184.223182, "delta": 1.715811}}
{"target": -1.4424454810388005, "params": {"model__colsample_bylevel": 0.3, "model__colsample_bynode": 1.0, "model__colsample_bytree": 1.0, "model__learning_rate": 0.3, "model__max_depth": 8.0, "model__n_estimators": 15.0, "model__reg_lambda": 0.0}, "datetime": {"datetime": "2021-03-27 03:17:06", "elapsed": 186.206565, "delta": 1.983383}}
