{"target": -1.4347104488345592, "params": {"model__colsample_bylevel": 0.5706285360217014, "model__colsample_bynode": 0.6842771415696982, "model__colsample_bytree": 0.6870518207102555, "model__learning_rate": 0.16602543474194267, "model__max_depth": 4.553906607318516, "model__n_estimators": 18.777852885612205, "model__reg_lambda": 2.0263513230551347}, "datetime": {"datetime": "2021-03-27 03:07:50", "elapsed": 17.503926, "delta": 0.376935}}
{"target": -1.3904240475616594, "params": {"model__colsample_bylevel": 0.8442678591461368, "model__colsample_bynode": 0.3977149946980818, "model__colsample_bytree": 0.6158425941754111, "model__learning_rate": 0.1245045248421828, "model__max_depth": 6.897715409068526, "model__n_estimators": 27.65234893164894, "model__reg_lambda": 1.1477505735172433}, "datetime": {"datetime": "2021-03-27 03:07:51", "elapsed": 17.999337, "delta": 0.495411}}
{"target": -1.4136792822052604, "params": {"model__colsample_bylevel": 0.8046871964072875, "model__colsample_bynode": 0.9463208373893632, "model__colsample_bytree": 0.5702216525068842, "model__learning_rate": 0.25542256115422385, "model__max_depth": 7.543314227663024, "model__n_estimators": 15.074271146872483, "model__reg_lambda": 2.7258381373747875}, "datetime": {"datetime": "2021-03-27 03:07:51", "elapsed": 18.454074, "delta": 0.454737}}
{"target": -1.704887598094301, "params": {"model__colsample_bylevel": 0.325563385911891, "model__colsample_bynode": 0.4394342284138872, "model__colsample_bytree": 0.3078454924320954, "model__learning_rate": 0.10977990666788635, "model__max_depth": 5.896055639118223, "model__n_estimators": 19.33085301818661, "model__reg_lambda": 8.44410233607059}, "datetime": {"datetime": "2021-03-27 03:07:51", "elapsed": 18.620861, "delta": 0.166787}}
{"target": -1.365567035282004, "params": {"model__colsample_bylevel": 0.5333078077907257, "model__colsample_bynode": 0.9449148964303926, "model__colsample_bytree": 0.39197068792833056, "model__learning_rate": 0.2098009976534188, "model__max_depth": 3.7666070082368948, "model__n_estimators": 27.09229802758709, "model__reg_lambda": 3.376766038812906}, "datetime": {"datetime": "2021-03-27 03:07:52", "elapsed": 18.973672, "delta": 0.352811}}
{"target": -1.3848198882236644, "params": {"model__colsample_bylevel": 0.38472058045866103, "model__colsample_bynode": 0.6189182754661343, "model__colsample_bytree": 0.47491716651278293, "model__learning_rate": 0.24904662090967875, "model__max_depth": 6.41552028192452, "model__n_estimators": 15.15307284998927, "model__reg_lambda": 0.029919695529196932}, "datetime": {"datetime": "2021-03-27 03:07:52", "elapsed": 19.171694, "delta": 0.198022}}
{"target": -1.3833182184484558, "params": {"model__colsample_bylevel": 0.9426044924017256, "model__colsample_bynode": 0.5260125425777793, "model__colsample_bytree": 0.5074653319167783, "model__learning_rate": 0.15418522802672452, "model__max_depth": 3.474343666196627, "model__n_estimators": 26.630539663467353, "model__reg_lambda": 2.632384799456182}, "datetime": {"datetime": "2021-03-27 03:07:52", "elapsed": 19.530635, "delta": 0.358941}}
{"target": -1.4278783676174025, "params": {"model__colsample_bylevel": 0.8032909797610204, "model__colsample_bynode": 0.7713021432027297, "model__colsample_bytree": 0.6853736563856032, "model__learning_rate": 0.23655460523720243, "model__max_depth": 3.0441975506001606, "model__n_estimators": 21.967771044500967, "model__reg_lambda": 4.939589109277965}, "datetime": {"datetime": "2021-03-27 03:07:53", "elapsed": 19.968828, "delta": 0.438193}}
{"target": -1.4676018126794825, "params": {"model__colsample_bylevel": 0.3191878877624776, "model__colsample_bynode": 0.4527668367686508, "model__colsample_bytree": 0.9533861738476699, "model__learning_rate": 0.23172885748318614, "model__max_depth": 7.871974941466348, "model__n_estimators": 20.539710627919593, "model__reg_lambda": 7.6239037960184355}, "datetime": {"datetime": "2021-03-27 03:07:53", "elapsed": 20.259273, "delta": 0.290445}}
{"target": -1.5262410877353472, "params": {"model__colsample_bylevel": 0.7197656118669662, "model__colsample_bynode": 0.7214646750503465, "model__colsample_bytree": 0.37931534877147977, "model__learning_rate": 0.14444015703665763, "model__max_depth": 2.433575141809544, "model__n_estimators": 22.57954207818872, "model__reg_lambda": 3.4509917372173025}, "datetime": {"datetime": "2021-03-27 03:07:53", "elapsed": 20.472122, "delta": 0.212849}}
{"target": -1.406860051985722, "params": {"model__colsample_bylevel": 0.43770438267170664, "model__colsample_bynode": 0.562288016838024, "model__colsample_bytree": 0.6684847059501842, "model__learning_rate": 0.24216538663414655, "model__max_depth": 5.53982800385271, "model__n_estimators": 24.586364893849456, "model__reg_lambda": 6.03761911116279}, "datetime": {"datetime": "2021-03-27 03:07:53", "elapsed": 20.828728, "delta": 0.356606}}
{"target": -1.3539235670416467, "params": {"model__colsample_bylevel": 0.5615024327662378, "model__colsample_bynode": 0.5278880157630303, "model__colsample_bytree": 0.6927994632423486, "model__learning_rate": 0.2499326997232081, "model__max_depth": 7.515144966264312, "model__n_estimators": 27.41503748405572, "model__reg_lambda": 5.537273620404508}, "datetime": {"datetime": "2021-03-27 03:07:54", "elapsed": 21.261366, "delta": 0.432638}}
{"target": -1.4053302298016521, "params": {"model__colsample_bylevel": 0.8773753442334304, "model__colsample_bynode": 0.3197624374107063, "model__colsample_bytree": 0.8582648079772404, "model__learning_rate": 0.1398977410305498, "model__max_depth": 6.115045756510598, "model__n_estimators": 27.377846347953547, "model__reg_lambda": 3.1496308071503187}, "datetime": {"datetime": "2021-03-27 03:07:54", "elapsed": 21.762733, "delta": 0.501367}}
{"target": -1.4186977192030654, "params": {"model__colsample_bylevel": 0.5798231824380045, "model__colsample_bynode": 0.9899122285696411, "model__colsample_bytree": 0.4774952834387126, "model__learning_rate": 0.25106786479472265, "model__max_depth": 4.436357453829759, "model__n_estimators": 19.72844903945682, "model__reg_lambda": 7.705159221072094}, "datetime": {"datetime": "2021-03-27 03:07:55", "elapsed": 22.108235, "delta": 0.345502}}
{"target": -1.4138277975599405, "params": {"model__colsample_bylevel": 0.6149024037576569, "model__colsample_bynode": 0.7970601762740899, "model__colsample_bytree": 0.4555403075808654, "model__learning_rate": 0.26476738246878556, "model__max_depth": 6.3006447069266285, "model__n_estimators": 22.48861984031197, "model__reg_lambda": 7.91551010046181}, "datetime": {"datetime": "2021-03-27 03:07:55", "elapsed": 22.484162, "delta": 0.375927}}
{"target": -1.394970413875105, "params": {"model__colsample_bylevel": 0.9437937215686736, "model__colsample_bynode": 0.8511722448868555, "model__colsample_bytree": 0.5084857837350747, "model__learning_rate": 0.24346701302396254, "model__max_depth": 5.690340786662006, "model__n_estimators": 27.619845335231588, "model__reg_lambda": 4.0456797253845265}, "datetime": {"datetime": "2021-03-27 03:07:56", "elapsed": 23.179961, "delta": 0.695799}}
{"target": -1.3982650820152376, "params": {"model__colsample_bylevel": 0.6173529449301774, "model__colsample_bynode": 0.3656352091501882, "model__colsample_bytree": 0.45305055880659917, "model__learning_rate": 0.20586849821836273, "model__max_depth": 5.173197962934258, "model__n_estimators": 25.696146745858105, "model__reg_lambda": 2.863925264426952}, "datetime": {"datetime": "2021-03-27 03:07:56", "elapsed": 23.456777, "delta": 0.276816}}
{"target": -1.5240226834256578, "params": {"model__colsample_bylevel": 0.3812502817792496, "model__colsample_bynode": 0.43107613084910207, "model__colsample_bytree": 0.6036033759584388, "model__learning_rate": 0.13710847453713484, "model__max_depth": 2.7407946095138094, "model__n_estimators": 25.875381462387566, "model__reg_lambda": 9.101677556132595}, "datetime": {"datetime": "2021-03-27 03:07:56", "elapsed": 23.685003, "delta": 0.228226}}
{"target": -1.4484549563917994, "params": {"model__colsample_bylevel": 0.3426383940311504, "model__colsample_bynode": 0.3292770968669983, "model__colsample_bytree": 0.49999974247633633, "model__learning_rate": 0.21592871225493404, "model__max_depth": 7.629568478689846, "model__n_estimators": 23.72527860523467, "model__reg_lambda": 6.7998375849329875}, "datetime": {"datetime": "2021-03-27 03:07:56", "elapsed": 23.898157, "delta": 0.213154}}
{"target": -1.505743030404699, "params": {"model__colsample_bylevel": 1.0, "model__colsample_bynode": 1.0, "model__colsample_bytree": 1.0, "model__learning_rate": 0.3, "model__max_depth": 8.0, "model__n_estimators": 15.0, "model__reg_lambda": 10.0}, "datetime": {"datetime": "2021-03-27 03:07:58", "elapsed": 25.468443, "delta": 1.570286}}
{"target": -1.3383849402579169, "params": {"model__colsample_bylevel": 0.3, "model__colsample_bynode": 1.0, "model__colsample_bytree": 0.3, "model__learning_rate": 0.3, "model__max_depth": 8.0, "model__n_estimators": 30.0, "model__reg_lambda": 10.0}, "datetime": {"datetime": "2021-03-27 03:07:59", "elapsed": 26.35056, "delta": 0.882117}}
{"target": -1.3741123465470213, "params": {"model__colsample_bylevel": 0.3, "model__colsample_bynode": 1.0, "model__colsample_bytree": 0.3, "model__learning_rate": 0.3, "model__max_depth": 2.0, "model__n_estimators": 30.0, "model__reg_lambda": 10.0}, "datetime": {"datetime": "2021-03-27 03:08:00", "elapsed": 27.218767, "delta": 0.868207}}
{"target": -1.434511208856829, "params": {"model__colsample_bylevel": 1.0, "model__colsample_bynode": 0.3, "model__colsample_bytree": 1.0, "model__learning_rate": 0.3, "model__max_depth": 8.0, "model__n_estimators": 15.0, "model__reg_lambda": 0.0}, "datetime": {"datetime": "2021-03-27 03:08:01", "elapsed": 28.193422, "delta": 0.974655}}
{"target": -1.4331716387600137, "params": {"model__colsample_bylevel": 0.3, "model__colsample_bynode": 0.3, "model__colsample_bytree": 1.0, "model__learning_rate": 0.3, "model__max_depth": 8.0, "model__n_estimators": 15.0, "model__reg_lambda": 5.774490350836817}, "datetime": {"datetime": "2021-03-27 03:08:02", "elapsed": 29.154869, "delta": 0.961447}}
{"target": -1.4417737814395326, "params": {"model__colsample_bylevel": 0.3, "model__colsample_bynode": 1.0, "model__colsample_bytree": 0.3, "model__learning_rate": 0.3, "model__max_depth": 2.0, "model__n_estimators": 21.11643540875611, "model__reg_lambda": 10.0}, "datetime": {"datetime": "2021-03-27 03:08:03", "elapsed": 29.990726, "delta": 0.835857}}
{"target": -1.3905413606784482, "params": {"model__colsample_bylevel": 0.3, "model__colsample_bynode": 1.0, "model__colsample_bytree": 1.0, "model__learning_rate": 0.3, "model__max_depth": 8.0, "model__n_estimators": 21.59114104246545, "model__reg_lambda": 4.142541078738666}, "datetime": {"datetime": "2021-03-27 03:08:04", "elapsed": 31.263551, "delta": 1.272825}}
{"target": -1.37150085689365, "params": {"model__colsample_bylevel": 1.0, "model__colsample_bynode": 1.0, "model__colsample_bytree": 0.3, "model__learning_rate": 0.3, "model__max_depth": 5.049670176565441, "model__n_estimators": 30.0, "model__reg_lambda": 10.0}, "datetime": {"datetime": "2021-03-27 03:08:05", "elapsed": 32.490464, "delta": 1.226913}}
{"target": -1.3919673844834493, "params": {"model__colsample_bylevel": 0.3, "model__colsample_bynode": 0.3, "model__colsample_bytree": 1.0, "model__learning_rate": 0.3, "model__max_depth": 5.9041733977409825, "model__n_estimators": 19.50388352717541, "model__reg_lambda": 0.0}, "datetime": {"datetime": "2021-03-27 03:08:06", "elapsed": 33.570578, "delta": 1.080114}}
{"target": -1.452338970563226, "params": {"model__colsample_bylevel": 0.3, "model__colsample_bynode": 0.3, "model__colsample_bytree": 0.3, "model__learning_rate": 0.3, "model__max_depth": 2.0, "model__n_estimators": 30.0, "model__reg_lambda": 6.101084605967017}, "datetime": {"datetime": "2021-03-27 03:08:07", "elapsed": 34.473184, "delta": 0.902606}}
{"target": -1.3507536186863653, "params": {"model__colsample_bylevel": 1.0, "model__colsample_bynode": 0.3, "model__colsample_bytree": 0.3, "model__learning_rate": 0.3, "model__max_depth": 2.0, "model__n_estimators": 18.660087105347817, "model__reg_lambda": 0.0}, "datetime": {"datetime": "2021-03-27 03:08:08", "elapsed": 35.306605, "delta": 0.833421}}
{"target": -1.2979003733388432, "params": {"model__colsample_bylevel": 0.3, "model__colsample_bynode": 1.0, "model__colsample_bytree": 0.3, "model__learning_rate": 0.3, "model__max_depth": 8.0, "model__n_estimators": 30.0, "model__reg_lambda": 6.607665301176307}, "datetime": {"datetime": "2021-03-27 03:08:09", "elapsed": 36.257233, "delta": 0.950628}}
{"target": -1.6770484604157399, "params": {"model__colsample_bylevel": 0.3, "model__colsample_bynode": 0.3, "model__colsample_bytree": 0.3, "model__learning_rate": 0.3, "model__max_depth": 2.0, "model__n_estimators": 15.0, "model__reg_lambda": 10.0}, "datetime": {"datetime": "2021-03-27 03:08:10", "elapsed": 37.176351, "delta": 0.919118}}
{"target": -1.332655373936438, "params": {"model__colsample_bylevel": 0.3, "model__colsample_bynode": 0.3, "model__colsample_bytree": 1.0, "model__learning_rate": 0.3, "model__max_depth": 5.605995239996932, "model__n_estimators": 30.0, "model__reg_lambda": 10.0}, "datetime": {"datetime": "2021-03-27 03:08:11", "elapsed": 38.314506, "delta": 1.138155}}
{"target": -1.3744123977379523, "params": {"model__colsample_bylevel": 1.0, "model__colsample_bynode": 0.3, "model__colsample_bytree": 1.0, "model__learning_rate": 0.3, "model__max_depth": 8.0, "model__n_estimators": 30.0, "model__reg_lambda": 8.64015978592183}, "datetime": {"datetime": "2021-03-27 03:08:12", "elapsed": 39.796012, "delta": 1.481506}}
{"target": -1.4550774004310367, "params": {"model__colsample_bylevel": 1.0, "model__colsample_bynode": 1.0, "model__colsample_bytree": 1.0, "model__learning_rate": 0.3, "model__max_depth": 8.0, "model__n_estimators": 21.189566342754517, "model__reg_lambda": 10.0}, "datetime": {"datetime": "2021-03-27 03:08:14", "elapsed": 41.809479, "delta": 2.013467}}
{"target": -1.3999975404708875, "params": {"model__colsample_bylevel": 0.3, "model__colsample_bynode": 1.0, "model__colsample_bytree": 1.0, "model__learning_rate": 0.3, "model__max_depth": 8.0, "model__n_estimators": 26.06121089206272, "model__reg_lambda": 3.625229048321218}, "datetime": {"datetime": "2021-03-27 03:08:16", "elapsed": 43.221185, "delta": 1.411706}}
{"target": -1.3855025182937042, "params": {"model__colsample_bylevel": 1.0, "model__colsample_bynode": 0.3, "model__colsample_bytree": 1.0, "model__learning_rate": 0.3, "model__max_depth": 8.0, "model__n_estimators": 19.460714230490034, "model__reg_lambda": 4.848631372637075}, "datetime": {"datetime": "2021-03-27 03:08:17", "elapsed": 44.280192, "delta": 1.059007}}
{"target": -1.5437225114405697, "params": {"model__colsample_bylevel": 1.0, "model__colsample_bynode": 1.0, "model__colsample_bytree": 1.0, "model__learning_rate": 0.3, "model__max_depth": 4.2816880142393146, "model__n_estimators": 15.0, "model__reg_lambda": 0.0}, "datetime": {"datetime": "2021-03-27 03:08:18", "elapsed": 45.717993, "delta": 1.437801}}
{"target": -1.3014368265651275, "params": {"model__colsample_bylevel": 0.3, "model__colsample_bynode": 1.0, "model__colsample_bytree": 0.3, "model__learning_rate": 0.3, "model__max_depth": 2.0, "model__n_estimators": 30.0, "model__reg_lambda": 1.659285805226218}, "datetime": {"datetime": "2021-03-27 03:08:19", "elapsed": 46.650182, "delta": 0.932189}}
{"target": -1.358351641439873, "params": {"model__colsample_bylevel": 0.3, "model__colsample_bynode": 0.3, "model__colsample_bytree": 0.3, "model__learning_rate": 0.3, "model__max_depth": 8.0, "model__n_estimators": 30.0, "model__reg_lambda": 4.409350294144629}, "datetime": {"datetime": "2021-03-27 03:08:20", "elapsed": 47.76289, "delta": 1.112708}}
{"target": -1.4050008309816104, "params": {"model__colsample_bylevel": 1.0, "model__colsample_bynode": 1.0, "model__colsample_bytree": 0.3, "model__learning_rate": 0.3, "model__max_depth": 8.0, "model__n_estimators": 18.817812462857926, "model__reg_lambda": 0.0}, "datetime": {"datetime": "2021-03-27 03:08:21", "elapsed": 48.923933, "delta": 1.161043}}
{"target": -1.4263493603014425, "params": {"model__colsample_bylevel": 0.3, "model__colsample_bynode": 0.3, "model__colsample_bytree": 0.3, "model__learning_rate": 0.3, "model__max_depth": 6.043605036614417, "model__n_estimators": 30.0, "model__reg_lambda": 8.170405978054688}, "datetime": {"datetime": "2021-03-27 03:08:22", "elapsed": 49.933877, "delta": 1.009944}}
{"target": -1.399318230462571, "params": {"model__colsample_bylevel": 0.3, "model__colsample_bynode": 0.3, "model__colsample_bytree": 0.3, "model__learning_rate": 0.3, "model__max_depth": 3.4486812713518247, "model__n_estimators": 20.50789409867434, "model__reg_lambda": 0.0}, "datetime": {"datetime": "2021-03-27 03:08:23", "elapsed": 50.945377, "delta": 1.0115}}
{"target": -1.4078926416795592, "params": {"model__colsample_bylevel": 1.0, "model__colsample_bynode": 1.0, "model__colsample_bytree": 0.3, "model__learning_rate": 0.3, "model__max_depth": 8.0, "model__n_estimators": 27.870699057461255, "model__reg_lambda": 0.0}, "datetime": {"datetime": "2021-03-27 03:08:25", "elapsed": 52.287967, "delta": 1.34259}}
{"target": -1.4308081674834958, "params": {"model__colsample_bylevel": 0.3, "model__colsample_bynode": 1.0, "model__colsample_bytree": 1.0, "model__learning_rate": 0.3, "model__max_depth": 4.147999160639013, "model__n_estimators": 21.687219224449876, "model__reg_lambda": 10.0}, "datetime": {"datetime": "2021-03-27 03:08:26", "elapsed": 53.52044, "delta": 1.232473}}
{"target": -1.417332124056807, "params": {"model__colsample_bylevel": 0.3, "model__colsample_bynode": 0.3, "model__colsample_bytree": 0.3, "model__learning_rate": 0.3, "model__max_depth": 2.0, "model__n_estimators": 27.925960952572968, "model__reg_lambda": 1.1596062235728164}, "datetime": {"datetime": "2021-03-27 03:08:27", "elapsed": 54.547881, "delta": 1.027441}}
{"target": -1.3817183392689278, "params": {"model__colsample_bylevel": 1.0, "model__colsample_bynode": 1.0, "model__colsample_bytree": 0.3, "model__learning_rate": 0.3, "model__max_depth": 8.0, "model__n_estimators": 27.610222896165276, "model__reg_lambda": 10.0}, "datetime": {"datetime": "2021-03-27 03:08:28", "elapsed": 55.884534, "delta": 1.336653}}
{"target": -1.3187780198310435, "params": {"model__colsample_bylevel": 0.3, "model__colsample_bynode": 1.0, "model__colsample_bytree": 0.3, "model__learning_rate": 0.3, "model__max_depth": 4.471265836636698, "model__n_estimators": 30.0, "model__reg_lambda": 0.0}, "datetime": {"datetime": "2021-03-27 03:08:29", "elapsed": 56.909304, "delta": 1.02477}}
{"target": -1.4189288759064198, "params": {"model__colsample_bylevel": 1.0, "model__colsample_bynode": 0.3, "model__colsample_bytree": 1.0, "model__learning_rate": 0.3, "model__max_depth": 2.0, "model__n_estimators": 30.0, "model__reg_lambda": 10.0}, "datetime": {"datetime": "2021-03-27 03:08:31", "elapsed": 58.127526, "delta": 1.218222}}
{"target": -1.4217997739118509, "params": {"model__colsample_bylevel": 0.3, "model__colsample_bynode": 1.0, "model__colsample_bytree": 1.0, "model__learning_rate": 0.3, "model__max_depth": 2.0, "model__n_estimators": 27.542298412670906, "model__reg_lambda": 6.77032128331932}, "datetime": {"datetime": "2021-03-27 03:08:32", "elapsed": 59.294623, "delta": 1.167097}}
{"target": -1.3829312915481844, "params": {"model__colsample_bylevel": 0.3, "model__colsample_bynode": 1.0, "model__colsample_bytree": 1.0, "model__learning_rate": 0.3, "model__max_depth": 8.0, "model__n_estimators": 28.585074061570545, "model__reg_lambda": 8.278383082423357}, "datetime": {"datetime": "2021-03-27 03:08:33", "elapsed": 60.763154, "delta": 1.468531}}
{"target": -1.4226501765836408, "params": {"model__colsample_bylevel": 1.0, "model__colsample_bynode": 1.0, "model__colsample_bytree": 1.0, "model__learning_rate": 0.3, "model__max_depth": 2.0, "model__n_estimators": 20.6650998485331, "model__reg_lambda": 0.0}, "datetime": {"datetime": "2021-03-27 03:08:35", "elapsed": 62.107393, "delta": 1.344239}}
{"target": -1.3970005427014782, "params": {"model__colsample_bylevel": 0.3, "model__colsample_bynode": 0.3, "model__colsample_bytree": 0.3, "model__learning_rate": 0.3, "model__max_depth": 8.0, "model__n_estimators": 19.849275916604945, "model__reg_lambda": 1.672871577257833}, "datetime": {"datetime": "2021-03-27 03:08:36", "elapsed": 63.623026, "delta": 1.515633}}
{"target": -1.382444739009699, "params": {"model__colsample_bylevel": 1.0, "model__colsample_bynode": 0.3, "model__colsample_bytree": 1.0, "model__learning_rate": 0.3, "model__max_depth": 5.657089915821769, "model__n_estimators": 21.16619852121868, "model__reg_lambda": 3.7539509706223093}, "datetime": {"datetime": "2021-03-27 03:08:38", "elapsed": 65.454986, "delta": 1.83196}}
{"target": -1.3943649908446747, "params": {"model__colsample_bylevel": 1.0, "model__colsample_bynode": 1.0, "model__colsample_bytree": 0.3, "model__learning_rate": 0.3, "model__max_depth": 8.0, "model__n_estimators": 21.341405077951645, "model__reg_lambda": 6.375281938261669}, "datetime": {"datetime": "2021-03-27 03:08:40", "elapsed": 67.602393, "delta": 2.147407}}
{"target": -1.2937247462071262, "params": {"model__colsample_bylevel": 1.0, "model__colsample_bynode": 0.3, "model__colsample_bytree": 0.3, "model__learning_rate": 0.3, "model__max_depth": 8.0, "model__n_estimators": 27.30337668650154, "model__reg_lambda": 3.3031336772405067}, "datetime": {"datetime": "2021-03-27 03:08:42", "elapsed": 69.168754, "delta": 1.566361}}
{"target": -1.4376650069880745, "params": {"model__colsample_bylevel": 0.3, "model__colsample_bynode": 1.0, "model__colsample_bytree": 1.0, "model__learning_rate": 0.3, "model__max_depth": 5.109904593491197, "model__n_estimators": 15.0, "model__reg_lambda": 5.417427214779045}, "datetime": {"datetime": "2021-03-27 03:08:44", "elapsed": 71.062146, "delta": 1.893392}}
