{"target": -1.3109902518099523, "params": {"model__colsample_bylevel": 1.0, "model__colsample_bynode": 0.3, "model__colsample_bytree": 0.3, "model__learning_rate": 0.3, "model__max_depth": 2.7128243074984, "model__n_estimators": 20.452432663312585, "model__reg_lambda": 2.2203390265031}, "datetime": {"datetime": "2021-03-27 03:12:31", "elapsed": 298.696333, "delta": 1.731683}}
{"target": -1.463348295415441, "params": {"model__colsample_bylevel": 1.0, "model__colsample_bynode": 0.3, "model__colsample_bytree": 1.0, "model__learning_rate": 0.3, "model__max_depth": 7.174619647529209, "model__n_estimators": 15.0, "model__reg_lambda": 8.229856518172832}, "datetime": {"datetime": "2021-03-27 03:12:33", "elapsed": 300.881302, "delta": 2.184969}}
{"target": -1.380399709119313, "params": {"model__colsample_bylevel": 1.0, "model__colsample_bynode": 0.3, "model__colsample_bytree": 1.0, "model__learning_rate": 0.3, "model__max_depth": 6.356807127185822, "model__n_estimators": 18.505951582749507, "model__reg_lambda": 2.2401976854852306}, "datetime": {"datetime": "2021-03-27 03:12:35", "elapsed": 302.844399, "delta": 1.963097}}
{"target": -1.3709482714216619, "params": {"model__colsample_bylevel": 0.3, "model__colsample_bynode": 1.0, "model__colsample_bytree": 1.0, "model__learning_rate": 0.3, "model__max_depth": 8.0, "model__n_estimators": 30.0, "model__reg_lambda": 5.085448450996327}, "datetime": {"datetime": "2021-03-27 03:12:38", "elapsed": 305.067205, "delta": 2.222806}}
{"target": -1.411112197485847, "params": {"model__colsample_bylevel": 1.0, "model__colsample_bynode": 1.0, "model__colsample_bytree": 0.3, "model__learning_rate": 0.3, "model__max_depth": 2.0, "model__n_estimators": 19.43110256972089, "model__reg_lambda": 2.7960942446428736}, "datetime": {"datetime": "2021-03-27 03:12:39", "elapsed": 306.82019, "delta": 1.752985}}
{"target": -1.376472513232569, "params": {"model__colsample_bylevel": 1.0, "model__colsample_bynode": 0.3, "model__colsample_bytree": 1.0, "model__learning_rate": 0.3, "model__max_depth": 3.6670951515938404, "model__n_estimators": 21.173306211521737, "model__reg_lambda": 2.085851901470531}, "datetime": {"datetime": "2021-03-27 03:12:41", "elapsed": 308.887939, "delta": 2.067749}}
{"target": -1.3576571712769785, "params": {"model__colsample_bylevel": 1.0, "model__colsample_bynode": 1.0, "model__colsample_bytree": 0.3, "model__learning_rate": 0.3, "model__max_depth": 4.898845148607185, "model__n_estimators": 21.93169035711593, "model__reg_lambda": 3.307894803087942}, "datetime": {"datetime": "2021-03-27 03:12:44", "elapsed": 310.961109, "delta": 2.07317}}
{"target": -1.3566226057303339, "params": {"model__colsample_bylevel": 0.3, "model__colsample_bynode": 1.0, "model__colsample_bytree": 0.3, "model__learning_rate": 0.3, "model__max_depth": 3.9857602402934313, "model__n_estimators": 23.441470978369242, "model__reg_lambda": 8.465391341758389}, "datetime": {"datetime": "2021-03-27 03:12:45", "elapsed": 312.855222, "delta": 1.894113}}
{"target": -1.4473756912609805, "params": {"model__colsample_bylevel": 1.0, "model__colsample_bynode": 1.0, "model__colsample_bytree": 1.0, "model__learning_rate": 0.3, "model__max_depth": 5.053001157867287, "model__n_estimators": 17.633307116674168, "model__reg_lambda": 5.8975617415209065}, "datetime": {"datetime": "2021-03-27 03:12:48", "elapsed": 315.361273, "delta": 2.506051}}
{"target": -1.30653575376432, "params": {"model__colsample_bylevel": 1.0, "model__colsample_bynode": 0.3, "model__colsample_bytree": 0.3, "model__learning_rate": 0.3, "model__max_depth": 6.413017505085121, "model__n_estimators": 23.696275603027736, "model__reg_lambda": 3.9649694142629213}, "datetime": {"datetime": "2021-03-27 03:12:50", "elapsed": 317.260488, "delta": 1.899215}}
{"target": -1.3363734242344356, "params": {"model__colsample_bylevel": 0.3, "model__colsample_bynode": 1.0, "model__colsample_bytree": 0.3, "model__learning_rate": 0.3, "model__max_depth": 2.0, "model__n_estimators": 20.065115177942214, "model__reg_lambda": 0.0}, "datetime": {"datetime": "2021-03-27 03:12:52", "elapsed": 319.409322, "delta": 2.148834}}
{"target": -1.3024850841132465, "params": {"model__colsample_bylevel": 1.0, "model__colsample_bynode": 0.3, "model__colsample_bytree": 0.3, "model__learning_rate": 0.3, "model__max_depth": 8.0, "model__n_estimators": 26.684168904024155, "model__reg_lambda": 0.0}, "datetime": {"datetime": "2021-03-27 03:12:54", "elapsed": 321.547099, "delta": 2.137777}}
{"target": -1.2739353479804012, "params": {"model__colsample_bylevel": 0.3, "model__colsample_bynode": 1.0, "model__colsample_bytree": 0.3, "model__learning_rate": 0.3, "model__max_depth": 5.266855744069401, "model__n_estimators": 29.5349602358575, "model__reg_lambda": 2.1938973650125586}, "datetime": {"datetime": "2021-03-27 03:12:56", "elapsed": 323.328257, "delta": 1.781158}}
{"target": -1.355904382635988, "params": {"model__colsample_bylevel": 1.0, "model__colsample_bynode": 1.0, "model__colsample_bytree": 0.3, "model__learning_rate": 0.3, "model__max_depth": 4.361086360537956, "model__n_estimators": 29.66282232442305, "model__reg_lambda": 7.453824226678101}, "datetime": {"datetime": "2021-03-27 03:12:58", "elapsed": 325.446733, "delta": 2.118476}}
{"target": -1.3761261263848754, "params": {"model__colsample_bylevel": 0.3, "model__colsample_bynode": 1.0, "model__colsample_bytree": 1.0, "model__learning_rate": 0.3, "model__max_depth": 5.045322162548398, "model__n_estimators": 22.199052281293415, "model__reg_lambda": 6.104870993080269}, "datetime": {"datetime": "2021-03-27 03:13:00", "elapsed": 327.476799, "delta": 2.030066}}
{"target": -1.296065624638636, "params": {"model__colsample_bylevel": 1.0, "model__colsample_bynode": 0.3, "model__colsample_bytree": 0.3, "model__learning_rate": 0.3, "model__max_depth": 7.245273054935345, "model__n_estimators": 23.950099565370323, "model__reg_lambda": 3.008449443738129}, "datetime": {"datetime": "2021-03-27 03:13:02", "elapsed": 329.521636, "delta": 2.044837}}
{"target": -1.3116079911238692, "params": {"model__colsample_bylevel": 0.3, "model__colsample_bynode": 1.0, "model__colsample_bytree": 0.3, "model__learning_rate": 0.3, "model__max_depth": 7.264688966520876, "model__n_estimators": 27.666067508231443, "model__reg_lambda": 4.135119854885498}, "datetime": {"datetime": "2021-03-27 03:13:04", "elapsed": 330.974374, "delta": 1.452738}}
{"target": -1.437063466989692, "params": {"model__colsample_bylevel": 0.3, "model__colsample_bynode": 0.3, "model__colsample_bytree": 0.3, "model__learning_rate": 0.3, "model__max_depth": 8.0, "model__n_estimators": 28.184114614762006, "model__reg_lambda": 10.0}, "datetime": {"datetime": "2021-03-27 03:13:06", "elapsed": 333.028169, "delta": 2.053795}}
{"target": -1.3681532496667426, "params": {"model__colsample_bylevel": 1.0, "model__colsample_bynode": 0.3, "model__colsample_bytree": 1.0, "model__learning_rate": 0.3, "model__max_depth": 8.0, "model__n_estimators": 27.225723328617136, "model__reg_lambda": 7.953229427457151}, "datetime": {"datetime": "2021-03-27 03:13:08", "elapsed": 335.290312, "delta": 2.262143}}
{"target": -1.3926508567309466, "params": {"model__colsample_bylevel": 1.0, "model__colsample_bynode": 1.0, "model__colsample_bytree": 0.3, "model__learning_rate": 0.3, "model__max_depth": 4.720117267230715, "model__n_estimators": 24.06580001120138, "model__reg_lambda": 10.0}, "datetime": {"datetime": "2021-03-27 03:13:10", "elapsed": 337.449349, "delta": 2.159037}}
{"target": -1.382343121871784, "params": {"model__colsample_bylevel": 1.0, "model__colsample_bynode": 1.0, "model__colsample_bytree": 0.3, "model__learning_rate": 0.3, "model__max_depth": 4.342380615695546, "model__n_estimators": 21.60497658134777, "model__reg_lambda": 8.811145960768545}, "datetime": {"datetime": "2021-03-27 03:13:12", "elapsed": 339.239611, "delta": 1.790262}}
{"target": -1.2977520889028962, "params": {"model__colsample_bylevel": 1.0, "model__colsample_bynode": 0.3, "model__colsample_bytree": 0.3, "model__learning_rate": 0.3, "model__max_depth": 7.869731652613844, "model__n_estimators": 27.49373991148607, "model__reg_lambda": 1.4157098705185196}, "datetime": {"datetime": "2021-03-27 03:13:14", "elapsed": 341.348797, "delta": 2.109186}}
{"target": -1.3274313296447844, "params": {"model__colsample_bylevel": 1.0, "model__colsample_bynode": 0.3, "model__colsample_bytree": 0.3, "model__learning_rate": 0.3, "model__max_depth": 8.0, "model__n_estimators": 19.192861005004275, "model__reg_lambda": 3.181976614942863}, "datetime": {"datetime": "2021-03-27 03:13:16", "elapsed": 343.085214, "delta": 1.736417}}
{"target": -1.337864625385112, "params": {"model__colsample_bylevel": 1.0, "model__colsample_bynode": 0.3, "model__colsample_bytree": 0.3, "model__learning_rate": 0.3, "model__max_depth": 4.6625612866817105, "model__n_estimators": 26.485862777905638, "model__reg_lambda": 5.4586510925155585}, "datetime": {"datetime": "2021-03-27 03:13:18", "elapsed": 344.998481, "delta": 1.913267}}
{"target": -1.4296607854681604, "params": {"model__colsample_bylevel": 1.0, "model__colsample_bynode": 1.0, "model__colsample_bytree": 0.3, "model__learning_rate": 0.3, "model__max_depth": 7.057506046931431, "model__n_estimators": 15.0, "model__reg_lambda": 0.0}, "datetime": {"datetime": "2021-03-27 03:13:20", "elapsed": 346.970816, "delta": 1.972335}}
{"target": -1.2885465959383957, "params": {"model__colsample_bylevel": 1.0, "model__colsample_bynode": 0.3, "model__colsample_bytree": 0.3, "model__learning_rate": 0.3, "model__max_depth": 4.6183705099888925, "model__n_estimators": 23.41381037625417, "model__reg_lambda": 2.6471887755960926}, "datetime": {"datetime": "2021-03-27 03:13:21", "elapsed": 348.698886, "delta": 1.72807}}
{"target": -1.3503189171138017, "params": {"model__colsample_bylevel": 1.0, "model__colsample_bynode": 0.3, "model__colsample_bytree": 0.3, "model__learning_rate": 0.3, "model__max_depth": 8.0, "model__n_estimators": 16.555638539391687, "model__reg_lambda": 3.7921382297409525}, "datetime": {"datetime": "2021-03-27 03:13:23", "elapsed": 350.547968, "delta": 1.849082}}
{"target": -1.277008613265133, "params": {"model__colsample_bylevel": 1.0, "model__colsample_bynode": 0.3, "model__colsample_bytree": 0.3, "model__learning_rate": 0.3, "model__max_depth": 3.8284494158944047, "model__n_estimators": 21.837663428806422, "model__reg_lambda": 2.623634197597849}, "datetime": {"datetime": "2021-03-27 03:13:25", "elapsed": 352.187278, "delta": 1.63931}}
{"target": -1.2733782025077718, "params": {"model__colsample_bylevel": 0.3, "model__colsample_bynode": 1.0, "model__colsample_bytree": 0.3, "model__learning_rate": 0.3, "model__max_depth": 3.505153387813023, "model__n_estimators": 26.373001247313102, "model__reg_lambda": 1.6787052283434782}, "datetime": {"datetime": "2021-03-27 03:13:27", "elapsed": 354.010313, "delta": 1.823035}}
{"target": -1.2593306071185713, "params": {"model__colsample_bylevel": 1.0, "model__colsample_bynode": 0.30000000449382896, "model__colsample_bytree": 0.3, "model__learning_rate": 0.3, "model__max_depth": 4.312150767963184, "model__n_estimators": 26.864495833843346, "model__reg_lambda": 2.0492694914050116}, "datetime": {"datetime": "2021-03-27 03:13:28", "elapsed": 355.818449, "delta": 1.808136}}
{"target": -1.4241091739335703, "params": {"model__colsample_bylevel": 0.3, "model__colsample_bynode": 1.0, "model__colsample_bytree": 1.0, "model__learning_rate": 0.3, "model__max_depth": 5.131636530883591, "model__n_estimators": 17.056136221732245, "model__reg_lambda": 0.0}, "datetime": {"datetime": "2021-03-27 03:13:30", "elapsed": 357.821051, "delta": 2.002602}}
{"target": -1.3916882684049399, "params": {"model__colsample_bylevel": 1.0, "model__colsample_bynode": 0.3, "model__colsample_bytree": 0.3, "model__learning_rate": 0.3, "model__max_depth": 8.0, "model__n_estimators": 15.0, "model__reg_lambda": 3.5672610277948125}, "datetime": {"datetime": "2021-03-27 03:13:32", "elapsed": 359.591327, "delta": 1.770276}}
{"target": -1.375219029456755, "params": {"model__colsample_bylevel": 1.0, "model__colsample_bynode": 1.0, "model__colsample_bytree": 0.3, "model__learning_rate": 0.3, "model__max_depth": 3.6173027154682207, "model__n_estimators": 26.30540057923219, "model__reg_lambda": 2.0318095106465086}, "datetime": {"datetime": "2021-03-27 03:13:35", "elapsed": 362.448619, "delta": 2.857292}}
{"target": -1.406723730210755, "params": {"model__colsample_bylevel": 0.3, "model__colsample_bynode": 0.3, "model__colsample_bytree": 0.3, "model__learning_rate": 0.3, "model__max_depth": 3.200315226822905, "model__n_estimators": 27.46809723683768, "model__reg_lambda": 5.181967437347534}, "datetime": {"datetime": "2021-03-27 03:13:37", "elapsed": 364.434187, "delta": 1.985568}}
{"target": -1.3225338787056395, "params": {"model__colsample_bylevel": 0.33792039544581975, "model__colsample_bynode": 0.4862819686323642, "model__colsample_bytree": 0.35666667452095835, "model__learning_rate": 0.29111672608699624, "model__max_depth": 4.616443617486965, "model__n_estimators": 27.867497061402013, "model__reg_lambda": 1.888175752054435}, "datetime": {"datetime": "2021-03-27 03:13:39", "elapsed": 366.523176, "delta": 2.088989}}
{"target": -1.2791417131156568, "params": {"model__colsample_bylevel": 1.0, "model__colsample_bynode": 0.3, "model__colsample_bytree": 0.3, "model__learning_rate": 0.3, "model__max_depth": 5.937274224999671, "model__n_estimators": 26.64752690444137, "model__reg_lambda": 1.0178808384018097}, "datetime": {"datetime": "2021-03-27 03:13:41", "elapsed": 368.490618, "delta": 1.967442}}
{"target": -1.3642237714613261, "params": {"model__colsample_bylevel": 1.0, "model__colsample_bynode": 0.3, "model__colsample_bytree": 0.3, "model__learning_rate": 0.3, "model__max_depth": 2.0, "model__n_estimators": 25.6221950923114, "model__reg_lambda": 6.711755740392143}, "datetime": {"datetime": "2021-03-27 03:13:43", "elapsed": 370.472977, "delta": 1.982359}}
{"target": -1.2998593997939125, "params": {"model__colsample_bylevel": 1.0, "model__colsample_bynode": 0.3, "model__colsample_bytree": 0.3, "model__learning_rate": 0.3, "model__max_depth": 6.481207600340919, "model__n_estimators": 26.57416011021537, "model__reg_lambda": 3.154438286480605}, "datetime": {"datetime": "2021-03-27 03:13:45", "elapsed": 372.264965, "delta": 1.791988}}
{"target": -1.3173173544590995, "params": {"model__colsample_bylevel": 0.3305468173411405, "model__colsample_bynode": 0.3750758868806039, "model__colsample_bytree": 0.3380534147819857, "model__learning_rate": 0.2994870634476955, "model__max_depth": 7.88502506247108, "model__n_estimators": 29.912666922111292, "model__reg_lambda": 0.8940323293213703}, "datetime": {"datetime": "2021-03-27 03:13:47", "elapsed": 374.658138, "delta": 2.393173}}
{"target": -1.378289538925595, "params": {"model__colsample_bylevel": 0.3, "model__colsample_bynode": 1.0, "model__colsample_bytree": 1.0, "model__learning_rate": 0.3, "model__max_depth": 3.700237418303825, "model__n_estimators": 26.475318909112215, "model__reg_lambda": 5.5862591647537965}, "datetime": {"datetime": "2021-03-27 03:13:49", "elapsed": 376.935845, "delta": 2.277707}}
{"target": -1.3015834129159, "params": {"model__colsample_bylevel": 0.3, "model__colsample_bynode": 1.0, "model__colsample_bytree": 0.3, "model__learning_rate": 0.3, "model__max_depth": 5.137928949514814, "model__n_estimators": 19.93646730234694, "model__reg_lambda": 0.0}, "datetime": {"datetime": "2021-03-27 03:13:51", "elapsed": 378.741063, "delta": 1.805218}}
{"target": -1.316954951222473, "params": {"model__colsample_bylevel": 0.3, "model__colsample_bynode": 1.0, "model__colsample_bytree": 0.3, "model__learning_rate": 0.3, "model__max_depth": 4.350984882577378, "model__n_estimators": 23.0359864497271, "model__reg_lambda": 0.0}, "datetime": {"datetime": "2021-03-27 03:13:53", "elapsed": 380.639291, "delta": 1.898228}}
{"target": -1.275861103732841, "params": {"model__colsample_bylevel": 1.0, "model__colsample_bynode": 0.3, "model__colsample_bytree": 0.3, "model__learning_rate": 0.3, "model__max_depth": 3.89000327488363, "model__n_estimators": 19.75978444200812, "model__reg_lambda": 2.290469272641007}, "datetime": {"datetime": "2021-03-27 03:13:55", "elapsed": 382.543577, "delta": 1.904286}}
{"target": -1.4503965674940011, "params": {"model__colsample_bylevel": 1.0, "model__colsample_bynode": 1.0, "model__colsample_bytree": 1.0, "model__learning_rate": 0.3, "model__max_depth": 6.149120685322343, "model__n_estimators": 18.0318244423663, "model__reg_lambda": 10.0}, "datetime": {"datetime": "2021-03-27 03:13:58", "elapsed": 385.387626, "delta": 2.844049}}
