{"target": -1.4461542607946456, "params": {"model__colsample_bylevel": 0.3, "model__colsample_bynode": 0.3, "model__colsample_bytree": 0.3, "model__learning_rate": 0.3, "model__max_depth": 4.104879687898243, "model__n_estimators": 28.367585809921426, "model__reg_lambda": 10.0}, "datetime": {"datetime": "2021-03-27 03:08:45", "elapsed": 72.808213, "delta": 1.746067}}
{"target": -1.3762742913199886, "params": {"model__colsample_bylevel": 0.3, "model__colsample_bynode": 1.0, "model__colsample_bytree": 1.0, "model__learning_rate": 0.3, "model__max_depth": 3.848357076519703, "model__n_estimators": 30.0, "model__reg_lambda": 4.792330031594216}, "datetime": {"datetime": "2021-03-27 03:08:48", "elapsed": 74.986416, "delta": 2.178203}}
{"target": -1.4107726283587407, "params": {"model__colsample_bylevel": 1.0, "model__colsample_bynode": 1.0, "model__colsample_bytree": 0.3, "model__learning_rate": 0.3, "model__max_depth": 3.673138514008528, "model__n_estimators": 19.842214362176236, "model__reg_lambda": 10.0}, "datetime": {"datetime": "2021-03-27 03:08:49", "elapsed": 76.639871, "delta": 1.653455}}
{"target": -1.3894173101306069, "params": {"model__colsample_bylevel": 0.3, "model__colsample_bynode": 1.0, "model__colsample_bytree": 1.0, "model__learning_rate": 0.3, "model__max_depth": 3.41495168119095, "model__n_estimators": 30.0, "model__reg_lambda": 9.03732814400207}, "datetime": {"datetime": "2021-03-27 03:08:51", "elapsed": 78.501771, "delta": 1.8619}}
{"target": -1.406990169102083, "params": {"model__colsample_bylevel": 0.3, "model__colsample_bynode": 1.0, "model__colsample_bytree": 0.3, "model__learning_rate": 0.3, "model__max_depth": 2.0, "model__n_estimators": 23.277193821949904, "model__reg_lambda": 7.109317147455079}, "datetime": {"datetime": "2021-03-27 03:08:53", "elapsed": 80.344878, "delta": 1.843107}}
{"target": -1.3718773109797873, "params": {"model__colsample_bylevel": 1.0, "model__colsample_bynode": 1.0, "model__colsample_bytree": 0.3, "model__learning_rate": 0.3, "model__max_depth": 8.0, "model__n_estimators": 26.379123615310785, "model__reg_lambda": 6.265365155950184}, "datetime": {"datetime": "2021-03-27 03:08:55", "elapsed": 82.193238, "delta": 1.84836}}
{"target": -1.3844432274102356, "params": {"model__colsample_bylevel": 1.0, "model__colsample_bynode": 0.3, "model__colsample_bytree": 1.0, "model__learning_rate": 0.3, "model__max_depth": 8.0, "model__n_estimators": 23.880248452934165, "model__reg_lambda": 3.9839073217603795}, "datetime": {"datetime": "2021-03-27 03:08:57", "elapsed": 84.182237, "delta": 1.988999}}
{"target": -1.4047819739234622, "params": {"model__colsample_bylevel": 0.3, "model__colsample_bynode": 0.3, "model__colsample_bytree": 1.0, "model__learning_rate": 0.3, "model__max_depth": 8.0, "model__n_estimators": 15.0, "model__reg_lambda": 2.1708970976120257}, "datetime": {"datetime": "2021-03-27 03:08:58", "elapsed": 85.794723, "delta": 1.612486}}
{"target": -1.3646077977371927, "params": {"model__colsample_bylevel": 1.0, "model__colsample_bynode": 0.3, "model__colsample_bytree": 0.3, "model__learning_rate": 0.3, "model__max_depth": 5.576673103431112, "model__n_estimators": 17.409319419363435, "model__reg_lambda": 0.0}, "datetime": {"datetime": "2021-03-27 03:09:00", "elapsed": 87.477676, "delta": 1.682953}}
{"target": -1.448791605433908, "params": {"model__colsample_bylevel": 1.0, "model__colsample_bynode": 1.0, "model__colsample_bytree": 1.0, "model__learning_rate": 0.3, "model__max_depth": 8.0, "model__n_estimators": 16.84532828783364, "model__reg_lambda": 6.20751910851939}, "datetime": {"datetime": "2021-03-27 03:09:02", "elapsed": 89.734298, "delta": 2.256622}}
{"target": -1.5423941437964854, "params": {"model__colsample_bylevel": 0.3, "model__colsample_bynode": 0.3, "model__colsample_bytree": 0.3, "model__learning_rate": 0.3, "model__max_depth": 2.0, "model__n_estimators": 15.0, "model__reg_lambda": 0.0}, "datetime": {"datetime": "2021-03-27 03:09:04", "elapsed": 91.375131, "delta": 1.640833}}
{"target": -1.3463930461339761, "params": {"model__colsample_bylevel": 0.3, "model__colsample_bynode": 1.0, "model__colsample_bytree": 0.3, "model__learning_rate": 0.3, "model__max_depth": 8.0, "model__n_estimators": 15.0, "model__reg_lambda": 0.0}, "datetime": {"datetime": "2021-03-27 03:09:06", "elapsed": 92.996387, "delta": 1.621256}}
{"target": -1.4491248088740352, "params": {"model__colsample_bylevel": 0.3, "model__colsample_bynode": 0.3, "model__colsample_bytree": 0.3, "model__learning_rate": 0.3, "model__max_depth": 3.8460963490498803, "model__n_estimators": 22.51367787728838, "model__reg_lambda": 6.345315454444262}, "datetime": {"datetime": "2021-03-27 03:09:07", "elapsed": 94.65579, "delta": 1.659403}}
{"target": -1.3805419329056126, "params": {"model__colsample_bylevel": 0.4112044797814496, "model__colsample_bynode": 0.8522900519827954, "model__colsample_bytree": 0.9959326459719127, "model__learning_rate": 0.29983364214614083, "model__max_depth": 3.863831821572818, "model__n_estimators": 27.34794490497706, "model__reg_lambda": 1.457107104659886}, "datetime": {"datetime": "2021-03-27 03:09:09", "elapsed": 96.69828, "delta": 2.04249}}
{"target": -1.3635064382166804, "params": {"model__colsample_bylevel": 0.3, "model__colsample_bynode": 0.3, "model__colsample_bytree": 0.3, "model__learning_rate": 0.3, "model__max_depth": 8.0, "model__n_estimators": 26.20104595930162, "model__reg_lambda": 1.5429016981637202}, "datetime": {"datetime": "2021-03-27 03:09:11", "elapsed": 98.680793, "delta": 1.982513}}
{"target": -1.3312220191218607, "params": {"model__colsample_bylevel": 1.0, "model__colsample_bynode": 0.3, "model__colsample_bytree": 0.3, "model__learning_rate": 0.3, "model__max_depth": 2.0, "model__n_estimators": 24.226592619051477, "model__reg_lambda": 0.0}, "datetime": {"datetime": "2021-03-27 03:09:13", "elapsed": 100.28625, "delta": 1.605457}}
{"target": -1.3266604756045601, "params": {"model__colsample_bylevel": 0.3, "model__colsample_bynode": 0.3, "model__colsample_bytree": 1.0, "model__learning_rate": 0.3, "model__max_depth": 4.038973470323012, "model__n_estimators": 26.65756082035567, "model__reg_lambda": 6.523081162077103}, "datetime": {"datetime": "2021-03-27 03:09:15", "elapsed": 102.346911, "delta": 2.060661}}
{"target": -1.366559886277748, "params": {"model__colsample_bylevel": 0.3, "model__colsample_bynode": 0.3, "model__colsample_bytree": 0.3, "model__learning_rate": 0.3, "model__max_depth": 6.624593645044148, "model__n_estimators": 28.448762026127152, "model__reg_lambda": 1.873740842251897}, "datetime": {"datetime": "2021-03-27 03:09:17", "elapsed": 104.005582, "delta": 1.658671}}
{"target": -1.391180605910705, "params": {"model__colsample_bylevel": 1.0, "model__colsample_bynode": 1.0, "model__colsample_bytree": 0.3, "model__learning_rate": 0.3, "model__max_depth": 3.934924721655743, "model__n_estimators": 28.089587954040127, "model__reg_lambda": 0.0}, "datetime": {"datetime": "2021-03-27 03:09:18", "elapsed": 105.768279, "delta": 1.762697}}
{"target": -1.3564307793448476, "params": {"model__colsample_bylevel": 0.3, "model__colsample_bynode": 0.3, "model__colsample_bytree": 0.3, "model__learning_rate": 0.3, "model__max_depth": 3.531059532072198, "model__n_estimators": 25.497108680504578, "model__reg_lambda": 0.0}, "datetime": {"datetime": "2021-03-27 03:09:20", "elapsed": 107.384354, "delta": 1.616075}}
{"target": -1.3373447385940538, "params": {"model__colsample_bylevel": 0.3, "model__colsample_bynode": 1.0, "model__colsample_bytree": 0.3, "model__learning_rate": 0.3, "model__max_depth": 2.0, "model__n_estimators": 23.259911525359858, "model__reg_lambda": 0.0}, "datetime": {"datetime": "2021-03-27 03:09:22", "elapsed": 109.038906, "delta": 1.654552}}
{"target": -1.2518675503725913, "params": {"model__colsample_bylevel": 0.3, "model__colsample_bynode": 1.0, "model__colsample_bytree": 0.3, "model__learning_rate": 0.3, "model__max_depth": 4.181752718609787, "model__n_estimators": 30.0, "model__reg_lambda": 2.2070523787527936}, "datetime": {"datetime": "2021-03-27 03:09:24", "elapsed": 111.090825, "delta": 2.051919}}
{"target": -1.4464183814486193, "params": {"model__colsample_bylevel": 0.9879217087536083, "model__colsample_bynode": 0.9981771593540283, "model__colsample_bytree": 0.9605232631392535, "model__learning_rate": 0.2520172610082368, "model__max_depth": 7.942328653606307, "model__n_estimators": 28.469986694941486, "model__reg_lambda": 4.321167328669727}, "datetime": {"datetime": "2021-03-27 03:09:26", "elapsed": 113.82454, "delta": 2.733715}}
{"target": -1.376875445033437, "params": {"model__colsample_bylevel": 0.3, "model__colsample_bynode": 0.3, "model__colsample_bytree": 0.3, "model__learning_rate": 0.3, "model__max_depth": 8.0, "model__n_estimators": 26.18264589621066, "model__reg_lambda": 4.701717294688381}, "datetime": {"datetime": "2021-03-27 03:09:28", "elapsed": 115.578229, "delta": 1.753689}}
{"target": -1.4138831337191757, "params": {"model__colsample_bylevel": 0.3, "model__colsample_bynode": 1.0, "model__colsample_bytree": 1.0, "model__learning_rate": 0.3, "model__max_depth": 8.0, "model__n_estimators": 16.90911554721916, "model__reg_lambda": 0.0}, "datetime": {"datetime": "2021-03-27 03:09:30", "elapsed": 117.368769, "delta": 1.79054}}
{"target": -1.320131078824077, "params": {"model__colsample_bylevel": 1.0, "model__colsample_bynode": 0.3, "model__colsample_bytree": 0.3, "model__learning_rate": 0.3, "model__max_depth": 8.0, "model__n_estimators": 28.16190697143568, "model__reg_lambda": 7.4036824220451605}, "datetime": {"datetime": "2021-03-27 03:09:32", "elapsed": 119.282325, "delta": 1.913556}}
{"target": -1.3858258730785893, "params": {"model__colsample_bylevel": 1.0, "model__colsample_bynode": 0.3, "model__colsample_bytree": 1.0, "model__learning_rate": 0.3, "model__max_depth": 8.0, "model__n_estimators": 22.886681490874068, "model__reg_lambda": 7.947338960429172}, "datetime": {"datetime": "2021-03-27 03:09:34", "elapsed": 121.400042, "delta": 2.117717}}
{"target": -1.3383849402579169, "params": {"model__colsample_bylevel": 1.0, "model__colsample_bynode": 0.3, "model__colsample_bytree": 0.3, "model__learning_rate": 0.3, "model__max_depth": 8.0, "model__n_estimators": 30.0, "model__reg_lambda": 10.0}, "datetime": {"datetime": "2021-03-27 03:09:36", "elapsed": 123.283271, "delta": 1.883229}}
{"target": -1.3302674135571155, "params": {"model__colsample_bylevel": 0.3, "model__colsample_bynode": 1.0, "model__colsample_bytree": 0.3, "model__learning_rate": 0.3, "model__max_depth": 3.8177899060652254, "model__n_estimators": 17.840230162367117, "model__reg_lambda": 0.0}, "datetime": {"datetime": "2021-03-27 03:09:38", "elapsed": 125.008932, "delta": 1.725661}}
{"target": -1.403575243640259, "params": {"model__colsample_bylevel": 0.3, "model__colsample_bynode": 1.0, "model__colsample_bytree": 1.0, "model__learning_rate": 0.3, "model__max_depth": 5.812759475855521, "model__n_estimators": 19.624034305180537, "model__reg_lambda": 4.240376236539414}, "datetime": {"datetime": "2021-03-27 03:09:40", "elapsed": 127.065921, "delta": 2.056989}}
{"target": -1.3868543840499352, "params": {"model__colsample_bylevel": 1.0, "model__colsample_bynode": 1.0, "model__colsample_bytree": 0.3, "model__learning_rate": 0.3, "model__max_depth": 7.10979362882983, "model__n_estimators": 20.280334172100336, "model__reg_lambda": 2.3536012304107805}, "datetime": {"datetime": "2021-03-27 03:09:42", "elapsed": 129.234449, "delta": 2.168528}}
{"target": -1.4874418713557331, "params": {"model__colsample_bylevel": 0.3, "model__colsample_bynode": 1.0, "model__colsample_bytree": 1.0, "model__learning_rate": 0.3, "model__max_depth": 5.3761272458573846, "model__n_estimators": 15.0, "model__reg_lambda": 10.0}, "datetime": {"datetime": "2021-03-27 03:09:44", "elapsed": 131.049942, "delta": 1.815493}}
{"target": -1.4196174177840568, "params": {"model__colsample_bylevel": 0.3, "model__colsample_bynode": 1.0, "model__colsample_bytree": 0.3, "model__learning_rate": 0.1, "model__max_depth": 3.089046515404702, "model__n_estimators": 30.0, "model__reg_lambda": 0.7654170840229385}, "datetime": {"datetime": "2021-03-27 03:09:46", "elapsed": 133.068867, "delta": 2.018925}}
{"target": -1.4541228409343656, "params": {"model__colsample_bylevel": 1.0, "model__colsample_bynode": 1.0, "model__colsample_bytree": 0.3, "model__learning_rate": 0.3, "model__max_depth": 6.19672636849864, "model__n_estimators": 15.0, "model__reg_lambda": 7.151925543857545}, "datetime": {"datetime": "2021-03-27 03:09:48", "elapsed": 134.972449, "delta": 1.903582}}
{"target": -1.4358808315669498, "params": {"model__colsample_bylevel": 1.0, "model__colsample_bynode": 0.3, "model__colsample_bytree": 1.0, "model__learning_rate": 0.3, "model__max_depth": 6.200791235557071, "model__n_estimators": 15.0, "model__reg_lambda": 5.36842957145959}, "datetime": {"datetime": "2021-03-27 03:09:50", "elapsed": 137.004657, "delta": 2.032208}}
{"target": -1.3174759583466726, "params": {"model__colsample_bylevel": 0.3, "model__colsample_bynode": 1.0, "model__colsample_bytree": 0.3, "model__learning_rate": 0.3, "model__max_depth": 2.3417284259137303, "model__n_estimators": 30.0, "model__reg_lambda": 3.520361132106133}, "datetime": {"datetime": "2021-03-27 03:09:51", "elapsed": 138.802795, "delta": 1.798138}}
{"target": -1.2735981325510943, "params": {"model__colsample_bylevel": 0.3, "model__colsample_bynode": 1.0, "model__colsample_bytree": 0.3, "model__learning_rate": 0.3, "model__max_depth": 5.468507661885255, "model__n_estimators": 30.0, "model__reg_lambda": 3.6199739653960217}, "datetime": {"datetime": "2021-03-27 03:09:53", "elapsed": 140.636774, "delta": 1.833979}}
{"target": -1.3036072398137732, "params": {"model__colsample_bylevel": 0.3, "model__colsample_bynode": 1.0, "model__colsample_bytree": 0.3, "model__learning_rate": 0.3, "model__max_depth": 8.0, "model__n_estimators": 30.0, "model__reg_lambda": 0.0}, "datetime": {"datetime": "2021-03-27 03:09:55", "elapsed": 142.636575, "delta": 1.999801}}
{"target": -1.4405744684482182, "params": {"model__colsample_bylevel": 0.3, "model__colsample_bynode": 0.3, "model__colsample_bytree": 0.3, "model__learning_rate": 0.3, "model__max_depth": 7.085054619719962, "model__n_estimators": 26.864171105185015, "model__reg_lambda": 7.220212152510188}, "datetime": {"datetime": "2021-03-27 03:09:57", "elapsed": 144.591905, "delta": 1.95533}}
{"target": -1.4316976591836714, "params": {"model__colsample_bylevel": 1.0, "model__colsample_bynode": 1.0, "model__colsample_bytree": 0.3, "model__learning_rate": 0.3, "model__max_depth": 2.0, "model__n_estimators": 23.747502594296343, "model__reg_lambda": 10.0}, "datetime": {"datetime": "2021-03-27 03:09:59", "elapsed": 146.586324, "delta": 1.994419}}
{"target": -1.381608062763901, "params": {"model__colsample_bylevel": 1.0, "model__colsample_bynode": 0.3, "model__colsample_bytree": 1.0, "model__learning_rate": 0.3, "model__max_depth": 6.557112676701161, "model__n_estimators": 28.667369258718292, "model__reg_lambda": 10.0}, "datetime": {"datetime": "2021-03-27 03:10:01", "elapsed": 148.700683, "delta": 2.114359}}
{"target": -1.4330097552213439, "params": {"model__colsample_bylevel": 1.0, "model__colsample_bynode": 1.0, "model__colsample_bytree": 1.0, "model__learning_rate": 0.3, "model__max_depth": 3.4621592792596783, "model__n_estimators": 24.508971158852617, "model__reg_lambda": 7.399116843018816}, "datetime": {"datetime": "2021-03-27 03:10:04", "elapsed": 151.347334, "delta": 2.646651}}
{"target": -1.3656920227600071, "params": {"model__colsample_bylevel": 0.3, "model__colsample_bynode": 0.3, "model__colsample_bytree": 0.3, "model__learning_rate": 0.3, "model__max_depth": 2.0, "model__n_estimators": 30.0, "model__reg_lambda": 0.0}, "datetime": {"datetime": "2021-03-27 03:10:06", "elapsed": 152.960421, "delta": 1.613087}}
{"target": -1.3845628692916985, "params": {"model__colsample_bylevel": 0.3, "model__colsample_bynode": 1.0, "model__colsample_bytree": 1.0, "model__learning_rate": 0.3, "model__max_depth": 4.314448817323234, "model__n_estimators": 21.879471177229117, "model__reg_lambda": 3.3137968239290916}, "datetime": {"datetime": "2021-03-27 03:10:07", "elapsed": 154.782743, "delta": 1.822322}}
{"target": -1.3365474844864313, "params": {"model__colsample_bylevel": 0.3, "model__colsample_bynode": 1.0, "model__colsample_bytree": 0.3, "model__learning_rate": 0.3, "model__max_depth": 2.361260035690394, "model__n_estimators": 25.487914146385567, "model__reg_lambda": 1.895473684178955}, "datetime": {"datetime": "2021-03-27 03:10:09", "elapsed": 156.336749, "delta": 1.554006}}
{"target": -1.440350318428777, "params": {"model__colsample_bylevel": 0.3, "model__colsample_bynode": 0.3, "model__colsample_bytree": 0.3, "model__learning_rate": 0.3, "model__max_depth": 3.7574009320341832, "model__n_estimators": 16.9835564616961, "model__reg_lambda": 0.5991987417388493}, "datetime": {"datetime": "2021-03-27 03:10:11", "elapsed": 158.210935, "delta": 1.874186}}
{"target": -1.3157971393101024, "params": {"model__colsample_bylevel": 0.3, "model__colsample_bynode": 1.0, "model__colsample_bytree": 0.3, "model__learning_rate": 0.3, "model__max_depth": 3.707576162341435, "model__n_estimators": 28.190933994487548, "model__reg_lambda": 6.531610477087915}, "datetime": {"datetime": "2021-03-27 03:10:13", "elapsed": 160.187254, "delta": 1.976319}}
{"target": -1.3052636563548465, "params": {"model__colsample_bylevel": 0.3, "model__colsample_bynode": 1.0, "model__colsample_bytree": 0.3, "model__learning_rate": 0.3, "model__max_depth": 8.0, "model__n_estimators": 28.598056913111844, "model__reg_lambda": 5.626616809947908}, "datetime": {"datetime": "2021-03-27 03:10:15", "elapsed": 162.307732, "delta": 2.120478}}
{"target": -1.3175744252009454, "params": {"model__colsample_bylevel": 1.0, "model__colsample_bynode": 0.3, "model__colsample_bytree": 0.3, "model__learning_rate": 0.3, "model__max_depth": 2.9859964465065367, "model__n_estimators": 27.319377282702632, "model__reg_lambda": 6.980856476643701}, "datetime": {"datetime": "2021-03-27 03:10:17", "elapsed": 164.173594, "delta": 1.865862}}
{"target": -1.3421548907496574, "params": {"model__colsample_bylevel": 0.3, "model__colsample_bynode": 1.0, "model__colsample_bytree": 0.3, "model__learning_rate": 0.3, "model__max_depth": 2.0, "model__n_estimators": 18.929426171682763, "model__reg_lambda": 0.7815962084354615}, "datetime": {"datetime": "2021-03-27 03:10:18", "elapsed": 165.690375, "delta": 1.516781}}
{"target": -1.3510972708969822, "params": {"model__colsample_bylevel": 0.3, "model__colsample_bynode": 1.0, "model__colsample_bytree": 0.3, "model__learning_rate": 0.3, "model__max_depth": 6.098226607117578, "model__n_estimators": 18.471660702527398, "model__reg_lambda": 5.551112019877989e-17}, "datetime": {"datetime": "2021-03-27 03:10:20", "elapsed": 167.288151, "delta": 1.597776}}
{"target": -1.3766598775038037, "params": {"model__colsample_bylevel": 1.0, "model__colsample_bynode": 1.0, "model__colsample_bytree": 0.3, "model__learning_rate": 0.3, "model__max_depth": 3.4439327371914628, "model__n_estimators": 19.145003220029196, "model__reg_lambda": 0.7922696913988}, "datetime": {"datetime": "2021-03-27 03:10:22", "elapsed": 169.252607, "delta": 1.964456}}
{"target": -1.303649155923125, "params": {"model__colsample_bylevel": 0.3, "model__colsample_bynode": 1.0, "model__colsample_bytree": 0.3, "model__learning_rate": 0.3, "model__max_depth": 7.5484005371771845, "model__n_estimators": 27.387061734580588, "model__reg_lambda": 2.431430275349097}, "datetime": {"datetime": "2021-03-27 03:10:24", "elapsed": 171.152651, "delta": 1.900044}}
{"target": -1.4787657089153494, "params": {"model__colsample_bylevel": 1.0, "model__colsample_bynode": 1.0, "model__colsample_bytree": 0.3, "model__learning_rate": 0.3, "model__max_depth": 2.0, "model__n_estimators": 15.0, "model__reg_lambda": 5.614029096861409}, "datetime": {"datetime": "2021-03-27 03:10:25", "elapsed": 172.836346, "delta": 1.683695}}
{"target": -1.4032747676825503, "params": {"model__colsample_bylevel": 1.0, "model__colsample_bynode": 1.0, "model__colsample_bytree": 0.3, "model__learning_rate": 0.3, "model__max_depth": 2.0, "model__n_estimators": 17.24892829904965, "model__reg_lambda": 0.0}, "datetime": {"datetime": "2021-03-27 03:10:27", "elapsed": 174.655639, "delta": 1.819293}}
{"target": -1.3036072398137732, "params": {"model__colsample_bylevel": 1.0, "model__colsample_bynode": 0.3, "model__colsample_bytree": 0.3, "model__learning_rate": 0.3, "model__max_depth": 8.0, "model__n_estimators": 30.0, "model__reg_lambda": 0.0}, "datetime": {"datetime": "2021-03-27 03:10:29", "elapsed": 176.439597, "delta": 1.783958}}
{"target": -1.2952893921869226, "params": {"model__colsample_bylevel": 1.0, "model__colsample_bynode": 0.3, "model__colsample_bytree": 0.30000000410057226, "model__learning_rate": 0.3, "model__max_depth": 4.552608239780375, "model__n_estimators": 30.0, "model__reg_lambda": 0.0}, "datetime": {"datetime": "2021-03-27 03:10:31", "elapsed": 178.259585, "delta": 1.819988}}
{"target": -1.3322943462045405, "params": {"model__colsample_bylevel": 1.0, "model__colsample_bynode": 1.0, "model__colsample_bytree": 0.3, "model__learning_rate": 0.3, "model__max_depth": 2.7799242316830703, "model__n_estimators": 30.0, "model__reg_lambda": 7.4533574337761666}, "datetime": {"datetime": "2021-03-27 03:10:33", "elapsed": 180.33144, "delta": 2.071855}}
{"target": -1.4009620511175496, "params": {"model__colsample_bylevel": 1.0, "model__colsample_bynode": 1.0, "model__colsample_bytree": 0.3, "model__learning_rate": 0.3, "model__max_depth": 2.0, "model__n_estimators": 28.229050144006862, "model__reg_lambda": 8.76038927686254}, "datetime": {"datetime": "2021-03-27 03:10:35", "elapsed": 181.964358, "delta": 1.632918}}
