{"target": -1.3358334510735625, "params": {"model__colsample_bylevel": 1.0, "model__colsample_bynode": 1.0, "model__colsample_bytree": 0.3, "model__learning_rate": 0.3, "model__max_depth": 4.065238450347071, "model__n_estimators": 30.0, "model__reg_lambda": 5.433703896731019}, "datetime": {"datetime": "2021-03-27 03:10:36", "elapsed": 183.937621, "delta": 1.973263}}
{"target": -1.2771423900979098, "params": {"model__colsample_bylevel": 1.0, "model__colsample_bynode": 0.3, "model__colsample_bytree": 0.3, "model__learning_rate": 0.3, "model__max_depth": 7.378712782354232, "model__n_estimators": 26.81953366631351, "model__reg_lambda": 2.0905554882066175}, "datetime": {"datetime": "2021-03-27 03:10:38", "elapsed": 185.880438, "delta": 1.942817}}
{"target": -1.3603494805756253, "params": {"model__colsample_bylevel": 1.0, "model__colsample_bynode": 1.0, "model__colsample_bytree": 0.3, "model__learning_rate": 0.3, "model__max_depth": 3.2108395526558766, "model__n_estimators": 30.0, "model__reg_lambda": 2.459303584715998}, "datetime": {"datetime": "2021-03-27 03:10:40", "elapsed": 187.769212, "delta": 1.888774}}
{"target": -1.3229076043048038, "params": {"model__colsample_bylevel": 1.0, "model__colsample_bynode": 1.0, "model__colsample_bytree": 0.3, "model__learning_rate": 0.3, "model__max_depth": 2.0, "model__n_estimators": 26.414646582936914, "model__reg_lambda": 0.0}, "datetime": {"datetime": "2021-03-27 03:10:42", "elapsed": 189.50167, "delta": 1.732458}}
{"target": -1.3594609687968657, "params": {"model__colsample_bylevel": 1.0, "model__colsample_bynode": 1.0, "model__colsample_bytree": 0.3, "model__learning_rate": 0.3, "model__max_depth": 8.0, "model__n_estimators": 30.0, "model__reg_lambda": 5.983412212108891}, "datetime": {"datetime": "2021-03-27 03:10:44", "elapsed": 191.899251, "delta": 2.397581}}
{"target": -1.3149857705674957, "params": {"model__colsample_bylevel": 1.0, "model__colsample_bynode": 0.3, "model__colsample_bytree": 0.3, "model__learning_rate": 0.3, "model__max_depth": 3.981744102332236, "model__n_estimators": 28.376401731980383, "model__reg_lambda": 6.171617115370347}, "datetime": {"datetime": "2021-03-27 03:10:46", "elapsed": 193.763868, "delta": 1.864617}}
{"target": -1.4387498900355042, "params": {"model__colsample_bylevel": 1.0, "model__colsample_bynode": 0.3, "model__colsample_bytree": 1.0, "model__learning_rate": 0.3, "model__max_depth": 3.7721200352843094, "model__n_estimators": 30.0, "model__reg_lambda": 0.0}, "datetime": {"datetime": "2021-03-27 03:10:48", "elapsed": 195.400339, "delta": 1.636471}}
{"target": -1.4258181291416396, "params": {"model__colsample_bylevel": 0.3, "model__colsample_bynode": 0.3, "model__colsample_bytree": 1.0, "model__learning_rate": 0.3, "model__max_depth": 2.0, "model__n_estimators": 18.241386908996667, "model__reg_lambda": 0.0}, "datetime": {"datetime": "2021-03-27 03:10:50", "elapsed": 197.040474, "delta": 1.640135}}
{"target": -1.300383862113391, "params": {"model__colsample_bylevel": 1.0, "model__colsample_bynode": 0.3, "model__colsample_bytree": 0.3, "model__learning_rate": 0.3, "model__max_depth": 3.074616011212335, "model__n_estimators": 25.85515802467653, "model__reg_lambda": 1.1491004922832442}, "datetime": {"datetime": "2021-03-27 03:10:51", "elapsed": 198.90962, "delta": 1.869146}}
{"target": -1.391475096423233, "params": {"model__colsample_bylevel": 1.0, "model__colsample_bynode": 0.3, "model__colsample_bytree": 1.0, "model__learning_rate": 0.3, "model__max_depth": 8.0, "model__n_estimators": 25.909263827469353, "model__reg_lambda": 10.0}, "datetime": {"datetime": "2021-03-27 03:10:54", "elapsed": 201.088192, "delta": 2.178572}}
{"target": -1.3584857188975035, "params": {"model__colsample_bylevel": 0.3, "model__colsample_bynode": 0.3, "model__colsample_bytree": 0.3, "model__learning_rate": 0.3, "model__max_depth": 4.965508114121587, "model__n_estimators": 30.0, "model__reg_lambda": 1.4688274845104243}, "datetime": {"datetime": "2021-03-27 03:10:55", "elapsed": 202.900859, "delta": 1.812667}}
{"target": -1.3684792202748897, "params": {"model__colsample_bylevel": 1.0, "model__colsample_bynode": 1.0, "model__colsample_bytree": 0.3, "model__learning_rate": 0.3, "model__max_depth": 8.0, "model__n_estimators": 30.0, "model__reg_lambda": 1.4374624315290083}, "datetime": {"datetime": "2021-03-27 03:10:58", "elapsed": 205.308498, "delta": 2.407639}}
{"target": -1.2735185282088923, "params": {"model__colsample_bylevel": 0.3, "model__colsample_bynode": 1.0, "model__colsample_bytree": 0.3, "model__learning_rate": 0.3, "model__max_depth": 4.489676336888187, "model__n_estimators": 29.083745021034836, "model__reg_lambda": 3.097050034190253}, "datetime": {"datetime": "2021-03-27 03:11:00", "elapsed": 207.032906, "delta": 1.724408}}
{"target": -1.3795051671740044, "params": {"model__colsample_bylevel": 1.0, "model__colsample_bynode": 0.3, "model__colsample_bytree": 1.0, "model__learning_rate": 0.3, "model__max_depth": 6.778503469980897, "model__n_estimators": 25.687423665119947, "model__reg_lambda": 5.261689114035326}, "datetime": {"datetime": "2021-03-27 03:11:02", "elapsed": 209.055399, "delta": 2.022493}}
{"target": -1.3428202310873978, "params": {"model__colsample_bylevel": 0.3002971755775698, "model__colsample_bynode": 1.0, "model__colsample_bytree": 0.3, "model__learning_rate": 0.3, "model__max_depth": 6.50199981508803, "model__n_estimators": 30.0, "model__reg_lambda": 0.0}, "datetime": {"datetime": "2021-03-27 03:11:04", "elapsed": 211.077989, "delta": 2.02259}}
{"target": -1.401563507631637, "params": {"model__colsample_bylevel": 1.0, "model__colsample_bynode": 1.0, "model__colsample_bytree": 0.3, "model__learning_rate": 0.3, "model__max_depth": 8.0, "model__n_estimators": 24.013573526715152, "model__reg_lambda": 10.0}, "datetime": {"datetime": "2021-03-27 03:11:06", "elapsed": 213.521562, "delta": 2.443573}}
{"target": -1.3139524897749442, "params": {"model__colsample_bylevel": 1.0, "model__colsample_bynode": 0.3, "model__colsample_bytree": 0.3, "model__learning_rate": 0.3, "model__max_depth": 8.0, "model__n_estimators": 21.57065755956617, "model__reg_lambda": 0.0}, "datetime": {"datetime": "2021-03-27 03:11:08", "elapsed": 215.116217, "delta": 1.594655}}
{"target": -1.3459615755097376, "params": {"model__colsample_bylevel": 1.0, "model__colsample_bynode": 0.3, "model__colsample_bytree": 0.3, "model__learning_rate": 0.3, "model__max_depth": 5.84972287564658, "model__n_estimators": 22.16424208660899, "model__reg_lambda": 0.0}, "datetime": {"datetime": "2021-03-27 03:11:09", "elapsed": 216.56175, "delta": 1.445533}}
{"target": -1.395925478109469, "params": {"model__colsample_bylevel": 1.0, "model__colsample_bynode": 0.3, "model__colsample_bytree": 1.0, "model__learning_rate": 0.3, "model__max_depth": 8.0, "model__n_estimators": 20.78009544942936, "model__reg_lambda": 1.1630432319015942}, "datetime": {"datetime": "2021-03-27 03:11:11", "elapsed": 218.784149, "delta": 2.222399}}
{"target": -1.2988109788196025, "params": {"model__colsample_bylevel": 0.3, "model__colsample_bynode": 1.0, "model__colsample_bytree": 0.3, "model__learning_rate": 0.3, "model__max_depth": 4.131842371330961, "model__n_estimators": 30.0, "model__reg_lambda": 6.409441911126409}, "datetime": {"datetime": "2021-03-27 03:11:13", "elapsed": 220.83531, "delta": 2.051161}}
{"target": -1.3439100514908418, "params": {"model__colsample_bylevel": 0.3, "model__colsample_bynode": 1.0, "model__colsample_bytree": 0.3, "model__learning_rate": 0.3, "model__max_depth": 5.926978312960417, "model__n_estimators": 22.306551363297505, "model__reg_lambda": 4.704229119807455}, "datetime": {"datetime": "2021-03-27 03:11:15", "elapsed": 222.555717, "delta": 1.720407}}
{"target": -1.3515849505213722, "params": {"model__colsample_bylevel": 1.0, "model__colsample_bynode": 0.3, "model__colsample_bytree": 0.3, "model__learning_rate": 0.3, "model__max_depth": 6.673977618955144, "model__n_estimators": 20.367202114156576, "model__reg_lambda": 0.0}, "datetime": {"datetime": "2021-03-27 03:11:17", "elapsed": 224.394643, "delta": 1.838926}}
{"target": -1.2708017872862407, "params": {"model__colsample_bylevel": 0.3, "model__colsample_bynode": 1.0, "model__colsample_bytree": 0.3, "model__learning_rate": 0.3, "model__max_depth": 4.241798952160038, "model__n_estimators": 30.0, "model__reg_lambda": 3.6891165022497074}, "datetime": {"datetime": "2021-03-27 03:11:19", "elapsed": 226.367199, "delta": 1.972556}}
{"target": -1.279265565537861, "params": {"model__colsample_bylevel": 1.0, "model__colsample_bynode": 0.3, "model__colsample_bytree": 0.3, "model__learning_rate": 0.3, "model__max_depth": 4.160560327270971, "model__n_estimators": 22.86016684117438, "model__reg_lambda": 1.4142797172099628}, "datetime": {"datetime": "2021-03-27 03:11:21", "elapsed": 228.292671, "delta": 1.925472}}
{"target": -1.3893887539326715, "params": {"model__colsample_bylevel": 0.3, "model__colsample_bynode": 1.0, "model__colsample_bytree": 1.0, "model__learning_rate": 0.3, "model__max_depth": 8.0, "model__n_estimators": 22.44408974649592, "model__reg_lambda": 7.403349381405752}, "datetime": {"datetime": "2021-03-27 03:11:23", "elapsed": 230.530572, "delta": 2.237901}}
{"target": -1.3173146023334046, "params": {"model__colsample_bylevel": 1.0, "model__colsample_bynode": 0.3, "model__colsample_bytree": 0.3, "model__learning_rate": 0.3, "model__max_depth": 8.0, "model__n_estimators": 24.221270257559862, "model__reg_lambda": 0.0}, "datetime": {"datetime": "2021-03-27 03:11:25", "elapsed": 232.511806, "delta": 1.981234}}
{"target": -1.3750027470830557, "params": {"model__colsample_bylevel": 0.4925002029367241, "model__colsample_bynode": 0.3, "model__colsample_bytree": 0.3, "model__learning_rate": 0.3, "model__max_depth": 5.910060348778114, "model__n_estimators": 22.90127249406467, "model__reg_lambda": 2.713266088104913}, "datetime": {"datetime": "2021-03-27 03:11:27", "elapsed": 234.139072, "delta": 1.627266}}
{"target": -1.3459344379495883, "params": {"model__colsample_bylevel": 1.0, "model__colsample_bynode": 0.3, "model__colsample_bytree": 0.3, "model__learning_rate": 0.3, "model__max_depth": 2.0, "model__n_estimators": 22.06394134199696, "model__reg_lambda": 0.0}, "datetime": {"datetime": "2021-03-27 03:11:29", "elapsed": 236.201736, "delta": 2.062664}}
{"target": -1.4579162409853026, "params": {"model__colsample_bylevel": 0.3, "model__colsample_bynode": 1.0, "model__colsample_bytree": 1.0, "model__learning_rate": 0.3, "model__max_depth": 4.249942561078082, "model__n_estimators": 18.809534056491632, "model__reg_lambda": 10.0}, "datetime": {"datetime": "2021-03-27 03:11:31", "elapsed": 238.333098, "delta": 2.131362}}
{"target": -1.3063143607782388, "params": {"model__colsample_bylevel": 0.3, "model__colsample_bynode": 1.0, "model__colsample_bytree": 0.3, "model__learning_rate": 0.3, "model__max_depth": 7.023771408671183, "model__n_estimators": 30.0, "model__reg_lambda": 5.259923324730894}, "datetime": {"datetime": "2021-03-27 03:11:33", "elapsed": 240.341039, "delta": 2.007941}}
{"target": -1.3651482532448744, "params": {"model__colsample_bylevel": 1.0, "model__colsample_bynode": 1.0, "model__colsample_bytree": 0.3, "model__learning_rate": 0.3, "model__max_depth": 5.145277806374484, "model__n_estimators": 21.57735945188019, "model__reg_lambda": 5.970328803947368}, "datetime": {"datetime": "2021-03-27 03:11:35", "elapsed": 242.53251, "delta": 2.191471}}
{"target": -1.2988690721795666, "params": {"model__colsample_bylevel": 1.0, "model__colsample_bynode": 0.3, "model__colsample_bytree": 0.3, "model__learning_rate": 0.3, "model__max_depth": 4.073852935279118, "model__n_estimators": 24.213011777962592, "model__reg_lambda": 0.8649989396764802}, "datetime": {"datetime": "2021-03-27 03:11:37", "elapsed": 244.26826, "delta": 1.73575}}
{"target": -1.4267842563179631, "params": {"model__colsample_bylevel": 1.0, "model__colsample_bynode": 1.0, "model__colsample_bytree": 1.0, "model__learning_rate": 0.3, "model__max_depth": 8.0, "model__n_estimators": 30.0, "model__reg_lambda": 10.0}, "datetime": {"datetime": "2021-03-27 03:11:40", "elapsed": 247.596699, "delta": 3.328439}}
{"target": -1.3651740641076713, "params": {"model__colsample_bylevel": 1.0, "model__colsample_bynode": 1.0, "model__colsample_bytree": 0.3, "model__learning_rate": 0.3, "model__max_depth": 2.8163203176361975, "model__n_estimators": 22.930120462326112, "model__reg_lambda": 1.069628641123625}, "datetime": {"datetime": "2021-03-27 03:11:42", "elapsed": 249.560504, "delta": 1.963805}}
{"target": -1.2759195277737319, "params": {"model__colsample_bylevel": 1.0, "model__colsample_bynode": 0.3, "model__colsample_bytree": 0.3, "model__learning_rate": 0.3, "model__max_depth": 4.452454070287503, "model__n_estimators": 21.124797053692387, "model__reg_lambda": 2.339321111408448}, "datetime": {"datetime": "2021-03-27 03:11:44", "elapsed": 251.19878, "delta": 1.638276}}
{"target": -1.2873985610564875, "params": {"model__colsample_bylevel": 1.0, "model__colsample_bynode": 0.3, "model__colsample_bytree": 0.3, "model__learning_rate": 0.3, "model__max_depth": 8.0, "model__n_estimators": 24.628061113562904, "model__reg_lambda": 2.096804127481891}, "datetime": {"datetime": "2021-03-27 03:11:46", "elapsed": 253.075082, "delta": 1.876302}}
{"target": -1.4243365726177244, "params": {"model__colsample_bylevel": 0.3, "model__colsample_bynode": 0.3, "model__colsample_bytree": 0.3, "model__learning_rate": 0.3, "model__max_depth": 8.0, "model__n_estimators": 29.43554507291532, "model__reg_lambda": 6.511758446271938}, "datetime": {"datetime": "2021-03-27 03:11:47", "elapsed": 254.943389, "delta": 1.868307}}
{"target": -1.3051143125671407, "params": {"model__colsample_bylevel": 1.0, "model__colsample_bynode": 0.3, "model__colsample_bytree": 0.3, "model__learning_rate": 0.3, "model__max_depth": 8.0, "model__n_estimators": 22.06362776459908, "model__reg_lambda": 3.147501165628344}, "datetime": {"datetime": "2021-03-27 03:11:49", "elapsed": 256.68958, "delta": 1.746191}}
{"target": -1.2892137997297815, "params": {"model__colsample_bylevel": 0.3, "model__colsample_bynode": 1.0, "model__colsample_bytree": 0.3, "model__learning_rate": 0.3, "model__max_depth": 7.594320121557903, "model__n_estimators": 30.0, "model__reg_lambda": 3.0926895816312663}, "datetime": {"datetime": "2021-03-27 03:11:51", "elapsed": 258.855066, "delta": 2.165486}}
{"target": -1.334357278432319, "params": {"model__colsample_bylevel": 1.0, "model__colsample_bynode": 0.3, "model__colsample_bytree": 0.3, "model__learning_rate": 0.3, "model__max_depth": 3.562297302169039, "model__n_estimators": 30.0, "model__reg_lambda": 10.0}, "datetime": {"datetime": "2021-03-27 03:11:53", "elapsed": 260.553849, "delta": 1.698783}}
{"target": -1.4444126320354962, "params": {"model__colsample_bylevel": 1.0, "model__colsample_bynode": 0.3, "model__colsample_bytree": 1.0, "model__learning_rate": 0.3, "model__max_depth": 8.0, "model__n_estimators": 17.674716279513564, "model__reg_lambda": 10.0}, "datetime": {"datetime": "2021-03-27 03:11:55", "elapsed": 262.568299, "delta": 2.01445}}
{"target": -1.2924599947583306, "params": {"model__colsample_bylevel": 1.0, "model__colsample_bynode": 0.3, "model__colsample_bytree": 0.3, "model__learning_rate": 0.3, "model__max_depth": 5.381014490088065, "model__n_estimators": 19.757329688588538, "model__reg_lambda": 2.38439878002601}, "datetime": {"datetime": "2021-03-27 03:11:57", "elapsed": 264.767146, "delta": 2.198847}}
{"target": -1.4420041589424069, "params": {"model__colsample_bylevel": 0.3, "model__colsample_bynode": 0.3, "model__colsample_bytree": 0.3, "model__learning_rate": 0.3, "model__max_depth": 8.0, "model__n_estimators": 16.85568861127051, "model__reg_lambda": 0.0}, "datetime": {"datetime": "2021-03-27 03:11:59", "elapsed": 266.703831, "delta": 1.936685}}
{"target": -1.3147762937079845, "params": {"model__colsample_bylevel": 1.0, "model__colsample_bynode": 0.3, "model__colsample_bytree": 0.3, "model__learning_rate": 0.3, "model__max_depth": 4.85259015201998, "model__n_estimators": 21.130240575056547, "model__reg_lambda": 1.3523909277651671}, "datetime": {"datetime": "2021-03-27 03:12:01", "elapsed": 268.468456, "delta": 1.764625}}
{"target": -1.369838963377465, "params": {"model__colsample_bylevel": 1.0, "model__colsample_bynode": 1.0, "model__colsample_bytree": 0.3, "model__learning_rate": 0.3, "model__max_depth": 4.804425857726741, "model__n_estimators": 19.28326862817116, "model__reg_lambda": 3.5588509590143604}, "datetime": {"datetime": "2021-03-27 03:12:03", "elapsed": 270.388988, "delta": 1.920532}}
{"target": -1.3044125525328076, "params": {"model__colsample_bylevel": 1.0, "model__colsample_bynode": 0.3, "model__colsample_bytree": 0.3, "model__learning_rate": 0.3, "model__max_depth": 2.786243384572131, "model__n_estimators": 28.74471572741991, "model__reg_lambda": 0.0}, "datetime": {"datetime": "2021-03-27 03:12:05", "elapsed": 272.394294, "delta": 2.005306}}
{"target": -1.2884468587844267, "params": {"model__colsample_bylevel": 1.0, "model__colsample_bynode": 0.3, "model__colsample_bytree": 0.3, "model__learning_rate": 0.3, "model__max_depth": 8.0, "model__n_estimators": 25.871198415147234, "model__reg_lambda": 2.6637422557245776}, "datetime": {"datetime": "2021-03-27 03:12:07", "elapsed": 274.687182, "delta": 2.292888}}
{"target": -1.3293915091703337, "params": {"model__colsample_bylevel": 1.0, "model__colsample_bynode": 0.3, "model__colsample_bytree": 0.3, "model__learning_rate": 0.3, "model__max_depth": 8.0, "model__n_estimators": 26.62525305283584, "model__reg_lambda": 8.735857282892779}, "datetime": {"datetime": "2021-03-27 03:12:09", "elapsed": 276.278785, "delta": 1.591603}}
{"target": -1.361633173827136, "params": {"model__colsample_bylevel": 1.0, "model__colsample_bynode": 1.0, "model__colsample_bytree": 0.3, "model__learning_rate": 0.3, "model__max_depth": 8.0, "model__n_estimators": 30.0, "model__reg_lambda": 8.376693175635939}, "datetime": {"datetime": "2021-03-27 03:12:11", "elapsed": 278.766235, "delta": 2.48745}}
{"target": -1.2573164340712644, "params": {"model__colsample_bylevel": 0.3, "model__colsample_bynode": 1.0, "model__colsample_bytree": 0.3, "model__learning_rate": 0.3, "model__max_depth": 4.395919504032576, "model__n_estimators": 28.726686239115836, "model__reg_lambda": 1.993380967742295}, "datetime": {"datetime": "2021-03-27 03:12:13", "elapsed": 280.361914, "delta": 1.595679}}
{"target": -1.3792603041288323, "params": {"model__colsample_bylevel": 1.0, "model__colsample_bynode": 0.3, "model__colsample_bytree": 1.0, "model__learning_rate": 0.3, "model__max_depth": 3.90177376052386, "model__n_estimators": 27.339167011205433, "model__reg_lambda": 7.4112996866214145}, "datetime": {"datetime": "2021-03-27 03:12:15", "elapsed": 282.503127, "delta": 2.141213}}
{"target": -1.4350704854718694, "params": {"model__colsample_bylevel": 0.3, "model__colsample_bynode": 1.0, "model__colsample_bytree": 1.0, "model__learning_rate": 0.3, "model__max_depth": 8.0, "model__n_estimators": 15.0, "model__reg_lambda": 3.9666181302652626}, "datetime": {"datetime": "2021-03-27 03:12:17", "elapsed": 284.354445, "delta": 1.851318}}
{"target": -1.2922741486690938, "params": {"model__colsample_bylevel": 0.3, "model__colsample_bynode": 1.0, "model__colsample_bytree": 0.3, "model__learning_rate": 0.3, "model__max_depth": 3.255761481630846, "model__n_estimators": 28.485083214153253, "model__reg_lambda": 2.456991607697269}, "datetime": {"datetime": "2021-03-27 03:12:19", "elapsed": 286.071142, "delta": 1.716697}}
{"target": -1.3184899610453757, "params": {"model__colsample_bylevel": 0.3, "model__colsample_bynode": 1.0, "model__colsample_bytree": 0.3, "model__learning_rate": 0.3, "model__max_depth": 3.3301811216765222, "model__n_estimators": 25.88839730520469, "model__reg_lambda": 6.818030539137646}, "datetime": {"datetime": "2021-03-27 03:12:20", "elapsed": 287.856954, "delta": 1.785812}}
{"target": -1.382469745406854, "params": {"model__colsample_bylevel": 1.0, "model__colsample_bynode": 1.0, "model__colsample_bytree": 0.3, "model__learning_rate": 0.3, "model__max_depth": 2.0, "model__n_estimators": 27.105390362424544, "model__reg_lambda": 5.040355740862477}, "datetime": {"datetime": "2021-03-27 03:12:22", "elapsed": 289.816344, "delta": 1.95939}}
{"target": -1.5398571604511875, "params": {"model__colsample_bylevel": 0.3, "model__colsample_bynode": 0.3, "model__colsample_bytree": 0.3, "model__learning_rate": 0.3, "model__max_depth": 3.600958672218654, "model__n_estimators": 15.0, "model__reg_lambda": 4.834931217567487}, "datetime": {"datetime": "2021-03-27 03:12:24", "elapsed": 291.400972, "delta": 1.584628}}
{"target": -1.3417494179829417, "params": {"model__colsample_bylevel": 1.0, "model__colsample_bynode": 0.3, "model__colsample_bytree": 0.3, "model__learning_rate": 0.3, "model__max_depth": 8.0, "model__n_estimators": 22.391753203771035, "model__reg_lambda": 4.784794391531212}, "datetime": {"datetime": "2021-03-27 03:12:26", "elapsed": 293.121166, "delta": 1.720194}}
{"target": -1.306808082855212, "params": {"model__colsample_bylevel": 1.0, "model__colsample_bynode": 0.3, "model__colsample_bytree": 0.3, "model__learning_rate": 0.3, "model__max_depth": 3.823382795814944, "model__n_estimators": 30.0, "model__reg_lambda": 7.112713683749943}, "datetime": {"datetime": "2021-03-27 03:12:27", "elapsed": 294.935763, "delta": 1.814597}}
{"target": -1.4177814969550009, "params": {"model__colsample_bylevel": 0.3, "model__colsample_bynode": 0.3, "model__colsample_bytree": 0.3, "model__learning_rate": 0.3, "model__max_depth": 4.956422099142316, "model__n_estimators": 20.65212834322243, "model__reg_lambda": 2.8575373465512133}, "datetime": {"datetime": "2021-03-27 03:12:30", "elapsed": 296.96465, "delta": 2.028887}}
