{"target": -1.4338465656086368, "params": {"model__colsample_bylevel": 0.8032909797610204, "model__colsample_bynode": 0.7713021432027297, "model__colsample_bytree": 0.6853736563856032, "model__learning_rate": 0.23655460523720243, "model__max_depth": 3.0441975506001606, "model__n_estimators": 21.967771044500967, "model__reg_lambda": 4.939589109277965}, "datetime": {"datetime": "2021-03-27 02:14:08", "elapsed": 20.445791, "delta": 0.461753}}
{"target": -1.4240347754993086, "params": {"model__colsample_bylevel": 0.3191878877624776, "model__colsample_bynode": 0.4527668367686508, "model__colsample_bytree": 0.9533861738476699, "model__learning_rate": 0.23172885748318614, "model__max_depth": 7.871974941466348, "model__n_estimators": 20.539710627919593, "model__reg_lambda": 7.6239037960184355}, "datetime": {"datetime": "2021-03-27 02:14:08", "elapsed": 20.76489, "delta": 0.319099}}
{"target": -1.5429547189370445, "params": {"model__colsample_bylevel": 0.7197656118669662, "model__colsample_bynode": 0.7214646750503465, "model__colsample_bytree": 0.37931534877147977, "model__learning_rate": 0.14444015703665763, "model__max_depth": 2.433575141809544, "model__n_estimators": 22.57954207818872, "model__reg_lambda": 3.4509917372173025}, "datetime": {"datetime": "2021-03-27 02:14:08", "elapsed": 20.985851, "delta": 0.220961}}
{"target": -1.3885498818010091, "params": {"model__colsample_bylevel": 0.43770438267170664, "model__colsample_bynode": 0.562288016838024, "model__colsample_bytree": 0.6684847059501842, "model__learning_rate": 0.24216538663414655, "model__max_depth": 5.53982800385271, "model__n_estimators": 24.586364893849456, "model__reg_lambda": 6.03761911116279}, "datetime": {"datetime": "2021-03-27 02:14:09", "elapsed": 21.372767, "delta": 0.386916}}
{"target": -1.3644059854033201, "params": {"model__colsample_bylevel": 0.5615024327662378, "model__colsample_bynode": 0.5278880157630303, "model__colsample_bytree": 0.6927994632423486, "model__learning_rate": 0.2499326997232081, "model__max_depth": 7.515144966264312, "model__n_estimators": 27.41503748405572, "model__reg_lambda": 5.537273620404508}, "datetime": {"datetime": "2021-03-27 02:14:09", "elapsed": 21.836638, "delta": 0.463871}}
{"target": -1.418962790754934, "params": {"model__colsample_bylevel": 0.8773753442334304, "model__colsample_bynode": 0.3197624374107063, "model__colsample_bytree": 0.8582648079772404, "model__learning_rate": 0.1398977410305498, "model__max_depth": 6.115045756510598, "model__n_estimators": 27.377846347953547, "model__reg_lambda": 3.1496308071503187}, "datetime": {"datetime": "2021-03-27 02:14:10", "elapsed": 22.375662, "delta": 0.539024}}
{"target": -1.4498542035862372, "params": {"model__colsample_bylevel": 0.5798231824380045, "model__colsample_bynode": 0.9899122285696411, "model__colsample_bytree": 0.4774952834387126, "model__learning_rate": 0.25106786479472265, "model__max_depth": 4.436357453829759, "model__n_estimators": 19.72844903945682, "model__reg_lambda": 7.705159221072094}, "datetime": {"datetime": "2021-03-27 02:14:10", "elapsed": 22.748579, "delta": 0.372917}}
{"target": -1.4502485094187052, "params": {"model__colsample_bylevel": 0.6149024037576569, "model__colsample_bynode": 0.7970601762740899, "model__colsample_bytree": 0.4555403075808654, "model__learning_rate": 0.26476738246878556, "model__max_depth": 6.3006447069266285, "model__n_estimators": 22.48861984031197, "model__reg_lambda": 7.91551010046181}, "datetime": {"datetime": "2021-03-27 02:14:11", "elapsed": 23.18144, "delta": 0.432861}}
{"target": -1.3888514101566016, "params": {"model__colsample_bylevel": 0.9437937215686736, "model__colsample_bynode": 0.8511722448868555, "model__colsample_bytree": 0.5084857837350747, "model__learning_rate": 0.24346701302396254, "model__max_depth": 5.690340786662006, "model__n_estimators": 27.619845335231588, "model__reg_lambda": 4.0456797253845265}, "datetime": {"datetime": "2021-03-27 02:14:11", "elapsed": 23.926665, "delta": 0.745225}}
{"target": -1.380220777614285, "params": {"model__colsample_bylevel": 0.6173529449301774, "model__colsample_bynode": 0.3656352091501882, "model__colsample_bytree": 0.45305055880659917, "model__learning_rate": 0.20586849821836273, "model__max_depth": 5.173197962934258, "model__n_estimators": 25.696146745858105, "model__reg_lambda": 2.863925264426952}, "datetime": {"datetime": "2021-03-27 02:14:12", "elapsed": 24.210001, "delta": 0.283336}}
{"target": -1.5432141241172086, "params": {"model__colsample_bylevel": 0.3812502817792496, "model__colsample_bynode": 0.43107613084910207, "model__colsample_bytree": 0.6036033759584388, "model__learning_rate": 0.13710847453713484, "model__max_depth": 2.7407946095138094, "model__n_estimators": 25.875381462387566, "model__reg_lambda": 9.101677556132595}, "datetime": {"datetime": "2021-03-27 02:14:12", "elapsed": 24.437639, "delta": 0.227638}}
{"target": -1.4478965787729925, "params": {"model__colsample_bylevel": 0.3426383940311504, "model__colsample_bynode": 0.3292770968669983, "model__colsample_bytree": 0.49999974247633633, "model__learning_rate": 0.21592871225493404, "model__max_depth": 7.629568478689846, "model__n_estimators": 23.72527860523467, "model__reg_lambda": 6.7998375849329875}, "datetime": {"datetime": "2021-03-27 02:14:12", "elapsed": 24.661183, "delta": 0.223544}}
{"target": -1.504839520642291, "params": {"model__colsample_bylevel": 1.0, "model__colsample_bynode": 1.0, "model__colsample_bytree": 1.0, "model__learning_rate": 0.3, "model__max_depth": 8.0, "model__n_estimators": 15.0, "model__reg_lambda": 10.0}, "datetime": {"datetime": "2021-03-27 02:14:14", "elapsed": 26.184251, "delta": 1.523068}}
{"target": -1.357012494318727, "params": {"model__colsample_bylevel": 0.3, "model__colsample_bynode": 1.0, "model__colsample_bytree": 0.3, "model__learning_rate": 0.3, "model__max_depth": 8.0, "model__n_estimators": 30.0, "model__reg_lambda": 10.0}, "datetime": {"datetime": "2021-03-27 02:14:14", "elapsed": 26.982208, "delta": 0.797957}}
{"target": -1.411210818953164, "params": {"model__colsample_bylevel": 0.3, "model__colsample_bynode": 1.0, "model__colsample_bytree": 0.3, "model__learning_rate": 0.3, "model__max_depth": 2.0, "model__n_estimators": 30.0, "model__reg_lambda": 10.0}, "datetime": {"datetime": "2021-03-27 02:14:15", "elapsed": 27.893621, "delta": 0.911413}}
{"target": -1.4448690980564858, "params": {"model__colsample_bylevel": 0.3, "model__colsample_bynode": 0.3, "model__colsample_bytree": 1.0, "model__learning_rate": 0.3, "model__max_depth": 8.0, "model__n_estimators": 15.0, "model__reg_lambda": 6.095651116542316}, "datetime": {"datetime": "2021-03-27 02:14:16", "elapsed": 28.717311, "delta": 0.82369}}
{"target": -1.3785805648867635, "params": {"model__colsample_bylevel": 0.3, "model__colsample_bynode": 1.0, "model__colsample_bytree": 0.3, "model__learning_rate": 0.3, "model__max_depth": 2.0, "model__n_estimators": 30.0, "model__reg_lambda": 5.870842928449816}, "datetime": {"datetime": "2021-03-27 02:14:17", "elapsed": 29.587416, "delta": 0.870105}}
{"target": -1.4035777030020034, "params": {"model__colsample_bylevel": 1.0, "model__colsample_bynode": 0.3, "model__colsample_bytree": 1.0, "model__learning_rate": 0.3, "model__max_depth": 8.0, "model__n_estimators": 19.39849369126795, "model__reg_lambda": 0.0}, "datetime": {"datetime": "2021-03-27 02:14:18", "elapsed": 30.700158, "delta": 1.112742}}
{"target": -1.455479358298623, "params": {"model__colsample_bylevel": 0.3, "model__colsample_bynode": 0.3, "model__colsample_bytree": 0.3, "model__learning_rate": 0.3, "model__max_depth": 8.0, "model__n_estimators": 30.0, "model__reg_lambda": 5.650043862646214}, "datetime": {"datetime": "2021-03-27 02:14:19", "elapsed": 31.716265, "delta": 1.016107}}
{"target": -1.4449310758623524, "params": {"model__colsample_bylevel": 1.0, "model__colsample_bynode": 1.0, "model__colsample_bytree": 1.0, "model__learning_rate": 0.3, "model__max_depth": 8.0, "model__n_estimators": 21.026372055111345, "model__reg_lambda": 4.87288316870407}, "datetime": {"datetime": "2021-03-27 02:14:21", "elapsed": 33.665334, "delta": 1.949069}}
{"target": -1.4695370742700238, "params": {"model__colsample_bylevel": 0.3, "model__colsample_bynode": 1.0, "model__colsample_bytree": 1.0, "model__learning_rate": 0.3, "model__max_depth": 2.0, "model__n_estimators": 21.193885716490744, "model__reg_lambda": 10.0}, "datetime": {"datetime": "2021-03-27 02:14:22", "elapsed": 34.681053, "delta": 1.015719}}
{"target": -1.455123353468767, "params": {"model__colsample_bylevel": 1.0, "model__colsample_bynode": 1.0, "model__colsample_bytree": 1.0, "model__learning_rate": 0.3, "model__max_depth": 8.0, "model__n_estimators": 21.01728276328402, "model__reg_lambda": 10.0}, "datetime": {"datetime": "2021-03-27 02:14:24", "elapsed": 36.723631, "delta": 2.042578}}
{"target": -1.4565919714021507, "params": {"model__colsample_bylevel": 0.3, "model__colsample_bynode": 0.3, "model__colsample_bytree": 0.3, "model__learning_rate": 0.3, "model__max_depth": 2.0, "model__n_estimators": 18.78724015921782, "model__reg_lambda": 0.0}, "datetime": {"datetime": "2021-03-27 02:14:25", "elapsed": 37.566689, "delta": 0.843058}}
{"target": -1.3732353715703525, "params": {"model__colsample_bylevel": 0.3, "model__colsample_bynode": 0.3, "model__colsample_bytree": 1.0, "model__learning_rate": 0.3, "model__max_depth": 5.157643039413741, "model__n_estimators": 22.23838196234196, "model__reg_lambda": 0.0}, "datetime": {"datetime": "2021-03-27 02:14:26", "elapsed": 38.492004, "delta": 0.925315}}
{"target": -1.3598289947362914, "params": {"model__colsample_bylevel": 0.3, "model__colsample_bynode": 1.0, "model__colsample_bytree": 0.3, "model__learning_rate": 0.3, "model__max_depth": 5.065031805136559, "model__n_estimators": 30.0, "model__reg_lambda": 10.0}, "datetime": {"datetime": "2021-03-27 02:14:27", "elapsed": 39.531038, "delta": 1.039034}}
{"target": -1.4236018018608074, "params": {"model__colsample_bylevel": 1.0, "model__colsample_bynode": 1.0, "model__colsample_bytree": 1.0, "model__learning_rate": 0.3, "model__max_depth": 8.0, "model__n_estimators": 30.0, "model__reg_lambda": 10.0}, "datetime": {"datetime": "2021-03-27 02:14:29", "elapsed": 42.115366, "delta": 2.584328}}
{"target": -1.3669919929197194, "params": {"model__colsample_bylevel": 0.3, "model__colsample_bynode": 0.3, "model__colsample_bytree": 1.0, "model__learning_rate": 0.3, "model__max_depth": 5.187675739624547, "model__n_estimators": 21.619565418048893, "model__reg_lambda": 3.938957666724451}, "datetime": {"datetime": "2021-03-27 02:14:31", "elapsed": 43.224489, "delta": 1.109123}}
{"target": -1.4251152330246903, "params": {"model__colsample_bylevel": 0.3, "model__colsample_bynode": 1.0, "model__colsample_bytree": 1.0, "model__learning_rate": 0.3, "model__max_depth": 8.0, "model__n_estimators": 15.0, "model__reg_lambda": 0.0}, "datetime": {"datetime": "2021-03-27 02:14:32", "elapsed": 44.324898, "delta": 1.100409}}
{"target": -1.3714285440041103, "params": {"model__colsample_bylevel": 0.3, "model__colsample_bynode": 0.3, "model__colsample_bytree": 0.3, "model__learning_rate": 0.3, "model__max_depth": 2.0, "model__n_estimators": 28.553003080000433, "model__reg_lambda": 0.0}, "datetime": {"datetime": "2021-03-27 02:14:33", "elapsed": 45.161789, "delta": 0.836891}}
{"target": -1.4722168074434867, "params": {"model__colsample_bylevel": 1.0, "model__colsample_bynode": 1.0, "model__colsample_bytree": 1.0, "model__learning_rate": 0.3, "model__max_depth": 5.0923163171200185, "model__n_estimators": 15.0, "model__reg_lambda": 5.49821719531936}, "datetime": {"datetime": "2021-03-27 02:14:34", "elapsed": 46.879413, "delta": 1.717624}}
{"target": -1.394873700498104, "params": {"model__colsample_bylevel": 0.3, "model__colsample_bynode": 1.0, "model__colsample_bytree": 1.0, "model__learning_rate": 0.3, "model__max_depth": 4.158553403352588, "model__n_estimators": 30.0, "model__reg_lambda": 4.490564673015625}, "datetime": {"datetime": "2021-03-27 02:14:35", "elapsed": 48.054862, "delta": 1.175449}}
{"target": -1.4594228068339652, "params": {"model__colsample_bylevel": 0.3, "model__colsample_bynode": 1.0, "model__colsample_bytree": 1.0, "model__learning_rate": 0.3, "model__max_depth": 4.353866699952128, "model__n_estimators": 21.689592674204786, "model__reg_lambda": 10.0}, "datetime": {"datetime": "2021-03-27 02:14:37", "elapsed": 49.378635, "delta": 1.323773}}
{"target": -1.4198608118736193, "params": {"model__colsample_bylevel": 0.3, "model__colsample_bynode": 1.0, "model__colsample_bytree": 1.0, "model__learning_rate": 0.3, "model__max_depth": 4.113326063529306, "model__n_estimators": 30.0, "model__reg_lambda": 0.0}, "datetime": {"datetime": "2021-03-27 02:14:38", "elapsed": 50.657096, "delta": 1.278461}}
{"target": -1.366239407348136, "params": {"model__colsample_bylevel": 1.0, "model__colsample_bynode": 0.3, "model__colsample_bytree": 0.3, "model__learning_rate": 0.3, "model__max_depth": 8.0, "model__n_estimators": 27.824257733864467, "model__reg_lambda": 10.0}, "datetime": {"datetime": "2021-03-27 02:14:39", "elapsed": 51.743235, "delta": 1.086139}}
{"target": -1.4259920993543136, "params": {"model__colsample_bylevel": 0.3, "model__colsample_bynode": 0.3, "model__colsample_bytree": 0.3, "model__learning_rate": 0.3, "model__max_depth": 3.89085470925745, "model__n_estimators": 24.924012710479186, "model__reg_lambda": 0.0}, "datetime": {"datetime": "2021-03-27 02:14:40", "elapsed": 52.724822, "delta": 0.981587}}
{"target": -1.476256960776189, "params": {"model__colsample_bylevel": 1.0, "model__colsample_bynode": 0.3, "model__colsample_bytree": 1.0, "model__learning_rate": 0.3, "model__max_depth": 2.0, "model__n_estimators": 15.0, "model__reg_lambda": 0.0}, "datetime": {"datetime": "2021-03-27 02:14:41", "elapsed": 53.710669, "delta": 0.985847}}
{"target": -1.4555192651827753, "params": {"model__colsample_bylevel": 1.0, "model__colsample_bynode": 1.0, "model__colsample_bytree": 1.0, "model__learning_rate": 0.3, "model__max_depth": 3.019289334058582, "model__n_estimators": 20.676807033366586, "model__reg_lambda": 0.0}, "datetime": {"datetime": "2021-03-27 02:14:43", "elapsed": 55.346349, "delta": 1.63568}}
{"target": -1.3744014305359538, "params": {"model__colsample_bylevel": 0.3, "model__colsample_bynode": 0.3, "model__colsample_bytree": 1.0, "model__learning_rate": 0.3, "model__max_depth": 8.0, "model__n_estimators": 28.765024389833474, "model__reg_lambda": 10.0}, "datetime": {"datetime": "2021-03-27 02:14:44", "elapsed": 56.33543, "delta": 0.989081}}
{"target": -1.416767484146724, "params": {"model__colsample_bylevel": 0.3, "model__colsample_bynode": 0.3, "model__colsample_bytree": 1.0, "model__learning_rate": 0.3, "model__max_depth": 5.3809901463279, "model__n_estimators": 15.0, "model__reg_lambda": 2.52994940548636}, "datetime": {"datetime": "2021-03-27 02:14:45", "elapsed": 57.333911, "delta": 0.998481}}
{"target": -1.3862636730101878, "params": {"model__colsample_bylevel": 1.0, "model__colsample_bynode": 0.3, "model__colsample_bytree": 0.3, "model__learning_rate": 0.3, "model__max_depth": 2.0, "model__n_estimators": 30.0, "model__reg_lambda": 8.309051921410273}, "datetime": {"datetime": "2021-03-27 02:14:46", "elapsed": 58.417884, "delta": 1.083973}}
{"target": -1.3679153010336869, "params": {"model__colsample_bylevel": 0.3, "model__colsample_bynode": 1.0, "model__colsample_bytree": 0.3, "model__learning_rate": 0.3, "model__max_depth": 8.0, "model__n_estimators": 26.624793465581238, "model__reg_lambda": 0.0}, "datetime": {"datetime": "2021-03-27 02:14:47", "elapsed": 59.592243, "delta": 1.174359}}
{"target": -1.4251152330246903, "params": {"model__colsample_bylevel": 1.0, "model__colsample_bynode": 0.3, "model__colsample_bytree": 1.0, "model__learning_rate": 0.3, "model__max_depth": 8.0, "model__n_estimators": 15.0, "model__reg_lambda": 0.0}, "datetime": {"datetime": "2021-03-27 02:14:48", "elapsed": 60.769485, "delta": 1.177242}}
{"target": -1.504828642361352, "params": {"model__colsample_bylevel": 0.3, "model__colsample_bynode": 0.3, "model__colsample_bytree": 0.3, "model__learning_rate": 0.3, "model__max_depth": 8.0, "model__n_estimators": 17.424576264528046, "model__reg_lambda": 0.0}, "datetime": {"datetime": "2021-03-27 02:14:49", "elapsed": 61.728529, "delta": 0.959044}}
{"target": -1.3664880415654161, "params": {"model__colsample_bylevel": 1.0, "model__colsample_bynode": 0.3, "model__colsample_bytree": 0.3, "model__learning_rate": 0.3, "model__max_depth": 6.542236416077531, "model__n_estimators": 30.0, "model__reg_lambda": 10.0}, "datetime": {"datetime": "2021-03-27 02:14:50", "elapsed": 62.923038, "delta": 1.194509}}
{"target": -1.3669897901906594, "params": {"model__colsample_bylevel": 0.3, "model__colsample_bynode": 1.0, "model__colsample_bytree": 0.3, "model__learning_rate": 0.3, "model__max_depth": 2.0, "model__n_estimators": 30.0, "model__reg_lambda": 2.2039359457014234}, "datetime": {"datetime": "2021-03-27 02:14:51", "elapsed": 64.102619, "delta": 1.179581}}
{"target": -1.3591207439543855, "params": {"model__colsample_bylevel": 1.0, "model__colsample_bynode": 1.0, "model__colsample_bytree": 0.3, "model__learning_rate": 0.3, "model__max_depth": 3.3054845307967944, "model__n_estimators": 28.28749527794994, "model__reg_lambda": 0.0}, "datetime": {"datetime": "2021-03-27 02:14:53", "elapsed": 65.465368, "delta": 1.362749}}
{"target": -1.468312978868683, "params": {"model__colsample_bylevel": 0.3, "model__colsample_bynode": 0.3, "model__colsample_bytree": 0.3, "model__learning_rate": 0.3, "model__max_depth": 4.237859319241351, "model__n_estimators": 30.0, "model__reg_lambda": 6.704545501396376}, "datetime": {"datetime": "2021-03-27 02:14:54", "elapsed": 66.507552, "delta": 1.042184}}
{"target": -1.3867570265830642, "params": {"model__colsample_bylevel": 1.0, "model__colsample_bynode": 1.0, "model__colsample_bytree": 0.3, "model__learning_rate": 0.3, "model__max_depth": 3.5740497641135756, "model__n_estimators": 28.19814438746947, "model__reg_lambda": 10.0}, "datetime": {"datetime": "2021-03-27 02:14:55", "elapsed": 67.878653, "delta": 1.371101}}
{"target": -1.4833902206541834, "params": {"model__colsample_bylevel": 0.3, "model__colsample_bynode": 0.3, "model__colsample_bytree": 1.0, "model__learning_rate": 0.3, "model__max_depth": 5.000587552586189, "model__n_estimators": 15.0, "model__reg_lambda": 10.0}, "datetime": {"datetime": "2021-03-27 02:14:57", "elapsed": 69.426129, "delta": 1.547476}}
{"target": -1.3931124146163896, "params": {"model__colsample_bylevel": 1.0, "model__colsample_bynode": 0.3, "model__colsample_bytree": 1.0, "model__learning_rate": 0.3, "model__max_depth": 2.9776090032552838, "model__n_estimators": 30.0, "model__reg_lambda": 10.0}, "datetime": {"datetime": "2021-03-27 02:14:59", "elapsed": 71.216555, "delta": 1.790426}}
{"target": -1.3564691671251279, "params": {"model__colsample_bylevel": 0.3, "model__colsample_bynode": 0.3, "model__colsample_bytree": 1.0, "model__learning_rate": 0.3, "model__max_depth": 8.0, "model__n_estimators": 24.839906912381398, "model__reg_lambda": 2.588529818228161}, "datetime": {"datetime": "2021-03-27 02:15:00", "elapsed": 73.109429, "delta": 1.892874}}
{"target": -1.402196421205957, "params": {"model__colsample_bylevel": 0.3, "model__colsample_bynode": 1.0, "model__colsample_bytree": 1.0, "model__learning_rate": 0.3, "model__max_depth": 8.0, "model__n_estimators": 21.417268886215222, "model__reg_lambda": 0.0}, "datetime": {"datetime": "2021-03-27 02:15:03", "elapsed": 75.157361, "delta": 2.047932}}
{"target": -1.4528372908416003, "params": {"model__colsample_bylevel": 1.0, "model__colsample_bynode": 0.3, "model__colsample_bytree": 1.0, "model__learning_rate": 0.3, "model__max_depth": 3.452276252106154, "model__n_estimators": 19.58766238060253, "model__reg_lambda": 10.0}, "datetime": {"datetime": "2021-03-27 02:15:04", "elapsed": 77.044403, "delta": 1.887042}}
{"target": -1.344626531960524, "params": {"model__colsample_bylevel": 0.3, "model__colsample_bynode": 1.0, "model__colsample_bytree": 0.3, "model__learning_rate": 0.3, "model__max_depth": 8.0, "model__n_estimators": 27.66823608609633, "model__reg_lambda": 3.1886882095699423}, "datetime": {"datetime": "2021-03-27 02:15:06", "elapsed": 78.524537, "delta": 1.480134}}
{"target": -1.4615888053200383, "params": {"model__colsample_bylevel": 1.0, "model__colsample_bynode": 1.0, "model__colsample_bytree": 1.0, "model__learning_rate": 0.3, "model__max_depth": 2.0, "model__n_estimators": 30.0, "model__reg_lambda": 7.760631482037436}, "datetime": {"datetime": "2021-03-27 02:15:08", "elapsed": 80.717858, "delta": 2.193321}}
{"target": -1.4617088821730104, "params": {"model__colsample_bylevel": 1.0, "model__colsample_bynode": 0.3, "model__colsample_bytree": 1.0, "model__learning_rate": 0.3, "model__max_depth": 8.0, "model__n_estimators": 17.811219930922395, "model__reg_lambda": 5.698375396674415}, "datetime": {"datetime": "2021-03-27 02:15:10", "elapsed": 82.659944, "delta": 1.942086}}
{"target": -1.3756951187156896, "params": {"model__colsample_bylevel": 0.3, "model__colsample_bynode": 0.3, "model__colsample_bytree": 1.0, "model__learning_rate": 0.3, "model__max_depth": 2.0, "model__n_estimators": 28.37540743441474, "model__reg_lambda": 5.929738965072044}, "datetime": {"datetime": "2021-03-27 02:15:12", "elapsed": 84.518618, "delta": 1.858674}}
{"target": -1.4045845802576427, "params": {"model__colsample_bylevel": 0.3, "model__colsample_bynode": 1.0, "model__colsample_bytree": 1.0, "model__learning_rate": 0.3, "model__max_depth": 4.177211545496551, "model__n_estimators": 22.852425834072694, "model__reg_lambda": 1.7080229228009547}, "datetime": {"datetime": "2021-03-27 02:15:14", "elapsed": 86.268565, "delta": 1.749947}}
