{"target": -1.3750577157849204, "params": {"model__colsample_bylevel": 0.3, "model__colsample_bynode": 0.3, "model__colsample_bytree": 1.0, "model__learning_rate": 0.3, "model__max_depth": 8.0, "model__n_estimators": 20.351378252049944, "model__reg_lambda": 2.0025044444431828}, "datetime": {"datetime": "2021-03-27 02:15:15", "elapsed": 87.961438, "delta": 1.692873}}
{"target": -1.3884674360051048, "params": {"model__colsample_bylevel": 0.3, "model__colsample_bynode": 0.3, "model__colsample_bytree": 1.0, "model__learning_rate": 0.3, "model__max_depth": 5.517984551773851, "model__n_estimators": 18.95109055679116, "model__reg_lambda": 0.0}, "datetime": {"datetime": "2021-03-27 02:15:17", "elapsed": 89.793247, "delta": 1.831809}}
{"target": -1.621079372042331, "params": {"model__colsample_bylevel": 0.3, "model__colsample_bynode": 0.3, "model__colsample_bytree": 0.3, "model__learning_rate": 0.3, "model__max_depth": 2.0, "model__n_estimators": 15.0, "model__reg_lambda": 6.030554581518567}, "datetime": {"datetime": "2021-03-27 02:15:19", "elapsed": 91.326186, "delta": 1.532939}}
{"target": -1.3821210525916432, "params": {"model__colsample_bylevel": 0.3, "model__colsample_bynode": 1.0, "model__colsample_bytree": 0.3, "model__learning_rate": 0.3, "model__max_depth": 8.0, "model__n_estimators": 27.79963253593296, "model__reg_lambda": 8.087746773382534}, "datetime": {"datetime": "2021-03-27 02:15:20", "elapsed": 92.939736, "delta": 1.61355}}
{"target": -1.4875178537560978, "params": {"model__colsample_bylevel": 0.3, "model__colsample_bynode": 0.3, "model__colsample_bytree": 0.3, "model__learning_rate": 0.3, "model__max_depth": 5.070285567928114, "model__n_estimators": 28.212015535313483, "model__reg_lambda": 10.0}, "datetime": {"datetime": "2021-03-27 02:15:22", "elapsed": 94.319368, "delta": 1.379632}}
{"target": -1.422268303958834, "params": {"model__colsample_bylevel": 1.0, "model__colsample_bynode": 1.0, "model__colsample_bytree": 1.0, "model__learning_rate": 0.3, "model__max_depth": 8.0, "model__n_estimators": 25.003573452614198, "model__reg_lambda": 7.847388803694492}, "datetime": {"datetime": "2021-03-27 02:15:25", "elapsed": 97.595367, "delta": 3.275999}}
{"target": -1.3791553334071491, "params": {"model__colsample_bylevel": 1.0, "model__colsample_bynode": 1.0, "model__colsample_bytree": 0.3, "model__learning_rate": 0.3, "model__max_depth": 8.0, "model__n_estimators": 30.0, "model__reg_lambda": 0.0}, "datetime": {"datetime": "2021-03-27 02:15:27", "elapsed": 99.574453, "delta": 1.979086}}
{"target": -1.43952300141471, "params": {"model__colsample_bylevel": 1.0, "model__colsample_bynode": 1.0, "model__colsample_bytree": 0.3, "model__learning_rate": 0.3, "model__max_depth": 2.0, "model__n_estimators": 23.12129590463717, "model__reg_lambda": 10.0}, "datetime": {"datetime": "2021-03-27 02:15:29", "elapsed": 101.489425, "delta": 1.914972}}
{"target": -1.444984207075575, "params": {"model__colsample_bylevel": 0.3, "model__colsample_bynode": 0.3, "model__colsample_bytree": 1.0, "model__learning_rate": 0.3, "model__max_depth": 5.237379884273924, "model__n_estimators": 15.0, "model__reg_lambda": 6.523613160846457}, "datetime": {"datetime": "2021-03-27 02:15:31", "elapsed": 103.250458, "delta": 1.761033}}
{"target": -1.4218162422729792, "params": {"model__colsample_bylevel": 1.0, "model__colsample_bynode": 0.3, "model__colsample_bytree": 1.0, "model__learning_rate": 0.3, "model__max_depth": 5.793281526880558, "model__n_estimators": 22.22481270300487, "model__reg_lambda": 6.537723646540821}, "datetime": {"datetime": "2021-03-27 02:15:33", "elapsed": 105.417001, "delta": 2.166543}}
{"target": -1.3672459948295053, "params": {"model__colsample_bylevel": 1.0, "model__colsample_bynode": 0.3, "model__colsample_bytree": 0.3, "model__learning_rate": 0.3, "model__max_depth": 2.0, "model__n_estimators": 30.0, "model__reg_lambda": 4.2354091114910055}, "datetime": {"datetime": "2021-03-27 02:15:35", "elapsed": 107.313193, "delta": 1.896192}}
{"target": -1.5447816707112867, "params": {"model__colsample_bylevel": 1.0, "model__colsample_bynode": 1.0, "model__colsample_bytree": 1.0, "model__learning_rate": 0.3, "model__max_depth": 4.6262607924523405, "model__n_estimators": 15.0, "model__reg_lambda": 0.0}, "datetime": {"datetime": "2021-03-27 02:15:37", "elapsed": 109.800361, "delta": 2.487168}}
{"target": -1.3825861384471256, "params": {"model__colsample_bylevel": 1.0, "model__colsample_bynode": 1.0, "model__colsample_bytree": 0.3, "model__learning_rate": 0.3, "model__max_depth": 2.0, "model__n_estimators": 27.515341158861688, "model__reg_lambda": 7.422700150290139}, "datetime": {"datetime": "2021-03-27 02:15:39", "elapsed": 111.568493, "delta": 1.768132}}
{"target": -1.4097217678348872, "params": {"model__colsample_bylevel": 0.3, "model__colsample_bynode": 0.3, "model__colsample_bytree": 1.0, "model__learning_rate": 0.3, "model__max_depth": 8.0, "model__n_estimators": 24.45489896364442, "model__reg_lambda": 10.0}, "datetime": {"datetime": "2021-03-27 02:15:41", "elapsed": 113.554362, "delta": 1.985869}}
{"target": -1.4330357198961132, "params": {"model__colsample_bylevel": 1.0, "model__colsample_bynode": 0.3, "model__colsample_bytree": 1.0, "model__learning_rate": 0.3, "model__max_depth": 5.867070610631805, "model__n_estimators": 20.74194353142175, "model__reg_lambda": 1.3833816838264696}, "datetime": {"datetime": "2021-03-27 02:15:43", "elapsed": 115.376438, "delta": 1.822076}}
{"target": -1.44162355478772, "params": {"model__colsample_bylevel": 0.3, "model__colsample_bynode": 0.3, "model__colsample_bytree": 0.3, "model__learning_rate": 0.3, "model__max_depth": 3.7949592738464886, "model__n_estimators": 21.312245669124927, "model__reg_lambda": 0.0}, "datetime": {"datetime": "2021-03-27 02:15:45", "elapsed": 117.282336, "delta": 1.905898}}
{"target": -1.418327400803674, "params": {"model__colsample_bylevel": 0.3, "model__colsample_bynode": 0.3, "model__colsample_bytree": 1.0, "model__learning_rate": 0.3, "model__max_depth": 8.0, "model__n_estimators": 15.0, "model__reg_lambda": 1.9619804145741089}, "datetime": {"datetime": "2021-03-27 02:15:47", "elapsed": 119.154732, "delta": 1.872396}}
{"target": -1.4847059807564684, "params": {"model__colsample_bylevel": 1.0, "model__colsample_bynode": 1.0, "model__colsample_bytree": 1.0, "model__learning_rate": 0.3, "model__max_depth": 2.0, "model__n_estimators": 23.467079361639314, "model__reg_lambda": 7.489934266135662}, "datetime": {"datetime": "2021-03-27 02:15:49", "elapsed": 121.237096, "delta": 2.082364}}
{"target": -1.4794085116220124, "params": {"model__colsample_bylevel": 0.3, "model__colsample_bynode": 0.3, "model__colsample_bytree": 0.3, "model__learning_rate": 0.3, "model__max_depth": 8.0, "model__n_estimators": 24.175214133929877, "model__reg_lambda": 0.0}, "datetime": {"datetime": "2021-03-27 02:15:51", "elapsed": 123.16339, "delta": 1.926294}}
{"target": -1.3439076102605305, "params": {"model__colsample_bylevel": 0.3, "model__colsample_bynode": 1.0, "model__colsample_bytree": 0.3, "model__learning_rate": 0.3, "model__max_depth": 5.275871395413212, "model__n_estimators": 27.531707952731296, "model__reg_lambda": 0.0}, "datetime": {"datetime": "2021-03-27 02:15:52", "elapsed": 124.90326, "delta": 1.73987}}
{"target": -1.3588507010533974, "params": {"model__colsample_bylevel": 0.3, "model__colsample_bynode": 1.0, "model__colsample_bytree": 0.3, "model__learning_rate": 0.3, "model__max_depth": 2.0, "model__n_estimators": 23.1117502505973, "model__reg_lambda": 0.0}, "datetime": {"datetime": "2021-03-27 02:15:54", "elapsed": 126.357105, "delta": 1.453845}}
{"target": -1.4168077600404514, "params": {"model__colsample_bylevel": 0.3, "model__colsample_bynode": 1.0, "model__colsample_bytree": 1.0, "model__learning_rate": 0.3, "model__max_depth": 8.0, "model__n_estimators": 25.346401572411672, "model__reg_lambda": 4.889177008897176}, "datetime": {"datetime": "2021-03-27 02:15:56", "elapsed": 128.538061, "delta": 2.180956}}
{"target": -1.4176525831775928, "params": {"model__colsample_bylevel": 0.3, "model__colsample_bynode": 1.0, "model__colsample_bytree": 1.0, "model__learning_rate": 0.3, "model__max_depth": 6.184016123487367, "model__n_estimators": 19.593012204209252, "model__reg_lambda": 3.1602138158288122}, "datetime": {"datetime": "2021-03-27 02:15:58", "elapsed": 130.649299, "delta": 2.111238}}
{"target": -1.5176261131422244, "params": {"model__colsample_bylevel": 1.0, "model__colsample_bynode": 0.3, "model__colsample_bytree": 1.0, "model__learning_rate": 0.3, "model__max_depth": 6.667967968871247, "model__n_estimators": 15.0, "model__reg_lambda": 8.328160569989638}, "datetime": {"datetime": "2021-03-27 02:16:00", "elapsed": 132.841522, "delta": 2.192223}}
{"target": -1.3240629252356786, "params": {"model__colsample_bylevel": 0.3, "model__colsample_bynode": 0.3, "model__colsample_bytree": 1.0, "model__learning_rate": 0.3, "model__max_depth": 4.602711561843243, "model__n_estimators": 27.86484442569088, "model__reg_lambda": 4.671454993198261}, "datetime": {"datetime": "2021-03-27 02:16:02", "elapsed": 134.512285, "delta": 1.670763}}
{"target": -1.5355003258348376, "params": {"model__colsample_bylevel": 0.3, "model__colsample_bynode": 0.3, "model__colsample_bytree": 0.3, "model__learning_rate": 0.3, "model__max_depth": 3.1390727470065847, "model__n_estimators": 15.0, "model__reg_lambda": 0.0}, "datetime": {"datetime": "2021-03-27 02:16:04", "elapsed": 136.195659, "delta": 1.683374}}
{"target": -1.4946677225007527, "params": {"model__colsample_bylevel": 0.3, "model__colsample_bynode": 0.3, "model__colsample_bytree": 0.3, "model__learning_rate": 0.3, "model__max_depth": 6.164710688809489, "model__n_estimators": 23.48261494865697, "model__reg_lambda": 3.216360780230907}, "datetime": {"datetime": "2021-03-27 02:16:05", "elapsed": 137.908343, "delta": 1.712684}}
{"target": -1.4097267983508284, "params": {"model__colsample_bylevel": 0.3, "model__colsample_bynode": 0.3, "model__colsample_bytree": 0.3, "model__learning_rate": 0.3, "model__max_depth": 5.076514788109214, "model__n_estimators": 30.0, "model__reg_lambda": 1.8430776398861832}, "datetime": {"datetime": "2021-03-27 02:16:07", "elapsed": 139.442862, "delta": 1.534519}}
{"target": -1.4427552056944244, "params": {"model__colsample_bylevel": 0.3, "model__colsample_bynode": 1.0, "model__colsample_bytree": 1.0, "model__learning_rate": 0.3, "model__max_depth": 8.0, "model__n_estimators": 22.330978182134277, "model__reg_lambda": 7.819589572506743}, "datetime": {"datetime": "2021-03-27 02:16:09", "elapsed": 141.348611, "delta": 1.905749}}
{"target": -1.331445189425047, "params": {"model__colsample_bylevel": 1.0, "model__colsample_bynode": 0.3, "model__colsample_bytree": 0.3, "model__learning_rate": 0.3, "model__max_depth": 8.0, "model__n_estimators": 30.0, "model__reg_lambda": 2.55302994967118}, "datetime": {"datetime": "2021-03-27 02:16:11", "elapsed": 143.227913, "delta": 1.879302}}
{"target": -1.4851812690334476, "params": {"model__colsample_bylevel": 1.0, "model__colsample_bynode": 0.3, "model__colsample_bytree": 1.0, "model__learning_rate": 0.3, "model__max_depth": 8.0, "model__n_estimators": 17.726945423872802, "model__reg_lambda": 10.0}, "datetime": {"datetime": "2021-03-27 02:16:13", "elapsed": 145.226296, "delta": 1.998383}}
{"target": -1.4132799040553148, "params": {"model__colsample_bylevel": 1.0, "model__colsample_bynode": 0.3, "model__colsample_bytree": 1.0, "model__learning_rate": 0.3, "model__max_depth": 8.0, "model__n_estimators": 27.006374073105935, "model__reg_lambda": 3.9625878122235716}, "datetime": {"datetime": "2021-03-27 02:16:14", "elapsed": 147.06144, "delta": 1.835144}}
{"target": -1.3498341270288845, "params": {"model__colsample_bylevel": 0.3, "model__colsample_bynode": 0.3, "model__colsample_bytree": 1.0, "model__learning_rate": 0.3, "model__max_depth": 3.876621532196971, "model__n_estimators": 27.22840302086211, "model__reg_lambda": 0.0}, "datetime": {"datetime": "2021-03-27 02:16:16", "elapsed": 148.772468, "delta": 1.711028}}
{"target": -1.4532487301155927, "params": {"model__colsample_bylevel": 0.3, "model__colsample_bynode": 0.3, "model__colsample_bytree": 0.3, "model__learning_rate": 0.3, "model__max_depth": 3.023327173378515, "model__n_estimators": 28.715981993277985, "model__reg_lambda": 3.8697009629538104}, "datetime": {"datetime": "2021-03-27 02:16:18", "elapsed": 150.765281, "delta": 1.992813}}
{"target": -1.47212655124241, "params": {"model__colsample_bylevel": 0.3, "model__colsample_bynode": 0.3, "model__colsample_bytree": 0.3, "model__learning_rate": 0.3, "model__max_depth": 8.0, "model__n_estimators": 26.37319629262936, "model__reg_lambda": 6.891935191202179}, "datetime": {"datetime": "2021-03-27 02:16:20", "elapsed": 152.579603, "delta": 1.814322}}
{"target": -1.3835478369618994, "params": {"model__colsample_bylevel": 1.0, "model__colsample_bynode": 1.0, "model__colsample_bytree": 0.3, "model__learning_rate": 0.3, "model__max_depth": 8.0, "model__n_estimators": 29.101778751266977, "model__reg_lambda": 4.655327817827145}, "datetime": {"datetime": "2021-03-27 02:16:22", "elapsed": 154.875717, "delta": 2.296114}}
{"target": -1.4226346929166194, "params": {"model__colsample_bylevel": 1.0, "model__colsample_bynode": 0.3, "model__colsample_bytree": 1.0, "model__learning_rate": 0.3, "model__max_depth": 2.0, "model__n_estimators": 27.902048352618845, "model__reg_lambda": 10.0}, "datetime": {"datetime": "2021-03-27 02:16:24", "elapsed": 156.859964, "delta": 1.984247}}
{"target": -1.4029489241378463, "params": {"model__colsample_bylevel": 1.0, "model__colsample_bynode": 1.0, "model__colsample_bytree": 0.3, "model__learning_rate": 0.3, "model__max_depth": 8.0, "model__n_estimators": 25.320764013793816, "model__reg_lambda": 10.0}, "datetime": {"datetime": "2021-03-27 02:16:26", "elapsed": 158.909895, "delta": 2.049931}}
{"target": -1.4008012125916456, "params": {"model__colsample_bylevel": 0.3, "model__colsample_bynode": 1.0, "model__colsample_bytree": 1.0, "model__learning_rate": 0.3, "model__max_depth": 3.571644429034116, "model__n_estimators": 27.106380029474334, "model__reg_lambda": 6.625098527692744}, "datetime": {"datetime": "2021-03-27 02:16:28", "elapsed": 161.051361, "delta": 2.141466}}
{"target": -1.4210041583893631, "params": {"model__colsample_bylevel": 0.3, "model__colsample_bynode": 1.0, "model__colsample_bytree": 1.0, "model__learning_rate": 0.3, "model__max_depth": 3.949703058695902, "model__n_estimators": 26.525633623754416, "model__reg_lambda": 1.540524339624444}, "datetime": {"datetime": "2021-03-27 02:16:31", "elapsed": 163.168677, "delta": 2.117316}}
{"target": -1.353269766006565, "params": {"model__colsample_bylevel": 0.3, "model__colsample_bynode": 0.3, "model__colsample_bytree": 1.0, "model__learning_rate": 0.3, "model__max_depth": 3.813967916173532, "model__n_estimators": 22.908990504376046, "model__reg_lambda": 6.2530585091125275}, "datetime": {"datetime": "2021-03-27 02:16:33", "elapsed": 165.240653, "delta": 2.071976}}
{"target": -1.3979858927253255, "params": {"model__colsample_bylevel": 0.3, "model__colsample_bynode": 1.0, "model__colsample_bytree": 1.0, "model__learning_rate": 0.3, "model__max_depth": 8.0, "model__n_estimators": 30.0, "model__reg_lambda": 3.358462160281281}, "datetime": {"datetime": "2021-03-27 02:16:35", "elapsed": 167.562388, "delta": 2.321735}}
{"target": -1.4749604122578235, "params": {"model__colsample_bylevel": 1.0, "model__colsample_bynode": 0.3, "model__colsample_bytree": 1.0, "model__learning_rate": 0.3, "model__max_depth": 3.7134615193760565, "model__n_estimators": 15.0, "model__reg_lambda": 5.378700394345066}, "datetime": {"datetime": "2021-03-27 02:16:37", "elapsed": 169.507861, "delta": 1.945473}}
{"target": -1.3753367543072048, "params": {"model__colsample_bylevel": 1.0, "model__colsample_bynode": 0.3, "model__colsample_bytree": 1.0, "model__learning_rate": 0.3, "model__max_depth": 3.1847614616516555, "model__n_estimators": 28.444922202936787, "model__reg_lambda": 6.125323955527453}, "datetime": {"datetime": "2021-03-27 02:16:39", "elapsed": 171.728327, "delta": 2.220466}}
{"target": -1.3453438064036214, "params": {"model__colsample_bylevel": 0.3, "model__colsample_bynode": 0.3, "model__colsample_bytree": 1.0, "model__learning_rate": 0.3, "model__max_depth": 3.8847339152505906, "model__n_estimators": 20.64468027438225, "model__reg_lambda": 2.2048350482426993}, "datetime": {"datetime": "2021-03-27 02:16:42", "elapsed": 174.315625, "delta": 2.587298}}
{"target": -1.3818598503449364, "params": {"model__colsample_bylevel": 1.0, "model__colsample_bynode": 1.0, "model__colsample_bytree": 0.3, "model__learning_rate": 0.3, "model__max_depth": 3.5594185740157, "model__n_estimators": 30.0, "model__reg_lambda": 2.119449656456587}, "datetime": {"datetime": "2021-03-27 02:16:44", "elapsed": 176.347017, "delta": 2.031392}}
{"target": -1.3289373986112574, "params": {"model__colsample_bylevel": 0.3, "model__colsample_bynode": 0.3, "model__colsample_bytree": 1.0, "model__learning_rate": 0.3, "model__max_depth": 6.505696384865588, "model__n_estimators": 28.68368354731885, "model__reg_lambda": 4.586603580633015}, "datetime": {"datetime": "2021-03-27 02:16:45", "elapsed": 177.906131, "delta": 1.559114}}
{"target": -1.3362652054434454, "params": {"model__colsample_bylevel": 0.3, "model__colsample_bynode": 0.3, "model__colsample_bytree": 1.0, "model__learning_rate": 0.3, "model__max_depth": 2.0, "model__n_estimators": 22.504924429225973, "model__reg_lambda": 0.0}, "datetime": {"datetime": "2021-03-27 02:16:47", "elapsed": 180.019985, "delta": 2.113854}}
{"target": -1.4919696365064685, "params": {"model__colsample_bylevel": 1.0, "model__colsample_bynode": 0.3, "model__colsample_bytree": 1.0, "model__learning_rate": 0.3, "model__max_depth": 8.0, "model__n_estimators": 15.0, "model__reg_lambda": 4.408115159304105}, "datetime": {"datetime": "2021-03-27 02:16:50", "elapsed": 182.170183, "delta": 2.150198}}
{"target": -1.4143289299536685, "params": {"model__colsample_bylevel": 1.0, "model__colsample_bynode": 0.3, "model__colsample_bytree": 1.0, "model__learning_rate": 0.3, "model__max_depth": 8.0, "model__n_estimators": 30.0, "model__reg_lambda": 0.0}, "datetime": {"datetime": "2021-03-27 02:16:51", "elapsed": 184.0793, "delta": 1.909117}}
{"target": -1.4749346962252603, "params": {"model__colsample_bylevel": 0.3, "model__colsample_bynode": 1.0, "model__colsample_bytree": 1.0, "model__learning_rate": 0.3, "model__max_depth": 8.0, "model__n_estimators": 17.131613807034842, "model__reg_lambda": 7.099691922808617}, "datetime": {"datetime": "2021-03-27 02:16:53", "elapsed": 186.082728, "delta": 2.003428}}
{"target": -1.4294432924318032, "params": {"model__colsample_bylevel": 1.0, "model__colsample_bynode": 1.0, "model__colsample_bytree": 1.0, "model__learning_rate": 0.3, "model__max_depth": 8.0, "model__n_estimators": 27.1632313063301, "model__reg_lambda": 10.0}, "datetime": {"datetime": "2021-03-27 02:16:57", "elapsed": 189.197945, "delta": 3.115217}}
{"target": -1.4311786481840671, "params": {"model__colsample_bylevel": 1.0, "model__colsample_bynode": 1.0, "model__colsample_bytree": 0.3, "model__learning_rate": 0.3, "model__max_depth": 3.673565782380751, "model__n_estimators": 20.57026820989316, "model__reg_lambda": 10.0}, "datetime": {"datetime": "2021-03-27 02:16:59", "elapsed": 191.492091, "delta": 2.294146}}
{"target": -1.4227966751609724, "params": {"model__colsample_bylevel": 0.3, "model__colsample_bynode": 0.3, "model__colsample_bytree": 0.3, "model__learning_rate": 0.3, "model__max_depth": 3.8909251250754817, "model__n_estimators": 27.93728307635823, "model__reg_lambda": 0.0}, "datetime": {"datetime": "2021-03-27 02:17:01", "elapsed": 193.205127, "delta": 1.713036}}
{"target": -1.3614197849565983, "params": {"model__colsample_bylevel": 1.0, "model__colsample_bynode": 0.3, "model__colsample_bytree": 0.3, "model__learning_rate": 0.3, "model__max_depth": 2.0, "model__n_estimators": 23.58851039435226, "model__reg_lambda": 0.0}, "datetime": {"datetime": "2021-03-27 02:17:02", "elapsed": 195.065047, "delta": 1.85992}}
{"target": -1.6675631859596223, "params": {"model__colsample_bylevel": 0.3, "model__colsample_bynode": 0.3, "model__colsample_bytree": 0.3, "model__learning_rate": 0.3, "model__max_depth": 2.0, "model__n_estimators": 15.0, "model__reg_lambda": 10.0}, "datetime": {"datetime": "2021-03-27 02:17:04", "elapsed": 196.740619, "delta": 1.675572}}
{"target": -1.3885718773524074, "params": {"model__colsample_bylevel": 0.3, "model__colsample_bynode": 0.3, "model__colsample_bytree": 1.0, "model__learning_rate": 0.3, "model__max_depth": 4.515674693201805, "model__n_estimators": 20.002526267927752, "model__reg_lambda": 5.475252280103435}, "datetime": {"datetime": "2021-03-27 02:17:06", "elapsed": 198.810525, "delta": 2.069906}}
{"target": -1.3796151144335558, "params": {"model__colsample_bylevel": 0.3, "model__colsample_bynode": 1.0, "model__colsample_bytree": 0.3, "model__learning_rate": 0.3, "model__max_depth": 8.0, "model__n_estimators": 19.827822396663045, "model__reg_lambda": 1.1074744497811326}, "datetime": {"datetime": "2021-03-27 02:17:08", "elapsed": 200.465531, "delta": 1.655006}}
{"target": -1.5805954409015799, "params": {"model__colsample_bylevel": 1.0, "model__colsample_bynode": 1.0, "model__colsample_bytree": 1.0, "model__learning_rate": 0.3, "model__max_depth": 8.0, "model__n_estimators": 24.87794416472301, "model__reg_lambda": 0.0}, "datetime": {"datetime": "2021-03-27 02:17:11", "elapsed": 203.351797, "delta": 2.886266}}
{"target": -1.4170170383568368, "params": {"model__colsample_bylevel": 0.3, "model__colsample_bynode": 1.0, "model__colsample_bytree": 1.0, "model__learning_rate": 0.3, "model__max_depth": 6.161635953166642, "model__n_estimators": 20.29777925172622, "model__reg_lambda": 0.0}, "datetime": {"datetime": "2021-03-27 02:17:13", "elapsed": 205.242812, "delta": 1.891015}}
