{"target": -1.4210105025735886, "params": {"model__colsample_bylevel": 0.3, "model__colsample_bynode": 1.0, "model__colsample_bytree": 1.0, "model__learning_rate": 0.3, "model__max_depth": 4.466769878544037, "model__n_estimators": 21.757868263796954, "model__reg_lambda": 5.780597583457094}, "datetime": {"datetime": "2021-03-27 02:17:15", "elapsed": 207.213523, "delta": 1.970711}}
{"target": -1.3579242886678466, "params": {"model__colsample_bylevel": 0.3, "model__colsample_bynode": 0.3, "model__colsample_bytree": 1.0, "model__learning_rate": 0.3, "model__max_depth": 8.0, "model__n_estimators": 30.0, "model__reg_lambda": 8.325147012179514}, "datetime": {"datetime": "2021-03-27 02:17:16", "elapsed": 209.081121, "delta": 1.867598}}
{"target": -1.443254888986332, "params": {"model__colsample_bylevel": 1.0, "model__colsample_bynode": 1.0, "model__colsample_bytree": 1.0, "model__learning_rate": 0.3, "model__max_depth": 4.97436591380532, "model__n_estimators": 18.227637620618165, "model__reg_lambda": 6.108700768768957}, "datetime": {"datetime": "2021-03-27 02:17:19", "elapsed": 211.587225, "delta": 2.506104}}
{"target": -1.3457367892923724, "params": {"model__colsample_bylevel": 1.0, "model__colsample_bynode": 1.0, "model__colsample_bytree": 0.3, "model__learning_rate": 0.3, "model__max_depth": 2.0, "model__n_estimators": 26.919424706507826, "model__reg_lambda": 0.0}, "datetime": {"datetime": "2021-03-27 02:17:21", "elapsed": 213.564864, "delta": 1.977639}}
{"target": -1.432938938066903, "params": {"model__colsample_bylevel": 1.0, "model__colsample_bynode": 0.3, "model__colsample_bytree": 1.0, "model__learning_rate": 0.3, "model__max_depth": 8.0, "model__n_estimators": 21.677644362362148, "model__reg_lambda": 7.608924606632288}, "datetime": {"datetime": "2021-03-27 02:17:23", "elapsed": 215.629321, "delta": 2.064457}}
{"target": -1.3719008466600022, "params": {"model__colsample_bylevel": 1.0, "model__colsample_bynode": 0.3, "model__colsample_bytree": 0.3, "model__learning_rate": 0.3, "model__max_depth": 8.0, "model__n_estimators": 28.2606642562773, "model__reg_lambda": 0.0}, "datetime": {"datetime": "2021-03-27 02:17:25", "elapsed": 217.653425, "delta": 2.024104}}
{"target": -1.4181909923671163, "params": {"model__colsample_bylevel": 1.0, "model__colsample_bynode": 0.3, "model__colsample_bytree": 1.0, "model__learning_rate": 0.3, "model__max_depth": 8.0, "model__n_estimators": 28.63058625332069, "model__reg_lambda": 7.195178835875396}, "datetime": {"datetime": "2021-03-27 02:17:28", "elapsed": 220.30824, "delta": 2.654815}}
{"target": -1.4365237818841916, "params": {"model__colsample_bylevel": 0.3, "model__colsample_bynode": 0.3, "model__colsample_bytree": 0.3, "model__learning_rate": 0.3, "model__max_depth": 8.0, "model__n_estimators": 26.143660690441205, "model__reg_lambda": 2.06121350762582}, "datetime": {"datetime": "2021-03-27 02:17:29", "elapsed": 222.090786, "delta": 1.782546}}
{"target": -1.3617753264242851, "params": {"model__colsample_bylevel": 1.0, "model__colsample_bynode": 1.0, "model__colsample_bytree": 0.3, "model__learning_rate": 0.3, "model__max_depth": 3.8752191761671484, "model__n_estimators": 26.380304157217477, "model__reg_lambda": 0.0}, "datetime": {"datetime": "2021-03-27 02:17:32", "elapsed": 224.1688, "delta": 2.078014}}
{"target": -1.39890609242265, "params": {"model__colsample_bylevel": 1.0, "model__colsample_bynode": 0.3, "model__colsample_bytree": 1.0, "model__learning_rate": 0.3, "model__max_depth": 5.488102447898233, "model__n_estimators": 30.0, "model__reg_lambda": 3.56914812233395}, "datetime": {"datetime": "2021-03-27 02:17:34", "elapsed": 226.684159, "delta": 2.515359}}
{"target": -1.3727433358194252, "params": {"model__colsample_bylevel": 0.3, "model__colsample_bynode": 0.3, "model__colsample_bytree": 1.0, "model__learning_rate": 0.3, "model__max_depth": 3.5102925486941055, "model__n_estimators": 17.159256273147886, "model__reg_lambda": 0.0}, "datetime": {"datetime": "2021-03-27 02:17:36", "elapsed": 228.472233, "delta": 1.788074}}
{"target": -1.3514500936803717, "params": {"model__colsample_bylevel": 1.0, "model__colsample_bynode": 0.3, "model__colsample_bytree": 0.3, "model__learning_rate": 0.3, "model__max_depth": 8.0, "model__n_estimators": 30.0, "model__reg_lambda": 9.127365678380384}, "datetime": {"datetime": "2021-03-27 02:17:38", "elapsed": 230.559375, "delta": 2.087142}}
{"target": -1.5692858074886211, "params": {"model__colsample_bylevel": 0.3, "model__colsample_bynode": 0.3, "model__colsample_bytree": 0.3, "model__learning_rate": 0.3, "model__max_depth": 2.0, "model__n_estimators": 21.931657665079687, "model__reg_lambda": 7.801744899117711}, "datetime": {"datetime": "2021-03-27 02:17:40", "elapsed": 232.288265, "delta": 1.72889}}
{"target": -1.3622067036026198, "params": {"model__colsample_bylevel": 0.3, "model__colsample_bynode": 1.0, "model__colsample_bytree": 0.3, "model__learning_rate": 0.3, "model__max_depth": 6.731328228610917, "model__n_estimators": 30.0, "model__reg_lambda": 8.511348686082625}, "datetime": {"datetime": "2021-03-27 02:17:42", "elapsed": 234.292336, "delta": 2.004071}}
{"target": -1.3975812172976092, "params": {"model__colsample_bylevel": 0.3, "model__colsample_bynode": 0.3, "model__colsample_bytree": 1.0, "model__learning_rate": 0.3, "model__max_depth": 5.862868634974664, "model__n_estimators": 16.624221324785953, "model__reg_lambda": 0.7052852906481613}, "datetime": {"datetime": "2021-03-27 02:17:43", "elapsed": 236.01663, "delta": 1.724294}}
{"target": -1.4519557787294406, "params": {"model__colsample_bylevel": 1.0, "model__colsample_bynode": 0.3, "model__colsample_bytree": 1.0, "model__learning_rate": 0.3, "model__max_depth": 2.0, "model__n_estimators": 17.355642019581556, "model__reg_lambda": 0.9161183409579501}, "datetime": {"datetime": "2021-03-27 02:17:45", "elapsed": 237.987891, "delta": 1.971261}}
{"target": -1.4408641850093271, "params": {"model__colsample_bylevel": 0.3, "model__colsample_bynode": 1.0, "model__colsample_bytree": 1.0, "model__learning_rate": 0.3, "model__max_depth": 6.910368381278574, "model__n_estimators": 27.798102410500036, "model__reg_lambda": 0.0}, "datetime": {"datetime": "2021-03-27 02:17:48", "elapsed": 240.386775, "delta": 2.398884}}
{"target": -1.4112710852094967, "params": {"model__colsample_bylevel": 0.3, "model__colsample_bynode": 1.0, "model__colsample_bytree": 1.0, "model__learning_rate": 0.3, "model__max_depth": 6.697221832417506, "model__n_estimators": 27.712225329551703, "model__reg_lambda": 4.836345418903277}, "datetime": {"datetime": "2021-03-27 02:17:50", "elapsed": 242.788325, "delta": 2.40155}}
{"target": -1.3783668993391853, "params": {"model__colsample_bylevel": 1.0, "model__colsample_bynode": 1.0, "model__colsample_bytree": 0.3, "model__learning_rate": 0.3, "model__max_depth": 4.189491405163345, "model__n_estimators": 30.0, "model__reg_lambda": 9.220534571276751}, "datetime": {"datetime": "2021-03-27 02:17:52", "elapsed": 244.882681, "delta": 2.094356}}
{"target": -1.3718796979473986, "params": {"model__colsample_bylevel": 0.3, "model__colsample_bynode": 0.3, "model__colsample_bytree": 1.0, "model__learning_rate": 0.3, "model__max_depth": 8.0, "model__n_estimators": 19.869099428045107, "model__reg_lambda": 5.31469425439717}, "datetime": {"datetime": "2021-03-27 02:17:54", "elapsed": 246.600389, "delta": 1.717708}}
{"target": -1.4626796348924762, "params": {"model__colsample_bylevel": 0.3, "model__colsample_bynode": 0.3, "model__colsample_bytree": 0.3, "model__learning_rate": 0.3, "model__max_depth": 8.0, "model__n_estimators": 28.938813187941534, "model__reg_lambda": 3.4477833733575163}, "datetime": {"datetime": "2021-03-27 02:17:56", "elapsed": 248.268971, "delta": 1.668582}}
{"target": -1.4703555955646048, "params": {"model__colsample_bylevel": 0.3, "model__colsample_bynode": 1.0, "model__colsample_bytree": 1.0, "model__learning_rate": 0.3, "model__max_depth": 8.0, "model__n_estimators": 16.706765322742957, "model__reg_lambda": 4.278290447770576}, "datetime": {"datetime": "2021-03-27 02:17:58", "elapsed": 250.562258, "delta": 2.293287}}
{"target": -1.3953508079821326, "params": {"model__colsample_bylevel": 1.0, "model__colsample_bynode": 0.3, "model__colsample_bytree": 1.0, "model__learning_rate": 0.3, "model__max_depth": 3.956613236174827, "model__n_estimators": 24.760440245237668, "model__reg_lambda": 6.104736671224848}, "datetime": {"datetime": "2021-03-27 02:18:00", "elapsed": 252.67179, "delta": 2.109532}}
{"target": -1.3754578330567566, "params": {"model__colsample_bylevel": 0.5276869745488451, "model__colsample_bynode": 0.3605600378610556, "model__colsample_bytree": 0.9681844316923449, "model__learning_rate": 0.16607027257043877, "model__max_depth": 2.1154027566097584, "model__n_estimators": 29.964225730824214, "model__reg_lambda": 0.004082419801816339}, "datetime": {"datetime": "2021-03-27 02:18:02", "elapsed": 254.61037, "delta": 1.93858}}
{"target": -1.377780820812652, "params": {"model__colsample_bylevel": 0.3, "model__colsample_bynode": 0.3, "model__colsample_bytree": 1.0, "model__learning_rate": 0.3, "model__max_depth": 8.0, "model__n_estimators": 23.01213208022654, "model__reg_lambda": 3.743503683884517}, "datetime": {"datetime": "2021-03-27 02:18:04", "elapsed": 256.330544, "delta": 1.720174}}
{"target": -1.4541316766129888, "params": {"model__colsample_bylevel": 1.0, "model__colsample_bynode": 1.0, "model__colsample_bytree": 1.0, "model__learning_rate": 0.3, "model__max_depth": 5.155827249775237, "model__n_estimators": 18.877210958214988, "model__reg_lambda": 10.0}, "datetime": {"datetime": "2021-03-27 02:18:07", "elapsed": 259.280756, "delta": 2.950212}}
{"target": -1.3343144877071398, "params": {"model__colsample_bylevel": 0.3, "model__colsample_bynode": 1.0, "model__colsample_bytree": 0.3, "model__learning_rate": 0.3, "model__max_depth": 8.0, "model__n_estimators": 24.340735241143182, "model__reg_lambda": 2.332438751455489}, "datetime": {"datetime": "2021-03-27 02:18:09", "elapsed": 261.284914, "delta": 2.004158}}
{"target": -1.4060128540880439, "params": {"model__colsample_bylevel": 1.0, "model__colsample_bynode": 0.3, "model__colsample_bytree": 1.0, "model__learning_rate": 0.3, "model__max_depth": 6.280673955108182, "model__n_estimators": 30.0, "model__reg_lambda": 6.0615502496023925}, "datetime": {"datetime": "2021-03-27 02:18:11", "elapsed": 263.580294, "delta": 2.29538}}
{"target": -1.6099171716341938, "params": {"model__colsample_bylevel": 0.3, "model__colsample_bynode": 0.3, "model__colsample_bytree": 0.3, "model__learning_rate": 0.3, "model__max_depth": 8.0, "model__n_estimators": 15.0, "model__reg_lambda": 10.0}, "datetime": {"datetime": "2021-03-27 02:18:13", "elapsed": 265.185328, "delta": 1.605034}}
{"target": -1.390168881827655, "params": {"model__colsample_bylevel": 1.0, "model__colsample_bynode": 1.0, "model__colsample_bytree": 0.3, "model__learning_rate": 0.3, "model__max_depth": 8.0, "model__n_estimators": 28.61235361923011, "model__reg_lambda": 1.5418951841645423}, "datetime": {"datetime": "2021-03-27 02:18:15", "elapsed": 267.294164, "delta": 2.108836}}
{"target": -1.3450560595475785, "params": {"model__colsample_bylevel": 0.3, "model__colsample_bynode": 0.3, "model__colsample_bytree": 1.0, "model__learning_rate": 0.3, "model__max_depth": 4.075281057710648, "model__n_estimators": 23.64746110547462, "model__reg_lambda": 4.545489434603427}, "datetime": {"datetime": "2021-03-27 02:18:16", "elapsed": 269.097904, "delta": 1.80374}}
{"target": -1.5915733495376247, "params": {"model__colsample_bylevel": 0.3, "model__colsample_bynode": 0.3, "model__colsample_bytree": 1.0, "model__learning_rate": 0.1, "model__max_depth": 5.7905555373812, "model__n_estimators": 30.0, "model__reg_lambda": 9.087354279191473}, "datetime": {"datetime": "2021-03-27 02:18:18", "elapsed": 270.886346, "delta": 1.788442}}
{"target": -1.4143556461979947, "params": {"model__colsample_bylevel": 0.3, "model__colsample_bynode": 1.0, "model__colsample_bytree": 1.0, "model__learning_rate": 0.3, "model__max_depth": 8.0, "model__n_estimators": 22.367064053946645, "model__reg_lambda": 2.1728719744000826}, "datetime": {"datetime": "2021-03-27 02:18:20", "elapsed": 273.056224, "delta": 2.169878}}
{"target": -1.3904145001663248, "params": {"model__colsample_bylevel": 0.3, "model__colsample_bynode": 0.3, "model__colsample_bytree": 1.0, "model__learning_rate": 0.3, "model__max_depth": 2.0, "model__n_estimators": 28.37953818635297, "model__reg_lambda": 8.07142036048131}, "datetime": {"datetime": "2021-03-27 02:18:22", "elapsed": 274.851481, "delta": 1.795257}}
{"target": -1.3524450771659073, "params": {"model__colsample_bylevel": 0.3, "model__colsample_bynode": 1.0, "model__colsample_bytree": 0.3, "model__learning_rate": 0.3, "model__max_depth": 5.844206694568783, "model__n_estimators": 29.34393132557606, "model__reg_lambda": 4.885494620696437}, "datetime": {"datetime": "2021-03-27 02:18:24", "elapsed": 276.570997, "delta": 1.719516}}
{"target": -1.3571185518946982, "params": {"model__colsample_bylevel": 0.3, "model__colsample_bynode": 1.0, "model__colsample_bytree": 0.3, "model__learning_rate": 0.3, "model__max_depth": 2.0, "model__n_estimators": 27.96579860784382, "model__reg_lambda": 1.1340687658067434}, "datetime": {"datetime": "2021-03-27 02:18:26", "elapsed": 278.474297, "delta": 1.9033}}
{"target": -1.4076324316281554, "params": {"model__colsample_bylevel": 1.0, "model__colsample_bynode": 0.3, "model__colsample_bytree": 1.0, "model__learning_rate": 0.1, "model__max_depth": 4.616441676707399, "model__n_estimators": 30.0, "model__reg_lambda": 0.0}, "datetime": {"datetime": "2021-03-27 02:18:28", "elapsed": 280.80207, "delta": 2.327773}}
{"target": -1.3922525506223675, "params": {"model__colsample_bylevel": 1.0, "model__colsample_bynode": 1.0, "model__colsample_bytree": 0.3, "model__learning_rate": 0.3, "model__max_depth": 6.854245737998541, "model__n_estimators": 28.918536613524687, "model__reg_lambda": 10.0}, "datetime": {"datetime": "2021-03-27 02:18:31", "elapsed": 283.269513, "delta": 2.467443}}
{"target": -1.4700986527405893, "params": {"model__colsample_bylevel": 0.30000002531636966, "model__colsample_bynode": 0.3, "model__colsample_bytree": 0.3, "model__learning_rate": 0.3, "model__max_depth": 6.005638322587443, "model__n_estimators": 28.004266653863958, "model__reg_lambda": 5.4244283848554415}, "datetime": {"datetime": "2021-03-27 02:18:33", "elapsed": 285.218452, "delta": 1.948939}}
{"target": -1.349186579916842, "params": {"model__colsample_bylevel": 0.3, "model__colsample_bynode": 1.0, "model__colsample_bytree": 0.3, "model__learning_rate": 0.3, "model__max_depth": 8.0, "model__n_estimators": 30.0, "model__reg_lambda": 7.642994071070995}, "datetime": {"datetime": "2021-03-27 02:18:35", "elapsed": 287.276506, "delta": 2.058054}}
{"target": -1.3732019178177892, "params": {"model__colsample_bylevel": 0.3, "model__colsample_bynode": 0.3, "model__colsample_bytree": 1.0, "model__learning_rate": 0.3, "model__max_depth": 5.76918495929262, "model__n_estimators": 23.98198353789316, "model__reg_lambda": 7.330942699833906}, "datetime": {"datetime": "2021-03-27 02:18:36", "elapsed": 288.960005, "delta": 1.683499}}
{"target": -1.4152880069435292, "params": {"model__colsample_bylevel": 1.0, "model__colsample_bynode": 0.3, "model__colsample_bytree": 0.3, "model__learning_rate": 0.3, "model__max_depth": 2.0, "model__n_estimators": 29.28770533234642, "model__reg_lambda": 10.0}, "datetime": {"datetime": "2021-03-27 02:18:38", "elapsed": 290.803154, "delta": 1.843149}}
{"target": -1.537103045532021, "params": {"model__colsample_bylevel": 0.3, "model__colsample_bynode": 1.0, "model__colsample_bytree": 1.0, "model__learning_rate": 0.1, "model__max_depth": 8.0, "model__n_estimators": 18.877998325803134, "model__reg_lambda": 0.714136330457128}, "datetime": {"datetime": "2021-03-27 02:18:40", "elapsed": 292.772455, "delta": 1.969301}}
{"target": -1.3560633948369734, "params": {"model__colsample_bylevel": 1.0, "model__colsample_bynode": 0.3, "model__colsample_bytree": 0.3, "model__learning_rate": 0.3, "model__max_depth": 4.828882336943734, "model__n_estimators": 17.665424185754254, "model__reg_lambda": 0.0}, "datetime": {"datetime": "2021-03-27 02:18:42", "elapsed": 294.28991, "delta": 1.517455}}
{"target": -1.4169512632775347, "params": {"model__colsample_bylevel": 1.0, "model__colsample_bynode": 1.0, "model__colsample_bytree": 0.3, "model__learning_rate": 0.3, "model__max_depth": 2.0, "model__n_estimators": 16.811258317846725, "model__reg_lambda": 0.0}, "datetime": {"datetime": "2021-03-27 02:18:43", "elapsed": 295.957698, "delta": 1.667788}}
{"target": -1.383587303109791, "params": {"model__colsample_bylevel": 1.0, "model__colsample_bynode": 0.3, "model__colsample_bytree": 0.3, "model__learning_rate": 0.3, "model__max_depth": 8.0, "model__n_estimators": 19.645400282360065, "model__reg_lambda": 3.0534346312584297}, "datetime": {"datetime": "2021-03-27 02:18:46", "elapsed": 298.250652, "delta": 2.292954}}
{"target": -1.548807109590026, "params": {"model__colsample_bylevel": 0.3, "model__colsample_bynode": 1.0, "model__colsample_bytree": 0.3, "model__learning_rate": 0.1, "model__max_depth": 2.000000003612955, "model__n_estimators": 27.745467760888513, "model__reg_lambda": 0.0}, "datetime": {"datetime": "2021-03-27 02:18:48", "elapsed": 300.16833, "delta": 1.917678}}
{"target": -1.374772053979931, "params": {"model__colsample_bylevel": 1.0, "model__colsample_bynode": 1.0, "model__colsample_bytree": 0.3, "model__learning_rate": 0.3, "model__max_depth": 2.0, "model__n_estimators": 27.94836021076677, "model__reg_lambda": 3.2003084269867883}, "datetime": {"datetime": "2021-03-27 02:18:49", "elapsed": 302.016746, "delta": 1.848416}}
{"target": -1.4131453055294527, "params": {"model__colsample_bylevel": 0.3, "model__colsample_bynode": 0.3, "model__colsample_bytree": 0.3, "model__learning_rate": 0.3, "model__max_depth": 2.0, "model__n_estimators": 25.749249072631496, "model__reg_lambda": 1.2576930926328929}, "datetime": {"datetime": "2021-03-27 02:18:51", "elapsed": 303.616311, "delta": 1.599565}}
{"target": -1.3771645124745215, "params": {"model__colsample_bylevel": 1.0, "model__colsample_bynode": 0.3, "model__colsample_bytree": 0.3, "model__learning_rate": 0.3, "model__max_depth": 4.257892663680759, "model__n_estimators": 20.659822355777294, "model__reg_lambda": 3.3877706853750422}, "datetime": {"datetime": "2021-03-27 02:18:53", "elapsed": 305.683666, "delta": 2.067355}}
{"target": -1.3560633948369734, "params": {"model__colsample_bylevel": 0.3, "model__colsample_bynode": 1.0, "model__colsample_bytree": 0.3, "model__learning_rate": 0.3, "model__max_depth": 4.6753857512082995, "model__n_estimators": 17.960406338864107, "model__reg_lambda": 0.0}, "datetime": {"datetime": "2021-03-27 02:18:55", "elapsed": 307.710634, "delta": 2.026968}}
{"target": -1.3335762742623363, "params": {"model__colsample_bylevel": 0.30063854889037017, "model__colsample_bynode": 0.3, "model__colsample_bytree": 1.0, "model__learning_rate": 0.3, "model__max_depth": 4.43493965939505, "model__n_estimators": 27.14042199733825, "model__reg_lambda": 3.181989748634677}, "datetime": {"datetime": "2021-03-27 02:18:57", "elapsed": 309.310374, "delta": 1.59974}}
{"target": -1.3201323778152572, "params": {"model__colsample_bylevel": 1.0, "model__colsample_bynode": 1.0, "model__colsample_bytree": 0.3, "model__learning_rate": 0.3, "model__max_depth": 2.9529166677575684, "model__n_estimators": 27.574575105717603, "model__reg_lambda": 1.3641717702745189}, "datetime": {"datetime": "2021-03-27 02:18:59", "elapsed": 311.638096, "delta": 2.327722}}
{"target": -1.4169376438227144, "params": {"model__colsample_bylevel": 0.3, "model__colsample_bynode": 1.0, "model__colsample_bytree": 1.0, "model__learning_rate": 0.3, "model__max_depth": 6.728129817008786, "model__n_estimators": 30.0, "model__reg_lambda": 5.249684850285537}, "datetime": {"datetime": "2021-03-27 02:19:01", "elapsed": 313.948972, "delta": 2.310876}}
{"target": -1.3520709644571163, "params": {"model__colsample_bylevel": 0.3, "model__colsample_bynode": 1.0, "model__colsample_bytree": 0.3, "model__learning_rate": 0.3, "model__max_depth": 6.509278318708616, "model__n_estimators": 26.956215270518232, "model__reg_lambda": 1.5320946180602681}, "datetime": {"datetime": "2021-03-27 02:19:03", "elapsed": 316.069346, "delta": 2.120374}}
{"target": -1.40136595622002, "params": {"model__colsample_bylevel": 1.0, "model__colsample_bynode": 0.3, "model__colsample_bytree": 1.0, "model__learning_rate": 0.3, "model__max_depth": 6.612749921828497, "model__n_estimators": 25.056170346566297, "model__reg_lambda": 6.105510523155524}, "datetime": {"datetime": "2021-03-27 02:19:06", "elapsed": 318.570779, "delta": 2.501433}}
{"target": -1.4135951165761123, "params": {"model__colsample_bylevel": 1.0, "model__colsample_bynode": 0.3, "model__colsample_bytree": 1.0, "model__learning_rate": 0.3, "model__max_depth": 2.557233726458855, "model__n_estimators": 26.93991179364179, "model__reg_lambda": 0.0}, "datetime": {"datetime": "2021-03-27 02:19:08", "elapsed": 320.752089, "delta": 2.18131}}
{"target": -1.3780156547139548, "params": {"model__colsample_bylevel": 1.0, "model__colsample_bynode": 1.0, "model__colsample_bytree": 0.3, "model__learning_rate": 0.3, "model__max_depth": 8.0, "model__n_estimators": 20.991104038454505, "model__reg_lambda": 0.0}, "datetime": {"datetime": "2021-03-27 02:19:11", "elapsed": 323.582566, "delta": 2.830477}}
{"target": -1.4250896114532066, "params": {"model__colsample_bylevel": 1.0, "model__colsample_bynode": 1.0, "model__colsample_bytree": 1.0, "model__learning_rate": 0.3, "model__max_depth": 2.0, "model__n_estimators": 22.8811174565362, "model__reg_lambda": 0.0}, "datetime": {"datetime": "2021-03-27 02:19:13", "elapsed": 326.128937, "delta": 2.546371}}
