{"target": -1.4109786972423772, "params": {"model__colsample_bylevel": 1.0, "model__colsample_bynode": 0.3, "model__colsample_bytree": 1.0, "model__learning_rate": 0.3, "model__max_depth": 5.206298297972323, "model__n_estimators": 28.772515028143832, "model__reg_lambda": 4.704793104438116}, "datetime": {"datetime": "2021-03-27 02:19:16", "elapsed": 328.53397, "delta": 2.405033}}
{"target": -1.332595648987057, "params": {"model__colsample_bylevel": 1.0, "model__colsample_bynode": 0.3, "model__colsample_bytree": 0.3, "model__learning_rate": 0.3, "model__max_depth": 2.0, "model__n_estimators": 30.0, "model__reg_lambda": 0.0}, "datetime": {"datetime": "2021-03-27 02:19:18", "elapsed": 330.745772, "delta": 2.211802}}
{"target": -1.3814118717621635, "params": {"model__colsample_bylevel": 1.0, "model__colsample_bynode": 0.3, "model__colsample_bytree": 1.0, "model__learning_rate": 0.3, "model__max_depth": 3.238596326210538, "model__n_estimators": 27.481508570266026, "model__reg_lambda": 8.14044840409404}, "datetime": {"datetime": "2021-03-27 02:19:20", "elapsed": 332.999219, "delta": 2.253447}}
{"target": -1.4682775074508094, "params": {"model__colsample_bylevel": 1.0, "model__colsample_bynode": 0.3, "model__colsample_bytree": 1.0, "model__learning_rate": 0.3, "model__max_depth": 4.4922043226325865, "model__n_estimators": 20.552734350200897, "model__reg_lambda": 8.735333098639764}, "datetime": {"datetime": "2021-03-27 02:19:22", "elapsed": 334.969379, "delta": 1.97016}}
{"target": -1.3686858207284325, "params": {"model__colsample_bylevel": 0.9447490911379226, "model__colsample_bynode": 0.918052319567723, "model__colsample_bytree": 0.36523405294853867, "model__learning_rate": 0.2795943974078238, "model__max_depth": 7.988279798461751, "model__n_estimators": 27.005484010336982, "model__reg_lambda": 5.5430612401553585}, "datetime": {"datetime": "2021-03-27 02:19:24", "elapsed": 336.989787, "delta": 2.020408}}
{"target": -1.4086027492026705, "params": {"model__colsample_bylevel": 1.0, "model__colsample_bynode": 1.0, "model__colsample_bytree": 0.3, "model__learning_rate": 0.3, "model__max_depth": 4.223753652708176, "model__n_estimators": 23.367256254520353, "model__reg_lambda": 7.293577326492228}, "datetime": {"datetime": "2021-03-27 02:19:27", "elapsed": 339.337326, "delta": 2.347539}}
{"target": -1.4878861154956016, "params": {"model__colsample_bylevel": 0.3, "model__colsample_bynode": 0.3, "model__colsample_bytree": 0.3, "model__learning_rate": 0.3, "model__max_depth": 8.0, "model__n_estimators": 20.920257890442567, "model__reg_lambda": 0.0}, "datetime": {"datetime": "2021-03-27 02:19:29", "elapsed": 341.336697, "delta": 1.999371}}
{"target": -1.4145800849557788, "params": {"model__colsample_bylevel": 0.3, "model__colsample_bynode": 1.0, "model__colsample_bytree": 1.0, "model__learning_rate": 0.3, "model__max_depth": 5.597336838845288, "model__n_estimators": 23.814373191752686, "model__reg_lambda": 0.0}, "datetime": {"datetime": "2021-03-27 02:19:31", "elapsed": 343.500954, "delta": 2.164257}}
{"target": -1.4792470874021881, "params": {"model__colsample_bylevel": 0.3, "model__colsample_bynode": 1.0, "model__colsample_bytree": 1.0, "model__learning_rate": 0.3, "model__max_depth": 8.0, "model__n_estimators": 19.159508212502764, "model__reg_lambda": 10.0}, "datetime": {"datetime": "2021-03-27 02:19:33", "elapsed": 345.700574, "delta": 2.19962}}
{"target": -1.4176485584124219, "params": {"model__colsample_bylevel": 1.0, "model__colsample_bynode": 1.0, "model__colsample_bytree": 0.3, "model__learning_rate": 0.3, "model__max_depth": 6.44042684551943, "model__n_estimators": 17.848276090713426, "model__reg_lambda": 0.0}, "datetime": {"datetime": "2021-03-27 02:19:35", "elapsed": 347.9549, "delta": 2.254326}}
{"target": -1.4126777287619863, "params": {"model__colsample_bylevel": 1.0, "model__colsample_bynode": 1.0, "model__colsample_bytree": 0.3, "model__learning_rate": 0.3, "model__max_depth": 8.0, "model__n_estimators": 20.476447412165978, "model__reg_lambda": 2.0055255640121015}, "datetime": {"datetime": "2021-03-27 02:19:37", "elapsed": 350.120283, "delta": 2.165383}}
{"target": -1.4875250901540986, "params": {"model__colsample_bylevel": 0.3, "model__colsample_bynode": 0.3, "model__colsample_bytree": 0.3, "model__learning_rate": 0.3, "model__max_depth": 6.219824334941297, "model__n_estimators": 18.66933700843157, "model__reg_lambda": 2.1962376981551355}, "datetime": {"datetime": "2021-03-27 02:19:39", "elapsed": 351.824891, "delta": 1.704608}}
{"target": -1.5569667728489562, "params": {"model__colsample_bylevel": 1.0, "model__colsample_bynode": 1.0, "model__colsample_bytree": 1.0, "model__learning_rate": 0.3, "model__max_depth": 4.291136810636804, "model__n_estimators": 18.325827406234986, "model__reg_lambda": 0.0}, "datetime": {"datetime": "2021-03-27 02:19:42", "elapsed": 354.716245, "delta": 2.891354}}
{"target": -1.4253346064210655, "params": {"model__colsample_bylevel": 1.0, "model__colsample_bynode": 0.3, "model__colsample_bytree": 1.0, "model__learning_rate": 0.3, "model__max_depth": 3.0594817441269275, "model__n_estimators": 30.0, "model__reg_lambda": 0.0}, "datetime": {"datetime": "2021-03-27 02:19:44", "elapsed": 356.628221, "delta": 1.911976}}
{"target": -1.3679450056286178, "params": {"model__colsample_bylevel": 1.0, "model__colsample_bynode": 0.3, "model__colsample_bytree": 0.3, "model__learning_rate": 0.3, "model__max_depth": 2.0, "model__n_estimators": 28.92307355854308, "model__reg_lambda": 1.3988183346519472}, "datetime": {"datetime": "2021-03-27 02:19:46", "elapsed": 358.975905, "delta": 2.347684}}
{"target": -1.4080225775018334, "params": {"model__colsample_bylevel": 1.0, "model__colsample_bynode": 0.3, "model__colsample_bytree": 0.3, "model__learning_rate": 0.3, "model__max_depth": 3.927743414710053, "model__n_estimators": 16.42980785425843, "model__reg_lambda": 1.4002354717166037}, "datetime": {"datetime": "2021-03-27 02:19:49", "elapsed": 361.3427, "delta": 2.366795}}
{"target": -1.4176638095450682, "params": {"model__colsample_bylevel": 1.0, "model__colsample_bynode": 1.0, "model__colsample_bytree": 0.3, "model__learning_rate": 0.3, "model__max_depth": 6.948888238940951, "model__n_estimators": 30.0, "model__reg_lambda": 3.4229098547058365}, "datetime": {"datetime": "2021-03-27 02:19:51", "elapsed": 363.832593, "delta": 2.489893}}
{"target": -1.337793901246851, "params": {"model__colsample_bylevel": 0.3, "model__colsample_bynode": 0.3, "model__colsample_bytree": 1.0, "model__learning_rate": 0.3, "model__max_depth": 3.189987853784773, "model__n_estimators": 23.07484665068012, "model__reg_lambda": 0.0}, "datetime": {"datetime": "2021-03-27 02:19:54", "elapsed": 366.485642, "delta": 2.653049}}
{"target": -1.3724832562324794, "params": {"model__colsample_bylevel": 0.3, "model__colsample_bynode": 0.3, "model__colsample_bytree": 0.3, "model__learning_rate": 0.3, "model__max_depth": 2.0, "model__n_estimators": 30.0, "model__reg_lambda": 0.5998053340830403}, "datetime": {"datetime": "2021-03-27 02:19:56", "elapsed": 368.205861, "delta": 1.720219}}
{"target": -1.3855476558059994, "params": {"model__colsample_bylevel": 1.0, "model__colsample_bynode": 1.0, "model__colsample_bytree": 0.3, "model__learning_rate": 0.3, "model__max_depth": 4.136560072250035, "model__n_estimators": 28.558689071920014, "model__reg_lambda": 7.677439550744089}, "datetime": {"datetime": "2021-03-27 02:19:58", "elapsed": 370.3121, "delta": 2.106239}}
{"target": -1.385712310605669, "params": {"model__colsample_bylevel": 0.3, "model__colsample_bynode": 1.0, "model__colsample_bytree": 0.3, "model__learning_rate": 0.3, "model__max_depth": 8.0, "model__n_estimators": 19.24691362386832, "model__reg_lambda": 3.6776303244770605}, "datetime": {"datetime": "2021-03-27 02:19:59", "elapsed": 372.100536, "delta": 1.788436}}
{"target": -1.499998325758708, "params": {"model__colsample_bylevel": 0.3, "model__colsample_bynode": 0.3, "model__colsample_bytree": 0.3, "model__learning_rate": 0.3, "model__max_depth": 4.938720269386838, "model__n_estimators": 16.809201520238638, "model__reg_lambda": 0.0}, "datetime": {"datetime": "2021-03-27 02:20:02", "elapsed": 374.196331, "delta": 2.095795}}
{"target": -1.5234369187818273, "params": {"model__colsample_bylevel": 1.0, "model__colsample_bynode": 1.0, "model__colsample_bytree": 1.0, "model__learning_rate": 0.3, "model__max_depth": 6.783641281133916, "model__n_estimators": 15.0, "model__reg_lambda": 1.1739259306154834}, "datetime": {"datetime": "2021-03-27 02:20:04", "elapsed": 377.057865, "delta": 2.861534}}
{"target": -1.476803949955797, "params": {"model__colsample_bylevel": 1.0, "model__colsample_bynode": 1.0, "model__colsample_bytree": 1.0, "model__learning_rate": 0.3, "model__max_depth": 2.0, "model__n_estimators": 25.421348795263786, "model__reg_lambda": 10.0}, "datetime": {"datetime": "2021-03-27 02:20:07", "elapsed": 380.014421, "delta": 2.956556}}
{"target": -1.3925166569218255, "params": {"model__colsample_bylevel": 0.3, "model__colsample_bynode": 0.3, "model__colsample_bytree": 1.0, "model__learning_rate": 0.3, "model__max_depth": 2.0, "model__n_estimators": 24.67652407582592, "model__reg_lambda": 5.587911996177968}, "datetime": {"datetime": "2021-03-27 02:20:10", "elapsed": 382.21495, "delta": 2.200529}}
{"target": -1.402511106936288, "params": {"model__colsample_bylevel": 0.3, "model__colsample_bynode": 1.0, "model__colsample_bytree": 0.3, "model__learning_rate": 0.3, "model__max_depth": 8.0, "model__n_estimators": 22.947664939429995, "model__reg_lambda": 10.0}, "datetime": {"datetime": "2021-03-27 02:20:12", "elapsed": 384.647928, "delta": 2.432978}}
{"target": -1.4020029580218893, "params": {"model__colsample_bylevel": 1.0, "model__colsample_bynode": 1.0, "model__colsample_bytree": 0.3, "model__learning_rate": 0.3, "model__max_depth": 5.421654016732731, "model__n_estimators": 22.13961424213441, "model__reg_lambda": 0.0}, "datetime": {"datetime": "2021-03-27 02:20:14", "elapsed": 387.041302, "delta": 2.393374}}
{"target": -1.40353715578634, "params": {"model__colsample_bylevel": 1.0, "model__colsample_bynode": 1.0, "model__colsample_bytree": 0.3, "model__learning_rate": 0.3, "model__max_depth": 3.169626126280971, "model__n_estimators": 20.443906539331813, "model__reg_lambda": 1.7323285010479432}, "datetime": {"datetime": "2021-03-27 02:20:16", "elapsed": 389.054472, "delta": 2.01317}}
{"target": -1.4176343964763742, "params": {"model__colsample_bylevel": 1.0, "model__colsample_bynode": 0.3, "model__colsample_bytree": 1.0, "model__learning_rate": 0.3, "model__max_depth": 2.0, "model__n_estimators": 26.54061477794665, "model__reg_lambda": 6.2071487320467105}, "datetime": {"datetime": "2021-03-27 02:20:19", "elapsed": 391.380733, "delta": 2.326261}}
{"target": -1.4621713457440122, "params": {"model__colsample_bylevel": 1.0, "model__colsample_bynode": 1.0, "model__colsample_bytree": 0.3, "model__learning_rate": 0.3, "model__max_depth": 8.0, "model__n_estimators": 15.0, "model__reg_lambda": 6.4464267480998965}, "datetime": {"datetime": "2021-03-27 02:20:21", "elapsed": 393.391942, "delta": 2.011209}}
{"target": -1.4211524874754793, "params": {"model__colsample_bylevel": 0.3, "model__colsample_bynode": 1.0, "model__colsample_bytree": 0.3, "model__learning_rate": 0.3, "model__max_depth": 4.056249387472658, "model__n_estimators": 15.0, "model__reg_lambda": 4.189244555754629}, "datetime": {"datetime": "2021-03-27 02:20:23", "elapsed": 395.754927, "delta": 2.362985}}
{"target": -1.3521776687330227, "params": {"model__colsample_bylevel": 1.0, "model__colsample_bynode": 0.3, "model__colsample_bytree": 0.3, "model__learning_rate": 0.3, "model__max_depth": 6.300509376679924, "model__n_estimators": 30.0, "model__reg_lambda": 0.0}, "datetime": {"datetime": "2021-03-27 02:20:25", "elapsed": 398.096419, "delta": 2.341492}}
{"target": -1.4477030509488955, "params": {"model__colsample_bylevel": 1.0, "model__colsample_bynode": 0.3, "model__colsample_bytree": 0.3, "model__learning_rate": 0.3, "model__max_depth": 4.589117141098893, "model__n_estimators": 15.996816302072505, "model__reg_lambda": 6.106078419531841}, "datetime": {"datetime": "2021-03-27 02:20:27", "elapsed": 400.040291, "delta": 1.943872}}
{"target": -1.4182964847787567, "params": {"model__colsample_bylevel": 0.3, "model__colsample_bynode": 1.0, "model__colsample_bytree": 0.3, "model__learning_rate": 0.3, "model__max_depth": 2.0, "model__n_estimators": 24.892814720759663, "model__reg_lambda": 6.918360853038286}, "datetime": {"datetime": "2021-03-27 02:20:29", "elapsed": 402.0663, "delta": 2.026009}}
{"target": -1.3917945145264916, "params": {"model__colsample_bylevel": 0.3, "model__colsample_bynode": 1.0, "model__colsample_bytree": 0.3, "model__learning_rate": 0.3, "model__max_depth": 5.543852878690027, "model__n_estimators": 24.094810538503143, "model__reg_lambda": 10.0}, "datetime": {"datetime": "2021-03-27 02:20:32", "elapsed": 404.706468, "delta": 2.640168}}
