{"target": -1.4324056056584569, "params": {"model__colsample_bylevel": 0.3, "model__colsample_bynode": 0.3, "model__colsample_bytree": 1.0, "model__learning_rate": 0.3, "model__max_depth": 6.0, "model__n_estimators": 26.0, "model__reg_lambda": 3.0121019696059284}, "datetime": {"datetime": "2021-03-27 14:21:24", "elapsed": 3.208789, "delta": 0.000225}}
{"target": -1.4158852138165114, "params": {"model__colsample_bylevel": 0.3, "model__colsample_bynode": 0.3, "model__colsample_bytree": 1.0, "model__learning_rate": 0.3, "model__max_depth": 7.0, "model__n_estimators": 29.0, "model__reg_lambda": 1.2999530592867101}, "datetime": {"datetime": "2021-03-27 14:21:24", "elapsed": 3.323438, "delta": 0.114649}}
{"target": -1.4158852138165114, "params": {"model__colsample_bylevel": 0.3, "model__colsample_bynode": 0.3, "model__colsample_bytree": 1.0, "model__learning_rate": 0.3, "model__max_depth": 7.0, "model__n_estimators": 29.0, "model__reg_lambda": 1.2999530592867101}, "datetime": {"datetime": "2021-03-27 14:21:24", "elapsed": 3.323793, "delta": 0.000355}}
{"target": -1.4158852138165114, "params": {"model__colsample_bylevel": 0.3, "model__colsample_bynode": 0.3, "model__colsample_bytree": 1.0, "model__learning_rate": 0.3, "model__max_depth": 7.0, "model__n_estimators": 29.0, "model__reg_lambda": 1.2999530592867101}, "datetime": {"datetime": "2021-03-27 14:21:24", "elapsed": 3.324026, "delta": 0.000233}}
{"target": -1.4158852138165114, "params": {"model__colsample_bylevel": 0.3, "model__colsample_bynode": 0.3, "model__colsample_bytree": 1.0, "model__learning_rate": 0.3, "model__max_depth": 7.0, "model__n_estimators": 29.0, "model__reg_lambda": 1.2999530592867101}, "datetime": {"datetime": "2021-03-27 14:21:24", "elapsed": 3.324242, "delta": 0.000216}}
{"target": -1.4158852138165114, "params": {"model__colsample_bylevel": 0.3, "model__colsample_bynode": 0.3, "model__colsample_bytree": 1.0, "model__learning_rate": 0.3, "model__max_depth": 7.0, "model__n_estimators": 29.0, "model__reg_lambda": 1.2999530592867101}, "datetime": {"datetime": "2021-03-27 14:21:24", "elapsed": 3.324461, "delta": 0.000219}}
{"target": -1.4158852138165114, "params": {"model__colsample_bylevel": 0.3, "model__colsample_bynode": 0.3, "model__colsample_bytree": 1.0, "model__learning_rate": 0.3, "model__max_depth": 7.0, "model__n_estimators": 29.0, "model__reg_lambda": 1.2999530592867101}, "datetime": {"datetime": "2021-03-27 14:21:24", "elapsed": 3.324663, "delta": 0.000202}}
{"target": -1.4158852138165114, "params": {"model__colsample_bylevel": 0.3, "model__colsample_bynode": 0.3, "model__colsample_bytree": 1.0, "model__learning_rate": 0.3, "model__max_depth": 7.0, "model__n_estimators": 29.0, "model__reg_lambda": 1.2999530592867101}, "datetime": {"datetime": "2021-03-27 14:21:24", "elapsed": 3.324874, "delta": 0.000211}}
{"target": -1.4158852138165114, "params": {"model__colsample_bylevel": 0.3, "model__colsample_bynode": 0.3, "model__colsample_bytree": 1.0, "model__learning_rate": 0.3, "model__max_depth": 7.0, "model__n_estimators": 29.0, "model__reg_lambda": 1.2999530592867101}, "datetime": {"datetime": "2021-03-27 14:21:24", "elapsed": 3.325074, "delta": 0.0002}}
{"target": -1.4158852138165114, "params": {"model__colsample_bylevel": 0.3, "model__colsample_bynode": 0.3, "model__colsample_bytree": 1.0, "model__learning_rate": 0.3, "model__max_depth": 7.0, "model__n_estimators": 29.0, "model__reg_lambda": 1.2999530592867101}, "datetime": {"datetime": "2021-03-27 14:21:24", "elapsed": 3.325315, "delta": 0.000241}}
{"target": -1.6093861654022894, "params": {"model__colsample_bylevel": 1.0, "model__colsample_bynode": 1.0, "model__colsample_bytree": 0.3, "model__learning_rate": 0.3, "model__max_depth": 6.0, "model__n_estimators": 16.0, "model__reg_lambda": 0.0}, "datetime": {"datetime": "2021-03-27 14:21:24", "elapsed": 3.434143, "delta": 0.108828}}
{"target": -1.6093861654022894, "params": {"model__colsample_bylevel": 1.0, "model__colsample_bynode": 1.0, "model__colsample_bytree": 0.3, "model__learning_rate": 0.3, "model__max_depth": 6.0, "model__n_estimators": 16.0, "model__reg_lambda": 0.0}, "datetime": {"datetime": "2021-03-27 14:21:24", "elapsed": 3.43456, "delta": 0.000417}}
{"target": -1.6093861654022894, "params": {"model__colsample_bylevel": 1.0, "model__colsample_bynode": 1.0, "model__colsample_bytree": 0.3, "model__learning_rate": 0.3, "model__max_depth": 6.0, "model__n_estimators": 16.0, "model__reg_lambda": 0.0}, "datetime": {"datetime": "2021-03-27 14:21:24", "elapsed": 3.434876, "delta": 0.000316}}
{"target": -1.6093861654022894, "params": {"model__colsample_bylevel": 1.0, "model__colsample_bynode": 1.0, "model__colsample_bytree": 0.3, "model__learning_rate": 0.3, "model__max_depth": 6.0, "model__n_estimators": 16.0, "model__reg_lambda": 0.0}, "datetime": {"datetime": "2021-03-27 14:21:24", "elapsed": 3.435162, "delta": 0.000286}}
{"target": -1.6093861654022894, "params": {"model__colsample_bylevel": 1.0, "model__colsample_bynode": 1.0, "model__colsample_bytree": 0.3, "model__learning_rate": 0.3, "model__max_depth": 6.0, "model__n_estimators": 16.0, "model__reg_lambda": 0.0}, "datetime": {"datetime": "2021-03-27 14:21:24", "elapsed": 3.435458, "delta": 0.000296}}
{"target": -1.6093861654022894, "params": {"model__colsample_bylevel": 1.0, "model__colsample_bynode": 1.0, "model__colsample_bytree": 0.3, "model__learning_rate": 0.3, "model__max_depth": 6.0, "model__n_estimators": 16.0, "model__reg_lambda": 0.0}, "datetime": {"datetime": "2021-03-27 14:21:24", "elapsed": 3.435715, "delta": 0.000257}}
{"target": -1.6093861654022894, "params": {"model__colsample_bylevel": 1.0, "model__colsample_bynode": 1.0, "model__colsample_bytree": 0.3, "model__learning_rate": 0.3, "model__max_depth": 6.0, "model__n_estimators": 16.0, "model__reg_lambda": 0.0}, "datetime": {"datetime": "2021-03-27 14:21:24", "elapsed": 3.435965, "delta": 0.00025}}
{"target": -1.6093861654022894, "params": {"model__colsample_bylevel": 1.0, "model__colsample_bynode": 1.0, "model__colsample_bytree": 0.3, "model__learning_rate": 0.3, "model__max_depth": 6.0, "model__n_estimators": 16.0, "model__reg_lambda": 0.0}, "datetime": {"datetime": "2021-03-27 14:21:24", "elapsed": 3.436218, "delta": 0.000253}}
{"target": -1.6093861654022894, "params": {"model__colsample_bylevel": 1.0, "model__colsample_bynode": 1.0, "model__colsample_bytree": 0.3, "model__learning_rate": 0.3, "model__max_depth": 6.0, "model__n_estimators": 16.0, "model__reg_lambda": 0.0}, "datetime": {"datetime": "2021-03-27 14:21:24", "elapsed": 3.436472, "delta": 0.000254}}
{"target": -1.6093861654022894, "params": {"model__colsample_bylevel": 1.0, "model__colsample_bynode": 1.0, "model__colsample_bytree": 0.3, "model__learning_rate": 0.3, "model__max_depth": 6.0, "model__n_estimators": 16.0, "model__reg_lambda": 0.0}, "datetime": {"datetime": "2021-03-27 14:21:24", "elapsed": 3.436729, "delta": 0.000257}}
{"target": -1.6093861654022894, "params": {"model__colsample_bylevel": 1.0, "model__colsample_bynode": 1.0, "model__colsample_bytree": 0.3, "model__learning_rate": 0.3, "model__max_depth": 6.0, "model__n_estimators": 16.0, "model__reg_lambda": 0.0}, "datetime": {"datetime": "2021-03-27 14:21:24", "elapsed": 3.43698, "delta": 0.000251}}
{"target": -1.6093861654022894, "params": {"model__colsample_bylevel": 1.0, "model__colsample_bynode": 1.0, "model__colsample_bytree": 0.3, "model__learning_rate": 0.3, "model__max_depth": 6.0, "model__n_estimators": 16.0, "model__reg_lambda": 0.0}, "datetime": {"datetime": "2021-03-27 14:21:24", "elapsed": 3.437254, "delta": 0.000274}}
{"target": -1.5296618319899384, "params": {"model__colsample_bylevel": 0.47860746301137314, "model__colsample_bynode": 0.9876997337074893, "model__colsample_bytree": 0.3032558878187438, "model__learning_rate": 0.27426886506518966, "model__max_depth": 5.0, "model__n_estimators": 30.0, "model__reg_lambda": 0.030201832498794046}, "datetime": {"datetime": "2021-03-27 14:21:24", "elapsed": 3.550997, "delta": 0.113743}}
{"target": -1.500146635727066, "params": {"model__colsample_bylevel": 0.6639811614530247, "model__colsample_bynode": 0.9952194911439693, "model__colsample_bytree": 0.3407121239493215, "model__learning_rate": 0.2940774792882499, "model__max_depth": 7.0, "model__n_estimators": 30.0, "model__reg_lambda": 1.8828375310726297}, "datetime": {"datetime": "2021-03-27 14:21:24", "elapsed": 3.663606, "delta": 0.112609}}
{"target": -1.4647594012104084, "params": {"model__colsample_bylevel": 0.3, "model__colsample_bynode": 0.3, "model__colsample_bytree": 1.0, "model__learning_rate": 0.3, "model__max_depth": 3.0, "model__n_estimators": 27.0, "model__reg_lambda": 0.5926360247478335}, "datetime": {"datetime": "2021-03-27 14:21:24", "elapsed": 3.751243, "delta": 0.087637}}
{"target": -1.4875276344004962, "params": {"model__colsample_bylevel": 0.3, "model__colsample_bynode": 1.0, "model__colsample_bytree": 0.3, "model__learning_rate": 0.3, "model__max_depth": 6.0, "model__n_estimators": 30.0, "model__reg_lambda": 1.1361098318163105}, "datetime": {"datetime": "2021-03-27 14:21:24", "elapsed": 4.106968, "delta": 0.355725}}
{"target": -1.4875276344004962, "params": {"model__colsample_bylevel": 0.3, "model__colsample_bynode": 1.0, "model__colsample_bytree": 0.3, "model__learning_rate": 0.3, "model__max_depth": 6.0, "model__n_estimators": 30.0, "model__reg_lambda": 1.1361098318163105}, "datetime": {"datetime": "2021-03-27 14:21:24", "elapsed": 4.107332, "delta": 0.000364}}
{"target": -1.4875276344004962, "params": {"model__colsample_bylevel": 0.3, "model__colsample_bynode": 1.0, "model__colsample_bytree": 0.3, "model__learning_rate": 0.3, "model__max_depth": 6.0, "model__n_estimators": 30.0, "model__reg_lambda": 1.1361098318163105}, "datetime": {"datetime": "2021-03-27 14:21:24", "elapsed": 4.107567, "delta": 0.000235}}
{"target": -1.4875276344004962, "params": {"model__colsample_bylevel": 0.3, "model__colsample_bynode": 1.0, "model__colsample_bytree": 0.3, "model__learning_rate": 0.3, "model__max_depth": 6.0, "model__n_estimators": 30.0, "model__reg_lambda": 1.1361098318163105}, "datetime": {"datetime": "2021-03-27 14:21:24", "elapsed": 4.107778, "delta": 0.000211}}
{"target": -1.4875276344004962, "params": {"model__colsample_bylevel": 0.3, "model__colsample_bynode": 1.0, "model__colsample_bytree": 0.3, "model__learning_rate": 0.3, "model__max_depth": 6.0, "model__n_estimators": 30.0, "model__reg_lambda": 1.1361098318163105}, "datetime": {"datetime": "2021-03-27 14:21:24", "elapsed": 4.107982, "delta": 0.000204}}
{"target": -1.4875276344004962, "params": {"model__colsample_bylevel": 0.3, "model__colsample_bynode": 1.0, "model__colsample_bytree": 0.3, "model__learning_rate": 0.3, "model__max_depth": 6.0, "model__n_estimators": 30.0, "model__reg_lambda": 1.1361098318163105}, "datetime": {"datetime": "2021-03-27 14:21:24", "elapsed": 4.108183, "delta": 0.000201}}
{"target": -1.4510105679675505, "params": {"model__colsample_bylevel": 0.3, "model__colsample_bynode": 0.3, "model__colsample_bytree": 0.5503198283604741, "model__learning_rate": 0.3, "model__max_depth": 4.0, "model__n_estimators": 27.0, "model__reg_lambda": 0.0}, "datetime": {"datetime": "2021-03-27 14:21:25", "elapsed": 4.209121, "delta": 0.100938}}
{"target": -1.4626737546654875, "params": {"model__colsample_bylevel": 0.3, "model__colsample_bynode": 0.3, "model__colsample_bytree": 1.0, "model__learning_rate": 0.3, "model__max_depth": 6.0, "model__n_estimators": 28.0, "model__reg_lambda": 0.0}, "datetime": {"datetime": "2021-03-27 14:21:25", "elapsed": 4.326534, "delta": 0.117413}}
{"target": -1.4895058487231532, "params": {"model__colsample_bylevel": 0.3, "model__colsample_bynode": 0.3, "model__colsample_bytree": 1.0, "model__learning_rate": 0.3, "model__max_depth": 8.0, "model__n_estimators": 26.0, "model__reg_lambda": 0.0}, "datetime": {"datetime": "2021-03-27 14:21:25", "elapsed": 4.431012, "delta": 0.104478}}
{"target": -1.5190038585279513, "params": {"model__colsample_bylevel": 0.966778173340935, "model__colsample_bynode": 0.3, "model__colsample_bytree": 0.3, "model__learning_rate": 0.3, "model__max_depth": 3.0, "model__n_estimators": 30.0, "model__reg_lambda": 0.0}, "datetime": {"datetime": "2021-03-27 14:21:25", "elapsed": 4.51757, "delta": 0.086558}}
{"target": -1.5190038585279513, "params": {"model__colsample_bylevel": 0.966778173340935, "model__colsample_bynode": 0.3, "model__colsample_bytree": 0.3, "model__learning_rate": 0.3, "model__max_depth": 3.0, "model__n_estimators": 30.0, "model__reg_lambda": 0.0}, "datetime": {"datetime": "2021-03-27 14:21:25", "elapsed": 4.517945, "delta": 0.000375}}
{"target": -1.4415159439492595, "params": {"model__colsample_bylevel": 0.3, "model__colsample_bynode": 0.3, "model__colsample_bytree": 1.0, "model__learning_rate": 0.3, "model__max_depth": 6.0, "model__n_estimators": 27.0, "model__reg_lambda": 0.5775163477133792}, "datetime": {"datetime": "2021-03-27 14:21:25", "elapsed": 4.627969, "delta": 0.110024}}
{"target": -1.422854780640615, "params": {"model__colsample_bylevel": 0.3, "model__colsample_bynode": 0.3, "model__colsample_bytree": 1.0, "model__learning_rate": 0.3, "model__max_depth": 7.0, "model__n_estimators": 28.0, "model__reg_lambda": 1.513198912970688}, "datetime": {"datetime": "2021-03-27 14:21:25", "elapsed": 4.736044, "delta": 0.108075}}
{"target": -1.422854780640615, "params": {"model__colsample_bylevel": 0.3, "model__colsample_bynode": 0.3, "model__colsample_bytree": 1.0, "model__learning_rate": 0.3, "model__max_depth": 7.0, "model__n_estimators": 28.0, "model__reg_lambda": 1.513198912970688}, "datetime": {"datetime": "2021-03-27 14:21:25", "elapsed": 4.736421, "delta": 0.000377}}
{"target": -1.422854780640615, "params": {"model__colsample_bylevel": 0.3, "model__colsample_bynode": 0.3, "model__colsample_bytree": 1.0, "model__learning_rate": 0.3, "model__max_depth": 7.0, "model__n_estimators": 28.0, "model__reg_lambda": 1.513198912970688}, "datetime": {"datetime": "2021-03-27 14:21:25", "elapsed": 4.736663, "delta": 0.000242}}
{"target": -1.422854780640615, "params": {"model__colsample_bylevel": 0.3, "model__colsample_bynode": 0.3, "model__colsample_bytree": 1.0, "model__learning_rate": 0.3, "model__max_depth": 7.0, "model__n_estimators": 28.0, "model__reg_lambda": 1.513198912970688}, "datetime": {"datetime": "2021-03-27 14:21:25", "elapsed": 4.736915, "delta": 0.000252}}
{"target": -1.422854780640615, "params": {"model__colsample_bylevel": 0.3, "model__colsample_bynode": 0.3, "model__colsample_bytree": 1.0, "model__learning_rate": 0.3, "model__max_depth": 7.0, "model__n_estimators": 28.0, "model__reg_lambda": 1.513198912970688}, "datetime": {"datetime": "2021-03-27 14:21:25", "elapsed": 4.737175, "delta": 0.00026}}
{"target": -1.4359580744057894, "params": {"model__colsample_bylevel": 0.3, "model__colsample_bynode": 0.3, "model__colsample_bytree": 1.0, "model__learning_rate": 0.3, "model__max_depth": 8.0, "model__n_estimators": 26.0, "model__reg_lambda": 2.7300082338664744}, "datetime": {"datetime": "2021-03-27 14:21:25", "elapsed": 4.84216, "delta": 0.104985}}
{"target": -1.4359580744057894, "params": {"model__colsample_bylevel": 0.3, "model__colsample_bynode": 0.3, "model__colsample_bytree": 1.0, "model__learning_rate": 0.3, "model__max_depth": 8.0, "model__n_estimators": 26.0, "model__reg_lambda": 2.7300082338664744}, "datetime": {"datetime": "2021-03-27 14:21:25", "elapsed": 4.842535, "delta": 0.000375}}
{"target": -1.4359580744057894, "params": {"model__colsample_bylevel": 0.3, "model__colsample_bynode": 0.3, "model__colsample_bytree": 1.0, "model__learning_rate": 0.3, "model__max_depth": 8.0, "model__n_estimators": 26.0, "model__reg_lambda": 2.7300082338664744}, "datetime": {"datetime": "2021-03-27 14:21:25", "elapsed": 4.842798, "delta": 0.000263}}
{"target": -1.4359580744057894, "params": {"model__colsample_bylevel": 0.3, "model__colsample_bynode": 0.3, "model__colsample_bytree": 1.0, "model__learning_rate": 0.3, "model__max_depth": 8.0, "model__n_estimators": 26.0, "model__reg_lambda": 2.7300082338664744}, "datetime": {"datetime": "2021-03-27 14:21:25", "elapsed": 4.843036, "delta": 0.000238}}
{"target": -1.4359580744057894, "params": {"model__colsample_bylevel": 0.3, "model__colsample_bynode": 0.3, "model__colsample_bytree": 1.0, "model__learning_rate": 0.3, "model__max_depth": 8.0, "model__n_estimators": 26.0, "model__reg_lambda": 2.7300082338664744}, "datetime": {"datetime": "2021-03-27 14:21:25", "elapsed": 4.843269, "delta": 0.000233}}
{"target": -1.4359580744057894, "params": {"model__colsample_bylevel": 0.3, "model__colsample_bynode": 0.3, "model__colsample_bytree": 1.0, "model__learning_rate": 0.3, "model__max_depth": 8.0, "model__n_estimators": 26.0, "model__reg_lambda": 2.7300082338664744}, "datetime": {"datetime": "2021-03-27 14:21:25", "elapsed": 4.843492, "delta": 0.000223}}
{"target": -1.4359580744057894, "params": {"model__colsample_bylevel": 0.3, "model__colsample_bynode": 0.3, "model__colsample_bytree": 1.0, "model__learning_rate": 0.3, "model__max_depth": 8.0, "model__n_estimators": 26.0, "model__reg_lambda": 2.7300082338664744}, "datetime": {"datetime": "2021-03-27 14:21:25", "elapsed": 4.843712, "delta": 0.00022}}
{"target": -1.441737033314058, "params": {"model__colsample_bylevel": 0.3, "model__colsample_bynode": 1.0, "model__colsample_bytree": 1.0, "model__learning_rate": 0.3, "model__max_depth": 7.0, "model__n_estimators": 18.0, "model__reg_lambda": 0.0}, "datetime": {"datetime": "2021-03-27 14:21:25", "elapsed": 4.94757, "delta": 0.103858}}
{"target": -1.5429574587638828, "params": {"model__colsample_bylevel": 1.0, "model__colsample_bynode": 1.0, "model__colsample_bytree": 0.3, "model__learning_rate": 0.3, "model__max_depth": 7.0, "model__n_estimators": 24.0, "model__reg_lambda": 0.0}, "datetime": {"datetime": "2021-03-27 14:21:25", "elapsed": 5.07877, "delta": 0.1312}}
{"target": -1.5429574587638828, "params": {"model__colsample_bylevel": 1.0, "model__colsample_bynode": 1.0, "model__colsample_bytree": 0.3, "model__learning_rate": 0.3, "model__max_depth": 7.0, "model__n_estimators": 24.0, "model__reg_lambda": 0.0}, "datetime": {"datetime": "2021-03-27 14:21:25", "elapsed": 5.079161, "delta": 0.000391}}
{"target": -1.5536247951828916, "params": {"model__colsample_bylevel": 0.9645270563743844, "model__colsample_bynode": 0.9784250615063763, "model__colsample_bytree": 0.3050525853852948, "model__learning_rate": 0.2969643514012727, "model__max_depth": 5.0, "model__n_estimators": 24.0, "model__reg_lambda": 1.3576124803661338}, "datetime": {"datetime": "2021-03-27 14:21:25", "elapsed": 5.173273, "delta": 0.094112}}
{"target": -1.4283916303914959, "params": {"model__colsample_bylevel": 0.3, "model__colsample_bynode": 0.3, "model__colsample_bytree": 1.0, "model__learning_rate": 0.3, "model__max_depth": 5.0, "model__n_estimators": 30.0, "model__reg_lambda": 2.5043983346451437}, "datetime": {"datetime": "2021-03-27 14:21:26", "elapsed": 5.281639, "delta": 0.108366}}
{"target": -1.4173172841361468, "params": {"model__colsample_bylevel": 0.3, "model__colsample_bynode": 0.3, "model__colsample_bytree": 1.0, "model__learning_rate": 0.3, "model__max_depth": 8.0, "model__n_estimators": 30.0, "model__reg_lambda": 2.2873633023778552}, "datetime": {"datetime": "2021-03-27 14:21:26", "elapsed": 5.40402, "delta": 0.122381}}
{"target": -1.4293998908440488, "params": {"model__colsample_bylevel": 0.3, "model__colsample_bynode": 1.0, "model__colsample_bytree": 1.0, "model__learning_rate": 0.3, "model__max_depth": 6.0, "model__n_estimators": 27.0, "model__reg_lambda": 4.524461592882262}, "datetime": {"datetime": "2021-03-27 14:21:26", "elapsed": 5.550901, "delta": 0.146881}}
{"target": -1.4293998908440488, "params": {"model__colsample_bylevel": 0.3, "model__colsample_bynode": 1.0, "model__colsample_bytree": 1.0, "model__learning_rate": 0.3, "model__max_depth": 6.0, "model__n_estimators": 27.0, "model__reg_lambda": 4.524461592882262}, "datetime": {"datetime": "2021-03-27 14:21:26", "elapsed": 5.551303, "delta": 0.000402}}
{"target": -1.4087354550920967, "params": {"model__colsample_bylevel": 1.0, "model__colsample_bynode": 0.3, "model__colsample_bytree": 1.0, "model__learning_rate": 0.3, "model__max_depth": 7.0, "model__n_estimators": 30.0, "model__reg_lambda": 8.559343015505158}, "datetime": {"datetime": "2021-03-27 14:21:26", "elapsed": 5.692443, "delta": 0.14114}}
{"target": -1.4153232337664003, "params": {"model__colsample_bylevel": 0.9200821231031391, "model__colsample_bynode": 0.35616344543935075, "model__colsample_bytree": 0.8625120529528605, "model__learning_rate": 0.23669407037870885, "model__max_depth": 5.0, "model__n_estimators": 25.0, "model__reg_lambda": 2.826662622956666}, "datetime": {"datetime": "2021-03-27 14:21:26", "elapsed": 5.813551, "delta": 0.121108}}
{"target": -1.4153232337664003, "params": {"model__colsample_bylevel": 0.9200821231031391, "model__colsample_bynode": 0.35616344543935075, "model__colsample_bytree": 0.8625120529528605, "model__learning_rate": 0.23669407037870885, "model__max_depth": 5.0, "model__n_estimators": 25.0, "model__reg_lambda": 2.826662622956666}, "datetime": {"datetime": "2021-03-27 14:21:26", "elapsed": 5.813944, "delta": 0.000393}}
{"target": -1.4414282243131944, "params": {"model__colsample_bylevel": 0.9288476845026115, "model__colsample_bynode": 0.3, "model__colsample_bytree": 1.0, "model__learning_rate": 0.3, "model__max_depth": 5.0, "model__n_estimators": 27.0, "model__reg_lambda": 5.1261769264164805}, "datetime": {"datetime": "2021-03-27 14:21:26", "elapsed": 5.951692, "delta": 0.137748}}
{"target": -1.4292433319586344, "params": {"model__colsample_bylevel": 0.3, "model__colsample_bynode": 1.0, "model__colsample_bytree": 0.9780034614852757, "model__learning_rate": 0.3, "model__max_depth": 8.0, "model__n_estimators": 28.0, "model__reg_lambda": 5.321603457067248}, "datetime": {"datetime": "2021-03-27 14:21:26", "elapsed": 6.092101, "delta": 0.140409}}
