{"target": -1.5376756831423202, "params": {"model__colsample_bylevel": 0.9228545683198291, "model__colsample_bynode": 1.0, "model__colsample_bytree": 1.0, "model__learning_rate": 0.3, "model__max_depth": 8.0, "model__n_estimators": 26.147122677100974, "model__reg_lambda": 1.4837791487871699}, "datetime": {"datetime": "2021-03-27 14:26:35", "elapsed": 315.147596, "delta": 1.913428}}
{"target": -1.4114297138904963, "params": {"model__colsample_bylevel": 0.3, "model__colsample_bynode": 1.0, "model__colsample_bytree": 1.0, "model__learning_rate": 0.3, "model__max_depth": 6.744127861744939, "model__n_estimators": 26.945738048339503, "model__reg_lambda": 7.3541415929470935}, "datetime": {"datetime": "2021-03-27 14:26:37", "elapsed": 317.08025, "delta": 1.932654}}
{"target": -1.5044823999314203, "params": {"model__colsample_bylevel": 1.0, "model__colsample_bynode": 1.0, "model__colsample_bytree": 1.0, "model__learning_rate": 0.3, "model__max_depth": 2.0, "model__n_estimators": 26.088081290450123, "model__reg_lambda": 10.0}, "datetime": {"datetime": "2021-03-27 14:26:39", "elapsed": 318.99317, "delta": 1.91292}}
{"target": -1.4308218734419864, "params": {"model__colsample_bylevel": 0.3, "model__colsample_bynode": 1.0, "model__colsample_bytree": 1.0, "model__learning_rate": 0.3, "model__max_depth": 7.193425319611028, "model__n_estimators": 17.76473789612419, "model__reg_lambda": 2.5032939991073277}, "datetime": {"datetime": "2021-03-27 14:26:41", "elapsed": 321.072395, "delta": 2.079225}}
{"target": -1.5407222087616506, "params": {"model__colsample_bylevel": 1.0, "model__colsample_bynode": 0.3, "model__colsample_bytree": 1.0, "model__learning_rate": 0.3, "model__max_depth": 2.0, "model__n_estimators": 17.80478404930468, "model__reg_lambda": 10.0}, "datetime": {"datetime": "2021-03-27 14:26:43", "elapsed": 322.977749, "delta": 1.905354}}
{"target": -1.43943291089457, "params": {"model__colsample_bylevel": 1.0, "model__colsample_bynode": 0.3, "model__colsample_bytree": 1.0, "model__learning_rate": 0.3, "model__max_depth": 7.487887795137481, "model__n_estimators": 18.074744385752943, "model__reg_lambda": 2.5855152066202334}, "datetime": {"datetime": "2021-03-27 14:26:45", "elapsed": 324.940009, "delta": 1.96226}}
{"target": -1.441203827832056, "params": {"model__colsample_bylevel": 0.3, "model__colsample_bynode": 1.0, "model__colsample_bytree": 1.0, "model__learning_rate": 0.3, "model__max_depth": 6.2755559721379495, "model__n_estimators": 23.53210166401243, "model__reg_lambda": 10.0}, "datetime": {"datetime": "2021-03-27 14:26:47", "elapsed": 327.130539, "delta": 2.19053}}
{"target": -1.4416846806480401, "params": {"model__colsample_bylevel": 1.0, "model__colsample_bynode": 0.3, "model__colsample_bytree": 1.0, "model__learning_rate": 0.3, "model__max_depth": 6.78946721149831, "model__n_estimators": 17.418993365795856, "model__reg_lambda": 0.0}, "datetime": {"datetime": "2021-03-27 14:26:50", "elapsed": 329.448343, "delta": 2.317804}}
{"target": -1.4100600802542076, "params": {"model__colsample_bylevel": 0.3, "model__colsample_bynode": 0.3, "model__colsample_bytree": 1.0, "model__learning_rate": 0.3, "model__max_depth": 7.630871562363578, "model__n_estimators": 30.0, "model__reg_lambda": 4.875408132269028}, "datetime": {"datetime": "2021-03-27 14:26:52", "elapsed": 331.621922, "delta": 2.173579}}
{"target": -1.456921073222074, "params": {"model__colsample_bylevel": 0.3, "model__colsample_bynode": 0.41552162680930105, "model__colsample_bytree": 1.0, "model__learning_rate": 0.3, "model__max_depth": 4.499395135064965, "model__n_estimators": 26.42875264201057, "model__reg_lambda": 1.7335271244210593}, "datetime": {"datetime": "2021-03-27 14:26:54", "elapsed": 333.818795, "delta": 2.196873}}
{"target": -1.427882367639762, "params": {"model__colsample_bylevel": 0.3, "model__colsample_bynode": 1.0, "model__colsample_bytree": 1.0, "model__learning_rate": 0.3, "model__max_depth": 3.3062078240338897, "model__n_estimators": 28.505834673169993, "model__reg_lambda": 10.0}, "datetime": {"datetime": "2021-03-27 14:26:56", "elapsed": 335.488777, "delta": 1.669982}}
{"target": -1.4168867594494985, "params": {"model__colsample_bylevel": 1.0, "model__colsample_bynode": 0.3, "model__colsample_bytree": 1.0, "model__learning_rate": 0.3, "model__max_depth": 4.059492007710266, "model__n_estimators": 20.412356796056546, "model__reg_lambda": 2.6239417379937136}, "datetime": {"datetime": "2021-03-27 14:26:58", "elapsed": 337.420388, "delta": 1.931611}}
{"target": -1.4194479512941578, "params": {"model__colsample_bylevel": 1.0, "model__colsample_bynode": 0.3, "model__colsample_bytree": 1.0, "model__learning_rate": 0.3, "model__max_depth": 6.73951223796329, "model__n_estimators": 19.586984156627263, "model__reg_lambda": 5.911927141432773}, "datetime": {"datetime": "2021-03-27 14:27:00", "elapsed": 339.240517, "delta": 1.820129}}
{"target": -1.4736164211147071, "params": {"model__colsample_bylevel": 1.0, "model__colsample_bynode": 0.3, "model__colsample_bytree": 1.0, "model__learning_rate": 0.3, "model__max_depth": 3.2293927981442994, "model__n_estimators": 16.426013282588496, "model__reg_lambda": 4.434900178993169}, "datetime": {"datetime": "2021-03-27 14:27:02", "elapsed": 341.908497, "delta": 2.66798}}
{"target": -1.4320745864586122, "params": {"model__colsample_bylevel": 0.3, "model__colsample_bynode": 1.0, "model__colsample_bytree": 1.0, "model__learning_rate": 0.3, "model__max_depth": 2.0, "model__n_estimators": 26.79966827108665, "model__reg_lambda": 1.5626934556295133}, "datetime": {"datetime": "2021-03-27 14:27:04", "elapsed": 343.58597, "delta": 1.677473}}
{"target": -1.4368144471954176, "params": {"model__colsample_bylevel": 0.3, "model__colsample_bynode": 1.0, "model__colsample_bytree": 1.0, "model__learning_rate": 0.3, "model__max_depth": 3.6488875221935606, "model__n_estimators": 23.54327714431999, "model__reg_lambda": 10.0}, "datetime": {"datetime": "2021-03-27 14:27:06", "elapsed": 346.162389, "delta": 2.576419}}
{"target": -1.4033611850948007, "params": {"model__colsample_bylevel": 0.3, "model__colsample_bynode": 1.0, "model__colsample_bytree": 1.0, "model__learning_rate": 0.3, "model__max_depth": 6.523249374289008, "model__n_estimators": 30.0, "model__reg_lambda": 7.367001654002198}, "datetime": {"datetime": "2021-03-27 14:27:09", "elapsed": 348.341476, "delta": 2.179087}}
{"target": -1.431141136241132, "params": {"model__colsample_bylevel": 0.3, "model__colsample_bynode": 1.0, "model__colsample_bytree": 1.0, "model__learning_rate": 0.3, "model__max_depth": 8.0, "model__n_estimators": 22.499421154853323, "model__reg_lambda": 8.426184105221743}, "datetime": {"datetime": "2021-03-27 14:27:11", "elapsed": 351.130185, "delta": 2.788709}}
{"target": -1.536779174068268, "params": {"model__colsample_bylevel": 1.0, "model__colsample_bynode": 0.3, "model__colsample_bytree": 0.3, "model__learning_rate": 0.3, "model__max_depth": 4.123276843755036, "model__n_estimators": 30.0, "model__reg_lambda": 10.0}, "datetime": {"datetime": "2021-03-27 14:27:14", "elapsed": 353.338091, "delta": 2.207906}}
{"target": -1.5959535399208897, "params": {"model__colsample_bylevel": 0.3, "model__colsample_bynode": 1.0, "model__colsample_bytree": 0.3, "model__learning_rate": 0.3, "model__max_depth": 8.0, "model__n_estimators": 22.741680165987006, "model__reg_lambda": 10.0}, "datetime": {"datetime": "2021-03-27 14:27:15", "elapsed": 355.173033, "delta": 1.834942}}
{"target": -1.4469917069904616, "params": {"model__colsample_bylevel": 1.0, "model__colsample_bynode": 0.3, "model__colsample_bytree": 1.0, "model__learning_rate": 0.3, "model__max_depth": 3.867265523055853, "model__n_estimators": 20.221501471187942, "model__reg_lambda": 6.978124397806803}, "datetime": {"datetime": "2021-03-27 14:27:17", "elapsed": 356.768622, "delta": 1.595589}}
{"target": -1.422089271058423, "params": {"model__colsample_bylevel": 0.3, "model__colsample_bynode": 1.0, "model__colsample_bytree": 1.0, "model__learning_rate": 0.3, "model__max_depth": 8.0, "model__n_estimators": 25.60984166098659, "model__reg_lambda": 8.802373900625604}, "datetime": {"datetime": "2021-03-27 14:27:19", "elapsed": 358.682598, "delta": 1.913976}}
{"target": -1.4074642735007017, "params": {"model__colsample_bylevel": 1.0, "model__colsample_bynode": 0.3, "model__colsample_bytree": 1.0, "model__learning_rate": 0.3, "model__max_depth": 6.33715289917734, "model__n_estimators": 30.0, "model__reg_lambda": 6.895256131513231}, "datetime": {"datetime": "2021-03-27 14:27:21", "elapsed": 360.874006, "delta": 2.191408}}
{"target": -1.5521304114573242, "params": {"model__colsample_bylevel": 0.3, "model__colsample_bynode": 0.3, "model__colsample_bytree": 1.0, "model__learning_rate": 0.1, "model__max_depth": 6.74759526036874, "model__n_estimators": 18.990817839494035, "model__reg_lambda": 0.0}, "datetime": {"datetime": "2021-03-27 14:27:23", "elapsed": 362.992306, "delta": 2.1183}}
{"target": -1.4224189276037655, "params": {"model__colsample_bylevel": 0.3, "model__colsample_bynode": 1.0, "model__colsample_bytree": 1.0, "model__learning_rate": 0.3, "model__max_depth": 7.185940168203854, "model__n_estimators": 18.21059716939355, "model__reg_lambda": 1.340558669776164}, "datetime": {"datetime": "2021-03-27 14:27:26", "elapsed": 365.23299, "delta": 2.240684}}
{"target": -1.4164617944913713, "params": {"model__colsample_bylevel": 0.3000000000584342, "model__colsample_bynode": 1.0, "model__colsample_bytree": 1.0, "model__learning_rate": 0.3, "model__max_depth": 4.378303311296686, "model__n_estimators": 22.912148317429136, "model__reg_lambda": 5.727902822070536}, "datetime": {"datetime": "2021-03-27 14:27:27", "elapsed": 367.118072, "delta": 1.885082}}
{"target": -1.5261186764508055, "params": {"model__colsample_bylevel": 1.0, "model__colsample_bynode": 0.3, "model__colsample_bytree": 1.0, "model__learning_rate": 0.3, "model__max_depth": 2.0, "model__n_estimators": 17.859105235764044, "model__reg_lambda": 7.571509998582291}, "datetime": {"datetime": "2021-03-27 14:27:29", "elapsed": 369.16188, "delta": 2.043808}}
