{"target": -1.4583574006914337, "params": {"model__colsample_bylevel": 1.0, "model__colsample_bynode": 0.3, "model__colsample_bytree": 1.0, "model__learning_rate": 0.3, "model__max_depth": 5.196771370976768, "model__n_estimators": 18.267752787550823, "model__reg_lambda": 0.0}, "datetime": {"datetime": "2021-03-27 14:24:44", "elapsed": 204.07473, "delta": 1.767605}}
{"target": -1.4455115442528672, "params": {"model__colsample_bylevel": 0.3, "model__colsample_bynode": 1.0, "model__colsample_bytree": 1.0, "model__learning_rate": 0.3, "model__max_depth": 5.112709637820353, "model__n_estimators": 23.92266008114608, "model__reg_lambda": 8.669783839713213}, "datetime": {"datetime": "2021-03-27 14:24:46", "elapsed": 206.01616, "delta": 1.94143}}
{"target": -1.4525729140968642, "params": {"model__colsample_bylevel": 0.3, "model__colsample_bynode": 0.3, "model__colsample_bytree": 1.0, "model__learning_rate": 0.3, "model__max_depth": 5.865194586983427, "model__n_estimators": 20.077860953325487, "model__reg_lambda": 1.3814085048904294}, "datetime": {"datetime": "2021-03-27 14:24:48", "elapsed": 207.647467, "delta": 1.631307}}
{"target": -1.4391514919752229, "params": {"model__colsample_bylevel": 1.0, "model__colsample_bynode": 0.3, "model__colsample_bytree": 1.0, "model__learning_rate": 0.3, "model__max_depth": 3.227631530368444, "model__n_estimators": 19.802478117827604, "model__reg_lambda": 8.158477664762486}, "datetime": {"datetime": "2021-03-27 14:24:50", "elapsed": 209.227418, "delta": 1.579951}}
{"target": -1.5144840488183324, "params": {"model__colsample_bylevel": 0.3, "model__colsample_bynode": 0.3, "model__colsample_bytree": 1.0, "model__learning_rate": 0.3, "model__max_depth": 2.0, "model__n_estimators": 27.875094371854676, "model__reg_lambda": 2.6114106437577593}, "datetime": {"datetime": "2021-03-27 14:24:52", "elapsed": 211.269028, "delta": 2.04161}}
{"target": -1.415379362685633, "params": {"model__colsample_bylevel": 1.0, "model__colsample_bynode": 0.3, "model__colsample_bytree": 1.0, "model__learning_rate": 0.3, "model__max_depth": 8.0, "model__n_estimators": 30.0, "model__reg_lambda": 3.7398479128496853}, "datetime": {"datetime": "2021-03-27 14:24:53", "elapsed": 213.04166, "delta": 1.772632}}
{"target": -1.602241031771553, "params": {"model__colsample_bylevel": 1.0, "model__colsample_bynode": 1.0, "model__colsample_bytree": 1.0, "model__learning_rate": 0.1, "model__max_depth": 8.0, "model__n_estimators": 18.620733903839543, "model__reg_lambda": 0.0}, "datetime": {"datetime": "2021-03-27 14:24:55", "elapsed": 214.768581, "delta": 1.726921}}
{"target": -1.4201316451086947, "params": {"model__colsample_bylevel": 0.3, "model__colsample_bynode": 1.0, "model__colsample_bytree": 1.0, "model__learning_rate": 0.3, "model__max_depth": 8.0, "model__n_estimators": 21.21439713726103, "model__reg_lambda": 5.136751569411567}, "datetime": {"datetime": "2021-03-27 14:24:57", "elapsed": 216.618147, "delta": 1.849566}}
{"target": -1.4286047749275312, "params": {"model__colsample_bylevel": 0.3, "model__colsample_bynode": 1.0, "model__colsample_bytree": 1.0, "model__learning_rate": 0.3, "model__max_depth": 3.8706417832128674, "model__n_estimators": 24.140727558021776, "model__reg_lambda": 5.908289153146961}, "datetime": {"datetime": "2021-03-27 14:24:59", "elapsed": 218.442123, "delta": 1.823976}}
{"target": -1.437327784540105, "params": {"model__colsample_bylevel": 0.3, "model__colsample_bynode": 1.0, "model__colsample_bytree": 1.0, "model__learning_rate": 0.3, "model__max_depth": 4.775609082031763, "model__n_estimators": 27.46021624923188, "model__reg_lambda": 8.174628227941682}, "datetime": {"datetime": "2021-03-27 14:25:00", "elapsed": 220.060953, "delta": 1.61883}}
{"target": -1.4125423949076863, "params": {"model__colsample_bylevel": 0.3, "model__colsample_bynode": 1.0, "model__colsample_bytree": 1.0, "model__learning_rate": 0.3, "model__max_depth": 3.521780977924453, "model__n_estimators": 30.0, "model__reg_lambda": 10.0}, "datetime": {"datetime": "2021-03-27 14:25:02", "elapsed": 221.99094, "delta": 1.929987}}
{"target": -1.4207650199478519, "params": {"model__colsample_bylevel": 0.3, "model__colsample_bynode": 1.0, "model__colsample_bytree": 1.0, "model__learning_rate": 0.3, "model__max_depth": 3.664038588547422, "model__n_estimators": 30.0, "model__reg_lambda": 6.942410768572644}, "datetime": {"datetime": "2021-03-27 14:25:04", "elapsed": 223.841367, "delta": 1.850427}}
{"target": -1.483167790848276, "params": {"model__colsample_bylevel": 0.3, "model__colsample_bynode": 1.0, "model__colsample_bytree": 1.0, "model__learning_rate": 0.3, "model__max_depth": 2.0, "model__n_estimators": 24.59907665280145, "model__reg_lambda": 10.0}, "datetime": {"datetime": "2021-03-27 14:25:06", "elapsed": 225.295075, "delta": 1.453708}}
{"target": -1.4199423932132946, "params": {"model__colsample_bylevel": 0.3, "model__colsample_bynode": 1.0, "model__colsample_bytree": 1.0, "model__learning_rate": 0.3, "model__max_depth": 2.7421051759496384, "model__n_estimators": 24.494748781337677, "model__reg_lambda": 0.9734284927935114}, "datetime": {"datetime": "2021-03-27 14:25:07", "elapsed": 227.048894, "delta": 1.753819}}
{"target": -1.6033790959396224, "params": {"model__colsample_bylevel": 0.3, "model__colsample_bynode": 0.3, "model__colsample_bytree": 1.0, "model__learning_rate": 0.3, "model__max_depth": 4.121940219449172, "model__n_estimators": 15.0, "model__reg_lambda": 7.121637585883172}, "datetime": {"datetime": "2021-03-27 14:25:09", "elapsed": 229.035228, "delta": 1.986334}}
{"target": -1.4239796630282333, "params": {"model__colsample_bylevel": 0.3, "model__colsample_bynode": 1.0, "model__colsample_bytree": 1.0, "model__learning_rate": 0.3, "model__max_depth": 2.0, "model__n_estimators": 30.0, "model__reg_lambda": 4.526769414367289}, "datetime": {"datetime": "2021-03-27 14:25:11", "elapsed": 231.062006, "delta": 2.026778}}
{"target": -1.508472205196386, "params": {"model__colsample_bylevel": 0.3, "model__colsample_bynode": 1.0, "model__colsample_bytree": 1.0, "model__learning_rate": 0.3, "model__max_depth": 8.0, "model__n_estimators": 15.0, "model__reg_lambda": 10.0}, "datetime": {"datetime": "2021-03-27 14:25:13", "elapsed": 233.123682, "delta": 2.061676}}
{"target": -1.4538726372320367, "params": {"model__colsample_bylevel": 0.3, "model__colsample_bynode": 0.3, "model__colsample_bytree": 1.0, "model__learning_rate": 0.3, "model__max_depth": 8.0, "model__n_estimators": 18.217533439876224, "model__reg_lambda": 1.609441278594858}, "datetime": {"datetime": "2021-03-27 14:25:15", "elapsed": 234.748026, "delta": 1.624344}}
{"target": -1.55450411695933, "params": {"model__colsample_bylevel": 0.3, "model__colsample_bynode": 1.0, "model__colsample_bytree": 0.3, "model__learning_rate": 0.3, "model__max_depth": 2.0, "model__n_estimators": 28.869616886985614, "model__reg_lambda": 6.240462052797033}, "datetime": {"datetime": "2021-03-27 14:25:17", "elapsed": 236.704396, "delta": 1.95637}}
{"target": -1.4634659034024546, "params": {"model__colsample_bylevel": 1.0, "model__colsample_bynode": 0.3, "model__colsample_bytree": 1.0, "model__learning_rate": 0.3, "model__max_depth": 4.507570744549699, "model__n_estimators": 16.45076781144401, "model__reg_lambda": 6.254905113277549}, "datetime": {"datetime": "2021-03-27 14:25:19", "elapsed": 238.532632, "delta": 1.828236}}
{"target": -1.492589294683674, "params": {"model__colsample_bylevel": 0.3, "model__colsample_bynode": 0.3, "model__colsample_bytree": 1.0, "model__learning_rate": 0.3, "model__max_depth": 8.0, "model__n_estimators": 22.764049805817788, "model__reg_lambda": 10.0}, "datetime": {"datetime": "2021-03-27 14:25:21", "elapsed": 240.201666, "delta": 1.669034}}
{"target": -1.543807028806296, "params": {"model__colsample_bylevel": 1.0, "model__colsample_bynode": 0.3, "model__colsample_bytree": 0.3, "model__learning_rate": 0.3, "model__max_depth": 3.3664040119102214, "model__n_estimators": 19.29214521484876, "model__reg_lambda": 0.0}, "datetime": {"datetime": "2021-03-27 14:25:23", "elapsed": 242.219098, "delta": 2.017432}}
{"target": -1.427334074627446, "params": {"model__colsample_bylevel": 0.3, "model__colsample_bynode": 1.0, "model__colsample_bytree": 1.0, "model__learning_rate": 0.3, "model__max_depth": 6.873008745201611, "model__n_estimators": 21.096314010888175, "model__reg_lambda": 3.7014064608231005}, "datetime": {"datetime": "2021-03-27 14:25:24", "elapsed": 243.863004, "delta": 1.643906}}
{"target": -1.5060494926474663, "params": {"model__colsample_bylevel": 1.0, "model__colsample_bynode": 0.5850072032664247, "model__colsample_bytree": 1.0, "model__learning_rate": 0.3, "model__max_depth": 4.732350289150525, "model__n_estimators": 19.17295523596715, "model__reg_lambda": 1.2193096414458833}, "datetime": {"datetime": "2021-03-27 14:25:26", "elapsed": 245.484892, "delta": 1.621888}}
{"target": -1.4140308940027286, "params": {"model__colsample_bylevel": 0.3, "model__colsample_bynode": 1.0, "model__colsample_bytree": 1.0, "model__learning_rate": 0.3, "model__max_depth": 8.0, "model__n_estimators": 25.48812078918837, "model__reg_lambda": 5.276798350205189}, "datetime": {"datetime": "2021-03-27 14:25:28", "elapsed": 247.355822, "delta": 1.87093}}
{"target": -1.4910987694086373, "params": {"model__colsample_bylevel": 0.3, "model__colsample_bynode": 1.0, "model__colsample_bytree": 1.0, "model__learning_rate": 0.3, "model__max_depth": 2.0, "model__n_estimators": 23.08351275894486, "model__reg_lambda": 8.447366454582042}, "datetime": {"datetime": "2021-03-27 14:25:30", "elapsed": 249.38382, "delta": 2.027998}}
{"target": -1.5482980810146292, "params": {"model__colsample_bylevel": 0.3, "model__colsample_bynode": 0.3, "model__colsample_bytree": 0.3, "model__learning_rate": 0.3, "model__max_depth": 6.031070355379464, "model__n_estimators": 21.86152747669552, "model__reg_lambda": 0.0}, "datetime": {"datetime": "2021-03-27 14:25:32", "elapsed": 251.36633, "delta": 1.98251}}
{"target": -1.4824667509834186, "params": {"model__colsample_bylevel": 0.3, "model__colsample_bynode": 0.3, "model__colsample_bytree": 1.0, "model__learning_rate": 0.3, "model__max_depth": 5.538588746133742, "model__n_estimators": 19.4073290839612, "model__reg_lambda": 4.105344900535827}, "datetime": {"datetime": "2021-03-27 14:25:34", "elapsed": 253.289643, "delta": 1.923313}}
{"target": -1.438829102580422, "params": {"model__colsample_bylevel": 1.0, "model__colsample_bynode": 0.3, "model__colsample_bytree": 1.0, "model__learning_rate": 0.3, "model__max_depth": 3.9548275976118465, "model__n_estimators": 18.18491307378861, "model__reg_lambda": 3.0154067581548936}, "datetime": {"datetime": "2021-03-27 14:25:35", "elapsed": 254.985863, "delta": 1.69622}}
{"target": -1.4619589945328408, "params": {"model__colsample_bylevel": 0.3, "model__colsample_bynode": 0.3, "model__colsample_bytree": 1.0, "model__learning_rate": 0.3, "model__max_depth": 8.0, "model__n_estimators": 26.327527585949728, "model__reg_lambda": 6.836636481292018}, "datetime": {"datetime": "2021-03-27 14:25:37", "elapsed": 256.764136, "delta": 1.778273}}
{"target": -1.4526913458346455, "params": {"model__colsample_bylevel": 1.0, "model__colsample_bynode": 0.3, "model__colsample_bytree": 1.0, "model__learning_rate": 0.3, "model__max_depth": 2.0, "model__n_estimators": 18.76771243111144, "model__reg_lambda": 1.8033579611695687}, "datetime": {"datetime": "2021-03-27 14:25:39", "elapsed": 258.84602, "delta": 2.081884}}
{"target": -1.4924485675504673, "params": {"model__colsample_bylevel": 1.0, "model__colsample_bynode": 1.0, "model__colsample_bytree": 1.0, "model__learning_rate": 0.3, "model__max_depth": 2.0, "model__n_estimators": 30.0, "model__reg_lambda": 2.357919263699628}, "datetime": {"datetime": "2021-03-27 14:25:41", "elapsed": 261.060747, "delta": 2.214727}}
{"target": -1.4179325279334318, "params": {"model__colsample_bylevel": 0.3, "model__colsample_bynode": 1.0, "model__colsample_bytree": 1.0, "model__learning_rate": 0.3, "model__max_depth": 7.3488450496484115, "model__n_estimators": 30.0, "model__reg_lambda": 3.2393691242894738}, "datetime": {"datetime": "2021-03-27 14:25:43", "elapsed": 262.994719, "delta": 1.933972}}
{"target": -1.4621151611910785, "params": {"model__colsample_bylevel": 0.3, "model__colsample_bynode": 0.3, "model__colsample_bytree": 1.0, "model__learning_rate": 0.3, "model__max_depth": 8.0, "model__n_estimators": 28.15406274879574, "model__reg_lambda": 9.224913941364846}, "datetime": {"datetime": "2021-03-27 14:25:45", "elapsed": 264.977598, "delta": 1.982879}}
{"target": -1.5595438268197621, "params": {"model__colsample_bylevel": 1.0, "model__colsample_bynode": 0.3, "model__colsample_bytree": 0.3, "model__learning_rate": 0.3, "model__max_depth": 6.824231327044047, "model__n_estimators": 19.261877220805676, "model__reg_lambda": 2.745573647964717}, "datetime": {"datetime": "2021-03-27 14:25:47", "elapsed": 266.744871, "delta": 1.767273}}
{"target": -1.4414117508716342, "params": {"model__colsample_bylevel": 0.3, "model__colsample_bynode": 1.0, "model__colsample_bytree": 1.0, "model__learning_rate": 0.3, "model__max_depth": 2.0, "model__n_estimators": 19.506307005396884, "model__reg_lambda": 0.0}, "datetime": {"datetime": "2021-03-27 14:25:49", "elapsed": 268.587454, "delta": 1.842583}}
{"target": -1.4235658177809005, "params": {"model__colsample_bylevel": 1.0, "model__colsample_bynode": 0.3, "model__colsample_bytree": 1.0, "model__learning_rate": 0.3, "model__max_depth": 8.0, "model__n_estimators": 20.27226311894087, "model__reg_lambda": 5.08581658790925}, "datetime": {"datetime": "2021-03-27 14:25:51", "elapsed": 270.564794, "delta": 1.97734}}
{"target": -1.4125423949076863, "params": {"model__colsample_bylevel": 1.0, "model__colsample_bynode": 0.3, "model__colsample_bytree": 1.0, "model__learning_rate": 0.3, "model__max_depth": 3.670918697725602, "model__n_estimators": 30.0, "model__reg_lambda": 10.0}, "datetime": {"datetime": "2021-03-27 14:25:53", "elapsed": 272.293519, "delta": 1.728725}}
{"target": -1.4159884047006135, "params": {"model__colsample_bylevel": 1.0, "model__colsample_bynode": 0.3, "model__colsample_bytree": 1.0, "model__learning_rate": 0.3, "model__max_depth": 4.599228647804136, "model__n_estimators": 21.63433351498195, "model__reg_lambda": 1.8004277817112166}, "datetime": {"datetime": "2021-03-27 14:25:55", "elapsed": 274.21695, "delta": 1.923431}}
{"target": -1.4818752544297689, "params": {"model__colsample_bylevel": 1.0, "model__colsample_bynode": 1.0, "model__colsample_bytree": 1.0, "model__learning_rate": 0.3, "model__max_depth": 3.947888263117, "model__n_estimators": 30.0, "model__reg_lambda": 8.94994268334229}, "datetime": {"datetime": "2021-03-27 14:25:57", "elapsed": 276.358713, "delta": 2.141763}}
{"target": -1.4667043778667417, "params": {"model__colsample_bylevel": 0.3, "model__colsample_bynode": 0.3, "model__colsample_bytree": 1.0, "model__learning_rate": 0.3, "model__max_depth": 3.0600281574104637, "model__n_estimators": 30.0, "model__reg_lambda": 5.565464357735538}, "datetime": {"datetime": "2021-03-27 14:25:59", "elapsed": 278.744993, "delta": 2.38628}}
{"target": -1.487071577189625, "params": {"model__colsample_bylevel": 0.3, "model__colsample_bynode": 0.3, "model__colsample_bytree": 1.0, "model__learning_rate": 0.3, "model__max_depth": 3.36052645986736, "model__n_estimators": 20.144526472291762, "model__reg_lambda": 0.0}, "datetime": {"datetime": "2021-03-27 14:26:01", "elapsed": 280.547724, "delta": 1.802731}}
{"target": -1.4448982261445211, "params": {"model__colsample_bylevel": 0.3, "model__colsample_bynode": 0.3000000499908291, "model__colsample_bytree": 1.0, "model__learning_rate": 0.3, "model__max_depth": 6.150540809969501, "model__n_estimators": 28.93192773514021, "model__reg_lambda": 7.346181244306922}, "datetime": {"datetime": "2021-03-27 14:26:03", "elapsed": 282.497539, "delta": 1.949815}}
{"target": -1.5136935233394955, "params": {"model__colsample_bylevel": 1.0, "model__colsample_bynode": 1.0, "model__colsample_bytree": 1.0, "model__learning_rate": 0.3, "model__max_depth": 8.0, "model__n_estimators": 19.38279865077675, "model__reg_lambda": 4.544026519696774}, "datetime": {"datetime": "2021-03-27 14:26:05", "elapsed": 284.26583, "delta": 1.768291}}
{"target": -1.4434851155386887, "params": {"model__colsample_bylevel": 0.3, "model__colsample_bynode": 1.0, "model__colsample_bytree": 1.0, "model__learning_rate": 0.3, "model__max_depth": 3.569730669287547, "model__n_estimators": 20.91018191011805, "model__reg_lambda": 7.818661277034687}, "datetime": {"datetime": "2021-03-27 14:26:07", "elapsed": 286.228273, "delta": 1.962443}}
{"target": -1.4631227127667787, "params": {"model__colsample_bylevel": 0.3, "model__colsample_bynode": 0.3, "model__colsample_bytree": 1.0, "model__learning_rate": 0.3, "model__max_depth": 7.154181531574146, "model__n_estimators": 21.11058385368432, "model__reg_lambda": 5.313490212367596}, "datetime": {"datetime": "2021-03-27 14:26:08", "elapsed": 288.014895, "delta": 1.786622}}
{"target": -1.4315859481017443, "params": {"model__colsample_bylevel": 1.0, "model__colsample_bynode": 0.3, "model__colsample_bytree": 1.0, "model__learning_rate": 0.3, "model__max_depth": 6.805602239092528, "model__n_estimators": 30.0, "model__reg_lambda": 2.841033675927726}, "datetime": {"datetime": "2021-03-27 14:26:10", "elapsed": 290.064651, "delta": 2.049756}}
{"target": -1.4243233691145112, "params": {"model__colsample_bylevel": 1.0, "model__colsample_bynode": 0.3, "model__colsample_bytree": 1.0, "model__learning_rate": 0.3, "model__max_depth": 8.0, "model__n_estimators": 24.754050164208387, "model__reg_lambda": 4.027753213964416}, "datetime": {"datetime": "2021-03-27 14:26:13", "elapsed": 292.311081, "delta": 2.24643}}
{"target": -1.4284763138471306, "params": {"model__colsample_bylevel": 1.0, "model__colsample_bynode": 0.3, "model__colsample_bytree": 1.0, "model__learning_rate": 0.3, "model__max_depth": 6.401419928128323, "model__n_estimators": 21.62399545248007, "model__reg_lambda": 2.109560453953327}, "datetime": {"datetime": "2021-03-27 14:26:14", "elapsed": 294.092102, "delta": 1.781021}}
{"target": -1.4272026720848203, "params": {"model__colsample_bylevel": 0.3, "model__colsample_bynode": 1.0, "model__colsample_bytree": 1.0, "model__learning_rate": 0.3, "model__max_depth": 2.964929598791088, "model__n_estimators": 23.2748406655136, "model__reg_lambda": 4.7815642131456695}, "datetime": {"datetime": "2021-03-27 14:26:16", "elapsed": 296.129555, "delta": 2.037453}}
{"target": -1.4575556870064008, "params": {"model__colsample_bylevel": 1.0, "model__colsample_bynode": 0.6061061946255242, "model__colsample_bytree": 1.0, "model__learning_rate": 0.3, "model__max_depth": 2.8076292387218356, "model__n_estimators": 24.93131479929173, "model__reg_lambda": 2.358269569633201}, "datetime": {"datetime": "2021-03-27 14:26:19", "elapsed": 298.308239, "delta": 2.178684}}
{"target": -1.5153582820641822, "params": {"model__colsample_bylevel": 1.0, "model__colsample_bynode": 0.3, "model__colsample_bytree": 0.326390291042066, "model__learning_rate": 0.3, "model__max_depth": 6.060264066260436, "model__n_estimators": 28.202233943280124, "model__reg_lambda": 5.203835719327414}, "datetime": {"datetime": "2021-03-27 14:26:20", "elapsed": 300.048816, "delta": 1.740577}}
{"target": -1.4099970024268047, "params": {"model__colsample_bylevel": 0.3, "model__colsample_bynode": 1.0, "model__colsample_bytree": 1.0, "model__learning_rate": 0.3, "model__max_depth": 8.0, "model__n_estimators": 22.635991764136854, "model__reg_lambda": 2.215054272064795}, "datetime": {"datetime": "2021-03-27 14:26:22", "elapsed": 301.932392, "delta": 1.883576}}
{"target": -1.558158059142854, "params": {"model__colsample_bylevel": 0.3, "model__colsample_bynode": 1.0, "model__colsample_bytree": 0.3, "model__learning_rate": 0.3, "model__max_depth": 8.0, "model__n_estimators": 25.581249809833423, "model__reg_lambda": 1.3572460193500942e-09}, "datetime": {"datetime": "2021-03-27 14:26:24", "elapsed": 304.186269, "delta": 2.253877}}
{"target": -1.4811632852623429, "params": {"model__colsample_bylevel": 0.3, "model__colsample_bynode": 0.3, "model__colsample_bytree": 1.0, "model__learning_rate": 0.3, "model__max_depth": 3.3209866022787464, "model__n_estimators": 30.0, "model__reg_lambda": 8.36010097111416}, "datetime": {"datetime": "2021-03-27 14:26:26", "elapsed": 305.894239, "delta": 1.70797}}
{"target": -1.566237464984474, "params": {"model__colsample_bylevel": 1.0, "model__colsample_bynode": 1.0, "model__colsample_bytree": 1.0, "model__learning_rate": 0.3, "model__max_depth": 8.0, "model__n_estimators": 15.0, "model__reg_lambda": 8.729577541087671}, "datetime": {"datetime": "2021-03-27 14:26:28", "elapsed": 307.74867, "delta": 1.854431}}
{"target": -1.427882367639762, "params": {"model__colsample_bylevel": 1.0, "model__colsample_bynode": 0.3, "model__colsample_bytree": 1.0, "model__learning_rate": 0.3, "model__max_depth": 3.025559632022497, "model__n_estimators": 28.72114838185975, "model__reg_lambda": 10.0}, "datetime": {"datetime": "2021-03-27 14:26:30", "elapsed": 309.561018, "delta": 1.812348}}
{"target": -1.4104216405824905, "params": {"model__colsample_bylevel": 0.3, "model__colsample_bynode": 1.0, "model__colsample_bytree": 1.0, "model__learning_rate": 0.3, "model__max_depth": 8.0, "model__n_estimators": 19.700321480353196, "model__reg_lambda": 6.1886037531095}, "datetime": {"datetime": "2021-03-27 14:26:32", "elapsed": 311.487606, "delta": 1.926588}}
{"target": -1.425226761098357, "params": {"model__colsample_bylevel": 1.0, "model__colsample_bynode": 0.3000000015220045, "model__colsample_bytree": 1.0, "model__learning_rate": 0.3, "model__max_depth": 6.657191961014186, "model__n_estimators": 26.454203813670343, "model__reg_lambda": 4.483369166119476}, "datetime": {"datetime": "2021-03-27 14:26:34", "elapsed": 313.234168, "delta": 1.746562}}
