{"target": -1.498013106531099, "params": {"model__colsample_bylevel": 1.0, "model__colsample_bynode": 1.0, "model__colsample_bytree": 1.0, "model__learning_rate": 0.3, "model__max_depth": 4.385966919155399, "model__n_estimators": 22.245684389781804, "model__reg_lambda": 4.104659666479131}, "datetime": {"datetime": "2021-03-27 14:23:02", "elapsed": 101.961694, "delta": 1.774054}}
{"target": -1.503837701689074, "params": {"model__colsample_bylevel": 1.0, "model__colsample_bynode": 1.0, "model__colsample_bytree": 1.0, "model__learning_rate": 0.3, "model__max_depth": 2.0, "model__n_estimators": 23.950463935416586, "model__reg_lambda": 5.955476852856278}, "datetime": {"datetime": "2021-03-27 14:23:05", "elapsed": 104.356782, "delta": 2.395088}}
{"target": -1.4974893919178756, "params": {"model__colsample_bylevel": 1.0, "model__colsample_bynode": 1.0, "model__colsample_bytree": 1.0, "model__learning_rate": 0.3, "model__max_depth": 8.0, "model__n_estimators": 15.0, "model__reg_lambda": 4.220368421912972}, "datetime": {"datetime": "2021-03-27 14:23:06", "elapsed": 105.904913, "delta": 1.548131}}
{"target": -1.4482104259394648, "params": {"model__colsample_bylevel": 1.0, "model__colsample_bynode": 0.3, "model__colsample_bytree": 1.0, "model__learning_rate": 0.3, "model__max_depth": 5.271555017508264, "model__n_estimators": 18.06328922912953, "model__reg_lambda": 5.940510926546718}, "datetime": {"datetime": "2021-03-27 14:23:08", "elapsed": 107.542289, "delta": 1.637376}}
{"target": -1.538394240603067, "params": {"model__colsample_bylevel": 1.0, "model__colsample_bynode": 0.3, "model__colsample_bytree": 1.0, "model__learning_rate": 0.3, "model__max_depth": 2.0, "model__n_estimators": 15.0, "model__reg_lambda": 6.4727504629812875}, "datetime": {"datetime": "2021-03-27 14:23:10", "elapsed": 109.392526, "delta": 1.850237}}
{"target": -1.4232863326678458, "params": {"model__colsample_bylevel": 0.3, "model__colsample_bynode": 1.0, "model__colsample_bytree": 1.0, "model__learning_rate": 0.3, "model__max_depth": 8.0, "model__n_estimators": 23.788257147587167, "model__reg_lambda": 3.605191938578603}, "datetime": {"datetime": "2021-03-27 14:23:12", "elapsed": 111.42161, "delta": 2.029084}}
{"target": -1.5553859245990391, "params": {"model__colsample_bylevel": 0.3, "model__colsample_bynode": 1.0, "model__colsample_bytree": 0.3, "model__learning_rate": 0.3, "model__max_depth": 5.817827446527178, "model__n_estimators": 19.342993752858956, "model__reg_lambda": 0.0}, "datetime": {"datetime": "2021-03-27 14:23:13", "elapsed": 113.097506, "delta": 1.675896}}
{"target": -1.593481510364707, "params": {"model__colsample_bylevel": 1.0, "model__colsample_bynode": 1.0, "model__colsample_bytree": 0.3, "model__learning_rate": 0.3, "model__max_depth": 8.0, "model__n_estimators": 15.0, "model__reg_lambda": 0.9672788995165507}, "datetime": {"datetime": "2021-03-27 14:23:15", "elapsed": 114.820844, "delta": 1.723338}}
{"target": -1.627493188443823, "params": {"model__colsample_bylevel": 1.0, "model__colsample_bynode": 1.0, "model__colsample_bytree": 1.0, "model__learning_rate": 0.1, "model__max_depth": 8.0, "model__n_estimators": 28.640875238982304, "model__reg_lambda": 7.6394530448542195}, "datetime": {"datetime": "2021-03-27 14:23:17", "elapsed": 116.600771, "delta": 1.779927}}
{"target": -1.5264633520141893, "params": {"model__colsample_bylevel": 1.0, "model__colsample_bynode": 1.0, "model__colsample_bytree": 0.3, "model__learning_rate": 0.3, "model__max_depth": 2.0, "model__n_estimators": 27.797767888590823, "model__reg_lambda": 10.0}, "datetime": {"datetime": "2021-03-27 14:23:18", "elapsed": 118.123925, "delta": 1.523154}}
{"target": -1.5015983025934818, "params": {"model__colsample_bylevel": 1.0, "model__colsample_bynode": 1.0, "model__colsample_bytree": 1.0, "model__learning_rate": 0.3, "model__max_depth": 2.0, "model__n_estimators": 27.764590156465367, "model__reg_lambda": 3.906134659357357}, "datetime": {"datetime": "2021-03-27 14:23:20", "elapsed": 119.482077, "delta": 1.358152}}
{"target": -1.436831362448309, "params": {"model__colsample_bylevel": 0.3, "model__colsample_bynode": 1.0, "model__colsample_bytree": 1.0, "model__learning_rate": 0.3, "model__max_depth": 2.0, "model__n_estimators": 25.16066525211295, "model__reg_lambda": 1.9951466614823994}, "datetime": {"datetime": "2021-03-27 14:23:21", "elapsed": 121.029035, "delta": 1.546958}}
{"target": -1.4976250695199638, "params": {"model__colsample_bylevel": 1.0, "model__colsample_bynode": 1.0, "model__colsample_bytree": 0.3, "model__learning_rate": 0.3, "model__max_depth": 2.7859441428729306, "model__n_estimators": 30.0, "model__reg_lambda": 8.40119101187436}, "datetime": {"datetime": "2021-03-27 14:23:23", "elapsed": 122.831575, "delta": 1.80254}}
{"target": -1.501981755653801, "params": {"model__colsample_bylevel": 0.3, "model__colsample_bynode": 1.0, "model__colsample_bytree": 1.0, "model__learning_rate": 0.3, "model__max_depth": 8.0, "model__n_estimators": 22.119517227186847, "model__reg_lambda": 0.0}, "datetime": {"datetime": "2021-03-27 14:23:25", "elapsed": 124.650474, "delta": 1.818899}}
{"target": -1.4087343780485833, "params": {"model__colsample_bylevel": 0.3, "model__colsample_bynode": 1.0, "model__colsample_bytree": 1.0, "model__learning_rate": 0.3, "model__max_depth": 8.0, "model__n_estimators": 24.696616587825716, "model__reg_lambda": 1.4206037565594434}, "datetime": {"datetime": "2021-03-27 14:23:26", "elapsed": 126.156187, "delta": 1.505713}}
{"target": -1.414318658384508, "params": {"model__colsample_bylevel": 0.3, "model__colsample_bynode": 1.0, "model__colsample_bytree": 1.0, "model__learning_rate": 0.3, "model__max_depth": 6.352253039089509, "model__n_estimators": 27.670087713235734, "model__reg_lambda": 8.863500407335556}, "datetime": {"datetime": "2021-03-27 14:23:28", "elapsed": 128.078502, "delta": 1.922315}}
{"target": -1.5083268719549845, "params": {"model__colsample_bylevel": 1.0, "model__colsample_bynode": 1.0, "model__colsample_bytree": 1.0, "model__learning_rate": 0.3, "model__max_depth": 4.479475859355182, "model__n_estimators": 15.0, "model__reg_lambda": 0.0}, "datetime": {"datetime": "2021-03-27 14:23:30", "elapsed": 129.791973, "delta": 1.713471}}
{"target": -1.5060278053462937, "params": {"model__colsample_bylevel": 0.3, "model__colsample_bynode": 0.3, "model__colsample_bytree": 0.3, "model__learning_rate": 0.3, "model__max_depth": 6.161011378249272, "model__n_estimators": 30.0, "model__reg_lambda": 6.842048310983662}, "datetime": {"datetime": "2021-03-27 14:23:32", "elapsed": 131.73843, "delta": 1.946457}}
{"target": -1.4290280613346376, "params": {"model__colsample_bylevel": 0.3, "model__colsample_bynode": 1.0, "model__colsample_bytree": 1.0, "model__learning_rate": 0.3, "model__max_depth": 7.051402567721728, "model__n_estimators": 23.406803949967188, "model__reg_lambda": 8.586148139827689}, "datetime": {"datetime": "2021-03-27 14:23:34", "elapsed": 133.375943, "delta": 1.637513}}
{"target": -1.5050063844338275, "params": {"model__colsample_bylevel": 1.0, "model__colsample_bynode": 1.0, "model__colsample_bytree": 1.0, "model__learning_rate": 0.3, "model__max_depth": 2.0, "model__n_estimators": 28.03655302221979, "model__reg_lambda": 7.910467646194631}, "datetime": {"datetime": "2021-03-27 14:23:36", "elapsed": 135.357101, "delta": 1.981158}}
{"target": -1.5557468221995276, "params": {"model__colsample_bylevel": 1.0, "model__colsample_bynode": 1.0, "model__colsample_bytree": 0.3, "model__learning_rate": 0.3, "model__max_depth": 2.0, "model__n_estimators": 22.9898206387267, "model__reg_lambda": 10.0}, "datetime": {"datetime": "2021-03-27 14:23:37", "elapsed": 137.028248, "delta": 1.671147}}
{"target": -1.6025811981679738, "params": {"model__colsample_bylevel": 0.3, "model__colsample_bynode": 0.3, "model__colsample_bytree": 1.0, "model__learning_rate": 0.3, "model__max_depth": 5.373848223257741, "model__n_estimators": 17.328047907241366, "model__reg_lambda": 10.0}, "datetime": {"datetime": "2021-03-27 14:23:39", "elapsed": 138.292827, "delta": 1.264579}}
{"target": -1.5706922031507111, "params": {"model__colsample_bylevel": 0.3, "model__colsample_bynode": 1.0, "model__colsample_bytree": 0.3, "model__learning_rate": 0.3, "model__max_depth": 6.926902077548949, "model__n_estimators": 25.77889805210211, "model__reg_lambda": 10.0}, "datetime": {"datetime": "2021-03-27 14:23:40", "elapsed": 139.885559, "delta": 1.592732}}
{"target": -1.4685562422849994, "params": {"model__colsample_bylevel": 0.3, "model__colsample_bynode": 0.3, "model__colsample_bytree": 1.0, "model__learning_rate": 0.3, "model__max_depth": 4.127497676133171, "model__n_estimators": 24.249147837221503, "model__reg_lambda": 2.1371042046880118}, "datetime": {"datetime": "2021-03-27 14:23:42", "elapsed": 141.525602, "delta": 1.640043}}
{"target": -1.4696464940851581, "params": {"model__colsample_bylevel": 0.3, "model__colsample_bynode": 0.3, "model__colsample_bytree": 1.0, "model__learning_rate": 0.3, "model__max_depth": 8.0, "model__n_estimators": 26.367874490169847, "model__reg_lambda": 10.0}, "datetime": {"datetime": "2021-03-27 14:23:44", "elapsed": 143.234261, "delta": 1.708659}}
{"target": -1.709911155808663, "params": {"model__colsample_bylevel": 1.0, "model__colsample_bynode": 0.3, "model__colsample_bytree": 0.3, "model__learning_rate": 0.1, "model__max_depth": 2.0, "model__n_estimators": 24.88303121792461, "model__reg_lambda": 0.0}, "datetime": {"datetime": "2021-03-27 14:23:45", "elapsed": 144.551795, "delta": 1.317534}}
{"target": -1.5070076447034226, "params": {"model__colsample_bylevel": 1.0, "model__colsample_bynode": 1.0, "model__colsample_bytree": 1.0, "model__learning_rate": 0.3, "model__max_depth": 4.431281521633379, "model__n_estimators": 20.112327579454508, "model__reg_lambda": 10.0}, "datetime": {"datetime": "2021-03-27 14:23:47", "elapsed": 146.253598, "delta": 1.701803}}
{"target": -1.4184172254217708, "params": {"model__colsample_bylevel": 1.0, "model__colsample_bynode": 0.3, "model__colsample_bytree": 1.0, "model__learning_rate": 0.3, "model__max_depth": 3.501292831451193, "model__n_estimators": 19.190936675173, "model__reg_lambda": 1.9247750835575523}, "datetime": {"datetime": "2021-03-27 14:23:48", "elapsed": 147.82052, "delta": 1.566922}}
{"target": -1.4543807749272042, "params": {"model__colsample_bylevel": 1.0, "model__colsample_bynode": 0.3, "model__colsample_bytree": 1.0, "model__learning_rate": 0.3, "model__max_depth": 2.8200059540408127, "model__n_estimators": 17.12464185331471, "model__reg_lambda": 1.6724692375447594}, "datetime": {"datetime": "2021-03-27 14:23:50", "elapsed": 149.496523, "delta": 1.676003}}
{"target": -1.4180277919045827, "params": {"model__colsample_bylevel": 0.3, "model__colsample_bynode": 1.0, "model__colsample_bytree": 1.0, "model__learning_rate": 0.3, "model__max_depth": 6.838704103216068, "model__n_estimators": 19.171298616432452, "model__reg_lambda": 2.4489115006592987}, "datetime": {"datetime": "2021-03-27 14:23:51", "elapsed": 150.985797, "delta": 1.489274}}
{"target": -1.5677752032336119, "params": {"model__colsample_bylevel": 1.0, "model__colsample_bynode": 0.3, "model__colsample_bytree": 0.3, "model__learning_rate": 0.3, "model__max_depth": 2.6721524243509363, "model__n_estimators": 22.108227441326665, "model__reg_lambda": 6.684377926991498}, "datetime": {"datetime": "2021-03-27 14:23:53", "elapsed": 152.719993, "delta": 1.734196}}
{"target": -1.5576332185039485, "params": {"model__colsample_bylevel": 0.3, "model__colsample_bynode": 0.3, "model__colsample_bytree": 0.3, "model__learning_rate": 0.3, "model__max_depth": 8.0, "model__n_estimators": 22.07349937966182, "model__reg_lambda": 3.1598260895994756}, "datetime": {"datetime": "2021-03-27 14:23:54", "elapsed": 154.18005, "delta": 1.460057}}
{"target": -1.4465748207076736, "params": {"model__colsample_bylevel": 0.3, "model__colsample_bynode": 0.3, "model__colsample_bytree": 1.0, "model__learning_rate": 0.3, "model__max_depth": 8.0, "model__n_estimators": 30.0, "model__reg_lambda": 10.0}, "datetime": {"datetime": "2021-03-27 14:23:56", "elapsed": 155.946631, "delta": 1.766581}}
{"target": -1.413264197907478, "params": {"model__colsample_bylevel": 1.0, "model__colsample_bynode": 0.3, "model__colsample_bytree": 1.0, "model__learning_rate": 0.3, "model__max_depth": 5.638322381488418, "model__n_estimators": 19.83238106638356, "model__reg_lambda": 2.863895985696547}, "datetime": {"datetime": "2021-03-27 14:23:58", "elapsed": 157.567766, "delta": 1.621135}}
{"target": -1.4339729725720658, "params": {"model__colsample_bylevel": 0.3, "model__colsample_bynode": 0.3, "model__colsample_bytree": 1.0, "model__learning_rate": 0.3, "model__max_depth": 6.907568458931514, "model__n_estimators": 28.912916395692324, "model__reg_lambda": 4.339474450895638}, "datetime": {"datetime": "2021-03-27 14:24:00", "elapsed": 159.394805, "delta": 1.827039}}
{"target": -1.4289980171653238, "params": {"model__colsample_bylevel": 0.3, "model__colsample_bynode": 1.0, "model__colsample_bytree": 1.0, "model__learning_rate": 0.3, "model__max_depth": 5.308379306104805, "model__n_estimators": 21.813051243892563, "model__reg_lambda": 7.106629343296734}, "datetime": {"datetime": "2021-03-27 14:24:01", "elapsed": 161.020399, "delta": 1.625594}}
{"target": -1.4433856954879087, "params": {"model__colsample_bylevel": 1.0, "model__colsample_bynode": 0.3, "model__colsample_bytree": 1.0, "model__learning_rate": 0.3, "model__max_depth": 3.429240066756284, "model__n_estimators": 19.15087135916088, "model__reg_lambda": 6.491587859987948}, "datetime": {"datetime": "2021-03-27 14:24:03", "elapsed": 162.802386, "delta": 1.781987}}
{"target": -1.4991300306674362, "params": {"model__colsample_bylevel": 1.0, "model__colsample_bynode": 1.0, "model__colsample_bytree": 1.0, "model__learning_rate": 0.3, "model__max_depth": 2.0, "model__n_estimators": 16.701541103087834, "model__reg_lambda": 0.0}, "datetime": {"datetime": "2021-03-27 14:24:05", "elapsed": 164.477255, "delta": 1.674869}}
{"target": -1.5166185777836845, "params": {"model__colsample_bylevel": 1.0, "model__colsample_bynode": 1.0, "model__colsample_bytree": 1.0, "model__learning_rate": 0.3, "model__max_depth": 3.4774478243902287, "model__n_estimators": 21.92575114377194, "model__reg_lambda": 0.0}, "datetime": {"datetime": "2021-03-27 14:24:07", "elapsed": 166.525678, "delta": 2.048423}}
{"target": -1.6619042486816213, "params": {"model__colsample_bylevel": 1.0, "model__colsample_bynode": 0.3, "model__colsample_bytree": 0.3, "model__learning_rate": 0.3, "model__max_depth": 8.0, "model__n_estimators": 15.0, "model__reg_lambda": 7.5224522182955855}, "datetime": {"datetime": "2021-03-27 14:24:09", "elapsed": 168.513201, "delta": 1.987523}}
{"target": -1.4603330912635377, "params": {"model__colsample_bylevel": 0.3, "model__colsample_bynode": 1.0, "model__colsample_bytree": 1.0, "model__learning_rate": 0.3, "model__max_depth": 7.052401419228393, "model__n_estimators": 20.066292666114734, "model__reg_lambda": 10.0}, "datetime": {"datetime": "2021-03-27 14:24:10", "elapsed": 169.9769, "delta": 1.463699}}
{"target": -1.4332228995265734, "params": {"model__colsample_bylevel": 0.3, "model__colsample_bynode": 1.0, "model__colsample_bytree": 1.0, "model__learning_rate": 0.3, "model__max_depth": 2.7489749598030455, "model__n_estimators": 22.211770422119912, "model__reg_lambda": 6.190234664380248}, "datetime": {"datetime": "2021-03-27 14:24:12", "elapsed": 171.673805, "delta": 1.696905}}
{"target": -1.5005332092687058, "params": {"model__colsample_bylevel": 1.0, "model__colsample_bynode": 1.0, "model__colsample_bytree": 1.0, "model__learning_rate": 0.3, "model__max_depth": 4.802934775793995, "model__n_estimators": 28.207910528915647, "model__reg_lambda": 3.591972817636071}, "datetime": {"datetime": "2021-03-27 14:24:14", "elapsed": 173.673824, "delta": 2.000019}}
{"target": -1.4324299132019498, "params": {"model__colsample_bylevel": 1.0, "model__colsample_bynode": 0.3, "model__colsample_bytree": 1.0, "model__learning_rate": 0.3, "model__max_depth": 5.878717556752642, "model__n_estimators": 24.048472847443072, "model__reg_lambda": 3.97415211200414}, "datetime": {"datetime": "2021-03-27 14:24:16", "elapsed": 175.382788, "delta": 1.708964}}
{"target": -1.4026889198770127, "params": {"model__colsample_bylevel": 0.3, "model__colsample_bynode": 1.0, "model__colsample_bytree": 1.0, "model__learning_rate": 0.3, "model__max_depth": 7.4543181046996905, "model__n_estimators": 30.0, "model__reg_lambda": 5.624000630487198}, "datetime": {"datetime": "2021-03-27 14:24:17", "elapsed": 177.030019, "delta": 1.647231}}
{"target": -1.4816272467806721, "params": {"model__colsample_bylevel": 1.0, "model__colsample_bynode": 1.0, "model__colsample_bytree": 1.0, "model__learning_rate": 0.3, "model__max_depth": 3.7799289837440324, "model__n_estimators": 21.36995147160191, "model__reg_lambda": 6.225132998874235}, "datetime": {"datetime": "2021-03-27 14:24:19", "elapsed": 179.028399, "delta": 1.99838}}
{"target": -1.4558413029256938, "params": {"model__colsample_bylevel": 0.3, "model__colsample_bynode": 0.3, "model__colsample_bytree": 1.0, "model__learning_rate": 0.3, "model__max_depth": 6.720241551485393, "model__n_estimators": 28.888239127841896, "model__reg_lambda": 9.30829194738626}, "datetime": {"datetime": "2021-03-27 14:24:21", "elapsed": 181.033171, "delta": 2.004772}}
{"target": -1.4676849582542975, "params": {"model__colsample_bylevel": 0.3, "model__colsample_bynode": 1.0, "model__colsample_bytree": 1.0, "model__learning_rate": 0.3, "model__max_depth": 2.0, "model__n_estimators": 28.192582583929923, "model__reg_lambda": 10.0}, "datetime": {"datetime": "2021-03-27 14:24:23", "elapsed": 182.960846, "delta": 1.927675}}
{"target": -1.559685588930396, "params": {"model__colsample_bylevel": 0.3, "model__colsample_bynode": 0.3, "model__colsample_bytree": 1.0, "model__learning_rate": 0.3, "model__max_depth": 8.0, "model__n_estimators": 16.30397064252769, "model__reg_lambda": 7.032925550262959}, "datetime": {"datetime": "2021-03-27 14:24:25", "elapsed": 184.527081, "delta": 1.566235}}
{"target": -1.4579114652738192, "params": {"model__colsample_bylevel": 0.3, "model__colsample_bynode": 1.0, "model__colsample_bytree": 1.0, "model__learning_rate": 0.3, "model__max_depth": 2.0, "model__n_estimators": 30.0, "model__reg_lambda": 8.159655016682756}, "datetime": {"datetime": "2021-03-27 14:24:27", "elapsed": 186.255962, "delta": 1.728881}}
{"target": -1.5172004573236126, "params": {"model__colsample_bylevel": 1.0, "model__colsample_bynode": 1.0, "model__colsample_bytree": 1.0, "model__learning_rate": 0.3, "model__max_depth": 6.8986060325833, "model__n_estimators": 25.806000194641513, "model__reg_lambda": 7.057368179102251}, "datetime": {"datetime": "2021-03-27 14:24:28", "elapsed": 187.922418, "delta": 1.666456}}
{"target": -1.421277325929723, "params": {"model__colsample_bylevel": 0.3, "model__colsample_bynode": 1.0, "model__colsample_bytree": 1.0, "model__learning_rate": 0.3, "model__max_depth": 4.034683036413918, "model__n_estimators": 28.027870291222722, "model__reg_lambda": 6.894338126793032}, "datetime": {"datetime": "2021-03-27 14:24:30", "elapsed": 189.749462, "delta": 1.827044}}
{"target": -1.4295150463698783, "params": {"model__colsample_bylevel": 1.0, "model__colsample_bynode": 0.3, "model__colsample_bytree": 1.0, "model__learning_rate": 0.3, "model__max_depth": 3.278096484361349, "model__n_estimators": 23.561828518290312, "model__reg_lambda": 4.662455230721607}, "datetime": {"datetime": "2021-03-27 14:24:32", "elapsed": 191.636029, "delta": 1.886567}}
{"target": -1.4432718226821093, "params": {"model__colsample_bylevel": 1.0, "model__colsample_bynode": 0.3, "model__colsample_bytree": 1.0, "model__learning_rate": 0.3, "model__max_depth": 6.696175161680563, "model__n_estimators": 18.337395821361604, "model__reg_lambda": 4.02380389455904}, "datetime": {"datetime": "2021-03-27 14:24:34", "elapsed": 193.479027, "delta": 1.842998}}
{"target": -1.4349269043978141, "params": {"model__colsample_bylevel": 0.3, "model__colsample_bynode": 1.0, "model__colsample_bytree": 1.0, "model__learning_rate": 0.3, "model__max_depth": 6.279285392378688, "model__n_estimators": 21.481052690240112, "model__reg_lambda": 8.546944885519588}, "datetime": {"datetime": "2021-03-27 14:24:36", "elapsed": 195.310525, "delta": 1.831498}}
{"target": -1.4723420449141142, "params": {"model__colsample_bylevel": 1.0, "model__colsample_bynode": 0.3, "model__colsample_bytree": 1.0, "model__learning_rate": 0.3, "model__max_depth": 6.133529927428, "model__n_estimators": 15.0, "model__reg_lambda": 0.0}, "datetime": {"datetime": "2021-03-27 14:24:37", "elapsed": 196.972988, "delta": 1.662463}}
{"target": -1.4094317584689975, "params": {"model__colsample_bylevel": 0.3, "model__colsample_bynode": 1.0, "model__colsample_bytree": 1.0, "model__learning_rate": 0.3, "model__max_depth": 7.040298881032542, "model__n_estimators": 20.044921010589366, "model__reg_lambda": 5.074539759100374}, "datetime": {"datetime": "2021-03-27 14:24:39", "elapsed": 198.976031, "delta": 2.003043}}
{"target": -1.435962331643247, "params": {"model__colsample_bylevel": 0.3, "model__colsample_bynode": 0.3, "model__colsample_bytree": 1.0, "model__learning_rate": 0.3, "model__max_depth": 8.0, "model__n_estimators": 30.0, "model__reg_lambda": 6.442582537389528}, "datetime": {"datetime": "2021-03-27 14:24:41", "elapsed": 200.826428, "delta": 1.850397}}
{"target": -1.463548061311029, "params": {"model__colsample_bylevel": 1.0, "model__colsample_bynode": 0.3, "model__colsample_bytree": 1.0, "model__learning_rate": 0.3, "model__max_depth": 6.045072962768494, "model__n_estimators": 19.453729001841293, "model__reg_lambda": 10.0}, "datetime": {"datetime": "2021-03-27 14:24:43", "elapsed": 202.307125, "delta": 1.480697}}
