{"target": -1.4693033061786622, "params": {"model__colsample_bylevel": 0.999999998183932, "model__colsample_bynode": 0.3, "model__colsample_bytree": 0.35861461681034956, "model__learning_rate": 0.3, "model__max_depth": 4.0, "model__n_estimators": 29.0, "model__reg_lambda": 2.597475972619512}, "datetime": {"datetime": "2021-03-27 14:21:20", "elapsed": 0.0, "delta": 0.0}}
{"target": -1.5092045346787875, "params": {"model__colsample_bylevel": 0.3, "model__colsample_bynode": 1.0, "model__colsample_bytree": 0.3, "model__learning_rate": 0.3, "model__max_depth": 5.0, "model__n_estimators": 28.0, "model__reg_lambda": 2.445978412994987}, "datetime": {"datetime": "2021-03-27 14:21:20", "elapsed": 0.115101, "delta": 0.115101}}
{"target": -1.4511737887140204, "params": {"model__colsample_bylevel": 0.6310644289849315, "model__colsample_bynode": 0.3, "model__colsample_bytree": 1.0, "model__learning_rate": 0.3, "model__max_depth": 4.0, "model__n_estimators": 29.0, "model__reg_lambda": 8.127083395450825}, "datetime": {"datetime": "2021-03-27 14:21:21", "elapsed": 0.225526, "delta": 0.110425}}
{"target": -1.442806744926434, "params": {"model__colsample_bylevel": 0.3, "model__colsample_bynode": 1.0, "model__colsample_bytree": 1.0, "model__learning_rate": 0.3, "model__max_depth": 2.0, "model__n_estimators": 26.0, "model__reg_lambda": 0.0}, "datetime": {"datetime": "2021-03-27 14:21:21", "elapsed": 0.310969, "delta": 0.085443}}
{"target": -1.442806744926434, "params": {"model__colsample_bylevel": 0.3, "model__colsample_bynode": 1.0, "model__colsample_bytree": 1.0, "model__learning_rate": 0.3, "model__max_depth": 2.0, "model__n_estimators": 26.0, "model__reg_lambda": 0.0}, "datetime": {"datetime": "2021-03-27 14:21:21", "elapsed": 0.311266, "delta": 0.000297}}
{"target": -1.4288511997331745, "params": {"model__colsample_bylevel": 1.0, "model__colsample_bynode": 0.3, "model__colsample_bytree": 1.0, "model__learning_rate": 0.3, "model__max_depth": 2.0, "model__n_estimators": 30.0, "model__reg_lambda": 1.64551885384336}, "datetime": {"datetime": "2021-03-27 14:21:21", "elapsed": 0.414831, "delta": 0.103565}}
{"target": -1.5234767362367416, "params": {"model__colsample_bylevel": 1.0, "model__colsample_bynode": 0.7230456488597604, "model__colsample_bytree": 0.3, "model__learning_rate": 0.3, "model__max_depth": 7.0, "model__n_estimators": 25.0, "model__reg_lambda": 3.0652730075320616}, "datetime": {"datetime": "2021-03-27 14:21:21", "elapsed": 0.531175, "delta": 0.116344}}
{"target": -1.469163471047321, "params": {"model__colsample_bylevel": 1.0, "model__colsample_bynode": 1.0, "model__colsample_bytree": 0.3, "model__learning_rate": 0.3, "model__max_depth": 2.0, "model__n_estimators": 30.0, "model__reg_lambda": 0.0}, "datetime": {"datetime": "2021-03-27 14:21:21", "elapsed": 0.622853, "delta": 0.091678}}
{"target": -1.469163471047321, "params": {"model__colsample_bylevel": 1.0, "model__colsample_bynode": 1.0, "model__colsample_bytree": 0.3, "model__learning_rate": 0.3, "model__max_depth": 2.0, "model__n_estimators": 30.0, "model__reg_lambda": 0.0}, "datetime": {"datetime": "2021-03-27 14:21:21", "elapsed": 0.623138, "delta": 0.000285}}
{"target": -1.5271972920651131, "params": {"model__colsample_bylevel": 1.0, "model__colsample_bynode": 0.3, "model__colsample_bytree": 0.3, "model__learning_rate": 0.3, "model__max_depth": 6.0, "model__n_estimators": 29.0, "model__reg_lambda": 0.0}, "datetime": {"datetime": "2021-03-27 14:21:21", "elapsed": 0.728611, "delta": 0.105473}}
{"target": -1.5028308367140697, "params": {"model__colsample_bylevel": 0.3, "model__colsample_bynode": 1.0, "model__colsample_bytree": 0.3, "model__learning_rate": 0.3, "model__max_depth": 3.0, "model__n_estimators": 27.0, "model__reg_lambda": 0.0}, "datetime": {"datetime": "2021-03-27 14:21:21", "elapsed": 0.823425, "delta": 0.094814}}
{"target": -1.476636343865075, "params": {"model__colsample_bylevel": 0.9005692246328567, "model__colsample_bynode": 0.3309131925319467, "model__colsample_bytree": 0.40116326893941884, "model__learning_rate": 0.2742604998626539, "model__max_depth": 3.0, "model__n_estimators": 30.0, "model__reg_lambda": 0.6535690177676157}, "datetime": {"datetime": "2021-03-27 14:21:21", "elapsed": 0.918999, "delta": 0.095574}}
{"target": -1.476636343865075, "params": {"model__colsample_bylevel": 0.9005692246328567, "model__colsample_bynode": 0.3309131925319467, "model__colsample_bytree": 0.40116326893941884, "model__learning_rate": 0.2742604998626539, "model__max_depth": 3.0, "model__n_estimators": 30.0, "model__reg_lambda": 0.6535690177676157}, "datetime": {"datetime": "2021-03-27 14:21:21", "elapsed": 0.919331, "delta": 0.000332}}
{"target": -1.476636343865075, "params": {"model__colsample_bylevel": 0.9005692246328567, "model__colsample_bynode": 0.3309131925319467, "model__colsample_bytree": 0.40116326893941884, "model__learning_rate": 0.2742604998626539, "model__max_depth": 3.0, "model__n_estimators": 30.0, "model__reg_lambda": 0.6535690177676157}, "datetime": {"datetime": "2021-03-27 14:21:21", "elapsed": 0.919516, "delta": 0.000185}}
{"target": -1.476636343865075, "params": {"model__colsample_bylevel": 0.9005692246328567, "model__colsample_bynode": 0.3309131925319467, "model__colsample_bytree": 0.40116326893941884, "model__learning_rate": 0.2742604998626539, "model__max_depth": 3.0, "model__n_estimators": 30.0, "model__reg_lambda": 0.6535690177676157}, "datetime": {"datetime": "2021-03-27 14:21:21", "elapsed": 0.919686, "delta": 0.00017}}
{"target": -1.5162542959972136, "params": {"model__colsample_bylevel": 0.3, "model__colsample_bynode": 1.0, "model__colsample_bytree": 0.3, "model__learning_rate": 0.3, "model__max_depth": 8.0, "model__n_estimators": 29.0, "model__reg_lambda": 2.809055168948987}, "datetime": {"datetime": "2021-03-27 14:21:21", "elapsed": 1.03146, "delta": 0.111774}}
{"target": -1.4607529487082922, "params": {"model__colsample_bylevel": 0.3, "model__colsample_bynode": 0.30000000000000004, "model__colsample_bytree": 1.0, "model__learning_rate": 0.3, "model__max_depth": 2.0, "model__n_estimators": 30.0, "model__reg_lambda": 0.0}, "datetime": {"datetime": "2021-03-27 14:21:21", "elapsed": 1.114337, "delta": 0.082877}}
{"target": -1.4914066320717119, "params": {"model__colsample_bylevel": 0.35528163046478134, "model__colsample_bynode": 0.4871789210833196, "model__colsample_bytree": 0.8234319661626395, "model__learning_rate": 0.29865280306489583, "model__max_depth": 3.0, "model__n_estimators": 29.0, "model__reg_lambda": 0.03421353007724948}, "datetime": {"datetime": "2021-03-27 14:21:22", "elapsed": 1.208082, "delta": 0.093745}}
{"target": -1.4914066320717119, "params": {"model__colsample_bylevel": 0.35528163046478134, "model__colsample_bynode": 0.4871789210833196, "model__colsample_bytree": 0.8234319661626395, "model__learning_rate": 0.29865280306489583, "model__max_depth": 3.0, "model__n_estimators": 29.0, "model__reg_lambda": 0.03421353007724948}, "datetime": {"datetime": "2021-03-27 14:21:22", "elapsed": 1.208433, "delta": 0.000351}}
{"target": -1.4914066320717119, "params": {"model__colsample_bylevel": 0.35528163046478134, "model__colsample_bynode": 0.4871789210833196, "model__colsample_bytree": 0.8234319661626395, "model__learning_rate": 0.29865280306489583, "model__max_depth": 3.0, "model__n_estimators": 29.0, "model__reg_lambda": 0.03421353007724948}, "datetime": {"datetime": "2021-03-27 14:21:22", "elapsed": 1.208678, "delta": 0.000245}}
{"target": -1.4914066320717119, "params": {"model__colsample_bylevel": 0.35528163046478134, "model__colsample_bynode": 0.4871789210833196, "model__colsample_bytree": 0.8234319661626395, "model__learning_rate": 0.29865280306489583, "model__max_depth": 3.0, "model__n_estimators": 29.0, "model__reg_lambda": 0.03421353007724948}, "datetime": {"datetime": "2021-03-27 14:21:22", "elapsed": 1.208911, "delta": 0.000233}}
{"target": -1.4914066320717119, "params": {"model__colsample_bylevel": 0.35528163046478134, "model__colsample_bynode": 0.4871789210833196, "model__colsample_bytree": 0.8234319661626395, "model__learning_rate": 0.29865280306489583, "model__max_depth": 3.0, "model__n_estimators": 29.0, "model__reg_lambda": 0.03421353007724948}, "datetime": {"datetime": "2021-03-27 14:21:22", "elapsed": 1.209141, "delta": 0.00023}}
{"target": -1.499365900710657, "params": {"model__colsample_bylevel": 0.3, "model__colsample_bynode": 1.0, "model__colsample_bytree": 0.3, "model__learning_rate": 0.3, "model__max_depth": 4.0, "model__n_estimators": 30.0, "model__reg_lambda": 2.2070523787527936}, "datetime": {"datetime": "2021-03-27 14:21:22", "elapsed": 1.312906, "delta": 0.103765}}
{"target": -1.499365900710657, "params": {"model__colsample_bylevel": 0.3, "model__colsample_bynode": 1.0, "model__colsample_bytree": 0.3, "model__learning_rate": 0.3, "model__max_depth": 4.0, "model__n_estimators": 30.0, "model__reg_lambda": 2.2070523787527936}, "datetime": {"datetime": "2021-03-27 14:21:22", "elapsed": 1.313269, "delta": 0.000363}}
{"target": -1.4444065933210262, "params": {"model__colsample_bylevel": 0.3, "model__colsample_bynode": 0.3, "model__colsample_bytree": 1.0, "model__learning_rate": 0.3, "model__max_depth": 3.0, "model__n_estimators": 30.0, "model__reg_lambda": 1.9215172858249447}, "datetime": {"datetime": "2021-03-27 14:21:22", "elapsed": 1.40701, "delta": 0.093741}}
{"target": -1.5325127443163722, "params": {"model__colsample_bylevel": 0.314259179296092, "model__colsample_bynode": 0.9600838180004998, "model__colsample_bytree": 0.3150193472292025, "model__learning_rate": 0.26148670352809134, "model__max_depth": 7.0, "model__n_estimators": 28.0, "model__reg_lambda": 2.143234346456425}, "datetime": {"datetime": "2021-03-27 14:21:22", "elapsed": 1.527329, "delta": 0.120319}}
{"target": -1.5380639175034088, "params": {"model__colsample_bylevel": 0.3, "model__colsample_bynode": 1.0, "model__colsample_bytree": 0.3, "model__learning_rate": 0.3, "model__max_depth": 5.0, "model__n_estimators": 24.0, "model__reg_lambda": 0.0}, "datetime": {"datetime": "2021-03-27 14:21:22", "elapsed": 1.624041, "delta": 0.096712}}
{"target": -1.5380639175034088, "params": {"model__colsample_bylevel": 0.3, "model__colsample_bynode": 1.0, "model__colsample_bytree": 0.3, "model__learning_rate": 0.3, "model__max_depth": 5.0, "model__n_estimators": 24.0, "model__reg_lambda": 0.0}, "datetime": {"datetime": "2021-03-27 14:21:22", "elapsed": 1.624357, "delta": 0.000316}}
{"target": -1.5380639175034088, "params": {"model__colsample_bylevel": 0.3, "model__colsample_bynode": 1.0, "model__colsample_bytree": 0.3, "model__learning_rate": 0.3, "model__max_depth": 5.0, "model__n_estimators": 24.0, "model__reg_lambda": 0.0}, "datetime": {"datetime": "2021-03-27 14:21:22", "elapsed": 1.62455, "delta": 0.000193}}
{"target": -1.4653777601372828, "params": {"model__colsample_bylevel": 0.3, "model__colsample_bynode": 0.3, "model__colsample_bytree": 1.0, "model__learning_rate": 0.3, "model__max_depth": 3.0, "model__n_estimators": 25.0, "model__reg_lambda": 0.0}, "datetime": {"datetime": "2021-03-27 14:21:22", "elapsed": 1.723711, "delta": 0.099161}}
{"target": -1.4760250050574542, "params": {"model__colsample_bylevel": 1.0, "model__colsample_bynode": 0.3, "model__colsample_bytree": 0.45391775758533404, "model__learning_rate": 0.3, "model__max_depth": 2.0, "model__n_estimators": 30.0, "model__reg_lambda": 0.0}, "datetime": {"datetime": "2021-03-27 14:21:22", "elapsed": 1.803442, "delta": 0.079731}}
{"target": -1.4930403763266362, "params": {"model__colsample_bylevel": 0.3, "model__colsample_bynode": 0.3, "model__colsample_bytree": 1.0, "model__learning_rate": 0.3, "model__max_depth": 7.0, "model__n_estimators": 30.0, "model__reg_lambda": 0.0}, "datetime": {"datetime": "2021-03-27 14:21:22", "elapsed": 1.913929, "delta": 0.110487}}
{"target": -1.4677188631525073, "params": {"model__colsample_bylevel": 0.3418012586536409, "model__colsample_bynode": 0.8604970814541173, "model__colsample_bytree": 0.41062645052323987, "model__learning_rate": 0.2975596014205977, "model__max_depth": 3.0, "model__n_estimators": 30.0, "model__reg_lambda": 1.412086944267038}, "datetime": {"datetime": "2021-03-27 14:21:22", "elapsed": 2.005131, "delta": 0.091202}}
{"target": -1.4677188631525073, "params": {"model__colsample_bylevel": 0.3418012586536409, "model__colsample_bynode": 0.8604970814541173, "model__colsample_bytree": 0.41062645052323987, "model__learning_rate": 0.2975596014205977, "model__max_depth": 3.0, "model__n_estimators": 30.0, "model__reg_lambda": 1.412086944267038}, "datetime": {"datetime": "2021-03-27 14:21:22", "elapsed": 2.005494, "delta": 0.000363}}
{"target": -1.4677188631525073, "params": {"model__colsample_bylevel": 0.3418012586536409, "model__colsample_bynode": 0.8604970814541173, "model__colsample_bytree": 0.41062645052323987, "model__learning_rate": 0.2975596014205977, "model__max_depth": 3.0, "model__n_estimators": 30.0, "model__reg_lambda": 1.412086944267038}, "datetime": {"datetime": "2021-03-27 14:21:22", "elapsed": 2.005721, "delta": 0.000227}}
{"target": -1.4677188631525073, "params": {"model__colsample_bylevel": 0.3418012586536409, "model__colsample_bynode": 0.8604970814541173, "model__colsample_bytree": 0.41062645052323987, "model__learning_rate": 0.2975596014205977, "model__max_depth": 3.0, "model__n_estimators": 30.0, "model__reg_lambda": 1.412086944267038}, "datetime": {"datetime": "2021-03-27 14:21:22", "elapsed": 2.005909, "delta": 0.000188}}
{"target": -1.4998819614558117, "params": {"model__colsample_bylevel": 1.0, "model__colsample_bynode": 1.0, "model__colsample_bytree": 0.3, "model__learning_rate": 0.3, "model__max_depth": 4.0, "model__n_estimators": 30.0, "model__reg_lambda": 2.1825850489808487}, "datetime": {"datetime": "2021-03-27 14:21:22", "elapsed": 2.125, "delta": 0.119091}}
{"target": -1.51917126679766, "params": {"model__colsample_bylevel": 0.3, "model__colsample_bynode": 1.0, "model__colsample_bytree": 0.3, "model__learning_rate": 0.3, "model__max_depth": 5.0, "model__n_estimators": 28.0, "model__reg_lambda": 0.8382116135851819}, "datetime": {"datetime": "2021-03-27 14:21:23", "elapsed": 2.224877, "delta": 0.099877}}
{"target": -1.51917126679766, "params": {"model__colsample_bylevel": 0.3, "model__colsample_bynode": 1.0, "model__colsample_bytree": 0.3, "model__learning_rate": 0.3, "model__max_depth": 5.0, "model__n_estimators": 28.0, "model__reg_lambda": 0.8382116135851819}, "datetime": {"datetime": "2021-03-27 14:21:23", "elapsed": 2.225217, "delta": 0.00034}}
{"target": -1.51917126679766, "params": {"model__colsample_bylevel": 0.3, "model__colsample_bynode": 1.0, "model__colsample_bytree": 0.3, "model__learning_rate": 0.3, "model__max_depth": 5.0, "model__n_estimators": 28.0, "model__reg_lambda": 0.8382116135851819}, "datetime": {"datetime": "2021-03-27 14:21:23", "elapsed": 2.225458, "delta": 0.000241}}
{"target": -1.5201067400151405, "params": {"model__colsample_bylevel": 1.0, "model__colsample_bynode": 0.3, "model__colsample_bytree": 0.3, "model__learning_rate": 0.3, "model__max_depth": 3.0, "model__n_estimators": 24.0, "model__reg_lambda": 1.720422546602969}, "datetime": {"datetime": "2021-03-27 14:21:23", "elapsed": 2.306948, "delta": 0.08149}}
{"target": -1.5201067400151405, "params": {"model__colsample_bylevel": 1.0, "model__colsample_bynode": 0.3, "model__colsample_bytree": 0.3, "model__learning_rate": 0.3, "model__max_depth": 3.0, "model__n_estimators": 24.0, "model__reg_lambda": 1.720422546602969}, "datetime": {"datetime": "2021-03-27 14:21:23", "elapsed": 2.307288, "delta": 0.00034}}
{"target": -1.5129521957612124, "params": {"model__colsample_bylevel": 0.37628503985162537, "model__colsample_bynode": 1.0, "model__colsample_bytree": 0.3, "model__learning_rate": 0.3, "model__max_depth": 8.0, "model__n_estimators": 29.0, "model__reg_lambda": 2.0745089240899484}, "datetime": {"datetime": "2021-03-27 14:21:23", "elapsed": 2.427027, "delta": 0.119739}}
{"target": -1.5129521957612124, "params": {"model__colsample_bylevel": 0.37628503985162537, "model__colsample_bynode": 1.0, "model__colsample_bytree": 0.3, "model__learning_rate": 0.3, "model__max_depth": 8.0, "model__n_estimators": 29.0, "model__reg_lambda": 2.0745089240899484}, "datetime": {"datetime": "2021-03-27 14:21:23", "elapsed": 2.427385, "delta": 0.000358}}
{"target": -1.4938310183152774, "params": {"model__colsample_bylevel": 1.0, "model__colsample_bynode": 0.3, "model__colsample_bytree": 0.3, "model__learning_rate": 0.3, "model__max_depth": 5.0, "model__n_estimators": 30.0, "model__reg_lambda": 1.6511553127175773}, "datetime": {"datetime": "2021-03-27 14:21:23", "elapsed": 2.542083, "delta": 0.114698}}
{"target": -1.4894441060020007, "params": {"model__colsample_bylevel": 1.0, "model__colsample_bynode": 1.0, "model__colsample_bytree": 0.3, "model__learning_rate": 0.3, "model__max_depth": 3.0, "model__n_estimators": 29.0, "model__reg_lambda": 1.8030217383470375}, "datetime": {"datetime": "2021-03-27 14:21:23", "elapsed": 2.658938, "delta": 0.116855}}
{"target": -1.4894441060020007, "params": {"model__colsample_bylevel": 1.0, "model__colsample_bynode": 1.0, "model__colsample_bytree": 0.3, "model__learning_rate": 0.3, "model__max_depth": 3.0, "model__n_estimators": 29.0, "model__reg_lambda": 1.8030217383470375}, "datetime": {"datetime": "2021-03-27 14:21:23", "elapsed": 2.659297, "delta": 0.000359}}
{"target": -1.4894441060020007, "params": {"model__colsample_bylevel": 1.0, "model__colsample_bynode": 1.0, "model__colsample_bytree": 0.3, "model__learning_rate": 0.3, "model__max_depth": 3.0, "model__n_estimators": 29.0, "model__reg_lambda": 1.8030217383470375}, "datetime": {"datetime": "2021-03-27 14:21:23", "elapsed": 2.659515, "delta": 0.000218}}
{"target": -1.4894441060020007, "params": {"model__colsample_bylevel": 1.0, "model__colsample_bynode": 1.0, "model__colsample_bytree": 0.3, "model__learning_rate": 0.3, "model__max_depth": 3.0, "model__n_estimators": 29.0, "model__reg_lambda": 1.8030217383470375}, "datetime": {"datetime": "2021-03-27 14:21:23", "elapsed": 2.659717, "delta": 0.000202}}
{"target": -1.4894441060020007, "params": {"model__colsample_bylevel": 1.0, "model__colsample_bynode": 1.0, "model__colsample_bytree": 0.3, "model__learning_rate": 0.3, "model__max_depth": 3.0, "model__n_estimators": 29.0, "model__reg_lambda": 1.8030217383470375}, "datetime": {"datetime": "2021-03-27 14:21:23", "elapsed": 2.659916, "delta": 0.000199}}
{"target": -1.4894441060020007, "params": {"model__colsample_bylevel": 1.0, "model__colsample_bynode": 1.0, "model__colsample_bytree": 0.3, "model__learning_rate": 0.3, "model__max_depth": 3.0, "model__n_estimators": 29.0, "model__reg_lambda": 1.8030217383470375}, "datetime": {"datetime": "2021-03-27 14:21:23", "elapsed": 2.66011, "delta": 0.000194}}
{"target": -1.5240388364031696, "params": {"model__colsample_bylevel": 0.3, "model__colsample_bynode": 0.3, "model__colsample_bytree": 0.3, "model__learning_rate": 0.3, "model__max_depth": 8.0, "model__n_estimators": 28.0, "model__reg_lambda": 0.9868765988883603}, "datetime": {"datetime": "2021-03-27 14:21:23", "elapsed": 2.786375, "delta": 0.126265}}
{"target": -1.5240388364031696, "params": {"model__colsample_bylevel": 0.3, "model__colsample_bynode": 0.3, "model__colsample_bytree": 0.3, "model__learning_rate": 0.3, "model__max_depth": 8.0, "model__n_estimators": 28.0, "model__reg_lambda": 0.9868765988883603}, "datetime": {"datetime": "2021-03-27 14:21:23", "elapsed": 2.786723, "delta": 0.000348}}
{"target": -1.549390126141868, "params": {"model__colsample_bylevel": 0.3, "model__colsample_bynode": 0.3, "model__colsample_bytree": 0.3, "model__learning_rate": 0.3, "model__max_depth": 7.0, "model__n_estimators": 30.0, "model__reg_lambda": 0.0}, "datetime": {"datetime": "2021-03-27 14:21:23", "elapsed": 2.90811, "delta": 0.121387}}
{"target": -1.496555458403368, "params": {"model__colsample_bylevel": 0.5714863923596051, "model__colsample_bynode": 0.3795339273783556, "model__colsample_bytree": 0.3925920597410244, "model__learning_rate": 0.29615065968157284, "model__max_depth": 3.0, "model__n_estimators": 30.0, "model__reg_lambda": 2.567400170895051}, "datetime": {"datetime": "2021-03-27 14:21:23", "elapsed": 3.005883, "delta": 0.097773}}
{"target": -1.5013857426850692, "params": {"model__colsample_bylevel": 0.3, "model__colsample_bynode": 1.0, "model__colsample_bytree": 0.3, "model__learning_rate": 0.3, "model__max_depth": 3.0, "model__n_estimators": 29.0, "model__reg_lambda": 2.8756183958197234}, "datetime": {"datetime": "2021-03-27 14:21:23", "elapsed": 3.10606, "delta": 0.100177}}
{"target": -1.5013857426850692, "params": {"model__colsample_bylevel": 0.3, "model__colsample_bynode": 1.0, "model__colsample_bytree": 0.3, "model__learning_rate": 0.3, "model__max_depth": 3.0, "model__n_estimators": 29.0, "model__reg_lambda": 2.8756183958197234}, "datetime": {"datetime": "2021-03-27 14:21:23", "elapsed": 3.106452, "delta": 0.000392}}
{"target": -1.4324056056584569, "params": {"model__colsample_bylevel": 0.3, "model__colsample_bynode": 0.3, "model__colsample_bytree": 1.0, "model__learning_rate": 0.3, "model__max_depth": 6.0, "model__n_estimators": 26.0, "model__reg_lambda": 3.0121019696059284}, "datetime": {"datetime": "2021-03-27 14:21:24", "elapsed": 3.208203, "delta": 0.101751}}
{"target": -1.4324056056584569, "params": {"model__colsample_bylevel": 0.3, "model__colsample_bynode": 0.3, "model__colsample_bytree": 1.0, "model__learning_rate": 0.3, "model__max_depth": 6.0, "model__n_estimators": 26.0, "model__reg_lambda": 3.0121019696059284}, "datetime": {"datetime": "2021-03-27 14:21:24", "elapsed": 3.208564, "delta": 0.000361}}
