{"target": -1.44788738489151, "params": {"model__colsample_bylevel": 0.9437937215686736, "model__colsample_bynode": 0.8511722448868555, "model__colsample_bytree": 0.5084857837350747, "model__learning_rate": 0.24346701302396254, "model__max_depth": 5.690340786662006, "model__n_estimators": 27.619845335231588, "model__reg_lambda": 4.0456797253845265}, "datetime": {"datetime": "2021-03-27 14:21:32", "elapsed": 11.409523, "delta": 0.1629}}
{"target": -1.5239588316206052, "params": {"model__colsample_bylevel": 0.6173529449301774, "model__colsample_bynode": 0.3656352091501882, "model__colsample_bytree": 0.45305055880659917, "model__learning_rate": 0.20586849821836273, "model__max_depth": 5.173197962934258, "model__n_estimators": 25.696146745858105, "model__reg_lambda": 2.863925264426952}, "datetime": {"datetime": "2021-03-27 14:21:32", "elapsed": 11.525576, "delta": 0.116053}}
{"target": -1.6939214801874711, "params": {"model__colsample_bylevel": 0.3812502817792496, "model__colsample_bynode": 0.43107613084910207, "model__colsample_bytree": 0.6036033759584388, "model__learning_rate": 0.13710847453713484, "model__max_depth": 2.7407946095138094, "model__n_estimators": 25.875381462387566, "model__reg_lambda": 9.101677556132595}, "datetime": {"datetime": "2021-03-27 14:21:32", "elapsed": 11.610272, "delta": 0.084696}}
{"target": -1.5890900388144065, "params": {"model__colsample_bylevel": 0.3426383940311504, "model__colsample_bynode": 0.3292770968669983, "model__colsample_bytree": 0.49999974247633633, "model__learning_rate": 0.21592871225493404, "model__max_depth": 7.629568478689846, "model__n_estimators": 23.72527860523467, "model__reg_lambda": 6.7998375849329875}, "datetime": {"datetime": "2021-03-27 14:21:32", "elapsed": 11.719762, "delta": 0.10949}}
{"target": -1.508472205196386, "params": {"model__colsample_bylevel": 1.0, "model__colsample_bynode": 0.3, "model__colsample_bytree": 1.0, "model__learning_rate": 0.3, "model__max_depth": 8.0, "model__n_estimators": 15.0, "model__reg_lambda": 10.0}, "datetime": {"datetime": "2021-03-27 14:21:33", "elapsed": 13.002965, "delta": 1.283203}}
{"target": -1.4943496234175089, "params": {"model__colsample_bylevel": 1.0, "model__colsample_bynode": 1.0, "model__colsample_bytree": 1.0, "model__learning_rate": 0.3, "model__max_depth": 2.0, "model__n_estimators": 30.0, "model__reg_lambda": 10.0}, "datetime": {"datetime": "2021-03-27 14:21:35", "elapsed": 14.392325, "delta": 1.38936}}
{"target": -1.6296866858135097, "params": {"model__colsample_bylevel": 0.3, "model__colsample_bynode": 0.3, "model__colsample_bytree": 1.0, "model__learning_rate": 0.3, "model__max_depth": 2.0, "model__n_estimators": 20.530511423236245, "model__reg_lambda": 10.0}, "datetime": {"datetime": "2021-03-27 14:21:36", "elapsed": 15.610708, "delta": 1.218383}}
{"target": -1.4572948931189984, "params": {"model__colsample_bylevel": 1.0, "model__colsample_bynode": 0.3, "model__colsample_bytree": 1.0, "model__learning_rate": 0.3, "model__max_depth": 8.0, "model__n_estimators": 15.0, "model__reg_lambda": 5.719115779247769}, "datetime": {"datetime": "2021-03-27 14:21:37", "elapsed": 16.647203, "delta": 1.036495}}
{"target": -1.4865763280756665, "params": {"model__colsample_bylevel": 1.0, "model__colsample_bynode": 0.3, "model__colsample_bytree": 1.0, "model__learning_rate": 0.3, "model__max_depth": 8.0, "model__n_estimators": 15.0, "model__reg_lambda": 0.0}, "datetime": {"datetime": "2021-03-27 14:21:38", "elapsed": 17.791791, "delta": 1.144588}}
{"target": -1.4373266181544118, "params": {"model__colsample_bylevel": 1.0, "model__colsample_bynode": 0.3, "model__colsample_bytree": 1.0, "model__learning_rate": 0.3, "model__max_depth": 5.963541439084125, "model__n_estimators": 20.87644971422675, "model__reg_lambda": 4.653342769990374}, "datetime": {"datetime": "2021-03-27 14:21:39", "elapsed": 19.158479, "delta": 1.366688}}
{"target": -1.4991608401625485, "params": {"model__colsample_bylevel": 1.0, "model__colsample_bynode": 1.0, "model__colsample_bytree": 1.0, "model__learning_rate": 0.3, "model__max_depth": 3.923066324364029, "model__n_estimators": 22.51067420543795, "model__reg_lambda": 7.970128282786545}, "datetime": {"datetime": "2021-03-27 14:21:41", "elapsed": 20.747764, "delta": 1.589285}}
{"target": -1.5007650194824609, "params": {"model__colsample_bylevel": 1.0, "model__colsample_bynode": 1.0, "model__colsample_bytree": 0.3, "model__learning_rate": 0.3, "model__max_depth": 5.742580655010213, "model__n_estimators": 30.0, "model__reg_lambda": 10.0}, "datetime": {"datetime": "2021-03-27 14:21:42", "elapsed": 21.991788, "delta": 1.244024}}
{"target": -1.5357010143552567, "params": {"model__colsample_bylevel": 1.0, "model__colsample_bynode": 1.0, "model__colsample_bytree": 1.0, "model__learning_rate": 0.3, "model__max_depth": 8.0, "model__n_estimators": 21.380197508773524, "model__reg_lambda": 10.0}, "datetime": {"datetime": "2021-03-27 14:21:44", "elapsed": 24.069648, "delta": 2.07786}}
{"target": -1.4718273474092503, "params": {"model__colsample_bylevel": 1.0, "model__colsample_bynode": 0.3, "model__colsample_bytree": 1.0, "model__learning_rate": 0.3, "model__max_depth": 2.0, "model__n_estimators": 15.0, "model__reg_lambda": 0.0}, "datetime": {"datetime": "2021-03-27 14:21:46", "elapsed": 25.318583, "delta": 1.248935}}
{"target": -1.5721379075145374, "params": {"model__colsample_bylevel": 1.0, "model__colsample_bynode": 0.30000000000000004, "model__colsample_bytree": 1.0, "model__learning_rate": 0.3, "model__max_depth": 2.0, "model__n_estimators": 15.0, "model__reg_lambda": 10.0}, "datetime": {"datetime": "2021-03-27 14:21:47", "elapsed": 26.961984, "delta": 1.643401}}
{"target": -1.519899633569994, "params": {"model__colsample_bylevel": 0.3, "model__colsample_bynode": 0.3, "model__colsample_bytree": 1.0, "model__learning_rate": 0.3, "model__max_depth": 8.0, "model__n_estimators": 15.0, "model__reg_lambda": 2.881911145687731}, "datetime": {"datetime": "2021-03-27 14:21:49", "elapsed": 28.64088, "delta": 1.678896}}
{"target": -1.4642930218281793, "params": {"model__colsample_bylevel": 1.0, "model__colsample_bynode": 0.3, "model__colsample_bytree": 1.0, "model__learning_rate": 0.3, "model__max_depth": 5.336403029474188, "model__n_estimators": 20.4072421524123, "model__reg_lambda": 0.0}, "datetime": {"datetime": "2021-03-27 14:21:51", "elapsed": 30.423403, "delta": 1.782523}}
{"target": -1.5218293409146693, "params": {"model__colsample_bylevel": 1.0, "model__colsample_bynode": 1.0, "model__colsample_bytree": 1.0, "model__learning_rate": 0.3, "model__max_depth": 8.0, "model__n_estimators": 20.387782393596066, "model__reg_lambda": 2.29254360991727}, "datetime": {"datetime": "2021-03-27 14:21:52", "elapsed": 32.139888, "delta": 1.716485}}
{"target": -1.4009257108459006, "params": {"model__colsample_bylevel": 1.0, "model__colsample_bynode": 0.3, "model__colsample_bytree": 1.0, "model__learning_rate": 0.3, "model__max_depth": 8.0, "model__n_estimators": 30.0, "model__reg_lambda": 5.523722616523455}, "datetime": {"datetime": "2021-03-27 14:21:54", "elapsed": 33.968568, "delta": 1.82868}}
{"target": -1.4926944514979485, "params": {"model__colsample_bylevel": 1.0, "model__colsample_bynode": 1.0, "model__colsample_bytree": 1.0, "model__learning_rate": 0.3, "model__max_depth": 2.0, "model__n_estimators": 30.0, "model__reg_lambda": 6.4805258957003264}, "datetime": {"datetime": "2021-03-27 14:21:56", "elapsed": 35.601825, "delta": 1.633257}}
{"target": -1.5002591483672891, "params": {"model__colsample_bylevel": 0.3, "model__colsample_bynode": 0.3, "model__colsample_bytree": 1.0, "model__learning_rate": 0.3, "model__max_depth": 4.196347578350771, "model__n_estimators": 21.55335054185625, "model__reg_lambda": 5.650918173124489}, "datetime": {"datetime": "2021-03-27 14:21:57", "elapsed": 37.184242, "delta": 1.582417}}
{"target": -1.5255438537215409, "params": {"model__colsample_bylevel": 1.0, "model__colsample_bynode": 1.0, "model__colsample_bytree": 1.0, "model__learning_rate": 0.3, "model__max_depth": 8.0, "model__n_estimators": 17.70909048535589, "model__reg_lambda": 6.302292076686626}, "datetime": {"datetime": "2021-03-27 14:21:59", "elapsed": 39.094337, "delta": 1.910095}}
{"target": -1.4227570626992676, "params": {"model__colsample_bylevel": 0.3, "model__colsample_bynode": 1.0, "model__colsample_bytree": 1.0, "model__learning_rate": 0.3, "model__max_depth": 8.0, "model__n_estimators": 28.329058037418317, "model__reg_lambda": 10.0}, "datetime": {"datetime": "2021-03-27 14:22:01", "elapsed": 40.494173, "delta": 1.399836}}
{"target": -1.5136828041729935, "params": {"model__colsample_bylevel": 1.0, "model__colsample_bynode": 1.0, "model__colsample_bytree": 1.0, "model__learning_rate": 0.3, "model__max_depth": 4.626111894955663, "model__n_estimators": 19.324177927721266, "model__reg_lambda": 4.363438196315011}, "datetime": {"datetime": "2021-03-27 14:22:03", "elapsed": 42.354417, "delta": 1.860244}}
{"target": -1.4865763280756665, "params": {"model__colsample_bylevel": 0.3, "model__colsample_bynode": 1.0, "model__colsample_bytree": 1.0, "model__learning_rate": 0.3, "model__max_depth": 8.0, "model__n_estimators": 15.0, "model__reg_lambda": 0.0}, "datetime": {"datetime": "2021-03-27 14:22:04", "elapsed": 43.919474, "delta": 1.565057}}
{"target": -1.5191224178866198, "params": {"model__colsample_bylevel": 1.0, "model__colsample_bynode": 0.3, "model__colsample_bytree": 1.0, "model__learning_rate": 0.3, "model__max_depth": 5.350736127907493, "model__n_estimators": 15.0, "model__reg_lambda": 10.0}, "datetime": {"datetime": "2021-03-27 14:22:06", "elapsed": 45.587569, "delta": 1.668095}}
{"target": -1.5278532889874086, "params": {"model__colsample_bylevel": 1.0, "model__colsample_bynode": 1.0, "model__colsample_bytree": 1.0, "model__learning_rate": 0.3, "model__max_depth": 7.022657141527035, "model__n_estimators": 21.74361595633773, "model__reg_lambda": 6.797669917099488}, "datetime": {"datetime": "2021-03-27 14:22:07", "elapsed": 47.172388, "delta": 1.584819}}
{"target": -1.4473508492274128, "params": {"model__colsample_bylevel": 1.0, "model__colsample_bynode": 0.3, "model__colsample_bytree": 1.0, "model__learning_rate": 0.3, "model__max_depth": 2.0, "model__n_estimators": 18.127847789787992, "model__reg_lambda": 0.0}, "datetime": {"datetime": "2021-03-27 14:22:09", "elapsed": 48.450703, "delta": 1.278315}}
{"target": -1.5177541960732661, "params": {"model__colsample_bylevel": 1.0, "model__colsample_bynode": 1.0, "model__colsample_bytree": 1.0, "model__learning_rate": 0.3, "model__max_depth": 2.0, "model__n_estimators": 20.489706703722387, "model__reg_lambda": 6.843973272000426}, "datetime": {"datetime": "2021-03-27 14:22:10", "elapsed": 50.05993, "delta": 1.609227}}
{"target": -1.5619872778303165, "params": {"model__colsample_bylevel": 0.3, "model__colsample_bynode": 0.3, "model__colsample_bytree": 0.3, "model__learning_rate": 0.3, "model__max_depth": 8.0, "model__n_estimators": 19.313532488983714, "model__reg_lambda": 0.0}, "datetime": {"datetime": "2021-03-27 14:22:12", "elapsed": 52.126932, "delta": 2.067002}}
{"target": -1.487176639544845, "params": {"model__colsample_bylevel": 1.0, "model__colsample_bynode": 1.0, "model__colsample_bytree": 1.0, "model__learning_rate": 0.3, "model__max_depth": 5.597320741416705, "model__n_estimators": 29.503791715927452, "model__reg_lambda": 4.905645883162947}, "datetime": {"datetime": "2021-03-27 14:22:14", "elapsed": 53.847463, "delta": 1.720531}}
{"target": -1.562854426872471, "params": {"model__colsample_bylevel": 0.30000000000000004, "model__colsample_bynode": 0.3, "model__colsample_bytree": 0.3, "model__learning_rate": 0.3, "model__max_depth": 2.0, "model__n_estimators": 30.0, "model__reg_lambda": 10.0}, "datetime": {"datetime": "2021-03-27 14:22:16", "elapsed": 55.428867, "delta": 1.581404}}
{"target": -1.5289289849067944, "params": {"model__colsample_bylevel": 0.3, "model__colsample_bynode": 1.0, "model__colsample_bytree": 0.3, "model__learning_rate": 0.3, "model__max_depth": 8.0, "model__n_estimators": 30.0, "model__reg_lambda": 8.066551302862985}, "datetime": {"datetime": "2021-03-27 14:22:17", "elapsed": 56.865742, "delta": 1.436875}}
{"target": -1.4701023876667023, "params": {"model__colsample_bylevel": 0.3, "model__colsample_bynode": 0.3, "model__colsample_bytree": 1.0, "model__learning_rate": 0.3, "model__max_depth": 5.439818157056303, "model__n_estimators": 30.0, "model__reg_lambda": 10.0}, "datetime": {"datetime": "2021-03-27 14:22:18", "elapsed": 58.158058, "delta": 1.292316}}
{"target": -1.4355372876198829, "params": {"model__colsample_bylevel": 0.3, "model__colsample_bynode": 1.0, "model__colsample_bytree": 1.0, "model__learning_rate": 0.3, "model__max_depth": 8.0, "model__n_estimators": 24.50400291962751, "model__reg_lambda": 10.0}, "datetime": {"datetime": "2021-03-27 14:22:20", "elapsed": 59.762876, "delta": 1.604818}}
{"target": -1.5667769321496936, "params": {"model__colsample_bylevel": 1.0, "model__colsample_bynode": 0.3, "model__colsample_bytree": 0.3, "model__learning_rate": 0.3, "model__max_depth": 8.0, "model__n_estimators": 27.264905281826646, "model__reg_lambda": 10.0}, "datetime": {"datetime": "2021-03-27 14:22:22", "elapsed": 61.394289, "delta": 1.631413}}
{"target": -1.4653600601398424, "params": {"model__colsample_bylevel": 0.3, "model__colsample_bynode": 1.0, "model__colsample_bytree": 1.0, "model__learning_rate": 0.3, "model__max_depth": 5.3726590074729845, "model__n_estimators": 21.173254777536876, "model__reg_lambda": 10.0}, "datetime": {"datetime": "2021-03-27 14:22:23", "elapsed": 62.920649, "delta": 1.52636}}
{"target": -1.4451280553163826, "params": {"model__colsample_bylevel": 0.3, "model__colsample_bynode": 0.3, "model__colsample_bytree": 1.0, "model__learning_rate": 0.3, "model__max_depth": 6.282958743700036, "model__n_estimators": 22.766748438499086, "model__reg_lambda": 2.6540171569110447}, "datetime": {"datetime": "2021-03-27 14:22:25", "elapsed": 64.545145, "delta": 1.624496}}
{"target": -1.4691668831243896, "params": {"model__colsample_bylevel": 1.0, "model__colsample_bynode": 0.3, "model__colsample_bytree": 1.0, "model__learning_rate": 0.3, "model__max_depth": 4.557841283562156, "model__n_estimators": 15.0, "model__reg_lambda": 5.421168266043294}, "datetime": {"datetime": "2021-03-27 14:22:27", "elapsed": 66.314343, "delta": 1.769198}}
{"target": -1.5172248503004295, "params": {"model__colsample_bylevel": 1.0, "model__colsample_bynode": 1.0, "model__colsample_bytree": 1.0, "model__learning_rate": 0.3, "model__max_depth": 8.0, "model__n_estimators": 30.0, "model__reg_lambda": 10.0}, "datetime": {"datetime": "2021-03-27 14:22:28", "elapsed": 68.054139, "delta": 1.739796}}
{"target": -1.4666576158471298, "params": {"model__colsample_bylevel": 1.0, "model__colsample_bynode": 0.3, "model__colsample_bytree": 1.0, "model__learning_rate": 0.3, "model__max_depth": 3.8477734700216075, "model__n_estimators": 19.07353491753509, "model__reg_lambda": 10.0}, "datetime": {"datetime": "2021-03-27 14:22:30", "elapsed": 69.613458, "delta": 1.559319}}
{"target": -1.5511270923081084, "params": {"model__colsample_bylevel": 1.0, "model__colsample_bynode": 1.0, "model__colsample_bytree": 1.0, "model__learning_rate": 0.3, "model__max_depth": 7.409448011715794, "model__n_estimators": 17.772339864139443, "model__reg_lambda": 10.0}, "datetime": {"datetime": "2021-03-27 14:22:32", "elapsed": 71.275714, "delta": 1.662256}}
{"target": -1.4091003860400964, "params": {"model__colsample_bylevel": 1.0, "model__colsample_bynode": 0.3, "model__colsample_bytree": 1.0, "model__learning_rate": 0.3, "model__max_depth": 6.537029301906723, "model__n_estimators": 18.611676242896294, "model__reg_lambda": 1.7123550569138541}, "datetime": {"datetime": "2021-03-27 14:22:33", "elapsed": 72.793559, "delta": 1.517845}}
{"target": -1.5203372184619093, "params": {"model__colsample_bylevel": 0.3, "model__colsample_bynode": 0.3, "model__colsample_bytree": 1.0, "model__learning_rate": 0.3, "model__max_depth": 3.955367438892483, "model__n_estimators": 17.56480838669349, "model__reg_lambda": 0.0}, "datetime": {"datetime": "2021-03-27 14:22:35", "elapsed": 74.546301, "delta": 1.752742}}
{"target": -1.4557463719091122, "params": {"model__colsample_bylevel": 1.0, "model__colsample_bynode": 0.3, "model__colsample_bytree": 1.0, "model__learning_rate": 0.3, "model__max_depth": 5.160617111008817, "model__n_estimators": 20.112559909254802, "model__reg_lambda": 8.219257827151601}, "datetime": {"datetime": "2021-03-27 14:22:37", "elapsed": 76.393882, "delta": 1.847581}}
{"target": -1.47859019400093, "params": {"model__colsample_bylevel": 0.3, "model__colsample_bynode": 1.0, "model__colsample_bytree": 1.0, "model__learning_rate": 0.3, "model__max_depth": 8.0, "model__n_estimators": 15.0, "model__reg_lambda": 7.93316219314634}, "datetime": {"datetime": "2021-03-27 14:22:38", "elapsed": 77.915144, "delta": 1.521262}}
{"target": -1.5023362957265065, "params": {"model__colsample_bylevel": 1.0, "model__colsample_bynode": 1.0, "model__colsample_bytree": 1.0, "model__learning_rate": 0.3, "model__max_depth": 8.0, "model__n_estimators": 27.955174524627274, "model__reg_lambda": 3.7067412906563826}, "datetime": {"datetime": "2021-03-27 14:22:40", "elapsed": 79.423484, "delta": 1.50834}}
{"target": -1.410094150952131, "params": {"model__colsample_bylevel": 0.3, "model__colsample_bynode": 1.0, "model__colsample_bytree": 1.0, "model__learning_rate": 0.3, "model__max_depth": 8.0, "model__n_estimators": 26.78508374762052, "model__reg_lambda": 8.181589093363415}, "datetime": {"datetime": "2021-03-27 14:22:41", "elapsed": 81.12174, "delta": 1.698256}}
{"target": -1.5241320462276537, "params": {"model__colsample_bylevel": 1.0, "model__colsample_bynode": 1.0, "model__colsample_bytree": 1.0, "model__learning_rate": 0.3, "model__max_depth": 8.0, "model__n_estimators": 16.04112074517172, "model__reg_lambda": 1.6790406607281605}, "datetime": {"datetime": "2021-03-27 14:22:43", "elapsed": 83.104962, "delta": 1.983222}}
{"target": -1.474074155240711, "params": {"model__colsample_bylevel": 0.3, "model__colsample_bynode": 0.3, "model__colsample_bytree": 1.0, "model__learning_rate": 0.3, "model__max_depth": 8.0, "model__n_estimators": 18.934483397332453, "model__reg_lambda": 3.941882712870628}, "datetime": {"datetime": "2021-03-27 14:22:45", "elapsed": 84.76648, "delta": 1.661518}}
{"target": -1.4148799502034335, "params": {"model__colsample_bylevel": 1.0, "model__colsample_bynode": 0.3, "model__colsample_bytree": 1.0, "model__learning_rate": 0.3, "model__max_depth": 8.0, "model__n_estimators": 23.819269250424853, "model__reg_lambda": 2.537243211599934}, "datetime": {"datetime": "2021-03-27 14:22:47", "elapsed": 86.419069, "delta": 1.652589}}
{"target": -1.6923921248571865, "params": {"model__colsample_bylevel": 1.0, "model__colsample_bynode": 1.0, "model__colsample_bytree": 1.0, "model__learning_rate": 0.3, "model__max_depth": 8.0, "model__n_estimators": 30.0, "model__reg_lambda": 0.0}, "datetime": {"datetime": "2021-03-27 14:22:49", "elapsed": 88.236346, "delta": 1.817277}}
{"target": -1.5991305211019042, "params": {"model__colsample_bylevel": 1.0, "model__colsample_bynode": 1.0, "model__colsample_bytree": 1.0, "model__learning_rate": 0.3, "model__max_depth": 3.9001974106830706, "model__n_estimators": 25.785806825941297, "model__reg_lambda": 0.0}, "datetime": {"datetime": "2021-03-27 14:22:50", "elapsed": 89.923107, "delta": 1.686761}}
{"target": -1.4408491759034603, "params": {"model__colsample_bylevel": 0.3, "model__colsample_bynode": 0.3, "model__colsample_bytree": 1.0, "model__learning_rate": 0.3, "model__max_depth": 8.0, "model__n_estimators": 28.738260322675377, "model__reg_lambda": 7.431908796084604}, "datetime": {"datetime": "2021-03-27 14:22:52", "elapsed": 91.707157, "delta": 1.78405}}
{"target": -1.429768982105821, "params": {"model__colsample_bylevel": 0.3, "model__colsample_bynode": 1.0, "model__colsample_bytree": 1.0, "model__learning_rate": 0.3, "model__max_depth": 5.251085037501349, "model__n_estimators": 30.0, "model__reg_lambda": 8.509533886860854}, "datetime": {"datetime": "2021-03-27 14:22:54", "elapsed": 93.346342, "delta": 1.639185}}
{"target": -1.5019658051620144, "params": {"model__colsample_bylevel": 1.0, "model__colsample_bynode": 1.0, "model__colsample_bytree": 1.0, "model__learning_rate": 0.3, "model__max_depth": 4.824114602281421, "model__n_estimators": 27.952044080374566, "model__reg_lambda": 10.0}, "datetime": {"datetime": "2021-03-27 14:22:55", "elapsed": 95.139487, "delta": 1.793145}}
{"target": -1.474812581460329, "params": {"model__colsample_bylevel": 1.0, "model__colsample_bynode": 0.3, "model__colsample_bytree": 1.0, "model__learning_rate": 0.3, "model__max_depth": 6.430190204043804, "model__n_estimators": 15.0, "model__reg_lambda": 7.623646755850416}, "datetime": {"datetime": "2021-03-27 14:22:57", "elapsed": 96.794365, "delta": 1.654878}}
{"target": -1.5154304484445331, "params": {"model__colsample_bylevel": 0.9773748220887262, "model__colsample_bynode": 0.3, "model__colsample_bytree": 1.0, "model__learning_rate": 0.3, "model__max_depth": 6.8306881263662405, "model__n_estimators": 24.318338648681245, "model__reg_lambda": 1.1708173660758712}, "datetime": {"datetime": "2021-03-27 14:22:59", "elapsed": 98.596738, "delta": 1.802373}}
{"target": -1.4763337399243661, "params": {"model__colsample_bylevel": 0.9257964429403625, "model__colsample_bynode": 0.9723315225596549, "model__colsample_bytree": 0.9684447462942949, "model__learning_rate": 0.21346984093446186, "model__max_depth": 3.123753765345683, "model__n_estimators": 19.317507322125103, "model__reg_lambda": 0.009403427704589573}, "datetime": {"datetime": "2021-03-27 14:23:00", "elapsed": 100.18764, "delta": 1.590902}}
