{"target": -1.4603463683452833, "params": {"model__colsample_bylevel": 1.0, "model__colsample_bynode": 1.0, "model__colsample_bytree": 1.0, "model__learning_rate": 0.3, "model__max_depth": 3.629864811817059, "model__n_estimators": 23.98256968997583, "model__reg_lambda": 2.4280197412660827}, "datetime": {"datetime": "2021-03-27 13:43:07", "elapsed": 340.08041, "delta": 2.236928}}
{"target": -1.3741610344391373, "params": {"model__colsample_bylevel": 1.0, "model__colsample_bynode": 0.3, "model__colsample_bytree": 1.0, "model__learning_rate": 0.3, "model__max_depth": 6.513900948434611, "model__n_estimators": 26.609568303279897, "model__reg_lambda": 10.0}, "datetime": {"datetime": "2021-03-27 13:43:09", "elapsed": 342.124947, "delta": 2.044537}}
{"target": -1.436550339870155, "params": {"model__colsample_bylevel": 1.0, "model__colsample_bynode": 0.3, "model__colsample_bytree": 0.7407062985958283, "model__learning_rate": 0.3, "model__max_depth": 7.140902003068691, "model__n_estimators": 29.371152920958746, "model__reg_lambda": 2.687465255778104}, "datetime": {"datetime": "2021-03-27 13:43:11", "elapsed": 344.750187, "delta": 2.62524}}
{"target": -1.4152561375628347, "params": {"model__colsample_bylevel": 1.0, "model__colsample_bynode": 1.0, "model__colsample_bytree": 0.3, "model__learning_rate": 0.3, "model__max_depth": 2.1786877026376334, "model__n_estimators": 26.50252990397954, "model__reg_lambda": 2.212540136085705}, "datetime": {"datetime": "2021-03-27 13:43:13", "elapsed": 346.734603, "delta": 1.984416}}
{"target": -1.4627946608200453, "params": {"model__colsample_bylevel": 0.3, "model__colsample_bynode": 1.0, "model__colsample_bytree": 0.3, "model__learning_rate": 0.3, "model__max_depth": 4.920564472270399, "model__n_estimators": 27.74788738854561, "model__reg_lambda": 5.070700684829308}, "datetime": {"datetime": "2021-03-27 13:43:15", "elapsed": 348.69468, "delta": 1.960077}}
{"target": -1.3889514296599055, "params": {"model__colsample_bylevel": 1.0, "model__colsample_bynode": 0.3, "model__colsample_bytree": 1.0, "model__learning_rate": 0.3, "model__max_depth": 4.93811022811741, "model__n_estimators": 20.329534180574367, "model__reg_lambda": 6.079555760570823}, "datetime": {"datetime": "2021-03-27 13:43:17", "elapsed": 350.421671, "delta": 1.726991}}
{"target": -1.4071875963198104, "params": {"model__colsample_bylevel": 0.3, "model__colsample_bynode": 1.0, "model__colsample_bytree": 1.0, "model__learning_rate": 0.3, "model__max_depth": 2.671374470962549, "model__n_estimators": 18.56028563515529, "model__reg_lambda": 1.003960621579838}, "datetime": {"datetime": "2021-03-27 13:43:19", "elapsed": 352.732321, "delta": 2.31065}}
{"target": -1.401975529168503, "params": {"model__colsample_bylevel": 0.3, "model__colsample_bynode": 1.0, "model__colsample_bytree": 1.0, "model__learning_rate": 0.3, "model__max_depth": 4.475702511378308, "model__n_estimators": 25.10596006920065, "model__reg_lambda": 6.629306910175322}, "datetime": {"datetime": "2021-03-27 13:43:21", "elapsed": 354.787762, "delta": 2.055441}}
{"target": -1.385995042402351, "params": {"model__colsample_bylevel": 1.0, "model__colsample_bynode": 0.3, "model__colsample_bytree": 1.0, "model__learning_rate": 0.3, "model__max_depth": 8.0, "model__n_estimators": 21.981493340716735, "model__reg_lambda": 8.006723421758256}, "datetime": {"datetime": "2021-03-27 13:43:24", "elapsed": 357.461596, "delta": 2.673834}}
{"target": -1.4499231264751025, "params": {"model__colsample_bylevel": 0.3, "model__colsample_bynode": 1.0, "model__colsample_bytree": 1.0, "model__learning_rate": 0.3, "model__max_depth": 3.2095971390264424, "model__n_estimators": 22.608292246166247, "model__reg_lambda": 0.0}, "datetime": {"datetime": "2021-03-27 13:43:26", "elapsed": 359.576552, "delta": 2.114956}}
{"target": -1.3660514507132269, "params": {"model__colsample_bylevel": 1.0, "model__colsample_bynode": 0.3, "model__colsample_bytree": 1.0, "model__learning_rate": 0.3, "model__max_depth": 6.826969630574263, "model__n_estimators": 21.45127777698781, "model__reg_lambda": 2.913290448759246}, "datetime": {"datetime": "2021-03-27 13:43:29", "elapsed": 362.298909, "delta": 2.722357}}
{"target": -1.4404690973325698, "params": {"model__colsample_bylevel": 0.9999999904069934, "model__colsample_bynode": 0.8680867874565831, "model__colsample_bytree": 1.0, "model__learning_rate": 0.3, "model__max_depth": 6.371594829602843, "model__n_estimators": 28.71943176841706, "model__reg_lambda": 4.841858784141047}, "datetime": {"datetime": "2021-03-27 13:43:32", "elapsed": 365.021306, "delta": 2.722397}}
{"target": -1.4746046265182287, "params": {"model__colsample_bylevel": 0.3, "model__colsample_bynode": 1.0, "model__colsample_bytree": 1.0, "model__learning_rate": 0.3, "model__max_depth": 4.233305993320735, "model__n_estimators": 15.0, "model__reg_lambda": 7.418957231633518}, "datetime": {"datetime": "2021-03-27 13:43:34", "elapsed": 367.158076, "delta": 2.13677}}
{"target": -1.4538408412908512, "params": {"model__colsample_bylevel": 1.0, "model__colsample_bynode": 1.0, "model__colsample_bytree": 1.0, "model__learning_rate": 0.3, "model__max_depth": 8.0, "model__n_estimators": 27.429551394578606, "model__reg_lambda": 7.556918164777859}, "datetime": {"datetime": "2021-03-27 13:43:36", "elapsed": 369.374199, "delta": 2.216123}}
{"target": -1.36167680831977, "params": {"model__colsample_bylevel": 0.3, "model__colsample_bynode": 1.0, "model__colsample_bytree": 1.0, "model__learning_rate": 0.3, "model__max_depth": 8.0, "model__n_estimators": 29.15501120789159, "model__reg_lambda": 10.0}, "datetime": {"datetime": "2021-03-27 13:43:38", "elapsed": 371.334616, "delta": 1.960417}}
{"target": -1.3861150610503619, "params": {"model__colsample_bylevel": 0.6417863536815493, "model__colsample_bynode": 0.3083810100880364, "model__colsample_bytree": 0.9858659185945438, "model__learning_rate": 0.226996118682923, "model__max_depth": 6.059420811248957, "model__n_estimators": 24.258738134045622, "model__reg_lambda": 2.337095570623249}, "datetime": {"datetime": "2021-03-27 13:43:40", "elapsed": 373.549065, "delta": 2.214449}}
{"target": -1.3573765375071027, "params": {"model__colsample_bylevel": 0.3, "model__colsample_bynode": 1.0, "model__colsample_bytree": 1.0, "model__learning_rate": 0.3, "model__max_depth": 6.919330482218614, "model__n_estimators": 30.0, "model__reg_lambda": 8.390869612365787}, "datetime": {"datetime": "2021-03-27 13:43:42", "elapsed": 375.766602, "delta": 2.217537}}
{"target": -1.360157728753309, "params": {"model__colsample_bylevel": 1.0, "model__colsample_bynode": 0.3, "model__colsample_bytree": 1.0, "model__learning_rate": 0.3, "model__max_depth": 4.601733865470522, "model__n_estimators": 30.0, "model__reg_lambda": 4.426324168228421}, "datetime": {"datetime": "2021-03-27 13:43:44", "elapsed": 377.816889, "delta": 2.050287}}
{"target": -1.3642331806456913, "params": {"model__colsample_bylevel": 1.0, "model__colsample_bynode": 0.3, "model__colsample_bytree": 1.0, "model__learning_rate": 0.3, "model__max_depth": 5.911104522126313, "model__n_estimators": 27.009912810255702, "model__reg_lambda": 4.9424053614091426}, "datetime": {"datetime": "2021-03-27 13:43:47", "elapsed": 379.950939, "delta": 2.13405}}
{"target": -1.4123288005752408, "params": {"model__colsample_bylevel": 0.3, "model__colsample_bynode": 1.0, "model__colsample_bytree": 1.0, "model__learning_rate": 0.3, "model__max_depth": 5.61185343550207, "model__n_estimators": 19.647739057913707, "model__reg_lambda": 10.0}, "datetime": {"datetime": "2021-03-27 13:43:48", "elapsed": 381.784486, "delta": 1.833547}}
