{"target": -1.3917155334199578, "params": {"model__colsample_bylevel": 1.0, "model__colsample_bynode": 0.3, "model__colsample_bytree": 1.0, "model__learning_rate": 0.3, "model__max_depth": 4.4811165060935325, "model__n_estimators": 21.63871270060271, "model__reg_lambda": 4.41091922474944}, "datetime": {"datetime": "2021-03-27 13:41:07", "elapsed": 220.413574, "delta": 1.861945}}
{"target": -1.3699397300693976, "params": {"model__colsample_bylevel": 1.0, "model__colsample_bynode": 0.3, "model__colsample_bytree": 1.0, "model__learning_rate": 0.3, "model__max_depth": 8.0, "model__n_estimators": 28.070653820601578, "model__reg_lambda": 6.83247798900766}, "datetime": {"datetime": "2021-03-27 13:41:09", "elapsed": 222.313028, "delta": 1.899454}}
{"target": -1.4224189154047897, "params": {"model__colsample_bylevel": 1.0, "model__colsample_bynode": 0.3, "model__colsample_bytree": 1.0, "model__learning_rate": 0.3, "model__max_depth": 2.0, "model__n_estimators": 28.052555497255945, "model__reg_lambda": 7.8092782509172824}, "datetime": {"datetime": "2021-03-27 13:41:11", "elapsed": 224.346164, "delta": 2.033136}}
{"target": -1.4264838971737501, "params": {"model__colsample_bylevel": 0.3, "model__colsample_bynode": 0.3, "model__colsample_bytree": 1.0, "model__learning_rate": 0.3, "model__max_depth": 6.926946637564854, "model__n_estimators": 24.58994983363407, "model__reg_lambda": 4.194713108499341}, "datetime": {"datetime": "2021-03-27 13:41:13", "elapsed": 226.335869, "delta": 1.989705}}
{"target": -1.4457570273969054, "params": {"model__colsample_bylevel": 0.3, "model__colsample_bynode": 0.3, "model__colsample_bytree": 1.0, "model__learning_rate": 0.3, "model__max_depth": 2.0, "model__n_estimators": 28.098409620759742, "model__reg_lambda": 2.005485367368933}, "datetime": {"datetime": "2021-03-27 13:41:15", "elapsed": 228.007513, "delta": 1.671644}}
{"target": -1.443076645318365, "params": {"model__colsample_bylevel": 1.0, "model__colsample_bynode": 0.3, "model__colsample_bytree": 0.3, "model__learning_rate": 0.3, "model__max_depth": 8.0, "model__n_estimators": 30.0, "model__reg_lambda": 3.761321959333483}, "datetime": {"datetime": "2021-03-27 13:41:16", "elapsed": 229.607681, "delta": 1.600168}}
{"target": -1.4717708092182875, "params": {"model__colsample_bylevel": 0.3, "model__colsample_bynode": 1.0, "model__colsample_bytree": 0.3, "model__learning_rate": 0.3, "model__max_depth": 2.0, "model__n_estimators": 23.76063690141058, "model__reg_lambda": 0.0}, "datetime": {"datetime": "2021-03-27 13:41:18", "elapsed": 231.373639, "delta": 1.765958}}
{"target": -1.463330323335485, "params": {"model__colsample_bylevel": 0.3, "model__colsample_bynode": 1.0, "model__colsample_bytree": 1.0, "model__learning_rate": 0.3, "model__max_depth": 2.0, "model__n_estimators": 23.085548672952815, "model__reg_lambda": 10.0}, "datetime": {"datetime": "2021-03-27 13:41:20", "elapsed": 233.465201, "delta": 2.091562}}
{"target": -1.4369904965455849, "params": {"model__colsample_bylevel": 0.3, "model__colsample_bynode": 1.0, "model__colsample_bytree": 1.0, "model__learning_rate": 0.3, "model__max_depth": 8.0, "model__n_estimators": 21.459437429303406, "model__reg_lambda": 0.0}, "datetime": {"datetime": "2021-03-27 13:41:22", "elapsed": 235.255685, "delta": 1.790484}}
{"target": -1.5661121786180614, "params": {"model__colsample_bylevel": 0.3, "model__colsample_bynode": 0.3, "model__colsample_bytree": 0.3, "model__learning_rate": 0.3, "model__max_depth": 2.0, "model__n_estimators": 16.870425425144113, "model__reg_lambda": 0.0}, "datetime": {"datetime": "2021-03-27 13:41:24", "elapsed": 236.97817, "delta": 1.722485}}
{"target": -1.3746427711436822, "params": {"model__colsample_bylevel": 0.3, "model__colsample_bynode": 1.0, "model__colsample_bytree": 1.0, "model__learning_rate": 0.3, "model__max_depth": 3.309866833802538, "model__n_estimators": 22.533991823848954, "model__reg_lambda": 1.4524582362682175}, "datetime": {"datetime": "2021-03-27 13:41:25", "elapsed": 238.737604, "delta": 1.759434}}
{"target": -1.399953755942187, "params": {"model__colsample_bylevel": 1.0, "model__colsample_bynode": 0.3, "model__colsample_bytree": 1.0, "model__learning_rate": 0.3, "model__max_depth": 3.247085886634421, "model__n_estimators": 28.904075337514307, "model__reg_lambda": 0.9060525939675158}, "datetime": {"datetime": "2021-03-27 13:41:28", "elapsed": 240.958853, "delta": 2.221249}}
{"target": -1.4511547271995737, "params": {"model__colsample_bylevel": 1.0, "model__colsample_bynode": 0.3, "model__colsample_bytree": 1.0, "model__learning_rate": 0.3, "model__max_depth": 5.599577547878581, "model__n_estimators": 17.695734097640486, "model__reg_lambda": 0.0}, "datetime": {"datetime": "2021-03-27 13:41:29", "elapsed": 242.852056, "delta": 1.893203}}
{"target": -1.3785780239614076, "params": {"model__colsample_bylevel": 1.0, "model__colsample_bynode": 0.3, "model__colsample_bytree": 1.0, "model__learning_rate": 0.3, "model__max_depth": 8.0, "model__n_estimators": 21.62362360947729, "model__reg_lambda": 1.732645297995707}, "datetime": {"datetime": "2021-03-27 13:41:31", "elapsed": 244.47936, "delta": 1.627304}}
{"target": -1.4060286116313891, "params": {"model__colsample_bylevel": 1.0, "model__colsample_bynode": 0.3, "model__colsample_bytree": 1.0, "model__learning_rate": 0.3, "model__max_depth": 4.00510519015304, "model__n_estimators": 17.147507336723486, "model__reg_lambda": 2.2233215465644722}, "datetime": {"datetime": "2021-03-27 13:41:33", "elapsed": 246.405864, "delta": 1.926504}}
{"target": -1.368161209526917, "params": {"model__colsample_bylevel": 0.3, "model__colsample_bynode": 1.0, "model__colsample_bytree": 1.0, "model__learning_rate": 0.3, "model__max_depth": 4.742642676526857, "model__n_estimators": 24.382106857185793, "model__reg_lambda": 2.2437961356762273}, "datetime": {"datetime": "2021-03-27 13:41:35", "elapsed": 248.639942, "delta": 2.234078}}
{"target": -1.4240259477382768, "params": {"model__colsample_bylevel": 1.0, "model__colsample_bynode": 0.3, "model__colsample_bytree": 1.0, "model__learning_rate": 0.3, "model__max_depth": 4.89224788306105, "model__n_estimators": 19.044575045236954, "model__reg_lambda": 10.0}, "datetime": {"datetime": "2021-03-27 13:41:37", "elapsed": 250.532621, "delta": 1.892679}}
{"target": -1.4595976548944263, "params": {"model__colsample_bylevel": 0.3, "model__colsample_bynode": 0.3, "model__colsample_bytree": 1.0, "model__learning_rate": 0.3, "model__max_depth": 6.1330451634181875, "model__n_estimators": 23.636568290178108, "model__reg_lambda": 7.776543492999316}, "datetime": {"datetime": "2021-03-27 13:41:39", "elapsed": 252.505547, "delta": 1.972926}}
{"target": -1.418181789742, "params": {"model__colsample_bylevel": 1.0, "model__colsample_bynode": 1.0, "model__colsample_bytree": 0.3000002997428673, "model__learning_rate": 0.3, "model__max_depth": 6.709726513725871, "model__n_estimators": 27.124368088059274, "model__reg_lambda": 4.152650667823135}, "datetime": {"datetime": "2021-03-27 13:41:41", "elapsed": 254.533229, "delta": 2.027682}}
{"target": -1.4504920517080935, "params": {"model__colsample_bylevel": 1.0, "model__colsample_bynode": 1.0, "model__colsample_bytree": 1.0, "model__learning_rate": 0.3, "model__max_depth": 8.0, "model__n_estimators": 30.0, "model__reg_lambda": 8.72655281751719}, "datetime": {"datetime": "2021-03-27 13:41:43", "elapsed": 256.520262, "delta": 1.987033}}
{"target": -1.4692165525009235, "params": {"model__colsample_bylevel": 1.0, "model__colsample_bynode": 1.0, "model__colsample_bytree": 1.0, "model__learning_rate": 0.3, "model__max_depth": 2.0, "model__n_estimators": 16.955495007924213, "model__reg_lambda": 0.0}, "datetime": {"datetime": "2021-03-27 13:41:45", "elapsed": 258.776856, "delta": 2.256594}}
{"target": -1.4040888633498032, "params": {"model__colsample_bylevel": 1.0, "model__colsample_bynode": 0.3, "model__colsample_bytree": 1.0, "model__learning_rate": 0.3, "model__max_depth": 6.177687160667859, "model__n_estimators": 17.683976196779213, "model__reg_lambda": 3.582428662914242}, "datetime": {"datetime": "2021-03-27 13:41:47", "elapsed": 260.816954, "delta": 2.040098}}
{"target": -1.4273361896016243, "params": {"model__colsample_bylevel": 0.3, "model__colsample_bynode": 0.3, "model__colsample_bytree": 1.0, "model__learning_rate": 0.3, "model__max_depth": 8.0, "model__n_estimators": 26.815036130613226, "model__reg_lambda": 6.429656406510243}, "datetime": {"datetime": "2021-03-27 13:41:49", "elapsed": 262.830979, "delta": 2.014025}}
{"target": -1.5792824540665182, "params": {"model__colsample_bylevel": 1.0, "model__colsample_bynode": 1.0, "model__colsample_bytree": 0.3, "model__learning_rate": 0.1, "model__max_depth": 3.4950296820499376, "model__n_estimators": 30.0, "model__reg_lambda": 5.353673306293724}, "datetime": {"datetime": "2021-03-27 13:41:51", "elapsed": 264.790593, "delta": 1.959614}}
{"target": -1.4408273741980826, "params": {"model__colsample_bylevel": 1.0, "model__colsample_bynode": 1.0, "model__colsample_bytree": 1.0, "model__learning_rate": 0.3, "model__max_depth": 3.101780597594034, "model__n_estimators": 29.345465593710497, "model__reg_lambda": 8.794929935936457}, "datetime": {"datetime": "2021-03-27 13:41:54", "elapsed": 267.095194, "delta": 2.304601}}
{"target": -1.388631669121484, "params": {"model__colsample_bylevel": 0.3, "model__colsample_bynode": 1.0, "model__colsample_bytree": 1.0, "model__learning_rate": 0.3, "model__max_depth": 4.955236629195826, "model__n_estimators": 21.42742612295653, "model__reg_lambda": 6.293324540750229}, "datetime": {"datetime": "2021-03-27 13:41:56", "elapsed": 269.137279, "delta": 2.042085}}
{"target": -1.4104474744638023, "params": {"model__colsample_bylevel": 0.3, "model__colsample_bynode": 1.0, "model__colsample_bytree": 1.0, "model__learning_rate": 0.3, "model__max_depth": 2.0, "model__n_estimators": 28.582923763009855, "model__reg_lambda": 5.233065361154248}, "datetime": {"datetime": "2021-03-27 13:41:58", "elapsed": 271.342561, "delta": 2.205282}}
{"target": -1.3668133659423263, "params": {"model__colsample_bylevel": 0.3, "model__colsample_bynode": 0.3, "model__colsample_bytree": 1.0, "model__learning_rate": 0.3, "model__max_depth": 6.819198824487404, "model__n_estimators": 24.777379113172064, "model__reg_lambda": 0.9589639152732106}, "datetime": {"datetime": "2021-03-27 13:42:00", "elapsed": 273.336836, "delta": 1.994275}}
{"target": -1.3984732737629744, "params": {"model__colsample_bylevel": 0.3, "model__colsample_bynode": 0.3, "model__colsample_bytree": 1.0, "model__learning_rate": 0.3, "model__max_depth": 7.364478362737954, "model__n_estimators": 30.0, "model__reg_lambda": 4.3272474705510255}, "datetime": {"datetime": "2021-03-27 13:42:02", "elapsed": 275.572487, "delta": 2.235651}}
{"target": -1.3822257256918198, "params": {"model__colsample_bylevel": 1.0, "model__colsample_bynode": 0.3, "model__colsample_bytree": 1.0, "model__learning_rate": 0.3, "model__max_depth": 8.0, "model__n_estimators": 22.871747221444956, "model__reg_lambda": 3.799441080906863}, "datetime": {"datetime": "2021-03-27 13:42:04", "elapsed": 277.522997, "delta": 1.95051}}
{"target": -1.4552354137291728, "params": {"model__colsample_bylevel": 1.0, "model__colsample_bynode": 1.0, "model__colsample_bytree": 1.0, "model__learning_rate": 0.3, "model__max_depth": 8.0, "model__n_estimators": 26.797610252609584, "model__reg_lambda": 10.0}, "datetime": {"datetime": "2021-03-27 13:42:06", "elapsed": 279.886797, "delta": 2.3638}}
{"target": -1.5152894283442395, "params": {"model__colsample_bylevel": 1.0, "model__colsample_bynode": 0.3, "model__colsample_bytree": 0.3, "model__learning_rate": 0.3, "model__max_depth": 8.0, "model__n_estimators": 24.573914258862217, "model__reg_lambda": 9.310819498026206}, "datetime": {"datetime": "2021-03-27 13:42:08", "elapsed": 281.638711, "delta": 1.751914}}
{"target": -1.432239055595752, "params": {"model__colsample_bylevel": 0.3, "model__colsample_bynode": 1.0, "model__colsample_bytree": 1.0, "model__learning_rate": 0.3, "model__max_depth": 2.0, "model__n_estimators": 23.756437221708715, "model__reg_lambda": 7.77256033114328}, "datetime": {"datetime": "2021-03-27 13:42:10", "elapsed": 283.349808, "delta": 1.711097}}
{"target": -1.4184742953412341, "params": {"model__colsample_bylevel": 0.3, "model__colsample_bynode": 0.3, "model__colsample_bytree": 1.0, "model__learning_rate": 0.3, "model__max_depth": 5.2594219113474034, "model__n_estimators": 19.93762894590886, "model__reg_lambda": 2.348861651562885}, "datetime": {"datetime": "2021-03-27 13:42:12", "elapsed": 285.660274, "delta": 2.310466}}
{"target": -1.4408906368295784, "params": {"model__colsample_bylevel": 1.0, "model__colsample_bynode": 1.0, "model__colsample_bytree": 0.3, "model__learning_rate": 0.3, "model__max_depth": 4.095780266833937, "model__n_estimators": 22.1284625005303, "model__reg_lambda": 6.175455566443489}, "datetime": {"datetime": "2021-03-27 13:42:14", "elapsed": 287.812403, "delta": 2.152129}}
{"target": -1.3696408975194547, "params": {"model__colsample_bylevel": 1.0, "model__colsample_bynode": 0.3, "model__colsample_bytree": 1.0, "model__learning_rate": 0.3, "model__max_depth": 7.063099270704487, "model__n_estimators": 27.246364031778235, "model__reg_lambda": 8.768393885417229}, "datetime": {"datetime": "2021-03-27 13:42:17", "elapsed": 289.897042, "delta": 2.084639}}
{"target": -1.3971173028826065, "params": {"model__colsample_bylevel": 0.3, "model__colsample_bynode": 1.0, "model__colsample_bytree": 1.0, "model__learning_rate": 0.3, "model__max_depth": 3.8824537212665318, "model__n_estimators": 27.470896055863065, "model__reg_lambda": 7.169480112351296}, "datetime": {"datetime": "2021-03-27 13:42:19", "elapsed": 292.036109, "delta": 2.139067}}
{"target": -1.440015698397073, "params": {"model__colsample_bylevel": 0.3, "model__colsample_bynode": 1.0, "model__colsample_bytree": 1.0, "model__learning_rate": 0.3, "model__max_depth": 3.8689499239771497, "model__n_estimators": 19.48471690737252, "model__reg_lambda": 8.348091787132343}, "datetime": {"datetime": "2021-03-27 13:42:21", "elapsed": 294.155434, "delta": 2.119325}}
{"target": -1.4460478951290683, "params": {"model__colsample_bylevel": 0.3, "model__colsample_bynode": 0.3, "model__colsample_bytree": 1.0, "model__learning_rate": 0.3, "model__max_depth": 7.806621455780677, "model__n_estimators": 28.364873519646586, "model__reg_lambda": 9.498787240489278}, "datetime": {"datetime": "2021-03-27 13:42:23", "elapsed": 295.987419, "delta": 1.831985}}
{"target": -1.4933674980116927, "params": {"model__colsample_bylevel": 1.0, "model__colsample_bynode": 0.3, "model__colsample_bytree": 0.3, "model__learning_rate": 0.3, "model__max_depth": 3.820668473304618, "model__n_estimators": 28.38443533267647, "model__reg_lambda": 10.0}, "datetime": {"datetime": "2021-03-27 13:42:25", "elapsed": 298.252447, "delta": 2.265028}}
{"target": -1.3951988465841052, "params": {"model__colsample_bylevel": 1.0, "model__colsample_bynode": 0.3, "model__colsample_bytree": 1.0, "model__learning_rate": 0.3, "model__max_depth": 6.977461273580299, "model__n_estimators": 20.29060155117849, "model__reg_lambda": 6.14959038986923}, "datetime": {"datetime": "2021-03-27 13:42:27", "elapsed": 300.377425, "delta": 2.124978}}
{"target": -1.4429094065601624, "params": {"model__colsample_bylevel": 1.0, "model__colsample_bynode": 1.0, "model__colsample_bytree": 1.0, "model__learning_rate": 0.3, "model__max_depth": 2.0, "model__n_estimators": 20.70224242741936, "model__reg_lambda": 1.6244847009002394}, "datetime": {"datetime": "2021-03-27 13:42:29", "elapsed": 302.388755, "delta": 2.01133}}
{"target": -1.3627550105118882, "params": {"model__colsample_bylevel": 0.3, "model__colsample_bynode": 1.0, "model__colsample_bytree": 1.0, "model__learning_rate": 0.3, "model__max_depth": 6.887677722249978, "model__n_estimators": 30.0, "model__reg_lambda": 10.0}, "datetime": {"datetime": "2021-03-27 13:42:31", "elapsed": 304.521051, "delta": 2.132296}}
{"target": -1.3587457014558217, "params": {"model__colsample_bylevel": 1.0, "model__colsample_bynode": 0.3, "model__colsample_bytree": 1.0, "model__learning_rate": 0.3, "model__max_depth": 6.422450969786345, "model__n_estimators": 30.0, "model__reg_lambda": 6.564417361645539}, "datetime": {"datetime": "2021-03-27 13:42:34", "elapsed": 306.922347, "delta": 2.401296}}
{"target": -1.3744805960227615, "params": {"model__colsample_bylevel": 0.3, "model__colsample_bynode": 1.0, "model__colsample_bytree": 1.0, "model__learning_rate": 0.3, "model__max_depth": 8.0, "model__n_estimators": 28.08610764084789, "model__reg_lambda": 5.869595647659262}, "datetime": {"datetime": "2021-03-27 13:42:35", "elapsed": 308.778258, "delta": 1.855911}}
{"target": -1.3835196913435945, "params": {"model__colsample_bylevel": 1.0, "model__colsample_bynode": 0.3, "model__colsample_bytree": 1.0, "model__learning_rate": 0.3, "model__max_depth": 4.5815693881575, "model__n_estimators": 26.082176791042787, "model__reg_lambda": 6.268275531290454}, "datetime": {"datetime": "2021-03-27 13:42:38", "elapsed": 311.223482, "delta": 2.445224}}
{"target": -1.374873204762791, "params": {"model__colsample_bylevel": 0.3, "model__colsample_bynode": 0.3, "model__colsample_bytree": 1.0, "model__learning_rate": 0.3, "model__max_depth": 6.96933366312673, "model__n_estimators": 26.754576780006797, "model__reg_lambda": 0.0}, "datetime": {"datetime": "2021-03-27 13:42:40", "elapsed": 313.574195, "delta": 2.350713}}
{"target": -1.4409521503077036, "params": {"model__colsample_bylevel": 0.3, "model__colsample_bynode": 0.3, "model__colsample_bytree": 1.0, "model__learning_rate": 0.3, "model__max_depth": 3.137102481030724, "model__n_estimators": 30.0, "model__reg_lambda": 6.266792673885622}, "datetime": {"datetime": "2021-03-27 13:42:42", "elapsed": 315.681449, "delta": 2.107254}}
{"target": -1.400642956563852, "params": {"model__colsample_bylevel": 1.0, "model__colsample_bynode": 0.3, "model__colsample_bytree": 1.0, "model__learning_rate": 0.3, "model__max_depth": 4.4422714206089795, "model__n_estimators": 28.07174164897737, "model__reg_lambda": 7.452954986620923}, "datetime": {"datetime": "2021-03-27 13:42:44", "elapsed": 317.545378, "delta": 1.863929}}
{"target": -1.4363601642944244, "params": {"model__colsample_bylevel": 1.0, "model__colsample_bynode": 1.0, "model__colsample_bytree": 0.3, "model__learning_rate": 0.3, "model__max_depth": 2.0, "model__n_estimators": 27.894529340378643, "model__reg_lambda": 4.085290476355618}, "datetime": {"datetime": "2021-03-27 13:42:46", "elapsed": 319.47511, "delta": 1.929732}}
{"target": -1.4787639762774325, "params": {"model__colsample_bylevel": 1.0, "model__colsample_bynode": 1.0, "model__colsample_bytree": 1.0, "model__learning_rate": 0.3, "model__max_depth": 2.0, "model__n_estimators": 21.47021243587819, "model__reg_lambda": 7.803344134810161}, "datetime": {"datetime": "2021-03-27 13:42:48", "elapsed": 321.377129, "delta": 1.902019}}
{"target": -1.472157302884844, "params": {"model__colsample_bylevel": 0.3, "model__colsample_bynode": 0.3, "model__colsample_bytree": 0.3, "model__learning_rate": 0.3, "model__max_depth": 6.6096563537816655, "model__n_estimators": 21.994207944014235, "model__reg_lambda": 0.14463803705551856}, "datetime": {"datetime": "2021-03-27 13:42:50", "elapsed": 323.362111, "delta": 1.984982}}
{"target": -1.4171939002943859, "params": {"model__colsample_bylevel": 1.0, "model__colsample_bynode": 0.3, "model__colsample_bytree": 1.0, "model__learning_rate": 0.3, "model__max_depth": 6.744378785937088, "model__n_estimators": 15.0, "model__reg_lambda": 3.1800006923018334}, "datetime": {"datetime": "2021-03-27 13:42:52", "elapsed": 325.102857, "delta": 1.740746}}
{"target": -1.3653267059043266, "params": {"model__colsample_bylevel": 0.3, "model__colsample_bynode": 0.4711962763746117, "model__colsample_bytree": 1.0, "model__learning_rate": 0.3, "model__max_depth": 4.211306086719404, "model__n_estimators": 25.079722275381346, "model__reg_lambda": 1.0071342871718783}, "datetime": {"datetime": "2021-03-27 13:42:54", "elapsed": 327.263875, "delta": 2.161018}}
{"target": -1.4506059416772232, "params": {"model__colsample_bylevel": 0.3, "model__colsample_bynode": 0.3, "model__colsample_bytree": 1.0, "model__learning_rate": 0.3, "model__max_depth": 5.026089774223228, "model__n_estimators": 15.0, "model__reg_lambda": 0.0}, "datetime": {"datetime": "2021-03-27 13:42:56", "elapsed": 329.328956, "delta": 2.065081}}
{"target": -1.3703539610327478, "params": {"model__colsample_bylevel": 0.3, "model__colsample_bynode": 1.0, "model__colsample_bytree": 1.0, "model__learning_rate": 0.3, "model__max_depth": 6.72771841432852, "model__n_estimators": 18.641320572399028, "model__reg_lambda": 2.13703262204939}, "datetime": {"datetime": "2021-03-27 13:42:58", "elapsed": 331.227162, "delta": 1.898206}}
{"target": -1.392969738756833, "params": {"model__colsample_bylevel": 0.3, "model__colsample_bynode": 1.0, "model__colsample_bytree": 1.0, "model__learning_rate": 0.3, "model__max_depth": 8.0, "model__n_estimators": 22.300110771077687, "model__reg_lambda": 8.490380709433456}, "datetime": {"datetime": "2021-03-27 13:43:00", "elapsed": 333.392848, "delta": 2.165686}}
{"target": -1.4148607714830534, "params": {"model__colsample_bylevel": 0.3, "model__colsample_bynode": 0.3, "model__colsample_bytree": 1.0, "model__learning_rate": 0.3, "model__max_depth": 8.0, "model__n_estimators": 18.12826068724566, "model__reg_lambda": 1.8033538130524547}, "datetime": {"datetime": "2021-03-27 13:43:02", "elapsed": 335.373648, "delta": 1.9808}}
{"target": -1.5338173780104387, "params": {"model__colsample_bylevel": 0.3, "model__colsample_bynode": 1.0, "model__colsample_bytree": 0.3, "model__learning_rate": 0.3, "model__max_depth": 7.523397662101307, "model__n_estimators": 22.870459033037914, "model__reg_lambda": 10.0}, "datetime": {"datetime": "2021-03-27 13:43:04", "elapsed": 337.843482, "delta": 2.469834}}
