{"target": -1.3976364232383776, "params": {"model__colsample_bylevel": 0.3, "model__colsample_bynode": 0.3, "model__colsample_bytree": 1.0, "model__learning_rate": 0.3, "model__max_depth": 6.0, "model__n_estimators": 26.0, "model__reg_lambda": 3.0121019696059284}, "datetime": {"datetime": "2021-03-27 13:37:30", "elapsed": 3.393194, "delta": 0.00024}}
{"target": -1.3434251336826255, "params": {"model__colsample_bylevel": 0.3, "model__colsample_bynode": 0.3, "model__colsample_bytree": 1.0, "model__learning_rate": 0.3, "model__max_depth": 7.0, "model__n_estimators": 29.0, "model__reg_lambda": 1.2999530592867101}, "datetime": {"datetime": "2021-03-27 13:37:30", "elapsed": 3.510095, "delta": 0.116901}}
{"target": -1.3434251336826255, "params": {"model__colsample_bylevel": 0.3, "model__colsample_bynode": 0.3, "model__colsample_bytree": 1.0, "model__learning_rate": 0.3, "model__max_depth": 7.0, "model__n_estimators": 29.0, "model__reg_lambda": 1.2999530592867101}, "datetime": {"datetime": "2021-03-27 13:37:30", "elapsed": 3.510459, "delta": 0.000364}}
{"target": -1.3434251336826255, "params": {"model__colsample_bylevel": 0.3, "model__colsample_bynode": 0.3, "model__colsample_bytree": 1.0, "model__learning_rate": 0.3, "model__max_depth": 7.0, "model__n_estimators": 29.0, "model__reg_lambda": 1.2999530592867101}, "datetime": {"datetime": "2021-03-27 13:37:30", "elapsed": 3.510686, "delta": 0.000227}}
{"target": -1.3434251336826255, "params": {"model__colsample_bylevel": 0.3, "model__colsample_bynode": 0.3, "model__colsample_bytree": 1.0, "model__learning_rate": 0.3, "model__max_depth": 7.0, "model__n_estimators": 29.0, "model__reg_lambda": 1.2999530592867101}, "datetime": {"datetime": "2021-03-27 13:37:30", "elapsed": 3.510892, "delta": 0.000206}}
{"target": -1.3434251336826255, "params": {"model__colsample_bylevel": 0.3, "model__colsample_bynode": 0.3, "model__colsample_bytree": 1.0, "model__learning_rate": 0.3, "model__max_depth": 7.0, "model__n_estimators": 29.0, "model__reg_lambda": 1.2999530592867101}, "datetime": {"datetime": "2021-03-27 13:37:30", "elapsed": 3.511098, "delta": 0.000206}}
{"target": -1.3434251336826255, "params": {"model__colsample_bylevel": 0.3, "model__colsample_bynode": 0.3, "model__colsample_bytree": 1.0, "model__learning_rate": 0.3, "model__max_depth": 7.0, "model__n_estimators": 29.0, "model__reg_lambda": 1.2999530592867101}, "datetime": {"datetime": "2021-03-27 13:37:30", "elapsed": 3.51132, "delta": 0.000222}}
{"target": -1.3434251336826255, "params": {"model__colsample_bylevel": 0.3, "model__colsample_bynode": 0.3, "model__colsample_bytree": 1.0, "model__learning_rate": 0.3, "model__max_depth": 7.0, "model__n_estimators": 29.0, "model__reg_lambda": 1.2999530592867101}, "datetime": {"datetime": "2021-03-27 13:37:30", "elapsed": 3.511537, "delta": 0.000217}}
{"target": -1.3434251336826255, "params": {"model__colsample_bylevel": 0.3, "model__colsample_bynode": 0.3, "model__colsample_bytree": 1.0, "model__learning_rate": 0.3, "model__max_depth": 7.0, "model__n_estimators": 29.0, "model__reg_lambda": 1.2999530592867101}, "datetime": {"datetime": "2021-03-27 13:37:30", "elapsed": 3.511731, "delta": 0.000194}}
{"target": -1.3434251336826255, "params": {"model__colsample_bylevel": 0.3, "model__colsample_bynode": 0.3, "model__colsample_bytree": 1.0, "model__learning_rate": 0.3, "model__max_depth": 7.0, "model__n_estimators": 29.0, "model__reg_lambda": 1.2999530592867101}, "datetime": {"datetime": "2021-03-27 13:37:30", "elapsed": 3.511936, "delta": 0.000205}}
{"target": -1.5623019691232753, "params": {"model__colsample_bylevel": 1.0, "model__colsample_bynode": 1.0, "model__colsample_bytree": 0.3, "model__learning_rate": 0.3, "model__max_depth": 6.0, "model__n_estimators": 16.0, "model__reg_lambda": 0.0}, "datetime": {"datetime": "2021-03-27 13:37:30", "elapsed": 3.627646, "delta": 0.11571}}
{"target": -1.5623019691232753, "params": {"model__colsample_bylevel": 1.0, "model__colsample_bynode": 1.0, "model__colsample_bytree": 0.3, "model__learning_rate": 0.3, "model__max_depth": 6.0, "model__n_estimators": 16.0, "model__reg_lambda": 0.0}, "datetime": {"datetime": "2021-03-27 13:37:30", "elapsed": 3.628009, "delta": 0.000363}}
{"target": -1.5623019691232753, "params": {"model__colsample_bylevel": 1.0, "model__colsample_bynode": 1.0, "model__colsample_bytree": 0.3, "model__learning_rate": 0.3, "model__max_depth": 6.0, "model__n_estimators": 16.0, "model__reg_lambda": 0.0}, "datetime": {"datetime": "2021-03-27 13:37:30", "elapsed": 3.628248, "delta": 0.000239}}
{"target": -1.5623019691232753, "params": {"model__colsample_bylevel": 1.0, "model__colsample_bynode": 1.0, "model__colsample_bytree": 0.3, "model__learning_rate": 0.3, "model__max_depth": 6.0, "model__n_estimators": 16.0, "model__reg_lambda": 0.0}, "datetime": {"datetime": "2021-03-27 13:37:30", "elapsed": 3.62847, "delta": 0.000222}}
{"target": -1.5623019691232753, "params": {"model__colsample_bylevel": 1.0, "model__colsample_bynode": 1.0, "model__colsample_bytree": 0.3, "model__learning_rate": 0.3, "model__max_depth": 6.0, "model__n_estimators": 16.0, "model__reg_lambda": 0.0}, "datetime": {"datetime": "2021-03-27 13:37:30", "elapsed": 3.628683, "delta": 0.000213}}
{"target": -1.5623019691232753, "params": {"model__colsample_bylevel": 1.0, "model__colsample_bynode": 1.0, "model__colsample_bytree": 0.3, "model__learning_rate": 0.3, "model__max_depth": 6.0, "model__n_estimators": 16.0, "model__reg_lambda": 0.0}, "datetime": {"datetime": "2021-03-27 13:37:30", "elapsed": 3.628885, "delta": 0.000202}}
{"target": -1.5623019691232753, "params": {"model__colsample_bylevel": 1.0, "model__colsample_bynode": 1.0, "model__colsample_bytree": 0.3, "model__learning_rate": 0.3, "model__max_depth": 6.0, "model__n_estimators": 16.0, "model__reg_lambda": 0.0}, "datetime": {"datetime": "2021-03-27 13:37:30", "elapsed": 3.629088, "delta": 0.000203}}
{"target": -1.5623019691232753, "params": {"model__colsample_bylevel": 1.0, "model__colsample_bynode": 1.0, "model__colsample_bytree": 0.3, "model__learning_rate": 0.3, "model__max_depth": 6.0, "model__n_estimators": 16.0, "model__reg_lambda": 0.0}, "datetime": {"datetime": "2021-03-27 13:37:30", "elapsed": 3.629298, "delta": 0.00021}}
{"target": -1.5623019691232753, "params": {"model__colsample_bylevel": 1.0, "model__colsample_bynode": 1.0, "model__colsample_bytree": 0.3, "model__learning_rate": 0.3, "model__max_depth": 6.0, "model__n_estimators": 16.0, "model__reg_lambda": 0.0}, "datetime": {"datetime": "2021-03-27 13:37:30", "elapsed": 3.629505, "delta": 0.000207}}
{"target": -1.5623019691232753, "params": {"model__colsample_bylevel": 1.0, "model__colsample_bynode": 1.0, "model__colsample_bytree": 0.3, "model__learning_rate": 0.3, "model__max_depth": 6.0, "model__n_estimators": 16.0, "model__reg_lambda": 0.0}, "datetime": {"datetime": "2021-03-27 13:37:30", "elapsed": 3.629702, "delta": 0.000197}}
{"target": -1.5623019691232753, "params": {"model__colsample_bylevel": 1.0, "model__colsample_bynode": 1.0, "model__colsample_bytree": 0.3, "model__learning_rate": 0.3, "model__max_depth": 6.0, "model__n_estimators": 16.0, "model__reg_lambda": 0.0}, "datetime": {"datetime": "2021-03-27 13:37:30", "elapsed": 3.629903, "delta": 0.000201}}
{"target": -1.5623019691232753, "params": {"model__colsample_bylevel": 1.0, "model__colsample_bynode": 1.0, "model__colsample_bytree": 0.3, "model__learning_rate": 0.3, "model__max_depth": 6.0, "model__n_estimators": 16.0, "model__reg_lambda": 0.0}, "datetime": {"datetime": "2021-03-27 13:37:30", "elapsed": 3.630123, "delta": 0.00022}}
{"target": -1.4449645148752177, "params": {"model__colsample_bylevel": 0.47860746301137314, "model__colsample_bynode": 0.9876997337074893, "model__colsample_bytree": 0.3032558878187438, "model__learning_rate": 0.27426886506518966, "model__max_depth": 5.0, "model__n_estimators": 30.0, "model__reg_lambda": 0.030201832498794046}, "datetime": {"datetime": "2021-03-27 13:37:30", "elapsed": 3.746651, "delta": 0.116528}}
{"target": -1.398528250610537, "params": {"model__colsample_bylevel": 0.6639811614530247, "model__colsample_bynode": 0.9952194911439693, "model__colsample_bytree": 0.3407121239493215, "model__learning_rate": 0.2940774792882499, "model__max_depth": 7.0, "model__n_estimators": 30.0, "model__reg_lambda": 1.8828375310726297}, "datetime": {"datetime": "2021-03-27 13:37:30", "elapsed": 3.87848, "delta": 0.131829}}
{"target": -1.365771682250003, "params": {"model__colsample_bylevel": 0.3, "model__colsample_bynode": 0.3, "model__colsample_bytree": 1.0, "model__learning_rate": 0.3, "model__max_depth": 3.0, "model__n_estimators": 27.0, "model__reg_lambda": 0.5926360247478335}, "datetime": {"datetime": "2021-03-27 13:37:31", "elapsed": 3.979174, "delta": 0.100694}}
{"target": -1.429291067674648, "params": {"model__colsample_bylevel": 0.3, "model__colsample_bynode": 1.0, "model__colsample_bytree": 0.3, "model__learning_rate": 0.3, "model__max_depth": 6.0, "model__n_estimators": 30.0, "model__reg_lambda": 1.1361098318163105}, "datetime": {"datetime": "2021-03-27 13:37:31", "elapsed": 4.09215, "delta": 0.112976}}
{"target": -1.429291067674648, "params": {"model__colsample_bylevel": 0.3, "model__colsample_bynode": 1.0, "model__colsample_bytree": 0.3, "model__learning_rate": 0.3, "model__max_depth": 6.0, "model__n_estimators": 30.0, "model__reg_lambda": 1.1361098318163105}, "datetime": {"datetime": "2021-03-27 13:37:31", "elapsed": 4.092509, "delta": 0.000359}}
{"target": -1.429291067674648, "params": {"model__colsample_bylevel": 0.3, "model__colsample_bynode": 1.0, "model__colsample_bytree": 0.3, "model__learning_rate": 0.3, "model__max_depth": 6.0, "model__n_estimators": 30.0, "model__reg_lambda": 1.1361098318163105}, "datetime": {"datetime": "2021-03-27 13:37:31", "elapsed": 4.092755, "delta": 0.000246}}
{"target": -1.429291067674648, "params": {"model__colsample_bylevel": 0.3, "model__colsample_bynode": 1.0, "model__colsample_bytree": 0.3, "model__learning_rate": 0.3, "model__max_depth": 6.0, "model__n_estimators": 30.0, "model__reg_lambda": 1.1361098318163105}, "datetime": {"datetime": "2021-03-27 13:37:31", "elapsed": 4.092981, "delta": 0.000226}}
{"target": -1.429291067674648, "params": {"model__colsample_bylevel": 0.3, "model__colsample_bynode": 1.0, "model__colsample_bytree": 0.3, "model__learning_rate": 0.3, "model__max_depth": 6.0, "model__n_estimators": 30.0, "model__reg_lambda": 1.1361098318163105}, "datetime": {"datetime": "2021-03-27 13:37:31", "elapsed": 4.093199, "delta": 0.000218}}
{"target": -1.429291067674648, "params": {"model__colsample_bylevel": 0.3, "model__colsample_bynode": 1.0, "model__colsample_bytree": 0.3, "model__learning_rate": 0.3, "model__max_depth": 6.0, "model__n_estimators": 30.0, "model__reg_lambda": 1.1361098318163105}, "datetime": {"datetime": "2021-03-27 13:37:31", "elapsed": 4.093409, "delta": 0.00021}}
{"target": -1.385531400947872, "params": {"model__colsample_bylevel": 0.3, "model__colsample_bynode": 0.3, "model__colsample_bytree": 0.5503198283604741, "model__learning_rate": 0.3, "model__max_depth": 4.0, "model__n_estimators": 27.0, "model__reg_lambda": 0.0}, "datetime": {"datetime": "2021-03-27 13:37:31", "elapsed": 4.19283, "delta": 0.099421}}
{"target": -1.3643416453152895, "params": {"model__colsample_bylevel": 0.3, "model__colsample_bynode": 0.3, "model__colsample_bytree": 1.0, "model__learning_rate": 0.3, "model__max_depth": 6.0, "model__n_estimators": 28.0, "model__reg_lambda": 0.0}, "datetime": {"datetime": "2021-03-27 13:37:31", "elapsed": 4.305125, "delta": 0.112295}}
{"target": -1.3645114724105902, "params": {"model__colsample_bylevel": 0.3, "model__colsample_bynode": 0.3, "model__colsample_bytree": 1.0, "model__learning_rate": 0.3, "model__max_depth": 8.0, "model__n_estimators": 26.0, "model__reg_lambda": 0.0}, "datetime": {"datetime": "2021-03-27 13:37:31", "elapsed": 4.417578, "delta": 0.112453}}
{"target": -1.499747592029904, "params": {"model__colsample_bylevel": 0.966778173340935, "model__colsample_bynode": 0.3, "model__colsample_bytree": 0.3, "model__learning_rate": 0.3, "model__max_depth": 3.0, "model__n_estimators": 30.0, "model__reg_lambda": 0.0}, "datetime": {"datetime": "2021-03-27 13:37:31", "elapsed": 4.528046, "delta": 0.110468}}
{"target": -1.499747592029904, "params": {"model__colsample_bylevel": 0.966778173340935, "model__colsample_bynode": 0.3, "model__colsample_bytree": 0.3, "model__learning_rate": 0.3, "model__max_depth": 3.0, "model__n_estimators": 30.0, "model__reg_lambda": 0.0}, "datetime": {"datetime": "2021-03-27 13:37:31", "elapsed": 4.528415, "delta": 0.000369}}
{"target": -1.3572478704262472, "params": {"model__colsample_bylevel": 0.3, "model__colsample_bynode": 0.3, "model__colsample_bytree": 1.0, "model__learning_rate": 0.3, "model__max_depth": 6.0, "model__n_estimators": 27.0, "model__reg_lambda": 0.5775163477133792}, "datetime": {"datetime": "2021-03-27 13:37:31", "elapsed": 4.637043, "delta": 0.108628}}
{"target": -1.360390053141484, "params": {"model__colsample_bylevel": 0.3, "model__colsample_bynode": 0.3, "model__colsample_bytree": 1.0, "model__learning_rate": 0.3, "model__max_depth": 7.0, "model__n_estimators": 28.0, "model__reg_lambda": 1.513198912970688}, "datetime": {"datetime": "2021-03-27 13:37:31", "elapsed": 4.762636, "delta": 0.125593}}
{"target": -1.360390053141484, "params": {"model__colsample_bylevel": 0.3, "model__colsample_bynode": 0.3, "model__colsample_bytree": 1.0, "model__learning_rate": 0.3, "model__max_depth": 7.0, "model__n_estimators": 28.0, "model__reg_lambda": 1.513198912970688}, "datetime": {"datetime": "2021-03-27 13:37:31", "elapsed": 4.763026, "delta": 0.00039}}
{"target": -1.360390053141484, "params": {"model__colsample_bylevel": 0.3, "model__colsample_bynode": 0.3, "model__colsample_bytree": 1.0, "model__learning_rate": 0.3, "model__max_depth": 7.0, "model__n_estimators": 28.0, "model__reg_lambda": 1.513198912970688}, "datetime": {"datetime": "2021-03-27 13:37:31", "elapsed": 4.763293, "delta": 0.000267}}
{"target": -1.360390053141484, "params": {"model__colsample_bylevel": 0.3, "model__colsample_bynode": 0.3, "model__colsample_bytree": 1.0, "model__learning_rate": 0.3, "model__max_depth": 7.0, "model__n_estimators": 28.0, "model__reg_lambda": 1.513198912970688}, "datetime": {"datetime": "2021-03-27 13:37:31", "elapsed": 4.763534, "delta": 0.000241}}
{"target": -1.360390053141484, "params": {"model__colsample_bylevel": 0.3, "model__colsample_bynode": 0.3, "model__colsample_bytree": 1.0, "model__learning_rate": 0.3, "model__max_depth": 7.0, "model__n_estimators": 28.0, "model__reg_lambda": 1.513198912970688}, "datetime": {"datetime": "2021-03-27 13:37:31", "elapsed": 4.763791, "delta": 0.000257}}
{"target": -1.3648736329452282, "params": {"model__colsample_bylevel": 0.3, "model__colsample_bynode": 0.3, "model__colsample_bytree": 1.0, "model__learning_rate": 0.3, "model__max_depth": 8.0, "model__n_estimators": 26.0, "model__reg_lambda": 2.7300082338664744}, "datetime": {"datetime": "2021-03-27 13:37:31", "elapsed": 4.874373, "delta": 0.110582}}
{"target": -1.3648736329452282, "params": {"model__colsample_bylevel": 0.3, "model__colsample_bynode": 0.3, "model__colsample_bytree": 1.0, "model__learning_rate": 0.3, "model__max_depth": 8.0, "model__n_estimators": 26.0, "model__reg_lambda": 2.7300082338664744}, "datetime": {"datetime": "2021-03-27 13:37:31", "elapsed": 4.874762, "delta": 0.000389}}
{"target": -1.3648736329452282, "params": {"model__colsample_bylevel": 0.3, "model__colsample_bynode": 0.3, "model__colsample_bytree": 1.0, "model__learning_rate": 0.3, "model__max_depth": 8.0, "model__n_estimators": 26.0, "model__reg_lambda": 2.7300082338664744}, "datetime": {"datetime": "2021-03-27 13:37:31", "elapsed": 4.875034, "delta": 0.000272}}
{"target": -1.3648736329452282, "params": {"model__colsample_bylevel": 0.3, "model__colsample_bynode": 0.3, "model__colsample_bytree": 1.0, "model__learning_rate": 0.3, "model__max_depth": 8.0, "model__n_estimators": 26.0, "model__reg_lambda": 2.7300082338664744}, "datetime": {"datetime": "2021-03-27 13:37:31", "elapsed": 4.875295, "delta": 0.000261}}
{"target": -1.3648736329452282, "params": {"model__colsample_bylevel": 0.3, "model__colsample_bynode": 0.3, "model__colsample_bytree": 1.0, "model__learning_rate": 0.3, "model__max_depth": 8.0, "model__n_estimators": 26.0, "model__reg_lambda": 2.7300082338664744}, "datetime": {"datetime": "2021-03-27 13:37:31", "elapsed": 4.875534, "delta": 0.000239}}
{"target": -1.3648736329452282, "params": {"model__colsample_bylevel": 0.3, "model__colsample_bynode": 0.3, "model__colsample_bytree": 1.0, "model__learning_rate": 0.3, "model__max_depth": 8.0, "model__n_estimators": 26.0, "model__reg_lambda": 2.7300082338664744}, "datetime": {"datetime": "2021-03-27 13:37:31", "elapsed": 4.875758, "delta": 0.000224}}
{"target": -1.3648736329452282, "params": {"model__colsample_bylevel": 0.3, "model__colsample_bynode": 0.3, "model__colsample_bytree": 1.0, "model__learning_rate": 0.3, "model__max_depth": 8.0, "model__n_estimators": 26.0, "model__reg_lambda": 2.7300082338664744}, "datetime": {"datetime": "2021-03-27 13:37:31", "elapsed": 4.875981, "delta": 0.000223}}
{"target": -1.424165603318724, "params": {"model__colsample_bylevel": 0.3, "model__colsample_bynode": 1.0, "model__colsample_bytree": 1.0, "model__learning_rate": 0.3, "model__max_depth": 7.0, "model__n_estimators": 18.0, "model__reg_lambda": 0.0}, "datetime": {"datetime": "2021-03-27 13:37:32", "elapsed": 5.005074, "delta": 0.129093}}
{"target": -1.5441451392973355, "params": {"model__colsample_bylevel": 1.0, "model__colsample_bynode": 1.0, "model__colsample_bytree": 0.3, "model__learning_rate": 0.3, "model__max_depth": 7.0, "model__n_estimators": 24.0, "model__reg_lambda": 0.0}, "datetime": {"datetime": "2021-03-27 13:37:32", "elapsed": 5.156345, "delta": 0.151271}}
{"target": -1.5441451392973355, "params": {"model__colsample_bylevel": 1.0, "model__colsample_bynode": 1.0, "model__colsample_bytree": 0.3, "model__learning_rate": 0.3, "model__max_depth": 7.0, "model__n_estimators": 24.0, "model__reg_lambda": 0.0}, "datetime": {"datetime": "2021-03-27 13:37:32", "elapsed": 5.156737, "delta": 0.000392}}
{"target": -1.4221758130262945, "params": {"model__colsample_bylevel": 0.9645270563743844, "model__colsample_bynode": 0.9784250615063763, "model__colsample_bytree": 0.3050525853852948, "model__learning_rate": 0.2969643514012727, "model__max_depth": 5.0, "model__n_estimators": 24.0, "model__reg_lambda": 1.3576124803661338}, "datetime": {"datetime": "2021-03-27 13:37:32", "elapsed": 5.274453, "delta": 0.117716}}
{"target": -1.385130184644536, "params": {"model__colsample_bylevel": 0.3, "model__colsample_bynode": 0.3, "model__colsample_bytree": 1.0, "model__learning_rate": 0.3, "model__max_depth": 5.0, "model__n_estimators": 30.0, "model__reg_lambda": 2.5043983346451437}, "datetime": {"datetime": "2021-03-27 13:37:32", "elapsed": 5.39014, "delta": 0.115687}}
{"target": -1.357306764450302, "params": {"model__colsample_bylevel": 0.3, "model__colsample_bynode": 0.3, "model__colsample_bytree": 1.0, "model__learning_rate": 0.3, "model__max_depth": 8.0, "model__n_estimators": 30.0, "model__reg_lambda": 2.2873633023778552}, "datetime": {"datetime": "2021-03-27 13:37:32", "elapsed": 5.510391, "delta": 0.120251}}
{"target": -1.37893579059105, "params": {"model__colsample_bylevel": 0.3, "model__colsample_bynode": 1.0, "model__colsample_bytree": 1.0, "model__learning_rate": 0.3, "model__max_depth": 6.0, "model__n_estimators": 27.0, "model__reg_lambda": 4.524461592882262}, "datetime": {"datetime": "2021-03-27 13:37:32", "elapsed": 5.667018, "delta": 0.156627}}
{"target": -1.37893579059105, "params": {"model__colsample_bylevel": 0.3, "model__colsample_bynode": 1.0, "model__colsample_bytree": 1.0, "model__learning_rate": 0.3, "model__max_depth": 6.0, "model__n_estimators": 27.0, "model__reg_lambda": 4.524461592882262}, "datetime": {"datetime": "2021-03-27 13:37:32", "elapsed": 5.667526, "delta": 0.000508}}
{"target": -1.3606938426504316, "params": {"model__colsample_bylevel": 1.0, "model__colsample_bynode": 0.3, "model__colsample_bytree": 1.0, "model__learning_rate": 0.3, "model__max_depth": 7.0, "model__n_estimators": 30.0, "model__reg_lambda": 8.559343015505158}, "datetime": {"datetime": "2021-03-27 13:37:32", "elapsed": 5.840837, "delta": 0.173311}}
{"target": -1.3652788238383937, "params": {"model__colsample_bylevel": 0.9200821231031391, "model__colsample_bynode": 0.35616344543935075, "model__colsample_bytree": 0.8625120529528605, "model__learning_rate": 0.23669407037870885, "model__max_depth": 5.0, "model__n_estimators": 25.0, "model__reg_lambda": 2.826662622956666}, "datetime": {"datetime": "2021-03-27 13:37:33", "elapsed": 5.977516, "delta": 0.136679}}
{"target": -1.7276729136057523, "params": {"model__colsample_bylevel": 0.30726190771998996, "model__colsample_bynode": 0.651312214504117, "model__colsample_bytree": 0.6470413051939022, "model__learning_rate": 0.12676590579185532, "model__max_depth": 2.8526665127272315, "model__n_estimators": 18.278380134391174, "model__reg_lambda": 4.185081805104525}, "datetime": {"datetime": "2021-03-27 13:37:33", "elapsed": 6.053831, "delta": 0.076315}}
{"target": -1.4721113899209795, "params": {"model__colsample_bylevel": 0.4736708178894914, "model__colsample_bynode": 0.35884175581574507, "model__colsample_bytree": 0.54184904803528, "model__learning_rate": 0.1333552693064643, "model__max_depth": 7.271354513195954, "model__n_estimators": 29.26446047440075, "model__reg_lambda": 0.38748375832319826}, "datetime": {"datetime": "2021-03-27 13:37:33", "elapsed": 6.178145, "delta": 0.124314}}
