{"target": -1.6921716055360396, "params": {"model__colsample_bylevel": 0.3738458678976228, "model__colsample_bynode": 0.5433070360022918, "model__colsample_bytree": 0.9168236376457031, "model__learning_rate": 0.12943956319084163, "model__max_depth": 2.0604997649021364, "model__n_estimators": 19.90165461156651, "model__reg_lambda": 9.968610382510693}, "datetime": {"datetime": "2021-03-27 13:37:43", "elapsed": 16.468889, "delta": 1.610185}}
{"target": -1.4825568833914786, "params": {"model__colsample_bylevel": 0.3, "model__colsample_bynode": 1.0, "model__colsample_bytree": 0.3, "model__learning_rate": 0.3, "model__max_depth": 8.0, "model__n_estimators": 30.0, "model__reg_lambda": 10.0}, "datetime": {"datetime": "2021-03-27 13:37:44", "elapsed": 17.598944, "delta": 1.130055}}
{"target": -1.5400230867221303, "params": {"model__colsample_bylevel": 0.3, "model__colsample_bynode": 0.3, "model__colsample_bytree": 1.0, "model__learning_rate": 0.3, "model__max_depth": 8.0, "model__n_estimators": 15.0, "model__reg_lambda": 5.896153598282433}, "datetime": {"datetime": "2021-03-27 13:37:45", "elapsed": 18.835734, "delta": 1.23679}}
{"target": -1.3889281486404008, "params": {"model__colsample_bylevel": 1.0, "model__colsample_bynode": 0.3, "model__colsample_bytree": 1.0, "model__learning_rate": 0.3, "model__max_depth": 8.0, "model__n_estimators": 20.654868382045837, "model__reg_lambda": 3.926279988951443}, "datetime": {"datetime": "2021-03-27 13:37:47", "elapsed": 20.164433, "delta": 1.328699}}
{"target": -1.4293679045513275, "params": {"model__colsample_bylevel": 1.0, "model__colsample_bynode": 0.3, "model__colsample_bytree": 1.0, "model__learning_rate": 0.3, "model__max_depth": 2.0, "model__n_estimators": 18.363344178256956, "model__reg_lambda": 0.0}, "datetime": {"datetime": "2021-03-27 13:37:48", "elapsed": 21.791406, "delta": 1.626973}}
{"target": -1.4737485378494728, "params": {"model__colsample_bylevel": 1.0, "model__colsample_bynode": 1.0, "model__colsample_bytree": 1.0, "model__learning_rate": 0.3, "model__max_depth": 8.0, "model__n_estimators": 20.569085628317673, "model__reg_lambda": 10.0}, "datetime": {"datetime": "2021-03-27 13:37:50", "elapsed": 23.479437, "delta": 1.688031}}
{"target": -1.4889751265878264, "params": {"model__colsample_bylevel": 0.4109396326325874, "model__colsample_bynode": 0.7210620011234944, "model__colsample_bytree": 0.3005847899232538, "model__learning_rate": 0.2652858503228499, "model__max_depth": 5.497754233697701, "model__n_estimators": 29.79126499721481, "model__reg_lambda": 7.389566321494343}, "datetime": {"datetime": "2021-03-27 13:37:52", "elapsed": 25.00463, "delta": 1.525193}}
{"target": -1.4469864075571515, "params": {"model__colsample_bylevel": 1.0, "model__colsample_bynode": 1.0, "model__colsample_bytree": 1.0, "model__learning_rate": 0.3, "model__max_depth": 4.8900262636928655, "model__n_estimators": 30.0, "model__reg_lambda": 10.0}, "datetime": {"datetime": "2021-03-27 13:37:53", "elapsed": 26.481418, "delta": 1.476788}}
{"target": -1.439773280614906, "params": {"model__colsample_bylevel": 1.0, "model__colsample_bynode": 0.3, "model__colsample_bytree": 1.0, "model__learning_rate": 0.3, "model__max_depth": 8.0, "model__n_estimators": 15.0, "model__reg_lambda": 0.0}, "datetime": {"datetime": "2021-03-27 13:37:54", "elapsed": 27.863214, "delta": 1.381796}}
{"target": -1.454490055239665, "params": {"model__colsample_bylevel": 1.0, "model__colsample_bynode": 0.3, "model__colsample_bytree": 1.0, "model__learning_rate": 0.3, "model__max_depth": 5.626389163908251, "model__n_estimators": 21.08127966488777, "model__reg_lambda": 0.0}, "datetime": {"datetime": "2021-03-27 13:37:56", "elapsed": 29.237892, "delta": 1.374678}}
{"target": -1.4438350853064783, "params": {"model__colsample_bylevel": 1.0, "model__colsample_bynode": 1.0, "model__colsample_bytree": 1.0, "model__learning_rate": 0.3, "model__max_depth": 2.0, "model__n_estimators": 30.0, "model__reg_lambda": 6.795692862025877}, "datetime": {"datetime": "2021-03-27 13:37:57", "elapsed": 30.579709, "delta": 1.341817}}
{"target": -1.3658992579557758, "params": {"model__colsample_bylevel": 1.0, "model__colsample_bynode": 0.3, "model__colsample_bytree": 1.0, "model__learning_rate": 0.3, "model__max_depth": 8.0, "model__n_estimators": 27.687575514950236, "model__reg_lambda": 10.0}, "datetime": {"datetime": "2021-03-27 13:37:59", "elapsed": 32.011755, "delta": 1.432046}}
{"target": -1.4102005481611992, "params": {"model__colsample_bylevel": 0.3, "model__colsample_bynode": 0.3, "model__colsample_bytree": 1.0, "model__learning_rate": 0.3, "model__max_depth": 5.511802562628827, "model__n_estimators": 22.182828128323834, "model__reg_lambda": 2.917765577413306}, "datetime": {"datetime": "2021-03-27 13:38:00", "elapsed": 33.484276, "delta": 1.472521}}
{"target": -1.4094687146688067, "params": {"model__colsample_bylevel": 0.3, "model__colsample_bynode": 1.0, "model__colsample_bytree": 1.0, "model__learning_rate": 0.3, "model__max_depth": 3.850869162491376, "model__n_estimators": 22.406156963244097, "model__reg_lambda": 8.594197790341198}, "datetime": {"datetime": "2021-03-27 13:38:02", "elapsed": 35.30087, "delta": 1.816594}}
{"target": -1.7054997691857643, "params": {"model__colsample_bylevel": 0.3, "model__colsample_bynode": 0.3, "model__colsample_bytree": 1.0, "model__learning_rate": 0.3, "model__max_depth": 2.0, "model__n_estimators": 15.0, "model__reg_lambda": 10.0}, "datetime": {"datetime": "2021-03-27 13:38:03", "elapsed": 36.78971, "delta": 1.48884}}
{"target": -1.4711867021855667, "params": {"model__colsample_bylevel": 1.0, "model__colsample_bynode": 1.0, "model__colsample_bytree": 1.0, "model__learning_rate": 0.3, "model__max_depth": 8.0, "model__n_estimators": 18.143064755737978, "model__reg_lambda": 5.884178888220829}, "datetime": {"datetime": "2021-03-27 13:38:05", "elapsed": 38.285838, "delta": 1.496128}}
{"target": -1.4577907071327387, "params": {"model__colsample_bylevel": 1.0, "model__colsample_bynode": 1.0, "model__colsample_bytree": 1.0, "model__learning_rate": 0.3, "model__max_depth": 8.0, "model__n_estimators": 30.0, "model__reg_lambda": 6.035619152941636}, "datetime": {"datetime": "2021-03-27 13:38:07", "elapsed": 40.022468, "delta": 1.73663}}
{"target": -1.495813483685471, "params": {"model__colsample_bylevel": 0.3, "model__colsample_bynode": 0.3, "model__colsample_bytree": 0.3, "model__learning_rate": 0.3, "model__max_depth": 8.0, "model__n_estimators": 19.76607256748004, "model__reg_lambda": 0.0}, "datetime": {"datetime": "2021-03-27 13:38:08", "elapsed": 41.482171, "delta": 1.459703}}
{"target": -1.5477572817193423, "params": {"model__colsample_bylevel": 1.0, "model__colsample_bynode": 1.0, "model__colsample_bytree": 1.0, "model__learning_rate": 0.1, "model__max_depth": 2.0, "model__n_estimators": 28.323067629105, "model__reg_lambda": 0.0}, "datetime": {"datetime": "2021-03-27 13:38:10", "elapsed": 43.437924, "delta": 1.955753}}
{"target": -1.4634616597029175, "params": {"model__colsample_bylevel": 0.3, "model__colsample_bynode": 1.0, "model__colsample_bytree": 1.0, "model__learning_rate": 0.3, "model__max_depth": 5.305888740228532, "model__n_estimators": 15.0, "model__reg_lambda": 10.0}, "datetime": {"datetime": "2021-03-27 13:38:11", "elapsed": 44.875664, "delta": 1.43774}}
{"target": -1.4931749591198953, "params": {"model__colsample_bylevel": 1.0, "model__colsample_bynode": 1.0, "model__colsample_bytree": 1.0, "model__learning_rate": 0.3, "model__max_depth": 5.162265647298121, "model__n_estimators": 15.0, "model__reg_lambda": 5.224020501140476}, "datetime": {"datetime": "2021-03-27 13:38:13", "elapsed": 46.345201, "delta": 1.469537}}
{"target": -1.4738759932877576, "params": {"model__colsample_bylevel": 1.0, "model__colsample_bynode": 0.3, "model__colsample_bytree": 1.0, "model__learning_rate": 0.3, "model__max_depth": 2.0, "model__n_estimators": 15.0, "model__reg_lambda": 0.0}, "datetime": {"datetime": "2021-03-27 13:38:14", "elapsed": 47.845089, "delta": 1.499888}}
{"target": -1.3906510468437405, "params": {"model__colsample_bylevel": 0.3, "model__colsample_bynode": 1.0, "model__colsample_bytree": 1.0, "model__learning_rate": 0.3, "model__max_depth": 8.0, "model__n_estimators": 20.497469448490975, "model__reg_lambda": 1.7573577839873251}, "datetime": {"datetime": "2021-03-27 13:38:16", "elapsed": 49.511024, "delta": 1.665935}}
{"target": -1.4460520586403818, "params": {"model__colsample_bylevel": 1.0, "model__colsample_bynode": 0.3, "model__colsample_bytree": 1.0, "model__learning_rate": 0.3, "model__max_depth": 2.0, "model__n_estimators": 23.400886140721283, "model__reg_lambda": 6.4586835160221785}, "datetime": {"datetime": "2021-03-27 13:38:18", "elapsed": 51.158328, "delta": 1.647304}}
{"target": -1.4599364330803135, "params": {"model__colsample_bylevel": 0.3, "model__colsample_bynode": 0.3, "model__colsample_bytree": 1.0, "model__learning_rate": 0.3, "model__max_depth": 8.0, "model__n_estimators": 15.0, "model__reg_lambda": 2.1705557886451543}, "datetime": {"datetime": "2021-03-27 13:38:19", "elapsed": 52.671452, "delta": 1.513124}}
{"target": -1.3930120145578098, "params": {"model__colsample_bylevel": 1.0, "model__colsample_bynode": 0.3, "model__colsample_bytree": 1.0, "model__learning_rate": 0.3, "model__max_depth": 5.057982075477414, "model__n_estimators": 22.137496195021246, "model__reg_lambda": 6.724764749642834}, "datetime": {"datetime": "2021-03-27 13:38:21", "elapsed": 54.100879, "delta": 1.429427}}
{"target": -1.4694752346481317, "params": {"model__colsample_bylevel": 1.0, "model__colsample_bynode": 1.0, "model__colsample_bytree": 1.0, "model__learning_rate": 0.3, "model__max_depth": 4.141896003738194, "model__n_estimators": 20.66424384716098, "model__reg_lambda": 10.0}, "datetime": {"datetime": "2021-03-27 13:38:22", "elapsed": 55.731005, "delta": 1.630126}}
{"target": -1.4643974199864096, "params": {"model__colsample_bylevel": 1.0, "model__colsample_bynode": 1.0, "model__colsample_bytree": 1.0, "model__learning_rate": 0.3, "model__max_depth": 8.0, "model__n_estimators": 24.0981576087625, "model__reg_lambda": 10.0}, "datetime": {"datetime": "2021-03-27 13:38:24", "elapsed": 57.275028, "delta": 1.544023}}
{"target": -1.470151921863789, "params": {"model__colsample_bylevel": 1.0, "model__colsample_bynode": 1.0, "model__colsample_bytree": 1.0, "model__learning_rate": 0.3, "model__max_depth": 8.0, "model__n_estimators": 21.752238020795073, "model__reg_lambda": 6.2295828014235}, "datetime": {"datetime": "2021-03-27 13:38:26", "elapsed": 58.940659, "delta": 1.665631}}
{"target": -1.4732304101836855, "params": {"model__colsample_bylevel": 1.0, "model__colsample_bynode": 0.3, "model__colsample_bytree": 0.3, "model__learning_rate": 0.3, "model__max_depth": 8.0, "model__n_estimators": 28.31980806629589, "model__reg_lambda": 8.098497667014481}, "datetime": {"datetime": "2021-03-27 13:38:27", "elapsed": 60.254452, "delta": 1.313793}}
{"target": -1.414580513202194, "params": {"model__colsample_bylevel": 0.3, "model__colsample_bynode": 1.0, "model__colsample_bytree": 1.0, "model__learning_rate": 0.3, "model__max_depth": 2.0, "model__n_estimators": 20.36466053438765, "model__reg_lambda": 0.0}, "datetime": {"datetime": "2021-03-27 13:38:28", "elapsed": 61.863949, "delta": 1.609497}}
{"target": -1.379028247801614, "params": {"model__colsample_bylevel": 1.0, "model__colsample_bynode": 0.3, "model__colsample_bytree": 1.0, "model__learning_rate": 0.3, "model__max_depth": 6.721930384324334, "model__n_estimators": 19.188528564421606, "model__reg_lambda": 2.0594143671327094}, "datetime": {"datetime": "2021-03-27 13:38:30", "elapsed": 63.475211, "delta": 1.611262}}
{"target": -1.5065351684888204, "params": {"model__colsample_bylevel": 0.3, "model__colsample_bynode": 0.3, "model__colsample_bytree": 0.3, "model__learning_rate": 0.3, "model__max_depth": 2.0, "model__n_estimators": 28.510049136415347, "model__reg_lambda": 6.4402535247657955}, "datetime": {"datetime": "2021-03-27 13:38:32", "elapsed": 65.135407, "delta": 1.660196}}
{"target": -1.4147982524168017, "params": {"model__colsample_bylevel": 0.3, "model__colsample_bynode": 0.3, "model__colsample_bytree": 1.0, "model__learning_rate": 0.3, "model__max_depth": 3.8806193043861, "model__n_estimators": 17.43106193206308, "model__reg_lambda": 0.0}, "datetime": {"datetime": "2021-03-27 13:38:33", "elapsed": 66.775412, "delta": 1.640005}}
{"target": -1.3711379498290575, "params": {"model__colsample_bylevel": 1.0, "model__colsample_bynode": 0.3, "model__colsample_bytree": 1.0, "model__learning_rate": 0.3, "model__max_depth": 8.0, "model__n_estimators": 24.00857082961347, "model__reg_lambda": 1.6012644071668496}, "datetime": {"datetime": "2021-03-27 13:38:35", "elapsed": 68.600264, "delta": 1.824852}}
{"target": -1.4450336355014124, "params": {"model__colsample_bylevel": 0.3, "model__colsample_bynode": 0.3, "model__colsample_bytree": 1.0, "model__learning_rate": 0.3, "model__max_depth": 8.0, "model__n_estimators": 30.0, "model__reg_lambda": 10.0}, "datetime": {"datetime": "2021-03-27 13:38:37", "elapsed": 70.179158, "delta": 1.578894}}
{"target": -1.439773280614906, "params": {"model__colsample_bylevel": 0.3, "model__colsample_bynode": 1.0, "model__colsample_bytree": 1.0, "model__learning_rate": 0.3, "model__max_depth": 8.0, "model__n_estimators": 15.0, "model__reg_lambda": 0.0}, "datetime": {"datetime": "2021-03-27 13:38:38", "elapsed": 71.684527, "delta": 1.505369}}
{"target": -1.4660863934759643, "params": {"model__colsample_bylevel": 1.0, "model__colsample_bynode": 0.3, "model__colsample_bytree": 1.0, "model__learning_rate": 0.3, "model__max_depth": 5.558978160074544, "model__n_estimators": 15.0, "model__reg_lambda": 10.0}, "datetime": {"datetime": "2021-03-27 13:38:40", "elapsed": 73.411749, "delta": 1.727222}}
{"target": -1.4456350793765076, "params": {"model__colsample_bylevel": 0.3, "model__colsample_bynode": 1.0, "model__colsample_bytree": 1.0, "model__learning_rate": 0.3, "model__max_depth": 4.474726790236449, "model__n_estimators": 18.352428411953774, "model__reg_lambda": 10.0}, "datetime": {"datetime": "2021-03-27 13:38:42", "elapsed": 75.239857, "delta": 1.828108}}
{"target": -1.4583051514879302, "params": {"model__colsample_bylevel": 1.0, "model__colsample_bynode": 1.0, "model__colsample_bytree": 1.0, "model__learning_rate": 0.3, "model__max_depth": 8.0, "model__n_estimators": 26.029884187884154, "model__reg_lambda": 5.131074519841555}, "datetime": {"datetime": "2021-03-27 13:38:44", "elapsed": 76.9796, "delta": 1.739743}}
{"target": -1.38953628928765, "params": {"model__colsample_bylevel": 0.3, "model__colsample_bynode": 1.0, "model__colsample_bytree": 1.0, "model__learning_rate": 0.3, "model__max_depth": 3.9573451881285235, "model__n_estimators": 30.0, "model__reg_lambda": 5.248679139779507}, "datetime": {"datetime": "2021-03-27 13:38:45", "elapsed": 78.50644, "delta": 1.52684}}
{"target": -1.4256518943370253, "params": {"model__colsample_bylevel": 1.0, "model__colsample_bynode": 0.3, "model__colsample_bytree": 1.0, "model__learning_rate": 0.3, "model__max_depth": 2.0, "model__n_estimators": 30.0, "model__reg_lambda": 10.0}, "datetime": {"datetime": "2021-03-27 13:38:47", "elapsed": 79.981231, "delta": 1.474791}}
{"target": -1.463963434363351, "params": {"model__colsample_bylevel": 1.0, "model__colsample_bynode": 1.0, "model__colsample_bytree": 1.0, "model__learning_rate": 0.3, "model__max_depth": 6.126098391948172, "model__n_estimators": 19.573859775463166, "model__reg_lambda": 4.094548915290488}, "datetime": {"datetime": "2021-03-27 13:38:48", "elapsed": 81.665787, "delta": 1.684556}}
{"target": -1.4999441444549872, "params": {"model__colsample_bylevel": 1.0, "model__colsample_bynode": 1.0, "model__colsample_bytree": 1.0, "model__learning_rate": 0.3, "model__max_depth": 6.540200992042978, "model__n_estimators": 15.0, "model__reg_lambda": 7.897369340623506}, "datetime": {"datetime": "2021-03-27 13:38:50", "elapsed": 83.370374, "delta": 1.704587}}
{"target": -1.450488812333324, "params": {"model__colsample_bylevel": 1.0, "model__colsample_bynode": 1.0, "model__colsample_bytree": 1.0, "model__learning_rate": 0.3, "model__max_depth": 2.0, "model__n_estimators": 26.64784937275101, "model__reg_lambda": 3.4073857655095017}, "datetime": {"datetime": "2021-03-27 13:38:52", "elapsed": 85.243696, "delta": 1.873322}}
{"target": -1.4784185216100751, "params": {"model__colsample_bylevel": 1.0, "model__colsample_bynode": 0.3, "model__colsample_bytree": 0.3, "model__learning_rate": 0.3, "model__max_depth": 3.1921321207051614, "model__n_estimators": 30.0, "model__reg_lambda": 8.414623536373622}, "datetime": {"datetime": "2021-03-27 13:38:54", "elapsed": 86.907492, "delta": 1.663796}}
{"target": -1.4245265099705886, "params": {"model__colsample_bylevel": 1.0, "model__colsample_bynode": 0.3, "model__colsample_bytree": 1.0, "model__learning_rate": 0.3, "model__max_depth": 4.427517344602412, "model__n_estimators": 15.0, "model__reg_lambda": 1.6503077950407254}, "datetime": {"datetime": "2021-03-27 13:38:55", "elapsed": 88.403805, "delta": 1.496313}}
{"target": -1.457825353444702, "params": {"model__colsample_bylevel": 0.3, "model__colsample_bynode": 0.3, "model__colsample_bytree": 1.0, "model__learning_rate": 0.3, "model__max_depth": 5.854272134656625, "model__n_estimators": 28.35282950458574, "model__reg_lambda": 10.0}, "datetime": {"datetime": "2021-03-27 13:38:57", "elapsed": 90.302793, "delta": 1.898988}}
{"target": -1.4160241007426944, "params": {"model__colsample_bylevel": 1.0, "model__colsample_bynode": 0.3, "model__colsample_bytree": 1.0, "model__learning_rate": 0.3, "model__max_depth": 8.0, "model__n_estimators": 16.65985147523624, "model__reg_lambda": 3.7200143114745505}, "datetime": {"datetime": "2021-03-27 13:38:58", "elapsed": 91.82611, "delta": 1.523317}}
{"target": -1.4320274980792749, "params": {"model__colsample_bylevel": 1.0, "model__colsample_bynode": 1.0, "model__colsample_bytree": 1.0, "model__learning_rate": 0.3, "model__max_depth": 3.6354024856253835, "model__n_estimators": 27.99786233677456, "model__reg_lambda": 5.786028734133017}, "datetime": {"datetime": "2021-03-27 13:39:00", "elapsed": 93.561459, "delta": 1.735349}}
{"target": -1.4648388643303643, "params": {"model__colsample_bylevel": 0.3, "model__colsample_bynode": 0.3, "model__colsample_bytree": 1.0, "model__learning_rate": 0.3, "model__max_depth": 8.0, "model__n_estimators": 25.706605976596393, "model__reg_lambda": 10.0}, "datetime": {"datetime": "2021-03-27 13:39:02", "elapsed": 95.69498, "delta": 2.133521}}
{"target": -1.3466995055355349, "params": {"model__colsample_bylevel": 0.9563716980013166, "model__colsample_bynode": 0.3031818878305552, "model__colsample_bytree": 0.6678029176800967, "model__learning_rate": 0.2952610827319223, "model__max_depth": 6.7568801134795144, "model__n_estimators": 29.978073027560853, "model__reg_lambda": 4.8259664186072495}, "datetime": {"datetime": "2021-03-27 13:39:04", "elapsed": 97.487532, "delta": 1.792552}}
{"target": -1.4492588524369225, "params": {"model__colsample_bylevel": 0.3, "model__colsample_bynode": 1.0, "model__colsample_bytree": 1.0, "model__learning_rate": 0.3, "model__max_depth": 2.0, "model__n_estimators": 22.06411083254909, "model__reg_lambda": 6.116613361296621}, "datetime": {"datetime": "2021-03-27 13:39:06", "elapsed": 99.170078, "delta": 1.682546}}
{"target": -1.428104150408636, "params": {"model__colsample_bylevel": 1.0, "model__colsample_bynode": 0.3, "model__colsample_bytree": 1.0, "model__learning_rate": 0.3, "model__max_depth": 3.619851424519203, "model__n_estimators": 20.8190505728392, "model__reg_lambda": 1.7718309998244572}, "datetime": {"datetime": "2021-03-27 13:39:07", "elapsed": 100.652609, "delta": 1.482531}}
{"target": -1.449010317767228, "params": {"model__colsample_bylevel": 0.3, "model__colsample_bynode": 0.3, "model__colsample_bytree": 1.0, "model__learning_rate": 0.3, "model__max_depth": 8.0, "model__n_estimators": 18.960430884790778, "model__reg_lambda": 3.6314512399684684}, "datetime": {"datetime": "2021-03-27 13:39:09", "elapsed": 102.21658, "delta": 1.563971}}
{"target": -1.4946467493107354, "params": {"model__colsample_bylevel": 0.3, "model__colsample_bynode": 0.3, "model__colsample_bytree": 1.0, "model__learning_rate": 0.3, "model__max_depth": 3.4431350903745233, "model__n_estimators": 22.430122695674825, "model__reg_lambda": 6.221786617387616}, "datetime": {"datetime": "2021-03-27 13:39:10", "elapsed": 103.734693, "delta": 1.518113}}
{"target": -1.3760850995455098, "params": {"model__colsample_bylevel": 1.0, "model__colsample_bynode": 0.3, "model__colsample_bytree": 1.0, "model__learning_rate": 0.3, "model__max_depth": 6.3572796451825555, "model__n_estimators": 25.850674753057703, "model__reg_lambda": 5.814823480512248}, "datetime": {"datetime": "2021-03-27 13:39:12", "elapsed": 105.409665, "delta": 1.674972}}
{"target": -1.5087661829763563, "params": {"model__colsample_bylevel": 0.3, "model__colsample_bynode": 0.3, "model__colsample_bytree": 1.0, "model__learning_rate": 0.3, "model__max_depth": 2.0, "model__n_estimators": 30.0, "model__reg_lambda": 8.277811665042101}, "datetime": {"datetime": "2021-03-27 13:39:14", "elapsed": 107.203241, "delta": 1.793576}}
{"target": -1.722842829512513, "params": {"model__colsample_bylevel": 1.0, "model__colsample_bynode": 0.3, "model__colsample_bytree": 0.3, "model__learning_rate": 0.1, "model__max_depth": 8.0, "model__n_estimators": 30.0, "model__reg_lambda": 10.0}, "datetime": {"datetime": "2021-03-27 13:39:15", "elapsed": 108.607144, "delta": 1.403903}}
{"target": -1.3689788238428857, "params": {"model__colsample_bylevel": 0.3, "model__colsample_bynode": 1.0, "model__colsample_bytree": 1.0, "model__learning_rate": 0.3, "model__max_depth": 8.0, "model__n_estimators": 28.125129469348394, "model__reg_lambda": 9.123283438377968}, "datetime": {"datetime": "2021-03-27 13:39:17", "elapsed": 110.796994, "delta": 2.18985}}
