{"target": -1.5132880686957768, "params": {"model__colsample_bylevel": 1.0, "model__colsample_bynode": 1.0, "model__colsample_bytree": 1.0, "model__learning_rate": 0.3, "model__max_depth": 8.0, "model__n_estimators": 18.74527603821941, "model__reg_lambda": 0.7759222556746203}, "datetime": {"datetime": "2021-03-27 13:39:19", "elapsed": 112.592537, "delta": 1.795543}}
{"target": -1.4583811625190404, "params": {"model__colsample_bylevel": 1.0, "model__colsample_bynode": 1.0, "model__colsample_bytree": 1.0, "model__learning_rate": 0.3, "model__max_depth": 2.0, "model__n_estimators": 28.103599285794335, "model__reg_lambda": 10.0}, "datetime": {"datetime": "2021-03-27 13:39:21", "elapsed": 113.999211, "delta": 1.406674}}
{"target": -1.4698926722387904, "params": {"model__colsample_bylevel": 1.0, "model__colsample_bynode": 1.0, "model__colsample_bytree": 0.3, "model__learning_rate": 0.3, "model__max_depth": 2.0, "model__n_estimators": 22.41731325178235, "model__reg_lambda": 7.822925846875459}, "datetime": {"datetime": "2021-03-27 13:39:22", "elapsed": 115.705059, "delta": 1.705848}}
{"target": -1.4213921336781072, "params": {"model__colsample_bylevel": 0.3, "model__colsample_bynode": 0.3, "model__colsample_bytree": 1.0, "model__learning_rate": 0.3, "model__max_depth": 7.243705278196554, "model__n_estimators": 30.0, "model__reg_lambda": 6.721298332233822}, "datetime": {"datetime": "2021-03-27 13:39:24", "elapsed": 117.665194, "delta": 1.960135}}
{"target": -1.491211243394924, "params": {"model__colsample_bylevel": 1.0, "model__colsample_bynode": 1.0, "model__colsample_bytree": 1.0, "model__learning_rate": 0.3, "model__max_depth": 6.583718923757926, "model__n_estimators": 17.71989502430915, "model__reg_lambda": 10.0}, "datetime": {"datetime": "2021-03-27 13:39:26", "elapsed": 119.562232, "delta": 1.897038}}
{"target": -1.4514173864184514, "params": {"model__colsample_bylevel": 1.0, "model__colsample_bynode": 1.0, "model__colsample_bytree": 1.0, "model__learning_rate": 0.3, "model__max_depth": 5.23256497145887, "model__n_estimators": 23.654322071894608, "model__reg_lambda": 7.6976477067686675}, "datetime": {"datetime": "2021-03-27 13:39:28", "elapsed": 121.462376, "delta": 1.900144}}
{"target": -1.4402449453924446, "params": {"model__colsample_bylevel": 1.0, "model__colsample_bynode": 1.0, "model__colsample_bytree": 1.0, "model__learning_rate": 0.3, "model__max_depth": 2.0, "model__n_estimators": 22.633900380330036, "model__reg_lambda": 0.0}, "datetime": {"datetime": "2021-03-27 13:39:30", "elapsed": 123.290041, "delta": 1.827665}}
{"target": -1.399075377314095, "params": {"model__colsample_bylevel": 0.3, "model__colsample_bynode": 1.0, "model__colsample_bytree": 1.0, "model__learning_rate": 0.3, "model__max_depth": 6.12657424419141, "model__n_estimators": 21.180736310404313, "model__reg_lambda": 10.0}, "datetime": {"datetime": "2021-03-27 13:39:31", "elapsed": 124.840696, "delta": 1.550655}}
{"target": -1.458023179595973, "params": {"model__colsample_bylevel": 0.3, "model__colsample_bynode": 1.0, "model__colsample_bytree": 1.0, "model__learning_rate": 0.3, "model__max_depth": 4.6547882787993, "model__n_estimators": 19.70357984932504, "model__reg_lambda": 0.0}, "datetime": {"datetime": "2021-03-27 13:39:33", "elapsed": 126.685932, "delta": 1.845236}}
{"target": -1.4363589811530235, "params": {"model__colsample_bylevel": 0.3, "model__colsample_bynode": 1.0, "model__colsample_bytree": 0.3, "model__learning_rate": 0.3, "model__max_depth": 5.904682652971547, "model__n_estimators": 30.0, "model__reg_lambda": 4.407083869845898}, "datetime": {"datetime": "2021-03-27 13:39:35", "elapsed": 128.247098, "delta": 1.561166}}
{"target": -1.3588973817644994, "params": {"model__colsample_bylevel": 1.0, "model__colsample_bynode": 0.3, "model__colsample_bytree": 1.0, "model__learning_rate": 0.3, "model__max_depth": 4.8147484572380215, "model__n_estimators": 30.0, "model__reg_lambda": 6.605768783159839}, "datetime": {"datetime": "2021-03-27 13:39:36", "elapsed": 129.839306, "delta": 1.592208}}
{"target": -1.3805976124750314, "params": {"model__colsample_bylevel": 0.3, "model__colsample_bynode": 1.0, "model__colsample_bytree": 1.0, "model__learning_rate": 0.3, "model__max_depth": 8.0, "model__n_estimators": 22.867686647625256, "model__reg_lambda": 3.256413887478931}, "datetime": {"datetime": "2021-03-27 13:39:38", "elapsed": 131.720597, "delta": 1.881291}}
{"target": -1.3724142455833328, "params": {"model__colsample_bylevel": 1.0, "model__colsample_bynode": 0.3, "model__colsample_bytree": 1.0, "model__learning_rate": 0.3, "model__max_depth": 8.0, "model__n_estimators": 28.454972195163755, "model__reg_lambda": 4.213602632919573}, "datetime": {"datetime": "2021-03-27 13:39:40", "elapsed": 133.529849, "delta": 1.809252}}
{"target": -1.4737165585507814, "params": {"model__colsample_bylevel": 1.0, "model__colsample_bynode": 0.3, "model__colsample_bytree": 1.0, "model__learning_rate": 0.3, "model__max_depth": 5.076613675713694, "model__n_estimators": 25.506630104907064, "model__reg_lambda": 0.0}, "datetime": {"datetime": "2021-03-27 13:39:42", "elapsed": 135.429889, "delta": 1.90004}}
{"target": -1.4695952662975407, "params": {"model__colsample_bylevel": 1.0, "model__colsample_bynode": 1.0, "model__colsample_bytree": 1.0, "model__learning_rate": 0.3, "model__max_depth": 5.761086130846314, "model__n_estimators": 22.981615279570608, "model__reg_lambda": 2.2103966703308084}, "datetime": {"datetime": "2021-03-27 13:39:44", "elapsed": 137.504924, "delta": 2.075035}}
{"target": -1.438837939635783, "params": {"model__colsample_bylevel": 1.0, "model__colsample_bynode": 1.0, "model__colsample_bytree": 0.3, "model__learning_rate": 0.3, "model__max_depth": 7.444333206165243, "model__n_estimators": 26.597250631079653, "model__reg_lambda": 10.0}, "datetime": {"datetime": "2021-03-27 13:39:45", "elapsed": 138.880212, "delta": 1.375288}}
{"target": -1.3677824957012807, "params": {"model__colsample_bylevel": 0.3, "model__colsample_bynode": 0.3, "model__colsample_bytree": 1.0, "model__learning_rate": 0.3, "model__max_depth": 8.0, "model__n_estimators": 22.745624146138255, "model__reg_lambda": 0.0}, "datetime": {"datetime": "2021-03-27 13:39:47", "elapsed": 140.577458, "delta": 1.697246}}
{"target": -1.3709719245497516, "params": {"model__colsample_bylevel": 0.3, "model__colsample_bynode": 0.3, "model__colsample_bytree": 1.0, "model__learning_rate": 0.3, "model__max_depth": 8.0, "model__n_estimators": 23.07097714437308, "model__reg_lambda": 2.025885614882036}, "datetime": {"datetime": "2021-03-27 13:39:49", "elapsed": 142.214588, "delta": 1.63713}}
{"target": -1.5073108239612287, "params": {"model__colsample_bylevel": 0.3, "model__colsample_bynode": 1.0, "model__colsample_bytree": 0.3, "model__learning_rate": 0.3, "model__max_depth": 8.0, "model__n_estimators": 21.09394704804841, "model__reg_lambda": 3.449186623274615}, "datetime": {"datetime": "2021-03-27 13:39:50", "elapsed": 143.834581, "delta": 1.619993}}
{"target": -1.455214234565695, "params": {"model__colsample_bylevel": 1.0, "model__colsample_bynode": 0.3, "model__colsample_bytree": 0.3, "model__learning_rate": 0.3, "model__max_depth": 6.487949144750766, "model__n_estimators": 28.206695985823835, "model__reg_lambda": 5.200895267086956}, "datetime": {"datetime": "2021-03-27 13:39:53", "elapsed": 145.926823, "delta": 2.092242}}
{"target": -1.534108193234905, "params": {"model__colsample_bylevel": 0.3, "model__colsample_bynode": 0.3, "model__colsample_bytree": 0.3, "model__learning_rate": 0.3, "model__max_depth": 3.5267612688114, "model__n_estimators": 20.895124971233997, "model__reg_lambda": 0.0}, "datetime": {"datetime": "2021-03-27 13:39:54", "elapsed": 147.752086, "delta": 1.825263}}
{"target": -1.3649395050561948, "params": {"model__colsample_bylevel": 1.0, "model__colsample_bynode": 0.3, "model__colsample_bytree": 1.0, "model__learning_rate": 0.3, "model__max_depth": 8.0, "model__n_estimators": 26.588715496871203, "model__reg_lambda": 8.136424958120752}, "datetime": {"datetime": "2021-03-27 13:39:56", "elapsed": 149.618392, "delta": 1.866306}}
{"target": -1.4682918608242619, "params": {"model__colsample_bylevel": 1.0, "model__colsample_bynode": 1.0, "model__colsample_bytree": 1.0, "model__learning_rate": 0.3, "model__max_depth": 5.151263771383925, "model__n_estimators": 20.916418381685393, "model__reg_lambda": 8.330134963588545}, "datetime": {"datetime": "2021-03-27 13:39:58", "elapsed": 151.293954, "delta": 1.675562}}
{"target": -1.446281757713228, "params": {"model__colsample_bylevel": 1.0, "model__colsample_bynode": 1.0, "model__colsample_bytree": 1.0, "model__learning_rate": 0.3, "model__max_depth": 7.174868594081172, "model__n_estimators": 30.0, "model__reg_lambda": 3.7706870412451523}, "datetime": {"datetime": "2021-03-27 13:40:00", "elapsed": 153.346574, "delta": 2.05262}}
{"target": -1.530203274237937, "params": {"model__colsample_bylevel": 0.3, "model__colsample_bynode": 1.0, "model__colsample_bytree": 0.3, "model__learning_rate": 0.3, "model__max_depth": 4.558309596889411, "model__n_estimators": 23.14664051777695, "model__reg_lambda": 10.0}, "datetime": {"datetime": "2021-03-27 13:40:02", "elapsed": 155.064845, "delta": 1.718271}}
{"target": -1.4537563419698372, "params": {"model__colsample_bylevel": 1.0, "model__colsample_bynode": 1.0, "model__colsample_bytree": 1.0, "model__learning_rate": 0.3, "model__max_depth": 6.035012720298549, "model__n_estimators": 28.436962000541122, "model__reg_lambda": 8.71190109528655}, "datetime": {"datetime": "2021-03-27 13:40:04", "elapsed": 157.071363, "delta": 2.006518}}
{"target": -1.4239125708253055, "params": {"model__colsample_bylevel": 0.3, "model__colsample_bynode": 0.3, "model__colsample_bytree": 1.0, "model__learning_rate": 0.3, "model__max_depth": 5.966370422739859, "model__n_estimators": 17.38055701131452, "model__reg_lambda": 1.4505307919658466}, "datetime": {"datetime": "2021-03-27 13:40:05", "elapsed": 158.886512, "delta": 1.815149}}
{"target": -1.3648453341985958, "params": {"model__colsample_bylevel": 0.3, "model__colsample_bynode": 0.3, "model__colsample_bytree": 1.0, "model__learning_rate": 0.3, "model__max_depth": 6.33226497066111, "model__n_estimators": 20.6885178299896, "model__reg_lambda": 1.1141151879579603}, "datetime": {"datetime": "2021-03-27 13:40:07", "elapsed": 160.786805, "delta": 1.900293}}
{"target": -1.447130871909684, "params": {"model__colsample_bylevel": 0.3, "model__colsample_bynode": 0.3, "model__colsample_bytree": 1.0, "model__learning_rate": 0.3, "model__max_depth": 6.598507938421414, "model__n_estimators": 22.190141158349217, "model__reg_lambda": 5.37020766682166}, "datetime": {"datetime": "2021-03-27 13:40:09", "elapsed": 162.51711, "delta": 1.730305}}
{"target": -1.3603789449662673, "params": {"model__colsample_bylevel": 0.3, "model__colsample_bynode": 1.0, "model__colsample_bytree": 1.0, "model__learning_rate": 0.3, "model__max_depth": 2.9888025373779716, "model__n_estimators": 24.839621430419975, "model__reg_lambda": 1.773008780032144}, "datetime": {"datetime": "2021-03-27 13:40:11", "elapsed": 164.548245, "delta": 2.031135}}
{"target": -1.392008562342844, "params": {"model__colsample_bylevel": 1.0, "model__colsample_bynode": 0.3, "model__colsample_bytree": 1.0, "model__learning_rate": 0.3, "model__max_depth": 2.0, "model__n_estimators": 30.0, "model__reg_lambda": 4.937750676023936}, "datetime": {"datetime": "2021-03-27 13:40:13", "elapsed": 166.209745, "delta": 1.6615}}
{"target": -1.4468652007696423, "params": {"model__colsample_bylevel": 0.3, "model__colsample_bynode": 0.3, "model__colsample_bytree": 1.0, "model__learning_rate": 0.3, "model__max_depth": 2.0, "model__n_estimators": 24.877447934978658, "model__reg_lambda": 1.0182960401685417}, "datetime": {"datetime": "2021-03-27 13:40:15", "elapsed": 168.145676, "delta": 1.935931}}
{"target": -1.4912608205354299, "params": {"model__colsample_bylevel": 0.3, "model__colsample_bynode": 0.3, "model__colsample_bytree": 1.0, "model__learning_rate": 0.1, "model__max_depth": 4.7512499547812865, "model__n_estimators": 29.786002196332678, "model__reg_lambda": 0.295474725597069}, "datetime": {"datetime": "2021-03-27 13:40:17", "elapsed": 170.089401, "delta": 1.943725}}
{"target": -1.447432544422201, "params": {"model__colsample_bylevel": 1.0, "model__colsample_bynode": 0.3, "model__colsample_bytree": 1.0, "model__learning_rate": 0.3, "model__max_depth": 8.0, "model__n_estimators": 27.72128286650814, "model__reg_lambda": 0.0}, "datetime": {"datetime": "2021-03-27 13:40:18", "elapsed": 171.752176, "delta": 1.662775}}
{"target": -1.4926230964075393, "params": {"model__colsample_bylevel": 1.0, "model__colsample_bynode": 1.0, "model__colsample_bytree": 1.0, "model__learning_rate": 0.3, "model__max_depth": 8.0, "model__n_estimators": 15.0, "model__reg_lambda": 4.256390305342636}, "datetime": {"datetime": "2021-03-27 13:40:20", "elapsed": 173.198913, "delta": 1.446737}}
{"target": -1.3601307885181428, "params": {"model__colsample_bylevel": 0.3, "model__colsample_bynode": 0.3, "model__colsample_bytree": 1.0, "model__learning_rate": 0.3, "model__max_depth": 4.507188834895433, "model__n_estimators": 23.611917463890084, "model__reg_lambda": 1.333711060353595}, "datetime": {"datetime": "2021-03-27 13:40:22", "elapsed": 175.37837, "delta": 2.179457}}
{"target": -1.6259769510423792, "params": {"model__colsample_bylevel": 1.0, "model__colsample_bynode": 1.0, "model__colsample_bytree": 1.0, "model__learning_rate": 0.1, "model__max_depth": 8.0, "model__n_estimators": 15.0, "model__reg_lambda": 1.5232445373575467}, "datetime": {"datetime": "2021-03-27 13:40:24", "elapsed": 177.495846, "delta": 2.117476}}
{"target": -1.5614336083602647, "params": {"model__colsample_bylevel": 0.3, "model__colsample_bynode": 0.3, "model__colsample_bytree": 0.3, "model__learning_rate": 0.3, "model__max_depth": 8.0, "model__n_estimators": 15.0, "model__reg_lambda": 0.0}, "datetime": {"datetime": "2021-03-27 13:40:26", "elapsed": 179.016342, "delta": 1.520496}}
{"target": -1.5455285447663156, "params": {"model__colsample_bylevel": 0.3, "model__colsample_bynode": 0.3, "model__colsample_bytree": 1.0, "model__learning_rate": 0.3, "model__max_depth": 4.186022101517606, "model__n_estimators": 15.0, "model__reg_lambda": 3.794427807982466}, "datetime": {"datetime": "2021-03-27 13:40:28", "elapsed": 180.904143, "delta": 1.887801}}
{"target": -1.466119485715593, "params": {"model__colsample_bylevel": 1.0, "model__colsample_bynode": 0.3, "model__colsample_bytree": 1.0, "model__learning_rate": 0.3, "model__max_depth": 2.0, "model__n_estimators": 17.393471079432423, "model__reg_lambda": 1.9640923543050135}, "datetime": {"datetime": "2021-03-27 13:40:29", "elapsed": 182.671778, "delta": 1.767635}}
{"target": -1.403199472380937, "params": {"model__colsample_bylevel": 1.0, "model__colsample_bynode": 0.3, "model__colsample_bytree": 1.0, "model__learning_rate": 0.3, "model__max_depth": 4.938777522270163, "model__n_estimators": 18.34604852213555, "model__reg_lambda": 5.9758741281795755}, "datetime": {"datetime": "2021-03-27 13:40:31", "elapsed": 184.728366, "delta": 2.056588}}
{"target": -1.4329819894112321, "params": {"model__colsample_bylevel": 0.3, "model__colsample_bynode": 0.3, "model__colsample_bytree": 1.0, "model__learning_rate": 0.3, "model__max_depth": 3.487953550709813, "model__n_estimators": 28.723238749624965, "model__reg_lambda": 4.2915204056608935}, "datetime": {"datetime": "2021-03-27 13:40:33", "elapsed": 186.212725, "delta": 1.484359}}
{"target": -1.5932735242489455, "params": {"model__colsample_bylevel": 0.3, "model__colsample_bynode": 0.3, "model__colsample_bytree": 1.0, "model__learning_rate": 0.3, "model__max_depth": 8.0, "model__n_estimators": 15.0, "model__reg_lambda": 10.0}, "datetime": {"datetime": "2021-03-27 13:40:34", "elapsed": 187.775573, "delta": 1.562848}}
{"target": -1.5047171187924517, "params": {"model__colsample_bylevel": 1.0, "model__colsample_bynode": 1.0, "model__colsample_bytree": 1.0, "model__learning_rate": 0.3, "model__max_depth": 4.019619094501214, "model__n_estimators": 15.0, "model__reg_lambda": 0.0}, "datetime": {"datetime": "2021-03-27 13:40:36", "elapsed": 189.584207, "delta": 1.808634}}
{"target": -1.4477460501553572, "params": {"model__colsample_bylevel": 0.3, "model__colsample_bynode": 0.3, "model__colsample_bytree": 1.0, "model__learning_rate": 0.3, "model__max_depth": 5.2135506169902675, "model__n_estimators": 30.0, "model__reg_lambda": 8.765326378926197}, "datetime": {"datetime": "2021-03-27 13:40:38", "elapsed": 191.197012, "delta": 1.612805}}
{"target": -1.548574454240177, "params": {"model__colsample_bylevel": 1.0, "model__colsample_bynode": 1.0, "model__colsample_bytree": 0.3, "model__learning_rate": 0.3, "model__max_depth": 4.163782714273958, "model__n_estimators": 15.0, "model__reg_lambda": 10.0}, "datetime": {"datetime": "2021-03-27 13:40:40", "elapsed": 193.023815, "delta": 1.826803}}
{"target": -1.4146348150474006, "params": {"model__colsample_bylevel": 0.3, "model__colsample_bynode": 0.3, "model__colsample_bytree": 1.0, "model__learning_rate": 0.3, "model__max_depth": 8.0, "model__n_estimators": 16.807682520331948, "model__reg_lambda": 0.0}, "datetime": {"datetime": "2021-03-27 13:40:41", "elapsed": 194.580404, "delta": 1.556589}}
{"target": -1.4728647188728918, "params": {"model__colsample_bylevel": 1.0, "model__colsample_bynode": 1.0, "model__colsample_bytree": 1.0, "model__learning_rate": 0.3, "model__max_depth": 4.691610019961485, "model__n_estimators": 27.60274219687435, "model__reg_lambda": 3.6813906955107427}, "datetime": {"datetime": "2021-03-27 13:40:43", "elapsed": 196.490533, "delta": 1.910129}}
{"target": -1.475763539219464, "params": {"model__colsample_bylevel": 0.3, "model__colsample_bynode": 1.0, "model__colsample_bytree": 0.3, "model__learning_rate": 0.3, "model__max_depth": 6.604578292845346, "model__n_estimators": 26.119942124041017, "model__reg_lambda": 6.922841701619761}, "datetime": {"datetime": "2021-03-27 13:40:45", "elapsed": 198.193362, "delta": 1.702829}}
{"target": -1.570178332263806, "params": {"model__colsample_bylevel": 1.0, "model__colsample_bynode": 1.0, "model__colsample_bytree": 1.0, "model__learning_rate": 0.3, "model__max_depth": 8.0, "model__n_estimators": 30.0, "model__reg_lambda": 0.0}, "datetime": {"datetime": "2021-03-27 13:40:47", "elapsed": 200.233803, "delta": 2.040441}}
{"target": -1.6116409350024619, "params": {"model__colsample_bylevel": 1.0, "model__colsample_bynode": 0.3, "model__colsample_bytree": 0.3, "model__learning_rate": 0.3, "model__max_depth": 6.218563088231794, "model__n_estimators": 15.0, "model__reg_lambda": 5.631378448129108}, "datetime": {"datetime": "2021-03-27 13:40:49", "elapsed": 202.301922, "delta": 2.068119}}
{"target": -1.40022089926229, "params": {"model__colsample_bylevel": 0.3, "model__colsample_bynode": 1.0, "model__colsample_bytree": 1.0, "model__learning_rate": 0.3, "model__max_depth": 8.0, "model__n_estimators": 16.513181186896915, "model__reg_lambda": 3.537904795485813}, "datetime": {"datetime": "2021-03-27 13:40:51", "elapsed": 204.088324, "delta": 1.786402}}
{"target": -1.451076662907566, "params": {"model__colsample_bylevel": 1.0, "model__colsample_bynode": 1.0, "model__colsample_bytree": 1.0, "model__learning_rate": 0.3, "model__max_depth": 2.0, "model__n_estimators": 25.866985890773567, "model__reg_lambda": 6.806795441015067}, "datetime": {"datetime": "2021-03-27 13:40:53", "elapsed": 205.973903, "delta": 1.885579}}
{"target": -1.3976107488865492, "params": {"model__colsample_bylevel": 0.3, "model__colsample_bynode": 1.0, "model__colsample_bytree": 1.0, "model__learning_rate": 0.3, "model__max_depth": 8.0, "model__n_estimators": 24.581598003695458, "model__reg_lambda": 1.232297488608673}, "datetime": {"datetime": "2021-03-27 13:40:55", "elapsed": 207.933476, "delta": 1.959573}}
{"target": -1.3740029795743203, "params": {"model__colsample_bylevel": 1.0, "model__colsample_bynode": 0.3, "model__colsample_bytree": 1.0, "model__learning_rate": 0.3, "model__max_depth": 8.0, "model__n_estimators": 26.43177662451049, "model__reg_lambda": 1.5439351181399983}, "datetime": {"datetime": "2021-03-27 13:40:57", "elapsed": 210.017921, "delta": 2.084445}}
{"target": -1.4975570572135242, "params": {"model__colsample_bylevel": 0.3, "model__colsample_bynode": 0.3, "model__colsample_bytree": 1.0, "model__learning_rate": 0.3, "model__max_depth": 8.0, "model__n_estimators": 22.175991529022426, "model__reg_lambda": 10.0}, "datetime": {"datetime": "2021-03-27 13:40:59", "elapsed": 212.200193, "delta": 2.182272}}
{"target": -1.4750694258246517, "params": {"model__colsample_bylevel": 1.0, "model__colsample_bynode": 1.0, "model__colsample_bytree": 1.0, "model__learning_rate": 0.3, "model__max_depth": 5.03536676753173, "model__n_estimators": 17.246204481929247, "model__reg_lambda": 6.2530869864523995}, "datetime": {"datetime": "2021-03-27 13:41:01", "elapsed": 214.52447, "delta": 2.324277}}
{"target": -1.5267986966539984, "params": {"model__colsample_bylevel": 1.0, "model__colsample_bynode": 1.0, "model__colsample_bytree": 1.0, "model__learning_rate": 0.3, "model__max_depth": 2.0, "model__n_estimators": 15.0, "model__reg_lambda": 6.675926620837194}, "datetime": {"datetime": "2021-03-27 13:41:03", "elapsed": 216.389368, "delta": 1.864898}}
{"target": -1.4603509796702343, "params": {"model__colsample_bylevel": 1.0, "model__colsample_bynode": 1.0, "model__colsample_bytree": 1.0, "model__learning_rate": 0.3, "model__max_depth": 2.0, "model__n_estimators": 23.222122024370876, "model__reg_lambda": 4.936092972245213}, "datetime": {"datetime": "2021-03-27 13:41:05", "elapsed": 218.551629, "delta": 2.162261}}
