{"target": -1.4333080738728892, "params": {"model__colsample_bylevel": 0.999999998183932, "model__colsample_bynode": 0.3, "model__colsample_bytree": 0.35861461681034956, "model__learning_rate": 0.3, "model__max_depth": 4.0, "model__n_estimators": 29.0, "model__reg_lambda": 2.597475972619512}, "datetime": {"datetime": "2021-03-27 13:37:27", "elapsed": 0.0, "delta": 0.0}}
{"target": -1.4466265199948913, "params": {"model__colsample_bylevel": 0.3, "model__colsample_bynode": 1.0, "model__colsample_bytree": 0.3, "model__learning_rate": 0.3, "model__max_depth": 5.0, "model__n_estimators": 28.0, "model__reg_lambda": 2.445978412994987}, "datetime": {"datetime": "2021-03-27 13:37:27", "elapsed": 0.108362, "delta": 0.108362}}
{"target": -1.3660804017838362, "params": {"model__colsample_bylevel": 0.6310644289849315, "model__colsample_bynode": 0.3, "model__colsample_bytree": 1.0, "model__learning_rate": 0.3, "model__max_depth": 4.0, "model__n_estimators": 29.0, "model__reg_lambda": 8.127083395450825}, "datetime": {"datetime": "2021-03-27 13:37:27", "elapsed": 0.233822, "delta": 0.12546}}
{"target": -1.3958135309966577, "params": {"model__colsample_bylevel": 0.3, "model__colsample_bynode": 1.0, "model__colsample_bytree": 1.0, "model__learning_rate": 0.3, "model__max_depth": 2.0, "model__n_estimators": 26.0, "model__reg_lambda": 0.0}, "datetime": {"datetime": "2021-03-27 13:37:27", "elapsed": 0.336, "delta": 0.102178}}
{"target": -1.3958135309966577, "params": {"model__colsample_bylevel": 0.3, "model__colsample_bynode": 1.0, "model__colsample_bytree": 1.0, "model__learning_rate": 0.3, "model__max_depth": 2.0, "model__n_estimators": 26.0, "model__reg_lambda": 0.0}, "datetime": {"datetime": "2021-03-27 13:37:27", "elapsed": 0.336285, "delta": 0.000285}}
{"target": -1.3882559086290607, "params": {"model__colsample_bylevel": 1.0, "model__colsample_bynode": 0.3, "model__colsample_bytree": 1.0, "model__learning_rate": 0.3, "model__max_depth": 2.0, "model__n_estimators": 30.0, "model__reg_lambda": 1.64551885384336}, "datetime": {"datetime": "2021-03-27 13:37:27", "elapsed": 0.445865, "delta": 0.10958}}
{"target": -1.4332325212522479, "params": {"model__colsample_bylevel": 1.0, "model__colsample_bynode": 0.7230456488597604, "model__colsample_bytree": 0.3, "model__learning_rate": 0.3, "model__max_depth": 7.0, "model__n_estimators": 25.0, "model__reg_lambda": 3.0652730075320616}, "datetime": {"datetime": "2021-03-27 13:37:27", "elapsed": 0.578667, "delta": 0.132802}}
{"target": -1.4115861034331223, "params": {"model__colsample_bylevel": 1.0, "model__colsample_bynode": 1.0, "model__colsample_bytree": 0.3, "model__learning_rate": 0.3, "model__max_depth": 2.0, "model__n_estimators": 30.0, "model__reg_lambda": 0.0}, "datetime": {"datetime": "2021-03-27 13:37:27", "elapsed": 0.689154, "delta": 0.110487}}
{"target": -1.4115861034331223, "params": {"model__colsample_bylevel": 1.0, "model__colsample_bynode": 1.0, "model__colsample_bytree": 0.3, "model__learning_rate": 0.3, "model__max_depth": 2.0, "model__n_estimators": 30.0, "model__reg_lambda": 0.0}, "datetime": {"datetime": "2021-03-27 13:37:27", "elapsed": 0.689505, "delta": 0.000351}}
{"target": -1.472153768448186, "params": {"model__colsample_bylevel": 1.0, "model__colsample_bynode": 0.3, "model__colsample_bytree": 0.3, "model__learning_rate": 0.3, "model__max_depth": 6.0, "model__n_estimators": 29.0, "model__reg_lambda": 0.0}, "datetime": {"datetime": "2021-03-27 13:37:27", "elapsed": 0.8118, "delta": 0.122295}}
{"target": -1.5073638135756269, "params": {"model__colsample_bylevel": 0.3, "model__colsample_bynode": 1.0, "model__colsample_bytree": 0.3, "model__learning_rate": 0.3, "model__max_depth": 3.0, "model__n_estimators": 27.0, "model__reg_lambda": 0.0}, "datetime": {"datetime": "2021-03-27 13:37:28", "elapsed": 0.901808, "delta": 0.090008}}
{"target": -1.4291193429920552, "params": {"model__colsample_bylevel": 0.9005692246328567, "model__colsample_bynode": 0.3309131925319467, "model__colsample_bytree": 0.40116326893941884, "model__learning_rate": 0.2742604998626539, "model__max_depth": 3.0, "model__n_estimators": 30.0, "model__reg_lambda": 0.6535690177676157}, "datetime": {"datetime": "2021-03-27 13:37:28", "elapsed": 1.008339, "delta": 0.106531}}
{"target": -1.4291193429920552, "params": {"model__colsample_bylevel": 0.9005692246328567, "model__colsample_bynode": 0.3309131925319467, "model__colsample_bytree": 0.40116326893941884, "model__learning_rate": 0.2742604998626539, "model__max_depth": 3.0, "model__n_estimators": 30.0, "model__reg_lambda": 0.6535690177676157}, "datetime": {"datetime": "2021-03-27 13:37:28", "elapsed": 1.00867, "delta": 0.000331}}
{"target": -1.4291193429920552, "params": {"model__colsample_bylevel": 0.9005692246328567, "model__colsample_bynode": 0.3309131925319467, "model__colsample_bytree": 0.40116326893941884, "model__learning_rate": 0.2742604998626539, "model__max_depth": 3.0, "model__n_estimators": 30.0, "model__reg_lambda": 0.6535690177676157}, "datetime": {"datetime": "2021-03-27 13:37:28", "elapsed": 1.008866, "delta": 0.000196}}
{"target": -1.4291193429920552, "params": {"model__colsample_bylevel": 0.9005692246328567, "model__colsample_bynode": 0.3309131925319467, "model__colsample_bytree": 0.40116326893941884, "model__learning_rate": 0.2742604998626539, "model__max_depth": 3.0, "model__n_estimators": 30.0, "model__reg_lambda": 0.6535690177676157}, "datetime": {"datetime": "2021-03-27 13:37:28", "elapsed": 1.00903, "delta": 0.000164}}
{"target": -1.4565647647351674, "params": {"model__colsample_bylevel": 0.3, "model__colsample_bynode": 1.0, "model__colsample_bytree": 0.3, "model__learning_rate": 0.3, "model__max_depth": 8.0, "model__n_estimators": 29.0, "model__reg_lambda": 2.809055168948987}, "datetime": {"datetime": "2021-03-27 13:37:28", "elapsed": 1.125243, "delta": 0.116213}}
{"target": -1.3962655249713123, "params": {"model__colsample_bylevel": 0.3, "model__colsample_bynode": 0.30000000000000004, "model__colsample_bytree": 1.0, "model__learning_rate": 0.3, "model__max_depth": 2.0, "model__n_estimators": 30.0, "model__reg_lambda": 0.0}, "datetime": {"datetime": "2021-03-27 13:37:28", "elapsed": 1.217283, "delta": 0.09204}}
{"target": -1.3717531919506365, "params": {"model__colsample_bylevel": 0.35528163046478134, "model__colsample_bynode": 0.4871789210833196, "model__colsample_bytree": 0.8234319661626395, "model__learning_rate": 0.29865280306489583, "model__max_depth": 3.0, "model__n_estimators": 29.0, "model__reg_lambda": 0.03421353007724948}, "datetime": {"datetime": "2021-03-27 13:37:28", "elapsed": 1.320904, "delta": 0.103621}}
{"target": -1.3717531919506365, "params": {"model__colsample_bylevel": 0.35528163046478134, "model__colsample_bynode": 0.4871789210833196, "model__colsample_bytree": 0.8234319661626395, "model__learning_rate": 0.29865280306489583, "model__max_depth": 3.0, "model__n_estimators": 29.0, "model__reg_lambda": 0.03421353007724948}, "datetime": {"datetime": "2021-03-27 13:37:28", "elapsed": 1.321216, "delta": 0.000312}}
{"target": -1.3717531919506365, "params": {"model__colsample_bylevel": 0.35528163046478134, "model__colsample_bynode": 0.4871789210833196, "model__colsample_bytree": 0.8234319661626395, "model__learning_rate": 0.29865280306489583, "model__max_depth": 3.0, "model__n_estimators": 29.0, "model__reg_lambda": 0.03421353007724948}, "datetime": {"datetime": "2021-03-27 13:37:28", "elapsed": 1.321402, "delta": 0.000186}}
{"target": -1.3717531919506365, "params": {"model__colsample_bylevel": 0.35528163046478134, "model__colsample_bynode": 0.4871789210833196, "model__colsample_bytree": 0.8234319661626395, "model__learning_rate": 0.29865280306489583, "model__max_depth": 3.0, "model__n_estimators": 29.0, "model__reg_lambda": 0.03421353007724948}, "datetime": {"datetime": "2021-03-27 13:37:28", "elapsed": 1.321576, "delta": 0.000174}}
{"target": -1.3717531919506365, "params": {"model__colsample_bylevel": 0.35528163046478134, "model__colsample_bynode": 0.4871789210833196, "model__colsample_bytree": 0.8234319661626395, "model__learning_rate": 0.29865280306489583, "model__max_depth": 3.0, "model__n_estimators": 29.0, "model__reg_lambda": 0.03421353007724948}, "datetime": {"datetime": "2021-03-27 13:37:28", "elapsed": 1.321751, "delta": 0.000175}}
{"target": -1.4235475201483654, "params": {"model__colsample_bylevel": 0.3, "model__colsample_bynode": 1.0, "model__colsample_bytree": 0.3, "model__learning_rate": 0.3, "model__max_depth": 4.0, "model__n_estimators": 30.0, "model__reg_lambda": 2.2070523787527936}, "datetime": {"datetime": "2021-03-27 13:37:28", "elapsed": 1.425761, "delta": 0.10401}}
{"target": -1.4235475201483654, "params": {"model__colsample_bylevel": 0.3, "model__colsample_bynode": 1.0, "model__colsample_bytree": 0.3, "model__learning_rate": 0.3, "model__max_depth": 4.0, "model__n_estimators": 30.0, "model__reg_lambda": 2.2070523787527936}, "datetime": {"datetime": "2021-03-27 13:37:28", "elapsed": 1.426085, "delta": 0.000324}}
{"target": -1.3842147737039603, "params": {"model__colsample_bylevel": 0.3, "model__colsample_bynode": 0.3, "model__colsample_bytree": 1.0, "model__learning_rate": 0.3, "model__max_depth": 3.0, "model__n_estimators": 30.0, "model__reg_lambda": 1.9215172858249447}, "datetime": {"datetime": "2021-03-27 13:37:28", "elapsed": 1.523955, "delta": 0.09787}}
{"target": -1.4668113670325365, "params": {"model__colsample_bylevel": 0.314259179296092, "model__colsample_bynode": 0.9600838180004998, "model__colsample_bytree": 0.3150193472292025, "model__learning_rate": 0.26148670352809134, "model__max_depth": 7.0, "model__n_estimators": 28.0, "model__reg_lambda": 2.143234346456425}, "datetime": {"datetime": "2021-03-27 13:37:28", "elapsed": 1.647546, "delta": 0.123591}}
{"target": -1.491934435479883, "params": {"model__colsample_bylevel": 0.3, "model__colsample_bynode": 1.0, "model__colsample_bytree": 0.3, "model__learning_rate": 0.3, "model__max_depth": 5.0, "model__n_estimators": 24.0, "model__reg_lambda": 0.0}, "datetime": {"datetime": "2021-03-27 13:37:28", "elapsed": 1.756016, "delta": 0.10847}}
{"target": -1.491934435479883, "params": {"model__colsample_bylevel": 0.3, "model__colsample_bynode": 1.0, "model__colsample_bytree": 0.3, "model__learning_rate": 0.3, "model__max_depth": 5.0, "model__n_estimators": 24.0, "model__reg_lambda": 0.0}, "datetime": {"datetime": "2021-03-27 13:37:28", "elapsed": 1.756365, "delta": 0.000349}}
{"target": -1.491934435479883, "params": {"model__colsample_bylevel": 0.3, "model__colsample_bynode": 1.0, "model__colsample_bytree": 0.3, "model__learning_rate": 0.3, "model__max_depth": 5.0, "model__n_estimators": 24.0, "model__reg_lambda": 0.0}, "datetime": {"datetime": "2021-03-27 13:37:28", "elapsed": 1.756604, "delta": 0.000239}}
{"target": -1.3660585059298447, "params": {"model__colsample_bylevel": 0.3, "model__colsample_bynode": 0.3, "model__colsample_bytree": 1.0, "model__learning_rate": 0.3, "model__max_depth": 3.0, "model__n_estimators": 25.0, "model__reg_lambda": 0.0}, "datetime": {"datetime": "2021-03-27 13:37:28", "elapsed": 1.847293, "delta": 0.090689}}
{"target": -1.3997907539937593, "params": {"model__colsample_bylevel": 1.0, "model__colsample_bynode": 0.3, "model__colsample_bytree": 0.45391775758533404, "model__learning_rate": 0.3, "model__max_depth": 2.0, "model__n_estimators": 30.0, "model__reg_lambda": 0.0}, "datetime": {"datetime": "2021-03-27 13:37:29", "elapsed": 1.948478, "delta": 0.101185}}
{"target": -1.3700842545178813, "params": {"model__colsample_bylevel": 0.3, "model__colsample_bynode": 0.3, "model__colsample_bytree": 1.0, "model__learning_rate": 0.3, "model__max_depth": 7.0, "model__n_estimators": 30.0, "model__reg_lambda": 0.0}, "datetime": {"datetime": "2021-03-27 13:37:29", "elapsed": 2.064958, "delta": 0.11648}}
{"target": -1.5345973523090717, "params": {"model__colsample_bylevel": 0.3418012586536409, "model__colsample_bynode": 0.8604970814541173, "model__colsample_bytree": 0.41062645052323987, "model__learning_rate": 0.2975596014205977, "model__max_depth": 3.0, "model__n_estimators": 30.0, "model__reg_lambda": 1.412086944267038}, "datetime": {"datetime": "2021-03-27 13:37:29", "elapsed": 2.162809, "delta": 0.097851}}
{"target": -1.5345973523090717, "params": {"model__colsample_bylevel": 0.3418012586536409, "model__colsample_bynode": 0.8604970814541173, "model__colsample_bytree": 0.41062645052323987, "model__learning_rate": 0.2975596014205977, "model__max_depth": 3.0, "model__n_estimators": 30.0, "model__reg_lambda": 1.412086944267038}, "datetime": {"datetime": "2021-03-27 13:37:29", "elapsed": 2.163142, "delta": 0.000333}}
{"target": -1.5345973523090717, "params": {"model__colsample_bylevel": 0.3418012586536409, "model__colsample_bynode": 0.8604970814541173, "model__colsample_bytree": 0.41062645052323987, "model__learning_rate": 0.2975596014205977, "model__max_depth": 3.0, "model__n_estimators": 30.0, "model__reg_lambda": 1.412086944267038}, "datetime": {"datetime": "2021-03-27 13:37:29", "elapsed": 2.163382, "delta": 0.00024}}
{"target": -1.5345973523090717, "params": {"model__colsample_bylevel": 0.3418012586536409, "model__colsample_bynode": 0.8604970814541173, "model__colsample_bytree": 0.41062645052323987, "model__learning_rate": 0.2975596014205977, "model__max_depth": 3.0, "model__n_estimators": 30.0, "model__reg_lambda": 1.412086944267038}, "datetime": {"datetime": "2021-03-27 13:37:29", "elapsed": 2.16358, "delta": 0.000198}}
{"target": -1.4411296583563629, "params": {"model__colsample_bylevel": 1.0, "model__colsample_bynode": 1.0, "model__colsample_bytree": 0.3, "model__learning_rate": 0.3, "model__max_depth": 4.0, "model__n_estimators": 30.0, "model__reg_lambda": 2.1825850489808487}, "datetime": {"datetime": "2021-03-27 13:37:29", "elapsed": 2.307496, "delta": 0.143916}}
{"target": -1.465310910668062, "params": {"model__colsample_bylevel": 0.3, "model__colsample_bynode": 1.0, "model__colsample_bytree": 0.3, "model__learning_rate": 0.3, "model__max_depth": 5.0, "model__n_estimators": 28.0, "model__reg_lambda": 0.8382116135851819}, "datetime": {"datetime": "2021-03-27 13:37:29", "elapsed": 2.411932, "delta": 0.104436}}
{"target": -1.465310910668062, "params": {"model__colsample_bylevel": 0.3, "model__colsample_bynode": 1.0, "model__colsample_bytree": 0.3, "model__learning_rate": 0.3, "model__max_depth": 5.0, "model__n_estimators": 28.0, "model__reg_lambda": 0.8382116135851819}, "datetime": {"datetime": "2021-03-27 13:37:29", "elapsed": 2.412285, "delta": 0.000353}}
{"target": -1.465310910668062, "params": {"model__colsample_bylevel": 0.3, "model__colsample_bynode": 1.0, "model__colsample_bytree": 0.3, "model__learning_rate": 0.3, "model__max_depth": 5.0, "model__n_estimators": 28.0, "model__reg_lambda": 0.8382116135851819}, "datetime": {"datetime": "2021-03-27 13:37:29", "elapsed": 2.412492, "delta": 0.000207}}
{"target": -1.4666120154324216, "params": {"model__colsample_bylevel": 1.0, "model__colsample_bynode": 0.3, "model__colsample_bytree": 0.3, "model__learning_rate": 0.3, "model__max_depth": 3.0, "model__n_estimators": 24.0, "model__reg_lambda": 1.720422546602969}, "datetime": {"datetime": "2021-03-27 13:37:29", "elapsed": 2.497567, "delta": 0.085075}}
{"target": -1.4666120154324216, "params": {"model__colsample_bylevel": 1.0, "model__colsample_bynode": 0.3, "model__colsample_bytree": 0.3, "model__learning_rate": 0.3, "model__max_depth": 3.0, "model__n_estimators": 24.0, "model__reg_lambda": 1.720422546602969}, "datetime": {"datetime": "2021-03-27 13:37:29", "elapsed": 2.497923, "delta": 0.000356}}
{"target": -1.4732946381485763, "params": {"model__colsample_bylevel": 0.37628503985162537, "model__colsample_bynode": 1.0, "model__colsample_bytree": 0.3, "model__learning_rate": 0.3, "model__max_depth": 8.0, "model__n_estimators": 29.0, "model__reg_lambda": 2.0745089240899484}, "datetime": {"datetime": "2021-03-27 13:37:29", "elapsed": 2.61605, "delta": 0.118127}}
{"target": -1.4732946381485763, "params": {"model__colsample_bylevel": 0.37628503985162537, "model__colsample_bynode": 1.0, "model__colsample_bytree": 0.3, "model__learning_rate": 0.3, "model__max_depth": 8.0, "model__n_estimators": 29.0, "model__reg_lambda": 2.0745089240899484}, "datetime": {"datetime": "2021-03-27 13:37:29", "elapsed": 2.616404, "delta": 0.000354}}
{"target": -1.4471951190517216, "params": {"model__colsample_bylevel": 1.0, "model__colsample_bynode": 0.3, "model__colsample_bytree": 0.3, "model__learning_rate": 0.3, "model__max_depth": 5.0, "model__n_estimators": 30.0, "model__reg_lambda": 1.6511553127175773}, "datetime": {"datetime": "2021-03-27 13:37:29", "elapsed": 2.728156, "delta": 0.111752}}
{"target": -1.421931537675361, "params": {"model__colsample_bylevel": 1.0, "model__colsample_bynode": 1.0, "model__colsample_bytree": 0.3, "model__learning_rate": 0.3, "model__max_depth": 3.0, "model__n_estimators": 29.0, "model__reg_lambda": 1.8030217383470375}, "datetime": {"datetime": "2021-03-27 13:37:29", "elapsed": 2.856864, "delta": 0.128708}}
{"target": -1.421931537675361, "params": {"model__colsample_bylevel": 1.0, "model__colsample_bynode": 1.0, "model__colsample_bytree": 0.3, "model__learning_rate": 0.3, "model__max_depth": 3.0, "model__n_estimators": 29.0, "model__reg_lambda": 1.8030217383470375}, "datetime": {"datetime": "2021-03-27 13:37:29", "elapsed": 2.857216, "delta": 0.000352}}
{"target": -1.421931537675361, "params": {"model__colsample_bylevel": 1.0, "model__colsample_bynode": 1.0, "model__colsample_bytree": 0.3, "model__learning_rate": 0.3, "model__max_depth": 3.0, "model__n_estimators": 29.0, "model__reg_lambda": 1.8030217383470375}, "datetime": {"datetime": "2021-03-27 13:37:29", "elapsed": 2.858857, "delta": 0.001641}}
{"target": -1.421931537675361, "params": {"model__colsample_bylevel": 1.0, "model__colsample_bynode": 1.0, "model__colsample_bytree": 0.3, "model__learning_rate": 0.3, "model__max_depth": 3.0, "model__n_estimators": 29.0, "model__reg_lambda": 1.8030217383470375}, "datetime": {"datetime": "2021-03-27 13:37:29", "elapsed": 2.859087, "delta": 0.00023}}
{"target": -1.421931537675361, "params": {"model__colsample_bylevel": 1.0, "model__colsample_bynode": 1.0, "model__colsample_bytree": 0.3, "model__learning_rate": 0.3, "model__max_depth": 3.0, "model__n_estimators": 29.0, "model__reg_lambda": 1.8030217383470375}, "datetime": {"datetime": "2021-03-27 13:37:29", "elapsed": 2.859306, "delta": 0.000219}}
{"target": -1.421931537675361, "params": {"model__colsample_bylevel": 1.0, "model__colsample_bynode": 1.0, "model__colsample_bytree": 0.3, "model__learning_rate": 0.3, "model__max_depth": 3.0, "model__n_estimators": 29.0, "model__reg_lambda": 1.8030217383470375}, "datetime": {"datetime": "2021-03-27 13:37:29", "elapsed": 2.859509, "delta": 0.000203}}
{"target": -1.478664127278371, "params": {"model__colsample_bylevel": 0.3, "model__colsample_bynode": 0.3, "model__colsample_bytree": 0.3, "model__learning_rate": 0.3, "model__max_depth": 8.0, "model__n_estimators": 28.0, "model__reg_lambda": 0.9868765988883603}, "datetime": {"datetime": "2021-03-27 13:37:30", "elapsed": 2.979263, "delta": 0.119754}}
{"target": -1.478664127278371, "params": {"model__colsample_bylevel": 0.3, "model__colsample_bynode": 0.3, "model__colsample_bytree": 0.3, "model__learning_rate": 0.3, "model__max_depth": 8.0, "model__n_estimators": 28.0, "model__reg_lambda": 0.9868765988883603}, "datetime": {"datetime": "2021-03-27 13:37:30", "elapsed": 2.979643, "delta": 0.00038}}
{"target": -1.47131581986188, "params": {"model__colsample_bylevel": 0.3, "model__colsample_bynode": 0.3, "model__colsample_bytree": 0.3, "model__learning_rate": 0.3, "model__max_depth": 7.0, "model__n_estimators": 30.0, "model__reg_lambda": 0.0}, "datetime": {"datetime": "2021-03-27 13:37:30", "elapsed": 3.093408, "delta": 0.113765}}
{"target": -1.4638784325479164, "params": {"model__colsample_bylevel": 0.5714863923596051, "model__colsample_bynode": 0.3795339273783556, "model__colsample_bytree": 0.3925920597410244, "model__learning_rate": 0.29615065968157284, "model__max_depth": 3.0, "model__n_estimators": 30.0, "model__reg_lambda": 2.567400170895051}, "datetime": {"datetime": "2021-03-27 13:37:30", "elapsed": 3.190351, "delta": 0.096943}}
{"target": -1.4284762552250987, "params": {"model__colsample_bylevel": 0.3, "model__colsample_bynode": 1.0, "model__colsample_bytree": 0.3, "model__learning_rate": 0.3, "model__max_depth": 3.0, "model__n_estimators": 29.0, "model__reg_lambda": 2.8756183958197234}, "datetime": {"datetime": "2021-03-27 13:37:30", "elapsed": 3.28281, "delta": 0.092459}}
{"target": -1.4284762552250987, "params": {"model__colsample_bylevel": 0.3, "model__colsample_bynode": 1.0, "model__colsample_bytree": 0.3, "model__learning_rate": 0.3, "model__max_depth": 3.0, "model__n_estimators": 29.0, "model__reg_lambda": 2.8756183958197234}, "datetime": {"datetime": "2021-03-27 13:37:30", "elapsed": 3.283193, "delta": 0.000383}}
{"target": -1.3976364232383776, "params": {"model__colsample_bylevel": 0.3, "model__colsample_bynode": 0.3, "model__colsample_bytree": 1.0, "model__learning_rate": 0.3, "model__max_depth": 6.0, "model__n_estimators": 26.0, "model__reg_lambda": 3.0121019696059284}, "datetime": {"datetime": "2021-03-27 13:37:30", "elapsed": 3.39259, "delta": 0.109397}}
{"target": -1.3976364232383776, "params": {"model__colsample_bylevel": 0.3, "model__colsample_bynode": 0.3, "model__colsample_bytree": 1.0, "model__learning_rate": 0.3, "model__max_depth": 6.0, "model__n_estimators": 26.0, "model__reg_lambda": 3.0121019696059284}, "datetime": {"datetime": "2021-03-27 13:37:30", "elapsed": 3.392954, "delta": 0.000364}}
