{"target": -1.860808730341386, "params": {"model__colsample_bylevel": 0.3, "model__colsample_bynode": 0.3, "model__colsample_bytree": 1.0, "model__learning_rate": 0.3, "model__max_depth": 6.0, "model__n_estimators": 26.0, "model__reg_lambda": 3.0121019696059284}, "datetime": {"datetime": "2021-03-27 15:10:26", "elapsed": 2.9347, "delta": 0.00024}}
{"target": -1.9958380903387307, "params": {"model__colsample_bylevel": 0.3, "model__colsample_bynode": 0.3, "model__colsample_bytree": 1.0, "model__learning_rate": 0.3, "model__max_depth": 7.0, "model__n_estimators": 29.0, "model__reg_lambda": 1.2999530592867101}, "datetime": {"datetime": "2021-03-27 15:10:26", "elapsed": 3.043257, "delta": 0.108557}}
{"target": -1.9958380903387307, "params": {"model__colsample_bylevel": 0.3, "model__colsample_bynode": 0.3, "model__colsample_bytree": 1.0, "model__learning_rate": 0.3, "model__max_depth": 7.0, "model__n_estimators": 29.0, "model__reg_lambda": 1.2999530592867101}, "datetime": {"datetime": "2021-03-27 15:10:26", "elapsed": 3.043615, "delta": 0.000358}}
{"target": -1.9958380903387307, "params": {"model__colsample_bylevel": 0.3, "model__colsample_bynode": 0.3, "model__colsample_bytree": 1.0, "model__learning_rate": 0.3, "model__max_depth": 7.0, "model__n_estimators": 29.0, "model__reg_lambda": 1.2999530592867101}, "datetime": {"datetime": "2021-03-27 15:10:26", "elapsed": 3.043858, "delta": 0.000243}}
{"target": -1.9958380903387307, "params": {"model__colsample_bylevel": 0.3, "model__colsample_bynode": 0.3, "model__colsample_bytree": 1.0, "model__learning_rate": 0.3, "model__max_depth": 7.0, "model__n_estimators": 29.0, "model__reg_lambda": 1.2999530592867101}, "datetime": {"datetime": "2021-03-27 15:10:26", "elapsed": 3.044081, "delta": 0.000223}}
{"target": -1.9958380903387307, "params": {"model__colsample_bylevel": 0.3, "model__colsample_bynode": 0.3, "model__colsample_bytree": 1.0, "model__learning_rate": 0.3, "model__max_depth": 7.0, "model__n_estimators": 29.0, "model__reg_lambda": 1.2999530592867101}, "datetime": {"datetime": "2021-03-27 15:10:26", "elapsed": 3.044294, "delta": 0.000213}}
{"target": -1.9958380903387307, "params": {"model__colsample_bylevel": 0.3, "model__colsample_bynode": 0.3, "model__colsample_bytree": 1.0, "model__learning_rate": 0.3, "model__max_depth": 7.0, "model__n_estimators": 29.0, "model__reg_lambda": 1.2999530592867101}, "datetime": {"datetime": "2021-03-27 15:10:26", "elapsed": 3.044506, "delta": 0.000212}}
{"target": -1.9958380903387307, "params": {"model__colsample_bylevel": 0.3, "model__colsample_bynode": 0.3, "model__colsample_bytree": 1.0, "model__learning_rate": 0.3, "model__max_depth": 7.0, "model__n_estimators": 29.0, "model__reg_lambda": 1.2999530592867101}, "datetime": {"datetime": "2021-03-27 15:10:26", "elapsed": 3.04472, "delta": 0.000214}}
{"target": -1.9958380903387307, "params": {"model__colsample_bylevel": 0.3, "model__colsample_bynode": 0.3, "model__colsample_bytree": 1.0, "model__learning_rate": 0.3, "model__max_depth": 7.0, "model__n_estimators": 29.0, "model__reg_lambda": 1.2999530592867101}, "datetime": {"datetime": "2021-03-27 15:10:26", "elapsed": 3.044928, "delta": 0.000208}}
{"target": -1.9958380903387307, "params": {"model__colsample_bylevel": 0.3, "model__colsample_bynode": 0.3, "model__colsample_bytree": 1.0, "model__learning_rate": 0.3, "model__max_depth": 7.0, "model__n_estimators": 29.0, "model__reg_lambda": 1.2999530592867101}, "datetime": {"datetime": "2021-03-27 15:10:26", "elapsed": 3.045166, "delta": 0.000238}}
{"target": -2.061633481765571, "params": {"model__colsample_bylevel": 1.0, "model__colsample_bynode": 1.0, "model__colsample_bytree": 0.3, "model__learning_rate": 0.3, "model__max_depth": 6.0, "model__n_estimators": 16.0, "model__reg_lambda": 0.0}, "datetime": {"datetime": "2021-03-27 15:10:26", "elapsed": 3.133063, "delta": 0.087897}}
{"target": -2.061633481765571, "params": {"model__colsample_bylevel": 1.0, "model__colsample_bynode": 1.0, "model__colsample_bytree": 0.3, "model__learning_rate": 0.3, "model__max_depth": 6.0, "model__n_estimators": 16.0, "model__reg_lambda": 0.0}, "datetime": {"datetime": "2021-03-27 15:10:26", "elapsed": 3.133433, "delta": 0.00037}}
{"target": -2.061633481765571, "params": {"model__colsample_bylevel": 1.0, "model__colsample_bynode": 1.0, "model__colsample_bytree": 0.3, "model__learning_rate": 0.3, "model__max_depth": 6.0, "model__n_estimators": 16.0, "model__reg_lambda": 0.0}, "datetime": {"datetime": "2021-03-27 15:10:26", "elapsed": 3.133664, "delta": 0.000231}}
{"target": -2.061633481765571, "params": {"model__colsample_bylevel": 1.0, "model__colsample_bynode": 1.0, "model__colsample_bytree": 0.3, "model__learning_rate": 0.3, "model__max_depth": 6.0, "model__n_estimators": 16.0, "model__reg_lambda": 0.0}, "datetime": {"datetime": "2021-03-27 15:10:26", "elapsed": 3.13389, "delta": 0.000226}}
{"target": -2.061633481765571, "params": {"model__colsample_bylevel": 1.0, "model__colsample_bynode": 1.0, "model__colsample_bytree": 0.3, "model__learning_rate": 0.3, "model__max_depth": 6.0, "model__n_estimators": 16.0, "model__reg_lambda": 0.0}, "datetime": {"datetime": "2021-03-27 15:10:26", "elapsed": 3.134106, "delta": 0.000216}}
{"target": -2.061633481765571, "params": {"model__colsample_bylevel": 1.0, "model__colsample_bynode": 1.0, "model__colsample_bytree": 0.3, "model__learning_rate": 0.3, "model__max_depth": 6.0, "model__n_estimators": 16.0, "model__reg_lambda": 0.0}, "datetime": {"datetime": "2021-03-27 15:10:26", "elapsed": 3.13431, "delta": 0.000204}}
{"target": -2.061633481765571, "params": {"model__colsample_bylevel": 1.0, "model__colsample_bynode": 1.0, "model__colsample_bytree": 0.3, "model__learning_rate": 0.3, "model__max_depth": 6.0, "model__n_estimators": 16.0, "model__reg_lambda": 0.0}, "datetime": {"datetime": "2021-03-27 15:10:26", "elapsed": 3.134509, "delta": 0.000199}}
{"target": -2.061633481765571, "params": {"model__colsample_bylevel": 1.0, "model__colsample_bynode": 1.0, "model__colsample_bytree": 0.3, "model__learning_rate": 0.3, "model__max_depth": 6.0, "model__n_estimators": 16.0, "model__reg_lambda": 0.0}, "datetime": {"datetime": "2021-03-27 15:10:26", "elapsed": 3.134715, "delta": 0.000206}}
{"target": -2.061633481765571, "params": {"model__colsample_bylevel": 1.0, "model__colsample_bynode": 1.0, "model__colsample_bytree": 0.3, "model__learning_rate": 0.3, "model__max_depth": 6.0, "model__n_estimators": 16.0, "model__reg_lambda": 0.0}, "datetime": {"datetime": "2021-03-27 15:10:26", "elapsed": 3.134939, "delta": 0.000224}}
{"target": -2.061633481765571, "params": {"model__colsample_bylevel": 1.0, "model__colsample_bynode": 1.0, "model__colsample_bytree": 0.3, "model__learning_rate": 0.3, "model__max_depth": 6.0, "model__n_estimators": 16.0, "model__reg_lambda": 0.0}, "datetime": {"datetime": "2021-03-27 15:10:26", "elapsed": 3.13514, "delta": 0.000201}}
{"target": -2.061633481765571, "params": {"model__colsample_bylevel": 1.0, "model__colsample_bynode": 1.0, "model__colsample_bytree": 0.3, "model__learning_rate": 0.3, "model__max_depth": 6.0, "model__n_estimators": 16.0, "model__reg_lambda": 0.0}, "datetime": {"datetime": "2021-03-27 15:10:26", "elapsed": 3.135335, "delta": 0.000195}}
{"target": -2.061633481765571, "params": {"model__colsample_bylevel": 1.0, "model__colsample_bynode": 1.0, "model__colsample_bytree": 0.3, "model__learning_rate": 0.3, "model__max_depth": 6.0, "model__n_estimators": 16.0, "model__reg_lambda": 0.0}, "datetime": {"datetime": "2021-03-27 15:10:26", "elapsed": 3.135558, "delta": 0.000223}}
{"target": -2.1614058848416464, "params": {"model__colsample_bylevel": 0.47860746301137314, "model__colsample_bynode": 0.9876997337074893, "model__colsample_bytree": 0.3032558878187438, "model__learning_rate": 0.27426886506518966, "model__max_depth": 5.0, "model__n_estimators": 30.0, "model__reg_lambda": 0.030201832498794046}, "datetime": {"datetime": "2021-03-27 15:10:27", "elapsed": 3.233637, "delta": 0.098079}}
{"target": -2.0566457669372142, "params": {"model__colsample_bylevel": 0.6639811614530247, "model__colsample_bynode": 0.9952194911439693, "model__colsample_bytree": 0.3407121239493215, "model__learning_rate": 0.2940774792882499, "model__max_depth": 7.0, "model__n_estimators": 30.0, "model__reg_lambda": 1.8828375310726297}, "datetime": {"datetime": "2021-03-27 15:10:27", "elapsed": 3.349096, "delta": 0.115459}}
{"target": -1.8660668667230378, "params": {"model__colsample_bylevel": 0.3, "model__colsample_bynode": 0.3, "model__colsample_bytree": 1.0, "model__learning_rate": 0.3, "model__max_depth": 3.0, "model__n_estimators": 27.0, "model__reg_lambda": 0.5926360247478335}, "datetime": {"datetime": "2021-03-27 15:10:27", "elapsed": 3.439673, "delta": 0.090577}}
{"target": -2.115576276550258, "params": {"model__colsample_bylevel": 0.3, "model__colsample_bynode": 1.0, "model__colsample_bytree": 0.3, "model__learning_rate": 0.3, "model__max_depth": 6.0, "model__n_estimators": 30.0, "model__reg_lambda": 1.1361098318163105}, "datetime": {"datetime": "2021-03-27 15:10:27", "elapsed": 3.548389, "delta": 0.108716}}
{"target": -2.115576276550258, "params": {"model__colsample_bylevel": 0.3, "model__colsample_bynode": 1.0, "model__colsample_bytree": 0.3, "model__learning_rate": 0.3, "model__max_depth": 6.0, "model__n_estimators": 30.0, "model__reg_lambda": 1.1361098318163105}, "datetime": {"datetime": "2021-03-27 15:10:27", "elapsed": 3.548762, "delta": 0.000373}}
{"target": -2.115576276550258, "params": {"model__colsample_bylevel": 0.3, "model__colsample_bynode": 1.0, "model__colsample_bytree": 0.3, "model__learning_rate": 0.3, "model__max_depth": 6.0, "model__n_estimators": 30.0, "model__reg_lambda": 1.1361098318163105}, "datetime": {"datetime": "2021-03-27 15:10:27", "elapsed": 3.549005, "delta": 0.000243}}
{"target": -2.115576276550258, "params": {"model__colsample_bylevel": 0.3, "model__colsample_bynode": 1.0, "model__colsample_bytree": 0.3, "model__learning_rate": 0.3, "model__max_depth": 6.0, "model__n_estimators": 30.0, "model__reg_lambda": 1.1361098318163105}, "datetime": {"datetime": "2021-03-27 15:10:27", "elapsed": 3.549233, "delta": 0.000228}}
{"target": -2.115576276550258, "params": {"model__colsample_bylevel": 0.3, "model__colsample_bynode": 1.0, "model__colsample_bytree": 0.3, "model__learning_rate": 0.3, "model__max_depth": 6.0, "model__n_estimators": 30.0, "model__reg_lambda": 1.1361098318163105}, "datetime": {"datetime": "2021-03-27 15:10:27", "elapsed": 3.549453, "delta": 0.00022}}
{"target": -2.115576276550258, "params": {"model__colsample_bylevel": 0.3, "model__colsample_bynode": 1.0, "model__colsample_bytree": 0.3, "model__learning_rate": 0.3, "model__max_depth": 6.0, "model__n_estimators": 30.0, "model__reg_lambda": 1.1361098318163105}, "datetime": {"datetime": "2021-03-27 15:10:27", "elapsed": 3.549687, "delta": 0.000234}}
{"target": -2.0438797938273003, "params": {"model__colsample_bylevel": 0.3, "model__colsample_bynode": 0.3, "model__colsample_bytree": 0.5503198283604741, "model__learning_rate": 0.3, "model__max_depth": 4.0, "model__n_estimators": 27.0, "model__reg_lambda": 0.0}, "datetime": {"datetime": "2021-03-27 15:10:27", "elapsed": 3.639548, "delta": 0.089861}}
{"target": -2.176061474269364, "params": {"model__colsample_bylevel": 0.3, "model__colsample_bynode": 0.3, "model__colsample_bytree": 1.0, "model__learning_rate": 0.3, "model__max_depth": 6.0, "model__n_estimators": 28.0, "model__reg_lambda": 0.0}, "datetime": {"datetime": "2021-03-27 15:10:27", "elapsed": 3.747546, "delta": 0.107998}}
{"target": -2.149182834125974, "params": {"model__colsample_bylevel": 0.3, "model__colsample_bynode": 0.3, "model__colsample_bytree": 1.0, "model__learning_rate": 0.3, "model__max_depth": 8.0, "model__n_estimators": 26.0, "model__reg_lambda": 0.0}, "datetime": {"datetime": "2021-03-27 15:10:27", "elapsed": 3.851609, "delta": 0.104063}}
{"target": -2.052407442686566, "params": {"model__colsample_bylevel": 0.966778173340935, "model__colsample_bynode": 0.3, "model__colsample_bytree": 0.3, "model__learning_rate": 0.3, "model__max_depth": 3.0, "model__n_estimators": 30.0, "model__reg_lambda": 0.0}, "datetime": {"datetime": "2021-03-27 15:10:27", "elapsed": 3.939695, "delta": 0.088086}}
{"target": -2.052407442686566, "params": {"model__colsample_bylevel": 0.966778173340935, "model__colsample_bynode": 0.3, "model__colsample_bytree": 0.3, "model__learning_rate": 0.3, "model__max_depth": 3.0, "model__n_estimators": 30.0, "model__reg_lambda": 0.0}, "datetime": {"datetime": "2021-03-27 15:10:27", "elapsed": 3.940086, "delta": 0.000391}}
{"target": -2.0470098683394604, "params": {"model__colsample_bylevel": 0.3, "model__colsample_bynode": 0.3, "model__colsample_bytree": 1.0, "model__learning_rate": 0.3, "model__max_depth": 6.0, "model__n_estimators": 27.0, "model__reg_lambda": 0.5775163477133792}, "datetime": {"datetime": "2021-03-27 15:10:27", "elapsed": 4.052393, "delta": 0.112307}}
{"target": -1.95390589327241, "params": {"model__colsample_bylevel": 0.3, "model__colsample_bynode": 0.3, "model__colsample_bytree": 1.0, "model__learning_rate": 0.3, "model__max_depth": 7.0, "model__n_estimators": 28.0, "model__reg_lambda": 1.513198912970688}, "datetime": {"datetime": "2021-03-27 15:10:27", "elapsed": 4.168875, "delta": 0.116482}}
{"target": -1.95390589327241, "params": {"model__colsample_bylevel": 0.3, "model__colsample_bynode": 0.3, "model__colsample_bytree": 1.0, "model__learning_rate": 0.3, "model__max_depth": 7.0, "model__n_estimators": 28.0, "model__reg_lambda": 1.513198912970688}, "datetime": {"datetime": "2021-03-27 15:10:27", "elapsed": 4.16932, "delta": 0.000445}}
{"target": -1.95390589327241, "params": {"model__colsample_bylevel": 0.3, "model__colsample_bynode": 0.3, "model__colsample_bytree": 1.0, "model__learning_rate": 0.3, "model__max_depth": 7.0, "model__n_estimators": 28.0, "model__reg_lambda": 1.513198912970688}, "datetime": {"datetime": "2021-03-27 15:10:27", "elapsed": 4.169626, "delta": 0.000306}}
{"target": -1.95390589327241, "params": {"model__colsample_bylevel": 0.3, "model__colsample_bynode": 0.3, "model__colsample_bytree": 1.0, "model__learning_rate": 0.3, "model__max_depth": 7.0, "model__n_estimators": 28.0, "model__reg_lambda": 1.513198912970688}, "datetime": {"datetime": "2021-03-27 15:10:27", "elapsed": 4.169915, "delta": 0.000289}}
{"target": -1.95390589327241, "params": {"model__colsample_bylevel": 0.3, "model__colsample_bynode": 0.3, "model__colsample_bytree": 1.0, "model__learning_rate": 0.3, "model__max_depth": 7.0, "model__n_estimators": 28.0, "model__reg_lambda": 1.513198912970688}, "datetime": {"datetime": "2021-03-27 15:10:27", "elapsed": 4.170212, "delta": 0.000297}}
{"target": -1.868142155968193, "params": {"model__colsample_bylevel": 0.3, "model__colsample_bynode": 0.3, "model__colsample_bytree": 1.0, "model__learning_rate": 0.3, "model__max_depth": 8.0, "model__n_estimators": 26.0, "model__reg_lambda": 2.7300082338664744}, "datetime": {"datetime": "2021-03-27 15:10:28", "elapsed": 4.274661, "delta": 0.104449}}
{"target": -1.868142155968193, "params": {"model__colsample_bylevel": 0.3, "model__colsample_bynode": 0.3, "model__colsample_bytree": 1.0, "model__learning_rate": 0.3, "model__max_depth": 8.0, "model__n_estimators": 26.0, "model__reg_lambda": 2.7300082338664744}, "datetime": {"datetime": "2021-03-27 15:10:28", "elapsed": 4.275086, "delta": 0.000425}}
{"target": -1.868142155968193, "params": {"model__colsample_bylevel": 0.3, "model__colsample_bynode": 0.3, "model__colsample_bytree": 1.0, "model__learning_rate": 0.3, "model__max_depth": 8.0, "model__n_estimators": 26.0, "model__reg_lambda": 2.7300082338664744}, "datetime": {"datetime": "2021-03-27 15:10:28", "elapsed": 4.27536, "delta": 0.000274}}
{"target": -1.868142155968193, "params": {"model__colsample_bylevel": 0.3, "model__colsample_bynode": 0.3, "model__colsample_bytree": 1.0, "model__learning_rate": 0.3, "model__max_depth": 8.0, "model__n_estimators": 26.0, "model__reg_lambda": 2.7300082338664744}, "datetime": {"datetime": "2021-03-27 15:10:28", "elapsed": 4.275596, "delta": 0.000236}}
{"target": -1.868142155968193, "params": {"model__colsample_bylevel": 0.3, "model__colsample_bynode": 0.3, "model__colsample_bytree": 1.0, "model__learning_rate": 0.3, "model__max_depth": 8.0, "model__n_estimators": 26.0, "model__reg_lambda": 2.7300082338664744}, "datetime": {"datetime": "2021-03-27 15:10:28", "elapsed": 4.27583, "delta": 0.000234}}
{"target": -1.868142155968193, "params": {"model__colsample_bylevel": 0.3, "model__colsample_bynode": 0.3, "model__colsample_bytree": 1.0, "model__learning_rate": 0.3, "model__max_depth": 8.0, "model__n_estimators": 26.0, "model__reg_lambda": 2.7300082338664744}, "datetime": {"datetime": "2021-03-27 15:10:28", "elapsed": 4.276059, "delta": 0.000229}}
{"target": -1.868142155968193, "params": {"model__colsample_bylevel": 0.3, "model__colsample_bynode": 0.3, "model__colsample_bytree": 1.0, "model__learning_rate": 0.3, "model__max_depth": 8.0, "model__n_estimators": 26.0, "model__reg_lambda": 2.7300082338664744}, "datetime": {"datetime": "2021-03-27 15:10:28", "elapsed": 4.27628, "delta": 0.000221}}
{"target": -2.0326785603605644, "params": {"model__colsample_bylevel": 0.3, "model__colsample_bynode": 1.0, "model__colsample_bytree": 1.0, "model__learning_rate": 0.3, "model__max_depth": 7.0, "model__n_estimators": 18.0, "model__reg_lambda": 0.0}, "datetime": {"datetime": "2021-03-27 15:10:28", "elapsed": 4.367336, "delta": 0.091056}}
{"target": -2.2211411462043937, "params": {"model__colsample_bylevel": 1.0, "model__colsample_bynode": 1.0, "model__colsample_bytree": 0.3, "model__learning_rate": 0.3, "model__max_depth": 7.0, "model__n_estimators": 24.0, "model__reg_lambda": 0.0}, "datetime": {"datetime": "2021-03-27 15:10:28", "elapsed": 4.461325, "delta": 0.093989}}
{"target": -2.2211411462043937, "params": {"model__colsample_bylevel": 1.0, "model__colsample_bynode": 1.0, "model__colsample_bytree": 0.3, "model__learning_rate": 0.3, "model__max_depth": 7.0, "model__n_estimators": 24.0, "model__reg_lambda": 0.0}, "datetime": {"datetime": "2021-03-27 15:10:28", "elapsed": 4.461708, "delta": 0.000383}}
{"target": -1.9810085781890414, "params": {"model__colsample_bylevel": 0.9645270563743844, "model__colsample_bynode": 0.9784250615063763, "model__colsample_bytree": 0.3050525853852948, "model__learning_rate": 0.2969643514012727, "model__max_depth": 5.0, "model__n_estimators": 24.0, "model__reg_lambda": 1.3576124803661338}, "datetime": {"datetime": "2021-03-27 15:10:28", "elapsed": 4.554361, "delta": 0.092653}}
{"target": -1.8872624278905383, "params": {"model__colsample_bylevel": 0.3, "model__colsample_bynode": 0.3, "model__colsample_bytree": 1.0, "model__learning_rate": 0.3, "model__max_depth": 5.0, "model__n_estimators": 30.0, "model__reg_lambda": 2.5043983346451437}, "datetime": {"datetime": "2021-03-27 15:10:28", "elapsed": 4.656806, "delta": 0.102445}}
{"target": -1.9099044981453084, "params": {"model__colsample_bylevel": 0.3, "model__colsample_bynode": 0.3, "model__colsample_bytree": 1.0, "model__learning_rate": 0.3, "model__max_depth": 8.0, "model__n_estimators": 30.0, "model__reg_lambda": 2.2873633023778552}, "datetime": {"datetime": "2021-03-27 15:10:28", "elapsed": 4.780508, "delta": 0.123702}}
{"target": -1.8239357703216919, "params": {"model__colsample_bylevel": 0.3, "model__colsample_bynode": 1.0, "model__colsample_bytree": 1.0, "model__learning_rate": 0.3, "model__max_depth": 6.0, "model__n_estimators": 27.0, "model__reg_lambda": 4.524461592882262}, "datetime": {"datetime": "2021-03-27 15:10:28", "elapsed": 4.881074, "delta": 0.100566}}
{"target": -1.8239357703216919, "params": {"model__colsample_bylevel": 0.3, "model__colsample_bynode": 1.0, "model__colsample_bytree": 1.0, "model__learning_rate": 0.3, "model__max_depth": 6.0, "model__n_estimators": 27.0, "model__reg_lambda": 4.524461592882262}, "datetime": {"datetime": "2021-03-27 15:10:28", "elapsed": 4.881468, "delta": 0.000394}}
{"target": -1.7613995253985775, "params": {"model__colsample_bylevel": 1.0, "model__colsample_bynode": 0.3, "model__colsample_bytree": 1.0, "model__learning_rate": 0.3, "model__max_depth": 7.0, "model__n_estimators": 30.0, "model__reg_lambda": 8.559343015505158}, "datetime": {"datetime": "2021-03-27 15:10:28", "elapsed": 5.001068, "delta": 0.1196}}
{"target": -1.7921512693166732, "params": {"model__colsample_bylevel": 0.9200821231031391, "model__colsample_bynode": 0.35616344543935075, "model__colsample_bytree": 0.8625120529528605, "model__learning_rate": 0.23669407037870885, "model__max_depth": 5.0, "model__n_estimators": 25.0, "model__reg_lambda": 2.826662622956666}, "datetime": {"datetime": "2021-03-27 15:10:28", "elapsed": 5.100831, "delta": 0.099763}}
{"target": -1.7921512693166732, "params": {"model__colsample_bylevel": 0.9200821231031391, "model__colsample_bynode": 0.35616344543935075, "model__colsample_bytree": 0.8625120529528605, "model__learning_rate": 0.23669407037870885, "model__max_depth": 5.0, "model__n_estimators": 25.0, "model__reg_lambda": 2.826662622956666}, "datetime": {"datetime": "2021-03-27 15:10:28", "elapsed": 5.101233, "delta": 0.000402}}
{"target": -1.7995690592362181, "params": {"model__colsample_bylevel": 0.9288476845026115, "model__colsample_bynode": 0.3, "model__colsample_bytree": 1.0, "model__learning_rate": 0.3, "model__max_depth": 5.0, "model__n_estimators": 27.0, "model__reg_lambda": 5.1261769264164805}, "datetime": {"datetime": "2021-03-27 15:10:28", "elapsed": 5.197231, "delta": 0.095998}}
{"target": -1.7869864436379377, "params": {"model__colsample_bylevel": 0.3, "model__colsample_bynode": 1.0, "model__colsample_bytree": 0.9780034614852757, "model__learning_rate": 0.3, "model__max_depth": 8.0, "model__n_estimators": 28.0, "model__reg_lambda": 5.321603457067248}, "datetime": {"datetime": "2021-03-27 15:10:29", "elapsed": 5.304771, "delta": 0.10754}}
