{"target": -1.733935567358698, "params": {"model__colsample_bylevel": 1.0, "model__colsample_bynode": 0.3, "model__colsample_bytree": 1.0, "model__learning_rate": 0.3, "model__max_depth": 4.038427434419038, "model__n_estimators": 18.59778916868676, "model__reg_lambda": 10.0}, "datetime": {"datetime": "2021-03-27 15:11:52", "elapsed": 88.872599, "delta": 1.67074}}
{"target": -1.7446721870074235, "params": {"model__colsample_bylevel": 1.0, "model__colsample_bynode": 0.3, "model__colsample_bytree": 1.0, "model__learning_rate": 0.1, "model__max_depth": 3.8150205752338646, "model__n_estimators": 20.572229561257664, "model__reg_lambda": 0.0}, "datetime": {"datetime": "2021-03-27 15:11:54", "elapsed": 90.358105, "delta": 1.485506}}
{"target": -1.736996085720434, "params": {"model__colsample_bylevel": 0.3, "model__colsample_bynode": 1.0, "model__colsample_bytree": 1.0, "model__learning_rate": 0.3, "model__max_depth": 4.168545468204943, "model__n_estimators": 26.73715828350174, "model__reg_lambda": 10.0}, "datetime": {"datetime": "2021-03-27 15:11:55", "elapsed": 91.859036, "delta": 1.500931}}
{"target": -1.7415114878852296, "params": {"model__colsample_bylevel": 1.0, "model__colsample_bynode": 1.0, "model__colsample_bytree": 1.0, "model__learning_rate": 0.3, "model__max_depth": 2.0, "model__n_estimators": 15.0, "model__reg_lambda": 10.0}, "datetime": {"datetime": "2021-03-27 15:11:57", "elapsed": 93.517278, "delta": 1.658242}}
{"target": -1.7375214067274247, "params": {"model__colsample_bylevel": 1.0, "model__colsample_bynode": 0.3, "model__colsample_bytree": 1.0, "model__learning_rate": 0.3, "model__max_depth": 8.0, "model__n_estimators": 15.0, "model__reg_lambda": 10.0}, "datetime": {"datetime": "2021-03-27 15:11:59", "elapsed": 95.274657, "delta": 1.757379}}
{"target": -1.7411410983759854, "params": {"model__colsample_bylevel": 0.3, "model__colsample_bynode": 1.0, "model__colsample_bytree": 1.0, "model__learning_rate": 0.3, "model__max_depth": 4.500730346764037, "model__n_estimators": 23.552754232279874, "model__reg_lambda": 8.307073330720119}, "datetime": {"datetime": "2021-03-27 15:12:01", "elapsed": 97.263214, "delta": 1.988557}}
{"target": -1.8424600130999866, "params": {"model__colsample_bylevel": 1.0, "model__colsample_bynode": 1.0, "model__colsample_bytree": 1.0, "model__learning_rate": 0.3, "model__max_depth": 6.134619649878579, "model__n_estimators": 28.671009607137808, "model__reg_lambda": 10.0}, "datetime": {"datetime": "2021-03-27 15:12:02", "elapsed": 98.989008, "delta": 1.725794}}
{"target": -1.7371492142694585, "params": {"model__colsample_bylevel": 0.3, "model__colsample_bynode": 0.3, "model__colsample_bytree": 1.0, "model__learning_rate": 0.1, "model__max_depth": 2.0, "model__n_estimators": 28.337820089805845, "model__reg_lambda": 1.7383369931930437}, "datetime": {"datetime": "2021-03-27 15:12:04", "elapsed": 100.970426, "delta": 1.981418}}
{"target": -1.7242416018485158, "params": {"model__colsample_bylevel": 1.0, "model__colsample_bynode": 0.3, "model__colsample_bytree": 1.0, "model__learning_rate": 0.1, "model__max_depth": 2.0, "model__n_estimators": 26.649681535655716, "model__reg_lambda": 0.0}, "datetime": {"datetime": "2021-03-27 15:12:06", "elapsed": 102.421014, "delta": 1.450588}}
{"target": -1.854573824137881, "params": {"model__colsample_bylevel": 1.0, "model__colsample_bynode": 0.3, "model__colsample_bytree": 1.0, "model__learning_rate": 0.1, "model__max_depth": 2.0, "model__n_estimators": 15.0, "model__reg_lambda": 6.153620043456613}, "datetime": {"datetime": "2021-03-27 15:12:07", "elapsed": 103.974248, "delta": 1.553234}}
{"target": -1.801030939012982, "params": {"model__colsample_bylevel": 1.0, "model__colsample_bynode": 1.0, "model__colsample_bytree": 1.0, "model__learning_rate": 0.3, "model__max_depth": 6.174098500535415, "model__n_estimators": 20.671356888585315, "model__reg_lambda": 10.0}, "datetime": {"datetime": "2021-03-27 15:12:09", "elapsed": 105.655244, "delta": 1.680996}}
{"target": -1.7308212946506516, "params": {"model__colsample_bylevel": 1.0, "model__colsample_bynode": 0.3, "model__colsample_bytree": 1.0, "model__learning_rate": 0.3, "model__max_depth": 8.0, "model__n_estimators": 24.262292465628356, "model__reg_lambda": 10.0}, "datetime": {"datetime": "2021-03-27 15:12:11", "elapsed": 107.287179, "delta": 1.631935}}
{"target": -1.7383990293395695, "params": {"model__colsample_bylevel": 1.0, "model__colsample_bynode": 0.3, "model__colsample_bytree": 1.0, "model__learning_rate": 0.3, "model__max_depth": 4.841282077917952, "model__n_estimators": 21.2534854537751, "model__reg_lambda": 8.222719717963406}, "datetime": {"datetime": "2021-03-27 15:12:12", "elapsed": 109.013828, "delta": 1.726649}}
{"target": -1.7474627027477045, "params": {"model__colsample_bylevel": 1.0, "model__colsample_bynode": 0.3, "model__colsample_bytree": 1.0, "model__learning_rate": 0.1, "model__max_depth": 8.0, "model__n_estimators": 20.689161956402806, "model__reg_lambda": 2.198341831827768}, "datetime": {"datetime": "2021-03-27 15:12:14", "elapsed": 110.705421, "delta": 1.691593}}
{"target": -1.7292611963399078, "params": {"model__colsample_bylevel": 0.3, "model__colsample_bynode": 0.3, "model__colsample_bytree": 1.0, "model__learning_rate": 0.3, "model__max_depth": 4.498241635888781, "model__n_estimators": 24.471504693061075, "model__reg_lambda": 10.0}, "datetime": {"datetime": "2021-03-27 15:12:16", "elapsed": 112.43009, "delta": 1.724669}}
{"target": -1.7679593138288758, "params": {"model__colsample_bylevel": 0.3, "model__colsample_bynode": 1.0, "model__colsample_bytree": 0.3, "model__learning_rate": 0.3, "model__max_depth": 2.0, "model__n_estimators": 24.088308649160638, "model__reg_lambda": 10.0}, "datetime": {"datetime": "2021-03-27 15:12:17", "elapsed": 113.992669, "delta": 1.562579}}
{"target": -1.836172860212948, "params": {"model__colsample_bylevel": 1.0, "model__colsample_bynode": 1.0, "model__colsample_bytree": 0.3, "model__learning_rate": 0.1, "model__max_depth": 2.0, "model__n_estimators": 30.0, "model__reg_lambda": 7.323088413400924}, "datetime": {"datetime": "2021-03-27 15:12:19", "elapsed": 115.702943, "delta": 1.710274}}
{"target": -1.7706755244429562, "params": {"model__colsample_bylevel": 1.0, "model__colsample_bynode": 1.0, "model__colsample_bytree": 1.0, "model__learning_rate": 0.1, "model__max_depth": 3.917287969408677, "model__n_estimators": 30.0, "model__reg_lambda": 4.700545128961861}, "datetime": {"datetime": "2021-03-27 15:12:21", "elapsed": 117.257211, "delta": 1.554268}}
{"target": -1.7019500520458255, "params": {"model__colsample_bylevel": 0.3, "model__colsample_bynode": 1.0, "model__colsample_bytree": 1.0, "model__learning_rate": 0.3, "model__max_depth": 3.341277673703403, "model__n_estimators": 19.050428778981708, "model__reg_lambda": 8.92922629865129}, "datetime": {"datetime": "2021-03-27 15:12:22", "elapsed": 118.989268, "delta": 1.732057}}
{"target": -1.7019474272170794, "params": {"model__colsample_bylevel": 0.3, "model__colsample_bynode": 1.0, "model__colsample_bytree": 1.0, "model__learning_rate": 0.3, "model__max_depth": 2.0, "model__n_estimators": 20.6326976849051, "model__reg_lambda": 6.40482838096624}, "datetime": {"datetime": "2021-03-27 15:12:24", "elapsed": 120.485863, "delta": 1.496595}}
{"target": -1.7772643597229667, "params": {"model__colsample_bylevel": 1.0, "model__colsample_bynode": 0.3, "model__colsample_bytree": 1.0, "model__learning_rate": 0.1, "model__max_depth": 3.7488720855258557, "model__n_estimators": 16.43973117213956, "model__reg_lambda": 1.6401675395745237}, "datetime": {"datetime": "2021-03-27 15:12:26", "elapsed": 122.585516, "delta": 2.099653}}
{"target": -1.7237273661230788, "params": {"model__colsample_bylevel": 0.3, "model__colsample_bynode": 1.0, "model__colsample_bytree": 1.0, "model__learning_rate": 0.3, "model__max_depth": 2.0, "model__n_estimators": 16.698463970226033, "model__reg_lambda": 8.081347560786543}, "datetime": {"datetime": "2021-03-27 15:12:27", "elapsed": 124.013895, "delta": 1.428379}}
{"target": -1.7808196756286896, "params": {"model__colsample_bylevel": 1.0, "model__colsample_bynode": 0.3, "model__colsample_bytree": 1.0, "model__learning_rate": 0.1, "model__max_depth": 8.0, "model__n_estimators": 23.0581008269829, "model__reg_lambda": 8.038741491182966}, "datetime": {"datetime": "2021-03-27 15:12:29", "elapsed": 125.894252, "delta": 1.880357}}
{"target": -1.7778486221812773, "params": {"model__colsample_bylevel": 0.3, "model__colsample_bynode": 0.3, "model__colsample_bytree": 1.0, "model__learning_rate": 0.1, "model__max_depth": 8.0, "model__n_estimators": 19.39728246709656, "model__reg_lambda": 4.049623777467665}, "datetime": {"datetime": "2021-03-27 15:12:31", "elapsed": 127.80199, "delta": 1.907738}}
{"target": -1.7388890658167824, "params": {"model__colsample_bylevel": 0.3, "model__colsample_bynode": 0.3, "model__colsample_bytree": 1.0, "model__learning_rate": 0.1, "model__max_depth": 6.461683364504172, "model__n_estimators": 22.88331265755016, "model__reg_lambda": 2.8745936099367086}, "datetime": {"datetime": "2021-03-27 15:12:33", "elapsed": 129.497082, "delta": 1.695092}}
{"target": -1.8040267985152163, "params": {"model__colsample_bylevel": 0.3, "model__colsample_bynode": 1.0, "model__colsample_bytree": 0.3, "model__learning_rate": 0.3, "model__max_depth": 2.0, "model__n_estimators": 15.0, "model__reg_lambda": 10.0}, "datetime": {"datetime": "2021-03-27 15:12:34", "elapsed": 131.022746, "delta": 1.525664}}
{"target": -1.7824249889431658, "params": {"model__colsample_bylevel": 1.0, "model__colsample_bynode": 1.0, "model__colsample_bytree": 1.0, "model__learning_rate": 0.3, "model__max_depth": 6.937922403534926, "model__n_estimators": 15.0, "model__reg_lambda": 8.661327276039056}, "datetime": {"datetime": "2021-03-27 15:12:36", "elapsed": 132.750671, "delta": 1.727925}}
{"target": -1.7333802962648694, "params": {"model__colsample_bylevel": 1.0, "model__colsample_bynode": 1.0, "model__colsample_bytree": 1.0, "model__learning_rate": 0.3, "model__max_depth": 2.0, "model__n_estimators": 16.856262215055068, "model__reg_lambda": 2.7430509269993295}, "datetime": {"datetime": "2021-03-27 15:12:38", "elapsed": 134.560861, "delta": 1.81019}}
{"target": -1.7210488234741104, "params": {"model__colsample_bylevel": 1.0, "model__colsample_bynode": 1.0, "model__colsample_bytree": 1.0, "model__learning_rate": 0.1, "model__max_depth": 2.0, "model__n_estimators": 30.0, "model__reg_lambda": 0.0}, "datetime": {"datetime": "2021-03-27 15:12:39", "elapsed": 136.087135, "delta": 1.526274}}
{"target": -1.7349839390080046, "params": {"model__colsample_bylevel": 0.3, "model__colsample_bynode": 0.3, "model__colsample_bytree": 1.0, "model__learning_rate": 0.3, "model__max_depth": 8.0, "model__n_estimators": 19.38135645354369, "model__reg_lambda": 10.0}, "datetime": {"datetime": "2021-03-27 15:12:41", "elapsed": 137.85685, "delta": 1.769715}}
{"target": -1.7564338655143543, "params": {"model__colsample_bylevel": 0.3, "model__colsample_bynode": 1.0, "model__colsample_bytree": 1.0, "model__learning_rate": 0.1, "model__max_depth": 3.2020566577665317, "model__n_estimators": 30.0, "model__reg_lambda": 8.5763167121821}, "datetime": {"datetime": "2021-03-27 15:12:43", "elapsed": 139.627802, "delta": 1.770952}}
{"target": -1.8891796445501021, "params": {"model__colsample_bylevel": 0.3, "model__colsample_bynode": 0.3, "model__colsample_bytree": 0.3, "model__learning_rate": 0.1, "model__max_depth": 8.0, "model__n_estimators": 25.315956412329133, "model__reg_lambda": 10.0}, "datetime": {"datetime": "2021-03-27 15:12:45", "elapsed": 141.328829, "delta": 1.701027}}
{"target": -1.7393501146332078, "params": {"model__colsample_bylevel": 1.0, "model__colsample_bynode": 0.3, "model__colsample_bytree": 1.0, "model__learning_rate": 0.1, "model__max_depth": 8.0, "model__n_estimators": 23.616449945589356, "model__reg_lambda": 2.6655288935597645}, "datetime": {"datetime": "2021-03-27 15:12:46", "elapsed": 142.904717, "delta": 1.575888}}
{"target": -1.7573051256114158, "params": {"model__colsample_bylevel": 0.3, "model__colsample_bynode": 0.3, "model__colsample_bytree": 1.0, "model__learning_rate": 0.1, "model__max_depth": 8.0, "model__n_estimators": 30.0, "model__reg_lambda": 10.0}, "datetime": {"datetime": "2021-03-27 15:12:48", "elapsed": 144.536026, "delta": 1.631309}}
{"target": -1.708464207651391, "params": {"model__colsample_bylevel": 0.3, "model__colsample_bynode": 0.3, "model__colsample_bytree": 1.0, "model__learning_rate": 0.3, "model__max_depth": 2.0, "model__n_estimators": 30.0, "model__reg_lambda": 10.0}, "datetime": {"datetime": "2021-03-27 15:12:50", "elapsed": 146.440588, "delta": 1.904562}}
{"target": -1.732590125684721, "params": {"model__colsample_bylevel": 1.0, "model__colsample_bynode": 1.0, "model__colsample_bytree": 1.0, "model__learning_rate": 0.3, "model__max_depth": 2.0, "model__n_estimators": 21.17795775827342, "model__reg_lambda": 8.249895867417614}, "datetime": {"datetime": "2021-03-27 15:12:52", "elapsed": 148.267391, "delta": 1.826803}}
{"target": -1.7495879205456677, "params": {"model__colsample_bylevel": 1.0, "model__colsample_bynode": 0.3, "model__colsample_bytree": 1.0, "model__learning_rate": 0.1, "model__max_depth": 3.7386542247231946, "model__n_estimators": 21.56575281504492, "model__reg_lambda": 2.282214877640482}, "datetime": {"datetime": "2021-03-27 15:12:53", "elapsed": 149.847017, "delta": 1.579626}}
{"target": -1.7522154817222684, "params": {"model__colsample_bylevel": 0.3, "model__colsample_bynode": 0.3, "model__colsample_bytree": 1.0, "model__learning_rate": 0.1, "model__max_depth": 2.0, "model__n_estimators": 21.082513349841317, "model__reg_lambda": 0.0}, "datetime": {"datetime": "2021-03-27 15:12:55", "elapsed": 151.895658, "delta": 2.048641}}
{"target": -1.737753477940957, "params": {"model__colsample_bylevel": 1.0, "model__colsample_bynode": 1.0, "model__colsample_bytree": 1.0, "model__learning_rate": 0.3, "model__max_depth": 2.0, "model__n_estimators": 24.411686433660297, "model__reg_lambda": 8.271687394495967}, "datetime": {"datetime": "2021-03-27 15:12:57", "elapsed": 153.656535, "delta": 1.760877}}
{"target": -1.7819052966986444, "params": {"model__colsample_bylevel": 1.0, "model__colsample_bynode": 0.3, "model__colsample_bytree": 1.0, "model__learning_rate": 0.3, "model__max_depth": 8.0, "model__n_estimators": 17.327129163422846, "model__reg_lambda": 3.9376807289289197}, "datetime": {"datetime": "2021-03-27 15:12:59", "elapsed": 155.462793, "delta": 1.806258}}
{"target": -1.7082344645715282, "params": {"model__colsample_bylevel": 0.3, "model__colsample_bynode": 0.3, "model__colsample_bytree": 1.0, "model__learning_rate": 0.3, "model__max_depth": 2.0, "model__n_estimators": 18.869795103394257, "model__reg_lambda": 7.422451508625184}, "datetime": {"datetime": "2021-03-27 15:13:00", "elapsed": 156.940988, "delta": 1.478195}}
{"target": -1.92835723872202, "params": {"model__colsample_bylevel": 1.0, "model__colsample_bynode": 0.3, "model__colsample_bytree": 0.3, "model__learning_rate": 0.1, "model__max_depth": 8.0, "model__n_estimators": 15.0, "model__reg_lambda": 1.5928248731557773}, "datetime": {"datetime": "2021-03-27 15:13:02", "elapsed": 159.120658, "delta": 2.17967}}
{"target": -1.7549858998507262, "params": {"model__colsample_bylevel": 0.3, "model__colsample_bynode": 1.0, "model__colsample_bytree": 1.0, "model__learning_rate": 0.3, "model__max_depth": 3.645803816815739, "model__n_estimators": 16.468822733928913, "model__reg_lambda": 3.2005055522443615}, "datetime": {"datetime": "2021-03-27 15:13:04", "elapsed": 161.050183, "delta": 1.929525}}
{"target": -1.7997287248679694, "params": {"model__colsample_bylevel": 1.0, "model__colsample_bynode": 1.0, "model__colsample_bytree": 1.0, "model__learning_rate": 0.1, "model__max_depth": 5.382144674201197, "model__n_estimators": 28.692300122228474, "model__reg_lambda": 2.166094468623498}, "datetime": {"datetime": "2021-03-27 15:13:06", "elapsed": 162.83054, "delta": 1.780357}}
{"target": -1.7776390671514082, "params": {"model__colsample_bylevel": 0.3, "model__colsample_bynode": 0.3, "model__colsample_bytree": 1.0, "model__learning_rate": 0.1, "model__max_depth": 6.5755059702870104, "model__n_estimators": 23.583775656228774, "model__reg_lambda": 8.673001754472946}, "datetime": {"datetime": "2021-03-27 15:13:08", "elapsed": 164.623854, "delta": 1.793314}}
{"target": -1.7454848036385964, "params": {"model__colsample_bylevel": 0.3, "model__colsample_bynode": 0.3, "model__colsample_bytree": 1.0, "model__learning_rate": 0.1, "model__max_depth": 2.0, "model__n_estimators": 24.03398992415909, "model__reg_lambda": 1.1098327978059819}, "datetime": {"datetime": "2021-03-27 15:13:10", "elapsed": 166.74268, "delta": 2.118826}}
{"target": -1.8370408214871652, "params": {"model__colsample_bylevel": 0.3, "model__colsample_bynode": 1.0, "model__colsample_bytree": 1.0, "model__learning_rate": 0.3, "model__max_depth": 8.0, "model__n_estimators": 15.0, "model__reg_lambda": 1.1426278834927948}, "datetime": {"datetime": "2021-03-27 15:13:12", "elapsed": 168.586045, "delta": 1.843365}}
{"target": -1.8342289546045705, "params": {"model__colsample_bylevel": 1.0, "model__colsample_bynode": 1.0, "model__colsample_bytree": 1.0, "model__learning_rate": 0.3, "model__max_depth": 8.0, "model__n_estimators": 15.0, "model__reg_lambda": 4.313887268878935}, "datetime": {"datetime": "2021-03-27 15:13:14", "elapsed": 170.637804, "delta": 2.051759}}
{"target": -1.8241980371915776, "params": {"model__colsample_bylevel": 0.3, "model__colsample_bynode": 0.3, "model__colsample_bytree": 0.3, "model__learning_rate": 0.3, "model__max_depth": 8.0, "model__n_estimators": 15.0, "model__reg_lambda": 8.64986866171047}, "datetime": {"datetime": "2021-03-27 15:13:16", "elapsed": 172.642785, "delta": 2.004981}}
{"target": -1.7310688408064667, "params": {"model__colsample_bylevel": 1.0, "model__colsample_bynode": 0.3, "model__colsample_bytree": 1.0, "model__learning_rate": 0.1, "model__max_depth": 6.231911846869341, "model__n_estimators": 30.0, "model__reg_lambda": 4.5836336837050915}, "datetime": {"datetime": "2021-03-27 15:13:18", "elapsed": 174.365147, "delta": 1.722362}}
{"target": -1.8186178175786485, "params": {"model__colsample_bylevel": 1.0, "model__colsample_bynode": 0.3, "model__colsample_bytree": 1.0, "model__learning_rate": 0.3, "model__max_depth": 6.320128516633593, "model__n_estimators": 15.0, "model__reg_lambda": 1.9752076298139583}, "datetime": {"datetime": "2021-03-27 15:13:20", "elapsed": 176.43519, "delta": 2.070043}}
{"target": -1.7338495892567045, "params": {"model__colsample_bylevel": 1.0, "model__colsample_bynode": 0.3, "model__colsample_bytree": 1.0, "model__learning_rate": 0.1, "model__max_depth": 8.0, "model__n_estimators": 29.8588831376298, "model__reg_lambda": 1.7336002649710018}, "datetime": {"datetime": "2021-03-27 15:13:22", "elapsed": 178.468984, "delta": 2.033794}}
{"target": -1.748043570937454, "params": {"model__colsample_bylevel": 0.3, "model__colsample_bynode": 0.3, "model__colsample_bytree": 1.0, "model__learning_rate": 0.3, "model__max_depth": 5.56791894005677, "model__n_estimators": 16.400898082105748, "model__reg_lambda": 6.187440526214767}, "datetime": {"datetime": "2021-03-27 15:13:24", "elapsed": 180.351112, "delta": 1.882128}}
{"target": -1.7224384176288396, "params": {"model__colsample_bylevel": 0.3, "model__colsample_bynode": 0.3, "model__colsample_bytree": 1.0, "model__learning_rate": 0.3, "model__max_depth": 2.0, "model__n_estimators": 15.0, "model__reg_lambda": 3.018942276592445}, "datetime": {"datetime": "2021-03-27 15:13:25", "elapsed": 181.716801, "delta": 1.365689}}
{"target": -1.7989851907111596, "params": {"model__colsample_bylevel": 1.0, "model__colsample_bynode": 1.0, "model__colsample_bytree": 1.0, "model__learning_rate": 0.1, "model__max_depth": 8.0, "model__n_estimators": 21.122506406069324, "model__reg_lambda": 5.98204798344162}, "datetime": {"datetime": "2021-03-27 15:13:27", "elapsed": 183.898191, "delta": 2.18139}}
{"target": -1.7431152294187442, "params": {"model__colsample_bylevel": 1.0, "model__colsample_bynode": 1.0, "model__colsample_bytree": 1.0, "model__learning_rate": 0.1, "model__max_depth": 2.0, "model__n_estimators": 30.0, "model__reg_lambda": 3.1141620900907476}, "datetime": {"datetime": "2021-03-27 15:13:29", "elapsed": 185.298375, "delta": 1.400184}}
{"target": -1.7408911738166775, "params": {"model__colsample_bylevel": 0.3, "model__colsample_bynode": 1.0, "model__colsample_bytree": 1.0, "model__learning_rate": 0.3, "model__max_depth": 3.5358660857363287, "model__n_estimators": 15.0, "model__reg_lambda": 8.249959289913445}, "datetime": {"datetime": "2021-03-27 15:13:30", "elapsed": 187.143954, "delta": 1.845579}}
{"target": -1.7348095341653065, "params": {"model__colsample_bylevel": 0.3, "model__colsample_bynode": 1.0, "model__colsample_bytree": 1.0, "model__learning_rate": 0.3, "model__max_depth": 8.0, "model__n_estimators": 18.495064735311, "model__reg_lambda": 8.224248551797851}, "datetime": {"datetime": "2021-03-27 15:13:32", "elapsed": 189.014828, "delta": 1.870874}}
{"target": -1.7104253610515077, "params": {"model__colsample_bylevel": 1.0, "model__colsample_bynode": 0.3, "model__colsample_bytree": 1.0, "model__learning_rate": 0.3, "model__max_depth": 2.0, "model__n_estimators": 20.42343720457903, "model__reg_lambda": 5.510883405514963}, "datetime": {"datetime": "2021-03-27 15:13:34", "elapsed": 190.425788, "delta": 1.41096}}
{"target": -1.76240181773901, "params": {"model__colsample_bylevel": 0.3, "model__colsample_bynode": 1.0, "model__colsample_bytree": 1.0, "model__learning_rate": 0.1, "model__max_depth": 6.2833377425250205, "model__n_estimators": 22.841063519239253, "model__reg_lambda": 5.683499341364399}, "datetime": {"datetime": "2021-03-27 15:13:36", "elapsed": 192.353932, "delta": 1.928144}}
