{"target": -1.7855191995052322, "params": {"model__colsample_bylevel": 0.3, "model__colsample_bynode": 1.0, "model__colsample_bytree": 0.3, "model__learning_rate": 0.3, "model__max_depth": 2.0, "model__n_estimators": 15.0, "model__reg_lambda": 3.6392100770206617}, "datetime": {"datetime": "2021-03-27 15:13:38", "elapsed": 194.575573, "delta": 2.221641}}
{"target": -1.8341537383803423, "params": {"model__colsample_bylevel": 0.3, "model__colsample_bynode": 0.3, "model__colsample_bytree": 1.0, "model__learning_rate": 0.1, "model__max_depth": 8.0, "model__n_estimators": 17.020290121407257, "model__reg_lambda": 10.0}, "datetime": {"datetime": "2021-03-27 15:13:40", "elapsed": 196.36607, "delta": 1.790497}}
{"target": -1.7731484609615542, "params": {"model__colsample_bylevel": 0.3, "model__colsample_bynode": 0.3, "model__colsample_bytree": 1.0, "model__learning_rate": 0.3, "model__max_depth": 3.4350777380767243, "model__n_estimators": 15.0, "model__reg_lambda": 0.0}, "datetime": {"datetime": "2021-03-27 15:13:41", "elapsed": 197.954106, "delta": 1.588036}}
{"target": -1.7361935612192188, "params": {"model__colsample_bylevel": 0.3, "model__colsample_bynode": 0.3, "model__colsample_bytree": 1.0, "model__learning_rate": 0.3, "model__max_depth": 5.101923206663201, "model__n_estimators": 19.272634714505084, "model__reg_lambda": 9.000813312274813}, "datetime": {"datetime": "2021-03-27 15:13:43", "elapsed": 199.902742, "delta": 1.948636}}
{"target": -1.8053500356665555, "params": {"model__colsample_bylevel": 1.0, "model__colsample_bynode": 0.3, "model__colsample_bytree": 0.3, "model__learning_rate": 0.3, "model__max_depth": 8.0, "model__n_estimators": 21.60624745659408, "model__reg_lambda": 10.0}, "datetime": {"datetime": "2021-03-27 15:13:45", "elapsed": 202.144459, "delta": 2.241717}}
{"target": -1.72271647343709, "params": {"model__colsample_bylevel": 0.3, "model__colsample_bynode": 0.3, "model__colsample_bytree": 1.0, "model__learning_rate": 0.3, "model__max_depth": 3.402319616504008, "model__n_estimators": 18.814379176873967, "model__reg_lambda": 5.77272823603372}, "datetime": {"datetime": "2021-03-27 15:13:47", "elapsed": 203.723968, "delta": 1.579509}}
{"target": -1.7848465183830782, "params": {"model__colsample_bylevel": 1.0, "model__colsample_bynode": 1.0, "model__colsample_bytree": 1.0, "model__learning_rate": 0.1, "model__max_depth": 8.0, "model__n_estimators": 30.0, "model__reg_lambda": 8.06937211777494}, "datetime": {"datetime": "2021-03-27 15:13:49", "elapsed": 205.477141, "delta": 1.753173}}
{"target": -1.76431802349516, "params": {"model__colsample_bylevel": 0.3, "model__colsample_bynode": 0.3, "model__colsample_bytree": 1.0, "model__learning_rate": 0.3, "model__max_depth": 3.2005137186602455, "model__n_estimators": 18.73996964796428, "model__reg_lambda": 1.1740300590643808}, "datetime": {"datetime": "2021-03-27 15:13:51", "elapsed": 207.760988, "delta": 2.283847}}
{"target": -1.85589539370891, "params": {"model__colsample_bylevel": 1.0, "model__colsample_bynode": 1.0, "model__colsample_bytree": 1.0, "model__learning_rate": 0.3, "model__max_depth": 3.6669091134895457, "model__n_estimators": 18.89459760683707, "model__reg_lambda": 3.091220271810751}, "datetime": {"datetime": "2021-03-27 15:13:53", "elapsed": 209.898962, "delta": 2.137974}}
{"target": -1.7412100142974782, "params": {"model__colsample_bylevel": 1.0, "model__colsample_bynode": 0.3, "model__colsample_bytree": 1.0, "model__learning_rate": 0.3, "model__max_depth": 8.0, "model__n_estimators": 17.938345091288536, "model__reg_lambda": 7.356455101024211}, "datetime": {"datetime": "2021-03-27 15:13:55", "elapsed": 211.989788, "delta": 2.090826}}
{"target": -1.8559481253658514, "params": {"model__colsample_bylevel": 1.0, "model__colsample_bynode": 1.0, "model__colsample_bytree": 0.3, "model__learning_rate": 0.1, "model__max_depth": 2.0, "model__n_estimators": 20.291653667466978, "model__reg_lambda": 0.5414442115675782}, "datetime": {"datetime": "2021-03-27 15:13:57", "elapsed": 213.954293, "delta": 1.964505}}
{"target": -1.7394745897231758, "params": {"model__colsample_bylevel": 0.3, "model__colsample_bynode": 0.3, "model__colsample_bytree": 1.0, "model__learning_rate": 0.1, "model__max_depth": 4.068086739998518, "model__n_estimators": 29.640557983817228, "model__reg_lambda": 6.156540078517731}, "datetime": {"datetime": "2021-03-27 15:13:59", "elapsed": 216.084593, "delta": 2.1303}}
{"target": -1.758072424453238, "params": {"model__colsample_bylevel": 1.0, "model__colsample_bynode": 0.3, "model__colsample_bytree": 1.0, "model__learning_rate": 0.1, "model__max_depth": 6.105163224890011, "model__n_estimators": 19.134055549022094, "model__reg_lambda": 1.9725041126131377}, "datetime": {"datetime": "2021-03-27 15:14:01", "elapsed": 218.111967, "delta": 2.027374}}
{"target": -1.748821950401517, "params": {"model__colsample_bylevel": 1.0, "model__colsample_bynode": 0.3, "model__colsample_bytree": 1.0, "model__learning_rate": 0.1, "model__max_depth": 2.0, "model__n_estimators": 27.766850976094293, "model__reg_lambda": 3.607584628438745}, "datetime": {"datetime": "2021-03-27 15:14:03", "elapsed": 219.949463, "delta": 1.837496}}
{"target": -1.7427336685035537, "params": {"model__colsample_bylevel": 1.0, "model__colsample_bynode": 0.3, "model__colsample_bytree": 1.0, "model__learning_rate": 0.1, "model__max_depth": 5.9902935343853585, "model__n_estimators": 22.6963996580303, "model__reg_lambda": 1.3569455579834833}, "datetime": {"datetime": "2021-03-27 15:14:05", "elapsed": 221.908523, "delta": 1.95906}}
{"target": -1.733935567358698, "params": {"model__colsample_bylevel": 0.3, "model__colsample_bynode": 1.0, "model__colsample_bytree": 1.0, "model__learning_rate": 0.3, "model__max_depth": 4.28179797082899, "model__n_estimators": 18.97550559706661, "model__reg_lambda": 10.0}, "datetime": {"datetime": "2021-03-27 15:14:07", "elapsed": 223.708921, "delta": 1.800398}}
{"target": -1.721217248291857, "params": {"model__colsample_bylevel": 1.0, "model__colsample_bynode": 0.3, "model__colsample_bytree": 1.0, "model__learning_rate": 0.3, "model__max_depth": 3.2717482003191614, "model__n_estimators": 30.0, "model__reg_lambda": 10.0}, "datetime": {"datetime": "2021-03-27 15:14:09", "elapsed": 225.825373, "delta": 2.116452}}
{"target": -1.770002986555514, "params": {"model__colsample_bylevel": 1.0, "model__colsample_bynode": 0.3, "model__colsample_bytree": 0.3, "model__learning_rate": 0.3, "model__max_depth": 2.0, "model__n_estimators": 22.742807127635857, "model__reg_lambda": 10.0}, "datetime": {"datetime": "2021-03-27 15:14:11", "elapsed": 227.546727, "delta": 1.721354}}
{"target": -1.7128031287396301, "params": {"model__colsample_bylevel": 0.3, "model__colsample_bynode": 0.3, "model__colsample_bytree": 1.0, "model__learning_rate": 0.3, "model__max_depth": 2.0, "model__n_estimators": 16.77605489201377, "model__reg_lambda": 3.944559346046218}, "datetime": {"datetime": "2021-03-27 15:14:13", "elapsed": 229.428429, "delta": 1.881702}}
{"target": -1.810386350394591, "params": {"model__colsample_bylevel": 1.0, "model__colsample_bynode": 1.0, "model__colsample_bytree": 1.0, "model__learning_rate": 0.3, "model__max_depth": 2.971816489032807, "model__n_estimators": 15.0, "model__reg_lambda": 1.636739431250604}, "datetime": {"datetime": "2021-03-27 15:14:15", "elapsed": 231.438679, "delta": 2.01025}}
{"target": -1.7388745074578817, "params": {"model__colsample_bylevel": 0.3, "model__colsample_bynode": 0.3, "model__colsample_bytree": 1.0, "model__learning_rate": 0.3, "model__max_depth": 4.095234851655953, "model__n_estimators": 15.0, "model__reg_lambda": 6.482643765422587}, "datetime": {"datetime": "2021-03-27 15:14:17", "elapsed": 233.450519, "delta": 2.01184}}
{"target": -1.7674906435868014, "params": {"model__colsample_bylevel": 1.0, "model__colsample_bynode": 1.0, "model__colsample_bytree": 1.0, "model__learning_rate": 0.3, "model__max_depth": 2.0, "model__n_estimators": 17.10391898621742, "model__reg_lambda": 0.0}, "datetime": {"datetime": "2021-03-27 15:14:19", "elapsed": 235.418394, "delta": 1.967875}}
{"target": -1.743057554852271, "params": {"model__colsample_bylevel": 0.3, "model__colsample_bynode": 1.0, "model__colsample_bytree": 1.0, "model__learning_rate": 0.1, "model__max_depth": 2.0, "model__n_estimators": 23.361491618765875, "model__reg_lambda": 0.0}, "datetime": {"datetime": "2021-03-27 15:14:21", "elapsed": 237.746583, "delta": 2.328189}}
{"target": -1.7918000405195396, "params": {"model__colsample_bylevel": 1.0, "model__colsample_bynode": 1.0, "model__colsample_bytree": 1.0, "model__learning_rate": 0.3, "model__max_depth": 5.797202795627067, "model__n_estimators": 18.3306438827489, "model__reg_lambda": 8.948973255848864}, "datetime": {"datetime": "2021-03-27 15:14:23", "elapsed": 239.735162, "delta": 1.988579}}
{"target": -1.7589633507249147, "params": {"model__colsample_bylevel": 0.3, "model__colsample_bynode": 1.0, "model__colsample_bytree": 1.0, "model__learning_rate": 0.1, "model__max_depth": 4.876480782149753, "model__n_estimators": 26.552285754395303, "model__reg_lambda": 7.315435768861183}, "datetime": {"datetime": "2021-03-27 15:14:25", "elapsed": 241.748525, "delta": 2.013363}}
{"target": -1.7362461110280045, "params": {"model__colsample_bylevel": 0.3, "model__colsample_bynode": 0.3, "model__colsample_bytree": 1.0, "model__learning_rate": 0.3, "model__max_depth": 5.849362125691708, "model__n_estimators": 15.0, "model__reg_lambda": 8.171002644859868}, "datetime": {"datetime": "2021-03-27 15:14:27", "elapsed": 244.020246, "delta": 2.271721}}
{"target": -1.7438545239792353, "params": {"model__colsample_bylevel": 1.0, "model__colsample_bynode": 0.3, "model__colsample_bytree": 1.0, "model__learning_rate": 0.3, "model__max_depth": 3.635916592722918, "model__n_estimators": 15.0, "model__reg_lambda": 10.0}, "datetime": {"datetime": "2021-03-27 15:14:29", "elapsed": 245.615063, "delta": 1.594817}}
{"target": -1.7296806959570319, "params": {"model__colsample_bylevel": 0.9561047051720482, "model__colsample_bynode": 0.9338159203387733, "model__colsample_bytree": 0.9682138898335122, "model__learning_rate": 0.2478976056361025, "model__max_depth": 2.020468117145506, "model__n_estimators": 23.93588060323592, "model__reg_lambda": 6.061799101225297}, "datetime": {"datetime": "2021-03-27 15:14:31", "elapsed": 247.428242, "delta": 1.813179}}
{"target": -1.758723686333152, "params": {"model__colsample_bylevel": 1.0, "model__colsample_bynode": 0.3, "model__colsample_bytree": 1.0, "model__learning_rate": 0.1, "model__max_depth": 2.775569943542317, "model__n_estimators": 23.80777176549488, "model__reg_lambda": 4.937202907396641}, "datetime": {"datetime": "2021-03-27 15:14:32", "elapsed": 248.963229, "delta": 1.534987}}
{"target": -1.7867923552791276, "params": {"model__colsample_bylevel": 1.0, "model__colsample_bynode": 1.0, "model__colsample_bytree": 1.0, "model__learning_rate": 0.3, "model__max_depth": 3.3130835968934456, "model__n_estimators": 22.535587045693706, "model__reg_lambda": 7.020871339086374}, "datetime": {"datetime": "2021-03-27 15:14:34", "elapsed": 250.563511, "delta": 1.600282}}
{"target": -1.744886940026629, "params": {"model__colsample_bylevel": 0.3, "model__colsample_bynode": 1.0, "model__colsample_bytree": 1.0, "model__learning_rate": 0.3, "model__max_depth": 8.0, "model__n_estimators": 16.102463794119558, "model__reg_lambda": 7.341016512808657}, "datetime": {"datetime": "2021-03-27 15:14:36", "elapsed": 252.404015, "delta": 1.840504}}
{"target": -1.7462771616822135, "params": {"model__colsample_bylevel": 0.3, "model__colsample_bynode": 1.0, "model__colsample_bytree": 1.0, "model__learning_rate": 0.3, "model__max_depth": 5.562787087982965, "model__n_estimators": 20.72351177612285, "model__reg_lambda": 7.1278717137956615}, "datetime": {"datetime": "2021-03-27 15:14:38", "elapsed": 254.529455, "delta": 2.12544}}
{"target": -1.704979806193623, "params": {"model__colsample_bylevel": 1.0, "model__colsample_bynode": 0.3, "model__colsample_bytree": 1.0, "model__learning_rate": 0.3, "model__max_depth": 2.0, "model__n_estimators": 25.855249853236668, "model__reg_lambda": 6.931845726003966}, "datetime": {"datetime": "2021-03-27 15:14:39", "elapsed": 256.08994, "delta": 1.560485}}
{"target": -1.7680181883815407, "params": {"model__colsample_bylevel": 1.0, "model__colsample_bynode": 0.3, "model__colsample_bytree": 0.3, "model__learning_rate": 0.3, "model__max_depth": 2.0, "model__n_estimators": 20.469313721359192, "model__reg_lambda": 7.678862513592736}, "datetime": {"datetime": "2021-03-27 15:14:41", "elapsed": 257.931246, "delta": 1.841306}}
{"target": -1.751988674527493, "params": {"model__colsample_bylevel": 0.3, "model__colsample_bynode": 1.0, "model__colsample_bytree": 1.0, "model__learning_rate": 0.1, "model__max_depth": 8.0, "model__n_estimators": 25.34201672070016, "model__reg_lambda": 5.535010215515774}, "datetime": {"datetime": "2021-03-27 15:14:43", "elapsed": 260.014998, "delta": 2.083752}}
{"target": -1.8162235158077185, "params": {"model__colsample_bylevel": 1.0, "model__colsample_bynode": 1.0, "model__colsample_bytree": 1.0, "model__learning_rate": 0.3, "model__max_depth": 6.0848815502352, "model__n_estimators": 24.449614317827795, "model__reg_lambda": 10.0}, "datetime": {"datetime": "2021-03-27 15:14:45", "elapsed": 262.026174, "delta": 2.011176}}
{"target": -1.7324025106170904, "params": {"model__colsample_bylevel": 0.3, "model__colsample_bynode": 0.3, "model__colsample_bytree": 1.0, "model__learning_rate": 0.1, "model__max_depth": 8.0, "model__n_estimators": 30.0, "model__reg_lambda": 4.184553694340213}, "datetime": {"datetime": "2021-03-27 15:14:47", "elapsed": 264.168074, "delta": 2.1419}}
{"target": -1.7375944269362136, "params": {"model__colsample_bylevel": 1.0, "model__colsample_bynode": 0.3, "model__colsample_bytree": 1.0, "model__learning_rate": 0.3, "model__max_depth": 4.958013346328156, "model__n_estimators": 26.7578564905405, "model__reg_lambda": 10.0}, "datetime": {"datetime": "2021-03-27 15:14:50", "elapsed": 266.277885, "delta": 2.109811}}
{"target": -1.802866624436085, "params": {"model__colsample_bylevel": 1.0, "model__colsample_bynode": 1.0, "model__colsample_bytree": 1.0, "model__learning_rate": 0.1, "model__max_depth": 8.0, "model__n_estimators": 20.782417874950163, "model__reg_lambda": 3.238934521262076}, "datetime": {"datetime": "2021-03-27 15:14:51", "elapsed": 268.068183, "delta": 1.790298}}
{"target": -1.7106061593615922, "params": {"model__colsample_bylevel": 1.0, "model__colsample_bynode": 0.3, "model__colsample_bytree": 1.0, "model__learning_rate": 0.3, "model__max_depth": 2.0, "model__n_estimators": 28.24916222831258, "model__reg_lambda": 7.931320348250879}, "datetime": {"datetime": "2021-03-27 15:14:53", "elapsed": 270.019827, "delta": 1.951644}}
{"target": -1.7070939547341801, "params": {"model__colsample_bylevel": 0.3, "model__colsample_bynode": 0.3, "model__colsample_bytree": 1.0, "model__learning_rate": 0.3, "model__max_depth": 2.0, "model__n_estimators": 21.250817448940644, "model__reg_lambda": 4.1560171766076}, "datetime": {"datetime": "2021-03-27 15:14:55", "elapsed": 271.811674, "delta": 1.791847}}
{"target": -1.8014297955278036, "params": {"model__colsample_bylevel": 1.0, "model__colsample_bynode": 0.3, "model__colsample_bytree": 0.3, "model__learning_rate": 0.3, "model__max_depth": 3.9634161768915996, "model__n_estimators": 20.978410645954447, "model__reg_lambda": 10.0}, "datetime": {"datetime": "2021-03-27 15:14:57", "elapsed": 273.485906, "delta": 1.674232}}
{"target": -1.7132917311852391, "params": {"model__colsample_bylevel": 0.3, "model__colsample_bynode": 1.0, "model__colsample_bytree": 1.0, "model__learning_rate": 0.3, "model__max_depth": 2.0, "model__n_estimators": 19.240487911737613, "model__reg_lambda": 8.222883154973022}, "datetime": {"datetime": "2021-03-27 15:14:59", "elapsed": 275.371495, "delta": 1.885589}}
{"target": -1.7078844375908375, "params": {"model__colsample_bylevel": 1.0, "model__colsample_bynode": 0.3, "model__colsample_bytree": 1.0, "model__learning_rate": 0.3, "model__max_depth": 2.9176459405824993, "model__n_estimators": 19.254179228959124, "model__reg_lambda": 7.956412214742081}, "datetime": {"datetime": "2021-03-27 15:15:00", "elapsed": 277.129877, "delta": 1.758382}}
{"target": -1.7552649799518396, "params": {"model__colsample_bylevel": 0.3, "model__colsample_bynode": 0.3, "model__colsample_bytree": 1.0, "model__learning_rate": 0.3, "model__max_depth": 6.5717504947294545, "model__n_estimators": 27.253033395775617, "model__reg_lambda": 8.642083329866088}, "datetime": {"datetime": "2021-03-27 15:15:02", "elapsed": 279.025091, "delta": 1.895214}}
{"target": -1.7328526920382525, "params": {"model__colsample_bylevel": 0.3, "model__colsample_bynode": 0.3, "model__colsample_bytree": 1.0, "model__learning_rate": 0.1, "model__max_depth": 3.6980056884324704, "model__n_estimators": 22.401740222697942, "model__reg_lambda": 1.1825653713962596}, "datetime": {"datetime": "2021-03-27 15:15:04", "elapsed": 280.72582, "delta": 1.700729}}
{"target": -1.773777191362519, "params": {"model__colsample_bylevel": 0.3, "model__colsample_bynode": 0.3, "model__colsample_bytree": 1.0, "model__learning_rate": 0.1, "model__max_depth": 3.2462061937587485, "model__n_estimators": 28.214258623694835, "model__reg_lambda": 10.0}, "datetime": {"datetime": "2021-03-27 15:15:06", "elapsed": 282.719846, "delta": 1.994026}}
{"target": -1.766418562311193, "params": {"model__colsample_bylevel": 0.3, "model__colsample_bynode": 0.3, "model__colsample_bytree": 1.0, "model__learning_rate": 0.1, "model__max_depth": 5.449955820362666, "model__n_estimators": 19.294678011619613, "model__reg_lambda": 3.298846234001098}, "datetime": {"datetime": "2021-03-27 15:15:08", "elapsed": 284.726183, "delta": 2.006337}}
{"target": -1.7062317612108544, "params": {"model__colsample_bylevel": 0.3, "model__colsample_bynode": 0.3, "model__colsample_bytree": 1.0, "model__learning_rate": 0.3, "model__max_depth": 2.0, "model__n_estimators": 16.930257409121687, "model__reg_lambda": 1.9877280597195017}, "datetime": {"datetime": "2021-03-27 15:15:10", "elapsed": 286.575268, "delta": 1.849085}}
{"target": -1.7975341857991356, "params": {"model__colsample_bylevel": 0.3, "model__colsample_bynode": 1.0, "model__colsample_bytree": 1.0, "model__learning_rate": 0.1, "model__max_depth": 4.231092221846597, "model__n_estimators": 20.68424236996262, "model__reg_lambda": 8.694706859411559}, "datetime": {"datetime": "2021-03-27 15:15:12", "elapsed": 288.356063, "delta": 1.780795}}
{"target": -1.7194957001701645, "params": {"model__colsample_bylevel": 0.3, "model__colsample_bynode": 0.7296409741776424, "model__colsample_bytree": 1.0, "model__learning_rate": 0.3, "model__max_depth": 3.1535641238977368, "model__n_estimators": 18.0504236062214, "model__reg_lambda": 6.769653642282068}, "datetime": {"datetime": "2021-03-27 15:15:13", "elapsed": 289.885114, "delta": 1.529051}}
{"target": -1.785646995972248, "params": {"model__colsample_bylevel": 1.0, "model__colsample_bynode": 0.3, "model__colsample_bytree": 1.0, "model__learning_rate": 0.1, "model__max_depth": 8.0, "model__n_estimators": 21.0572052296677, "model__reg_lambda": 0.0}, "datetime": {"datetime": "2021-03-27 15:15:15", "elapsed": 292.060434, "delta": 2.17532}}
{"target": -1.7347196570881038, "params": {"model__colsample_bylevel": 1.0, "model__colsample_bynode": 0.3, "model__colsample_bytree": 1.0, "model__learning_rate": 0.1, "model__max_depth": 3.026812225811743, "model__n_estimators": 22.669741904033664, "model__reg_lambda": 0.0699567708849059}, "datetime": {"datetime": "2021-03-27 15:15:17", "elapsed": 294.070679, "delta": 2.010245}}
{"target": -1.7674551821489264, "params": {"model__colsample_bylevel": 1.0, "model__colsample_bynode": 0.3, "model__colsample_bytree": 1.0, "model__learning_rate": 0.1, "model__max_depth": 2.0, "model__n_estimators": 18.981588254273106, "model__reg_lambda": 0.0}, "datetime": {"datetime": "2021-03-27 15:15:19", "elapsed": 295.85733, "delta": 1.786651}}
{"target": -1.719913694132929, "params": {"model__colsample_bylevel": 0.3, "model__colsample_bynode": 1.0, "model__colsample_bytree": 1.0, "model__learning_rate": 0.3, "model__max_depth": 2.0, "model__n_estimators": 22.85448844893409, "model__reg_lambda": 4.963894616886926}, "datetime": {"datetime": "2021-03-27 15:15:21", "elapsed": 297.604722, "delta": 1.747392}}
{"target": -1.711541227866774, "params": {"model__colsample_bylevel": 0.3, "model__colsample_bynode": 1.0, "model__colsample_bytree": 1.0, "model__learning_rate": 0.3, "model__max_depth": 2.0, "model__n_estimators": 22.59667593916514, "model__reg_lambda": 10.0}, "datetime": {"datetime": "2021-03-27 15:15:23", "elapsed": 299.855072, "delta": 2.25035}}
{"target": -1.7163023018102717, "params": {"model__colsample_bylevel": 0.3, "model__colsample_bynode": 1.0, "model__colsample_bytree": 1.0, "model__learning_rate": 0.3, "model__max_depth": 3.2552558527482263, "model__n_estimators": 16.42041914026487, "model__reg_lambda": 10.0}, "datetime": {"datetime": "2021-03-27 15:15:25", "elapsed": 302.119374, "delta": 2.264302}}
{"target": -1.7261470345591288, "params": {"model__colsample_bylevel": 1.0, "model__colsample_bynode": 1.0, "model__colsample_bytree": 1.0, "model__learning_rate": 0.1, "model__max_depth": 2.0, "model__n_estimators": 28.167697731515197, "model__reg_lambda": 0.785216049611478}, "datetime": {"datetime": "2021-03-27 15:15:27", "elapsed": 304.172738, "delta": 2.053364}}
{"target": -1.758083899146405, "params": {"model__colsample_bylevel": 1.0, "model__colsample_bynode": 0.3, "model__colsample_bytree": 1.0, "model__learning_rate": 0.1, "model__max_depth": 2.0, "model__n_estimators": 22.880146189138806, "model__reg_lambda": 1.5835022664002976}, "datetime": {"datetime": "2021-03-27 15:15:30", "elapsed": 306.322189, "delta": 2.149451}}
