{"target": -1.8093566118375115, "params": {"model__colsample_bylevel": 0.7197656118669662, "model__colsample_bynode": 0.7214646750503465, "model__colsample_bytree": 0.37931534877147977, "model__learning_rate": 0.14444015703665763, "model__max_depth": 2.433575141809544, "model__n_estimators": 22.57954207818872, "model__reg_lambda": 3.4509917372173025}, "datetime": {"datetime": "2021-03-27 15:10:33", "elapsed": 9.62283, "delta": 0.06996}}
{"target": -1.756232469048405, "params": {"model__colsample_bylevel": 0.43770438267170664, "model__colsample_bynode": 0.562288016838024, "model__colsample_bytree": 0.6684847059501842, "model__learning_rate": 0.24216538663414655, "model__max_depth": 5.53982800385271, "model__n_estimators": 24.586364893849456, "model__reg_lambda": 6.03761911116279}, "datetime": {"datetime": "2021-03-27 15:10:33", "elapsed": 9.720122, "delta": 0.097292}}
{"target": -1.7760569035521023, "params": {"model__colsample_bylevel": 0.5615024327662378, "model__colsample_bynode": 0.5278880157630303, "model__colsample_bytree": 0.6927994632423486, "model__learning_rate": 0.2499326997232081, "model__max_depth": 7.515144966264312, "model__n_estimators": 27.41503748405572, "model__reg_lambda": 5.537273620404508}, "datetime": {"datetime": "2021-03-27 15:10:33", "elapsed": 9.823779, "delta": 0.103657}}
{"target": -1.750942873177321, "params": {"model__colsample_bylevel": 0.8773753442334304, "model__colsample_bynode": 0.3197624374107063, "model__colsample_bytree": 0.8582648079772404, "model__learning_rate": 0.1398977410305498, "model__max_depth": 6.115045756510598, "model__n_estimators": 27.377846347953547, "model__reg_lambda": 3.1496308071503187}, "datetime": {"datetime": "2021-03-27 15:10:33", "elapsed": 9.925426, "delta": 0.101647}}
{"target": -1.8146085664845892, "params": {"model__colsample_bylevel": 0.5798231824380045, "model__colsample_bynode": 0.9899122285696411, "model__colsample_bytree": 0.4774952834387126, "model__learning_rate": 0.25106786479472265, "model__max_depth": 4.436357453829759, "model__n_estimators": 19.72844903945682, "model__reg_lambda": 7.705159221072094}, "datetime": {"datetime": "2021-03-27 15:10:33", "elapsed": 10.010261, "delta": 0.084835}}
{"target": -1.8080630927198176, "params": {"model__colsample_bylevel": 0.6149024037576569, "model__colsample_bynode": 0.7970601762740899, "model__colsample_bytree": 0.4555403075808654, "model__learning_rate": 0.26476738246878556, "model__max_depth": 6.3006447069266285, "model__n_estimators": 22.48861984031197, "model__reg_lambda": 7.91551010046181}, "datetime": {"datetime": "2021-03-27 15:10:33", "elapsed": 10.105106, "delta": 0.094845}}
{"target": -1.8069308762479088, "params": {"model__colsample_bylevel": 0.9437937215686736, "model__colsample_bynode": 0.8511722448868555, "model__colsample_bytree": 0.5084857837350747, "model__learning_rate": 0.24346701302396254, "model__max_depth": 5.690340786662006, "model__n_estimators": 27.619845335231588, "model__reg_lambda": 4.0456797253845265}, "datetime": {"datetime": "2021-03-27 15:10:34", "elapsed": 10.216291, "delta": 0.111185}}
{"target": -1.8513634554933809, "params": {"model__colsample_bylevel": 0.6173529449301774, "model__colsample_bynode": 0.3656352091501882, "model__colsample_bytree": 0.45305055880659917, "model__learning_rate": 0.20586849821836273, "model__max_depth": 5.173197962934258, "model__n_estimators": 25.696146745858105, "model__reg_lambda": 2.863925264426952}, "datetime": {"datetime": "2021-03-27 15:10:34", "elapsed": 10.307949, "delta": 0.091658}}
{"target": -1.7645424568566725, "params": {"model__colsample_bylevel": 0.3812502817792496, "model__colsample_bynode": 0.43107613084910207, "model__colsample_bytree": 0.6036033759584388, "model__learning_rate": 0.13710847453713484, "model__max_depth": 2.7407946095138094, "model__n_estimators": 25.875381462387566, "model__reg_lambda": 9.101677556132595}, "datetime": {"datetime": "2021-03-27 15:10:34", "elapsed": 10.3925, "delta": 0.084551}}
{"target": -1.8217318496194437, "params": {"model__colsample_bylevel": 0.3426383940311504, "model__colsample_bynode": 0.3292770968669983, "model__colsample_bytree": 0.49999974247633633, "model__learning_rate": 0.21592871225493404, "model__max_depth": 7.629568478689846, "model__n_estimators": 23.72527860523467, "model__reg_lambda": 6.7998375849329875}, "datetime": {"datetime": "2021-03-27 15:10:34", "elapsed": 10.49832, "delta": 0.10582}}
{"target": -1.7375214067274247, "params": {"model__colsample_bylevel": 0.3, "model__colsample_bynode": 1.0, "model__colsample_bytree": 1.0, "model__learning_rate": 0.3, "model__max_depth": 8.0, "model__n_estimators": 15.0, "model__reg_lambda": 10.0}, "datetime": {"datetime": "2021-03-27 15:10:35", "elapsed": 11.709488, "delta": 1.211168}}
{"target": -1.8372004770498347, "params": {"model__colsample_bylevel": 0.3, "model__colsample_bynode": 0.3, "model__colsample_bytree": 1.0, "model__learning_rate": 0.1, "model__max_depth": 2.0, "model__n_estimators": 19.995040516607396, "model__reg_lambda": 10.0}, "datetime": {"datetime": "2021-03-27 15:10:36", "elapsed": 12.914149, "delta": 1.204661}}
{"target": -1.7754750946725626, "params": {"model__colsample_bylevel": 1.0, "model__colsample_bynode": 1.0, "model__colsample_bytree": 1.0, "model__learning_rate": 0.1, "model__max_depth": 2.0, "model__n_estimators": 30.0, "model__reg_lambda": 10.0}, "datetime": {"datetime": "2021-03-27 15:10:37", "elapsed": 14.113443, "delta": 1.199294}}
{"target": -1.8293770757274352, "params": {"model__colsample_bylevel": 1.0, "model__colsample_bynode": 0.3, "model__colsample_bytree": 1.0, "model__learning_rate": 0.1, "model__max_depth": 8.0, "model__n_estimators": 15.0, "model__reg_lambda": 6.395203767519015}, "datetime": {"datetime": "2021-03-27 15:10:39", "elapsed": 15.560011, "delta": 1.446568}}
{"target": -1.7437695238037385, "params": {"model__colsample_bylevel": 0.30000000000000004, "model__colsample_bynode": 0.3, "model__colsample_bytree": 1.0, "model__learning_rate": 0.3, "model__max_depth": 2.0, "model__n_estimators": 15.0, "model__reg_lambda": 10.0}, "datetime": {"datetime": "2021-03-27 15:10:40", "elapsed": 17.112226, "delta": 1.552215}}
{"target": -1.866437483611314, "params": {"model__colsample_bylevel": 0.3, "model__colsample_bynode": 1.0, "model__colsample_bytree": 0.3, "model__learning_rate": 0.1, "model__max_depth": 8.0, "model__n_estimators": 30.0, "model__reg_lambda": 10.0}, "datetime": {"datetime": "2021-03-27 15:10:42", "elapsed": 18.533945, "delta": 1.421719}}
{"target": -1.750294662461333, "params": {"model__colsample_bylevel": 0.9885703279723104, "model__colsample_bynode": 0.893789990728378, "model__colsample_bytree": 0.9844326624494766, "model__learning_rate": 0.19577628436046113, "model__max_depth": 7.891015670208473, "model__n_estimators": 18.63282960042451, "model__reg_lambda": 9.82183374120889}, "datetime": {"datetime": "2021-03-27 15:10:43", "elapsed": 20.017141, "delta": 1.483196}}
{"target": -1.7451733236295588, "params": {"model__colsample_bylevel": 0.40988378346448784, "model__colsample_bynode": 0.994351120098468, "model__colsample_bytree": 0.9612652218241398, "model__learning_rate": 0.22759275187441178, "model__max_depth": 2.0241032652697326, "model__n_estimators": 19.63178560325021, "model__reg_lambda": 0.07539530286471141}, "datetime": {"datetime": "2021-03-27 15:10:45", "elapsed": 21.343189, "delta": 1.326048}}
{"target": -1.7982760642101798, "params": {"model__colsample_bylevel": 1.0, "model__colsample_bynode": 1.0, "model__colsample_bytree": 1.0, "model__learning_rate": 0.1, "model__max_depth": 3.179027308504815, "model__n_estimators": 22.903594262103326, "model__reg_lambda": 10.0}, "datetime": {"datetime": "2021-03-27 15:10:46", "elapsed": 22.789642, "delta": 1.446453}}
{"target": -1.7604329284874425, "params": {"model__colsample_bylevel": 1.0, "model__colsample_bynode": 1.0, "model__colsample_bytree": 1.0, "model__learning_rate": 0.1, "model__max_depth": 2.0, "model__n_estimators": 28.699691668784578, "model__reg_lambda": 5.82521611160117}, "datetime": {"datetime": "2021-03-27 15:10:48", "elapsed": 24.368659, "delta": 1.579017}}
{"target": -1.8017041743017626, "params": {"model__colsample_bylevel": 1.0, "model__colsample_bynode": 0.3, "model__colsample_bytree": 1.0, "model__learning_rate": 0.1, "model__max_depth": 2.0, "model__n_estimators": 15.0, "model__reg_lambda": 0.0}, "datetime": {"datetime": "2021-03-27 15:10:49", "elapsed": 25.763909, "delta": 1.39525}}
{"target": -1.7340954484930937, "params": {"model__colsample_bylevel": 0.3, "model__colsample_bynode": 1.0, "model__colsample_bytree": 1.0, "model__learning_rate": 0.3, "model__max_depth": 2.0, "model__n_estimators": 15.0, "model__reg_lambda": 5.710539468420503}, "datetime": {"datetime": "2021-03-27 15:10:51", "elapsed": 27.276032, "delta": 1.512123}}
{"target": -1.7658300763023072, "params": {"model__colsample_bylevel": 1.0, "model__colsample_bynode": 0.3, "model__colsample_bytree": 1.0, "model__learning_rate": 0.1, "model__max_depth": 6.874122960652453, "model__n_estimators": 20.776905551229262, "model__reg_lambda": 4.621656329931503}, "datetime": {"datetime": "2021-03-27 15:10:52", "elapsed": 28.891239, "delta": 1.615207}}
{"target": -1.735687401242878, "params": {"model__colsample_bylevel": 0.3, "model__colsample_bynode": 0.3, "model__colsample_bytree": 1.0, "model__learning_rate": 0.3, "model__max_depth": 5.261411895966311, "model__n_estimators": 15.0, "model__reg_lambda": 10.0}, "datetime": {"datetime": "2021-03-27 15:10:54", "elapsed": 30.24637, "delta": 1.355131}}
{"target": -1.8003336146905802, "params": {"model__colsample_bylevel": 0.3, "model__colsample_bynode": 0.3, "model__colsample_bytree": 1.0, "model__learning_rate": 0.1, "model__max_depth": 2.0, "model__n_estimators": 23.031243124978886, "model__reg_lambda": 6.96459374055345}, "datetime": {"datetime": "2021-03-27 15:10:55", "elapsed": 31.854461, "delta": 1.608091}}
{"target": -1.7854391524757165, "params": {"model__colsample_bylevel": 1.0, "model__colsample_bynode": 0.3, "model__colsample_bytree": 1.0, "model__learning_rate": 0.1, "model__max_depth": 2.0, "model__n_estimators": 19.447928558390156, "model__reg_lambda": 2.0043737371787547}, "datetime": {"datetime": "2021-03-27 15:10:57", "elapsed": 33.366905, "delta": 1.512444}}
{"target": -1.7964046881682627, "params": {"model__colsample_bylevel": 0.3, "model__colsample_bynode": 1.0, "model__colsample_bytree": 1.0, "model__learning_rate": 0.1, "model__max_depth": 8.0, "model__n_estimators": 22.489178926570617, "model__reg_lambda": 10.0}, "datetime": {"datetime": "2021-03-27 15:10:58", "elapsed": 34.79978, "delta": 1.432875}}
{"target": -1.7681507554823075, "params": {"model__colsample_bylevel": 1.0, "model__colsample_bynode": 0.3, "model__colsample_bytree": 1.0, "model__learning_rate": 0.1, "model__max_depth": 8.0, "model__n_estimators": 27.516776021936472, "model__reg_lambda": 10.0}, "datetime": {"datetime": "2021-03-27 15:11:00", "elapsed": 36.326279, "delta": 1.526499}}
{"target": -1.7584856642545135, "params": {"model__colsample_bylevel": 0.3, "model__colsample_bynode": 0.3, "model__colsample_bytree": 1.0, "model__learning_rate": 0.1, "model__max_depth": 4.931095909990551, "model__n_estimators": 30.0, "model__reg_lambda": 10.0}, "datetime": {"datetime": "2021-03-27 15:11:02", "elapsed": 38.359407, "delta": 2.033128}}
{"target": -1.7541265695963215, "params": {"model__colsample_bylevel": 0.3, "model__colsample_bynode": 1.0, "model__colsample_bytree": 1.0, "model__learning_rate": 0.1, "model__max_depth": 8.0, "model__n_estimators": 22.757230155333477, "model__reg_lambda": 4.243637838433179}, "datetime": {"datetime": "2021-03-27 15:11:03", "elapsed": 39.974891, "delta": 1.615484}}
{"target": -1.8014960412745893, "params": {"model__colsample_bylevel": 1.0, "model__colsample_bynode": 1.0, "model__colsample_bytree": 1.0, "model__learning_rate": 0.1, "model__max_depth": 8.0, "model__n_estimators": 28.609269402897006, "model__reg_lambda": 3.302049872950655}, "datetime": {"datetime": "2021-03-27 15:11:05", "elapsed": 41.608717, "delta": 1.633826}}
{"target": -1.74563067558127, "params": {"model__colsample_bylevel": 0.3, "model__colsample_bynode": 0.3, "model__colsample_bytree": 1.0, "model__learning_rate": 0.3, "model__max_depth": 4.148974057409708, "model__n_estimators": 15.0, "model__reg_lambda": 3.933904623383958}, "datetime": {"datetime": "2021-03-27 15:11:07", "elapsed": 43.275895, "delta": 1.667178}}
{"target": -1.8509634403214936, "params": {"model__colsample_bylevel": 0.5041704786942954, "model__colsample_bynode": 0.635345955569232, "model__colsample_bytree": 0.32389218893884103, "model__learning_rate": 0.10663655528212673, "model__max_depth": 2.0548917388347334, "model__n_estimators": 27.82204691584685, "model__reg_lambda": 9.96615547604916}, "datetime": {"datetime": "2021-03-27 15:11:08", "elapsed": 44.805017, "delta": 1.529122}}
{"target": -1.7242975003261496, "params": {"model__colsample_bylevel": 0.3, "model__colsample_bynode": 0.3, "model__colsample_bytree": 1.0, "model__learning_rate": 0.3, "model__max_depth": 4.593178525055728, "model__n_estimators": 21.362160173741408, "model__reg_lambda": 10.0}, "datetime": {"datetime": "2021-03-27 15:11:10", "elapsed": 46.403876, "delta": 1.598859}}
{"target": -1.7525006307639939, "params": {"model__colsample_bylevel": 1.0, "model__colsample_bynode": 1.0, "model__colsample_bytree": 1.0, "model__learning_rate": 0.1, "model__max_depth": 2.0, "model__n_estimators": 26.127565693593322, "model__reg_lambda": 2.538233848853425}, "datetime": {"datetime": "2021-03-27 15:11:11", "elapsed": 48.094826, "delta": 1.69095}}
{"target": -1.8834679829685588, "params": {"model__colsample_bylevel": 0.3, "model__colsample_bynode": 0.3, "model__colsample_bytree": 0.3, "model__learning_rate": 0.1, "model__max_depth": 2.0, "model__n_estimators": 17.436220701386194, "model__reg_lambda": 0.0}, "datetime": {"datetime": "2021-03-27 15:11:13", "elapsed": 49.937395, "delta": 1.842569}}
{"target": -1.7515290026485488, "params": {"model__colsample_bylevel": 0.3, "model__colsample_bynode": 1.0, "model__colsample_bytree": 1.0, "model__learning_rate": 0.3, "model__max_depth": 8.0, "model__n_estimators": 17.557978959173205, "model__reg_lambda": 5.6693932129236595}, "datetime": {"datetime": "2021-03-27 15:11:15", "elapsed": 51.639004, "delta": 1.701609}}
{"target": -1.7424408391334008, "params": {"model__colsample_bylevel": 0.3, "model__colsample_bynode": 1.0, "model__colsample_bytree": 1.0, "model__learning_rate": 0.3, "model__max_depth": 5.928047917815131, "model__n_estimators": 15.0, "model__reg_lambda": 6.902607187258014}, "datetime": {"datetime": "2021-03-27 15:11:16", "elapsed": 52.933053, "delta": 1.294049}}
{"target": -2.0041275938135987, "params": {"model__colsample_bylevel": 1.0, "model__colsample_bynode": 1.0, "model__colsample_bytree": 1.0, "model__learning_rate": 0.1, "model__max_depth": 8.0, "model__n_estimators": 29.10534485275938, "model__reg_lambda": 0.0}, "datetime": {"datetime": "2021-03-27 15:11:18", "elapsed": 54.615349, "delta": 1.682296}}
{"target": -1.7473914421123005, "params": {"model__colsample_bylevel": 0.3, "model__colsample_bynode": 0.3, "model__colsample_bytree": 1.0, "model__learning_rate": 0.1, "model__max_depth": 2.0, "model__n_estimators": 30.0, "model__reg_lambda": 4.777121640834472}, "datetime": {"datetime": "2021-03-27 15:11:20", "elapsed": 56.299403, "delta": 1.684054}}
{"target": -1.7921865685262541, "params": {"model__colsample_bylevel": 1.0, "model__colsample_bynode": 1.0, "model__colsample_bytree": 1.0, "model__learning_rate": 0.1, "model__max_depth": 8.0, "model__n_estimators": 25.855215318660576, "model__reg_lambda": 7.779796011287263}, "datetime": {"datetime": "2021-03-27 15:11:21", "elapsed": 57.877081, "delta": 1.577678}}
{"target": -1.740938299462415, "params": {"model__colsample_bylevel": 0.3, "model__colsample_bynode": 1.0, "model__colsample_bytree": 1.0, "model__learning_rate": 0.1, "model__max_depth": 5.752412083641886, "model__n_estimators": 30.0, "model__reg_lambda": 6.2496542459386895}, "datetime": {"datetime": "2021-03-27 15:11:23", "elapsed": 59.869718, "delta": 1.992637}}
{"target": -1.7899042414474315, "params": {"model__colsample_bylevel": 1.0, "model__colsample_bynode": 0.3, "model__colsample_bytree": 1.0, "model__learning_rate": 0.1, "model__max_depth": 8.0, "model__n_estimators": 15.0, "model__reg_lambda": 0.0}, "datetime": {"datetime": "2021-03-27 15:11:25", "elapsed": 61.361774, "delta": 1.492056}}
{"target": -1.8202245853301406, "params": {"model__colsample_bylevel": 1.0, "model__colsample_bynode": 1.0, "model__colsample_bytree": 0.3, "model__learning_rate": 0.3, "model__max_depth": 6.387389909720917, "model__n_estimators": 15.0, "model__reg_lambda": 10.0}, "datetime": {"datetime": "2021-03-27 15:11:26", "elapsed": 63.062743, "delta": 1.700969}}
{"target": -1.7357402671938356, "params": {"model__colsample_bylevel": 1.0, "model__colsample_bynode": 1.0, "model__colsample_bytree": 1.0, "model__learning_rate": 0.1, "model__max_depth": 2.0, "model__n_estimators": 22.145846963654396, "model__reg_lambda": 0.0}, "datetime": {"datetime": "2021-03-27 15:11:28", "elapsed": 64.955255, "delta": 1.892512}}
{"target": -1.769921033170776, "params": {"model__colsample_bylevel": 0.3, "model__colsample_bynode": 0.3, "model__colsample_bytree": 1.0, "model__learning_rate": 0.1, "model__max_depth": 4.675553104629672, "model__n_estimators": 21.623209573554544, "model__reg_lambda": 5.658619638793307}, "datetime": {"datetime": "2021-03-27 15:11:30", "elapsed": 66.631787, "delta": 1.676532}}
{"target": -1.7324993745572326, "params": {"model__colsample_bylevel": 0.3, "model__colsample_bynode": 1.0, "model__colsample_bytree": 1.0, "model__learning_rate": 0.3, "model__max_depth": 6.021075350059358, "model__n_estimators": 17.550754723972904, "model__reg_lambda": 10.0}, "datetime": {"datetime": "2021-03-27 15:11:31", "elapsed": 68.156998, "delta": 1.525211}}
{"target": -1.7863585941277553, "params": {"model__colsample_bylevel": 1.0, "model__colsample_bynode": 1.0, "model__colsample_bytree": 1.0, "model__learning_rate": 0.3, "model__max_depth": 3.943144720795908, "model__n_estimators": 15.0, "model__reg_lambda": 5.179249725506403}, "datetime": {"datetime": "2021-03-27 15:11:33", "elapsed": 69.620789, "delta": 1.463791}}
{"target": -1.7791825838926911, "params": {"model__colsample_bylevel": 0.3, "model__colsample_bynode": 1.0, "model__colsample_bytree": 1.0, "model__learning_rate": 0.1, "model__max_depth": 2.0, "model__n_estimators": 26.54764966654063, "model__reg_lambda": 7.781583678772037}, "datetime": {"datetime": "2021-03-27 15:11:35", "elapsed": 71.469946, "delta": 1.849157}}
{"target": -1.7247992070688718, "params": {"model__colsample_bylevel": 1.0, "model__colsample_bynode": 1.0, "model__colsample_bytree": 1.0, "model__learning_rate": 0.3, "model__max_depth": 2.0, "model__n_estimators": 18.6238691857852, "model__reg_lambda": 6.53842991448158}, "datetime": {"datetime": "2021-03-27 15:11:36", "elapsed": 73.172235, "delta": 1.702289}}
{"target": -1.7320955299488876, "params": {"model__colsample_bylevel": 1.0, "model__colsample_bynode": 1.0, "model__colsample_bytree": 1.0, "model__learning_rate": 0.3, "model__max_depth": 2.0, "model__n_estimators": 17.579846004122277, "model__reg_lambda": 10.0}, "datetime": {"datetime": "2021-03-27 15:11:38", "elapsed": 74.812596, "delta": 1.640361}}
{"target": -1.7770301865332805, "params": {"model__colsample_bylevel": 0.3, "model__colsample_bynode": 0.3, "model__colsample_bytree": 1.0, "model__learning_rate": 0.3, "model__max_depth": 8.0, "model__n_estimators": 15.869763537267369, "model__reg_lambda": 3.216759201121089}, "datetime": {"datetime": "2021-03-27 15:11:40", "elapsed": 76.648873, "delta": 1.836277}}
{"target": -1.8700693652249765, "params": {"model__colsample_bylevel": 0.3, "model__colsample_bynode": 1.0, "model__colsample_bytree": 0.3, "model__learning_rate": 0.1, "model__max_depth": 8.0, "model__n_estimators": 28.43872016712926, "model__reg_lambda": 7.735740814524625}, "datetime": {"datetime": "2021-03-27 15:11:42", "elapsed": 78.560799, "delta": 1.911926}}
{"target": -1.7932710013095883, "params": {"model__colsample_bylevel": 1.0, "model__colsample_bynode": 0.3, "model__colsample_bytree": 1.0, "model__learning_rate": 0.1, "model__max_depth": 2.0, "model__n_estimators": 26.50666951758065, "model__reg_lambda": 10.0}, "datetime": {"datetime": "2021-03-27 15:11:43", "elapsed": 80.208135, "delta": 1.647336}}
{"target": -1.8153283661636324, "params": {"model__colsample_bylevel": 1.0, "model__colsample_bynode": 1.0, "model__colsample_bytree": 1.0, "model__learning_rate": 0.3, "model__max_depth": 5.875393880228522, "model__n_estimators": 18.968895245551167, "model__reg_lambda": 5.9571534198463345}, "datetime": {"datetime": "2021-03-27 15:11:45", "elapsed": 82.023924, "delta": 1.815789}}
{"target": -1.7939856245033983, "params": {"model__colsample_bylevel": 0.3, "model__colsample_bynode": 0.3, "model__colsample_bytree": 0.3, "model__learning_rate": 0.3, "model__max_depth": 2.0, "model__n_estimators": 15.0, "model__reg_lambda": 7.607240580997498}, "datetime": {"datetime": "2021-03-27 15:11:47", "elapsed": 83.842132, "delta": 1.818208}}
{"target": -1.7244176464128322, "params": {"model__colsample_bylevel": 0.3, "model__colsample_bynode": 0.3, "model__colsample_bytree": 1.0, "model__learning_rate": 0.3, "model__max_depth": 8.0, "model__n_estimators": 16.49949983336445, "model__reg_lambda": 8.572180886394621}, "datetime": {"datetime": "2021-03-27 15:11:49", "elapsed": 85.366825, "delta": 1.524693}}
{"target": -1.766869946601598, "params": {"model__colsample_bylevel": 0.3, "model__colsample_bynode": 1.0, "model__colsample_bytree": 1.0, "model__learning_rate": 0.1, "model__max_depth": 2.0, "model__n_estimators": 21.704563383435683, "model__reg_lambda": 1.933875601290491}, "datetime": {"datetime": "2021-03-27 15:11:50", "elapsed": 87.201859, "delta": 1.835034}}
