{"target": -1.7951629094509545, "params": {"model__colsample_bylevel": 1.0, "model__colsample_bynode": 1.0, "model__colsample_bytree": 1.0, "model__learning_rate": 0.3, "model__max_depth": 3.375708066490766, "model__n_estimators": 26.17811290163145, "model__reg_lambda": 8.833834564240183}, "datetime": {"datetime": "2021-03-27 15:15:32", "elapsed": 308.394157, "delta": 2.071968}}
{"target": -1.7115631459523801, "params": {"model__colsample_bylevel": 0.3, "model__colsample_bynode": 0.3, "model__colsample_bytree": 1.0, "model__learning_rate": 0.3, "model__max_depth": 2.8409985534169055, "model__n_estimators": 23.331535638846358, "model__reg_lambda": 9.461904246588148}, "datetime": {"datetime": "2021-03-27 15:15:34", "elapsed": 310.265023, "delta": 1.870866}}
{"target": -1.7539991727881674, "params": {"model__colsample_bylevel": 1.0, "model__colsample_bynode": 0.3, "model__colsample_bytree": 1.0, "model__learning_rate": 0.1, "model__max_depth": 5.812399740391976, "model__n_estimators": 23.315903790591832, "model__reg_lambda": 4.203575849468522}, "datetime": {"datetime": "2021-03-27 15:15:35", "elapsed": 311.95801, "delta": 1.692987}}
{"target": -1.7747188948094845, "params": {"model__colsample_bylevel": 0.9612132114044514, "model__colsample_bynode": 0.3, "model__colsample_bytree": 0.3, "model__learning_rate": 0.3, "model__max_depth": 2.0, "model__n_estimators": 27.406171716302488, "model__reg_lambda": 6.3330437843762635}, "datetime": {"datetime": "2021-03-27 15:15:37", "elapsed": 313.6017, "delta": 1.64369}}
{"target": -1.749813506482304, "params": {"model__colsample_bylevel": 0.3, "model__colsample_bynode": 0.3, "model__colsample_bytree": 1.0, "model__learning_rate": 0.1, "model__max_depth": 8.0, "model__n_estimators": 22.117571940218376, "model__reg_lambda": 1.1956690654428233}, "datetime": {"datetime": "2021-03-27 15:15:38", "elapsed": 315.179209, "delta": 1.577509}}
{"target": -1.7287889911320764, "params": {"model__colsample_bylevel": 0.3, "model__colsample_bynode": 0.3, "model__colsample_bytree": 1.0, "model__learning_rate": 0.3, "model__max_depth": 2.0, "model__n_estimators": 17.197959353179506, "model__reg_lambda": 10.0}, "datetime": {"datetime": "2021-03-27 15:15:40", "elapsed": 316.813549, "delta": 1.63434}}
{"target": -1.7418101248101912, "params": {"model__colsample_bylevel": 0.3, "model__colsample_bynode": 0.3, "model__colsample_bytree": 1.0, "model__learning_rate": 0.3, "model__max_depth": 6.202465484590862, "model__n_estimators": 26.644226764437196, "model__reg_lambda": 10.0}, "datetime": {"datetime": "2021-03-27 15:15:42", "elapsed": 318.447547, "delta": 1.633998}}
{"target": -1.7313520681274972, "params": {"model__colsample_bylevel": 1.0, "model__colsample_bynode": 0.39582321008254684, "model__colsample_bytree": 1.0, "model__learning_rate": 0.3, "model__max_depth": 8.0, "model__n_estimators": 20.533515625947594, "model__reg_lambda": 9.105843610698843}, "datetime": {"datetime": "2021-03-27 15:15:44", "elapsed": 320.324704, "delta": 1.877157}}
{"target": -1.7155729144703653, "params": {"model__colsample_bylevel": 0.3, "model__colsample_bynode": 1.0, "model__colsample_bytree": 1.0, "model__learning_rate": 0.3, "model__max_depth": 2.0, "model__n_estimators": 19.515565750545758, "model__reg_lambda": 5.166320633909813}, "datetime": {"datetime": "2021-03-27 15:15:45", "elapsed": 322.2089, "delta": 1.884196}}
{"target": -1.7825155856492725, "params": {"model__colsample_bylevel": 1.0, "model__colsample_bynode": 0.8854839747499356, "model__colsample_bytree": 1.0, "model__learning_rate": 0.1, "model__max_depth": 5.890433748009938, "model__n_estimators": 25.05709646939321, "model__reg_lambda": 6.449038777907108}, "datetime": {"datetime": "2021-03-27 15:15:47", "elapsed": 323.944308, "delta": 1.735408}}
{"target": -1.866437483611314, "params": {"model__colsample_bylevel": 1.0, "model__colsample_bynode": 0.3, "model__colsample_bytree": 0.3, "model__learning_rate": 0.1, "model__max_depth": 8.0, "model__n_estimators": 30.0, "model__reg_lambda": 10.0}, "datetime": {"datetime": "2021-03-27 15:15:50", "elapsed": 326.358007, "delta": 2.413699}}
{"target": -1.7312221947463526, "params": {"model__colsample_bylevel": 0.3, "model__colsample_bynode": 0.3, "model__colsample_bytree": 1.0, "model__learning_rate": 0.3, "model__max_depth": 4.663315213400154, "model__n_estimators": 16.81804547245704, "model__reg_lambda": 10.0}, "datetime": {"datetime": "2021-03-27 15:15:52", "elapsed": 328.267305, "delta": 1.909298}}
{"target": -1.759823990213698, "params": {"model__colsample_bylevel": 1.0, "model__colsample_bynode": 0.3, "model__colsample_bytree": 0.6094348553315909, "model__learning_rate": 0.1, "model__max_depth": 2.0, "model__n_estimators": 26.768163970544766, "model__reg_lambda": 1.6533427624628785}, "datetime": {"datetime": "2021-03-27 15:15:54", "elapsed": 330.522424, "delta": 2.255119}}
{"target": -1.719903842640528, "params": {"model__colsample_bylevel": 1.0, "model__colsample_bynode": 0.3, "model__colsample_bytree": 1.0, "model__learning_rate": 0.3, "model__max_depth": 2.0, "model__n_estimators": 18.04882643614728, "model__reg_lambda": 8.47817639803569}, "datetime": {"datetime": "2021-03-27 15:15:56", "elapsed": 332.705528, "delta": 2.183104}}
{"target": -1.729123579084441, "params": {"model__colsample_bylevel": 0.3583450532126419, "model__colsample_bynode": 0.7865007225577902, "model__colsample_bytree": 0.7903967807280936, "model__learning_rate": 0.288321549277213, "model__max_depth": 2.3592126576298154, "model__n_estimators": 25.01907358546709, "model__reg_lambda": 6.675330051438708}, "datetime": {"datetime": "2021-03-27 15:15:58", "elapsed": 334.715864, "delta": 2.010336}}
{"target": -1.7308329314533353, "params": {"model__colsample_bylevel": 1.0, "model__colsample_bynode": 0.3, "model__colsample_bytree": 1.0, "model__learning_rate": 0.3, "model__max_depth": 6.214318086738236, "model__n_estimators": 19.23505271079746, "model__reg_lambda": 10.0}, "datetime": {"datetime": "2021-03-27 15:16:00", "elapsed": 337.104705, "delta": 2.388841}}
{"target": -1.7511739378714044, "params": {"model__colsample_bylevel": 0.5990244901756969, "model__colsample_bynode": 0.43033878211264476, "model__colsample_bytree": 0.9968235119782369, "model__learning_rate": 0.11068307437963916, "model__max_depth": 6.014949243957512, "model__n_estimators": 28.8862073419598, "model__reg_lambda": 5.635418688313774}, "datetime": {"datetime": "2021-03-27 15:16:02", "elapsed": 338.739563, "delta": 1.634858}}
{"target": -1.7401709339648916, "params": {"model__colsample_bylevel": 1.0, "model__colsample_bynode": 0.5547361173830586, "model__colsample_bytree": 1.0, "model__learning_rate": 0.1, "model__max_depth": 3.9959140769836767, "model__n_estimators": 26.252392010871503, "model__reg_lambda": 1.5948121571991776}, "datetime": {"datetime": "2021-03-27 15:16:04", "elapsed": 340.217558, "delta": 1.477995}}
{"target": -1.7843466909899228, "params": {"model__colsample_bylevel": 0.3, "model__colsample_bynode": 0.3, "model__colsample_bytree": 0.3, "model__learning_rate": 0.3, "model__max_depth": 2.0, "model__n_estimators": 18.473497940302224, "model__reg_lambda": 5.442079912550914}, "datetime": {"datetime": "2021-03-27 15:16:05", "elapsed": 341.716276, "delta": 1.498718}}
{"target": -1.769223750350268, "params": {"model__colsample_bylevel": 0.3, "model__colsample_bynode": 0.3, "model__colsample_bytree": 1.0, "model__learning_rate": 0.1, "model__max_depth": 2.0, "model__n_estimators": 28.35317695618226, "model__reg_lambda": 6.560096706982181}, "datetime": {"datetime": "2021-03-27 15:16:07", "elapsed": 343.899387, "delta": 2.183111}}
{"target": -1.7429232604099787, "params": {"model__colsample_bylevel": 0.3, "model__colsample_bynode": 0.3, "model__colsample_bytree": 1.0, "model__learning_rate": 0.3, "model__max_depth": 3.5682635155142837, "model__n_estimators": 24.767119581907142, "model__reg_lambda": 7.7648462689439475}, "datetime": {"datetime": "2021-03-27 15:16:09", "elapsed": 345.526896, "delta": 1.627509}}
{"target": -1.7545575393174868, "params": {"model__colsample_bylevel": 0.30000000111650665, "model__colsample_bynode": 0.30000000034657426, "model__colsample_bytree": 1.0, "model__learning_rate": 0.1, "model__max_depth": 8.0, "model__n_estimators": 26.965838535821582, "model__reg_lambda": 6.76746640874345}, "datetime": {"datetime": "2021-03-27 15:16:11", "elapsed": 347.614846, "delta": 2.08795}}
{"target": -1.7400165436816386, "params": {"model__colsample_bylevel": 1.0, "model__colsample_bynode": 1.0, "model__colsample_bytree": 1.0, "model__learning_rate": 0.3, "model__max_depth": 2.0, "model__n_estimators": 26.19391075871614, "model__reg_lambda": 5.441763319240179}, "datetime": {"datetime": "2021-03-27 15:16:13", "elapsed": 349.944534, "delta": 2.329688}}
{"target": -1.7372383252164159, "params": {"model__colsample_bylevel": 0.3, "model__colsample_bynode": 1.0, "model__colsample_bytree": 1.0, "model__learning_rate": 0.3, "model__max_depth": 8.0, "model__n_estimators": 26.279511141263708, "model__reg_lambda": 10.0}, "datetime": {"datetime": "2021-03-27 15:16:16", "elapsed": 352.503321, "delta": 2.558787}}
{"target": -1.7499699312923611, "params": {"model__colsample_bylevel": 1.0, "model__colsample_bynode": 0.3, "model__colsample_bytree": 1.0, "model__learning_rate": 0.3, "model__max_depth": 5.964920586340773, "model__n_estimators": 20.073529748952588, "model__reg_lambda": 7.448474652191669}, "datetime": {"datetime": "2021-03-27 15:16:18", "elapsed": 354.584239, "delta": 2.080918}}
{"target": -1.7108875058915303, "params": {"model__colsample_bylevel": 1.0, "model__colsample_bynode": 0.3, "model__colsample_bytree": 1.0, "model__learning_rate": 0.3, "model__max_depth": 2.0, "model__n_estimators": 23.9104841474667, "model__reg_lambda": 10.0}, "datetime": {"datetime": "2021-03-27 15:16:20", "elapsed": 356.864189, "delta": 2.27995}}
{"target": -1.7097605617042038, "params": {"model__colsample_bylevel": 0.8641298612693296, "model__colsample_bynode": 0.4311656542407379, "model__colsample_bytree": 1.0, "model__learning_rate": 0.3, "model__max_depth": 2.698256947449299, "model__n_estimators": 20.539114233749952, "model__reg_lambda": 6.724287161301346}, "datetime": {"datetime": "2021-03-27 15:16:22", "elapsed": 358.594875, "delta": 1.730686}}
{"target": -1.8233302617310616, "params": {"model__colsample_bylevel": 1.0, "model__colsample_bynode": 1.0, "model__colsample_bytree": 1.0, "model__learning_rate": 0.1, "model__max_depth": 8.0, "model__n_estimators": 16.173114556452173, "model__reg_lambda": 2.5514501669699525}, "datetime": {"datetime": "2021-03-27 15:16:24", "elapsed": 360.610922, "delta": 2.016047}}
{"target": -1.7412304205091105, "params": {"model__colsample_bylevel": 0.3, "model__colsample_bynode": 0.3, "model__colsample_bytree": 1.0, "model__learning_rate": 0.1, "model__max_depth": 7.146178133365421, "model__n_estimators": 30.0, "model__reg_lambda": 7.139958096631234}, "datetime": {"datetime": "2021-03-27 15:16:26", "elapsed": 362.72918, "delta": 2.118258}}
{"target": -1.712453917640707, "params": {"model__colsample_bylevel": 0.3, "model__colsample_bynode": 1.0, "model__colsample_bytree": 1.0, "model__learning_rate": 0.3, "model__max_depth": 2.0, "model__n_estimators": 15.9829810742409, "model__reg_lambda": 3.97536454937382}, "datetime": {"datetime": "2021-03-27 15:16:28", "elapsed": 364.553137, "delta": 1.823957}}
{"target": -1.7377549459968786, "params": {"model__colsample_bylevel": 0.3, "model__colsample_bynode": 1.0, "model__colsample_bytree": 1.0, "model__learning_rate": 0.3, "model__max_depth": 4.75136242281761, "model__n_estimators": 16.252464123858594, "model__reg_lambda": 7.397039170836714}, "datetime": {"datetime": "2021-03-27 15:16:30", "elapsed": 366.698463, "delta": 2.145326}}
{"target": -1.7225230919926062, "params": {"model__colsample_bylevel": 0.9367362058034514, "model__colsample_bynode": 0.3178080755266407, "model__colsample_bytree": 0.8329377601381622, "model__learning_rate": 0.1561248607188513, "model__max_depth": 2.7039099810257126, "model__n_estimators": 29.903177190731334, "model__reg_lambda": 7.175315476617019}, "datetime": {"datetime": "2021-03-27 15:16:32", "elapsed": 368.795705, "delta": 2.097242}}
{"target": -1.7098375976625557, "params": {"model__colsample_bylevel": 0.3, "model__colsample_bynode": 0.4544687653415437, "model__colsample_bytree": 1.0, "model__learning_rate": 0.3, "model__max_depth": 3.1194416725438097, "model__n_estimators": 17.85555009701724, "model__reg_lambda": 8.807536539776038}, "datetime": {"datetime": "2021-03-27 15:16:34", "elapsed": 370.713086, "delta": 1.917381}}
