{"target": -1.7869864436379377, "params": {"model__colsample_bylevel": 0.3, "model__colsample_bynode": 1.0, "model__colsample_bytree": 0.9780034614852757, "model__learning_rate": 0.3, "model__max_depth": 8.0, "model__n_estimators": 28.0, "model__reg_lambda": 5.321603457067248}, "datetime": {"datetime": "2021-03-27 15:10:29", "elapsed": 5.305177, "delta": 0.000406}}
{"target": -1.778494623924295, "params": {"model__colsample_bylevel": 1.0, "model__colsample_bynode": 0.3, "model__colsample_bytree": 1.0, "model__learning_rate": 0.3, "model__max_depth": 5.0, "model__n_estimators": 30.0, "model__reg_lambda": 7.98228401811188}, "datetime": {"datetime": "2021-03-27 15:10:29", "elapsed": 5.406982, "delta": 0.101805}}
{"target": -1.778494623924295, "params": {"model__colsample_bylevel": 1.0, "model__colsample_bynode": 0.3, "model__colsample_bytree": 1.0, "model__learning_rate": 0.3, "model__max_depth": 5.0, "model__n_estimators": 30.0, "model__reg_lambda": 7.98228401811188}, "datetime": {"datetime": "2021-03-27 15:10:29", "elapsed": 5.407404, "delta": 0.000422}}
{"target": -1.7864535810884792, "params": {"model__colsample_bylevel": 1.0, "model__colsample_bynode": 0.3, "model__colsample_bytree": 1.0, "model__learning_rate": 0.3, "model__max_depth": 7.0, "model__n_estimators": 25.0, "model__reg_lambda": 4.9878482297106554}, "datetime": {"datetime": "2021-03-27 15:10:29", "elapsed": 5.507245, "delta": 0.099841}}
{"target": -1.814574288090934, "params": {"model__colsample_bylevel": 1.0, "model__colsample_bynode": 0.3, "model__colsample_bytree": 1.0, "model__learning_rate": 0.3, "model__max_depth": 8.0, "model__n_estimators": 30.0, "model__reg_lambda": 5.523722616523455}, "datetime": {"datetime": "2021-03-27 15:10:29", "elapsed": 5.632533, "delta": 0.125288}}
{"target": -1.814574288090934, "params": {"model__colsample_bylevel": 1.0, "model__colsample_bynode": 0.3, "model__colsample_bytree": 1.0, "model__learning_rate": 0.3, "model__max_depth": 8.0, "model__n_estimators": 30.0, "model__reg_lambda": 5.523722616523455}, "datetime": {"datetime": "2021-03-27 15:10:29", "elapsed": 5.633045, "delta": 0.000512}}
{"target": -1.814574288090934, "params": {"model__colsample_bylevel": 1.0, "model__colsample_bynode": 0.3, "model__colsample_bytree": 1.0, "model__learning_rate": 0.3, "model__max_depth": 8.0, "model__n_estimators": 30.0, "model__reg_lambda": 5.523722616523455}, "datetime": {"datetime": "2021-03-27 15:10:29", "elapsed": 5.633435, "delta": 0.00039}}
{"target": -1.801663814220524, "params": {"model__colsample_bylevel": 0.3, "model__colsample_bynode": 0.3, "model__colsample_bytree": 1.0, "model__learning_rate": 0.3, "model__max_depth": 8.0, "model__n_estimators": 29.0, "model__reg_lambda": 5.594287452788871}, "datetime": {"datetime": "2021-03-27 15:10:29", "elapsed": 5.741517, "delta": 0.108082}}
{"target": -1.801663814220524, "params": {"model__colsample_bylevel": 0.3, "model__colsample_bynode": 0.3, "model__colsample_bytree": 1.0, "model__learning_rate": 0.3, "model__max_depth": 8.0, "model__n_estimators": 29.0, "model__reg_lambda": 5.594287452788871}, "datetime": {"datetime": "2021-03-27 15:10:29", "elapsed": 5.741946, "delta": 0.000429}}
{"target": -1.807295709994176, "params": {"model__colsample_bylevel": 0.6647592980218581, "model__colsample_bynode": 0.9618621918833685, "model__colsample_bytree": 0.7546783242123333, "model__learning_rate": 0.2721663846451393, "model__max_depth": 8.0, "model__n_estimators": 18.0, "model__reg_lambda": 2.431156753134085}, "datetime": {"datetime": "2021-03-27 15:10:29", "elapsed": 5.830909, "delta": 0.088963}}
{"target": -1.7117095610477784, "params": {"model__colsample_bylevel": 0.3, "model__colsample_bynode": 0.3, "model__colsample_bytree": 1.0, "model__learning_rate": 0.3, "model__max_depth": 2.0, "model__n_estimators": 30.0, "model__reg_lambda": 7.814917572290762}, "datetime": {"datetime": "2021-03-27 15:10:29", "elapsed": 5.918542, "delta": 0.087633}}
{"target": -1.7061057176926862, "params": {"model__colsample_bylevel": 0.3, "model__colsample_bynode": 0.3, "model__colsample_bytree": 1.0, "model__learning_rate": 0.3, "model__max_depth": 2.0, "model__n_estimators": 25.0, "model__reg_lambda": 9.441212076804549}, "datetime": {"datetime": "2021-03-27 15:10:29", "elapsed": 5.993251, "delta": 0.074709}}
{"target": -1.7925482501802237, "params": {"model__colsample_bylevel": 0.30726190771998996, "model__colsample_bynode": 0.651312214504117, "model__colsample_bytree": 0.6470413051939022, "model__learning_rate": 0.12676590579185532, "model__max_depth": 2.8526665127272315, "model__n_estimators": 18.278380134391174, "model__reg_lambda": 4.185081805104525}, "datetime": {"datetime": "2021-03-27 15:10:29", "elapsed": 6.063047, "delta": 0.069796}}
{"target": -1.860445900288397, "params": {"model__colsample_bylevel": 0.4736708178894914, "model__colsample_bynode": 0.35884175581574507, "model__colsample_bytree": 0.54184904803528, "model__learning_rate": 0.1333552693064643, "model__max_depth": 7.271354513195954, "model__n_estimators": 29.26446047440075, "model__reg_lambda": 0.38748375832319826}, "datetime": {"datetime": "2021-03-27 15:10:29", "elapsed": 6.191679, "delta": 0.128632}}
{"target": -1.7752352643974016, "params": {"model__colsample_bylevel": 0.7893751739791326, "model__colsample_bynode": 0.7009318708985864, "model__colsample_bytree": 0.9286049827576046, "model__learning_rate": 0.23337979458392732, "model__max_depth": 5.28702669827889, "model__n_estimators": 25.53641136102083, "model__reg_lambda": 3.864771696146654}, "datetime": {"datetime": "2021-03-27 15:10:30", "elapsed": 6.292126, "delta": 0.100447}}
{"target": -1.94105200006802, "params": {"model__colsample_bylevel": 0.7861070744351207, "model__colsample_bynode": 0.8774093251503836, "model__colsample_bytree": 0.6259679327570861, "model__learning_rate": 0.28810488190533123, "model__max_depth": 6.822438620073907, "model__n_estimators": 29.75038872336499, "model__reg_lambda": 1.696362575837671}, "datetime": {"datetime": "2021-03-27 15:10:30", "elapsed": 6.41644, "delta": 0.124314}}
{"target": -1.807295709994176, "params": {"model__colsample_bylevel": 0.6647592980218581, "model__colsample_bynode": 0.9618621918833685, "model__colsample_bytree": 0.7546783242123333, "model__learning_rate": 0.2721663846451393, "model__max_depth": 7.825076072541351, "model__n_estimators": 17.78312530401691, "model__reg_lambda": 2.431156753134085}, "datetime": {"datetime": "2021-03-27 15:10:30", "elapsed": 6.502349, "delta": 0.085909}}
{"target": -1.7375311120912649, "params": {"model__colsample_bylevel": 0.9113805901707872, "model__colsample_bynode": 0.9343940938464552, "model__colsample_bytree": 0.8307945907576542, "model__learning_rate": 0.16938039075510394, "model__max_depth": 4.781208283904345, "model__n_estimators": 24.15806611272194, "model__reg_lambda": 4.96281717671187}, "datetime": {"datetime": "2021-03-27 15:10:30", "elapsed": 6.592746, "delta": 0.090397}}
{"target": -1.7599202190728291, "params": {"model__colsample_bylevel": 0.6345818094768427, "model__colsample_bynode": 0.604888825336442, "model__colsample_bytree": 0.9092858074985717, "model__learning_rate": 0.1374717294122843, "model__max_depth": 6.126044559156051, "model__n_estimators": 25.552937607020823, "model__reg_lambda": 9.252000772711074}, "datetime": {"datetime": "2021-03-27 15:10:30", "elapsed": 6.688605, "delta": 0.095859}}
{"target": -1.758011487946994, "params": {"model__colsample_bylevel": 0.32761837237198693, "model__colsample_bynode": 0.7529816994815779, "model__colsample_bytree": 0.7466377893021694, "model__learning_rate": 0.19233953249413938, "model__max_depth": 2.318356546912358, "model__n_estimators": 15.578563847435374, "model__reg_lambda": 1.6953141420787687}, "datetime": {"datetime": "2021-03-27 15:10:30", "elapsed": 6.757342, "delta": 0.068737}}
{"target": -1.8208701940334362, "params": {"model__colsample_bylevel": 0.8561835208849775, "model__colsample_bynode": 0.4138242325920566, "model__colsample_bytree": 0.3971170898456863, "model__learning_rate": 0.17058339064653638, "model__max_depth": 4.906990730916813, "model__n_estimators": 25.466045776856664, "model__reg_lambda": 8.011564316956859}, "datetime": {"datetime": "2021-03-27 15:10:30", "elapsed": 6.861055, "delta": 0.103713}}
{"target": -1.8362683560537256, "params": {"model__colsample_bylevel": 0.4867420639503589, "model__colsample_bynode": 0.936633346480775, "model__colsample_bytree": 0.3160068649787738, "model__learning_rate": 0.17502455249915477, "model__max_depth": 3.1977999718893484, "model__n_estimators": 20.142078437421155, "model__reg_lambda": 4.441122950440465}, "datetime": {"datetime": "2021-03-27 15:10:30", "elapsed": 6.936461, "delta": 0.075406}}
{"target": -1.8305663832935732, "params": {"model__colsample_bylevel": 0.6486977272532548, "model__colsample_bynode": 0.5900424273597351, "model__colsample_bytree": 0.4499791740194562, "model__learning_rate": 0.14332794254537243, "model__max_depth": 3.3938427634789914, "model__n_estimators": 25.93628430939619, "model__reg_lambda": 4.159186670147922}, "datetime": {"datetime": "2021-03-27 15:10:30", "elapsed": 7.016136, "delta": 0.079675}}
{"target": -1.7439639765283335, "params": {"model__colsample_bylevel": 0.7087287246096596, "model__colsample_bynode": 0.6460356235928947, "model__colsample_bytree": 0.6010327699478305, "model__learning_rate": 0.24695316340723392, "model__max_depth": 5.337298920821893, "model__n_estimators": 19.539459624900097, "model__reg_lambda": 9.70798194813456}, "datetime": {"datetime": "2021-03-27 15:10:30", "elapsed": 7.106698, "delta": 0.090562}}
{"target": -1.7635654554310913, "params": {"model__colsample_bylevel": 0.4573898284863129, "model__colsample_bynode": 0.39713840986827087, "model__colsample_bytree": 0.730452732753553, "model__learning_rate": 0.19838578785694924, "model__max_depth": 3.0989164019193227, "model__n_estimators": 16.639657727470496, "model__reg_lambda": 5.395755249234239}, "datetime": {"datetime": "2021-03-27 15:10:30", "elapsed": 7.1859, "delta": 0.079202}}
{"target": -1.732243720744399, "params": {"model__colsample_bylevel": 0.5025094970837707, "model__colsample_bynode": 0.37213783629228636, "model__colsample_bytree": 0.6434210837220209, "model__learning_rate": 0.22641833694649102, "model__max_depth": 2.227815301561689, "model__n_estimators": 22.50161880662639, "model__reg_lambda": 0.835434299294453}, "datetime": {"datetime": "2021-03-27 15:10:31", "elapsed": 7.259654, "delta": 0.073754}}
{"target": -1.9122147131441296, "params": {"model__colsample_bylevel": 0.8539227643210632, "model__colsample_bynode": 0.8306252174459399, "model__colsample_bytree": 0.4835912545620663, "model__learning_rate": 0.12017171820904433, "model__max_depth": 7.503156236962601, "model__n_estimators": 22.761903626532458, "model__reg_lambda": 1.3353967592343363}, "datetime": {"datetime": "2021-03-27 15:10:31", "elapsed": 7.358488, "delta": 0.098834}}
{"target": -1.7747531731491502, "params": {"model__colsample_bylevel": 0.3787801798303496, "model__colsample_bynode": 0.8891488038898538, "model__colsample_bytree": 0.682252315571295, "model__learning_rate": 0.1522033166295056, "model__max_depth": 5.4549531069191834, "model__n_estimators": 19.707789101668837, "model__reg_lambda": 7.916231853067416}, "datetime": {"datetime": "2021-03-27 15:10:31", "elapsed": 7.449282, "delta": 0.090794}}
{"target": -1.7668007814473863, "params": {"model__colsample_bylevel": 0.6451635028820711, "model__colsample_bynode": 0.9756107284220326, "model__colsample_bytree": 0.6642183611480073, "model__learning_rate": 0.2806043190994539, "model__max_depth": 3.4988273636139016, "model__n_estimators": 22.822309547759104, "model__reg_lambda": 5.0574568339000425}, "datetime": {"datetime": "2021-03-27 15:10:31", "elapsed": 7.526691, "delta": 0.077409}}
{"target": -1.7421872805965983, "params": {"model__colsample_bylevel": 0.8691500365097846, "model__colsample_bynode": 0.35123595486158105, "model__colsample_bytree": 0.8853449005213216, "model__learning_rate": 0.26084712707576596, "model__max_depth": 4.4379276251183954, "model__n_estimators": 15.546768724832507, "model__reg_lambda": 7.672541069525759}, "datetime": {"datetime": "2021-03-27 15:10:31", "elapsed": 7.609849, "delta": 0.083158}}
{"target": -1.7544672699402206, "params": {"model__colsample_bylevel": 0.7752492983214213, "model__colsample_bynode": 0.9432502217801924, "model__colsample_bytree": 0.6921299356114399, "model__learning_rate": 0.2935437919451478, "model__max_depth": 3.850306106454099, "model__n_estimators": 20.083349491730285, "model__reg_lambda": 7.308818114469667}, "datetime": {"datetime": "2021-03-27 15:10:31", "elapsed": 7.688919, "delta": 0.07907}}
{"target": -1.743527805675631, "params": {"model__colsample_bylevel": 0.7909589341540182, "model__colsample_bynode": 0.8077442453063763, "model__colsample_bytree": 0.9257599208468199, "model__learning_rate": 0.24332981747869467, "model__max_depth": 6.092916621028417, "model__n_estimators": 27.646752630781677, "model__reg_lambda": 6.451189984951728}, "datetime": {"datetime": "2021-03-27 15:10:31", "elapsed": 7.800038, "delta": 0.111119}}
{"target": -1.8970639741399151, "params": {"model__colsample_bylevel": 0.511889221690131, "model__colsample_bynode": 0.880146841574702, "model__colsample_bytree": 0.4713036833734444, "model__learning_rate": 0.24075613859849618, "model__max_depth": 5.215329445061823, "model__n_estimators": 20.712142781227694, "model__reg_lambda": 1.7861793515885238}, "datetime": {"datetime": "2021-03-27 15:10:31", "elapsed": 7.884462, "delta": 0.084424}}
{"target": -1.7921512693166732, "params": {"model__colsample_bylevel": 0.9200821231031391, "model__colsample_bynode": 0.35616344543935075, "model__colsample_bytree": 0.8625120529528605, "model__learning_rate": 0.23669407037870885, "model__max_depth": 4.772062647788025, "model__n_estimators": 24.96073964162097, "model__reg_lambda": 2.826662622956666}, "datetime": {"datetime": "2021-03-27 15:10:31", "elapsed": 7.986931, "delta": 0.102469}}
{"target": -1.7507882875808771, "params": {"model__colsample_bylevel": 0.9031023424555509, "model__colsample_bynode": 0.4249356891249156, "model__colsample_bytree": 0.7057975471157624, "model__learning_rate": 0.1927268764937271, "model__max_depth": 6.039330960316078, "model__n_estimators": 22.141866816168736, "model__reg_lambda": 9.525111535091707}, "datetime": {"datetime": "2021-03-27 15:10:31", "elapsed": 8.075969, "delta": 0.089038}}
{"target": -1.8380539839034493, "params": {"model__colsample_bylevel": 0.8972803412913453, "model__colsample_bynode": 0.9289549741797964, "model__colsample_bytree": 0.3178983723326505, "model__learning_rate": 0.13128458043568686, "model__max_depth": 4.861388901041763, "model__n_estimators": 26.020827615199973, "model__reg_lambda": 3.5630947732495777}, "datetime": {"datetime": "2021-03-27 15:10:31", "elapsed": 8.182902, "delta": 0.106933}}
{"target": -1.7810636951439622, "params": {"model__colsample_bylevel": 0.6951175428742368, "model__colsample_bynode": 0.3318286487069968, "model__colsample_bytree": 0.7483089139197432, "model__learning_rate": 0.23624127616156612, "model__max_depth": 4.373824850662889, "model__n_estimators": 17.05009515507337, "model__reg_lambda": 4.16457752159582}, "datetime": {"datetime": "2021-03-27 15:10:32", "elapsed": 8.264492, "delta": 0.08159}}
{"target": -1.7812528236944605, "params": {"model__colsample_bylevel": 0.816923983909474, "model__colsample_bynode": 0.7090153450298311, "model__colsample_bytree": 0.9184032582594783, "model__learning_rate": 0.21574992226411746, "model__max_depth": 3.0678227617515392, "model__n_estimators": 23.876275396014634, "model__reg_lambda": 0.5387774367636355}, "datetime": {"datetime": "2021-03-27 15:10:32", "elapsed": 8.344397, "delta": 0.079905}}
{"target": -1.763464134229698, "params": {"model__colsample_bylevel": 0.8203891930140093, "model__colsample_bynode": 0.4407263630351047, "model__colsample_bytree": 0.9332727397304375, "model__learning_rate": 0.19471357604823214, "model__max_depth": 4.649919104965563, "model__n_estimators": 17.041195531585494, "model__reg_lambda": 8.076955975507973}, "datetime": {"datetime": "2021-03-27 15:10:32", "elapsed": 8.429453, "delta": 0.085056}}
{"target": -1.8854433121132679, "params": {"model__colsample_bylevel": 0.941920130237188, "model__colsample_bynode": 0.7862119444399247, "model__colsample_bytree": 0.7672811212479322, "model__learning_rate": 0.2413235529719557, "model__max_depth": 6.468881607544759, "model__n_estimators": 25.71892738561766, "model__reg_lambda": 1.4296252407525012}, "datetime": {"datetime": "2021-03-27 15:10:32", "elapsed": 8.533222, "delta": 0.103769}}
{"target": -1.8930296443078831, "params": {"model__colsample_bylevel": 0.7664505634998717, "model__colsample_bynode": 0.9372501752435591, "model__colsample_bytree": 0.3226974712037688, "model__learning_rate": 0.13696287496610304, "model__max_depth": 6.574112506330284, "model__n_estimators": 15.628001246231364, "model__reg_lambda": 2.789864730302046}, "datetime": {"datetime": "2021-03-27 15:10:32", "elapsed": 8.619647, "delta": 0.086425}}
{"target": -1.7902323733853254, "params": {"model__colsample_bylevel": 0.9005722896485118, "model__colsample_bynode": 0.5583279975276154, "model__colsample_bytree": 0.9292943127471143, "model__learning_rate": 0.1578195662504995, "model__max_depth": 4.281940885644073, "model__n_estimators": 16.640600890305116, "model__reg_lambda": 8.146246111896012}, "datetime": {"datetime": "2021-03-27 15:10:32", "elapsed": 8.694513, "delta": 0.074866}}
{"target": -1.761190472089726, "params": {"model__colsample_bylevel": 0.9534398095322711, "model__colsample_bynode": 0.42817503247553923, "model__colsample_bytree": 0.5178389967922328, "model__learning_rate": 0.2349408086546986, "model__max_depth": 2.4746062530577846, "model__n_estimators": 15.490859914517099, "model__reg_lambda": 3.2657561880327557}, "datetime": {"datetime": "2021-03-27 15:10:32", "elapsed": 8.765103, "delta": 0.07059}}
{"target": -1.7833774190989957, "params": {"model__colsample_bylevel": 0.5706285360217014, "model__colsample_bynode": 0.6842771415696982, "model__colsample_bytree": 0.6870518207102555, "model__learning_rate": 0.16602543474194267, "model__max_depth": 4.553906607318516, "model__n_estimators": 18.777852885612205, "model__reg_lambda": 2.0263513230551347}, "datetime": {"datetime": "2021-03-27 15:10:32", "elapsed": 8.846043, "delta": 0.08094}}
{"target": -1.7939161574063096, "params": {"model__colsample_bylevel": 0.8442678591461368, "model__colsample_bynode": 0.3977149946980818, "model__colsample_bytree": 0.6158425941754111, "model__learning_rate": 0.1245045248421828, "model__max_depth": 6.897715409068526, "model__n_estimators": 27.65234893164894, "model__reg_lambda": 1.1477505735172433}, "datetime": {"datetime": "2021-03-27 15:10:32", "elapsed": 8.957803, "delta": 0.11176}}
{"target": -1.8007342700293099, "params": {"model__colsample_bylevel": 0.8046871964072875, "model__colsample_bynode": 0.9463208373893632, "model__colsample_bytree": 0.5702216525068842, "model__learning_rate": 0.25542256115422385, "model__max_depth": 7.543314227663024, "model__n_estimators": 15.074271146872483, "model__reg_lambda": 2.7258381373747875}, "datetime": {"datetime": "2021-03-27 15:10:32", "elapsed": 9.042864, "delta": 0.085061}}
{"target": -1.899719791373481, "params": {"model__colsample_bylevel": 0.325563385911891, "model__colsample_bynode": 0.4394342284138872, "model__colsample_bytree": 0.3078454924320954, "model__learning_rate": 0.10977990666788635, "model__max_depth": 5.896055639118223, "model__n_estimators": 19.33085301818661, "model__reg_lambda": 8.44410233607059}, "datetime": {"datetime": "2021-03-27 15:10:32", "elapsed": 9.123459, "delta": 0.080595}}
{"target": -1.8296122188261452, "params": {"model__colsample_bylevel": 0.5333078077907257, "model__colsample_bynode": 0.9449148964303926, "model__colsample_bytree": 0.39197068792833056, "model__learning_rate": 0.2098009976534188, "model__max_depth": 3.7666070082368948, "model__n_estimators": 27.09229802758709, "model__reg_lambda": 3.376766038812906}, "datetime": {"datetime": "2021-03-27 15:10:33", "elapsed": 9.217072, "delta": 0.093613}}
{"target": -1.9879450148106486, "params": {"model__colsample_bylevel": 0.38472058045866103, "model__colsample_bynode": 0.6189182754661343, "model__colsample_bytree": 0.47491716651278293, "model__learning_rate": 0.24904662090967875, "model__max_depth": 6.41552028192452, "model__n_estimators": 15.15307284998927, "model__reg_lambda": 0.029919695529196932}, "datetime": {"datetime": "2021-03-27 15:10:33", "elapsed": 9.293587, "delta": 0.076515}}
{"target": -1.748279819259609, "params": {"model__colsample_bylevel": 0.9426044924017256, "model__colsample_bynode": 0.5260125425777793, "model__colsample_bytree": 0.5074653319167783, "model__learning_rate": 0.15418522802672452, "model__max_depth": 3.474343666196627, "model__n_estimators": 26.630539663467353, "model__reg_lambda": 2.632384799456182}, "datetime": {"datetime": "2021-03-27 15:10:33", "elapsed": 9.379647, "delta": 0.08606}}
{"target": -1.752870959745369, "params": {"model__colsample_bylevel": 0.8032909797610204, "model__colsample_bynode": 0.7713021432027297, "model__colsample_bytree": 0.6853736563856032, "model__learning_rate": 0.23655460523720243, "model__max_depth": 3.0441975506001606, "model__n_estimators": 21.967771044500967, "model__reg_lambda": 4.939589109277965}, "datetime": {"datetime": "2021-03-27 15:10:33", "elapsed": 9.462511, "delta": 0.082864}}
{"target": -1.7563122451305389, "params": {"model__colsample_bylevel": 0.3191878877624776, "model__colsample_bynode": 0.4527668367686508, "model__colsample_bytree": 0.9533861738476699, "model__learning_rate": 0.23172885748318614, "model__max_depth": 7.871974941466348, "model__n_estimators": 20.539710627919593, "model__reg_lambda": 7.6239037960184355}, "datetime": {"datetime": "2021-03-27 15:10:33", "elapsed": 9.55287, "delta": 0.090359}}
