{"target": -1.922786805908317, "params": {"model__colsample_bylevel": 0.999999998183932, "model__colsample_bynode": 0.3, "model__colsample_bytree": 0.35861461681034956, "model__learning_rate": 0.3, "model__max_depth": 4.0, "model__n_estimators": 29.0, "model__reg_lambda": 2.597475972619512}, "datetime": {"datetime": "2021-03-27 15:10:23", "elapsed": 0.0, "delta": 0.0}}
{"target": -1.9472325791915257, "params": {"model__colsample_bylevel": 0.3, "model__colsample_bynode": 1.0, "model__colsample_bytree": 0.3, "model__learning_rate": 0.3, "model__max_depth": 5.0, "model__n_estimators": 28.0, "model__reg_lambda": 2.445978412994987}, "datetime": {"datetime": "2021-03-27 15:10:23", "elapsed": 0.096558, "delta": 0.096558}}
{"target": -1.757940824524216, "params": {"model__colsample_bylevel": 0.6310644289849315, "model__colsample_bynode": 0.3, "model__colsample_bytree": 1.0, "model__learning_rate": 0.3, "model__max_depth": 4.0, "model__n_estimators": 29.0, "model__reg_lambda": 8.127083395450825}, "datetime": {"datetime": "2021-03-27 15:10:23", "elapsed": 0.190933, "delta": 0.094375}}
{"target": -1.7899694351722364, "params": {"model__colsample_bylevel": 0.3, "model__colsample_bynode": 1.0, "model__colsample_bytree": 1.0, "model__learning_rate": 0.3, "model__max_depth": 2.0, "model__n_estimators": 26.0, "model__reg_lambda": 0.0}, "datetime": {"datetime": "2021-03-27 15:10:24", "elapsed": 0.266305, "delta": 0.075372}}
{"target": -1.7899694351722364, "params": {"model__colsample_bylevel": 0.3, "model__colsample_bynode": 1.0, "model__colsample_bytree": 1.0, "model__learning_rate": 0.3, "model__max_depth": 2.0, "model__n_estimators": 26.0, "model__reg_lambda": 0.0}, "datetime": {"datetime": "2021-03-27 15:10:24", "elapsed": 0.266589, "delta": 0.000284}}
{"target": -1.7470061344405015, "params": {"model__colsample_bylevel": 1.0, "model__colsample_bynode": 0.3, "model__colsample_bytree": 1.0, "model__learning_rate": 0.3, "model__max_depth": 2.0, "model__n_estimators": 30.0, "model__reg_lambda": 1.64551885384336}, "datetime": {"datetime": "2021-03-27 15:10:24", "elapsed": 0.345843, "delta": 0.079254}}
{"target": -1.9348802862499934, "params": {"model__colsample_bylevel": 1.0, "model__colsample_bynode": 0.7230456488597604, "model__colsample_bytree": 0.3, "model__learning_rate": 0.3, "model__max_depth": 7.0, "model__n_estimators": 25.0, "model__reg_lambda": 3.0652730075320616}, "datetime": {"datetime": "2021-03-27 15:10:24", "elapsed": 0.455335, "delta": 0.109492}}
{"target": -1.9072528822482493, "params": {"model__colsample_bylevel": 1.0, "model__colsample_bynode": 1.0, "model__colsample_bytree": 0.3, "model__learning_rate": 0.3, "model__max_depth": 2.0, "model__n_estimators": 30.0, "model__reg_lambda": 0.0}, "datetime": {"datetime": "2021-03-27 15:10:24", "elapsed": 0.531477, "delta": 0.076142}}
{"target": -1.9072528822482493, "params": {"model__colsample_bylevel": 1.0, "model__colsample_bynode": 1.0, "model__colsample_bytree": 0.3, "model__learning_rate": 0.3, "model__max_depth": 2.0, "model__n_estimators": 30.0, "model__reg_lambda": 0.0}, "datetime": {"datetime": "2021-03-27 15:10:24", "elapsed": 0.531766, "delta": 0.000289}}
{"target": -2.25095058294634, "params": {"model__colsample_bylevel": 1.0, "model__colsample_bynode": 0.3, "model__colsample_bytree": 0.3, "model__learning_rate": 0.3, "model__max_depth": 6.0, "model__n_estimators": 29.0, "model__reg_lambda": 0.0}, "datetime": {"datetime": "2021-03-27 15:10:24", "elapsed": 0.632796, "delta": 0.10103}}
{"target": -2.0147908885031938, "params": {"model__colsample_bylevel": 0.3, "model__colsample_bynode": 1.0, "model__colsample_bytree": 0.3, "model__learning_rate": 0.3, "model__max_depth": 3.0, "model__n_estimators": 27.0, "model__reg_lambda": 0.0}, "datetime": {"datetime": "2021-03-27 15:10:24", "elapsed": 0.725011, "delta": 0.092215}}
{"target": -1.9363101404322234, "params": {"model__colsample_bylevel": 0.9005692246328567, "model__colsample_bynode": 0.3309131925319467, "model__colsample_bytree": 0.40116326893941884, "model__learning_rate": 0.2742604998626539, "model__max_depth": 3.0, "model__n_estimators": 30.0, "model__reg_lambda": 0.6535690177676157}, "datetime": {"datetime": "2021-03-27 15:10:24", "elapsed": 0.808355, "delta": 0.083344}}
{"target": -1.9363101404322234, "params": {"model__colsample_bylevel": 0.9005692246328567, "model__colsample_bynode": 0.3309131925319467, "model__colsample_bytree": 0.40116326893941884, "model__learning_rate": 0.2742604998626539, "model__max_depth": 3.0, "model__n_estimators": 30.0, "model__reg_lambda": 0.6535690177676157}, "datetime": {"datetime": "2021-03-27 15:10:24", "elapsed": 0.808689, "delta": 0.000334}}
{"target": -1.9363101404322234, "params": {"model__colsample_bylevel": 0.9005692246328567, "model__colsample_bynode": 0.3309131925319467, "model__colsample_bytree": 0.40116326893941884, "model__learning_rate": 0.2742604998626539, "model__max_depth": 3.0, "model__n_estimators": 30.0, "model__reg_lambda": 0.6535690177676157}, "datetime": {"datetime": "2021-03-27 15:10:24", "elapsed": 0.80888, "delta": 0.000191}}
{"target": -1.9363101404322234, "params": {"model__colsample_bylevel": 0.9005692246328567, "model__colsample_bynode": 0.3309131925319467, "model__colsample_bytree": 0.40116326893941884, "model__learning_rate": 0.2742604998626539, "model__max_depth": 3.0, "model__n_estimators": 30.0, "model__reg_lambda": 0.6535690177676157}, "datetime": {"datetime": "2021-03-27 15:10:24", "elapsed": 0.809047, "delta": 0.000167}}
{"target": -1.9916237618180286, "params": {"model__colsample_bylevel": 0.3, "model__colsample_bynode": 1.0, "model__colsample_bytree": 0.3, "model__learning_rate": 0.3, "model__max_depth": 8.0, "model__n_estimators": 29.0, "model__reg_lambda": 2.809055168948987}, "datetime": {"datetime": "2021-03-27 15:10:24", "elapsed": 0.91581, "delta": 0.106763}}
{"target": -1.8245122800945588, "params": {"model__colsample_bylevel": 0.3, "model__colsample_bynode": 0.30000000000000004, "model__colsample_bytree": 1.0, "model__learning_rate": 0.3, "model__max_depth": 2.0, "model__n_estimators": 30.0, "model__reg_lambda": 0.0}, "datetime": {"datetime": "2021-03-27 15:10:24", "elapsed": 1.00249, "delta": 0.08668}}
{"target": -1.9186657599240973, "params": {"model__colsample_bylevel": 0.35528163046478134, "model__colsample_bynode": 0.4871789210833196, "model__colsample_bytree": 0.8234319661626395, "model__learning_rate": 0.29865280306489583, "model__max_depth": 3.0, "model__n_estimators": 29.0, "model__reg_lambda": 0.03421353007724948}, "datetime": {"datetime": "2021-03-27 15:10:24", "elapsed": 1.089407, "delta": 0.086917}}
{"target": -1.9186657599240973, "params": {"model__colsample_bylevel": 0.35528163046478134, "model__colsample_bynode": 0.4871789210833196, "model__colsample_bytree": 0.8234319661626395, "model__learning_rate": 0.29865280306489583, "model__max_depth": 3.0, "model__n_estimators": 29.0, "model__reg_lambda": 0.03421353007724948}, "datetime": {"datetime": "2021-03-27 15:10:24", "elapsed": 1.089734, "delta": 0.000327}}
{"target": -1.9186657599240973, "params": {"model__colsample_bylevel": 0.35528163046478134, "model__colsample_bynode": 0.4871789210833196, "model__colsample_bytree": 0.8234319661626395, "model__learning_rate": 0.29865280306489583, "model__max_depth": 3.0, "model__n_estimators": 29.0, "model__reg_lambda": 0.03421353007724948}, "datetime": {"datetime": "2021-03-27 15:10:24", "elapsed": 1.089928, "delta": 0.000194}}
{"target": -1.9186657599240973, "params": {"model__colsample_bylevel": 0.35528163046478134, "model__colsample_bynode": 0.4871789210833196, "model__colsample_bytree": 0.8234319661626395, "model__learning_rate": 0.29865280306489583, "model__max_depth": 3.0, "model__n_estimators": 29.0, "model__reg_lambda": 0.03421353007724948}, "datetime": {"datetime": "2021-03-27 15:10:24", "elapsed": 1.090099, "delta": 0.000171}}
{"target": -1.9186657599240973, "params": {"model__colsample_bylevel": 0.35528163046478134, "model__colsample_bynode": 0.4871789210833196, "model__colsample_bytree": 0.8234319661626395, "model__learning_rate": 0.29865280306489583, "model__max_depth": 3.0, "model__n_estimators": 29.0, "model__reg_lambda": 0.03421353007724948}, "datetime": {"datetime": "2021-03-27 15:10:24", "elapsed": 1.090275, "delta": 0.000176}}
{"target": -1.956167213651149, "params": {"model__colsample_bylevel": 0.3, "model__colsample_bynode": 1.0, "model__colsample_bytree": 0.3, "model__learning_rate": 0.3, "model__max_depth": 4.0, "model__n_estimators": 30.0, "model__reg_lambda": 2.2070523787527936}, "datetime": {"datetime": "2021-03-27 15:10:24", "elapsed": 1.190201, "delta": 0.099926}}
{"target": -1.956167213651149, "params": {"model__colsample_bylevel": 0.3, "model__colsample_bynode": 1.0, "model__colsample_bytree": 0.3, "model__learning_rate": 0.3, "model__max_depth": 4.0, "model__n_estimators": 30.0, "model__reg_lambda": 2.2070523787527936}, "datetime": {"datetime": "2021-03-27 15:10:24", "elapsed": 1.190524, "delta": 0.000323}}
{"target": -1.8373982675589513, "params": {"model__colsample_bylevel": 0.3, "model__colsample_bynode": 0.3, "model__colsample_bytree": 1.0, "model__learning_rate": 0.3, "model__max_depth": 3.0, "model__n_estimators": 30.0, "model__reg_lambda": 1.9215172858249447}, "datetime": {"datetime": "2021-03-27 15:10:25", "elapsed": 1.287275, "delta": 0.096751}}
{"target": -1.98843860608944, "params": {"model__colsample_bylevel": 0.314259179296092, "model__colsample_bynode": 0.9600838180004998, "model__colsample_bytree": 0.3150193472292025, "model__learning_rate": 0.26148670352809134, "model__max_depth": 7.0, "model__n_estimators": 28.0, "model__reg_lambda": 2.143234346456425}, "datetime": {"datetime": "2021-03-27 15:10:25", "elapsed": 1.397718, "delta": 0.110443}}
{"target": -2.118656098124558, "params": {"model__colsample_bylevel": 0.3, "model__colsample_bynode": 1.0, "model__colsample_bytree": 0.3, "model__learning_rate": 0.3, "model__max_depth": 5.0, "model__n_estimators": 24.0, "model__reg_lambda": 0.0}, "datetime": {"datetime": "2021-03-27 15:10:25", "elapsed": 1.484875, "delta": 0.087157}}
{"target": -2.118656098124558, "params": {"model__colsample_bylevel": 0.3, "model__colsample_bynode": 1.0, "model__colsample_bytree": 0.3, "model__learning_rate": 0.3, "model__max_depth": 5.0, "model__n_estimators": 24.0, "model__reg_lambda": 0.0}, "datetime": {"datetime": "2021-03-27 15:10:25", "elapsed": 1.485209, "delta": 0.000334}}
{"target": -2.118656098124558, "params": {"model__colsample_bylevel": 0.3, "model__colsample_bynode": 1.0, "model__colsample_bytree": 0.3, "model__learning_rate": 0.3, "model__max_depth": 5.0, "model__n_estimators": 24.0, "model__reg_lambda": 0.0}, "datetime": {"datetime": "2021-03-27 15:10:25", "elapsed": 1.485411, "delta": 0.000202}}
{"target": -1.8764421714928705, "params": {"model__colsample_bylevel": 0.3, "model__colsample_bynode": 0.3, "model__colsample_bytree": 1.0, "model__learning_rate": 0.3, "model__max_depth": 3.0, "model__n_estimators": 25.0, "model__reg_lambda": 0.0}, "datetime": {"datetime": "2021-03-27 15:10:25", "elapsed": 1.565116, "delta": 0.079705}}
{"target": -1.9072528822482493, "params": {"model__colsample_bylevel": 1.0, "model__colsample_bynode": 0.3, "model__colsample_bytree": 0.45391775758533404, "model__learning_rate": 0.3, "model__max_depth": 2.0, "model__n_estimators": 30.0, "model__reg_lambda": 0.0}, "datetime": {"datetime": "2021-03-27 15:10:25", "elapsed": 1.650606, "delta": 0.08549}}
{"target": -2.202792022568241, "params": {"model__colsample_bylevel": 0.3, "model__colsample_bynode": 0.3, "model__colsample_bytree": 1.0, "model__learning_rate": 0.3, "model__max_depth": 7.0, "model__n_estimators": 30.0, "model__reg_lambda": 0.0}, "datetime": {"datetime": "2021-03-27 15:10:25", "elapsed": 1.769816, "delta": 0.11921}}
{"target": -1.9269647516310215, "params": {"model__colsample_bylevel": 0.3418012586536409, "model__colsample_bynode": 0.8604970814541173, "model__colsample_bytree": 0.41062645052323987, "model__learning_rate": 0.2975596014205977, "model__max_depth": 3.0, "model__n_estimators": 30.0, "model__reg_lambda": 1.412086944267038}, "datetime": {"datetime": "2021-03-27 15:10:25", "elapsed": 1.853921, "delta": 0.084105}}
{"target": -1.9269647516310215, "params": {"model__colsample_bylevel": 0.3418012586536409, "model__colsample_bynode": 0.8604970814541173, "model__colsample_bytree": 0.41062645052323987, "model__learning_rate": 0.2975596014205977, "model__max_depth": 3.0, "model__n_estimators": 30.0, "model__reg_lambda": 1.412086944267038}, "datetime": {"datetime": "2021-03-27 15:10:25", "elapsed": 1.854269, "delta": 0.000348}}
{"target": -1.9269647516310215, "params": {"model__colsample_bylevel": 0.3418012586536409, "model__colsample_bynode": 0.8604970814541173, "model__colsample_bytree": 0.41062645052323987, "model__learning_rate": 0.2975596014205977, "model__max_depth": 3.0, "model__n_estimators": 30.0, "model__reg_lambda": 1.412086944267038}, "datetime": {"datetime": "2021-03-27 15:10:25", "elapsed": 1.854485, "delta": 0.000216}}
{"target": -1.9269647516310215, "params": {"model__colsample_bylevel": 0.3418012586536409, "model__colsample_bynode": 0.8604970814541173, "model__colsample_bytree": 0.41062645052323987, "model__learning_rate": 0.2975596014205977, "model__max_depth": 3.0, "model__n_estimators": 30.0, "model__reg_lambda": 1.412086944267038}, "datetime": {"datetime": "2021-03-27 15:10:25", "elapsed": 1.85468, "delta": 0.000195}}
{"target": -1.9597174988060757, "params": {"model__colsample_bylevel": 1.0, "model__colsample_bynode": 1.0, "model__colsample_bytree": 0.3, "model__learning_rate": 0.3, "model__max_depth": 4.0, "model__n_estimators": 30.0, "model__reg_lambda": 2.1825850489808487}, "datetime": {"datetime": "2021-03-27 15:10:25", "elapsed": 1.944292, "delta": 0.089612}}
{"target": -2.0682469914410855, "params": {"model__colsample_bylevel": 0.3, "model__colsample_bynode": 1.0, "model__colsample_bytree": 0.3, "model__learning_rate": 0.3, "model__max_depth": 5.0, "model__n_estimators": 28.0, "model__reg_lambda": 0.8382116135851819}, "datetime": {"datetime": "2021-03-27 15:10:25", "elapsed": 2.04062, "delta": 0.096328}}
{"target": -2.0682469914410855, "params": {"model__colsample_bylevel": 0.3, "model__colsample_bynode": 1.0, "model__colsample_bytree": 0.3, "model__learning_rate": 0.3, "model__max_depth": 5.0, "model__n_estimators": 28.0, "model__reg_lambda": 0.8382116135851819}, "datetime": {"datetime": "2021-03-27 15:10:25", "elapsed": 2.040952, "delta": 0.000332}}
{"target": -2.0682469914410855, "params": {"model__colsample_bylevel": 0.3, "model__colsample_bynode": 1.0, "model__colsample_bytree": 0.3, "model__learning_rate": 0.3, "model__max_depth": 5.0, "model__n_estimators": 28.0, "model__reg_lambda": 0.8382116135851819}, "datetime": {"datetime": "2021-03-27 15:10:25", "elapsed": 2.041156, "delta": 0.000204}}
{"target": -1.8647925672755725, "params": {"model__colsample_bylevel": 1.0, "model__colsample_bynode": 0.3, "model__colsample_bytree": 0.3, "model__learning_rate": 0.3, "model__max_depth": 3.0, "model__n_estimators": 24.0, "model__reg_lambda": 1.720422546602969}, "datetime": {"datetime": "2021-03-27 15:10:25", "elapsed": 2.125789, "delta": 0.084633}}
{"target": -1.8647925672755725, "params": {"model__colsample_bylevel": 1.0, "model__colsample_bynode": 0.3, "model__colsample_bytree": 0.3, "model__learning_rate": 0.3, "model__max_depth": 3.0, "model__n_estimators": 24.0, "model__reg_lambda": 1.720422546602969}, "datetime": {"datetime": "2021-03-27 15:10:25", "elapsed": 2.126125, "delta": 0.000336}}
{"target": -2.0443428441126277, "params": {"model__colsample_bylevel": 0.37628503985162537, "model__colsample_bynode": 1.0, "model__colsample_bytree": 0.3, "model__learning_rate": 0.3, "model__max_depth": 8.0, "model__n_estimators": 29.0, "model__reg_lambda": 2.0745089240899484}, "datetime": {"datetime": "2021-03-27 15:10:26", "elapsed": 2.235306, "delta": 0.109181}}
{"target": -2.0443428441126277, "params": {"model__colsample_bylevel": 0.37628503985162537, "model__colsample_bynode": 1.0, "model__colsample_bytree": 0.3, "model__learning_rate": 0.3, "model__max_depth": 8.0, "model__n_estimators": 29.0, "model__reg_lambda": 2.0745089240899484}, "datetime": {"datetime": "2021-03-27 15:10:26", "elapsed": 2.235642, "delta": 0.000336}}
{"target": -2.0150484586755435, "params": {"model__colsample_bylevel": 1.0, "model__colsample_bynode": 0.3, "model__colsample_bytree": 0.3, "model__learning_rate": 0.3, "model__max_depth": 5.0, "model__n_estimators": 30.0, "model__reg_lambda": 1.6511553127175773}, "datetime": {"datetime": "2021-03-27 15:10:26", "elapsed": 2.339393, "delta": 0.103751}}
{"target": -1.8966932179703229, "params": {"model__colsample_bylevel": 1.0, "model__colsample_bynode": 1.0, "model__colsample_bytree": 0.3, "model__learning_rate": 0.3, "model__max_depth": 3.0, "model__n_estimators": 29.0, "model__reg_lambda": 1.8030217383470375}, "datetime": {"datetime": "2021-03-27 15:10:26", "elapsed": 2.432209, "delta": 0.092816}}
{"target": -1.8966932179703229, "params": {"model__colsample_bylevel": 1.0, "model__colsample_bynode": 1.0, "model__colsample_bytree": 0.3, "model__learning_rate": 0.3, "model__max_depth": 3.0, "model__n_estimators": 29.0, "model__reg_lambda": 1.8030217383470375}, "datetime": {"datetime": "2021-03-27 15:10:26", "elapsed": 2.432576, "delta": 0.000367}}
{"target": -1.8966932179703229, "params": {"model__colsample_bylevel": 1.0, "model__colsample_bynode": 1.0, "model__colsample_bytree": 0.3, "model__learning_rate": 0.3, "model__max_depth": 3.0, "model__n_estimators": 29.0, "model__reg_lambda": 1.8030217383470375}, "datetime": {"datetime": "2021-03-27 15:10:26", "elapsed": 2.432814, "delta": 0.000238}}
{"target": -1.8966932179703229, "params": {"model__colsample_bylevel": 1.0, "model__colsample_bynode": 1.0, "model__colsample_bytree": 0.3, "model__learning_rate": 0.3, "model__max_depth": 3.0, "model__n_estimators": 29.0, "model__reg_lambda": 1.8030217383470375}, "datetime": {"datetime": "2021-03-27 15:10:26", "elapsed": 2.433014, "delta": 0.0002}}
{"target": -1.8966932179703229, "params": {"model__colsample_bylevel": 1.0, "model__colsample_bynode": 1.0, "model__colsample_bytree": 0.3, "model__learning_rate": 0.3, "model__max_depth": 3.0, "model__n_estimators": 29.0, "model__reg_lambda": 1.8030217383470375}, "datetime": {"datetime": "2021-03-27 15:10:26", "elapsed": 2.433206, "delta": 0.000192}}
{"target": -1.8966932179703229, "params": {"model__colsample_bylevel": 1.0, "model__colsample_bynode": 1.0, "model__colsample_bytree": 0.3, "model__learning_rate": 0.3, "model__max_depth": 3.0, "model__n_estimators": 29.0, "model__reg_lambda": 1.8030217383470375}, "datetime": {"datetime": "2021-03-27 15:10:26", "elapsed": 2.433394, "delta": 0.000188}}
{"target": -2.125903291212044, "params": {"model__colsample_bylevel": 0.3, "model__colsample_bynode": 0.3, "model__colsample_bytree": 0.3, "model__learning_rate": 0.3, "model__max_depth": 8.0, "model__n_estimators": 28.0, "model__reg_lambda": 0.9868765988883603}, "datetime": {"datetime": "2021-03-27 15:10:26", "elapsed": 2.544409, "delta": 0.111015}}
{"target": -2.125903291212044, "params": {"model__colsample_bylevel": 0.3, "model__colsample_bynode": 0.3, "model__colsample_bytree": 0.3, "model__learning_rate": 0.3, "model__max_depth": 8.0, "model__n_estimators": 28.0, "model__reg_lambda": 0.9868765988883603}, "datetime": {"datetime": "2021-03-27 15:10:26", "elapsed": 2.54475, "delta": 0.000341}}
{"target": -2.2981485245479405, "params": {"model__colsample_bylevel": 0.3, "model__colsample_bynode": 0.3, "model__colsample_bytree": 0.3, "model__learning_rate": 0.3, "model__max_depth": 7.0, "model__n_estimators": 30.0, "model__reg_lambda": 0.0}, "datetime": {"datetime": "2021-03-27 15:10:26", "elapsed": 2.655286, "delta": 0.110536}}
{"target": -1.8752450192320176, "params": {"model__colsample_bylevel": 0.5714863923596051, "model__colsample_bynode": 0.3795339273783556, "model__colsample_bytree": 0.3925920597410244, "model__learning_rate": 0.29615065968157284, "model__max_depth": 3.0, "model__n_estimators": 30.0, "model__reg_lambda": 2.567400170895051}, "datetime": {"datetime": "2021-03-27 15:10:26", "elapsed": 2.742055, "delta": 0.086769}}
{"target": -1.8629861814712267, "params": {"model__colsample_bylevel": 0.3, "model__colsample_bynode": 1.0, "model__colsample_bytree": 0.3, "model__learning_rate": 0.3, "model__max_depth": 3.0, "model__n_estimators": 29.0, "model__reg_lambda": 2.8756183958197234}, "datetime": {"datetime": "2021-03-27 15:10:26", "elapsed": 2.825936, "delta": 0.083881}}
{"target": -1.8629861814712267, "params": {"model__colsample_bylevel": 0.3, "model__colsample_bynode": 1.0, "model__colsample_bytree": 0.3, "model__learning_rate": 0.3, "model__max_depth": 3.0, "model__n_estimators": 29.0, "model__reg_lambda": 2.8756183958197234}, "datetime": {"datetime": "2021-03-27 15:10:26", "elapsed": 2.826288, "delta": 0.000352}}
{"target": -1.860808730341386, "params": {"model__colsample_bylevel": 0.3, "model__colsample_bynode": 0.3, "model__colsample_bytree": 1.0, "model__learning_rate": 0.3, "model__max_depth": 6.0, "model__n_estimators": 26.0, "model__reg_lambda": 3.0121019696059284}, "datetime": {"datetime": "2021-03-27 15:10:26", "elapsed": 2.93409, "delta": 0.107802}}
{"target": -1.860808730341386, "params": {"model__colsample_bylevel": 0.3, "model__colsample_bynode": 0.3, "model__colsample_bytree": 1.0, "model__learning_rate": 0.3, "model__max_depth": 6.0, "model__n_estimators": 26.0, "model__reg_lambda": 3.0121019696059284}, "datetime": {"datetime": "2021-03-27 15:10:26", "elapsed": 2.93446, "delta": 0.00037}}
