{"target": -1.4508596113707493, "params": {"model__colsample_bylevel": 1.0, "model__colsample_bynode": 1.0, "model__colsample_bytree": 1.0, "model__learning_rate": 0.3, "model__max_depth": 3.797720178968131, "model__n_estimators": 19.710136604256057, "model__reg_lambda": 10.0}, "datetime": {"datetime": "2021-03-27 09:47:12", "elapsed": 73.704343, "delta": 1.993102}}
{"target": -1.3462209350577947, "params": {"model__colsample_bylevel": 0.3, "model__colsample_bynode": 1.0, "model__colsample_bytree": 0.3, "model__learning_rate": 0.3, "model__max_depth": 3.8050347011296783, "model__n_estimators": 27.996887212433723, "model__reg_lambda": 7.3222586321346865}, "datetime": {"datetime": "2021-03-27 09:47:13", "elapsed": 75.509829, "delta": 1.805486}}
{"target": -1.3151940267425084, "params": {"model__colsample_bylevel": 0.3, "model__colsample_bynode": 1.0, "model__colsample_bytree": 0.3, "model__learning_rate": 0.3, "model__max_depth": 3.237912828978907, "model__n_estimators": 20.373110932889364, "model__reg_lambda": 0.0}, "datetime": {"datetime": "2021-03-27 09:47:15", "elapsed": 77.604051, "delta": 2.094222}}
{"target": -1.3609772080339597, "params": {"model__colsample_bylevel": 1.0, "model__colsample_bynode": 0.3, "model__colsample_bytree": 0.3, "model__learning_rate": 0.3, "model__max_depth": 4.25338852654311, "model__n_estimators": 22.133260877886652, "model__reg_lambda": 5.738473124127143}, "datetime": {"datetime": "2021-03-27 09:47:17", "elapsed": 79.084732, "delta": 1.480681}}
{"target": -1.4319786392273786, "params": {"model__colsample_bylevel": 1.0, "model__colsample_bynode": 1.0, "model__colsample_bytree": 1.0, "model__learning_rate": 0.3, "model__max_depth": 4.084695706463933, "model__n_estimators": 20.855378470602542, "model__reg_lambda": 2.9566183238656123}, "datetime": {"datetime": "2021-03-27 09:47:19", "elapsed": 80.949494, "delta": 1.864762}}
{"target": -1.4124431143690281, "params": {"model__colsample_bylevel": 0.3, "model__colsample_bynode": 0.3, "model__colsample_bytree": 1.0, "model__learning_rate": 0.3, "model__max_depth": 2.0, "model__n_estimators": 22.426975813271444, "model__reg_lambda": 6.604971137318493}, "datetime": {"datetime": "2021-03-27 09:47:20", "elapsed": 82.522908, "delta": 1.573414}}
{"target": -1.4699592199392508, "params": {"model__colsample_bylevel": 0.3, "model__colsample_bynode": 1.0, "model__colsample_bytree": 1.0, "model__learning_rate": 0.3, "model__max_depth": 5.3889370693856185, "model__n_estimators": 15.0, "model__reg_lambda": 10.0}, "datetime": {"datetime": "2021-03-27 09:47:22", "elapsed": 84.308532, "delta": 1.785624}}
{"target": -1.47513672919485, "params": {"model__colsample_bylevel": 0.3, "model__colsample_bynode": 0.3, "model__colsample_bytree": 0.3, "model__learning_rate": 0.3, "model__max_depth": 6.990802168017115, "model__n_estimators": 28.239096157060597, "model__reg_lambda": 10.0}, "datetime": {"datetime": "2021-03-27 09:47:24", "elapsed": 85.883617, "delta": 1.575085}}
{"target": -1.3800508242370424, "params": {"model__colsample_bylevel": 1.0, "model__colsample_bynode": 0.3, "model__colsample_bytree": 1.0, "model__learning_rate": 0.3, "model__max_depth": 2.0, "model__n_estimators": 30.0, "model__reg_lambda": 8.121162604560048}, "datetime": {"datetime": "2021-03-27 09:47:25", "elapsed": 87.522853, "delta": 1.639236}}
{"target": -1.4548503524745289, "params": {"model__colsample_bylevel": 0.3, "model__colsample_bynode": 0.3, "model__colsample_bytree": 0.3, "model__learning_rate": 0.3, "model__max_depth": 3.9107612156868123, "model__n_estimators": 17.58292816685217, "model__reg_lambda": 0.0}, "datetime": {"datetime": "2021-03-27 09:47:27", "elapsed": 89.079363, "delta": 1.55651}}
{"target": -1.4827692445583533, "params": {"model__colsample_bylevel": 0.3, "model__colsample_bynode": 0.3, "model__colsample_bytree": 0.3, "model__learning_rate": 0.3, "model__max_depth": 2.0, "model__n_estimators": 28.041011856927685, "model__reg_lambda": 0.6978714129778143}, "datetime": {"datetime": "2021-03-27 09:47:29", "elapsed": 90.853152, "delta": 1.773789}}
{"target": -1.3678237685302703, "params": {"model__colsample_bylevel": 1.0, "model__colsample_bynode": 1.0, "model__colsample_bytree": 0.3, "model__learning_rate": 0.3, "model__max_depth": 4.433470941458406, "model__n_estimators": 26.0683116547307, "model__reg_lambda": 0.0}, "datetime": {"datetime": "2021-03-27 09:47:30", "elapsed": 92.49518, "delta": 1.642028}}
{"target": -1.3706745790695583, "params": {"model__colsample_bylevel": 1.0, "model__colsample_bynode": 0.3, "model__colsample_bytree": 1.0, "model__learning_rate": 0.3, "model__max_depth": 4.887393975523114, "model__n_estimators": 15.0, "model__reg_lambda": 1.6180205230858913}, "datetime": {"datetime": "2021-03-27 09:47:32", "elapsed": 94.100252, "delta": 1.605072}}
{"target": -1.3822951317521865, "params": {"model__colsample_bylevel": 1.0, "model__colsample_bynode": 1.0, "model__colsample_bytree": 1.0, "model__learning_rate": 0.3, "model__max_depth": 2.999697178847495, "model__n_estimators": 30.0, "model__reg_lambda": 5.252996451648813}, "datetime": {"datetime": "2021-03-27 09:47:34", "elapsed": 96.28857, "delta": 2.188318}}
{"target": -1.2898901706608688, "params": {"model__colsample_bylevel": 0.3, "model__colsample_bynode": 1.0, "model__colsample_bytree": 0.3, "model__learning_rate": 0.3, "model__max_depth": 2.6307905799656277, "model__n_estimators": 23.619845851734528, "model__reg_lambda": 0.0}, "datetime": {"datetime": "2021-03-27 09:47:36", "elapsed": 97.935079, "delta": 1.646509}}
{"target": -1.3076656810358922, "params": {"model__colsample_bylevel": 0.3, "model__colsample_bynode": 1.0, "model__colsample_bytree": 0.3, "model__learning_rate": 0.3, "model__max_depth": 8.0, "model__n_estimators": 24.706292762026713, "model__reg_lambda": 2.5089742910053223}, "datetime": {"datetime": "2021-03-27 09:47:37", "elapsed": 99.597322, "delta": 1.662243}}
{"target": -1.5065425793329872, "params": {"model__colsample_bylevel": 1.0, "model__colsample_bynode": 1.0, "model__colsample_bytree": 1.0, "model__learning_rate": 0.3, "model__max_depth": 2.0, "model__n_estimators": 15.0, "model__reg_lambda": 5.781900660321836}, "datetime": {"datetime": "2021-03-27 09:47:39", "elapsed": 101.004859, "delta": 1.407537}}
{"target": -1.2919562213797717, "params": {"model__colsample_bylevel": 1.0, "model__colsample_bynode": 1.0, "model__colsample_bytree": 0.3, "model__learning_rate": 0.3, "model__max_depth": 8.0, "model__n_estimators": 30.0, "model__reg_lambda": 4.956445381969874}, "datetime": {"datetime": "2021-03-27 09:47:41", "elapsed": 102.887354, "delta": 1.882495}}
{"target": -1.4242123688800614, "params": {"model__colsample_bylevel": 1.0, "model__colsample_bynode": 1.0, "model__colsample_bytree": 0.3, "model__learning_rate": 0.3, "model__max_depth": 2.0, "model__n_estimators": 22.84516667431969, "model__reg_lambda": 10.0}, "datetime": {"datetime": "2021-03-27 09:47:42", "elapsed": 104.459485, "delta": 1.572131}}
{"target": -1.421167997841764, "params": {"model__colsample_bylevel": 1.0, "model__colsample_bynode": 1.0, "model__colsample_bytree": 1.0, "model__learning_rate": 0.3, "model__max_depth": 8.0, "model__n_estimators": 21.698236457184436, "model__reg_lambda": 7.536377953506855}, "datetime": {"datetime": "2021-03-27 09:47:45", "elapsed": 106.907603, "delta": 2.448118}}
{"target": -1.349069274181797, "params": {"model__colsample_bylevel": 0.3, "model__colsample_bynode": 1.0, "model__colsample_bytree": 0.3, "model__learning_rate": 0.3, "model__max_depth": 8.0, "model__n_estimators": 20.461144490138395, "model__reg_lambda": 2.2181814425525226}, "datetime": {"datetime": "2021-03-27 09:47:46", "elapsed": 108.539041, "delta": 1.631438}}
{"target": -1.380608341254402, "params": {"model__colsample_bylevel": 0.3, "model__colsample_bynode": 1.0, "model__colsample_bytree": 1.0, "model__learning_rate": 0.3, "model__max_depth": 8.0, "model__n_estimators": 18.559385845705123, "model__reg_lambda": 5.683614923659696}, "datetime": {"datetime": "2021-03-27 09:47:48", "elapsed": 110.307513, "delta": 1.768472}}
{"target": -1.2962758637289853, "params": {"model__colsample_bylevel": 1.0, "model__colsample_bynode": 0.3, "model__colsample_bytree": 0.3, "model__learning_rate": 0.3, "model__max_depth": 8.0, "model__n_estimators": 30.0, "model__reg_lambda": 2.51455564402128}, "datetime": {"datetime": "2021-03-27 09:47:50", "elapsed": 112.05738, "delta": 1.749867}}
{"target": -1.3973774221820243, "params": {"model__colsample_bylevel": 0.3, "model__colsample_bynode": 1.0, "model__colsample_bytree": 0.3, "model__learning_rate": 0.3, "model__max_depth": 8.0, "model__n_estimators": 24.041052021384782, "model__reg_lambda": 10.0}, "datetime": {"datetime": "2021-03-27 09:47:51", "elapsed": 113.552212, "delta": 1.494832}}
{"target": -1.3807963713004754, "params": {"model__colsample_bylevel": 0.3, "model__colsample_bynode": 1.0, "model__colsample_bytree": 1.0, "model__learning_rate": 0.3, "model__max_depth": 4.925241575615883, "model__n_estimators": 22.173100290971846, "model__reg_lambda": 6.716804194734579}, "datetime": {"datetime": "2021-03-27 09:47:54", "elapsed": 115.669661, "delta": 2.117449}}
{"target": -1.350810579329297, "params": {"model__colsample_bylevel": 0.3, "model__colsample_bynode": 1.0, "model__colsample_bytree": 1.0, "model__learning_rate": 0.3, "model__max_depth": 6.18256558797058, "model__n_estimators": 19.461501532425476, "model__reg_lambda": 4.140404848459329}, "datetime": {"datetime": "2021-03-27 09:47:55", "elapsed": 117.458291, "delta": 1.78863}}
{"target": -1.466473795419586, "params": {"model__colsample_bylevel": 1.0, "model__colsample_bynode": 1.0, "model__colsample_bytree": 1.0, "model__learning_rate": 0.3, "model__max_depth": 3.9053578811699268, "model__n_estimators": 28.767671529871855, "model__reg_lambda": 0.0}, "datetime": {"datetime": "2021-03-27 09:47:57", "elapsed": 119.359626, "delta": 1.901335}}
{"target": -1.3274579443941836, "params": {"model__colsample_bylevel": 0.3, "model__colsample_bynode": 1.0, "model__colsample_bytree": 0.3, "model__learning_rate": 0.3, "model__max_depth": 8.0, "model__n_estimators": 24.65494351777982, "model__reg_lambda": 0.0}, "datetime": {"datetime": "2021-03-27 09:47:59", "elapsed": 121.133891, "delta": 1.774265}}
{"target": -1.3828703086607266, "params": {"model__colsample_bylevel": 1.0, "model__colsample_bynode": 1.0, "model__colsample_bytree": 1.0, "model__learning_rate": 0.3, "model__max_depth": 8.0, "model__n_estimators": 30.0, "model__reg_lambda": 8.087282733953923}, "datetime": {"datetime": "2021-03-27 09:48:01", "elapsed": 123.257156, "delta": 2.123265}}
{"target": -1.440149433835261, "params": {"model__colsample_bylevel": 0.3, "model__colsample_bynode": 1.0, "model__colsample_bytree": 1.0, "model__learning_rate": 0.3, "model__max_depth": 8.0, "model__n_estimators": 17.86907357838863, "model__reg_lambda": 10.0}, "datetime": {"datetime": "2021-03-27 09:48:03", "elapsed": 124.934964, "delta": 1.677808}}
{"target": -1.2655033786173748, "params": {"model__colsample_bylevel": 0.3, "model__colsample_bynode": 1.0, "model__colsample_bytree": 0.3, "model__learning_rate": 0.3, "model__max_depth": 3.281829697264649, "model__n_estimators": 25.203106729194303, "model__reg_lambda": 1.420182449708845}, "datetime": {"datetime": "2021-03-27 09:48:04", "elapsed": 126.537504, "delta": 1.60254}}
{"target": -1.341349918204292, "params": {"model__colsample_bylevel": 1.0, "model__colsample_bynode": 1.0, "model__colsample_bytree": 0.3, "model__learning_rate": 0.3, "model__max_depth": 2.0, "model__n_estimators": 21.51581908333473, "model__reg_lambda": 0.0}, "datetime": {"datetime": "2021-03-27 09:48:06", "elapsed": 128.332607, "delta": 1.795103}}
{"target": -1.4045973177081432, "params": {"model__colsample_bylevel": 1.0, "model__colsample_bynode": 1.0, "model__colsample_bytree": 1.0, "model__learning_rate": 0.3, "model__max_depth": 3.4455251745395596, "model__n_estimators": 30.0, "model__reg_lambda": 8.850663085635656}, "datetime": {"datetime": "2021-03-27 09:48:09", "elapsed": 130.695447, "delta": 2.36284}}
{"target": -1.319253152862623, "params": {"model__colsample_bylevel": 1.0, "model__colsample_bynode": 0.3, "model__colsample_bytree": 0.3, "model__learning_rate": 0.3, "model__max_depth": 3.080479218611658, "model__n_estimators": 28.953573676998424, "model__reg_lambda": 6.648528054928538}, "datetime": {"datetime": "2021-03-27 09:48:10", "elapsed": 132.514698, "delta": 1.819251}}
{"target": -1.4477163472523291, "params": {"model__colsample_bylevel": 1.0, "model__colsample_bynode": 1.0, "model__colsample_bytree": 1.0, "model__learning_rate": 0.3, "model__max_depth": 4.1821360488544945, "model__n_estimators": 15.0, "model__reg_lambda": 0.0}, "datetime": {"datetime": "2021-03-27 09:48:12", "elapsed": 134.197648, "delta": 1.68295}}
{"target": -1.3329619904615633, "params": {"model__colsample_bylevel": 1.0, "model__colsample_bynode": 0.3, "model__colsample_bytree": 0.3, "model__learning_rate": 0.3, "model__max_depth": 6.800958591904486, "model__n_estimators": 26.311290088634586, "model__reg_lambda": 5.548650775864321}, "datetime": {"datetime": "2021-03-27 09:48:14", "elapsed": 136.098765, "delta": 1.901117}}
{"target": -1.5245975670931131, "params": {"model__colsample_bylevel": 0.3087504397165046, "model__colsample_bynode": 0.3545008001463929, "model__colsample_bytree": 0.5685414699722262, "model__learning_rate": 0.20548945658744397, "model__max_depth": 2.3301943033416723, "model__n_estimators": 29.247457112639108, "model__reg_lambda": 9.819553620726513}, "datetime": {"datetime": "2021-03-27 09:48:15", "elapsed": 137.588352, "delta": 1.489587}}
{"target": -1.2992642981013742, "params": {"model__colsample_bylevel": 1.0, "model__colsample_bynode": 1.0, "model__colsample_bytree": 0.3, "model__learning_rate": 0.3, "model__max_depth": 8.0, "model__n_estimators": 28.138652613600296, "model__reg_lambda": 4.382158265878526}, "datetime": {"datetime": "2021-03-27 09:48:17", "elapsed": 139.562564, "delta": 1.974212}}
{"target": -1.3956379131130552, "params": {"model__colsample_bylevel": 1.0, "model__colsample_bynode": 1.0, "model__colsample_bytree": 0.3, "model__learning_rate": 0.3, "model__max_depth": 2.0, "model__n_estimators": 21.894649441537233, "model__reg_lambda": 6.419770811696928}, "datetime": {"datetime": "2021-03-27 09:48:19", "elapsed": 141.606542, "delta": 2.043978}}
{"target": -1.3607426141847627, "params": {"model__colsample_bylevel": 1.0, "model__colsample_bynode": 0.3, "model__colsample_bytree": 0.3, "model__learning_rate": 0.3, "model__max_depth": 8.0, "model__n_estimators": 16.972221728626213, "model__reg_lambda": 0.0}, "datetime": {"datetime": "2021-03-27 09:48:21", "elapsed": 143.280456, "delta": 1.673914}}
{"target": -1.3493198594186402, "params": {"model__colsample_bylevel": 0.3, "model__colsample_bynode": 0.3, "model__colsample_bytree": 1.0, "model__learning_rate": 0.3, "model__max_depth": 4.101364836253357, "model__n_estimators": 27.50465336447664, "model__reg_lambda": 4.966381433475205}, "datetime": {"datetime": "2021-03-27 09:48:23", "elapsed": 145.169661, "delta": 1.889205}}
{"target": -1.4336675577891478, "params": {"model__colsample_bylevel": 0.3, "model__colsample_bynode": 0.3, "model__colsample_bytree": 0.3, "model__learning_rate": 0.3, "model__max_depth": 8.0, "model__n_estimators": 21.27347253715718, "model__reg_lambda": 0.0}, "datetime": {"datetime": "2021-03-27 09:48:24", "elapsed": 146.653557, "delta": 1.483896}}
{"target": -1.3375989809470332, "params": {"model__colsample_bylevel": 1.0, "model__colsample_bynode": 1.0, "model__colsample_bytree": 0.3, "model__learning_rate": 0.3, "model__max_depth": 5.298774591163992, "model__n_estimators": 24.035786943806546, "model__reg_lambda": 10.0}, "datetime": {"datetime": "2021-03-27 09:48:27", "elapsed": 148.680909, "delta": 2.027352}}
{"target": -1.3086549157104659, "params": {"model__colsample_bylevel": 0.3, "model__colsample_bynode": 1.0, "model__colsample_bytree": 0.3, "model__learning_rate": 0.3, "model__max_depth": 6.497635858790745, "model__n_estimators": 26.865762554226855, "model__reg_lambda": 0.0}, "datetime": {"datetime": "2021-03-27 09:48:28", "elapsed": 150.495325, "delta": 1.814416}}
{"target": -1.411731848001912, "params": {"model__colsample_bylevel": 0.3, "model__colsample_bynode": 1.0, "model__colsample_bytree": 0.3, "model__learning_rate": 0.3, "model__max_depth": 6.0407618326069, "model__n_estimators": 21.817383191599117, "model__reg_lambda": 10.0}, "datetime": {"datetime": "2021-03-27 09:48:30", "elapsed": 152.286421, "delta": 1.791096}}
{"target": -1.3196147900479642, "params": {"model__colsample_bylevel": 1.0, "model__colsample_bynode": 1.0, "model__colsample_bytree": 0.3, "model__learning_rate": 0.3, "model__max_depth": 5.785640602110731, "model__n_estimators": 29.09153113497912, "model__reg_lambda": 8.721079722482594}, "datetime": {"datetime": "2021-03-27 09:48:32", "elapsed": 154.234996, "delta": 1.948575}}
{"target": -1.2812543370403295, "params": {"model__colsample_bylevel": 1.0, "model__colsample_bynode": 1.0, "model__colsample_bytree": 0.3, "model__learning_rate": 0.3, "model__max_depth": 8.0, "model__n_estimators": 25.59456666802862, "model__reg_lambda": 1.4992152315481433}, "datetime": {"datetime": "2021-03-27 09:48:34", "elapsed": 156.09671, "delta": 1.861714}}
{"target": -1.3378060981793247, "params": {"model__colsample_bylevel": 1.0, "model__colsample_bynode": 0.3, "model__colsample_bytree": 0.3, "model__learning_rate": 0.3, "model__max_depth": 2.0, "model__n_estimators": 30.0, "model__reg_lambda": 4.929390079831299}, "datetime": {"datetime": "2021-03-27 09:48:36", "elapsed": 157.934026, "delta": 1.837316}}
{"target": -1.3194501611863032, "params": {"model__colsample_bylevel": 1.0, "model__colsample_bynode": 0.3, "model__colsample_bytree": 1.0, "model__learning_rate": 0.3, "model__max_depth": 8.0, "model__n_estimators": 29.21520521279442, "model__reg_lambda": 5.521584579474097}, "datetime": {"datetime": "2021-03-27 09:48:38", "elapsed": 160.08789, "delta": 2.153864}}
{"target": -1.3294861348656315, "params": {"model__colsample_bylevel": 1.0, "model__colsample_bynode": 0.3, "model__colsample_bytree": 0.3, "model__learning_rate": 0.3, "model__max_depth": 8.0, "model__n_estimators": 24.602294187228207, "model__reg_lambda": 2.6344833629750677}, "datetime": {"datetime": "2021-03-27 09:48:40", "elapsed": 161.751791, "delta": 1.663901}}
{"target": -1.3585758767779108, "params": {"model__colsample_bylevel": 1.0, "model__colsample_bynode": 0.3, "model__colsample_bytree": 1.0, "model__learning_rate": 0.3, "model__max_depth": 8.0, "model__n_estimators": 18.77895757946833, "model__reg_lambda": 4.26232528715764}, "datetime": {"datetime": "2021-03-27 09:48:41", "elapsed": 163.434169, "delta": 1.682378}}
{"target": -1.375702797502711, "params": {"model__colsample_bylevel": 0.3, "model__colsample_bynode": 0.3, "model__colsample_bytree": 0.3, "model__learning_rate": 0.3, "model__max_depth": 3.986165376515319, "model__n_estimators": 29.24410580502878, "model__reg_lambda": 0.0}, "datetime": {"datetime": "2021-03-27 09:48:43", "elapsed": 165.216867, "delta": 1.782698}}
{"target": -1.333250142959203, "params": {"model__colsample_bylevel": 1.0, "model__colsample_bynode": 0.3, "model__colsample_bytree": 0.3, "model__learning_rate": 0.3, "model__max_depth": 3.6093121370192436, "model__n_estimators": 20.323267602285764, "model__reg_lambda": 1.0795395868920548}, "datetime": {"datetime": "2021-03-27 09:48:45", "elapsed": 166.977636, "delta": 1.760769}}
{"target": -1.4223556500130698, "params": {"model__colsample_bylevel": 1.0, "model__colsample_bynode": 1.0, "model__colsample_bytree": 1.0, "model__learning_rate": 0.3, "model__max_depth": 5.416724308842678, "model__n_estimators": 17.91943540967184, "model__reg_lambda": 6.020697445329296}, "datetime": {"datetime": "2021-03-27 09:48:47", "elapsed": 169.132073, "delta": 2.154437}}
{"target": -1.7178701126273126, "params": {"model__colsample_bylevel": 0.3, "model__colsample_bynode": 0.3, "model__colsample_bytree": 0.3, "model__learning_rate": 0.3, "model__max_depth": 2.0, "model__n_estimators": 15.0, "model__reg_lambda": 6.334298137854066}, "datetime": {"datetime": "2021-03-27 09:48:49", "elapsed": 171.096652, "delta": 1.964579}}
{"target": -1.2700026812932819, "params": {"model__colsample_bylevel": 1.0, "model__colsample_bynode": 1.0, "model__colsample_bytree": 0.3, "model__learning_rate": 0.3, "model__max_depth": 6.850792306000376, "model__n_estimators": 28.693362929250025, "model__reg_lambda": 0.9026823221158448}, "datetime": {"datetime": "2021-03-27 09:48:51", "elapsed": 172.926616, "delta": 1.829964}}
{"target": -1.424709134235762, "params": {"model__colsample_bylevel": 1.0, "model__colsample_bynode": 0.3, "model__colsample_bytree": 1.0, "model__learning_rate": 0.3, "model__max_depth": 4.486368010681817, "model__n_estimators": 15.0, "model__reg_lambda": 5.041664276775999}, "datetime": {"datetime": "2021-03-27 09:48:53", "elapsed": 174.912522, "delta": 1.985906}}
{"target": -1.3245367755985185, "params": {"model__colsample_bylevel": 1.0, "model__colsample_bynode": 1.0, "model__colsample_bytree": 0.3, "model__learning_rate": 0.3, "model__max_depth": 3.7424554417779383, "model__n_estimators": 22.224399047400002, "model__reg_lambda": 0.3091457364964031}, "datetime": {"datetime": "2021-03-27 09:48:55", "elapsed": 176.706362, "delta": 1.79384}}
{"target": -1.4914894871305726, "params": {"model__colsample_bylevel": 0.3, "model__colsample_bynode": 0.3, "model__colsample_bytree": 1.0, "model__learning_rate": 0.3, "model__max_depth": 8.0, "model__n_estimators": 15.0, "model__reg_lambda": 8.346181384868805}, "datetime": {"datetime": "2021-03-27 09:48:56", "elapsed": 178.118216, "delta": 1.411854}}
