{"target": -1.3261189106203939, "params": {"model__colsample_bylevel": 0.3, "model__colsample_bynode": 0.3, "model__colsample_bytree": 1.0, "model__learning_rate": 0.3, "model__max_depth": 6.0, "model__n_estimators": 26.0, "model__reg_lambda": 3.0121019696059284}, "datetime": {"datetime": "2021-03-27 09:46:03", "elapsed": 5.271484, "delta": 0.00022}}
{"target": -1.3384797070215901, "params": {"model__colsample_bylevel": 0.3, "model__colsample_bynode": 0.3, "model__colsample_bytree": 1.0, "model__learning_rate": 0.3, "model__max_depth": 7.0, "model__n_estimators": 29.0, "model__reg_lambda": 1.2999530592867101}, "datetime": {"datetime": "2021-03-27 09:46:03", "elapsed": 5.442414, "delta": 0.17093}}
{"target": -1.3384797070215901, "params": {"model__colsample_bylevel": 0.3, "model__colsample_bynode": 0.3, "model__colsample_bytree": 1.0, "model__learning_rate": 0.3, "model__max_depth": 7.0, "model__n_estimators": 29.0, "model__reg_lambda": 1.2999530592867101}, "datetime": {"datetime": "2021-03-27 09:46:03", "elapsed": 5.442772, "delta": 0.000358}}
{"target": -1.3384797070215901, "params": {"model__colsample_bylevel": 0.3, "model__colsample_bynode": 0.3, "model__colsample_bytree": 1.0, "model__learning_rate": 0.3, "model__max_depth": 7.0, "model__n_estimators": 29.0, "model__reg_lambda": 1.2999530592867101}, "datetime": {"datetime": "2021-03-27 09:46:03", "elapsed": 5.442996, "delta": 0.000224}}
{"target": -1.3384797070215901, "params": {"model__colsample_bylevel": 0.3, "model__colsample_bynode": 0.3, "model__colsample_bytree": 1.0, "model__learning_rate": 0.3, "model__max_depth": 7.0, "model__n_estimators": 29.0, "model__reg_lambda": 1.2999530592867101}, "datetime": {"datetime": "2021-03-27 09:46:03", "elapsed": 5.443203, "delta": 0.000207}}
{"target": -1.3384797070215901, "params": {"model__colsample_bylevel": 0.3, "model__colsample_bynode": 0.3, "model__colsample_bytree": 1.0, "model__learning_rate": 0.3, "model__max_depth": 7.0, "model__n_estimators": 29.0, "model__reg_lambda": 1.2999530592867101}, "datetime": {"datetime": "2021-03-27 09:46:03", "elapsed": 5.443414, "delta": 0.000211}}
{"target": -1.3384797070215901, "params": {"model__colsample_bylevel": 0.3, "model__colsample_bynode": 0.3, "model__colsample_bytree": 1.0, "model__learning_rate": 0.3, "model__max_depth": 7.0, "model__n_estimators": 29.0, "model__reg_lambda": 1.2999530592867101}, "datetime": {"datetime": "2021-03-27 09:46:03", "elapsed": 5.443639, "delta": 0.000225}}
{"target": -1.3384797070215901, "params": {"model__colsample_bylevel": 0.3, "model__colsample_bynode": 0.3, "model__colsample_bytree": 1.0, "model__learning_rate": 0.3, "model__max_depth": 7.0, "model__n_estimators": 29.0, "model__reg_lambda": 1.2999530592867101}, "datetime": {"datetime": "2021-03-27 09:46:03", "elapsed": 5.443847, "delta": 0.000208}}
{"target": -1.3384797070215901, "params": {"model__colsample_bylevel": 0.3, "model__colsample_bynode": 0.3, "model__colsample_bytree": 1.0, "model__learning_rate": 0.3, "model__max_depth": 7.0, "model__n_estimators": 29.0, "model__reg_lambda": 1.2999530592867101}, "datetime": {"datetime": "2021-03-27 09:46:03", "elapsed": 5.444044, "delta": 0.000197}}
{"target": -1.3384797070215901, "params": {"model__colsample_bylevel": 0.3, "model__colsample_bynode": 0.3, "model__colsample_bytree": 1.0, "model__learning_rate": 0.3, "model__max_depth": 7.0, "model__n_estimators": 29.0, "model__reg_lambda": 1.2999530592867101}, "datetime": {"datetime": "2021-03-27 09:46:03", "elapsed": 5.444257, "delta": 0.000213}}
{"target": -1.3410477083162877, "params": {"model__colsample_bylevel": 1.0, "model__colsample_bynode": 1.0, "model__colsample_bytree": 0.3, "model__learning_rate": 0.3, "model__max_depth": 6.0, "model__n_estimators": 16.0, "model__reg_lambda": 0.0}, "datetime": {"datetime": "2021-03-27 09:46:03", "elapsed": 5.658473, "delta": 0.214216}}
{"target": -1.3410477083162877, "params": {"model__colsample_bylevel": 1.0, "model__colsample_bynode": 1.0, "model__colsample_bytree": 0.3, "model__learning_rate": 0.3, "model__max_depth": 6.0, "model__n_estimators": 16.0, "model__reg_lambda": 0.0}, "datetime": {"datetime": "2021-03-27 09:46:03", "elapsed": 5.658835, "delta": 0.000362}}
{"target": -1.3410477083162877, "params": {"model__colsample_bylevel": 1.0, "model__colsample_bynode": 1.0, "model__colsample_bytree": 0.3, "model__learning_rate": 0.3, "model__max_depth": 6.0, "model__n_estimators": 16.0, "model__reg_lambda": 0.0}, "datetime": {"datetime": "2021-03-27 09:46:03", "elapsed": 5.659059, "delta": 0.000224}}
{"target": -1.3410477083162877, "params": {"model__colsample_bylevel": 1.0, "model__colsample_bynode": 1.0, "model__colsample_bytree": 0.3, "model__learning_rate": 0.3, "model__max_depth": 6.0, "model__n_estimators": 16.0, "model__reg_lambda": 0.0}, "datetime": {"datetime": "2021-03-27 09:46:03", "elapsed": 5.659278, "delta": 0.000219}}
{"target": -1.3410477083162877, "params": {"model__colsample_bylevel": 1.0, "model__colsample_bynode": 1.0, "model__colsample_bytree": 0.3, "model__learning_rate": 0.3, "model__max_depth": 6.0, "model__n_estimators": 16.0, "model__reg_lambda": 0.0}, "datetime": {"datetime": "2021-03-27 09:46:03", "elapsed": 5.659506, "delta": 0.000228}}
{"target": -1.3410477083162877, "params": {"model__colsample_bylevel": 1.0, "model__colsample_bynode": 1.0, "model__colsample_bytree": 0.3, "model__learning_rate": 0.3, "model__max_depth": 6.0, "model__n_estimators": 16.0, "model__reg_lambda": 0.0}, "datetime": {"datetime": "2021-03-27 09:46:03", "elapsed": 5.659718, "delta": 0.000212}}
{"target": -1.3410477083162877, "params": {"model__colsample_bylevel": 1.0, "model__colsample_bynode": 1.0, "model__colsample_bytree": 0.3, "model__learning_rate": 0.3, "model__max_depth": 6.0, "model__n_estimators": 16.0, "model__reg_lambda": 0.0}, "datetime": {"datetime": "2021-03-27 09:46:03", "elapsed": 5.659917, "delta": 0.000199}}
{"target": -1.3410477083162877, "params": {"model__colsample_bylevel": 1.0, "model__colsample_bynode": 1.0, "model__colsample_bytree": 0.3, "model__learning_rate": 0.3, "model__max_depth": 6.0, "model__n_estimators": 16.0, "model__reg_lambda": 0.0}, "datetime": {"datetime": "2021-03-27 09:46:03", "elapsed": 5.660116, "delta": 0.000199}}
{"target": -1.3410477083162877, "params": {"model__colsample_bylevel": 1.0, "model__colsample_bynode": 1.0, "model__colsample_bytree": 0.3, "model__learning_rate": 0.3, "model__max_depth": 6.0, "model__n_estimators": 16.0, "model__reg_lambda": 0.0}, "datetime": {"datetime": "2021-03-27 09:46:03", "elapsed": 5.660315, "delta": 0.000199}}
{"target": -1.3410477083162877, "params": {"model__colsample_bylevel": 1.0, "model__colsample_bynode": 1.0, "model__colsample_bytree": 0.3, "model__learning_rate": 0.3, "model__max_depth": 6.0, "model__n_estimators": 16.0, "model__reg_lambda": 0.0}, "datetime": {"datetime": "2021-03-27 09:46:04", "elapsed": 5.660525, "delta": 0.00021}}
{"target": -1.3410477083162877, "params": {"model__colsample_bylevel": 1.0, "model__colsample_bynode": 1.0, "model__colsample_bytree": 0.3, "model__learning_rate": 0.3, "model__max_depth": 6.0, "model__n_estimators": 16.0, "model__reg_lambda": 0.0}, "datetime": {"datetime": "2021-03-27 09:46:04", "elapsed": 5.660724, "delta": 0.000199}}
{"target": -1.3410477083162877, "params": {"model__colsample_bylevel": 1.0, "model__colsample_bynode": 1.0, "model__colsample_bytree": 0.3, "model__learning_rate": 0.3, "model__max_depth": 6.0, "model__n_estimators": 16.0, "model__reg_lambda": 0.0}, "datetime": {"datetime": "2021-03-27 09:46:04", "elapsed": 5.660936, "delta": 0.000212}}
{"target": -1.3312658153052535, "params": {"model__colsample_bylevel": 0.47860746301137314, "model__colsample_bynode": 0.9876997337074893, "model__colsample_bytree": 0.3032558878187438, "model__learning_rate": 0.27426886506518966, "model__max_depth": 5.0, "model__n_estimators": 30.0, "model__reg_lambda": 0.030201832498794046}, "datetime": {"datetime": "2021-03-27 09:46:04", "elapsed": 5.83593, "delta": 0.174994}}
{"target": -1.605676582649998, "params": {"model__colsample_bylevel": 0.30726190771998996, "model__colsample_bynode": 0.651312214504117, "model__colsample_bytree": 0.6470413051939022, "model__learning_rate": 0.12676590579185532, "model__max_depth": 2.8526665127272315, "model__n_estimators": 18.278380134391174, "model__reg_lambda": 4.185081805104525}, "datetime": {"datetime": "2021-03-27 09:46:04", "elapsed": 5.962523, "delta": 0.126593}}
{"target": -1.3515064684350206, "params": {"model__colsample_bylevel": 0.4736708178894914, "model__colsample_bynode": 0.35884175581574507, "model__colsample_bytree": 0.54184904803528, "model__learning_rate": 0.1333552693064643, "model__max_depth": 7.271354513195954, "model__n_estimators": 29.26446047440075, "model__reg_lambda": 0.38748375832319826}, "datetime": {"datetime": "2021-03-27 09:46:04", "elapsed": 6.149961, "delta": 0.187438}}
{"target": -1.3897729439175, "params": {"model__colsample_bylevel": 0.7893751739791326, "model__colsample_bynode": 0.7009318708985864, "model__colsample_bytree": 0.9286049827576046, "model__learning_rate": 0.23337979458392732, "model__max_depth": 5.28702669827889, "model__n_estimators": 25.53641136102083, "model__reg_lambda": 3.864771696146654}, "datetime": {"datetime": "2021-03-27 09:46:04", "elapsed": 6.578281, "delta": 0.42832}}
{"target": -1.289755903039654, "params": {"model__colsample_bylevel": 0.7861070744351207, "model__colsample_bynode": 0.8774093251503836, "model__colsample_bytree": 0.6259679327570861, "model__learning_rate": 0.28810488190533123, "model__max_depth": 6.822438620073907, "model__n_estimators": 29.75038872336499, "model__reg_lambda": 1.696362575837671}, "datetime": {"datetime": "2021-03-27 09:46:05", "elapsed": 6.948565, "delta": 0.370284}}
{"target": -1.3968840084673055, "params": {"model__colsample_bylevel": 0.6647592980218581, "model__colsample_bynode": 0.9618621918833685, "model__colsample_bytree": 0.7546783242123333, "model__learning_rate": 0.2721663846451393, "model__max_depth": 7.825076072541351, "model__n_estimators": 17.78312530401691, "model__reg_lambda": 2.431156753134085}, "datetime": {"datetime": "2021-03-27 09:46:05", "elapsed": 7.260812, "delta": 0.312247}}
{"target": -1.4332881528506245, "params": {"model__colsample_bylevel": 0.9113805901707872, "model__colsample_bynode": 0.9343940938464552, "model__colsample_bytree": 0.8307945907576542, "model__learning_rate": 0.16938039075510394, "model__max_depth": 4.781208283904345, "model__n_estimators": 24.15806611272194, "model__reg_lambda": 4.96281717671187}, "datetime": {"datetime": "2021-03-27 09:46:06", "elapsed": 7.782037, "delta": 0.521225}}
{"target": -1.4999770883740724, "params": {"model__colsample_bylevel": 0.6345818094768427, "model__colsample_bynode": 0.604888825336442, "model__colsample_bytree": 0.9092858074985717, "model__learning_rate": 0.1374717294122843, "model__max_depth": 6.126044559156051, "model__n_estimators": 25.552937607020823, "model__reg_lambda": 9.252000772711074}, "datetime": {"datetime": "2021-03-27 09:46:06", "elapsed": 8.123922, "delta": 0.341885}}
{"target": -1.5558620794419793, "params": {"model__colsample_bylevel": 0.32761837237198693, "model__colsample_bynode": 0.7529816994815779, "model__colsample_bytree": 0.7466377893021694, "model__learning_rate": 0.19233953249413938, "model__max_depth": 2.318356546912358, "model__n_estimators": 15.578563847435374, "model__reg_lambda": 1.6953141420787687}, "datetime": {"datetime": "2021-03-27 09:46:06", "elapsed": 8.229085, "delta": 0.105163}}
{"target": -1.4483450559764237, "params": {"model__colsample_bylevel": 0.8561835208849775, "model__colsample_bynode": 0.4138242325920566, "model__colsample_bytree": 0.3971170898456863, "model__learning_rate": 0.17058339064653638, "model__max_depth": 4.906990730916813, "model__n_estimators": 25.466045776856664, "model__reg_lambda": 8.011564316956859}, "datetime": {"datetime": "2021-03-27 09:46:06", "elapsed": 8.422948, "delta": 0.193863}}
{"target": -1.4732730054876941, "params": {"model__colsample_bylevel": 0.4867420639503589, "model__colsample_bynode": 0.936633346480775, "model__colsample_bytree": 0.3160068649787738, "model__learning_rate": 0.17502455249915477, "model__max_depth": 3.1977999718893484, "model__n_estimators": 20.142078437421155, "model__reg_lambda": 4.441122950440465}, "datetime": {"datetime": "2021-03-27 09:46:06", "elapsed": 8.553537, "delta": 0.130589}}
{"target": -1.4202405567240455, "params": {"model__colsample_bylevel": 0.6486977272532548, "model__colsample_bynode": 0.5900424273597351, "model__colsample_bytree": 0.4499791740194562, "model__learning_rate": 0.14332794254537243, "model__max_depth": 3.3938427634789914, "model__n_estimators": 25.93628430939619, "model__reg_lambda": 4.159186670147922}, "datetime": {"datetime": "2021-03-27 09:46:07", "elapsed": 8.720238, "delta": 0.166701}}
{"target": -1.450851876391233, "params": {"model__colsample_bylevel": 0.7087287246096596, "model__colsample_bynode": 0.6460356235928947, "model__colsample_bytree": 0.6010327699478305, "model__learning_rate": 0.24695316340723392, "model__max_depth": 5.337298920821893, "model__n_estimators": 19.539459624900097, "model__reg_lambda": 9.70798194813456}, "datetime": {"datetime": "2021-03-27 09:46:07", "elapsed": 8.947475, "delta": 0.227237}}
{"target": -1.4916345024940327, "params": {"model__colsample_bylevel": 0.4573898284863129, "model__colsample_bynode": 0.39713840986827087, "model__colsample_bytree": 0.730452732753553, "model__learning_rate": 0.19838578785694924, "model__max_depth": 3.0989164019193227, "model__n_estimators": 16.639657727470496, "model__reg_lambda": 5.395755249234239}, "datetime": {"datetime": "2021-03-27 09:46:07", "elapsed": 9.06885, "delta": 0.121375}}
{"target": -1.3854808941483499, "params": {"model__colsample_bylevel": 0.5025094970837707, "model__colsample_bynode": 0.37213783629228636, "model__colsample_bytree": 0.6434210837220209, "model__learning_rate": 0.22641833694649102, "model__max_depth": 2.227815301561689, "model__n_estimators": 22.50161880662639, "model__reg_lambda": 0.835434299294453}, "datetime": {"datetime": "2021-03-27 09:46:07", "elapsed": 9.183814, "delta": 0.114964}}
{"target": -1.419176424100347, "params": {"model__colsample_bylevel": 0.8539227643210632, "model__colsample_bynode": 0.8306252174459399, "model__colsample_bytree": 0.4835912545620663, "model__learning_rate": 0.12017171820904433, "model__max_depth": 7.503156236962601, "model__n_estimators": 22.761903626532458, "model__reg_lambda": 1.3353967592343363}, "datetime": {"datetime": "2021-03-27 09:46:07", "elapsed": 9.499624, "delta": 0.31581}}
{"target": -1.4990697369195414, "params": {"model__colsample_bylevel": 0.3787801798303496, "model__colsample_bynode": 0.8891488038898538, "model__colsample_bytree": 0.682252315571295, "model__learning_rate": 0.1522033166295056, "model__max_depth": 5.4549531069191834, "model__n_estimators": 19.707789101668837, "model__reg_lambda": 7.916231853067416}, "datetime": {"datetime": "2021-03-27 09:46:08", "elapsed": 9.71653, "delta": 0.216906}}
{"target": -1.3518503852863457, "params": {"model__colsample_bylevel": 0.6451635028820711, "model__colsample_bynode": 0.9756107284220326, "model__colsample_bytree": 0.6642183611480073, "model__learning_rate": 0.2806043190994539, "model__max_depth": 3.4988273636139016, "model__n_estimators": 22.822309547759104, "model__reg_lambda": 5.0574568339000425}, "datetime": {"datetime": "2021-03-27 09:46:08", "elapsed": 9.962788, "delta": 0.246258}}
{"target": -1.4643085310262614, "params": {"model__colsample_bylevel": 0.8691500365097846, "model__colsample_bynode": 0.35123595486158105, "model__colsample_bytree": 0.8853449005213216, "model__learning_rate": 0.26084712707576596, "model__max_depth": 4.4379276251183954, "model__n_estimators": 15.546768724832507, "model__reg_lambda": 7.672541069525759}, "datetime": {"datetime": "2021-03-27 09:46:08", "elapsed": 10.14881, "delta": 0.186022}}
{"target": -1.3918332320975435, "params": {"model__colsample_bylevel": 0.7752492983214213, "model__colsample_bynode": 0.9432502217801924, "model__colsample_bytree": 0.6921299356114399, "model__learning_rate": 0.2935437919451478, "model__max_depth": 3.850306106454099, "model__n_estimators": 20.083349491730285, "model__reg_lambda": 7.308818114469667}, "datetime": {"datetime": "2021-03-27 09:46:08", "elapsed": 10.447484, "delta": 0.298674}}
{"target": -1.3776535543626633, "params": {"model__colsample_bylevel": 0.7909589341540182, "model__colsample_bynode": 0.8077442453063763, "model__colsample_bytree": 0.9257599208468199, "model__learning_rate": 0.24332981747869467, "model__max_depth": 6.092916621028417, "model__n_estimators": 27.646752630781677, "model__reg_lambda": 6.451189984951728}, "datetime": {"datetime": "2021-03-27 09:46:09", "elapsed": 10.957335, "delta": 0.509851}}
{"target": -1.3072211085575753, "params": {"model__colsample_bylevel": 0.511889221690131, "model__colsample_bynode": 0.880146841574702, "model__colsample_bytree": 0.4713036833734444, "model__learning_rate": 0.24075613859849618, "model__max_depth": 5.215329445061823, "model__n_estimators": 20.712142781227694, "model__reg_lambda": 1.7861793515885238}, "datetime": {"datetime": "2021-03-27 09:46:09", "elapsed": 11.156505, "delta": 0.19917}}
{"target": -1.3570806205488632, "params": {"model__colsample_bylevel": 0.9200821231031391, "model__colsample_bynode": 0.35616344543935075, "model__colsample_bytree": 0.8625120529528605, "model__learning_rate": 0.23669407037870885, "model__max_depth": 4.772062647788025, "model__n_estimators": 24.96073964162097, "model__reg_lambda": 2.826662622956666}, "datetime": {"datetime": "2021-03-27 09:46:09", "elapsed": 11.440104, "delta": 0.283599}}
{"target": -1.472561059071534, "params": {"model__colsample_bylevel": 0.9031023424555509, "model__colsample_bynode": 0.4249356891249156, "model__colsample_bytree": 0.7057975471157624, "model__learning_rate": 0.1927268764937271, "model__max_depth": 6.039330960316078, "model__n_estimators": 22.141866816168736, "model__reg_lambda": 9.525111535091707}, "datetime": {"datetime": "2021-03-27 09:46:10", "elapsed": 11.699779, "delta": 0.259675}}
{"target": -1.4181235099670246, "params": {"model__colsample_bylevel": 0.8972803412913453, "model__colsample_bynode": 0.9289549741797964, "model__colsample_bytree": 0.3178983723326505, "model__learning_rate": 0.13128458043568686, "model__max_depth": 4.861388901041763, "model__n_estimators": 26.020827615199973, "model__reg_lambda": 3.5630947732495777}, "datetime": {"datetime": "2021-03-27 09:46:10", "elapsed": 11.972657, "delta": 0.272878}}
{"target": -1.4431036971050544, "params": {"model__colsample_bylevel": 0.6951175428742368, "model__colsample_bynode": 0.3318286487069968, "model__colsample_bytree": 0.7483089139197432, "model__learning_rate": 0.23624127616156612, "model__max_depth": 4.373824850662889, "model__n_estimators": 17.05009515507337, "model__reg_lambda": 4.16457752159582}, "datetime": {"datetime": "2021-03-27 09:46:10", "elapsed": 12.122676, "delta": 0.150019}}
{"target": -1.357763698707888, "params": {"model__colsample_bylevel": 0.816923983909474, "model__colsample_bynode": 0.7090153450298311, "model__colsample_bytree": 0.9184032582594783, "model__learning_rate": 0.21574992226411746, "model__max_depth": 3.0678227617515392, "model__n_estimators": 23.876275396014634, "model__reg_lambda": 0.5387774367636355}, "datetime": {"datetime": "2021-03-27 09:46:10", "elapsed": 12.421179, "delta": 0.298503}}
{"target": -1.5202666536135516, "params": {"model__colsample_bylevel": 0.8203891930140093, "model__colsample_bynode": 0.4407263630351047, "model__colsample_bytree": 0.9332727397304375, "model__learning_rate": 0.19471357604823214, "model__max_depth": 4.649919104965563, "model__n_estimators": 17.041195531585494, "model__reg_lambda": 8.076955975507973}, "datetime": {"datetime": "2021-03-27 09:46:11", "elapsed": 12.661764, "delta": 0.240585}}
{"target": -1.3448261384555287, "params": {"model__colsample_bylevel": 0.941920130237188, "model__colsample_bynode": 0.7862119444399247, "model__colsample_bytree": 0.7672811212479322, "model__learning_rate": 0.2413235529719557, "model__max_depth": 6.468881607544759, "model__n_estimators": 25.71892738561766, "model__reg_lambda": 1.4296252407525012}, "datetime": {"datetime": "2021-03-27 09:46:11", "elapsed": 13.103057, "delta": 0.441293}}
{"target": -1.5105895016828312, "params": {"model__colsample_bylevel": 0.7664505634998717, "model__colsample_bynode": 0.9372501752435591, "model__colsample_bytree": 0.3226974712037688, "model__learning_rate": 0.13696287496610304, "model__max_depth": 6.574112506330284, "model__n_estimators": 15.628001246231364, "model__reg_lambda": 2.789864730302046}, "datetime": {"datetime": "2021-03-27 09:46:11", "elapsed": 13.302631, "delta": 0.199574}}
{"target": -1.5621943548537682, "params": {"model__colsample_bylevel": 0.9005722896485118, "model__colsample_bynode": 0.5583279975276154, "model__colsample_bytree": 0.9292943127471143, "model__learning_rate": 0.1578195662504995, "model__max_depth": 4.281940885644073, "model__n_estimators": 16.640600890305116, "model__reg_lambda": 8.146246111896012}, "datetime": {"datetime": "2021-03-27 09:46:11", "elapsed": 13.570684, "delta": 0.268053}}
{"target": -1.4726342930741931, "params": {"model__colsample_bylevel": 0.9534398095322711, "model__colsample_bynode": 0.42817503247553923, "model__colsample_bytree": 0.5178389967922328, "model__learning_rate": 0.2349408086546986, "model__max_depth": 2.4746062530577846, "model__n_estimators": 15.490859914517099, "model__reg_lambda": 3.2657561880327557}, "datetime": {"datetime": "2021-03-27 09:46:12", "elapsed": 13.678101, "delta": 0.107417}}
