{"target": -1.3043684726526987, "params": {"model__colsample_bylevel": 0.3, "model__colsample_bynode": 1.0, "model__colsample_bytree": 0.3, "model__learning_rate": 0.3, "model__max_depth": 2.69844954740779, "model__n_estimators": 27.031792571476107, "model__reg_lambda": 3.6611949153365653}, "datetime": {"datetime": "2021-03-27 09:50:48", "elapsed": 289.875025, "delta": 1.865659}}
{"target": -1.3716181715032545, "params": {"model__colsample_bylevel": 0.3, "model__colsample_bynode": 1.0, "model__colsample_bytree": 0.3, "model__learning_rate": 0.3, "model__max_depth": 6.17408352395648, "model__n_estimators": 21.446713738040245, "model__reg_lambda": 4.985552732874274}, "datetime": {"datetime": "2021-03-27 09:50:49", "elapsed": 291.648758, "delta": 1.773733}}
{"target": -1.2697003544584942, "params": {"model__colsample_bylevel": 1.0, "model__colsample_bynode": 1.0, "model__colsample_bytree": 0.3, "model__learning_rate": 0.3, "model__max_depth": 7.204325596155586, "model__n_estimators": 24.630115851216306, "model__reg_lambda": 1.6602517742883514}, "datetime": {"datetime": "2021-03-27 09:50:51", "elapsed": 293.611014, "delta": 1.962256}}
{"target": -1.3044551236851922, "params": {"model__colsample_bylevel": 0.3, "model__colsample_bynode": 1.0, "model__colsample_bytree": 0.3, "model__learning_rate": 0.3, "model__max_depth": 4.423080549949542, "model__n_estimators": 27.577134271599608, "model__reg_lambda": 4.498092481523134}, "datetime": {"datetime": "2021-03-27 09:50:53", "elapsed": 295.440133, "delta": 1.829119}}
{"target": -1.3384451451144463, "params": {"model__colsample_bylevel": 1.0, "model__colsample_bynode": 0.3, "model__colsample_bytree": 1.0, "model__learning_rate": 0.3, "model__max_depth": 8.0, "model__n_estimators": 19.536621806489062, "model__reg_lambda": 2.0994657717810403}, "datetime": {"datetime": "2021-03-27 09:50:55", "elapsed": 297.265259, "delta": 1.825126}}
{"target": -1.3307616843140104, "params": {"model__colsample_bylevel": 1.0, "model__colsample_bynode": 1.0, "model__colsample_bytree": 0.3, "model__learning_rate": 0.3, "model__max_depth": 8.0, "model__n_estimators": 19.58398642623029, "model__reg_lambda": 3.3189445605775343}, "datetime": {"datetime": "2021-03-27 09:50:57", "elapsed": 299.016889, "delta": 1.75163}}
{"target": -1.3426216879292676, "params": {"model__colsample_bylevel": 0.3, "model__colsample_bynode": 1.0, "model__colsample_bytree": 1.0, "model__learning_rate": 0.3, "model__max_depth": 4.262168301055475, "model__n_estimators": 29.219556826800233, "model__reg_lambda": 7.41467119526403}, "datetime": {"datetime": "2021-03-27 09:50:59", "elapsed": 301.056668, "delta": 2.039779}}
{"target": -1.3311887777994211, "params": {"model__colsample_bylevel": 0.3, "model__colsample_bynode": 1.0, "model__colsample_bytree": 0.3, "model__learning_rate": 0.3, "model__max_depth": 6.516891955776739, "model__n_estimators": 28.355154928785108, "model__reg_lambda": 0.0}, "datetime": {"datetime": "2021-03-27 09:51:01", "elapsed": 303.08247, "delta": 2.025802}}
{"target": -1.3143407182727493, "params": {"model__colsample_bylevel": 1.0, "model__colsample_bynode": 1.0, "model__colsample_bytree": 0.3, "model__learning_rate": 0.3, "model__max_depth": 8.0, "model__n_estimators": 27.332193403735456, "model__reg_lambda": 6.017812114668357}, "datetime": {"datetime": "2021-03-27 09:51:03", "elapsed": 305.086648, "delta": 2.004178}}
{"target": -1.2683167086914182, "params": {"model__colsample_bylevel": 0.3, "model__colsample_bynode": 1.0, "model__colsample_bytree": 0.3, "model__learning_rate": 0.3, "model__max_depth": 3.3820197623563057, "model__n_estimators": 23.947644786064163, "model__reg_lambda": 1.4349419685864073}, "datetime": {"datetime": "2021-03-27 09:51:05", "elapsed": 306.928266, "delta": 1.841618}}
{"target": -1.3341980791191799, "params": {"model__colsample_bylevel": 0.9984211513496563, "model__colsample_bynode": 1.0, "model__colsample_bytree": 0.3, "model__learning_rate": 0.3, "model__max_depth": 2.2441520090910467, "model__n_estimators": 24.344183547961162, "model__reg_lambda": 1.2662517990228186}, "datetime": {"datetime": "2021-03-27 09:51:07", "elapsed": 308.969221, "delta": 2.040955}}
{"target": -1.37752823382886, "params": {"model__colsample_bylevel": 1.0, "model__colsample_bynode": 0.3, "model__colsample_bytree": 0.3, "model__learning_rate": 0.3, "model__max_depth": 5.137191587754341, "model__n_estimators": 15.0, "model__reg_lambda": 0.0}, "datetime": {"datetime": "2021-03-27 09:51:09", "elapsed": 310.87963, "delta": 1.910409}}
{"target": -1.3244864639846365, "params": {"model__colsample_bylevel": 1.0, "model__colsample_bynode": 0.3, "model__colsample_bytree": 0.3, "model__learning_rate": 0.3, "model__max_depth": 8.0, "model__n_estimators": 19.236371135741688, "model__reg_lambda": 1.109810645469651}, "datetime": {"datetime": "2021-03-27 09:51:11", "elapsed": 312.889447, "delta": 2.009817}}
{"target": -1.484951374458446, "params": {"model__colsample_bylevel": 0.357954612498045, "model__colsample_bynode": 0.3, "model__colsample_bytree": 0.3, "model__learning_rate": 0.3, "model__max_depth": 3.3667327820732686, "model__n_estimators": 22.965394489154303, "model__reg_lambda": 0.0}, "datetime": {"datetime": "2021-03-27 09:51:13", "elapsed": 314.769581, "delta": 1.880134}}
{"target": -1.3244218344570717, "params": {"model__colsample_bylevel": 1.0, "model__colsample_bynode": 0.3, "model__colsample_bytree": 0.3, "model__learning_rate": 0.3, "model__max_depth": 3.344247200662224, "model__n_estimators": 30.0, "model__reg_lambda": 7.427598175404574}, "datetime": {"datetime": "2021-03-27 09:51:14", "elapsed": 316.419678, "delta": 1.650097}}
{"target": -1.3292791965984454, "params": {"model__colsample_bylevel": 0.3, "model__colsample_bynode": 1.0, "model__colsample_bytree": 1.0, "model__learning_rate": 0.3, "model__max_depth": 6.7794255732624755, "model__n_estimators": 23.783004490547533, "model__reg_lambda": 3.864119705838624}, "datetime": {"datetime": "2021-03-27 09:51:16", "elapsed": 318.310263, "delta": 1.890585}}
{"target": -1.2644726213567175, "params": {"model__colsample_bylevel": 1.0, "model__colsample_bynode": 1.0, "model__colsample_bytree": 0.3, "model__learning_rate": 0.3, "model__max_depth": 4.60059686806424, "model__n_estimators": 23.99157745647878, "model__reg_lambda": 1.7237518960993246}, "datetime": {"datetime": "2021-03-27 09:51:19", "elapsed": 320.875222, "delta": 2.564959}}
{"target": -1.3004388454923594, "params": {"model__colsample_bylevel": 1.0, "model__colsample_bynode": 1.0, "model__colsample_bytree": 0.3, "model__learning_rate": 0.3, "model__max_depth": 5.9253582687324675, "model__n_estimators": 22.873429316016196, "model__reg_lambda": 2.9693604967460896}, "datetime": {"datetime": "2021-03-27 09:51:21", "elapsed": 323.046176, "delta": 2.170954}}
{"target": -1.2829572040628157, "params": {"model__colsample_bylevel": 1.0, "model__colsample_bynode": 1.0, "model__colsample_bytree": 0.3, "model__learning_rate": 0.3, "model__max_depth": 5.39963444812192, "model__n_estimators": 21.908766770451575, "model__reg_lambda": 1.0194655620938669}, "datetime": {"datetime": "2021-03-27 09:51:23", "elapsed": 324.790336, "delta": 1.74416}}
{"target": -1.293162540039655, "params": {"model__colsample_bylevel": 1.0, "model__colsample_bynode": 1.0, "model__colsample_bytree": 0.3, "model__learning_rate": 0.3, "model__max_depth": 6.6478675838271375, "model__n_estimators": 25.666255738289788, "model__reg_lambda": 0.7370603316473113}, "datetime": {"datetime": "2021-03-27 09:51:25", "elapsed": 326.890282, "delta": 2.099946}}
{"target": -1.450338282873449, "params": {"model__colsample_bylevel": 1.0, "model__colsample_bynode": 1.0, "model__colsample_bytree": 0.3, "model__learning_rate": 0.1, "model__max_depth": 4.38301033999198, "model__n_estimators": 20.640080138693968, "model__reg_lambda": 0.32798700043930334}, "datetime": {"datetime": "2021-03-27 09:51:27", "elapsed": 328.884778, "delta": 1.994496}}
{"target": -1.2703929349591117, "params": {"model__colsample_bylevel": 1.0, "model__colsample_bynode": 0.6106747853442882, "model__colsample_bytree": 0.3, "model__learning_rate": 0.3, "model__max_depth": 4.804839598340762, "model__n_estimators": 30.0, "model__reg_lambda": 3.808090414513211}, "datetime": {"datetime": "2021-03-27 09:51:29", "elapsed": 330.687276, "delta": 1.802498}}
{"target": -1.3307423448756988, "params": {"model__colsample_bylevel": 0.3, "model__colsample_bynode": 1.0, "model__colsample_bytree": 1.0, "model__learning_rate": 0.3, "model__max_depth": 2.0, "model__n_estimators": 19.829761637337104, "model__reg_lambda": 0.6455836140882613}, "datetime": {"datetime": "2021-03-27 09:51:30", "elapsed": 332.394565, "delta": 1.707289}}
{"target": -1.3391423945706609, "params": {"model__colsample_bylevel": 0.3, "model__colsample_bynode": 1.0, "model__colsample_bytree": 1.0, "model__learning_rate": 0.3, "model__max_depth": 2.0, "model__n_estimators": 23.86979464196855, "model__reg_lambda": 0.0}, "datetime": {"datetime": "2021-03-27 09:51:32", "elapsed": 334.301631, "delta": 1.907066}}
{"target": -1.460197398190697, "params": {"model__colsample_bylevel": 1.0, "model__colsample_bynode": 1.0, "model__colsample_bytree": 1.0, "model__learning_rate": 0.3, "model__max_depth": 6.042392328688599, "model__n_estimators": 15.0, "model__reg_lambda": 7.678012931085179}, "datetime": {"datetime": "2021-03-27 09:51:35", "elapsed": 336.696236, "delta": 2.394605}}
{"target": -1.3672986072677091, "params": {"model__colsample_bylevel": 1.0, "model__colsample_bynode": 0.3, "model__colsample_bytree": 1.0, "model__learning_rate": 0.3, "model__max_depth": 2.853906155670818, "model__n_estimators": 17.65107436347192, "model__reg_lambda": 1.5804327403369722}, "datetime": {"datetime": "2021-03-27 09:51:37", "elapsed": 339.013713, "delta": 2.317477}}
{"target": -1.306787108157532, "params": {"model__colsample_bylevel": 1.0, "model__colsample_bynode": 1.0, "model__colsample_bytree": 0.3, "model__learning_rate": 0.3, "model__max_depth": 7.120482816071466, "model__n_estimators": 21.360337147378775, "model__reg_lambda": 2.1797655841053256}, "datetime": {"datetime": "2021-03-27 09:51:39", "elapsed": 341.079371, "delta": 2.065658}}
{"target": -1.3628130594457404, "params": {"model__colsample_bylevel": 0.3, "model__colsample_bynode": 0.3, "model__colsample_bytree": 1.0, "model__learning_rate": 0.3, "model__max_depth": 3.917749394310899, "model__n_estimators": 19.39678116548573, "model__reg_lambda": 0.09052305135401564}, "datetime": {"datetime": "2021-03-27 09:51:41", "elapsed": 343.076342, "delta": 1.996971}}
{"target": -1.2659764472914836, "params": {"model__colsample_bylevel": 1.0, "model__colsample_bynode": 1.0, "model__colsample_bytree": 0.3, "model__learning_rate": 0.3, "model__max_depth": 5.592743612877681, "model__n_estimators": 29.241904051734963, "model__reg_lambda": 3.2941520320281676}, "datetime": {"datetime": "2021-03-27 09:51:43", "elapsed": 345.144321, "delta": 2.067979}}
{"target": -1.4123814390202902, "params": {"model__colsample_bylevel": 1.0, "model__colsample_bynode": 1.0, "model__colsample_bytree": 1.0, "model__learning_rate": 0.3, "model__max_depth": 4.109163622491476, "model__n_estimators": 16.616282697209737, "model__reg_lambda": 2.504145013763417}, "datetime": {"datetime": "2021-03-27 09:51:45", "elapsed": 347.336582, "delta": 2.192261}}
{"target": -1.278565848234069, "params": {"model__colsample_bylevel": 1.0, "model__colsample_bynode": 0.45865172797301146, "model__colsample_bytree": 0.3, "model__learning_rate": 0.3, "model__max_depth": 5.936509168993904, "model__n_estimators": 29.11283862816908, "model__reg_lambda": 2.168850899639314}, "datetime": {"datetime": "2021-03-27 09:51:47", "elapsed": 349.332648, "delta": 1.996066}}
{"target": -1.366138006399885, "params": {"model__colsample_bylevel": 0.3, "model__colsample_bynode": 1.0, "model__colsample_bytree": 1.0, "model__learning_rate": 0.3, "model__max_depth": 4.262152984081013, "model__n_estimators": 20.61170387812416, "model__reg_lambda": 5.35767165360392}, "datetime": {"datetime": "2021-03-27 09:51:49", "elapsed": 351.585365, "delta": 2.252717}}
{"target": -1.3280018287184445, "params": {"model__colsample_bylevel": 1.0, "model__colsample_bynode": 0.3, "model__colsample_bytree": 0.3653516504995457, "model__learning_rate": 0.3, "model__max_depth": 6.4483507983183905, "model__n_estimators": 23.957101532091457, "model__reg_lambda": 4.5116746643219585}, "datetime": {"datetime": "2021-03-27 09:51:52", "elapsed": 353.739873, "delta": 2.154508}}
{"target": -1.2990183897012764, "params": {"model__colsample_bylevel": 0.9356011001872033, "model__colsample_bynode": 0.3197829116017864, "model__colsample_bytree": 0.9619974700369458, "model__learning_rate": 0.2958506950314348, "model__max_depth": 2.5128583618433353, "model__n_estimators": 29.76763107009159, "model__reg_lambda": 0.4021467948603963}, "datetime": {"datetime": "2021-03-27 09:51:54", "elapsed": 355.842894, "delta": 2.103021}}
{"target": -1.3528093695424606, "params": {"model__colsample_bylevel": 1.0, "model__colsample_bynode": 0.3, "model__colsample_bytree": 1.0, "model__learning_rate": 0.3, "model__max_depth": 8.0, "model__n_estimators": 27.076830997562535, "model__reg_lambda": 7.070099099684306}, "datetime": {"datetime": "2021-03-27 09:51:56", "elapsed": 358.264371, "delta": 2.421477}}
{"target": -1.4084979567406832, "params": {"model__colsample_bylevel": 0.3, "model__colsample_bynode": 0.3, "model__colsample_bytree": 1.0, "model__learning_rate": 0.3, "model__max_depth": 8.0, "model__n_estimators": 21.96454016093271, "model__reg_lambda": 10.0}, "datetime": {"datetime": "2021-03-27 09:51:58", "elapsed": 360.502113, "delta": 2.237742}}
{"target": -1.3303729718281092, "params": {"model__colsample_bylevel": 0.3, "model__colsample_bynode": 1.0, "model__colsample_bytree": 0.3, "model__learning_rate": 0.3, "model__max_depth": 4.716932744187925, "model__n_estimators": 21.77988027889082, "model__reg_lambda": 2.098915214296504}, "datetime": {"datetime": "2021-03-27 09:52:01", "elapsed": 362.91425, "delta": 2.412137}}
{"target": -1.3247679974178552, "params": {"model__colsample_bylevel": 1.0, "model__colsample_bynode": 1.0, "model__colsample_bytree": 0.3, "model__learning_rate": 0.3, "model__max_depth": 6.114381600196129, "model__n_estimators": 23.067923846026407, "model__reg_lambda": 0.0}, "datetime": {"datetime": "2021-03-27 09:52:03", "elapsed": 365.157377, "delta": 2.243127}}
{"target": -1.2112187984898903, "params": {"model__colsample_bylevel": 0.6639811614530247, "model__colsample_bynode": 0.9952194911439693, "model__colsample_bytree": 0.3407121239493215, "model__learning_rate": 0.2940774792882499, "model__max_depth": 7.447771145017121, "model__n_estimators": 29.512719918104118, "model__reg_lambda": 1.8828375310726297}, "datetime": {"datetime": "2021-03-27 09:52:05", "elapsed": 367.251568, "delta": 2.094191}}
{"target": -1.3230246336847218, "params": {"model__colsample_bylevel": 1.0, "model__colsample_bynode": 0.3, "model__colsample_bytree": 0.3, "model__learning_rate": 0.3, "model__max_depth": 8.0, "model__n_estimators": 28.445093613436914, "model__reg_lambda": 5.199199222354596}, "datetime": {"datetime": "2021-03-27 09:52:07", "elapsed": 368.954312, "delta": 1.702744}}
{"target": -1.3271520386706444, "params": {"model__colsample_bylevel": 0.32318780412522163, "model__colsample_bynode": 0.9640429219555275, "model__colsample_bytree": 0.3899017133586352, "model__learning_rate": 0.16818657052691727, "model__max_depth": 7.5133967124018355, "model__n_estimators": 29.925658440454228, "model__reg_lambda": 1.4032563748903626}, "datetime": {"datetime": "2021-03-27 09:52:09", "elapsed": 370.929816, "delta": 1.975504}}
{"target": -1.410471544015235, "params": {"model__colsample_bylevel": 1.0, "model__colsample_bynode": 0.3, "model__colsample_bytree": 1.0, "model__learning_rate": 0.3, "model__max_depth": 2.0, "model__n_estimators": 15.0, "model__reg_lambda": 2.125071966223351}, "datetime": {"datetime": "2021-03-27 09:52:11", "elapsed": 373.305254, "delta": 2.375438}}
{"target": -1.4209799171492887, "params": {"model__colsample_bylevel": 1.0, "model__colsample_bynode": 1.0, "model__colsample_bytree": 1.0, "model__learning_rate": 0.3, "model__max_depth": 2.0, "model__n_estimators": 17.296366513313114, "model__reg_lambda": 0.0}, "datetime": {"datetime": "2021-03-27 09:52:13", "elapsed": 375.338368, "delta": 2.033114}}
{"target": -1.2899792687710967, "params": {"model__colsample_bylevel": 0.35769793455071697, "model__colsample_bynode": 0.9641161726168463, "model__colsample_bytree": 0.37381115426295786, "model__learning_rate": 0.2960596421507121, "model__max_depth": 6.07269270348706, "model__n_estimators": 29.351965923683508, "model__reg_lambda": 4.436626707267816}, "datetime": {"datetime": "2021-03-27 09:52:15", "elapsed": 377.368531, "delta": 2.030163}}
{"target": -1.2666015662590338, "params": {"model__colsample_bylevel": 0.9999999985032576, "model__colsample_bynode": 0.5522096126163255, "model__colsample_bytree": 0.3, "model__learning_rate": 0.3, "model__max_depth": 5.3621623133403835, "model__n_estimators": 28.93856773633343, "model__reg_lambda": 4.182048074188272}, "datetime": {"datetime": "2021-03-27 09:52:17", "elapsed": 379.597589, "delta": 2.229058}}
{"target": -1.3232423390349564, "params": {"model__colsample_bylevel": 0.8883879647155211, "model__colsample_bynode": 0.33843108966118207, "model__colsample_bytree": 0.42957906333818113, "model__learning_rate": 0.2936733295300473, "model__max_depth": 7.7928227410110935, "model__n_estimators": 29.327008159139204, "model__reg_lambda": 0.9362703705486974}, "datetime": {"datetime": "2021-03-27 09:52:20", "elapsed": 381.850153, "delta": 2.252564}}
