{"target": -1.4154410718413797, "params": {"model__colsample_bylevel": 0.5706285360217014, "model__colsample_bynode": 0.6842771415696982, "model__colsample_bytree": 0.6870518207102555, "model__learning_rate": 0.16602543474194267, "model__max_depth": 4.553906607318516, "model__n_estimators": 18.777852885612205, "model__reg_lambda": 2.0263513230551347}, "datetime": {"datetime": "2021-03-27 09:46:12", "elapsed": 13.906153, "delta": 0.228052}}
{"target": -1.3615131376770095, "params": {"model__colsample_bylevel": 0.8442678591461368, "model__colsample_bynode": 0.3977149946980818, "model__colsample_bytree": 0.6158425941754111, "model__learning_rate": 0.1245045248421828, "model__max_depth": 6.897715409068526, "model__n_estimators": 27.65234893164894, "model__reg_lambda": 1.1477505735172433}, "datetime": {"datetime": "2021-03-27 09:46:12", "elapsed": 14.174221, "delta": 0.268068}}
{"target": -1.3926321658859218, "params": {"model__colsample_bylevel": 0.8046871964072875, "model__colsample_bynode": 0.9463208373893632, "model__colsample_bytree": 0.5702216525068842, "model__learning_rate": 0.25542256115422385, "model__max_depth": 7.543314227663024, "model__n_estimators": 15.074271146872483, "model__reg_lambda": 2.7258381373747875}, "datetime": {"datetime": "2021-03-27 09:46:12", "elapsed": 14.421878, "delta": 0.247657}}
{"target": -1.7404030749331352, "params": {"model__colsample_bylevel": 0.325563385911891, "model__colsample_bynode": 0.4394342284138872, "model__colsample_bytree": 0.3078454924320954, "model__learning_rate": 0.10977990666788635, "model__max_depth": 5.896055639118223, "model__n_estimators": 19.33085301818661, "model__reg_lambda": 8.44410233607059}, "datetime": {"datetime": "2021-03-27 09:46:12", "elapsed": 14.541184, "delta": 0.119306}}
{"target": -1.305253208744461, "params": {"model__colsample_bylevel": 0.5333078077907257, "model__colsample_bynode": 0.9449148964303926, "model__colsample_bytree": 0.39197068792833056, "model__learning_rate": 0.2098009976534188, "model__max_depth": 3.7666070082368948, "model__n_estimators": 27.09229802758709, "model__reg_lambda": 3.376766038812906}, "datetime": {"datetime": "2021-03-27 09:46:13", "elapsed": 14.75655, "delta": 0.215366}}
{"target": -1.3997991083027876, "params": {"model__colsample_bylevel": 0.38472058045866103, "model__colsample_bynode": 0.6189182754661343, "model__colsample_bytree": 0.47491716651278293, "model__learning_rate": 0.24904662090967875, "model__max_depth": 6.41552028192452, "model__n_estimators": 15.15307284998927, "model__reg_lambda": 0.029919695529196932}, "datetime": {"datetime": "2021-03-27 09:46:13", "elapsed": 14.891217, "delta": 0.134667}}
{"target": -1.3978893850862548, "params": {"model__colsample_bylevel": 0.9426044924017256, "model__colsample_bynode": 0.5260125425777793, "model__colsample_bytree": 0.5074653319167783, "model__learning_rate": 0.15418522802672452, "model__max_depth": 3.474343666196627, "model__n_estimators": 26.630539663467353, "model__reg_lambda": 2.632384799456182}, "datetime": {"datetime": "2021-03-27 09:46:13", "elapsed": 15.098363, "delta": 0.207146}}
{"target": -1.3385649192295428, "params": {"model__colsample_bylevel": 0.8032909797610204, "model__colsample_bynode": 0.7713021432027297, "model__colsample_bytree": 0.6853736563856032, "model__learning_rate": 0.23655460523720243, "model__max_depth": 3.0441975506001606, "model__n_estimators": 21.967771044500967, "model__reg_lambda": 4.939589109277965}, "datetime": {"datetime": "2021-03-27 09:46:13", "elapsed": 15.339152, "delta": 0.240789}}
{"target": -1.4007952061036355, "params": {"model__colsample_bylevel": 0.3191878877624776, "model__colsample_bynode": 0.4527668367686508, "model__colsample_bytree": 0.9533861738476699, "model__learning_rate": 0.23172885748318614, "model__max_depth": 7.871974941466348, "model__n_estimators": 20.539710627919593, "model__reg_lambda": 7.6239037960184355}, "datetime": {"datetime": "2021-03-27 09:46:13", "elapsed": 15.530065, "delta": 0.190913}}
{"target": -1.513858176055162, "params": {"model__colsample_bylevel": 0.7197656118669662, "model__colsample_bynode": 0.7214646750503465, "model__colsample_bytree": 0.37931534877147977, "model__learning_rate": 0.14444015703665763, "model__max_depth": 2.433575141809544, "model__n_estimators": 22.57954207818872, "model__reg_lambda": 3.4509917372173025}, "datetime": {"datetime": "2021-03-27 09:46:14", "elapsed": 15.66816, "delta": 0.138095}}
{"target": -1.3423955555141405, "params": {"model__colsample_bylevel": 0.43770438267170664, "model__colsample_bynode": 0.562288016838024, "model__colsample_bytree": 0.6684847059501842, "model__learning_rate": 0.24216538663414655, "model__max_depth": 5.53982800385271, "model__n_estimators": 24.586364893849456, "model__reg_lambda": 6.03761911116279}, "datetime": {"datetime": "2021-03-27 09:46:14", "elapsed": 15.883862, "delta": 0.215702}}
{"target": -1.3341918420235532, "params": {"model__colsample_bylevel": 0.5615024327662378, "model__colsample_bynode": 0.5278880157630303, "model__colsample_bytree": 0.6927994632423486, "model__learning_rate": 0.2499326997232081, "model__max_depth": 7.515144966264312, "model__n_estimators": 27.41503748405572, "model__reg_lambda": 5.537273620404508}, "datetime": {"datetime": "2021-03-27 09:46:14", "elapsed": 16.144601, "delta": 0.260739}}
{"target": -1.4064269190735144, "params": {"model__colsample_bylevel": 0.8773753442334304, "model__colsample_bynode": 0.3197624374107063, "model__colsample_bytree": 0.8582648079772404, "model__learning_rate": 0.1398977410305498, "model__max_depth": 6.115045756510598, "model__n_estimators": 27.377846347953547, "model__reg_lambda": 3.1496308071503187}, "datetime": {"datetime": "2021-03-27 09:46:14", "elapsed": 16.43803, "delta": 0.293429}}
{"target": -1.394763682688168, "params": {"model__colsample_bylevel": 0.5798231824380045, "model__colsample_bynode": 0.9899122285696411, "model__colsample_bytree": 0.4774952834387126, "model__learning_rate": 0.25106786479472265, "model__max_depth": 4.436357453829759, "model__n_estimators": 19.72844903945682, "model__reg_lambda": 7.705159221072094}, "datetime": {"datetime": "2021-03-27 09:46:14", "elapsed": 16.639776, "delta": 0.201746}}
{"target": -1.3811101495679736, "params": {"model__colsample_bylevel": 0.6149024037576569, "model__colsample_bynode": 0.7970601762740899, "model__colsample_bytree": 0.4555403075808654, "model__learning_rate": 0.26476738246878556, "model__max_depth": 6.3006447069266285, "model__n_estimators": 22.48861984031197, "model__reg_lambda": 7.91551010046181}, "datetime": {"datetime": "2021-03-27 09:46:15", "elapsed": 16.861454, "delta": 0.221678}}
{"target": -1.326047025944876, "params": {"model__colsample_bylevel": 0.9437937215686736, "model__colsample_bynode": 0.8511722448868555, "model__colsample_bytree": 0.5084857837350747, "model__learning_rate": 0.24346701302396254, "model__max_depth": 5.690340786662006, "model__n_estimators": 27.619845335231588, "model__reg_lambda": 4.0456797253845265}, "datetime": {"datetime": "2021-03-27 09:46:15", "elapsed": 17.234129, "delta": 0.372675}}
{"target": -1.3421559641164715, "params": {"model__colsample_bylevel": 0.6173529449301774, "model__colsample_bynode": 0.3656352091501882, "model__colsample_bytree": 0.45305055880659917, "model__learning_rate": 0.20586849821836273, "model__max_depth": 5.173197962934258, "model__n_estimators": 25.696146745858105, "model__reg_lambda": 2.863925264426952}, "datetime": {"datetime": "2021-03-27 09:46:15", "elapsed": 17.408937, "delta": 0.174808}}
{"target": -1.56966629880278, "params": {"model__colsample_bylevel": 0.3812502817792496, "model__colsample_bynode": 0.43107613084910207, "model__colsample_bytree": 0.6036033759584388, "model__learning_rate": 0.13710847453713484, "model__max_depth": 2.7407946095138094, "model__n_estimators": 25.875381462387566, "model__reg_lambda": 9.101677556132595}, "datetime": {"datetime": "2021-03-27 09:46:15", "elapsed": 17.547751, "delta": 0.138814}}
{"target": -1.4791116094783598, "params": {"model__colsample_bylevel": 0.3426383940311504, "model__colsample_bynode": 0.3292770968669983, "model__colsample_bytree": 0.49999974247633633, "model__learning_rate": 0.21592871225493404, "model__max_depth": 7.629568478689846, "model__n_estimators": 23.72527860523467, "model__reg_lambda": 6.7998375849329875}, "datetime": {"datetime": "2021-03-27 09:46:16", "elapsed": 17.700714, "delta": 0.152963}}
{"target": -1.488352355890084, "params": {"model__colsample_bylevel": 1.0, "model__colsample_bynode": 1.0, "model__colsample_bytree": 1.0, "model__learning_rate": 0.3, "model__max_depth": 8.0, "model__n_estimators": 15.0, "model__reg_lambda": 10.0}, "datetime": {"datetime": "2021-03-27 09:46:17", "elapsed": 18.837845, "delta": 1.137131}}
{"target": -1.3537873941973069, "params": {"model__colsample_bylevel": 0.3, "model__colsample_bynode": 1.0, "model__colsample_bytree": 0.3, "model__learning_rate": 0.3, "model__max_depth": 8.0, "model__n_estimators": 30.0, "model__reg_lambda": 10.0}, "datetime": {"datetime": "2021-03-27 09:46:18", "elapsed": 19.773201, "delta": 0.935356}}
{"target": -1.3727543484608549, "params": {"model__colsample_bylevel": 1.0, "model__colsample_bynode": 1.0, "model__colsample_bytree": 0.3, "model__learning_rate": 0.3, "model__max_depth": 2.0, "model__n_estimators": 30.0, "model__reg_lambda": 10.0}, "datetime": {"datetime": "2021-03-27 09:46:19", "elapsed": 20.662321, "delta": 0.88912}}
{"target": -1.4403787414421854, "params": {"model__colsample_bylevel": 1.0, "model__colsample_bynode": 1.0, "model__colsample_bytree": 1.0, "model__learning_rate": 0.3, "model__max_depth": 8.0, "model__n_estimators": 15.0, "model__reg_lambda": 6.20840182801225}, "datetime": {"datetime": "2021-03-27 09:46:20", "elapsed": 21.764857, "delta": 1.102536}}
{"target": -1.4341849778927322, "params": {"model__colsample_bylevel": 1.0, "model__colsample_bynode": 1.0, "model__colsample_bytree": 1.0, "model__learning_rate": 0.3, "model__max_depth": 8.0, "model__n_estimators": 20.991818408809092, "model__reg_lambda": 10.0}, "datetime": {"datetime": "2021-03-27 09:46:21", "elapsed": 23.069965, "delta": 1.305108}}
{"target": -1.3932848499035058, "params": {"model__colsample_bylevel": 1.0, "model__colsample_bynode": 1.0, "model__colsample_bytree": 1.0, "model__learning_rate": 0.3, "model__max_depth": 8.0, "model__n_estimators": 20.887805200557462, "model__reg_lambda": 4.905337306300415}, "datetime": {"datetime": "2021-03-27 09:46:22", "elapsed": 24.363342, "delta": 1.293377}}
{"target": -1.3676801293764425, "params": {"model__colsample_bylevel": 1.0, "model__colsample_bynode": 0.3, "model__colsample_bytree": 1.0, "model__learning_rate": 0.3, "model__max_depth": 8.0, "model__n_estimators": 18.36522279629707, "model__reg_lambda": 0.0}, "datetime": {"datetime": "2021-03-27 09:46:23", "elapsed": 25.336294, "delta": 0.972952}}
{"target": -1.4336151238476884, "params": {"model__colsample_bylevel": 0.3, "model__colsample_bynode": 1.0, "model__colsample_bytree": 1.0, "model__learning_rate": 0.3, "model__max_depth": 2.0, "model__n_estimators": 20.504969464454582, "model__reg_lambda": 10.0}, "datetime": {"datetime": "2021-03-27 09:46:24", "elapsed": 26.360335, "delta": 1.024041}}
{"target": -1.3638960083622647, "params": {"model__colsample_bylevel": 0.3, "model__colsample_bynode": 1.0, "model__colsample_bytree": 1.0, "model__learning_rate": 0.3, "model__max_depth": 4.84849237331631, "model__n_estimators": 30.0, "model__reg_lambda": 10.0}, "datetime": {"datetime": "2021-03-27 09:46:25", "elapsed": 27.544022, "delta": 1.183687}}
{"target": -1.387742019980552, "params": {"model__colsample_bylevel": 1.0, "model__colsample_bynode": 0.3, "model__colsample_bytree": 0.3, "model__learning_rate": 0.3, "model__max_depth": 2.0, "model__n_estimators": 18.653742496227792, "model__reg_lambda": 0.0}, "datetime": {"datetime": "2021-03-27 09:46:26", "elapsed": 28.453103, "delta": 0.909081}}
{"target": -1.567648376049339, "params": {"model__colsample_bylevel": 0.3, "model__colsample_bynode": 0.30000000000000016, "model__colsample_bytree": 1.0, "model__learning_rate": 0.3, "model__max_depth": 2.0, "model__n_estimators": 15.0, "model__reg_lambda": 10.0}, "datetime": {"datetime": "2021-03-27 09:46:27", "elapsed": 29.311691, "delta": 0.858588}}
{"target": -1.3479318000997105, "params": {"model__colsample_bylevel": 0.3, "model__colsample_bynode": 1.0, "model__colsample_bytree": 0.3, "model__learning_rate": 0.3, "model__max_depth": 2.0, "model__n_estimators": 30.0, "model__reg_lambda": 6.972003260807159}, "datetime": {"datetime": "2021-03-27 09:46:28", "elapsed": 30.555617, "delta": 1.243926}}
{"target": -1.3295903395854638, "params": {"model__colsample_bylevel": 1.0, "model__colsample_bynode": 0.3, "model__colsample_bytree": 0.3, "model__learning_rate": 0.3, "model__max_depth": 4.675167177734252, "model__n_estimators": 21.097106131377128, "model__reg_lambda": 0.0}, "datetime": {"datetime": "2021-03-27 09:46:30", "elapsed": 32.148996, "delta": 1.593379}}
{"target": -1.3248470169937483, "params": {"model__colsample_bylevel": 1.0, "model__colsample_bynode": 0.3, "model__colsample_bytree": 0.3, "model__learning_rate": 0.3, "model__max_depth": 8.0, "model__n_estimators": 30.0, "model__reg_lambda": 7.0534963516119715}, "datetime": {"datetime": "2021-03-27 09:46:31", "elapsed": 33.497248, "delta": 1.348252}}
{"target": -1.3647440948780032, "params": {"model__colsample_bylevel": 0.3, "model__colsample_bynode": 0.3, "model__colsample_bytree": 1.0, "model__learning_rate": 0.3, "model__max_depth": 5.112415855266376, "model__n_estimators": 21.59442942642391, "model__reg_lambda": 4.118886772316284}, "datetime": {"datetime": "2021-03-27 09:46:33", "elapsed": 34.923268, "delta": 1.42602}}
{"target": -1.3767044834198727, "params": {"model__colsample_bylevel": 0.3, "model__colsample_bynode": 1.0, "model__colsample_bytree": 1.0, "model__learning_rate": 0.3, "model__max_depth": 4.367301782374694, "model__n_estimators": 21.85052943291259, "model__reg_lambda": 10.0}, "datetime": {"datetime": "2021-03-27 09:46:34", "elapsed": 36.491999, "delta": 1.568731}}
{"target": -1.4426591114775424, "params": {"model__colsample_bylevel": 1.0, "model__colsample_bynode": 0.3, "model__colsample_bytree": 0.3, "model__learning_rate": 0.3, "model__max_depth": 2.0, "model__n_estimators": 15.0, "model__reg_lambda": 0.0}, "datetime": {"datetime": "2021-03-27 09:46:36", "elapsed": 37.919448, "delta": 1.427449}}
{"target": -1.435972998501814, "params": {"model__colsample_bylevel": 0.9750584547480108, "model__colsample_bynode": 0.7454321164716893, "model__colsample_bytree": 0.9429810473297153, "model__learning_rate": 0.2264112330350179, "model__max_depth": 7.867737593335921, "model__n_estimators": 15.449480447811121, "model__reg_lambda": 0.36720494428442496}, "datetime": {"datetime": "2021-03-27 09:46:37", "elapsed": 39.647727, "delta": 1.728279}}
{"target": -1.3520119594248095, "params": {"model__colsample_bylevel": 1.0, "model__colsample_bynode": 0.3, "model__colsample_bytree": 1.0, "model__learning_rate": 0.3, "model__max_depth": 8.0, "model__n_estimators": 30.0, "model__reg_lambda": 10.0}, "datetime": {"datetime": "2021-03-27 09:46:39", "elapsed": 40.998373, "delta": 1.350646}}
{"target": -1.328756184174099, "params": {"model__colsample_bylevel": 0.3, "model__colsample_bynode": 1.0, "model__colsample_bytree": 0.3, "model__learning_rate": 0.3, "model__max_depth": 6.395000135488161, "model__n_estimators": 18.952663466386614, "model__reg_lambda": 0.0}, "datetime": {"datetime": "2021-03-27 09:46:40", "elapsed": 42.577825, "delta": 1.579452}}
{"target": -1.2980600961524507, "params": {"model__colsample_bylevel": 1.0, "model__colsample_bynode": 1.0, "model__colsample_bytree": 0.3, "model__learning_rate": 0.3, "model__max_depth": 4.62255375044567, "model__n_estimators": 30.0, "model__reg_lambda": 7.435547715954123}, "datetime": {"datetime": "2021-03-27 09:46:42", "elapsed": 44.209059, "delta": 1.631234}}
{"target": -1.3538192369205795, "params": {"model__colsample_bylevel": 1.0, "model__colsample_bynode": 0.3, "model__colsample_bytree": 0.3, "model__learning_rate": 0.3, "model__max_depth": 5.203503178351188, "model__n_estimators": 30.0, "model__reg_lambda": 10.0}, "datetime": {"datetime": "2021-03-27 09:46:44", "elapsed": 45.880364, "delta": 1.671305}}
{"target": -1.4150780678038364, "params": {"model__colsample_bylevel": 0.3, "model__colsample_bynode": 0.3, "model__colsample_bytree": 0.3, "model__learning_rate": 0.3, "model__max_depth": 4.816840213865909, "model__n_estimators": 30.0, "model__reg_lambda": 6.158241740503344}, "datetime": {"datetime": "2021-03-27 09:46:45", "elapsed": 47.289574, "delta": 1.40921}}
{"target": -1.373861190215077, "params": {"model__colsample_bylevel": 1.0, "model__colsample_bynode": 0.3, "model__colsample_bytree": 1.0, "model__learning_rate": 0.3, "model__max_depth": 4.59412531019107, "model__n_estimators": 16.833865096116675, "model__reg_lambda": 0.0}, "datetime": {"datetime": "2021-03-27 09:46:47", "elapsed": 48.675481, "delta": 1.385907}}
{"target": -1.4144686744453898, "params": {"model__colsample_bylevel": 0.3, "model__colsample_bynode": 1.0, "model__colsample_bytree": 1.0, "model__learning_rate": 0.3, "model__max_depth": 4.710279974052994, "model__n_estimators": 15.0, "model__reg_lambda": 5.212736196411911}, "datetime": {"datetime": "2021-03-27 09:46:48", "elapsed": 50.478336, "delta": 1.802855}}
{"target": -1.3847624230455011, "params": {"model__colsample_bylevel": 1.0, "model__colsample_bynode": 1.0, "model__colsample_bytree": 1.0, "model__learning_rate": 0.3, "model__max_depth": 8.0, "model__n_estimators": 26.132192497701713, "model__reg_lambda": 4.372798477527243}, "datetime": {"datetime": "2021-03-27 09:46:50", "elapsed": 52.510251, "delta": 2.031915}}
{"target": -1.4205697527776162, "params": {"model__colsample_bylevel": 1.0, "model__colsample_bynode": 1.0, "model__colsample_bytree": 1.0, "model__learning_rate": 0.3, "model__max_depth": 2.0, "model__n_estimators": 28.049812922309915, "model__reg_lambda": 6.623544005614573}, "datetime": {"datetime": "2021-03-27 09:46:52", "elapsed": 54.384024, "delta": 1.873773}}
{"target": -1.3296811077149884, "params": {"model__colsample_bylevel": 1.0, "model__colsample_bynode": 1.0, "model__colsample_bytree": 0.3, "model__learning_rate": 0.3, "model__max_depth": 8.0, "model__n_estimators": 27.699608533943028, "model__reg_lambda": 10.0}, "datetime": {"datetime": "2021-03-27 09:46:54", "elapsed": 56.140201, "delta": 1.756177}}
{"target": -1.4833585909130795, "params": {"model__colsample_bylevel": 1.0, "model__colsample_bynode": 1.0, "model__colsample_bytree": 1.0, "model__learning_rate": 0.3, "model__max_depth": 8.0, "model__n_estimators": 30.0, "model__reg_lambda": 0.0}, "datetime": {"datetime": "2021-03-27 09:46:56", "elapsed": 58.020405, "delta": 1.880204}}
{"target": -1.3277588721364737, "params": {"model__colsample_bylevel": 1.0, "model__colsample_bynode": 1.0, "model__colsample_bytree": 0.3, "model__learning_rate": 0.3, "model__max_depth": 8.0, "model__n_estimators": 28.220234679876597, "model__reg_lambda": 7.6828757432427714}, "datetime": {"datetime": "2021-03-27 09:46:58", "elapsed": 59.732583, "delta": 1.712178}}
{"target": -1.440644292090682, "params": {"model__colsample_bylevel": 0.3, "model__colsample_bynode": 0.3, "model__colsample_bytree": 1.0, "model__learning_rate": 0.3, "model__max_depth": 8.0, "model__n_estimators": 15.0, "model__reg_lambda": 4.093965542228871}, "datetime": {"datetime": "2021-03-27 09:46:59", "elapsed": 61.411457, "delta": 1.678874}}
{"target": -1.3223345059010645, "params": {"model__colsample_bylevel": 1.0, "model__colsample_bynode": 0.3, "model__colsample_bytree": 0.3, "model__learning_rate": 0.3, "model__max_depth": 6.6114053991498025, "model__n_estimators": 19.758214756824245, "model__reg_lambda": 1.681724301488113}, "datetime": {"datetime": "2021-03-27 09:47:01", "elapsed": 63.043252, "delta": 1.631795}}
{"target": -1.323565056161496, "params": {"model__colsample_bylevel": 1.0, "model__colsample_bynode": 1.0, "model__colsample_bytree": 0.3, "model__learning_rate": 0.3, "model__max_depth": 4.269413014083311, "model__n_estimators": 28.139719485858866, "model__reg_lambda": 10.0}, "datetime": {"datetime": "2021-03-27 09:47:03", "elapsed": 64.953494, "delta": 1.910242}}
{"target": -1.4252062044956761, "params": {"model__colsample_bylevel": 0.3, "model__colsample_bynode": 0.3, "model__colsample_bytree": 0.3, "model__learning_rate": 0.3, "model__max_depth": 5.471390034447863, "model__n_estimators": 23.382607861817696, "model__reg_lambda": 1.853119556513206}, "datetime": {"datetime": "2021-03-27 09:47:04", "elapsed": 66.469922, "delta": 1.516428}}
{"target": -1.3477349437381803, "params": {"model__colsample_bylevel": 1.0, "model__colsample_bynode": 0.3, "model__colsample_bytree": 0.3, "model__learning_rate": 0.3, "model__max_depth": 2.0, "model__n_estimators": 24.28169153913271, "model__reg_lambda": 0.0}, "datetime": {"datetime": "2021-03-27 09:47:06", "elapsed": 68.13659, "delta": 1.666668}}
{"target": -1.404220638395476, "params": {"model__colsample_bylevel": 1.0, "model__colsample_bynode": 1.0, "model__colsample_bytree": 1.0, "model__learning_rate": 0.3, "model__max_depth": 6.266558985846815, "model__n_estimators": 20.209070044389055, "model__reg_lambda": 0.5015143420173831}, "datetime": {"datetime": "2021-03-27 09:47:08", "elapsed": 70.148129, "delta": 2.011539}}
{"target": -1.3292942586985916, "params": {"model__colsample_bylevel": 1.0, "model__colsample_bynode": 1.0, "model__colsample_bytree": 0.3, "model__learning_rate": 0.3, "model__max_depth": 8.0, "model__n_estimators": 20.11952714703545, "model__reg_lambda": 0.0}, "datetime": {"datetime": "2021-03-27 09:47:10", "elapsed": 71.711241, "delta": 1.563112}}
