{"target": -1.2974200692311253, "params": {"model__colsample_bylevel": 0.999999998183932, "model__colsample_bynode": 0.3, "model__colsample_bytree": 0.35861461681034956, "model__learning_rate": 0.3, "model__max_depth": 4.0, "model__n_estimators": 29.0, "model__reg_lambda": 2.597475972619512}, "datetime": {"datetime": "2021-03-27 09:45:58", "elapsed": 0.0, "delta": 0.0}}
{"target": -1.2894539910665563, "params": {"model__colsample_bylevel": 0.3, "model__colsample_bynode": 1.0, "model__colsample_bytree": 0.3, "model__learning_rate": 0.3, "model__max_depth": 5.0, "model__n_estimators": 28.0, "model__reg_lambda": 2.445978412994987}, "datetime": {"datetime": "2021-03-27 09:45:58", "elapsed": 0.167637, "delta": 0.167637}}
{"target": -1.3054990248322702, "params": {"model__colsample_bylevel": 0.6310644289849315, "model__colsample_bynode": 0.3, "model__colsample_bytree": 1.0, "model__learning_rate": 0.3, "model__max_depth": 4.0, "model__n_estimators": 29.0, "model__reg_lambda": 8.127083395450825}, "datetime": {"datetime": "2021-03-27 09:45:58", "elapsed": 0.392685, "delta": 0.225048}}
{"target": -1.3327935046853794, "params": {"model__colsample_bylevel": 0.3, "model__colsample_bynode": 1.0, "model__colsample_bytree": 1.0, "model__learning_rate": 0.3, "model__max_depth": 2.0, "model__n_estimators": 26.0, "model__reg_lambda": 0.0}, "datetime": {"datetime": "2021-03-27 09:45:58", "elapsed": 0.568743, "delta": 0.176058}}
{"target": -1.3327935046853794, "params": {"model__colsample_bylevel": 0.3, "model__colsample_bynode": 1.0, "model__colsample_bytree": 1.0, "model__learning_rate": 0.3, "model__max_depth": 2.0, "model__n_estimators": 26.0, "model__reg_lambda": 0.0}, "datetime": {"datetime": "2021-03-27 09:45:58", "elapsed": 0.56905, "delta": 0.000307}}
{"target": -1.318723983399948, "params": {"model__colsample_bylevel": 1.0, "model__colsample_bynode": 0.3, "model__colsample_bytree": 1.0, "model__learning_rate": 0.3, "model__max_depth": 2.0, "model__n_estimators": 30.0, "model__reg_lambda": 1.64551885384336}, "datetime": {"datetime": "2021-03-27 09:45:59", "elapsed": 0.758335, "delta": 0.189285}}
{"target": -1.2723643538353127, "params": {"model__colsample_bylevel": 1.0, "model__colsample_bynode": 0.7230456488597604, "model__colsample_bytree": 0.3, "model__learning_rate": 0.3, "model__max_depth": 7.0, "model__n_estimators": 25.0, "model__reg_lambda": 3.0652730075320616}, "datetime": {"datetime": "2021-03-27 09:45:59", "elapsed": 0.996243, "delta": 0.237908}}
{"target": -1.3092537399914548, "params": {"model__colsample_bylevel": 1.0, "model__colsample_bynode": 1.0, "model__colsample_bytree": 0.3, "model__learning_rate": 0.3, "model__max_depth": 2.0, "model__n_estimators": 30.0, "model__reg_lambda": 0.0}, "datetime": {"datetime": "2021-03-27 09:45:59", "elapsed": 1.193316, "delta": 0.197073}}
{"target": -1.3092537399914548, "params": {"model__colsample_bylevel": 1.0, "model__colsample_bynode": 1.0, "model__colsample_bytree": 0.3, "model__learning_rate": 0.3, "model__max_depth": 2.0, "model__n_estimators": 30.0, "model__reg_lambda": 0.0}, "datetime": {"datetime": "2021-03-27 09:45:59", "elapsed": 1.193684, "delta": 0.000368}}
{"target": -1.299550471186935, "params": {"model__colsample_bylevel": 1.0, "model__colsample_bynode": 0.3, "model__colsample_bytree": 0.3, "model__learning_rate": 0.3, "model__max_depth": 6.0, "model__n_estimators": 29.0, "model__reg_lambda": 0.0}, "datetime": {"datetime": "2021-03-27 09:45:59", "elapsed": 1.356862, "delta": 0.163178}}
{"target": -1.2707559909816644, "params": {"model__colsample_bylevel": 0.3, "model__colsample_bynode": 1.0, "model__colsample_bytree": 0.3, "model__learning_rate": 0.3, "model__max_depth": 3.0, "model__n_estimators": 27.0, "model__reg_lambda": 0.0}, "datetime": {"datetime": "2021-03-27 09:45:59", "elapsed": 1.486556, "delta": 0.129694}}
{"target": -1.2610831079525413, "params": {"model__colsample_bylevel": 0.9005692246328567, "model__colsample_bynode": 0.3309131925319467, "model__colsample_bytree": 0.40116326893941884, "model__learning_rate": 0.2742604998626539, "model__max_depth": 3.0, "model__n_estimators": 30.0, "model__reg_lambda": 0.6535690177676157}, "datetime": {"datetime": "2021-03-27 09:45:59", "elapsed": 1.649955, "delta": 0.163399}}
{"target": -1.2610831079525413, "params": {"model__colsample_bylevel": 0.9005692246328567, "model__colsample_bynode": 0.3309131925319467, "model__colsample_bytree": 0.40116326893941884, "model__learning_rate": 0.2742604998626539, "model__max_depth": 3.0, "model__n_estimators": 30.0, "model__reg_lambda": 0.6535690177676157}, "datetime": {"datetime": "2021-03-27 09:45:59", "elapsed": 1.650281, "delta": 0.000326}}
{"target": -1.2610831079525413, "params": {"model__colsample_bylevel": 0.9005692246328567, "model__colsample_bynode": 0.3309131925319467, "model__colsample_bytree": 0.40116326893941884, "model__learning_rate": 0.2742604998626539, "model__max_depth": 3.0, "model__n_estimators": 30.0, "model__reg_lambda": 0.6535690177676157}, "datetime": {"datetime": "2021-03-27 09:45:59", "elapsed": 1.650463, "delta": 0.000182}}
{"target": -1.2610831079525413, "params": {"model__colsample_bylevel": 0.9005692246328567, "model__colsample_bynode": 0.3309131925319467, "model__colsample_bytree": 0.40116326893941884, "model__learning_rate": 0.2742604998626539, "model__max_depth": 3.0, "model__n_estimators": 30.0, "model__reg_lambda": 0.6535690177676157}, "datetime": {"datetime": "2021-03-27 09:45:59", "elapsed": 1.650632, "delta": 0.000169}}
{"target": -1.3089598256986643, "params": {"model__colsample_bylevel": 0.3, "model__colsample_bynode": 1.0, "model__colsample_bytree": 0.3, "model__learning_rate": 0.3, "model__max_depth": 8.0, "model__n_estimators": 29.0, "model__reg_lambda": 2.809055168948987}, "datetime": {"datetime": "2021-03-27 09:46:00", "elapsed": 1.825741, "delta": 0.175109}}
{"target": -1.346226048695288, "params": {"model__colsample_bylevel": 0.3, "model__colsample_bynode": 0.30000000000000004, "model__colsample_bytree": 1.0, "model__learning_rate": 0.3, "model__max_depth": 2.0, "model__n_estimators": 30.0, "model__reg_lambda": 0.0}, "datetime": {"datetime": "2021-03-27 09:46:00", "elapsed": 1.947926, "delta": 0.122185}}
{"target": -1.2792427452962738, "params": {"model__colsample_bylevel": 0.35528163046478134, "model__colsample_bynode": 0.4871789210833196, "model__colsample_bytree": 0.8234319661626395, "model__learning_rate": 0.29865280306489583, "model__max_depth": 3.0, "model__n_estimators": 29.0, "model__reg_lambda": 0.03421353007724948}, "datetime": {"datetime": "2021-03-27 09:46:00", "elapsed": 2.119253, "delta": 0.171327}}
{"target": -1.2792427452962738, "params": {"model__colsample_bylevel": 0.35528163046478134, "model__colsample_bynode": 0.4871789210833196, "model__colsample_bytree": 0.8234319661626395, "model__learning_rate": 0.29865280306489583, "model__max_depth": 3.0, "model__n_estimators": 29.0, "model__reg_lambda": 0.03421353007724948}, "datetime": {"datetime": "2021-03-27 09:46:00", "elapsed": 2.119628, "delta": 0.000375}}
{"target": -1.2792427452962738, "params": {"model__colsample_bylevel": 0.35528163046478134, "model__colsample_bynode": 0.4871789210833196, "model__colsample_bytree": 0.8234319661626395, "model__learning_rate": 0.29865280306489583, "model__max_depth": 3.0, "model__n_estimators": 29.0, "model__reg_lambda": 0.03421353007724948}, "datetime": {"datetime": "2021-03-27 09:46:00", "elapsed": 2.11984, "delta": 0.000212}}
{"target": -1.2792427452962738, "params": {"model__colsample_bylevel": 0.35528163046478134, "model__colsample_bynode": 0.4871789210833196, "model__colsample_bytree": 0.8234319661626395, "model__learning_rate": 0.29865280306489583, "model__max_depth": 3.0, "model__n_estimators": 29.0, "model__reg_lambda": 0.03421353007724948}, "datetime": {"datetime": "2021-03-27 09:46:00", "elapsed": 2.12002, "delta": 0.00018}}
{"target": -1.2792427452962738, "params": {"model__colsample_bylevel": 0.35528163046478134, "model__colsample_bynode": 0.4871789210833196, "model__colsample_bytree": 0.8234319661626395, "model__learning_rate": 0.29865280306489583, "model__max_depth": 3.0, "model__n_estimators": 29.0, "model__reg_lambda": 0.03421353007724948}, "datetime": {"datetime": "2021-03-27 09:46:00", "elapsed": 2.120187, "delta": 0.000167}}
{"target": -1.293716323337909, "params": {"model__colsample_bylevel": 0.3, "model__colsample_bynode": 1.0, "model__colsample_bytree": 0.3, "model__learning_rate": 0.3, "model__max_depth": 4.0, "model__n_estimators": 30.0, "model__reg_lambda": 2.2070523787527936}, "datetime": {"datetime": "2021-03-27 09:46:00", "elapsed": 2.279635, "delta": 0.159448}}
{"target": -1.293716323337909, "params": {"model__colsample_bylevel": 0.3, "model__colsample_bynode": 1.0, "model__colsample_bytree": 0.3, "model__learning_rate": 0.3, "model__max_depth": 4.0, "model__n_estimators": 30.0, "model__reg_lambda": 2.2070523787527936}, "datetime": {"datetime": "2021-03-27 09:46:00", "elapsed": 2.279956, "delta": 0.000321}}
{"target": -1.299781706811779, "params": {"model__colsample_bylevel": 0.3, "model__colsample_bynode": 0.3, "model__colsample_bytree": 1.0, "model__learning_rate": 0.3, "model__max_depth": 3.0, "model__n_estimators": 30.0, "model__reg_lambda": 1.9215172858249447}, "datetime": {"datetime": "2021-03-27 09:46:00", "elapsed": 2.434337, "delta": 0.154381}}
{"target": -1.3114223234233973, "params": {"model__colsample_bylevel": 0.314259179296092, "model__colsample_bynode": 0.9600838180004998, "model__colsample_bytree": 0.3150193472292025, "model__learning_rate": 0.26148670352809134, "model__max_depth": 7.0, "model__n_estimators": 28.0, "model__reg_lambda": 2.143234346456425}, "datetime": {"datetime": "2021-03-27 09:46:00", "elapsed": 2.60583, "delta": 0.171493}}
{"target": -1.3228624818056984, "params": {"model__colsample_bylevel": 0.3, "model__colsample_bynode": 1.0, "model__colsample_bytree": 0.3, "model__learning_rate": 0.3, "model__max_depth": 5.0, "model__n_estimators": 24.0, "model__reg_lambda": 0.0}, "datetime": {"datetime": "2021-03-27 09:46:01", "elapsed": 2.764338, "delta": 0.158508}}
{"target": -1.3228624818056984, "params": {"model__colsample_bylevel": 0.3, "model__colsample_bynode": 1.0, "model__colsample_bytree": 0.3, "model__learning_rate": 0.3, "model__max_depth": 5.0, "model__n_estimators": 24.0, "model__reg_lambda": 0.0}, "datetime": {"datetime": "2021-03-27 09:46:01", "elapsed": 2.764729, "delta": 0.000391}}
{"target": -1.3228624818056984, "params": {"model__colsample_bylevel": 0.3, "model__colsample_bynode": 1.0, "model__colsample_bytree": 0.3, "model__learning_rate": 0.3, "model__max_depth": 5.0, "model__n_estimators": 24.0, "model__reg_lambda": 0.0}, "datetime": {"datetime": "2021-03-27 09:46:01", "elapsed": 2.766286, "delta": 0.001557}}
{"target": -1.3626154286476473, "params": {"model__colsample_bylevel": 0.3, "model__colsample_bynode": 0.3, "model__colsample_bytree": 1.0, "model__learning_rate": 0.3, "model__max_depth": 3.0, "model__n_estimators": 25.0, "model__reg_lambda": 0.0}, "datetime": {"datetime": "2021-03-27 09:46:01", "elapsed": 2.905236, "delta": 0.13895}}
{"target": -1.289759314281569, "params": {"model__colsample_bylevel": 1.0, "model__colsample_bynode": 0.3, "model__colsample_bytree": 0.45391775758533404, "model__learning_rate": 0.3, "model__max_depth": 2.0, "model__n_estimators": 30.0, "model__reg_lambda": 0.0}, "datetime": {"datetime": "2021-03-27 09:46:01", "elapsed": 3.044141, "delta": 0.138905}}
{"target": -1.3811526323270484, "params": {"model__colsample_bylevel": 0.3, "model__colsample_bynode": 0.3, "model__colsample_bytree": 1.0, "model__learning_rate": 0.3, "model__max_depth": 7.0, "model__n_estimators": 30.0, "model__reg_lambda": 0.0}, "datetime": {"datetime": "2021-03-27 09:46:01", "elapsed": 3.219847, "delta": 0.175706}}
{"target": -1.2689617258908255, "params": {"model__colsample_bylevel": 0.3418012586536409, "model__colsample_bynode": 0.8604970814541173, "model__colsample_bytree": 0.41062645052323987, "model__learning_rate": 0.2975596014205977, "model__max_depth": 3.0, "model__n_estimators": 30.0, "model__reg_lambda": 1.412086944267038}, "datetime": {"datetime": "2021-03-27 09:46:01", "elapsed": 3.379899, "delta": 0.160052}}
{"target": -1.2689617258908255, "params": {"model__colsample_bylevel": 0.3418012586536409, "model__colsample_bynode": 0.8604970814541173, "model__colsample_bytree": 0.41062645052323987, "model__learning_rate": 0.2975596014205977, "model__max_depth": 3.0, "model__n_estimators": 30.0, "model__reg_lambda": 1.412086944267038}, "datetime": {"datetime": "2021-03-27 09:46:01", "elapsed": 3.380238, "delta": 0.000339}}
{"target": -1.2689617258908255, "params": {"model__colsample_bylevel": 0.3418012586536409, "model__colsample_bynode": 0.8604970814541173, "model__colsample_bytree": 0.41062645052323987, "model__learning_rate": 0.2975596014205977, "model__max_depth": 3.0, "model__n_estimators": 30.0, "model__reg_lambda": 1.412086944267038}, "datetime": {"datetime": "2021-03-27 09:46:01", "elapsed": 3.380475, "delta": 0.000237}}
{"target": -1.2689617258908255, "params": {"model__colsample_bylevel": 0.3418012586536409, "model__colsample_bynode": 0.8604970814541173, "model__colsample_bytree": 0.41062645052323987, "model__learning_rate": 0.2975596014205977, "model__max_depth": 3.0, "model__n_estimators": 30.0, "model__reg_lambda": 1.412086944267038}, "datetime": {"datetime": "2021-03-27 09:46:01", "elapsed": 3.380671, "delta": 0.000196}}
{"target": -1.275748350129773, "params": {"model__colsample_bylevel": 1.0, "model__colsample_bynode": 1.0, "model__colsample_bytree": 0.3, "model__learning_rate": 0.3, "model__max_depth": 4.0, "model__n_estimators": 30.0, "model__reg_lambda": 2.1825850489808487}, "datetime": {"datetime": "2021-03-27 09:46:01", "elapsed": 3.654595, "delta": 0.273924}}
{"target": -1.274799452057324, "params": {"model__colsample_bylevel": 0.3, "model__colsample_bynode": 1.0, "model__colsample_bytree": 0.3, "model__learning_rate": 0.3, "model__max_depth": 5.0, "model__n_estimators": 28.0, "model__reg_lambda": 0.8382116135851819}, "datetime": {"datetime": "2021-03-27 09:46:02", "elapsed": 3.813159, "delta": 0.158564}}
{"target": -1.274799452057324, "params": {"model__colsample_bylevel": 0.3, "model__colsample_bynode": 1.0, "model__colsample_bytree": 0.3, "model__learning_rate": 0.3, "model__max_depth": 5.0, "model__n_estimators": 28.0, "model__reg_lambda": 0.8382116135851819}, "datetime": {"datetime": "2021-03-27 09:46:02", "elapsed": 3.813558, "delta": 0.000399}}
{"target": -1.274799452057324, "params": {"model__colsample_bylevel": 0.3, "model__colsample_bynode": 1.0, "model__colsample_bytree": 0.3, "model__learning_rate": 0.3, "model__max_depth": 5.0, "model__n_estimators": 28.0, "model__reg_lambda": 0.8382116135851819}, "datetime": {"datetime": "2021-03-27 09:46:02", "elapsed": 3.813814, "delta": 0.000256}}
{"target": -1.2792840298116746, "params": {"model__colsample_bylevel": 1.0, "model__colsample_bynode": 0.3, "model__colsample_bytree": 0.3, "model__learning_rate": 0.3, "model__max_depth": 3.0, "model__n_estimators": 24.0, "model__reg_lambda": 1.720422546602969}, "datetime": {"datetime": "2021-03-27 09:46:02", "elapsed": 3.938303, "delta": 0.124489}}
{"target": -1.2792840298116746, "params": {"model__colsample_bylevel": 1.0, "model__colsample_bynode": 0.3, "model__colsample_bytree": 0.3, "model__learning_rate": 0.3, "model__max_depth": 3.0, "model__n_estimators": 24.0, "model__reg_lambda": 1.720422546602969}, "datetime": {"datetime": "2021-03-27 09:46:02", "elapsed": 3.938652, "delta": 0.000349}}
{"target": -1.2839447433655353, "params": {"model__colsample_bylevel": 0.37628503985162537, "model__colsample_bynode": 1.0, "model__colsample_bytree": 0.3, "model__learning_rate": 0.3, "model__max_depth": 8.0, "model__n_estimators": 29.0, "model__reg_lambda": 2.0745089240899484}, "datetime": {"datetime": "2021-03-27 09:46:02", "elapsed": 4.132693, "delta": 0.194041}}
{"target": -1.2839447433655353, "params": {"model__colsample_bylevel": 0.37628503985162537, "model__colsample_bynode": 1.0, "model__colsample_bytree": 0.3, "model__learning_rate": 0.3, "model__max_depth": 8.0, "model__n_estimators": 29.0, "model__reg_lambda": 2.0745089240899484}, "datetime": {"datetime": "2021-03-27 09:46:02", "elapsed": 4.133042, "delta": 0.000349}}
{"target": -1.283540972110316, "params": {"model__colsample_bylevel": 1.0, "model__colsample_bynode": 0.3, "model__colsample_bytree": 0.3, "model__learning_rate": 0.3, "model__max_depth": 5.0, "model__n_estimators": 30.0, "model__reg_lambda": 1.6511553127175773}, "datetime": {"datetime": "2021-03-27 09:46:02", "elapsed": 4.298477, "delta": 0.165435}}
{"target": -1.2797594904069505, "params": {"model__colsample_bylevel": 1.0, "model__colsample_bynode": 1.0, "model__colsample_bytree": 0.3, "model__learning_rate": 0.3, "model__max_depth": 3.0, "model__n_estimators": 29.0, "model__reg_lambda": 1.8030217383470375}, "datetime": {"datetime": "2021-03-27 09:46:02", "elapsed": 4.53068, "delta": 0.232203}}
{"target": -1.2797594904069505, "params": {"model__colsample_bylevel": 1.0, "model__colsample_bynode": 1.0, "model__colsample_bytree": 0.3, "model__learning_rate": 0.3, "model__max_depth": 3.0, "model__n_estimators": 29.0, "model__reg_lambda": 1.8030217383470375}, "datetime": {"datetime": "2021-03-27 09:46:02", "elapsed": 4.531033, "delta": 0.000353}}
{"target": -1.2797594904069505, "params": {"model__colsample_bylevel": 1.0, "model__colsample_bynode": 1.0, "model__colsample_bytree": 0.3, "model__learning_rate": 0.3, "model__max_depth": 3.0, "model__n_estimators": 29.0, "model__reg_lambda": 1.8030217383470375}, "datetime": {"datetime": "2021-03-27 09:46:02", "elapsed": 4.531258, "delta": 0.000225}}
{"target": -1.2797594904069505, "params": {"model__colsample_bylevel": 1.0, "model__colsample_bynode": 1.0, "model__colsample_bytree": 0.3, "model__learning_rate": 0.3, "model__max_depth": 3.0, "model__n_estimators": 29.0, "model__reg_lambda": 1.8030217383470375}, "datetime": {"datetime": "2021-03-27 09:46:02", "elapsed": 4.531463, "delta": 0.000205}}
{"target": -1.2797594904069505, "params": {"model__colsample_bylevel": 1.0, "model__colsample_bynode": 1.0, "model__colsample_bytree": 0.3, "model__learning_rate": 0.3, "model__max_depth": 3.0, "model__n_estimators": 29.0, "model__reg_lambda": 1.8030217383470375}, "datetime": {"datetime": "2021-03-27 09:46:02", "elapsed": 4.531804, "delta": 0.000341}}
{"target": -1.2797594904069505, "params": {"model__colsample_bylevel": 1.0, "model__colsample_bynode": 1.0, "model__colsample_bytree": 0.3, "model__learning_rate": 0.3, "model__max_depth": 3.0, "model__n_estimators": 29.0, "model__reg_lambda": 1.8030217383470375}, "datetime": {"datetime": "2021-03-27 09:46:02", "elapsed": 4.532003, "delta": 0.000199}}
{"target": -1.421425042655049, "params": {"model__colsample_bylevel": 0.3, "model__colsample_bynode": 0.3, "model__colsample_bytree": 0.3, "model__learning_rate": 0.3, "model__max_depth": 8.0, "model__n_estimators": 28.0, "model__reg_lambda": 0.9868765988883603}, "datetime": {"datetime": "2021-03-27 09:46:03", "elapsed": 4.667059, "delta": 0.135056}}
{"target": -1.421425042655049, "params": {"model__colsample_bylevel": 0.3, "model__colsample_bynode": 0.3, "model__colsample_bytree": 0.3, "model__learning_rate": 0.3, "model__max_depth": 8.0, "model__n_estimators": 28.0, "model__reg_lambda": 0.9868765988883603}, "datetime": {"datetime": "2021-03-27 09:46:03", "elapsed": 4.667417, "delta": 0.000358}}
{"target": -1.3914190549551901, "params": {"model__colsample_bylevel": 0.3, "model__colsample_bynode": 0.3, "model__colsample_bytree": 0.3, "model__learning_rate": 0.3, "model__max_depth": 7.0, "model__n_estimators": 30.0, "model__reg_lambda": 0.0}, "datetime": {"datetime": "2021-03-27 09:46:03", "elapsed": 4.807762, "delta": 0.140345}}
{"target": -1.3003407499847421, "params": {"model__colsample_bylevel": 0.5714863923596051, "model__colsample_bynode": 0.3795339273783556, "model__colsample_bytree": 0.3925920597410244, "model__learning_rate": 0.29615065968157284, "model__max_depth": 3.0, "model__n_estimators": 30.0, "model__reg_lambda": 2.567400170895051}, "datetime": {"datetime": "2021-03-27 09:46:03", "elapsed": 4.958615, "delta": 0.150853}}
{"target": -1.3059046523874978, "params": {"model__colsample_bylevel": 0.3, "model__colsample_bynode": 1.0, "model__colsample_bytree": 0.3, "model__learning_rate": 0.3, "model__max_depth": 3.0, "model__n_estimators": 29.0, "model__reg_lambda": 2.8756183958197234}, "datetime": {"datetime": "2021-03-27 09:46:03", "elapsed": 5.099122, "delta": 0.140507}}
{"target": -1.3059046523874978, "params": {"model__colsample_bylevel": 0.3, "model__colsample_bynode": 1.0, "model__colsample_bytree": 0.3, "model__learning_rate": 0.3, "model__max_depth": 3.0, "model__n_estimators": 29.0, "model__reg_lambda": 2.8756183958197234}, "datetime": {"datetime": "2021-03-27 09:46:03", "elapsed": 5.099512, "delta": 0.00039}}
{"target": -1.3261189106203939, "params": {"model__colsample_bylevel": 0.3, "model__colsample_bynode": 0.3, "model__colsample_bytree": 1.0, "model__learning_rate": 0.3, "model__max_depth": 6.0, "model__n_estimators": 26.0, "model__reg_lambda": 3.0121019696059284}, "datetime": {"datetime": "2021-03-27 09:46:03", "elapsed": 5.270905, "delta": 0.171393}}
{"target": -1.3261189106203939, "params": {"model__colsample_bylevel": 0.3, "model__colsample_bynode": 0.3, "model__colsample_bytree": 1.0, "model__learning_rate": 0.3, "model__max_depth": 6.0, "model__n_estimators": 26.0, "model__reg_lambda": 3.0121019696059284}, "datetime": {"datetime": "2021-03-27 09:46:03", "elapsed": 5.271264, "delta": 0.000359}}
