{"target": -1.368792942479469, "params": {"model__colsample_bylevel": 0.3, "model__colsample_bynode": 1.0, "model__colsample_bytree": 0.3, "model__learning_rate": 0.3, "model__max_depth": 8.0, "model__n_estimators": 15.0, "model__reg_lambda": 1.246922552227467}, "datetime": {"datetime": "2021-03-27 09:48:57", "elapsed": 179.637586, "delta": 1.51937}}
{"target": -1.302649364195278, "params": {"model__colsample_bylevel": 1.0, "model__colsample_bynode": 1.0, "model__colsample_bytree": 0.3, "model__learning_rate": 0.3, "model__max_depth": 6.570226650504795, "model__n_estimators": 29.039147773022048, "model__reg_lambda": 5.477905028346522}, "datetime": {"datetime": "2021-03-27 09:48:59", "elapsed": 181.598675, "delta": 1.961089}}
{"target": -1.3325771063120793, "params": {"model__colsample_bylevel": 0.3, "model__colsample_bynode": 1.0, "model__colsample_bytree": 0.3, "model__learning_rate": 0.3, "model__max_depth": 6.918000333822183, "model__n_estimators": 25.308917605637284, "model__reg_lambda": 4.8701613929673915}, "datetime": {"datetime": "2021-03-27 09:49:01", "elapsed": 183.406682, "delta": 1.808007}}
{"target": -1.3239755262890696, "params": {"model__colsample_bylevel": 0.3, "model__colsample_bynode": 1.0, "model__colsample_bytree": 1.0, "model__learning_rate": 0.3, "model__max_depth": 3.492891811793566, "model__n_estimators": 27.470480873732384, "model__reg_lambda": 1.570401032160967}, "datetime": {"datetime": "2021-03-27 09:49:03", "elapsed": 185.21142, "delta": 1.804738}}
{"target": -1.3216705662154498, "params": {"model__colsample_bylevel": 1.0, "model__colsample_bynode": 1.0, "model__colsample_bytree": 0.3, "model__learning_rate": 0.3, "model__max_depth": 4.559157480631029, "model__n_estimators": 19.298206837428246, "model__reg_lambda": 0.0}, "datetime": {"datetime": "2021-03-27 09:49:05", "elapsed": 187.194837, "delta": 1.983417}}
{"target": -1.2916703473601114, "params": {"model__colsample_bylevel": 1.0, "model__colsample_bynode": 1.0, "model__colsample_bytree": 0.3, "model__learning_rate": 0.3, "model__max_depth": 3.6169550116708424, "model__n_estimators": 28.243375911197642, "model__reg_lambda": 4.351631995284162}, "datetime": {"datetime": "2021-03-27 09:49:07", "elapsed": 189.206542, "delta": 2.011705}}
{"target": -1.4112052202278722, "params": {"model__colsample_bylevel": 1.0, "model__colsample_bynode": 1.0, "model__colsample_bytree": 1.0, "model__learning_rate": 0.3, "model__max_depth": 8.0, "model__n_estimators": 25.685489165874607, "model__reg_lambda": 10.0}, "datetime": {"datetime": "2021-03-27 09:49:09", "elapsed": 191.598498, "delta": 2.391956}}
{"target": -1.2911654331971067, "params": {"model__colsample_bylevel": 0.3, "model__colsample_bynode": 1.0, "model__colsample_bytree": 0.3, "model__learning_rate": 0.3, "model__max_depth": 5.220091213113742, "model__n_estimators": 25.867691561591062, "model__reg_lambda": 1.2873232083548192}, "datetime": {"datetime": "2021-03-27 09:49:11", "elapsed": 193.394066, "delta": 1.795568}}
{"target": -1.3218766784163838, "params": {"model__colsample_bylevel": 1.0, "model__colsample_bynode": 1.0, "model__colsample_bytree": 0.3, "model__learning_rate": 0.3, "model__max_depth": 8.0, "model__n_estimators": 23.490132780006043, "model__reg_lambda": 0.0}, "datetime": {"datetime": "2021-03-27 09:49:13", "elapsed": 195.070417, "delta": 1.676351}}
{"target": -1.3576205701351274, "params": {"model__colsample_bylevel": 1.0, "model__colsample_bynode": 0.3, "model__colsample_bytree": 1.0, "model__learning_rate": 0.3, "model__max_depth": 2.0, "model__n_estimators": 20.40345959491403, "model__reg_lambda": 0.0}, "datetime": {"datetime": "2021-03-27 09:49:15", "elapsed": 196.831134, "delta": 1.760717}}
{"target": -1.3929636849036466, "params": {"model__colsample_bylevel": 0.3, "model__colsample_bynode": 1.0, "model__colsample_bytree": 0.3, "model__learning_rate": 0.3, "model__max_depth": 3.759162452598527, "model__n_estimators": 23.03116322483456, "model__reg_lambda": 8.413157150137556}, "datetime": {"datetime": "2021-03-27 09:49:16", "elapsed": 198.517868, "delta": 1.686734}}
{"target": -1.3819067965140162, "params": {"model__colsample_bylevel": 1.0, "model__colsample_bynode": 0.3, "model__colsample_bytree": 0.3, "model__learning_rate": 0.3, "model__max_depth": 8.0, "model__n_estimators": 15.0, "model__reg_lambda": 1.6700773208082678}, "datetime": {"datetime": "2021-03-27 09:49:18", "elapsed": 200.297061, "delta": 1.779193}}
{"target": -1.3408560420265017, "params": {"model__colsample_bylevel": 1.0, "model__colsample_bynode": 0.3, "model__colsample_bytree": 0.3, "model__learning_rate": 0.3, "model__max_depth": 6.155558749532288, "model__n_estimators": 18.005414818908655, "model__reg_lambda": 0.0}, "datetime": {"datetime": "2021-03-27 09:49:20", "elapsed": 202.048262, "delta": 1.751201}}
{"target": -1.366409646714295, "params": {"model__colsample_bylevel": 0.3, "model__colsample_bynode": 0.3, "model__colsample_bytree": 1.0, "model__learning_rate": 0.3, "model__max_depth": 8.0, "model__n_estimators": 20.18650004128868, "model__reg_lambda": 4.0024747834614045}, "datetime": {"datetime": "2021-03-27 09:49:22", "elapsed": 203.872906, "delta": 1.824644}}
{"target": -1.3394435320373461, "params": {"model__colsample_bylevel": 1.0, "model__colsample_bynode": 1.0, "model__colsample_bytree": 0.3, "model__learning_rate": 0.3, "model__max_depth": 2.0, "model__n_estimators": 30.0, "model__reg_lambda": 7.30178033213383}, "datetime": {"datetime": "2021-03-27 09:49:23", "elapsed": 205.442085, "delta": 1.569179}}
{"target": -1.2986521817379346, "params": {"model__colsample_bylevel": 0.3, "model__colsample_bynode": 1.0, "model__colsample_bytree": 0.3, "model__learning_rate": 0.3, "model__max_depth": 6.058580834728758, "model__n_estimators": 29.336956043118636, "model__reg_lambda": 0.8749252246412759}, "datetime": {"datetime": "2021-03-27 09:49:25", "elapsed": 207.150593, "delta": 1.708508}}
{"target": -1.3255383794074471, "params": {"model__colsample_bylevel": 1.0, "model__colsample_bynode": 1.0, "model__colsample_bytree": 0.3, "model__learning_rate": 0.3, "model__max_depth": 5.952206057545836, "model__n_estimators": 20.328083600926693, "model__reg_lambda": 2.9331121175910844}, "datetime": {"datetime": "2021-03-27 09:49:27", "elapsed": 209.219089, "delta": 2.068496}}
{"target": -1.2841156262850417, "params": {"model__colsample_bylevel": 0.3, "model__colsample_bynode": 1.0, "model__colsample_bytree": 0.3, "model__learning_rate": 0.3, "model__max_depth": 3.3351936700639477, "model__n_estimators": 25.465699944727664, "model__reg_lambda": 0.0}, "datetime": {"datetime": "2021-03-27 09:49:29", "elapsed": 211.149319, "delta": 1.93023}}
{"target": -1.3275661034374564, "params": {"model__colsample_bylevel": 0.3, "model__colsample_bynode": 1.0, "model__colsample_bytree": 0.3, "model__learning_rate": 0.3, "model__max_depth": 5.851756846358199, "model__n_estimators": 19.87612618379192, "model__reg_lambda": 1.7659830794227385}, "datetime": {"datetime": "2021-03-27 09:49:31", "elapsed": 212.704296, "delta": 1.554977}}
{"target": -1.3474552317697932, "params": {"model__colsample_bylevel": 1.0, "model__colsample_bynode": 1.0, "model__colsample_bytree": 0.3, "model__learning_rate": 0.3, "model__max_depth": 6.166016974912691, "model__n_estimators": 24.462487920131203, "model__reg_lambda": 7.450636578315202}, "datetime": {"datetime": "2021-03-27 09:49:33", "elapsed": 214.886458, "delta": 2.182162}}
{"target": -1.417999295987513, "params": {"model__colsample_bylevel": 1.0, "model__colsample_bynode": 0.3, "model__colsample_bytree": 0.3, "model__learning_rate": 0.1, "model__max_depth": 6.512949748496627, "model__n_estimators": 30.0, "model__reg_lambda": 0.8564018469653297}, "datetime": {"datetime": "2021-03-27 09:49:34", "elapsed": 216.58036, "delta": 1.693902}}
{"target": -1.3147744916622406, "params": {"model__colsample_bylevel": 0.9788768439171271, "model__colsample_bynode": 0.6333826673011889, "model__colsample_bytree": 0.4337413640442147, "model__learning_rate": 0.2417143300722238, "model__max_depth": 6.48528640774481, "model__n_estimators": 29.936421983943298, "model__reg_lambda": 3.688468261372818}, "datetime": {"datetime": "2021-03-27 09:49:36", "elapsed": 218.616837, "delta": 2.036477}}
{"target": -1.6858114096781485, "params": {"model__colsample_bylevel": 0.3, "model__colsample_bynode": 0.3, "model__colsample_bytree": 0.3, "model__learning_rate": 0.3, "model__max_depth": 2.0, "model__n_estimators": 21.239966147770602, "model__reg_lambda": 10.0}, "datetime": {"datetime": "2021-03-27 09:49:38", "elapsed": 220.208463, "delta": 1.591626}}
{"target": -1.430752758325442, "params": {"model__colsample_bylevel": 1.0, "model__colsample_bynode": 1.0, "model__colsample_bytree": 1.0, "model__learning_rate": 0.3, "model__max_depth": 2.0, "model__n_estimators": 24.200241213989937, "model__reg_lambda": 7.544702630301439}, "datetime": {"datetime": "2021-03-27 09:49:40", "elapsed": 222.372997, "delta": 2.164534}}
{"target": -1.3323313944946056, "params": {"model__colsample_bylevel": 0.6779258935159351, "model__colsample_bynode": 0.8931184357023563, "model__colsample_bytree": 0.7471657415233088, "model__learning_rate": 0.29659400564128513, "model__max_depth": 7.95226686827576, "model__n_estimators": 29.94791235556988, "model__reg_lambda": 3.015198798558391}, "datetime": {"datetime": "2021-03-27 09:49:42", "elapsed": 224.428056, "delta": 2.055059}}
{"target": -1.3776819523126966, "params": {"model__colsample_bylevel": 0.3, "model__colsample_bynode": 0.3, "model__colsample_bytree": 1.0, "model__learning_rate": 0.3, "model__max_depth": 5.345173557963537, "model__n_estimators": 20.09550263117432, "model__reg_lambda": 2.30157919590051}, "datetime": {"datetime": "2021-03-27 09:49:44", "elapsed": 226.569032, "delta": 2.140976}}
{"target": -1.3650580189069328, "params": {"model__colsample_bylevel": 1.0, "model__colsample_bynode": 0.3, "model__colsample_bytree": 1.0, "model__learning_rate": 0.3, "model__max_depth": 5.455780652227103, "model__n_estimators": 30.0, "model__reg_lambda": 7.688958709841609}, "datetime": {"datetime": "2021-03-27 09:49:46", "elapsed": 228.451336, "delta": 1.882304}}
{"target": -1.4225500025476019, "params": {"model__colsample_bylevel": 0.3, "model__colsample_bynode": 1.0, "model__colsample_bytree": 1.0, "model__learning_rate": 0.3, "model__max_depth": 5.078845419484424, "model__n_estimators": 18.619733714109223, "model__reg_lambda": 10.0}, "datetime": {"datetime": "2021-03-27 09:49:48", "elapsed": 229.929515, "delta": 1.478179}}
{"target": -1.3295903395854638, "params": {"model__colsample_bylevel": 0.3, "model__colsample_bynode": 1.0, "model__colsample_bytree": 0.3, "model__learning_rate": 0.3, "model__max_depth": 5.1934165664529255, "model__n_estimators": 21.322779809893046, "model__reg_lambda": 0.0}, "datetime": {"datetime": "2021-03-27 09:49:50", "elapsed": 231.8686, "delta": 1.939085}}
{"target": -1.4005038826955833, "params": {"model__colsample_bylevel": 0.3, "model__colsample_bynode": 1.0, "model__colsample_bytree": 1.0, "model__learning_rate": 0.3, "model__max_depth": 2.0, "model__n_estimators": 24.219101085968006, "model__reg_lambda": 10.0}, "datetime": {"datetime": "2021-03-27 09:49:52", "elapsed": 233.669401, "delta": 1.800801}}
{"target": -1.440692981586292, "params": {"model__colsample_bylevel": 1.0, "model__colsample_bynode": 1.0, "model__colsample_bytree": 1.0, "model__learning_rate": 0.3, "model__max_depth": 5.991729204168782, "model__n_estimators": 20.061954848252665, "model__reg_lambda": 10.0}, "datetime": {"datetime": "2021-03-27 09:49:54", "elapsed": 235.874141, "delta": 2.20474}}
{"target": -1.2714389697628339, "params": {"model__colsample_bylevel": 1.0, "model__colsample_bynode": 1.0, "model__colsample_bytree": 0.3, "model__learning_rate": 0.3, "model__max_depth": 7.1481854758087495, "model__n_estimators": 28.996231609378345, "model__reg_lambda": 2.5348255756933713}, "datetime": {"datetime": "2021-03-27 09:49:56", "elapsed": 237.901632, "delta": 2.027491}}
{"target": -1.4217100194749839, "params": {"model__colsample_bylevel": 1.0, "model__colsample_bynode": 1.0, "model__colsample_bytree": 1.0, "model__learning_rate": 0.3, "model__max_depth": 3.6854344111827375, "model__n_estimators": 25.510946938558977, "model__reg_lambda": 10.0}, "datetime": {"datetime": "2021-03-27 09:49:58", "elapsed": 240.246937, "delta": 2.345305}}
{"target": -1.4023597761475737, "params": {"model__colsample_bylevel": 1.0, "model__colsample_bynode": 1.0, "model__colsample_bytree": 1.0, "model__learning_rate": 0.3, "model__max_depth": 8.0, "model__n_estimators": 28.922316909011315, "model__reg_lambda": 10.0}, "datetime": {"datetime": "2021-03-27 09:50:01", "elapsed": 242.696251, "delta": 2.449314}}
{"target": -1.3306192506320667, "params": {"model__colsample_bylevel": 0.3, "model__colsample_bynode": 1.0, "model__colsample_bytree": 0.3, "model__learning_rate": 0.3, "model__max_depth": 4.448878103927592, "model__n_estimators": 30.0, "model__reg_lambda": 8.749869006863959}, "datetime": {"datetime": "2021-03-27 09:50:02", "elapsed": 244.371998, "delta": 1.675747}}
{"target": -1.360630914579699, "params": {"model__colsample_bylevel": 0.3, "model__colsample_bynode": 1.0, "model__colsample_bytree": 1.0, "model__learning_rate": 0.3, "model__max_depth": 2.0, "model__n_estimators": 25.16572343260609, "model__reg_lambda": 2.6074624435395317}, "datetime": {"datetime": "2021-03-27 09:50:04", "elapsed": 246.241926, "delta": 1.869928}}
{"target": -1.3503198729369088, "params": {"model__colsample_bylevel": 1.0, "model__colsample_bynode": 0.3, "model__colsample_bytree": 0.3, "model__learning_rate": 0.3, "model__max_depth": 4.737122264029994, "model__n_estimators": 28.5586880027171, "model__reg_lambda": 7.606536331513234}, "datetime": {"datetime": "2021-03-27 09:50:06", "elapsed": 248.389351, "delta": 2.147425}}
{"target": -1.2804847362835932, "params": {"model__colsample_bylevel": 0.5757167627456539, "model__colsample_bynode": 1.0, "model__colsample_bytree": 0.3, "model__learning_rate": 0.3, "model__max_depth": 6.9896271816189826, "model__n_estimators": 25.92351302583553, "model__reg_lambda": 2.648998386548997}, "datetime": {"datetime": "2021-03-27 09:50:08", "elapsed": 250.215473, "delta": 1.826122}}
{"target": -1.3187691102911165, "params": {"model__colsample_bylevel": 0.3, "model__colsample_bynode": 0.3, "model__colsample_bytree": 1.0, "model__learning_rate": 0.3, "model__max_depth": 3.369644357579444, "model__n_estimators": 24.60881430270086, "model__reg_lambda": 2.5800155875238464}, "datetime": {"datetime": "2021-03-27 09:50:10", "elapsed": 251.766203, "delta": 1.55073}}
{"target": -1.3371409145433564, "params": {"model__colsample_bylevel": 1.0, "model__colsample_bynode": 1.0, "model__colsample_bytree": 0.3, "model__learning_rate": 0.3, "model__max_depth": 8.0, "model__n_estimators": 18.188888643341297, "model__reg_lambda": 0.0}, "datetime": {"datetime": "2021-03-27 09:50:12", "elapsed": 253.664688, "delta": 1.898485}}
{"target": -1.451398526477641, "params": {"model__colsample_bylevel": 1.0, "model__colsample_bynode": 0.3, "model__colsample_bytree": 1.0, "model__learning_rate": 0.3, "model__max_depth": 8.0, "model__n_estimators": 17.15308319451373, "model__reg_lambda": 10.0}, "datetime": {"datetime": "2021-03-27 09:50:13", "elapsed": 255.616628, "delta": 1.95194}}
{"target": -1.3370531611495475, "params": {"model__colsample_bylevel": 0.3, "model__colsample_bynode": 1.0, "model__colsample_bytree": 0.3, "model__learning_rate": 0.3, "model__max_depth": 8.0, "model__n_estimators": 29.16477344841512, "model__reg_lambda": 6.123158411241443}, "datetime": {"datetime": "2021-03-27 09:50:15", "elapsed": 257.320379, "delta": 1.703751}}
{"target": -1.2693052086823928, "params": {"model__colsample_bylevel": 0.3, "model__colsample_bynode": 1.0, "model__colsample_bytree": 0.3, "model__learning_rate": 0.3, "model__max_depth": 2.734691717709797, "model__n_estimators": 29.042245705124174, "model__reg_lambda": 0.0}, "datetime": {"datetime": "2021-03-27 09:50:17", "elapsed": 259.189733, "delta": 1.869354}}
{"target": -1.3953839729337587, "params": {"model__colsample_bylevel": 1.0, "model__colsample_bynode": 1.0, "model__colsample_bytree": 0.3, "model__learning_rate": 0.3, "model__max_depth": 2.0, "model__n_estimators": 26.94129128629917, "model__reg_lambda": 10.0}, "datetime": {"datetime": "2021-03-27 09:50:19", "elapsed": 261.117701, "delta": 1.927968}}
{"target": -1.4155696827378395, "params": {"model__colsample_bylevel": 0.3, "model__colsample_bynode": 1.0, "model__colsample_bytree": 1.0, "model__learning_rate": 0.3, "model__max_depth": 2.0, "model__n_estimators": 21.35613826642736, "model__reg_lambda": 5.619500381309806}, "datetime": {"datetime": "2021-03-27 09:50:21", "elapsed": 262.735621, "delta": 1.61792}}
{"target": -1.3661772292620245, "params": {"model__colsample_bylevel": 1.0, "model__colsample_bynode": 0.3, "model__colsample_bytree": 1.0, "model__learning_rate": 0.3, "model__max_depth": 2.8196894668721475, "model__n_estimators": 23.026930340048583, "model__reg_lambda": 5.356237048127398}, "datetime": {"datetime": "2021-03-27 09:50:23", "elapsed": 264.724344, "delta": 1.988723}}
{"target": -1.3876780368252726, "params": {"model__colsample_bylevel": 0.3, "model__colsample_bynode": 1.0, "model__colsample_bytree": 1.0, "model__learning_rate": 0.3, "model__max_depth": 4.209252863452202, "model__n_estimators": 20.158492048819973, "model__reg_lambda": 8.779369951309848}, "datetime": {"datetime": "2021-03-27 09:50:25", "elapsed": 266.668246, "delta": 1.943902}}
{"target": -1.315022607015419, "params": {"model__colsample_bylevel": 1.0, "model__colsample_bynode": 1.0, "model__colsample_bytree": 0.3, "model__learning_rate": 0.3, "model__max_depth": 6.8042742688040825, "model__n_estimators": 30.0, "model__reg_lambda": 10.0}, "datetime": {"datetime": "2021-03-27 09:50:26", "elapsed": 268.624414, "delta": 1.956168}}
{"target": -1.4758938611041335, "params": {"model__colsample_bylevel": 1.0, "model__colsample_bynode": 1.0, "model__colsample_bytree": 1.0, "model__learning_rate": 0.3, "model__max_depth": 8.0, "model__n_estimators": 25.22032654323686, "model__reg_lambda": 0.0}, "datetime": {"datetime": "2021-03-27 09:50:29", "elapsed": 270.902554, "delta": 2.27814}}
{"target": -1.2578535892717215, "params": {"model__colsample_bylevel": 1.0, "model__colsample_bynode": 0.3, "model__colsample_bytree": 0.30000000005415955, "model__learning_rate": 0.3, "model__max_depth": 3.1931105207551895, "model__n_estimators": 30.0, "model__reg_lambda": 1.8014446411892537}, "datetime": {"datetime": "2021-03-27 09:50:31", "elapsed": 273.084189, "delta": 2.181635}}
{"target": -1.2706751894624229, "params": {"model__colsample_bylevel": 1.0, "model__colsample_bynode": 0.3, "model__colsample_bytree": 0.3, "model__learning_rate": 0.3, "model__max_depth": 5.812093118556525, "model__n_estimators": 26.867501726101242, "model__reg_lambda": 1.347376427355034}, "datetime": {"datetime": "2021-03-27 09:50:33", "elapsed": 274.766219, "delta": 1.68203}}
{"target": -1.3708325207044465, "params": {"model__colsample_bylevel": 1.0, "model__colsample_bynode": 0.3, "model__colsample_bytree": 0.3, "model__learning_rate": 0.3, "model__max_depth": 8.0, "model__n_estimators": 26.13247839371573, "model__reg_lambda": 8.899947706316171}, "datetime": {"datetime": "2021-03-27 09:50:35", "elapsed": 276.759652, "delta": 1.993433}}
{"target": -1.3517749337148786, "params": {"model__colsample_bylevel": 1.0, "model__colsample_bynode": 0.3, "model__colsample_bytree": 0.3, "model__learning_rate": 0.3, "model__max_depth": 6.724963399336235, "model__n_estimators": 25.189649217248064, "model__reg_lambda": 0.09098137128628668}, "datetime": {"datetime": "2021-03-27 09:50:36", "elapsed": 278.491044, "delta": 1.731392}}
{"target": -1.305222393496745, "params": {"model__colsample_bylevel": 1.0, "model__colsample_bynode": 1.0, "model__colsample_bytree": 0.3, "model__learning_rate": 0.3, "model__max_depth": 2.3423355146326337, "model__n_estimators": 30.0, "model__reg_lambda": 2.5032622435967826}, "datetime": {"datetime": "2021-03-27 09:50:38", "elapsed": 280.33225, "delta": 1.841206}}
{"target": -1.371887472819915, "params": {"model__colsample_bylevel": 1.0, "model__colsample_bynode": 0.3, "model__colsample_bytree": 1.0, "model__learning_rate": 0.3, "model__max_depth": 5.007935026067446, "model__n_estimators": 20.02168091749997, "model__reg_lambda": 5.160364653853434}, "datetime": {"datetime": "2021-03-27 09:50:40", "elapsed": 282.582282, "delta": 2.250032}}
{"target": -1.3635593037998333, "params": {"model__colsample_bylevel": 0.3, "model__colsample_bynode": 1.0, "model__colsample_bytree": 0.3, "model__learning_rate": 0.3, "model__max_depth": 8.0, "model__n_estimators": 26.382643651566703, "model__reg_lambda": 7.3315375774222895}, "datetime": {"datetime": "2021-03-27 09:50:42", "elapsed": 284.311236, "delta": 1.728954}}
{"target": -1.337932004822769, "params": {"model__colsample_bylevel": 1.0, "model__colsample_bynode": 0.3, "model__colsample_bytree": 0.3, "model__learning_rate": 0.3, "model__max_depth": 5.193186282357349, "model__n_estimators": 20.826371251327206, "model__reg_lambda": 1.9918612386070333}, "datetime": {"datetime": "2021-03-27 09:50:44", "elapsed": 285.954955, "delta": 1.643719}}
{"target": -1.3072343884508355, "params": {"model__colsample_bylevel": 1.0, "model__colsample_bynode": 1.0, "model__colsample_bytree": 0.3, "model__learning_rate": 0.3, "model__max_depth": 8.0, "model__n_estimators": 23.507967399249583, "model__reg_lambda": 3.0123949783904544}, "datetime": {"datetime": "2021-03-27 09:50:46", "elapsed": 288.009366, "delta": 2.054411}}
