{"target": -1.4696379100175008, "params": {"model__colsample_bylevel": 0.3, "model__colsample_bynode": 0.3, "model__colsample_bytree": 1.0, "model__learning_rate": 0.1, "model__max_depth": 7.264073563316449, "model__n_estimators": 16.923707233138646, "model__reg_lambda": 0.0}, "datetime": {"datetime": "2021-03-27 09:18:51", "elapsed": 297.012334, "delta": 2.344237}}
{"target": -1.2269608461426273, "params": {"model__colsample_bylevel": 0.3, "model__colsample_bynode": 0.3, "model__colsample_bytree": 1.0, "model__learning_rate": 0.3, "model__max_depth": 6.708055143079275, "model__n_estimators": 28.941017057229715, "model__reg_lambda": 0.0}, "datetime": {"datetime": "2021-03-27 09:18:53", "elapsed": 299.011481, "delta": 1.999147}}
{"target": -1.3462896821898935, "params": {"model__colsample_bylevel": 1.0, "model__colsample_bynode": 0.3, "model__colsample_bytree": 1.0, "model__learning_rate": 0.3, "model__max_depth": 5.9500947390818775, "model__n_estimators": 17.97650484989139, "model__reg_lambda": 2.263889640201308}, "datetime": {"datetime": "2021-03-27 09:18:55", "elapsed": 301.070637, "delta": 2.059156}}
{"target": -1.2932873362864272, "params": {"model__colsample_bylevel": 0.3, "model__colsample_bynode": 0.3, "model__colsample_bytree": 1.0, "model__learning_rate": 0.3, "model__max_depth": 3.8792617360470474, "model__n_estimators": 23.879561252062185, "model__reg_lambda": 3.84597235088672}, "datetime": {"datetime": "2021-03-27 09:18:57", "elapsed": 303.288125, "delta": 2.217488}}
{"target": -1.3571277612415344, "params": {"model__colsample_bylevel": 1.0, "model__colsample_bynode": 0.3, "model__colsample_bytree": 1.0, "model__learning_rate": 0.3, "model__max_depth": 8.0, "model__n_estimators": 19.485030220054625, "model__reg_lambda": 5.994604866620059}, "datetime": {"datetime": "2021-03-27 09:18:59", "elapsed": 305.288213, "delta": 2.000088}}
{"target": -1.3296985110969861, "params": {"model__colsample_bylevel": 1.0, "model__colsample_bynode": 0.3, "model__colsample_bytree": 0.3, "model__learning_rate": 0.3, "model__max_depth": 4.381076610414911, "model__n_estimators": 30.0, "model__reg_lambda": 7.92977802688189}, "datetime": {"datetime": "2021-03-27 09:19:01", "elapsed": 307.528947, "delta": 2.240734}}
{"target": -1.3226627115295202, "params": {"model__colsample_bylevel": 1.0, "model__colsample_bynode": 0.3, "model__colsample_bytree": 0.3, "model__learning_rate": 0.3, "model__max_depth": 2.0, "model__n_estimators": 19.741819235670746, "model__reg_lambda": 0.0}, "datetime": {"datetime": "2021-03-27 09:19:03", "elapsed": 309.698428, "delta": 2.169481}}
{"target": -1.3777306719065603, "params": {"model__colsample_bylevel": 1.0, "model__colsample_bynode": 0.3, "model__colsample_bytree": 1.0, "model__learning_rate": 0.3, "model__max_depth": 6.459411292833011, "model__n_estimators": 30.0, "model__reg_lambda": 0.0}, "datetime": {"datetime": "2021-03-27 09:19:05", "elapsed": 311.790552, "delta": 2.092124}}
{"target": -1.3115331383000222, "params": {"model__colsample_bylevel": 1.0, "model__colsample_bynode": 1.0, "model__colsample_bytree": 0.3, "model__learning_rate": 0.3, "model__max_depth": 5.84334679852883, "model__n_estimators": 28.07655629609423, "model__reg_lambda": 1.1491441647753875}, "datetime": {"datetime": "2021-03-27 09:19:07", "elapsed": 313.937496, "delta": 2.146944}}
{"target": -1.360878340303358, "params": {"model__colsample_bylevel": 0.3, "model__colsample_bynode": 1.0, "model__colsample_bytree": 1.0, "model__learning_rate": 0.3, "model__max_depth": 8.0, "model__n_estimators": 22.857065750681073, "model__reg_lambda": 8.293793342538757}, "datetime": {"datetime": "2021-03-27 09:19:09", "elapsed": 315.973969, "delta": 2.036473}}
{"target": -1.2472096691259007, "params": {"model__colsample_bylevel": 0.3, "model__colsample_bynode": 0.3, "model__colsample_bytree": 1.0, "model__learning_rate": 0.3, "model__max_depth": 6.3889453045951505, "model__n_estimators": 25.79881649337689, "model__reg_lambda": 0.0}, "datetime": {"datetime": "2021-03-27 09:19:11", "elapsed": 317.887199, "delta": 1.91323}}
{"target": -1.2783518114653618, "params": {"model__colsample_bylevel": 0.3, "model__colsample_bynode": 0.3, "model__colsample_bytree": 1.0, "model__learning_rate": 0.3, "model__max_depth": 4.62696090107015, "model__n_estimators": 20.793297363606023, "model__reg_lambda": 2.099070746641679}, "datetime": {"datetime": "2021-03-27 09:19:13", "elapsed": 319.799575, "delta": 1.912376}}
{"target": -1.345498960200643, "params": {"model__colsample_bylevel": 1.0, "model__colsample_bynode": 1.0, "model__colsample_bytree": 0.3, "model__learning_rate": 0.3, "model__max_depth": 6.571996432380549, "model__n_estimators": 24.381905973790275, "model__reg_lambda": 7.946857186831856}, "datetime": {"datetime": "2021-03-27 09:19:15", "elapsed": 321.754212, "delta": 1.954637}}
{"target": -1.3033495636980819, "params": {"model__colsample_bylevel": 0.3, "model__colsample_bynode": 0.3, "model__colsample_bytree": 1.0, "model__learning_rate": 0.3, "model__max_depth": 5.0608867654945895, "model__n_estimators": 30.0, "model__reg_lambda": 8.779307290715549}, "datetime": {"datetime": "2021-03-27 09:19:17", "elapsed": 323.657363, "delta": 1.903151}}
{"target": -1.3996595778758976, "params": {"model__colsample_bylevel": 0.3, "model__colsample_bynode": 0.3, "model__colsample_bytree": 1.0, "model__learning_rate": 0.3, "model__max_depth": 8.0, "model__n_estimators": 19.109053017482438, "model__reg_lambda": 10.0}, "datetime": {"datetime": "2021-03-27 09:19:19", "elapsed": 325.921444, "delta": 2.264081}}
{"target": -1.3321563177458617, "params": {"model__colsample_bylevel": 1.0, "model__colsample_bynode": 1.0, "model__colsample_bytree": 0.3, "model__learning_rate": 0.3, "model__max_depth": 5.118397296871747, "model__n_estimators": 28.465753501733992, "model__reg_lambda": 8.186309627164377}, "datetime": {"datetime": "2021-03-27 09:19:21", "elapsed": 327.932976, "delta": 2.011532}}
{"target": -1.3387056677008344, "params": {"model__colsample_bylevel": 1.0, "model__colsample_bynode": 0.3, "model__colsample_bytree": 1.0, "model__learning_rate": 0.3, "model__max_depth": 5.510257197839664, "model__n_estimators": 21.15562193742685, "model__reg_lambda": 2.8113235890968675}, "datetime": {"datetime": "2021-03-27 09:19:24", "elapsed": 330.176011, "delta": 2.243035}}
{"target": -1.3813669501712706, "params": {"model__colsample_bylevel": 1.0, "model__colsample_bynode": 0.3, "model__colsample_bytree": 1.0, "model__learning_rate": 0.3, "model__max_depth": 6.015881333633473, "model__n_estimators": 26.429560397094708, "model__reg_lambda": 0.0}, "datetime": {"datetime": "2021-03-27 09:19:26", "elapsed": 332.215732, "delta": 2.039721}}
{"target": -1.255244088380773, "params": {"model__colsample_bylevel": 0.3, "model__colsample_bynode": 0.3, "model__colsample_bytree": 1.0, "model__learning_rate": 0.3, "model__max_depth": 4.025489153228078, "model__n_estimators": 28.438936946088432, "model__reg_lambda": 2.1762784067322385}, "datetime": {"datetime": "2021-03-27 09:19:28", "elapsed": 334.047378, "delta": 1.831646}}
{"target": -1.269079146395181, "params": {"model__colsample_bylevel": 0.3, "model__colsample_bynode": 0.3, "model__colsample_bytree": 1.0, "model__learning_rate": 0.3, "model__max_depth": 2.0, "model__n_estimators": 24.405093331485656, "model__reg_lambda": 0.0}, "datetime": {"datetime": "2021-03-27 09:19:30", "elapsed": 336.276635, "delta": 2.229257}}
{"target": -1.2998500856017505, "params": {"model__colsample_bylevel": 0.3, "model__colsample_bynode": 0.3, "model__colsample_bytree": 1.0, "model__learning_rate": 0.3, "model__max_depth": 5.919721120726184, "model__n_estimators": 26.794987225792518, "model__reg_lambda": 4.89193844817077}, "datetime": {"datetime": "2021-03-27 09:19:32", "elapsed": 338.177335, "delta": 1.9007}}
{"target": -1.463194986635252, "params": {"model__colsample_bylevel": 0.3, "model__colsample_bynode": 0.3, "model__colsample_bytree": 0.3, "model__learning_rate": 0.3, "model__max_depth": 5.590312898132763, "model__n_estimators": 28.858698666275032, "model__reg_lambda": 1.5107104270137262}, "datetime": {"datetime": "2021-03-27 09:19:34", "elapsed": 340.047548, "delta": 1.870213}}
{"target": -1.3253439716070188, "params": {"model__colsample_bylevel": 0.3, "model__colsample_bynode": 1.0, "model__colsample_bytree": 1.0, "model__learning_rate": 0.3, "model__max_depth": 4.187908665756559, "model__n_estimators": 28.68353307694233, "model__reg_lambda": 3.274994231750323}, "datetime": {"datetime": "2021-03-27 09:19:36", "elapsed": 342.535226, "delta": 2.487678}}
{"target": -1.2777407669786203, "params": {"model__colsample_bylevel": 0.3, "model__colsample_bynode": 0.3, "model__colsample_bytree": 1.0, "model__learning_rate": 0.3, "model__max_depth": 6.81079992184496, "model__n_estimators": 21.018672644549792, "model__reg_lambda": 0.7692682943630509}, "datetime": {"datetime": "2021-03-27 09:19:38", "elapsed": 344.322248, "delta": 1.787022}}
{"target": -1.2685523062289787, "params": {"model__colsample_bylevel": 0.3, "model__colsample_bynode": 1.0, "model__colsample_bytree": 0.3, "model__learning_rate": 0.3, "model__max_depth": 4.128607863111457, "model__n_estimators": 28.928542366347756, "model__reg_lambda": 1.192459214973097}, "datetime": {"datetime": "2021-03-27 09:19:40", "elapsed": 346.404251, "delta": 2.082003}}
{"target": -1.3241782437262557, "params": {"model__colsample_bylevel": 1.0, "model__colsample_bynode": 1.0, "model__colsample_bytree": 0.3, "model__learning_rate": 0.3, "model__max_depth": 5.124255276838793, "model__n_estimators": 29.18230397775901, "model__reg_lambda": 0.0}, "datetime": {"datetime": "2021-03-27 09:19:42", "elapsed": 348.50279, "delta": 2.098539}}
{"target": -1.379630801267922, "params": {"model__colsample_bylevel": 0.3, "model__colsample_bynode": 1.0, "model__colsample_bytree": 1.0, "model__learning_rate": 0.3, "model__max_depth": 3.9809248172786003, "model__n_estimators": 18.69058517378272, "model__reg_lambda": 6.790383070499218}, "datetime": {"datetime": "2021-03-27 09:19:44", "elapsed": 350.799146, "delta": 2.296356}}
{"target": -1.3174389015970938, "params": {"model__colsample_bylevel": 0.3, "model__colsample_bynode": 1.0, "model__colsample_bytree": 0.3, "model__learning_rate": 0.3, "model__max_depth": 8.0, "model__n_estimators": 20.04327182050171, "model__reg_lambda": 0.0}, "datetime": {"datetime": "2021-03-27 09:19:46", "elapsed": 352.811419, "delta": 2.012273}}
{"target": -1.5826528188435065, "params": {"model__colsample_bylevel": 0.3, "model__colsample_bynode": 0.3, "model__colsample_bytree": 0.3, "model__learning_rate": 0.1, "model__max_depth": 7.022372419097019, "model__n_estimators": 23.692110083394343, "model__reg_lambda": 0.0}, "datetime": {"datetime": "2021-03-27 09:19:49", "elapsed": 355.040902, "delta": 2.229483}}
{"target": -1.3943998547162917, "params": {"model__colsample_bylevel": 1.0, "model__colsample_bynode": 0.3, "model__colsample_bytree": 1.0, "model__learning_rate": 0.3, "model__max_depth": 3.400724658363264, "model__n_estimators": 15.0, "model__reg_lambda": 4.930631958943669}, "datetime": {"datetime": "2021-03-27 09:19:51", "elapsed": 357.117101, "delta": 2.076199}}
{"target": -1.3129800020949918, "params": {"model__colsample_bylevel": 1.0, "model__colsample_bynode": 1.0, "model__colsample_bytree": 0.3, "model__learning_rate": 0.3, "model__max_depth": 8.0, "model__n_estimators": 20.75064769466161, "model__reg_lambda": 0.0}, "datetime": {"datetime": "2021-03-27 09:19:53", "elapsed": 359.574758, "delta": 2.457657}}
{"target": -1.3522908836657153, "params": {"model__colsample_bylevel": 1.0, "model__colsample_bynode": 0.3, "model__colsample_bytree": 1.0, "model__learning_rate": 0.3, "model__max_depth": 2.0, "model__n_estimators": 20.489464916056605, "model__reg_lambda": 2.430460732392697}, "datetime": {"datetime": "2021-03-27 09:19:55", "elapsed": 361.53665, "delta": 1.961892}}
{"target": -1.4001192020009394, "params": {"model__colsample_bylevel": 0.3, "model__colsample_bynode": 1.0, "model__colsample_bytree": 0.3, "model__learning_rate": 0.3, "model__max_depth": 2.0, "model__n_estimators": 25.533529112813476, "model__reg_lambda": 7.075459443979476}, "datetime": {"datetime": "2021-03-27 09:19:57", "elapsed": 363.465997, "delta": 1.929347}}
{"target": -1.3293241693057876, "params": {"model__colsample_bylevel": 1.0, "model__colsample_bynode": 0.3, "model__colsample_bytree": 1.0, "model__learning_rate": 0.3, "model__max_depth": 4.350093968590715, "model__n_estimators": 30.0, "model__reg_lambda": 1.9491703659017385}, "datetime": {"datetime": "2021-03-27 09:19:59", "elapsed": 365.677092, "delta": 2.211095}}
{"target": -1.3582251229255957, "params": {"model__colsample_bylevel": 0.3, "model__colsample_bynode": 1.0, "model__colsample_bytree": 0.3, "model__learning_rate": 0.3, "model__max_depth": 8.0, "model__n_estimators": 15.0, "model__reg_lambda": 1.1769925602401052}, "datetime": {"datetime": "2021-03-27 09:20:01", "elapsed": 367.641947, "delta": 1.964855}}
{"target": -1.2423674811642833, "params": {"model__colsample_bylevel": 0.3, "model__colsample_bynode": 0.3, "model__colsample_bytree": 1.0, "model__learning_rate": 0.3, "model__max_depth": 7.638105633248518, "model__n_estimators": 26.11709009548677, "model__reg_lambda": 1.6628469791786933}, "datetime": {"datetime": "2021-03-27 09:20:04", "elapsed": 370.003677, "delta": 2.36173}}
{"target": -1.4070924300646435, "params": {"model__colsample_bylevel": 1.0, "model__colsample_bynode": 0.3, "model__colsample_bytree": 0.3, "model__learning_rate": 0.3, "model__max_depth": 3.576340074752112, "model__n_estimators": 21.516794855240057, "model__reg_lambda": 10.0}, "datetime": {"datetime": "2021-03-27 09:20:06", "elapsed": 372.458039, "delta": 2.454362}}
{"target": -1.3677630814561699, "params": {"model__colsample_bylevel": 0.425022091415796, "model__colsample_bynode": 0.9328358885541006, "model__colsample_bytree": 0.8294662158704991, "model__learning_rate": 0.23404807871654013, "model__max_depth": 7.83702822405637, "model__n_estimators": 28.372996955859453, "model__reg_lambda": 2.0722807656641473}, "datetime": {"datetime": "2021-03-27 09:20:09", "elapsed": 375.014887, "delta": 2.556848}}
{"target": -1.2977690317276596, "params": {"model__colsample_bylevel": 0.3, "model__colsample_bynode": 1.0, "model__colsample_bytree": 0.3, "model__learning_rate": 0.3, "model__max_depth": 6.5456895568763365, "model__n_estimators": 18.967559628014136, "model__reg_lambda": 0.9480925442116351}, "datetime": {"datetime": "2021-03-27 09:20:11", "elapsed": 377.442454, "delta": 2.427567}}
{"target": -1.3191969691438303, "params": {"model__colsample_bylevel": 0.3, "model__colsample_bynode": 1.0, "model__colsample_bytree": 0.3, "model__learning_rate": 0.3, "model__max_depth": 6.864858199508929, "model__n_estimators": 26.155133721715625, "model__reg_lambda": 2.1176147870012283}, "datetime": {"datetime": "2021-03-27 09:20:13", "elapsed": 379.765373, "delta": 2.322919}}
