{"target": -1.3767948330150568, "params": {"model__colsample_bylevel": 1.0, "model__colsample_bynode": 1.0, "model__colsample_bytree": 1.0, "model__learning_rate": 0.3, "model__max_depth": 3.9335444488373814, "model__n_estimators": 21.089837707860944, "model__reg_lambda": 3.1773669233227664}, "datetime": {"datetime": "2021-03-27 09:16:57", "elapsed": 183.369021, "delta": 2.263111}}
{"target": -1.2897355583914814, "params": {"model__colsample_bylevel": 0.3, "model__colsample_bynode": 0.3, "model__colsample_bytree": 1.0, "model__learning_rate": 0.3, "model__max_depth": 2.831293141140243, "model__n_estimators": 28.263346243237848, "model__reg_lambda": 4.157498431929837}, "datetime": {"datetime": "2021-03-27 09:16:58", "elapsed": 184.942485, "delta": 1.573464}}
{"target": -1.3814019244589395, "params": {"model__colsample_bylevel": 1.0, "model__colsample_bynode": 0.3, "model__colsample_bytree": 1.0, "model__learning_rate": 0.3, "model__max_depth": 5.923687701430841, "model__n_estimators": 24.182650651395637, "model__reg_lambda": 0.0}, "datetime": {"datetime": "2021-03-27 09:17:00", "elapsed": 186.78962, "delta": 1.847135}}
{"target": -1.3497875472368754, "params": {"model__colsample_bylevel": 0.3, "model__colsample_bynode": 1.0, "model__colsample_bytree": 0.3, "model__learning_rate": 0.3, "model__max_depth": 2.0, "model__n_estimators": 19.285928608045133, "model__reg_lambda": 0.8495348904387985}, "datetime": {"datetime": "2021-03-27 09:17:02", "elapsed": 188.24138, "delta": 1.45176}}
{"target": -1.4539242371322882, "params": {"model__colsample_bylevel": 1.0, "model__colsample_bynode": 1.0, "model__colsample_bytree": 1.0, "model__learning_rate": 0.3, "model__max_depth": 2.0, "model__n_estimators": 23.3181798916697, "model__reg_lambda": 8.344326011768468}, "datetime": {"datetime": "2021-03-27 09:17:04", "elapsed": 190.235149, "delta": 1.993769}}
{"target": -1.4827430008060258, "params": {"model__colsample_bylevel": 0.3, "model__colsample_bynode": 0.3, "model__colsample_bytree": 0.3, "model__learning_rate": 0.3, "model__max_depth": 4.229714272696825, "model__n_estimators": 30.0, "model__reg_lambda": 4.477677072526434}, "datetime": {"datetime": "2021-03-27 09:17:05", "elapsed": 191.932537, "delta": 1.697388}}
{"target": -1.3320836428404395, "params": {"model__colsample_bylevel": 0.3852470736684612, "model__colsample_bynode": 0.9926663383628362, "model__colsample_bytree": 0.9055145131492393, "model__learning_rate": 0.2992214810768128, "model__max_depth": 6.418229084540662, "model__n_estimators": 29.434030526043387, "model__reg_lambda": 5.592916999080599}, "datetime": {"datetime": "2021-03-27 09:17:07", "elapsed": 193.892495, "delta": 1.959958}}
{"target": -1.3730603659768466, "params": {"model__colsample_bylevel": 1.0, "model__colsample_bynode": 1.0, "model__colsample_bytree": 1.0, "model__learning_rate": 0.3, "model__max_depth": 5.523692108285024, "model__n_estimators": 21.627029437648236, "model__reg_lambda": 6.153427651584932}, "datetime": {"datetime": "2021-03-27 09:17:10", "elapsed": 196.118847, "delta": 2.226352}}
{"target": -1.3159514263150807, "params": {"model__colsample_bylevel": 0.3, "model__colsample_bynode": 1.0, "model__colsample_bytree": 1.0, "model__learning_rate": 0.3, "model__max_depth": 8.0, "model__n_estimators": 24.629730298142107, "model__reg_lambda": 1.9682839068433344}, "datetime": {"datetime": "2021-03-27 09:17:12", "elapsed": 198.079425, "delta": 1.960578}}
{"target": -1.453611522945373, "params": {"model__colsample_bylevel": 1.0, "model__colsample_bynode": 1.0, "model__colsample_bytree": 0.3, "model__learning_rate": 0.3, "model__max_depth": 2.0, "model__n_estimators": 20.168516008403845, "model__reg_lambda": 10.0}, "datetime": {"datetime": "2021-03-27 09:17:13", "elapsed": 199.938885, "delta": 1.85946}}
{"target": -1.390034892893248, "params": {"model__colsample_bylevel": 1.0, "model__colsample_bynode": 0.3, "model__colsample_bytree": 1.0, "model__learning_rate": 0.3, "model__max_depth": 2.0, "model__n_estimators": 23.329350945791568, "model__reg_lambda": 5.015034332293308}, "datetime": {"datetime": "2021-03-27 09:17:15", "elapsed": 201.730082, "delta": 1.791197}}
{"target": -1.4281305986686028, "params": {"model__colsample_bylevel": 1.0, "model__colsample_bynode": 0.3, "model__colsample_bytree": 1.0, "model__learning_rate": 0.3, "model__max_depth": 2.0, "model__n_estimators": 19.160754709635707, "model__reg_lambda": 6.186152090721729}, "datetime": {"datetime": "2021-03-27 09:17:17", "elapsed": 203.488594, "delta": 1.758512}}
{"target": -1.3283441692637954, "params": {"model__colsample_bylevel": 1.0, "model__colsample_bynode": 1.0, "model__colsample_bytree": 0.3, "model__learning_rate": 0.3, "model__max_depth": 3.4408761004577486, "model__n_estimators": 22.532929602784705, "model__reg_lambda": 0.0}, "datetime": {"datetime": "2021-03-27 09:17:19", "elapsed": 205.27891, "delta": 1.790316}}
{"target": -1.353016923243801, "params": {"model__colsample_bylevel": 1.0, "model__colsample_bynode": 0.3, "model__colsample_bytree": 1.0, "model__learning_rate": 0.3, "model__max_depth": 2.0, "model__n_estimators": 28.968886524449697, "model__reg_lambda": 5.879166981545618}, "datetime": {"datetime": "2021-03-27 09:17:21", "elapsed": 207.503169, "delta": 2.224259}}
{"target": -1.3286606694976597, "params": {"model__colsample_bylevel": 1.0, "model__colsample_bynode": 0.3, "model__colsample_bytree": 1.0, "model__learning_rate": 0.3, "model__max_depth": 8.0, "model__n_estimators": 30.0, "model__reg_lambda": 5.22352779706764}, "datetime": {"datetime": "2021-03-27 09:17:23", "elapsed": 209.33848, "delta": 1.835311}}
{"target": -1.3628317139016977, "params": {"model__colsample_bylevel": 1.0, "model__colsample_bynode": 0.3, "model__colsample_bytree": 1.0, "model__learning_rate": 0.3, "model__max_depth": 8.0, "model__n_estimators": 23.99001059684137, "model__reg_lambda": 8.82680666177131}, "datetime": {"datetime": "2021-03-27 09:17:25", "elapsed": 211.247946, "delta": 1.909466}}
{"target": -1.4032589164710996, "params": {"model__colsample_bylevel": 0.3, "model__colsample_bynode": 1.0, "model__colsample_bytree": 1.0, "model__learning_rate": 0.3, "model__max_depth": 2.0, "model__n_estimators": 21.34955796003305, "model__reg_lambda": 5.528862838006828}, "datetime": {"datetime": "2021-03-27 09:17:27", "elapsed": 213.052408, "delta": 1.804462}}
{"target": -1.3404017716646195, "params": {"model__colsample_bylevel": 1.0, "model__colsample_bynode": 0.3, "model__colsample_bytree": 0.3, "model__learning_rate": 0.3, "model__max_depth": 8.0, "model__n_estimators": 30.0, "model__reg_lambda": 8.345203064618174}, "datetime": {"datetime": "2021-03-27 09:17:28", "elapsed": 214.908775, "delta": 1.856367}}
{"target": -1.4104757987192251, "params": {"model__colsample_bylevel": 1.0, "model__colsample_bynode": 1.0, "model__colsample_bytree": 1.0, "model__learning_rate": 0.3, "model__max_depth": 4.949052192977896, "model__n_estimators": 20.387330372312608, "model__reg_lambda": 8.764531702693752}, "datetime": {"datetime": "2021-03-27 09:17:31", "elapsed": 217.434117, "delta": 2.525342}}
{"target": -1.3501312863108688, "params": {"model__colsample_bylevel": 1.0, "model__colsample_bynode": 0.3, "model__colsample_bytree": 1.0, "model__learning_rate": 0.3, "model__max_depth": 4.537170819511558, "model__n_estimators": 18.91270792043709, "model__reg_lambda": 6.082411227197282}, "datetime": {"datetime": "2021-03-27 09:17:33", "elapsed": 219.641427, "delta": 2.20731}}
{"target": -1.4231734170483938, "params": {"model__colsample_bylevel": 0.3, "model__colsample_bynode": 0.3, "model__colsample_bytree": 0.3, "model__learning_rate": 0.3, "model__max_depth": 4.554873636702453, "model__n_estimators": 27.673932385589687, "model__reg_lambda": 0.0}, "datetime": {"datetime": "2021-03-27 09:17:35", "elapsed": 221.54891, "delta": 1.907483}}
{"target": -1.3450319556910815, "params": {"model__colsample_bylevel": 1.0, "model__colsample_bynode": 1.0, "model__colsample_bytree": 0.3, "model__learning_rate": 0.3, "model__max_depth": 4.543215203971014, "model__n_estimators": 27.998651287459737, "model__reg_lambda": 10.0}, "datetime": {"datetime": "2021-03-27 09:17:37", "elapsed": 223.681382, "delta": 2.132472}}
{"target": -1.3556237277696312, "params": {"model__colsample_bylevel": 1.0, "model__colsample_bynode": 1.0, "model__colsample_bytree": 0.3, "model__learning_rate": 0.3, "model__max_depth": 8.0, "model__n_estimators": 24.97837766051725, "model__reg_lambda": 10.0}, "datetime": {"datetime": "2021-03-27 09:17:39", "elapsed": 225.501371, "delta": 1.819989}}
{"target": -1.4161775316327703, "params": {"model__colsample_bylevel": 0.3, "model__colsample_bynode": 1.0, "model__colsample_bytree": 1.0, "model__learning_rate": 0.3, "model__max_depth": 3.8774575609385544, "model__n_estimators": 26.347002947817685, "model__reg_lambda": 0.0}, "datetime": {"datetime": "2021-03-27 09:17:41", "elapsed": 227.188028, "delta": 1.686657}}
{"target": -1.475089244992621, "params": {"model__colsample_bylevel": 0.37050215263870057, "model__colsample_bynode": 0.8773617582157729, "model__colsample_bytree": 0.31720110719605715, "model__learning_rate": 0.12336602469881482, "model__max_depth": 2.256142480107079, "model__n_estimators": 27.915312249921914, "model__reg_lambda": 0.10381103854584572}, "datetime": {"datetime": "2021-03-27 09:17:43", "elapsed": 229.006568, "delta": 1.81854}}
{"target": -1.3114246312771805, "params": {"model__colsample_bylevel": 1.0, "model__colsample_bynode": 1.0, "model__colsample_bytree": 0.3, "model__learning_rate": 0.3, "model__max_depth": 2.1973986684004534, "model__n_estimators": 25.59670233449255, "model__reg_lambda": 0.0}, "datetime": {"datetime": "2021-03-27 09:17:45", "elapsed": 231.15195, "delta": 2.145382}}
{"target": -1.2897365427778467, "params": {"model__colsample_bylevel": 0.3, "model__colsample_bynode": 0.3, "model__colsample_bytree": 1.0, "model__learning_rate": 0.3, "model__max_depth": 5.548425265942823, "model__n_estimators": 30.0, "model__reg_lambda": 6.622898212631902}, "datetime": {"datetime": "2021-03-27 09:17:46", "elapsed": 232.853513, "delta": 1.701563}}
{"target": -1.5500137142837047, "params": {"model__colsample_bylevel": 0.3, "model__colsample_bynode": 0.3, "model__colsample_bytree": 0.3, "model__learning_rate": 0.3, "model__max_depth": 3.068641429781258, "model__n_estimators": 28.644027821157945, "model__reg_lambda": 10.0}, "datetime": {"datetime": "2021-03-27 09:17:48", "elapsed": 234.473896, "delta": 1.620383}}
{"target": -1.3378752162639538, "params": {"model__colsample_bylevel": 0.3, "model__colsample_bynode": 1.0, "model__colsample_bytree": 1.0, "model__learning_rate": 0.3, "model__max_depth": 6.484462505505238, "model__n_estimators": 21.7689790637587, "model__reg_lambda": 2.71236652775092}, "datetime": {"datetime": "2021-03-27 09:17:50", "elapsed": 236.292186, "delta": 1.81829}}
{"target": -1.3424992832976081, "params": {"model__colsample_bylevel": 1.0, "model__colsample_bynode": 1.0, "model__colsample_bytree": 0.3, "model__learning_rate": 0.3, "model__max_depth": 8.0, "model__n_estimators": 25.965024640295614, "model__reg_lambda": 5.847478694947538}, "datetime": {"datetime": "2021-03-27 09:17:52", "elapsed": 238.254764, "delta": 1.962578}}
{"target": -1.318112702044132, "params": {"model__colsample_bylevel": 0.3, "model__colsample_bynode": 0.3, "model__colsample_bytree": 1.0, "model__learning_rate": 0.3, "model__max_depth": 4.087931608253566, "model__n_estimators": 25.45520412566312, "model__reg_lambda": 5.904921639825995}, "datetime": {"datetime": "2021-03-27 09:17:54", "elapsed": 240.080587, "delta": 1.825823}}
{"target": -1.3926173188386188, "params": {"model__colsample_bylevel": 0.3, "model__colsample_bynode": 0.3, "model__colsample_bytree": 1.0, "model__learning_rate": 0.3, "model__max_depth": 5.909461317141588, "model__n_estimators": 16.602072975018473, "model__reg_lambda": 6.759830512864742}, "datetime": {"datetime": "2021-03-27 09:17:56", "elapsed": 242.061993, "delta": 1.981406}}
{"target": -1.2931437966319312, "params": {"model__colsample_bylevel": 0.3, "model__colsample_bynode": 0.3, "model__colsample_bytree": 1.0, "model__learning_rate": 0.3, "model__max_depth": 8.0, "model__n_estimators": 23.080744878661974, "model__reg_lambda": 2.323775457037452}, "datetime": {"datetime": "2021-03-27 09:17:57", "elapsed": 243.702375, "delta": 1.640382}}
{"target": -1.5495180332034395, "params": {"model__colsample_bylevel": 1.0, "model__colsample_bynode": 1.0, "model__colsample_bytree": 1.0, "model__learning_rate": 0.1, "model__max_depth": 6.585845326126736, "model__n_estimators": 30.0, "model__reg_lambda": 10.0}, "datetime": {"datetime": "2021-03-27 09:18:00", "elapsed": 246.26572, "delta": 2.563345}}
{"target": -1.3598117465585253, "params": {"model__colsample_bylevel": 0.3, "model__colsample_bynode": 0.3, "model__colsample_bytree": 1.0, "model__learning_rate": 0.3, "model__max_depth": 8.0, "model__n_estimators": 15.0, "model__reg_lambda": 3.1682399713020875}, "datetime": {"datetime": "2021-03-27 09:18:02", "elapsed": 248.181844, "delta": 1.916124}}
{"target": -1.3317505002858632, "params": {"model__colsample_bylevel": 1.0, "model__colsample_bynode": 0.3, "model__colsample_bytree": 1.0, "model__learning_rate": 0.3, "model__max_depth": 8.0, "model__n_estimators": 28.46987716694342, "model__reg_lambda": 6.443740428397528}, "datetime": {"datetime": "2021-03-27 09:18:04", "elapsed": 250.235217, "delta": 2.053373}}
{"target": -1.2926520729693922, "params": {"model__colsample_bylevel": 0.3, "model__colsample_bynode": 0.3, "model__colsample_bytree": 1.0, "model__learning_rate": 0.3, "model__max_depth": 6.0661386362672705, "model__n_estimators": 17.259225594220183, "model__reg_lambda": 1.3140819280871059}, "datetime": {"datetime": "2021-03-27 09:18:06", "elapsed": 252.099348, "delta": 1.864131}}
{"target": -1.3444213967878318, "params": {"model__colsample_bylevel": 0.3, "model__colsample_bynode": 1.0, "model__colsample_bytree": 0.3, "model__learning_rate": 0.3, "model__max_depth": 6.591472205374765, "model__n_estimators": 26.122851109775308, "model__reg_lambda": 5.049863746063366}, "datetime": {"datetime": "2021-03-27 09:18:07", "elapsed": 253.965556, "delta": 1.866208}}
{"target": -1.3688051838292807, "params": {"model__colsample_bylevel": 1.0, "model__colsample_bynode": 1.0, "model__colsample_bytree": 1.0, "model__learning_rate": 0.3, "model__max_depth": 3.6079764104796523, "model__n_estimators": 27.321289708253804, "model__reg_lambda": 7.262962846841871}, "datetime": {"datetime": "2021-03-27 09:18:10", "elapsed": 256.18221, "delta": 2.216654}}
{"target": -1.363503401969438, "params": {"model__colsample_bylevel": 1.0, "model__colsample_bynode": 1.0, "model__colsample_bytree": 0.3, "model__learning_rate": 0.3, "model__max_depth": 4.876412871767812, "model__n_estimators": 24.300914558051783, "model__reg_lambda": 10.0}, "datetime": {"datetime": "2021-03-27 09:18:12", "elapsed": 258.433182, "delta": 2.250972}}
{"target": -1.4627180221018152, "params": {"model__colsample_bylevel": 1.0, "model__colsample_bynode": 1.0, "model__colsample_bytree": 1.0, "model__learning_rate": 0.3, "model__max_depth": 2.0, "model__n_estimators": 16.482310481573887, "model__reg_lambda": 4.021753655014124}, "datetime": {"datetime": "2021-03-27 09:18:14", "elapsed": 260.363369, "delta": 1.930187}}
{"target": -1.3649858278492328, "params": {"model__colsample_bylevel": 0.3, "model__colsample_bynode": 1.0, "model__colsample_bytree": 1.0, "model__learning_rate": 0.3, "model__max_depth": 3.2506447542497288, "model__n_estimators": 30.0, "model__reg_lambda": 0.0}, "datetime": {"datetime": "2021-03-27 09:18:16", "elapsed": 262.320344, "delta": 1.956975}}
{"target": -1.3096322034985044, "params": {"model__colsample_bylevel": 1.0, "model__colsample_bynode": 0.3, "model__colsample_bytree": 1.0, "model__learning_rate": 0.3, "model__max_depth": 5.004130280561427, "model__n_estimators": 28.640109598137066, "model__reg_lambda": 4.944010900451344}, "datetime": {"datetime": "2021-03-27 09:18:18", "elapsed": 264.575391, "delta": 2.255047}}
{"target": -1.2530633654114722, "params": {"model__colsample_bylevel": 0.3, "model__colsample_bynode": 1.0, "model__colsample_bytree": 0.3, "model__learning_rate": 0.3, "model__max_depth": 5.289705146180893, "model__n_estimators": 29.17252827408212, "model__reg_lambda": 1.2331776121167175}, "datetime": {"datetime": "2021-03-27 09:18:20", "elapsed": 266.775463, "delta": 2.200072}}
{"target": -1.2359754907898606, "params": {"model__colsample_bylevel": 0.3, "model__colsample_bynode": 0.3, "model__colsample_bytree": 1.0, "model__learning_rate": 0.3, "model__max_depth": 5.06978566021466, "model__n_estimators": 30.0, "model__reg_lambda": 2.22368317447123}, "datetime": {"datetime": "2021-03-27 09:18:22", "elapsed": 268.596506, "delta": 1.821043}}
{"target": -1.3251633671152852, "params": {"model__colsample_bylevel": 0.3, "model__colsample_bynode": 0.3, "model__colsample_bytree": 1.0, "model__learning_rate": 0.3, "model__max_depth": 4.413673174094059, "model__n_estimators": 16.423102624151053, "model__reg_lambda": 2.0357723840079}, "datetime": {"datetime": "2021-03-27 09:18:24", "elapsed": 270.532213, "delta": 1.935707}}
{"target": -1.2940144447339832, "params": {"model__colsample_bylevel": 0.3, "model__colsample_bynode": 0.3, "model__colsample_bytree": 1.0, "model__learning_rate": 0.3, "model__max_depth": 5.976328255647589, "model__n_estimators": 19.51410425132081, "model__reg_lambda": 2.4087974730641566}, "datetime": {"datetime": "2021-03-27 09:18:26", "elapsed": 272.429067, "delta": 1.896854}}
{"target": -1.2605159457691988, "params": {"model__colsample_bylevel": 0.3, "model__colsample_bynode": 0.3, "model__colsample_bytree": 1.0, "model__learning_rate": 0.3, "model__max_depth": 4.242308716354184, "model__n_estimators": 26.845292657069496, "model__reg_lambda": 3.740047193278381}, "datetime": {"datetime": "2021-03-27 09:18:28", "elapsed": 274.188797, "delta": 1.75973}}
{"target": -1.3835560678652878, "params": {"model__colsample_bylevel": 1.0, "model__colsample_bynode": 0.3, "model__colsample_bytree": 1.0, "model__learning_rate": 0.3, "model__max_depth": 6.263172509041553, "model__n_estimators": 15.0, "model__reg_lambda": 1.5681969707446635}, "datetime": {"datetime": "2021-03-27 09:18:30", "elapsed": 276.229555, "delta": 2.040758}}
{"target": -1.36741515668514, "params": {"model__colsample_bylevel": 1.0, "model__colsample_bynode": 1.0, "model__colsample_bytree": 0.3, "model__learning_rate": 0.3, "model__max_depth": 8.0, "model__n_estimators": 22.744218760324106, "model__reg_lambda": 10.0}, "datetime": {"datetime": "2021-03-27 09:18:32", "elapsed": 278.345721, "delta": 2.116166}}
{"target": -1.353417780711923, "params": {"model__colsample_bylevel": 1.0, "model__colsample_bynode": 1.0, "model__colsample_bytree": 0.3, "model__learning_rate": 0.3, "model__max_depth": 2.0, "model__n_estimators": 28.037674010796543, "model__reg_lambda": 3.8147382363980444}, "datetime": {"datetime": "2021-03-27 09:18:34", "elapsed": 280.364221, "delta": 2.0185}}
{"target": -1.3056981010416495, "params": {"model__colsample_bylevel": 0.3, "model__colsample_bynode": 1.0, "model__colsample_bytree": 0.3, "model__learning_rate": 0.3, "model__max_depth": 4.487429701314014, "model__n_estimators": 22.311566412430928, "model__reg_lambda": 1.3695021263216183}, "datetime": {"datetime": "2021-03-27 09:18:36", "elapsed": 282.153998, "delta": 1.789777}}
{"target": -1.2852252342049844, "params": {"model__colsample_bylevel": 0.3, "model__colsample_bynode": 0.3, "model__colsample_bytree": 1.0, "model__learning_rate": 0.3, "model__max_depth": 3.0288026486830617, "model__n_estimators": 23.127236917049057, "model__reg_lambda": 0.0}, "datetime": {"datetime": "2021-03-27 09:18:38", "elapsed": 284.076819, "delta": 1.922821}}
{"target": -1.3593717991671377, "params": {"model__colsample_bylevel": 0.3, "model__colsample_bynode": 1.0, "model__colsample_bytree": 1.0, "model__learning_rate": 0.3, "model__max_depth": 5.847084446705771, "model__n_estimators": 17.58719805783376, "model__reg_lambda": 2.6223465755798756}, "datetime": {"datetime": "2021-03-27 09:18:40", "elapsed": 286.334617, "delta": 2.257798}}
{"target": -1.3154608740565785, "params": {"model__colsample_bylevel": 1.0, "model__colsample_bynode": 0.3, "model__colsample_bytree": 1.0, "model__learning_rate": 0.3, "model__max_depth": 8.0, "model__n_estimators": 24.52204939599998, "model__reg_lambda": 2.9141086064342026}, "datetime": {"datetime": "2021-03-27 09:18:42", "elapsed": 288.495117, "delta": 2.1605}}
{"target": -1.4252207058009463, "params": {"model__colsample_bylevel": 1.0, "model__colsample_bynode": 1.0, "model__colsample_bytree": 1.0, "model__learning_rate": 0.3, "model__max_depth": 5.55203628824487, "model__n_estimators": 18.410355994602384, "model__reg_lambda": 10.0}, "datetime": {"datetime": "2021-03-27 09:18:44", "elapsed": 290.955054, "delta": 2.459937}}
{"target": -1.3175954837878436, "params": {"model__colsample_bylevel": 1.0, "model__colsample_bynode": 0.3, "model__colsample_bytree": 1.0, "model__learning_rate": 0.3, "model__max_depth": 3.5348906197580936, "model__n_estimators": 27.202982377636815, "model__reg_lambda": 4.3990247883024365}, "datetime": {"datetime": "2021-03-27 09:18:46", "elapsed": 292.82092, "delta": 1.865866}}
{"target": -1.280990264625491, "params": {"model__colsample_bylevel": 0.3, "model__colsample_bynode": 0.3, "model__colsample_bytree": 1.0, "model__learning_rate": 0.3, "model__max_depth": 6.677573876987511, "model__n_estimators": 30.0, "model__reg_lambda": 3.919736767355359}, "datetime": {"datetime": "2021-03-27 09:18:48", "elapsed": 294.668097, "delta": 1.847177}}
