{"target": -1.2967821250089269, "params": {"model__colsample_bylevel": 0.3, "model__colsample_bynode": 1.0, "model__colsample_bytree": 0.3, "model__learning_rate": 0.3, "model__max_depth": 5.830603161791685, "model__n_estimators": 23.349615772026432, "model__reg_lambda": 2.3356610197225502}, "datetime": {"datetime": "2021-03-27 09:15:12", "elapsed": 78.518721, "delta": 1.583015}}
{"target": -1.236833697281427, "params": {"model__colsample_bylevel": 0.3, "model__colsample_bynode": 0.3, "model__colsample_bytree": 1.0, "model__learning_rate": 0.3, "model__max_depth": 5.087974374842231, "model__n_estimators": 26.56446174315719, "model__reg_lambda": 0.0}, "datetime": {"datetime": "2021-03-27 09:15:14", "elapsed": 80.101477, "delta": 1.582756}}
{"target": -1.5144290818306416, "params": {"model__colsample_bylevel": 0.3, "model__colsample_bynode": 0.3, "model__colsample_bytree": 0.3, "model__learning_rate": 0.3, "model__max_depth": 2.0, "model__n_estimators": 26.459637884891908, "model__reg_lambda": 1.8769743200993505}, "datetime": {"datetime": "2021-03-27 09:15:15", "elapsed": 81.817423, "delta": 1.715946}}
{"target": -1.313005105793422, "params": {"model__colsample_bylevel": 1.0, "model__colsample_bynode": 0.3, "model__colsample_bytree": 1.0, "model__learning_rate": 0.3, "model__max_depth": 3.4892294224295815, "model__n_estimators": 30.0, "model__reg_lambda": 5.683752028195929}, "datetime": {"datetime": "2021-03-27 09:15:17", "elapsed": 83.612245, "delta": 1.794822}}
{"target": -1.3468232398474778, "params": {"model__colsample_bylevel": 0.3, "model__colsample_bynode": 1.0, "model__colsample_bytree": 1.0, "model__learning_rate": 0.3, "model__max_depth": 2.0, "model__n_estimators": 30.0, "model__reg_lambda": 4.9490409951211625}, "datetime": {"datetime": "2021-03-27 09:15:19", "elapsed": 85.228582, "delta": 1.616337}}
{"target": -1.3838143363622, "params": {"model__colsample_bylevel": 1.0, "model__colsample_bynode": 0.3, "model__colsample_bytree": 1.0, "model__learning_rate": 0.3, "model__max_depth": 8.0, "model__n_estimators": 15.969252836289558, "model__reg_lambda": 1.5281326137646856}, "datetime": {"datetime": "2021-03-27 09:15:21", "elapsed": 87.076573, "delta": 1.847991}}
{"target": -1.3578700883273522, "params": {"model__colsample_bylevel": 1.0, "model__colsample_bynode": 1.0, "model__colsample_bytree": 0.3, "model__learning_rate": 0.3, "model__max_depth": 4.357280995244929, "model__n_estimators": 26.12969473941626, "model__reg_lambda": 0.0}, "datetime": {"datetime": "2021-03-27 09:15:22", "elapsed": 88.643946, "delta": 1.567373}}
{"target": -1.4858856492500374, "params": {"model__colsample_bylevel": 0.3, "model__colsample_bynode": 0.3, "model__colsample_bytree": 1.0, "model__learning_rate": 0.3, "model__max_depth": 2.0, "model__n_estimators": 15.0, "model__reg_lambda": 5.803077604642332}, "datetime": {"datetime": "2021-03-27 09:15:23", "elapsed": 89.9806, "delta": 1.336654}}
{"target": -1.4258892144494948, "params": {"model__colsample_bylevel": 0.3, "model__colsample_bynode": 1.0, "model__colsample_bytree": 1.0, "model__learning_rate": 0.3, "model__max_depth": 6.24193590842853, "model__n_estimators": 15.0, "model__reg_lambda": 7.852810505245949}, "datetime": {"datetime": "2021-03-27 09:15:25", "elapsed": 91.620345, "delta": 1.639745}}
{"target": -1.3862397927952848, "params": {"model__colsample_bylevel": 1.0, "model__colsample_bynode": 0.3, "model__colsample_bytree": 1.0, "model__learning_rate": 0.3, "model__max_depth": 2.0, "model__n_estimators": 17.903876584539102, "model__reg_lambda": 1.7290352443017096}, "datetime": {"datetime": "2021-03-27 09:15:26", "elapsed": 92.974204, "delta": 1.353859}}
{"target": -1.3097220977201407, "params": {"model__colsample_bylevel": 0.3, "model__colsample_bynode": 1.0, "model__colsample_bytree": 1.0, "model__learning_rate": 0.3, "model__max_depth": 8.0, "model__n_estimators": 26.35512715052552, "model__reg_lambda": 4.325355305234243}, "datetime": {"datetime": "2021-03-27 09:15:28", "elapsed": 94.775123, "delta": 1.800919}}
{"target": -1.5249698148419462, "params": {"model__colsample_bylevel": 0.3, "model__colsample_bynode": 0.3, "model__colsample_bytree": 0.3, "model__learning_rate": 0.3, "model__max_depth": 8.0, "model__n_estimators": 27.716876485521, "model__reg_lambda": 10.0}, "datetime": {"datetime": "2021-03-27 09:15:30", "elapsed": 96.243353, "delta": 1.46823}}
{"target": -1.3698374975715641, "params": {"model__colsample_bylevel": 1.0, "model__colsample_bynode": 1.0, "model__colsample_bytree": 1.0, "model__learning_rate": 0.3, "model__max_depth": 2.961537614078621, "model__n_estimators": 30.0, "model__reg_lambda": 8.248022106690255}, "datetime": {"datetime": "2021-03-27 09:15:32", "elapsed": 98.170613, "delta": 1.92726}}
{"target": -1.4111390300553994, "params": {"model__colsample_bylevel": 1.0, "model__colsample_bynode": 0.3, "model__colsample_bytree": 1.0, "model__learning_rate": 0.3, "model__max_depth": 6.825668132242803, "model__n_estimators": 17.52619922128452, "model__reg_lambda": 10.0}, "datetime": {"datetime": "2021-03-27 09:15:33", "elapsed": 99.871039, "delta": 1.700426}}
{"target": -1.4250731718227052, "params": {"model__colsample_bylevel": 1.0, "model__colsample_bynode": 1.0, "model__colsample_bytree": 0.3, "model__learning_rate": 0.3, "model__max_depth": 2.0, "model__n_estimators": 23.117424384369404, "model__reg_lambda": 10.0}, "datetime": {"datetime": "2021-03-27 09:15:35", "elapsed": 101.489371, "delta": 1.618332}}
{"target": -1.2917306013702265, "params": {"model__colsample_bylevel": 0.3, "model__colsample_bynode": 0.3, "model__colsample_bytree": 1.0, "model__learning_rate": 0.3, "model__max_depth": 3.904458256900156, "model__n_estimators": 22.93062395174593, "model__reg_lambda": 1.6689891746651995}, "datetime": {"datetime": "2021-03-27 09:15:37", "elapsed": 103.349221, "delta": 1.85985}}
{"target": -1.5263844517586023, "params": {"model__colsample_bylevel": 0.3, "model__colsample_bynode": 0.3, "model__colsample_bytree": 0.3, "model__learning_rate": 0.3, "model__max_depth": 8.0, "model__n_estimators": 19.91792950160102, "model__reg_lambda": 2.1570042058442573}, "datetime": {"datetime": "2021-03-27 09:15:39", "elapsed": 105.233135, "delta": 1.883914}}
{"target": -1.4334379008066829, "params": {"model__colsample_bylevel": 1.0, "model__colsample_bynode": 1.0, "model__colsample_bytree": 1.0, "model__learning_rate": 0.3, "model__max_depth": 2.0, "model__n_estimators": 27.827240445410954, "model__reg_lambda": 10.0}, "datetime": {"datetime": "2021-03-27 09:15:41", "elapsed": 107.274174, "delta": 2.041039}}
{"target": -1.457280059285003, "params": {"model__colsample_bylevel": 1.0, "model__colsample_bynode": 1.0, "model__colsample_bytree": 1.0, "model__learning_rate": 0.3, "model__max_depth": 6.08540286798653, "model__n_estimators": 18.765055108626544, "model__reg_lambda": 0.0}, "datetime": {"datetime": "2021-03-27 09:15:43", "elapsed": 109.23443, "delta": 1.960256}}
{"target": -1.3013356421993154, "params": {"model__colsample_bylevel": 1.0, "model__colsample_bynode": 0.3, "model__colsample_bytree": 0.3, "model__learning_rate": 0.3, "model__max_depth": 2.0, "model__n_estimators": 23.853073008772707, "model__reg_lambda": 0.0}, "datetime": {"datetime": "2021-03-27 09:15:44", "elapsed": 110.935974, "delta": 1.701544}}
{"target": -1.3825826157589671, "params": {"model__colsample_bylevel": 0.3, "model__colsample_bynode": 1.0, "model__colsample_bytree": 1.0, "model__learning_rate": 0.3, "model__max_depth": 8.0, "model__n_estimators": 22.275191544978224, "model__reg_lambda": 0.0}, "datetime": {"datetime": "2021-03-27 09:15:46", "elapsed": 112.720821, "delta": 1.784847}}
{"target": -1.3255364542341102, "params": {"model__colsample_bylevel": 1.0, "model__colsample_bynode": 1.0, "model__colsample_bytree": 0.3, "model__learning_rate": 0.3, "model__max_depth": 8.0, "model__n_estimators": 30.0, "model__reg_lambda": 6.433206771501317}, "datetime": {"datetime": "2021-03-27 09:15:48", "elapsed": 114.455565, "delta": 1.734744}}
{"target": -1.3148644510440637, "params": {"model__colsample_bylevel": 1.0, "model__colsample_bynode": 0.3, "model__colsample_bytree": 1.0, "model__learning_rate": 0.3, "model__max_depth": 6.387639959062838, "model__n_estimators": 30.0, "model__reg_lambda": 8.292277156386735}, "datetime": {"datetime": "2021-03-27 09:15:50", "elapsed": 116.315623, "delta": 1.860058}}
{"target": -1.3455413513553696, "params": {"model__colsample_bylevel": 1.0, "model__colsample_bynode": 0.3, "model__colsample_bytree": 1.0, "model__learning_rate": 0.3, "model__max_depth": 5.424850854839445, "model__n_estimators": 28.548044070977475, "model__reg_lambda": 0.4481296430062165}, "datetime": {"datetime": "2021-03-27 09:15:52", "elapsed": 118.13698, "delta": 1.821357}}
{"target": -1.4220757613903372, "params": {"model__colsample_bylevel": 0.3, "model__colsample_bynode": 1.0, "model__colsample_bytree": 1.0, "model__learning_rate": 0.1, "model__max_depth": 8.0, "model__n_estimators": 30.0, "model__reg_lambda": 1.8881903999565774}, "datetime": {"datetime": "2021-03-27 09:15:53", "elapsed": 119.849662, "delta": 1.712682}}
{"target": -1.268413888282426, "params": {"model__colsample_bylevel": 0.3, "model__colsample_bynode": 0.3, "model__colsample_bytree": 1.0, "model__learning_rate": 0.3, "model__max_depth": 6.642419986283558, "model__n_estimators": 23.971348514786904, "model__reg_lambda": 1.6349933495315976}, "datetime": {"datetime": "2021-03-27 09:15:55", "elapsed": 121.632069, "delta": 1.782407}}
{"target": -1.3013356421993154, "params": {"model__colsample_bylevel": 0.3, "model__colsample_bynode": 1.0, "model__colsample_bytree": 0.3, "model__learning_rate": 0.3, "model__max_depth": 2.0, "model__n_estimators": 23.646944927803794, "model__reg_lambda": 0.0}, "datetime": {"datetime": "2021-03-27 09:15:57", "elapsed": 123.47745, "delta": 1.845381}}
{"target": -1.4212393859968238, "params": {"model__colsample_bylevel": 1.0, "model__colsample_bynode": 0.3, "model__colsample_bytree": 1.0, "model__learning_rate": 0.3, "model__max_depth": 3.9894382076535857, "model__n_estimators": 19.402069439500877, "model__reg_lambda": 10.0}, "datetime": {"datetime": "2021-03-27 09:15:58", "elapsed": 124.957357, "delta": 1.479907}}
{"target": -1.4145443560150657, "params": {"model__colsample_bylevel": 1.0, "model__colsample_bynode": 1.0, "model__colsample_bytree": 0.3, "model__learning_rate": 0.3, "model__max_depth": 2.0, "model__n_estimators": 22.09954990642368, "model__reg_lambda": 7.352676179342283}, "datetime": {"datetime": "2021-03-27 09:16:00", "elapsed": 126.440145, "delta": 1.482788}}
{"target": -1.3151163735049034, "params": {"model__colsample_bylevel": 1.0, "model__colsample_bynode": 1.0, "model__colsample_bytree": 0.3, "model__learning_rate": 0.3, "model__max_depth": 2.907862661610429, "model__n_estimators": 28.65849112081862, "model__reg_lambda": 5.078333030085337}, "datetime": {"datetime": "2021-03-27 09:16:02", "elapsed": 128.130535, "delta": 1.69039}}
{"target": -1.3600750894056284, "params": {"model__colsample_bylevel": 0.3, "model__colsample_bynode": 1.0, "model__colsample_bytree": 1.0, "model__learning_rate": 0.3, "model__max_depth": 8.0, "model__n_estimators": 20.047619424154476, "model__reg_lambda": 5.271936038680237}, "datetime": {"datetime": "2021-03-27 09:16:04", "elapsed": 130.067652, "delta": 1.937117}}
{"target": -1.2801768010725145, "params": {"model__colsample_bylevel": 0.3, "model__colsample_bynode": 0.3, "model__colsample_bytree": 1.0, "model__learning_rate": 0.3, "model__max_depth": 5.41540953875319, "model__n_estimators": 30.0, "model__reg_lambda": 4.780600705362836}, "datetime": {"datetime": "2021-03-27 09:16:05", "elapsed": 131.759074, "delta": 1.691422}}
{"target": -1.441763729310554, "params": {"model__colsample_bylevel": 0.3, "model__colsample_bynode": 0.3, "model__colsample_bytree": 0.3, "model__learning_rate": 0.3, "model__max_depth": 4.7796542888339015, "model__n_estimators": 25.38180615838674, "model__reg_lambda": 0.8076170452166019}, "datetime": {"datetime": "2021-03-27 09:16:07", "elapsed": 133.302703, "delta": 1.543629}}
{"target": -1.3816681659527368, "params": {"model__colsample_bylevel": 0.3, "model__colsample_bynode": 1.0, "model__colsample_bytree": 1.0, "model__learning_rate": 0.3, "model__max_depth": 6.006435226554693, "model__n_estimators": 26.987243869340723, "model__reg_lambda": 0.0}, "datetime": {"datetime": "2021-03-27 09:16:09", "elapsed": 134.99261, "delta": 1.689907}}
{"target": -1.429983952741368, "params": {"model__colsample_bylevel": 1.0, "model__colsample_bynode": 0.3, "model__colsample_bytree": 1.0, "model__learning_rate": 0.3, "model__max_depth": 6.426088907705498, "model__n_estimators": 15.0, "model__reg_lambda": 8.189265237784204}, "datetime": {"datetime": "2021-03-27 09:16:10", "elapsed": 136.835126, "delta": 1.842516}}
{"target": -1.372323636289524, "params": {"model__colsample_bylevel": 0.3, "model__colsample_bynode": 1.0, "model__colsample_bytree": 1.0, "model__learning_rate": 0.3, "model__max_depth": 8.0, "model__n_estimators": 23.62407526328434, "model__reg_lambda": 10.0}, "datetime": {"datetime": "2021-03-27 09:16:12", "elapsed": 138.675608, "delta": 1.840482}}
{"target": -1.3231235127140215, "params": {"model__colsample_bylevel": 0.3, "model__colsample_bynode": 0.3, "model__colsample_bytree": 1.0, "model__learning_rate": 0.3, "model__max_depth": 2.0, "model__n_estimators": 30.0, "model__reg_lambda": 7.931833820840963}, "datetime": {"datetime": "2021-03-27 09:16:14", "elapsed": 140.320435, "delta": 1.644827}}
{"target": -1.387583080370762, "params": {"model__colsample_bylevel": 0.3, "model__colsample_bynode": 1.0, "model__colsample_bytree": 1.0, "model__learning_rate": 0.3, "model__max_depth": 3.418103666325497, "model__n_estimators": 17.071501456815632, "model__reg_lambda": 0.0}, "datetime": {"datetime": "2021-03-27 09:16:15", "elapsed": 141.868105, "delta": 1.54767}}
{"target": -1.3305245235818777, "params": {"model__colsample_bylevel": 0.3, "model__colsample_bynode": 1.0, "model__colsample_bytree": 1.0, "model__learning_rate": 0.3, "model__max_depth": 8.0, "model__n_estimators": 25.71916538176025, "model__reg_lambda": 7.268047923583083}, "datetime": {"datetime": "2021-03-27 09:16:17", "elapsed": 143.674699, "delta": 1.806594}}
{"target": -1.3751332497055493, "params": {"model__colsample_bylevel": 0.3, "model__colsample_bynode": 1.0, "model__colsample_bytree": 1.0, "model__learning_rate": 0.3, "model__max_depth": 5.182595635675177, "model__n_estimators": 22.422976012966355, "model__reg_lambda": 0.0}, "datetime": {"datetime": "2021-03-27 09:16:19", "elapsed": 145.472406, "delta": 1.797707}}
{"target": -1.3326530440427038, "params": {"model__colsample_bylevel": 1.0, "model__colsample_bynode": 1.0, "model__colsample_bytree": 0.3, "model__learning_rate": 0.3, "model__max_depth": 2.0, "model__n_estimators": 17.763765096826283, "model__reg_lambda": 0.0}, "datetime": {"datetime": "2021-03-27 09:16:20", "elapsed": 146.930325, "delta": 1.457919}}
{"target": -1.3892679474384024, "params": {"model__colsample_bylevel": 1.0, "model__colsample_bynode": 0.3, "model__colsample_bytree": 0.3, "model__learning_rate": 0.3, "model__max_depth": 2.0, "model__n_estimators": 27.80243460418498, "model__reg_lambda": 7.5789302795989455}, "datetime": {"datetime": "2021-03-27 09:16:22", "elapsed": 148.524379, "delta": 1.594054}}
{"target": -1.3094565306479733, "params": {"model__colsample_bylevel": 1.0, "model__colsample_bynode": 0.3, "model__colsample_bytree": 0.3, "model__learning_rate": 0.3, "model__max_depth": 4.0051191261484345, "model__n_estimators": 21.566241377462294, "model__reg_lambda": 2.3867693975533846}, "datetime": {"datetime": "2021-03-27 09:16:24", "elapsed": 150.115075, "delta": 1.590696}}
{"target": -1.3860470944759098, "params": {"model__colsample_bylevel": 1.0, "model__colsample_bynode": 0.3, "model__colsample_bytree": 1.0, "model__learning_rate": 0.3, "model__max_depth": 8.0, "model__n_estimators": 24.3389923540152, "model__reg_lambda": 0.0}, "datetime": {"datetime": "2021-03-27 09:16:26", "elapsed": 152.079099, "delta": 1.964024}}
{"target": -1.3131145218252274, "params": {"model__colsample_bylevel": 0.3, "model__colsample_bynode": 0.3, "model__colsample_bytree": 1.0, "model__learning_rate": 0.3, "model__max_depth": 6.219162799049763, "model__n_estimators": 23.97646305812585, "model__reg_lambda": 3.8333241887660643}, "datetime": {"datetime": "2021-03-27 09:16:27", "elapsed": 153.878965, "delta": 1.799866}}
{"target": -1.36118891749639, "params": {"model__colsample_bylevel": 0.3, "model__colsample_bynode": 0.3, "model__colsample_bytree": 1.0, "model__learning_rate": 0.3, "model__max_depth": 8.0, "model__n_estimators": 17.121586584952517, "model__reg_lambda": 4.4042581211377945}, "datetime": {"datetime": "2021-03-27 09:16:29", "elapsed": 155.668153, "delta": 1.789188}}
{"target": -1.5394358281100142, "params": {"model__colsample_bylevel": 0.3, "model__colsample_bynode": 0.3, "model__colsample_bytree": 1.0, "model__learning_rate": 0.3, "model__max_depth": 2.0, "model__n_estimators": 15.0, "model__reg_lambda": 10.0}, "datetime": {"datetime": "2021-03-27 09:16:31", "elapsed": 157.264465, "delta": 1.596312}}
{"target": -1.327074540262043, "params": {"model__colsample_bylevel": 1.0, "model__colsample_bynode": 1.0, "model__colsample_bytree": 0.3, "model__learning_rate": 0.3, "model__max_depth": 8.0, "model__n_estimators": 27.8341676537783, "model__reg_lambda": 3.2025855173884605}, "datetime": {"datetime": "2021-03-27 09:16:33", "elapsed": 159.184939, "delta": 1.920474}}
{"target": -1.3529184625605526, "params": {"model__colsample_bylevel": 0.3, "model__colsample_bynode": 1.0, "model__colsample_bytree": 1.0, "model__learning_rate": 0.3, "model__max_depth": 4.853552722535084, "model__n_estimators": 23.802099907978352, "model__reg_lambda": 7.647985331490618}, "datetime": {"datetime": "2021-03-27 09:16:35", "elapsed": 161.403397, "delta": 2.218458}}
{"target": -1.3544745921548726, "params": {"model__colsample_bylevel": 0.3, "model__colsample_bynode": 1.0, "model__colsample_bytree": 0.3, "model__learning_rate": 0.3, "model__max_depth": 8.0, "model__n_estimators": 28.382969570462958, "model__reg_lambda": 6.482254187657695}, "datetime": {"datetime": "2021-03-27 09:16:37", "elapsed": 163.259337, "delta": 1.85594}}
{"target": -1.3190235818425815, "params": {"model__colsample_bylevel": 1.0, "model__colsample_bynode": 0.3, "model__colsample_bytree": 0.3, "model__learning_rate": 0.3, "model__max_depth": 6.029201257832868, "model__n_estimators": 30.0, "model__reg_lambda": 5.402683456846474}, "datetime": {"datetime": "2021-03-27 09:16:39", "elapsed": 164.996249, "delta": 1.736912}}
{"target": -1.673326346191807, "params": {"model__colsample_bylevel": 0.3, "model__colsample_bynode": 0.3, "model__colsample_bytree": 0.3, "model__learning_rate": 0.3, "model__max_depth": 4.489463933467255, "model__n_estimators": 15.0, "model__reg_lambda": 6.525468555127888}, "datetime": {"datetime": "2021-03-27 09:16:40", "elapsed": 166.791773, "delta": 1.795524}}
{"target": -1.402939482945679, "params": {"model__colsample_bylevel": 1.0, "model__colsample_bynode": 1.0, "model__colsample_bytree": 1.0, "model__learning_rate": 0.3, "model__max_depth": 8.0, "model__n_estimators": 15.0, "model__reg_lambda": 4.702382322554332}, "datetime": {"datetime": "2021-03-27 09:16:42", "elapsed": 168.896342, "delta": 2.104569}}
{"target": -1.401086905817299, "params": {"model__colsample_bylevel": 1.0, "model__colsample_bynode": 1.0, "model__colsample_bytree": 1.0, "model__learning_rate": 0.3, "model__max_depth": 5.191938072714092, "model__n_estimators": 17.399353978491572, "model__reg_lambda": 6.093690877543545}, "datetime": {"datetime": "2021-03-27 09:16:44", "elapsed": 170.979878, "delta": 2.083536}}
{"target": -1.423129663378864, "params": {"model__colsample_bylevel": 0.3, "model__colsample_bynode": 1.0, "model__colsample_bytree": 1.0, "model__learning_rate": 0.3, "model__max_depth": 8.0, "model__n_estimators": 17.046852670192237, "model__reg_lambda": 10.0}, "datetime": {"datetime": "2021-03-27 09:16:46", "elapsed": 172.619959, "delta": 1.640081}}
{"target": -1.5877309512508953, "params": {"model__colsample_bylevel": 0.3, "model__colsample_bynode": 0.3, "model__colsample_bytree": 0.3, "model__learning_rate": 0.3, "model__max_depth": 3.262683236007809, "model__n_estimators": 22.121831116380886, "model__reg_lambda": 6.131508110849949}, "datetime": {"datetime": "2021-03-27 09:16:48", "elapsed": 174.19534, "delta": 1.575381}}
{"target": -1.3788346557837465, "params": {"model__colsample_bylevel": 1.0, "model__colsample_bynode": 1.0, "model__colsample_bytree": 1.0, "model__learning_rate": 0.3, "model__max_depth": 4.359739568578588, "model__n_estimators": 15.0, "model__reg_lambda": 2.4053484904878344}, "datetime": {"datetime": "2021-03-27 09:16:50", "elapsed": 176.178348, "delta": 1.983008}}
{"target": -1.3433471655716067, "params": {"model__colsample_bylevel": 0.3, "model__colsample_bynode": 1.0, "model__colsample_bytree": 0.3, "model__learning_rate": 0.3, "model__max_depth": 8.0, "model__n_estimators": 17.445010465818232, "model__reg_lambda": 0.0}, "datetime": {"datetime": "2021-03-27 09:16:51", "elapsed": 177.615893, "delta": 1.437545}}
{"target": -1.3884074527338364, "params": {"model__colsample_bylevel": 1.0, "model__colsample_bynode": 0.3, "model__colsample_bytree": 1.0, "model__learning_rate": 0.3, "model__max_depth": 2.0, "model__n_estimators": 24.955675607048747, "model__reg_lambda": 6.685799834773269}, "datetime": {"datetime": "2021-03-27 09:16:53", "elapsed": 179.50492, "delta": 1.889027}}
{"target": -1.343104016272, "params": {"model__colsample_bylevel": 1.0, "model__colsample_bynode": 0.3, "model__colsample_bytree": 1.0, "model__learning_rate": 0.3, "model__max_depth": 6.786834360950154, "model__n_estimators": 25.275383150951143, "model__reg_lambda": 6.3255585262330385}, "datetime": {"datetime": "2021-03-27 09:16:55", "elapsed": 181.10591, "delta": 1.60099}}
