{"target": -1.3363623459620968, "params": {"model__colsample_bylevel": 0.5333078077907257, "model__colsample_bynode": 0.9449148964303926, "model__colsample_bytree": 0.39197068792833056, "model__learning_rate": 0.2098009976534188, "model__max_depth": 3.7666070082368948, "model__n_estimators": 27.09229802758709, "model__reg_lambda": 3.376766038812906}, "datetime": {"datetime": "2021-03-27 09:14:09", "elapsed": 15.308105, "delta": 0.221827}}
{"target": -1.365236145210709, "params": {"model__colsample_bylevel": 0.38472058045866103, "model__colsample_bynode": 0.6189182754661343, "model__colsample_bytree": 0.47491716651278293, "model__learning_rate": 0.24904662090967875, "model__max_depth": 6.41552028192452, "model__n_estimators": 15.15307284998927, "model__reg_lambda": 0.029919695529196932}, "datetime": {"datetime": "2021-03-27 09:14:09", "elapsed": 15.441262, "delta": 0.133157}}
{"target": -1.3839473603131331, "params": {"model__colsample_bylevel": 0.9426044924017256, "model__colsample_bynode": 0.5260125425777793, "model__colsample_bytree": 0.5074653319167783, "model__learning_rate": 0.15418522802672452, "model__max_depth": 3.474343666196627, "model__n_estimators": 26.630539663467353, "model__reg_lambda": 2.632384799456182}, "datetime": {"datetime": "2021-03-27 09:14:09", "elapsed": 15.658269, "delta": 0.217007}}
{"target": -1.345199149258543, "params": {"model__colsample_bylevel": 0.8032909797610204, "model__colsample_bynode": 0.7713021432027297, "model__colsample_bytree": 0.6853736563856032, "model__learning_rate": 0.23655460523720243, "model__max_depth": 3.0441975506001606, "model__n_estimators": 21.967771044500967, "model__reg_lambda": 4.939589109277965}, "datetime": {"datetime": "2021-03-27 09:14:09", "elapsed": 15.910268, "delta": 0.251999}}
{"target": -1.4053669404265459, "params": {"model__colsample_bylevel": 0.3191878877624776, "model__colsample_bynode": 0.4527668367686508, "model__colsample_bytree": 0.9533861738476699, "model__learning_rate": 0.23172885748318614, "model__max_depth": 7.871974941466348, "model__n_estimators": 20.539710627919593, "model__reg_lambda": 7.6239037960184355}, "datetime": {"datetime": "2021-03-27 09:14:10", "elapsed": 16.102564, "delta": 0.192296}}
{"target": -1.4910603145434373, "params": {"model__colsample_bylevel": 0.7197656118669662, "model__colsample_bynode": 0.7214646750503465, "model__colsample_bytree": 0.37931534877147977, "model__learning_rate": 0.14444015703665763, "model__max_depth": 2.433575141809544, "model__n_estimators": 22.57954207818872, "model__reg_lambda": 3.4509917372173025}, "datetime": {"datetime": "2021-03-27 09:14:10", "elapsed": 16.248227, "delta": 0.145663}}
{"target": -1.3317500984296202, "params": {"model__colsample_bylevel": 0.43770438267170664, "model__colsample_bynode": 0.562288016838024, "model__colsample_bytree": 0.6684847059501842, "model__learning_rate": 0.24216538663414655, "model__max_depth": 5.53982800385271, "model__n_estimators": 24.586364893849456, "model__reg_lambda": 6.03761911116279}, "datetime": {"datetime": "2021-03-27 09:14:10", "elapsed": 16.477689, "delta": 0.229462}}
{"target": -1.3276381654934823, "params": {"model__colsample_bylevel": 0.5615024327662378, "model__colsample_bynode": 0.5278880157630303, "model__colsample_bytree": 0.6927994632423486, "model__learning_rate": 0.2499326997232081, "model__max_depth": 7.515144966264312, "model__n_estimators": 27.41503748405572, "model__reg_lambda": 5.537273620404508}, "datetime": {"datetime": "2021-03-27 09:14:10", "elapsed": 16.752125, "delta": 0.274436}}
{"target": -1.4002955902961716, "params": {"model__colsample_bylevel": 0.8773753442334304, "model__colsample_bynode": 0.3197624374107063, "model__colsample_bytree": 0.8582648079772404, "model__learning_rate": 0.1398977410305498, "model__max_depth": 6.115045756510598, "model__n_estimators": 27.377846347953547, "model__reg_lambda": 3.1496308071503187}, "datetime": {"datetime": "2021-03-27 09:14:11", "elapsed": 17.063247, "delta": 0.311122}}
{"target": -1.4243075162172318, "params": {"model__colsample_bylevel": 0.5798231824380045, "model__colsample_bynode": 0.9899122285696411, "model__colsample_bytree": 0.4774952834387126, "model__learning_rate": 0.25106786479472265, "model__max_depth": 4.436357453829759, "model__n_estimators": 19.72844903945682, "model__reg_lambda": 7.705159221072094}, "datetime": {"datetime": "2021-03-27 09:14:11", "elapsed": 17.276484, "delta": 0.213237}}
{"target": -1.3947318178804025, "params": {"model__colsample_bylevel": 0.6149024037576569, "model__colsample_bynode": 0.7970601762740899, "model__colsample_bytree": 0.4555403075808654, "model__learning_rate": 0.26476738246878556, "model__max_depth": 6.3006447069266285, "model__n_estimators": 22.48861984031197, "model__reg_lambda": 7.91551010046181}, "datetime": {"datetime": "2021-03-27 09:14:11", "elapsed": 17.508187, "delta": 0.231703}}
{"target": -1.3352318990975618, "params": {"model__colsample_bylevel": 0.9437937215686736, "model__colsample_bynode": 0.8511722448868555, "model__colsample_bytree": 0.5084857837350747, "model__learning_rate": 0.24346701302396254, "model__max_depth": 5.690340786662006, "model__n_estimators": 27.619845335231588, "model__reg_lambda": 4.0456797253845265}, "datetime": {"datetime": "2021-03-27 09:14:11", "elapsed": 17.911041, "delta": 0.402854}}
{"target": -1.3294554435526547, "params": {"model__colsample_bylevel": 0.6173529449301774, "model__colsample_bynode": 0.3656352091501882, "model__colsample_bytree": 0.45305055880659917, "model__learning_rate": 0.20586849821836273, "model__max_depth": 5.173197962934258, "model__n_estimators": 25.696146745858105, "model__reg_lambda": 2.863925264426952}, "datetime": {"datetime": "2021-03-27 09:14:12", "elapsed": 18.082956, "delta": 0.171915}}
{"target": -1.5443688558819502, "params": {"model__colsample_bylevel": 0.3812502817792496, "model__colsample_bynode": 0.43107613084910207, "model__colsample_bytree": 0.6036033759584388, "model__learning_rate": 0.13710847453713484, "model__max_depth": 2.7407946095138094, "model__n_estimators": 25.875381462387566, "model__reg_lambda": 9.101677556132595}, "datetime": {"datetime": "2021-03-27 09:14:12", "elapsed": 18.22552, "delta": 0.142564}}
{"target": -1.4514795669233023, "params": {"model__colsample_bylevel": 0.3426383940311504, "model__colsample_bynode": 0.3292770968669983, "model__colsample_bytree": 0.49999974247633633, "model__learning_rate": 0.21592871225493404, "model__max_depth": 7.629568478689846, "model__n_estimators": 23.72527860523467, "model__reg_lambda": 6.7998375849329875}, "datetime": {"datetime": "2021-03-27 09:14:12", "elapsed": 18.362187, "delta": 0.136667}}
{"target": -1.454098330589308, "params": {"model__colsample_bylevel": 1.0, "model__colsample_bynode": 0.3, "model__colsample_bytree": 1.0, "model__learning_rate": 0.3, "model__max_depth": 8.0, "model__n_estimators": 15.0, "model__reg_lambda": 10.0}, "datetime": {"datetime": "2021-03-27 09:14:13", "elapsed": 19.146575, "delta": 0.784388}}
{"target": -1.3578109234652442, "params": {"model__colsample_bylevel": 0.3, "model__colsample_bynode": 1.0, "model__colsample_bytree": 0.3, "model__learning_rate": 0.3, "model__max_depth": 8.0, "model__n_estimators": 30.0, "model__reg_lambda": 10.0}, "datetime": {"datetime": "2021-03-27 09:14:14", "elapsed": 20.028431, "delta": 0.881856}}
{"target": -1.4065904609427073, "params": {"model__colsample_bylevel": 0.3, "model__colsample_bynode": 1.0, "model__colsample_bytree": 0.3, "model__learning_rate": 0.3, "model__max_depth": 2.0, "model__n_estimators": 30.0, "model__reg_lambda": 10.0}, "datetime": {"datetime": "2021-03-27 09:14:14", "elapsed": 20.773148, "delta": 0.744717}}
{"target": -1.4237514628934256, "params": {"model__colsample_bylevel": 0.3, "model__colsample_bynode": 0.3, "model__colsample_bytree": 1.0, "model__learning_rate": 0.3, "model__max_depth": 8.0, "model__n_estimators": 15.0, "model__reg_lambda": 6.259402285615005}, "datetime": {"datetime": "2021-03-27 09:14:15", "elapsed": 21.457894, "delta": 0.684746}}
{"target": -1.3873549784098387, "params": {"model__colsample_bylevel": 1.0, "model__colsample_bynode": 0.3, "model__colsample_bytree": 1.0, "model__learning_rate": 0.3, "model__max_depth": 8.0, "model__n_estimators": 19.023939582573213, "model__reg_lambda": 0.0}, "datetime": {"datetime": "2021-03-27 09:14:16", "elapsed": 22.309584, "delta": 0.85169}}
{"target": -1.451833398024673, "params": {"model__colsample_bylevel": 0.3, "model__colsample_bynode": 0.3, "model__colsample_bytree": 1.0, "model__learning_rate": 0.3, "model__max_depth": 2.0, "model__n_estimators": 21.065338847425128, "model__reg_lambda": 10.0}, "datetime": {"datetime": "2021-03-27 09:14:17", "elapsed": 23.03864, "delta": 0.729056}}
{"target": -1.3513155811169333, "params": {"model__colsample_bylevel": 1.0, "model__colsample_bynode": 0.3, "model__colsample_bytree": 1.0, "model__learning_rate": 0.3, "model__max_depth": 8.0, "model__n_estimators": 20.872414634160805, "model__reg_lambda": 4.418514117520276}, "datetime": {"datetime": "2021-03-27 09:14:18", "elapsed": 24.134233, "delta": 1.095593}}
{"target": -1.3476419477899007, "params": {"model__colsample_bylevel": 0.3, "model__colsample_bynode": 0.3, "model__colsample_bytree": 1.0, "model__learning_rate": 0.3, "model__max_depth": 2.0, "model__n_estimators": 18.335522403512236, "model__reg_lambda": 0.0}, "datetime": {"datetime": "2021-03-27 09:14:18", "elapsed": 24.884704, "delta": 0.750471}}
{"target": -1.3347388641341873, "params": {"model__colsample_bylevel": 0.5256846083769975, "model__colsample_bynode": 0.8411221891030076, "model__colsample_bytree": 0.3542848354956338, "model__learning_rate": 0.2610551094116986, "model__max_depth": 2.0066452171213465, "model__n_estimators": 29.509514012110948, "model__reg_lambda": 6.626214736887084}, "datetime": {"datetime": "2021-03-27 09:14:20", "elapsed": 25.991353, "delta": 1.106649}}
{"target": -1.413271329128116, "params": {"model__colsample_bylevel": 1.0, "model__colsample_bynode": 1.0, "model__colsample_bytree": 1.0, "model__learning_rate": 0.3, "model__max_depth": 8.0, "model__n_estimators": 20.6605325907837, "model__reg_lambda": 10.0}, "datetime": {"datetime": "2021-03-27 09:14:21", "elapsed": 27.433209, "delta": 1.441856}}
{"target": -1.3364344744632644, "params": {"model__colsample_bylevel": 0.3, "model__colsample_bynode": 1.0, "model__colsample_bytree": 1.0, "model__learning_rate": 0.3, "model__max_depth": 8.0, "model__n_estimators": 23.51081176222578, "model__reg_lambda": 3.9414777113553776}, "datetime": {"datetime": "2021-03-27 09:14:22", "elapsed": 28.494965, "delta": 1.061756}}
{"target": -1.3461854026301938, "params": {"model__colsample_bylevel": 1.0, "model__colsample_bynode": 0.3, "model__colsample_bytree": 0.3, "model__learning_rate": 0.3, "model__max_depth": 8.0, "model__n_estimators": 15.0, "model__reg_lambda": 0.0}, "datetime": {"datetime": "2021-03-27 09:14:23", "elapsed": 29.331458, "delta": 0.836493}}
{"target": -1.3400167994984034, "params": {"model__colsample_bylevel": 0.3, "model__colsample_bynode": 1.0, "model__colsample_bytree": 0.3, "model__learning_rate": 0.3, "model__max_depth": 5.131387815505907, "model__n_estimators": 30.0, "model__reg_lambda": 7.241464250981997}, "datetime": {"datetime": "2021-03-27 09:14:24", "elapsed": 30.647014, "delta": 1.315556}}
{"target": -1.3791778207000722, "params": {"model__colsample_bylevel": 0.3, "model__colsample_bynode": 1.0, "model__colsample_bytree": 1.0, "model__learning_rate": 0.3, "model__max_depth": 8.0, "model__n_estimators": 28.611403763314506, "model__reg_lambda": 0.0}, "datetime": {"datetime": "2021-03-27 09:14:26", "elapsed": 32.126951, "delta": 1.479937}}
{"target": -1.3305792893741981, "params": {"model__colsample_bylevel": 0.3, "model__colsample_bynode": 0.3, "model__colsample_bytree": 1.0, "model__learning_rate": 0.3, "model__max_depth": 4.97933976873289, "model__n_estimators": 21.55111512441276, "model__reg_lambda": 4.2880232194099595}, "datetime": {"datetime": "2021-03-27 09:14:27", "elapsed": 33.472975, "delta": 1.346024}}
{"target": -1.4519243144983616, "params": {"model__colsample_bylevel": 1.0, "model__colsample_bynode": 1.0, "model__colsample_bytree": 1.0, "model__learning_rate": 0.3, "model__max_depth": 2.0, "model__n_estimators": 15.0, "model__reg_lambda": 0.0}, "datetime": {"datetime": "2021-03-27 09:14:28", "elapsed": 34.945935, "delta": 1.47296}}
{"target": -1.4789150985794657, "params": {"model__colsample_bylevel": 0.3, "model__colsample_bynode": 0.3, "model__colsample_bytree": 0.3, "model__learning_rate": 0.3, "model__max_depth": 4.581626677550427, "model__n_estimators": 20.241734548000196, "model__reg_lambda": 0.0}, "datetime": {"datetime": "2021-03-27 09:14:30", "elapsed": 36.311568, "delta": 1.365633}}
{"target": -1.403214224992131, "params": {"model__colsample_bylevel": 1.0, "model__colsample_bynode": 1.0, "model__colsample_bytree": 1.0, "model__learning_rate": 0.3, "model__max_depth": 8.0, "model__n_estimators": 17.915246673479775, "model__reg_lambda": 6.4871625711034575}, "datetime": {"datetime": "2021-03-27 09:14:32", "elapsed": 38.044714, "delta": 1.733146}}
{"target": -1.350299575843889, "params": {"model__colsample_bylevel": 1.0, "model__colsample_bynode": 0.3, "model__colsample_bytree": 0.3, "model__learning_rate": 0.3, "model__max_depth": 5.223850501456794, "model__n_estimators": 30.0, "model__reg_lambda": 10.0}, "datetime": {"datetime": "2021-03-27 09:14:33", "elapsed": 39.446635, "delta": 1.401921}}
{"target": -1.4018249424626592, "params": {"model__colsample_bylevel": 0.3, "model__colsample_bynode": 1.0, "model__colsample_bytree": 1.0, "model__learning_rate": 0.3, "model__max_depth": 8.0, "model__n_estimators": 15.0, "model__reg_lambda": 0.0}, "datetime": {"datetime": "2021-03-27 09:14:34", "elapsed": 40.768848, "delta": 1.322213}}
{"target": -1.2972093417403705, "params": {"model__colsample_bylevel": 0.3, "model__colsample_bynode": 0.3, "model__colsample_bytree": 1.0, "model__learning_rate": 0.3, "model__max_depth": 8.0, "model__n_estimators": 30.0, "model__reg_lambda": 7.622732253856002}, "datetime": {"datetime": "2021-03-27 09:14:36", "elapsed": 42.314906, "delta": 1.546058}}
{"target": -1.4068554918160259, "params": {"model__colsample_bylevel": 1.0, "model__colsample_bynode": 0.3, "model__colsample_bytree": 1.0, "model__learning_rate": 0.3, "model__max_depth": 5.44249324500144, "model__n_estimators": 15.0, "model__reg_lambda": 5.50412632652317}, "datetime": {"datetime": "2021-03-27 09:14:37", "elapsed": 43.709331, "delta": 1.394425}}
{"target": -1.4526502579774543, "params": {"model__colsample_bylevel": 0.3, "model__colsample_bynode": 0.3, "model__colsample_bytree": 1.0, "model__learning_rate": 0.3, "model__max_depth": 5.226507912153991, "model__n_estimators": 15.0, "model__reg_lambda": 10.0}, "datetime": {"datetime": "2021-03-27 09:14:39", "elapsed": 45.100418, "delta": 1.391087}}
{"target": -1.406612864341857, "params": {"model__colsample_bylevel": 1.0, "model__colsample_bynode": 1.0, "model__colsample_bytree": 1.0, "model__learning_rate": 0.3, "model__max_depth": 3.7202585456258475, "model__n_estimators": 22.181723561676073, "model__reg_lambda": 10.0}, "datetime": {"datetime": "2021-03-27 09:14:40", "elapsed": 46.843812, "delta": 1.743394}}
{"target": -1.3722476848387632, "params": {"model__colsample_bylevel": 0.3, "model__colsample_bynode": 0.3, "model__colsample_bytree": 1.0, "model__learning_rate": 0.3, "model__max_depth": 2.0, "model__n_estimators": 23.332307351448332, "model__reg_lambda": 6.692618145639096}, "datetime": {"datetime": "2021-03-27 09:14:42", "elapsed": 48.229651, "delta": 1.385839}}
{"target": -1.3631311196995821, "params": {"model__colsample_bylevel": 0.3363745636100953, "model__colsample_bynode": 0.3256810117389656, "model__colsample_bytree": 0.43872944399695973, "model__learning_rate": 0.29335075301948227, "model__max_depth": 4.556405993180177, "model__n_estimators": 27.589302636562103, "model__reg_lambda": 5.537556282128816}, "datetime": {"datetime": "2021-03-27 09:14:43", "elapsed": 49.610939, "delta": 1.381288}}
{"target": -1.414334289916872, "params": {"model__colsample_bylevel": 1.0, "model__colsample_bynode": 0.3, "model__colsample_bytree": 1.0, "model__learning_rate": 0.3, "model__max_depth": 4.655269675832222, "model__n_estimators": 15.0, "model__reg_lambda": 0.0}, "datetime": {"datetime": "2021-03-27 09:14:45", "elapsed": 51.077878, "delta": 1.466939}}
{"target": -1.3436803750126907, "params": {"model__colsample_bylevel": 0.3, "model__colsample_bynode": 0.3, "model__colsample_bytree": 1.0, "model__learning_rate": 0.1, "model__max_depth": 5.069870803419424, "model__n_estimators": 30.0, "model__reg_lambda": 0.0}, "datetime": {"datetime": "2021-03-27 09:14:46", "elapsed": 52.742289, "delta": 1.664411}}
{"target": -1.6323286431855049, "params": {"model__colsample_bylevel": 0.3, "model__colsample_bynode": 0.3, "model__colsample_bytree": 0.3, "model__learning_rate": 0.3, "model__max_depth": 2.0, "model__n_estimators": 15.0, "model__reg_lambda": 0.0}, "datetime": {"datetime": "2021-03-27 09:14:48", "elapsed": 54.033735, "delta": 1.291446}}
{"target": -1.3342580702992668, "params": {"model__colsample_bylevel": 1.0, "model__colsample_bynode": 0.3, "model__colsample_bytree": 1.0, "model__learning_rate": 0.3, "model__max_depth": 8.0, "model__n_estimators": 30.0, "model__reg_lambda": 10.0}, "datetime": {"datetime": "2021-03-27 09:14:49", "elapsed": 55.812709, "delta": 1.778974}}
{"target": -1.326799718282469, "params": {"model__colsample_bylevel": 0.3, "model__colsample_bynode": 1.0, "model__colsample_bytree": 1.0, "model__learning_rate": 0.3, "model__max_depth": 5.233021080038726, "model__n_estimators": 30.0, "model__reg_lambda": 10.0}, "datetime": {"datetime": "2021-03-27 09:14:51", "elapsed": 57.378502, "delta": 1.565793}}
{"target": -1.4079876098187938, "params": {"model__colsample_bylevel": 1.0, "model__colsample_bynode": 1.0, "model__colsample_bytree": 1.0, "model__learning_rate": 0.3, "model__max_depth": 2.0, "model__n_estimators": 20.098719165272225, "model__reg_lambda": 0.0}, "datetime": {"datetime": "2021-03-27 09:14:53", "elapsed": 59.075493, "delta": 1.696991}}
{"target": -1.3340689905426477, "params": {"model__colsample_bylevel": 1.0, "model__colsample_bynode": 0.3, "model__colsample_bytree": 1.0, "model__learning_rate": 0.3, "model__max_depth": 5.610169693653598, "model__n_estimators": 22.11106593421679, "model__reg_lambda": 1.211261367729932}, "datetime": {"datetime": "2021-03-27 09:14:54", "elapsed": 60.828541, "delta": 1.753048}}
{"target": -1.3495474023575746, "params": {"model__colsample_bylevel": 0.3, "model__colsample_bynode": 1.0, "model__colsample_bytree": 1.0, "model__learning_rate": 0.3, "model__max_depth": 8.0, "model__n_estimators": 20.507862021535743, "model__reg_lambda": 1.8181960566573583}, "datetime": {"datetime": "2021-03-27 09:14:56", "elapsed": 62.301906, "delta": 1.473365}}
{"target": -1.3377520695409697, "params": {"model__colsample_bylevel": 1.0, "model__colsample_bynode": 0.3, "model__colsample_bytree": 1.0, "model__learning_rate": 0.3, "model__max_depth": 8.0, "model__n_estimators": 30.0, "model__reg_lambda": 0.4068122960043814}, "datetime": {"datetime": "2021-03-27 09:14:58", "elapsed": 64.070035, "delta": 1.768129}}
{"target": -1.3907242551769898, "params": {"model__colsample_bylevel": 1.0, "model__colsample_bynode": 1.0, "model__colsample_bytree": 1.0, "model__learning_rate": 0.3, "model__max_depth": 8.0, "model__n_estimators": 28.105209268440234, "model__reg_lambda": 8.497501129137378}, "datetime": {"datetime": "2021-03-27 09:15:00", "elapsed": 66.300679, "delta": 2.230644}}
{"target": -1.3880562362989979, "params": {"model__colsample_bylevel": 1.0, "model__colsample_bynode": 1.0, "model__colsample_bytree": 1.0, "model__learning_rate": 0.3, "model__max_depth": 5.995666435109366, "model__n_estimators": 19.79940156426724, "model__reg_lambda": 4.148031910755352}, "datetime": {"datetime": "2021-03-27 09:15:02", "elapsed": 68.277321, "delta": 1.976642}}
{"target": -1.3797386195510626, "params": {"model__colsample_bylevel": 1.0, "model__colsample_bynode": 0.3, "model__colsample_bytree": 1.0, "model__learning_rate": 0.3, "model__max_depth": 2.0, "model__n_estimators": 30.0, "model__reg_lambda": 10.0}, "datetime": {"datetime": "2021-03-27 09:15:03", "elapsed": 69.7405, "delta": 1.463179}}
{"target": -1.3739578975634514, "params": {"model__colsample_bylevel": 0.3, "model__colsample_bynode": 1.0, "model__colsample_bytree": 1.0, "model__learning_rate": 0.3, "model__max_depth": 2.0, "model__n_estimators": 27.268466128597286, "model__reg_lambda": 5.765891773668721}, "datetime": {"datetime": "2021-03-27 09:15:05", "elapsed": 71.55029, "delta": 1.80979}}
{"target": -1.3819735255591787, "params": {"model__colsample_bylevel": 1.0, "model__colsample_bynode": 1.0, "model__colsample_bytree": 1.0, "model__learning_rate": 0.3, "model__max_depth": 8.0, "model__n_estimators": 21.94683286751609, "model__reg_lambda": 7.002652925035664}, "datetime": {"datetime": "2021-03-27 09:15:07", "elapsed": 73.66516, "delta": 2.11487}}
{"target": -1.4131292191725495, "params": {"model__colsample_bylevel": 0.3, "model__colsample_bynode": 1.0, "model__colsample_bytree": 1.0, "model__learning_rate": 0.3, "model__max_depth": 4.297786025103355, "model__n_estimators": 20.36010084339128, "model__reg_lambda": 10.0}, "datetime": {"datetime": "2021-03-27 09:15:09", "elapsed": 75.348809, "delta": 1.683649}}
{"target": -1.3567920561920364, "params": {"model__colsample_bylevel": 1.0, "model__colsample_bynode": 0.3, "model__colsample_bytree": 1.0, "model__learning_rate": 0.3, "model__max_depth": 4.523592343453855, "model__n_estimators": 22.43881711537112, "model__reg_lambda": 7.201655699816053}, "datetime": {"datetime": "2021-03-27 09:15:10", "elapsed": 76.935706, "delta": 1.586897}}
