{"target": -1.4025610406073215, "params": {"model__colsample_bylevel": 1.0, "model__colsample_bynode": 0.3, "model__colsample_bytree": 0.3, "model__learning_rate": 0.3, "model__max_depth": 8.0, "model__n_estimators": 22.08262642041467, "model__reg_lambda": 0.0}, "datetime": {"datetime": "2021-03-27 07:17:29", "elapsed": 225.935952, "delta": 1.61262}}
{"target": -1.3970602044133822, "params": {"model__colsample_bylevel": 1.0, "model__colsample_bynode": 1.0, "model__colsample_bytree": 1.0, "model__learning_rate": 0.3, "model__max_depth": 5.768770535311372, "model__n_estimators": 23.98991094625131, "model__reg_lambda": 7.156909258491443}, "datetime": {"datetime": "2021-03-27 07:17:31", "elapsed": 228.257029, "delta": 2.321077}}
{"target": -1.4316796611589582, "params": {"model__colsample_bylevel": 0.3, "model__colsample_bynode": 0.3, "model__colsample_bytree": 1.0, "model__learning_rate": 0.3, "model__max_depth": 8.0, "model__n_estimators": 23.063408345046337, "model__reg_lambda": 10.0}, "datetime": {"datetime": "2021-03-27 07:17:33", "elapsed": 230.117451, "delta": 1.860422}}
{"target": -1.402665898706629, "params": {"model__colsample_bylevel": 1.0, "model__colsample_bynode": 1.0, "model__colsample_bytree": 1.0, "model__learning_rate": 0.3, "model__max_depth": 3.908552091682087, "model__n_estimators": 27.24217189225202, "model__reg_lambda": 3.3717170813983888}, "datetime": {"datetime": "2021-03-27 07:17:36", "elapsed": 232.370199, "delta": 2.252748}}
{"target": -1.4980989430801592, "params": {"model__colsample_bylevel": 1.0, "model__colsample_bynode": 0.3, "model__colsample_bytree": 0.3, "model__learning_rate": 0.3, "model__max_depth": 2.0, "model__n_estimators": 22.95565850467003, "model__reg_lambda": 10.0}, "datetime": {"datetime": "2021-03-27 07:17:37", "elapsed": 234.277739, "delta": 1.90754}}
{"target": -1.3682475138577108, "params": {"model__colsample_bylevel": 1.0, "model__colsample_bynode": 0.3, "model__colsample_bytree": 0.3, "model__learning_rate": 0.3, "model__max_depth": 6.364868038134587, "model__n_estimators": 19.585823266312012, "model__reg_lambda": 1.5468051386754074}, "datetime": {"datetime": "2021-03-27 07:17:39", "elapsed": 235.98649, "delta": 1.708751}}
{"target": -1.37581832886714, "params": {"model__colsample_bylevel": 1.0, "model__colsample_bynode": 1.0, "model__colsample_bytree": 0.3, "model__learning_rate": 0.3, "model__max_depth": 2.0, "model__n_estimators": 27.194644617457943, "model__reg_lambda": 4.744095607506802}, "datetime": {"datetime": "2021-03-27 07:17:41", "elapsed": 237.908205, "delta": 1.921715}}
{"target": -1.3934538377664876, "params": {"model__colsample_bylevel": 1.0, "model__colsample_bynode": 0.3, "model__colsample_bytree": 1.0, "model__learning_rate": 0.3, "model__max_depth": 4.272545835432677, "model__n_estimators": 20.215069886288045, "model__reg_lambda": 3.318675673802267}, "datetime": {"datetime": "2021-03-27 07:17:43", "elapsed": 239.656077, "delta": 1.747872}}
{"target": -1.463196832343828, "params": {"model__colsample_bylevel": 0.3, "model__colsample_bynode": 0.3, "model__colsample_bytree": 0.3, "model__learning_rate": 0.3, "model__max_depth": 6.469946436055469, "model__n_estimators": 22.11699358887913, "model__reg_lambda": 0.0}, "datetime": {"datetime": "2021-03-27 07:17:45", "elapsed": 241.966008, "delta": 2.309931}}
{"target": -1.3824789836030937, "params": {"model__colsample_bylevel": 1.0, "model__colsample_bynode": 1.0, "model__colsample_bytree": 1.0, "model__learning_rate": 0.3, "model__max_depth": 3.798818782481077, "model__n_estimators": 30.0, "model__reg_lambda": 6.738374820033705}, "datetime": {"datetime": "2021-03-27 07:17:48", "elapsed": 244.398896, "delta": 2.432888}}
{"target": -1.3350550801142296, "params": {"model__colsample_bylevel": 1.0, "model__colsample_bynode": 1.0, "model__colsample_bytree": 0.3, "model__learning_rate": 0.3, "model__max_depth": 8.0, "model__n_estimators": 24.64687765958434, "model__reg_lambda": 1.8677873590176028}, "datetime": {"datetime": "2021-03-27 07:17:50", "elapsed": 246.357031, "delta": 1.958135}}
{"target": -1.3483785091237963, "params": {"model__colsample_bylevel": 1.0, "model__colsample_bynode": 1.0, "model__colsample_bytree": 0.3, "model__learning_rate": 0.3, "model__max_depth": 2.0, "model__n_estimators": 25.36650707002867, "model__reg_lambda": 1.5878128659438975}, "datetime": {"datetime": "2021-03-27 07:17:52", "elapsed": 248.624145, "delta": 2.267114}}
{"target": -1.3746526770968583, "params": {"model__colsample_bylevel": 0.3, "model__colsample_bynode": 1.0, "model__colsample_bytree": 0.3, "model__learning_rate": 0.3, "model__max_depth": 3.722920658623174, "model__n_estimators": 25.226183816827447, "model__reg_lambda": 6.506000343690683}, "datetime": {"datetime": "2021-03-27 07:17:54", "elapsed": 250.58057, "delta": 1.956425}}
{"target": -1.3311934628942308, "params": {"model__colsample_bylevel": 1.0, "model__colsample_bynode": 1.0, "model__colsample_bytree": 0.3, "model__learning_rate": 0.3, "model__max_depth": 6.31250287044084, "model__n_estimators": 30.0, "model__reg_lambda": 10.0}, "datetime": {"datetime": "2021-03-27 07:17:56", "elapsed": 252.823485, "delta": 2.242915}}
{"target": -1.5258539798952964, "params": {"model__colsample_bylevel": 1.0, "model__colsample_bynode": 0.3, "model__colsample_bytree": 1.0, "model__learning_rate": 0.1, "model__max_depth": 3.430311217264852, "model__n_estimators": 17.62305728270796, "model__reg_lambda": 0.0}, "datetime": {"datetime": "2021-03-27 07:17:58", "elapsed": 254.651178, "delta": 1.827693}}
{"target": -1.438312358139218, "params": {"model__colsample_bylevel": 1.0, "model__colsample_bynode": 1.0, "model__colsample_bytree": 1.0, "model__learning_rate": 0.3, "model__max_depth": 6.073672617726481, "model__n_estimators": 17.627417368141003, "model__reg_lambda": 10.0}, "datetime": {"datetime": "2021-03-27 07:18:00", "elapsed": 257.225243, "delta": 2.574065}}
{"target": -1.3522997473056118, "params": {"model__colsample_bylevel": 1.0, "model__colsample_bynode": 0.3, "model__colsample_bytree": 0.3, "model__learning_rate": 0.3, "model__max_depth": 4.121280481474827, "model__n_estimators": 28.60496361689544, "model__reg_lambda": 6.686860989855625}, "datetime": {"datetime": "2021-03-27 07:18:03", "elapsed": 259.586192, "delta": 2.360949}}
{"target": -1.3811584196593345, "params": {"model__colsample_bylevel": 1.0, "model__colsample_bynode": 0.3, "model__colsample_bytree": 1.0, "model__learning_rate": 0.3, "model__max_depth": 8.0, "model__n_estimators": 26.773297270419167, "model__reg_lambda": 4.840066639601921}, "datetime": {"datetime": "2021-03-27 07:18:05", "elapsed": 261.625329, "delta": 2.039137}}
{"target": -1.458937400692831, "params": {"model__colsample_bylevel": 0.3, "model__colsample_bynode": 1.0, "model__colsample_bytree": 1.0, "model__learning_rate": 0.3, "model__max_depth": 5.13160563467396, "model__n_estimators": 15.0, "model__reg_lambda": 7.744765072542632}, "datetime": {"datetime": "2021-03-27 07:18:07", "elapsed": 263.485086, "delta": 1.859757}}
{"target": -1.3380808846613366, "params": {"model__colsample_bylevel": 1.0, "model__colsample_bynode": 1.0, "model__colsample_bytree": 0.3, "model__learning_rate": 0.3, "model__max_depth": 6.375070546541214, "model__n_estimators": 17.3396605122335, "model__reg_lambda": 0.5650992441650422}, "datetime": {"datetime": "2021-03-27 07:18:09", "elapsed": 265.527428, "delta": 2.042342}}
{"target": -1.3435234904397224, "params": {"model__colsample_bylevel": 1.0, "model__colsample_bynode": 1.0, "model__colsample_bytree": 0.3, "model__learning_rate": 0.3, "model__max_depth": 6.349701111148233, "model__n_estimators": 26.91334750001227, "model__reg_lambda": 10.0}, "datetime": {"datetime": "2021-03-27 07:18:11", "elapsed": 268.125025, "delta": 2.597597}}
{"target": -1.339833772228356, "params": {"model__colsample_bylevel": 0.3, "model__colsample_bynode": 1.0, "model__colsample_bytree": 0.3, "model__learning_rate": 0.3, "model__max_depth": 8.0, "model__n_estimators": 28.86952494945304, "model__reg_lambda": 6.128877564792123}, "datetime": {"datetime": "2021-03-27 07:18:13", "elapsed": 270.021686, "delta": 1.896661}}
{"target": -1.4421616214071062, "params": {"model__colsample_bylevel": 1.0, "model__colsample_bynode": 1.0, "model__colsample_bytree": 0.3, "model__learning_rate": 0.3, "model__max_depth": 8.0, "model__n_estimators": 15.0, "model__reg_lambda": 6.351379335404481}, "datetime": {"datetime": "2021-03-27 07:18:15", "elapsed": 271.979989, "delta": 1.958303}}
{"target": -1.4253999086825744, "params": {"model__colsample_bylevel": 1.0, "model__colsample_bynode": 1.0, "model__colsample_bytree": 1.0, "model__learning_rate": 0.3, "model__max_depth": 8.0, "model__n_estimators": 19.285985587078198, "model__reg_lambda": 8.612580845619789}, "datetime": {"datetime": "2021-03-27 07:18:18", "elapsed": 274.409444, "delta": 2.429455}}
{"target": -1.389648824563061, "params": {"model__colsample_bylevel": 0.3, "model__colsample_bynode": 1.0, "model__colsample_bytree": 0.3, "model__learning_rate": 0.3, "model__max_depth": 3.2893298560765603, "model__n_estimators": 30.0, "model__reg_lambda": 5.4801227127739836}, "datetime": {"datetime": "2021-03-27 07:18:20", "elapsed": 276.374115, "delta": 1.964671}}
{"target": -1.6322034620828387, "params": {"model__colsample_bylevel": 0.3, "model__colsample_bynode": 0.3, "model__colsample_bytree": 0.3, "model__learning_rate": 0.3, "model__max_depth": 2.0, "model__n_estimators": 21.227262107385652, "model__reg_lambda": 6.031988746975248}, "datetime": {"datetime": "2021-03-27 07:18:22", "elapsed": 278.511458, "delta": 2.137343}}
{"target": -1.3909169933812666, "params": {"model__colsample_bylevel": 0.3, "model__colsample_bynode": 1.0, "model__colsample_bytree": 1.0, "model__learning_rate": 0.3, "model__max_depth": 6.710328147868336, "model__n_estimators": 18.427350737368073, "model__reg_lambda": 1.1739010510380798}, "datetime": {"datetime": "2021-03-27 07:18:24", "elapsed": 280.535586, "delta": 2.024128}}
{"target": -1.3217421320982385, "params": {"model__colsample_bylevel": 0.7002550508065263, "model__colsample_bynode": 1.0, "model__colsample_bytree": 0.3, "model__learning_rate": 0.3, "model__max_depth": 5.801607738544982, "model__n_estimators": 26.301848034029387, "model__reg_lambda": 2.4171333621413393}, "datetime": {"datetime": "2021-03-27 07:18:26", "elapsed": 282.754786, "delta": 2.2192}}
{"target": -1.3489242520561253, "params": {"model__colsample_bylevel": 1.0, "model__colsample_bynode": 1.0, "model__colsample_bytree": 0.3, "model__learning_rate": 0.3, "model__max_depth": 6.900881168963684, "model__n_estimators": 28.39624347901437, "model__reg_lambda": 5.39947666702879}, "datetime": {"datetime": "2021-03-27 07:18:28", "elapsed": 284.849259, "delta": 2.094473}}
{"target": -1.3222533527437759, "params": {"model__colsample_bylevel": 0.3, "model__colsample_bynode": 0.3, "model__colsample_bytree": 1.0, "model__learning_rate": 0.3, "model__max_depth": 6.541868335121342, "model__n_estimators": 28.747072296373506, "model__reg_lambda": 1.5757843640558948}, "datetime": {"datetime": "2021-03-27 07:18:30", "elapsed": 287.216218, "delta": 2.366959}}
{"target": -1.351277544433116, "params": {"model__colsample_bylevel": 1.0, "model__colsample_bynode": 1.0, "model__colsample_bytree": 0.3, "model__learning_rate": 0.3, "model__max_depth": 5.274932687784986, "model__n_estimators": 20.325519934600912, "model__reg_lambda": 3.556385410742722}, "datetime": {"datetime": "2021-03-27 07:18:32", "elapsed": 289.067111, "delta": 1.850893}}
{"target": -1.3958387110301334, "params": {"model__colsample_bylevel": 1.0, "model__colsample_bynode": 1.0, "model__colsample_bytree": 0.3, "model__learning_rate": 0.3, "model__max_depth": 2.0, "model__n_estimators": 27.35769590030886, "model__reg_lambda": 10.0}, "datetime": {"datetime": "2021-03-27 07:18:34", "elapsed": 291.005255, "delta": 1.938144}}
{"target": -1.3747616721236189, "params": {"model__colsample_bylevel": 1.0, "model__colsample_bynode": 0.3, "model__colsample_bytree": 1.0, "model__learning_rate": 0.3, "model__max_depth": 5.2487819934666, "model__n_estimators": 26.08179972871274, "model__reg_lambda": 6.0133815824901555}, "datetime": {"datetime": "2021-03-27 07:18:36", "elapsed": 292.96243, "delta": 1.957175}}
{"target": -1.5132953370502893, "params": {"model__colsample_bylevel": 0.3, "model__colsample_bynode": 0.3, "model__colsample_bytree": 0.3, "model__learning_rate": 0.3, "model__max_depth": 2.0, "model__n_estimators": 30.0, "model__reg_lambda": 2.7219289224114047}, "datetime": {"datetime": "2021-03-27 07:18:38", "elapsed": 295.224627, "delta": 2.262197}}
{"target": -1.3581353482722804, "params": {"model__colsample_bylevel": 0.3, "model__colsample_bynode": 1.0, "model__colsample_bytree": 0.3, "model__learning_rate": 0.3, "model__max_depth": 4.219446912385371, "model__n_estimators": 22.715861672587824, "model__reg_lambda": 1.4014750242016043}, "datetime": {"datetime": "2021-03-27 07:18:40", "elapsed": 297.27412, "delta": 2.049493}}
{"target": -1.4205555742741496, "params": {"model__colsample_bylevel": 1.0, "model__colsample_bynode": 1.0, "model__colsample_bytree": 1.0, "model__learning_rate": 0.3, "model__max_depth": 2.0, "model__n_estimators": 30.0, "model__reg_lambda": 8.32656855089759}, "datetime": {"datetime": "2021-03-27 07:18:43", "elapsed": 300.10822, "delta": 2.8341}}
{"target": -1.4297886349302984, "params": {"model__colsample_bylevel": 1.0, "model__colsample_bynode": 0.7037573432113726, "model__colsample_bytree": 1.0, "model__learning_rate": 0.3, "model__max_depth": 3.0818626483858336, "model__n_estimators": 30.0, "model__reg_lambda": 0.0}, "datetime": {"datetime": "2021-03-27 07:18:45", "elapsed": 302.183694, "delta": 2.075474}}
{"target": -1.3415391918723945, "params": {"model__colsample_bylevel": 0.36345836792576947, "model__colsample_bynode": 0.3, "model__colsample_bytree": 1.0, "model__learning_rate": 0.3, "model__max_depth": 3.519190376117119, "model__n_estimators": 30.0, "model__reg_lambda": 3.923943322283945}, "datetime": {"datetime": "2021-03-27 07:18:48", "elapsed": 304.540881, "delta": 2.357187}}
{"target": -1.3525160015655169, "params": {"model__colsample_bylevel": 1.0, "model__colsample_bynode": 0.3, "model__colsample_bytree": 0.3, "model__learning_rate": 0.3, "model__max_depth": 8.0, "model__n_estimators": 30.0, "model__reg_lambda": 7.451769504517761}, "datetime": {"datetime": "2021-03-27 07:18:50", "elapsed": 306.408218, "delta": 1.867337}}
{"target": -1.371889095990986, "params": {"model__colsample_bylevel": 1.0, "model__colsample_bynode": 1.0, "model__colsample_bytree": 0.3, "model__learning_rate": 0.3, "model__max_depth": 8.0, "model__n_estimators": 20.859633746887855, "model__reg_lambda": 6.781918848471695}, "datetime": {"datetime": "2021-03-27 07:18:52", "elapsed": 308.381671, "delta": 1.973453}}
{"target": -1.3782980990528628, "params": {"model__colsample_bylevel": 1.0, "model__colsample_bynode": 1.0, "model__colsample_bytree": 0.8041042053029943, "model__learning_rate": 0.3, "model__max_depth": 2.821982846129902, "model__n_estimators": 30.0, "model__reg_lambda": 3.736858252045169}, "datetime": {"datetime": "2021-03-27 07:18:54", "elapsed": 311.033806, "delta": 2.652135}}
{"target": -1.3747303264161599, "params": {"model__colsample_bylevel": 0.3, "model__colsample_bynode": 1.0, "model__colsample_bytree": 1.0, "model__learning_rate": 0.3, "model__max_depth": 2.0, "model__n_estimators": 28.73358406657905, "model__reg_lambda": 5.572912652016108}, "datetime": {"datetime": "2021-03-27 07:18:56", "elapsed": 313.031575, "delta": 1.997769}}
{"target": -1.3915781855367233, "params": {"model__colsample_bylevel": 1.0, "model__colsample_bynode": 1.0, "model__colsample_bytree": 0.3, "model__learning_rate": 0.3, "model__max_depth": 2.0, "model__n_estimators": 17.761791524118323, "model__reg_lambda": 1.53634408479907}, "datetime": {"datetime": "2021-03-27 07:18:58", "elapsed": 314.711005, "delta": 1.67943}}
{"target": -1.385576860401509, "params": {"model__colsample_bylevel": 1.0, "model__colsample_bynode": 1.0, "model__colsample_bytree": 1.0, "model__learning_rate": 0.3, "model__max_depth": 5.99811348006727, "model__n_estimators": 30.0, "model__reg_lambda": 8.45830363090293}, "datetime": {"datetime": "2021-03-27 07:19:01", "elapsed": 317.54654, "delta": 2.835535}}
{"target": -1.3188615060856808, "params": {"model__colsample_bylevel": 1.0, "model__colsample_bynode": 0.3, "model__colsample_bytree": 0.3, "model__learning_rate": 0.3, "model__max_depth": 7.097940164134479, "model__n_estimators": 29.004392134984432, "model__reg_lambda": 1.8121458772586585}, "datetime": {"datetime": "2021-03-27 07:19:03", "elapsed": 319.671587, "delta": 2.125047}}
{"target": -1.360860087339213, "params": {"model__colsample_bylevel": 1.0, "model__colsample_bynode": 1.0, "model__colsample_bytree": 0.3, "model__learning_rate": 0.3, "model__max_depth": 8.0, "model__n_estimators": 24.633587118320495, "model__reg_lambda": 4.116252243983387}, "datetime": {"datetime": "2021-03-27 07:19:05", "elapsed": 322.133008, "delta": 2.461421}}
{"target": -1.362518571773409, "params": {"model__colsample_bylevel": 1.0, "model__colsample_bynode": 1.0, "model__colsample_bytree": 0.3, "model__learning_rate": 0.3, "model__max_depth": 5.0628880070162925, "model__n_estimators": 21.047643732252613, "model__reg_lambda": 5.869615646713527}, "datetime": {"datetime": "2021-03-27 07:19:07", "elapsed": 324.018059, "delta": 1.885051}}
{"target": -1.3408183196357086, "params": {"model__colsample_bylevel": 1.0, "model__colsample_bynode": 1.0, "model__colsample_bytree": 0.3, "model__learning_rate": 0.3, "model__max_depth": 5.857714688029176, "model__n_estimators": 22.186875279116563, "model__reg_lambda": 1.9344625688698494}, "datetime": {"datetime": "2021-03-27 07:19:10", "elapsed": 326.382478, "delta": 2.364419}}
{"target": -1.4188238361445458, "params": {"model__colsample_bylevel": 1.0, "model__colsample_bynode": 1.0, "model__colsample_bytree": 1.0, "model__learning_rate": 0.3, "model__max_depth": 4.603040447202671, "model__n_estimators": 20.201101807474746, "model__reg_lambda": 9.009524241099019}, "datetime": {"datetime": "2021-03-27 07:19:12", "elapsed": 329.053833, "delta": 2.671355}}
{"target": -1.3191488109252318, "params": {"model__colsample_bylevel": 0.9528707072231966, "model__colsample_bynode": 0.3, "model__colsample_bytree": 0.3, "model__learning_rate": 0.3, "model__max_depth": 4.302572367487539, "model__n_estimators": 28.821635636489237, "model__reg_lambda": 0.9358366102818194}, "datetime": {"datetime": "2021-03-27 07:19:14", "elapsed": 331.242817, "delta": 2.188984}}
{"target": -1.387327952688371, "params": {"model__colsample_bylevel": 1.0, "model__colsample_bynode": 0.3, "model__colsample_bytree": 0.3, "model__learning_rate": 0.3, "model__max_depth": 8.0, "model__n_estimators": 16.430939000052263, "model__reg_lambda": 1.4719307516509772}, "datetime": {"datetime": "2021-03-27 07:19:17", "elapsed": 333.328654, "delta": 2.085837}}
{"target": -1.38664509843549, "params": {"model__colsample_bylevel": 1.0, "model__colsample_bynode": 0.3, "model__colsample_bytree": 0.3, "model__learning_rate": 0.3, "model__max_depth": 4.416912730396896, "model__n_estimators": 23.60341237643992, "model__reg_lambda": 6.287158423920935}, "datetime": {"datetime": "2021-03-27 07:19:19", "elapsed": 335.337809, "delta": 2.009155}}
{"target": -1.5225355140108996, "params": {"model__colsample_bylevel": 0.3, "model__colsample_bynode": 0.3, "model__colsample_bytree": 0.3, "model__learning_rate": 0.3, "model__max_depth": 4.7635995334845065, "model__n_estimators": 26.606531305118423, "model__reg_lambda": 10.0}, "datetime": {"datetime": "2021-03-27 07:19:21", "elapsed": 337.431702, "delta": 2.093893}}
{"target": -1.4067937905022847, "params": {"model__colsample_bylevel": 1.0, "model__colsample_bynode": 0.3, "model__colsample_bytree": 1.0, "model__learning_rate": 0.3, "model__max_depth": 5.964092586424757, "model__n_estimators": 16.99412515779432, "model__reg_lambda": 1.7336993350275332}, "datetime": {"datetime": "2021-03-27 07:19:23", "elapsed": 339.387382, "delta": 1.95568}}
{"target": -1.4113767923112366, "params": {"model__colsample_bylevel": 1.0, "model__colsample_bynode": 0.3, "model__colsample_bytree": 1.0, "model__learning_rate": 0.3, "model__max_depth": 2.0, "model__n_estimators": 26.8222807035257, "model__reg_lambda": 10.0}, "datetime": {"datetime": "2021-03-27 07:19:25", "elapsed": 341.717847, "delta": 2.330465}}
{"target": -1.3524033268454714, "params": {"model__colsample_bylevel": 0.3, "model__colsample_bynode": 1.0, "model__colsample_bytree": 0.3, "model__learning_rate": 0.3, "model__max_depth": 8.0, "model__n_estimators": 22.336290154056456, "model__reg_lambda": 1.3174064746020662}, "datetime": {"datetime": "2021-03-27 07:19:27", "elapsed": 343.667695, "delta": 1.949848}}
{"target": -1.3741851823525908, "params": {"model__colsample_bylevel": 0.3, "model__colsample_bynode": 1.0, "model__colsample_bytree": 1.0, "model__learning_rate": 0.3, "model__max_depth": 6.513622756431102, "model__n_estimators": 26.416771909717703, "model__reg_lambda": 5.733021566191054}, "datetime": {"datetime": "2021-03-27 07:19:29", "elapsed": 345.837752, "delta": 2.170057}}
{"target": -1.3543533441826594, "params": {"model__colsample_bylevel": 1.0, "model__colsample_bynode": 0.3, "model__colsample_bytree": 1.0, "model__learning_rate": 0.3, "model__max_depth": 2.0, "model__n_estimators": 27.15925328035688, "model__reg_lambda": 0.0}, "datetime": {"datetime": "2021-03-27 07:19:31", "elapsed": 347.787535, "delta": 1.949783}}
{"target": -1.4299465807883636, "params": {"model__colsample_bylevel": 0.3, "model__colsample_bynode": 1.0, "model__colsample_bytree": 1.0, "model__learning_rate": 0.3, "model__max_depth": 8.0, "model__n_estimators": 19.21155955580159, "model__reg_lambda": 10.0}, "datetime": {"datetime": "2021-03-27 07:19:33", "elapsed": 350.195391, "delta": 2.407856}}
