{"target": -1.5857115721249062, "params": {"model__colsample_bylevel": 0.30726190771998996, "model__colsample_bynode": 0.651312214504117, "model__colsample_bytree": 0.6470413051939022, "model__learning_rate": 0.12676590579185532, "model__max_depth": 2.8526665127272315, "model__n_estimators": 18.278380134391174, "model__reg_lambda": 4.185081805104525}, "datetime": {"datetime": "2021-03-27 07:13:50", "elapsed": 6.478214, "delta": 0.156941}}
{"target": -1.361128354779836, "params": {"model__colsample_bylevel": 0.4736708178894914, "model__colsample_bynode": 0.35884175581574507, "model__colsample_bytree": 0.54184904803528, "model__learning_rate": 0.1333552693064643, "model__max_depth": 7.271354513195954, "model__n_estimators": 29.26446047440075, "model__reg_lambda": 0.38748375832319826}, "datetime": {"datetime": "2021-03-27 07:13:50", "elapsed": 6.70461, "delta": 0.226396}}
{"target": -1.3631523392811091, "params": {"model__colsample_bylevel": 0.7893751739791326, "model__colsample_bynode": 0.7009318708985864, "model__colsample_bytree": 0.9286049827576046, "model__learning_rate": 0.23337979458392732, "model__max_depth": 5.28702669827889, "model__n_estimators": 25.53641136102083, "model__reg_lambda": 3.864771696146654}, "datetime": {"datetime": "2021-03-27 07:13:50", "elapsed": 7.254185, "delta": 0.549575}}
{"target": -1.3245246438640235, "params": {"model__colsample_bylevel": 0.7861070744351207, "model__colsample_bynode": 0.8774093251503836, "model__colsample_bytree": 0.6259679327570861, "model__learning_rate": 0.28810488190533123, "model__max_depth": 6.822438620073907, "model__n_estimators": 29.75038872336499, "model__reg_lambda": 1.696362575837671}, "datetime": {"datetime": "2021-03-27 07:13:51", "elapsed": 7.736317, "delta": 0.482132}}
{"target": -1.4205349907589455, "params": {"model__colsample_bylevel": 0.6647592980218581, "model__colsample_bynode": 0.9618621918833685, "model__colsample_bytree": 0.7546783242123333, "model__learning_rate": 0.2721663846451393, "model__max_depth": 7.825076072541351, "model__n_estimators": 17.78312530401691, "model__reg_lambda": 2.431156753134085}, "datetime": {"datetime": "2021-03-27 07:13:51", "elapsed": 8.136677, "delta": 0.40036}}
{"target": -1.4374233029674792, "params": {"model__colsample_bylevel": 0.9113805901707872, "model__colsample_bynode": 0.9343940938464552, "model__colsample_bytree": 0.8307945907576542, "model__learning_rate": 0.16938039075510394, "model__max_depth": 4.781208283904345, "model__n_estimators": 24.15806611272194, "model__reg_lambda": 4.96281717671187}, "datetime": {"datetime": "2021-03-27 07:13:52", "elapsed": 8.814796, "delta": 0.678119}}
{"target": -1.5069890543224584, "params": {"model__colsample_bylevel": 0.6345818094768427, "model__colsample_bynode": 0.604888825336442, "model__colsample_bytree": 0.9092858074985717, "model__learning_rate": 0.1374717294122843, "model__max_depth": 6.126044559156051, "model__n_estimators": 25.552937607020823, "model__reg_lambda": 9.252000772711074}, "datetime": {"datetime": "2021-03-27 07:13:52", "elapsed": 9.266783, "delta": 0.451987}}
{"target": -1.5237161458834356, "params": {"model__colsample_bylevel": 0.32761837237198693, "model__colsample_bynode": 0.7529816994815779, "model__colsample_bytree": 0.7466377893021694, "model__learning_rate": 0.19233953249413938, "model__max_depth": 2.318356546912358, "model__n_estimators": 15.578563847435374, "model__reg_lambda": 1.6953141420787687}, "datetime": {"datetime": "2021-03-27 07:13:53", "elapsed": 9.397264, "delta": 0.130481}}
{"target": -1.4476239713205807, "params": {"model__colsample_bylevel": 0.8561835208849775, "model__colsample_bynode": 0.4138242325920566, "model__colsample_bytree": 0.3971170898456863, "model__learning_rate": 0.17058339064653638, "model__max_depth": 4.906990730916813, "model__n_estimators": 25.466045776856664, "model__reg_lambda": 8.011564316956859}, "datetime": {"datetime": "2021-03-27 07:13:53", "elapsed": 9.645586, "delta": 0.248322}}
{"target": -1.4610573110211156, "params": {"model__colsample_bylevel": 0.4867420639503589, "model__colsample_bynode": 0.936633346480775, "model__colsample_bytree": 0.3160068649787738, "model__learning_rate": 0.17502455249915477, "model__max_depth": 3.1977999718893484, "model__n_estimators": 20.142078437421155, "model__reg_lambda": 4.441122950440465}, "datetime": {"datetime": "2021-03-27 07:13:53", "elapsed": 9.801314, "delta": 0.155728}}
{"target": -1.4447617518540092, "params": {"model__colsample_bylevel": 0.6486977272532548, "model__colsample_bynode": 0.5900424273597351, "model__colsample_bytree": 0.4499791740194562, "model__learning_rate": 0.14332794254537243, "model__max_depth": 3.3938427634789914, "model__n_estimators": 25.93628430939619, "model__reg_lambda": 4.159186670147922}, "datetime": {"datetime": "2021-03-27 07:13:53", "elapsed": 10.014589, "delta": 0.213275}}
{"target": -1.4468925867472653, "params": {"model__colsample_bylevel": 0.7087287246096596, "model__colsample_bynode": 0.6460356235928947, "model__colsample_bytree": 0.6010327699478305, "model__learning_rate": 0.24695316340723392, "model__max_depth": 5.337298920821893, "model__n_estimators": 19.539459624900097, "model__reg_lambda": 9.70798194813456}, "datetime": {"datetime": "2021-03-27 07:13:54", "elapsed": 10.301376, "delta": 0.286787}}
{"target": -1.5055612529101579, "params": {"model__colsample_bylevel": 0.4573898284863129, "model__colsample_bynode": 0.39713840986827087, "model__colsample_bytree": 0.730452732753553, "model__learning_rate": 0.19838578785694924, "model__max_depth": 3.0989164019193227, "model__n_estimators": 16.639657727470496, "model__reg_lambda": 5.395755249234239}, "datetime": {"datetime": "2021-03-27 07:13:54", "elapsed": 10.449147, "delta": 0.147771}}
{"target": -1.4235279060252335, "params": {"model__colsample_bylevel": 0.5025094970837707, "model__colsample_bynode": 0.37213783629228636, "model__colsample_bytree": 0.6434210837220209, "model__learning_rate": 0.22641833694649102, "model__max_depth": 2.227815301561689, "model__n_estimators": 22.50161880662639, "model__reg_lambda": 0.835434299294453}, "datetime": {"datetime": "2021-03-27 07:13:54", "elapsed": 10.587291, "delta": 0.138144}}
{"target": -1.4319862537247978, "params": {"model__colsample_bylevel": 0.8539227643210632, "model__colsample_bynode": 0.8306252174459399, "model__colsample_bytree": 0.4835912545620663, "model__learning_rate": 0.12017171820904433, "model__max_depth": 7.503156236962601, "model__n_estimators": 22.761903626532458, "model__reg_lambda": 1.3353967592343363}, "datetime": {"datetime": "2021-03-27 07:13:54", "elapsed": 10.996653, "delta": 0.409362}}
{"target": -1.5218066949613285, "params": {"model__colsample_bylevel": 0.3787801798303496, "model__colsample_bynode": 0.8891488038898538, "model__colsample_bytree": 0.682252315571295, "model__learning_rate": 0.1522033166295056, "model__max_depth": 5.4549531069191834, "model__n_estimators": 19.707789101668837, "model__reg_lambda": 7.916231853067416}, "datetime": {"datetime": "2021-03-27 07:13:54", "elapsed": 11.255982, "delta": 0.259329}}
{"target": -1.3851929101188656, "params": {"model__colsample_bylevel": 0.6451635028820711, "model__colsample_bynode": 0.9756107284220326, "model__colsample_bytree": 0.6642183611480073, "model__learning_rate": 0.2806043190994539, "model__max_depth": 3.4988273636139016, "model__n_estimators": 22.822309547759104, "model__reg_lambda": 5.0574568339000425}, "datetime": {"datetime": "2021-03-27 07:13:55", "elapsed": 11.585061, "delta": 0.329079}}
{"target": -1.426441290018999, "params": {"model__colsample_bylevel": 0.8691500365097846, "model__colsample_bynode": 0.35123595486158105, "model__colsample_bytree": 0.8853449005213216, "model__learning_rate": 0.26084712707576596, "model__max_depth": 4.4379276251183954, "model__n_estimators": 15.546768724832507, "model__reg_lambda": 7.672541069525759}, "datetime": {"datetime": "2021-03-27 07:13:55", "elapsed": 11.804588, "delta": 0.219527}}
{"target": -1.4154516290130932, "params": {"model__colsample_bylevel": 0.7752492983214213, "model__colsample_bynode": 0.9432502217801924, "model__colsample_bytree": 0.6921299356114399, "model__learning_rate": 0.2935437919451478, "model__max_depth": 3.850306106454099, "model__n_estimators": 20.083349491730285, "model__reg_lambda": 7.308818114469667}, "datetime": {"datetime": "2021-03-27 07:13:55", "elapsed": 12.206986, "delta": 0.402398}}
{"target": -1.383810590391142, "params": {"model__colsample_bylevel": 0.7909589341540182, "model__colsample_bynode": 0.8077442453063763, "model__colsample_bytree": 0.9257599208468199, "model__learning_rate": 0.24332981747869467, "model__max_depth": 6.092916621028417, "model__n_estimators": 27.646752630781677, "model__reg_lambda": 6.451189984951728}, "datetime": {"datetime": "2021-03-27 07:13:56", "elapsed": 12.887855, "delta": 0.680869}}
{"target": -1.3727979320371388, "params": {"model__colsample_bylevel": 0.511889221690131, "model__colsample_bynode": 0.880146841574702, "model__colsample_bytree": 0.4713036833734444, "model__learning_rate": 0.24075613859849618, "model__max_depth": 5.215329445061823, "model__n_estimators": 20.712142781227694, "model__reg_lambda": 1.7861793515885238}, "datetime": {"datetime": "2021-03-27 07:13:56", "elapsed": 13.134504, "delta": 0.246649}}
{"target": -1.3768657000573434, "params": {"model__colsample_bylevel": 0.9200821231031391, "model__colsample_bynode": 0.35616344543935075, "model__colsample_bytree": 0.8625120529528605, "model__learning_rate": 0.23669407037870885, "model__max_depth": 4.772062647788025, "model__n_estimators": 24.96073964162097, "model__reg_lambda": 2.826662622956666}, "datetime": {"datetime": "2021-03-27 07:13:57", "elapsed": 13.487449, "delta": 0.352945}}
{"target": -1.439419750334776, "params": {"model__colsample_bylevel": 0.9031023424555509, "model__colsample_bynode": 0.4249356891249156, "model__colsample_bytree": 0.7057975471157624, "model__learning_rate": 0.1927268764937271, "model__max_depth": 6.039330960316078, "model__n_estimators": 22.141866816168736, "model__reg_lambda": 9.525111535091707}, "datetime": {"datetime": "2021-03-27 07:13:57", "elapsed": 13.824916, "delta": 0.337467}}
{"target": -1.4235469706302535, "params": {"model__colsample_bylevel": 0.8972803412913453, "model__colsample_bynode": 0.9289549741797964, "model__colsample_bytree": 0.3178983723326505, "model__learning_rate": 0.13128458043568686, "model__max_depth": 4.861388901041763, "model__n_estimators": 26.020827615199973, "model__reg_lambda": 3.5630947732495777}, "datetime": {"datetime": "2021-03-27 07:13:57", "elapsed": 14.165335, "delta": 0.340419}}
{"target": -1.4451309402378787, "params": {"model__colsample_bylevel": 0.6951175428742368, "model__colsample_bynode": 0.3318286487069968, "model__colsample_bytree": 0.7483089139197432, "model__learning_rate": 0.23624127616156612, "model__max_depth": 4.373824850662889, "model__n_estimators": 17.05009515507337, "model__reg_lambda": 4.16457752159582}, "datetime": {"datetime": "2021-03-27 07:13:58", "elapsed": 14.35774, "delta": 0.192405}}
{"target": -1.41988928187841, "params": {"model__colsample_bylevel": 0.816923983909474, "model__colsample_bynode": 0.7090153450298311, "model__colsample_bytree": 0.9184032582594783, "model__learning_rate": 0.21574992226411746, "model__max_depth": 3.0678227617515392, "model__n_estimators": 23.876275396014634, "model__reg_lambda": 0.5387774367636355}, "datetime": {"datetime": "2021-03-27 07:13:58", "elapsed": 14.759467, "delta": 0.401727}}
{"target": -1.499544302055585, "params": {"model__colsample_bylevel": 0.8203891930140093, "model__colsample_bynode": 0.4407263630351047, "model__colsample_bytree": 0.9332727397304375, "model__learning_rate": 0.19471357604823214, "model__max_depth": 4.649919104965563, "model__n_estimators": 17.041195531585494, "model__reg_lambda": 8.076955975507973}, "datetime": {"datetime": "2021-03-27 07:13:58", "elapsed": 15.068205, "delta": 0.308738}}
{"target": -1.4110010481358546, "params": {"model__colsample_bylevel": 0.941920130237188, "model__colsample_bynode": 0.7862119444399247, "model__colsample_bytree": 0.7672811212479322, "model__learning_rate": 0.2413235529719557, "model__max_depth": 6.468881607544759, "model__n_estimators": 25.71892738561766, "model__reg_lambda": 1.4296252407525012}, "datetime": {"datetime": "2021-03-27 07:13:59", "elapsed": 15.63522, "delta": 0.567015}}
{"target": -1.5329726879255494, "params": {"model__colsample_bylevel": 0.7664505634998717, "model__colsample_bynode": 0.9372501752435591, "model__colsample_bytree": 0.3226974712037688, "model__learning_rate": 0.13696287496610304, "model__max_depth": 6.574112506330284, "model__n_estimators": 15.628001246231364, "model__reg_lambda": 2.789864730302046}, "datetime": {"datetime": "2021-03-27 07:13:59", "elapsed": 15.879688, "delta": 0.244468}}
{"target": -1.576552995629069, "params": {"model__colsample_bylevel": 0.9005722896485118, "model__colsample_bynode": 0.5583279975276154, "model__colsample_bytree": 0.9292943127471143, "model__learning_rate": 0.1578195662504995, "model__max_depth": 4.281940885644073, "model__n_estimators": 16.640600890305116, "model__reg_lambda": 8.146246111896012}, "datetime": {"datetime": "2021-03-27 07:13:59", "elapsed": 16.212137, "delta": 0.332449}}
{"target": -1.476396286719735, "params": {"model__colsample_bylevel": 0.9534398095322711, "model__colsample_bynode": 0.42817503247553923, "model__colsample_bytree": 0.5178389967922328, "model__learning_rate": 0.2349408086546986, "model__max_depth": 2.4746062530577846, "model__n_estimators": 15.490859914517099, "model__reg_lambda": 3.2657561880327557}, "datetime": {"datetime": "2021-03-27 07:14:00", "elapsed": 16.340761, "delta": 0.128624}}
{"target": -1.447446633408359, "params": {"model__colsample_bylevel": 0.5706285360217014, "model__colsample_bynode": 0.6842771415696982, "model__colsample_bytree": 0.6870518207102555, "model__learning_rate": 0.16602543474194267, "model__max_depth": 4.553906607318516, "model__n_estimators": 18.777852885612205, "model__reg_lambda": 2.0263513230551347}, "datetime": {"datetime": "2021-03-27 07:14:00", "elapsed": 16.616613, "delta": 0.275852}}
{"target": -1.3809096698149825, "params": {"model__colsample_bylevel": 0.8442678591461368, "model__colsample_bynode": 0.3977149946980818, "model__colsample_bytree": 0.6158425941754111, "model__learning_rate": 0.1245045248421828, "model__max_depth": 6.897715409068526, "model__n_estimators": 27.65234893164894, "model__reg_lambda": 1.1477505735172433}, "datetime": {"datetime": "2021-03-27 07:14:00", "elapsed": 16.957721, "delta": 0.341108}}
{"target": -1.4140442846207946, "params": {"model__colsample_bylevel": 0.8046871964072875, "model__colsample_bynode": 0.9463208373893632, "model__colsample_bytree": 0.5702216525068842, "model__learning_rate": 0.25542256115422385, "model__max_depth": 7.543314227663024, "model__n_estimators": 15.074271146872483, "model__reg_lambda": 2.7258381373747875}, "datetime": {"datetime": "2021-03-27 07:14:01", "elapsed": 17.301476, "delta": 0.343755}}
{"target": -1.7024419834864315, "params": {"model__colsample_bylevel": 0.325563385911891, "model__colsample_bynode": 0.4394342284138872, "model__colsample_bytree": 0.3078454924320954, "model__learning_rate": 0.10977990666788635, "model__max_depth": 5.896055639118223, "model__n_estimators": 19.33085301818661, "model__reg_lambda": 8.44410233607059}, "datetime": {"datetime": "2021-03-27 07:14:01", "elapsed": 17.434751, "delta": 0.133275}}
{"target": -1.3514703496548255, "params": {"model__colsample_bylevel": 0.5333078077907257, "model__colsample_bynode": 0.9449148964303926, "model__colsample_bytree": 0.39197068792833056, "model__learning_rate": 0.2098009976534188, "model__max_depth": 3.7666070082368948, "model__n_estimators": 27.09229802758709, "model__reg_lambda": 3.376766038812906}, "datetime": {"datetime": "2021-03-27 07:14:01", "elapsed": 17.704093, "delta": 0.269342}}
{"target": -1.4395520263014063, "params": {"model__colsample_bylevel": 0.38472058045866103, "model__colsample_bynode": 0.6189182754661343, "model__colsample_bytree": 0.47491716651278293, "model__learning_rate": 0.24904662090967875, "model__max_depth": 6.41552028192452, "model__n_estimators": 15.15307284998927, "model__reg_lambda": 0.029919695529196932}, "datetime": {"datetime": "2021-03-27 07:14:01", "elapsed": 17.854869, "delta": 0.150776}}
{"target": -1.3833369897948444, "params": {"model__colsample_bylevel": 0.9426044924017256, "model__colsample_bynode": 0.5260125425777793, "model__colsample_bytree": 0.5074653319167783, "model__learning_rate": 0.15418522802672452, "model__max_depth": 3.474343666196627, "model__n_estimators": 26.630539663467353, "model__reg_lambda": 2.632384799456182}, "datetime": {"datetime": "2021-03-27 07:14:01", "elapsed": 18.123054, "delta": 0.268185}}
{"target": -1.4107483295723795, "params": {"model__colsample_bylevel": 0.8032909797610204, "model__colsample_bynode": 0.7713021432027297, "model__colsample_bytree": 0.6853736563856032, "model__learning_rate": 0.23655460523720243, "model__max_depth": 3.0441975506001606, "model__n_estimators": 21.967771044500967, "model__reg_lambda": 4.939589109277965}, "datetime": {"datetime": "2021-03-27 07:14:02", "elapsed": 18.435119, "delta": 0.312065}}
{"target": -1.4361281912989807, "params": {"model__colsample_bylevel": 0.3191878877624776, "model__colsample_bynode": 0.4527668367686508, "model__colsample_bytree": 0.9533861738476699, "model__learning_rate": 0.23172885748318614, "model__max_depth": 7.871974941466348, "model__n_estimators": 20.539710627919593, "model__reg_lambda": 7.6239037960184355}, "datetime": {"datetime": "2021-03-27 07:14:02", "elapsed": 18.664992, "delta": 0.229873}}
{"target": -1.4882433378933995, "params": {"model__colsample_bylevel": 0.7197656118669662, "model__colsample_bynode": 0.7214646750503465, "model__colsample_bytree": 0.37931534877147977, "model__learning_rate": 0.14444015703665763, "model__max_depth": 2.433575141809544, "model__n_estimators": 22.57954207818872, "model__reg_lambda": 3.4509917372173025}, "datetime": {"datetime": "2021-03-27 07:14:02", "elapsed": 18.827951, "delta": 0.162959}}
{"target": -1.3758124297376777, "params": {"model__colsample_bylevel": 0.43770438267170664, "model__colsample_bynode": 0.562288016838024, "model__colsample_bytree": 0.6684847059501842, "model__learning_rate": 0.24216538663414655, "model__max_depth": 5.53982800385271, "model__n_estimators": 24.586364893849456, "model__reg_lambda": 6.03761911116279}, "datetime": {"datetime": "2021-03-27 07:14:02", "elapsed": 19.093674, "delta": 0.265723}}
{"target": -1.3334712070723376, "params": {"model__colsample_bylevel": 0.5615024327662378, "model__colsample_bynode": 0.5278880157630303, "model__colsample_bytree": 0.6927994632423486, "model__learning_rate": 0.2499326997232081, "model__max_depth": 7.515144966264312, "model__n_estimators": 27.41503748405572, "model__reg_lambda": 5.537273620404508}, "datetime": {"datetime": "2021-03-27 07:14:03", "elapsed": 19.424809, "delta": 0.331135}}
{"target": -1.4035698874057203, "params": {"model__colsample_bylevel": 0.8773753442334304, "model__colsample_bynode": 0.3197624374107063, "model__colsample_bytree": 0.8582648079772404, "model__learning_rate": 0.1398977410305498, "model__max_depth": 6.115045756510598, "model__n_estimators": 27.377846347953547, "model__reg_lambda": 3.1496308071503187}, "datetime": {"datetime": "2021-03-27 07:14:03", "elapsed": 19.802145, "delta": 0.377336}}
{"target": -1.403025837180515, "params": {"model__colsample_bylevel": 0.5798231824380045, "model__colsample_bynode": 0.9899122285696411, "model__colsample_bytree": 0.4774952834387126, "model__learning_rate": 0.25106786479472265, "model__max_depth": 4.436357453829759, "model__n_estimators": 19.72844903945682, "model__reg_lambda": 7.705159221072094}, "datetime": {"datetime": "2021-03-27 07:14:03", "elapsed": 20.059195, "delta": 0.25705}}
{"target": -1.4014397376608374, "params": {"model__colsample_bylevel": 0.6149024037576569, "model__colsample_bynode": 0.7970601762740899, "model__colsample_bytree": 0.4555403075808654, "model__learning_rate": 0.26476738246878556, "model__max_depth": 6.3006447069266285, "model__n_estimators": 22.48861984031197, "model__reg_lambda": 7.91551010046181}, "datetime": {"datetime": "2021-03-27 07:14:04", "elapsed": 20.346837, "delta": 0.287642}}
{"target": -1.3529775888254136, "params": {"model__colsample_bylevel": 0.9437937215686736, "model__colsample_bynode": 0.8511722448868555, "model__colsample_bytree": 0.5084857837350747, "model__learning_rate": 0.24346701302396254, "model__max_depth": 5.690340786662006, "model__n_estimators": 27.619845335231588, "model__reg_lambda": 4.0456797253845265}, "datetime": {"datetime": "2021-03-27 07:14:04", "elapsed": 20.841682, "delta": 0.494845}}
{"target": -1.326975249674549, "params": {"model__colsample_bylevel": 0.6173529449301774, "model__colsample_bynode": 0.3656352091501882, "model__colsample_bytree": 0.45305055880659917, "model__learning_rate": 0.20586849821836273, "model__max_depth": 5.173197962934258, "model__n_estimators": 25.696146745858105, "model__reg_lambda": 2.863925264426952}, "datetime": {"datetime": "2021-03-27 07:14:04", "elapsed": 21.048717, "delta": 0.207035}}
{"target": -1.5587302500463054, "params": {"model__colsample_bylevel": 0.3812502817792496, "model__colsample_bynode": 0.43107613084910207, "model__colsample_bytree": 0.6036033759584388, "model__learning_rate": 0.13710847453713484, "model__max_depth": 2.7407946095138094, "model__n_estimators": 25.875381462387566, "model__reg_lambda": 9.101677556132595}, "datetime": {"datetime": "2021-03-27 07:14:04", "elapsed": 21.215577, "delta": 0.16686}}
