{"target": -1.4335788904108862, "params": {"model__colsample_bylevel": 0.3426383940311504, "model__colsample_bynode": 0.3292770968669983, "model__colsample_bytree": 0.49999974247633633, "model__learning_rate": 0.21592871225493404, "model__max_depth": 7.629568478689846, "model__n_estimators": 23.72527860523467, "model__reg_lambda": 6.7998375849329875}, "datetime": {"datetime": "2021-03-27 07:14:05", "elapsed": 21.391291, "delta": 0.175714}}
{"target": -1.4767872715503843, "params": {"model__colsample_bylevel": 1.0, "model__colsample_bynode": 1.0, "model__colsample_bytree": 1.0, "model__learning_rate": 0.3, "model__max_depth": 8.0, "model__n_estimators": 15.0, "model__reg_lambda": 10.0}, "datetime": {"datetime": "2021-03-27 07:14:06", "elapsed": 22.698152, "delta": 1.306861}}
{"target": -1.3644372031875496, "params": {"model__colsample_bylevel": 1.0, "model__colsample_bynode": 0.3, "model__colsample_bytree": 0.3, "model__learning_rate": 0.3, "model__max_depth": 8.0, "model__n_estimators": 30.0, "model__reg_lambda": 10.0}, "datetime": {"datetime": "2021-03-27 07:14:07", "elapsed": 23.561663, "delta": 0.863511}}
{"target": -1.4371396169228399, "params": {"model__colsample_bylevel": 1.0, "model__colsample_bynode": 0.3, "model__colsample_bytree": 0.3, "model__learning_rate": 0.3, "model__max_depth": 2.0, "model__n_estimators": 30.0, "model__reg_lambda": 10.0}, "datetime": {"datetime": "2021-03-27 07:14:08", "elapsed": 24.395904, "delta": 0.834241}}
{"target": -1.4563396488059905, "params": {"model__colsample_bylevel": 0.3, "model__colsample_bynode": 0.3, "model__colsample_bytree": 1.0, "model__learning_rate": 0.3, "model__max_depth": 8.0, "model__n_estimators": 15.0, "model__reg_lambda": 6.158044262259447}, "datetime": {"datetime": "2021-03-27 07:14:08", "elapsed": 25.180909, "delta": 0.785005}}
{"target": -1.4103409241925438, "params": {"model__colsample_bylevel": 1.0, "model__colsample_bynode": 1.0, "model__colsample_bytree": 1.0, "model__learning_rate": 0.3, "model__max_depth": 8.0, "model__n_estimators": 21.126247629630022, "model__reg_lambda": 4.838935458818081}, "datetime": {"datetime": "2021-03-27 07:14:10", "elapsed": 26.654947, "delta": 1.474038}}
{"target": -1.4052506079667828, "params": {"model__colsample_bylevel": 1.0, "model__colsample_bynode": 0.3, "model__colsample_bytree": 0.3, "model__learning_rate": 0.3, "model__max_depth": 8.0, "model__n_estimators": 18.628534134181574, "model__reg_lambda": 0.0}, "datetime": {"datetime": "2021-03-27 07:14:11", "elapsed": 27.551104, "delta": 0.896157}}
{"target": -1.4739201702123534, "params": {"model__colsample_bylevel": 0.3, "model__colsample_bynode": 0.3, "model__colsample_bytree": 0.3, "model__learning_rate": 0.3, "model__max_depth": 6.281490128503595, "model__n_estimators": 30.0, "model__reg_lambda": 6.685755673944739}, "datetime": {"datetime": "2021-03-27 07:14:12", "elapsed": 28.466092, "delta": 0.914988}}
{"target": -1.4192231834042763, "params": {"model__colsample_bylevel": 1.0, "model__colsample_bynode": 0.3, "model__colsample_bytree": 0.3, "model__learning_rate": 0.3, "model__max_depth": 2.0, "model__n_estimators": 30.0, "model__reg_lambda": 6.410847702352502}, "datetime": {"datetime": "2021-03-27 07:14:13", "elapsed": 29.329243, "delta": 0.863151}}
{"target": -1.5208796119884302, "params": {"model__colsample_bylevel": 0.3, "model__colsample_bynode": 1.0, "model__colsample_bytree": 0.3, "model__learning_rate": 0.3, "model__max_depth": 2.0, "model__n_estimators": 21.276175663590543, "model__reg_lambda": 10.0}, "datetime": {"datetime": "2021-03-27 07:14:14", "elapsed": 30.292009, "delta": 0.962766}}
{"target": -1.4187316066598978, "params": {"model__colsample_bylevel": 1.0, "model__colsample_bynode": 1.0, "model__colsample_bytree": 1.0, "model__learning_rate": 0.3, "model__max_depth": 8.0, "model__n_estimators": 21.580410962429802, "model__reg_lambda": 10.0}, "datetime": {"datetime": "2021-03-27 07:14:15", "elapsed": 31.884228, "delta": 1.592219}}
{"target": -1.4466478513553738, "params": {"model__colsample_bylevel": 1.0, "model__colsample_bynode": 0.3, "model__colsample_bytree": 0.3, "model__learning_rate": 0.3, "model__max_depth": 2.0, "model__n_estimators": 17.960472056008218, "model__reg_lambda": 0.0}, "datetime": {"datetime": "2021-03-27 07:14:16", "elapsed": 32.842548, "delta": 0.95832}}
{"target": -1.3771151796928134, "params": {"model__colsample_bylevel": 0.31192759245806134, "model__colsample_bynode": 0.5670017024980671, "model__colsample_bytree": 0.692028535027577, "model__learning_rate": 0.24450049272111882, "model__max_depth": 5.604866697140458, "model__n_estimators": 29.820086224425026, "model__reg_lambda": 9.995814706487424}, "datetime": {"datetime": "2021-03-27 07:14:17", "elapsed": 33.756936, "delta": 0.914388}}
{"target": -1.4417177656611453, "params": {"model__colsample_bylevel": 1.0, "model__colsample_bynode": 1.0, "model__colsample_bytree": 1.0, "model__learning_rate": 0.3, "model__max_depth": 5.378525172843414, "model__n_estimators": 15.0, "model__reg_lambda": 5.7356446684704965}, "datetime": {"datetime": "2021-03-27 07:14:18", "elapsed": 35.274153, "delta": 1.517217}}
{"target": -1.3954204774616907, "params": {"model__colsample_bylevel": 1.0, "model__colsample_bynode": 1.0, "model__colsample_bytree": 1.0, "model__learning_rate": 0.3, "model__max_depth": 8.0, "model__n_estimators": 30.0, "model__reg_lambda": 5.973883502639707}, "datetime": {"datetime": "2021-03-27 07:14:21", "elapsed": 37.281585, "delta": 2.007432}}
{"target": -1.5207185172300408, "params": {"model__colsample_bylevel": 0.3, "model__colsample_bynode": 0.3, "model__colsample_bytree": 0.3, "model__learning_rate": 0.3, "model__max_depth": 5.180467596391697, "model__n_estimators": 21.98143434163194, "model__reg_lambda": 4.015930699532703}, "datetime": {"datetime": "2021-03-27 07:14:22", "elapsed": 38.911226, "delta": 1.629641}}
{"target": -1.4783836814834723, "params": {"model__colsample_bylevel": 1.0, "model__colsample_bynode": 1.0, "model__colsample_bytree": 1.0, "model__learning_rate": 0.3, "model__max_depth": 5.627438638156357, "model__n_estimators": 19.680146084777014, "model__reg_lambda": 0.0}, "datetime": {"datetime": "2021-03-27 07:14:24", "elapsed": 40.859753, "delta": 1.948527}}
{"target": -1.646898567546969, "params": {"model__colsample_bylevel": 0.3, "model__colsample_bynode": 0.3, "model__colsample_bytree": 0.3, "model__learning_rate": 0.3, "model__max_depth": 2.0, "model__n_estimators": 15.0, "model__reg_lambda": 0.0}, "datetime": {"datetime": "2021-03-27 07:14:26", "elapsed": 42.434724, "delta": 1.574971}}
{"target": -1.4226817631527133, "params": {"model__colsample_bylevel": 0.9750584547480108, "model__colsample_bynode": 0.7454321164716893, "model__colsample_bytree": 0.9429810473297153, "model__learning_rate": 0.2264112330350179, "model__max_depth": 7.867737593335921, "model__n_estimators": 15.449480447811121, "model__reg_lambda": 0.36720494428442496}, "datetime": {"datetime": "2021-03-27 07:14:27", "elapsed": 44.011168, "delta": 1.576444}}
{"target": -1.5099041292848794, "params": {"model__colsample_bylevel": 0.3, "model__colsample_bynode": 0.3, "model__colsample_bytree": 1.0, "model__learning_rate": 0.3, "model__max_depth": 5.489916897349589, "model__n_estimators": 15.0, "model__reg_lambda": 10.0}, "datetime": {"datetime": "2021-03-27 07:14:29", "elapsed": 45.503618, "delta": 1.49245}}
{"target": -1.4062990445873118, "params": {"model__colsample_bylevel": 1.0, "model__colsample_bynode": 1.0, "model__colsample_bytree": 1.0, "model__learning_rate": 0.3, "model__max_depth": 8.0, "model__n_estimators": 25.2455067585567, "model__reg_lambda": 5.633957924510581}, "datetime": {"datetime": "2021-03-27 07:14:31", "elapsed": 47.667788, "delta": 2.16417}}
{"target": -1.4295631536282598, "params": {"model__colsample_bylevel": 1.0, "model__colsample_bynode": 1.0, "model__colsample_bytree": 1.0, "model__learning_rate": 0.3, "model__max_depth": 4.093932414785466, "model__n_estimators": 22.317224016591247, "model__reg_lambda": 10.0}, "datetime": {"datetime": "2021-03-27 07:14:33", "elapsed": 49.767246, "delta": 2.099458}}
{"target": -1.3954880472556082, "params": {"model__colsample_bylevel": 1.0, "model__colsample_bynode": 1.0, "model__colsample_bytree": 0.3, "model__learning_rate": 0.3, "model__max_depth": 2.0, "model__n_estimators": 20.683856345022438, "model__reg_lambda": 0.0}, "datetime": {"datetime": "2021-03-27 07:14:35", "elapsed": 51.460163, "delta": 1.692917}}
{"target": -1.343743113425655, "params": {"model__colsample_bylevel": 1.0, "model__colsample_bynode": 1.0, "model__colsample_bytree": 0.3, "model__learning_rate": 0.3, "model__max_depth": 4.428572838305804, "model__n_estimators": 28.530166447261756, "model__reg_lambda": 10.0}, "datetime": {"datetime": "2021-03-27 07:14:36", "elapsed": 53.233987, "delta": 1.773824}}
{"target": -1.419536225605702, "params": {"model__colsample_bylevel": 0.3, "model__colsample_bynode": 0.3, "model__colsample_bytree": 1.0, "model__learning_rate": 0.3, "model__max_depth": 8.0, "model__n_estimators": 15.0, "model__reg_lambda": 1.7839126022598821}, "datetime": {"datetime": "2021-03-27 07:14:38", "elapsed": 54.608023, "delta": 1.374036}}
{"target": -1.3707613861350263, "params": {"model__colsample_bylevel": 0.3, "model__colsample_bynode": 1.0, "model__colsample_bytree": 0.3, "model__learning_rate": 0.3, "model__max_depth": 8.0, "model__n_estimators": 27.935569363185866, "model__reg_lambda": 10.0}, "datetime": {"datetime": "2021-03-27 07:14:40", "elapsed": 56.401476, "delta": 1.793453}}
{"target": -1.369096159775728, "params": {"model__colsample_bylevel": 0.3363745636100953, "model__colsample_bynode": 0.3256810117389656, "model__colsample_bytree": 0.43872944399695973, "model__learning_rate": 0.29335075301948227, "model__max_depth": 4.556405993180177, "model__n_estimators": 27.589302636562103, "model__reg_lambda": 5.537556282128816}, "datetime": {"datetime": "2021-03-27 07:14:41", "elapsed": 57.98834, "delta": 1.586864}}
{"target": -1.4163165657268162, "params": {"model__colsample_bylevel": 1.0, "model__colsample_bynode": 1.0, "model__colsample_bytree": 1.0, "model__learning_rate": 0.3, "model__max_depth": 8.0, "model__n_estimators": 17.97677924756291, "model__reg_lambda": 6.308421570241184}, "datetime": {"datetime": "2021-03-27 07:14:43", "elapsed": 60.126292, "delta": 2.137952}}
{"target": -1.3980735039324972, "params": {"model__colsample_bylevel": 1.0, "model__colsample_bynode": 1.0, "model__colsample_bytree": 1.0, "model__learning_rate": 0.3, "model__max_depth": 8.0, "model__n_estimators": 30.0, "model__reg_lambda": 10.0}, "datetime": {"datetime": "2021-03-27 07:14:46", "elapsed": 62.635067, "delta": 2.508775}}
{"target": -1.3432115084559157, "params": {"model__colsample_bylevel": 1.0, "model__colsample_bynode": 1.0, "model__colsample_bytree": 0.3, "model__learning_rate": 0.3, "model__max_depth": 4.0189929033220535, "model__n_estimators": 30.0, "model__reg_lambda": 8.677995768356013}, "datetime": {"datetime": "2021-03-27 07:14:48", "elapsed": 64.453032, "delta": 1.817965}}
{"target": -1.3807236791871813, "params": {"model__colsample_bylevel": 1.0, "model__colsample_bynode": 0.3, "model__colsample_bytree": 1.0, "model__learning_rate": 0.3, "model__max_depth": 8.0, "model__n_estimators": 27.734832097968052, "model__reg_lambda": 10.0}, "datetime": {"datetime": "2021-03-27 07:14:49", "elapsed": 66.242628, "delta": 1.789596}}
{"target": -1.4291287474185768, "params": {"model__colsample_bylevel": 1.0, "model__colsample_bynode": 0.3, "model__colsample_bytree": 0.3, "model__learning_rate": 0.3, "model__max_depth": 8.0, "model__n_estimators": 15.0, "model__reg_lambda": 0.0}, "datetime": {"datetime": "2021-03-27 07:14:51", "elapsed": 67.720989, "delta": 1.478361}}
{"target": -1.3440475135636718, "params": {"model__colsample_bylevel": 1.0, "model__colsample_bynode": 1.0, "model__colsample_bytree": 0.3, "model__learning_rate": 0.3, "model__max_depth": 8.0, "model__n_estimators": 28.126592514338444, "model__reg_lambda": 7.65873349194806}, "datetime": {"datetime": "2021-03-27 07:14:53", "elapsed": 69.446973, "delta": 1.725984}}
{"target": -1.39008077311505, "params": {"model__colsample_bylevel": 1.0, "model__colsample_bynode": 0.3, "model__colsample_bytree": 1.0, "model__learning_rate": 0.3, "model__max_depth": 8.0, "model__n_estimators": 21.97859533139515, "model__reg_lambda": 7.670285370467878}, "datetime": {"datetime": "2021-03-27 07:14:54", "elapsed": 71.20263, "delta": 1.755657}}
{"target": -1.402575882549897, "params": {"model__colsample_bylevel": 0.3, "model__colsample_bynode": 1.0, "model__colsample_bytree": 0.3, "model__learning_rate": 0.3, "model__max_depth": 8.0, "model__n_estimators": 20.289124252300436, "model__reg_lambda": 0.0}, "datetime": {"datetime": "2021-03-27 07:14:56", "elapsed": 72.676871, "delta": 1.474241}}
{"target": -1.4177124644683645, "params": {"model__colsample_bylevel": 1.0, "model__colsample_bynode": 0.3, "model__colsample_bytree": 1.0, "model__learning_rate": 0.3, "model__max_depth": 4.668637659615387, "model__n_estimators": 15.0, "model__reg_lambda": 1.3291202394476167}, "datetime": {"datetime": "2021-03-27 07:14:58", "elapsed": 74.441278, "delta": 1.764407}}
{"target": -1.5265353481730688, "params": {"model__colsample_bylevel": 0.3, "model__colsample_bynode": 0.3, "model__colsample_bytree": 0.3, "model__learning_rate": 0.3, "model__max_depth": 2.0, "model__n_estimators": 26.70946322109374, "model__reg_lambda": 1.6212062974817965}, "datetime": {"datetime": "2021-03-27 07:14:59", "elapsed": 75.99007, "delta": 1.548792}}
{"target": -1.335857257415689, "params": {"model__colsample_bylevel": 0.3, "model__colsample_bynode": 1.0, "model__colsample_bytree": 0.3, "model__learning_rate": 0.3, "model__max_depth": 8.0, "model__n_estimators": 24.25695598145376, "model__reg_lambda": 3.2223746092125314}, "datetime": {"datetime": "2021-03-27 07:15:01", "elapsed": 77.594444, "delta": 1.604374}}
{"target": -1.4858378889039157, "params": {"model__colsample_bylevel": 0.3, "model__colsample_bynode": 0.3, "model__colsample_bytree": 0.3, "model__learning_rate": 0.3, "model__max_depth": 3.8855698318894385, "model__n_estimators": 20.283607854086622, "model__reg_lambda": 0.0}, "datetime": {"datetime": "2021-03-27 07:15:02", "elapsed": 78.946838, "delta": 1.352394}}
{"target": -1.4443669838533886, "params": {"model__colsample_bylevel": 0.36623849448264517, "model__colsample_bynode": 0.9406907733259293, "model__colsample_bytree": 0.9958860484440508, "model__learning_rate": 0.2365819803955083, "model__max_depth": 2.205795619555655, "model__n_estimators": 29.05720965953946, "model__reg_lambda": 9.940234086810309}, "datetime": {"datetime": "2021-03-27 07:15:04", "elapsed": 80.654796, "delta": 1.707958}}
{"target": -1.3309034838246694, "params": {"model__colsample_bylevel": 1.0, "model__colsample_bynode": 0.3, "model__colsample_bytree": 0.3, "model__learning_rate": 0.3, "model__max_depth": 3.885911343159934, "model__n_estimators": 30.0, "model__reg_lambda": 4.454963470678538}, "datetime": {"datetime": "2021-03-27 07:15:06", "elapsed": 82.54449, "delta": 1.889694}}
{"target": -1.6414824721713859, "params": {"model__colsample_bylevel": 0.3, "model__colsample_bynode": 0.3, "model__colsample_bytree": 0.3, "model__learning_rate": 0.3, "model__max_depth": 4.2337406270145825, "model__n_estimators": 15.0, "model__reg_lambda": 5.817896886693756}, "datetime": {"datetime": "2021-03-27 07:15:07", "elapsed": 84.134164, "delta": 1.589674}}
{"target": -1.475918266468722, "params": {"model__colsample_bylevel": 1.0, "model__colsample_bynode": 0.3, "model__colsample_bytree": 1.0, "model__learning_rate": 0.3, "model__max_depth": 6.709109328253722, "model__n_estimators": 15.0, "model__reg_lambda": 8.01767746058674}, "datetime": {"datetime": "2021-03-27 07:15:09", "elapsed": 86.004089, "delta": 1.869925}}
{"target": -1.3359828165435381, "params": {"model__colsample_bylevel": 1.0, "model__colsample_bynode": 0.3, "model__colsample_bytree": 0.3, "model__learning_rate": 0.3, "model__max_depth": 8.0, "model__n_estimators": 28.812753773593037, "model__reg_lambda": 4.645341902775485}, "datetime": {"datetime": "2021-03-27 07:15:11", "elapsed": 87.634755, "delta": 1.630666}}
{"target": -1.422543300291442, "params": {"model__colsample_bylevel": 0.3, "model__colsample_bynode": 1.0, "model__colsample_bytree": 0.3, "model__learning_rate": 0.3, "model__max_depth": 4.692907596192455, "model__n_estimators": 21.42964832531145, "model__reg_lambda": 10.0}, "datetime": {"datetime": "2021-03-27 07:15:12", "elapsed": 89.056798, "delta": 1.422043}}
{"target": -1.4246764510492054, "params": {"model__colsample_bylevel": 1.0, "model__colsample_bynode": 1.0, "model__colsample_bytree": 1.0, "model__learning_rate": 0.3, "model__max_depth": 5.089912640361097, "model__n_estimators": 18.470766551284285, "model__reg_lambda": 5.456404120138635}, "datetime": {"datetime": "2021-03-27 07:15:15", "elapsed": 91.542689, "delta": 2.485891}}
{"target": -1.4824160553312498, "params": {"model__colsample_bylevel": 1.0, "model__colsample_bynode": 1.0, "model__colsample_bytree": 1.0, "model__learning_rate": 0.1, "model__max_depth": 8.0, "model__n_estimators": 30.0, "model__reg_lambda": 0.0}, "datetime": {"datetime": "2021-03-27 07:15:18", "elapsed": 94.514245, "delta": 2.971556}}
{"target": -1.4038610371686788, "params": {"model__colsample_bylevel": 1.0, "model__colsample_bynode": 1.0, "model__colsample_bytree": 0.3, "model__learning_rate": 0.3, "model__max_depth": 4.295292987230456, "model__n_estimators": 16.73915796514675, "model__reg_lambda": 0.0}, "datetime": {"datetime": "2021-03-27 07:15:19", "elapsed": 96.212192, "delta": 1.697947}}
{"target": -1.4465247174266023, "params": {"model__colsample_bylevel": 1.0, "model__colsample_bynode": 0.3, "model__colsample_bytree": 1.0, "model__learning_rate": 0.3, "model__max_depth": 8.0, "model__n_estimators": 15.0, "model__reg_lambda": 4.151979904801998}, "datetime": {"datetime": "2021-03-27 07:15:21", "elapsed": 97.990992, "delta": 1.7788}}
{"target": -1.4358170780150785, "params": {"model__colsample_bylevel": 1.0, "model__colsample_bynode": 0.3, "model__colsample_bytree": 1.0, "model__learning_rate": 0.3, "model__max_depth": 8.0, "model__n_estimators": 17.838659304225647, "model__reg_lambda": 10.0}, "datetime": {"datetime": "2021-03-27 07:15:23", "elapsed": 99.830127, "delta": 1.839135}}
{"target": -1.4115430720960314, "params": {"model__colsample_bylevel": 0.3, "model__colsample_bynode": 1.0, "model__colsample_bytree": 0.3, "model__learning_rate": 0.3, "model__max_depth": 8.0, "model__n_estimators": 16.91618779133325, "model__reg_lambda": 0.0}, "datetime": {"datetime": "2021-03-27 07:15:25", "elapsed": 101.322625, "delta": 1.492498}}
{"target": -1.4329098558836226, "params": {"model__colsample_bylevel": 1.0, "model__colsample_bynode": 1.0, "model__colsample_bytree": 1.0, "model__learning_rate": 0.3, "model__max_depth": 2.0, "model__n_estimators": 27.308813996697946, "model__reg_lambda": 6.93324360982723}, "datetime": {"datetime": "2021-03-27 07:15:26", "elapsed": 103.243809, "delta": 1.921184}}
{"target": -1.4292325708097307, "params": {"model__colsample_bylevel": 1.0, "model__colsample_bynode": 1.0, "model__colsample_bytree": 1.0, "model__learning_rate": 0.3, "model__max_depth": 2.0, "model__n_estimators": 19.714891268228097, "model__reg_lambda": 2.0854254671521226}, "datetime": {"datetime": "2021-03-27 07:15:28", "elapsed": 105.275597, "delta": 2.031788}}
{"target": -1.4042494693177119, "params": {"model__colsample_bylevel": 1.0, "model__colsample_bynode": 1.0, "model__colsample_bytree": 1.0, "model__learning_rate": 0.3, "model__max_depth": 3.9141739882965325, "model__n_estimators": 30.0, "model__reg_lambda": 10.0}, "datetime": {"datetime": "2021-03-27 07:15:31", "elapsed": 107.582707, "delta": 2.30711}}
{"target": -1.3821615285604545, "params": {"model__colsample_bylevel": 1.0, "model__colsample_bynode": 0.3, "model__colsample_bytree": 0.3, "model__learning_rate": 0.3, "model__max_depth": 2.0, "model__n_estimators": 24.231475118599576, "model__reg_lambda": 0.0}, "datetime": {"datetime": "2021-03-27 07:15:32", "elapsed": 109.076529, "delta": 1.493822}}
{"target": -1.461511125885274, "params": {"model__colsample_bylevel": 0.3, "model__colsample_bynode": 0.3, "model__colsample_bytree": 1.0, "model__learning_rate": 0.3, "model__max_depth": 3.7204411432419344, "model__n_estimators": 19.8483438904515, "model__reg_lambda": 10.0}, "datetime": {"datetime": "2021-03-27 07:15:34", "elapsed": 110.798766, "delta": 1.722237}}
{"target": -1.4111393810830255, "params": {"model__colsample_bylevel": 1.0, "model__colsample_bynode": 1.0, "model__colsample_bytree": 0.3, "model__learning_rate": 0.3, "model__max_depth": 2.0, "model__n_estimators": 23.05674307957299, "model__reg_lambda": 6.92867933170117}, "datetime": {"datetime": "2021-03-27 07:15:36", "elapsed": 112.378004, "delta": 1.579238}}
{"target": -1.3933345015619651, "params": {"model__colsample_bylevel": 0.3, "model__colsample_bynode": 0.3, "model__colsample_bytree": 1.0, "model__learning_rate": 0.3, "model__max_depth": 8.0, "model__n_estimators": 20.597573701860927, "model__reg_lambda": 2.037945322125667}, "datetime": {"datetime": "2021-03-27 07:15:37", "elapsed": 114.09354, "delta": 1.715536}}
{"target": -1.3477656427446916, "params": {"model__colsample_bylevel": 1.0, "model__colsample_bynode": 1.0, "model__colsample_bytree": 0.3, "model__learning_rate": 0.3, "model__max_depth": 3.637359287739883, "model__n_estimators": 20.94450589955797, "model__reg_lambda": 1.8620679525781123}, "datetime": {"datetime": "2021-03-27 07:15:39", "elapsed": 115.938288, "delta": 1.844748}}
