{"target": -1.3758366868426293, "params": {"model__colsample_bylevel": 1.0, "model__colsample_bynode": 1.0, "model__colsample_bytree": 0.3, "model__learning_rate": 0.3, "model__max_depth": 8.0, "model__n_estimators": 20.351717984913073, "model__reg_lambda": 1.9749199103424737}, "datetime": {"datetime": "2021-03-27 07:15:41", "elapsed": 117.913839, "delta": 1.975551}}
{"target": -1.4891786294570868, "params": {"model__colsample_bylevel": 1.0, "model__colsample_bynode": 0.3, "model__colsample_bytree": 1.0, "model__learning_rate": 0.3, "model__max_depth": 2.0, "model__n_estimators": 15.0, "model__reg_lambda": 5.973376420900231}, "datetime": {"datetime": "2021-03-27 07:15:43", "elapsed": 119.451974, "delta": 1.538135}}
{"target": -1.3485809224752197, "params": {"model__colsample_bylevel": 0.3, "model__colsample_bynode": 1.0, "model__colsample_bytree": 0.3, "model__learning_rate": 0.3, "model__max_depth": 5.851968107445048, "model__n_estimators": 24.13822748114911, "model__reg_lambda": 2.2522856120323067}, "datetime": {"datetime": "2021-03-27 07:15:44", "elapsed": 121.062201, "delta": 1.610227}}
{"target": -1.353093289322071, "params": {"model__colsample_bylevel": 0.3, "model__colsample_bynode": 1.0, "model__colsample_bytree": 0.3, "model__learning_rate": 0.3, "model__max_depth": 8.0, "model__n_estimators": 26.874647154086112, "model__reg_lambda": 4.544068694020319}, "datetime": {"datetime": "2021-03-27 07:15:46", "elapsed": 122.716621, "delta": 1.65442}}
{"target": -1.3904035886911594, "params": {"model__colsample_bylevel": 1.0, "model__colsample_bynode": 0.3, "model__colsample_bytree": 0.3, "model__learning_rate": 0.3, "model__max_depth": 8.0, "model__n_estimators": 24.910298885029544, "model__reg_lambda": 10.0}, "datetime": {"datetime": "2021-03-27 07:15:47", "elapsed": 124.279081, "delta": 1.56246}}
{"target": -1.3919442008303453, "params": {"model__colsample_bylevel": 0.3, "model__colsample_bynode": 0.3, "model__colsample_bytree": 1.0, "model__learning_rate": 0.3, "model__max_depth": 8.0, "model__n_estimators": 28.810602893585962, "model__reg_lambda": 8.214181901510518}, "datetime": {"datetime": "2021-03-27 07:15:49", "elapsed": 126.132548, "delta": 1.853467}}
{"target": -1.4046396610961442, "params": {"model__colsample_bylevel": 0.3, "model__colsample_bynode": 1.0, "model__colsample_bytree": 0.3, "model__learning_rate": 0.3, "model__max_depth": 3.359119997448978, "model__n_estimators": 28.49372139590565, "model__reg_lambda": 8.164784527080153}, "datetime": {"datetime": "2021-03-27 07:15:51", "elapsed": 127.920792, "delta": 1.788244}}
{"target": -1.3668582765250537, "params": {"model__colsample_bylevel": 1.0, "model__colsample_bynode": 0.3, "model__colsample_bytree": 0.3, "model__learning_rate": 0.3, "model__max_depth": 6.110901442953676, "model__n_estimators": 28.607409863811576, "model__reg_lambda": 9.218274166708053}, "datetime": {"datetime": "2021-03-27 07:15:53", "elapsed": 129.505318, "delta": 1.584526}}
{"target": -1.3821615285604545, "params": {"model__colsample_bylevel": 0.3, "model__colsample_bynode": 1.0, "model__colsample_bytree": 0.3, "model__learning_rate": 0.3, "model__max_depth": 2.0, "model__n_estimators": 23.706328126461816, "model__reg_lambda": 0.0}, "datetime": {"datetime": "2021-03-27 07:15:54", "elapsed": 131.02589, "delta": 1.520572}}
{"target": -1.3618620914582542, "params": {"model__colsample_bylevel": 1.0, "model__colsample_bynode": 0.3, "model__colsample_bytree": 0.3, "model__learning_rate": 0.3, "model__max_depth": 6.6838361622646465, "model__n_estimators": 26.070691309498986, "model__reg_lambda": 5.463793499398366}, "datetime": {"datetime": "2021-03-27 07:15:56", "elapsed": 132.916568, "delta": 1.890678}}
{"target": -1.404223745394552, "params": {"model__colsample_bylevel": 0.3, "model__colsample_bynode": 1.0, "model__colsample_bytree": 1.0, "model__learning_rate": 0.3, "model__max_depth": 8.0, "model__n_estimators": 23.465785685315684, "model__reg_lambda": 8.522656638073743}, "datetime": {"datetime": "2021-03-27 07:15:58", "elapsed": 134.996596, "delta": 2.080028}}
{"target": -1.4831344278522538, "params": {"model__colsample_bylevel": 0.3, "model__colsample_bynode": 0.3, "model__colsample_bytree": 0.3, "model__learning_rate": 0.3, "model__max_depth": 5.296564304991758, "model__n_estimators": 26.384927512083532, "model__reg_lambda": 0.0}, "datetime": {"datetime": "2021-03-27 07:16:00", "elapsed": 136.819019, "delta": 1.822423}}
{"target": -1.37814177027836, "params": {"model__colsample_bylevel": 0.3, "model__colsample_bynode": 1.0, "model__colsample_bytree": 1.0, "model__learning_rate": 0.3, "model__max_depth": 3.8962172653088336, "model__n_estimators": 23.303607233494418, "model__reg_lambda": 7.288123846535837}, "datetime": {"datetime": "2021-03-27 07:16:02", "elapsed": 138.809691, "delta": 1.990672}}
{"target": -1.447668479293909, "params": {"model__colsample_bylevel": 1.0, "model__colsample_bynode": 1.0, "model__colsample_bytree": 1.0, "model__learning_rate": 0.3, "model__max_depth": 2.0, "model__n_estimators": 15.0, "model__reg_lambda": 0.0}, "datetime": {"datetime": "2021-03-27 07:16:04", "elapsed": 140.615007, "delta": 1.805316}}
{"target": -1.372017956469748, "params": {"model__colsample_bylevel": 1.0, "model__colsample_bynode": 1.0, "model__colsample_bytree": 1.0, "model__learning_rate": 0.3, "model__max_depth": 3.4741449870072, "model__n_estimators": 28.50695383619645, "model__reg_lambda": 4.910546030316799}, "datetime": {"datetime": "2021-03-27 07:16:06", "elapsed": 142.870648, "delta": 2.255641}}
{"target": -1.3775086113724158, "params": {"model__colsample_bylevel": 1.0, "model__colsample_bynode": 1.0, "model__colsample_bytree": 0.3, "model__learning_rate": 0.3, "model__max_depth": 4.202801906705792, "model__n_estimators": 22.431301567686567, "model__reg_lambda": 7.4757499355988255}, "datetime": {"datetime": "2021-03-27 07:16:08", "elapsed": 145.0074, "delta": 2.136752}}
{"target": -1.372270440194162, "params": {"model__colsample_bylevel": 1.0, "model__colsample_bynode": 0.3, "model__colsample_bytree": 0.3, "model__learning_rate": 0.3, "model__max_depth": 3.529459988563767, "model__n_estimators": 28.913881661097594, "model__reg_lambda": 9.298937338334415}, "datetime": {"datetime": "2021-03-27 07:16:10", "elapsed": 146.885628, "delta": 1.878228}}
{"target": -1.4018274631337735, "params": {"model__colsample_bylevel": 1.0, "model__colsample_bynode": 1.0, "model__colsample_bytree": 1.0, "model__learning_rate": 0.3, "model__max_depth": 3.6498539051976224, "model__n_estimators": 16.582626657035778, "model__reg_lambda": 2.60083311693773}, "datetime": {"datetime": "2021-03-27 07:16:12", "elapsed": 149.252196, "delta": 2.366568}}
{"target": -1.3578089966033786, "params": {"model__colsample_bylevel": 0.3, "model__colsample_bynode": 1.0, "model__colsample_bytree": 1.0, "model__learning_rate": 0.3, "model__max_depth": 8.0, "model__n_estimators": 28.718525668567892, "model__reg_lambda": 4.630415660129913}, "datetime": {"datetime": "2021-03-27 07:16:14", "elapsed": 151.182773, "delta": 1.930577}}
{"target": -1.3449111402183231, "params": {"model__colsample_bylevel": 0.3, "model__colsample_bynode": 0.3, "model__colsample_bytree": 1.0, "model__learning_rate": 0.3, "model__max_depth": 8.0, "model__n_estimators": 24.3308688175493, "model__reg_lambda": 3.939465419703432}, "datetime": {"datetime": "2021-03-27 07:16:16", "elapsed": 153.037477, "delta": 1.854704}}
{"target": -1.3305328590970864, "params": {"model__colsample_bylevel": 1.0, "model__colsample_bynode": 0.3, "model__colsample_bytree": 0.3, "model__learning_rate": 0.3, "model__max_depth": 3.7366518632123644, "model__n_estimators": 28.038302358602564, "model__reg_lambda": 3.7664075206916943}, "datetime": {"datetime": "2021-03-27 07:16:18", "elapsed": 154.884894, "delta": 1.847417}}
{"target": -1.508919775005484, "params": {"model__colsample_bylevel": 1.0, "model__colsample_bynode": 0.3, "model__colsample_bytree": 0.3, "model__learning_rate": 0.1, "model__max_depth": 3.0556854151144934, "model__n_estimators": 30.0, "model__reg_lambda": 2.2993048664655076}, "datetime": {"datetime": "2021-03-27 07:16:20", "elapsed": 156.609733, "delta": 1.724839}}
{"target": -1.338823676020231, "params": {"model__colsample_bylevel": 0.3346644142175327, "model__colsample_bynode": 0.6728285971334964, "model__colsample_bytree": 0.7353045462438044, "model__learning_rate": 0.2905124457994318, "model__max_depth": 2.3480813908787077, "model__n_estimators": 29.97168255417096, "model__reg_lambda": 3.8579785127986197}, "datetime": {"datetime": "2021-03-27 07:16:22", "elapsed": 158.298209, "delta": 1.688476}}
{"target": -1.391731006918016, "params": {"model__colsample_bylevel": 1.0, "model__colsample_bynode": 0.3, "model__colsample_bytree": 1.0, "model__learning_rate": 0.3, "model__max_depth": 8.0, "model__n_estimators": 30.0, "model__reg_lambda": 2.4205597924330036}, "datetime": {"datetime": "2021-03-27 07:16:23", "elapsed": 160.261495, "delta": 1.963286}}
{"target": -1.4470515440312632, "params": {"model__colsample_bylevel": 1.0, "model__colsample_bynode": 1.0, "model__colsample_bytree": 1.0, "model__learning_rate": 0.3, "model__max_depth": 4.023842987168924, "model__n_estimators": 26.924080909732236, "model__reg_lambda": 1.033511390854344}, "datetime": {"datetime": "2021-03-27 07:16:26", "elapsed": 162.461854, "delta": 2.200359}}
{"target": -1.5080669709089876, "params": {"model__colsample_bylevel": 0.3, "model__colsample_bynode": 0.3, "model__colsample_bytree": 0.3, "model__learning_rate": 0.3, "model__max_depth": 8.0, "model__n_estimators": 26.491988086092398, "model__reg_lambda": 7.656536724776386}, "datetime": {"datetime": "2021-03-27 07:16:27", "elapsed": 164.053499, "delta": 1.591645}}
{"target": -1.415450725750323, "params": {"model__colsample_bylevel": 0.3, "model__colsample_bynode": 0.3, "model__colsample_bytree": 1.0, "model__learning_rate": 0.3, "model__max_depth": 2.0, "model__n_estimators": 30.0, "model__reg_lambda": 7.942060400184207}, "datetime": {"datetime": "2021-03-27 07:16:29", "elapsed": 165.501964, "delta": 1.448465}}
{"target": -1.3821043456121742, "params": {"model__colsample_bylevel": 1.0, "model__colsample_bynode": 0.3, "model__colsample_bytree": 1.0, "model__learning_rate": 0.3, "model__max_depth": 3.5293338354739396, "model__n_estimators": 25.001574550942703, "model__reg_lambda": 6.456181649871031}, "datetime": {"datetime": "2021-03-27 07:16:31", "elapsed": 167.650742, "delta": 2.148778}}
{"target": -1.5928299338921257, "params": {"model__colsample_bylevel": 0.3, "model__colsample_bynode": 0.3, "model__colsample_bytree": 1.0, "model__learning_rate": 0.3, "model__max_depth": 2.0, "model__n_estimators": 15.0, "model__reg_lambda": 10.0}, "datetime": {"datetime": "2021-03-27 07:16:33", "elapsed": 169.41251, "delta": 1.761768}}
{"target": -1.420774075459095, "params": {"model__colsample_bylevel": 1.0, "model__colsample_bynode": 0.3, "model__colsample_bytree": 1.0, "model__learning_rate": 0.3, "model__max_depth": 5.282791771994366, "model__n_estimators": 16.49344280326052, "model__reg_lambda": 6.222536270147216}, "datetime": {"datetime": "2021-03-27 07:16:35", "elapsed": 171.686457, "delta": 2.273947}}
{"target": -1.459621660411358, "params": {"model__colsample_bylevel": 0.3, "model__colsample_bynode": 0.3, "model__colsample_bytree": 0.3, "model__learning_rate": 0.3, "model__max_depth": 4.1483375655276875, "model__n_estimators": 26.535131126826155, "model__reg_lambda": 2.759530779036573}, "datetime": {"datetime": "2021-03-27 07:16:37", "elapsed": 173.343406, "delta": 1.656949}}
{"target": -1.5300844834226628, "params": {"model__colsample_bylevel": 0.3, "model__colsample_bynode": 0.3, "model__colsample_bytree": 0.3, "model__learning_rate": 0.3, "model__max_depth": 8.0, "model__n_estimators": 19.502154818398147, "model__reg_lambda": 4.1361184492636305}, "datetime": {"datetime": "2021-03-27 07:16:38", "elapsed": 175.047326, "delta": 1.70392}}
{"target": -1.444890092216108, "params": {"model__colsample_bylevel": 0.3, "model__colsample_bynode": 1.0, "model__colsample_bytree": 1.0, "model__learning_rate": 0.3, "model__max_depth": 8.0, "model__n_estimators": 16.77920195104141, "model__reg_lambda": 8.65567337248716}, "datetime": {"datetime": "2021-03-27 07:16:40", "elapsed": 176.886685, "delta": 1.839359}}
{"target": -1.4092552189944663, "params": {"model__colsample_bylevel": 1.0, "model__colsample_bynode": 1.0, "model__colsample_bytree": 1.0, "model__learning_rate": 0.3, "model__max_depth": 2.0, "model__n_estimators": 26.061989503083325, "model__reg_lambda": 3.6275365618265303}, "datetime": {"datetime": "2021-03-27 07:16:42", "elapsed": 178.996326, "delta": 2.109641}}
{"target": -1.4090339428650729, "params": {"model__colsample_bylevel": 1.0, "model__colsample_bynode": 1.0, "model__colsample_bytree": 0.3, "model__learning_rate": 0.3, "model__max_depth": 2.0, "model__n_estimators": 24.719071676948957, "model__reg_lambda": 10.0}, "datetime": {"datetime": "2021-03-27 07:16:44", "elapsed": 180.569928, "delta": 1.573602}}
{"target": -1.3725808928761145, "params": {"model__colsample_bylevel": 0.3, "model__colsample_bynode": 1.0, "model__colsample_bytree": 1.0, "model__learning_rate": 0.3, "model__max_depth": 2.0, "model__n_estimators": 18.569855075338584, "model__reg_lambda": 0.0}, "datetime": {"datetime": "2021-03-27 07:16:45", "elapsed": 182.276915, "delta": 1.706987}}
{"target": -1.305190407762817, "params": {"model__colsample_bylevel": 1.0, "model__colsample_bynode": 1.0, "model__colsample_bytree": 0.3, "model__learning_rate": 0.3, "model__max_depth": 5.698398790923992, "model__n_estimators": 28.63349478495582, "model__reg_lambda": 1.9057413792909998}, "datetime": {"datetime": "2021-03-27 07:16:47", "elapsed": 184.162118, "delta": 1.885203}}
{"target": -1.441383178194688, "params": {"model__colsample_bylevel": 0.3, "model__colsample_bynode": 1.0, "model__colsample_bytree": 1.0, "model__learning_rate": 0.3, "model__max_depth": 8.0, "model__n_estimators": 16.199362861089227, "model__reg_lambda": 4.349298982078941}, "datetime": {"datetime": "2021-03-27 07:16:49", "elapsed": 185.938539, "delta": 1.776421}}
{"target": -1.4447933746542296, "params": {"model__colsample_bylevel": 1.0, "model__colsample_bynode": 1.0, "model__colsample_bytree": 1.0, "model__learning_rate": 0.3, "model__max_depth": 4.664767698240076, "model__n_estimators": 15.0, "model__reg_lambda": 0.0}, "datetime": {"datetime": "2021-03-27 07:16:51", "elapsed": 187.895166, "delta": 1.956627}}
{"target": -1.4416214040925968, "params": {"model__colsample_bylevel": 0.3, "model__colsample_bynode": 0.3, "model__colsample_bytree": 0.3, "model__learning_rate": 0.3, "model__max_depth": 6.259255417740519, "model__n_estimators": 30.0, "model__reg_lambda": 3.477975199539993}, "datetime": {"datetime": "2021-03-27 07:16:53", "elapsed": 189.521346, "delta": 1.62618}}
{"target": -1.3873747579321483, "params": {"model__colsample_bylevel": 0.3, "model__colsample_bynode": 1.0, "model__colsample_bytree": 1.0, "model__learning_rate": 0.3, "model__max_depth": 8.0, "model__n_estimators": 22.110888568406335, "model__reg_lambda": 6.343281009467464}, "datetime": {"datetime": "2021-03-27 07:16:55", "elapsed": 191.421407, "delta": 1.900061}}
{"target": -1.3598755893391974, "params": {"model__colsample_bylevel": 0.3, "model__colsample_bynode": 1.0, "model__colsample_bytree": 0.3, "model__learning_rate": 0.3, "model__max_depth": 8.0, "model__n_estimators": 30.0, "model__reg_lambda": 8.369833251415965}, "datetime": {"datetime": "2021-03-27 07:16:56", "elapsed": 193.066498, "delta": 1.645091}}
{"target": -1.3329928428474545, "params": {"model__colsample_bylevel": 1.0, "model__colsample_bynode": 0.3, "model__colsample_bytree": 0.3, "model__learning_rate": 0.3, "model__max_depth": 5.224599289595188, "model__n_estimators": 22.656917587494668, "model__reg_lambda": 0.9058457552921142}, "datetime": {"datetime": "2021-03-27 07:16:58", "elapsed": 194.803554, "delta": 1.737056}}
{"target": -1.3598850976864711, "params": {"model__colsample_bylevel": 0.34554222612922875, "model__colsample_bynode": 0.34014353449593193, "model__colsample_bytree": 0.30953998592648413, "model__learning_rate": 0.2929984754356325, "model__max_depth": 7.0960083595485335, "model__n_estimators": 23.811686923141256, "model__reg_lambda": 1.990918569678768}, "datetime": {"datetime": "2021-03-27 07:17:00", "elapsed": 196.701186, "delta": 1.897632}}
{"target": -1.3616705864074006, "params": {"model__colsample_bylevel": 1.0, "model__colsample_bynode": 0.3, "model__colsample_bytree": 0.3, "model__learning_rate": 0.3, "model__max_depth": 8.0, "model__n_estimators": 23.170434315060938, "model__reg_lambda": 3.822523449494791}, "datetime": {"datetime": "2021-03-27 07:17:02", "elapsed": 198.987248, "delta": 2.286062}}
{"target": -1.3449154868769202, "params": {"model__colsample_bylevel": 0.4528027169619218, "model__colsample_bynode": 1.0, "model__colsample_bytree": 0.3, "model__learning_rate": 0.3, "model__max_depth": 4.418632109010194, "model__n_estimators": 30.0, "model__reg_lambda": 0.0}, "datetime": {"datetime": "2021-03-27 07:17:04", "elapsed": 200.736289, "delta": 1.749041}}
{"target": -1.3955200092516082, "params": {"model__colsample_bylevel": 1.0, "model__colsample_bynode": 1.0, "model__colsample_bytree": 0.3, "model__learning_rate": 0.3, "model__max_depth": 3.768818016585894, "model__n_estimators": 19.877310482675867, "model__reg_lambda": 10.0}, "datetime": {"datetime": "2021-03-27 07:17:06", "elapsed": 202.444791, "delta": 1.708502}}
{"target": -1.4059065207150643, "params": {"model__colsample_bylevel": 1.0, "model__colsample_bynode": 1.0, "model__colsample_bytree": 1.0, "model__learning_rate": 0.3, "model__max_depth": 4.058317141339303, "model__n_estimators": 27.14733552132406, "model__reg_lambda": 8.087583404367889}, "datetime": {"datetime": "2021-03-27 07:17:08", "elapsed": 204.763222, "delta": 2.318431}}
{"target": -1.4541521246826776, "params": {"model__colsample_bylevel": 0.3, "model__colsample_bynode": 1.0, "model__colsample_bytree": 1.0, "model__learning_rate": 0.3, "model__max_depth": 6.962884226046801, "model__n_estimators": 28.460347699336857, "model__reg_lambda": 0.0}, "datetime": {"datetime": "2021-03-27 07:17:10", "elapsed": 206.564053, "delta": 1.800831}}
{"target": -1.3635981183877024, "params": {"model__colsample_bylevel": 1.0, "model__colsample_bynode": 1.0, "model__colsample_bytree": 0.3, "model__learning_rate": 0.3, "model__max_depth": 5.744994483046482, "model__n_estimators": 23.99541170393587, "model__reg_lambda": 10.0}, "datetime": {"datetime": "2021-03-27 07:17:12", "elapsed": 208.374054, "delta": 1.810001}}
{"target": -1.4028701940497412, "params": {"model__colsample_bylevel": 1.0, "model__colsample_bynode": 0.3, "model__colsample_bytree": 1.0, "model__learning_rate": 0.3, "model__max_depth": 2.0, "model__n_estimators": 16.695087939554774, "model__reg_lambda": 1.5039004497002473}, "datetime": {"datetime": "2021-03-27 07:17:13", "elapsed": 210.196657, "delta": 1.822603}}
{"target": -1.4056956330395265, "params": {"model__colsample_bylevel": 0.3, "model__colsample_bynode": 0.3, "model__colsample_bytree": 1.0, "model__learning_rate": 0.3, "model__max_depth": 5.691937121714053, "model__n_estimators": 17.116147445816114, "model__reg_lambda": 0.0}, "datetime": {"datetime": "2021-03-27 07:17:15", "elapsed": 211.842496, "delta": 1.645839}}
{"target": -1.3384474313156542, "params": {"model__colsample_bylevel": 1.0, "model__colsample_bynode": 0.3, "model__colsample_bytree": 0.3, "model__learning_rate": 0.3, "model__max_depth": 5.835114368212874, "model__n_estimators": 25.35336172993485, "model__reg_lambda": 2.221346667399462}, "datetime": {"datetime": "2021-03-27 07:17:17", "elapsed": 213.987699, "delta": 2.145203}}
{"target": -1.7056225210860156, "params": {"model__colsample_bylevel": 0.3, "model__colsample_bynode": 0.3, "model__colsample_bytree": 0.3, "model__learning_rate": 0.1, "model__max_depth": 6.806991942848622, "model__n_estimators": 24.939967214274336, "model__reg_lambda": 3.6083019187984986}, "datetime": {"datetime": "2021-03-27 07:17:19", "elapsed": 215.72237, "delta": 1.734671}}
{"target": -1.3887464260446258, "params": {"model__colsample_bylevel": 0.7532581018028941, "model__colsample_bynode": 0.5333052930745515, "model__colsample_bytree": 0.9560399958347505, "model__learning_rate": 0.22811343284619212, "model__max_depth": 7.940552538319313, "model__n_estimators": 26.234748166138342, "model__reg_lambda": 2.565376057154143}, "datetime": {"datetime": "2021-03-27 07:17:21", "elapsed": 218.100356, "delta": 2.377986}}
{"target": -1.3514690374739577, "params": {"model__colsample_bylevel": 1.0, "model__colsample_bynode": 1.0, "model__colsample_bytree": 0.3, "model__learning_rate": 0.3, "model__max_depth": 8.0, "model__n_estimators": 27.80077288006235, "model__reg_lambda": 3.662471323516029}, "datetime": {"datetime": "2021-03-27 07:17:23", "elapsed": 220.092588, "delta": 1.992232}}
{"target": -1.4096770748334086, "params": {"model__colsample_bylevel": 0.5737434721558032, "model__colsample_bynode": 0.7477214658033897, "model__colsample_bytree": 0.9064936142325619, "model__learning_rate": 0.2964563944093056, "model__max_depth": 7.888464070091004, "model__n_estimators": 23.531241164262905, "model__reg_lambda": 2.9922672950900098}, "datetime": {"datetime": "2021-03-27 07:17:26", "elapsed": 222.281492, "delta": 2.188904}}
{"target": -1.3975761851936954, "params": {"model__colsample_bylevel": 0.3, "model__colsample_bynode": 1.0, "model__colsample_bytree": 0.3, "model__learning_rate": 0.3, "model__max_depth": 8.0, "model__n_estimators": 23.927013149949772, "model__reg_lambda": 0.0}, "datetime": {"datetime": "2021-03-27 07:17:28", "elapsed": 224.323332, "delta": 2.04184}}
