{"target": -1.3595348976849428, "params": {"model__colsample_bylevel": 0.3, "model__colsample_bynode": 0.3, "model__colsample_bytree": 1.0, "model__learning_rate": 0.3, "model__max_depth": 8.0, "model__n_estimators": 23.84866904141322, "model__reg_lambda": 0.8483466687801605}, "datetime": {"datetime": "2021-03-27 07:19:36", "elapsed": 352.588113, "delta": 2.392722}}
{"target": -1.36709655886381, "params": {"model__colsample_bylevel": 0.9022273495585426, "model__colsample_bynode": 0.3, "model__colsample_bytree": 1.0, "model__learning_rate": 0.3, "model__max_depth": 2.445043943312809, "model__n_estimators": 29.439507415274946, "model__reg_lambda": 5.134682640090014}, "datetime": {"datetime": "2021-03-27 07:19:38", "elapsed": 354.614387, "delta": 2.026274}}
{"target": -1.373964600686146, "params": {"model__colsample_bylevel": 1.0, "model__colsample_bynode": 1.0, "model__colsample_bytree": 0.3, "model__learning_rate": 0.3, "model__max_depth": 8.0, "model__n_estimators": 23.276481734248016, "model__reg_lambda": 10.0}, "datetime": {"datetime": "2021-03-27 07:19:40", "elapsed": 356.977456, "delta": 2.363069}}
{"target": -1.3097196283939199, "params": {"model__colsample_bylevel": 1.0, "model__colsample_bynode": 1.0, "model__colsample_bytree": 0.3, "model__learning_rate": 0.3, "model__max_depth": 2.8268164941620664, "model__n_estimators": 26.78163785998055, "model__reg_lambda": 2.775228580491953}, "datetime": {"datetime": "2021-03-27 07:19:42", "elapsed": 359.208117, "delta": 2.230661}}
{"target": -1.4263873752166072, "params": {"model__colsample_bylevel": 1.0, "model__colsample_bynode": 1.0, "model__colsample_bytree": 1.0, "model__learning_rate": 0.3, "model__max_depth": 2.0, "model__n_estimators": 16.992942391728423, "model__reg_lambda": 0.0}, "datetime": {"datetime": "2021-03-27 07:19:45", "elapsed": 361.441387, "delta": 2.23327}}
{"target": -1.5563621881863345, "params": {"model__colsample_bylevel": 1.0, "model__colsample_bynode": 0.3, "model__colsample_bytree": 0.3, "model__learning_rate": 0.3, "model__max_depth": 2.0, "model__n_estimators": 18.40769468587393, "model__reg_lambda": 10.0}, "datetime": {"datetime": "2021-03-27 07:19:47", "elapsed": 363.482096, "delta": 2.040709}}
{"target": -1.4003075707703831, "params": {"model__colsample_bylevel": 1.0, "model__colsample_bynode": 1.0, "model__colsample_bytree": 1.0, "model__learning_rate": 0.3, "model__max_depth": 6.2161860852086255, "model__n_estimators": 28.443528137530087, "model__reg_lambda": 10.0}, "datetime": {"datetime": "2021-03-27 07:19:50", "elapsed": 366.496699, "delta": 3.014603}}
{"target": -1.403339879386181, "params": {"model__colsample_bylevel": 0.3, "model__colsample_bynode": 1.0, "model__colsample_bytree": 1.0, "model__learning_rate": 0.3, "model__max_depth": 4.545034182639221, "model__n_estimators": 20.591843062223017, "model__reg_lambda": 5.136385254264805}, "datetime": {"datetime": "2021-03-27 07:19:52", "elapsed": 369.212993, "delta": 2.716294}}
{"target": -1.3900736017962514, "params": {"model__colsample_bylevel": 0.3, "model__colsample_bynode": 1.0, "model__colsample_bytree": 0.3, "model__learning_rate": 0.3, "model__max_depth": 5.3448021356117605, "model__n_estimators": 18.32858024470107, "model__reg_lambda": 0.0}, "datetime": {"datetime": "2021-03-27 07:19:54", "elapsed": 371.151827, "delta": 1.938834}}
{"target": -1.3958886548768785, "params": {"model__colsample_bylevel": 1.0, "model__colsample_bynode": 1.0, "model__colsample_bytree": 0.3, "model__learning_rate": 0.3, "model__max_depth": 8.0, "model__n_estimators": 15.0, "model__reg_lambda": 1.2767457968867706}, "datetime": {"datetime": "2021-03-27 07:19:56", "elapsed": 373.198222, "delta": 2.046395}}
{"target": -1.3684013962799657, "params": {"model__colsample_bylevel": 1.0, "model__colsample_bynode": 0.3, "model__colsample_bytree": 1.0, "model__learning_rate": 0.3, "model__max_depth": 8.0, "model__n_estimators": 28.492866221875964, "model__reg_lambda": 6.4311646884639195}, "datetime": {"datetime": "2021-03-27 07:19:59", "elapsed": 375.469577, "delta": 2.271355}}
{"target": -1.4440976951109328, "params": {"model__colsample_bylevel": 1.0, "model__colsample_bynode": 1.0, "model__colsample_bytree": 1.0, "model__learning_rate": 0.3, "model__max_depth": 2.0, "model__n_estimators": 24.521591538691865, "model__reg_lambda": 8.073782832481154}, "datetime": {"datetime": "2021-03-27 07:20:01", "elapsed": 378.026042, "delta": 2.556465}}
{"target": -1.4351578764914383, "params": {"model__colsample_bylevel": 1.0, "model__colsample_bynode": 1.0, "model__colsample_bytree": 1.0, "model__learning_rate": 0.3, "model__max_depth": 2.0, "model__n_estimators": 24.191365638684136, "model__reg_lambda": 5.517126465039863}, "datetime": {"datetime": "2021-03-27 07:20:04", "elapsed": 380.595308, "delta": 2.569266}}
{"target": -1.3589196841191988, "params": {"model__colsample_bylevel": 1.0, "model__colsample_bynode": 1.0, "model__colsample_bytree": 0.3, "model__learning_rate": 0.3, "model__max_depth": 8.0, "model__n_estimators": 26.293021296893727, "model__reg_lambda": 10.0}, "datetime": {"datetime": "2021-03-27 07:20:07", "elapsed": 383.353064, "delta": 2.757756}}
{"target": -1.419357716400122, "params": {"model__colsample_bylevel": 1.0, "model__colsample_bynode": 0.3, "model__colsample_bytree": 0.3, "model__learning_rate": 0.3, "model__max_depth": 8.0, "model__n_estimators": 20.837531917227054, "model__reg_lambda": 10.0}, "datetime": {"datetime": "2021-03-27 07:20:09", "elapsed": 385.410019, "delta": 2.056955}}
{"target": -1.4092878502861097, "params": {"model__colsample_bylevel": 0.3, "model__colsample_bynode": 1.0, "model__colsample_bytree": 0.3, "model__learning_rate": 0.3, "model__max_depth": 8.0, "model__n_estimators": 21.88498697252971, "model__reg_lambda": 8.637822972466532}, "datetime": {"datetime": "2021-03-27 07:20:11", "elapsed": 388.046553, "delta": 2.636534}}
{"target": -1.5884123486669168, "params": {"model__colsample_bylevel": 0.3, "model__colsample_bynode": 0.3, "model__colsample_bytree": 0.3, "model__learning_rate": 0.3, "model__max_depth": 2.0, "model__n_estimators": 19.973170515100016, "model__reg_lambda": 1.2926057429809028}, "datetime": {"datetime": "2021-03-27 07:20:14", "elapsed": 390.481587, "delta": 2.435034}}
{"target": -1.3657885032017592, "params": {"model__colsample_bylevel": 0.3, "model__colsample_bynode": 1.0, "model__colsample_bytree": 0.953516837052581, "model__learning_rate": 0.3, "model__max_depth": 3.025449396522173, "model__n_estimators": 27.12898552369525, "model__reg_lambda": 5.244578983362026}, "datetime": {"datetime": "2021-03-27 07:20:16", "elapsed": 393.075227, "delta": 2.59364}}
{"target": -1.3202978240852448, "params": {"model__colsample_bylevel": 0.5163224122471092, "model__colsample_bynode": 0.3000000108473789, "model__colsample_bytree": 0.3, "model__learning_rate": 0.3, "model__max_depth": 3.730365017144668, "model__n_estimators": 30.0, "model__reg_lambda": 3.144846955940307}, "datetime": {"datetime": "2021-03-27 07:20:18", "elapsed": 394.883899, "delta": 1.808672}}
{"target": -1.5601893768794297, "params": {"model__colsample_bylevel": 1.0, "model__colsample_bynode": 1.0, "model__colsample_bytree": 0.3, "model__learning_rate": 0.1, "model__max_depth": 8.0, "model__n_estimators": 28.743592225207486, "model__reg_lambda": 10.0}, "datetime": {"datetime": "2021-03-27 07:20:20", "elapsed": 397.206248, "delta": 2.322349}}
{"target": -1.4625996097409426, "params": {"model__colsample_bylevel": 1.0, "model__colsample_bynode": 1.0, "model__colsample_bytree": 1.0, "model__learning_rate": 0.3, "model__max_depth": 2.0, "model__n_estimators": 15.0, "model__reg_lambda": 2.854792596842306}, "datetime": {"datetime": "2021-03-27 07:20:23", "elapsed": 399.810625, "delta": 2.604377}}
{"target": -1.3149349567723339, "params": {"model__colsample_bylevel": 0.3322453933270404, "model__colsample_bynode": 0.8718907903745294, "model__colsample_bytree": 0.3, "model__learning_rate": 0.3, "model__max_depth": 5.847683464853231, "model__n_estimators": 29.28743166111852, "model__reg_lambda": 1.029803753859602}, "datetime": {"datetime": "2021-03-27 07:20:25", "elapsed": 401.746626, "delta": 1.936001}}
{"target": -1.4229249496120906, "params": {"model__colsample_bylevel": 1.0, "model__colsample_bynode": 1.0, "model__colsample_bytree": 0.3, "model__learning_rate": 0.3, "model__max_depth": 8.0, "model__n_estimators": 17.025138376262852, "model__reg_lambda": 10.0}, "datetime": {"datetime": "2021-03-27 07:20:27", "elapsed": 404.097208, "delta": 2.350582}}
{"target": -1.366489259393859, "params": {"model__colsample_bylevel": 0.3, "model__colsample_bynode": 1.0, "model__colsample_bytree": 1.0, "model__learning_rate": 0.3, "model__max_depth": 2.0, "model__n_estimators": 21.695357622905043, "model__reg_lambda": 0.0}, "datetime": {"datetime": "2021-03-27 07:20:29", "elapsed": 406.083092, "delta": 1.985884}}
{"target": -1.395756115379703, "params": {"model__colsample_bylevel": 1.0, "model__colsample_bynode": 0.3, "model__colsample_bytree": 1.0, "model__learning_rate": 0.3, "model__max_depth": 8.0, "model__n_estimators": 23.29089083848089, "model__reg_lambda": 5.482863749603105}, "datetime": {"datetime": "2021-03-27 07:20:32", "elapsed": 408.399792, "delta": 2.3167}}
