{"target": -1.6751849089303743, "params": {"model__colsample_bylevel": 0.8342282560383627, "model__colsample_bynode": 1.0, "model__colsample_bytree": 0.3, "model__learning_rate": 0.3, "model__max_depth": 8.0, "model__n_estimators": 19.1916760099589, "model__reg_lambda": 3.717364272009635}, "datetime": {"datetime": "2021-03-27 14:55:13", "elapsed": 189.756374, "delta": 1.868349}}
{"target": -1.5940016353961783, "params": {"model__colsample_bylevel": 0.3, "model__colsample_bynode": 0.3, "model__colsample_bytree": 1.0, "model__learning_rate": 0.3, "model__max_depth": 8.0, "model__n_estimators": 21.177570717770237, "model__reg_lambda": 5.443141510001736}, "datetime": {"datetime": "2021-03-27 14:55:14", "elapsed": 191.697572, "delta": 1.941198}}
{"target": -1.6026337111449762, "params": {"model__colsample_bylevel": 0.3, "model__colsample_bynode": 0.3, "model__colsample_bytree": 1.0, "model__learning_rate": 0.1, "model__max_depth": 4.672022028578363, "model__n_estimators": 29.609740647594567, "model__reg_lambda": 1.035228055246091}, "datetime": {"datetime": "2021-03-27 14:55:16", "elapsed": 193.256678, "delta": 1.559106}}
{"target": -1.6824854891909204, "params": {"model__colsample_bylevel": 0.3, "model__colsample_bynode": 0.3, "model__colsample_bytree": 0.3, "model__learning_rate": 0.3, "model__max_depth": 8.0, "model__n_estimators": 23.870631938635352, "model__reg_lambda": 10.0}, "datetime": {"datetime": "2021-03-27 14:55:18", "elapsed": 195.260922, "delta": 2.004244}}
{"target": -1.617485097301719, "params": {"model__colsample_bylevel": 1.0, "model__colsample_bynode": 0.3, "model__colsample_bytree": 1.0, "model__learning_rate": 0.3, "model__max_depth": 8.0, "model__n_estimators": 26.371363331113386, "model__reg_lambda": 6.215366280903807}, "datetime": {"datetime": "2021-03-27 14:55:20", "elapsed": 197.119352, "delta": 1.85843}}
{"target": -1.572850597579626, "params": {"model__colsample_bylevel": 0.3, "model__colsample_bynode": 0.3, "model__colsample_bytree": 1.0, "model__learning_rate": 0.3, "model__max_depth": 4.792603362226379, "model__n_estimators": 19.952997797014184, "model__reg_lambda": 2.737528410613061}, "datetime": {"datetime": "2021-03-27 14:55:21", "elapsed": 198.488912, "delta": 1.36956}}
{"target": -1.6228408239889833, "params": {"model__colsample_bylevel": 1.0, "model__colsample_bynode": 0.3, "model__colsample_bytree": 1.0, "model__learning_rate": 0.3, "model__max_depth": 8.0, "model__n_estimators": 23.758921604967213, "model__reg_lambda": 2.6753308084992558}, "datetime": {"datetime": "2021-03-27 14:55:23", "elapsed": 200.344327, "delta": 1.855415}}
{"target": -1.6421976704231422, "params": {"model__colsample_bylevel": 0.3, "model__colsample_bynode": 0.3, "model__colsample_bytree": 1.0, "model__learning_rate": 0.3, "model__max_depth": 4.524396355870723, "model__n_estimators": 18.724762496817235, "model__reg_lambda": 0.0}, "datetime": {"datetime": "2021-03-27 14:55:25", "elapsed": 202.139825, "delta": 1.795498}}
{"target": -1.587381792905322, "params": {"model__colsample_bylevel": 0.3, "model__colsample_bynode": 1.0, "model__colsample_bytree": 1.0, "model__learning_rate": 0.3, "model__max_depth": 5.812618170955634, "model__n_estimators": 23.889208399875983, "model__reg_lambda": 10.0}, "datetime": {"datetime": "2021-03-27 14:55:27", "elapsed": 203.774733, "delta": 1.634908}}
{"target": -1.616894991101994, "params": {"model__colsample_bylevel": 0.3, "model__colsample_bynode": 1.0, "model__colsample_bytree": 1.0, "model__learning_rate": 0.3, "model__max_depth": 2.480309823633409, "model__n_estimators": 19.01909578532357, "model__reg_lambda": 7.627369321895381}, "datetime": {"datetime": "2021-03-27 14:55:28", "elapsed": 205.613933, "delta": 1.8392}}
{"target": -1.6315552520255245, "params": {"model__colsample_bylevel": 1.0, "model__colsample_bynode": 0.3, "model__colsample_bytree": 1.0, "model__learning_rate": 0.3, "model__max_depth": 4.572094417900152, "model__n_estimators": 15.0, "model__reg_lambda": 10.0}, "datetime": {"datetime": "2021-03-27 14:55:30", "elapsed": 207.273522, "delta": 1.659589}}
{"target": -1.5768039595497692, "params": {"model__colsample_bylevel": 0.3, "model__colsample_bynode": 0.3, "model__colsample_bytree": 1.0, "model__learning_rate": 0.3, "model__max_depth": 3.796776626953711, "model__n_estimators": 28.403338608124606, "model__reg_lambda": 4.712995227828884}, "datetime": {"datetime": "2021-03-27 14:55:32", "elapsed": 208.836204, "delta": 1.562682}}
{"target": -1.6642147131696128, "params": {"model__colsample_bylevel": 1.0, "model__colsample_bynode": 1.0, "model__colsample_bytree": 1.0, "model__learning_rate": 0.3, "model__max_depth": 2.0, "model__n_estimators": 16.88727872044037, "model__reg_lambda": 0.0}, "datetime": {"datetime": "2021-03-27 14:55:34", "elapsed": 210.943494, "delta": 2.10729}}
{"target": -1.60629677583558, "params": {"model__colsample_bylevel": 1.0, "model__colsample_bynode": 0.3, "model__colsample_bytree": 1.0, "model__learning_rate": 0.3, "model__max_depth": 6.578324439433794, "model__n_estimators": 28.818127973782083, "model__reg_lambda": 6.6381339840299605}, "datetime": {"datetime": "2021-03-27 14:55:36", "elapsed": 213.036739, "delta": 2.093245}}
{"target": -1.5949943652133578, "params": {"model__colsample_bylevel": 0.3, "model__colsample_bynode": 0.3, "model__colsample_bytree": 1.0, "model__learning_rate": 0.3, "model__max_depth": 7.213968560506491, "model__n_estimators": 18.856497346939534, "model__reg_lambda": 4.978921880952242}, "datetime": {"datetime": "2021-03-27 14:55:37", "elapsed": 214.454882, "delta": 1.418143}}
{"target": -1.5904531436715872, "params": {"model__colsample_bylevel": 0.3, "model__colsample_bynode": 1.0, "model__colsample_bytree": 1.0, "model__learning_rate": 0.3, "model__max_depth": 8.0, "model__n_estimators": 26.040303046709777, "model__reg_lambda": 10.0}, "datetime": {"datetime": "2021-03-27 14:55:39", "elapsed": 216.28509, "delta": 1.830208}}
{"target": -1.585987083927013, "params": {"model__colsample_bylevel": 0.3, "model__colsample_bynode": 0.3, "model__colsample_bytree": 1.0, "model__learning_rate": 0.3, "model__max_depth": 3.6289133452839937, "model__n_estimators": 29.31465699581712, "model__reg_lambda": 9.650885917089512}, "datetime": {"datetime": "2021-03-27 14:55:41", "elapsed": 217.949569, "delta": 1.664479}}
{"target": -1.6476350463764824, "params": {"model__colsample_bylevel": 1.0, "model__colsample_bynode": 1.0, "model__colsample_bytree": 1.0, "model__learning_rate": 0.3, "model__max_depth": 8.0, "model__n_estimators": 17.183441539431023, "model__reg_lambda": 10.0}, "datetime": {"datetime": "2021-03-27 14:55:42", "elapsed": 219.474492, "delta": 1.524923}}
{"target": -1.5990047542135353, "params": {"model__colsample_bylevel": 0.3000000146300056, "model__colsample_bynode": 0.3, "model__colsample_bytree": 1.0, "model__learning_rate": 0.3, "model__max_depth": 2.0, "model__n_estimators": 23.903776684243404, "model__reg_lambda": 1.1133170659588738}, "datetime": {"datetime": "2021-03-27 14:55:44", "elapsed": 220.966961, "delta": 1.492469}}
{"target": -1.6061875634543274, "params": {"model__colsample_bylevel": 1.0, "model__colsample_bynode": 0.3, "model__colsample_bytree": 1.0, "model__learning_rate": 0.3, "model__max_depth": 2.156843391495151, "model__n_estimators": 22.74719971028694, "model__reg_lambda": 5.083806980908496}, "datetime": {"datetime": "2021-03-27 14:55:46", "elapsed": 222.817807, "delta": 1.850846}}
{"target": -1.6003340677020774, "params": {"model__colsample_bylevel": 0.3, "model__colsample_bynode": 1.0, "model__colsample_bytree": 1.0, "model__learning_rate": 0.3, "model__max_depth": 8.0, "model__n_estimators": 30.0, "model__reg_lambda": 8.102317949972655}, "datetime": {"datetime": "2021-03-27 14:55:47", "elapsed": 224.56397, "delta": 1.746163}}
{"target": -1.7747567877605341, "params": {"model__colsample_bylevel": 0.3, "model__colsample_bynode": 1.0, "model__colsample_bytree": 0.3, "model__learning_rate": 0.1, "model__max_depth": 2.0, "model__n_estimators": 24.01234522206205, "model__reg_lambda": 0.017278338790451653}, "datetime": {"datetime": "2021-03-27 14:55:49", "elapsed": 226.191642, "delta": 1.627672}}
{"target": -1.6310205887301243, "params": {"model__colsample_bylevel": 0.567644709746454, "model__colsample_bynode": 0.3, "model__colsample_bytree": 1.0, "model__learning_rate": 0.3, "model__max_depth": 3.689018607779192, "model__n_estimators": 22.989378926078924, "model__reg_lambda": 1.8068178828454826}, "datetime": {"datetime": "2021-03-27 14:55:50", "elapsed": 227.709079, "delta": 1.517437}}
{"target": -1.6372353415882241, "params": {"model__colsample_bylevel": 0.3, "model__colsample_bynode": 0.3, "model__colsample_bytree": 1.0, "model__learning_rate": 0.1, "model__max_depth": 7.1009252288087845, "model__n_estimators": 24.41918527651167, "model__reg_lambda": 1.4917400401416119}, "datetime": {"datetime": "2021-03-27 14:55:52", "elapsed": 229.586771, "delta": 1.877692}}
{"target": -1.5781509693927955, "params": {"model__colsample_bylevel": 0.3, "model__colsample_bynode": 0.3, "model__colsample_bytree": 1.0, "model__learning_rate": 0.3, "model__max_depth": 8.0, "model__n_estimators": 30.0, "model__reg_lambda": 10.0}, "datetime": {"datetime": "2021-03-27 14:55:54", "elapsed": 231.645092, "delta": 2.058321}}
{"target": -1.596617579449346, "params": {"model__colsample_bylevel": 1.0, "model__colsample_bynode": 0.3131331817919633, "model__colsample_bytree": 1.0, "model__learning_rate": 0.3, "model__max_depth": 2.0, "model__n_estimators": 25.16510250145844, "model__reg_lambda": 1.2861025891173508}, "datetime": {"datetime": "2021-03-27 14:55:56", "elapsed": 233.21541, "delta": 1.570318}}
{"target": -1.6138258619045, "params": {"model__colsample_bylevel": 0.7845935187222639, "model__colsample_bynode": 0.3, "model__colsample_bytree": 0.8528921067053431, "model__learning_rate": 0.3, "model__max_depth": 6.51110694826742, "model__n_estimators": 21.780402781599022, "model__reg_lambda": 2.821451064881755}, "datetime": {"datetime": "2021-03-27 14:55:58", "elapsed": 234.861159, "delta": 1.645749}}
{"target": -1.6142086011722037, "params": {"model__colsample_bylevel": 1.0, "model__colsample_bynode": 1.0, "model__colsample_bytree": 1.0, "model__learning_rate": 0.3, "model__max_depth": 2.0, "model__n_estimators": 30.0, "model__reg_lambda": 8.533802076195775}, "datetime": {"datetime": "2021-03-27 14:55:59", "elapsed": 236.553447, "delta": 1.692288}}
{"target": -1.623239227557096, "params": {"model__colsample_bylevel": 0.3, "model__colsample_bynode": 0.3, "model__colsample_bytree": 1.0, "model__learning_rate": 0.3, "model__max_depth": 8.0, "model__n_estimators": 15.0, "model__reg_lambda": 7.394940166645687}, "datetime": {"datetime": "2021-03-27 14:56:01", "elapsed": 238.070354, "delta": 1.516907}}
{"target": -1.5842145418451314, "params": {"model__colsample_bylevel": 0.3, "model__colsample_bynode": 1.0, "model__colsample_bytree": 1.0, "model__learning_rate": 0.3, "model__max_depth": 5.850975921123066, "model__n_estimators": 23.94108480053157, "model__reg_lambda": 7.77655105235413}, "datetime": {"datetime": "2021-03-27 14:56:03", "elapsed": 239.76602, "delta": 1.695666}}
{"target": -1.6171935767583225, "params": {"model__colsample_bylevel": 0.5785946612903479, "model__colsample_bynode": 1.0, "model__colsample_bytree": 1.0, "model__learning_rate": 0.3, "model__max_depth": 4.992793866427315, "model__n_estimators": 21.580955405361266, "model__reg_lambda": 5.634848616383557}, "datetime": {"datetime": "2021-03-27 14:56:04", "elapsed": 241.280312, "delta": 1.514292}}
{"target": -1.6662856960426207, "params": {"model__colsample_bylevel": 0.3, "model__colsample_bynode": 0.3, "model__colsample_bytree": 1.0, "model__learning_rate": 0.3, "model__max_depth": 6.3539785228137085, "model__n_estimators": 21.3007696602158, "model__reg_lambda": 0.0}, "datetime": {"datetime": "2021-03-27 14:56:06", "elapsed": 242.898103, "delta": 1.617791}}
{"target": -1.6460461057290652, "params": {"model__colsample_bylevel": 0.3, "model__colsample_bynode": 0.3, "model__colsample_bytree": 1.0, "model__learning_rate": 0.3, "model__max_depth": 2.0, "model__n_estimators": 20.720266435834187, "model__reg_lambda": 7.715068368817844}, "datetime": {"datetime": "2021-03-27 14:56:08", "elapsed": 244.772289, "delta": 1.874186}}
{"target": -1.6394511409427808, "params": {"model__colsample_bylevel": 1.0, "model__colsample_bynode": 1.0, "model__colsample_bytree": 1.0, "model__learning_rate": 0.3, "model__max_depth": 2.0, "model__n_estimators": 16.816080922742227, "model__reg_lambda": 6.833825518181399}, "datetime": {"datetime": "2021-03-27 14:56:09", "elapsed": 246.604671, "delta": 1.832382}}
{"target": -1.6223612405386738, "params": {"model__colsample_bylevel": 0.3, "model__colsample_bynode": 1.0, "model__colsample_bytree": 1.0, "model__learning_rate": 0.3, "model__max_depth": 8.0, "model__n_estimators": 24.447769709548812, "model__reg_lambda": 3.851855993972688}, "datetime": {"datetime": "2021-03-27 14:56:11", "elapsed": 248.346201, "delta": 1.74153}}
{"target": -1.630455025890167, "params": {"model__colsample_bylevel": 0.32211036199151105, "model__colsample_bynode": 1.0, "model__colsample_bytree": 1.0, "model__learning_rate": 0.3, "model__max_depth": 3.4618888845100293, "model__n_estimators": 25.380043310471542, "model__reg_lambda": 1.4891493182534}, "datetime": {"datetime": "2021-03-27 14:56:13", "elapsed": 250.012155, "delta": 1.665954}}
{"target": -1.616597686006107, "params": {"model__colsample_bylevel": 1.0, "model__colsample_bynode": 1.0, "model__colsample_bytree": 1.0, "model__learning_rate": 0.3, "model__max_depth": 2.0, "model__n_estimators": 25.717192566369206, "model__reg_lambda": 10.0}, "datetime": {"datetime": "2021-03-27 14:56:15", "elapsed": 252.050599, "delta": 2.038444}}
{"target": -1.6063515081569768, "params": {"model__colsample_bylevel": 0.3, "model__colsample_bynode": 0.3, "model__colsample_bytree": 1.0, "model__learning_rate": 0.3, "model__max_depth": 8.0, "model__n_estimators": 17.104492858739473, "model__reg_lambda": 6.155081575772973}, "datetime": {"datetime": "2021-03-27 14:56:16", "elapsed": 253.653267, "delta": 1.602668}}
{"target": -1.6234355029906484, "params": {"model__colsample_bylevel": 1.0, "model__colsample_bynode": 0.3, "model__colsample_bytree": 1.0, "model__learning_rate": 0.3, "model__max_depth": 4.964641480536571, "model__n_estimators": 25.374544560961112, "model__reg_lambda": 4.458055794696872}, "datetime": {"datetime": "2021-03-27 14:56:18", "elapsed": 255.535361, "delta": 1.882094}}
{"target": -1.5961778909777817, "params": {"model__colsample_bylevel": 0.3, "model__colsample_bynode": 0.3, "model__colsample_bytree": 1.0, "model__learning_rate": 0.3, "model__max_depth": 8.0, "model__n_estimators": 15.0, "model__reg_lambda": 2.4842470092628015}, "datetime": {"datetime": "2021-03-27 14:56:20", "elapsed": 257.363808, "delta": 1.828447}}
{"target": -1.6315089459544505, "params": {"model__colsample_bylevel": 1.0, "model__colsample_bynode": 1.0, "model__colsample_bytree": 1.0, "model__learning_rate": 0.3, "model__max_depth": 2.0, "model__n_estimators": 25.549233211216375, "model__reg_lambda": 5.818438885790813}, "datetime": {"datetime": "2021-03-27 14:56:22", "elapsed": 259.159884, "delta": 1.796076}}
{"target": -1.5966994838168223, "params": {"model__colsample_bylevel": 1.0, "model__colsample_bynode": 0.3000000000265481, "model__colsample_bytree": 1.0, "model__learning_rate": 0.3, "model__max_depth": 4.908813123625021, "model__n_estimators": 15.0, "model__reg_lambda": 3.4870669009355226}, "datetime": {"datetime": "2021-03-27 14:56:24", "elapsed": 260.769834, "delta": 1.60995}}
{"target": -1.6146978013919315, "params": {"model__colsample_bylevel": 1.0, "model__colsample_bynode": 0.3, "model__colsample_bytree": 1.0, "model__learning_rate": 0.3, "model__max_depth": 3.5125934200007842, "model__n_estimators": 30.0, "model__reg_lambda": 6.038693741537456}, "datetime": {"datetime": "2021-03-27 14:56:25", "elapsed": 262.257068, "delta": 1.487234}}
{"target": -1.739616926273574, "params": {"model__colsample_bylevel": 0.3, "model__colsample_bynode": 0.3, "model__colsample_bytree": 0.3, "model__learning_rate": 0.1, "model__max_depth": 2.0, "model__n_estimators": 28.699381454894006, "model__reg_lambda": 0.5055351110938899}, "datetime": {"datetime": "2021-03-27 14:56:27", "elapsed": 263.960556, "delta": 1.703488}}
{"target": -1.6529035557169411, "params": {"model__colsample_bylevel": 1.0, "model__colsample_bynode": 1.0, "model__colsample_bytree": 1.0, "model__learning_rate": 0.3, "model__max_depth": 4.088578053023771, "model__n_estimators": 15.0, "model__reg_lambda": 6.0906808493619}, "datetime": {"datetime": "2021-03-27 14:56:28", "elapsed": 265.641763, "delta": 1.681207}}
{"target": -1.574583094118946, "params": {"model__colsample_bylevel": 0.3, "model__colsample_bynode": 0.3, "model__colsample_bytree": 1.0, "model__learning_rate": 0.3, "model__max_depth": 4.9059201361746805, "model__n_estimators": 27.3045525590274, "model__reg_lambda": 8.731364173182504}, "datetime": {"datetime": "2021-03-27 14:56:30", "elapsed": 267.710201, "delta": 2.068438}}
{"target": -1.6486092630827773, "params": {"model__colsample_bylevel": 1.0, "model__colsample_bynode": 0.3, "model__colsample_bytree": 0.3390984381462425, "model__learning_rate": 0.3, "model__max_depth": 3.277421792286941, "model__n_estimators": 21.443111539840714, "model__reg_lambda": 5.991265326184169}, "datetime": {"datetime": "2021-03-27 14:56:32", "elapsed": 269.6882, "delta": 1.977999}}
{"target": -1.638624417533477, "params": {"model__colsample_bylevel": 1.0, "model__colsample_bynode": 1.0, "model__colsample_bytree": 1.0, "model__learning_rate": 0.3, "model__max_depth": 3.39344387013468, "model__n_estimators": 21.28015739653878, "model__reg_lambda": 4.04343067465079}, "datetime": {"datetime": "2021-03-27 14:56:34", "elapsed": 271.51469, "delta": 1.82649}}
{"target": -1.645606949687868, "params": {"model__colsample_bylevel": 0.3, "model__colsample_bynode": 0.33787926093031256, "model__colsample_bytree": 1.0, "model__learning_rate": 0.1, "model__max_depth": 4.652708238916411, "model__n_estimators": 28.17171101156281, "model__reg_lambda": 3.4340384721187083}, "datetime": {"datetime": "2021-03-27 14:56:36", "elapsed": 273.146493, "delta": 1.631803}}
{"target": -1.595837581438431, "params": {"model__colsample_bylevel": 1.0, "model__colsample_bynode": 0.3, "model__colsample_bytree": 1.0, "model__learning_rate": 0.3, "model__max_depth": 3.4918203211053043, "model__n_estimators": 19.435922825494153, "model__reg_lambda": 7.610024095644163}, "datetime": {"datetime": "2021-03-27 14:56:38", "elapsed": 274.969098, "delta": 1.822605}}
{"target": -1.5793117009481228, "params": {"model__colsample_bylevel": 0.3, "model__colsample_bynode": 0.3, "model__colsample_bytree": 1.0, "model__learning_rate": 0.3, "model__max_depth": 8.0, "model__n_estimators": 30.0, "model__reg_lambda": 7.527101485787285}, "datetime": {"datetime": "2021-03-27 14:56:39", "elapsed": 276.484978, "delta": 1.51588}}
{"target": -1.593600119995898, "params": {"model__colsample_bylevel": 0.3, "model__colsample_bynode": 0.3, "model__colsample_bytree": 1.0, "model__learning_rate": 0.3, "model__max_depth": 8.0, "model__n_estimators": 21.549738039955894, "model__reg_lambda": 10.0}, "datetime": {"datetime": "2021-03-27 14:56:41", "elapsed": 278.337409, "delta": 1.852431}}
{"target": -1.6133698054791794, "params": {"model__colsample_bylevel": 0.3, "model__colsample_bynode": 0.3, "model__colsample_bytree": 0.9901194222728923, "model__learning_rate": 0.3, "model__max_depth": 8.0, "model__n_estimators": 26.018276164185735, "model__reg_lambda": 4.490931846556891}, "datetime": {"datetime": "2021-03-27 14:56:43", "elapsed": 280.095202, "delta": 1.757793}}
{"target": -1.64068811846816, "params": {"model__colsample_bylevel": 0.3, "model__colsample_bynode": 0.3, "model__colsample_bytree": 0.3, "model__learning_rate": 0.3, "model__max_depth": 4.2121410830219626, "model__n_estimators": 28.539497625045968, "model__reg_lambda": 6.101338152282394}, "datetime": {"datetime": "2021-03-27 14:56:45", "elapsed": 281.76666, "delta": 1.671458}}
{"target": -1.6232665055903837, "params": {"model__colsample_bylevel": 1.0, "model__colsample_bynode": 0.3, "model__colsample_bytree": 1.0, "model__learning_rate": 0.1, "model__max_depth": 6.831499580866845, "model__n_estimators": 30.0, "model__reg_lambda": 3.319110326359601}, "datetime": {"datetime": "2021-03-27 14:56:47", "elapsed": 283.935518, "delta": 2.168858}}
{"target": -1.5842609447845515, "params": {"model__colsample_bylevel": 0.4515446338003907, "model__colsample_bynode": 0.8070439066811719, "model__colsample_bytree": 0.975140550510821, "model__learning_rate": 0.2936778336778536, "model__max_depth": 2.1956956506160745, "model__n_estimators": 27.738775915543204, "model__reg_lambda": 5.460389225960692}, "datetime": {"datetime": "2021-03-27 14:56:48", "elapsed": 285.705451, "delta": 1.769933}}
{"target": -1.644651804027566, "params": {"model__colsample_bylevel": 0.3, "model__colsample_bynode": 0.3, "model__colsample_bytree": 1.0, "model__learning_rate": 0.3, "model__max_depth": 6.163915725072759, "model__n_estimators": 15.0, "model__reg_lambda": 0.0}, "datetime": {"datetime": "2021-03-27 14:56:50", "elapsed": 287.356349, "delta": 1.650898}}
{"target": -1.5804485315052066, "params": {"model__colsample_bylevel": 0.9877821394169946, "model__colsample_bynode": 0.3832918859414568, "model__colsample_bytree": 0.9580166095892046, "model__learning_rate": 0.2904436436333373, "model__max_depth": 4.112184762773175, "model__n_estimators": 27.702107309342107, "model__reg_lambda": 6.016072747259429}, "datetime": {"datetime": "2021-03-27 14:56:52", "elapsed": 289.262822, "delta": 1.906473}}
