{"target": -1.5805532643679476, "params": {"model__colsample_bylevel": 0.3, "model__colsample_bynode": 0.3, "model__colsample_bytree": 1.0, "model__learning_rate": 0.3, "model__max_depth": 6.0, "model__n_estimators": 26.0, "model__reg_lambda": 3.0121019696059284}, "datetime": {"datetime": "2021-03-27 14:52:06", "elapsed": 3.058177, "delta": 0.000237}}
{"target": -1.643438227188544, "params": {"model__colsample_bylevel": 0.3, "model__colsample_bynode": 0.3, "model__colsample_bytree": 1.0, "model__learning_rate": 0.3, "model__max_depth": 7.0, "model__n_estimators": 29.0, "model__reg_lambda": 1.2999530592867101}, "datetime": {"datetime": "2021-03-27 14:52:06", "elapsed": 3.166059, "delta": 0.107882}}
{"target": -1.643438227188544, "params": {"model__colsample_bylevel": 0.3, "model__colsample_bynode": 0.3, "model__colsample_bytree": 1.0, "model__learning_rate": 0.3, "model__max_depth": 7.0, "model__n_estimators": 29.0, "model__reg_lambda": 1.2999530592867101}, "datetime": {"datetime": "2021-03-27 14:52:06", "elapsed": 3.16642, "delta": 0.000361}}
{"target": -1.643438227188544, "params": {"model__colsample_bylevel": 0.3, "model__colsample_bynode": 0.3, "model__colsample_bytree": 1.0, "model__learning_rate": 0.3, "model__max_depth": 7.0, "model__n_estimators": 29.0, "model__reg_lambda": 1.2999530592867101}, "datetime": {"datetime": "2021-03-27 14:52:06", "elapsed": 3.166654, "delta": 0.000234}}
{"target": -1.643438227188544, "params": {"model__colsample_bylevel": 0.3, "model__colsample_bynode": 0.3, "model__colsample_bytree": 1.0, "model__learning_rate": 0.3, "model__max_depth": 7.0, "model__n_estimators": 29.0, "model__reg_lambda": 1.2999530592867101}, "datetime": {"datetime": "2021-03-27 14:52:06", "elapsed": 3.166865, "delta": 0.000211}}
{"target": -1.643438227188544, "params": {"model__colsample_bylevel": 0.3, "model__colsample_bynode": 0.3, "model__colsample_bytree": 1.0, "model__learning_rate": 0.3, "model__max_depth": 7.0, "model__n_estimators": 29.0, "model__reg_lambda": 1.2999530592867101}, "datetime": {"datetime": "2021-03-27 14:52:06", "elapsed": 3.167079, "delta": 0.000214}}
{"target": -1.643438227188544, "params": {"model__colsample_bylevel": 0.3, "model__colsample_bynode": 0.3, "model__colsample_bytree": 1.0, "model__learning_rate": 0.3, "model__max_depth": 7.0, "model__n_estimators": 29.0, "model__reg_lambda": 1.2999530592867101}, "datetime": {"datetime": "2021-03-27 14:52:06", "elapsed": 3.167284, "delta": 0.000205}}
{"target": -1.643438227188544, "params": {"model__colsample_bylevel": 0.3, "model__colsample_bynode": 0.3, "model__colsample_bytree": 1.0, "model__learning_rate": 0.3, "model__max_depth": 7.0, "model__n_estimators": 29.0, "model__reg_lambda": 1.2999530592867101}, "datetime": {"datetime": "2021-03-27 14:52:06", "elapsed": 3.16749, "delta": 0.000206}}
{"target": -1.643438227188544, "params": {"model__colsample_bylevel": 0.3, "model__colsample_bynode": 0.3, "model__colsample_bytree": 1.0, "model__learning_rate": 0.3, "model__max_depth": 7.0, "model__n_estimators": 29.0, "model__reg_lambda": 1.2999530592867101}, "datetime": {"datetime": "2021-03-27 14:52:06", "elapsed": 3.167715, "delta": 0.000225}}
{"target": -1.643438227188544, "params": {"model__colsample_bylevel": 0.3, "model__colsample_bynode": 0.3, "model__colsample_bytree": 1.0, "model__learning_rate": 0.3, "model__max_depth": 7.0, "model__n_estimators": 29.0, "model__reg_lambda": 1.2999530592867101}, "datetime": {"datetime": "2021-03-27 14:52:06", "elapsed": 3.167946, "delta": 0.000231}}
{"target": -1.8353919307768778, "params": {"model__colsample_bylevel": 1.0, "model__colsample_bynode": 1.0, "model__colsample_bytree": 0.3, "model__learning_rate": 0.3, "model__max_depth": 6.0, "model__n_estimators": 16.0, "model__reg_lambda": 0.0}, "datetime": {"datetime": "2021-03-27 14:52:06", "elapsed": 3.255183, "delta": 0.087237}}
{"target": -1.8353919307768778, "params": {"model__colsample_bylevel": 1.0, "model__colsample_bynode": 1.0, "model__colsample_bytree": 0.3, "model__learning_rate": 0.3, "model__max_depth": 6.0, "model__n_estimators": 16.0, "model__reg_lambda": 0.0}, "datetime": {"datetime": "2021-03-27 14:52:06", "elapsed": 3.255543, "delta": 0.00036}}
{"target": -1.8353919307768778, "params": {"model__colsample_bylevel": 1.0, "model__colsample_bynode": 1.0, "model__colsample_bytree": 0.3, "model__learning_rate": 0.3, "model__max_depth": 6.0, "model__n_estimators": 16.0, "model__reg_lambda": 0.0}, "datetime": {"datetime": "2021-03-27 14:52:06", "elapsed": 3.255804, "delta": 0.000261}}
{"target": -1.8353919307768778, "params": {"model__colsample_bylevel": 1.0, "model__colsample_bynode": 1.0, "model__colsample_bytree": 0.3, "model__learning_rate": 0.3, "model__max_depth": 6.0, "model__n_estimators": 16.0, "model__reg_lambda": 0.0}, "datetime": {"datetime": "2021-03-27 14:52:06", "elapsed": 3.256017, "delta": 0.000213}}
{"target": -1.8353919307768778, "params": {"model__colsample_bylevel": 1.0, "model__colsample_bynode": 1.0, "model__colsample_bytree": 0.3, "model__learning_rate": 0.3, "model__max_depth": 6.0, "model__n_estimators": 16.0, "model__reg_lambda": 0.0}, "datetime": {"datetime": "2021-03-27 14:52:06", "elapsed": 3.256222, "delta": 0.000205}}
{"target": -1.8353919307768778, "params": {"model__colsample_bylevel": 1.0, "model__colsample_bynode": 1.0, "model__colsample_bytree": 0.3, "model__learning_rate": 0.3, "model__max_depth": 6.0, "model__n_estimators": 16.0, "model__reg_lambda": 0.0}, "datetime": {"datetime": "2021-03-27 14:52:06", "elapsed": 3.256424, "delta": 0.000202}}
{"target": -1.8353919307768778, "params": {"model__colsample_bylevel": 1.0, "model__colsample_bynode": 1.0, "model__colsample_bytree": 0.3, "model__learning_rate": 0.3, "model__max_depth": 6.0, "model__n_estimators": 16.0, "model__reg_lambda": 0.0}, "datetime": {"datetime": "2021-03-27 14:52:06", "elapsed": 3.256637, "delta": 0.000213}}
{"target": -1.8353919307768778, "params": {"model__colsample_bylevel": 1.0, "model__colsample_bynode": 1.0, "model__colsample_bytree": 0.3, "model__learning_rate": 0.3, "model__max_depth": 6.0, "model__n_estimators": 16.0, "model__reg_lambda": 0.0}, "datetime": {"datetime": "2021-03-27 14:52:06", "elapsed": 3.256841, "delta": 0.000204}}
{"target": -1.8353919307768778, "params": {"model__colsample_bylevel": 1.0, "model__colsample_bynode": 1.0, "model__colsample_bytree": 0.3, "model__learning_rate": 0.3, "model__max_depth": 6.0, "model__n_estimators": 16.0, "model__reg_lambda": 0.0}, "datetime": {"datetime": "2021-03-27 14:52:06", "elapsed": 3.257039, "delta": 0.000198}}
{"target": -1.8353919307768778, "params": {"model__colsample_bylevel": 1.0, "model__colsample_bynode": 1.0, "model__colsample_bytree": 0.3, "model__learning_rate": 0.3, "model__max_depth": 6.0, "model__n_estimators": 16.0, "model__reg_lambda": 0.0}, "datetime": {"datetime": "2021-03-27 14:52:06", "elapsed": 3.257237, "delta": 0.000198}}
{"target": -1.8353919307768778, "params": {"model__colsample_bylevel": 1.0, "model__colsample_bynode": 1.0, "model__colsample_bytree": 0.3, "model__learning_rate": 0.3, "model__max_depth": 6.0, "model__n_estimators": 16.0, "model__reg_lambda": 0.0}, "datetime": {"datetime": "2021-03-27 14:52:06", "elapsed": 3.257434, "delta": 0.000197}}
{"target": -1.8353919307768778, "params": {"model__colsample_bylevel": 1.0, "model__colsample_bynode": 1.0, "model__colsample_bytree": 0.3, "model__learning_rate": 0.3, "model__max_depth": 6.0, "model__n_estimators": 16.0, "model__reg_lambda": 0.0}, "datetime": {"datetime": "2021-03-27 14:52:06", "elapsed": 3.257652, "delta": 0.000218}}
{"target": -1.728828100617165, "params": {"model__colsample_bylevel": 0.47860746301137314, "model__colsample_bynode": 0.9876997337074893, "model__colsample_bytree": 0.3032558878187438, "model__learning_rate": 0.27426886506518966, "model__max_depth": 5.0, "model__n_estimators": 30.0, "model__reg_lambda": 0.030201832498794046}, "datetime": {"datetime": "2021-03-27 14:52:06", "elapsed": 3.370157, "delta": 0.112505}}
{"target": -1.701144850237862, "params": {"model__colsample_bylevel": 0.6639811614530247, "model__colsample_bynode": 0.9952194911439693, "model__colsample_bytree": 0.3407121239493215, "model__learning_rate": 0.2940774792882499, "model__max_depth": 7.0, "model__n_estimators": 30.0, "model__reg_lambda": 1.8828375310726297}, "datetime": {"datetime": "2021-03-27 14:52:06", "elapsed": 3.481702, "delta": 0.111545}}
{"target": -1.6335785593891488, "params": {"model__colsample_bylevel": 0.3, "model__colsample_bynode": 0.3, "model__colsample_bytree": 1.0, "model__learning_rate": 0.3, "model__max_depth": 3.0, "model__n_estimators": 27.0, "model__reg_lambda": 0.5926360247478335}, "datetime": {"datetime": "2021-03-27 14:52:06", "elapsed": 3.576241, "delta": 0.094539}}
{"target": -1.7266776262256116, "params": {"model__colsample_bylevel": 0.3, "model__colsample_bynode": 1.0, "model__colsample_bytree": 0.3, "model__learning_rate": 0.3, "model__max_depth": 6.0, "model__n_estimators": 30.0, "model__reg_lambda": 1.1361098318163105}, "datetime": {"datetime": "2021-03-27 14:52:06", "elapsed": 3.697925, "delta": 0.121684}}
{"target": -1.7266776262256116, "params": {"model__colsample_bylevel": 0.3, "model__colsample_bynode": 1.0, "model__colsample_bytree": 0.3, "model__learning_rate": 0.3, "model__max_depth": 6.0, "model__n_estimators": 30.0, "model__reg_lambda": 1.1361098318163105}, "datetime": {"datetime": "2021-03-27 14:52:06", "elapsed": 3.6983, "delta": 0.000375}}
{"target": -1.7266776262256116, "params": {"model__colsample_bylevel": 0.3, "model__colsample_bynode": 1.0, "model__colsample_bytree": 0.3, "model__learning_rate": 0.3, "model__max_depth": 6.0, "model__n_estimators": 30.0, "model__reg_lambda": 1.1361098318163105}, "datetime": {"datetime": "2021-03-27 14:52:06", "elapsed": 3.698537, "delta": 0.000237}}
{"target": -1.7266776262256116, "params": {"model__colsample_bylevel": 0.3, "model__colsample_bynode": 1.0, "model__colsample_bytree": 0.3, "model__learning_rate": 0.3, "model__max_depth": 6.0, "model__n_estimators": 30.0, "model__reg_lambda": 1.1361098318163105}, "datetime": {"datetime": "2021-03-27 14:52:06", "elapsed": 3.698758, "delta": 0.000221}}
{"target": -1.7266776262256116, "params": {"model__colsample_bylevel": 0.3, "model__colsample_bynode": 1.0, "model__colsample_bytree": 0.3, "model__learning_rate": 0.3, "model__max_depth": 6.0, "model__n_estimators": 30.0, "model__reg_lambda": 1.1361098318163105}, "datetime": {"datetime": "2021-03-27 14:52:06", "elapsed": 3.698971, "delta": 0.000213}}
{"target": -1.7266776262256116, "params": {"model__colsample_bylevel": 0.3, "model__colsample_bynode": 1.0, "model__colsample_bytree": 0.3, "model__learning_rate": 0.3, "model__max_depth": 6.0, "model__n_estimators": 30.0, "model__reg_lambda": 1.1361098318163105}, "datetime": {"datetime": "2021-03-27 14:52:06", "elapsed": 3.699192, "delta": 0.000221}}
{"target": -1.7271300341232099, "params": {"model__colsample_bylevel": 0.3, "model__colsample_bynode": 0.3, "model__colsample_bytree": 0.5503198283604741, "model__learning_rate": 0.3, "model__max_depth": 4.0, "model__n_estimators": 27.0, "model__reg_lambda": 0.0}, "datetime": {"datetime": "2021-03-27 14:52:07", "elapsed": 3.792663, "delta": 0.093471}}
{"target": -1.7055398256517946, "params": {"model__colsample_bylevel": 0.3, "model__colsample_bynode": 0.3, "model__colsample_bytree": 1.0, "model__learning_rate": 0.3, "model__max_depth": 6.0, "model__n_estimators": 28.0, "model__reg_lambda": 0.0}, "datetime": {"datetime": "2021-03-27 14:52:07", "elapsed": 3.908219, "delta": 0.115556}}
{"target": -1.7221038789110448, "params": {"model__colsample_bylevel": 0.3, "model__colsample_bynode": 0.3, "model__colsample_bytree": 1.0, "model__learning_rate": 0.3, "model__max_depth": 8.0, "model__n_estimators": 26.0, "model__reg_lambda": 0.0}, "datetime": {"datetime": "2021-03-27 14:52:07", "elapsed": 4.012954, "delta": 0.104735}}
{"target": -1.715461917847827, "params": {"model__colsample_bylevel": 0.966778173340935, "model__colsample_bynode": 0.3, "model__colsample_bytree": 0.3, "model__learning_rate": 0.3, "model__max_depth": 3.0, "model__n_estimators": 30.0, "model__reg_lambda": 0.0}, "datetime": {"datetime": "2021-03-27 14:52:07", "elapsed": 4.106207, "delta": 0.093253}}
{"target": -1.715461917847827, "params": {"model__colsample_bylevel": 0.966778173340935, "model__colsample_bynode": 0.3, "model__colsample_bytree": 0.3, "model__learning_rate": 0.3, "model__max_depth": 3.0, "model__n_estimators": 30.0, "model__reg_lambda": 0.0}, "datetime": {"datetime": "2021-03-27 14:52:07", "elapsed": 4.10663, "delta": 0.000423}}
{"target": -1.620861365797295, "params": {"model__colsample_bylevel": 0.3, "model__colsample_bynode": 0.3, "model__colsample_bytree": 1.0, "model__learning_rate": 0.3, "model__max_depth": 6.0, "model__n_estimators": 27.0, "model__reg_lambda": 0.5775163477133792}, "datetime": {"datetime": "2021-03-27 14:52:07", "elapsed": 4.212022, "delta": 0.105392}}
{"target": -1.6328319076259714, "params": {"model__colsample_bylevel": 0.3, "model__colsample_bynode": 0.3, "model__colsample_bytree": 1.0, "model__learning_rate": 0.3, "model__max_depth": 7.0, "model__n_estimators": 28.0, "model__reg_lambda": 1.513198912970688}, "datetime": {"datetime": "2021-03-27 14:52:07", "elapsed": 4.319493, "delta": 0.107471}}
{"target": -1.6328319076259714, "params": {"model__colsample_bylevel": 0.3, "model__colsample_bynode": 0.3, "model__colsample_bytree": 1.0, "model__learning_rate": 0.3, "model__max_depth": 7.0, "model__n_estimators": 28.0, "model__reg_lambda": 1.513198912970688}, "datetime": {"datetime": "2021-03-27 14:52:07", "elapsed": 4.319941, "delta": 0.000448}}
{"target": -1.6328319076259714, "params": {"model__colsample_bylevel": 0.3, "model__colsample_bynode": 0.3, "model__colsample_bytree": 1.0, "model__learning_rate": 0.3, "model__max_depth": 7.0, "model__n_estimators": 28.0, "model__reg_lambda": 1.513198912970688}, "datetime": {"datetime": "2021-03-27 14:52:07", "elapsed": 4.32025, "delta": 0.000309}}
{"target": -1.6328319076259714, "params": {"model__colsample_bylevel": 0.3, "model__colsample_bynode": 0.3, "model__colsample_bytree": 1.0, "model__learning_rate": 0.3, "model__max_depth": 7.0, "model__n_estimators": 28.0, "model__reg_lambda": 1.513198912970688}, "datetime": {"datetime": "2021-03-27 14:52:07", "elapsed": 4.320541, "delta": 0.000291}}
{"target": -1.6328319076259714, "params": {"model__colsample_bylevel": 0.3, "model__colsample_bynode": 0.3, "model__colsample_bytree": 1.0, "model__learning_rate": 0.3, "model__max_depth": 7.0, "model__n_estimators": 28.0, "model__reg_lambda": 1.513198912970688}, "datetime": {"datetime": "2021-03-27 14:52:07", "elapsed": 4.320826, "delta": 0.000285}}
{"target": -1.6034985486714952, "params": {"model__colsample_bylevel": 0.3, "model__colsample_bynode": 0.3, "model__colsample_bytree": 1.0, "model__learning_rate": 0.3, "model__max_depth": 8.0, "model__n_estimators": 26.0, "model__reg_lambda": 2.7300082338664744}, "datetime": {"datetime": "2021-03-27 14:52:07", "elapsed": 4.427368, "delta": 0.106542}}
{"target": -1.6034985486714952, "params": {"model__colsample_bylevel": 0.3, "model__colsample_bynode": 0.3, "model__colsample_bytree": 1.0, "model__learning_rate": 0.3, "model__max_depth": 8.0, "model__n_estimators": 26.0, "model__reg_lambda": 2.7300082338664744}, "datetime": {"datetime": "2021-03-27 14:52:07", "elapsed": 4.427775, "delta": 0.000407}}
{"target": -1.6034985486714952, "params": {"model__colsample_bylevel": 0.3, "model__colsample_bynode": 0.3, "model__colsample_bytree": 1.0, "model__learning_rate": 0.3, "model__max_depth": 8.0, "model__n_estimators": 26.0, "model__reg_lambda": 2.7300082338664744}, "datetime": {"datetime": "2021-03-27 14:52:07", "elapsed": 4.428059, "delta": 0.000284}}
{"target": -1.6034985486714952, "params": {"model__colsample_bylevel": 0.3, "model__colsample_bynode": 0.3, "model__colsample_bytree": 1.0, "model__learning_rate": 0.3, "model__max_depth": 8.0, "model__n_estimators": 26.0, "model__reg_lambda": 2.7300082338664744}, "datetime": {"datetime": "2021-03-27 14:52:07", "elapsed": 4.4283, "delta": 0.000241}}
{"target": -1.6034985486714952, "params": {"model__colsample_bylevel": 0.3, "model__colsample_bynode": 0.3, "model__colsample_bytree": 1.0, "model__learning_rate": 0.3, "model__max_depth": 8.0, "model__n_estimators": 26.0, "model__reg_lambda": 2.7300082338664744}, "datetime": {"datetime": "2021-03-27 14:52:07", "elapsed": 4.428529, "delta": 0.000229}}
{"target": -1.6034985486714952, "params": {"model__colsample_bylevel": 0.3, "model__colsample_bynode": 0.3, "model__colsample_bytree": 1.0, "model__learning_rate": 0.3, "model__max_depth": 8.0, "model__n_estimators": 26.0, "model__reg_lambda": 2.7300082338664744}, "datetime": {"datetime": "2021-03-27 14:52:07", "elapsed": 4.42875, "delta": 0.000221}}
{"target": -1.6034985486714952, "params": {"model__colsample_bylevel": 0.3, "model__colsample_bynode": 0.3, "model__colsample_bytree": 1.0, "model__learning_rate": 0.3, "model__max_depth": 8.0, "model__n_estimators": 26.0, "model__reg_lambda": 2.7300082338664744}, "datetime": {"datetime": "2021-03-27 14:52:07", "elapsed": 4.428981, "delta": 0.000231}}
{"target": -1.7262281404430238, "params": {"model__colsample_bylevel": 0.3, "model__colsample_bynode": 1.0, "model__colsample_bytree": 1.0, "model__learning_rate": 0.3, "model__max_depth": 7.0, "model__n_estimators": 18.0, "model__reg_lambda": 0.0}, "datetime": {"datetime": "2021-03-27 14:52:07", "elapsed": 4.537184, "delta": 0.108203}}
{"target": -1.8216798792957611, "params": {"model__colsample_bylevel": 1.0, "model__colsample_bynode": 1.0, "model__colsample_bytree": 0.3, "model__learning_rate": 0.3, "model__max_depth": 7.0, "model__n_estimators": 24.0, "model__reg_lambda": 0.0}, "datetime": {"datetime": "2021-03-27 14:52:07", "elapsed": 4.648527, "delta": 0.111343}}
{"target": -1.8216798792957611, "params": {"model__colsample_bylevel": 1.0, "model__colsample_bynode": 1.0, "model__colsample_bytree": 0.3, "model__learning_rate": 0.3, "model__max_depth": 7.0, "model__n_estimators": 24.0, "model__reg_lambda": 0.0}, "datetime": {"datetime": "2021-03-27 14:52:07", "elapsed": 4.648927, "delta": 0.0004}}
{"target": -1.6989666666889534, "params": {"model__colsample_bylevel": 0.9645270563743844, "model__colsample_bynode": 0.9784250615063763, "model__colsample_bytree": 0.3050525853852948, "model__learning_rate": 0.2969643514012727, "model__max_depth": 5.0, "model__n_estimators": 24.0, "model__reg_lambda": 1.3576124803661338}, "datetime": {"datetime": "2021-03-27 14:52:07", "elapsed": 4.741569, "delta": 0.092642}}
{"target": -1.5887409690092655, "params": {"model__colsample_bylevel": 0.3, "model__colsample_bynode": 0.3, "model__colsample_bytree": 1.0, "model__learning_rate": 0.3, "model__max_depth": 5.0, "model__n_estimators": 30.0, "model__reg_lambda": 2.5043983346451437}, "datetime": {"datetime": "2021-03-27 14:52:08", "elapsed": 4.855274, "delta": 0.113705}}
{"target": -1.6135779186246402, "params": {"model__colsample_bylevel": 0.3, "model__colsample_bynode": 0.3, "model__colsample_bytree": 1.0, "model__learning_rate": 0.3, "model__max_depth": 8.0, "model__n_estimators": 30.0, "model__reg_lambda": 2.2873633023778552}, "datetime": {"datetime": "2021-03-27 14:52:08", "elapsed": 4.976185, "delta": 0.120911}}
{"target": -1.6286538969104487, "params": {"model__colsample_bylevel": 0.3, "model__colsample_bynode": 1.0, "model__colsample_bytree": 1.0, "model__learning_rate": 0.3, "model__max_depth": 6.0, "model__n_estimators": 27.0, "model__reg_lambda": 4.524461592882262}, "datetime": {"datetime": "2021-03-27 14:52:08", "elapsed": 5.092852, "delta": 0.116667}}
{"target": -1.6286538969104487, "params": {"model__colsample_bylevel": 0.3, "model__colsample_bynode": 1.0, "model__colsample_bytree": 1.0, "model__learning_rate": 0.3, "model__max_depth": 6.0, "model__n_estimators": 27.0, "model__reg_lambda": 4.524461592882262}, "datetime": {"datetime": "2021-03-27 14:52:08", "elapsed": 5.093254, "delta": 0.000402}}
{"target": -1.5991534428104113, "params": {"model__colsample_bylevel": 1.0, "model__colsample_bynode": 0.3, "model__colsample_bytree": 1.0, "model__learning_rate": 0.3, "model__max_depth": 7.0, "model__n_estimators": 30.0, "model__reg_lambda": 8.559343015505158}, "datetime": {"datetime": "2021-03-27 14:52:08", "elapsed": 5.221639, "delta": 0.128385}}
{"target": -1.5881623707819676, "params": {"model__colsample_bylevel": 0.9200821231031391, "model__colsample_bynode": 0.35616344543935075, "model__colsample_bytree": 0.8625120529528605, "model__learning_rate": 0.23669407037870885, "model__max_depth": 5.0, "model__n_estimators": 25.0, "model__reg_lambda": 2.826662622956666}, "datetime": {"datetime": "2021-03-27 14:52:08", "elapsed": 5.328108, "delta": 0.106469}}
{"target": -1.5881623707819676, "params": {"model__colsample_bylevel": 0.9200821231031391, "model__colsample_bynode": 0.35616344543935075, "model__colsample_bytree": 0.8625120529528605, "model__learning_rate": 0.23669407037870885, "model__max_depth": 5.0, "model__n_estimators": 25.0, "model__reg_lambda": 2.826662622956666}, "datetime": {"datetime": "2021-03-27 14:52:08", "elapsed": 5.32859, "delta": 0.000482}}
{"target": -1.5648773196868706, "params": {"model__colsample_bylevel": 0.9288476845026115, "model__colsample_bynode": 0.3, "model__colsample_bytree": 1.0, "model__learning_rate": 0.3, "model__max_depth": 5.0, "model__n_estimators": 27.0, "model__reg_lambda": 5.1261769264164805}, "datetime": {"datetime": "2021-03-27 14:52:08", "elapsed": 5.43175, "delta": 0.10316}}
{"target": -1.5879977375214946, "params": {"model__colsample_bylevel": 0.3, "model__colsample_bynode": 1.0, "model__colsample_bytree": 0.9780034614852757, "model__learning_rate": 0.3, "model__max_depth": 8.0, "model__n_estimators": 28.0, "model__reg_lambda": 5.321603457067248}, "datetime": {"datetime": "2021-03-27 14:52:08", "elapsed": 5.536586, "delta": 0.104836}}
