{"target": -1.6547977177993112, "params": {"model__colsample_bylevel": 0.999999998183932, "model__colsample_bynode": 0.3, "model__colsample_bytree": 0.35861461681034956, "model__learning_rate": 0.3, "model__max_depth": 4.0, "model__n_estimators": 29.0, "model__reg_lambda": 2.597475972619512}, "datetime": {"datetime": "2021-03-27 14:52:03", "elapsed": 0.0, "delta": 0.0}}
{"target": -1.6506260196907796, "params": {"model__colsample_bylevel": 0.3, "model__colsample_bynode": 1.0, "model__colsample_bytree": 0.3, "model__learning_rate": 0.3, "model__max_depth": 5.0, "model__n_estimators": 28.0, "model__reg_lambda": 2.445978412994987}, "datetime": {"datetime": "2021-03-27 14:52:03", "elapsed": 0.101388, "delta": 0.101388}}
{"target": -1.5636081068520096, "params": {"model__colsample_bylevel": 0.6310644289849315, "model__colsample_bynode": 0.3, "model__colsample_bytree": 1.0, "model__learning_rate": 0.3, "model__max_depth": 4.0, "model__n_estimators": 29.0, "model__reg_lambda": 8.127083395450825}, "datetime": {"datetime": "2021-03-27 14:52:03", "elapsed": 0.199011, "delta": 0.097623}}
{"target": -1.6176757563607418, "params": {"model__colsample_bylevel": 0.3, "model__colsample_bynode": 1.0, "model__colsample_bytree": 1.0, "model__learning_rate": 0.3, "model__max_depth": 2.0, "model__n_estimators": 26.0, "model__reg_lambda": 0.0}, "datetime": {"datetime": "2021-03-27 14:52:03", "elapsed": 0.282005, "delta": 0.082994}}
{"target": -1.6176757563607418, "params": {"model__colsample_bylevel": 0.3, "model__colsample_bynode": 1.0, "model__colsample_bytree": 1.0, "model__learning_rate": 0.3, "model__max_depth": 2.0, "model__n_estimators": 26.0, "model__reg_lambda": 0.0}, "datetime": {"datetime": "2021-03-27 14:52:03", "elapsed": 0.282322, "delta": 0.000317}}
{"target": -1.5995707421091154, "params": {"model__colsample_bylevel": 1.0, "model__colsample_bynode": 0.3, "model__colsample_bytree": 1.0, "model__learning_rate": 0.3, "model__max_depth": 2.0, "model__n_estimators": 30.0, "model__reg_lambda": 1.64551885384336}, "datetime": {"datetime": "2021-03-27 14:52:03", "elapsed": 0.371592, "delta": 0.08927}}
{"target": -1.660227924531353, "params": {"model__colsample_bylevel": 1.0, "model__colsample_bynode": 0.7230456488597604, "model__colsample_bytree": 0.3, "model__learning_rate": 0.3, "model__max_depth": 7.0, "model__n_estimators": 25.0, "model__reg_lambda": 3.0652730075320616}, "datetime": {"datetime": "2021-03-27 14:52:03", "elapsed": 0.478545, "delta": 0.106953}}
{"target": -1.6511658906450737, "params": {"model__colsample_bylevel": 1.0, "model__colsample_bynode": 1.0, "model__colsample_bytree": 0.3, "model__learning_rate": 0.3, "model__max_depth": 2.0, "model__n_estimators": 30.0, "model__reg_lambda": 0.0}, "datetime": {"datetime": "2021-03-27 14:52:03", "elapsed": 0.57117, "delta": 0.092625}}
{"target": -1.6511658906450737, "params": {"model__colsample_bylevel": 1.0, "model__colsample_bynode": 1.0, "model__colsample_bytree": 0.3, "model__learning_rate": 0.3, "model__max_depth": 2.0, "model__n_estimators": 30.0, "model__reg_lambda": 0.0}, "datetime": {"datetime": "2021-03-27 14:52:03", "elapsed": 0.571462, "delta": 0.000292}}
{"target": -1.8134015821946274, "params": {"model__colsample_bylevel": 1.0, "model__colsample_bynode": 0.3, "model__colsample_bytree": 0.3, "model__learning_rate": 0.3, "model__max_depth": 6.0, "model__n_estimators": 29.0, "model__reg_lambda": 0.0}, "datetime": {"datetime": "2021-03-27 14:52:03", "elapsed": 0.674334, "delta": 0.102872}}
{"target": -1.7072941800822385, "params": {"model__colsample_bylevel": 0.3, "model__colsample_bynode": 1.0, "model__colsample_bytree": 0.3, "model__learning_rate": 0.3, "model__max_depth": 3.0, "model__n_estimators": 27.0, "model__reg_lambda": 0.0}, "datetime": {"datetime": "2021-03-27 14:52:04", "elapsed": 0.755056, "delta": 0.080722}}
{"target": -1.6481128717678182, "params": {"model__colsample_bylevel": 0.9005692246328567, "model__colsample_bynode": 0.3309131925319467, "model__colsample_bytree": 0.40116326893941884, "model__learning_rate": 0.2742604998626539, "model__max_depth": 3.0, "model__n_estimators": 30.0, "model__reg_lambda": 0.6535690177676157}, "datetime": {"datetime": "2021-03-27 14:52:04", "elapsed": 0.840419, "delta": 0.085363}}
{"target": -1.6481128717678182, "params": {"model__colsample_bylevel": 0.9005692246328567, "model__colsample_bynode": 0.3309131925319467, "model__colsample_bytree": 0.40116326893941884, "model__learning_rate": 0.2742604998626539, "model__max_depth": 3.0, "model__n_estimators": 30.0, "model__reg_lambda": 0.6535690177676157}, "datetime": {"datetime": "2021-03-27 14:52:04", "elapsed": 0.840749, "delta": 0.00033}}
{"target": -1.6481128717678182, "params": {"model__colsample_bylevel": 0.9005692246328567, "model__colsample_bynode": 0.3309131925319467, "model__colsample_bytree": 0.40116326893941884, "model__learning_rate": 0.2742604998626539, "model__max_depth": 3.0, "model__n_estimators": 30.0, "model__reg_lambda": 0.6535690177676157}, "datetime": {"datetime": "2021-03-27 14:52:04", "elapsed": 0.840928, "delta": 0.000179}}
{"target": -1.6481128717678182, "params": {"model__colsample_bylevel": 0.9005692246328567, "model__colsample_bynode": 0.3309131925319467, "model__colsample_bytree": 0.40116326893941884, "model__learning_rate": 0.2742604998626539, "model__max_depth": 3.0, "model__n_estimators": 30.0, "model__reg_lambda": 0.6535690177676157}, "datetime": {"datetime": "2021-03-27 14:52:04", "elapsed": 0.841095, "delta": 0.000167}}
{"target": -1.6792363384819549, "params": {"model__colsample_bylevel": 0.3, "model__colsample_bynode": 1.0, "model__colsample_bytree": 0.3, "model__learning_rate": 0.3, "model__max_depth": 8.0, "model__n_estimators": 29.0, "model__reg_lambda": 2.809055168948987}, "datetime": {"datetime": "2021-03-27 14:52:04", "elapsed": 0.95989, "delta": 0.118795}}
{"target": -1.6211230657940756, "params": {"model__colsample_bylevel": 0.3, "model__colsample_bynode": 0.30000000000000004, "model__colsample_bytree": 1.0, "model__learning_rate": 0.3, "model__max_depth": 2.0, "model__n_estimators": 30.0, "model__reg_lambda": 0.0}, "datetime": {"datetime": "2021-03-27 14:52:04", "elapsed": 1.048623, "delta": 0.088733}}
{"target": -1.6054594132347382, "params": {"model__colsample_bylevel": 0.35528163046478134, "model__colsample_bynode": 0.4871789210833196, "model__colsample_bytree": 0.8234319661626395, "model__learning_rate": 0.29865280306489583, "model__max_depth": 3.0, "model__n_estimators": 29.0, "model__reg_lambda": 0.03421353007724948}, "datetime": {"datetime": "2021-03-27 14:52:04", "elapsed": 1.138126, "delta": 0.089503}}
{"target": -1.6054594132347382, "params": {"model__colsample_bylevel": 0.35528163046478134, "model__colsample_bynode": 0.4871789210833196, "model__colsample_bytree": 0.8234319661626395, "model__learning_rate": 0.29865280306489583, "model__max_depth": 3.0, "model__n_estimators": 29.0, "model__reg_lambda": 0.03421353007724948}, "datetime": {"datetime": "2021-03-27 14:52:04", "elapsed": 1.138457, "delta": 0.000331}}
{"target": -1.6054594132347382, "params": {"model__colsample_bylevel": 0.35528163046478134, "model__colsample_bynode": 0.4871789210833196, "model__colsample_bytree": 0.8234319661626395, "model__learning_rate": 0.29865280306489583, "model__max_depth": 3.0, "model__n_estimators": 29.0, "model__reg_lambda": 0.03421353007724948}, "datetime": {"datetime": "2021-03-27 14:52:04", "elapsed": 1.138695, "delta": 0.000238}}
{"target": -1.6054594132347382, "params": {"model__colsample_bylevel": 0.35528163046478134, "model__colsample_bynode": 0.4871789210833196, "model__colsample_bytree": 0.8234319661626395, "model__learning_rate": 0.29865280306489583, "model__max_depth": 3.0, "model__n_estimators": 29.0, "model__reg_lambda": 0.03421353007724948}, "datetime": {"datetime": "2021-03-27 14:52:04", "elapsed": 1.138922, "delta": 0.000227}}
{"target": -1.6054594132347382, "params": {"model__colsample_bylevel": 0.35528163046478134, "model__colsample_bynode": 0.4871789210833196, "model__colsample_bytree": 0.8234319661626395, "model__learning_rate": 0.29865280306489583, "model__max_depth": 3.0, "model__n_estimators": 29.0, "model__reg_lambda": 0.03421353007724948}, "datetime": {"datetime": "2021-03-27 14:52:04", "elapsed": 1.139155, "delta": 0.000233}}
{"target": -1.6713843788789664, "params": {"model__colsample_bylevel": 0.3, "model__colsample_bynode": 1.0, "model__colsample_bytree": 0.3, "model__learning_rate": 0.3, "model__max_depth": 4.0, "model__n_estimators": 30.0, "model__reg_lambda": 2.2070523787527936}, "datetime": {"datetime": "2021-03-27 14:52:04", "elapsed": 1.252268, "delta": 0.113113}}
{"target": -1.6713843788789664, "params": {"model__colsample_bylevel": 0.3, "model__colsample_bynode": 1.0, "model__colsample_bytree": 0.3, "model__learning_rate": 0.3, "model__max_depth": 4.0, "model__n_estimators": 30.0, "model__reg_lambda": 2.2070523787527936}, "datetime": {"datetime": "2021-03-27 14:52:04", "elapsed": 1.252572, "delta": 0.000304}}
{"target": -1.6029499738814608, "params": {"model__colsample_bylevel": 0.3, "model__colsample_bynode": 0.3, "model__colsample_bytree": 1.0, "model__learning_rate": 0.3, "model__max_depth": 3.0, "model__n_estimators": 30.0, "model__reg_lambda": 1.9215172858249447}, "datetime": {"datetime": "2021-03-27 14:52:04", "elapsed": 1.345544, "delta": 0.092972}}
{"target": -1.6893577507980493, "params": {"model__colsample_bylevel": 0.314259179296092, "model__colsample_bynode": 0.9600838180004998, "model__colsample_bytree": 0.3150193472292025, "model__learning_rate": 0.26148670352809134, "model__max_depth": 7.0, "model__n_estimators": 28.0, "model__reg_lambda": 2.143234346456425}, "datetime": {"datetime": "2021-03-27 14:52:04", "elapsed": 1.458859, "delta": 0.113315}}
{"target": -1.7680194225648176, "params": {"model__colsample_bylevel": 0.3, "model__colsample_bynode": 1.0, "model__colsample_bytree": 0.3, "model__learning_rate": 0.3, "model__max_depth": 5.0, "model__n_estimators": 24.0, "model__reg_lambda": 0.0}, "datetime": {"datetime": "2021-03-27 14:52:04", "elapsed": 1.552789, "delta": 0.09393}}
{"target": -1.7680194225648176, "params": {"model__colsample_bylevel": 0.3, "model__colsample_bynode": 1.0, "model__colsample_bytree": 0.3, "model__learning_rate": 0.3, "model__max_depth": 5.0, "model__n_estimators": 24.0, "model__reg_lambda": 0.0}, "datetime": {"datetime": "2021-03-27 14:52:04", "elapsed": 1.553095, "delta": 0.000306}}
{"target": -1.7680194225648176, "params": {"model__colsample_bylevel": 0.3, "model__colsample_bynode": 1.0, "model__colsample_bytree": 0.3, "model__learning_rate": 0.3, "model__max_depth": 5.0, "model__n_estimators": 24.0, "model__reg_lambda": 0.0}, "datetime": {"datetime": "2021-03-27 14:52:04", "elapsed": 1.553292, "delta": 0.000197}}
{"target": -1.6625561074232276, "params": {"model__colsample_bylevel": 0.3, "model__colsample_bynode": 0.3, "model__colsample_bytree": 1.0, "model__learning_rate": 0.3, "model__max_depth": 3.0, "model__n_estimators": 25.0, "model__reg_lambda": 0.0}, "datetime": {"datetime": "2021-03-27 14:52:04", "elapsed": 1.641985, "delta": 0.088693}}
{"target": -1.6381788231054508, "params": {"model__colsample_bylevel": 1.0, "model__colsample_bynode": 0.3, "model__colsample_bytree": 0.45391775758533404, "model__learning_rate": 0.3, "model__max_depth": 2.0, "model__n_estimators": 30.0, "model__reg_lambda": 0.0}, "datetime": {"datetime": "2021-03-27 14:52:04", "elapsed": 1.721227, "delta": 0.079242}}
{"target": -1.7466752451723035, "params": {"model__colsample_bylevel": 0.3, "model__colsample_bynode": 0.3, "model__colsample_bytree": 1.0, "model__learning_rate": 0.3, "model__max_depth": 7.0, "model__n_estimators": 30.0, "model__reg_lambda": 0.0}, "datetime": {"datetime": "2021-03-27 14:52:05", "elapsed": 1.830261, "delta": 0.109034}}
{"target": -1.6539289345991783, "params": {"model__colsample_bylevel": 0.3418012586536409, "model__colsample_bynode": 0.8604970814541173, "model__colsample_bytree": 0.41062645052323987, "model__learning_rate": 0.2975596014205977, "model__max_depth": 3.0, "model__n_estimators": 30.0, "model__reg_lambda": 1.412086944267038}, "datetime": {"datetime": "2021-03-27 14:52:05", "elapsed": 1.916922, "delta": 0.086661}}
{"target": -1.6539289345991783, "params": {"model__colsample_bylevel": 0.3418012586536409, "model__colsample_bynode": 0.8604970814541173, "model__colsample_bytree": 0.41062645052323987, "model__learning_rate": 0.2975596014205977, "model__max_depth": 3.0, "model__n_estimators": 30.0, "model__reg_lambda": 1.412086944267038}, "datetime": {"datetime": "2021-03-27 14:52:05", "elapsed": 1.917249, "delta": 0.000327}}
{"target": -1.6539289345991783, "params": {"model__colsample_bylevel": 0.3418012586536409, "model__colsample_bynode": 0.8604970814541173, "model__colsample_bytree": 0.41062645052323987, "model__learning_rate": 0.2975596014205977, "model__max_depth": 3.0, "model__n_estimators": 30.0, "model__reg_lambda": 1.412086944267038}, "datetime": {"datetime": "2021-03-27 14:52:05", "elapsed": 1.917469, "delta": 0.00022}}
{"target": -1.6539289345991783, "params": {"model__colsample_bylevel": 0.3418012586536409, "model__colsample_bynode": 0.8604970814541173, "model__colsample_bytree": 0.41062645052323987, "model__learning_rate": 0.2975596014205977, "model__max_depth": 3.0, "model__n_estimators": 30.0, "model__reg_lambda": 1.412086944267038}, "datetime": {"datetime": "2021-03-27 14:52:05", "elapsed": 1.917669, "delta": 0.0002}}
{"target": -1.7006772334107023, "params": {"model__colsample_bylevel": 1.0, "model__colsample_bynode": 1.0, "model__colsample_bytree": 0.3, "model__learning_rate": 0.3, "model__max_depth": 4.0, "model__n_estimators": 30.0, "model__reg_lambda": 2.1825850489808487}, "datetime": {"datetime": "2021-03-27 14:52:05", "elapsed": 2.035226, "delta": 0.117557}}
{"target": -1.7364632524981882, "params": {"model__colsample_bylevel": 0.3, "model__colsample_bynode": 1.0, "model__colsample_bytree": 0.3, "model__learning_rate": 0.3, "model__max_depth": 5.0, "model__n_estimators": 28.0, "model__reg_lambda": 0.8382116135851819}, "datetime": {"datetime": "2021-03-27 14:52:05", "elapsed": 2.148315, "delta": 0.113089}}
{"target": -1.7364632524981882, "params": {"model__colsample_bylevel": 0.3, "model__colsample_bynode": 1.0, "model__colsample_bytree": 0.3, "model__learning_rate": 0.3, "model__max_depth": 5.0, "model__n_estimators": 28.0, "model__reg_lambda": 0.8382116135851819}, "datetime": {"datetime": "2021-03-27 14:52:05", "elapsed": 2.148669, "delta": 0.000354}}
{"target": -1.7364632524981882, "params": {"model__colsample_bylevel": 0.3, "model__colsample_bynode": 1.0, "model__colsample_bytree": 0.3, "model__learning_rate": 0.3, "model__max_depth": 5.0, "model__n_estimators": 28.0, "model__reg_lambda": 0.8382116135851819}, "datetime": {"datetime": "2021-03-27 14:52:05", "elapsed": 2.14889, "delta": 0.000221}}
{"target": -1.6401767100544944, "params": {"model__colsample_bylevel": 1.0, "model__colsample_bynode": 0.3, "model__colsample_bytree": 0.3, "model__learning_rate": 0.3, "model__max_depth": 3.0, "model__n_estimators": 24.0, "model__reg_lambda": 1.720422546602969}, "datetime": {"datetime": "2021-03-27 14:52:05", "elapsed": 2.226227, "delta": 0.077337}}
{"target": -1.6401767100544944, "params": {"model__colsample_bylevel": 1.0, "model__colsample_bynode": 0.3, "model__colsample_bytree": 0.3, "model__learning_rate": 0.3, "model__max_depth": 3.0, "model__n_estimators": 24.0, "model__reg_lambda": 1.720422546602969}, "datetime": {"datetime": "2021-03-27 14:52:05", "elapsed": 2.226565, "delta": 0.000338}}
{"target": -1.694928091418916, "params": {"model__colsample_bylevel": 0.37628503985162537, "model__colsample_bynode": 1.0, "model__colsample_bytree": 0.3, "model__learning_rate": 0.3, "model__max_depth": 8.0, "model__n_estimators": 29.0, "model__reg_lambda": 2.0745089240899484}, "datetime": {"datetime": "2021-03-27 14:52:05", "elapsed": 2.339373, "delta": 0.112808}}
{"target": -1.694928091418916, "params": {"model__colsample_bylevel": 0.37628503985162537, "model__colsample_bynode": 1.0, "model__colsample_bytree": 0.3, "model__learning_rate": 0.3, "model__max_depth": 8.0, "model__n_estimators": 29.0, "model__reg_lambda": 2.0745089240899484}, "datetime": {"datetime": "2021-03-27 14:52:05", "elapsed": 2.339798, "delta": 0.000425}}
{"target": -1.6704953476408686, "params": {"model__colsample_bylevel": 1.0, "model__colsample_bynode": 0.3, "model__colsample_bytree": 0.3, "model__learning_rate": 0.3, "model__max_depth": 5.0, "model__n_estimators": 30.0, "model__reg_lambda": 1.6511553127175773}, "datetime": {"datetime": "2021-03-27 14:52:05", "elapsed": 2.447019, "delta": 0.107221}}
{"target": -1.682822374114092, "params": {"model__colsample_bylevel": 1.0, "model__colsample_bynode": 1.0, "model__colsample_bytree": 0.3, "model__learning_rate": 0.3, "model__max_depth": 3.0, "model__n_estimators": 29.0, "model__reg_lambda": 1.8030217383470375}, "datetime": {"datetime": "2021-03-27 14:52:05", "elapsed": 2.5529, "delta": 0.105881}}
{"target": -1.682822374114092, "params": {"model__colsample_bylevel": 1.0, "model__colsample_bynode": 1.0, "model__colsample_bytree": 0.3, "model__learning_rate": 0.3, "model__max_depth": 3.0, "model__n_estimators": 29.0, "model__reg_lambda": 1.8030217383470375}, "datetime": {"datetime": "2021-03-27 14:52:05", "elapsed": 2.553262, "delta": 0.000362}}
{"target": -1.682822374114092, "params": {"model__colsample_bylevel": 1.0, "model__colsample_bynode": 1.0, "model__colsample_bytree": 0.3, "model__learning_rate": 0.3, "model__max_depth": 3.0, "model__n_estimators": 29.0, "model__reg_lambda": 1.8030217383470375}, "datetime": {"datetime": "2021-03-27 14:52:05", "elapsed": 2.553487, "delta": 0.000225}}
{"target": -1.682822374114092, "params": {"model__colsample_bylevel": 1.0, "model__colsample_bynode": 1.0, "model__colsample_bytree": 0.3, "model__learning_rate": 0.3, "model__max_depth": 3.0, "model__n_estimators": 29.0, "model__reg_lambda": 1.8030217383470375}, "datetime": {"datetime": "2021-03-27 14:52:05", "elapsed": 2.553686, "delta": 0.000199}}
{"target": -1.682822374114092, "params": {"model__colsample_bylevel": 1.0, "model__colsample_bynode": 1.0, "model__colsample_bytree": 0.3, "model__learning_rate": 0.3, "model__max_depth": 3.0, "model__n_estimators": 29.0, "model__reg_lambda": 1.8030217383470375}, "datetime": {"datetime": "2021-03-27 14:52:05", "elapsed": 2.553876, "delta": 0.00019}}
{"target": -1.682822374114092, "params": {"model__colsample_bylevel": 1.0, "model__colsample_bynode": 1.0, "model__colsample_bytree": 0.3, "model__learning_rate": 0.3, "model__max_depth": 3.0, "model__n_estimators": 29.0, "model__reg_lambda": 1.8030217383470375}, "datetime": {"datetime": "2021-03-27 14:52:05", "elapsed": 2.554081, "delta": 0.000205}}
{"target": -1.7395212630268886, "params": {"model__colsample_bylevel": 0.3, "model__colsample_bynode": 0.3, "model__colsample_bytree": 0.3, "model__learning_rate": 0.3, "model__max_depth": 8.0, "model__n_estimators": 28.0, "model__reg_lambda": 0.9868765988883603}, "datetime": {"datetime": "2021-03-27 14:52:05", "elapsed": 2.664808, "delta": 0.110727}}
{"target": -1.7395212630268886, "params": {"model__colsample_bylevel": 0.3, "model__colsample_bynode": 0.3, "model__colsample_bytree": 0.3, "model__learning_rate": 0.3, "model__max_depth": 8.0, "model__n_estimators": 28.0, "model__reg_lambda": 0.9868765988883603}, "datetime": {"datetime": "2021-03-27 14:52:05", "elapsed": 2.665168, "delta": 0.00036}}
{"target": -1.8522039500834502, "params": {"model__colsample_bylevel": 0.3, "model__colsample_bynode": 0.3, "model__colsample_bytree": 0.3, "model__learning_rate": 0.3, "model__max_depth": 7.0, "model__n_estimators": 30.0, "model__reg_lambda": 0.0}, "datetime": {"datetime": "2021-03-27 14:52:06", "elapsed": 2.775209, "delta": 0.110041}}
{"target": -1.6312681756913663, "params": {"model__colsample_bylevel": 0.5714863923596051, "model__colsample_bynode": 0.3795339273783556, "model__colsample_bytree": 0.3925920597410244, "model__learning_rate": 0.29615065968157284, "model__max_depth": 3.0, "model__n_estimators": 30.0, "model__reg_lambda": 2.567400170895051}, "datetime": {"datetime": "2021-03-27 14:52:06", "elapsed": 2.861366, "delta": 0.086157}}
{"target": -1.6431531780331894, "params": {"model__colsample_bylevel": 0.3, "model__colsample_bynode": 1.0, "model__colsample_bytree": 0.3, "model__learning_rate": 0.3, "model__max_depth": 3.0, "model__n_estimators": 29.0, "model__reg_lambda": 2.8756183958197234}, "datetime": {"datetime": "2021-03-27 14:52:06", "elapsed": 2.955125, "delta": 0.093759}}
{"target": -1.6431531780331894, "params": {"model__colsample_bylevel": 0.3, "model__colsample_bynode": 1.0, "model__colsample_bytree": 0.3, "model__learning_rate": 0.3, "model__max_depth": 3.0, "model__n_estimators": 29.0, "model__reg_lambda": 2.8756183958197234}, "datetime": {"datetime": "2021-03-27 14:52:06", "elapsed": 2.95549, "delta": 0.000365}}
{"target": -1.5805532643679476, "params": {"model__colsample_bylevel": 0.3, "model__colsample_bynode": 0.3, "model__colsample_bytree": 1.0, "model__learning_rate": 0.3, "model__max_depth": 6.0, "model__n_estimators": 26.0, "model__reg_lambda": 3.0121019696059284}, "datetime": {"datetime": "2021-03-27 14:52:06", "elapsed": 3.057589, "delta": 0.102099}}
{"target": -1.5805532643679476, "params": {"model__colsample_bylevel": 0.3, "model__colsample_bynode": 0.3, "model__colsample_bytree": 1.0, "model__learning_rate": 0.3, "model__max_depth": 6.0, "model__n_estimators": 26.0, "model__reg_lambda": 3.0121019696059284}, "datetime": {"datetime": "2021-03-27 14:52:06", "elapsed": 3.05794, "delta": 0.000351}}
