{"target": -1.6840704252646455, "params": {"model__colsample_bylevel": 0.3, "model__colsample_bynode": 0.3, "model__colsample_bytree": 0.3, "model__learning_rate": 0.3, "model__max_depth": 4.611960057848836, "model__n_estimators": 15.0, "model__reg_lambda": 2.9319285636860033}, "datetime": {"datetime": "2021-03-27 14:56:54", "elapsed": 291.066381, "delta": 1.803559}}
{"target": -1.6170345047029897, "params": {"model__colsample_bylevel": 0.3, "model__colsample_bynode": 1.0, "model__colsample_bytree": 1.0, "model__learning_rate": 0.3, "model__max_depth": 3.825687667152037, "model__n_estimators": 30.0, "model__reg_lambda": 7.759088100469156}, "datetime": {"datetime": "2021-03-27 14:56:55", "elapsed": 292.689993, "delta": 1.623612}}
{"target": -1.5800093135755993, "params": {"model__colsample_bylevel": 0.3, "model__colsample_bynode": 0.3, "model__colsample_bytree": 1.0, "model__learning_rate": 0.3, "model__max_depth": 8.0, "model__n_estimators": 22.407215726360594, "model__reg_lambda": 8.185103492886634}, "datetime": {"datetime": "2021-03-27 14:56:57", "elapsed": 294.512396, "delta": 1.822403}}
{"target": -1.6091064940220203, "params": {"model__colsample_bylevel": 0.3, "model__colsample_bynode": 1.0, "model__colsample_bytree": 1.0, "model__learning_rate": 0.3, "model__max_depth": 2.0, "model__n_estimators": 27.285231636157555, "model__reg_lambda": 8.029305970642838}, "datetime": {"datetime": "2021-03-27 14:56:59", "elapsed": 296.190987, "delta": 1.678591}}
{"target": -1.698168285579785, "params": {"model__colsample_bylevel": 0.3000000006180386, "model__colsample_bynode": 0.3, "model__colsample_bytree": 0.8895271619311388, "model__learning_rate": 0.3, "model__max_depth": 8.0, "model__n_estimators": 16.96867120659427, "model__reg_lambda": 0.12157959317269146}, "datetime": {"datetime": "2021-03-27 14:57:00", "elapsed": 297.738711, "delta": 1.547724}}
{"target": -1.585117411851019, "params": {"model__colsample_bylevel": 0.3, "model__colsample_bynode": 0.3773254778477791, "model__colsample_bytree": 1.0, "model__learning_rate": 0.3, "model__max_depth": 3.8501370809552355, "model__n_estimators": 23.931186290573613, "model__reg_lambda": 7.62769613725099}, "datetime": {"datetime": "2021-03-27 14:57:02", "elapsed": 299.181144, "delta": 1.442433}}
{"target": -1.5861085885244868, "params": {"model__colsample_bylevel": 0.3, "model__colsample_bynode": 0.3, "model__colsample_bytree": 1.0, "model__learning_rate": 0.3, "model__max_depth": 7.858153977215363, "model__n_estimators": 25.055910187765477, "model__reg_lambda": 10.0}, "datetime": {"datetime": "2021-03-27 14:57:04", "elapsed": 301.0092, "delta": 1.828056}}
{"target": -1.6136766894194092, "params": {"model__colsample_bylevel": 0.3, "model__colsample_bynode": 0.3, "model__colsample_bytree": 1.0, "model__learning_rate": 0.3, "model__max_depth": 2.0, "model__n_estimators": 19.97010809218243, "model__reg_lambda": 1.8178769483579316}, "datetime": {"datetime": "2021-03-27 14:57:06", "elapsed": 303.088076, "delta": 2.078876}}
{"target": -1.5749107679055223, "params": {"model__colsample_bylevel": 0.3, "model__colsample_bynode": 0.3, "model__colsample_bytree": 1.0, "model__learning_rate": 0.3, "model__max_depth": 6.6292039583575155, "model__n_estimators": 28.774804632917505, "model__reg_lambda": 8.058962929624647}, "datetime": {"datetime": "2021-03-27 14:57:08", "elapsed": 304.783021, "delta": 1.694945}}
{"target": -1.5681436611042503, "params": {"model__colsample_bylevel": 0.43605038799941365, "model__colsample_bynode": 0.5141375826845701, "model__colsample_bytree": 0.9618315576821332, "model__learning_rate": 0.2976839136738381, "model__max_depth": 7.358302285695308, "model__n_estimators": 18.247331466979723, "model__reg_lambda": 3.336191413892391}, "datetime": {"datetime": "2021-03-27 14:57:09", "elapsed": 306.386393, "delta": 1.603372}}
{"target": -1.592962138797494, "params": {"model__colsample_bylevel": 0.4200671722820031, "model__colsample_bynode": 1.0, "model__colsample_bytree": 1.0, "model__learning_rate": 0.3, "model__max_depth": 3.35804444337881, "model__n_estimators": 24.135710598500904, "model__reg_lambda": 6.351623612897145}, "datetime": {"datetime": "2021-03-27 14:57:11", "elapsed": 308.130284, "delta": 1.743891}}
{"target": -1.608296482729307, "params": {"model__colsample_bylevel": 1.0, "model__colsample_bynode": 0.3, "model__colsample_bytree": 1.0, "model__learning_rate": 0.3, "model__max_depth": 8.0, "model__n_estimators": 18.88145975507939, "model__reg_lambda": 8.239918794655294}, "datetime": {"datetime": "2021-03-27 14:57:13", "elapsed": 310.305948, "delta": 2.175664}}
{"target": -1.6162861848519978, "params": {"model__colsample_bylevel": 0.3, "model__colsample_bynode": 0.9999999998447827, "model__colsample_bytree": 1.0, "model__learning_rate": 0.3, "model__max_depth": 3.592360399207862, "model__n_estimators": 18.820781742025126, "model__reg_lambda": 1.4703377739342045}, "datetime": {"datetime": "2021-03-27 14:57:15", "elapsed": 312.181332, "delta": 1.875384}}
{"target": -1.6587870677744132, "params": {"model__colsample_bylevel": 1.0, "model__colsample_bynode": 1.0, "model__colsample_bytree": 0.3, "model__learning_rate": 0.3, "model__max_depth": 2.0, "model__n_estimators": 15.0, "model__reg_lambda": 0.0}, "datetime": {"datetime": "2021-03-27 14:57:17", "elapsed": 314.174454, "delta": 1.993122}}
{"target": -1.608785861120492, "params": {"model__colsample_bylevel": 0.3, "model__colsample_bynode": 0.6274942362406308, "model__colsample_bytree": 1.0, "model__learning_rate": 0.3, "model__max_depth": 2.62643406447549, "model__n_estimators": 21.462461646488254, "model__reg_lambda": 5.093294891726079}, "datetime": {"datetime": "2021-03-27 14:57:19", "elapsed": 316.217261, "delta": 2.042807}}
{"target": -1.6438445031588926, "params": {"model__colsample_bylevel": 1.0, "model__colsample_bynode": 0.3, "model__colsample_bytree": 0.4463121368354732, "model__learning_rate": 0.3, "model__max_depth": 2.0, "model__n_estimators": 29.236176459313846, "model__reg_lambda": 4.778049796612727}, "datetime": {"datetime": "2021-03-27 14:57:21", "elapsed": 318.398013, "delta": 2.180752}}
{"target": -1.6953398810780567, "params": {"model__colsample_bylevel": 0.3, "model__colsample_bynode": 0.3, "model__colsample_bytree": 0.3461178722286736, "model__learning_rate": 0.3, "model__max_depth": 4.949182082790521, "model__n_estimators": 20.533204037738457, "model__reg_lambda": 1.3225837443702444}, "datetime": {"datetime": "2021-03-27 14:57:23", "elapsed": 320.114234, "delta": 1.716221}}
{"target": -1.699573836259652, "params": {"model__colsample_bylevel": 1.0, "model__colsample_bynode": 0.3, "model__colsample_bytree": 1.0, "model__learning_rate": 0.1, "model__max_depth": 2.0, "model__n_estimators": 20.587861727251056, "model__reg_lambda": 0.8083123789911206}, "datetime": {"datetime": "2021-03-27 14:57:25", "elapsed": 322.269496, "delta": 2.155262}}
{"target": -1.5833644089059553, "params": {"model__colsample_bylevel": 0.8500240069523153, "model__colsample_bynode": 0.32754640224168724, "model__colsample_bytree": 0.9986490174014853, "model__learning_rate": 0.15198846255605328, "model__max_depth": 5.242857294415659, "model__n_estimators": 22.943069375972573, "model__reg_lambda": 0.32013553812322737}, "datetime": {"datetime": "2021-03-27 14:57:27", "elapsed": 324.168392, "delta": 1.898896}}
{"target": -1.6466546346905868, "params": {"model__colsample_bylevel": 0.8529432336922762, "model__colsample_bynode": 1.0, "model__colsample_bytree": 1.0, "model__learning_rate": 0.3, "model__max_depth": 4.096363882944893, "model__n_estimators": 15.0, "model__reg_lambda": 2.615355200322493}, "datetime": {"datetime": "2021-03-27 14:57:29", "elapsed": 326.511708, "delta": 2.343316}}
{"target": -1.719759699075982, "params": {"model__colsample_bylevel": 0.8841161297027773, "model__colsample_bynode": 0.8713175267262423, "model__colsample_bytree": 0.9980194319420781, "model__learning_rate": 0.2343815484132951, "model__max_depth": 5.752256986118318, "model__n_estimators": 22.448009941535698, "model__reg_lambda": 0.9844974909689386}, "datetime": {"datetime": "2021-03-27 14:57:31", "elapsed": 328.046148, "delta": 1.53444}}
{"target": -1.654106561753197, "params": {"model__colsample_bylevel": 0.3, "model__colsample_bynode": 0.568756155695668, "model__colsample_bytree": 0.3, "model__learning_rate": 0.3, "model__max_depth": 8.0, "model__n_estimators": 27.493011942133393, "model__reg_lambda": 6.319796346456895}, "datetime": {"datetime": "2021-03-27 14:57:33", "elapsed": 330.561001, "delta": 2.514853}}
{"target": -1.7226064635913119, "params": {"model__colsample_bylevel": 1.0, "model__colsample_bynode": 0.3, "model__colsample_bytree": 1.0, "model__learning_rate": 0.3, "model__max_depth": 4.040664397852631, "model__n_estimators": 23.31055773373563, "model__reg_lambda": 0.0}, "datetime": {"datetime": "2021-03-27 14:57:35", "elapsed": 332.533903, "delta": 1.972902}}
{"target": -1.6368753011891808, "params": {"model__colsample_bylevel": 0.41494415347028946, "model__colsample_bynode": 0.33009676997933957, "model__colsample_bytree": 0.734929792723283, "model__learning_rate": 0.14832296381759205, "model__max_depth": 4.9129176514616635, "model__n_estimators": 21.562694208558096, "model__reg_lambda": 3.4077763751128645}, "datetime": {"datetime": "2021-03-27 14:57:38", "elapsed": 335.366943, "delta": 2.83304}}
{"target": -1.7638282172921773, "params": {"model__colsample_bylevel": 0.44301499542859796, "model__colsample_bynode": 0.3, "model__colsample_bytree": 0.3000000000019503, "model__learning_rate": 0.1, "model__max_depth": 5.9177237439971515, "model__n_estimators": 22.83204178263805, "model__reg_lambda": 0.10146908342943033}, "datetime": {"datetime": "2021-03-27 14:57:40", "elapsed": 337.34707, "delta": 1.980127}}
{"target": -1.6213549538906933, "params": {"model__colsample_bylevel": 0.30000000002336163, "model__colsample_bynode": 0.3, "model__colsample_bytree": 1.0, "model__learning_rate": 0.1, "model__max_depth": 5.674942666410724, "model__n_estimators": 24.236608151259905, "model__reg_lambda": 0.0}, "datetime": {"datetime": "2021-03-27 14:57:42", "elapsed": 339.365885, "delta": 2.018815}}
{"target": -1.66419397374966, "params": {"model__colsample_bylevel": 1.0, "model__colsample_bynode": 1.0, "model__colsample_bytree": 1.0, "model__learning_rate": 0.3, "model__max_depth": 3.7361950275606035, "model__n_estimators": 24.40623714036866, "model__reg_lambda": 8.935812128809092}, "datetime": {"datetime": "2021-03-27 14:57:44", "elapsed": 341.158958, "delta": 1.793073}}
{"target": -1.5783260602881943, "params": {"model__colsample_bylevel": 0.3000000000000618, "model__colsample_bynode": 0.3, "model__colsample_bytree": 1.0, "model__learning_rate": 0.3, "model__max_depth": 6.15958158004287, "model__n_estimators": 23.06153502603499, "model__reg_lambda": 5.499796430742421}, "datetime": {"datetime": "2021-03-27 14:57:46", "elapsed": 343.0553, "delta": 1.896342}}
{"target": -1.5996239919431399, "params": {"model__colsample_bylevel": 0.3218546377813622, "model__colsample_bynode": 0.3, "model__colsample_bytree": 1.0, "model__learning_rate": 0.3, "model__max_depth": 6.573524322520487, "model__n_estimators": 15.0, "model__reg_lambda": 2.579480638551833}, "datetime": {"datetime": "2021-03-27 14:57:48", "elapsed": 345.085703, "delta": 2.030403}}
{"target": -1.6584427006542684, "params": {"model__colsample_bylevel": 0.3, "model__colsample_bynode": 1.0, "model__colsample_bytree": 1.0, "model__learning_rate": 0.3, "model__max_depth": 2.0, "model__n_estimators": 15.0, "model__reg_lambda": 4.555555860212637}, "datetime": {"datetime": "2021-03-27 14:57:50", "elapsed": 346.991934, "delta": 1.906231}}
{"target": -1.7706524881520778, "params": {"model__colsample_bylevel": 1.0, "model__colsample_bynode": 0.3, "model__colsample_bytree": 1.0, "model__learning_rate": 0.3, "model__max_depth": 8.0, "model__n_estimators": 22.50357717157608, "model__reg_lambda": 0.0}, "datetime": {"datetime": "2021-03-27 14:57:52", "elapsed": 349.546754, "delta": 2.55482}}
{"target": -1.579280158461652, "params": {"model__colsample_bylevel": 0.3, "model__colsample_bynode": 1.0, "model__colsample_bytree": 1.0, "model__learning_rate": 0.3, "model__max_depth": 2.0, "model__n_estimators": 22.22805244588352, "model__reg_lambda": 1.0871630411951272}, "datetime": {"datetime": "2021-03-27 14:57:54", "elapsed": 351.620533, "delta": 2.073779}}
{"target": -1.5799269112447898, "params": {"model__colsample_bylevel": 0.3, "model__colsample_bynode": 0.3, "model__colsample_bytree": 1.0, "model__learning_rate": 0.3, "model__max_depth": 6.8389890022542845, "model__n_estimators": 23.73193318392644, "model__reg_lambda": 8.710849872789204}, "datetime": {"datetime": "2021-03-27 14:57:56", "elapsed": 353.551413, "delta": 1.93088}}
