{"target": -1.6123858491363734, "params": {"model__colsample_bylevel": 0.3, "model__colsample_bynode": 1.0, "model__colsample_bytree": 1.0, "model__learning_rate": 0.3, "model__max_depth": 8.0, "model__n_estimators": 17.31436907429285, "model__reg_lambda": 8.329140553163564}, "datetime": {"datetime": "2021-03-27 14:53:31", "elapsed": 88.428623, "delta": 1.646071}}
{"target": -1.6576645299360373, "params": {"model__colsample_bylevel": 0.3, "model__colsample_bynode": 0.3, "model__colsample_bytree": 0.3, "model__learning_rate": 0.3, "model__max_depth": 8.0, "model__n_estimators": 22.70163139388728, "model__reg_lambda": 4.066745201824809}, "datetime": {"datetime": "2021-03-27 14:53:33", "elapsed": 90.091221, "delta": 1.662598}}
{"target": -1.5983650288018194, "params": {"model__colsample_bylevel": 0.3, "model__colsample_bynode": 1.0, "model__colsample_bytree": 1.0, "model__learning_rate": 0.3, "model__max_depth": 6.3559856810017035, "model__n_estimators": 20.50303548700839, "model__reg_lambda": 10.0}, "datetime": {"datetime": "2021-03-27 14:53:35", "elapsed": 91.883438, "delta": 1.792217}}
{"target": -1.7112318074141721, "params": {"model__colsample_bylevel": 1.0, "model__colsample_bynode": 0.3, "model__colsample_bytree": 0.3, "model__learning_rate": 0.3, "model__max_depth": 2.0, "model__n_estimators": 21.329967232534536, "model__reg_lambda": 10.0}, "datetime": {"datetime": "2021-03-27 14:53:36", "elapsed": 93.53672, "delta": 1.653282}}
{"target": -1.6128021391675524, "params": {"model__colsample_bylevel": 1.0, "model__colsample_bynode": 0.3, "model__colsample_bytree": 1.0, "model__learning_rate": 0.3, "model__max_depth": 4.308326980907092, "model__n_estimators": 22.2486222827188, "model__reg_lambda": 6.5053237036897755}, "datetime": {"datetime": "2021-03-27 14:53:38", "elapsed": 95.441096, "delta": 1.904376}}
{"target": -1.6484220233408435, "params": {"model__colsample_bylevel": 0.3, "model__colsample_bynode": 0.3, "model__colsample_bytree": 1.0, "model__learning_rate": 0.3, "model__max_depth": 8.0, "model__n_estimators": 15.0, "model__reg_lambda": 10.0}, "datetime": {"datetime": "2021-03-27 14:53:40", "elapsed": 96.816954, "delta": 1.375858}}
{"target": -1.6030510174731414, "params": {"model__colsample_bylevel": 0.3, "model__colsample_bynode": 1.0, "model__colsample_bytree": 1.0, "model__learning_rate": 0.3, "model__max_depth": 2.0, "model__n_estimators": 24.832393957609007, "model__reg_lambda": 1.994038523949165}, "datetime": {"datetime": "2021-03-27 14:53:41", "elapsed": 98.497981, "delta": 1.681027}}
{"target": -1.6184652706473202, "params": {"model__colsample_bylevel": 0.3, "model__colsample_bynode": 0.3, "model__colsample_bytree": 1.0, "model__learning_rate": 0.3, "model__max_depth": 3.122072609401138, "model__n_estimators": 17.575088688750817, "model__reg_lambda": 1.5498290164864554}, "datetime": {"datetime": "2021-03-27 14:53:43", "elapsed": 100.037284, "delta": 1.539303}}
{"target": -1.6032109010154785, "params": {"model__colsample_bylevel": 0.3, "model__colsample_bynode": 1.0, "model__colsample_bytree": 1.0, "model__learning_rate": 0.3, "model__max_depth": 8.0, "model__n_estimators": 19.35945848778554, "model__reg_lambda": 6.114059536646432}, "datetime": {"datetime": "2021-03-27 14:53:44", "elapsed": 101.694109, "delta": 1.656825}}
{"target": -1.6578179742763008, "params": {"model__colsample_bylevel": 0.3, "model__colsample_bynode": 0.3, "model__colsample_bytree": 1.0, "model__learning_rate": 0.1, "model__max_depth": 5.2737324878131275, "model__n_estimators": 30.0, "model__reg_lambda": 5.221552085425036}, "datetime": {"datetime": "2021-03-27 14:53:47", "elapsed": 103.79677, "delta": 2.102661}}
{"target": -1.6060186331038888, "params": {"model__colsample_bylevel": 1.0, "model__colsample_bynode": 0.3, "model__colsample_bytree": 1.0, "model__learning_rate": 0.3, "model__max_depth": 8.0, "model__n_estimators": 16.95679159085518, "model__reg_lambda": 6.953182363175881}, "datetime": {"datetime": "2021-03-27 14:53:49", "elapsed": 105.767225, "delta": 1.970455}}
{"target": -1.5968660836850388, "params": {"model__colsample_bylevel": 0.3, "model__colsample_bynode": 1.0, "model__colsample_bytree": 1.0, "model__learning_rate": 0.3, "model__max_depth": 8.0, "model__n_estimators": 25.669754553146706, "model__reg_lambda": 7.464924000375526}, "datetime": {"datetime": "2021-03-27 14:53:50", "elapsed": 107.479542, "delta": 1.712317}}
{"target": -1.6154855781032338, "params": {"model__colsample_bylevel": 0.3, "model__colsample_bynode": 1.0, "model__colsample_bytree": 1.0, "model__learning_rate": 0.3, "model__max_depth": 5.984411619451857, "model__n_estimators": 23.162140755010928, "model__reg_lambda": 3.655214167731226}, "datetime": {"datetime": "2021-03-27 14:53:52", "elapsed": 109.0395, "delta": 1.559958}}
{"target": -1.7541883220275243, "params": {"model__colsample_bylevel": 1.0, "model__colsample_bynode": 1.0, "model__colsample_bytree": 0.3, "model__learning_rate": 0.1, "model__max_depth": 8.0, "model__n_estimators": 30.0, "model__reg_lambda": 7.685324260059156}, "datetime": {"datetime": "2021-03-27 14:53:53", "elapsed": 110.695671, "delta": 1.656171}}
{"target": -1.6251839364784348, "params": {"model__colsample_bylevel": 1.0, "model__colsample_bynode": 1.0, "model__colsample_bytree": 1.0, "model__learning_rate": 0.3, "model__max_depth": 2.0, "model__n_estimators": 21.339513184466416, "model__reg_lambda": 6.386938321469983}, "datetime": {"datetime": "2021-03-27 14:53:55", "elapsed": 112.310902, "delta": 1.615231}}
{"target": -1.6571629364259433, "params": {"model__colsample_bylevel": 1.0, "model__colsample_bynode": 1.0, "model__colsample_bytree": 1.0, "model__learning_rate": 0.3, "model__max_depth": 5.903918019468562, "model__n_estimators": 28.358257715666053, "model__reg_lambda": 9.211008501009514}, "datetime": {"datetime": "2021-03-27 14:53:57", "elapsed": 113.912964, "delta": 1.602062}}
{"target": -1.7210342889894608, "params": {"model__colsample_bylevel": 0.3, "model__colsample_bynode": 0.3, "model__colsample_bytree": 1.0, "model__learning_rate": 0.1, "model__max_depth": 2.0, "model__n_estimators": 27.825080080760095, "model__reg_lambda": 3.2287836909715724}, "datetime": {"datetime": "2021-03-27 14:53:58", "elapsed": 115.374899, "delta": 1.461935}}
{"target": -1.644002326205373, "params": {"model__colsample_bylevel": 1.0, "model__colsample_bynode": 1.0, "model__colsample_bytree": 1.0, "model__learning_rate": 0.3, "model__max_depth": 6.467284693157522, "model__n_estimators": 15.0, "model__reg_lambda": 7.8318905679363295}, "datetime": {"datetime": "2021-03-27 14:54:00", "elapsed": 117.133927, "delta": 1.759028}}
{"target": -1.6803741635079834, "params": {"model__colsample_bylevel": 1.0, "model__colsample_bynode": 0.3, "model__colsample_bytree": 0.3, "model__learning_rate": 0.3, "model__max_depth": 3.536954728450786, "model__n_estimators": 19.726391180230962, "model__reg_lambda": 1.9893282926689093}, "datetime": {"datetime": "2021-03-27 14:54:01", "elapsed": 118.702399, "delta": 1.568472}}
{"target": -1.66380102282417, "params": {"model__colsample_bylevel": 0.3, "model__colsample_bynode": 1.0, "model__colsample_bytree": 1.0, "model__learning_rate": 0.3, "model__max_depth": 2.0, "model__n_estimators": 15.0, "model__reg_lambda": 7.822524047992747}, "datetime": {"datetime": "2021-03-27 14:54:03", "elapsed": 120.372216, "delta": 1.669817}}
{"target": -1.5718131804325874, "params": {"model__colsample_bylevel": 0.3, "model__colsample_bynode": 0.3, "model__colsample_bytree": 1.0, "model__learning_rate": 0.3, "model__max_depth": 4.0722063313979024, "model__n_estimators": 26.96162617644448, "model__reg_lambda": 7.01041619398695}, "datetime": {"datetime": "2021-03-27 14:54:05", "elapsed": 122.292811, "delta": 1.920595}}
{"target": -1.6792425741266084, "params": {"model__colsample_bylevel": 1.0, "model__colsample_bynode": 1.0, "model__colsample_bytree": 1.0, "model__learning_rate": 0.3, "model__max_depth": 2.0, "model__n_estimators": 22.24977434101883, "model__reg_lambda": 0.0}, "datetime": {"datetime": "2021-03-27 14:54:07", "elapsed": 124.190065, "delta": 1.897254}}
{"target": -1.6901632795839205, "params": {"model__colsample_bylevel": 1.0, "model__colsample_bynode": 1.0, "model__colsample_bytree": 1.0, "model__learning_rate": 0.1, "model__max_depth": 3.1752261608275014, "model__n_estimators": 27.996709292486, "model__reg_lambda": 7.6656006965584655}, "datetime": {"datetime": "2021-03-27 14:54:09", "elapsed": 126.346497, "delta": 2.156432}}
{"target": -1.7045192806293137, "params": {"model__colsample_bylevel": 1.0, "model__colsample_bynode": 1.0, "model__colsample_bytree": 0.3, "model__learning_rate": 0.3, "model__max_depth": 6.903412340885124, "model__n_estimators": 18.35504917597631, "model__reg_lambda": 1.6986602499132097}, "datetime": {"datetime": "2021-03-27 14:54:11", "elapsed": 127.80683, "delta": 1.460333}}
{"target": -1.6331286448931348, "params": {"model__colsample_bylevel": 1.0, "model__colsample_bynode": 0.3, "model__colsample_bytree": 1.0, "model__learning_rate": 0.1, "model__max_depth": 8.0, "model__n_estimators": 28.48470652289202, "model__reg_lambda": 3.5659647591056363}, "datetime": {"datetime": "2021-03-27 14:54:12", "elapsed": 129.427526, "delta": 1.620696}}
{"target": -1.7120567939203717, "params": {"model__colsample_bylevel": 1.0, "model__colsample_bynode": 1.0, "model__colsample_bytree": 0.3, "model__learning_rate": 0.3, "model__max_depth": 3.171098335162988, "model__n_estimators": 15.0, "model__reg_lambda": 10.0}, "datetime": {"datetime": "2021-03-27 14:54:14", "elapsed": 131.377605, "delta": 1.950079}}
{"target": -1.6164769471609506, "params": {"model__colsample_bylevel": 0.3, "model__colsample_bynode": 1.0, "model__colsample_bytree": 1.0, "model__learning_rate": 0.3, "model__max_depth": 6.233821314489811, "model__n_estimators": 15.0, "model__reg_lambda": 1.4419347027432217}, "datetime": {"datetime": "2021-03-27 14:54:16", "elapsed": 133.029457, "delta": 1.651852}}
{"target": -1.6005103165472765, "params": {"model__colsample_bylevel": 1.0, "model__colsample_bynode": 0.3, "model__colsample_bytree": 1.0, "model__learning_rate": 0.3, "model__max_depth": 2.0, "model__n_estimators": 30.0, "model__reg_lambda": 10.0}, "datetime": {"datetime": "2021-03-27 14:54:17", "elapsed": 134.56657, "delta": 1.537113}}
{"target": -1.600249042918069, "params": {"model__colsample_bylevel": 0.3, "model__colsample_bynode": 0.3, "model__colsample_bytree": 1.0, "model__learning_rate": 0.3, "model__max_depth": 5.669394325150124, "model__n_estimators": 22.44455191767917, "model__reg_lambda": 1.4671122105470098}, "datetime": {"datetime": "2021-03-27 14:54:19", "elapsed": 136.348459, "delta": 1.781889}}
{"target": -1.658474446962709, "params": {"model__colsample_bylevel": 1.0, "model__colsample_bynode": 1.0, "model__colsample_bytree": 1.0, "model__learning_rate": 0.3, "model__max_depth": 3.5996889549415085, "model__n_estimators": 21.113951111406415, "model__reg_lambda": 8.793236576063318}, "datetime": {"datetime": "2021-03-27 14:54:21", "elapsed": 137.992058, "delta": 1.643599}}
{"target": -1.6212053788312968, "params": {"model__colsample_bylevel": 0.3, "model__colsample_bynode": 0.3, "model__colsample_bytree": 1.0, "model__learning_rate": 0.3, "model__max_depth": 2.0, "model__n_estimators": 24.15268042319213, "model__reg_lambda": 6.087509113014827}, "datetime": {"datetime": "2021-03-27 14:54:22", "elapsed": 139.604178, "delta": 1.61212}}
{"target": -1.6435757313409578, "params": {"model__colsample_bylevel": 1.0, "model__colsample_bynode": 1.0, "model__colsample_bytree": 1.0, "model__learning_rate": 0.3, "model__max_depth": 4.016666783762029, "model__n_estimators": 18.31557302642404, "model__reg_lambda": 6.062163411019485}, "datetime": {"datetime": "2021-03-27 14:54:24", "elapsed": 141.417034, "delta": 1.812856}}
{"target": -1.6305748294984947, "params": {"model__colsample_bylevel": 0.3, "model__colsample_bynode": 0.3, "model__colsample_bytree": 1.0, "model__learning_rate": 0.3, "model__max_depth": 2.0, "model__n_estimators": 27.316317424919927, "model__reg_lambda": 10.0}, "datetime": {"datetime": "2021-03-27 14:54:26", "elapsed": 142.993361, "delta": 1.576327}}
{"target": -1.5913383286446332, "params": {"model__colsample_bylevel": 1.0, "model__colsample_bynode": 0.3, "model__colsample_bytree": 1.0, "model__learning_rate": 0.3, "model__max_depth": 8.0, "model__n_estimators": 24.948146682503694, "model__reg_lambda": 10.0}, "datetime": {"datetime": "2021-03-27 14:54:27", "elapsed": 144.619721, "delta": 1.62636}}
{"target": -1.6040492006941984, "params": {"model__colsample_bylevel": 0.3, "model__colsample_bynode": 0.3, "model__colsample_bytree": 1.0, "model__learning_rate": 0.3, "model__max_depth": 4.469583722504785, "model__n_estimators": 24.20478096080947, "model__reg_lambda": 10.0}, "datetime": {"datetime": "2021-03-27 14:54:29", "elapsed": 146.230266, "delta": 1.610545}}
{"target": -1.571711348126764, "params": {"model__colsample_bylevel": 0.3, "model__colsample_bynode": 0.3, "model__colsample_bytree": 1.0, "model__learning_rate": 0.3, "model__max_depth": 6.726888793084226, "model__n_estimators": 26.800005077141236, "model__reg_lambda": 7.340259457113616}, "datetime": {"datetime": "2021-03-27 14:54:31", "elapsed": 148.347804, "delta": 2.117538}}
{"target": -1.5936857205856105, "params": {"model__colsample_bylevel": 0.3, "model__colsample_bynode": 0.3, "model__colsample_bytree": 1.0, "model__learning_rate": 0.3, "model__max_depth": 4.0847333702118265, "model__n_estimators": 20.37730496806333, "model__reg_lambda": 5.746582046715728}, "datetime": {"datetime": "2021-03-27 14:54:33", "elapsed": 149.929849, "delta": 1.582045}}
{"target": -1.61487287837958, "params": {"model__colsample_bylevel": 0.3, "model__colsample_bynode": 0.3, "model__colsample_bytree": 1.0, "model__learning_rate": 0.3, "model__max_depth": 8.0, "model__n_estimators": 18.146288763342653, "model__reg_lambda": 10.0}, "datetime": {"datetime": "2021-03-27 14:54:35", "elapsed": 151.821704, "delta": 1.891855}}
{"target": -1.6726960688667454, "params": {"model__colsample_bylevel": 0.3, "model__colsample_bynode": 1.0, "model__colsample_bytree": 1.0, "model__learning_rate": 0.3, "model__max_depth": 3.950232731063114, "model__n_estimators": 15.0, "model__reg_lambda": 0.0}, "datetime": {"datetime": "2021-03-27 14:54:36", "elapsed": 153.249795, "delta": 1.428091}}
{"target": -1.5972150983531836, "params": {"model__colsample_bylevel": 1.0, "model__colsample_bynode": 0.3, "model__colsample_bytree": 1.0, "model__learning_rate": 0.3, "model__max_depth": 2.0, "model__n_estimators": 28.66117535245897, "model__reg_lambda": 8.734490819934413}, "datetime": {"datetime": "2021-03-27 14:54:38", "elapsed": 155.235805, "delta": 1.98601}}
{"target": -1.6105908009777035, "params": {"model__colsample_bylevel": 0.3, "model__colsample_bynode": 1.0, "model__colsample_bytree": 1.0, "model__learning_rate": 0.3, "model__max_depth": 5.1203851140056384, "model__n_estimators": 17.874363384669486, "model__reg_lambda": 10.0}, "datetime": {"datetime": "2021-03-27 14:54:40", "elapsed": 157.104067, "delta": 1.868262}}
{"target": -1.6316363248596155, "params": {"model__colsample_bylevel": 1.0, "model__colsample_bynode": 0.3, "model__colsample_bytree": 1.0, "model__learning_rate": 0.3, "model__max_depth": 2.0, "model__n_estimators": 17.74778950632118, "model__reg_lambda": 8.675102739344556}, "datetime": {"datetime": "2021-03-27 14:54:41", "elapsed": 158.669454, "delta": 1.565387}}
{"target": -1.8063537406208723, "params": {"model__colsample_bylevel": 1.0, "model__colsample_bynode": 1.0, "model__colsample_bytree": 1.0, "model__learning_rate": 0.1, "model__max_depth": 8.0, "model__n_estimators": 30.0, "model__reg_lambda": 0.0}, "datetime": {"datetime": "2021-03-27 14:54:43", "elapsed": 160.221001, "delta": 1.551547}}
{"target": -1.5747229926072168, "params": {"model__colsample_bylevel": 0.3, "model__colsample_bynode": 0.3, "model__colsample_bytree": 1.0, "model__learning_rate": 0.3, "model__max_depth": 8.0, "model__n_estimators": 24.27532055274034, "model__reg_lambda": 8.470798971715084}, "datetime": {"datetime": "2021-03-27 14:54:45", "elapsed": 162.020615, "delta": 1.799614}}
{"target": -1.6097707051621828, "params": {"model__colsample_bylevel": 0.3, "model__colsample_bynode": 1.0, "model__colsample_bytree": 1.0, "model__learning_rate": 0.3, "model__max_depth": 2.0, "model__n_estimators": 24.337023954808483, "model__reg_lambda": 8.195288301643949}, "datetime": {"datetime": "2021-03-27 14:54:47", "elapsed": 163.960785, "delta": 1.94017}}
{"target": -1.7310452938943666, "params": {"model__colsample_bylevel": 1.0, "model__colsample_bynode": 0.3, "model__colsample_bytree": 0.3, "model__learning_rate": 0.3, "model__max_depth": 8.0, "model__n_estimators": 15.0, "model__reg_lambda": 8.024866462149514}, "datetime": {"datetime": "2021-03-27 14:54:48", "elapsed": 165.558586, "delta": 1.597801}}
{"target": -1.6129983752102093, "params": {"model__colsample_bylevel": 0.3, "model__colsample_bynode": 1.0, "model__colsample_bytree": 1.0, "model__learning_rate": 0.3, "model__max_depth": 4.327461318201972, "model__n_estimators": 17.120613018982514, "model__reg_lambda": 2.7639709757064854}, "datetime": {"datetime": "2021-03-27 14:54:50", "elapsed": 167.476488, "delta": 1.917902}}
{"target": -1.5913350458540347, "params": {"model__colsample_bylevel": 1.0, "model__colsample_bynode": 0.3, "model__colsample_bytree": 1.0, "model__learning_rate": 0.3, "model__max_depth": 4.412951979628415, "model__n_estimators": 30.0, "model__reg_lambda": 10.0}, "datetime": {"datetime": "2021-03-27 14:54:52", "elapsed": 169.181691, "delta": 1.705203}}
{"target": -1.6009147177841783, "params": {"model__colsample_bylevel": 1.0, "model__colsample_bynode": 0.3, "model__colsample_bytree": 1.0, "model__learning_rate": 0.3, "model__max_depth": 5.990165940265017, "model__n_estimators": 19.1329275138184, "model__reg_lambda": 10.0}, "datetime": {"datetime": "2021-03-27 14:54:54", "elapsed": 171.157947, "delta": 1.976256}}
{"target": -1.5903739207842642, "params": {"model__colsample_bylevel": 1.0, "model__colsample_bynode": 0.3, "model__colsample_bytree": 1.0, "model__learning_rate": 0.3, "model__max_depth": 2.886661101775154, "model__n_estimators": 25.122364179083277, "model__reg_lambda": 7.086808153685046}, "datetime": {"datetime": "2021-03-27 14:54:55", "elapsed": 172.742088, "delta": 1.584141}}
{"target": -1.574306661268507, "params": {"model__colsample_bylevel": 0.8596126747364182, "model__colsample_bynode": 0.3, "model__colsample_bytree": 0.9654734881496557, "model__learning_rate": 0.3, "model__max_depth": 7.808275136198732, "model__n_estimators": 17.948765415403955, "model__reg_lambda": 2.6665983160108473}, "datetime": {"datetime": "2021-03-27 14:54:57", "elapsed": 174.567201, "delta": 1.825113}}
{"target": -1.6442235199977522, "params": {"model__colsample_bylevel": 0.3, "model__colsample_bynode": 0.3, "model__colsample_bytree": 1.0, "model__learning_rate": 0.3, "model__max_depth": 2.0, "model__n_estimators": 23.224110281313514, "model__reg_lambda": 10.0}, "datetime": {"datetime": "2021-03-27 14:54:59", "elapsed": 176.162016, "delta": 1.594815}}
{"target": -1.6166198132424683, "params": {"model__colsample_bylevel": 0.3, "model__colsample_bynode": 1.0, "model__colsample_bytree": 1.0, "model__learning_rate": 0.3, "model__max_depth": 6.234438267627658, "model__n_estimators": 16.87548476150126, "model__reg_lambda": 5.693967622006887}, "datetime": {"datetime": "2021-03-27 14:55:01", "elapsed": 178.028047, "delta": 1.866031}}
{"target": -1.6604456772946794, "params": {"model__colsample_bylevel": 0.31932378045562054, "model__colsample_bynode": 0.8850766279596767, "model__colsample_bytree": 0.3, "model__learning_rate": 0.3, "model__max_depth": 6.7049970681070565, "model__n_estimators": 20.63867577033684, "model__reg_lambda": 4.478726072297632}, "datetime": {"datetime": "2021-03-27 14:55:03", "elapsed": 179.848702, "delta": 1.820655}}
{"target": -1.5801093870854894, "params": {"model__colsample_bylevel": 0.3, "model__colsample_bynode": 1.0, "model__colsample_bytree": 1.0, "model__learning_rate": 0.3, "model__max_depth": 2.9063395875387177, "model__n_estimators": 30.0, "model__reg_lambda": 10.0}, "datetime": {"datetime": "2021-03-27 14:55:04", "elapsed": 181.361314, "delta": 1.512612}}
{"target": -1.5747694960268943, "params": {"model__colsample_bylevel": 0.3, "model__colsample_bynode": 0.3, "model__colsample_bytree": 1.0, "model__learning_rate": 0.3, "model__max_depth": 4.002444496792741, "model__n_estimators": 23.14814709724454, "model__reg_lambda": 4.38764001947475}, "datetime": {"datetime": "2021-03-27 14:55:06", "elapsed": 182.987645, "delta": 1.626331}}
{"target": -1.5936870977228537, "params": {"model__colsample_bylevel": 0.3, "model__colsample_bynode": 1.0, "model__colsample_bytree": 1.0, "model__learning_rate": 0.3, "model__max_depth": 4.163370568577948, "model__n_estimators": 26.154787601977155, "model__reg_lambda": 10.0}, "datetime": {"datetime": "2021-03-27 14:55:08", "elapsed": 184.818903, "delta": 1.831258}}
{"target": -1.7357832695694935, "params": {"model__colsample_bylevel": 0.3, "model__colsample_bynode": 0.3, "model__colsample_bytree": 0.3, "model__learning_rate": 0.3, "model__max_depth": 2.0, "model__n_estimators": 18.099142859833755, "model__reg_lambda": 10.0}, "datetime": {"datetime": "2021-03-27 14:55:09", "elapsed": 186.233514, "delta": 1.414611}}
{"target": -1.6044337186179516, "params": {"model__colsample_bylevel": 0.427180812772994, "model__colsample_bynode": 0.9999999950729028, "model__colsample_bytree": 1.0, "model__learning_rate": 0.3, "model__max_depth": 7.172227135805665, "model__n_estimators": 17.251469484766467, "model__reg_lambda": 2.1094267464521503}, "datetime": {"datetime": "2021-03-27 14:55:11", "elapsed": 187.888025, "delta": 1.654511}}
