{"target": -1.573783975018971, "params": {"model__colsample_bylevel": 0.5615024327662378, "model__colsample_bynode": 0.5278880157630303, "model__colsample_bytree": 0.6927994632423486, "model__learning_rate": 0.2499326997232081, "model__max_depth": 7.515144966264312, "model__n_estimators": 27.41503748405572, "model__reg_lambda": 5.537273620404508}, "datetime": {"datetime": "2021-03-27 14:52:13", "elapsed": 10.053268, "delta": 0.107579}}
{"target": -1.5869980629155598, "params": {"model__colsample_bylevel": 0.8773753442334304, "model__colsample_bynode": 0.3197624374107063, "model__colsample_bytree": 0.8582648079772404, "model__learning_rate": 0.1398977410305498, "model__max_depth": 6.115045756510598, "model__n_estimators": 27.377846347953547, "model__reg_lambda": 3.1496308071503187}, "datetime": {"datetime": "2021-03-27 14:52:13", "elapsed": 10.16122, "delta": 0.107952}}
{"target": -1.6769389220229958, "params": {"model__colsample_bylevel": 0.5798231824380045, "model__colsample_bynode": 0.9899122285696411, "model__colsample_bytree": 0.4774952834387126, "model__learning_rate": 0.25106786479472265, "model__max_depth": 4.436357453829759, "model__n_estimators": 19.72844903945682, "model__reg_lambda": 7.705159221072094}, "datetime": {"datetime": "2021-03-27 14:52:13", "elapsed": 10.243511, "delta": 0.082291}}
{"target": -1.6578543747140877, "params": {"model__colsample_bylevel": 0.6149024037576569, "model__colsample_bynode": 0.7970601762740899, "model__colsample_bytree": 0.4555403075808654, "model__learning_rate": 0.26476738246878556, "model__max_depth": 6.3006447069266285, "model__n_estimators": 22.48861984031197, "model__reg_lambda": 7.91551010046181}, "datetime": {"datetime": "2021-03-27 14:52:13", "elapsed": 10.331732, "delta": 0.088221}}
{"target": -1.6627489415631778, "params": {"model__colsample_bylevel": 0.9437937215686736, "model__colsample_bynode": 0.8511722448868555, "model__colsample_bytree": 0.5084857837350747, "model__learning_rate": 0.24346701302396254, "model__max_depth": 5.690340786662006, "model__n_estimators": 27.619845335231588, "model__reg_lambda": 4.0456797253845265}, "datetime": {"datetime": "2021-03-27 14:52:13", "elapsed": 10.434018, "delta": 0.102286}}
{"target": -1.6438906114926373, "params": {"model__colsample_bylevel": 0.6173529449301774, "model__colsample_bynode": 0.3656352091501882, "model__colsample_bytree": 0.45305055880659917, "model__learning_rate": 0.20586849821836273, "model__max_depth": 5.173197962934258, "model__n_estimators": 25.696146745858105, "model__reg_lambda": 2.863925264426952}, "datetime": {"datetime": "2021-03-27 14:52:13", "elapsed": 10.528371, "delta": 0.094353}}
{"target": -1.7315575773085374, "params": {"model__colsample_bylevel": 0.3812502817792496, "model__colsample_bynode": 0.43107613084910207, "model__colsample_bytree": 0.6036033759584388, "model__learning_rate": 0.13710847453713484, "model__max_depth": 2.7407946095138094, "model__n_estimators": 25.875381462387566, "model__reg_lambda": 9.101677556132595}, "datetime": {"datetime": "2021-03-27 14:52:13", "elapsed": 10.609839, "delta": 0.081468}}
{"target": -1.657044913393, "params": {"model__colsample_bylevel": 0.3426383940311504, "model__colsample_bynode": 0.3292770968669983, "model__colsample_bytree": 0.49999974247633633, "model__learning_rate": 0.21592871225493404, "model__max_depth": 7.629568478689846, "model__n_estimators": 23.72527860523467, "model__reg_lambda": 6.7998375849329875}, "datetime": {"datetime": "2021-03-27 14:52:13", "elapsed": 10.703116, "delta": 0.093277}}
{"target": -1.722964474029731, "params": {"model__colsample_bylevel": 0.3, "model__colsample_bynode": 0.3, "model__colsample_bytree": 1.0, "model__learning_rate": 0.3, "model__max_depth": 2.0, "model__n_estimators": 15.0, "model__reg_lambda": 10.0}, "datetime": {"datetime": "2021-03-27 14:52:15", "elapsed": 12.132588, "delta": 1.429472}}
{"target": -1.6531925542738992, "params": {"model__colsample_bylevel": 1.0, "model__colsample_bynode": 1.0, "model__colsample_bytree": 1.0, "model__learning_rate": 0.3, "model__max_depth": 8.0, "model__n_estimators": 15.0, "model__reg_lambda": 10.0}, "datetime": {"datetime": "2021-03-27 14:52:16", "elapsed": 13.311099, "delta": 1.178511}}
{"target": -1.8070807283123334, "params": {"model__colsample_bylevel": 0.3, "model__colsample_bynode": 0.3, "model__colsample_bytree": 0.3, "model__learning_rate": 0.1, "model__max_depth": 2.0, "model__n_estimators": 30.0, "model__reg_lambda": 10.0}, "datetime": {"datetime": "2021-03-27 14:52:17", "elapsed": 14.60983, "delta": 1.298731}}
{"target": -1.6346950078572053, "params": {"model__colsample_bylevel": 0.5189112891690131, "model__colsample_bynode": 0.9511054476063103, "model__colsample_bytree": 0.9669125684203304, "model__learning_rate": 0.22701298289449875, "model__max_depth": 2.012449883826994, "model__n_estimators": 20.27602398217425, "model__reg_lambda": 9.523578001046497}, "datetime": {"datetime": "2021-03-27 14:52:19", "elapsed": 15.864998, "delta": 1.255168}}
{"target": -1.6250231875295653, "params": {"model__colsample_bylevel": 1.0, "model__colsample_bynode": 0.3, "model__colsample_bytree": 1.0, "model__learning_rate": 0.3, "model__max_depth": 8.0, "model__n_estimators": 19.92389199954617, "model__reg_lambda": 4.123712911274243}, "datetime": {"datetime": "2021-03-27 14:52:20", "elapsed": 17.557672, "delta": 1.692674}}
{"target": -1.8106454787047013, "params": {"model__colsample_bylevel": 0.3, "model__colsample_bynode": 0.3, "model__colsample_bytree": 0.3, "model__learning_rate": 0.1, "model__max_depth": 8.0, "model__n_estimators": 28.1789678385873, "model__reg_lambda": 10.0}, "datetime": {"datetime": "2021-03-27 14:52:21", "elapsed": 18.549355, "delta": 0.991683}}
{"target": -1.7384040317457654, "params": {"model__colsample_bylevel": 0.3, "model__colsample_bynode": 0.3, "model__colsample_bytree": 1.0, "model__learning_rate": 0.1, "model__max_depth": 2.0, "model__n_estimators": 30.0, "model__reg_lambda": 6.270013654317537}, "datetime": {"datetime": "2021-03-27 14:52:23", "elapsed": 19.807387, "delta": 1.258032}}
{"target": -1.6024084278422854, "params": {"model__colsample_bylevel": 0.3, "model__colsample_bynode": 0.3, "model__colsample_bytree": 1.0, "model__learning_rate": 0.3, "model__max_depth": 8.0, "model__n_estimators": 16.46042874680679, "model__reg_lambda": 2.199859898412118}, "datetime": {"datetime": "2021-03-27 14:52:24", "elapsed": 21.520655, "delta": 1.713268}}
{"target": -1.6416546893832475, "params": {"model__colsample_bylevel": 1.0, "model__colsample_bynode": 1.0, "model__colsample_bytree": 1.0, "model__learning_rate": 0.3, "model__max_depth": 8.0, "model__n_estimators": 19.739882778367914, "model__reg_lambda": 10.0}, "datetime": {"datetime": "2021-03-27 14:52:26", "elapsed": 23.2047, "delta": 1.684045}}
{"target": -1.655920635530914, "params": {"model__colsample_bylevel": 0.3, "model__colsample_bynode": 0.3, "model__colsample_bytree": 1.0, "model__learning_rate": 0.3, "model__max_depth": 2.0, "model__n_estimators": 15.0, "model__reg_lambda": 0.0}, "datetime": {"datetime": "2021-03-27 14:52:27", "elapsed": 24.418195, "delta": 1.213495}}
{"target": -1.6178720275075107, "params": {"model__colsample_bylevel": 0.3, "model__colsample_bynode": 1.0, "model__colsample_bytree": 1.0, "model__learning_rate": 0.3, "model__max_depth": 8.0, "model__n_estimators": 15.0, "model__reg_lambda": 6.258780182475204}, "datetime": {"datetime": "2021-03-27 14:52:29", "elapsed": 25.951348, "delta": 1.533153}}
{"target": -1.5646677439681431, "params": {"model__colsample_bylevel": 0.8657290165662731, "model__colsample_bynode": 0.3, "model__colsample_bytree": 1.0, "model__learning_rate": 0.3, "model__max_depth": 4.6308561418056815, "model__n_estimators": 21.764178167808844, "model__reg_lambda": 4.14746949369496}, "datetime": {"datetime": "2021-03-27 14:52:30", "elapsed": 27.230817, "delta": 1.279469}}
{"target": -1.7063352887937124, "params": {"model__colsample_bylevel": 0.3, "model__colsample_bynode": 1.0, "model__colsample_bytree": 1.0, "model__learning_rate": 0.3, "model__max_depth": 8.0, "model__n_estimators": 15.0, "model__reg_lambda": 0.0}, "datetime": {"datetime": "2021-03-27 14:52:32", "elapsed": 28.780649, "delta": 1.549832}}
{"target": -1.6020233892876168, "params": {"model__colsample_bylevel": 1.0, "model__colsample_bynode": 0.3, "model__colsample_bytree": 1.0, "model__learning_rate": 0.3, "model__max_depth": 2.0, "model__n_estimators": 22.53120691970115, "model__reg_lambda": 7.453065937202123}, "datetime": {"datetime": "2021-03-27 14:52:33", "elapsed": 30.46089, "delta": 1.680241}}
{"target": -1.6143162903686363, "params": {"model__colsample_bylevel": 0.3, "model__colsample_bynode": 1.0, "model__colsample_bytree": 1.0, "model__learning_rate": 0.3, "model__max_depth": 8.0, "model__n_estimators": 20.721848492898804, "model__reg_lambda": 3.6547285680356283}, "datetime": {"datetime": "2021-03-27 14:52:35", "elapsed": 31.970986, "delta": 1.510096}}
{"target": -1.5954533858359723, "params": {"model__colsample_bylevel": 0.3, "model__colsample_bynode": 1.0, "model__colsample_bytree": 1.0, "model__learning_rate": 0.3, "model__max_depth": 3.7825397147065445, "model__n_estimators": 22.138751446716725, "model__reg_lambda": 10.0}, "datetime": {"datetime": "2021-03-27 14:52:36", "elapsed": 33.324122, "delta": 1.353136}}
{"target": -1.6063956628783025, "params": {"model__colsample_bylevel": 0.3, "model__colsample_bynode": 0.3, "model__colsample_bytree": 1.0, "model__learning_rate": 0.3, "model__max_depth": 2.0, "model__n_estimators": 18.820171571431842, "model__reg_lambda": 0.0}, "datetime": {"datetime": "2021-03-27 14:52:37", "elapsed": 34.706363, "delta": 1.382241}}
{"target": -1.6315552520255245, "params": {"model__colsample_bylevel": 0.3, "model__colsample_bynode": 1.0, "model__colsample_bytree": 1.0, "model__learning_rate": 0.3, "model__max_depth": 5.175323939167641, "model__n_estimators": 15.0, "model__reg_lambda": 10.0}, "datetime": {"datetime": "2021-03-27 14:52:39", "elapsed": 36.051648, "delta": 1.345285}}
{"target": -1.664089261394912, "params": {"model__colsample_bylevel": 0.3, "model__colsample_bynode": 1.0, "model__colsample_bytree": 1.0, "model__learning_rate": 0.1, "model__max_depth": 5.233224424581095, "model__n_estimators": 30.0, "model__reg_lambda": 10.0}, "datetime": {"datetime": "2021-03-27 14:52:41", "elapsed": 37.873987, "delta": 1.822339}}
{"target": -1.6024669128699578, "params": {"model__colsample_bylevel": 0.3, "model__colsample_bynode": 1.0, "model__colsample_bytree": 1.0, "model__learning_rate": 0.3, "model__max_depth": 8.0, "model__n_estimators": 22.96792982083838, "model__reg_lambda": 9.428025457944832}, "datetime": {"datetime": "2021-03-27 14:52:42", "elapsed": 39.295589, "delta": 1.421602}}
{"target": -1.6010555692395005, "params": {"model__colsample_bylevel": 0.3, "model__colsample_bynode": 1.0, "model__colsample_bytree": 1.0, "model__learning_rate": 0.3, "model__max_depth": 8.0, "model__n_estimators": 17.684436980575132, "model__reg_lambda": 4.554883508650221}, "datetime": {"datetime": "2021-03-27 14:52:43", "elapsed": 40.69478, "delta": 1.399191}}
{"target": -1.5906275759518578, "params": {"model__colsample_bylevel": 1.0, "model__colsample_bynode": 0.3, "model__colsample_bytree": 1.0, "model__learning_rate": 0.3, "model__max_depth": 4.272061366953401, "model__n_estimators": 28.088239529031668, "model__reg_lambda": 10.0}, "datetime": {"datetime": "2021-03-27 14:52:45", "elapsed": 42.293974, "delta": 1.599194}}
{"target": -1.6159275172359273, "params": {"model__colsample_bylevel": 0.3, "model__colsample_bynode": 1.0, "model__colsample_bytree": 1.0, "model__learning_rate": 0.3, "model__max_depth": 4.047157956188468, "model__n_estimators": 15.0, "model__reg_lambda": 4.601458457909402}, "datetime": {"datetime": "2021-03-27 14:52:46", "elapsed": 43.60869, "delta": 1.314716}}
{"target": -1.6097339282163243, "params": {"model__colsample_bylevel": 0.3, "model__colsample_bynode": 0.3, "model__colsample_bytree": 1.0, "model__learning_rate": 0.3, "model__max_depth": 4.53398133288975, "model__n_estimators": 15.0, "model__reg_lambda": 1.338275291186969}, "datetime": {"datetime": "2021-03-27 14:52:48", "elapsed": 45.177338, "delta": 1.568648}}
{"target": -1.7091877970493574, "params": {"model__colsample_bylevel": 1.0, "model__colsample_bynode": 0.3, "model__colsample_bytree": 1.0, "model__learning_rate": 0.3, "model__max_depth": 3.805893589112717, "model__n_estimators": 20.86725238848676, "model__reg_lambda": 0.00042147199438838357}, "datetime": {"datetime": "2021-03-27 14:52:50", "elapsed": 46.820054, "delta": 1.642716}}
{"target": -1.5870384131922672, "params": {"model__colsample_bylevel": 0.3, "model__colsample_bynode": 1.0, "model__colsample_bytree": 1.0, "model__learning_rate": 0.3, "model__max_depth": 3.2442786831751635, "model__n_estimators": 21.813350488770812, "model__reg_lambda": 6.599204687944413}, "datetime": {"datetime": "2021-03-27 14:52:51", "elapsed": 48.353715, "delta": 1.533661}}
{"target": -1.7175914529657017, "params": {"model__colsample_bylevel": 0.3, "model__colsample_bynode": 0.3, "model__colsample_bytree": 0.3, "model__learning_rate": 0.3, "model__max_depth": 8.0, "model__n_estimators": 19.03513587381235, "model__reg_lambda": 1.7252485212444324}, "datetime": {"datetime": "2021-03-27 14:52:53", "elapsed": 49.979098, "delta": 1.625383}}
{"target": -1.6271734830477964, "params": {"model__colsample_bylevel": 1.0, "model__colsample_bynode": 1.0, "model__colsample_bytree": 1.0, "model__learning_rate": 0.3, "model__max_depth": 3.4655898202647855, "model__n_estimators": 19.06298155564457, "model__reg_lambda": 10.0}, "datetime": {"datetime": "2021-03-27 14:52:54", "elapsed": 51.531625, "delta": 1.552527}}
{"target": -1.6336482906903043, "params": {"model__colsample_bylevel": 1.0, "model__colsample_bynode": 1.0, "model__colsample_bytree": 1.0, "model__learning_rate": 0.3, "model__max_depth": 2.0, "model__n_estimators": 19.183185972652215, "model__reg_lambda": 1.7345846535398273}, "datetime": {"datetime": "2021-03-27 14:52:56", "elapsed": 53.067443, "delta": 1.535818}}
{"target": -1.6584572379247866, "params": {"model__colsample_bylevel": 1.0, "model__colsample_bynode": 1.0, "model__colsample_bytree": 1.0, "model__learning_rate": 0.3, "model__max_depth": 8.0, "model__n_estimators": 21.876402841332666, "model__reg_lambda": 6.973110049645065}, "datetime": {"datetime": "2021-03-27 14:52:57", "elapsed": 54.608497, "delta": 1.541054}}
{"target": -1.6888744562918294, "params": {"model__colsample_bylevel": 1.0, "model__colsample_bynode": 1.0, "model__colsample_bytree": 1.0, "model__learning_rate": 0.3, "model__max_depth": 6.073602383268198, "model__n_estimators": 19.060948807572043, "model__reg_lambda": 2.9762402640524814}, "datetime": {"datetime": "2021-03-27 14:52:59", "elapsed": 56.10137, "delta": 1.492873}}
{"target": -1.6213506857554119, "params": {"model__colsample_bylevel": 0.3, "model__colsample_bynode": 0.3, "model__colsample_bytree": 1.0, "model__learning_rate": 0.3, "model__max_depth": 3.8136051899024555, "model__n_estimators": 20.459860563881055, "model__reg_lambda": 10.0}, "datetime": {"datetime": "2021-03-27 14:53:00", "elapsed": 57.576225, "delta": 1.474855}}
{"target": -1.6208531651753877, "params": {"model__colsample_bylevel": 0.3, "model__colsample_bynode": 1.0, "model__colsample_bytree": 1.0, "model__learning_rate": 0.3, "model__max_depth": 3.716420001937591, "model__n_estimators": 20.68754249458182, "model__reg_lambda": 1.706881298654547}, "datetime": {"datetime": "2021-03-27 14:53:02", "elapsed": 59.181479, "delta": 1.605254}}
{"target": -1.6566956336947456, "params": {"model__colsample_bylevel": 1.0, "model__colsample_bynode": 1.0, "model__colsample_bytree": 1.0, "model__learning_rate": 0.1, "model__max_depth": 2.0, "model__n_estimators": 28.394423317244765, "model__reg_lambda": 0.0}, "datetime": {"datetime": "2021-03-27 14:53:04", "elapsed": 60.793979, "delta": 1.6125}}
{"target": -1.6212398034075033, "params": {"model__colsample_bylevel": 0.8786523240600412, "model__colsample_bynode": 0.9869533365149057, "model__colsample_bytree": 0.9424253699190455, "model__learning_rate": 0.2472468026814334, "model__max_depth": 2.034614536989247, "model__n_estimators": 27.98419131505272, "model__reg_lambda": 9.920418889681041}, "datetime": {"datetime": "2021-03-27 14:53:05", "elapsed": 62.378622, "delta": 1.584643}}
{"target": -1.5931661791181653, "params": {"model__colsample_bylevel": 1.0, "model__colsample_bynode": 0.3, "model__colsample_bytree": 1.0, "model__learning_rate": 0.2999999984901745, "model__max_depth": 8.0, "model__n_estimators": 27.81411863035613, "model__reg_lambda": 7.6803670827916735}, "datetime": {"datetime": "2021-03-27 14:53:07", "elapsed": 64.191932, "delta": 1.81331}}
{"target": -1.6260309020678203, "params": {"model__colsample_bylevel": 1.0, "model__colsample_bynode": 1.0, "model__colsample_bytree": 1.0, "model__learning_rate": 0.3, "model__max_depth": 2.0, "model__n_estimators": 23.355815239696277, "model__reg_lambda": 10.0}, "datetime": {"datetime": "2021-03-27 14:53:08", "elapsed": 65.525156, "delta": 1.333224}}
{"target": -1.609601074009054, "params": {"model__colsample_bylevel": 1.0, "model__colsample_bynode": 0.3, "model__colsample_bytree": 1.0, "model__learning_rate": 0.3, "model__max_depth": 6.271647357417612, "model__n_estimators": 16.71707423139638, "model__reg_lambda": 10.0}, "datetime": {"datetime": "2021-03-27 14:53:10", "elapsed": 67.115223, "delta": 1.590067}}
{"target": -1.705518017752447, "params": {"model__colsample_bylevel": 0.3, "model__colsample_bynode": 1.0, "model__colsample_bytree": 0.3, "model__learning_rate": 0.3, "model__max_depth": 2.2890923881206655, "model__n_estimators": 18.104263323338078, "model__reg_lambda": 0.0}, "datetime": {"datetime": "2021-03-27 14:53:11", "elapsed": 68.603144, "delta": 1.487921}}
{"target": -1.6039238003123064, "params": {"model__colsample_bylevel": 1.0, "model__colsample_bynode": 0.3, "model__colsample_bytree": 1.0, "model__learning_rate": 0.3, "model__max_depth": 8.0, "model__n_estimators": 15.0, "model__reg_lambda": 5.20320399681721}, "datetime": {"datetime": "2021-03-27 14:53:13", "elapsed": 70.378168, "delta": 1.775024}}
{"target": -1.6538760589192745, "params": {"model__colsample_bylevel": 1.0, "model__colsample_bynode": 0.3, "model__colsample_bytree": 1.0, "model__learning_rate": 0.3, "model__max_depth": 2.0, "model__n_estimators": 15.0, "model__reg_lambda": 6.596545571460143}, "datetime": {"datetime": "2021-03-27 14:53:15", "elapsed": 71.993027, "delta": 1.614859}}
{"target": -1.7184941357352597, "params": {"model__colsample_bylevel": 1.0, "model__colsample_bynode": 1.0, "model__colsample_bytree": 1.0, "model__learning_rate": 0.1, "model__max_depth": 8.0, "model__n_estimators": 17.55818257784052, "model__reg_lambda": 2.803485690394618}, "datetime": {"datetime": "2021-03-27 14:53:16", "elapsed": 73.586849, "delta": 1.593822}}
{"target": -1.6092641257505484, "params": {"model__colsample_bylevel": 1.0, "model__colsample_bynode": 0.3, "model__colsample_bytree": 1.0, "model__learning_rate": 0.3, "model__max_depth": 2.0, "model__n_estimators": 19.736946297773194, "model__reg_lambda": 6.484477807689701}, "datetime": {"datetime": "2021-03-27 14:53:18", "elapsed": 74.998759, "delta": 1.41191}}
{"target": -1.5975006580568742, "params": {"model__colsample_bylevel": 1.0, "model__colsample_bynode": 0.3, "model__colsample_bytree": 1.0, "model__learning_rate": 0.3, "model__max_depth": 2.0, "model__n_estimators": 27.226303774090077, "model__reg_lambda": 6.987159737744096}, "datetime": {"datetime": "2021-03-27 14:53:19", "elapsed": 76.497977, "delta": 1.499218}}
{"target": -1.6497794561034094, "params": {"model__colsample_bylevel": 1.0, "model__colsample_bynode": 1.0, "model__colsample_bytree": 1.0, "model__learning_rate": 0.3, "model__max_depth": 8.0, "model__n_estimators": 30.0, "model__reg_lambda": 10.0}, "datetime": {"datetime": "2021-03-27 14:53:21", "elapsed": 78.227115, "delta": 1.729138}}
{"target": -1.7013522466023763, "params": {"model__colsample_bylevel": 0.3, "model__colsample_bynode": 1.0, "model__colsample_bytree": 0.3, "model__learning_rate": 0.3, "model__max_depth": 8.0, "model__n_estimators": 17.234639647013847, "model__reg_lambda": 2.4787821545848048}, "datetime": {"datetime": "2021-03-27 14:53:23", "elapsed": 80.205572, "delta": 1.978457}}
{"target": -1.5827936862824834, "params": {"model__colsample_bylevel": 0.3, "model__colsample_bynode": 0.3, "model__colsample_bytree": 1.0, "model__learning_rate": 0.3, "model__max_depth": 6.663178580252208, "model__n_estimators": 17.957220585401977, "model__reg_lambda": 2.3780068163305987}, "datetime": {"datetime": "2021-03-27 14:53:25", "elapsed": 81.937345, "delta": 1.731773}}
{"target": -1.6200604649125665, "params": {"model__colsample_bylevel": 0.3, "model__colsample_bynode": 0.3, "model__colsample_bytree": 1.0, "model__learning_rate": 0.3, "model__max_depth": 6.398330325900025, "model__n_estimators": 15.0, "model__reg_lambda": 4.424949717494284}, "datetime": {"datetime": "2021-03-27 14:53:26", "elapsed": 83.63679, "delta": 1.699445}}
{"target": -1.6313564129902616, "params": {"model__colsample_bylevel": 0.3, "model__colsample_bynode": 1.0, "model__colsample_bytree": 1.0, "model__learning_rate": 0.3, "model__max_depth": 8.0, "model__n_estimators": 18.595221335362677, "model__reg_lambda": 2.0733577613574474}, "datetime": {"datetime": "2021-03-27 14:53:28", "elapsed": 85.237153, "delta": 1.600363}}
{"target": -1.6356427986201816, "params": {"model__colsample_bylevel": 1.0, "model__colsample_bynode": 0.3, "model__colsample_bytree": 1.0, "model__learning_rate": 0.3, "model__max_depth": 7.234585227513964, "model__n_estimators": 15.0, "model__reg_lambda": 1.0048865827380977}, "datetime": {"datetime": "2021-03-27 14:53:30", "elapsed": 86.782552, "delta": 1.545399}}
