{"target": -1.382267652122655, "params": {"model__colsample_bylevel": 0.3, "model__colsample_bynode": 1.0, "model__colsample_bytree": 0.3, "model__learning_rate": 0.3, "model__max_depth": 6.2835871971134285, "model__n_estimators": 28.03324612238579, "model__reg_lambda": 10.0}, "datetime": {"datetime": "2021-03-27 06:05:22", "elapsed": 260.68395, "delta": 1.834092}}
{"target": -1.4415918153400225, "params": {"model__colsample_bylevel": 0.3, "model__colsample_bynode": 1.0, "model__colsample_bytree": 1.0, "model__learning_rate": 0.3, "model__max_depth": 7.671881717822065, "model__n_estimators": 17.92430596750868, "model__reg_lambda": 10.0}, "datetime": {"datetime": "2021-03-27 06:05:24", "elapsed": 262.623504, "delta": 1.939554}}
{"target": -1.441143038885101, "params": {"model__colsample_bylevel": 0.3, "model__colsample_bynode": 0.3, "model__colsample_bytree": 0.3, "model__learning_rate": 0.3, "model__max_depth": 6.71100407255374, "model__n_estimators": 26.630285482687444, "model__reg_lambda": 7.00246564321748}, "datetime": {"datetime": "2021-03-27 06:05:26", "elapsed": 264.677916, "delta": 2.054412}}
{"target": -1.3287835419404934, "params": {"model__colsample_bylevel": 1.0, "model__colsample_bynode": 1.0, "model__colsample_bytree": 0.3, "model__learning_rate": 0.3, "model__max_depth": 4.289452203027578, "model__n_estimators": 28.039114292475077, "model__reg_lambda": 0.0}, "datetime": {"datetime": "2021-03-27 06:05:28", "elapsed": 266.717337, "delta": 2.039421}}
{"target": -1.3782866868453667, "params": {"model__colsample_bylevel": 1.0, "model__colsample_bynode": 0.30000000000024246, "model__colsample_bytree": 1.0, "model__learning_rate": 0.3, "model__max_depth": 7.763825038922854, "model__n_estimators": 29.029139463932257, "model__reg_lambda": 5.917213314808353}, "datetime": {"datetime": "2021-03-27 06:05:30", "elapsed": 269.061964, "delta": 2.344627}}
{"target": -1.3431771179047023, "params": {"model__colsample_bylevel": 0.3, "model__colsample_bynode": 1.0, "model__colsample_bytree": 0.3, "model__learning_rate": 0.3, "model__max_depth": 4.047674940729206, "model__n_estimators": 26.01190603575929, "model__reg_lambda": 0.0}, "datetime": {"datetime": "2021-03-27 06:05:32", "elapsed": 270.682287, "delta": 1.620323}}
{"target": -1.363540161052125, "params": {"model__colsample_bylevel": 0.3, "model__colsample_bynode": 0.3, "model__colsample_bytree": 1.0, "model__learning_rate": 0.3, "model__max_depth": 3.6560857219206566, "model__n_estimators": 23.52979816384814, "model__reg_lambda": 1.467926303163851}, "datetime": {"datetime": "2021-03-27 06:05:34", "elapsed": 272.483255, "delta": 1.800968}}
{"target": -1.3693083129229322, "params": {"model__colsample_bylevel": 0.3, "model__colsample_bynode": 0.3, "model__colsample_bytree": 1.0, "model__learning_rate": 0.3, "model__max_depth": 8.0, "model__n_estimators": 21.34025375640126, "model__reg_lambda": 5.779343643613996}, "datetime": {"datetime": "2021-03-27 06:05:35", "elapsed": 274.297055, "delta": 1.8138}}
{"target": -1.371089344088366, "params": {"model__colsample_bylevel": 0.3, "model__colsample_bynode": 1.0, "model__colsample_bytree": 0.3, "model__learning_rate": 0.3, "model__max_depth": 8.0, "model__n_estimators": 29.29610288473567, "model__reg_lambda": 6.915408696030343}, "datetime": {"datetime": "2021-03-27 06:05:37", "elapsed": 276.369422, "delta": 2.072367}}
{"target": -1.4618448233096928, "params": {"model__colsample_bylevel": 1.0, "model__colsample_bynode": 1.0, "model__colsample_bytree": 1.0, "model__learning_rate": 0.3, "model__max_depth": 2.0, "model__n_estimators": 20.485716112887484, "model__reg_lambda": 5.459656532051866}, "datetime": {"datetime": "2021-03-27 06:05:40", "elapsed": 278.522243, "delta": 2.152821}}
{"target": -1.4297540566924474, "params": {"model__colsample_bylevel": 0.3, "model__colsample_bynode": 1.0, "model__colsample_bytree": 1.0, "model__learning_rate": 0.3, "model__max_depth": 5.603853570929302, "model__n_estimators": 20.320394666101116, "model__reg_lambda": 10.0}, "datetime": {"datetime": "2021-03-27 06:05:42", "elapsed": 280.581422, "delta": 2.059179}}
{"target": -1.371275516992192, "params": {"model__colsample_bylevel": 0.3, "model__colsample_bynode": 1.0, "model__colsample_bytree": 1.0, "model__learning_rate": 0.3, "model__max_depth": 6.760688023471677, "model__n_estimators": 27.86817403066798, "model__reg_lambda": 4.4258192974538835}, "datetime": {"datetime": "2021-03-27 06:05:44", "elapsed": 282.675009, "delta": 2.093587}}
{"target": -1.3094359268096911, "params": {"model__colsample_bylevel": 0.3, "model__colsample_bynode": 1.0, "model__colsample_bytree": 0.3, "model__learning_rate": 0.3, "model__max_depth": 3.282349680645484, "model__n_estimators": 27.55851561001629, "model__reg_lambda": 1.96187270634581}, "datetime": {"datetime": "2021-03-27 06:05:46", "elapsed": 284.680527, "delta": 2.005518}}
{"target": -1.3416830478867083, "params": {"model__colsample_bylevel": 1.0, "model__colsample_bynode": 0.3, "model__colsample_bytree": 0.3, "model__learning_rate": 0.3, "model__max_depth": 4.265794898449446, "model__n_estimators": 23.920550894040638, "model__reg_lambda": 0.0}, "datetime": {"datetime": "2021-03-27 06:05:48", "elapsed": 286.708941, "delta": 2.028414}}
{"target": -1.5420865654405476, "params": {"model__colsample_bylevel": 0.3, "model__colsample_bynode": 1.0, "model__colsample_bytree": 1.0, "model__learning_rate": 0.1, "model__max_depth": 7.4070317966338495, "model__n_estimators": 30.0, "model__reg_lambda": 8.9474946094034}, "datetime": {"datetime": "2021-03-27 06:05:50", "elapsed": 288.80266, "delta": 2.093719}}
{"target": -1.382457344557928, "params": {"model__colsample_bylevel": 1.0, "model__colsample_bynode": 0.3, "model__colsample_bytree": 0.3, "model__learning_rate": 0.3, "model__max_depth": 8.0, "model__n_estimators": 27.360528867190762, "model__reg_lambda": 10.0}, "datetime": {"datetime": "2021-03-27 06:05:52", "elapsed": 290.411505, "delta": 1.608845}}
{"target": -1.3808454601836486, "params": {"model__colsample_bylevel": 1.0, "model__colsample_bynode": 0.3, "model__colsample_bytree": 1.0, "model__learning_rate": 0.3, "model__max_depth": 6.656325135741005, "model__n_estimators": 28.790911134181126, "model__reg_lambda": 10.0}, "datetime": {"datetime": "2021-03-27 06:05:54", "elapsed": 292.875644, "delta": 2.464139}}
{"target": -1.3567249718054697, "params": {"model__colsample_bylevel": 1.0, "model__colsample_bynode": 0.3, "model__colsample_bytree": 0.3, "model__learning_rate": 0.3, "model__max_depth": 4.615339241875833, "model__n_estimators": 30.0, "model__reg_lambda": 3.9353105412421563}, "datetime": {"datetime": "2021-03-27 06:05:56", "elapsed": 294.46057, "delta": 1.584926}}
{"target": -1.3756872079078704, "params": {"model__colsample_bylevel": 1.0, "model__colsample_bynode": 1.0, "model__colsample_bytree": 0.3, "model__learning_rate": 0.3, "model__max_depth": 3.7091838480205324, "model__n_estimators": 23.629100312965168, "model__reg_lambda": 8.36753645389318}, "datetime": {"datetime": "2021-03-27 06:05:58", "elapsed": 296.956243, "delta": 2.495673}}
{"target": -1.3790974698366896, "params": {"model__colsample_bylevel": 1.0, "model__colsample_bynode": 1.0, "model__colsample_bytree": 0.3, "model__learning_rate": 0.3, "model__max_depth": 2.0, "model__n_estimators": 19.62475892995971, "model__reg_lambda": 1.4471420666572226}, "datetime": {"datetime": "2021-03-27 06:06:00", "elapsed": 298.594736, "delta": 1.638493}}
{"target": -1.4567253791389692, "params": {"model__colsample_bylevel": 1.0, "model__colsample_bynode": 1.0, "model__colsample_bytree": 1.0, "model__learning_rate": 0.3, "model__max_depth": 2.0, "model__n_estimators": 18.516641880855133, "model__reg_lambda": 0.0}, "datetime": {"datetime": "2021-03-27 06:06:02", "elapsed": 301.090492, "delta": 2.495756}}
{"target": -1.398530686746581, "params": {"model__colsample_bylevel": 1.0, "model__colsample_bynode": 1.0, "model__colsample_bytree": 1.0, "model__learning_rate": 0.3, "model__max_depth": 3.870880229379641, "model__n_estimators": 27.166682163013615, "model__reg_lambda": 6.985154324108568}, "datetime": {"datetime": "2021-03-27 06:06:05", "elapsed": 303.730541, "delta": 2.640049}}
{"target": -1.480225404708282, "params": {"model__colsample_bylevel": 1.0, "model__colsample_bynode": 0.3, "model__colsample_bytree": 0.3, "model__learning_rate": 0.3, "model__max_depth": 2.0, "model__n_estimators": 19.88988224378397, "model__reg_lambda": 10.0}, "datetime": {"datetime": "2021-03-27 06:06:07", "elapsed": 305.582587, "delta": 1.852046}}
{"target": -1.3464988055544487, "params": {"model__colsample_bylevel": 0.3, "model__colsample_bynode": 0.3, "model__colsample_bytree": 1.0, "model__learning_rate": 0.3, "model__max_depth": 5.173387876315149, "model__n_estimators": 29.13454746722321, "model__reg_lambda": 10.0}, "datetime": {"datetime": "2021-03-27 06:06:08", "elapsed": 307.286475, "delta": 1.703888}}
{"target": -1.3642463058975618, "params": {"model__colsample_bylevel": 1.0, "model__colsample_bynode": 0.3, "model__colsample_bytree": 1.0, "model__learning_rate": 0.3, "model__max_depth": 3.6155302708948, "model__n_estimators": 28.13506162032895, "model__reg_lambda": 3.8706425188265237}, "datetime": {"datetime": "2021-03-27 06:06:10", "elapsed": 309.260459, "delta": 1.973984}}
{"target": -1.3950356675635862, "params": {"model__colsample_bylevel": 1.0, "model__colsample_bynode": 1.0, "model__colsample_bytree": 0.3, "model__learning_rate": 0.3, "model__max_depth": 2.617742164178967, "model__n_estimators": 21.462460745770215, "model__reg_lambda": 8.497517133529799}, "datetime": {"datetime": "2021-03-27 06:06:12", "elapsed": 311.259803, "delta": 1.999344}}
{"target": -1.3512001604604387, "params": {"model__colsample_bylevel": 1.0, "model__colsample_bynode": 0.3, "model__colsample_bytree": 0.3, "model__learning_rate": 0.3, "model__max_depth": 7.452016975411452, "model__n_estimators": 30.0, "model__reg_lambda": 0.0}, "datetime": {"datetime": "2021-03-27 06:06:15", "elapsed": 313.466086, "delta": 2.206283}}
{"target": -1.3904271178888965, "params": {"model__colsample_bylevel": 1.0, "model__colsample_bynode": 1.0, "model__colsample_bytree": 0.3, "model__learning_rate": 0.3, "model__max_depth": 6.432965876998116, "model__n_estimators": 29.334410556047807, "model__reg_lambda": 5.784122952147928e-08}, "datetime": {"datetime": "2021-03-27 06:06:17", "elapsed": 315.531806, "delta": 2.06572}}
{"target": -1.380093991610667, "params": {"model__colsample_bylevel": 1.0, "model__colsample_bynode": 0.3, "model__colsample_bytree": 1.0, "model__learning_rate": 0.3, "model__max_depth": 8.0, "model__n_estimators": 28.448839176114227, "model__reg_lambda": 0.0}, "datetime": {"datetime": "2021-03-27 06:06:19", "elapsed": 317.398715, "delta": 1.866909}}
{"target": -1.4430970249481607, "params": {"model__colsample_bylevel": 1.0, "model__colsample_bynode": 0.3, "model__colsample_bytree": 1.0, "model__learning_rate": 0.3, "model__max_depth": 5.740138991101186, "model__n_estimators": 18.18020523436688, "model__reg_lambda": 10.0}, "datetime": {"datetime": "2021-03-27 06:06:20", "elapsed": 319.288378, "delta": 1.889663}}
{"target": -1.3887540334606192, "params": {"model__colsample_bylevel": 0.3, "model__colsample_bynode": 1.0, "model__colsample_bytree": 0.3, "model__learning_rate": 0.3, "model__max_depth": 8.0, "model__n_estimators": 20.34579810000842, "model__reg_lambda": 3.0994647839526484}, "datetime": {"datetime": "2021-03-27 06:06:22", "elapsed": 321.351508, "delta": 2.06313}}
{"target": -1.4144903648806655, "params": {"model__colsample_bylevel": 0.3, "model__colsample_bynode": 1.0, "model__colsample_bytree": 0.3, "model__learning_rate": 0.3, "model__max_depth": 2.0, "model__n_estimators": 28.109366801005354, "model__reg_lambda": 10.0}, "datetime": {"datetime": "2021-03-27 06:06:24", "elapsed": 323.322077, "delta": 1.970569}}
{"target": -1.4090870587776103, "params": {"model__colsample_bylevel": 0.3, "model__colsample_bynode": 0.3, "model__colsample_bytree": 0.3, "model__learning_rate": 0.3, "model__max_depth": 8.0, "model__n_estimators": 26.596738390999285, "model__reg_lambda": 4.10819699772535}, "datetime": {"datetime": "2021-03-27 06:06:27", "elapsed": 325.434002, "delta": 2.111925}}
{"target": -1.3703652017115466, "params": {"model__colsample_bylevel": 1.0, "model__colsample_bynode": 1.0, "model__colsample_bytree": 0.3, "model__learning_rate": 0.3, "model__max_depth": 4.343199144940845, "model__n_estimators": 21.43251222323423, "model__reg_lambda": 3.9694917365752405}, "datetime": {"datetime": "2021-03-27 06:06:29", "elapsed": 327.49625, "delta": 2.062248}}
{"target": -1.3510139407198607, "params": {"model__colsample_bylevel": 0.3, "model__colsample_bynode": 0.3, "model__colsample_bytree": 1.0, "model__learning_rate": 0.3, "model__max_depth": 6.407830320360076, "model__n_estimators": 30.0, "model__reg_lambda": 3.2311114266407466}, "datetime": {"datetime": "2021-03-27 06:06:31", "elapsed": 329.970379, "delta": 2.474129}}
{"target": -1.3521263009315168, "params": {"model__colsample_bylevel": 1.0, "model__colsample_bynode": 1.0, "model__colsample_bytree": 0.3, "model__learning_rate": 0.3, "model__max_depth": 2.0, "model__n_estimators": 22.171483071429932, "model__reg_lambda": 1.379826559286794}, "datetime": {"datetime": "2021-03-27 06:06:33", "elapsed": 332.150051, "delta": 2.179672}}
{"target": -1.3429370425790006, "params": {"model__colsample_bylevel": 1.0, "model__colsample_bynode": 1.0, "model__colsample_bytree": 0.3, "model__learning_rate": 0.3, "model__max_depth": 5.222207995818167, "model__n_estimators": 28.644811158204575, "model__reg_lambda": 5.807755695658709}, "datetime": {"datetime": "2021-03-27 06:06:35", "elapsed": 334.114679, "delta": 1.964628}}
{"target": -1.3927738937076886, "params": {"model__colsample_bylevel": 1.0, "model__colsample_bynode": 0.3, "model__colsample_bytree": 1.0, "model__learning_rate": 0.3, "model__max_depth": 4.049744836196192, "model__n_estimators": 18.91871171453271, "model__reg_lambda": 5.966928315247146}, "datetime": {"datetime": "2021-03-27 06:06:37", "elapsed": 335.856216, "delta": 1.741537}}
{"target": -1.3983617219534041, "params": {"model__colsample_bylevel": 0.3, "model__colsample_bynode": 1.0, "model__colsample_bytree": 0.3, "model__learning_rate": 0.3, "model__max_depth": 4.925806724432306, "model__n_estimators": 17.009743530661456, "model__reg_lambda": 0.0}, "datetime": {"datetime": "2021-03-27 06:06:39", "elapsed": 337.926819, "delta": 2.070603}}
{"target": -1.3455556049821493, "params": {"model__colsample_bylevel": 1.0, "model__colsample_bynode": 1.0, "model__colsample_bytree": 0.3, "model__learning_rate": 0.3, "model__max_depth": 4.134620251047211, "model__n_estimators": 19.958964253099463, "model__reg_lambda": 1.0448432438800987}, "datetime": {"datetime": "2021-03-27 06:06:41", "elapsed": 339.802086, "delta": 1.875267}}
{"target": -1.3691409112642643, "params": {"model__colsample_bylevel": 0.3, "model__colsample_bynode": 0.3, "model__colsample_bytree": 1.0, "model__learning_rate": 0.3, "model__max_depth": 8.0, "model__n_estimators": 23.236072874628704, "model__reg_lambda": 8.286434983893496}, "datetime": {"datetime": "2021-03-27 06:06:43", "elapsed": 341.662815, "delta": 1.860729}}
{"target": -1.4042452439638797, "params": {"model__colsample_bylevel": 0.3, "model__colsample_bynode": 1.0, "model__colsample_bytree": 1.0, "model__learning_rate": 0.3, "model__max_depth": 2.0, "model__n_estimators": 28.201645812834727, "model__reg_lambda": 7.321135285755996}, "datetime": {"datetime": "2021-03-27 06:06:45", "elapsed": 343.435852, "delta": 1.773037}}
{"target": -1.3521508177013501, "params": {"model__colsample_bylevel": 0.3, "model__colsample_bynode": 1.0, "model__colsample_bytree": 0.3, "model__learning_rate": 0.3, "model__max_depth": 2.448082188377449, "model__n_estimators": 30.0, "model__reg_lambda": 3.6390766830749697}, "datetime": {"datetime": "2021-03-27 06:06:46", "elapsed": 345.295948, "delta": 1.860096}}
{"target": -1.4521915234409382, "params": {"model__colsample_bylevel": 0.3713931278334424, "model__colsample_bynode": 0.9890967510783779, "model__colsample_bytree": 0.48956226051391544, "model__learning_rate": 0.10666232756240107, "model__max_depth": 7.835315201638838, "model__n_estimators": 27.28555459102634, "model__reg_lambda": 1.8623098448514008}, "datetime": {"datetime": "2021-03-27 06:06:48", "elapsed": 347.05765, "delta": 1.761702}}
{"target": -1.3651264323164587, "params": {"model__colsample_bylevel": 0.3, "model__colsample_bynode": 0.3, "model__colsample_bytree": 1.0, "model__learning_rate": 0.3, "model__max_depth": 8.0, "model__n_estimators": 26.414284492913595, "model__reg_lambda": 10.0}, "datetime": {"datetime": "2021-03-27 06:06:50", "elapsed": 348.920752, "delta": 1.863102}}
{"target": -1.3954837661948514, "params": {"model__colsample_bylevel": 0.8616650532845944, "model__colsample_bynode": 0.7614357948030206, "model__colsample_bytree": 0.7091788924017932, "model__learning_rate": 0.2995145977617758, "model__max_depth": 6.620686856603934, "model__n_estimators": 28.4581324085151, "model__reg_lambda": 2.33256451347001}, "datetime": {"datetime": "2021-03-27 06:06:53", "elapsed": 351.459297, "delta": 2.538545}}
{"target": -1.352321400096559, "params": {"model__colsample_bylevel": 0.3, "model__colsample_bynode": 1.0, "model__colsample_bytree": 0.3, "model__learning_rate": 0.3, "model__max_depth": 8.0, "model__n_estimators": 23.150429564008554, "model__reg_lambda": 2.3233665037094062}, "datetime": {"datetime": "2021-03-27 06:06:55", "elapsed": 353.628684, "delta": 2.169387}}
{"target": -1.3879557966153422, "params": {"model__colsample_bylevel": 0.9980183110699765, "model__colsample_bynode": 0.3532808057234671, "model__colsample_bytree": 0.8830492774200429, "model__learning_rate": 0.2618703755010112, "model__max_depth": 7.790338463537601, "model__n_estimators": 25.11111471642915, "model__reg_lambda": 1.9883223885248835}, "datetime": {"datetime": "2021-03-27 06:06:57", "elapsed": 355.687594, "delta": 2.05891}}
{"target": -1.3528128054897315, "params": {"model__colsample_bylevel": 0.3, "model__colsample_bynode": 1.0, "model__colsample_bytree": 1.0, "model__learning_rate": 0.3, "model__max_depth": 6.721639055589992, "model__n_estimators": 26.62547550671694, "model__reg_lambda": 2.54817266463558}, "datetime": {"datetime": "2021-03-27 06:06:59", "elapsed": 358.26682, "delta": 2.579226}}
{"target": -1.4127460064150499, "params": {"model__colsample_bylevel": 0.3, "model__colsample_bynode": 1.0, "model__colsample_bytree": 0.3, "model__learning_rate": 0.3, "model__max_depth": 4.810787031048485, "model__n_estimators": 24.45281134488411, "model__reg_lambda": 10.0}, "datetime": {"datetime": "2021-03-27 06:07:02", "elapsed": 360.394684, "delta": 2.127864}}
{"target": -1.3877105719153433, "params": {"model__colsample_bylevel": 1.0, "model__colsample_bynode": 0.3, "model__colsample_bytree": 1.0, "model__learning_rate": 0.3, "model__max_depth": 4.309663441131871, "model__n_estimators": 23.5617532550681, "model__reg_lambda": 6.561710665946114}, "datetime": {"datetime": "2021-03-27 06:07:04", "elapsed": 362.704951, "delta": 2.310267}}
{"target": -1.3543027592687937, "params": {"model__colsample_bylevel": 0.3, "model__colsample_bynode": 0.3, "model__colsample_bytree": 1.0, "model__learning_rate": 0.3, "model__max_depth": 5.1281704339460905, "model__n_estimators": 25.85735471323902, "model__reg_lambda": 4.575369248975981}, "datetime": {"datetime": "2021-03-27 06:07:06", "elapsed": 364.987008, "delta": 2.282057}}
{"target": -1.4149301407669765, "params": {"model__colsample_bylevel": 0.3, "model__colsample_bynode": 1.0, "model__colsample_bytree": 0.3, "model__learning_rate": 0.3, "model__max_depth": 8.0, "model__n_estimators": 22.046458250355105, "model__reg_lambda": 10.0}, "datetime": {"datetime": "2021-03-27 06:07:08", "elapsed": 366.836751, "delta": 1.849743}}
{"target": -1.3246574634510646, "params": {"model__colsample_bylevel": 0.47141093177328514, "model__colsample_bynode": 0.3, "model__colsample_bytree": 0.3, "model__learning_rate": 0.3, "model__max_depth": 7.386050494357474, "model__n_estimators": 30.0, "model__reg_lambda": 1.957143372432836}, "datetime": {"datetime": "2021-03-27 06:07:10", "elapsed": 369.016446, "delta": 2.179695}}
{"target": -1.3305961550800531, "params": {"model__colsample_bylevel": 0.3, "model__colsample_bynode": 1.0, "model__colsample_bytree": 0.3, "model__learning_rate": 0.3, "model__max_depth": 5.701765402797023, "model__n_estimators": 21.560497883210655, "model__reg_lambda": 0.0}, "datetime": {"datetime": "2021-03-27 06:07:12", "elapsed": 371.161674, "delta": 2.145228}}
{"target": -1.3472792034145389, "params": {"model__colsample_bylevel": 1.0, "model__colsample_bynode": 0.3, "model__colsample_bytree": 0.3, "model__learning_rate": 0.3, "model__max_depth": 6.916903244162596, "model__n_estimators": 30.0, "model__reg_lambda": 3.5442526865026744}, "datetime": {"datetime": "2021-03-27 06:07:14", "elapsed": 373.251997, "delta": 2.090323}}
{"target": -1.3584081674548059, "params": {"model__colsample_bylevel": 1.0, "model__colsample_bynode": 0.3, "model__colsample_bytree": 0.3, "model__learning_rate": 0.3, "model__max_depth": 6.749618815176354, "model__n_estimators": 26.792814572681426, "model__reg_lambda": 0.0}, "datetime": {"datetime": "2021-03-27 06:07:16", "elapsed": 375.075643, "delta": 1.823646}}
{"target": -1.4463541982263544, "params": {"model__colsample_bylevel": 1.0, "model__colsample_bynode": 1.0, "model__colsample_bytree": 1.0, "model__learning_rate": 0.3, "model__max_depth": 3.483370784860393, "model__n_estimators": 15.0, "model__reg_lambda": 4.301250252829186}, "datetime": {"datetime": "2021-03-27 06:07:19", "elapsed": 377.837551, "delta": 2.761908}}
