{"target": -1.3865416173323772, "params": {"model__colsample_bylevel": 1.0, "model__colsample_bynode": 1.0, "model__colsample_bytree": 0.3, "model__learning_rate": 0.3, "model__max_depth": 2.0, "model__n_estimators": 23.199718718649464, "model__reg_lambda": 7.16443154632506}, "datetime": {"datetime": "2021-03-27 06:03:21", "elapsed": 139.700879, "delta": 1.8659}}
{"target": -1.3834094171236822, "params": {"model__colsample_bylevel": 1.0, "model__colsample_bynode": 1.0, "model__colsample_bytree": 0.3, "model__learning_rate": 0.3, "model__max_depth": 2.0, "model__n_estimators": 27.42448007859302, "model__reg_lambda": 7.929492877910525}, "datetime": {"datetime": "2021-03-27 06:03:22", "elapsed": 141.280426, "delta": 1.579547}}
{"target": -1.3951586360462767, "params": {"model__colsample_bylevel": 0.3, "model__colsample_bynode": 1.0, "model__colsample_bytree": 0.3, "model__learning_rate": 0.3, "model__max_depth": 5.5009887800769395, "model__n_estimators": 20.252138636817765, "model__reg_lambda": 3.3064401601778384}, "datetime": {"datetime": "2021-03-27 06:03:24", "elapsed": 143.213858, "delta": 1.933432}}
{"target": -1.3976650764085892, "params": {"model__colsample_bylevel": 0.3, "model__colsample_bynode": 1.0, "model__colsample_bytree": 0.3, "model__learning_rate": 0.3, "model__max_depth": 8.0, "model__n_estimators": 24.99387711155273, "model__reg_lambda": 10.0}, "datetime": {"datetime": "2021-03-27 06:03:26", "elapsed": 145.177658, "delta": 1.9638}}
{"target": -1.438439789365815, "params": {"model__colsample_bylevel": 1.0, "model__colsample_bynode": 0.3, "model__colsample_bytree": 1.0, "model__learning_rate": 0.3, "model__max_depth": 2.0, "model__n_estimators": 16.964962088009813, "model__reg_lambda": 1.1489881509417585}, "datetime": {"datetime": "2021-03-27 06:03:28", "elapsed": 146.986797, "delta": 1.809139}}
{"target": -1.452411118214545, "params": {"model__colsample_bylevel": 1.0, "model__colsample_bynode": 1.0, "model__colsample_bytree": 1.0, "model__learning_rate": 0.3, "model__max_depth": 4.2384950671120984, "model__n_estimators": 19.284728087292052, "model__reg_lambda": 10.0}, "datetime": {"datetime": "2021-03-27 06:03:31", "elapsed": 149.384284, "delta": 2.397487}}
{"target": -1.4849312256616742, "params": {"model__colsample_bylevel": 1.0, "model__colsample_bynode": 1.0, "model__colsample_bytree": 1.0, "model__learning_rate": 0.3, "model__max_depth": 8.0, "model__n_estimators": 16.5899857429903, "model__reg_lambda": 0.0}, "datetime": {"datetime": "2021-03-27 06:03:33", "elapsed": 151.986551, "delta": 2.602267}}
{"target": -1.4192156279243635, "params": {"model__colsample_bylevel": 1.0, "model__colsample_bynode": 0.3, "model__colsample_bytree": 1.0, "model__learning_rate": 0.3, "model__max_depth": 2.0, "model__n_estimators": 27.85843881257937, "model__reg_lambda": 10.0}, "datetime": {"datetime": "2021-03-27 06:03:35", "elapsed": 153.965506, "delta": 1.978955}}
{"target": -1.450215398930553, "params": {"model__colsample_bylevel": 1.0, "model__colsample_bynode": 0.3, "model__colsample_bytree": 0.3, "model__learning_rate": 0.3, "model__max_depth": 2.0, "model__n_estimators": 22.579809384044857, "model__reg_lambda": 10.0}, "datetime": {"datetime": "2021-03-27 06:03:37", "elapsed": 155.951495, "delta": 1.985989}}
{"target": -1.4275684644994526, "params": {"model__colsample_bylevel": 1.0, "model__colsample_bynode": 1.0, "model__colsample_bytree": 0.3, "model__learning_rate": 0.3, "model__max_depth": 2.0, "model__n_estimators": 25.334266373029134, "model__reg_lambda": 10.0}, "datetime": {"datetime": "2021-03-27 06:03:39", "elapsed": 158.218764, "delta": 2.267269}}
{"target": -1.3587047360243572, "params": {"model__colsample_bylevel": 0.3, "model__colsample_bynode": 1.0, "model__colsample_bytree": 0.3, "model__learning_rate": 0.3, "model__max_depth": 6.603188120935031, "model__n_estimators": 26.09333680731301, "model__reg_lambda": 4.678699951880058}, "datetime": {"datetime": "2021-03-27 06:03:41", "elapsed": 160.234108, "delta": 2.015344}}
{"target": -1.3805563719929668, "params": {"model__colsample_bylevel": 0.3, "model__colsample_bynode": 1.0, "model__colsample_bytree": 1.0, "model__learning_rate": 0.3, "model__max_depth": 8.0, "model__n_estimators": 28.14910345409421, "model__reg_lambda": 10.0}, "datetime": {"datetime": "2021-03-27 06:03:44", "elapsed": 162.401527, "delta": 2.167419}}
{"target": -1.3477173060286736, "params": {"model__colsample_bylevel": 1.0, "model__colsample_bynode": 0.3, "model__colsample_bytree": 0.3, "model__learning_rate": 0.3, "model__max_depth": 8.0, "model__n_estimators": 27.96316728405056, "model__reg_lambda": 2.6498796785907275}, "datetime": {"datetime": "2021-03-27 06:03:45", "elapsed": 163.921547, "delta": 1.52002}}
{"target": -1.3780655241517379, "params": {"model__colsample_bylevel": 0.3, "model__colsample_bynode": 1.0, "model__colsample_bytree": 1.0, "model__learning_rate": 0.3, "model__max_depth": 8.0, "model__n_estimators": 30.0, "model__reg_lambda": 5.113171349731112}, "datetime": {"datetime": "2021-03-27 06:03:47", "elapsed": 166.043942, "delta": 2.122395}}
{"target": -1.3490231517865996, "params": {"model__colsample_bylevel": 0.3, "model__colsample_bynode": 1.0, "model__colsample_bytree": 1.0, "model__learning_rate": 0.3, "model__max_depth": 3.6061355097100183, "model__n_estimators": 26.793799537336035, "model__reg_lambda": 0.0}, "datetime": {"datetime": "2021-03-27 06:03:49", "elapsed": 168.012735, "delta": 1.968793}}
{"target": -1.3726072970528047, "params": {"model__colsample_bylevel": 0.3, "model__colsample_bynode": 0.3, "model__colsample_bytree": 1.0, "model__learning_rate": 0.3, "model__max_depth": 4.6938154262775145, "model__n_estimators": 22.63649340443627, "model__reg_lambda": 0.0}, "datetime": {"datetime": "2021-03-27 06:03:51", "elapsed": 169.891587, "delta": 1.878852}}
{"target": -1.3569758261567442, "params": {"model__colsample_bylevel": 0.3, "model__colsample_bynode": 1.0, "model__colsample_bytree": 1.0, "model__learning_rate": 0.3, "model__max_depth": 4.17417121967312, "model__n_estimators": 27.247868861653245, "model__reg_lambda": 4.293281395638956}, "datetime": {"datetime": "2021-03-27 06:03:53", "elapsed": 172.041113, "delta": 2.149526}}
{"target": -1.3534490460718887, "params": {"model__colsample_bylevel": 0.3, "model__colsample_bynode": 0.3, "model__colsample_bytree": 1.0, "model__learning_rate": 0.3, "model__max_depth": 8.0, "model__n_estimators": 25.55596454433102, "model__reg_lambda": 7.216835667810747}, "datetime": {"datetime": "2021-03-27 06:03:55", "elapsed": 173.692642, "delta": 1.651529}}
{"target": -1.3992697187240464, "params": {"model__colsample_bylevel": 0.3, "model__colsample_bynode": 0.3, "model__colsample_bytree": 1.0, "model__learning_rate": 0.3, "model__max_depth": 6.861227098896408, "model__n_estimators": 19.099751985234235, "model__reg_lambda": 0.0}, "datetime": {"datetime": "2021-03-27 06:03:56", "elapsed": 175.087071, "delta": 1.394429}}
{"target": -1.3583878798619506, "params": {"model__colsample_bylevel": 1.0, "model__colsample_bynode": 0.3, "model__colsample_bytree": 1.0, "model__learning_rate": 0.3, "model__max_depth": 7.951275991741947, "model__n_estimators": 30.0, "model__reg_lambda": 3.422458529820446}, "datetime": {"datetime": "2021-03-27 06:03:58", "elapsed": 177.102425, "delta": 2.015354}}
{"target": -1.3771526006462078, "params": {"model__colsample_bylevel": 1.0, "model__colsample_bynode": 0.3, "model__colsample_bytree": 0.3, "model__learning_rate": 0.3, "model__max_depth": 4.091984510987246, "model__n_estimators": 16.93656150125657, "model__reg_lambda": 0.0}, "datetime": {"datetime": "2021-03-27 06:04:00", "elapsed": 179.198985, "delta": 2.09656}}
{"target": -1.417249908886742, "params": {"model__colsample_bylevel": 0.3, "model__colsample_bynode": 1.0, "model__colsample_bytree": 0.3, "model__learning_rate": 0.3, "model__max_depth": 4.2016830776623575, "model__n_estimators": 21.52625553292482, "model__reg_lambda": 10.0}, "datetime": {"datetime": "2021-03-27 06:04:02", "elapsed": 180.811181, "delta": 1.612196}}
{"target": -1.3427809367172312, "params": {"model__colsample_bylevel": 1.0, "model__colsample_bynode": 0.3, "model__colsample_bytree": 1.0, "model__learning_rate": 0.3, "model__max_depth": 6.373845880293357, "model__n_estimators": 29.74471408762546, "model__reg_lambda": 4.40319731472141}, "datetime": {"datetime": "2021-03-27 06:04:04", "elapsed": 182.689668, "delta": 1.878487}}
{"target": -1.4217397460700485, "params": {"model__colsample_bylevel": 0.3, "model__colsample_bynode": 0.3, "model__colsample_bytree": 0.3, "model__learning_rate": 0.3, "model__max_depth": 6.7333354046494724, "model__n_estimators": 28.319098515539046, "model__reg_lambda": 1.0641507758308741}, "datetime": {"datetime": "2021-03-27 06:04:06", "elapsed": 184.613255, "delta": 1.923587}}
{"target": -1.4963125851761172, "params": {"model__colsample_bylevel": 1.0, "model__colsample_bynode": 1.0, "model__colsample_bytree": 1.0, "model__learning_rate": 0.1, "model__max_depth": 8.0, "model__n_estimators": 30.0, "model__reg_lambda": 0.0}, "datetime": {"datetime": "2021-03-27 06:04:09", "elapsed": 188.151452, "delta": 3.538197}}
{"target": -1.3807550156057098, "params": {"model__colsample_bylevel": 1.0, "model__colsample_bynode": 1.0, "model__colsample_bytree": 1.0, "model__learning_rate": 0.3, "model__max_depth": 6.263029458226012, "model__n_estimators": 30.0, "model__reg_lambda": 10.0}, "datetime": {"datetime": "2021-03-27 06:04:12", "elapsed": 190.848525, "delta": 2.697073}}
{"target": -1.450833860695686, "params": {"model__colsample_bylevel": 1.0, "model__colsample_bynode": 1.0, "model__colsample_bytree": 1.0, "model__learning_rate": 0.3, "model__max_depth": 8.0, "model__n_estimators": 15.0, "model__reg_lambda": 4.7149536249711534}, "datetime": {"datetime": "2021-03-27 06:04:14", "elapsed": 193.244816, "delta": 2.396291}}
{"target": -1.4777900809773068, "params": {"model__colsample_bylevel": 0.3, "model__colsample_bynode": 0.3, "model__colsample_bytree": 0.3, "model__learning_rate": 0.3, "model__max_depth": 3.042539034804374, "model__n_estimators": 22.61423095042377, "model__reg_lambda": 5.96954139901087}, "datetime": {"datetime": "2021-03-27 06:04:16", "elapsed": 194.875111, "delta": 1.630295}}
{"target": -1.3998615120578073, "params": {"model__colsample_bylevel": 0.3, "model__colsample_bynode": 1.0, "model__colsample_bytree": 1.0, "model__learning_rate": 0.3, "model__max_depth": 4.266122519116136, "model__n_estimators": 20.777321407875583, "model__reg_lambda": 5.514414774144436}, "datetime": {"datetime": "2021-03-27 06:04:18", "elapsed": 196.893629, "delta": 2.018518}}
{"target": -1.4798281350969404, "params": {"model__colsample_bylevel": 0.3, "model__colsample_bynode": 1.0, "model__colsample_bytree": 1.0, "model__learning_rate": 0.1, "model__max_depth": 2.0, "model__n_estimators": 30.0, "model__reg_lambda": 0.0}, "datetime": {"datetime": "2021-03-27 06:04:20", "elapsed": 198.838889, "delta": 1.94526}}
{"target": -1.404584562693439, "params": {"model__colsample_bylevel": 1.0, "model__colsample_bynode": 0.3, "model__colsample_bytree": 1.0, "model__learning_rate": 0.3, "model__max_depth": 8.0, "model__n_estimators": 19.901474192700377, "model__reg_lambda": 4.598951399752794}, "datetime": {"datetime": "2021-03-27 06:04:22", "elapsed": 200.815614, "delta": 1.976725}}
{"target": -1.434703501454298, "params": {"model__colsample_bylevel": 1.0, "model__colsample_bynode": 1.0, "model__colsample_bytree": 1.0, "model__learning_rate": 0.3, "model__max_depth": 2.0, "model__n_estimators": 25.46552617695836, "model__reg_lambda": 6.48155964284639}, "datetime": {"datetime": "2021-03-27 06:04:24", "elapsed": 202.887975, "delta": 2.072361}}
{"target": -1.4107427866400584, "params": {"model__colsample_bylevel": 1.0, "model__colsample_bynode": 0.3, "model__colsample_bytree": 1.0, "model__learning_rate": 0.3, "model__max_depth": 4.9013386525496765, "model__n_estimators": 20.645830795772497, "model__reg_lambda": 8.501537966974304}, "datetime": {"datetime": "2021-03-27 06:04:26", "elapsed": 205.28621, "delta": 2.398235}}
{"target": -1.3548606621499675, "params": {"model__colsample_bylevel": 1.0, "model__colsample_bynode": 1.0, "model__colsample_bytree": 0.3, "model__learning_rate": 0.3, "model__max_depth": 3.279627918387679, "model__n_estimators": 18.062004575641016, "model__reg_lambda": 0.0}, "datetime": {"datetime": "2021-03-27 06:04:28", "elapsed": 206.973871, "delta": 1.687661}}
{"target": -1.492986147897318, "params": {"model__colsample_bylevel": 1.0, "model__colsample_bynode": 1.0, "model__colsample_bytree": 1.0, "model__learning_rate": 0.3, "model__max_depth": 8.0, "model__n_estimators": 24.19910787542889, "model__reg_lambda": 0.0}, "datetime": {"datetime": "2021-03-27 06:04:31", "elapsed": 209.45937, "delta": 2.485499}}
{"target": -1.3722288558637536, "params": {"model__colsample_bylevel": 1.0, "model__colsample_bynode": 0.3, "model__colsample_bytree": 1.0, "model__learning_rate": 0.3, "model__max_depth": 2.0, "model__n_estimators": 23.321597170013757, "model__reg_lambda": 1.5106394173582027}, "datetime": {"datetime": "2021-03-27 06:04:33", "elapsed": 211.500449, "delta": 2.041079}}
{"target": -1.3409158987843472, "params": {"model__colsample_bylevel": 0.3, "model__colsample_bynode": 0.3, "model__colsample_bytree": 1.0, "model__learning_rate": 0.3, "model__max_depth": 6.247897651080381, "model__n_estimators": 29.287430967451787, "model__reg_lambda": 9.085484163333625}, "datetime": {"datetime": "2021-03-27 06:04:35", "elapsed": 213.696617, "delta": 2.196168}}
{"target": -1.3286143464414215, "params": {"model__colsample_bylevel": 0.3883202167333407, "model__colsample_bynode": 0.9679025041978693, "model__colsample_bytree": 0.9950855938743315, "model__learning_rate": 0.26778765929701054, "model__max_depth": 7.779916023391947, "model__n_estimators": 27.15948882920664, "model__reg_lambda": 2.1687941685156487}, "datetime": {"datetime": "2021-03-27 06:04:37", "elapsed": 215.716936, "delta": 2.020319}}
{"target": -1.3501968320297157, "params": {"model__colsample_bylevel": 1.0, "model__colsample_bynode": 1.0, "model__colsample_bytree": 0.3, "model__learning_rate": 0.3, "model__max_depth": 2.9962501205250676, "model__n_estimators": 28.120928516393523, "model__reg_lambda": 4.481517509441013}, "datetime": {"datetime": "2021-03-27 06:04:39", "elapsed": 217.675067, "delta": 1.958131}}
{"target": -1.558810397890815, "params": {"model__colsample_bylevel": 0.3, "model__colsample_bynode": 0.3, "model__colsample_bytree": 0.3, "model__learning_rate": 0.3, "model__max_depth": 4.23999401047426, "model__n_estimators": 15.0, "model__reg_lambda": 5.964846307041636}, "datetime": {"datetime": "2021-03-27 06:04:41", "elapsed": 219.834428, "delta": 2.159361}}
{"target": -1.3518526464444247, "params": {"model__colsample_bylevel": 1.0, "model__colsample_bynode": 1.0, "model__colsample_bytree": 0.3, "model__learning_rate": 0.3, "model__max_depth": 7.3619606505040815, "model__n_estimators": 27.6268654399069, "model__reg_lambda": 2.675299756454381}, "datetime": {"datetime": "2021-03-27 06:04:43", "elapsed": 222.08799, "delta": 2.253562}}
{"target": -1.4085663516452347, "params": {"model__colsample_bylevel": 0.3, "model__colsample_bynode": 0.3, "model__colsample_bytree": 1.0, "model__learning_rate": 0.3, "model__max_depth": 8.0, "model__n_estimators": 20.07071303696713, "model__reg_lambda": 10.0}, "datetime": {"datetime": "2021-03-27 06:04:45", "elapsed": 223.910484, "delta": 1.822494}}
{"target": -1.3944033626804422, "params": {"model__colsample_bylevel": 1.0, "model__colsample_bynode": 0.3, "model__colsample_bytree": 1.0, "model__learning_rate": 0.3, "model__max_depth": 6.697752757126568, "model__n_estimators": 25.639575245279097, "model__reg_lambda": 5.505215489815176}, "datetime": {"datetime": "2021-03-27 06:04:47", "elapsed": 226.221677, "delta": 2.311193}}
{"target": -1.351175471688148, "params": {"model__colsample_bylevel": 0.3, "model__colsample_bynode": 0.3, "model__colsample_bytree": 1.0, "model__learning_rate": 0.3, "model__max_depth": 6.610423496635431, "model__n_estimators": 25.181464511115514, "model__reg_lambda": 3.5322418350253204}, "datetime": {"datetime": "2021-03-27 06:04:49", "elapsed": 227.995499, "delta": 1.773822}}
{"target": -1.3543297021693645, "params": {"model__colsample_bylevel": 1.0, "model__colsample_bynode": 0.3, "model__colsample_bytree": 1.0, "model__learning_rate": 0.3, "model__max_depth": 2.6402274577320757, "model__n_estimators": 22.417814895754496, "model__reg_lambda": 0.0}, "datetime": {"datetime": "2021-03-27 06:04:51", "elapsed": 230.013081, "delta": 2.017582}}
{"target": -1.3958565502414022, "params": {"model__colsample_bylevel": 0.3, "model__colsample_bynode": 1.0, "model__colsample_bytree": 1.0, "model__learning_rate": 0.3, "model__max_depth": 6.344218421766081, "model__n_estimators": 23.67350645827733, "model__reg_lambda": 7.136250236432317}, "datetime": {"datetime": "2021-03-27 06:04:53", "elapsed": 231.945962, "delta": 1.932881}}
{"target": -1.3566422924831294, "params": {"model__colsample_bylevel": 1.0, "model__colsample_bynode": 1.0, "model__colsample_bytree": 0.3, "model__learning_rate": 0.3, "model__max_depth": 2.0, "model__n_estimators": 21.44991105760251, "model__reg_lambda": 0.0}, "datetime": {"datetime": "2021-03-27 06:04:55", "elapsed": 233.958447, "delta": 2.012485}}
{"target": -1.3575680419397742, "params": {"model__colsample_bylevel": 1.0, "model__colsample_bynode": 1.0, "model__colsample_bytree": 0.3, "model__learning_rate": 0.3, "model__max_depth": 4.456050338280777, "model__n_estimators": 22.072464558311637, "model__reg_lambda": 6.463975466695576}, "datetime": {"datetime": "2021-03-27 06:04:57", "elapsed": 235.82172, "delta": 1.863273}}
{"target": -1.3932007847596768, "params": {"model__colsample_bylevel": 0.3, "model__colsample_bynode": 0.3, "model__colsample_bytree": 0.3, "model__learning_rate": 0.3, "model__max_depth": 2.0, "model__n_estimators": 30.0, "model__reg_lambda": 0.0}, "datetime": {"datetime": "2021-03-27 06:04:59", "elapsed": 237.814262, "delta": 1.992542}}
{"target": -1.3852520375890467, "params": {"model__colsample_bylevel": 1.0, "model__colsample_bynode": 0.3, "model__colsample_bytree": 1.0, "model__learning_rate": 0.3, "model__max_depth": 5.806091046403742, "model__n_estimators": 30.0, "model__reg_lambda": 7.640421012781277}, "datetime": {"datetime": "2021-03-27 06:05:01", "elapsed": 239.906074, "delta": 2.091812}}
{"target": -1.4309272069780938, "params": {"model__colsample_bylevel": 1.0, "model__colsample_bynode": 0.3, "model__colsample_bytree": 1.0, "model__learning_rate": 0.3, "model__max_depth": 5.538362002641577, "model__n_estimators": 17.078897156401283, "model__reg_lambda": 6.141199604060676}, "datetime": {"datetime": "2021-03-27 06:05:03", "elapsed": 241.701, "delta": 1.794926}}
{"target": -1.4823327690794847, "params": {"model__colsample_bylevel": 0.3, "model__colsample_bynode": 0.3, "model__colsample_bytree": 1.0, "model__learning_rate": 0.3, "model__max_depth": 8.0, "model__n_estimators": 15.0, "model__reg_lambda": 10.0}, "datetime": {"datetime": "2021-03-27 06:05:05", "elapsed": 243.641666, "delta": 1.940666}}
{"target": -1.3532177546437816, "params": {"model__colsample_bylevel": 1.0, "model__colsample_bynode": 0.3, "model__colsample_bytree": 1.0, "model__learning_rate": 0.3, "model__max_depth": 4.145649237576767, "model__n_estimators": 30.0, "model__reg_lambda": 0.0}, "datetime": {"datetime": "2021-03-27 06:05:07", "elapsed": 245.752393, "delta": 2.110727}}
{"target": -1.343722126848888, "params": {"model__colsample_bylevel": 0.3, "model__colsample_bynode": 0.3, "model__colsample_bytree": 1.0, "model__learning_rate": 0.3, "model__max_depth": 8.0, "model__n_estimators": 28.61470030111473, "model__reg_lambda": 4.910478141954597}, "datetime": {"datetime": "2021-03-27 06:05:09", "elapsed": 248.006706, "delta": 2.254313}}
{"target": -1.3720144980941371, "params": {"model__colsample_bylevel": 0.7055706864050908, "model__colsample_bynode": 0.31407498857104654, "model__colsample_bytree": 0.8832380957088235, "model__learning_rate": 0.28503126930255296, "model__max_depth": 2.51945851252097, "model__n_estimators": 26.32370765873154, "model__reg_lambda": 0.23596099079791544}, "datetime": {"datetime": "2021-03-27 06:05:12", "elapsed": 250.379868, "delta": 2.373162}}
{"target": -1.3888891076372154, "params": {"model__colsample_bylevel": 1.0, "model__colsample_bynode": 1.0, "model__colsample_bytree": 1.0, "model__learning_rate": 0.3, "model__max_depth": 4.8606271354889525, "model__n_estimators": 28.77156694767942, "model__reg_lambda": 9.020488706362418}, "datetime": {"datetime": "2021-03-27 06:05:14", "elapsed": 253.113618, "delta": 2.73375}}
{"target": -1.3683956464222782, "params": {"model__colsample_bylevel": 1.0, "model__colsample_bynode": 1.0, "model__colsample_bytree": 0.3, "model__learning_rate": 0.3, "model__max_depth": 8.0, "model__n_estimators": 19.9392236083701, "model__reg_lambda": 0.0}, "datetime": {"datetime": "2021-03-27 06:05:16", "elapsed": 254.891282, "delta": 1.777664}}
{"target": -1.360386525326665, "params": {"model__colsample_bylevel": 1.0, "model__colsample_bynode": 1.0, "model__colsample_bytree": 0.3, "model__learning_rate": 0.3, "model__max_depth": 4.312670669506668, "model__n_estimators": 22.18297103089412, "model__reg_lambda": 1.5938793752991098}, "datetime": {"datetime": "2021-03-27 06:05:18", "elapsed": 257.020649, "delta": 2.129367}}
{"target": -1.4274118219380794, "params": {"model__colsample_bylevel": 0.3, "model__colsample_bynode": 0.3, "model__colsample_bytree": 1.0, "model__learning_rate": 0.3, "model__max_depth": 4.2144328246340566, "model__n_estimators": 15.0, "model__reg_lambda": 2.432012510273302}, "datetime": {"datetime": "2021-03-27 06:05:20", "elapsed": 258.849858, "delta": 1.829209}}
