{"target": -1.3789998493683728, "params": {"model__colsample_bylevel": 0.3, "model__colsample_bynode": 1.0, "model__colsample_bytree": 0.3, "model__learning_rate": 0.3, "model__max_depth": 4.0030591412873475, "model__n_estimators": 25.304459599241927, "model__reg_lambda": 6.738360324517966}, "datetime": {"datetime": "2021-03-27 06:07:21", "elapsed": 379.777043, "delta": 1.939492}}
{"target": -1.3513871568741034, "params": {"model__colsample_bylevel": 1.0, "model__colsample_bynode": 1.0, "model__colsample_bytree": 0.3, "model__learning_rate": 0.3, "model__max_depth": 8.0, "model__n_estimators": 26.318997607376506, "model__reg_lambda": 6.43908844292522}, "datetime": {"datetime": "2021-03-27 06:07:23", "elapsed": 382.377163, "delta": 2.60012}}
{"target": -1.3750230022152699, "params": {"model__colsample_bylevel": 1.0, "model__colsample_bynode": 0.3, "model__colsample_bytree": 0.3, "model__learning_rate": 0.3, "model__max_depth": 5.880895960019218, "model__n_estimators": 30.0, "model__reg_lambda": 10.0}, "datetime": {"datetime": "2021-03-27 06:07:26", "elapsed": 384.61562, "delta": 2.238457}}
{"target": -1.3944841606353504, "params": {"model__colsample_bylevel": 0.3, "model__colsample_bynode": 1.0, "model__colsample_bytree": 1.0, "model__learning_rate": 0.3, "model__max_depth": 8.0, "model__n_estimators": 19.554393300059132, "model__reg_lambda": 3.584170935177211}, "datetime": {"datetime": "2021-03-27 06:07:28", "elapsed": 387.019362, "delta": 2.403742}}
{"target": -1.3724639997831074, "params": {"model__colsample_bylevel": 0.3, "model__colsample_bynode": 1.0, "model__colsample_bytree": 0.3, "model__learning_rate": 0.3, "model__max_depth": 4.633865195200425, "model__n_estimators": 28.242326072022518, "model__reg_lambda": 7.833766143094545}, "datetime": {"datetime": "2021-03-27 06:07:31", "elapsed": 389.713632, "delta": 2.69427}}
{"target": -1.3184166022414423, "params": {"model__colsample_bylevel": 0.3, "model__colsample_bynode": 1.0, "model__colsample_bytree": 0.3, "model__learning_rate": 0.3, "model__max_depth": 8.0, "model__n_estimators": 23.94778756886167, "model__reg_lambda": 0.8509318347868574}, "datetime": {"datetime": "2021-03-27 06:07:33", "elapsed": 392.178037, "delta": 2.464405}}
{"target": -1.3858546786550163, "params": {"model__colsample_bylevel": 0.3, "model__colsample_bynode": 1.0, "model__colsample_bytree": 1.0, "model__learning_rate": 0.3, "model__max_depth": 8.0, "model__n_estimators": 26.10563771052265, "model__reg_lambda": 6.1159476951159215}, "datetime": {"datetime": "2021-03-27 06:07:36", "elapsed": 394.502471, "delta": 2.324434}}
{"target": -1.406013152077524, "params": {"model__colsample_bylevel": 0.3, "model__colsample_bynode": 1.0, "model__colsample_bytree": 0.3, "model__learning_rate": 0.3, "model__max_depth": 8.0, "model__n_estimators": 15.0, "model__reg_lambda": 1.0059374977140523}, "datetime": {"datetime": "2021-03-27 06:07:37", "elapsed": 396.354665, "delta": 1.852194}}
{"target": -1.3551995900905003, "params": {"model__colsample_bylevel": 1.0, "model__colsample_bynode": 1.0, "model__colsample_bytree": 0.3, "model__learning_rate": 0.3, "model__max_depth": 5.5375201889808805, "model__n_estimators": 27.025965021339186, "model__reg_lambda": 5.475997055766362}, "datetime": {"datetime": "2021-03-27 06:07:40", "elapsed": 399.111934, "delta": 2.757269}}
{"target": -1.3219852889149004, "params": {"model__colsample_bylevel": 1.0, "model__colsample_bynode": 0.3, "model__colsample_bytree": 0.3, "model__learning_rate": 0.3, "model__max_depth": 4.181531188215271, "model__n_estimators": 27.907348441146123, "model__reg_lambda": 1.01485814542319}, "datetime": {"datetime": "2021-03-27 06:07:43", "elapsed": 401.414561, "delta": 2.302627}}
{"target": -1.4136182420873555, "params": {"model__colsample_bylevel": 1.0, "model__colsample_bynode": 1.0, "model__colsample_bytree": 1.0, "model__learning_rate": 0.3, "model__max_depth": 3.738790321441159, "model__n_estimators": 20.066399799468275, "model__reg_lambda": 3.350504603879534}, "datetime": {"datetime": "2021-03-27 06:07:45", "elapsed": 403.964506, "delta": 2.549945}}
{"target": -1.3652240494671075, "params": {"model__colsample_bylevel": 1.0, "model__colsample_bynode": 0.3, "model__colsample_bytree": 0.3, "model__learning_rate": 0.3, "model__max_depth": 6.612700657322095, "model__n_estimators": 27.934377974719247, "model__reg_lambda": 4.845532107764089}, "datetime": {"datetime": "2021-03-27 06:07:47", "elapsed": 405.924698, "delta": 1.960192}}
{"target": -1.3338522472202885, "params": {"model__colsample_bylevel": 0.9972002867565064, "model__colsample_bynode": 0.34941596140459397, "model__colsample_bytree": 0.3127775470125364, "model__learning_rate": 0.2929895368385669, "model__max_depth": 2.951319381596891, "model__n_estimators": 22.30109397897354, "model__reg_lambda": 0.6846672937927745}, "datetime": {"datetime": "2021-03-27 06:07:49", "elapsed": 407.907647, "delta": 1.982949}}
