{"target": -1.3867188357869566, "params": {"model__colsample_bylevel": 1.0, "model__colsample_bynode": 0.3, "model__colsample_bytree": 0.3, "model__learning_rate": 0.3, "model__max_depth": 2.0, "model__n_estimators": 17.922487465789096, "model__reg_lambda": 0.0}, "datetime": {"datetime": "2021-03-27 06:01:35", "elapsed": 34.149046, "delta": 0.935608}}
{"target": -1.3824344695316277, "params": {"model__colsample_bylevel": 0.3, "model__colsample_bynode": 1.0, "model__colsample_bytree": 0.3, "model__learning_rate": 0.3, "model__max_depth": 4.837142965051515, "model__n_estimators": 30.0, "model__reg_lambda": 10.0}, "datetime": {"datetime": "2021-03-27 06:01:36", "elapsed": 35.175977, "delta": 1.026931}}
{"target": -1.4181336189309754, "params": {"model__colsample_bylevel": 0.3, "model__colsample_bynode": 0.3, "model__colsample_bytree": 0.3, "model__learning_rate": 0.3, "model__max_depth": 6.256339454726303, "model__n_estimators": 30.0, "model__reg_lambda": 6.203084936203602}, "datetime": {"datetime": "2021-03-27 06:01:37", "elapsed": 36.224336, "delta": 1.048359}}
{"target": -1.3773878071781085, "params": {"model__colsample_bylevel": 1.0, "model__colsample_bynode": 0.3, "model__colsample_bytree": 0.3, "model__learning_rate": 0.3, "model__max_depth": 4.668579445628659, "model__n_estimators": 20.344921404624795, "model__reg_lambda": 0.0}, "datetime": {"datetime": "2021-03-27 06:01:38", "elapsed": 37.21027, "delta": 0.985934}}
{"target": -1.4832477170542098, "params": {"model__colsample_bylevel": 1.0, "model__colsample_bynode": 1.0, "model__colsample_bytree": 1.0, "model__learning_rate": 0.3, "model__max_depth": 3.9251985269598633, "model__n_estimators": 15.0, "model__reg_lambda": 0.0}, "datetime": {"datetime": "2021-03-27 06:01:40", "elapsed": 38.649471, "delta": 1.439201}}
{"target": -1.4334660030793454, "params": {"model__colsample_bylevel": 1.0, "model__colsample_bynode": 1.0, "model__colsample_bytree": 1.0, "model__learning_rate": 0.3, "model__max_depth": 4.169179016906942, "model__n_estimators": 21.85708168246188, "model__reg_lambda": 10.0}, "datetime": {"datetime": "2021-03-27 06:01:41", "elapsed": 40.337573, "delta": 1.688102}}
{"target": -1.4268211869360958, "params": {"model__colsample_bylevel": 1.0, "model__colsample_bynode": 1.0, "model__colsample_bytree": 1.0, "model__learning_rate": 0.3, "model__max_depth": 8.0, "model__n_estimators": 21.85382761572307, "model__reg_lambda": 6.998403165360608}, "datetime": {"datetime": "2021-03-27 06:01:43", "elapsed": 42.214126, "delta": 1.876553}}
{"target": -1.3905042817006292, "params": {"model__colsample_bylevel": 0.3, "model__colsample_bynode": 1.0, "model__colsample_bytree": 1.0, "model__learning_rate": 0.3, "model__max_depth": 8.0, "model__n_estimators": 15.0, "model__reg_lambda": 0.0}, "datetime": {"datetime": "2021-03-27 06:01:44", "elapsed": 43.233292, "delta": 1.019166}}
{"target": -1.4810774679201235, "params": {"model__colsample_bylevel": 0.3, "model__colsample_bynode": 0.3, "model__colsample_bytree": 1.0, "model__learning_rate": 0.3, "model__max_depth": 5.46257488587706, "model__n_estimators": 15.0, "model__reg_lambda": 10.0}, "datetime": {"datetime": "2021-03-27 06:01:45", "elapsed": 44.055744, "delta": 0.822452}}
{"target": -1.3977628519691094, "params": {"model__colsample_bylevel": 1.0, "model__colsample_bynode": 0.3, "model__colsample_bytree": 0.3, "model__learning_rate": 0.3, "model__max_depth": 8.0, "model__n_estimators": 15.0, "model__reg_lambda": 0.0}, "datetime": {"datetime": "2021-03-27 06:01:47", "elapsed": 45.761651, "delta": 1.705907}}
{"target": -1.3670039320378093, "params": {"model__colsample_bylevel": 0.3, "model__colsample_bynode": 1.0, "model__colsample_bytree": 1.0, "model__learning_rate": 0.3, "model__max_depth": 8.0, "model__n_estimators": 20.800025996667447, "model__reg_lambda": 0.0}, "datetime": {"datetime": "2021-03-27 06:01:49", "elapsed": 47.753665, "delta": 1.992014}}
{"target": -1.4351716539890007, "params": {"model__colsample_bylevel": 1.0, "model__colsample_bynode": 0.3, "model__colsample_bytree": 1.0, "model__learning_rate": 0.3, "model__max_depth": 5.300552735792487, "model__n_estimators": 15.0, "model__reg_lambda": 4.97018747891493}, "datetime": {"datetime": "2021-03-27 06:01:51", "elapsed": 49.494308, "delta": 1.740643}}
{"target": -1.4099085388333956, "params": {"model__colsample_bylevel": 0.3, "model__colsample_bynode": 0.3, "model__colsample_bytree": 0.3, "model__learning_rate": 0.3, "model__max_depth": 8.0, "model__n_estimators": 25.954675191954554, "model__reg_lambda": 0.0}, "datetime": {"datetime": "2021-03-27 06:01:52", "elapsed": 51.041482, "delta": 1.547174}}
{"target": -1.4469386285683814, "params": {"model__colsample_bylevel": 0.3, "model__colsample_bynode": 0.3, "model__colsample_bytree": 0.3, "model__learning_rate": 0.3, "model__max_depth": 2.0, "model__n_estimators": 24.645399127689387, "model__reg_lambda": 0.0}, "datetime": {"datetime": "2021-03-27 06:01:54", "elapsed": 52.595745, "delta": 1.554263}}
{"target": -1.3834287540042314, "params": {"model__colsample_bylevel": 0.3, "model__colsample_bynode": 1.0, "model__colsample_bytree": 1.0, "model__learning_rate": 0.3, "model__max_depth": 8.0, "model__n_estimators": 25.601811005716527, "model__reg_lambda": 4.0155183915727495}, "datetime": {"datetime": "2021-03-27 06:01:56", "elapsed": 54.508734, "delta": 1.912989}}
{"target": -1.3913887484120608, "params": {"model__colsample_bylevel": 0.3, "model__colsample_bynode": 0.3, "model__colsample_bytree": 1.0, "model__learning_rate": 0.3, "model__max_depth": 8.0, "model__n_estimators": 20.490678399553836, "model__reg_lambda": 1.7592741800511855}, "datetime": {"datetime": "2021-03-27 06:01:57", "elapsed": 56.283268, "delta": 1.774534}}
{"target": -1.3781170325414478, "params": {"model__colsample_bylevel": 0.3, "model__colsample_bynode": 1.0, "model__colsample_bytree": 0.3, "model__learning_rate": 0.3, "model__max_depth": 8.0, "model__n_estimators": 18.159517504615597, "model__reg_lambda": 0.0}, "datetime": {"datetime": "2021-03-27 06:01:59", "elapsed": 57.935796, "delta": 1.652528}}
{"target": -1.3798839861432601, "params": {"model__colsample_bylevel": 0.3, "model__colsample_bynode": 0.3, "model__colsample_bytree": 1.0, "model__learning_rate": 0.3, "model__max_depth": 5.21273945578501, "model__n_estimators": 17.744581676654878, "model__reg_lambda": 0.0}, "datetime": {"datetime": "2021-03-27 06:02:01", "elapsed": 59.395127, "delta": 1.459331}}
{"target": -1.3972123003092365, "params": {"model__colsample_bylevel": 0.3, "model__colsample_bynode": 0.3, "model__colsample_bytree": 1.0, "model__learning_rate": 0.3, "model__max_depth": 3.9712097353921885, "model__n_estimators": 19.898092259335787, "model__reg_lambda": 10.0}, "datetime": {"datetime": "2021-03-27 06:02:02", "elapsed": 61.024794, "delta": 1.629667}}
{"target": -1.3874991227670208, "params": {"model__colsample_bylevel": 1.0, "model__colsample_bynode": 0.3, "model__colsample_bytree": 0.3, "model__learning_rate": 0.3, "model__max_depth": 4.693926349930223, "model__n_estimators": 28.625208911969413, "model__reg_lambda": 10.0}, "datetime": {"datetime": "2021-03-27 06:02:04", "elapsed": 62.728967, "delta": 1.704173}}
{"target": -1.357823771743131, "params": {"model__colsample_bylevel": 1.0, "model__colsample_bynode": 0.3, "model__colsample_bytree": 1.0, "model__learning_rate": 0.3, "model__max_depth": 4.116830964889923, "model__n_estimators": 30.0, "model__reg_lambda": 10.0}, "datetime": {"datetime": "2021-03-27 06:02:06", "elapsed": 64.773507, "delta": 2.04454}}
{"target": -1.3935909962416562, "params": {"model__colsample_bylevel": 1.0, "model__colsample_bynode": 1.0, "model__colsample_bytree": 1.0, "model__learning_rate": 0.3, "model__max_depth": 8.0, "model__n_estimators": 30.0, "model__reg_lambda": 7.98609301003822}, "datetime": {"datetime": "2021-03-27 06:02:09", "elapsed": 67.450971, "delta": 2.677464}}
{"target": -1.3984038267520837, "params": {"model__colsample_bylevel": 0.3, "model__colsample_bynode": 1.0, "model__colsample_bytree": 1.0, "model__learning_rate": 0.3, "model__max_depth": 3.553778059377805, "model__n_estimators": 21.282094651965632, "model__reg_lambda": 1.3792220824748234}, "datetime": {"datetime": "2021-03-27 06:02:10", "elapsed": 69.18754, "delta": 1.736569}}
{"target": -1.4043590024734538, "params": {"model__colsample_bylevel": 0.3, "model__colsample_bynode": 1.0, "model__colsample_bytree": 1.0, "model__learning_rate": 0.3, "model__max_depth": 2.0, "model__n_estimators": 28.083122896808614, "model__reg_lambda": 4.199676330858677}, "datetime": {"datetime": "2021-03-27 06:02:12", "elapsed": 70.739445, "delta": 1.551905}}
{"target": -1.417366947050112, "params": {"model__colsample_bylevel": 1.0, "model__colsample_bynode": 1.0, "model__colsample_bytree": 1.0, "model__learning_rate": 0.3, "model__max_depth": 5.795240852741529, "model__n_estimators": 19.73370381482789, "model__reg_lambda": 5.109294361705897}, "datetime": {"datetime": "2021-03-27 06:02:14", "elapsed": 73.290128, "delta": 2.550683}}
{"target": -1.5727652953694695, "params": {"model__colsample_bylevel": 0.3, "model__colsample_bynode": 0.3, "model__colsample_bytree": 0.3, "model__learning_rate": 0.3, "model__max_depth": 2.0, "model__n_estimators": 15.0, "model__reg_lambda": 0.0}, "datetime": {"datetime": "2021-03-27 06:02:16", "elapsed": 74.586879, "delta": 1.296751}}
{"target": -1.4119331193790923, "params": {"model__colsample_bylevel": 0.3, "model__colsample_bynode": 0.3, "model__colsample_bytree": 0.3, "model__learning_rate": 0.3, "model__max_depth": 4.254708380502688, "model__n_estimators": 27.977558154421708, "model__reg_lambda": 5.085090258060701}, "datetime": {"datetime": "2021-03-27 06:02:17", "elapsed": 76.188418, "delta": 1.601539}}
{"target": -1.3966456992254739, "params": {"model__colsample_bylevel": 0.3, "model__colsample_bynode": 0.3, "model__colsample_bytree": 1.0, "model__learning_rate": 0.3, "model__max_depth": 2.0, "model__n_estimators": 30.0, "model__reg_lambda": 10.0}, "datetime": {"datetime": "2021-03-27 06:02:19", "elapsed": 77.520726, "delta": 1.332308}}
{"target": -1.3807131089540063, "params": {"model__colsample_bylevel": 0.3, "model__colsample_bynode": 1.0, "model__colsample_bytree": 1.0, "model__learning_rate": 0.3, "model__max_depth": 3.9259626804381202, "model__n_estimators": 22.41878786593004, "model__reg_lambda": 7.408547823604334}, "datetime": {"datetime": "2021-03-27 06:02:21", "elapsed": 79.57539, "delta": 2.054664}}
{"target": -1.432379735990063, "params": {"model__colsample_bylevel": 0.3, "model__colsample_bynode": 0.3, "model__colsample_bytree": 1.0, "model__learning_rate": 0.3, "model__max_depth": 8.0, "model__n_estimators": 15.0, "model__reg_lambda": 1.8191577221254653}, "datetime": {"datetime": "2021-03-27 06:02:23", "elapsed": 81.398741, "delta": 1.823351}}
{"target": -1.4612768323903065, "params": {"model__colsample_bylevel": 0.3, "model__colsample_bynode": 1.0, "model__colsample_bytree": 1.0, "model__learning_rate": 0.3, "model__max_depth": 5.964447548656745, "model__n_estimators": 15.0, "model__reg_lambda": 7.355981648349918}, "datetime": {"datetime": "2021-03-27 06:02:24", "elapsed": 83.221488, "delta": 1.822747}}
{"target": -1.3883657338394633, "params": {"model__colsample_bylevel": 0.3, "model__colsample_bynode": 1.0, "model__colsample_bytree": 1.0, "model__learning_rate": 0.3, "model__max_depth": 3.299210878658228, "model__n_estimators": 25.147798480212245, "model__reg_lambda": 1.6625207188087054}, "datetime": {"datetime": "2021-03-27 06:02:26", "elapsed": 85.224979, "delta": 2.003491}}
{"target": -1.4457663401893839, "params": {"model__colsample_bylevel": 0.3, "model__colsample_bynode": 0.3, "model__colsample_bytree": 0.3, "model__learning_rate": 0.3, "model__max_depth": 5.96494818396343, "model__n_estimators": 23.207056489731663, "model__reg_lambda": 2.7143317972229317}, "datetime": {"datetime": "2021-03-27 06:02:28", "elapsed": 86.849753, "delta": 1.624774}}
{"target": -1.3882826347659898, "params": {"model__colsample_bylevel": 0.3, "model__colsample_bynode": 1.0, "model__colsample_bytree": 0.3, "model__learning_rate": 0.3, "model__max_depth": 8.0, "model__n_estimators": 27.35526935392752, "model__reg_lambda": 7.988613220622619}, "datetime": {"datetime": "2021-03-27 06:02:30", "elapsed": 88.400397, "delta": 1.550644}}
{"target": -1.45611228355463, "params": {"model__colsample_bylevel": 0.3, "model__colsample_bynode": 0.3, "model__colsample_bytree": 0.3, "model__learning_rate": 0.3, "model__max_depth": 2.0, "model__n_estimators": 28.688374240741933, "model__reg_lambda": 2.34794176896845}, "datetime": {"datetime": "2021-03-27 06:02:31", "elapsed": 90.28818, "delta": 1.887783}}
{"target": -1.4295746442254473, "params": {"model__colsample_bylevel": 1.0, "model__colsample_bynode": 1.0, "model__colsample_bytree": 1.0, "model__learning_rate": 0.3, "model__max_depth": 2.0, "model__n_estimators": 30.0, "model__reg_lambda": 7.727041008084817}, "datetime": {"datetime": "2021-03-27 06:02:34", "elapsed": 92.511035, "delta": 2.222855}}
{"target": -1.4415918153400225, "params": {"model__colsample_bylevel": 1.0, "model__colsample_bynode": 0.3, "model__colsample_bytree": 1.0, "model__learning_rate": 0.3, "model__max_depth": 8.0, "model__n_estimators": 17.633086590945638, "model__reg_lambda": 10.0}, "datetime": {"datetime": "2021-03-27 06:02:36", "elapsed": 94.632363, "delta": 2.121328}}
{"target": -1.3579676837619878, "params": {"model__colsample_bylevel": 1.0, "model__colsample_bynode": 0.3, "model__colsample_bytree": 1.0, "model__learning_rate": 0.3, "model__max_depth": 2.0, "model__n_estimators": 20.508392538895098, "model__reg_lambda": 0.0}, "datetime": {"datetime": "2021-03-27 06:02:37", "elapsed": 96.298236, "delta": 1.665873}}
{"target": -1.405604425161753, "params": {"model__colsample_bylevel": 1.0, "model__colsample_bynode": 1.0, "model__colsample_bytree": 1.0, "model__learning_rate": 0.3, "model__max_depth": 3.7737362448182292, "model__n_estimators": 30.0, "model__reg_lambda": 4.897062065982493}, "datetime": {"datetime": "2021-03-27 06:02:40", "elapsed": 98.772304, "delta": 2.474068}}
{"target": -1.3671137889270146, "params": {"model__colsample_bylevel": 1.0, "model__colsample_bynode": 0.3, "model__colsample_bytree": 0.3, "model__learning_rate": 0.3, "model__max_depth": 4.570970600127587, "model__n_estimators": 26.004933690127654, "model__reg_lambda": 0.0}, "datetime": {"datetime": "2021-03-27 06:02:42", "elapsed": 100.467214, "delta": 1.69491}}
{"target": -1.3748699632675752, "params": {"model__colsample_bylevel": 0.3, "model__colsample_bynode": 1.0, "model__colsample_bytree": 1.0, "model__learning_rate": 0.3, "model__max_depth": 3.133889373053182, "model__n_estimators": 28.340832536045983, "model__reg_lambda": 10.0}, "datetime": {"datetime": "2021-03-27 06:02:44", "elapsed": 102.605589, "delta": 2.138375}}
{"target": -1.3765862178894275, "params": {"model__colsample_bylevel": 1.0, "model__colsample_bynode": 0.3, "model__colsample_bytree": 0.3, "model__learning_rate": 0.3, "model__max_depth": 3.6058260383922156, "model__n_estimators": 20.877130428898873, "model__reg_lambda": 2.1662380208129113}, "datetime": {"datetime": "2021-03-27 06:02:45", "elapsed": 104.211226, "delta": 1.605637}}
{"target": -1.3818377840960316, "params": {"model__colsample_bylevel": 1.0, "model__colsample_bynode": 1.0, "model__colsample_bytree": 0.3, "model__learning_rate": 0.3, "model__max_depth": 8.0, "model__n_estimators": 27.999545746358102, "model__reg_lambda": 0.0}, "datetime": {"datetime": "2021-03-27 06:02:47", "elapsed": 106.317078, "delta": 2.105852}}
{"target": -1.3880555517775803, "params": {"model__colsample_bylevel": 1.0, "model__colsample_bynode": 1.0, "model__colsample_bytree": 0.3, "model__learning_rate": 0.3, "model__max_depth": 6.220876292759421, "model__n_estimators": 18.572650287493012, "model__reg_lambda": 0.0}, "datetime": {"datetime": "2021-03-27 06:02:49", "elapsed": 108.287173, "delta": 1.970095}}
{"target": -1.470294559892753, "params": {"model__colsample_bylevel": 1.0, "model__colsample_bynode": 0.3, "model__colsample_bytree": 1.0, "model__learning_rate": 0.3, "model__max_depth": 6.824677183371691, "model__n_estimators": 15.0, "model__reg_lambda": 8.181136619972806}, "datetime": {"datetime": "2021-03-27 06:02:51", "elapsed": 110.215902, "delta": 1.928729}}
{"target": -1.4481888628632262, "params": {"model__colsample_bylevel": 1.0, "model__colsample_bynode": 1.0, "model__colsample_bytree": 1.0, "model__learning_rate": 0.3, "model__max_depth": 6.326250584522001, "model__n_estimators": 20.50481266895339, "model__reg_lambda": 1.288562640156077}, "datetime": {"datetime": "2021-03-27 06:02:54", "elapsed": 112.627619, "delta": 2.411717}}
{"target": -1.6977333425827648, "params": {"model__colsample_bylevel": 0.3, "model__colsample_bynode": 0.3, "model__colsample_bytree": 0.3, "model__learning_rate": 0.3, "model__max_depth": 2.0, "model__n_estimators": 15.0, "model__reg_lambda": 10.0}, "datetime": {"datetime": "2021-03-27 06:02:55", "elapsed": 114.252634, "delta": 1.625015}}
{"target": -1.5202426594074654, "params": {"model__colsample_bylevel": 0.3, "model__colsample_bynode": 0.3, "model__colsample_bytree": 0.3, "model__learning_rate": 0.3, "model__max_depth": 2.444539436269177, "model__n_estimators": 19.721175123545976, "model__reg_lambda": 0.0}, "datetime": {"datetime": "2021-03-27 06:02:57", "elapsed": 115.887483, "delta": 1.634849}}
{"target": -1.3813765173588974, "params": {"model__colsample_bylevel": 0.3, "model__colsample_bynode": 0.3, "model__colsample_bytree": 1.0, "model__learning_rate": 0.3, "model__max_depth": 8.0, "model__n_estimators": 23.266295107927828, "model__reg_lambda": 10.0}, "datetime": {"datetime": "2021-03-27 06:02:59", "elapsed": 117.551262, "delta": 1.663779}}
{"target": -1.3561249066549153, "params": {"model__colsample_bylevel": 1.0, "model__colsample_bynode": 0.3, "model__colsample_bytree": 0.3, "model__learning_rate": 0.3, "model__max_depth": 8.0, "model__n_estimators": 30.0, "model__reg_lambda": 5.503733906711983}, "datetime": {"datetime": "2021-03-27 06:03:01", "elapsed": 119.497839, "delta": 1.946577}}
{"target": -1.3988800700335506, "params": {"model__colsample_bylevel": 1.0, "model__colsample_bynode": 0.3, "model__colsample_bytree": 1.0, "model__learning_rate": 0.3, "model__max_depth": 8.0, "model__n_estimators": 27.890153589991545, "model__reg_lambda": 7.929832829165641}, "datetime": {"datetime": "2021-03-27 06:03:02", "elapsed": 121.376042, "delta": 1.878203}}
{"target": -1.4263432668812197, "params": {"model__colsample_bylevel": 0.3, "model__colsample_bynode": 0.3, "model__colsample_bytree": 0.3, "model__learning_rate": 0.3, "model__max_depth": 8.0, "model__n_estimators": 21.375038954279347, "model__reg_lambda": 0.0}, "datetime": {"datetime": "2021-03-27 06:03:04", "elapsed": 123.104633, "delta": 1.728591}}
{"target": -1.4300212513560944, "params": {"model__colsample_bylevel": 0.3, "model__colsample_bynode": 1.0, "model__colsample_bytree": 1.0, "model__learning_rate": 0.3, "model__max_depth": 8.0, "model__n_estimators": 18.25221973117346, "model__reg_lambda": 5.5419742787677295}, "datetime": {"datetime": "2021-03-27 06:03:06", "elapsed": 124.839748, "delta": 1.735115}}
{"target": -1.40975176623577, "params": {"model__colsample_bylevel": 0.3, "model__colsample_bynode": 0.3, "model__colsample_bytree": 0.3, "model__learning_rate": 0.3, "model__max_depth": 5.695200208115157, "model__n_estimators": 30.0, "model__reg_lambda": 0.0}, "datetime": {"datetime": "2021-03-27 06:03:08", "elapsed": 126.679783, "delta": 1.840035}}
{"target": -1.3875059683793696, "params": {"model__colsample_bylevel": 0.3, "model__colsample_bynode": 1.0, "model__colsample_bytree": 1.0, "model__learning_rate": 0.3, "model__max_depth": 6.651812175765346, "model__n_estimators": 27.682811612801824, "model__reg_lambda": 0.0}, "datetime": {"datetime": "2021-03-27 06:03:10", "elapsed": 128.404035, "delta": 1.724252}}
{"target": -1.335601107797761, "params": {"model__colsample_bylevel": 0.3, "model__colsample_bynode": 0.3, "model__colsample_bytree": 1.0, "model__learning_rate": 0.3, "model__max_depth": 8.0, "model__n_estimators": 30.0, "model__reg_lambda": 6.404052737035292}, "datetime": {"datetime": "2021-03-27 06:03:11", "elapsed": 130.190968, "delta": 1.786933}}
{"target": -1.3700754072895085, "params": {"model__colsample_bylevel": 0.3, "model__colsample_bynode": 0.3, "model__colsample_bytree": 1.0, "model__learning_rate": 0.3, "model__max_depth": 5.485448338099153, "model__n_estimators": 21.747371038077155, "model__reg_lambda": 6.336465863717655}, "datetime": {"datetime": "2021-03-27 06:03:13", "elapsed": 131.967033, "delta": 1.776065}}
{"target": -1.3941075933044371, "params": {"model__colsample_bylevel": 0.3, "model__colsample_bynode": 1.0, "model__colsample_bytree": 1.0, "model__learning_rate": 0.3, "model__max_depth": 6.725629958406717, "model__n_estimators": 22.05597320645451, "model__reg_lambda": 9.28355425911347}, "datetime": {"datetime": "2021-03-27 06:03:15", "elapsed": 133.982035, "delta": 2.015002}}
{"target": -1.356711220425432, "params": {"model__colsample_bylevel": 0.3, "model__colsample_bynode": 1.0, "model__colsample_bytree": 0.3, "model__learning_rate": 0.3, "model__max_depth": 8.0, "model__n_estimators": 25.769916714468216, "model__reg_lambda": 1.9223005896290097}, "datetime": {"datetime": "2021-03-27 06:03:17", "elapsed": 136.241641, "delta": 2.259606}}
{"target": -1.5023098072442023, "params": {"model__colsample_bylevel": 0.3, "model__colsample_bynode": 0.3, "model__colsample_bytree": 1.0, "model__learning_rate": 0.3, "model__max_depth": 2.0, "model__n_estimators": 15.0, "model__reg_lambda": 5.6132222691670215}, "datetime": {"datetime": "2021-03-27 06:03:19", "elapsed": 137.834979, "delta": 1.593338}}
