{"target": -1.3327152926096884, "params": {"model__colsample_bylevel": 0.3905142045545432, "model__colsample_bynode": 0.31600139466816274, "model__colsample_bytree": 0.33483447077591466, "model__learning_rate": 0.2943104401176795, "model__max_depth": 3.4468617656399534, "model__n_estimators": 27.258321054277282, "model__reg_lambda": 1.069334064637072}, "datetime": {"datetime": "2021-03-27 05:10:37", "elapsed": 153.029609, "delta": 1.856675}}
{"target": -1.351239150993364, "params": {"model__colsample_bylevel": 0.3, "model__colsample_bynode": 0.3, "model__colsample_bytree": 1.0, "model__learning_rate": 0.3, "model__max_depth": 2.0, "model__n_estimators": 23.39124861325823, "model__reg_lambda": 0.0}, "datetime": {"datetime": "2021-03-27 05:10:38", "elapsed": 154.556115, "delta": 1.526506}}
{"target": -1.3556693433014595, "params": {"model__colsample_bylevel": 1.0, "model__colsample_bynode": 0.3, "model__colsample_bytree": 0.3, "model__learning_rate": 0.3, "model__max_depth": 4.540370575425419, "model__n_estimators": 22.245844617189604, "model__reg_lambda": 6.192916476779771}, "datetime": {"datetime": "2021-03-27 05:10:40", "elapsed": 156.32377, "delta": 1.767655}}
{"target": -1.3875186667209018, "params": {"model__colsample_bylevel": 1.0, "model__colsample_bynode": 0.3, "model__colsample_bytree": 1.0, "model__learning_rate": 0.3, "model__max_depth": 8.0, "model__n_estimators": 28.43172014671377, "model__reg_lambda": 0.0}, "datetime": {"datetime": "2021-03-27 05:10:42", "elapsed": 158.252797, "delta": 1.929027}}
{"target": -1.5264197831514523, "params": {"model__colsample_bylevel": 1.0, "model__colsample_bynode": 1.0, "model__colsample_bytree": 1.0, "model__learning_rate": 0.3, "model__max_depth": 2.0, "model__n_estimators": 15.0, "model__reg_lambda": 6.148109895144603}, "datetime": {"datetime": "2021-03-27 05:10:44", "elapsed": 160.092636, "delta": 1.839839}}
{"target": -1.3873595126189184, "params": {"model__colsample_bylevel": 1.0, "model__colsample_bynode": 0.3, "model__colsample_bytree": 1.0, "model__learning_rate": 0.3, "model__max_depth": 2.0, "model__n_estimators": 28.26747244986121, "model__reg_lambda": 4.579669390356387}, "datetime": {"datetime": "2021-03-27 05:10:46", "elapsed": 161.918909, "delta": 1.826273}}
{"target": -1.445418628839695, "params": {"model__colsample_bylevel": 0.3, "model__colsample_bynode": 0.3, "model__colsample_bytree": 0.3, "model__learning_rate": 0.3, "model__max_depth": 8.0, "model__n_estimators": 22.73056822533233, "model__reg_lambda": 3.752662912273288}, "datetime": {"datetime": "2021-03-27 05:10:47", "elapsed": 163.692662, "delta": 1.773753}}
{"target": -1.4728607833439458, "params": {"model__colsample_bylevel": 1.0, "model__colsample_bynode": 1.0, "model__colsample_bytree": 1.0, "model__learning_rate": 0.3, "model__max_depth": 6.123595840490917, "model__n_estimators": 15.0, "model__reg_lambda": 6.7505318939776515}, "datetime": {"datetime": "2021-03-27 05:10:50", "elapsed": 166.088018, "delta": 2.395356}}
{"target": -1.423431498557329, "params": {"model__colsample_bylevel": 1.0, "model__colsample_bynode": 0.3, "model__colsample_bytree": 1.0, "model__learning_rate": 0.3, "model__max_depth": 2.0, "model__n_estimators": 17.621709884224042, "model__reg_lambda": 1.3261057496995146}, "datetime": {"datetime": "2021-03-27 05:10:51", "elapsed": 167.794839, "delta": 1.706821}}
{"target": -1.3343085538703894, "params": {"model__colsample_bylevel": 0.3, "model__colsample_bynode": 0.3, "model__colsample_bytree": 1.0, "model__learning_rate": 0.3, "model__max_depth": 2.0, "model__n_estimators": 25.26194194389995, "model__reg_lambda": 2.4386669611755027}, "datetime": {"datetime": "2021-03-27 05:10:53", "elapsed": 169.815797, "delta": 2.020958}}
{"target": -1.298774172751692, "params": {"model__colsample_bylevel": 0.3, "model__colsample_bynode": 1.0, "model__colsample_bytree": 0.3, "model__learning_rate": 0.3, "model__max_depth": 6.575748653807876, "model__n_estimators": 29.423500042536297, "model__reg_lambda": 3.8994042206767734}, "datetime": {"datetime": "2021-03-27 05:10:55", "elapsed": 171.693126, "delta": 1.877329}}
{"target": -1.4064940165863304, "params": {"model__colsample_bylevel": 1.0, "model__colsample_bynode": 0.3, "model__colsample_bytree": 1.0, "model__learning_rate": 0.3, "model__max_depth": 2.0, "model__n_estimators": 24.67146423839267, "model__reg_lambda": 6.169545919054589}, "datetime": {"datetime": "2021-03-27 05:10:57", "elapsed": 173.712825, "delta": 2.019699}}
{"target": -1.3324132287604868, "params": {"model__colsample_bylevel": 0.3, "model__colsample_bynode": 1.0, "model__colsample_bytree": 0.3, "model__learning_rate": 0.3, "model__max_depth": 4.388980198245998, "model__n_estimators": 28.201510183322338, "model__reg_lambda": 5.805891677512682}, "datetime": {"datetime": "2021-03-27 05:10:59", "elapsed": 175.389119, "delta": 1.676294}}
{"target": -1.4096700458314972, "params": {"model__colsample_bylevel": 1.0, "model__colsample_bynode": 1.0, "model__colsample_bytree": 1.0, "model__learning_rate": 0.3, "model__max_depth": 4.777495435431167, "model__n_estimators": 22.671273820025313, "model__reg_lambda": 7.299192210744564}, "datetime": {"datetime": "2021-03-27 05:11:01", "elapsed": 177.815001, "delta": 2.425882}}
{"target": -1.560510445440161, "params": {"model__colsample_bylevel": 0.3, "model__colsample_bynode": 0.3, "model__colsample_bytree": 0.3, "model__learning_rate": 0.3, "model__max_depth": 2.0, "model__n_estimators": 21.820393336219635, "model__reg_lambda": 6.25841635417782}, "datetime": {"datetime": "2021-03-27 05:11:03", "elapsed": 179.766275, "delta": 1.951274}}
{"target": -1.465129473494987, "params": {"model__colsample_bylevel": 0.3, "model__colsample_bynode": 0.3, "model__colsample_bytree": 0.3, "model__learning_rate": 0.3, "model__max_depth": 8.0, "model__n_estimators": 15.0, "model__reg_lambda": 1.592464422867168}, "datetime": {"datetime": "2021-03-27 05:11:05", "elapsed": 181.32462, "delta": 1.558345}}
{"target": -1.4413146228947933, "params": {"model__colsample_bylevel": 1.0, "model__colsample_bynode": 0.3, "model__colsample_bytree": 0.3, "model__learning_rate": 0.3, "model__max_depth": 2.0, "model__n_estimators": 22.867738804906228, "model__reg_lambda": 10.0}, "datetime": {"datetime": "2021-03-27 05:11:06", "elapsed": 182.822052, "delta": 1.497432}}
{"target": -1.409327777399533, "params": {"model__colsample_bylevel": 1.0, "model__colsample_bynode": 0.3, "model__colsample_bytree": 0.3, "model__learning_rate": 0.3, "model__max_depth": 8.0, "model__n_estimators": 15.0, "model__reg_lambda": 4.441589579174083}, "datetime": {"datetime": "2021-03-27 05:11:08", "elapsed": 184.556895, "delta": 1.734843}}
{"target": -1.2812627614064116, "params": {"model__colsample_bylevel": 1.0, "model__colsample_bynode": 0.3, "model__colsample_bytree": 0.3, "model__learning_rate": 0.3, "model__max_depth": 5.7335451933898485, "model__n_estimators": 28.708612706137288, "model__reg_lambda": 1.229354145816093}, "datetime": {"datetime": "2021-03-27 05:11:10", "elapsed": 186.385841, "delta": 1.828946}}
{"target": -1.4214469919467103, "params": {"model__colsample_bylevel": 1.0, "model__colsample_bynode": 1.0, "model__colsample_bytree": 0.3, "model__learning_rate": 0.3, "model__max_depth": 3.992424252701364, "model__n_estimators": 20.8465881670342, "model__reg_lambda": 10.0}, "datetime": {"datetime": "2021-03-27 05:11:12", "elapsed": 188.346871, "delta": 1.96103}}
{"target": -1.371117738136293, "params": {"model__colsample_bylevel": 0.3, "model__colsample_bynode": 1.0, "model__colsample_bytree": 1.0, "model__learning_rate": 0.3, "model__max_depth": 2.0, "model__n_estimators": 26.600977648985907, "model__reg_lambda": 3.0266082094284568}, "datetime": {"datetime": "2021-03-27 05:11:14", "elapsed": 190.791053, "delta": 2.444182}}
{"target": -1.431648128406833, "params": {"model__colsample_bylevel": 1.0, "model__colsample_bynode": 1.0, "model__colsample_bytree": 1.0, "model__learning_rate": 0.3, "model__max_depth": 4.573263769858706, "model__n_estimators": 19.894863695667286, "model__reg_lambda": 4.471472246778035}, "datetime": {"datetime": "2021-03-27 05:11:17", "elapsed": 193.265053, "delta": 2.474}}
{"target": -1.4368632037584008, "params": {"model__colsample_bylevel": 0.3, "model__colsample_bynode": 0.3, "model__colsample_bytree": 1.0, "model__learning_rate": 0.3, "model__max_depth": 8.0, "model__n_estimators": 18.690704989785775, "model__reg_lambda": 4.484706793936623}, "datetime": {"datetime": "2021-03-27 05:11:19", "elapsed": 195.243551, "delta": 1.978498}}
{"target": -1.3821297218267252, "params": {"model__colsample_bylevel": 1.0, "model__colsample_bynode": 1.0, "model__colsample_bytree": 0.3, "model__learning_rate": 0.3, "model__max_depth": 8.0, "model__n_estimators": 25.83384931559307, "model__reg_lambda": 8.175916985987135}, "datetime": {"datetime": "2021-03-27 05:11:21", "elapsed": 197.179507, "delta": 1.935956}}
{"target": -1.391394882740966, "params": {"model__colsample_bylevel": 0.3, "model__colsample_bynode": 0.3, "model__colsample_bytree": 0.3, "model__learning_rate": 0.3, "model__max_depth": 4.827758958627396, "model__n_estimators": 22.267916443662568, "model__reg_lambda": 0.0}, "datetime": {"datetime": "2021-03-27 05:11:23", "elapsed": 199.027966, "delta": 1.848459}}
{"target": -1.288975231731108, "params": {"model__colsample_bylevel": 1.0, "model__colsample_bynode": 0.3, "model__colsample_bytree": 0.3, "model__learning_rate": 0.3, "model__max_depth": 6.235358319923742, "model__n_estimators": 25.400583713671104, "model__reg_lambda": 0.0}, "datetime": {"datetime": "2021-03-27 05:11:24", "elapsed": 200.831622, "delta": 1.803656}}
{"target": -1.4398315201182785, "params": {"model__colsample_bylevel": 1.0, "model__colsample_bynode": 1.0, "model__colsample_bytree": 0.3, "model__learning_rate": 0.3, "model__max_depth": 6.510430624264195, "model__n_estimators": 20.475165821940365, "model__reg_lambda": 0.0}, "datetime": {"datetime": "2021-03-27 05:11:26", "elapsed": 202.660101, "delta": 1.828479}}
{"target": -1.3619499587507893, "params": {"model__colsample_bylevel": 0.3, "model__colsample_bynode": 1.0, "model__colsample_bytree": 1.0, "model__learning_rate": 0.3, "model__max_depth": 5.674050859263781, "model__n_estimators": 30.0, "model__reg_lambda": 8.735535584852121}, "datetime": {"datetime": "2021-03-27 05:11:28", "elapsed": 204.597579, "delta": 1.937478}}
{"target": -1.3091196512762944, "params": {"model__colsample_bylevel": 1.0, "model__colsample_bynode": 0.3, "model__colsample_bytree": 0.3, "model__learning_rate": 0.3, "model__max_depth": 4.222534299200423, "model__n_estimators": 20.821329208588434, "model__reg_lambda": 2.7896138304520393}, "datetime": {"datetime": "2021-03-27 05:11:30", "elapsed": 206.348011, "delta": 1.750432}}
{"target": -1.3594810082327466, "params": {"model__colsample_bylevel": 1.0, "model__colsample_bynode": 0.3, "model__colsample_bytree": 1.0, "model__learning_rate": 0.3, "model__max_depth": 5.495852302143298, "model__n_estimators": 16.925646075308432, "model__reg_lambda": 0.0}, "datetime": {"datetime": "2021-03-27 05:11:32", "elapsed": 208.170105, "delta": 1.822094}}
{"target": -1.3263974137347785, "params": {"model__colsample_bylevel": 0.3, "model__colsample_bynode": 1.0, "model__colsample_bytree": 0.3, "model__learning_rate": 0.3, "model__max_depth": 8.0, "model__n_estimators": 25.755787202891028, "model__reg_lambda": 4.442798974812916}, "datetime": {"datetime": "2021-03-27 05:11:34", "elapsed": 210.051502, "delta": 1.881397}}
{"target": -1.4540755188119585, "params": {"model__colsample_bylevel": 0.3, "model__colsample_bynode": 0.3, "model__colsample_bytree": 0.3, "model__learning_rate": 0.3, "model__max_depth": 3.5795422778792307, "model__n_estimators": 30.0, "model__reg_lambda": 8.768607215488364}, "datetime": {"datetime": "2021-03-27 05:11:35", "elapsed": 211.707976, "delta": 1.656474}}
{"target": -1.3862939424299892, "params": {"model__colsample_bylevel": 1.0, "model__colsample_bynode": 0.3, "model__colsample_bytree": 1.0, "model__learning_rate": 0.3, "model__max_depth": 3.461787190260155, "model__n_estimators": 20.47421820830589, "model__reg_lambda": 2.0006597374390664}, "datetime": {"datetime": "2021-03-27 05:11:37", "elapsed": 213.690502, "delta": 1.982526}}
{"target": -1.3867721756218354, "params": {"model__colsample_bylevel": 1.0, "model__colsample_bynode": 0.3, "model__colsample_bytree": 0.3, "model__learning_rate": 0.3, "model__max_depth": 8.0, "model__n_estimators": 25.47500956069607, "model__reg_lambda": 10.0}, "datetime": {"datetime": "2021-03-27 05:11:40", "elapsed": 215.96235, "delta": 2.271848}}
{"target": -1.3377865968879474, "params": {"model__colsample_bylevel": 1.0, "model__colsample_bynode": 0.3, "model__colsample_bytree": 0.3, "model__learning_rate": 0.3, "model__max_depth": 2.0, "model__n_estimators": 30.0, "model__reg_lambda": 4.461461995464071}, "datetime": {"datetime": "2021-03-27 05:11:41", "elapsed": 217.608508, "delta": 1.646158}}
{"target": -1.316857205244942, "params": {"model__colsample_bylevel": 1.0, "model__colsample_bynode": 0.3, "model__colsample_bytree": 0.3, "model__learning_rate": 0.3, "model__max_depth": 6.1204966342935085, "model__n_estimators": 19.733356240797303, "model__reg_lambda": 2.6441034741963962}, "datetime": {"datetime": "2021-03-27 05:11:43", "elapsed": 219.60818, "delta": 1.999672}}
{"target": -1.3752193184663961, "params": {"model__colsample_bylevel": 0.3, "model__colsample_bynode": 1.0, "model__colsample_bytree": 1.0, "model__learning_rate": 0.3, "model__max_depth": 8.0, "model__n_estimators": 28.166925725389557, "model__reg_lambda": 3.0610993982004637}, "datetime": {"datetime": "2021-03-27 05:11:45", "elapsed": 221.58967, "delta": 1.98149}}
{"target": -1.2931176604672698, "params": {"model__colsample_bylevel": 0.3, "model__colsample_bynode": 1.0, "model__colsample_bytree": 0.3, "model__learning_rate": 0.3, "model__max_depth": 3.8262336130350287, "model__n_estimators": 28.19992514156851, "model__reg_lambda": 0.0}, "datetime": {"datetime": "2021-03-27 05:11:47", "elapsed": 223.573113, "delta": 1.983443}}
{"target": -1.326716216204121, "params": {"model__colsample_bylevel": 1.0, "model__colsample_bynode": 0.3, "model__colsample_bytree": 0.3, "model__learning_rate": 0.3, "model__max_depth": 5.140593385685439, "model__n_estimators": 28.043419885901663, "model__reg_lambda": 7.038325626600775}, "datetime": {"datetime": "2021-03-27 05:11:49", "elapsed": 225.28815, "delta": 1.715037}}
{"target": -1.2975732728029075, "params": {"model__colsample_bylevel": 1.0, "model__colsample_bynode": 0.3, "model__colsample_bytree": 0.3, "model__learning_rate": 0.3, "model__max_depth": 3.2214905274034322, "model__n_estimators": 19.81603314716315, "model__reg_lambda": 0.0}, "datetime": {"datetime": "2021-03-27 05:11:51", "elapsed": 227.337647, "delta": 2.049497}}
{"target": -1.370883658579618, "params": {"model__colsample_bylevel": 1.0, "model__colsample_bynode": 1.0, "model__colsample_bytree": 0.3, "model__learning_rate": 0.3, "model__max_depth": 5.799546907663718, "model__n_estimators": 28.69738546943133, "model__reg_lambda": 8.271354133159972}, "datetime": {"datetime": "2021-03-27 05:11:53", "elapsed": 229.361242, "delta": 2.023595}}
{"target": -1.3783243515670462, "params": {"model__colsample_bylevel": 0.3, "model__colsample_bynode": 1.0, "model__colsample_bytree": 1.0, "model__learning_rate": 0.3, "model__max_depth": 3.9588450735137695, "model__n_estimators": 26.39137236442885, "model__reg_lambda": 1.3590303491783438}, "datetime": {"datetime": "2021-03-27 05:11:55", "elapsed": 231.489286, "delta": 2.128044}}
{"target": -1.4598385000304466, "params": {"model__colsample_bylevel": 1.0, "model__colsample_bynode": 0.3, "model__colsample_bytree": 1.0, "model__learning_rate": 0.3, "model__max_depth": 8.0, "model__n_estimators": 15.0, "model__reg_lambda": 8.094443257456463}, "datetime": {"datetime": "2021-03-27 05:11:57", "elapsed": 233.57419, "delta": 2.084904}}
{"target": -1.3387332068983995, "params": {"model__colsample_bylevel": 0.3, "model__colsample_bynode": 1.0, "model__colsample_bytree": 0.3, "model__learning_rate": 0.3, "model__max_depth": 8.0, "model__n_estimators": 23.511447225276772, "model__reg_lambda": 0.0}, "datetime": {"datetime": "2021-03-27 05:11:59", "elapsed": 235.675544, "delta": 2.101354}}
{"target": -1.4046891978995846, "params": {"model__colsample_bylevel": 1.0, "model__colsample_bynode": 1.0, "model__colsample_bytree": 0.3, "model__learning_rate": 0.3, "model__max_depth": 8.0, "model__n_estimators": 20.695615795209402, "model__reg_lambda": 7.436010531291932}, "datetime": {"datetime": "2021-03-27 05:12:01", "elapsed": 237.715192, "delta": 2.039648}}
{"target": -1.4138095829676351, "params": {"model__colsample_bylevel": 1.0, "model__colsample_bynode": 1.0, "model__colsample_bytree": 0.3, "model__learning_rate": 0.3, "model__max_depth": 6.349393445213558, "model__n_estimators": 24.393731111975207, "model__reg_lambda": 10.0}, "datetime": {"datetime": "2021-03-27 05:12:04", "elapsed": 239.938104, "delta": 2.222912}}
{"target": -1.2940832742550614, "params": {"model__colsample_bylevel": 0.3, "model__colsample_bynode": 1.0, "model__colsample_bytree": 0.3, "model__learning_rate": 0.3, "model__max_depth": 3.590815751579083, "model__n_estimators": 29.355094379853835, "model__reg_lambda": 3.8528824683892626}, "datetime": {"datetime": "2021-03-27 05:12:05", "elapsed": 241.754639, "delta": 1.816535}}
{"target": -1.3263230323831996, "params": {"model__colsample_bylevel": 1.0, "model__colsample_bynode": 0.3, "model__colsample_bytree": 0.3, "model__learning_rate": 0.3, "model__max_depth": 6.5880228005777, "model__n_estimators": 25.83765524076143, "model__reg_lambda": 5.251194905976846}, "datetime": {"datetime": "2021-03-27 05:12:07", "elapsed": 243.78971, "delta": 2.035071}}
{"target": -1.3673703891873035, "params": {"model__colsample_bylevel": 1.0, "model__colsample_bynode": 0.3, "model__colsample_bytree": 0.3, "model__learning_rate": 0.3, "model__max_depth": 6.149564715158094, "model__n_estimators": 15.0, "model__reg_lambda": 0.5649200468513262}, "datetime": {"datetime": "2021-03-27 05:12:09", "elapsed": 245.640877, "delta": 1.851167}}
{"target": -1.3526407648120886, "params": {"model__colsample_bylevel": 1.0, "model__colsample_bynode": 0.3, "model__colsample_bytree": 1.0, "model__learning_rate": 0.3, "model__max_depth": 3.7215115340535414, "model__n_estimators": 27.10289690274027, "model__reg_lambda": 6.277780013331793}, "datetime": {"datetime": "2021-03-27 05:12:11", "elapsed": 247.558866, "delta": 1.917989}}
{"target": -1.397592791453328, "params": {"model__colsample_bylevel": 0.3, "model__colsample_bynode": 1.0, "model__colsample_bytree": 1.0, "model__learning_rate": 0.3, "model__max_depth": 8.0, "model__n_estimators": 26.273289316506553, "model__reg_lambda": 10.0}, "datetime": {"datetime": "2021-03-27 05:12:13", "elapsed": 249.666471, "delta": 2.107605}}
{"target": -1.4167695036036487, "params": {"model__colsample_bylevel": 0.3, "model__colsample_bynode": 0.3, "model__colsample_bytree": 1.0, "model__learning_rate": 0.3, "model__max_depth": 3.4799307576396425, "model__n_estimators": 16.954407709029855, "model__reg_lambda": 0.0}, "datetime": {"datetime": "2021-03-27 05:12:16", "elapsed": 252.1945, "delta": 2.528029}}
{"target": -1.2927409978171784, "params": {"model__colsample_bylevel": 1.0, "model__colsample_bynode": 0.3, "model__colsample_bytree": 0.3, "model__learning_rate": 0.3, "model__max_depth": 4.052311126936541, "model__n_estimators": 27.61105096689732, "model__reg_lambda": 4.1411356643098785}, "datetime": {"datetime": "2021-03-27 05:12:18", "elapsed": 253.996588, "delta": 1.802088}}
{"target": -1.338221892790086, "params": {"model__colsample_bylevel": 1.0, "model__colsample_bynode": 1.0, "model__colsample_bytree": 0.3, "model__learning_rate": 0.3, "model__max_depth": 2.757080208394938, "model__n_estimators": 28.671994970646328, "model__reg_lambda": 5.581052167352165}, "datetime": {"datetime": "2021-03-27 05:12:20", "elapsed": 255.958524, "delta": 1.961936}}
{"target": -1.3561036743331647, "params": {"model__colsample_bylevel": 1.0, "model__colsample_bynode": 0.3, "model__colsample_bytree": 1.0, "model__learning_rate": 0.3, "model__max_depth": 6.542501676117113, "model__n_estimators": 30.0, "model__reg_lambda": 6.0775943075268035}, "datetime": {"datetime": "2021-03-27 05:12:22", "elapsed": 258.100981, "delta": 2.142457}}
{"target": -1.3648065115547863, "params": {"model__colsample_bylevel": 1.0, "model__colsample_bynode": 0.3, "model__colsample_bytree": 1.0, "model__learning_rate": 0.3, "model__max_depth": 3.555646974824974, "model__n_estimators": 18.914551573222617, "model__reg_lambda": 0.0}, "datetime": {"datetime": "2021-03-27 05:12:23", "elapsed": 259.876198, "delta": 1.775217}}
{"target": -1.3261382808611875, "params": {"model__colsample_bylevel": 1.0, "model__colsample_bynode": 1.0, "model__colsample_bytree": 0.3, "model__learning_rate": 0.3, "model__max_depth": 7.063835911062539, "model__n_estimators": 30.0, "model__reg_lambda": 4.273897014842092}, "datetime": {"datetime": "2021-03-27 05:12:26", "elapsed": 262.211459, "delta": 2.335261}}
{"target": -1.3083286727103742, "params": {"model__colsample_bylevel": 1.0, "model__colsample_bynode": 0.3, "model__colsample_bytree": 0.3, "model__learning_rate": 0.3, "model__max_depth": 5.540551673875325, "model__n_estimators": 25.79114592392309, "model__reg_lambda": 1.1961986590672848}, "datetime": {"datetime": "2021-03-27 05:12:28", "elapsed": 263.984048, "delta": 1.772589}}
{"target": -1.3081755700973334, "params": {"model__colsample_bylevel": 1.0, "model__colsample_bynode": 0.3, "model__colsample_bytree": 0.3, "model__learning_rate": 0.3, "model__max_depth": 4.80239205618484, "model__n_estimators": 19.889112298878704, "model__reg_lambda": 1.288534082960968}, "datetime": {"datetime": "2021-03-27 05:12:30", "elapsed": 265.914432, "delta": 1.930384}}
