{"target": -1.4782097265802567, "params": {"model__colsample_bylevel": 1.0, "model__colsample_bynode": 1.0, "model__colsample_bytree": 0.3, "model__learning_rate": 0.3, "model__max_depth": 3.5744239743739854, "model__n_estimators": 17.404270574700007, "model__reg_lambda": 0.0}, "datetime": {"datetime": "2021-03-27 05:08:49", "elapsed": 45.237443, "delta": 1.183532}}
{"target": -1.4412087464637622, "params": {"model__colsample_bylevel": 1.0, "model__colsample_bynode": 1.0, "model__colsample_bytree": 1.0, "model__learning_rate": 0.3, "model__max_depth": 4.036420812408051, "model__n_estimators": 22.496459757291966, "model__reg_lambda": 10.0}, "datetime": {"datetime": "2021-03-27 05:08:51", "elapsed": 47.009725, "delta": 1.772282}}
{"target": -1.560460696131855, "params": {"model__colsample_bylevel": 0.3, "model__colsample_bynode": 0.3, "model__colsample_bytree": 1.0, "model__learning_rate": 0.3, "model__max_depth": 2.0, "model__n_estimators": 15.0, "model__reg_lambda": 10.0}, "datetime": {"datetime": "2021-03-27 05:08:52", "elapsed": 47.991131, "delta": 0.981406}}
{"target": -1.3829737275056, "params": {"model__colsample_bylevel": 0.3, "model__colsample_bynode": 0.3, "model__colsample_bytree": 0.3, "model__learning_rate": 0.3, "model__max_depth": 4.775394332934742, "model__n_estimators": 30.0, "model__reg_lambda": 0.0}, "datetime": {"datetime": "2021-03-27 05:08:53", "elapsed": 48.956965, "delta": 0.965834}}
{"target": -1.4999318026080455, "params": {"model__colsample_bylevel": 1.0, "model__colsample_bynode": 1.0, "model__colsample_bytree": 0.3, "model__learning_rate": 0.3, "model__max_depth": 8.0, "model__n_estimators": 30.0, "model__reg_lambda": 0.0}, "datetime": {"datetime": "2021-03-27 05:08:54", "elapsed": 50.813376, "delta": 1.856411}}
{"target": -1.405057543610641, "params": {"model__colsample_bylevel": 0.3, "model__colsample_bynode": 0.3, "model__colsample_bytree": 0.3, "model__learning_rate": 0.3, "model__max_depth": 4.753574126213967, "model__n_estimators": 30.0, "model__reg_lambda": 4.949639521148558}, "datetime": {"datetime": "2021-03-27 05:08:56", "elapsed": 52.306994, "delta": 1.493618}}
{"target": -1.5161323437619063, "params": {"model__colsample_bylevel": 1.0, "model__colsample_bynode": 1.0, "model__colsample_bytree": 1.0, "model__learning_rate": 0.3, "model__max_depth": 8.0, "model__n_estimators": 15.0, "model__reg_lambda": 0.0}, "datetime": {"datetime": "2021-03-27 05:08:58", "elapsed": 54.297192, "delta": 1.990198}}
{"target": -1.4006772485008272, "params": {"model__colsample_bylevel": 0.3, "model__colsample_bynode": 0.3, "model__colsample_bytree": 0.3, "model__learning_rate": 0.3, "model__max_depth": 6.2535787881232885, "model__n_estimators": 18.797171869959012, "model__reg_lambda": 0.0}, "datetime": {"datetime": "2021-03-27 05:08:59", "elapsed": 55.778726, "delta": 1.481534}}
{"target": -1.4125647116398468, "params": {"model__colsample_bylevel": 1.0, "model__colsample_bynode": 1.0, "model__colsample_bytree": 1.0, "model__learning_rate": 0.3, "model__max_depth": 8.0, "model__n_estimators": 30.0, "model__reg_lambda": 8.027853568843842}, "datetime": {"datetime": "2021-03-27 05:09:02", "elapsed": 58.400478, "delta": 2.621752}}
{"target": -1.2845078869074906, "params": {"model__colsample_bylevel": 1.0, "model__colsample_bynode": 0.3, "model__colsample_bytree": 0.3, "model__learning_rate": 0.3, "model__max_depth": 4.947020398768828, "model__n_estimators": 26.088094938086577, "model__reg_lambda": 0.0}, "datetime": {"datetime": "2021-03-27 05:09:04", "elapsed": 60.139696, "delta": 1.739218}}
{"target": -1.3452987392621951, "params": {"model__colsample_bylevel": 0.3, "model__colsample_bynode": 1.0, "model__colsample_bytree": 0.3, "model__learning_rate": 0.3, "model__max_depth": 3.7430732475982706, "model__n_estimators": 28.34251720487087, "model__reg_lambda": 8.243849325327373}, "datetime": {"datetime": "2021-03-27 05:09:05", "elapsed": 61.798341, "delta": 1.658645}}
{"target": -1.4115195765983368, "params": {"model__colsample_bylevel": 0.3, "model__colsample_bynode": 0.3, "model__colsample_bytree": 1.0, "model__learning_rate": 0.3, "model__max_depth": 2.0, "model__n_estimators": 30.0, "model__reg_lambda": 10.0}, "datetime": {"datetime": "2021-03-27 05:09:07", "elapsed": 63.37984, "delta": 1.581499}}
{"target": -1.5524491417775121, "params": {"model__colsample_bylevel": 0.3, "model__colsample_bynode": 0.3, "model__colsample_bytree": 0.3, "model__learning_rate": 0.3, "model__max_depth": 2.0, "model__n_estimators": 15.0, "model__reg_lambda": 0.0}, "datetime": {"datetime": "2021-03-27 05:09:09", "elapsed": 65.161549, "delta": 1.781709}}
{"target": -1.4100545047816107, "params": {"model__colsample_bylevel": 1.0, "model__colsample_bynode": 0.3, "model__colsample_bytree": 1.0, "model__learning_rate": 0.3, "model__max_depth": 8.0, "model__n_estimators": 16.005939800355183, "model__reg_lambda": 2.088728487624064}, "datetime": {"datetime": "2021-03-27 05:09:10", "elapsed": 66.795397, "delta": 1.633848}}
{"target": -1.3418870902380675, "params": {"model__colsample_bylevel": 0.3, "model__colsample_bynode": 1.0, "model__colsample_bytree": 0.3, "model__learning_rate": 0.3, "model__max_depth": 8.0, "model__n_estimators": 20.847011391228524, "model__reg_lambda": 0.0}, "datetime": {"datetime": "2021-03-27 05:09:12", "elapsed": 68.483161, "delta": 1.687764}}
{"target": -1.3926447770463815, "params": {"model__colsample_bylevel": 0.3, "model__colsample_bynode": 0.3, "model__colsample_bytree": 0.3, "model__learning_rate": 0.3, "model__max_depth": 8.0, "model__n_estimators": 30.0, "model__reg_lambda": 3.188739271653656}, "datetime": {"datetime": "2021-03-27 05:09:14", "elapsed": 70.073101, "delta": 1.58994}}
{"target": -1.378939322063672, "params": {"model__colsample_bylevel": 1.0, "model__colsample_bynode": 1.0, "model__colsample_bytree": 0.3, "model__learning_rate": 0.3, "model__max_depth": 8.0, "model__n_estimators": 27.60261474146717, "model__reg_lambda": 10.0}, "datetime": {"datetime": "2021-03-27 05:09:16", "elapsed": 72.025927, "delta": 1.952826}}
{"target": -1.5394509744978901, "params": {"model__colsample_bylevel": 0.3, "model__colsample_bynode": 0.3, "model__colsample_bytree": 1.0, "model__learning_rate": 0.3, "model__max_depth": 5.533246161476606, "model__n_estimators": 15.0, "model__reg_lambda": 10.0}, "datetime": {"datetime": "2021-03-27 05:09:17", "elapsed": 73.601216, "delta": 1.575289}}
{"target": -1.468863646707673, "params": {"model__colsample_bylevel": 0.3, "model__colsample_bynode": 0.3, "model__colsample_bytree": 0.3, "model__learning_rate": 0.3, "model__max_depth": 6.0787090783911255, "model__n_estimators": 28.45539093057333, "model__reg_lambda": 10.0}, "datetime": {"datetime": "2021-03-27 05:09:19", "elapsed": 75.455538, "delta": 1.854322}}
{"target": -1.3922377111903135, "params": {"model__colsample_bylevel": 0.3, "model__colsample_bynode": 1.0, "model__colsample_bytree": 1.0, "model__learning_rate": 0.3, "model__max_depth": 2.0, "model__n_estimators": 27.73074006091578, "model__reg_lambda": 6.569633697017216}, "datetime": {"datetime": "2021-03-27 05:09:21", "elapsed": 77.251341, "delta": 1.795803}}
{"target": -1.432351757040706, "params": {"model__colsample_bylevel": 0.3, "model__colsample_bynode": 0.3, "model__colsample_bytree": 0.3, "model__learning_rate": 0.3, "model__max_depth": 2.0, "model__n_estimators": 27.87714091238648, "model__reg_lambda": 1.4225978184217345}, "datetime": {"datetime": "2021-03-27 05:09:23", "elapsed": 79.09422, "delta": 1.842879}}
{"target": -1.4332470628297957, "params": {"model__colsample_bylevel": 1.0, "model__colsample_bynode": 1.0, "model__colsample_bytree": 1.0, "model__learning_rate": 0.3, "model__max_depth": 2.0, "model__n_estimators": 21.019447212290544, "model__reg_lambda": 0.0}, "datetime": {"datetime": "2021-03-27 05:09:25", "elapsed": 81.306378, "delta": 2.212158}}
{"target": -1.3870796665056624, "params": {"model__colsample_bylevel": 0.3, "model__colsample_bynode": 0.3, "model__colsample_bytree": 1.0, "model__learning_rate": 0.3, "model__max_depth": 8.0, "model__n_estimators": 20.510291402256463, "model__reg_lambda": 1.5894378505368318}, "datetime": {"datetime": "2021-03-27 05:09:26", "elapsed": 82.74921, "delta": 1.442832}}
{"target": -1.3643265208425137, "params": {"model__colsample_bylevel": 0.3, "model__colsample_bynode": 1.0, "model__colsample_bytree": 1.0, "model__learning_rate": 0.3, "model__max_depth": 6.8009520953734315, "model__n_estimators": 28.08407965891371, "model__reg_lambda": 0.0}, "datetime": {"datetime": "2021-03-27 05:09:28", "elapsed": 84.734488, "delta": 1.985278}}
{"target": -1.4431728496931602, "params": {"model__colsample_bylevel": 1.0, "model__colsample_bynode": 1.0, "model__colsample_bytree": 1.0, "model__learning_rate": 0.3, "model__max_depth": 8.0, "model__n_estimators": 17.535662811833685, "model__reg_lambda": 6.4763001131623446}, "datetime": {"datetime": "2021-03-27 05:09:30", "elapsed": 86.862816, "delta": 2.128328}}
{"target": -1.3758141160503947, "params": {"model__colsample_bylevel": 1.0, "model__colsample_bynode": 0.3, "model__colsample_bytree": 1.0, "model__learning_rate": 0.3, "model__max_depth": 4.089014563986207, "model__n_estimators": 27.911476764332335, "model__reg_lambda": 0.0}, "datetime": {"datetime": "2021-03-27 05:09:32", "elapsed": 88.648278, "delta": 1.785462}}
{"target": -1.4224161119834666, "params": {"model__colsample_bylevel": 0.3, "model__colsample_bynode": 0.3, "model__colsample_bytree": 0.3, "model__learning_rate": 0.3, "model__max_depth": 8.0, "model__n_estimators": 16.802476599581045, "model__reg_lambda": 0.0}, "datetime": {"datetime": "2021-03-27 05:09:34", "elapsed": 90.16062, "delta": 1.512342}}
{"target": -1.4390132191793428, "params": {"model__colsample_bylevel": 1.0, "model__colsample_bynode": 1.0, "model__colsample_bytree": 1.0, "model__learning_rate": 0.3, "model__max_depth": 2.0, "model__n_estimators": 30.0, "model__reg_lambda": 7.843896643824237}, "datetime": {"datetime": "2021-03-27 05:09:36", "elapsed": 92.394312, "delta": 2.233692}}
{"target": -1.4073625921204256, "params": {"model__colsample_bylevel": 1.0, "model__colsample_bynode": 0.3, "model__colsample_bytree": 1.0, "model__learning_rate": 0.3, "model__max_depth": 8.0, "model__n_estimators": 21.956998954399992, "model__reg_lambda": 7.807284078003211}, "datetime": {"datetime": "2021-03-27 05:09:38", "elapsed": 94.481464, "delta": 2.087152}}
{"target": -1.3583817220994852, "params": {"model__colsample_bylevel": 1.0, "model__colsample_bynode": 0.3, "model__colsample_bytree": 1.0, "model__learning_rate": 0.3, "model__max_depth": 4.535573749647936, "model__n_estimators": 15.0, "model__reg_lambda": 0.0}, "datetime": {"datetime": "2021-03-27 05:09:40", "elapsed": 96.235821, "delta": 1.754357}}
{"target": -1.3393330062564084, "params": {"model__colsample_bylevel": 1.0, "model__colsample_bynode": 1.0, "model__colsample_bytree": 0.3, "model__learning_rate": 0.3, "model__max_depth": 8.0, "model__n_estimators": 29.050657761592593, "model__reg_lambda": 5.197142768462154}, "datetime": {"datetime": "2021-03-27 05:09:42", "elapsed": 98.363783, "delta": 2.127962}}
{"target": -1.3572990822713769, "params": {"model__colsample_bylevel": 1.0, "model__colsample_bynode": 0.3, "model__colsample_bytree": 0.3, "model__learning_rate": 0.3, "model__max_depth": 2.0, "model__n_estimators": 28.516820764958958, "model__reg_lambda": 7.225900581537648}, "datetime": {"datetime": "2021-03-27 05:09:44", "elapsed": 100.103197, "delta": 1.739414}}
{"target": -1.395406369621987, "params": {"model__colsample_bylevel": 0.3, "model__colsample_bynode": 1.0, "model__colsample_bytree": 0.3, "model__learning_rate": 0.3, "model__max_depth": 8.0, "model__n_estimators": 24.28971892314128, "model__reg_lambda": 10.0}, "datetime": {"datetime": "2021-03-27 05:09:45", "elapsed": 101.706163, "delta": 1.602966}}
{"target": -1.339612258668395, "params": {"model__colsample_bylevel": 1.0, "model__colsample_bynode": 0.3, "model__colsample_bytree": 0.3, "model__learning_rate": 0.3, "model__max_depth": 6.8424575790395465, "model__n_estimators": 30.0, "model__reg_lambda": 7.989550037474963}, "datetime": {"datetime": "2021-03-27 05:09:48", "elapsed": 103.912543, "delta": 2.20638}}
{"target": -1.2958678896744749, "params": {"model__colsample_bylevel": 1.0, "model__colsample_bynode": 0.3, "model__colsample_bytree": 0.3, "model__learning_rate": 0.3, "model__max_depth": 6.322872443058559, "model__n_estimators": 22.71764809998864, "model__reg_lambda": 0.0}, "datetime": {"datetime": "2021-03-27 05:09:49", "elapsed": 105.466819, "delta": 1.554276}}
{"target": -1.4714920661290702, "params": {"model__colsample_bylevel": 0.3, "model__colsample_bynode": 0.3, "model__colsample_bytree": 1.0, "model__learning_rate": 0.3, "model__max_depth": 3.693590523724285, "model__n_estimators": 20.018783297716492, "model__reg_lambda": 10.0}, "datetime": {"datetime": "2021-03-27 05:09:51", "elapsed": 107.321251, "delta": 1.854432}}
{"target": -1.488609862106049, "params": {"model__colsample_bylevel": 1.0, "model__colsample_bynode": 1.0, "model__colsample_bytree": 1.0, "model__learning_rate": 0.3, "model__max_depth": 3.100102703655844, "model__n_estimators": 30.0, "model__reg_lambda": 0.0}, "datetime": {"datetime": "2021-03-27 05:09:53", "elapsed": 109.501501, "delta": 2.18025}}
{"target": -1.495298160483008, "params": {"model__colsample_bylevel": 1.0, "model__colsample_bynode": 1.0, "model__colsample_bytree": 0.3, "model__learning_rate": 0.3, "model__max_depth": 2.0, "model__n_estimators": 19.270719124350137, "model__reg_lambda": 10.0}, "datetime": {"datetime": "2021-03-27 05:09:55", "elapsed": 111.173459, "delta": 1.671958}}
{"target": -1.3636018099155331, "params": {"model__colsample_bylevel": 0.3, "model__colsample_bynode": 0.3, "model__colsample_bytree": 0.3, "model__learning_rate": 0.3, "model__max_depth": 5.758725750633531, "model__n_estimators": 27.326922296884398, "model__reg_lambda": 0.0}, "datetime": {"datetime": "2021-03-27 05:09:56", "elapsed": 112.822401, "delta": 1.648942}}
{"target": -1.3626958060301029, "params": {"model__colsample_bylevel": 0.3, "model__colsample_bynode": 0.3, "model__colsample_bytree": 1.0, "model__learning_rate": 0.3, "model__max_depth": 8.0, "model__n_estimators": 25.30894248876329, "model__reg_lambda": 2.973766750389737}, "datetime": {"datetime": "2021-03-27 05:09:58", "elapsed": 114.518419, "delta": 1.696018}}
{"target": -1.3032908052175671, "params": {"model__colsample_bylevel": 1.0, "model__colsample_bynode": 0.3, "model__colsample_bytree": 0.3, "model__learning_rate": 0.3, "model__max_depth": 3.6220325695205564, "model__n_estimators": 23.304071855418897, "model__reg_lambda": 0.0}, "datetime": {"datetime": "2021-03-27 05:10:00", "elapsed": 116.350886, "delta": 1.832467}}
{"target": -1.3857636791383983, "params": {"model__colsample_bylevel": 1.0, "model__colsample_bynode": 0.3, "model__colsample_bytree": 1.0, "model__learning_rate": 0.3, "model__max_depth": 8.0, "model__n_estimators": 30.0, "model__reg_lambda": 10.0}, "datetime": {"datetime": "2021-03-27 05:10:02", "elapsed": 118.465486, "delta": 2.1146}}
{"target": -1.325245068223634, "params": {"model__colsample_bylevel": 1.0, "model__colsample_bynode": 0.3, "model__colsample_bytree": 0.3, "model__learning_rate": 0.3, "model__max_depth": 8.0, "model__n_estimators": 19.677000488146493, "model__reg_lambda": 1.4030210478659415}, "datetime": {"datetime": "2021-03-27 05:10:04", "elapsed": 120.152313, "delta": 1.686827}}
{"target": -1.3701980034037884, "params": {"model__colsample_bylevel": 0.3, "model__colsample_bynode": 0.3, "model__colsample_bytree": 0.3, "model__learning_rate": 0.3, "model__max_depth": 5.588233302760573, "model__n_estimators": 23.833901157469366, "model__reg_lambda": 1.2750642278060793}, "datetime": {"datetime": "2021-03-27 05:10:05", "elapsed": 121.736506, "delta": 1.584193}}
{"target": -1.426389529450756, "params": {"model__colsample_bylevel": 0.3, "model__colsample_bynode": 0.3, "model__colsample_bytree": 0.3, "model__learning_rate": 0.3, "model__max_depth": 8.0, "model__n_estimators": 30.0, "model__reg_lambda": 6.664661520690252}, "datetime": {"datetime": "2021-03-27 05:10:07", "elapsed": 123.536131, "delta": 1.799625}}
{"target": -1.4168855095660124, "params": {"model__colsample_bylevel": 0.3, "model__colsample_bynode": 1.0, "model__colsample_bytree": 1.0, "model__learning_rate": 0.3, "model__max_depth": 8.0, "model__n_estimators": 22.23396719789583, "model__reg_lambda": 8.142066794782044}, "datetime": {"datetime": "2021-03-27 05:10:09", "elapsed": 125.531033, "delta": 1.994902}}
{"target": -1.3421468523506452, "params": {"model__colsample_bylevel": 1.0, "model__colsample_bynode": 0.3, "model__colsample_bytree": 0.3, "model__learning_rate": 0.3, "model__max_depth": 8.0, "model__n_estimators": 22.06686074951305, "model__reg_lambda": 0.0}, "datetime": {"datetime": "2021-03-27 05:10:11", "elapsed": 127.279786, "delta": 1.748753}}
{"target": -1.3080731495573739, "params": {"model__colsample_bylevel": 0.3, "model__colsample_bynode": 1.0, "model__colsample_bytree": 0.3, "model__learning_rate": 0.3, "model__max_depth": 2.0, "model__n_estimators": 23.86905011609211, "model__reg_lambda": 0.0}, "datetime": {"datetime": "2021-03-27 05:10:13", "elapsed": 129.311145, "delta": 2.031359}}
{"target": -1.4058864222798984, "params": {"model__colsample_bylevel": 1.0, "model__colsample_bynode": 0.3, "model__colsample_bytree": 1.0, "model__learning_rate": 0.3, "model__max_depth": 6.1925937745723, "model__n_estimators": 18.577622451579114, "model__reg_lambda": 4.954744285194415}, "datetime": {"datetime": "2021-03-27 05:10:15", "elapsed": 131.180774, "delta": 1.869629}}
{"target": -1.367748494686532, "params": {"model__colsample_bylevel": 0.9602492466943529, "model__colsample_bynode": 0.8873837344713595, "model__colsample_bytree": 0.35215531626026664, "model__learning_rate": 0.28763007745480634, "model__max_depth": 7.997537198128523, "model__n_estimators": 26.893675568198294, "model__reg_lambda": 2.3628475224796675}, "datetime": {"datetime": "2021-03-27 05:10:17", "elapsed": 133.215982, "delta": 2.035208}}
{"target": -1.4878080788481833, "params": {"model__colsample_bylevel": 1.0, "model__colsample_bynode": 1.0, "model__colsample_bytree": 0.3, "model__learning_rate": 0.3, "model__max_depth": 3.5127061896705936, "model__n_estimators": 25.37401843112455, "model__reg_lambda": 0.0}, "datetime": {"datetime": "2021-03-27 05:10:19", "elapsed": 135.002102, "delta": 1.78612}}
{"target": -1.362993753026577, "params": {"model__colsample_bylevel": 0.3, "model__colsample_bynode": 1.0, "model__colsample_bytree": 1.0, "model__learning_rate": 0.3, "model__max_depth": 3.435196217243418, "model__n_estimators": 22.413289573925603, "model__reg_lambda": 0.0}, "datetime": {"datetime": "2021-03-27 05:10:20", "elapsed": 136.692944, "delta": 1.690842}}
{"target": -1.4874808146631804, "params": {"model__colsample_bylevel": 0.3, "model__colsample_bynode": 1.0, "model__colsample_bytree": 0.3, "model__learning_rate": 0.1, "model__max_depth": 2.0, "model__n_estimators": 28.68560392081382, "model__reg_lambda": 0.0}, "datetime": {"datetime": "2021-03-27 05:10:22", "elapsed": 138.431818, "delta": 1.738874}}
{"target": -1.3540265382672458, "params": {"model__colsample_bylevel": 1.0, "model__colsample_bynode": 1.0, "model__colsample_bytree": 0.3, "model__learning_rate": 0.3, "model__max_depth": 4.446417110782674, "model__n_estimators": 30.0, "model__reg_lambda": 6.974897010909483}, "datetime": {"datetime": "2021-03-27 05:10:24", "elapsed": 140.452944, "delta": 2.021126}}
{"target": -1.3575367843651251, "params": {"model__colsample_bylevel": 0.3, "model__colsample_bynode": 1.0, "model__colsample_bytree": 1.0, "model__learning_rate": 0.3, "model__max_depth": 8.0, "model__n_estimators": 30.0, "model__reg_lambda": 4.369736504158664}, "datetime": {"datetime": "2021-03-27 05:10:26", "elapsed": 142.314537, "delta": 1.861593}}
{"target": -1.4609282737678808, "params": {"model__colsample_bylevel": 1.0, "model__colsample_bynode": 1.0, "model__colsample_bytree": 1.0, "model__learning_rate": 0.3, "model__max_depth": 2.0, "model__n_estimators": 27.679729514424142, "model__reg_lambda": 10.0}, "datetime": {"datetime": "2021-03-27 05:10:28", "elapsed": 144.293844, "delta": 1.979307}}
{"target": -1.4338652459175691, "params": {"model__colsample_bylevel": 1.0, "model__colsample_bynode": 1.0, "model__colsample_bytree": 0.3, "model__learning_rate": 0.3, "model__max_depth": 2.0, "model__n_estimators": 23.164193004059882, "model__reg_lambda": 7.436307075424693}, "datetime": {"datetime": "2021-03-27 05:10:30", "elapsed": 145.935264, "delta": 1.64142}}
{"target": -1.4574821769948239, "params": {"model__colsample_bylevel": 1.0, "model__colsample_bynode": 0.3, "model__colsample_bytree": 1.0, "model__learning_rate": 0.3, "model__max_depth": 8.0, "model__n_estimators": 17.63508621832244, "model__reg_lambda": 10.0}, "datetime": {"datetime": "2021-03-27 05:10:31", "elapsed": 147.662055, "delta": 1.726791}}
{"target": -1.3051188909961584, "params": {"model__colsample_bylevel": 0.3, "model__colsample_bynode": 1.0, "model__colsample_bytree": 0.3, "model__learning_rate": 0.3, "model__max_depth": 2.0, "model__n_estimators": 30.0, "model__reg_lambda": 3.811952016439559}, "datetime": {"datetime": "2021-03-27 05:10:33", "elapsed": 149.367871, "delta": 1.705816}}
{"target": -1.386886762765884, "params": {"model__colsample_bylevel": 1.0, "model__colsample_bynode": 0.3, "model__colsample_bytree": 1.0, "model__learning_rate": 0.3, "model__max_depth": 6.265491410210986, "model__n_estimators": 24.37879777740347, "model__reg_lambda": 0.0}, "datetime": {"datetime": "2021-03-27 05:10:35", "elapsed": 151.172934, "delta": 1.805063}}
