{"target": -1.285588108725252, "params": {"model__colsample_bylevel": 0.3, "model__colsample_bynode": 1.0, "model__colsample_bytree": 0.3, "model__learning_rate": 0.3, "model__max_depth": 4.812825396216913, "model__n_estimators": 30.0, "model__reg_lambda": 3.4795322398160686}, "datetime": {"datetime": "2021-03-27 05:14:32", "elapsed": 388.704259, "delta": 2.370011}}
{"target": -1.359459062989639, "params": {"model__colsample_bylevel": 0.3, "model__colsample_bynode": 1.0, "model__colsample_bytree": 1.0, "model__learning_rate": 0.3, "model__max_depth": 3.3850915961128574, "model__n_estimators": 30.0, "model__reg_lambda": 5.492682414191714}, "datetime": {"datetime": "2021-03-27 05:14:34", "elapsed": 390.820473, "delta": 2.116214}}
{"target": -1.3918415481548594, "params": {"model__colsample_bylevel": 0.3, "model__colsample_bynode": 1.0, "model__colsample_bytree": 0.3, "model__learning_rate": 0.3, "model__max_depth": 4.1190887078069025, "model__n_estimators": 23.60133428101982, "model__reg_lambda": 10.0}, "datetime": {"datetime": "2021-03-27 05:14:36", "elapsed": 392.831652, "delta": 2.011179}}
{"target": -1.3055955962250951, "params": {"model__colsample_bylevel": 0.3, "model__colsample_bynode": 1.0, "model__colsample_bytree": 0.3, "model__learning_rate": 0.3, "model__max_depth": 6.527006045004887, "model__n_estimators": 26.012397675236148, "model__reg_lambda": 2.348771917042453}, "datetime": {"datetime": "2021-03-27 05:14:39", "elapsed": 395.089919, "delta": 2.258267}}
