{"target": -1.3183605010202828, "params": {"model__colsample_bylevel": 0.3, "model__colsample_bynode": 1.0, "model__colsample_bytree": 0.3, "model__learning_rate": 0.3, "model__max_depth": 8.0, "model__n_estimators": 25.202155256727625, "model__reg_lambda": 1.8671509084654785}, "datetime": {"datetime": "2021-03-27 05:12:31", "elapsed": 267.705277, "delta": 1.790845}}
{"target": -1.4575069402708956, "params": {"model__colsample_bylevel": 1.0, "model__colsample_bynode": 1.0, "model__colsample_bytree": 1.0, "model__learning_rate": 0.3, "model__max_depth": 4.341573365064856, "model__n_estimators": 19.168274565768563, "model__reg_lambda": 10.0}, "datetime": {"datetime": "2021-03-27 05:12:34", "elapsed": 270.157068, "delta": 2.451791}}
{"target": -1.3265814999199432, "params": {"model__colsample_bylevel": 1.0, "model__colsample_bynode": 0.3, "model__colsample_bytree": 0.3, "model__learning_rate": 0.3, "model__max_depth": 5.349561275925939, "model__n_estimators": 22.571581062460307, "model__reg_lambda": 3.709217069268841}, "datetime": {"datetime": "2021-03-27 05:12:36", "elapsed": 271.949651, "delta": 1.792583}}
{"target": -1.3006431775656866, "params": {"model__colsample_bylevel": 0.3, "model__colsample_bynode": 1.0, "model__colsample_bytree": 0.3, "model__learning_rate": 0.3, "model__max_depth": 6.238515565473111, "model__n_estimators": 29.266231555410794, "model__reg_lambda": 1.098700052057054}, "datetime": {"datetime": "2021-03-27 05:12:38", "elapsed": 273.954451, "delta": 2.0048}}
{"target": -1.2946636132423537, "params": {"model__colsample_bylevel": 1.0, "model__colsample_bynode": 0.3, "model__colsample_bytree": 0.3, "model__learning_rate": 0.3, "model__max_depth": 4.431975052805328, "model__n_estimators": 22.42248621985252, "model__reg_lambda": 1.314973544450388}, "datetime": {"datetime": "2021-03-27 05:12:39", "elapsed": 275.852329, "delta": 1.897878}}
{"target": -1.3276495803350015, "params": {"model__colsample_bylevel": 0.3, "model__colsample_bynode": 0.5702270565638767, "model__colsample_bytree": 0.3, "model__learning_rate": 0.3, "model__max_depth": 3.9329704246030395, "model__n_estimators": 29.01904246667592, "model__reg_lambda": 1.2557655438207729}, "datetime": {"datetime": "2021-03-27 05:12:41", "elapsed": 277.893467, "delta": 2.041138}}
{"target": -1.4236350756003586, "params": {"model__colsample_bylevel": 0.3, "model__colsample_bynode": 0.3, "model__colsample_bytree": 0.3, "model__learning_rate": 0.3, "model__max_depth": 5.845585229381921, "model__n_estimators": 26.752826714716438, "model__reg_lambda": 5.068384871354817}, "datetime": {"datetime": "2021-03-27 05:12:43", "elapsed": 279.666476, "delta": 1.773009}}
{"target": -1.2775298805455202, "params": {"model__colsample_bylevel": 1.0, "model__colsample_bynode": 0.3, "model__colsample_bytree": 0.3, "model__learning_rate": 0.3, "model__max_depth": 2.561519981348937, "model__n_estimators": 30.0, "model__reg_lambda": 2.518779496301743}, "datetime": {"datetime": "2021-03-27 05:12:46", "elapsed": 282.064584, "delta": 2.398108}}
{"target": -1.3160623814505725, "params": {"model__colsample_bylevel": 0.3, "model__colsample_bynode": 0.3, "model__colsample_bytree": 0.3, "model__learning_rate": 0.3, "model__max_depth": 2.6601260695289106, "model__n_estimators": 30.0, "model__reg_lambda": 0.0}, "datetime": {"datetime": "2021-03-27 05:12:47", "elapsed": 283.812568, "delta": 1.747984}}
{"target": -1.6757685739385042, "params": {"model__colsample_bylevel": 0.3, "model__colsample_bynode": 0.3, "model__colsample_bytree": 0.3, "model__learning_rate": 0.3, "model__max_depth": 2.0, "model__n_estimators": 15.0, "model__reg_lambda": 7.276833899980122}, "datetime": {"datetime": "2021-03-27 05:12:49", "elapsed": 285.747864, "delta": 1.935296}}
{"target": -1.2825221619020433, "params": {"model__colsample_bylevel": 0.3, "model__colsample_bynode": 1.0, "model__colsample_bytree": 0.3, "model__learning_rate": 0.3, "model__max_depth": 5.702578631979156, "model__n_estimators": 25.65537397136478, "model__reg_lambda": 0.0}, "datetime": {"datetime": "2021-03-27 05:12:51", "elapsed": 287.588787, "delta": 1.840923}}
{"target": -1.3452881823928247, "params": {"model__colsample_bylevel": 1.0, "model__colsample_bynode": 0.3, "model__colsample_bytree": 0.3, "model__learning_rate": 0.3, "model__max_depth": 2.0, "model__n_estimators": 26.815826014025028, "model__reg_lambda": 4.304085354881241}, "datetime": {"datetime": "2021-03-27 05:12:53", "elapsed": 289.496988, "delta": 1.908201}}
{"target": -1.430314684154439, "params": {"model__colsample_bylevel": 1.0, "model__colsample_bynode": 0.3, "model__colsample_bytree": 1.0, "model__learning_rate": 0.3, "model__max_depth": 5.036627673167587, "model__n_estimators": 16.35520901379621, "model__reg_lambda": 5.875533321214977}, "datetime": {"datetime": "2021-03-27 05:12:55", "elapsed": 291.568284, "delta": 2.071296}}
{"target": -1.4448350296041967, "params": {"model__colsample_bylevel": 1.0, "model__colsample_bynode": 1.0, "model__colsample_bytree": 0.3, "model__learning_rate": 0.3, "model__max_depth": 6.244708636437268, "model__n_estimators": 26.97212416734999, "model__reg_lambda": 0.0}, "datetime": {"datetime": "2021-03-27 05:12:57", "elapsed": 293.693236, "delta": 2.124952}}
{"target": -1.2963774410420623, "params": {"model__colsample_bylevel": 1.0, "model__colsample_bynode": 0.3, "model__colsample_bytree": 0.3, "model__learning_rate": 0.3, "model__max_depth": 2.053312533253688, "model__n_estimators": 30.0, "model__reg_lambda": 1.110600808354738}, "datetime": {"datetime": "2021-03-27 05:12:59", "elapsed": 295.165941, "delta": 1.472705}}
{"target": -1.4082769373296826, "params": {"model__colsample_bylevel": 1.0, "model__colsample_bynode": 1.0, "model__colsample_bytree": 0.3, "model__learning_rate": 0.3, "model__max_depth": 2.0, "model__n_estimators": 26.48193447806704, "model__reg_lambda": 7.437936360700254}, "datetime": {"datetime": "2021-03-27 05:13:01", "elapsed": 297.078935, "delta": 1.912994}}
{"target": -1.3281300840386447, "params": {"model__colsample_bylevel": 1.0, "model__colsample_bynode": 1.0, "model__colsample_bytree": 0.3, "model__learning_rate": 0.3, "model__max_depth": 2.0, "model__n_estimators": 30.0, "model__reg_lambda": 3.0231125701495087}, "datetime": {"datetime": "2021-03-27 05:13:03", "elapsed": 299.080224, "delta": 2.001289}}
{"target": -1.3948109691206745, "params": {"model__colsample_bylevel": 1.0, "model__colsample_bynode": 1.0, "model__colsample_bytree": 0.3, "model__learning_rate": 0.3, "model__max_depth": 5.642301177557387, "model__n_estimators": 21.571338714328565, "model__reg_lambda": 5.784499588042475}, "datetime": {"datetime": "2021-03-27 05:13:05", "elapsed": 301.498654, "delta": 2.41843}}
{"target": -1.3261993645933334, "params": {"model__colsample_bylevel": 1.0, "model__colsample_bynode": 0.3, "model__colsample_bytree": 0.3, "model__learning_rate": 0.3, "model__max_depth": 8.0, "model__n_estimators": 25.796912328820824, "model__reg_lambda": 4.989218563743454}, "datetime": {"datetime": "2021-03-27 05:13:07", "elapsed": 303.518158, "delta": 2.019504}}
{"target": -1.3692313345392113, "params": {"model__colsample_bylevel": 0.3, "model__colsample_bynode": 1.0, "model__colsample_bytree": 1.0, "model__learning_rate": 0.3, "model__max_depth": 3.609542477942262, "model__n_estimators": 30.0, "model__reg_lambda": 10.0}, "datetime": {"datetime": "2021-03-27 05:13:09", "elapsed": 305.622045, "delta": 2.103887}}
{"target": -1.4110387391181312, "params": {"model__colsample_bylevel": 0.3103055397019813, "model__colsample_bynode": 0.3162123567903088, "model__colsample_bytree": 0.3023664555522061, "model__learning_rate": 0.17395822995682125, "model__max_depth": 5.033714977527746, "model__n_estimators": 24.969559983221068, "model__reg_lambda": 0.013797611546321198}, "datetime": {"datetime": "2021-03-27 05:13:11", "elapsed": 307.788726, "delta": 2.166681}}
{"target": -1.3221809336686154, "params": {"model__colsample_bylevel": 1.0, "model__colsample_bynode": 0.3, "model__colsample_bytree": 0.3, "model__learning_rate": 0.3, "model__max_depth": 5.882757310785909, "model__n_estimators": 21.587170651630576, "model__reg_lambda": 1.9453900943091798}, "datetime": {"datetime": "2021-03-27 05:13:13", "elapsed": 309.790352, "delta": 2.001626}}
{"target": -1.283516431487152, "params": {"model__colsample_bylevel": 1.0, "model__colsample_bynode": 0.3, "model__colsample_bytree": 0.3, "model__learning_rate": 0.3, "model__max_depth": 8.0, "model__n_estimators": 28.664263136690813, "model__reg_lambda": 2.333649331324094}, "datetime": {"datetime": "2021-03-27 05:13:15", "elapsed": 311.561898, "delta": 1.771546}}
{"target": -1.3547039171478343, "params": {"model__colsample_bylevel": 1.0, "model__colsample_bynode": 0.3, "model__colsample_bytree": 0.3, "model__learning_rate": 0.3, "model__max_depth": 2.0, "model__n_estimators": 19.091048711508158, "model__reg_lambda": 0.0}, "datetime": {"datetime": "2021-03-27 05:13:17", "elapsed": 313.351283, "delta": 1.789385}}
{"target": -1.3153376678433404, "params": {"model__colsample_bylevel": 0.3, "model__colsample_bynode": 1.0, "model__colsample_bytree": 0.3, "model__learning_rate": 0.3, "model__max_depth": 6.526635734790042, "model__n_estimators": 24.48155830183329, "model__reg_lambda": 0.17064476296686104}, "datetime": {"datetime": "2021-03-27 05:13:19", "elapsed": 315.055247, "delta": 1.703964}}
{"target": -1.4516738584015412, "params": {"model__colsample_bylevel": 1.0, "model__colsample_bynode": 1.0, "model__colsample_bytree": 0.3, "model__learning_rate": 0.3, "model__max_depth": 4.75318088495571, "model__n_estimators": 22.797332051127075, "model__reg_lambda": 0.01603689795104813}, "datetime": {"datetime": "2021-03-27 05:13:21", "elapsed": 317.678751, "delta": 2.623504}}
{"target": -1.2578186104647764, "params": {"model__colsample_bylevel": 1.0, "model__colsample_bynode": 0.3, "model__colsample_bytree": 0.3, "model__learning_rate": 0.3, "model__max_depth": 3.14419149081494, "model__n_estimators": 23.75730400416943, "model__reg_lambda": 1.720422546602969}, "datetime": {"datetime": "2021-03-27 05:13:23", "elapsed": 319.886163, "delta": 2.207412}}
{"target": -1.4234613883970442, "params": {"model__colsample_bylevel": 0.3, "model__colsample_bynode": 1.0, "model__colsample_bytree": 1.0, "model__learning_rate": 0.3, "model__max_depth": 5.811523405062946, "model__n_estimators": 21.05840856339771, "model__reg_lambda": 10.0}, "datetime": {"datetime": "2021-03-27 05:13:25", "elapsed": 321.83925, "delta": 1.953087}}
{"target": -1.3951019561863032, "params": {"model__colsample_bylevel": 0.3, "model__colsample_bynode": 0.3, "model__colsample_bytree": 0.3, "model__learning_rate": 0.3, "model__max_depth": 3.1529769849666254, "model__n_estimators": 23.743622512977527, "model__reg_lambda": 1.0265943261438537}, "datetime": {"datetime": "2021-03-27 05:13:27", "elapsed": 323.838478, "delta": 1.999228}}
{"target": -1.3192959239598416, "params": {"model__colsample_bylevel": 1.0, "model__colsample_bynode": 0.3, "model__colsample_bytree": 0.3, "model__learning_rate": 0.3, "model__max_depth": 2.0, "model__n_estimators": 24.03487331830788, "model__reg_lambda": 0.9694894559256376}, "datetime": {"datetime": "2021-03-27 05:13:30", "elapsed": 325.969099, "delta": 2.130621}}
{"target": -1.3909873828507853, "params": {"model__colsample_bylevel": 1.0, "model__colsample_bynode": 0.3, "model__colsample_bytree": 1.0, "model__learning_rate": 0.3, "model__max_depth": 2.9950025006338423, "model__n_estimators": 23.42989230200414, "model__reg_lambda": 2.1597666522542855}, "datetime": {"datetime": "2021-03-27 05:13:32", "elapsed": 328.010581, "delta": 2.041482}}
{"target": -1.3213303478853102, "params": {"model__colsample_bylevel": 0.3, "model__colsample_bynode": 1.0, "model__colsample_bytree": 0.3, "model__learning_rate": 0.3, "model__max_depth": 8.0, "model__n_estimators": 20.300828806504715, "model__reg_lambda": 2.615376540860264}, "datetime": {"datetime": "2021-03-27 05:13:34", "elapsed": 330.18542, "delta": 2.174839}}
{"target": -1.3368470222797189, "params": {"model__colsample_bylevel": 1.0, "model__colsample_bynode": 0.3, "model__colsample_bytree": 0.3, "model__learning_rate": 0.3, "model__max_depth": 2.1419136208512097, "model__n_estimators": 25.20421055845565, "model__reg_lambda": 2.8403565692832125}, "datetime": {"datetime": "2021-03-27 05:13:36", "elapsed": 332.268321, "delta": 2.082901}}
{"target": -1.3419843031849334, "params": {"model__colsample_bylevel": 1.0, "model__colsample_bynode": 0.3, "model__colsample_bytree": 0.3, "model__learning_rate": 0.3, "model__max_depth": 3.7772807798224712, "model__n_estimators": 21.318545998669084, "model__reg_lambda": 4.658193134047301}, "datetime": {"datetime": "2021-03-27 05:13:38", "elapsed": 334.249254, "delta": 1.980933}}
{"target": -1.3927352540340086, "params": {"model__colsample_bylevel": 0.3, "model__colsample_bynode": 1.0, "model__colsample_bytree": 0.9328480705052055, "model__learning_rate": 0.3, "model__max_depth": 4.279101703210432, "model__n_estimators": 26.861455627984828, "model__reg_lambda": 0.0}, "datetime": {"datetime": "2021-03-27 05:13:40", "elapsed": 336.42792, "delta": 2.178666}}
{"target": -1.319340484870085, "params": {"model__colsample_bylevel": 0.3, "model__colsample_bynode": 0.3, "model__colsample_bytree": 0.30696423781215965, "model__learning_rate": 0.3, "model__max_depth": 2.9857767991703397, "model__n_estimators": 27.656721476341822, "model__reg_lambda": 0.0}, "datetime": {"datetime": "2021-03-27 05:13:42", "elapsed": 338.373881, "delta": 1.945961}}
{"target": -1.3212515875184234, "params": {"model__colsample_bylevel": 1.0, "model__colsample_bynode": 0.3, "model__colsample_bytree": 0.3, "model__learning_rate": 0.3, "model__max_depth": 2.4580949816888285, "model__n_estimators": 21.894672425051265, "model__reg_lambda": 0.0}, "datetime": {"datetime": "2021-03-27 05:13:44", "elapsed": 340.590692, "delta": 2.216811}}
{"target": -1.5202207555103562, "params": {"model__colsample_bylevel": 1.0, "model__colsample_bynode": 0.3, "model__colsample_bytree": 1.0, "model__learning_rate": 0.1, "model__max_depth": 6.491279217266346, "model__n_estimators": 15.0, "model__reg_lambda": 0.0}, "datetime": {"datetime": "2021-03-27 05:13:46", "elapsed": 342.902701, "delta": 2.312009}}
{"target": -1.3912219870673572, "params": {"model__colsample_bylevel": 0.3, "model__colsample_bynode": 1.0, "model__colsample_bytree": 1.0, "model__learning_rate": 0.3, "model__max_depth": 8.0, "model__n_estimators": 24.487754093851468, "model__reg_lambda": 4.811545038337053}, "datetime": {"datetime": "2021-03-27 05:13:49", "elapsed": 345.227453, "delta": 2.324752}}
{"target": -1.4105389346348365, "params": {"model__colsample_bylevel": 1.0, "model__colsample_bynode": 0.3, "model__colsample_bytree": 1.0, "model__learning_rate": 0.3, "model__max_depth": 4.252015519561937, "model__n_estimators": 16.05147868155767, "model__reg_lambda": 1.7614545436685471}, "datetime": {"datetime": "2021-03-27 05:13:51", "elapsed": 347.280367, "delta": 2.052914}}
{"target": -1.3133134202572747, "params": {"model__colsample_bylevel": 0.3, "model__colsample_bynode": 1.0, "model__colsample_bytree": 0.3, "model__learning_rate": 0.3, "model__max_depth": 6.306480788698137, "model__n_estimators": 24.098861943741866, "model__reg_lambda": 3.8354919323926504}, "datetime": {"datetime": "2021-03-27 05:13:53", "elapsed": 349.311238, "delta": 2.030871}}
{"target": -1.3399126587503092, "params": {"model__colsample_bylevel": 1.0, "model__colsample_bynode": 0.3, "model__colsample_bytree": 0.3, "model__learning_rate": 0.3, "model__max_depth": 8.0, "model__n_estimators": 27.640725736946468, "model__reg_lambda": 7.647514823061434}, "datetime": {"datetime": "2021-03-27 05:13:55", "elapsed": 351.573713, "delta": 2.262475}}
{"target": -1.3342665502079425, "params": {"model__colsample_bylevel": 1.0, "model__colsample_bynode": 0.3, "model__colsample_bytree": 0.3, "model__learning_rate": 0.3, "model__max_depth": 5.048418248021511, "model__n_estimators": 16.068138099913288, "model__reg_lambda": 0.0}, "datetime": {"datetime": "2021-03-27 05:13:57", "elapsed": 353.339775, "delta": 1.766062}}
{"target": -1.3398701697156048, "params": {"model__colsample_bylevel": 0.3, "model__colsample_bynode": 0.3, "model__colsample_bytree": 0.3, "model__learning_rate": 0.3, "model__max_depth": 8.0, "model__n_estimators": 28.15883666754989, "model__reg_lambda": 1.1055831303879489}, "datetime": {"datetime": "2021-03-27 05:13:59", "elapsed": 355.582793, "delta": 2.243018}}
{"target": -1.3259016415698155, "params": {"model__colsample_bylevel": 0.3, "model__colsample_bynode": 1.0, "model__colsample_bytree": 0.3, "model__learning_rate": 0.3, "model__max_depth": 2.2525280010868554, "model__n_estimators": 25.53448336027552, "model__reg_lambda": 1.6594495547277874}, "datetime": {"datetime": "2021-03-27 05:14:01", "elapsed": 357.786146, "delta": 2.203353}}
{"target": -1.3222802967912908, "params": {"model__colsample_bylevel": 1.0, "model__colsample_bynode": 0.3, "model__colsample_bytree": 0.3, "model__learning_rate": 0.3, "model__max_depth": 5.2665739004564145, "model__n_estimators": 24.370216814295034, "model__reg_lambda": 4.4730206835934965}, "datetime": {"datetime": "2021-03-27 05:14:03", "elapsed": 359.586124, "delta": 1.799978}}
{"target": -1.446095540560782, "params": {"model__colsample_bylevel": 1.0, "model__colsample_bynode": 1.0, "model__colsample_bytree": 1.0, "model__learning_rate": 0.3, "model__max_depth": 8.0, "model__n_estimators": 19.594752875795507, "model__reg_lambda": 8.319572888878188}, "datetime": {"datetime": "2021-03-27 05:14:06", "elapsed": 362.267611, "delta": 2.681487}}
{"target": -1.310552210221742, "params": {"model__colsample_bylevel": 1.0, "model__colsample_bynode": 0.3, "model__colsample_bytree": 0.3, "model__learning_rate": 0.3, "model__max_depth": 3.2449499199733705, "model__n_estimators": 20.942241766163917, "model__reg_lambda": 1.0304262197091973}, "datetime": {"datetime": "2021-03-27 05:14:08", "elapsed": 364.019544, "delta": 1.751933}}
{"target": -1.3687690382482538, "params": {"model__colsample_bylevel": 0.3, "model__colsample_bynode": 1.0, "model__colsample_bytree": 1.0, "model__learning_rate": 0.3, "model__max_depth": 3.849340119389059, "model__n_estimators": 15.0, "model__reg_lambda": 0.0}, "datetime": {"datetime": "2021-03-27 05:14:10", "elapsed": 366.464308, "delta": 2.444764}}
{"target": -1.4924913248057357, "params": {"model__colsample_bylevel": 1.0, "model__colsample_bynode": 1.0, "model__colsample_bytree": 0.3, "model__learning_rate": 0.3, "model__max_depth": 8.0, "model__n_estimators": 17.595442530974008, "model__reg_lambda": 0.0}, "datetime": {"datetime": "2021-03-27 05:14:12", "elapsed": 368.622849, "delta": 2.158541}}
{"target": -1.3055599958102717, "params": {"model__colsample_bylevel": 0.3, "model__colsample_bynode": 1.0, "model__colsample_bytree": 0.3, "model__learning_rate": 0.3, "model__max_depth": 5.574895606347281, "model__n_estimators": 25.08103146718425, "model__reg_lambda": 2.029255851923763}, "datetime": {"datetime": "2021-03-27 05:14:14", "elapsed": 370.778298, "delta": 2.155449}}
{"target": -1.318891631588475, "params": {"model__colsample_bylevel": 1.0, "model__colsample_bynode": 0.3, "model__colsample_bytree": 0.3, "model__learning_rate": 0.3, "model__max_depth": 4.522076995246441, "model__n_estimators": 23.869098274232513, "model__reg_lambda": 2.0079335358999617}, "datetime": {"datetime": "2021-03-27 05:14:16", "elapsed": 372.866383, "delta": 2.088085}}
{"target": -1.3196781059551603, "params": {"model__colsample_bylevel": 0.3, "model__colsample_bynode": 1.0, "model__colsample_bytree": 0.3, "model__learning_rate": 0.3, "model__max_depth": 6.697965477609816, "model__n_estimators": 22.202554161628438, "model__reg_lambda": 2.2947854103750918}, "datetime": {"datetime": "2021-03-27 05:14:19", "elapsed": 375.080904, "delta": 2.214521}}
{"target": -1.340220291135104, "params": {"model__colsample_bylevel": 1.0, "model__colsample_bynode": 1.0, "model__colsample_bytree": 0.3, "model__learning_rate": 0.3, "model__max_depth": 5.563392598213988, "model__n_estimators": 29.196203391560733, "model__reg_lambda": 5.3993483090425585}, "datetime": {"datetime": "2021-03-27 05:14:21", "elapsed": 377.409438, "delta": 2.328534}}
{"target": -1.3937541187430422, "params": {"model__colsample_bylevel": 0.3, "model__colsample_bynode": 0.3, "model__colsample_bytree": 0.3, "model__learning_rate": 0.3, "model__max_depth": 7.16219271807192, "model__n_estimators": 22.14738717012102, "model__reg_lambda": 0.0}, "datetime": {"datetime": "2021-03-27 05:14:23", "elapsed": 379.706315, "delta": 2.296877}}
{"target": -1.3524657554195625, "params": {"model__colsample_bylevel": 1.0, "model__colsample_bynode": 0.3, "model__colsample_bytree": 0.3, "model__learning_rate": 0.3, "model__max_depth": 6.079622270944051, "model__n_estimators": 17.97702590961037, "model__reg_lambda": 1.6986898489991846}, "datetime": {"datetime": "2021-03-27 05:14:25", "elapsed": 381.494466, "delta": 1.788151}}
{"target": -1.384329174194431, "params": {"model__colsample_bylevel": 1.0, "model__colsample_bynode": 0.3, "model__colsample_bytree": 1.0, "model__learning_rate": 0.3, "model__max_depth": 8.0, "model__n_estimators": 26.267987343685313, "model__reg_lambda": 6.866041638249211}, "datetime": {"datetime": "2021-03-27 05:14:28", "elapsed": 384.070731, "delta": 2.576265}}
{"target": -1.4038976958318465, "params": {"model__colsample_bylevel": 1.0, "model__colsample_bynode": 0.3, "model__colsample_bytree": 1.0, "model__learning_rate": 0.3, "model__max_depth": 8.0, "model__n_estimators": 16.548738227819385, "model__reg_lambda": 4.282034466315638}, "datetime": {"datetime": "2021-03-27 05:14:30", "elapsed": 386.334248, "delta": 2.263517}}
