{"target": -1.2221459813247286, "params": {"model__colsample_bylevel": 0.3, "model__colsample_bynode": 1.0, "model__colsample_bytree": 1.0, "model__learning_rate": 0.3, "model__max_depth": 5.145109332960596, "model__n_estimators": 24.11000937793902, "model__reg_lambda": 1.5634010243296472}, "datetime": {"datetime": "2021-03-26 10:20:25", "elapsed": 90.365093, "delta": 2.073573}}
{"target": -1.380774360873561, "params": {"model__colsample_bylevel": 1.0, "model__colsample_bynode": 0.3, "model__colsample_bytree": 1.0, "model__learning_rate": 0.3, "model__max_depth": 5.536984873932797, "model__n_estimators": 15.0, "model__reg_lambda": 10.0}, "datetime": {"datetime": "2021-03-26 10:20:27", "elapsed": 92.172666, "delta": 1.807573}}
{"target": -1.3668599033728241, "params": {"model__colsample_bylevel": 0.3, "model__colsample_bynode": 0.3, "model__colsample_bytree": 0.3, "model__learning_rate": 0.3, "model__max_depth": 2.0, "model__n_estimators": 19.936311572873898, "model__reg_lambda": 0.0}, "datetime": {"datetime": "2021-03-26 10:20:29", "elapsed": 93.751885, "delta": 1.579219}}
{"target": -1.3314046449675832, "params": {"model__colsample_bylevel": 1.0, "model__colsample_bynode": 1.0, "model__colsample_bytree": 1.0, "model__learning_rate": 0.3, "model__max_depth": 5.663785870644462, "model__n_estimators": 18.636472310682244, "model__reg_lambda": 4.788034047757059}, "datetime": {"datetime": "2021-03-26 10:20:31", "elapsed": 96.407465, "delta": 2.65558}}
{"target": -1.3165695840438858, "params": {"model__colsample_bylevel": 1.0, "model__colsample_bynode": 1.0, "model__colsample_bytree": 1.0, "model__learning_rate": 0.3, "model__max_depth": 8.0, "model__n_estimators": 22.21823337193852, "model__reg_lambda": 7.645974241463383}, "datetime": {"datetime": "2021-03-26 10:20:34", "elapsed": 99.159755, "delta": 2.75229}}
{"target": -1.2175141657864592, "params": {"model__colsample_bylevel": 0.3, "model__colsample_bynode": 1.0, "model__colsample_bytree": 0.3, "model__learning_rate": 0.3, "model__max_depth": 5.582019167289033, "model__n_estimators": 28.524567084772585, "model__reg_lambda": 2.0399350298907444}, "datetime": {"datetime": "2021-03-26 10:20:36", "elapsed": 100.939211, "delta": 1.779456}}
{"target": -1.2949944392562023, "params": {"model__colsample_bylevel": 0.3, "model__colsample_bynode": 0.3, "model__colsample_bytree": 1.0, "model__learning_rate": 0.3, "model__max_depth": 4.552512491307109, "model__n_estimators": 23.008778078925495, "model__reg_lambda": 7.059409070201239}, "datetime": {"datetime": "2021-03-26 10:20:38", "elapsed": 102.860592, "delta": 1.921381}}
{"target": -1.273539248187149, "params": {"model__colsample_bylevel": 0.3, "model__colsample_bynode": 0.3, "model__colsample_bytree": 0.3, "model__learning_rate": 0.3, "model__max_depth": 5.622095779432773, "model__n_estimators": 27.903923761474267, "model__reg_lambda": 5.358155026705959}, "datetime": {"datetime": "2021-03-26 10:20:40", "elapsed": 104.618853, "delta": 1.758261}}
{"target": -1.2417162929155419, "params": {"model__colsample_bylevel": 0.3, "model__colsample_bynode": 1.0, "model__colsample_bytree": 1.0, "model__learning_rate": 0.3, "model__max_depth": 3.594664011493299, "model__n_estimators": 28.644849554853316, "model__reg_lambda": 3.4074523420353624}, "datetime": {"datetime": "2021-03-26 10:20:42", "elapsed": 106.730457, "delta": 2.111604}}
{"target": -1.2493772804777585, "params": {"model__colsample_bylevel": 0.3, "model__colsample_bynode": 0.3, "model__colsample_bytree": 1.0, "model__learning_rate": 0.3, "model__max_depth": 8.0, "model__n_estimators": 20.27023819417469, "model__reg_lambda": 2.1220641698588576}, "datetime": {"datetime": "2021-03-26 10:20:43", "elapsed": 108.398215, "delta": 1.667758}}
{"target": -1.28735507822906, "params": {"model__colsample_bylevel": 1.0, "model__colsample_bynode": 0.3, "model__colsample_bytree": 1.0, "model__learning_rate": 0.3, "model__max_depth": 8.0, "model__n_estimators": 15.978942738432284, "model__reg_lambda": 1.9542929756624414}, "datetime": {"datetime": "2021-03-26 10:20:46", "elapsed": 110.777707, "delta": 2.379492}}
{"target": -1.3368830077189857, "params": {"model__colsample_bylevel": 1.0, "model__colsample_bynode": 1.0, "model__colsample_bytree": 1.0, "model__learning_rate": 0.3, "model__max_depth": 3.023034512795802, "model__n_estimators": 30.0, "model__reg_lambda": 0.0}, "datetime": {"datetime": "2021-03-26 10:20:48", "elapsed": 113.386799, "delta": 2.609092}}
{"target": -1.2653258103998783, "params": {"model__colsample_bylevel": 1.0, "model__colsample_bynode": 0.3, "model__colsample_bytree": 0.3, "model__learning_rate": 0.3, "model__max_depth": 8.0, "model__n_estimators": 30.0, "model__reg_lambda": 3.7280773592055554}, "datetime": {"datetime": "2021-03-26 10:20:50", "elapsed": 115.073118, "delta": 1.686319}}
{"target": -1.2511590921387508, "params": {"model__colsample_bylevel": 0.3, "model__colsample_bynode": 0.3, "model__colsample_bytree": 1.0, "model__learning_rate": 0.3, "model__max_depth": 8.0, "model__n_estimators": 30.0, "model__reg_lambda": 10.0}, "datetime": {"datetime": "2021-03-26 10:20:52", "elapsed": 116.711941, "delta": 1.638823}}
{"target": -1.3032385095630001, "params": {"model__colsample_bylevel": 1.0, "model__colsample_bynode": 1.0, "model__colsample_bytree": 1.0, "model__learning_rate": 0.3, "model__max_depth": 3.3979668852505194, "model__n_estimators": 29.152803297088, "model__reg_lambda": 5.7319499866426495}, "datetime": {"datetime": "2021-03-26 10:20:54", "elapsed": 119.315444, "delta": 2.603503}}
{"target": -1.2341266119063063, "params": {"model__colsample_bylevel": 0.3, "model__colsample_bynode": 0.3, "model__colsample_bytree": 1.0, "model__learning_rate": 0.3, "model__max_depth": 6.67857159288306, "model__n_estimators": 23.899448295558685, "model__reg_lambda": 3.1413778583707956}, "datetime": {"datetime": "2021-03-26 10:20:56", "elapsed": 121.148951, "delta": 1.833507}}
{"target": -1.3030100434890315, "params": {"model__colsample_bylevel": 0.3, "model__colsample_bynode": 0.3, "model__colsample_bytree": 0.3, "model__learning_rate": 0.3, "model__max_depth": 5.575977583106131, "model__n_estimators": 30.0, "model__reg_lambda": 0.0}, "datetime": {"datetime": "2021-03-26 10:20:58", "elapsed": 122.810448, "delta": 1.661497}}
{"target": -1.3036010308660217, "params": {"model__colsample_bylevel": 0.3, "model__colsample_bynode": 0.3, "model__colsample_bytree": 0.3, "model__learning_rate": 0.3, "model__max_depth": 4.7522936265248825, "model__n_estimators": 26.69028154566827, "model__reg_lambda": 0.0}, "datetime": {"datetime": "2021-03-26 10:21:00", "elapsed": 124.630313, "delta": 1.819865}}
{"target": -1.3075134895256033, "params": {"model__colsample_bylevel": 1.0, "model__colsample_bynode": 0.3, "model__colsample_bytree": 0.3, "model__learning_rate": 0.3, "model__max_depth": 8.0, "model__n_estimators": 28.191596024050632, "model__reg_lambda": 10.0}, "datetime": {"datetime": "2021-03-26 10:21:01", "elapsed": 126.279129, "delta": 1.648816}}
{"target": -1.339771269817931, "params": {"model__colsample_bylevel": 1.0, "model__colsample_bynode": 1.0, "model__colsample_bytree": 1.0, "model__learning_rate": 0.3, "model__max_depth": 8.0, "model__n_estimators": 17.87738485235148, "model__reg_lambda": 10.0}, "datetime": {"datetime": "2021-03-26 10:21:04", "elapsed": 128.916554, "delta": 2.637425}}
{"target": -1.2814808991400228, "params": {"model__colsample_bylevel": 0.3, "model__colsample_bynode": 0.3, "model__colsample_bytree": 1.0, "model__learning_rate": 0.3, "model__max_depth": 2.0, "model__n_estimators": 24.088520819379777, "model__reg_lambda": 1.3349489458448993}, "datetime": {"datetime": "2021-03-26 10:21:06", "elapsed": 130.775193, "delta": 1.858639}}
{"target": -1.286399614195461, "params": {"model__colsample_bylevel": 0.3, "model__colsample_bynode": 1.0, "model__colsample_bytree": 1.0, "model__learning_rate": 0.3, "model__max_depth": 6.220029287845319, "model__n_estimators": 22.489018512376596, "model__reg_lambda": 6.040118285228566}, "datetime": {"datetime": "2021-03-26 10:21:08", "elapsed": 133.125245, "delta": 2.350052}}
{"target": -1.3278088762897295, "params": {"model__colsample_bylevel": 0.3, "model__colsample_bynode": 1.0, "model__colsample_bytree": 1.0, "model__learning_rate": 0.3, "model__max_depth": 4.7287356701102725, "model__n_estimators": 18.71660532329275, "model__reg_lambda": 10.0}, "datetime": {"datetime": "2021-03-26 10:21:10", "elapsed": 134.897061, "delta": 1.771816}}
{"target": -1.3713965766995715, "params": {"model__colsample_bylevel": 0.3, "model__colsample_bynode": 1.0, "model__colsample_bytree": 0.3, "model__learning_rate": 0.3, "model__max_depth": 2.0, "model__n_estimators": 23.344068567594423, "model__reg_lambda": 7.382785958416752}, "datetime": {"datetime": "2021-03-26 10:21:11", "elapsed": 136.514916, "delta": 1.617855}}
{"target": -1.19241380530504, "params": {"model__colsample_bylevel": 0.3, "model__colsample_bynode": 1.0, "model__colsample_bytree": 1.0, "model__learning_rate": 0.3, "model__max_depth": 2.0, "model__n_estimators": 27.30857701275374, "model__reg_lambda": 0.0}, "datetime": {"datetime": "2021-03-26 10:21:13", "elapsed": 138.127686, "delta": 1.61277}}
{"target": -1.2950738951820286, "params": {"model__colsample_bylevel": 1.0, "model__colsample_bynode": 0.3, "model__colsample_bytree": 0.3, "model__learning_rate": 0.3, "model__max_depth": 6.818134711018279, "model__n_estimators": 19.329027606870444, "model__reg_lambda": 1.9037279186482317}, "datetime": {"datetime": "2021-03-26 10:21:15", "elapsed": 139.96085, "delta": 1.833164}}
{"target": -1.2643248641446732, "params": {"model__colsample_bylevel": 1.0, "model__colsample_bynode": 1.0, "model__colsample_bytree": 0.3, "model__learning_rate": 0.3, "model__max_depth": 5.020434693911592, "model__n_estimators": 28.394415180305007, "model__reg_lambda": 5.198632752893011e-10}, "datetime": {"datetime": "2021-03-26 10:21:17", "elapsed": 142.268034, "delta": 2.307184}}
{"target": -1.2193523970891493, "params": {"model__colsample_bylevel": 1.0, "model__colsample_bynode": 0.3, "model__colsample_bytree": 1.0, "model__learning_rate": 0.3, "model__max_depth": 2.0, "model__n_estimators": 23.080820835606886, "model__reg_lambda": 0.0}, "datetime": {"datetime": "2021-03-26 10:21:19", "elapsed": 144.222566, "delta": 1.954532}}
{"target": -1.4093884051116048, "params": {"model__colsample_bylevel": 1.0, "model__colsample_bynode": 0.3, "model__colsample_bytree": 1.0, "model__learning_rate": 0.3, "model__max_depth": 2.0, "model__n_estimators": 15.0, "model__reg_lambda": 6.183434273267144}, "datetime": {"datetime": "2021-03-26 10:21:21", "elapsed": 145.983852, "delta": 1.761286}}
{"target": -1.3170002379441175, "params": {"model__colsample_bylevel": 0.3, "model__colsample_bynode": 1.0, "model__colsample_bytree": 0.3, "model__learning_rate": 0.1, "model__max_depth": 8.0, "model__n_estimators": 30.0, "model__reg_lambda": 0.0}, "datetime": {"datetime": "2021-03-26 10:21:23", "elapsed": 147.977479, "delta": 1.993627}}
{"target": -1.208579177872035, "params": {"model__colsample_bylevel": 0.3, "model__colsample_bynode": 1.0, "model__colsample_bytree": 1.0, "model__learning_rate": 0.3, "model__max_depth": 4.105622927736178, "model__n_estimators": 26.55523079031749, "model__reg_lambda": 1.5640530348761066}, "datetime": {"datetime": "2021-03-26 10:21:25", "elapsed": 149.901715, "delta": 1.924236}}
{"target": -1.2843924172924481, "params": {"model__colsample_bylevel": 1.0, "model__colsample_bynode": 1.0, "model__colsample_bytree": 1.0, "model__learning_rate": 0.3, "model__max_depth": 2.0, "model__n_estimators": 27.997801337827752, "model__reg_lambda": 3.5906130350763714}, "datetime": {"datetime": "2021-03-26 10:21:27", "elapsed": 152.200483, "delta": 2.298768}}
{"target": -1.3073331828512573, "params": {"model__colsample_bylevel": 1.0, "model__colsample_bynode": 0.3, "model__colsample_bytree": 1.0, "model__learning_rate": 0.3, "model__max_depth": 8.0, "model__n_estimators": 18.10656399725956, "model__reg_lambda": 4.940024503207178}, "datetime": {"datetime": "2021-03-26 10:21:29", "elapsed": 154.110556, "delta": 1.910073}}
{"target": -1.2953340688985233, "params": {"model__colsample_bylevel": 0.3, "model__colsample_bynode": 1.0, "model__colsample_bytree": 1.0, "model__learning_rate": 0.3, "model__max_depth": 6.565129305914606, "model__n_estimators": 25.4855745089711, "model__reg_lambda": 0.0}, "datetime": {"datetime": "2021-03-26 10:21:31", "elapsed": 156.045508, "delta": 1.934952}}
{"target": -1.2539093101518635, "params": {"model__colsample_bylevel": 1.0, "model__colsample_bynode": 1.0, "model__colsample_bytree": 0.3, "model__learning_rate": 0.3, "model__max_depth": 6.3597080182865975, "model__n_estimators": 30.0, "model__reg_lambda": 5.990990596060226}, "datetime": {"datetime": "2021-03-26 10:21:33", "elapsed": 157.965198, "delta": 1.91969}}
{"target": -1.234351004437422, "params": {"model__colsample_bylevel": 1.0, "model__colsample_bynode": 1.0, "model__colsample_bytree": 0.3, "model__learning_rate": 0.3, "model__max_depth": 8.0, "model__n_estimators": 28.578866067385874, "model__reg_lambda": 4.466240178531776}, "datetime": {"datetime": "2021-03-26 10:21:35", "elapsed": 160.131701, "delta": 2.166503}}
{"target": -1.3260685249960618, "params": {"model__colsample_bylevel": 0.3, "model__colsample_bynode": 0.3, "model__colsample_bytree": 0.3, "model__learning_rate": 0.3, "model__max_depth": 8.0, "model__n_estimators": 17.802148612519957, "model__reg_lambda": 0.438237035046801}, "datetime": {"datetime": "2021-03-26 10:21:37", "elapsed": 161.717118, "delta": 1.585417}}
{"target": -1.2866638092337634, "params": {"model__colsample_bylevel": 0.3, "model__colsample_bynode": 1.0, "model__colsample_bytree": 0.3, "model__learning_rate": 0.3, "model__max_depth": 5.2185815572662415, "model__n_estimators": 28.01317840193412, "model__reg_lambda": 10.0}, "datetime": {"datetime": "2021-03-26 10:21:39", "elapsed": 163.551324, "delta": 1.834206}}
{"target": -1.1855813774840391, "params": {"model__colsample_bylevel": 0.3, "model__colsample_bynode": 1.0, "model__colsample_bytree": 0.3, "model__learning_rate": 0.3, "model__max_depth": 2.0, "model__n_estimators": 30.0, "model__reg_lambda": 0.0}, "datetime": {"datetime": "2021-03-26 10:21:40", "elapsed": 165.261587, "delta": 1.710263}}
{"target": -1.2451627020332692, "params": {"model__colsample_bylevel": 1.0, "model__colsample_bynode": 0.3, "model__colsample_bytree": 0.3, "model__learning_rate": 0.3, "model__max_depth": 8.0, "model__n_estimators": 25.146354255459663, "model__reg_lambda": 1.0701743927672938}, "datetime": {"datetime": "2021-03-26 10:21:42", "elapsed": 167.445871, "delta": 2.184284}}
{"target": -1.3304852762785944, "params": {"model__colsample_bylevel": 1.0, "model__colsample_bynode": 1.0, "model__colsample_bytree": 1.0, "model__learning_rate": 0.3, "model__max_depth": 5.678961745323575, "model__n_estimators": 20.014194125937845, "model__reg_lambda": 10.0}, "datetime": {"datetime": "2021-03-26 10:21:45", "elapsed": 170.223578, "delta": 2.777707}}
{"target": -1.35371810834099, "params": {"model__colsample_bylevel": 0.3, "model__colsample_bynode": 0.3, "model__colsample_bytree": 1.0, "model__learning_rate": 0.3, "model__max_depth": 3.902257457444364, "model__n_estimators": 19.858957488939136, "model__reg_lambda": 10.0}, "datetime": {"datetime": "2021-03-26 10:21:47", "elapsed": 172.003525, "delta": 1.779947}}
{"target": -1.3288708714309379, "params": {"model__colsample_bylevel": 0.3, "model__colsample_bynode": 1.0, "model__colsample_bytree": 0.3, "model__learning_rate": 0.3, "model__max_depth": 4.534465438203502, "model__n_estimators": 23.421028613327675, "model__reg_lambda": 8.787634675249395}, "datetime": {"datetime": "2021-03-26 10:21:49", "elapsed": 173.847146, "delta": 1.843621}}
{"target": -1.3035889202350939, "params": {"model__colsample_bylevel": 0.3, "model__colsample_bynode": 1.0, "model__colsample_bytree": 1.0, "model__learning_rate": 0.3, "model__max_depth": 8.0, "model__n_estimators": 23.264052798707628, "model__reg_lambda": 10.0}, "datetime": {"datetime": "2021-03-26 10:21:51", "elapsed": 176.202901, "delta": 2.355755}}
{"target": -1.2967533193393679, "params": {"model__colsample_bylevel": 1.0, "model__colsample_bynode": 1.0, "model__colsample_bytree": 0.3, "model__learning_rate": 0.3, "model__max_depth": 2.0, "model__n_estimators": 28.57193169621395, "model__reg_lambda": 7.998498375276165}, "datetime": {"datetime": "2021-03-26 10:21:53", "elapsed": 178.08033, "delta": 1.877429}}
{"target": -1.2187027609718126, "params": {"model__colsample_bylevel": 1.0, "model__colsample_bynode": 1.0, "model__colsample_bytree": 0.3, "model__learning_rate": 0.3, "model__max_depth": 3.834318894511335, "model__n_estimators": 29.26484425778009, "model__reg_lambda": 2.7291196953077703}, "datetime": {"datetime": "2021-03-26 10:21:55", "elapsed": 180.239757, "delta": 2.159427}}
{"target": -1.267627456234903, "params": {"model__colsample_bylevel": 0.3, "model__colsample_bynode": 1.0, "model__colsample_bytree": 1.0, "model__learning_rate": 0.3, "model__max_depth": 4.7506132300187245, "model__n_estimators": 25.89415542351306, "model__reg_lambda": 6.473250276775162}, "datetime": {"datetime": "2021-03-26 10:21:58", "elapsed": 182.552845, "delta": 2.313088}}
{"target": -1.2533950593282022, "params": {"model__colsample_bylevel": 1.0, "model__colsample_bynode": 0.3, "model__colsample_bytree": 1.0, "model__learning_rate": 0.3, "model__max_depth": 3.1530489864745244, "model__n_estimators": 16.934287364697678, "model__reg_lambda": 0.0}, "datetime": {"datetime": "2021-03-26 10:21:59", "elapsed": 184.192816, "delta": 1.639971}}
{"target": -1.25755558969399, "params": {"model__colsample_bylevel": 0.3, "model__colsample_bynode": 1.0, "model__colsample_bytree": 1.0, "model__learning_rate": 0.3, "model__max_depth": 6.670884154011838, "model__n_estimators": 30.0, "model__reg_lambda": 8.323000032789414}, "datetime": {"datetime": "2021-03-26 10:22:01", "elapsed": 186.253586, "delta": 2.06077}}
{"target": -1.2574992153327913, "params": {"model__colsample_bylevel": 0.3, "model__colsample_bynode": 0.3, "model__colsample_bytree": 1.0, "model__learning_rate": 0.3, "model__max_depth": 4.786413286116507, "model__n_estimators": 23.0033112533838, "model__reg_lambda": 2.0766587035323605}, "datetime": {"datetime": "2021-03-26 10:22:03", "elapsed": 188.040199, "delta": 1.786613}}
{"target": -1.215906821495003, "params": {"model__colsample_bylevel": 1.0, "model__colsample_bynode": 0.3, "model__colsample_bytree": 0.3, "model__learning_rate": 0.3, "model__max_depth": 4.97936049883195, "model__n_estimators": 30.0, "model__reg_lambda": 1.3876439074129487}, "datetime": {"datetime": "2021-03-26 10:22:05", "elapsed": 190.060266, "delta": 2.020067}}
{"target": -1.26504080191835, "params": {"model__colsample_bylevel": 0.3, "model__colsample_bynode": 1.0, "model__colsample_bytree": 1.0, "model__learning_rate": 0.3, "model__max_depth": 6.579980532680222, "model__n_estimators": 20.215590502500966, "model__reg_lambda": 1.3789265895644756}, "datetime": {"datetime": "2021-03-26 10:22:07", "elapsed": 192.088713, "delta": 2.028447}}
{"target": -1.4168604167313248, "params": {"model__colsample_bylevel": 0.3, "model__colsample_bynode": 1.0, "model__colsample_bytree": 1.0, "model__learning_rate": 0.1, "model__max_depth": 2.0, "model__n_estimators": 28.937504431866884, "model__reg_lambda": 0.7748096684318392}, "datetime": {"datetime": "2021-03-26 10:22:09", "elapsed": 194.07301, "delta": 1.984297}}
{"target": -1.2830409661461801, "params": {"model__colsample_bylevel": 1.0, "model__colsample_bynode": 1.0, "model__colsample_bytree": 1.0, "model__learning_rate": 0.3, "model__max_depth": 8.0, "model__n_estimators": 30.0, "model__reg_lambda": 7.024150519794935}, "datetime": {"datetime": "2021-03-26 10:22:13", "elapsed": 197.817957, "delta": 3.744947}}
{"target": -1.2545320149322134, "params": {"model__colsample_bylevel": 0.3, "model__colsample_bynode": 1.0, "model__colsample_bytree": 1.0, "model__learning_rate": 0.3, "model__max_depth": 6.586812850433012, "model__n_estimators": 27.62121989756247, "model__reg_lambda": 4.333273858499536}, "datetime": {"datetime": "2021-03-26 10:22:15", "elapsed": 200.037878, "delta": 2.219921}}
{"target": -1.2704460114510596, "params": {"model__colsample_bylevel": 1.0, "model__colsample_bynode": 1.0, "model__colsample_bytree": 0.3, "model__learning_rate": 0.3, "model__max_depth": 6.828424711181718, "model__n_estimators": 26.166864862263647, "model__reg_lambda": 5.8309917531954865}, "datetime": {"datetime": "2021-03-26 10:22:17", "elapsed": 202.2363, "delta": 2.198422}}
{"target": -1.2793174434372263, "params": {"model__colsample_bylevel": 1.0, "model__colsample_bynode": 1.0, "model__colsample_bytree": 1.0, "model__learning_rate": 0.3, "model__max_depth": 2.0, "model__n_estimators": 25.969061311549783, "model__reg_lambda": 1.0677036956870853}, "datetime": {"datetime": "2021-03-26 10:22:20", "elapsed": 204.625679, "delta": 2.389379}}
{"target": -1.2720530517804234, "params": {"model__colsample_bylevel": 1.0, "model__colsample_bynode": 0.3, "model__colsample_bytree": 0.3, "model__learning_rate": 0.3, "model__max_depth": 8.0, "model__n_estimators": 22.21284741707636, "model__reg_lambda": 0.0}, "datetime": {"datetime": "2021-03-26 10:22:21", "elapsed": 206.502307, "delta": 1.876628}}
{"target": -1.2218432673296986, "params": {"model__colsample_bylevel": 1.0, "model__colsample_bynode": 0.3, "model__colsample_bytree": 0.3, "model__learning_rate": 0.3, "model__max_depth": 3.5341308056392675, "model__n_estimators": 22.210764489510805, "model__reg_lambda": 0.0}, "datetime": {"datetime": "2021-03-26 10:22:23", "elapsed": 208.225956, "delta": 1.723649}}
