{"target": -1.3710915997664892, "params": {"model__colsample_bylevel": 0.3, "model__colsample_bynode": 0.3, "model__colsample_bytree": 1.0, "model__learning_rate": 0.3, "model__max_depth": 3.7998863489784998, "model__n_estimators": 15.0, "model__reg_lambda": 0.0}, "datetime": {"datetime": "2021-03-26 10:24:27", "elapsed": 331.770419, "delta": 1.78845}}
{"target": -1.2682996140927942, "params": {"model__colsample_bylevel": 1.0, "model__colsample_bynode": 0.3, "model__colsample_bytree": 1.0, "model__learning_rate": 0.3, "model__max_depth": 2.0, "model__n_estimators": 17.102803098979848, "model__reg_lambda": 1.3109981635877703}, "datetime": {"datetime": "2021-03-26 10:24:29", "elapsed": 334.298661, "delta": 2.528242}}
{"target": -1.294443275091117, "params": {"model__colsample_bylevel": 1.0, "model__colsample_bynode": 1.0, "model__colsample_bytree": 1.0, "model__learning_rate": 0.3, "model__max_depth": 5.153163687175862, "model__n_estimators": 24.02178923890456, "model__reg_lambda": 7.155851853200981}, "datetime": {"datetime": "2021-03-26 10:24:32", "elapsed": 337.296543, "delta": 2.997882}}
{"target": -1.3258162763455639, "params": {"model__colsample_bylevel": 0.3, "model__colsample_bynode": 1.0, "model__colsample_bytree": 0.3, "model__learning_rate": 0.3, "model__max_depth": 8.0, "model__n_estimators": 25.975358577829287, "model__reg_lambda": 10.0}, "datetime": {"datetime": "2021-03-26 10:24:34", "elapsed": 339.020377, "delta": 1.723834}}
{"target": -1.279595960285245, "params": {"model__colsample_bylevel": 0.3, "model__colsample_bynode": 1.0, "model__colsample_bytree": 1.0, "model__learning_rate": 0.3, "model__max_depth": 4.445898815039832, "model__n_estimators": 20.661061785429425, "model__reg_lambda": 5.377257830797531}, "datetime": {"datetime": "2021-03-26 10:24:36", "elapsed": 341.095524, "delta": 2.075147}}
{"target": -1.2443052301041617, "params": {"model__colsample_bylevel": 0.3, "model__colsample_bynode": 0.3, "model__colsample_bytree": 1.0, "model__learning_rate": 0.3, "model__max_depth": 8.0, "model__n_estimators": 30.0, "model__reg_lambda": 6.8618518156400095}, "datetime": {"datetime": "2021-03-26 10:24:38", "elapsed": 342.859811, "delta": 1.764287}}
{"target": -1.2985296462824487, "params": {"model__colsample_bylevel": 0.3, "model__colsample_bynode": 0.3, "model__colsample_bytree": 1.0, "model__learning_rate": 0.3, "model__max_depth": 8.0, "model__n_estimators": 20.6912930199557, "model__reg_lambda": 5.340881996767814}, "datetime": {"datetime": "2021-03-26 10:24:40", "elapsed": 344.544495, "delta": 1.684684}}
{"target": -1.183632706651005, "params": {"model__colsample_bylevel": 0.3307589594609786, "model__colsample_bynode": 0.7234433891336834, "model__colsample_bytree": 0.8599972315051385, "model__learning_rate": 0.28863102516759287, "model__max_depth": 2.5682743286701086, "model__n_estimators": 26.777665903338956, "model__reg_lambda": 0.4797524458188107}, "datetime": {"datetime": "2021-03-26 10:24:41", "elapsed": 346.514014, "delta": 1.969519}}
{"target": -1.236594170377509, "params": {"model__colsample_bylevel": 0.3, "model__colsample_bynode": 0.3, "model__colsample_bytree": 1.0, "model__learning_rate": 0.3, "model__max_depth": 3.0562130874096702, "model__n_estimators": 26.595998023755683, "model__reg_lambda": 1.2225152265326344}, "datetime": {"datetime": "2021-03-26 10:24:43", "elapsed": 348.318254, "delta": 1.80424}}
{"target": -1.215540353216204, "params": {"model__colsample_bylevel": 0.3, "model__colsample_bynode": 1.0, "model__colsample_bytree": 0.9999999582882668, "model__learning_rate": 0.3, "model__max_depth": 4.872363620969541, "model__n_estimators": 27.586688650808654, "model__reg_lambda": 2.7793664997686687}, "datetime": {"datetime": "2021-03-26 10:24:46", "elapsed": 350.62706, "delta": 2.308806}}
{"target": -1.160095242705142, "params": {"model__colsample_bylevel": 0.6340772589827341, "model__colsample_bynode": 0.9178072915752025, "model__colsample_bytree": 0.46504609626335935, "model__learning_rate": 0.27216852125589686, "model__max_depth": 3.036302322422205, "model__n_estimators": 26.50943372270767, "model__reg_lambda": 0.012309314600569277}, "datetime": {"datetime": "2021-03-26 10:24:48", "elapsed": 353.003165, "delta": 2.376105}}
{"target": -1.2674211710168426, "params": {"model__colsample_bylevel": 0.3, "model__colsample_bynode": 1.0, "model__colsample_bytree": 0.3, "model__learning_rate": 0.3, "model__max_depth": 6.17367754519302, "model__n_estimators": 21.009722921503776, "model__reg_lambda": 0.0}, "datetime": {"datetime": "2021-03-26 10:24:50", "elapsed": 354.980394, "delta": 1.977229}}
{"target": -1.3639355095940222, "params": {"model__colsample_bylevel": 1.0, "model__colsample_bynode": 0.3, "model__colsample_bytree": 0.3, "model__learning_rate": 0.1, "model__max_depth": 8.0, "model__n_estimators": 30.0, "model__reg_lambda": 1.347193707704551}, "datetime": {"datetime": "2021-03-26 10:24:52", "elapsed": 357.322656, "delta": 2.342262}}
{"target": -1.2060757706073397, "params": {"model__colsample_bylevel": 0.7951267495479991, "model__colsample_bynode": 1.0, "model__colsample_bytree": 0.3, "model__learning_rate": 0.3, "model__max_depth": 3.1935720131365377, "model__n_estimators": 27.309384089608887, "model__reg_lambda": 3.97695321510968e-08}, "datetime": {"datetime": "2021-03-26 10:24:54", "elapsed": 359.250503, "delta": 1.927847}}
{"target": -1.1855813774840391, "params": {"model__colsample_bylevel": 1.0, "model__colsample_bynode": 0.3, "model__colsample_bytree": 0.3, "model__learning_rate": 0.3, "model__max_depth": 2.0, "model__n_estimators": 30.0, "model__reg_lambda": 0.0}, "datetime": {"datetime": "2021-03-26 10:24:56", "elapsed": 361.309518, "delta": 2.059015}}
{"target": -1.313279701170066, "params": {"model__colsample_bylevel": 0.3, "model__colsample_bynode": 1.0, "model__colsample_bytree": 0.3, "model__learning_rate": 0.3, "model__max_depth": 6.53913516594872, "model__n_estimators": 21.707874695618923, "model__reg_lambda": 3.2172336362780016}, "datetime": {"datetime": "2021-03-26 10:24:58", "elapsed": 363.425249, "delta": 2.115731}}
{"target": -1.2206061687971723, "params": {"model__colsample_bylevel": 0.4585474929212296, "model__colsample_bynode": 0.9716605780533438, "model__colsample_bytree": 0.8075574105553656, "model__learning_rate": 0.245898315241624, "model__max_depth": 4.356015673753334, "model__n_estimators": 25.86263817078665, "model__reg_lambda": 0.0827192579303726}, "datetime": {"datetime": "2021-03-26 10:25:00", "elapsed": 365.541991, "delta": 2.116742}}
{"target": -1.1871463536919242, "params": {"model__colsample_bylevel": 0.3, "model__colsample_bynode": 1.0, "model__colsample_bytree": 0.39476242944545525, "model__learning_rate": 0.3, "model__max_depth": 3.946778878701221, "model__n_estimators": 24.157040824970643, "model__reg_lambda": 0.0}, "datetime": {"datetime": "2021-03-26 10:25:03", "elapsed": 367.635723, "delta": 2.093732}}
{"target": -1.2775556212480086, "params": {"model__colsample_bylevel": 0.3, "model__colsample_bynode": 1.0, "model__colsample_bytree": 0.3, "model__learning_rate": 0.3, "model__max_depth": 2.0, "model__n_estimators": 27.760477214216532, "model__reg_lambda": 2.767277357509644}, "datetime": {"datetime": "2021-03-26 10:25:05", "elapsed": 369.57552, "delta": 1.939797}}
{"target": -1.2285353286746903, "params": {"model__colsample_bylevel": 0.3, "model__colsample_bynode": 1.0, "model__colsample_bytree": 1.0, "model__learning_rate": 0.3, "model__max_depth": 3.0901814020312184, "model__n_estimators": 25.718906695386636, "model__reg_lambda": 0.0}, "datetime": {"datetime": "2021-03-26 10:25:07", "elapsed": 371.652655, "delta": 2.077135}}
{"target": -1.3207391863769813, "params": {"model__colsample_bylevel": 1.0, "model__colsample_bynode": 1.0, "model__colsample_bytree": 1.0, "model__learning_rate": 0.3, "model__max_depth": 8.0, "model__n_estimators": 19.028485545556514, "model__reg_lambda": 6.95568289255443}, "datetime": {"datetime": "2021-03-26 10:25:09", "elapsed": 374.506179, "delta": 2.853524}}
{"target": -1.2360675133400314, "params": {"model__colsample_bylevel": 1.0, "model__colsample_bynode": 1.0, "model__colsample_bytree": 0.3, "model__learning_rate": 0.3, "model__max_depth": 4.7055390203844, "model__n_estimators": 28.461197512851097, "model__reg_lambda": 4.528848310898493}, "datetime": {"datetime": "2021-03-26 10:25:12", "elapsed": 377.088566, "delta": 2.582387}}
{"target": -1.3871760128781305, "params": {"model__colsample_bylevel": 1.0, "model__colsample_bynode": 1.0, "model__colsample_bytree": 1.0, "model__learning_rate": 0.3, "model__max_depth": 8.0, "model__n_estimators": 15.0, "model__reg_lambda": 0.0}, "datetime": {"datetime": "2021-03-26 10:25:14", "elapsed": 379.489335, "delta": 2.400769}}
{"target": -1.235865444865793, "params": {"model__colsample_bylevel": 1.0, "model__colsample_bynode": 1.0, "model__colsample_bytree": 0.3, "model__learning_rate": 0.3, "model__max_depth": 8.0, "model__n_estimators": 24.28327939672671, "model__reg_lambda": 0.0}, "datetime": {"datetime": "2021-03-26 10:25:17", "elapsed": 382.067258, "delta": 2.577923}}
{"target": -1.2585523449464877, "params": {"model__colsample_bylevel": 0.3, "model__colsample_bynode": 1.0, "model__colsample_bytree": 0.3, "model__learning_rate": 0.3, "model__max_depth": 4.621810041243025, "model__n_estimators": 23.045961115612187, "model__reg_lambda": 0.0}, "datetime": {"datetime": "2021-03-26 10:25:19", "elapsed": 384.529228, "delta": 2.46197}}
{"target": -1.265104504738111, "params": {"model__colsample_bylevel": 0.3, "model__colsample_bynode": 1.0, "model__colsample_bytree": 1.0, "model__learning_rate": 0.3, "model__max_depth": 3.550428350178734, "model__n_estimators": 21.447629810570678, "model__reg_lambda": 3.3280544275236}, "datetime": {"datetime": "2021-03-26 10:25:22", "elapsed": 387.336299, "delta": 2.807071}}
{"target": -1.2903637765326361, "params": {"model__colsample_bylevel": 0.3, "model__colsample_bynode": 0.3, "model__colsample_bytree": 1.0, "model__learning_rate": 0.3, "model__max_depth": 2.482031331728584, "model__n_estimators": 22.30553295557055, "model__reg_lambda": 0.0}, "datetime": {"datetime": "2021-03-26 10:25:24", "elapsed": 389.276996, "delta": 1.940697}}
{"target": -1.438320890630501, "params": {"model__colsample_bylevel": 1.0, "model__colsample_bynode": 0.3, "model__colsample_bytree": 0.3, "model__learning_rate": 0.3, "model__max_depth": 8.0, "model__n_estimators": 15.0, "model__reg_lambda": 8.374578388191019}, "datetime": {"datetime": "2021-03-26 10:25:27", "elapsed": 391.636083, "delta": 2.359087}}
{"target": -1.2304933797395992, "params": {"model__colsample_bylevel": 0.3537193465043286, "model__colsample_bynode": 0.5578554689109279, "model__colsample_bytree": 0.948793701573414, "model__learning_rate": 0.2706294298883089, "model__max_depth": 7.73653786490924, "model__n_estimators": 29.223810629944424, "model__reg_lambda": 0.7010708660141951}, "datetime": {"datetime": "2021-03-26 10:25:29", "elapsed": 393.706331, "delta": 2.070248}}
{"target": -1.264583996659064, "params": {"model__colsample_bylevel": 0.3, "model__colsample_bynode": 1.0, "model__colsample_bytree": 1.0, "model__learning_rate": 0.3, "model__max_depth": 8.0, "model__n_estimators": 26.120528587733105, "model__reg_lambda": 6.409195321958519}, "datetime": {"datetime": "2021-03-26 10:25:31", "elapsed": 396.476242, "delta": 2.769911}}
{"target": -1.1753159886671471, "params": {"model__colsample_bylevel": 0.991006804773841, "model__colsample_bynode": 0.8306434332371648, "model__colsample_bytree": 0.4494045783947864, "model__learning_rate": 0.299880212697925, "model__max_depth": 3.0981117306650505, "model__n_estimators": 26.479680809862025, "model__reg_lambda": 0.40547847999517495}, "datetime": {"datetime": "2021-03-26 10:25:34", "elapsed": 398.897242, "delta": 2.421}}
{"target": -1.2636336967909194, "params": {"model__colsample_bylevel": 1.0, "model__colsample_bynode": 0.3, "model__colsample_bytree": 1.0, "model__learning_rate": 0.3, "model__max_depth": 6.43783373691793, "model__n_estimators": 21.948851270160702, "model__reg_lambda": 2.9116710385447457}, "datetime": {"datetime": "2021-03-26 10:25:36", "elapsed": 401.055155, "delta": 2.157913}}
{"target": -1.360903193399418, "params": {"model__colsample_bylevel": 1.0, "model__colsample_bynode": 1.0, "model__colsample_bytree": 0.3, "model__learning_rate": 0.3, "model__max_depth": 3.7975095805607935, "model__n_estimators": 15.0, "model__reg_lambda": 6.287346590337051}, "datetime": {"datetime": "2021-03-26 10:25:38", "elapsed": 403.4101, "delta": 2.354945}}
{"target": -1.1998761369762403, "params": {"model__colsample_bylevel": 0.5632467946388289, "model__colsample_bynode": 0.700312379932312, "model__colsample_bytree": 0.4655615342542276, "model__learning_rate": 0.28423168301237994, "model__max_depth": 3.7621615367822696, "model__n_estimators": 25.470296688033173, "model__reg_lambda": 0.19351881785433456}, "datetime": {"datetime": "2021-03-26 10:25:41", "elapsed": 405.853602, "delta": 2.443502}}
{"target": -1.2337555388839023, "params": {"model__colsample_bylevel": 1.0, "model__colsample_bynode": 0.3, "model__colsample_bytree": 0.3, "model__learning_rate": 0.3, "model__max_depth": 7.35703718012852, "model__n_estimators": 25.14908783499599, "model__reg_lambda": 1.3877785925524299e-17}, "datetime": {"datetime": "2021-03-26 10:25:43", "elapsed": 407.877322, "delta": 2.02372}}
