{"target": -1.3484450962934376, "params": {"model__colsample_bylevel": 0.3191878877624776, "model__colsample_bynode": 0.4527668367686508, "model__colsample_bytree": 0.9533861738476699, "model__learning_rate": 0.23172885748318614, "model__max_depth": 7.871974941466348, "model__n_estimators": 20.539710627919593, "model__reg_lambda": 7.6239037960184355}, "datetime": {"datetime": "2021-03-26 10:19:16", "elapsed": 21.349731, "delta": 0.319501}}
{"target": -1.4537951440482901, "params": {"model__colsample_bylevel": 0.7197656118669662, "model__colsample_bynode": 0.7214646750503465, "model__colsample_bytree": 0.37931534877147977, "model__learning_rate": 0.14444015703665763, "model__max_depth": 2.433575141809544, "model__n_estimators": 22.57954207818872, "model__reg_lambda": 3.4509917372173025}, "datetime": {"datetime": "2021-03-26 10:19:17", "elapsed": 21.576666, "delta": 0.226935}}
{"target": -1.2679640526316414, "params": {"model__colsample_bylevel": 0.43770438267170664, "model__colsample_bynode": 0.562288016838024, "model__colsample_bytree": 0.6684847059501842, "model__learning_rate": 0.24216538663414655, "model__max_depth": 5.53982800385271, "model__n_estimators": 24.586364893849456, "model__reg_lambda": 6.03761911116279}, "datetime": {"datetime": "2021-03-26 10:19:17", "elapsed": 21.96072, "delta": 0.384054}}
{"target": -1.2648128443937479, "params": {"model__colsample_bylevel": 0.5615024327662378, "model__colsample_bynode": 0.5278880157630303, "model__colsample_bytree": 0.6927994632423486, "model__learning_rate": 0.2499326997232081, "model__max_depth": 7.515144966264312, "model__n_estimators": 27.41503748405572, "model__reg_lambda": 5.537273620404508}, "datetime": {"datetime": "2021-03-26 10:19:17", "elapsed": 22.419746, "delta": 0.459026}}
{"target": -1.3241656664327004, "params": {"model__colsample_bylevel": 0.8773753442334304, "model__colsample_bynode": 0.3197624374107063, "model__colsample_bytree": 0.8582648079772404, "model__learning_rate": 0.1398977410305498, "model__max_depth": 6.115045756510598, "model__n_estimators": 27.377846347953547, "model__reg_lambda": 3.1496308071503187}, "datetime": {"datetime": "2021-03-26 10:19:18", "elapsed": 22.982154, "delta": 0.562408}}
{"target": -1.337493367444562, "params": {"model__colsample_bylevel": 0.5798231824380045, "model__colsample_bynode": 0.9899122285696411, "model__colsample_bytree": 0.4774952834387126, "model__learning_rate": 0.25106786479472265, "model__max_depth": 4.436357453829759, "model__n_estimators": 19.72844903945682, "model__reg_lambda": 7.705159221072094}, "datetime": {"datetime": "2021-03-26 10:19:18", "elapsed": 23.376282, "delta": 0.394128}}
{"target": -1.3091356826568212, "params": {"model__colsample_bylevel": 0.6149024037576569, "model__colsample_bynode": 0.7970601762740899, "model__colsample_bytree": 0.4555403075808654, "model__learning_rate": 0.26476738246878556, "model__max_depth": 6.3006447069266285, "model__n_estimators": 22.48861984031197, "model__reg_lambda": 7.91551010046181}, "datetime": {"datetime": "2021-03-26 10:19:19", "elapsed": 23.786779, "delta": 0.410497}}
{"target": -1.240446949194091, "params": {"model__colsample_bylevel": 0.9437937215686736, "model__colsample_bynode": 0.8511722448868555, "model__colsample_bytree": 0.5084857837350747, "model__learning_rate": 0.24346701302396254, "model__max_depth": 5.690340786662006, "model__n_estimators": 27.619845335231588, "model__reg_lambda": 4.0456797253845265}, "datetime": {"datetime": "2021-03-26 10:19:19", "elapsed": 24.537866, "delta": 0.751087}}
{"target": -1.2946928475322066, "params": {"model__colsample_bylevel": 0.6173529449301774, "model__colsample_bynode": 0.3656352091501882, "model__colsample_bytree": 0.45305055880659917, "model__learning_rate": 0.20586849821836273, "model__max_depth": 5.173197962934258, "model__n_estimators": 25.696146745858105, "model__reg_lambda": 2.863925264426952}, "datetime": {"datetime": "2021-03-26 10:19:20", "elapsed": 24.837886, "delta": 0.30002}}
{"target": -1.49030314243898, "params": {"model__colsample_bylevel": 0.3812502817792496, "model__colsample_bynode": 0.43107613084910207, "model__colsample_bytree": 0.6036033759584388, "model__learning_rate": 0.13710847453713484, "model__max_depth": 2.7407946095138094, "model__n_estimators": 25.875381462387566, "model__reg_lambda": 9.101677556132595}, "datetime": {"datetime": "2021-03-26 10:19:20", "elapsed": 25.082386, "delta": 0.2445}}
{"target": -1.382307774298217, "params": {"model__colsample_bylevel": 0.3426383940311504, "model__colsample_bynode": 0.3292770968669983, "model__colsample_bytree": 0.49999974247633633, "model__learning_rate": 0.21592871225493404, "model__max_depth": 7.629568478689846, "model__n_estimators": 23.72527860523467, "model__reg_lambda": 6.7998375849329875}, "datetime": {"datetime": "2021-03-26 10:19:20", "elapsed": 25.300527, "delta": 0.218141}}
{"target": -1.3777900183924296, "params": {"model__colsample_bylevel": 1.0, "model__colsample_bynode": 1.0, "model__colsample_bytree": 1.0, "model__learning_rate": 0.3, "model__max_depth": 8.0, "model__n_estimators": 15.0, "model__reg_lambda": 10.0}, "datetime": {"datetime": "2021-03-26 10:19:22", "elapsed": 26.759285, "delta": 1.458758}}
{"target": -1.287418967048111, "params": {"model__colsample_bylevel": 0.3, "model__colsample_bynode": 1.0, "model__colsample_bytree": 0.3, "model__learning_rate": 0.3, "model__max_depth": 8.0, "model__n_estimators": 30.0, "model__reg_lambda": 10.0}, "datetime": {"datetime": "2021-03-26 10:19:23", "elapsed": 27.643291, "delta": 0.884006}}
{"target": -1.3087057146716161, "params": {"model__colsample_bylevel": 1.0, "model__colsample_bynode": 1.0, "model__colsample_bytree": 0.3, "model__learning_rate": 0.3, "model__max_depth": 2.0, "model__n_estimators": 30.0, "model__reg_lambda": 10.0}, "datetime": {"datetime": "2021-03-26 10:19:24", "elapsed": 28.614053, "delta": 0.970762}}
{"target": -1.2930233798462194, "params": {"model__colsample_bylevel": 0.3, "model__colsample_bynode": 1.0, "model__colsample_bytree": 0.3, "model__learning_rate": 0.3, "model__max_depth": 2.0, "model__n_estimators": 30.0, "model__reg_lambda": 5.151288398507166}, "datetime": {"datetime": "2021-03-26 10:19:24", "elapsed": 29.374677, "delta": 0.760624}}
{"target": -1.2863704428987819, "params": {"model__colsample_bylevel": 1.0, "model__colsample_bynode": 0.3, "model__colsample_bytree": 1.0, "model__learning_rate": 0.3, "model__max_depth": 8.0, "model__n_estimators": 19.21108890497019, "model__reg_lambda": 0.0}, "datetime": {"datetime": "2021-03-26 10:19:25", "elapsed": 30.405193, "delta": 1.030516}}
{"target": -1.3500658856029961, "params": {"model__colsample_bylevel": 1.0, "model__colsample_bynode": 0.3, "model__colsample_bytree": 1.0, "model__learning_rate": 0.3, "model__max_depth": 8.0, "model__n_estimators": 15.0, "model__reg_lambda": 5.949622737745832}, "datetime": {"datetime": "2021-03-26 10:19:26", "elapsed": 31.412427, "delta": 1.007234}}
{"target": -1.4195431284228528, "params": {"model__colsample_bylevel": 0.3, "model__colsample_bynode": 1.0, "model__colsample_bytree": 0.3, "model__learning_rate": 0.3, "model__max_depth": 2.0, "model__n_estimators": 21.034096639457772, "model__reg_lambda": 10.0}, "datetime": {"datetime": "2021-03-26 10:19:27", "elapsed": 32.357461, "delta": 0.945034}}
{"target": -1.2658585334669095, "params": {"model__colsample_bylevel": 1.0, "model__colsample_bynode": 0.3, "model__colsample_bytree": 1.0, "model__learning_rate": 0.3, "model__max_depth": 2.0, "model__n_estimators": 19.09953765689159, "model__reg_lambda": 0.0}, "datetime": {"datetime": "2021-03-26 10:19:28", "elapsed": 33.298677, "delta": 0.941216}}
{"target": -1.3193888914083007, "params": {"model__colsample_bylevel": 1.0, "model__colsample_bynode": 1.0, "model__colsample_bytree": 1.0, "model__learning_rate": 0.3, "model__max_depth": 8.0, "model__n_estimators": 20.830706966530553, "model__reg_lambda": 4.758039154974214}, "datetime": {"datetime": "2021-03-26 10:19:30", "elapsed": 35.268065, "delta": 1.969388}}
{"target": -1.3198162421557134, "params": {"model__colsample_bylevel": 1.0, "model__colsample_bynode": 1.0, "model__colsample_bytree": 1.0, "model__learning_rate": 0.3, "model__max_depth": 8.0, "model__n_estimators": 20.772180927497086, "model__reg_lambda": 10.0}, "datetime": {"datetime": "2021-03-26 10:19:32", "elapsed": 37.291867, "delta": 2.023802}}
{"target": -1.2821647829318796, "params": {"model__colsample_bylevel": 0.3, "model__colsample_bynode": 0.3, "model__colsample_bytree": 1.0, "model__learning_rate": 0.3, "model__max_depth": 8.0, "model__n_estimators": 24.549407474975006, "model__reg_lambda": 0.0}, "datetime": {"datetime": "2021-03-26 10:19:33", "elapsed": 38.424252, "delta": 1.132385}}
{"target": -1.2618571868233814, "params": {"model__colsample_bylevel": 0.3, "model__colsample_bynode": 1.0, "model__colsample_bytree": 0.3, "model__learning_rate": 0.3, "model__max_depth": 8.0, "model__n_estimators": 30.0, "model__reg_lambda": 5.931796762897751}, "datetime": {"datetime": "2021-03-26 10:19:34", "elapsed": 39.421936, "delta": 0.997684}}
{"target": -1.2586451074579206, "params": {"model__colsample_bylevel": 0.3, "model__colsample_bynode": 1.0, "model__colsample_bytree": 1.0, "model__learning_rate": 0.3, "model__max_depth": 5.195000799238866, "model__n_estimators": 27.98868371163177, "model__reg_lambda": 0.0}, "datetime": {"datetime": "2021-03-26 10:19:36", "elapsed": 40.760694, "delta": 1.338758}}
{"target": -1.3216168717953605, "params": {"model__colsample_bylevel": 0.3, "model__colsample_bynode": 0.3, "model__colsample_bytree": 0.3, "model__learning_rate": 0.3, "model__max_depth": 4.758932207820394, "model__n_estimators": 30.0, "model__reg_lambda": 10.0}, "datetime": {"datetime": "2021-03-26 10:19:37", "elapsed": 41.735878, "delta": 0.975184}}
{"target": -1.2728147306486262, "params": {"model__colsample_bylevel": 0.3, "model__colsample_bynode": 0.3, "model__colsample_bytree": 1.0, "model__learning_rate": 0.3, "model__max_depth": 4.502362773983335, "model__n_estimators": 21.36933808637779, "model__reg_lambda": 0.0}, "datetime": {"datetime": "2021-03-26 10:19:38", "elapsed": 42.716068, "delta": 0.98019}}
{"target": -1.337661765901156, "params": {"model__colsample_bylevel": 0.3, "model__colsample_bynode": 0.3, "model__colsample_bytree": 1.0, "model__learning_rate": 0.3, "model__max_depth": 8.0, "model__n_estimators": 15.0, "model__reg_lambda": 0.0}, "datetime": {"datetime": "2021-03-26 10:19:39", "elapsed": 43.679579, "delta": 0.963511}}
{"target": -1.376947414908774, "params": {"model__colsample_bylevel": 1.0, "model__colsample_bynode": 0.3, "model__colsample_bytree": 0.3, "model__learning_rate": 0.3, "model__max_depth": 2.0, "model__n_estimators": 15.0, "model__reg_lambda": 0.0}, "datetime": {"datetime": "2021-03-26 10:19:40", "elapsed": 44.607881, "delta": 0.928302}}
{"target": -1.510391380097987, "params": {"model__colsample_bylevel": 0.3, "model__colsample_bynode": 0.3, "model__colsample_bytree": 1.0, "model__learning_rate": 0.3, "model__max_depth": 2.0, "model__n_estimators": 15.0, "model__reg_lambda": 10.0}, "datetime": {"datetime": "2021-03-26 10:19:40", "elapsed": 45.447046, "delta": 0.839165}}
{"target": -1.2678499461421608, "params": {"model__colsample_bylevel": 1.0, "model__colsample_bynode": 1.0, "model__colsample_bytree": 1.0, "model__learning_rate": 0.3, "model__max_depth": 2.0, "model__n_estimators": 30.0, "model__reg_lambda": 2.352666828791414}, "datetime": {"datetime": "2021-03-26 10:19:42", "elapsed": 46.886955, "delta": 1.439909}}
{"target": -1.2639357713968966, "params": {"model__colsample_bylevel": 0.3, "model__colsample_bynode": 0.3, "model__colsample_bytree": 1.0, "model__learning_rate": 0.3, "model__max_depth": 5.056998960306472, "model__n_estimators": 21.347792915177344, "model__reg_lambda": 3.8638998686343697}, "datetime": {"datetime": "2021-03-26 10:19:43", "elapsed": 47.816342, "delta": 0.929387}}
{"target": -1.3607121017275623, "params": {"model__colsample_bylevel": 1.0, "model__colsample_bynode": 1.0, "model__colsample_bytree": 1.0, "model__learning_rate": 0.3, "model__max_depth": 4.805370036607243, "model__n_estimators": 15.0, "model__reg_lambda": 0.0}, "datetime": {"datetime": "2021-03-26 10:19:44", "elapsed": 49.485415, "delta": 1.669073}}
{"target": -1.3657160305134628, "params": {"model__colsample_bylevel": 0.3, "model__colsample_bynode": 0.3, "model__colsample_bytree": 1.0, "model__learning_rate": 0.3, "model__max_depth": 4.6387443051605395, "model__n_estimators": 15.0, "model__reg_lambda": 4.833714812680349}, "datetime": {"datetime": "2021-03-26 10:19:45", "elapsed": 50.518488, "delta": 1.033073}}
{"target": -1.2618505786389005, "params": {"model__colsample_bylevel": 0.3, "model__colsample_bynode": 1.0, "model__colsample_bytree": 0.3, "model__learning_rate": 0.3, "model__max_depth": 4.849093308225746, "model__n_estimators": 30.0, "model__reg_lambda": 4.660396442245772}, "datetime": {"datetime": "2021-03-26 10:19:47", "elapsed": 51.589611, "delta": 1.071123}}
{"target": -1.3348717113119968, "params": {"model__colsample_bylevel": 0.3, "model__colsample_bynode": 0.3, "model__colsample_bytree": 0.3, "model__learning_rate": 0.3, "model__max_depth": 2.0, "model__n_estimators": 25.43030337915734, "model__reg_lambda": 0.0}, "datetime": {"datetime": "2021-03-26 10:19:47", "elapsed": 52.373421, "delta": 0.78381}}
{"target": -1.2983176122014612, "params": {"model__colsample_bylevel": 0.3, "model__colsample_bynode": 1.0, "model__colsample_bytree": 1.0, "model__learning_rate": 0.3, "model__max_depth": 4.423858720725681, "model__n_estimators": 21.44624939956727, "model__reg_lambda": 10.0}, "datetime": {"datetime": "2021-03-26 10:19:49", "elapsed": 53.798188, "delta": 1.424767}}
{"target": -1.297200641642743, "params": {"model__colsample_bylevel": 1.0, "model__colsample_bynode": 0.3, "model__colsample_bytree": 0.3, "model__learning_rate": 0.3, "model__max_depth": 5.059106421603683, "model__n_estimators": 18.178537676180085, "model__reg_lambda": 0.0}, "datetime": {"datetime": "2021-03-26 10:19:50", "elapsed": 54.849684, "delta": 1.051496}}
{"target": -1.2726694995199965, "params": {"model__colsample_bylevel": 1.0, "model__colsample_bynode": 0.3, "model__colsample_bytree": 0.3, "model__learning_rate": 0.3, "model__max_depth": 8.0, "model__n_estimators": 30.0, "model__reg_lambda": 8.19387423732698}, "datetime": {"datetime": "2021-03-26 10:19:51", "elapsed": 55.959481, "delta": 1.109797}}
{"target": -1.297787276803907, "params": {"model__colsample_bylevel": 0.3, "model__colsample_bynode": 0.3, "model__colsample_bytree": 0.3, "model__learning_rate": 0.3, "model__max_depth": 2.0, "model__n_estimators": 30.0, "model__reg_lambda": 1.48581229969226}, "datetime": {"datetime": "2021-03-26 10:19:52", "elapsed": 56.943009, "delta": 0.983528}}
{"target": -1.287952147864912, "params": {"model__colsample_bylevel": 1.0, "model__colsample_bynode": 1.0, "model__colsample_bytree": 1.0, "model__learning_rate": 0.3, "model__max_depth": 2.0, "model__n_estimators": 21.578415594385543, "model__reg_lambda": 0.0}, "datetime": {"datetime": "2021-03-26 10:19:53", "elapsed": 58.392884, "delta": 1.449875}}
{"target": -1.2948041467077058, "params": {"model__colsample_bylevel": 0.3, "model__colsample_bynode": 1.0, "model__colsample_bytree": 0.3, "model__learning_rate": 0.3, "model__max_depth": 8.0, "model__n_estimators": 27.59286627852741, "model__reg_lambda": 8.058788049747001}, "datetime": {"datetime": "2021-03-26 10:19:54", "elapsed": 59.531268, "delta": 1.138384}}
{"target": -1.2705671382278365, "params": {"model__colsample_bylevel": 1.0, "model__colsample_bynode": 1.0, "model__colsample_bytree": 0.3, "model__learning_rate": 0.3, "model__max_depth": 8.0, "model__n_estimators": 16.32532167170775, "model__reg_lambda": 0.0}, "datetime": {"datetime": "2021-03-26 10:19:56", "elapsed": 60.739775, "delta": 1.208507}}
{"target": -1.2542082624634783, "params": {"model__colsample_bylevel": 1.0, "model__colsample_bynode": 0.3, "model__colsample_bytree": 0.3, "model__learning_rate": 0.3, "model__max_depth": 8.0, "model__n_estimators": 30.0, "model__reg_lambda": 0.0}, "datetime": {"datetime": "2021-03-26 10:19:57", "elapsed": 61.8841, "delta": 1.144325}}
{"target": -1.2504185034974438, "params": {"model__colsample_bylevel": 1.0, "model__colsample_bynode": 0.3, "model__colsample_bytree": 1.0, "model__learning_rate": 0.3, "model__max_depth": 3.781040630230277, "model__n_estimators": 21.142478369143113, "model__reg_lambda": 1.7055688014813755}, "datetime": {"datetime": "2021-03-26 10:19:58", "elapsed": 63.16041, "delta": 1.27631}}
{"target": -1.3005745432353106, "params": {"model__colsample_bylevel": 1.0, "model__colsample_bynode": 0.3, "model__colsample_bytree": 1.0, "model__learning_rate": 0.3, "model__max_depth": 2.0, "model__n_estimators": 30.0, "model__reg_lambda": 7.754137035909764}, "datetime": {"datetime": "2021-03-26 10:19:59", "elapsed": 64.298287, "delta": 1.137877}}
{"target": -1.3502366480647006, "params": {"model__colsample_bylevel": 1.0, "model__colsample_bynode": 1.0, "model__colsample_bytree": 0.3, "model__learning_rate": 0.3, "model__max_depth": 3.8139200749662168, "model__n_estimators": 19.711142585690407, "model__reg_lambda": 10.0}, "datetime": {"datetime": "2021-03-26 10:20:01", "elapsed": 65.565813, "delta": 1.267526}}
{"target": -1.2762276470890621, "params": {"model__colsample_bylevel": 0.3, "model__colsample_bynode": 1.0, "model__colsample_bytree": 0.3, "model__learning_rate": 0.3, "model__max_depth": 8.0, "model__n_estimators": 19.88963252017546, "model__reg_lambda": 0.0}, "datetime": {"datetime": "2021-03-26 10:20:02", "elapsed": 66.618362, "delta": 1.052549}}
{"target": -1.2631523974838774, "params": {"model__colsample_bylevel": 1.0, "model__colsample_bynode": 0.3, "model__colsample_bytree": 1.0, "model__learning_rate": 0.3, "model__max_depth": 5.3440708250340005, "model__n_estimators": 24.34452386092934, "model__reg_lambda": 0.0}, "datetime": {"datetime": "2021-03-26 10:20:03", "elapsed": 67.873478, "delta": 1.255116}}
{"target": -1.287246151546529, "params": {"model__colsample_bylevel": 0.3, "model__colsample_bynode": 1.0, "model__colsample_bytree": 0.3, "model__learning_rate": 0.3, "model__max_depth": 8.0, "model__n_estimators": 26.075145332032815, "model__reg_lambda": 3.2688055755409287}, "datetime": {"datetime": "2021-03-26 10:20:05", "elapsed": 69.746441, "delta": 1.872963}}
{"target": -1.3103603538638655, "params": {"model__colsample_bylevel": 0.3, "model__colsample_bynode": 1.0, "model__colsample_bytree": 1.0, "model__learning_rate": 0.3, "model__max_depth": 2.0, "model__n_estimators": 30.0, "model__reg_lambda": 10.0}, "datetime": {"datetime": "2021-03-26 10:20:06", "elapsed": 71.403343, "delta": 1.656902}}
{"target": -1.3110651573611665, "params": {"model__colsample_bylevel": 0.3, "model__colsample_bynode": 1.0, "model__colsample_bytree": 1.0, "model__learning_rate": 0.3, "model__max_depth": 6.80277432589039, "model__n_estimators": 17.744602184029088, "model__reg_lambda": 0.0}, "datetime": {"datetime": "2021-03-26 10:20:08", "elapsed": 73.479761, "delta": 2.076418}}
{"target": -1.3674871308050807, "params": {"model__colsample_bylevel": 1.0, "model__colsample_bynode": 1.0, "model__colsample_bytree": 1.0, "model__learning_rate": 0.3, "model__max_depth": 8.0, "model__n_estimators": 27.97060117792319, "model__reg_lambda": 0.0}, "datetime": {"datetime": "2021-03-26 10:20:11", "elapsed": 76.118131, "delta": 2.63837}}
{"target": -1.2837934877534491, "params": {"model__colsample_bylevel": 1.0, "model__colsample_bynode": 1.0, "model__colsample_bytree": 1.0, "model__learning_rate": 0.3, "model__max_depth": 5.8203890877608115, "model__n_estimators": 30.0, "model__reg_lambda": 10.0}, "datetime": {"datetime": "2021-03-26 10:20:14", "elapsed": 79.294649, "delta": 3.176518}}
{"target": -1.2761561640470789, "params": {"model__colsample_bylevel": 0.3, "model__colsample_bynode": 1.0, "model__colsample_bytree": 0.3, "model__learning_rate": 0.3, "model__max_depth": 3.6876117966264297, "model__n_estimators": 30.0, "model__reg_lambda": 7.992318367866376}, "datetime": {"datetime": "2021-03-26 10:20:16", "elapsed": 81.165273, "delta": 1.870624}}
{"target": -1.2930300111207518, "params": {"model__colsample_bylevel": 0.3, "model__colsample_bynode": 1.0, "model__colsample_bytree": 1.0, "model__learning_rate": 0.3, "model__max_depth": 2.0, "model__n_estimators": 27.854694927864283, "model__reg_lambda": 6.312481938140786}, "datetime": {"datetime": "2021-03-26 10:20:18", "elapsed": 82.948755, "delta": 1.783482}}
{"target": -1.1929797176123205, "params": {"model__colsample_bylevel": 0.3, "model__colsample_bynode": 1.0, "model__colsample_bytree": 0.3, "model__learning_rate": 0.3, "model__max_depth": 3.5480568435647664, "model__n_estimators": 29.241640069966987, "model__reg_lambda": 0.384936304776973}, "datetime": {"datetime": "2021-03-26 10:20:20", "elapsed": 84.755207, "delta": 1.806452}}
{"target": -1.2813935263699894, "params": {"model__colsample_bylevel": 0.3, "model__colsample_bynode": 0.3, "model__colsample_bytree": 0.3, "model__learning_rate": 0.3, "model__max_depth": 8.0, "model__n_estimators": 27.05732697084689, "model__reg_lambda": 0.0}, "datetime": {"datetime": "2021-03-26 10:20:21", "elapsed": 86.302758, "delta": 1.547551}}
{"target": -1.2011825560916054, "params": {"model__colsample_bylevel": 0.3, "model__colsample_bynode": 1.0, "model__colsample_bytree": 1.0, "model__learning_rate": 0.3, "model__max_depth": 2.0, "model__n_estimators": 27.27316071564375, "model__reg_lambda": 1.4682529869150753}, "datetime": {"datetime": "2021-03-26 10:20:23", "elapsed": 88.29152, "delta": 1.988762}}
