{"target": -1.214064124794137, "params": {"model__colsample_bylevel": 0.3, "model__colsample_bynode": 1.0, "model__colsample_bytree": 0.3, "model__learning_rate": 0.3, "model__max_depth": 2.0225735614098843, "model__n_estimators": 27.70812072723968, "model__reg_lambda": 0.0}, "datetime": {"datetime": "2021-03-26 10:22:25", "elapsed": 209.791254, "delta": 1.565298}}
{"target": -1.3212519661226456, "params": {"model__colsample_bylevel": 1.0, "model__colsample_bynode": 0.3, "model__colsample_bytree": 0.3, "model__learning_rate": 0.3, "model__max_depth": 8.0, "model__n_estimators": 15.0, "model__reg_lambda": 0.9927276330660754}, "datetime": {"datetime": "2021-03-26 10:22:26", "elapsed": 211.497461, "delta": 1.706207}}
{"target": -1.4192485739517473, "params": {"model__colsample_bylevel": 0.3, "model__colsample_bynode": 0.30000000000000004, "model__colsample_bytree": 1.0, "model__learning_rate": 0.3, "model__max_depth": 8.0, "model__n_estimators": 15.0, "model__reg_lambda": 10.0}, "datetime": {"datetime": "2021-03-26 10:22:28", "elapsed": 213.502206, "delta": 2.004745}}
{"target": -1.29630003609978, "params": {"model__colsample_bylevel": 1.0, "model__colsample_bynode": 1.0, "model__colsample_bytree": 1.0, "model__learning_rate": 0.3, "model__max_depth": 3.5763975412085363, "model__n_estimators": 28.79029089286371, "model__reg_lambda": 9.47642347179027}, "datetime": {"datetime": "2021-03-26 10:22:32", "elapsed": 216.576845, "delta": 3.074639}}
{"target": -1.2683882915387874, "params": {"model__colsample_bylevel": 1.0, "model__colsample_bynode": 0.3, "model__colsample_bytree": 1.0, "model__learning_rate": 0.3, "model__max_depth": 8.0, "model__n_estimators": 25.29267759691834, "model__reg_lambda": 4.379396705623207}, "datetime": {"datetime": "2021-03-26 10:22:34", "elapsed": 218.569934, "delta": 1.993089}}
{"target": -1.2317330949312155, "params": {"model__colsample_bylevel": 1.0, "model__colsample_bynode": 0.3, "model__colsample_bytree": 0.3, "model__learning_rate": 0.3, "model__max_depth": 7.191602914834087, "model__n_estimators": 28.811603505666767, "model__reg_lambda": 0.7583753166746707}, "datetime": {"datetime": "2021-03-26 10:22:35", "elapsed": 220.459098, "delta": 1.889164}}
{"target": -1.282873788808027, "params": {"model__colsample_bylevel": 0.3, "model__colsample_bynode": 1.0, "model__colsample_bytree": 1.0, "model__learning_rate": 0.3, "model__max_depth": 8.0, "model__n_estimators": 19.17352586474157, "model__reg_lambda": 4.063794853800973}, "datetime": {"datetime": "2021-03-26 10:22:37", "elapsed": 222.51717, "delta": 2.058072}}
{"target": -1.2673655060754307, "params": {"model__colsample_bylevel": 0.3, "model__colsample_bynode": 0.3, "model__colsample_bytree": 1.0, "model__learning_rate": 0.3, "model__max_depth": 2.0, "model__n_estimators": 26.817466252648124, "model__reg_lambda": 2.7236557095998823}, "datetime": {"datetime": "2021-03-26 10:22:39", "elapsed": 224.077739, "delta": 1.560569}}
{"target": -1.2965213375813938, "params": {"model__colsample_bylevel": 0.3, "model__colsample_bynode": 1.0, "model__colsample_bytree": 1.0, "model__learning_rate": 0.3, "model__max_depth": 8.0, "model__n_estimators": 15.0, "model__reg_lambda": 1.3559500759691883}, "datetime": {"datetime": "2021-03-26 10:22:41", "elapsed": 226.099729, "delta": 2.02199}}
{"target": -1.2282595968417203, "params": {"model__colsample_bylevel": 0.3, "model__colsample_bynode": 0.3, "model__colsample_bytree": 1.0, "model__learning_rate": 0.3, "model__max_depth": 8.0, "model__n_estimators": 27.983239275959278, "model__reg_lambda": 2.2467410358537907}, "datetime": {"datetime": "2021-03-26 10:22:43", "elapsed": 228.217189, "delta": 2.11746}}
{"target": -1.2195377841068809, "params": {"model__colsample_bylevel": 1.0, "model__colsample_bynode": 1.0, "model__colsample_bytree": 0.3, "model__learning_rate": 0.3, "model__max_depth": 5.589408739612558, "model__n_estimators": 22.45170377080155, "model__reg_lambda": 0.0}, "datetime": {"datetime": "2021-03-26 10:22:46", "elapsed": 230.607687, "delta": 2.390498}}
{"target": -1.320055715450882, "params": {"model__colsample_bylevel": 0.3, "model__colsample_bynode": 0.3, "model__colsample_bytree": 1.0, "model__learning_rate": 0.3, "model__max_depth": 8.0, "model__n_estimators": 21.528650234340493, "model__reg_lambda": 10.0}, "datetime": {"datetime": "2021-03-26 10:22:47", "elapsed": 232.432969, "delta": 1.825282}}
{"target": -1.3266400138267138, "params": {"model__colsample_bylevel": 1.0, "model__colsample_bynode": 0.3, "model__colsample_bytree": 0.3, "model__learning_rate": 0.3, "model__max_depth": 4.54261640752392, "model__n_estimators": 21.818509720254475, "model__reg_lambda": 5.402811114882549}, "datetime": {"datetime": "2021-03-26 10:22:49", "elapsed": 234.173918, "delta": 1.740949}}
{"target": -1.320591219474116, "params": {"model__colsample_bylevel": 1.0, "model__colsample_bynode": 0.3, "model__colsample_bytree": 1.0, "model__learning_rate": 0.3, "model__max_depth": 4.581702472808792, "model__n_estimators": 16.145616343850783, "model__reg_lambda": 5.654772326202651}, "datetime": {"datetime": "2021-03-26 10:22:51", "elapsed": 236.479997, "delta": 2.306079}}
{"target": -1.2289404165053712, "params": {"model__colsample_bylevel": 0.3, "model__colsample_bynode": 1.0, "model__colsample_bytree": 0.3, "model__learning_rate": 0.3, "model__max_depth": 3.8716008901764036, "model__n_estimators": 27.857464582477284, "model__reg_lambda": 1.533834309236523}, "datetime": {"datetime": "2021-03-26 10:22:53", "elapsed": 238.497761, "delta": 2.017764}}
{"target": -1.3440264556206007, "params": {"model__colsample_bylevel": 1.0, "model__colsample_bynode": 0.3, "model__colsample_bytree": 0.3, "model__learning_rate": 0.3, "model__max_depth": 2.0, "model__n_estimators": 17.403446015278142, "model__reg_lambda": 0.0}, "datetime": {"datetime": "2021-03-26 10:22:55", "elapsed": 240.534374, "delta": 2.036613}}
{"target": -1.2530000922759401, "params": {"model__colsample_bylevel": 0.3, "model__colsample_bynode": 1.0, "model__colsample_bytree": 1.0, "model__learning_rate": 0.3, "model__max_depth": 3.128671608774387, "model__n_estimators": 26.42209397785701, "model__reg_lambda": 2.686946326306453}, "datetime": {"datetime": "2021-03-26 10:22:57", "elapsed": 242.48715, "delta": 1.952776}}
{"target": -1.2625941272433576, "params": {"model__colsample_bylevel": 0.3, "model__colsample_bynode": 0.3, "model__colsample_bytree": 1.0, "model__learning_rate": 0.3, "model__max_depth": 6.812001476874907, "model__n_estimators": 28.53903026838924, "model__reg_lambda": 9.474833400663266}, "datetime": {"datetime": "2021-03-26 10:22:59", "elapsed": 244.541662, "delta": 2.054512}}
{"target": -1.278056711727834, "params": {"model__colsample_bylevel": 1.0, "model__colsample_bynode": 0.3, "model__colsample_bytree": 0.3, "model__learning_rate": 0.3, "model__max_depth": 5.204282782910917, "model__n_estimators": 28.800283151941194, "model__reg_lambda": 8.292646246131003}, "datetime": {"datetime": "2021-03-26 10:23:01", "elapsed": 246.46513, "delta": 1.923468}}
{"target": -1.2716100557585772, "params": {"model__colsample_bylevel": 1.0, "model__colsample_bynode": 0.3, "model__colsample_bytree": 0.3, "model__learning_rate": 0.3, "model__max_depth": 2.0, "model__n_estimators": 30.0, "model__reg_lambda": 3.8979227643127277}, "datetime": {"datetime": "2021-03-26 10:23:03", "elapsed": 248.282619, "delta": 1.817489}}
{"target": -1.3461785427706343, "params": {"model__colsample_bylevel": 1.0, "model__colsample_bynode": 1.0, "model__colsample_bytree": 1.0, "model__learning_rate": 0.3, "model__max_depth": 8.0, "model__n_estimators": 19.56023273666583, "model__reg_lambda": 1.900893907024523}, "datetime": {"datetime": "2021-03-26 10:23:06", "elapsed": 250.786197, "delta": 2.503578}}
{"target": -1.2929587274303904, "params": {"model__colsample_bylevel": 0.3, "model__colsample_bynode": 0.3, "model__colsample_bytree": 1.0, "model__learning_rate": 0.3, "model__max_depth": 6.1994777034671005, "model__n_estimators": 18.55814449798741, "model__reg_lambda": 2.9292595042207044}, "datetime": {"datetime": "2021-03-26 10:23:08", "elapsed": 253.034749, "delta": 2.248552}}
{"target": -1.2761846620852695, "params": {"model__colsample_bylevel": 0.3, "model__colsample_bynode": 0.3, "model__colsample_bytree": 0.3, "model__learning_rate": 0.3, "model__max_depth": 6.808649266448339, "model__n_estimators": 23.356293180878808, "model__reg_lambda": 0.0}, "datetime": {"datetime": "2021-03-26 10:23:10", "elapsed": 254.741253, "delta": 1.706504}}
{"target": -1.2699278790000963, "params": {"model__colsample_bylevel": 1.0, "model__colsample_bynode": 0.3, "model__colsample_bytree": 1.0, "model__learning_rate": 0.3, "model__max_depth": 6.160477159719322, "model__n_estimators": 20.79733552928056, "model__reg_lambda": 0.0}, "datetime": {"datetime": "2021-03-26 10:23:12", "elapsed": 256.717659, "delta": 1.976406}}
{"target": -1.2248228083614368, "params": {"model__colsample_bylevel": 0.3, "model__colsample_bynode": 1.0, "model__colsample_bytree": 1.0, "model__learning_rate": 0.3, "model__max_depth": 3.184205872277066, "model__n_estimators": 22.840159916456127, "model__reg_lambda": 0.0}, "datetime": {"datetime": "2021-03-26 10:23:14", "elapsed": 258.628532, "delta": 1.910873}}
{"target": -1.2841676086524796, "params": {"model__colsample_bylevel": 1.0, "model__colsample_bynode": 0.3, "model__colsample_bytree": 0.3, "model__learning_rate": 0.3, "model__max_depth": 8.0, "model__n_estimators": 28.77725739678903, "model__reg_lambda": 6.107724244260472}, "datetime": {"datetime": "2021-03-26 10:23:16", "elapsed": 260.817746, "delta": 2.189214}}
{"target": -1.2615402008541792, "params": {"model__colsample_bylevel": 1.0, "model__colsample_bynode": 0.3, "model__colsample_bytree": 0.3, "model__learning_rate": 0.3, "model__max_depth": 4.244941236138587, "model__n_estimators": 27.672673412143002, "model__reg_lambda": 4.00257598951355}, "datetime": {"datetime": "2021-03-26 10:23:18", "elapsed": 263.071934, "delta": 2.254188}}
{"target": -1.2546733059738158, "params": {"model__colsample_bylevel": 0.3, "model__colsample_bynode": 0.3, "model__colsample_bytree": 1.0, "model__learning_rate": 0.3, "model__max_depth": 8.0, "model__n_estimators": 22.253381568560194, "model__reg_lambda": 3.962956926898312}, "datetime": {"datetime": "2021-03-26 10:23:20", "elapsed": 265.051689, "delta": 1.979755}}
{"target": -1.3668874044889123, "params": {"model__colsample_bylevel": 1.0, "model__colsample_bynode": 1.0, "model__colsample_bytree": 1.0, "model__learning_rate": 0.3, "model__max_depth": 3.8951641190557384, "model__n_estimators": 19.377495080351274, "model__reg_lambda": 0.0}, "datetime": {"datetime": "2021-03-26 10:23:23", "elapsed": 267.565513, "delta": 2.513824}}
{"target": -1.2767470738317386, "params": {"model__colsample_bylevel": 1.0, "model__colsample_bynode": 0.3, "model__colsample_bytree": 1.0, "model__learning_rate": 0.3, "model__max_depth": 4.152798962911155, "model__n_estimators": 16.800103202993434, "model__reg_lambda": 1.7939192438450147}, "datetime": {"datetime": "2021-03-26 10:23:25", "elapsed": 269.757113, "delta": 2.1916}}
{"target": -1.3420071609588204, "params": {"model__colsample_bylevel": 1.0, "model__colsample_bynode": 1.0, "model__colsample_bytree": 1.0, "model__learning_rate": 0.3, "model__max_depth": 8.0, "model__n_estimators": 16.30575476704474, "model__reg_lambda": 4.326297692250516}, "datetime": {"datetime": "2021-03-26 10:23:27", "elapsed": 272.408249, "delta": 2.651136}}
{"target": -1.2369049744484812, "params": {"model__colsample_bylevel": 1.0, "model__colsample_bynode": 1.0, "model__colsample_bytree": 0.3, "model__learning_rate": 0.3, "model__max_depth": 5.297592253049123, "model__n_estimators": 30.0, "model__reg_lambda": 3.0812693332090793}, "datetime": {"datetime": "2021-03-26 10:23:30", "elapsed": 274.546492, "delta": 2.138243}}
{"target": -1.2789750036405587, "params": {"model__colsample_bylevel": 0.3, "model__colsample_bynode": 0.3, "model__colsample_bytree": 1.0, "model__learning_rate": 0.3, "model__max_depth": 6.593816560879883, "model__n_estimators": 25.468069562594355, "model__reg_lambda": 5.224045810446747}, "datetime": {"datetime": "2021-03-26 10:23:32", "elapsed": 276.628767, "delta": 2.082275}}
{"target": -1.2882935856536464, "params": {"model__colsample_bylevel": 0.3, "model__colsample_bynode": 1.0, "model__colsample_bytree": 0.3, "model__learning_rate": 0.3, "model__max_depth": 4.40973462384313, "model__n_estimators": 27.89017719483496, "model__reg_lambda": 7.418758594737984}, "datetime": {"datetime": "2021-03-26 10:23:34", "elapsed": 278.656717, "delta": 2.02795}}
{"target": -1.290311342008088, "params": {"model__colsample_bylevel": 1.0, "model__colsample_bynode": 1.0, "model__colsample_bytree": 1.0, "model__learning_rate": 0.3, "model__max_depth": 8.0, "model__n_estimators": 28.875864288247367, "model__reg_lambda": 10.0}, "datetime": {"datetime": "2021-03-26 10:23:37", "elapsed": 281.687775, "delta": 3.031058}}
{"target": -1.214064124794137, "params": {"model__colsample_bylevel": 1.0, "model__colsample_bynode": 0.3, "model__colsample_bytree": 0.3, "model__learning_rate": 0.3, "model__max_depth": 2.0, "model__n_estimators": 27.752621936884655, "model__reg_lambda": 0.0}, "datetime": {"datetime": "2021-03-26 10:23:39", "elapsed": 283.65805, "delta": 1.970275}}
{"target": -1.2791801123744875, "params": {"model__colsample_bylevel": 1.0, "model__colsample_bynode": 0.3, "model__colsample_bytree": 1.0, "model__learning_rate": 0.3, "model__max_depth": 4.496572248734556, "model__n_estimators": 19.593847094454677, "model__reg_lambda": 3.289743441319987}, "datetime": {"datetime": "2021-03-26 10:23:41", "elapsed": 285.650028, "delta": 1.991978}}
{"target": -1.3594097091748876, "params": {"model__colsample_bylevel": 0.3, "model__colsample_bynode": 1.0, "model__colsample_bytree": 0.3, "model__learning_rate": 0.3, "model__max_depth": 8.0, "model__n_estimators": 21.98886979856565, "model__reg_lambda": 10.0}, "datetime": {"datetime": "2021-03-26 10:23:43", "elapsed": 287.747983, "delta": 2.097955}}
{"target": -1.2449891004900355, "params": {"model__colsample_bylevel": 1.0, "model__colsample_bynode": 0.3, "model__colsample_bytree": 1.0, "model__learning_rate": 0.3, "model__max_depth": 2.0, "model__n_estimators": 20.64531524126594, "model__reg_lambda": 1.5577578827565293}, "datetime": {"datetime": "2021-03-26 10:23:44", "elapsed": 289.285405, "delta": 1.537422}}
{"target": -1.3620972481434759, "params": {"model__colsample_bylevel": 0.3, "model__colsample_bynode": 1.0, "model__colsample_bytree": 0.3, "model__learning_rate": 0.3, "model__max_depth": 4.179074211756895, "model__n_estimators": 21.339254086440892, "model__reg_lambda": 8.431624351663359}, "datetime": {"datetime": "2021-03-26 10:23:46", "elapsed": 291.208683, "delta": 1.923278}}
{"target": -1.2435449683897035, "params": {"model__colsample_bylevel": 0.3, "model__colsample_bynode": 1.0, "model__colsample_bytree": 1.0, "model__learning_rate": 0.3, "model__max_depth": 8.0, "model__n_estimators": 30.0, "model__reg_lambda": 4.051624225280109}, "datetime": {"datetime": "2021-03-26 10:23:48", "elapsed": 293.135967, "delta": 1.927284}}
{"target": -1.42986400032389, "params": {"model__colsample_bylevel": 0.3, "model__colsample_bynode": 0.3, "model__colsample_bytree": 0.3, "model__learning_rate": 0.3, "model__max_depth": 2.0, "model__n_estimators": 28.474942880414225, "model__reg_lambda": 10.0}, "datetime": {"datetime": "2021-03-26 10:23:50", "elapsed": 295.157842, "delta": 2.021875}}
{"target": -1.3377272553390998, "params": {"model__colsample_bylevel": 0.3, "model__colsample_bynode": 0.3, "model__colsample_bytree": 1.0, "model__learning_rate": 0.3, "model__max_depth": 8.0, "model__n_estimators": 15.0, "model__reg_lambda": 3.577604955108055}, "datetime": {"datetime": "2021-03-26 10:23:52", "elapsed": 296.762583, "delta": 1.604741}}
{"target": -1.2787825847665466, "params": {"model__colsample_bylevel": 0.3, "model__colsample_bynode": 1.0, "model__colsample_bytree": 0.3, "model__learning_rate": 0.3, "model__max_depth": 6.798608190298834, "model__n_estimators": 29.022734449289384, "model__reg_lambda": 4.235485668733659}, "datetime": {"datetime": "2021-03-26 10:23:54", "elapsed": 298.590246, "delta": 1.827663}}
{"target": -1.3005117884958568, "params": {"model__colsample_bylevel": 1.0, "model__colsample_bynode": 1.0, "model__colsample_bytree": 1.0, "model__learning_rate": 0.3, "model__max_depth": 2.0, "model__n_estimators": 25.19566992188505, "model__reg_lambda": 6.771454633659507}, "datetime": {"datetime": "2021-03-26 10:23:56", "elapsed": 300.932516, "delta": 2.34227}}
{"target": -1.335518266395598, "params": {"model__colsample_bylevel": 0.3, "model__colsample_bynode": 0.3, "model__colsample_bytree": 1.0, "model__learning_rate": 0.3, "model__max_depth": 2.0, "model__n_estimators": 23.386234603516723, "model__reg_lambda": 5.545450311285213}, "datetime": {"datetime": "2021-03-26 10:23:58", "elapsed": 302.934181, "delta": 2.001665}}
{"target": -1.2435509654237769, "params": {"model__colsample_bylevel": 0.3, "model__colsample_bynode": 1.0, "model__colsample_bytree": 0.3, "model__learning_rate": 0.3, "model__max_depth": 6.702147272208406, "model__n_estimators": 27.562309459637834, "model__reg_lambda": 0.9509707723969413}, "datetime": {"datetime": "2021-03-26 10:24:00", "elapsed": 304.746412, "delta": 1.812231}}
{"target": -1.3830926565075479, "params": {"model__colsample_bylevel": 0.3, "model__colsample_bynode": 1.0, "model__colsample_bytree": 1.0, "model__learning_rate": 0.3, "model__max_depth": 6.242034440929778, "model__n_estimators": 15.0, "model__reg_lambda": 7.822705912893965}, "datetime": {"datetime": "2021-03-26 10:24:02", "elapsed": 306.83884, "delta": 2.092428}}
{"target": -1.3418581404223822, "params": {"model__colsample_bylevel": 1.0, "model__colsample_bynode": 1.0, "model__colsample_bytree": 1.0, "model__learning_rate": 0.3, "model__max_depth": 2.0, "model__n_estimators": 23.90960071773174, "model__reg_lambda": 10.0}, "datetime": {"datetime": "2021-03-26 10:24:04", "elapsed": 309.193696, "delta": 2.354856}}
{"target": -1.2984697050178775, "params": {"model__colsample_bylevel": 0.3, "model__colsample_bynode": 0.3, "model__colsample_bytree": 1.0, "model__learning_rate": 0.3, "model__max_depth": 8.0, "model__n_estimators": 21.297899879017933, "model__reg_lambda": 0.0}, "datetime": {"datetime": "2021-03-26 10:24:06", "elapsed": 310.981317, "delta": 1.787621}}
{"target": -1.2404742064902667, "params": {"model__colsample_bylevel": 0.9905650934640624, "model__colsample_bynode": 0.3, "model__colsample_bytree": 1.0, "model__learning_rate": 0.3, "model__max_depth": 4.871294207857002, "model__n_estimators": 25.92230455800379, "model__reg_lambda": 1.8203986931937994}, "datetime": {"datetime": "2021-03-26 10:24:08", "elapsed": 313.400354, "delta": 2.419037}}
{"target": -1.2356779615759201, "params": {"model__colsample_bylevel": 0.3, "model__colsample_bynode": 0.3, "model__colsample_bytree": 1.0, "model__learning_rate": 0.3, "model__max_depth": 5.641393711083754, "model__n_estimators": 30.0, "model__reg_lambda": 7.265612085912083}, "datetime": {"datetime": "2021-03-26 10:24:10", "elapsed": 315.2775, "delta": 1.877146}}
{"target": -1.256831070241532, "params": {"model__colsample_bylevel": 1.0, "model__colsample_bynode": 1.0, "model__colsample_bytree": 0.3, "model__learning_rate": 0.3, "model__max_depth": 4.9143138899299945, "model__n_estimators": 24.353557110553847, "model__reg_lambda": 0.6973783370287817}, "datetime": {"datetime": "2021-03-26 10:24:12", "elapsed": 317.259011, "delta": 1.981511}}
{"target": -1.2778061810084549, "params": {"model__colsample_bylevel": 0.3, "model__colsample_bynode": 0.3, "model__colsample_bytree": 1.0, "model__learning_rate": 0.3, "model__max_depth": 8.0, "model__n_estimators": 26.737469155663067, "model__reg_lambda": 10.0}, "datetime": {"datetime": "2021-03-26 10:24:14", "elapsed": 319.180913, "delta": 1.921902}}
{"target": -1.2973753488079336, "params": {"model__colsample_bylevel": 1.0, "model__colsample_bynode": 0.3, "model__colsample_bytree": 1.0, "model__learning_rate": 0.3, "model__max_depth": 6.238125666468324, "model__n_estimators": 16.109338636821338, "model__reg_lambda": 0.0}, "datetime": {"datetime": "2021-03-26 10:24:16", "elapsed": 321.288577, "delta": 2.107664}}
{"target": -1.234496533025758, "params": {"model__colsample_bylevel": 0.3, "model__colsample_bynode": 1.0, "model__colsample_bytree": 0.3, "model__learning_rate": 0.3, "model__max_depth": 4.269614257816161, "model__n_estimators": 30.0, "model__reg_lambda": 1.8664980632915087}, "datetime": {"datetime": "2021-03-26 10:24:18", "elapsed": 323.379653, "delta": 2.091076}}
{"target": -1.2064282295921738, "params": {"model__colsample_bylevel": 0.3, "model__colsample_bynode": 1.0, "model__colsample_bytree": 0.3, "model__learning_rate": 0.3, "model__max_depth": 4.337802490001088, "model__n_estimators": 29.867286341431296, "model__reg_lambda": 0.0}, "datetime": {"datetime": "2021-03-26 10:24:20", "elapsed": 325.350618, "delta": 1.970965}}
{"target": -1.2650325100437023, "params": {"model__colsample_bylevel": 1.0, "model__colsample_bynode": 1.0, "model__colsample_bytree": 0.3, "model__learning_rate": 0.3, "model__max_depth": 5.086476527260103, "model__n_estimators": 30.0, "model__reg_lambda": 7.26156951796172}, "datetime": {"datetime": "2021-03-26 10:24:23", "elapsed": 327.610045, "delta": 2.259427}}
{"target": -1.198009317774879, "params": {"model__colsample_bylevel": 1.0, "model__colsample_bynode": 0.3, "model__colsample_bytree": 1.0, "model__learning_rate": 0.3, "model__max_depth": 3.183817264472306, "model__n_estimators": 22.53009571655301, "model__reg_lambda": 0.36102582061719307}, "datetime": {"datetime": "2021-03-26 10:24:25", "elapsed": 329.981969, "delta": 2.371924}}
