{"target": -1.4095187521553125, "params": {"model__colsample_bylevel": 0.3, "model__colsample_bynode": 0.3, "model__colsample_bytree": 1.0, "model__learning_rate": 0.3, "model__max_depth": 2.0, "model__n_estimators": 29.0, "model__reg_lambda": 0.0}, "datetime": {"datetime": "2021-03-26 21:38:28", "elapsed": 0.0, "delta": 0.0}}
{"target": -1.3583435892377156, "params": {"model__colsample_bylevel": 1.0, "model__colsample_bynode": 1.0, "model__colsample_bytree": 0.3, "model__learning_rate": 0.3, "model__max_depth": 7.0, "model__n_estimators": 26.0, "model__reg_lambda": 0.0}, "datetime": {"datetime": "2021-03-26 21:38:28", "elapsed": 0.1464, "delta": 0.1464}}
{"target": -1.2561750015797284, "params": {"model__colsample_bylevel": 0.3, "model__colsample_bynode": 1.0, "model__colsample_bytree": 1.0, "model__learning_rate": 0.3, "model__max_depth": 2.0, "model__n_estimators": 30.0, "model__reg_lambda": 0.0}, "datetime": {"datetime": "2021-03-26 21:38:29", "elapsed": 0.259144, "delta": 0.112744}}
{"target": -1.3557110627438278, "params": {"model__colsample_bylevel": 1.0, "model__colsample_bynode": 0.3, "model__colsample_bytree": 0.3, "model__learning_rate": 0.3, "model__max_depth": 4.0, "model__n_estimators": 30.0, "model__reg_lambda": 0.0}, "datetime": {"datetime": "2021-03-26 21:38:29", "elapsed": 0.35602, "delta": 0.096876}}
{"target": -1.2881589297232203, "params": {"model__colsample_bylevel": 1.0, "model__colsample_bynode": 1.0, "model__colsample_bytree": 0.3, "model__learning_rate": 0.3, "model__max_depth": 2.0, "model__n_estimators": 29.0, "model__reg_lambda": 0.0}, "datetime": {"datetime": "2021-03-26 21:38:29", "elapsed": 0.459183, "delta": 0.103163}}
{"target": -1.2881589297232203, "params": {"model__colsample_bylevel": 1.0, "model__colsample_bynode": 1.0, "model__colsample_bytree": 0.3, "model__learning_rate": 0.3, "model__max_depth": 2.0, "model__n_estimators": 29.0, "model__reg_lambda": 0.0}, "datetime": {"datetime": "2021-03-26 21:38:29", "elapsed": 0.459452, "delta": 0.000269}}
{"target": -1.2881589297232203, "params": {"model__colsample_bylevel": 1.0, "model__colsample_bynode": 1.0, "model__colsample_bytree": 0.3, "model__learning_rate": 0.3, "model__max_depth": 2.0, "model__n_estimators": 29.0, "model__reg_lambda": 0.0}, "datetime": {"datetime": "2021-03-26 21:38:29", "elapsed": 0.459633, "delta": 0.000181}}
{"target": -1.2953049841242423, "params": {"model__colsample_bylevel": 1.0, "model__colsample_bynode": 1.0, "model__colsample_bytree": 0.3, "model__learning_rate": 0.3, "model__max_depth": 5.0, "model__n_estimators": 30.0, "model__reg_lambda": 1.3969582260721904}, "datetime": {"datetime": "2021-03-26 21:38:29", "elapsed": 0.604892, "delta": 0.145259}}
{"target": -1.2953049841242423, "params": {"model__colsample_bylevel": 1.0, "model__colsample_bynode": 1.0, "model__colsample_bytree": 0.3, "model__learning_rate": 0.3, "model__max_depth": 5.0, "model__n_estimators": 30.0, "model__reg_lambda": 1.3969582260721904}, "datetime": {"datetime": "2021-03-26 21:38:29", "elapsed": 0.605172, "delta": 0.00028}}
{"target": -1.2953049841242423, "params": {"model__colsample_bylevel": 1.0, "model__colsample_bynode": 1.0, "model__colsample_bytree": 0.3, "model__learning_rate": 0.3, "model__max_depth": 5.0, "model__n_estimators": 30.0, "model__reg_lambda": 1.3969582260721904}, "datetime": {"datetime": "2021-03-26 21:38:29", "elapsed": 0.606917, "delta": 0.001745}}
{"target": -1.3578169209153754, "params": {"model__colsample_bylevel": 0.3079362334176096, "model__colsample_bynode": 0.8971823838547848, "model__colsample_bytree": 0.40250528177435396, "model__learning_rate": 0.27962972600551395, "model__max_depth": 8.0, "model__n_estimators": 29.0, "model__reg_lambda": 1.1060522447128518}, "datetime": {"datetime": "2021-03-26 21:38:29", "elapsed": 0.717246, "delta": 0.110329}}
{"target": -1.3869331372490126, "params": {"model__colsample_bylevel": 1.0, "model__colsample_bynode": 1.0, "model__colsample_bytree": 0.3, "model__learning_rate": 0.3, "model__max_depth": 6.0, "model__n_estimators": 30.0, "model__reg_lambda": 0.0}, "datetime": {"datetime": "2021-03-26 21:38:29", "elapsed": 0.869753, "delta": 0.152507}}
{"target": -1.2731626024408995, "params": {"model__colsample_bylevel": 1.0, "model__colsample_bynode": 0.3, "model__colsample_bytree": 1.0, "model__learning_rate": 0.3, "model__max_depth": 3.0, "model__n_estimators": 27.0, "model__reg_lambda": 0.0}, "datetime": {"datetime": "2021-03-26 21:38:29", "elapsed": 0.982388, "delta": 0.112635}}
{"target": -1.2594976018479878, "params": {"model__colsample_bylevel": 0.6340772589827341, "model__colsample_bynode": 0.9178072915752025, "model__colsample_bytree": 0.46504609626335935, "model__learning_rate": 0.27216852125589686, "model__max_depth": 3.0, "model__n_estimators": 27.0, "model__reg_lambda": 0.012309314600569277}, "datetime": {"datetime": "2021-03-26 21:38:29", "elapsed": 1.102806, "delta": 0.120418}}
{"target": -1.2594976018479878, "params": {"model__colsample_bylevel": 0.6340772589827341, "model__colsample_bynode": 0.9178072915752025, "model__colsample_bytree": 0.46504609626335935, "model__learning_rate": 0.27216852125589686, "model__max_depth": 3.0, "model__n_estimators": 27.0, "model__reg_lambda": 0.012309314600569277}, "datetime": {"datetime": "2021-03-26 21:38:29", "elapsed": 1.103111, "delta": 0.000305}}
{"target": -1.2594976018479878, "params": {"model__colsample_bylevel": 0.6340772589827341, "model__colsample_bynode": 0.9178072915752025, "model__colsample_bytree": 0.46504609626335935, "model__learning_rate": 0.27216852125589686, "model__max_depth": 3.0, "model__n_estimators": 27.0, "model__reg_lambda": 0.012309314600569277}, "datetime": {"datetime": "2021-03-26 21:38:29", "elapsed": 1.103292, "delta": 0.000181}}
{"target": -1.2594976018479878, "params": {"model__colsample_bylevel": 0.6340772589827341, "model__colsample_bynode": 0.9178072915752025, "model__colsample_bytree": 0.46504609626335935, "model__learning_rate": 0.27216852125589686, "model__max_depth": 3.0, "model__n_estimators": 27.0, "model__reg_lambda": 0.012309314600569277}, "datetime": {"datetime": "2021-03-26 21:38:29", "elapsed": 1.10345, "delta": 0.000158}}
{"target": -1.2594976018479878, "params": {"model__colsample_bylevel": 0.6340772589827341, "model__colsample_bynode": 0.9178072915752025, "model__colsample_bytree": 0.46504609626335935, "model__learning_rate": 0.27216852125589686, "model__max_depth": 3.0, "model__n_estimators": 27.0, "model__reg_lambda": 0.012309314600569277}, "datetime": {"datetime": "2021-03-26 21:38:29", "elapsed": 1.103604, "delta": 0.000154}}
{"target": -1.2820357637304434, "params": {"model__colsample_bylevel": 1.0, "model__colsample_bynode": 1.0, "model__colsample_bytree": 0.3, "model__learning_rate": 0.3, "model__max_depth": 2.0, "model__n_estimators": 30.0, "model__reg_lambda": 0.0}, "datetime": {"datetime": "2021-03-26 21:38:30", "elapsed": 1.208073, "delta": 0.104469}}
{"target": -1.2820357637304434, "params": {"model__colsample_bylevel": 1.0, "model__colsample_bynode": 1.0, "model__colsample_bytree": 0.3, "model__learning_rate": 0.3, "model__max_depth": 2.0, "model__n_estimators": 30.0, "model__reg_lambda": 0.0}, "datetime": {"datetime": "2021-03-26 21:38:30", "elapsed": 1.208376, "delta": 0.000303}}
{"target": -1.2820357637304434, "params": {"model__colsample_bylevel": 1.0, "model__colsample_bynode": 1.0, "model__colsample_bytree": 0.3, "model__learning_rate": 0.3, "model__max_depth": 2.0, "model__n_estimators": 30.0, "model__reg_lambda": 0.0}, "datetime": {"datetime": "2021-03-26 21:38:30", "elapsed": 1.208566, "delta": 0.00019}}
{"target": -1.2851823343126023, "params": {"model__colsample_bylevel": 1.0, "model__colsample_bynode": 1.0, "model__colsample_bytree": 0.3, "model__learning_rate": 0.3, "model__max_depth": 3.0, "model__n_estimators": 22.0, "model__reg_lambda": 0.0}, "datetime": {"datetime": "2021-03-26 21:38:30", "elapsed": 1.308544, "delta": 0.099978}}
{"target": -1.3543209834321253, "params": {"model__colsample_bylevel": 0.3, "model__colsample_bynode": 0.3, "model__colsample_bytree": 1.0, "model__learning_rate": 0.3, "model__max_depth": 3.0, "model__n_estimators": 28.0, "model__reg_lambda": 0.0}, "datetime": {"datetime": "2021-03-26 21:38:30", "elapsed": 1.39596, "delta": 0.087416}}
{"target": -1.3543209834321253, "params": {"model__colsample_bylevel": 0.3, "model__colsample_bynode": 0.3, "model__colsample_bytree": 1.0, "model__learning_rate": 0.3, "model__max_depth": 3.0, "model__n_estimators": 28.0, "model__reg_lambda": 0.0}, "datetime": {"datetime": "2021-03-26 21:38:30", "elapsed": 1.39627, "delta": 0.00031}}
{"target": -1.2436857970566422, "params": {"model__colsample_bylevel": 0.3, "model__colsample_bynode": 1.0, "model__colsample_bytree": 1.0, "model__learning_rate": 0.3, "model__max_depth": 8.0, "model__n_estimators": 27.0, "model__reg_lambda": 1.384443015201743}, "datetime": {"datetime": "2021-03-26 21:38:30", "elapsed": 1.543535, "delta": 0.147265}}
{"target": -1.2436857970566422, "params": {"model__colsample_bylevel": 0.3, "model__colsample_bynode": 1.0, "model__colsample_bytree": 1.0, "model__learning_rate": 0.3, "model__max_depth": 8.0, "model__n_estimators": 27.0, "model__reg_lambda": 1.384443015201743}, "datetime": {"datetime": "2021-03-26 21:38:30", "elapsed": 1.543844, "delta": 0.000309}}
{"target": -1.3439169598446379, "params": {"model__colsample_bylevel": 1.0, "model__colsample_bynode": 0.3, "model__colsample_bytree": 0.3, "model__learning_rate": 0.3, "model__max_depth": 3.0, "model__n_estimators": 29.0, "model__reg_lambda": 0.0}, "datetime": {"datetime": "2021-03-26 21:38:30", "elapsed": 1.630921, "delta": 0.087077}}
{"target": -1.3439169598446379, "params": {"model__colsample_bylevel": 1.0, "model__colsample_bynode": 0.3, "model__colsample_bytree": 0.3, "model__learning_rate": 0.3, "model__max_depth": 3.0, "model__n_estimators": 29.0, "model__reg_lambda": 0.0}, "datetime": {"datetime": "2021-03-26 21:38:30", "elapsed": 1.631223, "delta": 0.000302}}
{"target": -1.3439169598446379, "params": {"model__colsample_bylevel": 1.0, "model__colsample_bynode": 0.3, "model__colsample_bytree": 0.3, "model__learning_rate": 0.3, "model__max_depth": 3.0, "model__n_estimators": 29.0, "model__reg_lambda": 0.0}, "datetime": {"datetime": "2021-03-26 21:38:30", "elapsed": 1.631411, "delta": 0.000188}}
{"target": -1.2768782321566148, "params": {"model__colsample_bylevel": 1.0, "model__colsample_bynode": 1.0, "model__colsample_bytree": 0.3, "model__learning_rate": 0.3, "model__max_depth": 3.0, "model__n_estimators": 26.0, "model__reg_lambda": 0.0}, "datetime": {"datetime": "2021-03-26 21:38:30", "elapsed": 1.74036, "delta": 0.108949}}
{"target": -1.2768782321566148, "params": {"model__colsample_bylevel": 1.0, "model__colsample_bynode": 1.0, "model__colsample_bytree": 0.3, "model__learning_rate": 0.3, "model__max_depth": 3.0, "model__n_estimators": 26.0, "model__reg_lambda": 0.0}, "datetime": {"datetime": "2021-03-26 21:38:30", "elapsed": 1.740673, "delta": 0.000313}}
{"target": -1.2768782321566148, "params": {"model__colsample_bylevel": 1.0, "model__colsample_bynode": 1.0, "model__colsample_bytree": 0.3, "model__learning_rate": 0.3, "model__max_depth": 3.0, "model__n_estimators": 26.0, "model__reg_lambda": 0.0}, "datetime": {"datetime": "2021-03-26 21:38:30", "elapsed": 1.74086, "delta": 0.000187}}
{"target": -1.2768782321566148, "params": {"model__colsample_bylevel": 1.0, "model__colsample_bynode": 1.0, "model__colsample_bytree": 0.3, "model__learning_rate": 0.3, "model__max_depth": 3.0, "model__n_estimators": 26.0, "model__reg_lambda": 0.0}, "datetime": {"datetime": "2021-03-26 21:38:30", "elapsed": 1.741028, "delta": 0.000168}}
{"target": -1.2768782321566148, "params": {"model__colsample_bylevel": 1.0, "model__colsample_bynode": 1.0, "model__colsample_bytree": 0.3, "model__learning_rate": 0.3, "model__max_depth": 3.0, "model__n_estimators": 26.0, "model__reg_lambda": 0.0}, "datetime": {"datetime": "2021-03-26 21:38:30", "elapsed": 1.74119, "delta": 0.000162}}
{"target": -1.2768782321566148, "params": {"model__colsample_bylevel": 1.0, "model__colsample_bynode": 1.0, "model__colsample_bytree": 0.3, "model__learning_rate": 0.3, "model__max_depth": 3.0, "model__n_estimators": 26.0, "model__reg_lambda": 0.0}, "datetime": {"datetime": "2021-03-26 21:38:30", "elapsed": 1.741346, "delta": 0.000156}}
{"target": -1.3240512698537845, "params": {"model__colsample_bylevel": 0.3, "model__colsample_bynode": 0.3, "model__colsample_bytree": 1.0, "model__learning_rate": 0.3, "model__max_depth": 3.0, "model__n_estimators": 28.0, "model__reg_lambda": 0.8409089891586309}, "datetime": {"datetime": "2021-03-26 21:38:30", "elapsed": 1.828667, "delta": 0.087321}}
{"target": -1.3240512698537845, "params": {"model__colsample_bylevel": 0.3, "model__colsample_bynode": 0.3, "model__colsample_bytree": 1.0, "model__learning_rate": 0.3, "model__max_depth": 3.0, "model__n_estimators": 28.0, "model__reg_lambda": 0.8409089891586309}, "datetime": {"datetime": "2021-03-26 21:38:30", "elapsed": 1.828972, "delta": 0.000305}}
{"target": -1.3406296655333236, "params": {"model__colsample_bylevel": 0.3, "model__colsample_bynode": 0.3, "model__colsample_bytree": 1.0, "model__learning_rate": 0.3, "model__max_depth": 4.0, "model__n_estimators": 29.0, "model__reg_lambda": 0.0}, "datetime": {"datetime": "2021-03-26 21:38:30", "elapsed": 1.928238, "delta": 0.099266}}
{"target": -1.2449024944633678, "params": {"model__colsample_bylevel": 1.0, "model__colsample_bynode": 0.3, "model__colsample_bytree": 1.0, "model__learning_rate": 0.3, "model__max_depth": 4.0, "model__n_estimators": 29.0, "model__reg_lambda": 1.0293213706395146}, "datetime": {"datetime": "2021-03-26 21:38:30", "elapsed": 2.061525, "delta": 0.133287}}
{"target": -1.2449024944633678, "params": {"model__colsample_bylevel": 1.0, "model__colsample_bynode": 0.3, "model__colsample_bytree": 1.0, "model__learning_rate": 0.3, "model__max_depth": 4.0, "model__n_estimators": 29.0, "model__reg_lambda": 1.0293213706395146}, "datetime": {"datetime": "2021-03-26 21:38:30", "elapsed": 2.061866, "delta": 0.000341}}
{"target": -1.2449024944633678, "params": {"model__colsample_bylevel": 1.0, "model__colsample_bynode": 0.3, "model__colsample_bytree": 1.0, "model__learning_rate": 0.3, "model__max_depth": 4.0, "model__n_estimators": 29.0, "model__reg_lambda": 1.0293213706395146}, "datetime": {"datetime": "2021-03-26 21:38:30", "elapsed": 2.062059, "delta": 0.000193}}
{"target": -1.2449024944633678, "params": {"model__colsample_bylevel": 1.0, "model__colsample_bynode": 0.3, "model__colsample_bytree": 1.0, "model__learning_rate": 0.3, "model__max_depth": 4.0, "model__n_estimators": 29.0, "model__reg_lambda": 1.0293213706395146}, "datetime": {"datetime": "2021-03-26 21:38:30", "elapsed": 2.062236, "delta": 0.000177}}
{"target": -1.2449024944633678, "params": {"model__colsample_bylevel": 1.0, "model__colsample_bynode": 0.3, "model__colsample_bytree": 1.0, "model__learning_rate": 0.3, "model__max_depth": 4.0, "model__n_estimators": 29.0, "model__reg_lambda": 1.0293213706395146}, "datetime": {"datetime": "2021-03-26 21:38:30", "elapsed": 2.062404, "delta": 0.000168}}
{"target": -1.2449024944633678, "params": {"model__colsample_bylevel": 1.0, "model__colsample_bynode": 0.3, "model__colsample_bytree": 1.0, "model__learning_rate": 0.3, "model__max_depth": 4.0, "model__n_estimators": 29.0, "model__reg_lambda": 1.0293213706395146}, "datetime": {"datetime": "2021-03-26 21:38:30", "elapsed": 2.062587, "delta": 0.000183}}
{"target": -1.2449024944633678, "params": {"model__colsample_bylevel": 1.0, "model__colsample_bynode": 0.3, "model__colsample_bytree": 1.0, "model__learning_rate": 0.3, "model__max_depth": 4.0, "model__n_estimators": 29.0, "model__reg_lambda": 1.0293213706395146}, "datetime": {"datetime": "2021-03-26 21:38:30", "elapsed": 2.062774, "delta": 0.000187}}
{"target": -1.2449024944633678, "params": {"model__colsample_bylevel": 1.0, "model__colsample_bynode": 0.3, "model__colsample_bytree": 1.0, "model__learning_rate": 0.3, "model__max_depth": 4.0, "model__n_estimators": 29.0, "model__reg_lambda": 1.0293213706395146}, "datetime": {"datetime": "2021-03-26 21:38:30", "elapsed": 2.062939, "delta": 0.000165}}
{"target": -1.2551256610384294, "params": {"model__colsample_bylevel": 1.0, "model__colsample_bynode": 0.3, "model__colsample_bytree": 1.0, "model__learning_rate": 0.3, "model__max_depth": 5.0, "model__n_estimators": 28.0, "model__reg_lambda": 0.0}, "datetime": {"datetime": "2021-03-26 21:38:31", "elapsed": 2.196452, "delta": 0.133513}}
{"target": -1.2551256610384294, "params": {"model__colsample_bylevel": 1.0, "model__colsample_bynode": 0.3, "model__colsample_bytree": 1.0, "model__learning_rate": 0.3, "model__max_depth": 5.0, "model__n_estimators": 28.0, "model__reg_lambda": 0.0}, "datetime": {"datetime": "2021-03-26 21:38:31", "elapsed": 2.196805, "delta": 0.000353}}
{"target": -1.2551256610384294, "params": {"model__colsample_bylevel": 1.0, "model__colsample_bynode": 0.3, "model__colsample_bytree": 1.0, "model__learning_rate": 0.3, "model__max_depth": 5.0, "model__n_estimators": 28.0, "model__reg_lambda": 0.0}, "datetime": {"datetime": "2021-03-26 21:38:31", "elapsed": 2.197001, "delta": 0.000196}}
{"target": -1.2551256610384294, "params": {"model__colsample_bylevel": 1.0, "model__colsample_bynode": 0.3, "model__colsample_bytree": 1.0, "model__learning_rate": 0.3, "model__max_depth": 5.0, "model__n_estimators": 28.0, "model__reg_lambda": 0.0}, "datetime": {"datetime": "2021-03-26 21:38:31", "elapsed": 2.197178, "delta": 0.000177}}
{"target": -1.2551256610384294, "params": {"model__colsample_bylevel": 1.0, "model__colsample_bynode": 0.3, "model__colsample_bytree": 1.0, "model__learning_rate": 0.3, "model__max_depth": 5.0, "model__n_estimators": 28.0, "model__reg_lambda": 0.0}, "datetime": {"datetime": "2021-03-26 21:38:31", "elapsed": 2.197349, "delta": 0.000171}}
{"target": -1.2551256610384294, "params": {"model__colsample_bylevel": 1.0, "model__colsample_bynode": 0.3, "model__colsample_bytree": 1.0, "model__learning_rate": 0.3, "model__max_depth": 5.0, "model__n_estimators": 28.0, "model__reg_lambda": 0.0}, "datetime": {"datetime": "2021-03-26 21:38:31", "elapsed": 2.197537, "delta": 0.000188}}
{"target": -1.2551256610384294, "params": {"model__colsample_bylevel": 1.0, "model__colsample_bynode": 0.3, "model__colsample_bytree": 1.0, "model__learning_rate": 0.3, "model__max_depth": 5.0, "model__n_estimators": 28.0, "model__reg_lambda": 0.0}, "datetime": {"datetime": "2021-03-26 21:38:31", "elapsed": 2.197733, "delta": 0.000196}}
{"target": -1.2551256610384294, "params": {"model__colsample_bylevel": 1.0, "model__colsample_bynode": 0.3, "model__colsample_bytree": 1.0, "model__learning_rate": 0.3, "model__max_depth": 5.0, "model__n_estimators": 28.0, "model__reg_lambda": 0.0}, "datetime": {"datetime": "2021-03-26 21:38:31", "elapsed": 2.1979, "delta": 0.000167}}
{"target": -1.2551256610384294, "params": {"model__colsample_bylevel": 1.0, "model__colsample_bynode": 0.3, "model__colsample_bytree": 1.0, "model__learning_rate": 0.3, "model__max_depth": 5.0, "model__n_estimators": 28.0, "model__reg_lambda": 0.0}, "datetime": {"datetime": "2021-03-26 21:38:31", "elapsed": 2.198069, "delta": 0.000169}}
{"target": -1.2551256610384294, "params": {"model__colsample_bylevel": 1.0, "model__colsample_bynode": 0.3, "model__colsample_bytree": 1.0, "model__learning_rate": 0.3, "model__max_depth": 5.0, "model__n_estimators": 28.0, "model__reg_lambda": 0.0}, "datetime": {"datetime": "2021-03-26 21:38:31", "elapsed": 2.198232, "delta": 0.000163}}
{"target": -1.2551256610384294, "params": {"model__colsample_bylevel": 1.0, "model__colsample_bynode": 0.3, "model__colsample_bytree": 1.0, "model__learning_rate": 0.3, "model__max_depth": 5.0, "model__n_estimators": 28.0, "model__reg_lambda": 0.0}, "datetime": {"datetime": "2021-03-26 21:38:31", "elapsed": 2.198393, "delta": 0.000161}}
{"target": -1.2551256610384294, "params": {"model__colsample_bylevel": 1.0, "model__colsample_bynode": 0.3, "model__colsample_bytree": 1.0, "model__learning_rate": 0.3, "model__max_depth": 5.0, "model__n_estimators": 28.0, "model__reg_lambda": 0.0}, "datetime": {"datetime": "2021-03-26 21:38:31", "elapsed": 2.198563, "delta": 0.00017}}
{"target": -1.2551256610384294, "params": {"model__colsample_bylevel": 1.0, "model__colsample_bynode": 0.3, "model__colsample_bytree": 1.0, "model__learning_rate": 0.3, "model__max_depth": 5.0, "model__n_estimators": 28.0, "model__reg_lambda": 0.0}, "datetime": {"datetime": "2021-03-26 21:38:31", "elapsed": 2.19873, "delta": 0.000167}}
{"target": -1.2551256610384294, "params": {"model__colsample_bylevel": 1.0, "model__colsample_bynode": 0.3, "model__colsample_bytree": 1.0, "model__learning_rate": 0.3, "model__max_depth": 5.0, "model__n_estimators": 28.0, "model__reg_lambda": 0.0}, "datetime": {"datetime": "2021-03-26 21:38:31", "elapsed": 2.198901, "delta": 0.000171}}
{"target": -1.3503842827445571, "params": {"model__colsample_bylevel": 0.3, "model__colsample_bynode": 0.3, "model__colsample_bytree": 1.0, "model__learning_rate": 0.3, "model__max_depth": 3.0, "model__n_estimators": 30.0, "model__reg_lambda": 0.0}, "datetime": {"datetime": "2021-03-26 21:38:31", "elapsed": 2.286266, "delta": 0.087365}}
{"target": -1.3503842827445571, "params": {"model__colsample_bylevel": 0.3, "model__colsample_bynode": 0.3, "model__colsample_bytree": 1.0, "model__learning_rate": 0.3, "model__max_depth": 3.0, "model__n_estimators": 30.0, "model__reg_lambda": 0.0}, "datetime": {"datetime": "2021-03-26 21:38:31", "elapsed": 2.286673, "delta": 0.000407}}
