{"target": -1.3233298289684066, "params": {"model__colsample_bylevel": 1.0, "model__colsample_bynode": 1.0, "model__colsample_bytree": 1.0, "model__learning_rate": 0.3, "model__max_depth": 8.0, "model__n_estimators": 22.506873744773205, "model__reg_lambda": 10.0}, "datetime": {"datetime": "2021-03-26 21:38:49", "elapsed": 20.182514, "delta": 1.69009}}
{"target": -1.2659898322200456, "params": {"model__colsample_bylevel": 1.0, "model__colsample_bynode": 0.3, "model__colsample_bytree": 1.0, "model__learning_rate": 0.3, "model__max_depth": 4.7534597544946635, "model__n_estimators": 20.785862279039538, "model__reg_lambda": 0.0}, "datetime": {"datetime": "2021-03-26 21:38:50", "elapsed": 21.770172, "delta": 1.587658}}
{"target": -1.3539754279335772, "params": {"model__colsample_bylevel": 1.0, "model__colsample_bynode": 0.3, "model__colsample_bytree": 1.0, "model__learning_rate": 0.3, "model__max_depth": 2.0, "model__n_estimators": 15.0, "model__reg_lambda": 0.0}, "datetime": {"datetime": "2021-03-26 21:38:51", "elapsed": 23.093528, "delta": 1.323356}}
{"target": -1.318180191627555, "params": {"model__colsample_bylevel": 1.0, "model__colsample_bynode": 1.0, "model__colsample_bytree": 1.0, "model__learning_rate": 0.3, "model__max_depth": 2.0, "model__n_estimators": 30.0, "model__reg_lambda": 4.144294566219356}, "datetime": {"datetime": "2021-03-26 21:38:53", "elapsed": 24.551368, "delta": 1.45784}}
{"target": -1.4391158450529846, "params": {"model__colsample_bylevel": 0.3, "model__colsample_bynode": 0.3, "model__colsample_bytree": 1.0, "model__learning_rate": 0.3, "model__max_depth": 8.0, "model__n_estimators": 15.0, "model__reg_lambda": 0.7964569018680778}, "datetime": {"datetime": "2021-03-26 21:38:54", "elapsed": 25.802366, "delta": 1.250998}}
{"target": -1.3574273664342322, "params": {"model__colsample_bylevel": 1.0, "model__colsample_bynode": 1.0, "model__colsample_bytree": 1.0, "model__learning_rate": 0.3, "model__max_depth": 4.4143317897944305, "model__n_estimators": 17.153084551068964, "model__reg_lambda": 0.0}, "datetime": {"datetime": "2021-03-26 21:38:56", "elapsed": 27.241658, "delta": 1.439292}}
{"target": -1.2918227407082483, "params": {"model__colsample_bylevel": 1.0, "model__colsample_bynode": 1.0, "model__colsample_bytree": 1.0, "model__learning_rate": 0.3, "model__max_depth": 5.058788470485579, "model__n_estimators": 30.0, "model__reg_lambda": 10.0}, "datetime": {"datetime": "2021-03-26 21:38:57", "elapsed": 29.063765, "delta": 1.822107}}
{"target": -1.2951254951538167, "params": {"model__colsample_bylevel": 1.0, "model__colsample_bynode": 1.0, "model__colsample_bytree": 1.0, "model__learning_rate": 0.3, "model__max_depth": 8.0, "model__n_estimators": 30.0, "model__reg_lambda": 6.340640042442021}, "datetime": {"datetime": "2021-03-26 21:38:59", "elapsed": 30.778515, "delta": 1.71475}}
{"target": -1.2766476492006062, "params": {"model__colsample_bylevel": 0.3, "model__colsample_bynode": 1.0, "model__colsample_bytree": 1.0, "model__learning_rate": 0.3, "model__max_depth": 4.291407010618352, "model__n_estimators": 22.766307509889504, "model__reg_lambda": 8.48312922708453}, "datetime": {"datetime": "2021-03-26 21:39:00", "elapsed": 32.133879, "delta": 1.355364}}
{"target": -1.3037601577779414, "params": {"model__colsample_bylevel": 1.0, "model__colsample_bynode": 1.0, "model__colsample_bytree": 1.0, "model__learning_rate": 0.3, "model__max_depth": 8.0, "model__n_estimators": 25.582209640522407, "model__reg_lambda": 6.135143160463807}, "datetime": {"datetime": "2021-03-26 21:39:02", "elapsed": 33.805206, "delta": 1.671327}}
{"target": -1.2942237194937964, "params": {"model__colsample_bylevel": 1.0, "model__colsample_bynode": 1.0, "model__colsample_bytree": 1.0, "model__learning_rate": 0.3, "model__max_depth": 4.369568851277701, "model__n_estimators": 21.887506783768604, "model__reg_lambda": 1.9466860547634026}, "datetime": {"datetime": "2021-03-26 21:39:04", "elapsed": 35.335496, "delta": 1.53029}}
{"target": -1.5441392369244409, "params": {"model__colsample_bylevel": 0.3, "model__colsample_bynode": 0.3, "model__colsample_bytree": 1.0, "model__learning_rate": 0.3, "model__max_depth": 4.714124592428081, "model__n_estimators": 15.0, "model__reg_lambda": 10.0}, "datetime": {"datetime": "2021-03-26 21:39:05", "elapsed": 36.629844, "delta": 1.294348}}
{"target": -1.4435785512385917, "params": {"model__colsample_bylevel": 1.0, "model__colsample_bynode": 1.0, "model__colsample_bytree": 0.3, "model__learning_rate": 0.3, "model__max_depth": 8.0, "model__n_estimators": 15.0, "model__reg_lambda": 0.0}, "datetime": {"datetime": "2021-03-26 21:39:07", "elapsed": 38.278766, "delta": 1.648922}}
{"target": -1.3185076810223846, "params": {"model__colsample_bylevel": 0.3, "model__colsample_bynode": 1.0, "model__colsample_bytree": 1.0, "model__learning_rate": 0.3, "model__max_depth": 8.0, "model__n_estimators": 20.522668336913767, "model__reg_lambda": 0.0}, "datetime": {"datetime": "2021-03-26 21:39:08", "elapsed": 39.848325, "delta": 1.569559}}
{"target": -1.338658481946998, "params": {"model__colsample_bylevel": 1.0, "model__colsample_bynode": 1.0, "model__colsample_bytree": 1.0, "model__learning_rate": 0.3, "model__max_depth": 5.513885843981378, "model__n_estimators": 15.0, "model__reg_lambda": 5.680258690057114}, "datetime": {"datetime": "2021-03-26 21:39:10", "elapsed": 41.534481, "delta": 1.686156}}
{"target": -1.3760525945628035, "params": {"model__colsample_bylevel": 0.3, "model__colsample_bynode": 0.3, "model__colsample_bytree": 1.0, "model__learning_rate": 0.3, "model__max_depth": 8.0, "model__n_estimators": 20.116665145087193, "model__reg_lambda": 2.5435129788739474}, "datetime": {"datetime": "2021-03-26 21:39:12", "elapsed": 43.281753, "delta": 1.747272}}
{"target": -1.3322152100611424, "params": {"model__colsample_bylevel": 1.0, "model__colsample_bynode": 1.0, "model__colsample_bytree": 1.0, "model__learning_rate": 0.3, "model__max_depth": 4.272846740144695, "model__n_estimators": 20.469059300856667, "model__reg_lambda": 10.0}, "datetime": {"datetime": "2021-03-26 21:39:13", "elapsed": 44.749065, "delta": 1.467312}}
{"target": -1.2570856081969715, "params": {"model__colsample_bylevel": 1.0, "model__colsample_bynode": 0.3, "model__colsample_bytree": 1.0, "model__learning_rate": 0.3, "model__max_depth": 4.820898527657274, "model__n_estimators": 22.168471150592218, "model__reg_lambda": 6.488960413007364}, "datetime": {"datetime": "2021-03-26 21:39:15", "elapsed": 46.337024, "delta": 1.587959}}
{"target": -1.3453812565222598, "params": {"model__colsample_bylevel": 0.3, "model__colsample_bynode": 1.0, "model__colsample_bytree": 1.0, "model__learning_rate": 0.3, "model__max_depth": 2.0, "model__n_estimators": 22.756323219740395, "model__reg_lambda": 6.889126337220183}, "datetime": {"datetime": "2021-03-26 21:39:16", "elapsed": 47.889559, "delta": 1.552535}}
{"target": -1.3932963308918735, "params": {"model__colsample_bylevel": 0.3, "model__colsample_bynode": 0.3, "model__colsample_bytree": 0.3, "model__learning_rate": 0.3, "model__max_depth": 4.154912795869544, "model__n_estimators": 30.0, "model__reg_lambda": 8.717136367788585}, "datetime": {"datetime": "2021-03-26 21:39:18", "elapsed": 49.424147, "delta": 1.534588}}
{"target": -1.3449581430496083, "params": {"model__colsample_bylevel": 1.0, "model__colsample_bynode": 1.0, "model__colsample_bytree": 1.0, "model__learning_rate": 0.3, "model__max_depth": 8.0, "model__n_estimators": 18.620565122226502, "model__reg_lambda": 10.0}, "datetime": {"datetime": "2021-03-26 21:39:19", "elapsed": 50.937466, "delta": 1.513319}}
{"target": -1.2380321674764265, "params": {"model__colsample_bylevel": 0.3, "model__colsample_bynode": 1.0, "model__colsample_bytree": 1.0, "model__learning_rate": 0.3, "model__max_depth": 6.3635809693850485, "model__n_estimators": 29.134780246961263, "model__reg_lambda": 4.69530472113701}, "datetime": {"datetime": "2021-03-26 21:39:21", "elapsed": 52.686976, "delta": 1.74951}}
{"target": -1.2586875790797607, "params": {"model__colsample_bylevel": 1.0, "model__colsample_bynode": 0.3, "model__colsample_bytree": 1.0, "model__learning_rate": 0.3, "model__max_depth": 8.0, "model__n_estimators": 30.0, "model__reg_lambda": 10.0}, "datetime": {"datetime": "2021-03-26 21:39:23", "elapsed": 54.350248, "delta": 1.663272}}
{"target": -1.4259786154264988, "params": {"model__colsample_bylevel": 1.0, "model__colsample_bynode": 0.3, "model__colsample_bytree": 0.3, "model__learning_rate": 0.3, "model__max_depth": 8.0, "model__n_estimators": 27.36710736913156, "model__reg_lambda": 10.0}, "datetime": {"datetime": "2021-03-26 21:39:24", "elapsed": 55.759611, "delta": 1.409363}}
{"target": -1.2172381581839824, "params": {"model__colsample_bylevel": 1.0, "model__colsample_bynode": 0.3, "model__colsample_bytree": 1.0, "model__learning_rate": 0.3, "model__max_depth": 8.0, "model__n_estimators": 30.0, "model__reg_lambda": 1.7432795716139151}, "datetime": {"datetime": "2021-03-26 21:39:26", "elapsed": 57.350087, "delta": 1.590476}}
{"target": -1.2777625116857065, "params": {"model__colsample_bylevel": 1.0, "model__colsample_bynode": 0.3, "model__colsample_bytree": 1.0, "model__learning_rate": 0.3, "model__max_depth": 8.0, "model__n_estimators": 15.0, "model__reg_lambda": 3.2650689025319517}, "datetime": {"datetime": "2021-03-26 21:39:27", "elapsed": 58.978374, "delta": 1.628287}}
{"target": -1.3349672495880152, "params": {"model__colsample_bylevel": 1.0, "model__colsample_bynode": 1.0, "model__colsample_bytree": 1.0, "model__learning_rate": 0.3, "model__max_depth": 6.482472188824216, "model__n_estimators": 19.469072632911587, "model__reg_lambda": 1.2400764815990566}, "datetime": {"datetime": "2021-03-26 21:39:29", "elapsed": 60.570795, "delta": 1.592421}}
{"target": -1.286538112177041, "params": {"model__colsample_bylevel": 0.3, "model__colsample_bynode": 1.0, "model__colsample_bytree": 1.0, "model__learning_rate": 0.3, "model__max_depth": 8.0, "model__n_estimators": 17.100213760966263, "model__reg_lambda": 4.910707895438715}, "datetime": {"datetime": "2021-03-26 21:39:31", "elapsed": 62.364353, "delta": 1.793558}}
{"target": -1.3883510247790725, "params": {"model__colsample_bylevel": 0.3, "model__colsample_bynode": 0.3, "model__colsample_bytree": 0.3, "model__learning_rate": 0.3, "model__max_depth": 5.033230951088156, "model__n_estimators": 18.631712473257423, "model__reg_lambda": 0.0}, "datetime": {"datetime": "2021-03-26 21:39:32", "elapsed": 63.836216, "delta": 1.471863}}
{"target": -1.258403934143902, "params": {"model__colsample_bylevel": 1.0, "model__colsample_bynode": 0.3, "model__colsample_bytree": 1.0, "model__learning_rate": 0.3, "model__max_depth": 5.491222371767123, "model__n_estimators": 23.645317839398135, "model__reg_lambda": 0.0}, "datetime": {"datetime": "2021-03-26 21:39:33", "elapsed": 65.038211, "delta": 1.201995}}
{"target": -1.2240362197970567, "params": {"model__colsample_bylevel": 0.3, "model__colsample_bynode": 1.0, "model__colsample_bytree": 1.0, "model__learning_rate": 0.3, "model__max_depth": 8.0, "model__n_estimators": 23.797279165227383, "model__reg_lambda": 3.6428479487470895}, "datetime": {"datetime": "2021-03-26 21:39:35", "elapsed": 66.511635, "delta": 1.473424}}
{"target": -1.238538272967697, "params": {"model__colsample_bylevel": 0.3, "model__colsample_bynode": 1.0, "model__colsample_bytree": 1.0, "model__learning_rate": 0.3, "model__max_depth": 4.7446786366882066, "model__n_estimators": 27.42839473053038, "model__reg_lambda": 5.000941715423646}, "datetime": {"datetime": "2021-03-26 21:39:36", "elapsed": 67.955874, "delta": 1.444239}}
{"target": -1.321948134204022, "params": {"model__colsample_bylevel": 1.0, "model__colsample_bynode": 1.0, "model__colsample_bytree": 1.0, "model__learning_rate": 0.3, "model__max_depth": 3.079921310310097, "model__n_estimators": 30.0, "model__reg_lambda": 7.261779714283189}, "datetime": {"datetime": "2021-03-26 21:39:38", "elapsed": 69.551275, "delta": 1.595401}}
{"target": -1.3013021604009514, "params": {"model__colsample_bylevel": 1.0, "model__colsample_bynode": 1.0, "model__colsample_bytree": 1.0, "model__learning_rate": 0.3, "model__max_depth": 8.0, "model__n_estimators": 19.364497214341963, "model__reg_lambda": 5.715949703447125}, "datetime": {"datetime": "2021-03-26 21:39:40", "elapsed": 71.473164, "delta": 1.921889}}
{"target": -1.4317088361100658, "params": {"model__colsample_bylevel": 0.3, "model__colsample_bynode": 0.3, "model__colsample_bytree": 1.0, "model__learning_rate": 0.3, "model__max_depth": 4.019761951463682, "model__n_estimators": 15.0, "model__reg_lambda": 0.0}, "datetime": {"datetime": "2021-03-26 21:39:41", "elapsed": 73.045979, "delta": 1.572815}}
{"target": -1.319859950212033, "params": {"model__colsample_bylevel": 1.0, "model__colsample_bynode": 1.0, "model__colsample_bytree": 1.0, "model__learning_rate": 0.3, "model__max_depth": 2.0, "model__n_estimators": 18.76635110924475, "model__reg_lambda": 0.0}, "datetime": {"datetime": "2021-03-26 21:39:43", "elapsed": 74.771377, "delta": 1.725398}}
{"target": -1.263021525427483, "params": {"model__colsample_bylevel": 0.3, "model__colsample_bynode": 1.0, "model__colsample_bytree": 1.0, "model__learning_rate": 0.3, "model__max_depth": 5.722444525860914, "model__n_estimators": 22.35571629462727, "model__reg_lambda": 5.269791974907126}, "datetime": {"datetime": "2021-03-26 21:39:45", "elapsed": 76.318735, "delta": 1.547358}}
{"target": -1.2753844621800479, "params": {"model__colsample_bylevel": 1.0, "model__colsample_bynode": 1.0, "model__colsample_bytree": 1.0, "model__learning_rate": 0.3, "model__max_depth": 3.6391151180110755, "model__n_estimators": 28.313829313587064, "model__reg_lambda": 3.1893301263859097}, "datetime": {"datetime": "2021-03-26 21:39:47", "elapsed": 78.333628, "delta": 2.014893}}
{"target": -1.290974851079501, "params": {"model__colsample_bylevel": 0.3, "model__colsample_bynode": 1.0, "model__colsample_bytree": 1.0, "model__learning_rate": 0.3, "model__max_depth": 8.0, "model__n_estimators": 15.0, "model__reg_lambda": 3.8282843268762465}, "datetime": {"datetime": "2021-03-26 21:39:48", "elapsed": 79.867452, "delta": 1.533824}}
{"target": -1.375797564914261, "params": {"model__colsample_bylevel": 1.0, "model__colsample_bynode": 0.3, "model__colsample_bytree": 0.3, "model__learning_rate": 0.3, "model__max_depth": 5.856033442693411, "model__n_estimators": 30.0, "model__reg_lambda": 6.212684043875958}, "datetime": {"datetime": "2021-03-26 21:39:50", "elapsed": 81.302347, "delta": 1.434895}}
{"target": -1.3178461737944274, "params": {"model__colsample_bylevel": 1.0, "model__colsample_bynode": 1.0, "model__colsample_bytree": 1.0, "model__learning_rate": 0.3, "model__max_depth": 5.368330827092363, "model__n_estimators": 18.378111902760356, "model__reg_lambda": 5.338262719873091}, "datetime": {"datetime": "2021-03-26 21:39:51", "elapsed": 83.08418, "delta": 1.781833}}
{"target": -1.4472991586379382, "params": {"model__colsample_bylevel": 0.3, "model__colsample_bynode": 0.3, "model__colsample_bytree": 1.0, "model__learning_rate": 0.3, "model__max_depth": 2.0, "model__n_estimators": 30.0, "model__reg_lambda": 6.2865890313264545}, "datetime": {"datetime": "2021-03-26 21:39:53", "elapsed": 84.565841, "delta": 1.481661}}
{"target": -1.3656737687093192, "params": {"model__colsample_bylevel": 0.3, "model__colsample_bynode": 0.3, "model__colsample_bytree": 1.0, "model__learning_rate": 0.3, "model__max_depth": 8.0, "model__n_estimators": 28.55592520029067, "model__reg_lambda": 8.314692594940873}, "datetime": {"datetime": "2021-03-26 21:39:54", "elapsed": 86.127696, "delta": 1.561855}}
{"target": -1.5964074652696003, "params": {"model__colsample_bylevel": 0.3, "model__colsample_bynode": 0.3, "model__colsample_bytree": 1.0, "model__learning_rate": 0.3, "model__max_depth": 2.0, "model__n_estimators": 19.130278977992262, "model__reg_lambda": 10.0}, "datetime": {"datetime": "2021-03-26 21:39:56", "elapsed": 87.686609, "delta": 1.558913}}
{"target": -1.348694054528639, "params": {"model__colsample_bylevel": 1.0, "model__colsample_bynode": 0.3, "model__colsample_bytree": 1.0, "model__learning_rate": 0.3, "model__max_depth": 6.437650849792697, "model__n_estimators": 15.0, "model__reg_lambda": 8.12720670643092}, "datetime": {"datetime": "2021-03-26 21:39:58", "elapsed": 89.251051, "delta": 1.564442}}
{"target": -1.2786000033894527, "params": {"model__colsample_bylevel": 1.0, "model__colsample_bynode": 1.0, "model__colsample_bytree": 1.0, "model__learning_rate": 0.3, "model__max_depth": 8.0, "model__n_estimators": 27.871151724169742, "model__reg_lambda": 4.23085522211509}, "datetime": {"datetime": "2021-03-26 21:39:59", "elapsed": 91.134629, "delta": 1.883578}}
{"target": -1.4110321809740167, "params": {"model__colsample_bylevel": 0.3, "model__colsample_bynode": 1.0, "model__colsample_bytree": 0.3, "model__learning_rate": 0.3, "model__max_depth": 2.0, "model__n_estimators": 30.0, "model__reg_lambda": 2.274702584103465}, "datetime": {"datetime": "2021-03-26 21:40:01", "elapsed": 92.582011, "delta": 1.447382}}
{"target": -1.2426776886256277, "params": {"model__colsample_bylevel": 0.3, "model__colsample_bynode": 1.0, "model__colsample_bytree": 1.0, "model__learning_rate": 0.3, "model__max_depth": 6.755172829932804, "model__n_estimators": 25.886039751957075, "model__reg_lambda": 4.678345259497362}, "datetime": {"datetime": "2021-03-26 21:40:03", "elapsed": 94.366607, "delta": 1.784596}}
{"target": -1.3215009522934755, "params": {"model__colsample_bylevel": 1.0, "model__colsample_bynode": 1.0, "model__colsample_bytree": 1.0, "model__learning_rate": 0.3, "model__max_depth": 8.0, "model__n_estimators": 22.0450236433563, "model__reg_lambda": 7.332283051684188}, "datetime": {"datetime": "2021-03-26 21:40:05", "elapsed": 96.239175, "delta": 1.872568}}
{"target": -1.3439198359685103, "params": {"model__colsample_bylevel": 1.0, "model__colsample_bynode": 1.0, "model__colsample_bytree": 1.0, "model__learning_rate": 0.3, "model__max_depth": 5.548432311504747, "model__n_estimators": 17.905011540057142, "model__reg_lambda": 10.0}, "datetime": {"datetime": "2021-03-26 21:40:06", "elapsed": 97.818976, "delta": 1.579801}}
{"target": -1.287430634855738, "params": {"model__colsample_bylevel": 1.0, "model__colsample_bynode": 1.0, "model__colsample_bytree": 1.0, "model__learning_rate": 0.3, "model__max_depth": 6.397338091231076, "model__n_estimators": 24.10389849120941, "model__reg_lambda": 2.2114465000135897}, "datetime": {"datetime": "2021-03-26 21:40:08", "elapsed": 99.712142, "delta": 1.893166}}
{"target": -1.3437840053460735, "params": {"model__colsample_bylevel": 0.3, "model__colsample_bynode": 0.3, "model__colsample_bytree": 1.0, "model__learning_rate": 0.3, "model__max_depth": 8.0, "model__n_estimators": 24.478258136032522, "model__reg_lambda": 1.4391308212467615}, "datetime": {"datetime": "2021-03-26 21:40:10", "elapsed": 101.37725, "delta": 1.665108}}
{"target": -1.2402683354482271, "params": {"model__colsample_bylevel": 1.0, "model__colsample_bynode": 0.3, "model__colsample_bytree": 1.0, "model__learning_rate": 0.3, "model__max_depth": 5.891665077497015, "model__n_estimators": 26.172937507905623, "model__reg_lambda": 5.38218323938382}, "datetime": {"datetime": "2021-03-26 21:40:12", "elapsed": 103.201129, "delta": 1.823879}}
{"target": -1.2397749459182008, "params": {"model__colsample_bylevel": 1.0, "model__colsample_bynode": 0.3, "model__colsample_bytree": 1.0, "model__learning_rate": 0.3, "model__max_depth": 4.747909805705991, "model__n_estimators": 19.990192688042303, "model__reg_lambda": 3.20215794973476}, "datetime": {"datetime": "2021-03-26 21:40:13", "elapsed": 104.818453, "delta": 1.617324}}
{"target": -1.3981885010336081, "params": {"model__colsample_bylevel": 1.0, "model__colsample_bynode": 0.3, "model__colsample_bytree": 0.3, "model__learning_rate": 0.3, "model__max_depth": 8.0, "model__n_estimators": 20.811667625176938, "model__reg_lambda": 0.0}, "datetime": {"datetime": "2021-03-26 21:40:15", "elapsed": 106.341712, "delta": 1.523259}}
{"target": -1.307271425633867, "params": {"model__colsample_bylevel": 1.0, "model__colsample_bynode": 1.0, "model__colsample_bytree": 1.0, "model__learning_rate": 0.3, "model__max_depth": 8.0, "model__n_estimators": 15.815989192356964, "model__reg_lambda": 2.3354676033299953}, "datetime": {"datetime": "2021-03-26 21:40:16", "elapsed": 108.001472, "delta": 1.65976}}
{"target": -1.3433188967082812, "params": {"model__colsample_bylevel": 1.0, "model__colsample_bynode": 1.0, "model__colsample_bytree": 1.0, "model__learning_rate": 0.1, "model__max_depth": 7.518922406749765, "model__n_estimators": 30.0, "model__reg_lambda": 1.1687205006792638}, "datetime": {"datetime": "2021-03-26 21:40:18", "elapsed": 109.882706, "delta": 1.881234}}
{"target": -1.2174585151148662, "params": {"model__colsample_bylevel": 1.0, "model__colsample_bynode": 0.3, "model__colsample_bytree": 1.0, "model__learning_rate": 0.3, "model__max_depth": 8.0, "model__n_estimators": 30.0, "model__reg_lambda": 3.9713045124086923}, "datetime": {"datetime": "2021-03-26 21:40:20", "elapsed": 111.529805, "delta": 1.647099}}
{"target": -1.3196539064626331, "params": {"model__colsample_bylevel": 0.3, "model__colsample_bynode": 0.3, "model__colsample_bytree": 1.0, "model__learning_rate": 0.3, "model__max_depth": 6.550590734278651, "model__n_estimators": 30.0, "model__reg_lambda": 2.5934700447447874}, "datetime": {"datetime": "2021-03-26 21:40:22", "elapsed": 113.273987, "delta": 1.744182}}
{"target": -1.4343426456499468, "params": {"model__colsample_bylevel": 0.3, "model__colsample_bynode": 1.0, "model__colsample_bytree": 0.3, "model__learning_rate": 0.3, "model__max_depth": 8.0, "model__n_estimators": 18.186694529768513, "model__reg_lambda": 0.0}, "datetime": {"datetime": "2021-03-26 21:40:23", "elapsed": 114.807484, "delta": 1.533497}}
