{"target": -1.3624926338755134, "params": {"model__colsample_bylevel": 0.3, "model__colsample_bynode": 1.0, "model__colsample_bytree": 0.3, "model__learning_rate": 0.3, "model__max_depth": 8.0, "model__n_estimators": 29.0280573746507, "model__reg_lambda": 5.416481534670962}, "datetime": {"datetime": "2021-03-26 21:42:12", "elapsed": 223.858189, "delta": 1.740774}}
{"target": -1.237240938677628, "params": {"model__colsample_bylevel": 0.3, "model__colsample_bynode": 1.0, "model__colsample_bytree": 1.0, "model__learning_rate": 0.3, "model__max_depth": 6.7139226086346255, "model__n_estimators": 21.621866430570435, "model__reg_lambda": 2.482337047117109}, "datetime": {"datetime": "2021-03-26 21:42:15", "elapsed": 226.159718, "delta": 2.301529}}
{"target": -1.2520393731450474, "params": {"model__colsample_bylevel": 1.0, "model__colsample_bynode": 0.3, "model__colsample_bytree": 1.0, "model__learning_rate": 0.3, "model__max_depth": 8.0, "model__n_estimators": 22.34747187933645, "model__reg_lambda": 2.1750986533589955}, "datetime": {"datetime": "2021-03-26 21:42:16", "elapsed": 227.922349, "delta": 1.762631}}
{"target": -1.4510391930577116, "params": {"model__colsample_bylevel": 1.0, "model__colsample_bynode": 1.0, "model__colsample_bytree": 1.0, "model__learning_rate": 0.1, "model__max_depth": 6.892981733486682, "model__n_estimators": 30.0, "model__reg_lambda": 8.570163049206055}, "datetime": {"datetime": "2021-03-26 21:42:18", "elapsed": 229.933607, "delta": 2.011258}}
{"target": -1.38727029532842, "params": {"model__colsample_bylevel": 0.3, "model__colsample_bynode": 1.0, "model__colsample_bytree": 0.3, "model__learning_rate": 0.3, "model__max_depth": 2.5929861994061416, "model__n_estimators": 23.778866994129473, "model__reg_lambda": 0.0}, "datetime": {"datetime": "2021-03-26 21:42:20", "elapsed": 231.882537, "delta": 1.94893}}
{"target": -1.2470071601128014, "params": {"model__colsample_bylevel": 1.0, "model__colsample_bynode": 0.3, "model__colsample_bytree": 1.0, "model__learning_rate": 0.3, "model__max_depth": 8.0, "model__n_estimators": 27.842955149462476, "model__reg_lambda": 6.653857665536824}, "datetime": {"datetime": "2021-03-26 21:42:22", "elapsed": 233.996065, "delta": 2.113528}}
{"target": -1.2490628445413017, "params": {"model__colsample_bylevel": 1.0, "model__colsample_bynode": 0.3, "model__colsample_bytree": 1.0, "model__learning_rate": 0.3, "model__max_depth": 4.8036346771338945, "model__n_estimators": 23.92721953683384, "model__reg_lambda": 1.3332711101127017}, "datetime": {"datetime": "2021-03-26 21:42:24", "elapsed": 235.749811, "delta": 1.753746}}
{"target": -1.5269494460112807, "params": {"model__colsample_bylevel": 0.3, "model__colsample_bynode": 0.3, "model__colsample_bytree": 1.0, "model__learning_rate": 0.3, "model__max_depth": 8.0, "model__n_estimators": 16.362921344811486, "model__reg_lambda": 10.0}, "datetime": {"datetime": "2021-03-26 21:42:26", "elapsed": 237.538058, "delta": 1.788247}}
{"target": -1.291812301217916, "params": {"model__colsample_bylevel": 1.0, "model__colsample_bynode": 1.0, "model__colsample_bytree": 1.0, "model__learning_rate": 0.3, "model__max_depth": 3.2165593040213527, "model__n_estimators": 24.632019251899486, "model__reg_lambda": 2.2856857620747606}, "datetime": {"datetime": "2021-03-26 21:42:28", "elapsed": 239.368128, "delta": 1.83007}}
{"target": -1.3006732482898413, "params": {"model__colsample_bylevel": 1.0, "model__colsample_bynode": 1.0, "model__colsample_bytree": 1.0, "model__learning_rate": 0.3, "model__max_depth": 7.05793450919221, "model__n_estimators": 30.0, "model__reg_lambda": 2.7833590344322316}, "datetime": {"datetime": "2021-03-26 21:42:30", "elapsed": 241.315472, "delta": 1.947344}}
{"target": -1.2612389209909713, "params": {"model__colsample_bylevel": 0.3, "model__colsample_bynode": 1.0, "model__colsample_bytree": 1.0, "model__learning_rate": 0.3, "model__max_depth": 4.285132172107601, "model__n_estimators": 24.554295786227286, "model__reg_lambda": 6.290586738841879}, "datetime": {"datetime": "2021-03-26 21:42:31", "elapsed": 242.927956, "delta": 1.612484}}
{"target": -1.2313378945600404, "params": {"model__colsample_bylevel": 1.0, "model__colsample_bynode": 0.3, "model__colsample_bytree": 1.0, "model__learning_rate": 0.3, "model__max_depth": 8.0, "model__n_estimators": 29.305206931319606, "model__reg_lambda": 5.449049642872976}, "datetime": {"datetime": "2021-03-26 21:42:33", "elapsed": 244.825488, "delta": 1.897532}}
{"target": -1.279107395035849, "params": {"model__colsample_bylevel": 0.3, "model__colsample_bynode": 1.0, "model__colsample_bytree": 1.0, "model__learning_rate": 0.3, "model__max_depth": 5.2783968252527425, "model__n_estimators": 21.987073504127068, "model__reg_lambda": 7.44524358201061}, "datetime": {"datetime": "2021-03-26 21:42:35", "elapsed": 246.546093, "delta": 1.720605}}
{"target": -1.3314424212293132, "params": {"model__colsample_bylevel": 1.0, "model__colsample_bynode": 1.0, "model__colsample_bytree": 1.0, "model__learning_rate": 0.3, "model__max_depth": 6.25242071198387, "model__n_estimators": 20.000709258734197, "model__reg_lambda": 10.0}, "datetime": {"datetime": "2021-03-26 21:42:37", "elapsed": 248.724656, "delta": 2.178563}}
{"target": -1.2730608785848903, "params": {"model__colsample_bylevel": 0.3, "model__colsample_bynode": 1.0, "model__colsample_bytree": 1.0, "model__learning_rate": 0.3, "model__max_depth": 3.464427320138815, "model__n_estimators": 30.0, "model__reg_lambda": 10.0}, "datetime": {"datetime": "2021-03-26 21:42:39", "elapsed": 250.459128, "delta": 1.734472}}
{"target": -1.4672334366302557, "params": {"model__colsample_bylevel": 0.3, "model__colsample_bynode": 1.0, "model__colsample_bytree": 0.3, "model__learning_rate": 0.3, "model__max_depth": 5.40035378060011, "model__n_estimators": 23.318553807238157, "model__reg_lambda": 10.0}, "datetime": {"datetime": "2021-03-26 21:42:41", "elapsed": 252.539136, "delta": 2.080008}}
{"target": -1.2474828504997748, "params": {"model__colsample_bylevel": 0.3, "model__colsample_bynode": 1.0, "model__colsample_bytree": 1.0, "model__learning_rate": 0.3, "model__max_depth": 4.901863233205223, "model__n_estimators": 20.387749516259486, "model__reg_lambda": 2.9596996013958674}, "datetime": {"datetime": "2021-03-26 21:42:43", "elapsed": 254.589537, "delta": 2.050401}}
{"target": -1.3752179138362406, "params": {"model__colsample_bylevel": 0.7315611903895594, "model__colsample_bynode": 0.4329145502223877, "model__colsample_bytree": 0.37387632980474106, "model__learning_rate": 0.27587958872657636, "model__max_depth": 3.4038401630695194, "model__n_estimators": 29.895326940219135, "model__reg_lambda": 4.399289804762915}, "datetime": {"datetime": "2021-03-26 21:42:45", "elapsed": 256.553134, "delta": 1.963597}}
{"target": -1.302132306828339, "params": {"model__colsample_bylevel": 0.3, "model__colsample_bynode": 1.0, "model__colsample_bytree": 1.0, "model__learning_rate": 0.3, "model__max_depth": 2.0, "model__n_estimators": 28.041392591553645, "model__reg_lambda": 5.21458864497144}, "datetime": {"datetime": "2021-03-26 21:42:47", "elapsed": 258.610932, "delta": 2.057798}}
{"target": -1.331475608004932, "params": {"model__colsample_bylevel": 0.3, "model__colsample_bynode": 1.0, "model__colsample_bytree": 0.3, "model__learning_rate": 0.3, "model__max_depth": 5.944951159464336, "model__n_estimators": 29.090676553853086, "model__reg_lambda": 2.44197640364994}, "datetime": {"datetime": "2021-03-26 21:42:49", "elapsed": 260.489566, "delta": 1.878634}}
{"target": -1.3345204004396993, "params": {"model__colsample_bylevel": 0.3, "model__colsample_bynode": 0.3, "model__colsample_bytree": 1.0, "model__learning_rate": 0.3, "model__max_depth": 8.0, "model__n_estimators": 30.0, "model__reg_lambda": 5.407884432480172}, "datetime": {"datetime": "2021-03-26 21:42:51", "elapsed": 262.433133, "delta": 1.943567}}
{"target": -1.2306332203006183, "params": {"model__colsample_bylevel": 1.0, "model__colsample_bynode": 0.3, "model__colsample_bytree": 1.0, "model__learning_rate": 0.3, "model__max_depth": 4.185820353377823, "model__n_estimators": 27.15647161928586, "model__reg_lambda": 3.9053468594435294}, "datetime": {"datetime": "2021-03-26 21:42:53", "elapsed": 264.340847, "delta": 1.907714}}
{"target": -1.2735098010266497, "params": {"model__colsample_bylevel": 1.0, "model__colsample_bynode": 0.3, "model__colsample_bytree": 1.0, "model__learning_rate": 0.3, "model__max_depth": 5.557159892079586, "model__n_estimators": 23.789697935896786, "model__reg_lambda": 6.867452958759205}, "datetime": {"datetime": "2021-03-26 21:42:55", "elapsed": 266.29969, "delta": 1.958843}}
{"target": -1.3498963414731882, "params": {"model__colsample_bylevel": 1.0, "model__colsample_bynode": 1.0, "model__colsample_bytree": 1.0, "model__learning_rate": 0.3, "model__max_depth": 2.0, "model__n_estimators": 28.199594029575664, "model__reg_lambda": 7.63642257929323}, "datetime": {"datetime": "2021-03-26 21:42:56", "elapsed": 267.976307, "delta": 1.676617}}
{"target": -1.5156704101225604, "params": {"model__colsample_bylevel": 0.3, "model__colsample_bynode": 0.3, "model__colsample_bytree": 1.0, "model__learning_rate": 0.3, "model__max_depth": 5.163264392271954, "model__n_estimators": 15.0, "model__reg_lambda": 6.358886637420891}, "datetime": {"datetime": "2021-03-26 21:42:58", "elapsed": 269.989505, "delta": 2.013198}}
{"target": -1.319056588716373, "params": {"model__colsample_bylevel": 1.0, "model__colsample_bynode": 1.0, "model__colsample_bytree": 0.3, "model__learning_rate": 0.3, "model__max_depth": 3.3438880800347053, "model__n_estimators": 29.472466114257525, "model__reg_lambda": 10.0}, "datetime": {"datetime": "2021-03-26 21:43:00", "elapsed": 271.785416, "delta": 1.795911}}
{"target": -1.2943602829280754, "params": {"model__colsample_bylevel": 1.0, "model__colsample_bynode": 1.0, "model__colsample_bytree": 0.3, "model__learning_rate": 0.3, "model__max_depth": 2.0, "model__n_estimators": 26.972962589076115, "model__reg_lambda": 0.0}, "datetime": {"datetime": "2021-03-26 21:43:02", "elapsed": 273.62366, "delta": 1.838244}}
{"target": -1.279380732567549, "params": {"model__colsample_bylevel": 1.0, "model__colsample_bynode": 1.0, "model__colsample_bytree": 1.0, "model__learning_rate": 0.3, "model__max_depth": 6.380639631453619, "model__n_estimators": 25.985120767300113, "model__reg_lambda": 3.0966338317306024}, "datetime": {"datetime": "2021-03-26 21:43:04", "elapsed": 275.615218, "delta": 1.991558}}
{"target": -1.2640769916681058, "params": {"model__colsample_bylevel": 0.3, "model__colsample_bynode": 1.0, "model__colsample_bytree": 1.0, "model__learning_rate": 0.3, "model__max_depth": 8.0, "model__n_estimators": 21.257593119431483, "model__reg_lambda": 5.394188030192632}, "datetime": {"datetime": "2021-03-26 21:43:06", "elapsed": 277.747441, "delta": 2.132223}}
{"target": -1.2933628875870204, "params": {"model__colsample_bylevel": 1.0, "model__colsample_bynode": 0.3, "model__colsample_bytree": 1.0, "model__learning_rate": 0.3, "model__max_depth": 4.236554210953983, "model__n_estimators": 18.691397823442035, "model__reg_lambda": 5.998215487490326}, "datetime": {"datetime": "2021-03-26 21:43:08", "elapsed": 280.118983, "delta": 2.371542}}
{"target": -1.2302285307991332, "params": {"model__colsample_bylevel": 1.0, "model__colsample_bynode": 0.3, "model__colsample_bytree": 1.0, "model__learning_rate": 0.3, "model__max_depth": 6.581959565050792, "model__n_estimators": 28.050307652660948, "model__reg_lambda": 5.012202319950703}, "datetime": {"datetime": "2021-03-26 21:43:10", "elapsed": 281.989897, "delta": 1.870914}}
{"target": -1.2589442272630076, "params": {"model__colsample_bylevel": 0.3, "model__colsample_bynode": 1.0, "model__colsample_bytree": 1.0, "model__learning_rate": 0.3, "model__max_depth": 3.3378471974332187, "model__n_estimators": 28.87297106639636, "model__reg_lambda": 4.658428221144836}, "datetime": {"datetime": "2021-03-26 21:43:13", "elapsed": 284.336019, "delta": 2.346122}}
{"target": -1.3748715514047205, "params": {"model__colsample_bylevel": 1.0, "model__colsample_bynode": 1.0, "model__colsample_bytree": 1.0, "model__learning_rate": 0.3, "model__max_depth": 5.707488995018237, "model__n_estimators": 15.0, "model__reg_lambda": 0.948756829453039}, "datetime": {"datetime": "2021-03-26 21:43:15", "elapsed": 286.468279, "delta": 2.13226}}
{"target": -1.2281372084592779, "params": {"model__colsample_bylevel": 0.3, "model__colsample_bynode": 1.0, "model__colsample_bytree": 1.0, "model__learning_rate": 0.3, "model__max_depth": 6.221284296778427, "model__n_estimators": 27.58012103459883, "model__reg_lambda": 4.521455439235634}, "datetime": {"datetime": "2021-03-26 21:43:17", "elapsed": 288.711536, "delta": 2.243257}}
{"target": -1.32410658541257, "params": {"model__colsample_bylevel": 1.0, "model__colsample_bynode": 0.3, "model__colsample_bytree": 0.3, "model__learning_rate": 0.3, "model__max_depth": 7.999999998283695, "model__n_estimators": 30.0, "model__reg_lambda": 2.282329246329907}, "datetime": {"datetime": "2021-03-26 21:43:19", "elapsed": 290.58702, "delta": 1.875484}}
{"target": -1.2423251163045728, "params": {"model__colsample_bylevel": 0.3, "model__colsample_bynode": 1.0, "model__colsample_bytree": 1.0, "model__learning_rate": 0.3, "model__max_depth": 6.566787241724243, "model__n_estimators": 30.0, "model__reg_lambda": 1.0941076853762406}, "datetime": {"datetime": "2021-03-26 21:43:21", "elapsed": 293.052145, "delta": 2.465125}}
{"target": -1.2530821877700427, "params": {"model__colsample_bylevel": 1.0, "model__colsample_bynode": 0.3, "model__colsample_bytree": 1.0, "model__learning_rate": 0.3, "model__max_depth": 6.59345429458842, "model__n_estimators": 30.0, "model__reg_lambda": 1.1550477765070857}, "datetime": {"datetime": "2021-03-26 21:43:23", "elapsed": 295.124584, "delta": 2.072439}}
{"target": -1.2557984732563834, "params": {"model__colsample_bylevel": 0.3, "model__colsample_bynode": 1.0, "model__colsample_bytree": 1.0, "model__learning_rate": 0.3, "model__max_depth": 5.325072365450745, "model__n_estimators": 24.851982208476862, "model__reg_lambda": 4.391844697240573}, "datetime": {"datetime": "2021-03-26 21:43:26", "elapsed": 297.336079, "delta": 2.211495}}
{"target": -1.3044269461576163, "params": {"model__colsample_bylevel": 1.0, "model__colsample_bynode": 1.0, "model__colsample_bytree": 1.0, "model__learning_rate": 0.3, "model__max_depth": 2.0, "model__n_estimators": 21.010878980353823, "model__reg_lambda": 0.0}, "datetime": {"datetime": "2021-03-26 21:43:28", "elapsed": 299.793019, "delta": 2.45694}}
{"target": -1.3224183702288006, "params": {"model__colsample_bylevel": 1.0, "model__colsample_bynode": 1.0, "model__colsample_bytree": 1.0, "model__learning_rate": 0.3, "model__max_depth": 3.116894733341327, "model__n_estimators": 27.571445537496988, "model__reg_lambda": 5.492131858935136}, "datetime": {"datetime": "2021-03-26 21:43:30", "elapsed": 301.75155, "delta": 1.958531}}
{"target": -1.2236324695600331, "params": {"model__colsample_bylevel": 0.3, "model__colsample_bynode": 1.0, "model__colsample_bytree": 1.0, "model__learning_rate": 0.3, "model__max_depth": 4.7127882245950135, "model__n_estimators": 27.308485811665957, "model__reg_lambda": 3.1479264128157687}, "datetime": {"datetime": "2021-03-26 21:43:32", "elapsed": 304.029431, "delta": 2.277881}}
{"target": -1.3046192964943855, "params": {"model__colsample_bylevel": 1.0, "model__colsample_bynode": 1.0, "model__colsample_bytree": 1.0, "model__learning_rate": 0.3, "model__max_depth": 3.9761224074892474, "model__n_estimators": 28.969299870344788, "model__reg_lambda": 9.14374500625827}, "datetime": {"datetime": "2021-03-26 21:43:35", "elapsed": 306.313208, "delta": 2.283777}}
{"target": -1.275262667082142, "params": {"model__colsample_bylevel": 0.3, "model__colsample_bynode": 1.0, "model__colsample_bytree": 1.0, "model__learning_rate": 0.3, "model__max_depth": 8.0, "model__n_estimators": 22.520394047399094, "model__reg_lambda": 8.66051746443391}, "datetime": {"datetime": "2021-03-26 21:43:37", "elapsed": 308.433154, "delta": 2.119946}}
{"target": -1.4130815378511727, "params": {"model__colsample_bylevel": 0.3, "model__colsample_bynode": 1.0, "model__colsample_bytree": 0.3, "model__learning_rate": 0.3, "model__max_depth": 5.730447589979402, "model__n_estimators": 27.46017891043763, "model__reg_lambda": 8.045811811502562}, "datetime": {"datetime": "2021-03-26 21:43:39", "elapsed": 310.737222, "delta": 2.304068}}
{"target": -1.2534913456823298, "params": {"model__colsample_bylevel": 1.0, "model__colsample_bynode": 0.3, "model__colsample_bytree": 1.0, "model__learning_rate": 0.3, "model__max_depth": 6.689963674015563, "model__n_estimators": 26.539617330065145, "model__reg_lambda": 7.3728802614472055}, "datetime": {"datetime": "2021-03-26 21:43:41", "elapsed": 312.823516, "delta": 2.086294}}
{"target": -1.2411689831416353, "params": {"model__colsample_bylevel": 0.3, "model__colsample_bynode": 1.0, "model__colsample_bytree": 1.0, "model__learning_rate": 0.3, "model__max_depth": 6.89981487707347, "model__n_estimators": 26.26140857861084, "model__reg_lambda": 6.40077025737522}, "datetime": {"datetime": "2021-03-26 21:43:43", "elapsed": 314.679027, "delta": 1.855511}}
{"target": -1.2414246869044028, "params": {"model__colsample_bylevel": 1.0, "model__colsample_bynode": 0.3, "model__colsample_bytree": 1.0, "model__learning_rate": 0.3, "model__max_depth": 5.077809041676064, "model__n_estimators": 25.197665635321073, "model__reg_lambda": 4.127889411181369}, "datetime": {"datetime": "2021-03-26 21:43:45", "elapsed": 316.810399, "delta": 2.131372}}
{"target": -1.2578755718385937, "params": {"model__colsample_bylevel": 1.0, "model__colsample_bynode": 0.3, "model__colsample_bytree": 1.0, "model__learning_rate": 0.3, "model__max_depth": 6.130575959584901, "model__n_estimators": 27.913911399048697, "model__reg_lambda": 10.0}, "datetime": {"datetime": "2021-03-26 21:43:47", "elapsed": 318.664621, "delta": 1.854222}}
{"target": -1.3684198228966282, "params": {"model__colsample_bylevel": 0.3, "model__colsample_bynode": 0.3, "model__colsample_bytree": 1.0, "model__learning_rate": 0.3, "model__max_depth": 6.674271453448406, "model__n_estimators": 20.046445476965925, "model__reg_lambda": 0.0}, "datetime": {"datetime": "2021-03-26 21:43:49", "elapsed": 320.652122, "delta": 1.987501}}
{"target": -1.3523847124174886, "params": {"model__colsample_bylevel": 1.0, "model__colsample_bynode": 1.0, "model__colsample_bytree": 1.0, "model__learning_rate": 0.3, "model__max_depth": 3.6005960564795703, "model__n_estimators": 15.0, "model__reg_lambda": 6.234534554995422}, "datetime": {"datetime": "2021-03-26 21:43:51", "elapsed": 322.703574, "delta": 2.051452}}
{"target": -1.297095823066606, "params": {"model__colsample_bylevel": 1.0, "model__colsample_bynode": 0.3, "model__colsample_bytree": 1.0, "model__learning_rate": 0.3, "model__max_depth": 2.0, "model__n_estimators": 28.021993754965195, "model__reg_lambda": 3.4404301280134035}, "datetime": {"datetime": "2021-03-26 21:43:53", "elapsed": 324.736928, "delta": 2.033354}}
{"target": -1.2451703740351336, "params": {"model__colsample_bylevel": 1.0, "model__colsample_bynode": 0.3, "model__colsample_bytree": 1.0, "model__learning_rate": 0.3, "model__max_depth": 8.0, "model__n_estimators": 24.90726739366773, "model__reg_lambda": 4.1663868800941835}, "datetime": {"datetime": "2021-03-26 21:43:55", "elapsed": 326.86793, "delta": 2.131002}}
{"target": -1.3000050561414842, "params": {"model__colsample_bylevel": 1.0, "model__colsample_bynode": 1.0, "model__colsample_bytree": 1.0, "model__learning_rate": 0.3, "model__max_depth": 8.0, "model__n_estimators": 20.825598059251067, "model__reg_lambda": 1.5663133076832512}, "datetime": {"datetime": "2021-03-26 21:43:57", "elapsed": 328.996437, "delta": 2.128507}}
{"target": -1.3928767625458431, "params": {"model__colsample_bylevel": 0.3, "model__colsample_bynode": 0.3, "model__colsample_bytree": 1.0, "model__learning_rate": 0.3, "model__max_depth": 8.0, "model__n_estimators": 26.228460933832604, "model__reg_lambda": 7.329758320262404}, "datetime": {"datetime": "2021-03-26 21:44:00", "elapsed": 331.354233, "delta": 2.357796}}
{"target": -1.3233946010929303, "params": {"model__colsample_bylevel": 0.3, "model__colsample_bynode": 1.0, "model__colsample_bytree": 1.0, "model__learning_rate": 0.3, "model__max_depth": 4.812904383053895, "model__n_estimators": 19.244515398440242, "model__reg_lambda": 10.0}, "datetime": {"datetime": "2021-03-26 21:44:02", "elapsed": 333.469046, "delta": 2.114813}}
{"target": -1.2654040168768361, "params": {"model__colsample_bylevel": 0.3, "model__colsample_bynode": 1.0, "model__colsample_bytree": 1.0, "model__learning_rate": 0.3, "model__max_depth": 3.6147547940481517, "model__n_estimators": 21.58021520740645, "model__reg_lambda": 0.1688764169074437}, "datetime": {"datetime": "2021-03-26 21:44:04", "elapsed": 335.769823, "delta": 2.300777}}
{"target": -1.3026139644710213, "params": {"model__colsample_bylevel": 1.0, "model__colsample_bynode": 1.0, "model__colsample_bytree": 1.0, "model__learning_rate": 0.3, "model__max_depth": 7.457245384531733, "model__n_estimators": 27.88729555082355, "model__reg_lambda": 5.948046962043609}, "datetime": {"datetime": "2021-03-26 21:44:07", "elapsed": 338.223596, "delta": 2.453773}}
{"target": -1.4958758363365263, "params": {"model__colsample_bylevel": 0.3, "model__colsample_bynode": 0.3, "model__colsample_bytree": 1.0, "model__learning_rate": 0.3, "model__max_depth": 2.0, "model__n_estimators": 19.06210629221786, "model__reg_lambda": 0.0}, "datetime": {"datetime": "2021-03-26 21:44:08", "elapsed": 340.078259, "delta": 1.854663}}
