{"target": -1.291853427047423, "params": {"model__colsample_bylevel": 1.0, "model__colsample_bynode": 1.0, "model__colsample_bytree": 0.3, "model__learning_rate": 0.3, "model__max_depth": 3.621292888470702, "model__n_estimators": 29.19085782920361, "model__reg_lambda": 5.419369713249879}, "datetime": {"datetime": "2021-03-26 21:40:25", "elapsed": 116.495952, "delta": 1.688468}}
{"target": -1.4889478758409402, "params": {"model__colsample_bylevel": 1.0, "model__colsample_bynode": 0.3, "model__colsample_bytree": 0.3, "model__learning_rate": 0.3, "model__max_depth": 2.0, "model__n_estimators": 17.166790464796662, "model__reg_lambda": 0.0}, "datetime": {"datetime": "2021-03-26 21:40:26", "elapsed": 118.132701, "delta": 1.636749}}
{"target": -1.301821774997465, "params": {"model__colsample_bylevel": 0.3, "model__colsample_bynode": 1.0, "model__colsample_bytree": 1.0, "model__learning_rate": 0.3, "model__max_depth": 7.0070840729029555, "model__n_estimators": 20.970384601725208, "model__reg_lambda": 10.0}, "datetime": {"datetime": "2021-03-26 21:40:28", "elapsed": 120.027573, "delta": 1.894872}}
{"target": -1.2961852266250746, "params": {"model__colsample_bylevel": 1.0, "model__colsample_bynode": 1.0, "model__colsample_bytree": 0.3, "model__learning_rate": 0.3, "model__max_depth": 8.0, "model__n_estimators": 30.0, "model__reg_lambda": 3.4832612334247726}, "datetime": {"datetime": "2021-03-26 21:40:30", "elapsed": 121.698341, "delta": 1.670768}}
{"target": -1.3728575097903122, "params": {"model__colsample_bylevel": 1.0, "model__colsample_bynode": 1.0, "model__colsample_bytree": 1.0, "model__learning_rate": 0.3, "model__max_depth": 3.6915523421626415, "model__n_estimators": 19.903189172608744, "model__reg_lambda": 0.0}, "datetime": {"datetime": "2021-03-26 21:40:32", "elapsed": 123.530937, "delta": 1.832596}}
{"target": -1.3153042742982506, "params": {"model__colsample_bylevel": 1.0, "model__colsample_bynode": 1.0, "model__colsample_bytree": 1.0, "model__learning_rate": 0.3, "model__max_depth": 3.624868989669671, "model__n_estimators": 22.509431297056423, "model__reg_lambda": 6.8587373980024715}, "datetime": {"datetime": "2021-03-26 21:40:34", "elapsed": 125.558976, "delta": 2.028039}}
{"target": -1.3973286350568135, "params": {"model__colsample_bylevel": 0.3, "model__colsample_bynode": 0.3, "model__colsample_bytree": 1.0, "model__learning_rate": 0.3, "model__max_depth": 4.218134137465867, "model__n_estimators": 22.770166227338215, "model__reg_lambda": 4.431282064346061}, "datetime": {"datetime": "2021-03-26 21:40:35", "elapsed": 126.946946, "delta": 1.38797}}
{"target": -1.5489333243473717, "params": {"model__colsample_bylevel": 0.3, "model__colsample_bynode": 0.3, "model__colsample_bytree": 0.3, "model__learning_rate": 0.3, "model__max_depth": 2.0, "model__n_estimators": 22.61364179515607, "model__reg_lambda": 10.0}, "datetime": {"datetime": "2021-03-26 21:40:37", "elapsed": 128.476555, "delta": 1.529609}}
{"target": -1.2610391404749688, "params": {"model__colsample_bylevel": 0.3, "model__colsample_bynode": 1.0, "model__colsample_bytree": 1.0, "model__learning_rate": 0.3, "model__max_depth": 5.992036622872691, "model__n_estimators": 23.951007056457847, "model__reg_lambda": 7.60964969285602}, "datetime": {"datetime": "2021-03-26 21:40:38", "elapsed": 129.957435, "delta": 1.48088}}
{"target": -1.2649151818070938, "params": {"model__colsample_bylevel": 0.3, "model__colsample_bynode": 1.0, "model__colsample_bytree": 1.0, "model__learning_rate": 0.3, "model__max_depth": 4.838417194939512, "model__n_estimators": 27.98736475118587, "model__reg_lambda": 10.0}, "datetime": {"datetime": "2021-03-26 21:40:40", "elapsed": 131.486944, "delta": 1.529509}}
{"target": -1.2516662650323216, "params": {"model__colsample_bylevel": 1.0, "model__colsample_bynode": 0.3, "model__colsample_bytree": 1.0, "model__learning_rate": 0.3, "model__max_depth": 4.137677543171317, "model__n_estimators": 28.661061269132684, "model__reg_lambda": 10.0}, "datetime": {"datetime": "2021-03-26 21:40:42", "elapsed": 133.364363, "delta": 1.877419}}
{"target": -1.370392590178096, "params": {"model__colsample_bylevel": 0.3, "model__colsample_bynode": 0.3, "model__colsample_bytree": 1.0, "model__learning_rate": 0.3, "model__max_depth": 6.071992939922552, "model__n_estimators": 30.0, "model__reg_lambda": 10.0}, "datetime": {"datetime": "2021-03-26 21:40:43", "elapsed": 134.946568, "delta": 1.582205}}
{"target": -1.337962898998049, "params": {"model__colsample_bylevel": 1.0, "model__colsample_bynode": 1.0, "model__colsample_bytree": 0.3, "model__learning_rate": 0.3, "model__max_depth": 4.938350185321037, "model__n_estimators": 27.89856798638009, "model__reg_lambda": 10.0}, "datetime": {"datetime": "2021-03-26 21:40:45", "elapsed": 136.756278, "delta": 1.80971}}
{"target": -1.2648448370613052, "params": {"model__colsample_bylevel": 1.0, "model__colsample_bynode": 0.3, "model__colsample_bytree": 1.0, "model__learning_rate": 0.3, "model__max_depth": 8.0, "model__n_estimators": 18.009775193725684, "model__reg_lambda": 4.088495748576397}, "datetime": {"datetime": "2021-03-26 21:40:47", "elapsed": 138.460681, "delta": 1.704403}}
{"target": -1.3058814490645907, "params": {"model__colsample_bylevel": 1.0, "model__colsample_bynode": 1.0, "model__colsample_bytree": 1.0, "model__learning_rate": 0.3, "model__max_depth": 8.0, "model__n_estimators": 28.57776300966231, "model__reg_lambda": 10.0}, "datetime": {"datetime": "2021-03-26 21:40:49", "elapsed": 140.499771, "delta": 2.03909}}
{"target": -1.3056447695785514, "params": {"model__colsample_bylevel": 1.0, "model__colsample_bynode": 1.0, "model__colsample_bytree": 1.0, "model__learning_rate": 0.3, "model__max_depth": 8.0, "model__n_estimators": 22.607557377808195, "model__reg_lambda": 4.513183052856235}, "datetime": {"datetime": "2021-03-26 21:40:51", "elapsed": 142.512827, "delta": 2.013056}}
{"target": -1.289684623155905, "params": {"model__colsample_bylevel": 1.0, "model__colsample_bynode": 1.0, "model__colsample_bytree": 1.0, "model__learning_rate": 0.3, "model__max_depth": 2.0, "model__n_estimators": 23.508013585215487, "model__reg_lambda": 0.0}, "datetime": {"datetime": "2021-03-26 21:40:53", "elapsed": 144.497297, "delta": 1.98447}}
{"target": -1.4301002955518027, "params": {"model__colsample_bylevel": 1.0, "model__colsample_bynode": 1.0, "model__colsample_bytree": 1.0, "model__learning_rate": 0.3, "model__max_depth": 4.721515057238446, "model__n_estimators": 25.39013837672929, "model__reg_lambda": 0.0}, "datetime": {"datetime": "2021-03-26 21:40:55", "elapsed": 146.296953, "delta": 1.799656}}
{"target": -1.394774768875399, "params": {"model__colsample_bylevel": 0.3, "model__colsample_bynode": 0.3, "model__colsample_bytree": 0.3, "model__learning_rate": 0.3, "model__max_depth": 5.581626891903766, "model__n_estimators": 22.1899944952982, "model__reg_lambda": 0.0}, "datetime": {"datetime": "2021-03-26 21:40:57", "elapsed": 148.173983, "delta": 1.87703}}
{"target": -1.2821008635613986, "params": {"model__colsample_bylevel": 1.0, "model__colsample_bynode": 0.3, "model__colsample_bytree": 1.0, "model__learning_rate": 0.3, "model__max_depth": 3.6991159547946486, "model__n_estimators": 22.926819491532644, "model__reg_lambda": 0.0}, "datetime": {"datetime": "2021-03-26 21:40:58", "elapsed": 149.810519, "delta": 1.636536}}
{"target": -1.2792229381619373, "params": {"model__colsample_bylevel": 0.3, "model__colsample_bynode": 1.0, "model__colsample_bytree": 1.0, "model__learning_rate": 0.3, "model__max_depth": 8.0, "model__n_estimators": 25.041406064661974, "model__reg_lambda": 10.0}, "datetime": {"datetime": "2021-03-26 21:41:00", "elapsed": 151.56758, "delta": 1.757061}}
{"target": -1.3942866817656632, "params": {"model__colsample_bylevel": 0.3, "model__colsample_bynode": 0.3, "model__colsample_bytree": 1.0, "model__learning_rate": 0.3, "model__max_depth": 5.900718339363428, "model__n_estimators": 18.634991938248707, "model__reg_lambda": 3.2917680001412952}, "datetime": {"datetime": "2021-03-26 21:41:02", "elapsed": 153.34939, "delta": 1.78181}}
{"target": -1.4076904221748312, "params": {"model__colsample_bylevel": 1.0, "model__colsample_bynode": 1.0, "model__colsample_bytree": 0.3, "model__learning_rate": 0.3, "model__max_depth": 8.0, "model__n_estimators": 15.0, "model__reg_lambda": 4.406564077067042}, "datetime": {"datetime": "2021-03-26 21:41:03", "elapsed": 154.982091, "delta": 1.632701}}
{"target": -1.304517204174097, "params": {"model__colsample_bylevel": 1.0, "model__colsample_bynode": 0.3, "model__colsample_bytree": 1.0, "model__learning_rate": 0.3, "model__max_depth": 3.395012457754878, "model__n_estimators": 17.456938527886546, "model__reg_lambda": 2.0345909713413515}, "datetime": {"datetime": "2021-03-26 21:41:05", "elapsed": 156.902468, "delta": 1.920377}}
{"target": -1.2899428511922504, "params": {"model__colsample_bylevel": 1.0, "model__colsample_bynode": 1.0, "model__colsample_bytree": 1.0, "model__learning_rate": 0.3, "model__max_depth": 5.274435173071929, "model__n_estimators": 28.999155868329694, "model__reg_lambda": 4.906900479817304}, "datetime": {"datetime": "2021-03-26 21:41:07", "elapsed": 158.845246, "delta": 1.942778}}
{"target": -1.3097515407072353, "params": {"model__colsample_bylevel": 1.0, "model__colsample_bynode": 1.0, "model__colsample_bytree": 1.0, "model__learning_rate": 0.3, "model__max_depth": 4.968179848081997, "model__n_estimators": 20.94790022801621, "model__reg_lambda": 5.918285865844359}, "datetime": {"datetime": "2021-03-26 21:41:09", "elapsed": 160.728744, "delta": 1.883498}}
{"target": -1.3407646424717448, "params": {"model__colsample_bylevel": 0.3, "model__colsample_bynode": 1.0, "model__colsample_bytree": 1.0, "model__learning_rate": 0.3, "model__max_depth": 8.0, "model__n_estimators": 15.0, "model__reg_lambda": 7.74237448959995}, "datetime": {"datetime": "2021-03-26 21:41:11", "elapsed": 162.306698, "delta": 1.577954}}
{"target": -1.3036118576789033, "params": {"model__colsample_bylevel": 1.0, "model__colsample_bynode": 0.3, "model__colsample_bytree": 1.0, "model__learning_rate": 0.3, "model__max_depth": 4.14204915259413, "model__n_estimators": 15.0, "model__reg_lambda": 4.442728462173645}, "datetime": {"datetime": "2021-03-26 21:41:12", "elapsed": 164.068247, "delta": 1.761549}}
{"target": -1.547760509148888, "params": {"model__colsample_bylevel": 1.0, "model__colsample_bynode": 0.3, "model__colsample_bytree": 0.3, "model__learning_rate": 0.3, "model__max_depth": 2.0, "model__n_estimators": 21.218095529866712, "model__reg_lambda": 7.723564462860323}, "datetime": {"datetime": "2021-03-26 21:41:14", "elapsed": 165.362459, "delta": 1.294212}}
{"target": -1.3436426938389956, "params": {"model__colsample_bylevel": 1.0, "model__colsample_bynode": 1.0, "model__colsample_bytree": 1.0, "model__learning_rate": 0.3, "model__max_depth": 8.0, "model__n_estimators": 16.875200339350737, "model__reg_lambda": 7.20619427798601}, "datetime": {"datetime": "2021-03-26 21:41:15", "elapsed": 167.153933, "delta": 1.791474}}
{"target": -1.306493105177862, "params": {"model__colsample_bylevel": 1.0, "model__colsample_bynode": 0.3, "model__colsample_bytree": 1.0, "model__learning_rate": 0.3, "model__max_depth": 5.342528174500543, "model__n_estimators": 16.472981306637195, "model__reg_lambda": 5.995612278399713}, "datetime": {"datetime": "2021-03-26 21:41:17", "elapsed": 168.937052, "delta": 1.783119}}
{"target": -1.2958225709615627, "params": {"model__colsample_bylevel": 0.3, "model__colsample_bynode": 1.0, "model__colsample_bytree": 1.0, "model__learning_rate": 0.3, "model__max_depth": 3.768938644068892, "model__n_estimators": 20.396057820737763, "model__reg_lambda": 8.608140930260223}, "datetime": {"datetime": "2021-03-26 21:41:19", "elapsed": 170.80328, "delta": 1.866228}}
{"target": -1.3551420434337593, "params": {"model__colsample_bylevel": 1.0, "model__colsample_bynode": 1.0, "model__colsample_bytree": 1.0, "model__learning_rate": 0.3, "model__max_depth": 2.0, "model__n_estimators": 15.0, "model__reg_lambda": 0.0}, "datetime": {"datetime": "2021-03-26 21:41:21", "elapsed": 172.461369, "delta": 1.658089}}
{"target": -1.4372817376942333, "params": {"model__colsample_bylevel": 1.0, "model__colsample_bynode": 1.0, "model__colsample_bytree": 1.0, "model__learning_rate": 0.3, "model__max_depth": 8.0, "model__n_estimators": 23.23029123824815, "model__reg_lambda": 0.0}, "datetime": {"datetime": "2021-03-26 21:41:23", "elapsed": 174.294588, "delta": 1.833219}}
{"target": -1.309622079881745, "params": {"model__colsample_bylevel": 1.0, "model__colsample_bynode": 0.3, "model__colsample_bytree": 1.0, "model__learning_rate": 0.3, "model__max_depth": 4.402962660127481, "model__n_estimators": 19.42618213433986, "model__reg_lambda": 8.441642283510815}, "datetime": {"datetime": "2021-03-26 21:41:24", "elapsed": 175.8614, "delta": 1.566812}}
{"target": -1.2542133339316301, "params": {"model__colsample_bylevel": 0.3, "model__colsample_bynode": 1.0, "model__colsample_bytree": 1.0, "model__learning_rate": 0.3, "model__max_depth": 4.4209023069714455, "model__n_estimators": 28.499735461635183, "model__reg_lambda": 7.881067676513431}, "datetime": {"datetime": "2021-03-26 21:41:26", "elapsed": 177.9245, "delta": 2.0631}}
{"target": -1.2610266443476945, "params": {"model__colsample_bylevel": 1.0, "model__colsample_bynode": 0.3, "model__colsample_bytree": 1.0, "model__learning_rate": 0.3, "model__max_depth": 6.218801440379433, "model__n_estimators": 24.012749185921027, "model__reg_lambda": 4.639977154583663}, "datetime": {"datetime": "2021-03-26 21:41:28", "elapsed": 179.672786, "delta": 1.748286}}
{"target": -1.2955022533086764, "params": {"model__colsample_bylevel": 1.0, "model__colsample_bynode": 1.0, "model__colsample_bytree": 1.0, "model__learning_rate": 0.3, "model__max_depth": 8.0, "model__n_estimators": 18.9447545559135, "model__reg_lambda": 3.46008422565073}, "datetime": {"datetime": "2021-03-26 21:41:30", "elapsed": 181.556427, "delta": 1.883641}}
{"target": -1.2327684230562572, "params": {"model__colsample_bylevel": 1.0, "model__colsample_bynode": 0.3, "model__colsample_bytree": 1.0, "model__learning_rate": 0.3, "model__max_depth": 6.055760837400375, "model__n_estimators": 21.517803904024817, "model__reg_lambda": 1.6618522723672187}, "datetime": {"datetime": "2021-03-26 21:41:32", "elapsed": 183.461009, "delta": 1.904582}}
{"target": -1.2542072730388603, "params": {"model__colsample_bylevel": 1.0, "model__colsample_bynode": 0.3, "model__colsample_bytree": 1.0, "model__learning_rate": 0.3, "model__max_depth": 6.942000005362229, "model__n_estimators": 25.98657931262555, "model__reg_lambda": 1.1937918388827489}, "datetime": {"datetime": "2021-03-26 21:41:34", "elapsed": 185.384891, "delta": 1.923882}}
{"target": -1.239033795254764, "params": {"model__colsample_bylevel": 1.0, "model__colsample_bynode": 0.3, "model__colsample_bytree": 1.0, "model__learning_rate": 0.3, "model__max_depth": 5.410294827149793, "model__n_estimators": 28.23957855760778, "model__reg_lambda": 8.5782849477715}, "datetime": {"datetime": "2021-03-26 21:41:36", "elapsed": 187.386507, "delta": 2.001616}}
{"target": -1.2329005678913192, "params": {"model__colsample_bylevel": 0.3, "model__colsample_bynode": 1.0, "model__colsample_bytree": 1.0, "model__learning_rate": 0.3, "model__max_depth": 8.0, "model__n_estimators": 25.700578785501257, "model__reg_lambda": 3.15270938188771}, "datetime": {"datetime": "2021-03-26 21:41:37", "elapsed": 189.074122, "delta": 1.687615}}
{"target": -1.2273217248811346, "params": {"model__colsample_bylevel": 0.3, "model__colsample_bynode": 1.0, "model__colsample_bytree": 1.0, "model__learning_rate": 0.3, "model__max_depth": 6.278313072636495, "model__n_estimators": 27.234863773301928, "model__reg_lambda": 2.370262579176274}, "datetime": {"datetime": "2021-03-26 21:41:39", "elapsed": 190.97303, "delta": 1.898908}}
{"target": -1.2326478607574667, "params": {"model__colsample_bylevel": 0.3, "model__colsample_bynode": 1.0, "model__colsample_bytree": 1.0, "model__learning_rate": 0.3, "model__max_depth": 6.467649510784325, "model__n_estimators": 25.552440151638983, "model__reg_lambda": 1.9465356010534463}, "datetime": {"datetime": "2021-03-26 21:41:41", "elapsed": 193.005224, "delta": 2.032194}}
{"target": -1.4045222704285296, "params": {"model__colsample_bylevel": 1.0, "model__colsample_bynode": 0.3, "model__colsample_bytree": 1.0, "model__learning_rate": 0.1, "model__max_depth": 5.115127931697979, "model__n_estimators": 20.098243307672963, "model__reg_lambda": 1.5047267159131474}, "datetime": {"datetime": "2021-03-26 21:41:43", "elapsed": 195.019868, "delta": 2.014644}}
{"target": -1.3521552918802784, "params": {"model__colsample_bylevel": 0.3, "model__colsample_bynode": 0.3, "model__colsample_bytree": 1.0, "model__learning_rate": 0.3, "model__max_depth": 4.687316147476822, "model__n_estimators": 28.63593855416719, "model__reg_lambda": 6.446959412948308}, "datetime": {"datetime": "2021-03-26 21:41:46", "elapsed": 197.251481, "delta": 2.231613}}
{"target": -1.3850220455207687, "params": {"model__colsample_bylevel": 1.0, "model__colsample_bynode": 0.3, "model__colsample_bytree": 0.3, "model__learning_rate": 0.3, "model__max_depth": 2.0, "model__n_estimators": 25.151299354448597, "model__reg_lambda": 0.0}, "datetime": {"datetime": "2021-03-26 21:41:47", "elapsed": 198.814691, "delta": 1.56321}}
{"target": -1.415183562748269, "params": {"model__colsample_bylevel": 1.0, "model__colsample_bynode": 1.0, "model__colsample_bytree": 1.0, "model__learning_rate": 0.3, "model__max_depth": 5.679857273843644, "model__n_estimators": 21.658032060165755, "model__reg_lambda": 0.0}, "datetime": {"datetime": "2021-03-26 21:41:49", "elapsed": 200.843911, "delta": 2.02922}}
{"target": -1.3014559247976414, "params": {"model__colsample_bylevel": 1.0, "model__colsample_bynode": 1.0, "model__colsample_bytree": 1.0, "model__learning_rate": 0.3, "model__max_depth": 4.280072642242963, "model__n_estimators": 18.197359390451002, "model__reg_lambda": 3.1913916534594704}, "datetime": {"datetime": "2021-03-26 21:41:51", "elapsed": 202.8986, "delta": 2.054689}}
{"target": -1.389176108531546, "params": {"model__colsample_bylevel": 1.0, "model__colsample_bynode": 0.3, "model__colsample_bytree": 0.3, "model__learning_rate": 0.3, "model__max_depth": 5.658473806507751, "model__n_estimators": 21.38143403922009, "model__reg_lambda": 3.0316763364621693}, "datetime": {"datetime": "2021-03-26 21:41:53", "elapsed": 204.68182, "delta": 1.78322}}
{"target": -1.4289823600293503, "params": {"model__colsample_bylevel": 0.3, "model__colsample_bynode": 0.3, "model__colsample_bytree": 1.0, "model__learning_rate": 0.3, "model__max_depth": 8.0, "model__n_estimators": 23.350456115509136, "model__reg_lambda": 10.0}, "datetime": {"datetime": "2021-03-26 21:41:55", "elapsed": 206.655401, "delta": 1.973581}}
{"target": -1.4431381697564023, "params": {"model__colsample_bylevel": 1.0, "model__colsample_bynode": 1.0, "model__colsample_bytree": 1.0, "model__learning_rate": 0.3, "model__max_depth": 2.0, "model__n_estimators": 15.0, "model__reg_lambda": 10.0}, "datetime": {"datetime": "2021-03-26 21:41:57", "elapsed": 208.490247, "delta": 1.834846}}
{"target": -1.4389877014941928, "params": {"model__colsample_bylevel": 1.0, "model__colsample_bynode": 0.3, "model__colsample_bytree": 1.0, "model__learning_rate": 0.3, "model__max_depth": 2.0, "model__n_estimators": 15.0, "model__reg_lambda": 7.112574225028192}, "datetime": {"datetime": "2021-03-26 21:41:58", "elapsed": 210.147394, "delta": 1.657147}}
{"target": -1.2411365915994172, "params": {"model__colsample_bylevel": 0.3, "model__colsample_bynode": 1.0, "model__colsample_bytree": 1.0, "model__learning_rate": 0.3, "model__max_depth": 7.132426842623988, "model__n_estimators": 26.636603566109986, "model__reg_lambda": 7.779840670652545}, "datetime": {"datetime": "2021-03-26 21:42:01", "elapsed": 212.230538, "delta": 2.083144}}
{"target": -1.3449691231187055, "params": {"model__colsample_bylevel": 1.0, "model__colsample_bynode": 1.0, "model__colsample_bytree": 1.0, "model__learning_rate": 0.3, "model__max_depth": 2.0, "model__n_estimators": 23.489833319276205, "model__reg_lambda": 5.042045744540821}, "datetime": {"datetime": "2021-03-26 21:42:03", "elapsed": 214.342334, "delta": 2.111796}}
{"target": -1.2907848182174821, "params": {"model__colsample_bylevel": 1.0, "model__colsample_bynode": 1.0, "model__colsample_bytree": 1.0, "model__learning_rate": 0.3, "model__max_depth": 4.907924253137272, "model__n_estimators": 27.143604754573964, "model__reg_lambda": 8.494190311412876}, "datetime": {"datetime": "2021-03-26 21:42:05", "elapsed": 216.382644, "delta": 2.04031}}
{"target": -1.3586942071115353, "params": {"model__colsample_bylevel": 1.0, "model__colsample_bynode": 1.0, "model__colsample_bytree": 1.0, "model__learning_rate": 0.3, "model__max_depth": 2.95749752371321, "model__n_estimators": 30.0, "model__reg_lambda": 0.0}, "datetime": {"datetime": "2021-03-26 21:42:07", "elapsed": 218.259892, "delta": 1.877248}}
{"target": -1.2981015319153126, "params": {"model__colsample_bylevel": 1.0, "model__colsample_bynode": 1.0, "model__colsample_bytree": 1.0, "model__learning_rate": 0.3, "model__max_depth": 8.0, "model__n_estimators": 25.72965867866482, "model__reg_lambda": 8.704340523950302}, "datetime": {"datetime": "2021-03-26 21:42:08", "elapsed": 220.153321, "delta": 1.893429}}
{"target": -1.2771749256961589, "params": {"model__colsample_bylevel": 0.3, "model__colsample_bynode": 1.0, "model__colsample_bytree": 1.0, "model__learning_rate": 0.3, "model__max_depth": 2.7769114039941822, "model__n_estimators": 28.71228677982486, "model__reg_lambda": 10.0}, "datetime": {"datetime": "2021-03-26 21:42:10", "elapsed": 222.117415, "delta": 1.964094}}
