{"target": -1.6552386302554951, "params": {"model__colsample_bylevel": 1.0, "model__colsample_bynode": 0.3, "model__colsample_bytree": 0.3, "model__learning_rate": 0.3, "model__max_depth": 2.0, "model__n_estimators": 15.0, "model__reg_lambda": 10.0}, "datetime": {"datetime": "2021-03-26 21:44:10", "elapsed": 341.787375, "delta": 1.709116}}
{"target": -1.310857392196962, "params": {"model__colsample_bylevel": 1.0, "model__colsample_bynode": 1.0, "model__colsample_bytree": 1.0, "model__learning_rate": 0.3, "model__max_depth": 8.0, "model__n_estimators": 17.15550755489653, "model__reg_lambda": 4.257274664625349}, "datetime": {"datetime": "2021-03-26 21:44:12", "elapsed": 344.051778, "delta": 2.264403}}
{"target": -1.302007827154644, "params": {"model__colsample_bylevel": 0.3, "model__colsample_bynode": 1.0, "model__colsample_bytree": 1.0, "model__learning_rate": 0.3, "model__max_depth": 2.0, "model__n_estimators": 30.0, "model__reg_lambda": 8.451170917846534}, "datetime": {"datetime": "2021-03-26 21:44:15", "elapsed": 346.555468, "delta": 2.50369}}
{"target": -1.2602718822199148, "params": {"model__colsample_bylevel": 0.3, "model__colsample_bynode": 1.0, "model__colsample_bytree": 1.0, "model__learning_rate": 0.3, "model__max_depth": 5.5068197284921645, "model__n_estimators": 25.85530010989915, "model__reg_lambda": 7.024962960766905}, "datetime": {"datetime": "2021-03-26 21:44:17", "elapsed": 348.507963, "delta": 1.952495}}
{"target": -1.490051355968783, "params": {"model__colsample_bylevel": 0.3, "model__colsample_bynode": 1.0, "model__colsample_bytree": 1.0, "model__learning_rate": 0.1, "model__max_depth": 8.0, "model__n_estimators": 26.813419924207974, "model__reg_lambda": 10.0}, "datetime": {"datetime": "2021-03-26 21:44:19", "elapsed": 350.908935, "delta": 2.400972}}
{"target": -1.3885887052647878, "params": {"model__colsample_bylevel": 1.0, "model__colsample_bynode": 0.3, "model__colsample_bytree": 0.3, "model__learning_rate": 0.3, "model__max_depth": 8.0, "model__n_estimators": 30.0, "model__reg_lambda": 8.13320639435434}, "datetime": {"datetime": "2021-03-26 21:44:21", "elapsed": 352.910391, "delta": 2.001456}}
{"target": -1.2652746266172523, "params": {"model__colsample_bylevel": 0.3, "model__colsample_bynode": 1.0, "model__colsample_bytree": 1.0, "model__learning_rate": 0.3, "model__max_depth": 8.0, "model__n_estimators": 18.616113545389222, "model__reg_lambda": 1.5068110623397648}, "datetime": {"datetime": "2021-03-26 21:44:24", "elapsed": 355.614843, "delta": 2.704452}}
{"target": -1.3406119756252115, "params": {"model__colsample_bylevel": 1.0, "model__colsample_bynode": 1.0, "model__colsample_bytree": 1.0, "model__learning_rate": 0.3, "model__max_depth": 2.0, "model__n_estimators": 19.535105798218446, "model__reg_lambda": 1.786507956140873}, "datetime": {"datetime": "2021-03-26 21:44:26", "elapsed": 357.638022, "delta": 2.023179}}
{"target": -1.3509249729954678, "params": {"model__colsample_bylevel": 1.0, "model__colsample_bynode": 1.0, "model__colsample_bytree": 1.0, "model__learning_rate": 0.3, "model__max_depth": 5.215750884848063, "model__n_estimators": 15.0, "model__reg_lambda": 8.34905165820228}, "datetime": {"datetime": "2021-03-26 21:44:28", "elapsed": 359.751793, "delta": 2.113771}}
{"target": -1.2534860440219444, "params": {"model__colsample_bylevel": 0.3, "model__colsample_bynode": 1.0, "model__colsample_bytree": 1.0, "model__learning_rate": 0.3, "model__max_depth": 8.0, "model__n_estimators": 22.176458003609675, "model__reg_lambda": 3.0331954269074113}, "datetime": {"datetime": "2021-03-26 21:44:30", "elapsed": 361.854892, "delta": 2.103099}}
{"target": -1.451681343941153, "params": {"model__colsample_bylevel": 0.3, "model__colsample_bynode": 1.0, "model__colsample_bytree": 0.3, "model__learning_rate": 0.3, "model__max_depth": 8.0, "model__n_estimators": 15.0, "model__reg_lambda": 2.0779203036567577}, "datetime": {"datetime": "2021-03-26 21:44:33", "elapsed": 364.267746, "delta": 2.412854}}
{"target": -1.3117251925980267, "params": {"model__colsample_bylevel": 1.0, "model__colsample_bynode": 1.0, "model__colsample_bytree": 1.0, "model__learning_rate": 0.3, "model__max_depth": 7.387477796163244, "model__n_estimators": 15.0, "model__reg_lambda": 3.1887399343534724}, "datetime": {"datetime": "2021-03-26 21:44:35", "elapsed": 366.701414, "delta": 2.433668}}
{"target": -1.2312156168703476, "params": {"model__colsample_bylevel": 1.0, "model__colsample_bynode": 0.3, "model__colsample_bytree": 1.0, "model__learning_rate": 0.3, "model__max_depth": 6.649813718515667, "model__n_estimators": 23.060515504720463, "model__reg_lambda": 2.5245851489417266}, "datetime": {"datetime": "2021-03-26 21:44:37", "elapsed": 368.974816, "delta": 2.273402}}
{"target": -1.323545853054637, "params": {"model__colsample_bylevel": 1.0, "model__colsample_bynode": 0.3, "model__colsample_bytree": 1.0, "model__learning_rate": 0.3, "model__max_depth": 6.572850557298805, "model__n_estimators": 16.235545431525072, "model__reg_lambda": 0.0}, "datetime": {"datetime": "2021-03-26 21:44:39", "elapsed": 370.79414, "delta": 1.819324}}
{"target": -1.433558600347327, "params": {"model__colsample_bylevel": 0.3, "model__colsample_bynode": 0.3, "model__colsample_bytree": 1.0, "model__learning_rate": 0.3, "model__max_depth": 3.8576463118905733, "model__n_estimators": 21.809849808737702, "model__reg_lambda": 7.785044354495044}, "datetime": {"datetime": "2021-03-26 21:44:42", "elapsed": 373.779855, "delta": 2.985715}}
{"target": -1.3262719228917705, "params": {"model__colsample_bylevel": 1.0, "model__colsample_bynode": 1.0, "model__colsample_bytree": 1.0, "model__learning_rate": 0.3, "model__max_depth": 4.520893326038181, "model__n_estimators": 18.663153102611364, "model__reg_lambda": 7.679931138382276}, "datetime": {"datetime": "2021-03-26 21:44:44", "elapsed": 375.986138, "delta": 2.206283}}
