{"target": -1.3503842827445571, "params": {"model__colsample_bylevel": 0.3, "model__colsample_bynode": 0.3, "model__colsample_bytree": 1.0, "model__learning_rate": 0.3, "model__max_depth": 3.0, "model__n_estimators": 30.0, "model__reg_lambda": 0.0}, "datetime": {"datetime": "2021-03-26 21:38:31", "elapsed": 2.286941, "delta": 0.000268}}
{"target": -1.3503842827445571, "params": {"model__colsample_bylevel": 0.3, "model__colsample_bynode": 0.3, "model__colsample_bytree": 1.0, "model__learning_rate": 0.3, "model__max_depth": 3.0, "model__n_estimators": 30.0, "model__reg_lambda": 0.0}, "datetime": {"datetime": "2021-03-26 21:38:31", "elapsed": 2.287181, "delta": 0.00024}}
{"target": -1.3503842827445571, "params": {"model__colsample_bylevel": 0.3, "model__colsample_bynode": 0.3, "model__colsample_bytree": 1.0, "model__learning_rate": 0.3, "model__max_depth": 3.0, "model__n_estimators": 30.0, "model__reg_lambda": 0.0}, "datetime": {"datetime": "2021-03-26 21:38:31", "elapsed": 2.287413, "delta": 0.000232}}
{"target": -1.3503842827445571, "params": {"model__colsample_bylevel": 0.3, "model__colsample_bynode": 0.3, "model__colsample_bytree": 1.0, "model__learning_rate": 0.3, "model__max_depth": 3.0, "model__n_estimators": 30.0, "model__reg_lambda": 0.0}, "datetime": {"datetime": "2021-03-26 21:38:31", "elapsed": 2.287651, "delta": 0.000238}}
{"target": -1.3503842827445571, "params": {"model__colsample_bylevel": 0.3, "model__colsample_bynode": 0.3, "model__colsample_bytree": 1.0, "model__learning_rate": 0.3, "model__max_depth": 3.0, "model__n_estimators": 30.0, "model__reg_lambda": 0.0}, "datetime": {"datetime": "2021-03-26 21:38:31", "elapsed": 2.287893, "delta": 0.000242}}
{"target": -1.3503842827445571, "params": {"model__colsample_bylevel": 0.3, "model__colsample_bynode": 0.3, "model__colsample_bytree": 1.0, "model__learning_rate": 0.3, "model__max_depth": 3.0, "model__n_estimators": 30.0, "model__reg_lambda": 0.0}, "datetime": {"datetime": "2021-03-26 21:38:31", "elapsed": 2.28814, "delta": 0.000247}}
{"target": -1.3503842827445571, "params": {"model__colsample_bylevel": 0.3, "model__colsample_bynode": 0.3, "model__colsample_bytree": 1.0, "model__learning_rate": 0.3, "model__max_depth": 3.0, "model__n_estimators": 30.0, "model__reg_lambda": 0.0}, "datetime": {"datetime": "2021-03-26 21:38:31", "elapsed": 2.28838, "delta": 0.00024}}
{"target": -1.346527009908164, "params": {"model__colsample_bylevel": 0.3, "model__colsample_bynode": 1.0, "model__colsample_bytree": 0.3, "model__learning_rate": 0.3, "model__max_depth": 3.0, "model__n_estimators": 30.0, "model__reg_lambda": 0.0}, "datetime": {"datetime": "2021-03-26 21:38:31", "elapsed": 2.379805, "delta": 0.091425}}
{"target": -1.346527009908164, "params": {"model__colsample_bylevel": 0.3, "model__colsample_bynode": 1.0, "model__colsample_bytree": 0.3, "model__learning_rate": 0.3, "model__max_depth": 3.0, "model__n_estimators": 30.0, "model__reg_lambda": 0.0}, "datetime": {"datetime": "2021-03-26 21:38:31", "elapsed": 2.380118, "delta": 0.000313}}
{"target": -1.346527009908164, "params": {"model__colsample_bylevel": 0.3, "model__colsample_bynode": 1.0, "model__colsample_bytree": 0.3, "model__learning_rate": 0.3, "model__max_depth": 3.0, "model__n_estimators": 30.0, "model__reg_lambda": 0.0}, "datetime": {"datetime": "2021-03-26 21:38:31", "elapsed": 2.380341, "delta": 0.000223}}
{"target": -1.3232089226741506, "params": {"model__colsample_bylevel": 1.0, "model__colsample_bynode": 1.0, "model__colsample_bytree": 0.3, "model__learning_rate": 0.3, "model__max_depth": 7.0, "model__n_estimators": 29.0, "model__reg_lambda": 0.8992698161788172}, "datetime": {"datetime": "2021-03-26 21:38:31", "elapsed": 2.526679, "delta": 0.146338}}
{"target": -1.3232089226741506, "params": {"model__colsample_bylevel": 1.0, "model__colsample_bynode": 1.0, "model__colsample_bytree": 0.3, "model__learning_rate": 0.3, "model__max_depth": 7.0, "model__n_estimators": 29.0, "model__reg_lambda": 0.8992698161788172}, "datetime": {"datetime": "2021-03-26 21:38:31", "elapsed": 2.527002, "delta": 0.000323}}
{"target": -1.3232089226741506, "params": {"model__colsample_bylevel": 1.0, "model__colsample_bynode": 1.0, "model__colsample_bytree": 0.3, "model__learning_rate": 0.3, "model__max_depth": 7.0, "model__n_estimators": 29.0, "model__reg_lambda": 0.8992698161788172}, "datetime": {"datetime": "2021-03-26 21:38:31", "elapsed": 2.527205, "delta": 0.000203}}
{"target": -1.3232089226741506, "params": {"model__colsample_bylevel": 1.0, "model__colsample_bynode": 1.0, "model__colsample_bytree": 0.3, "model__learning_rate": 0.3, "model__max_depth": 7.0, "model__n_estimators": 29.0, "model__reg_lambda": 0.8992698161788172}, "datetime": {"datetime": "2021-03-26 21:38:31", "elapsed": 2.527392, "delta": 0.000187}}
{"target": -1.3232089226741506, "params": {"model__colsample_bylevel": 1.0, "model__colsample_bynode": 1.0, "model__colsample_bytree": 0.3, "model__learning_rate": 0.3, "model__max_depth": 7.0, "model__n_estimators": 29.0, "model__reg_lambda": 0.8992698161788172}, "datetime": {"datetime": "2021-03-26 21:38:31", "elapsed": 2.527582, "delta": 0.00019}}
{"target": -1.2618193532336854, "params": {"model__colsample_bylevel": 0.3, "model__colsample_bynode": 1.0, "model__colsample_bytree": 1.0, "model__learning_rate": 0.3, "model__max_depth": 5.0, "model__n_estimators": 27.0, "model__reg_lambda": 0.7867539853727328}, "datetime": {"datetime": "2021-03-26 21:38:31", "elapsed": 2.665125, "delta": 0.137543}}
{"target": -1.2618193532336854, "params": {"model__colsample_bylevel": 0.3, "model__colsample_bynode": 1.0, "model__colsample_bytree": 1.0, "model__learning_rate": 0.3, "model__max_depth": 5.0, "model__n_estimators": 27.0, "model__reg_lambda": 0.7867539853727328}, "datetime": {"datetime": "2021-03-26 21:38:31", "elapsed": 2.665471, "delta": 0.000346}}
{"target": -1.3394238925498463, "params": {"model__colsample_bylevel": 0.8178614794685528, "model__colsample_bynode": 0.994558001696874, "model__colsample_bytree": 0.3115119451494659, "model__learning_rate": 0.28906451918586956, "model__max_depth": 5.0, "model__n_estimators": 28.0, "model__reg_lambda": 0.2662238317020982}, "datetime": {"datetime": "2021-03-26 21:38:31", "elapsed": 2.796488, "delta": 0.131017}}
{"target": -1.316952317909243, "params": {"model__colsample_bylevel": 1.0, "model__colsample_bynode": 0.3, "model__colsample_bytree": 1.0, "model__learning_rate": 0.3, "model__max_depth": 8.0, "model__n_estimators": 26.0, "model__reg_lambda": 0.0}, "datetime": {"datetime": "2021-03-26 21:38:31", "elapsed": 2.936046, "delta": 0.139558}}
{"target": -1.316952317909243, "params": {"model__colsample_bylevel": 1.0, "model__colsample_bynode": 0.3, "model__colsample_bytree": 1.0, "model__learning_rate": 0.3, "model__max_depth": 8.0, "model__n_estimators": 26.0, "model__reg_lambda": 0.0}, "datetime": {"datetime": "2021-03-26 21:38:31", "elapsed": 2.936394, "delta": 0.000348}}
{"target": -1.2343083649293345, "params": {"model__colsample_bylevel": 0.3, "model__colsample_bynode": 1.0, "model__colsample_bytree": 1.0, "model__learning_rate": 0.3, "model__max_depth": 4.0, "model__n_estimators": 30.0, "model__reg_lambda": 5.2267051267521865}, "datetime": {"datetime": "2021-03-26 21:38:31", "elapsed": 3.089662, "delta": 0.153268}}
{"target": -1.2820881890166766, "params": {"model__colsample_bylevel": 0.3, "model__colsample_bynode": 1.0, "model__colsample_bytree": 1.0, "model__learning_rate": 0.3, "model__max_depth": 4.0, "model__n_estimators": 24.0, "model__reg_lambda": 0.0}, "datetime": {"datetime": "2021-03-26 21:38:32", "elapsed": 3.208414, "delta": 0.118752}}
{"target": -1.2820881890166766, "params": {"model__colsample_bylevel": 0.3, "model__colsample_bynode": 1.0, "model__colsample_bytree": 1.0, "model__learning_rate": 0.3, "model__max_depth": 4.0, "model__n_estimators": 24.0, "model__reg_lambda": 0.0}, "datetime": {"datetime": "2021-03-26 21:38:32", "elapsed": 3.208748, "delta": 0.000334}}
{"target": -1.2820881890166766, "params": {"model__colsample_bylevel": 0.3, "model__colsample_bynode": 1.0, "model__colsample_bytree": 1.0, "model__learning_rate": 0.3, "model__max_depth": 4.0, "model__n_estimators": 24.0, "model__reg_lambda": 0.0}, "datetime": {"datetime": "2021-03-26 21:38:32", "elapsed": 3.20896, "delta": 0.000212}}
{"target": -1.2830656726075256, "params": {"model__colsample_bylevel": 0.9771781920922524, "model__colsample_bynode": 0.32231675796141457, "model__colsample_bytree": 0.36351801155056945, "model__learning_rate": 0.2735374424043734, "model__max_depth": 4.0, "model__n_estimators": 27.0, "model__reg_lambda": 0.03390676964142525}, "datetime": {"datetime": "2021-03-26 21:38:32", "elapsed": 3.305234, "delta": 0.096274}}
{"target": -1.2171071585146305, "params": {"model__colsample_bylevel": 0.997791559478736, "model__colsample_bynode": 0.3, "model__colsample_bytree": 1.0, "model__learning_rate": 0.3, "model__max_depth": 5.0, "model__n_estimators": 26.0, "model__reg_lambda": 2.1100917560746053}, "datetime": {"datetime": "2021-03-26 21:38:32", "elapsed": 3.445466, "delta": 0.140232}}
{"target": -1.255004526204362, "params": {"model__colsample_bylevel": 1.0, "model__colsample_bynode": 0.3, "model__colsample_bytree": 1.0, "model__learning_rate": 0.3, "model__max_depth": 5.0, "model__n_estimators": 29.0, "model__reg_lambda": 1.1083604018149935}, "datetime": {"datetime": "2021-03-26 21:38:32", "elapsed": 3.586954, "delta": 0.141488}}
{"target": -1.255004526204362, "params": {"model__colsample_bylevel": 1.0, "model__colsample_bynode": 0.3, "model__colsample_bytree": 1.0, "model__learning_rate": 0.3, "model__max_depth": 5.0, "model__n_estimators": 29.0, "model__reg_lambda": 1.1083604018149935}, "datetime": {"datetime": "2021-03-26 21:38:32", "elapsed": 3.587309, "delta": 0.000355}}
{"target": -1.255004526204362, "params": {"model__colsample_bylevel": 1.0, "model__colsample_bynode": 0.3, "model__colsample_bytree": 1.0, "model__learning_rate": 0.3, "model__max_depth": 5.0, "model__n_estimators": 29.0, "model__reg_lambda": 1.1083604018149935}, "datetime": {"datetime": "2021-03-26 21:38:32", "elapsed": 3.58753, "delta": 0.000221}}
{"target": -1.255004526204362, "params": {"model__colsample_bylevel": 1.0, "model__colsample_bynode": 0.3, "model__colsample_bytree": 1.0, "model__learning_rate": 0.3, "model__max_depth": 5.0, "model__n_estimators": 29.0, "model__reg_lambda": 1.1083604018149935}, "datetime": {"datetime": "2021-03-26 21:38:32", "elapsed": 3.587751, "delta": 0.000221}}
{"target": -1.297808585318642, "params": {"model__colsample_bylevel": 0.3, "model__colsample_bynode": 0.3, "model__colsample_bytree": 1.0, "model__learning_rate": 0.3, "model__max_depth": 5.0, "model__n_estimators": 28.0, "model__reg_lambda": 0.5212205010733681}, "datetime": {"datetime": "2021-03-26 21:38:32", "elapsed": 3.688445, "delta": 0.100694}}
{"target": -1.2312875467109614, "params": {"model__colsample_bylevel": 0.3, "model__colsample_bynode": 1.0, "model__colsample_bytree": 1.0, "model__learning_rate": 0.3, "model__max_depth": 8.0, "model__n_estimators": 29.0, "model__reg_lambda": 2.2756959007713733}, "datetime": {"datetime": "2021-03-26 21:38:32", "elapsed": 3.844754, "delta": 0.156309}}
{"target": -1.2350735691564994, "params": {"model__colsample_bylevel": 1.0, "model__colsample_bynode": 0.3, "model__colsample_bytree": 1.0, "model__learning_rate": 0.3, "model__max_depth": 4.0, "model__n_estimators": 29.0, "model__reg_lambda": 4.644645386656164}, "datetime": {"datetime": "2021-03-26 21:38:32", "elapsed": 3.98685, "delta": 0.142096}}
{"target": -1.266942747807859, "params": {"model__colsample_bylevel": 0.3, "model__colsample_bynode": 1.0, "model__colsample_bytree": 1.0, "model__learning_rate": 0.3, "model__max_depth": 5.0, "model__n_estimators": 29.0, "model__reg_lambda": 0.661802315099806}, "datetime": {"datetime": "2021-03-26 21:38:32", "elapsed": 4.138107, "delta": 0.151257}}
{"target": -1.266942747807859, "params": {"model__colsample_bylevel": 0.3, "model__colsample_bynode": 1.0, "model__colsample_bytree": 1.0, "model__learning_rate": 0.3, "model__max_depth": 5.0, "model__n_estimators": 29.0, "model__reg_lambda": 0.661802315099806}, "datetime": {"datetime": "2021-03-26 21:38:32", "elapsed": 4.138474, "delta": 0.000367}}
{"target": -1.266942747807859, "params": {"model__colsample_bylevel": 0.3, "model__colsample_bynode": 1.0, "model__colsample_bytree": 1.0, "model__learning_rate": 0.3, "model__max_depth": 5.0, "model__n_estimators": 29.0, "model__reg_lambda": 0.661802315099806}, "datetime": {"datetime": "2021-03-26 21:38:32", "elapsed": 4.138708, "delta": 0.000234}}
{"target": -1.266942747807859, "params": {"model__colsample_bylevel": 0.3, "model__colsample_bynode": 1.0, "model__colsample_bytree": 1.0, "model__learning_rate": 0.3, "model__max_depth": 5.0, "model__n_estimators": 29.0, "model__reg_lambda": 0.661802315099806}, "datetime": {"datetime": "2021-03-26 21:38:32", "elapsed": 4.138917, "delta": 0.000209}}
{"target": -1.2950147890796264, "params": {"model__colsample_bylevel": 1.0, "model__colsample_bynode": 1.0, "model__colsample_bytree": 0.3, "model__learning_rate": 0.3, "model__max_depth": 5.0, "model__n_estimators": 30.0, "model__reg_lambda": 2.7486543038228084}, "datetime": {"datetime": "2021-03-26 21:38:33", "elapsed": 4.290173, "delta": 0.151256}}
{"target": -1.3256982100965538, "params": {"model__colsample_bylevel": 1.0, "model__colsample_bynode": 1.0, "model__colsample_bytree": 0.3, "model__learning_rate": 0.3, "model__max_depth": 8.0, "model__n_estimators": 26.0, "model__reg_lambda": 1.9497539941799962}, "datetime": {"datetime": "2021-03-26 21:38:33", "elapsed": 4.444674, "delta": 0.154501}}
{"target": -1.3256982100965538, "params": {"model__colsample_bylevel": 1.0, "model__colsample_bynode": 1.0, "model__colsample_bytree": 0.3, "model__learning_rate": 0.3, "model__max_depth": 8.0, "model__n_estimators": 26.0, "model__reg_lambda": 1.9497539941799962}, "datetime": {"datetime": "2021-03-26 21:38:33", "elapsed": 4.44503, "delta": 0.000356}}
{"target": -1.3256982100965538, "params": {"model__colsample_bylevel": 1.0, "model__colsample_bynode": 1.0, "model__colsample_bytree": 0.3, "model__learning_rate": 0.3, "model__max_depth": 8.0, "model__n_estimators": 26.0, "model__reg_lambda": 1.9497539941799962}, "datetime": {"datetime": "2021-03-26 21:38:33", "elapsed": 4.445274, "delta": 0.000244}}
{"target": -1.3256982100965538, "params": {"model__colsample_bylevel": 1.0, "model__colsample_bynode": 1.0, "model__colsample_bytree": 0.3, "model__learning_rate": 0.3, "model__max_depth": 8.0, "model__n_estimators": 26.0, "model__reg_lambda": 1.9497539941799962}, "datetime": {"datetime": "2021-03-26 21:38:33", "elapsed": 4.445496, "delta": 0.000222}}
{"target": -1.299113359866475, "params": {"model__colsample_bylevel": 0.3, "model__colsample_bynode": 0.3, "model__colsample_bytree": 1.0, "model__learning_rate": 0.3, "model__max_depth": 6.0, "model__n_estimators": 28.0, "model__reg_lambda": 0.4551715257806571}, "datetime": {"datetime": "2021-03-26 21:38:33", "elapsed": 4.548987, "delta": 0.103491}}
{"target": -1.318294819675224, "params": {"model__colsample_bylevel": 0.3026886335215136, "model__colsample_bynode": 0.8372006160480527, "model__colsample_bytree": 0.994209519451724, "model__learning_rate": 0.2861641343109552, "model__max_depth": 3.0, "model__n_estimators": 27.0, "model__reg_lambda": 1.0839714773520515}, "datetime": {"datetime": "2021-03-26 21:38:33", "elapsed": 4.661934, "delta": 0.112947}}
{"target": -1.318294819675224, "params": {"model__colsample_bylevel": 0.3026886335215136, "model__colsample_bynode": 0.8372006160480527, "model__colsample_bytree": 0.994209519451724, "model__learning_rate": 0.2861641343109552, "model__max_depth": 3.0, "model__n_estimators": 27.0, "model__reg_lambda": 1.0839714773520515}, "datetime": {"datetime": "2021-03-26 21:38:33", "elapsed": 4.662317, "delta": 0.000383}}
{"target": -1.318294819675224, "params": {"model__colsample_bylevel": 0.3026886335215136, "model__colsample_bynode": 0.8372006160480527, "model__colsample_bytree": 0.994209519451724, "model__learning_rate": 0.2861641343109552, "model__max_depth": 3.0, "model__n_estimators": 27.0, "model__reg_lambda": 1.0839714773520515}, "datetime": {"datetime": "2021-03-26 21:38:33", "elapsed": 4.662556, "delta": 0.000239}}
{"target": -1.318294819675224, "params": {"model__colsample_bylevel": 0.3026886335215136, "model__colsample_bynode": 0.8372006160480527, "model__colsample_bytree": 0.994209519451724, "model__learning_rate": 0.2861641343109552, "model__max_depth": 3.0, "model__n_estimators": 27.0, "model__reg_lambda": 1.0839714773520515}, "datetime": {"datetime": "2021-03-26 21:38:33", "elapsed": 4.6628, "delta": 0.000244}}
{"target": -1.318294819675224, "params": {"model__colsample_bylevel": 0.3026886335215136, "model__colsample_bynode": 0.8372006160480527, "model__colsample_bytree": 0.994209519451724, "model__learning_rate": 0.2861641343109552, "model__max_depth": 3.0, "model__n_estimators": 27.0, "model__reg_lambda": 1.0839714773520515}, "datetime": {"datetime": "2021-03-26 21:38:33", "elapsed": 4.663022, "delta": 0.000222}}
{"target": -1.2216480607463829, "params": {"model__colsample_bylevel": 0.3, "model__colsample_bynode": 1.0, "model__colsample_bytree": 1.0, "model__learning_rate": 0.3, "model__max_depth": 8.0, "model__n_estimators": 30.0, "model__reg_lambda": 2.45406648275163}, "datetime": {"datetime": "2021-03-26 21:38:33", "elapsed": 4.830092, "delta": 0.16707}}
{"target": -1.2216480607463829, "params": {"model__colsample_bylevel": 0.3, "model__colsample_bynode": 1.0, "model__colsample_bytree": 1.0, "model__learning_rate": 0.3, "model__max_depth": 8.0, "model__n_estimators": 30.0, "model__reg_lambda": 2.45406648275163}, "datetime": {"datetime": "2021-03-26 21:38:33", "elapsed": 4.83049, "delta": 0.000398}}
{"target": -1.2269141136452664, "params": {"model__colsample_bylevel": 1.0, "model__colsample_bynode": 0.3, "model__colsample_bytree": 1.0, "model__learning_rate": 0.3, "model__max_depth": 7.0, "model__n_estimators": 25.0, "model__reg_lambda": 3.061171932801043}, "datetime": {"datetime": "2021-03-26 21:38:33", "elapsed": 4.975746, "delta": 0.145256}}
{"target": -1.2269141136452664, "params": {"model__colsample_bylevel": 1.0, "model__colsample_bynode": 0.3, "model__colsample_bytree": 1.0, "model__learning_rate": 0.3, "model__max_depth": 7.0, "model__n_estimators": 25.0, "model__reg_lambda": 3.061171932801043}, "datetime": {"datetime": "2021-03-26 21:38:33", "elapsed": 4.976117, "delta": 0.000371}}
{"target": -1.2269141136452664, "params": {"model__colsample_bylevel": 1.0, "model__colsample_bynode": 0.3, "model__colsample_bytree": 1.0, "model__learning_rate": 0.3, "model__max_depth": 7.0, "model__n_estimators": 25.0, "model__reg_lambda": 3.061171932801043}, "datetime": {"datetime": "2021-03-26 21:38:33", "elapsed": 4.976362, "delta": 0.000245}}
{"target": -1.681617662742518, "params": {"model__colsample_bylevel": 0.30726190771998996, "model__colsample_bynode": 0.651312214504117, "model__colsample_bytree": 0.6470413051939022, "model__learning_rate": 0.12676590579185532, "model__max_depth": 2.8526665127272315, "model__n_estimators": 18.278380134391174, "model__reg_lambda": 4.185081805104525}, "datetime": {"datetime": "2021-03-26 21:38:33", "elapsed": 5.062176, "delta": 0.085814}}
{"target": -1.379874074137837, "params": {"model__colsample_bylevel": 0.4736708178894914, "model__colsample_bynode": 0.35884175581574507, "model__colsample_bytree": 0.54184904803528, "model__learning_rate": 0.1333552693064643, "model__max_depth": 7.271354513195954, "model__n_estimators": 29.26446047440075, "model__reg_lambda": 0.38748375832319826}, "datetime": {"datetime": "2021-03-26 21:38:34", "elapsed": 5.178762, "delta": 0.116586}}
{"target": -1.2293638199810748, "params": {"model__colsample_bylevel": 0.7893751739791326, "model__colsample_bynode": 0.7009318708985864, "model__colsample_bytree": 0.9286049827576046, "model__learning_rate": 0.23337979458392732, "model__max_depth": 5.28702669827889, "model__n_estimators": 25.53641136102083, "model__reg_lambda": 3.864771696146654}, "datetime": {"datetime": "2021-03-26 21:38:34", "elapsed": 5.360366, "delta": 0.181604}}
{"target": -1.2016179469950576, "params": {"model__colsample_bylevel": 0.7861070744351207, "model__colsample_bynode": 0.8774093251503836, "model__colsample_bytree": 0.6259679327570861, "model__learning_rate": 0.28810488190533123, "model__max_depth": 6.822438620073907, "model__n_estimators": 29.75038872336499, "model__reg_lambda": 1.696362575837671}, "datetime": {"datetime": "2021-03-26 21:38:34", "elapsed": 5.541904, "delta": 0.181538}}
{"target": -1.2967240044428712, "params": {"model__colsample_bylevel": 0.6647592980218581, "model__colsample_bynode": 0.9618621918833685, "model__colsample_bytree": 0.7546783242123333, "model__learning_rate": 0.2721663846451393, "model__max_depth": 7.825076072541351, "model__n_estimators": 17.78312530401691, "model__reg_lambda": 2.431156753134085}, "datetime": {"datetime": "2021-03-26 21:38:34", "elapsed": 5.680306, "delta": 0.138402}}
{"target": -1.3188042631804728, "params": {"model__colsample_bylevel": 0.9113805901707872, "model__colsample_bynode": 0.9343940938464552, "model__colsample_bytree": 0.8307945907576542, "model__learning_rate": 0.16938039075510394, "model__max_depth": 4.781208283904345, "model__n_estimators": 24.15806611272194, "model__reg_lambda": 4.96281717671187}, "datetime": {"datetime": "2021-03-26 21:38:34", "elapsed": 5.889872, "delta": 0.209566}}
