{"target": -1.2175630441218939, "params": {"model__colsample_bylevel": 1.0, "model__colsample_bynode": 1.0, "model__colsample_bytree": 1.0, "model__learning_rate": 0.3, "model__max_depth": 8.0, "model__n_estimators": 27.36636712651668, "model__reg_lambda": 6.465485229895109}, "datetime": {"datetime": "2021-03-26 18:23:47", "elapsed": 306.524499, "delta": 2.406923}}
{"target": -1.210852182517503, "params": {"model__colsample_bylevel": 0.3, "model__colsample_bynode": 0.3, "model__colsample_bytree": 1.0, "model__learning_rate": 0.3, "model__max_depth": 6.773369255851676, "model__n_estimators": 30.0, "model__reg_lambda": 5.225289649686316}, "datetime": {"datetime": "2021-03-26 18:23:49", "elapsed": 308.661282, "delta": 2.136783}}
{"target": -1.1565100133500021, "params": {"model__colsample_bylevel": 0.3, "model__colsample_bynode": 0.3, "model__colsample_bytree": 1.0, "model__learning_rate": 0.3, "model__max_depth": 3.487086520643231, "model__n_estimators": 22.92108545242749, "model__reg_lambda": 0.0}, "datetime": {"datetime": "2021-03-26 18:23:51", "elapsed": 310.786555, "delta": 2.125273}}
{"target": -1.154174981973863, "params": {"model__colsample_bylevel": 0.3, "model__colsample_bynode": 0.3, "model__colsample_bytree": 1.0, "model__learning_rate": 0.3, "model__max_depth": 6.031723132357625, "model__n_estimators": 27.368159574532456, "model__reg_lambda": 0.0}, "datetime": {"datetime": "2021-03-26 18:23:53", "elapsed": 312.837115, "delta": 2.05056}}
{"target": -1.235435776223523, "params": {"model__colsample_bylevel": 1.0, "model__colsample_bynode": 1.0, "model__colsample_bytree": 1.0, "model__learning_rate": 0.3, "model__max_depth": 2.0, "model__n_estimators": 22.97055267181231, "model__reg_lambda": 5.536100469132469}, "datetime": {"datetime": "2021-03-26 18:23:55", "elapsed": 315.070882, "delta": 2.233767}}
{"target": -1.5009258488814037, "params": {"model__colsample_bylevel": 1.0, "model__colsample_bynode": 0.3, "model__colsample_bytree": 0.3, "model__learning_rate": 0.3, "model__max_depth": 2.0, "model__n_estimators": 20.238308577246638, "model__reg_lambda": 10.0}, "datetime": {"datetime": "2021-03-26 18:23:58", "elapsed": 317.400532, "delta": 2.32965}}
{"target": -1.1959817285069088, "params": {"model__colsample_bylevel": 1.0, "model__colsample_bynode": 1.0, "model__colsample_bytree": 0.3, "model__learning_rate": 0.3, "model__max_depth": 3.579202098726292, "model__n_estimators": 23.05239013071423, "model__reg_lambda": 6.381075409783716}, "datetime": {"datetime": "2021-03-26 18:24:00", "elapsed": 319.683011, "delta": 2.282479}}
{"target": -1.1107093156671382, "params": {"model__colsample_bylevel": 0.3, "model__colsample_bynode": 0.3, "model__colsample_bytree": 1.0, "model__learning_rate": 0.3, "model__max_depth": 3.931514043981399, "model__n_estimators": 27.332734088672108, "model__reg_lambda": 0.0}, "datetime": {"datetime": "2021-03-26 18:24:02", "elapsed": 321.81995, "delta": 2.136939}}
{"target": -1.1594956523819786, "params": {"model__colsample_bylevel": 1.0, "model__colsample_bynode": 1.0, "model__colsample_bytree": 0.3, "model__learning_rate": 0.3, "model__max_depth": 2.0, "model__n_estimators": 21.009413123670402, "model__reg_lambda": 0.0}, "datetime": {"datetime": "2021-03-26 18:24:05", "elapsed": 324.421645, "delta": 2.601695}}
{"target": -1.1640502849694991, "params": {"model__colsample_bylevel": 0.3, "model__colsample_bynode": 1.0, "model__colsample_bytree": 1.0, "model__learning_rate": 0.3, "model__max_depth": 6.760771333998779, "model__n_estimators": 27.86526323018525, "model__reg_lambda": 1.9547001529683337}, "datetime": {"datetime": "2021-03-26 18:24:07", "elapsed": 326.96144, "delta": 2.539795}}
{"target": -1.1915546232389045, "params": {"model__colsample_bylevel": 1.0, "model__colsample_bynode": 0.3, "model__colsample_bytree": 1.0, "model__learning_rate": 0.3, "model__max_depth": 4.821967460280491, "model__n_estimators": 23.285402057503024, "model__reg_lambda": 3.091534149629483}, "datetime": {"datetime": "2021-03-26 18:24:09", "elapsed": 328.893929, "delta": 1.932489}}
{"target": -1.2164445409024864, "params": {"model__colsample_bylevel": 1.0, "model__colsample_bynode": 1.0, "model__colsample_bytree": 1.0, "model__learning_rate": 0.3, "model__max_depth": 5.587204753961297, "model__n_estimators": 30.0, "model__reg_lambda": 6.528144187676057}, "datetime": {"datetime": "2021-03-26 18:24:12", "elapsed": 331.471734, "delta": 2.577805}}
{"target": -1.2185713035580903, "params": {"model__colsample_bylevel": 1.0, "model__colsample_bynode": 1.0, "model__colsample_bytree": 1.0, "model__learning_rate": 0.3, "model__max_depth": 2.0, "model__n_estimators": 30.0, "model__reg_lambda": 8.42847432512643}, "datetime": {"datetime": "2021-03-26 18:24:14", "elapsed": 333.63215, "delta": 2.160416}}
{"target": -1.256946679285687, "params": {"model__colsample_bylevel": 0.3, "model__colsample_bynode": 1.0, "model__colsample_bytree": 0.3, "model__learning_rate": 0.3, "model__max_depth": 8.0, "model__n_estimators": 30.0, "model__reg_lambda": 6.996489617408711}, "datetime": {"datetime": "2021-03-26 18:24:16", "elapsed": 335.544223, "delta": 1.912073}}
{"target": -1.2420858004913273, "params": {"model__colsample_bylevel": 0.3, "model__colsample_bynode": 0.3, "model__colsample_bytree": 1.0, "model__learning_rate": 0.3, "model__max_depth": 8.0, "model__n_estimators": 25.42629582303235, "model__reg_lambda": 4.380605565955746}, "datetime": {"datetime": "2021-03-26 18:24:18", "elapsed": 337.663585, "delta": 2.119362}}
{"target": -1.3034425364537299, "params": {"model__colsample_bylevel": 0.3, "model__colsample_bynode": 1.0, "model__colsample_bytree": 0.3, "model__learning_rate": 0.3, "model__max_depth": 8.0, "model__n_estimators": 28.484324591987754, "model__reg_lambda": 10.0}, "datetime": {"datetime": "2021-03-26 18:24:20", "elapsed": 339.623409, "delta": 1.959824}}
{"target": -1.1030344736951307, "params": {"model__colsample_bylevel": 1.0, "model__colsample_bynode": 1.0, "model__colsample_bytree": 0.3, "model__learning_rate": 0.3, "model__max_depth": 3.9982951395208866, "model__n_estimators": 27.867926732562623, "model__reg_lambda": 1.5347397655139536}, "datetime": {"datetime": "2021-03-26 18:24:22", "elapsed": 342.138723, "delta": 2.515314}}
{"target": -1.4401296516745419, "params": {"model__colsample_bylevel": 0.3, "model__colsample_bynode": 0.3, "model__colsample_bytree": 1.0, "model__learning_rate": 0.1, "model__max_depth": 8.0, "model__n_estimators": 17.328068581364615, "model__reg_lambda": 0.0}, "datetime": {"datetime": "2021-03-26 18:24:24", "elapsed": 344.254184, "delta": 2.115461}}
{"target": -1.2078103848260597, "params": {"model__colsample_bylevel": 1.0, "model__colsample_bynode": 1.0, "model__colsample_bytree": 0.3, "model__learning_rate": 0.3, "model__max_depth": 8.0, "model__n_estimators": 19.374329270057025, "model__reg_lambda": 2.8254715878462155}, "datetime": {"datetime": "2021-03-26 18:24:26", "elapsed": 346.254192, "delta": 2.000008}}
{"target": -1.1896675853085692, "params": {"model__colsample_bylevel": 0.3, "model__colsample_bynode": 1.0, "model__colsample_bytree": 0.3, "model__learning_rate": 0.3, "model__max_depth": 2.895407024877849, "model__n_estimators": 24.97838728568699, "model__reg_lambda": 0.0}, "datetime": {"datetime": "2021-03-26 18:24:29", "elapsed": 348.471644, "delta": 2.217452}}
{"target": -1.1676481726181194, "params": {"model__colsample_bylevel": 1.0, "model__colsample_bynode": 0.3, "model__colsample_bytree": 1.0, "model__learning_rate": 0.3, "model__max_depth": 4.724264409173658, "model__n_estimators": 26.40291264565433, "model__reg_lambda": 1.7276472769523372}, "datetime": {"datetime": "2021-03-26 18:24:31", "elapsed": 350.688242, "delta": 2.216598}}
{"target": -1.2787920903522465, "params": {"model__colsample_bylevel": 1.0, "model__colsample_bynode": 1.0, "model__colsample_bytree": 1.0, "model__learning_rate": 0.3, "model__max_depth": 8.0, "model__n_estimators": 19.32048506760984, "model__reg_lambda": 0.0}, "datetime": {"datetime": "2021-03-26 18:24:33", "elapsed": 353.343292, "delta": 2.65505}}
{"target": -1.1751268411318407, "params": {"model__colsample_bylevel": 0.3, "model__colsample_bynode": 1.0, "model__colsample_bytree": 1.0, "model__learning_rate": 0.3, "model__max_depth": 8.0, "model__n_estimators": 15.0, "model__reg_lambda": 0.0}, "datetime": {"datetime": "2021-03-26 18:24:35", "elapsed": 355.191512, "delta": 1.84822}}
{"target": -1.2733509438598287, "params": {"model__colsample_bylevel": 0.3, "model__colsample_bynode": 1.0, "model__colsample_bytree": 0.3, "model__learning_rate": 0.3, "model__max_depth": 8.0, "model__n_estimators": 22.630536074791127, "model__reg_lambda": 3.664702067010211}, "datetime": {"datetime": "2021-03-26 18:24:38", "elapsed": 357.46055, "delta": 2.269038}}
{"target": -1.1369372813078318, "params": {"model__colsample_bylevel": 0.3, "model__colsample_bynode": 1.0, "model__colsample_bytree": 1.0, "model__learning_rate": 0.3, "model__max_depth": 6.91276387798675, "model__n_estimators": 21.84560685801789, "model__reg_lambda": 0.0}, "datetime": {"datetime": "2021-03-26 18:24:40", "elapsed": 359.876051, "delta": 2.415501}}
{"target": -1.3152832311375635, "params": {"model__colsample_bylevel": 1.0, "model__colsample_bynode": 0.3, "model__colsample_bytree": 0.3, "model__learning_rate": 0.3, "model__max_depth": 5.5654069592381745, "model__n_estimators": 19.34373098707362, "model__reg_lambda": 2.824405832218771}, "datetime": {"datetime": "2021-03-26 18:24:42", "elapsed": 362.140288, "delta": 2.264237}}
{"target": -1.2340680084015794, "params": {"model__colsample_bylevel": 1.0, "model__colsample_bynode": 1.0, "model__colsample_bytree": 1.0, "model__learning_rate": 0.3, "model__max_depth": 3.7994800144895127, "model__n_estimators": 17.048438751618008, "model__reg_lambda": 2.9885415191956093}, "datetime": {"datetime": "2021-03-26 18:24:44", "elapsed": 364.222813, "delta": 2.082525}}
{"target": -1.241716306694392, "params": {"model__colsample_bylevel": 0.3, "model__colsample_bynode": 1.0, "model__colsample_bytree": 1.0, "model__learning_rate": 0.3, "model__max_depth": 4.309765839746688, "model__n_estimators": 18.772612506084126, "model__reg_lambda": 6.408407712975456}, "datetime": {"datetime": "2021-03-26 18:24:47", "elapsed": 366.366318, "delta": 2.143505}}
{"target": -1.1890367354846736, "params": {"model__colsample_bylevel": 0.3, "model__colsample_bynode": 1.0, "model__colsample_bytree": 1.0, "model__learning_rate": 0.3, "model__max_depth": 3.9774700491622696, "model__n_estimators": 26.616362805926105, "model__reg_lambda": 5.8997052228396605}, "datetime": {"datetime": "2021-03-26 18:24:49", "elapsed": 369.136471, "delta": 2.770153}}
{"target": -1.238410096982683, "params": {"model__colsample_bylevel": 1.0, "model__colsample_bynode": 0.3, "model__colsample_bytree": 1.0, "model__learning_rate": 0.3, "model__max_depth": 3.850958135616049, "model__n_estimators": 15.0, "model__reg_lambda": 1.826976462322619}, "datetime": {"datetime": "2021-03-26 18:24:51", "elapsed": 371.235116, "delta": 2.098645}}
{"target": -1.269946100152489, "params": {"model__colsample_bylevel": 1.0, "model__colsample_bynode": 1.0, "model__colsample_bytree": 0.3, "model__learning_rate": 0.3, "model__max_depth": 5.6804385102925234, "model__n_estimators": 20.822930971734568, "model__reg_lambda": 10.0}, "datetime": {"datetime": "2021-03-26 18:24:54", "elapsed": 373.951118, "delta": 2.716002}}
{"target": -1.2242329073071048, "params": {"model__colsample_bylevel": 0.3, "model__colsample_bynode": 1.0, "model__colsample_bytree": 1.0, "model__learning_rate": 0.3, "model__max_depth": 2.0, "model__n_estimators": 25.813848559434312, "model__reg_lambda": 4.896855321108079}, "datetime": {"datetime": "2021-03-26 18:24:56", "elapsed": 376.049058, "delta": 2.09794}}
{"target": -1.2170924898911861, "params": {"model__colsample_bylevel": 1.0, "model__colsample_bynode": 0.3, "model__colsample_bytree": 1.0, "model__learning_rate": 0.3, "model__max_depth": 8.0, "model__n_estimators": 24.97268882895992, "model__reg_lambda": 10.0}, "datetime": {"datetime": "2021-03-26 18:24:59", "elapsed": 378.554079, "delta": 2.505021}}
{"target": -1.1353914213596263, "params": {"model__colsample_bylevel": 1.0, "model__colsample_bynode": 0.3, "model__colsample_bytree": 1.0, "model__learning_rate": 0.3, "model__max_depth": 2.0, "model__n_estimators": 30.0, "model__reg_lambda": 0.0}, "datetime": {"datetime": "2021-03-26 18:25:01", "elapsed": 381.349261, "delta": 2.795182}}
{"target": -1.3046962305012606, "params": {"model__colsample_bylevel": 1.0, "model__colsample_bynode": 0.3, "model__colsample_bytree": 0.3, "model__learning_rate": 0.3, "model__max_depth": 8.0, "model__n_estimators": 26.481371889529242, "model__reg_lambda": 9.015628622803696}, "datetime": {"datetime": "2021-03-26 18:25:04", "elapsed": 383.357857, "delta": 2.008596}}
{"target": -1.2241907968739238, "params": {"model__colsample_bylevel": 0.3, "model__colsample_bynode": 0.3, "model__colsample_bytree": 1.0, "model__learning_rate": 0.3, "model__max_depth": 3.4861312970281446, "model__n_estimators": 30.0, "model__reg_lambda": 4.9702139964776055}, "datetime": {"datetime": "2021-03-26 18:25:06", "elapsed": 385.746001, "delta": 2.388144}}
{"target": -1.262042761955788, "params": {"model__colsample_bylevel": 1.0, "model__colsample_bynode": 0.3, "model__colsample_bytree": 1.0, "model__learning_rate": 0.3, "model__max_depth": 2.0, "model__n_estimators": 17.82364279999311, "model__reg_lambda": 1.6730960090263542}, "datetime": {"datetime": "2021-03-26 18:25:08", "elapsed": 387.789556, "delta": 2.043555}}
{"target": -1.4231375386088114, "params": {"model__colsample_bylevel": 0.3, "model__colsample_bynode": 0.30000000000000004, "model__colsample_bytree": 0.3, "model__learning_rate": 0.3, "model__max_depth": 8.0, "model__n_estimators": 15.0, "model__reg_lambda": 0.0}, "datetime": {"datetime": "2021-03-26 18:25:11", "elapsed": 390.792387, "delta": 3.002831}}
{"target": -1.2019715507639628, "params": {"model__colsample_bylevel": 0.3, "model__colsample_bynode": 0.3, "model__colsample_bytree": 1.0, "model__learning_rate": 0.3, "model__max_depth": 6.852499584947171, "model__n_estimators": 20.58446467654119, "model__reg_lambda": 0.0}, "datetime": {"datetime": "2021-03-26 18:25:13", "elapsed": 392.937274, "delta": 2.144887}}
{"target": -1.2856966681548976, "params": {"model__colsample_bylevel": 1.0, "model__colsample_bynode": 1.0, "model__colsample_bytree": 1.0, "model__learning_rate": 0.3, "model__max_depth": 7.592364921182046, "model__n_estimators": 15.94555445030119, "model__reg_lambda": 0.0}, "datetime": {"datetime": "2021-03-26 18:25:16", "elapsed": 395.397453, "delta": 2.460179}}
{"target": -1.1672965287399628, "params": {"model__colsample_bylevel": 0.3, "model__colsample_bynode": 1.0, "model__colsample_bytree": 1.0, "model__learning_rate": 0.3, "model__max_depth": 5.5065437381306, "model__n_estimators": 24.90826577099616, "model__reg_lambda": 1.3800666480877102}, "datetime": {"datetime": "2021-03-26 18:25:18", "elapsed": 397.670173, "delta": 2.27272}}
{"target": -1.3526637704422078, "params": {"model__colsample_bylevel": 1.0, "model__colsample_bynode": 0.3, "model__colsample_bytree": 1.0, "model__learning_rate": 0.3, "model__max_depth": 2.0, "model__n_estimators": 15.0, "model__reg_lambda": 6.692943990868311}, "datetime": {"datetime": "2021-03-26 18:25:20", "elapsed": 400.210619, "delta": 2.540446}}
