{"target": -1.252369325840171, "params": {"model__colsample_bylevel": 0.8442678591461368, "model__colsample_bynode": 0.3977149946980818, "model__colsample_bytree": 0.6158425941754111, "model__learning_rate": 0.1245045248421828, "model__max_depth": 6.897715409068526, "model__n_estimators": 27.65234893164894, "model__reg_lambda": 1.1477505735172433}, "datetime": {"datetime": "2021-03-26 18:18:53", "elapsed": 13.048502, "delta": 0.255391}}
{"target": -1.2498785960312555, "params": {"model__colsample_bylevel": 0.8046871964072875, "model__colsample_bynode": 0.9463208373893632, "model__colsample_bytree": 0.5702216525068842, "model__learning_rate": 0.25542256115422385, "model__max_depth": 7.543314227663024, "model__n_estimators": 15.074271146872483, "model__reg_lambda": 2.7258381373747875}, "datetime": {"datetime": "2021-03-26 18:18:53", "elapsed": 13.267417, "delta": 0.218915}}
{"target": -1.790575759631136, "params": {"model__colsample_bylevel": 0.325563385911891, "model__colsample_bynode": 0.4394342284138872, "model__colsample_bytree": 0.3078454924320954, "model__learning_rate": 0.10977990666788635, "model__max_depth": 5.896055639118223, "model__n_estimators": 19.33085301818661, "model__reg_lambda": 8.44410233607059}, "datetime": {"datetime": "2021-03-26 18:18:54", "elapsed": 13.371443, "delta": 0.104026}}
{"target": -1.2393032866435638, "params": {"model__colsample_bylevel": 0.5333078077907257, "model__colsample_bynode": 0.9449148964303926, "model__colsample_bytree": 0.39197068792833056, "model__learning_rate": 0.2098009976534188, "model__max_depth": 3.7666070082368948, "model__n_estimators": 27.09229802758709, "model__reg_lambda": 3.376766038812906}, "datetime": {"datetime": "2021-03-26 18:18:54", "elapsed": 13.569285, "delta": 0.197842}}
{"target": -1.2247960672983764, "params": {"model__colsample_bylevel": 0.38472058045866103, "model__colsample_bynode": 0.6189182754661343, "model__colsample_bytree": 0.47491716651278293, "model__learning_rate": 0.24904662090967875, "model__max_depth": 6.41552028192452, "model__n_estimators": 15.15307284998927, "model__reg_lambda": 0.029919695529196932}, "datetime": {"datetime": "2021-03-26 18:18:54", "elapsed": 13.684937, "delta": 0.115652}}
{"target": -1.2566855746658816, "params": {"model__colsample_bylevel": 0.9426044924017256, "model__colsample_bynode": 0.5260125425777793, "model__colsample_bytree": 0.5074653319167783, "model__learning_rate": 0.15418522802672452, "model__max_depth": 3.474343666196627, "model__n_estimators": 26.630539663467353, "model__reg_lambda": 2.632384799456182}, "datetime": {"datetime": "2021-03-26 18:18:54", "elapsed": 13.873863, "delta": 0.188926}}
{"target": -1.2385449654247234, "params": {"model__colsample_bylevel": 0.8032909797610204, "model__colsample_bynode": 0.7713021432027297, "model__colsample_bytree": 0.6853736563856032, "model__learning_rate": 0.23655460523720243, "model__max_depth": 3.0441975506001606, "model__n_estimators": 21.967771044500967, "model__reg_lambda": 4.939589109277965}, "datetime": {"datetime": "2021-03-26 18:18:54", "elapsed": 14.093425, "delta": 0.219562}}
{"target": -1.3087394129700851, "params": {"model__colsample_bylevel": 0.3191878877624776, "model__colsample_bynode": 0.4527668367686508, "model__colsample_bytree": 0.9533861738476699, "model__learning_rate": 0.23172885748318614, "model__max_depth": 7.871974941466348, "model__n_estimators": 20.539710627919593, "model__reg_lambda": 7.6239037960184355}, "datetime": {"datetime": "2021-03-26 18:18:54", "elapsed": 14.262931, "delta": 0.169506}}
{"target": -1.4290675177954246, "params": {"model__colsample_bylevel": 0.7197656118669662, "model__colsample_bynode": 0.7214646750503465, "model__colsample_bytree": 0.37931534877147977, "model__learning_rate": 0.14444015703665763, "model__max_depth": 2.433575141809544, "model__n_estimators": 22.57954207818872, "model__reg_lambda": 3.4509917372173025}, "datetime": {"datetime": "2021-03-26 18:18:55", "elapsed": 14.38645, "delta": 0.123519}}
{"target": -1.2908272517143167, "params": {"model__colsample_bylevel": 0.43770438267170664, "model__colsample_bynode": 0.562288016838024, "model__colsample_bytree": 0.6684847059501842, "model__learning_rate": 0.24216538663414655, "model__max_depth": 5.53982800385271, "model__n_estimators": 24.586364893849456, "model__reg_lambda": 6.03761911116279}, "datetime": {"datetime": "2021-03-26 18:18:55", "elapsed": 14.591771, "delta": 0.205321}}
{"target": -1.2250986420158028, "params": {"model__colsample_bylevel": 0.5615024327662378, "model__colsample_bynode": 0.5278880157630303, "model__colsample_bytree": 0.6927994632423486, "model__learning_rate": 0.2499326997232081, "model__max_depth": 7.515144966264312, "model__n_estimators": 27.41503748405572, "model__reg_lambda": 5.537273620404508}, "datetime": {"datetime": "2021-03-26 18:18:55", "elapsed": 14.821315, "delta": 0.229544}}
{"target": -1.2582714609207881, "params": {"model__colsample_bylevel": 0.8773753442334304, "model__colsample_bynode": 0.3197624374107063, "model__colsample_bytree": 0.8582648079772404, "model__learning_rate": 0.1398977410305498, "model__max_depth": 6.115045756510598, "model__n_estimators": 27.377846347953547, "model__reg_lambda": 3.1496308071503187}, "datetime": {"datetime": "2021-03-26 18:18:55", "elapsed": 15.086374, "delta": 0.265059}}
{"target": -1.3017759119038996, "params": {"model__colsample_bylevel": 0.5798231824380045, "model__colsample_bynode": 0.9899122285696411, "model__colsample_bytree": 0.4774952834387126, "model__learning_rate": 0.25106786479472265, "model__max_depth": 4.436357453829759, "model__n_estimators": 19.72844903945682, "model__reg_lambda": 7.705159221072094}, "datetime": {"datetime": "2021-03-26 18:18:55", "elapsed": 15.277551, "delta": 0.191177}}
{"target": -1.2489401118451917, "params": {"model__colsample_bylevel": 0.6149024037576569, "model__colsample_bynode": 0.7970601762740899, "model__colsample_bytree": 0.4555403075808654, "model__learning_rate": 0.26476738246878556, "model__max_depth": 6.3006447069266285, "model__n_estimators": 22.48861984031197, "model__reg_lambda": 7.91551010046181}, "datetime": {"datetime": "2021-03-26 18:18:56", "elapsed": 15.488114, "delta": 0.210563}}
{"target": -1.173269817141303, "params": {"model__colsample_bylevel": 0.9437937215686736, "model__colsample_bynode": 0.8511722448868555, "model__colsample_bytree": 0.5084857837350747, "model__learning_rate": 0.24346701302396254, "model__max_depth": 5.690340786662006, "model__n_estimators": 27.619845335231588, "model__reg_lambda": 4.0456797253845265}, "datetime": {"datetime": "2021-03-26 18:18:56", "elapsed": 15.817943, "delta": 0.329829}}
{"target": -1.2577124174684287, "params": {"model__colsample_bylevel": 0.6173529449301774, "model__colsample_bynode": 0.3656352091501882, "model__colsample_bytree": 0.45305055880659917, "model__learning_rate": 0.20586849821836273, "model__max_depth": 5.173197962934258, "model__n_estimators": 25.696146745858105, "model__reg_lambda": 2.863925264426952}, "datetime": {"datetime": "2021-03-26 18:18:56", "elapsed": 15.974218, "delta": 0.156275}}
{"target": -1.499233320949302, "params": {"model__colsample_bylevel": 0.3812502817792496, "model__colsample_bynode": 0.43107613084910207, "model__colsample_bytree": 0.6036033759584388, "model__learning_rate": 0.13710847453713484, "model__max_depth": 2.7407946095138094, "model__n_estimators": 25.875381462387566, "model__reg_lambda": 9.101677556132595}, "datetime": {"datetime": "2021-03-26 18:18:56", "elapsed": 16.106192, "delta": 0.131974}}
{"target": -1.3885582848681488, "params": {"model__colsample_bylevel": 0.3426383940311504, "model__colsample_bynode": 0.3292770968669983, "model__colsample_bytree": 0.49999974247633633, "model__learning_rate": 0.21592871225493404, "model__max_depth": 7.629568478689846, "model__n_estimators": 23.72527860523467, "model__reg_lambda": 6.7998375849329875}, "datetime": {"datetime": "2021-03-26 18:18:56", "elapsed": 16.248576, "delta": 0.142384}}
{"target": -1.3404014966680087, "params": {"model__colsample_bylevel": 1.0, "model__colsample_bynode": 1.0, "model__colsample_bytree": 1.0, "model__learning_rate": 0.3, "model__max_depth": 8.0, "model__n_estimators": 15.0, "model__reg_lambda": 10.0}, "datetime": {"datetime": "2021-03-26 18:18:57", "elapsed": 17.253438, "delta": 1.004862}}
{"target": -1.1854645123948222, "params": {"model__colsample_bylevel": 1.0, "model__colsample_bynode": 1.0, "model__colsample_bytree": 0.3, "model__learning_rate": 0.3, "model__max_depth": 8.0, "model__n_estimators": 30.0, "model__reg_lambda": 10.0}, "datetime": {"datetime": "2021-03-26 18:18:58", "elapsed": 18.162857, "delta": 0.909419}}
{"target": -1.2161736085929946, "params": {"model__colsample_bylevel": 1.0, "model__colsample_bynode": 1.0, "model__colsample_bytree": 0.3, "model__learning_rate": 0.3, "model__max_depth": 2.0, "model__n_estimators": 30.0, "model__reg_lambda": 10.0}, "datetime": {"datetime": "2021-03-26 18:18:59", "elapsed": 18.987961, "delta": 0.825104}}
{"target": -1.3803280692169633, "params": {"model__colsample_bylevel": 0.3, "model__colsample_bynode": 0.3, "model__colsample_bytree": 1.0, "model__learning_rate": 0.3, "model__max_depth": 8.0, "model__n_estimators": 15.0, "model__reg_lambda": 5.770479773209811}, "datetime": {"datetime": "2021-03-26 18:19:00", "elapsed": 19.710193, "delta": 0.722232}}
{"target": -1.149896582512968, "params": {"model__colsample_bylevel": 1.0, "model__colsample_bynode": 0.3, "model__colsample_bytree": 1.0, "model__learning_rate": 0.3, "model__max_depth": 8.0, "model__n_estimators": 18.649435807345956, "model__reg_lambda": 0.0}, "datetime": {"datetime": "2021-03-26 18:19:01", "elapsed": 20.51565, "delta": 0.805457}}
{"target": -1.3159267413605384, "params": {"model__colsample_bylevel": 0.3, "model__colsample_bynode": 1.0, "model__colsample_bytree": 1.0, "model__learning_rate": 0.3, "model__max_depth": 2.0, "model__n_estimators": 21.28985582579085, "model__reg_lambda": 10.0}, "datetime": {"datetime": "2021-03-26 18:19:01", "elapsed": 21.273737, "delta": 0.758087}}
{"target": -1.234780801385911, "params": {"model__colsample_bylevel": 1.0, "model__colsample_bynode": 1.0, "model__colsample_bytree": 1.0, "model__learning_rate": 0.3, "model__max_depth": 8.0, "model__n_estimators": 20.865482345671854, "model__reg_lambda": 4.947368881522827}, "datetime": {"datetime": "2021-03-26 18:19:03", "elapsed": 22.585384, "delta": 1.311647}}
{"target": -1.266211616911966, "params": {"model__colsample_bylevel": 1.0, "model__colsample_bynode": 1.0, "model__colsample_bytree": 1.0, "model__learning_rate": 0.3, "model__max_depth": 8.0, "model__n_estimators": 21.55307409624469, "model__reg_lambda": 10.0}, "datetime": {"datetime": "2021-03-26 18:19:04", "elapsed": 23.94267, "delta": 1.357286}}
{"target": -1.2164521593506028, "params": {"model__colsample_bylevel": 1.0, "model__colsample_bynode": 1.0, "model__colsample_bytree": 1.0, "model__learning_rate": 0.3, "model__max_depth": 8.0, "model__n_estimators": 30.0, "model__reg_lambda": 6.135647084474246}, "datetime": {"datetime": "2021-03-26 18:19:06", "elapsed": 25.453292, "delta": 1.510622}}
{"target": -1.1822558844516027, "params": {"model__colsample_bylevel": 1.0, "model__colsample_bynode": 0.3, "model__colsample_bytree": 1.0, "model__learning_rate": 0.3, "model__max_depth": 5.011886691704113, "model__n_estimators": 30.0, "model__reg_lambda": 10.0}, "datetime": {"datetime": "2021-03-26 18:19:07", "elapsed": 26.471189, "delta": 1.017897}}
{"target": -1.2552577450142606, "params": {"model__colsample_bylevel": 1.0, "model__colsample_bynode": 1.0, "model__colsample_bytree": 1.0, "model__learning_rate": 0.3, "model__max_depth": 4.3039429709252435, "model__n_estimators": 21.056421810973134, "model__reg_lambda": 10.0}, "datetime": {"datetime": "2021-03-26 18:19:08", "elapsed": 27.742429, "delta": 1.27124}}
{"target": -1.1751268411318407, "params": {"model__colsample_bylevel": 1.0, "model__colsample_bynode": 0.3, "model__colsample_bytree": 1.0, "model__learning_rate": 0.3, "model__max_depth": 8.0, "model__n_estimators": 15.0, "model__reg_lambda": 0.0}, "datetime": {"datetime": "2021-03-26 18:19:09", "elapsed": 28.587178, "delta": 0.844749}}
{"target": -1.1824710357772266, "params": {"model__colsample_bylevel": 1.0, "model__colsample_bynode": 0.3, "model__colsample_bytree": 1.0, "model__learning_rate": 0.3, "model__max_depth": 3.404426358931372, "model__n_estimators": 15.0, "model__reg_lambda": 0.0}, "datetime": {"datetime": "2021-03-26 18:19:10", "elapsed": 29.62054, "delta": 1.033362}}
{"target": -1.3079794370123874, "params": {"model__colsample_bylevel": 1.0, "model__colsample_bynode": 0.3, "model__colsample_bytree": 0.3, "model__learning_rate": 0.3, "model__max_depth": 2.0, "model__n_estimators": 30.0, "model__reg_lambda": 6.012289935352077}, "datetime": {"datetime": "2021-03-26 18:19:11", "elapsed": 30.453221, "delta": 0.832681}}
{"target": -1.1520046525533594, "params": {"model__colsample_bylevel": 1.0, "model__colsample_bynode": 0.3, "model__colsample_bytree": 1.0, "model__learning_rate": 0.3, "model__max_depth": 5.334292197937084, "model__n_estimators": 21.079010717512013, "model__reg_lambda": 0.0}, "datetime": {"datetime": "2021-03-26 18:19:12", "elapsed": 31.550499, "delta": 1.097278}}
{"target": -1.3056151815420152, "params": {"model__colsample_bylevel": 0.3, "model__colsample_bynode": 0.3, "model__colsample_bytree": 1.0, "model__learning_rate": 0.3, "model__max_depth": 5.2086481160089635, "model__n_estimators": 21.253914355289787, "model__reg_lambda": 4.411659770261403}, "datetime": {"datetime": "2021-03-26 18:19:13", "elapsed": 32.455737, "delta": 0.905238}}
{"target": -1.151559471705105, "params": {"model__colsample_bylevel": 0.3, "model__colsample_bynode": 1.0, "model__colsample_bytree": 1.0, "model__learning_rate": 0.3, "model__max_depth": 8.0, "model__n_estimators": 20.457874501920838, "model__reg_lambda": 0.0}, "datetime": {"datetime": "2021-03-26 18:19:14", "elapsed": 33.443105, "delta": 0.987368}}
{"target": -1.2725145855864537, "params": {"model__colsample_bylevel": 1.0, "model__colsample_bynode": 1.0, "model__colsample_bytree": 1.0, "model__learning_rate": 0.3, "model__max_depth": 5.078891189233239, "model__n_estimators": 15.0, "model__reg_lambda": 5.265700117871473}, "datetime": {"datetime": "2021-03-26 18:19:15", "elapsed": 34.681378, "delta": 1.238273}}
{"target": -1.2751056536681193, "params": {"model__colsample_bylevel": 0.3, "model__colsample_bynode": 1.0, "model__colsample_bytree": 0.3, "model__learning_rate": 0.3, "model__max_depth": 5.222031125864548, "model__n_estimators": 30.0, "model__reg_lambda": 10.0}, "datetime": {"datetime": "2021-03-26 18:19:16", "elapsed": 35.971265, "delta": 1.289887}}
{"target": -1.243659952102715, "params": {"model__colsample_bylevel": 1.0, "model__colsample_bynode": 1.0, "model__colsample_bytree": 1.0, "model__learning_rate": 0.3, "model__max_depth": 2.0, "model__n_estimators": 18.769887237229213, "model__reg_lambda": 0.0}, "datetime": {"datetime": "2021-03-26 18:19:18", "elapsed": 37.425338, "delta": 1.454073}}
{"target": -1.242434541573343, "params": {"model__colsample_bylevel": 0.3, "model__colsample_bynode": 0.3, "model__colsample_bytree": 1.0, "model__learning_rate": 0.3, "model__max_depth": 8.0, "model__n_estimators": 30.0, "model__reg_lambda": 10.0}, "datetime": {"datetime": "2021-03-26 18:19:19", "elapsed": 38.95787, "delta": 1.532532}}
{"target": -1.2955119801806692, "params": {"model__colsample_bylevel": 1.0, "model__colsample_bynode": 1.0, "model__colsample_bytree": 1.0, "model__learning_rate": 0.3, "model__max_depth": 6.038512062334121, "model__n_estimators": 17.806392640853655, "model__reg_lambda": 0.0}, "datetime": {"datetime": "2021-03-26 18:19:21", "elapsed": 40.89973, "delta": 1.94186}}
{"target": -1.4385528021910483, "params": {"model__colsample_bylevel": 0.3, "model__colsample_bynode": 0.3, "model__colsample_bytree": 1.0, "model__learning_rate": 0.3, "model__max_depth": 5.03494649490318, "model__n_estimators": 15.0, "model__reg_lambda": 10.0}, "datetime": {"datetime": "2021-03-26 18:19:23", "elapsed": 42.47932, "delta": 1.57959}}
{"target": -1.278913923339628, "params": {"model__colsample_bylevel": 1.0, "model__colsample_bynode": 1.0, "model__colsample_bytree": 1.0, "model__learning_rate": 0.3, "model__max_depth": 8.0, "model__n_estimators": 30.0, "model__reg_lambda": 0.0}, "datetime": {"datetime": "2021-03-26 18:19:25", "elapsed": 44.561954, "delta": 2.082634}}
{"target": -1.2596724198726208, "params": {"model__colsample_bylevel": 0.3, "model__colsample_bynode": 1.0, "model__colsample_bytree": 1.0, "model__learning_rate": 0.3, "model__max_depth": 2.0, "model__n_estimators": 23.4329794705167, "model__reg_lambda": 6.82883700805679}, "datetime": {"datetime": "2021-03-26 18:19:26", "elapsed": 46.250435, "delta": 1.688481}}
{"target": -1.4388914209588068, "params": {"model__colsample_bylevel": 0.3, "model__colsample_bynode": 0.3, "model__colsample_bytree": 0.3, "model__learning_rate": 0.3, "model__max_depth": 3.482169586609686, "model__n_estimators": 19.368529808277064, "model__reg_lambda": 0.0}, "datetime": {"datetime": "2021-03-26 18:19:28", "elapsed": 47.747412, "delta": 1.496977}}
{"target": -1.1916569654073945, "params": {"model__colsample_bylevel": 1.0, "model__colsample_bynode": 1.0, "model__colsample_bytree": 1.0, "model__learning_rate": 0.3, "model__max_depth": 2.0, "model__n_estimators": 30.0, "model__reg_lambda": 3.1453143864424495}, "datetime": {"datetime": "2021-03-26 18:19:30", "elapsed": 49.485675, "delta": 1.738263}}
{"target": -1.2950482137123314, "params": {"model__colsample_bylevel": 0.3, "model__colsample_bynode": 0.3, "model__colsample_bytree": 1.0, "model__learning_rate": 0.3, "model__max_depth": 8.0, "model__n_estimators": 15.0, "model__reg_lambda": 1.8387711266786355}, "datetime": {"datetime": "2021-03-26 18:19:31", "elapsed": 51.026187, "delta": 1.540512}}
{"target": -1.245337618946813, "params": {"model__colsample_bylevel": 1.0, "model__colsample_bynode": 0.3, "model__colsample_bytree": 0.3, "model__learning_rate": 0.3, "model__max_depth": 5.846784305344531, "model__n_estimators": 30.0, "model__reg_lambda": 6.24745970755138}, "datetime": {"datetime": "2021-03-26 18:19:33", "elapsed": 52.510242, "delta": 1.484055}}
{"target": -1.2450770353061564, "params": {"model__colsample_bylevel": 1.0, "model__colsample_bynode": 1.0, "model__colsample_bytree": 1.0, "model__learning_rate": 0.3, "model__max_depth": 5.557666779135933, "model__n_estimators": 18.64468933926742, "model__reg_lambda": 5.276161056529889}, "datetime": {"datetime": "2021-03-26 18:19:34", "elapsed": 54.128509, "delta": 1.618267}}
{"target": -1.1909225975203772, "params": {"model__colsample_bylevel": 1.0, "model__colsample_bynode": 1.0, "model__colsample_bytree": 0.3, "model__learning_rate": 0.3, "model__max_depth": 8.0, "model__n_estimators": 15.0, "model__reg_lambda": 0.0}, "datetime": {"datetime": "2021-03-26 18:19:36", "elapsed": 55.435692, "delta": 1.307183}}
{"target": -1.234688830640221, "params": {"model__colsample_bylevel": 1.0, "model__colsample_bynode": 1.0, "model__colsample_bytree": 1.0, "model__learning_rate": 0.3, "model__max_depth": 8.0, "model__n_estimators": 27.602478566985422, "model__reg_lambda": 10.0}, "datetime": {"datetime": "2021-03-26 18:19:38", "elapsed": 57.429684, "delta": 1.993992}}
{"target": -1.2546712433649363, "params": {"model__colsample_bylevel": 1.0, "model__colsample_bynode": 1.0, "model__colsample_bytree": 1.0, "model__learning_rate": 0.3, "model__max_depth": 8.0, "model__n_estimators": 22.35289828607715, "model__reg_lambda": 7.661694592202098}, "datetime": {"datetime": "2021-03-26 18:19:40", "elapsed": 59.682283, "delta": 2.252599}}
{"target": -1.2209090071743813, "params": {"model__colsample_bylevel": 1.0, "model__colsample_bynode": 0.3, "model__colsample_bytree": 1.0, "model__learning_rate": 0.3, "model__max_depth": 8.0, "model__n_estimators": 20.03444334625312, "model__reg_lambda": 1.9083840018606164}, "datetime": {"datetime": "2021-03-26 18:19:42", "elapsed": 61.43461, "delta": 1.752327}}
{"target": -1.3762920298384151, "params": {"model__colsample_bylevel": 0.3, "model__colsample_bynode": 0.3, "model__colsample_bytree": 1.0, "model__learning_rate": 0.3, "model__max_depth": 3.63325718816146, "model__n_estimators": 19.111785997109745, "model__reg_lambda": 10.0}, "datetime": {"datetime": "2021-03-26 18:19:43", "elapsed": 63.033535, "delta": 1.598925}}
{"target": -1.2374939586481324, "params": {"model__colsample_bylevel": 1.0, "model__colsample_bynode": 1.0, "model__colsample_bytree": 1.0, "model__learning_rate": 0.3, "model__max_depth": 3.9128499275345807, "model__n_estimators": 21.15861685452695, "model__reg_lambda": 1.853287093059927}, "datetime": {"datetime": "2021-03-26 18:19:45", "elapsed": 64.883418, "delta": 1.849883}}
{"target": -1.2977892791420436, "params": {"model__colsample_bylevel": 1.0, "model__colsample_bynode": 1.0, "model__colsample_bytree": 1.0, "model__learning_rate": 0.3, "model__max_depth": 6.679582259400657, "model__n_estimators": 18.099018353293324, "model__reg_lambda": 10.0}, "datetime": {"datetime": "2021-03-26 18:19:47", "elapsed": 66.6731, "delta": 1.789682}}
{"target": -1.1850314457254634, "params": {"model__colsample_bylevel": 0.3, "model__colsample_bynode": 0.3, "model__colsample_bytree": 1.0, "model__learning_rate": 0.3, "model__max_depth": 6.724669449283477, "model__n_estimators": 23.913778637951488, "model__reg_lambda": 0.0}, "datetime": {"datetime": "2021-03-26 18:19:48", "elapsed": 68.266796, "delta": 1.593696}}
{"target": -1.230374351095246, "params": {"model__colsample_bylevel": 1.0, "model__colsample_bynode": 1.0, "model__colsample_bytree": 0.3, "model__learning_rate": 0.3, "model__max_depth": 2.0, "model__n_estimators": 15.0, "model__reg_lambda": 0.0}, "datetime": {"datetime": "2021-03-26 18:19:50", "elapsed": 69.865484, "delta": 1.598688}}
