{"target": -1.1278832279780096, "params": {"model__colsample_bylevel": 1.0, "model__colsample_bynode": 0.3, "model__colsample_bytree": 1.0, "model__learning_rate": 0.3, "model__max_depth": 6.340406349390509, "model__n_estimators": 25.852822863780318, "model__reg_lambda": 0.0}, "datetime": {"datetime": "2021-03-26 18:21:45", "elapsed": 184.673325, "delta": 1.672124}}
{"target": -1.2016934842519138, "params": {"model__colsample_bylevel": 0.3, "model__colsample_bynode": 1.0, "model__colsample_bytree": 1.0, "model__learning_rate": 0.3, "model__max_depth": 8.0, "model__n_estimators": 27.037962707460313, "model__reg_lambda": 7.595922541248731}, "datetime": {"datetime": "2021-03-26 18:21:47", "elapsed": 186.688015, "delta": 2.01469}}
{"target": -1.2772312862663597, "params": {"model__colsample_bylevel": 0.3, "model__colsample_bynode": 0.3, "model__colsample_bytree": 1.0, "model__learning_rate": 0.3, "model__max_depth": 2.0, "model__n_estimators": 27.788322688553738, "model__reg_lambda": 4.053143719218046}, "datetime": {"datetime": "2021-03-26 18:21:49", "elapsed": 188.396261, "delta": 1.708246}}
{"target": -1.272639678604901, "params": {"model__colsample_bylevel": 1.0, "model__colsample_bynode": 0.3, "model__colsample_bytree": 1.0, "model__learning_rate": 0.3, "model__max_depth": 4.980691939093426, "model__n_estimators": 16.63408830681318, "model__reg_lambda": 6.023471055275485}, "datetime": {"datetime": "2021-03-26 18:21:50", "elapsed": 190.337364, "delta": 1.941103}}
{"target": -1.1718634792306608, "params": {"model__colsample_bylevel": 0.3, "model__colsample_bynode": 1.0, "model__colsample_bytree": 1.0, "model__learning_rate": 0.3, "model__max_depth": 8.0, "model__n_estimators": 21.954202327095174, "model__reg_lambda": 2.7680982348248238}, "datetime": {"datetime": "2021-03-26 18:21:52", "elapsed": 192.090849, "delta": 1.753485}}
{"target": -1.2400624291242464, "params": {"model__colsample_bylevel": 0.3, "model__colsample_bynode": 0.3, "model__colsample_bytree": 1.0, "model__learning_rate": 0.3, "model__max_depth": 4.85748324594883, "model__n_estimators": 29.104626474648562, "model__reg_lambda": 7.593311680683254}, "datetime": {"datetime": "2021-03-26 18:21:54", "elapsed": 193.701328, "delta": 1.610479}}
{"target": -1.313619423409303, "params": {"model__colsample_bylevel": 0.3, "model__colsample_bynode": 1.0, "model__colsample_bytree": 1.0, "model__learning_rate": 0.3, "model__max_depth": 5.54004329959649, "model__n_estimators": 15.0, "model__reg_lambda": 7.44012374551496}, "datetime": {"datetime": "2021-03-26 18:21:56", "elapsed": 195.599398, "delta": 1.89807}}
{"target": -1.2659126790294397, "params": {"model__colsample_bylevel": 1.0, "model__colsample_bynode": 1.0, "model__colsample_bytree": 0.3, "model__learning_rate": 0.3, "model__max_depth": 8.0, "model__n_estimators": 15.0, "model__reg_lambda": 4.604611174972468}, "datetime": {"datetime": "2021-03-26 18:21:58", "elapsed": 197.483752, "delta": 1.884354}}
{"target": -1.1081517313822995, "params": {"model__colsample_bylevel": 1.0, "model__colsample_bynode": 1.0, "model__colsample_bytree": 0.3, "model__learning_rate": 0.3, "model__max_depth": 5.101229738112962, "model__n_estimators": 28.796778860510685, "model__reg_lambda": 2.425101702132747}, "datetime": {"datetime": "2021-03-26 18:21:59", "elapsed": 199.183854, "delta": 1.700102}}
{"target": -1.2629659517789664, "params": {"model__colsample_bylevel": 0.3, "model__colsample_bynode": 1.0, "model__colsample_bytree": 1.0, "model__learning_rate": 0.3, "model__max_depth": 8.0, "model__n_estimators": 15.0, "model__reg_lambda": 3.769006509336928}, "datetime": {"datetime": "2021-03-26 18:22:01", "elapsed": 200.859208, "delta": 1.675354}}
{"target": -1.2012723172717876, "params": {"model__colsample_bylevel": 1.0, "model__colsample_bynode": 1.0, "model__colsample_bytree": 1.0, "model__learning_rate": 0.3, "model__max_depth": 8.0, "model__n_estimators": 30.0, "model__reg_lambda": 3.1146970813963506}, "datetime": {"datetime": "2021-03-26 18:22:03", "elapsed": 203.173032, "delta": 2.313824}}
{"target": -1.3511405079423087, "params": {"model__colsample_bylevel": 0.3, "model__colsample_bynode": 0.3, "model__colsample_bytree": 1.0, "model__learning_rate": 0.3, "model__max_depth": 2.0, "model__n_estimators": 15.0, "model__reg_lambda": 0.0}, "datetime": {"datetime": "2021-03-26 18:22:05", "elapsed": 205.050528, "delta": 1.877496}}
{"target": -1.1494713109745847, "params": {"model__colsample_bylevel": 0.3, "model__colsample_bynode": 0.3, "model__colsample_bytree": 1.0, "model__learning_rate": 0.3, "model__max_depth": 5.870669914245533, "model__n_estimators": 30.0, "model__reg_lambda": 0.0}, "datetime": {"datetime": "2021-03-26 18:22:07", "elapsed": 206.902244, "delta": 1.851716}}
{"target": -1.2035457489256194, "params": {"model__colsample_bylevel": 1.0, "model__colsample_bynode": 1.0, "model__colsample_bytree": 1.0, "model__learning_rate": 0.3, "model__max_depth": 3.4028113891370637, "model__n_estimators": 30.0, "model__reg_lambda": 10.0}, "datetime": {"datetime": "2021-03-26 18:22:09", "elapsed": 209.192887, "delta": 2.290643}}
{"target": -1.1796678607271092, "params": {"model__colsample_bylevel": 1.0, "model__colsample_bynode": 1.0, "model__colsample_bytree": 0.3, "model__learning_rate": 0.3, "model__max_depth": 2.0, "model__n_estimators": 27.676548443584558, "model__reg_lambda": 3.406820712368121}, "datetime": {"datetime": "2021-03-26 18:22:11", "elapsed": 211.056801, "delta": 1.863914}}
{"target": -1.1664166120083437, "params": {"model__colsample_bylevel": 0.3, "model__colsample_bynode": 1.0, "model__colsample_bytree": 1.0, "model__learning_rate": 0.3, "model__max_depth": 2.0, "model__n_estimators": 22.946560759816506, "model__reg_lambda": 0.0}, "datetime": {"datetime": "2021-03-26 18:22:13", "elapsed": 213.131823, "delta": 2.075022}}
{"target": -1.1303091960140854, "params": {"model__colsample_bylevel": 0.3, "model__colsample_bynode": 1.0, "model__colsample_bytree": 1.0, "model__learning_rate": 0.3, "model__max_depth": 6.934518658960376, "model__n_estimators": 25.753036615084362, "model__reg_lambda": 0.0}, "datetime": {"datetime": "2021-03-26 18:22:15", "elapsed": 215.265596, "delta": 2.133773}}
{"target": -1.2081545022579478, "params": {"model__colsample_bylevel": 0.3, "model__colsample_bynode": 1.0, "model__colsample_bytree": 1.0, "model__learning_rate": 0.3, "model__max_depth": 8.0, "model__n_estimators": 18.79725627235415, "model__reg_lambda": 0.9358841955743652}, "datetime": {"datetime": "2021-03-26 18:22:18", "elapsed": 217.351621, "delta": 2.086025}}
{"target": -1.2641439926527116, "params": {"model__colsample_bylevel": 1.0, "model__colsample_bynode": 0.3, "model__colsample_bytree": 1.0, "model__learning_rate": 0.3, "model__max_depth": 5.514442190358411, "model__n_estimators": 19.949666149325886, "model__reg_lambda": 10.0}, "datetime": {"datetime": "2021-03-26 18:22:20", "elapsed": 219.607083, "delta": 2.255462}}
{"target": -1.1896608461099476, "params": {"model__colsample_bylevel": 1.0, "model__colsample_bynode": 1.0, "model__colsample_bytree": 1.0, "model__learning_rate": 0.3, "model__max_depth": 4.960702733219009, "model__n_estimators": 30.0, "model__reg_lambda": 2.713373380056286}, "datetime": {"datetime": "2021-03-26 18:22:22", "elapsed": 221.815395, "delta": 2.208312}}
{"target": -1.1274120900226567, "params": {"model__colsample_bylevel": 1.0, "model__colsample_bynode": 1.0, "model__colsample_bytree": 0.3, "model__learning_rate": 0.3, "model__max_depth": 7.0836259799082315, "model__n_estimators": 28.80008198878952, "model__reg_lambda": 3.221151327748763}, "datetime": {"datetime": "2021-03-26 18:22:24", "elapsed": 223.896758, "delta": 2.081363}}
{"target": -1.2365574664287808, "params": {"model__colsample_bylevel": 1.0, "model__colsample_bynode": 1.0, "model__colsample_bytree": 0.3, "model__learning_rate": 0.3, "model__max_depth": 5.2747328045325945, "model__n_estimators": 23.733692310707948, "model__reg_lambda": 10.0}, "datetime": {"datetime": "2021-03-26 18:22:26", "elapsed": 225.874116, "delta": 1.977358}}
{"target": -1.3121452025502274, "params": {"model__colsample_bylevel": 1.0, "model__colsample_bynode": 0.3, "model__colsample_bytree": 0.3, "model__learning_rate": 0.3, "model__max_depth": 3.7927748364812377, "model__n_estimators": 15.749183311383275, "model__reg_lambda": 0.0}, "datetime": {"datetime": "2021-03-26 18:22:28", "elapsed": 228.105593, "delta": 2.231477}}
{"target": -1.1624307066202166, "params": {"model__colsample_bylevel": 1.0, "model__colsample_bynode": 1.0, "model__colsample_bytree": 0.3, "model__learning_rate": 0.3, "model__max_depth": 6.6601059392766135, "model__n_estimators": 26.36558152677446, "model__reg_lambda": 5.877918177639161}, "datetime": {"datetime": "2021-03-26 18:22:30", "elapsed": 229.9531, "delta": 1.847507}}
{"target": -1.2328989267754165, "params": {"model__colsample_bylevel": 0.3, "model__colsample_bynode": 1.0, "model__colsample_bytree": 1.0, "model__learning_rate": 0.3, "model__max_depth": 8.0, "model__n_estimators": 21.147288773604817, "model__reg_lambda": 6.455960935686223}, "datetime": {"datetime": "2021-03-26 18:22:32", "elapsed": 231.823048, "delta": 1.869948}}
{"target": -1.2050231030291836, "params": {"model__colsample_bylevel": 1.0, "model__colsample_bynode": 1.0, "model__colsample_bytree": 0.3, "model__learning_rate": 0.3, "model__max_depth": 2.0, "model__n_estimators": 28.425769720404404, "model__reg_lambda": 8.24222602417484}, "datetime": {"datetime": "2021-03-26 18:22:34", "elapsed": 233.953159, "delta": 2.130111}}
{"target": -1.3779641499445923, "params": {"model__colsample_bylevel": 0.3, "model__colsample_bynode": 1.0, "model__colsample_bytree": 0.3, "model__learning_rate": 0.3, "model__max_depth": 3.6088769391641367, "model__n_estimators": 21.888472330505405, "model__reg_lambda": 10.0}, "datetime": {"datetime": "2021-03-26 18:22:36", "elapsed": 235.842692, "delta": 1.889533}}
{"target": -1.1823915473732125, "params": {"model__colsample_bylevel": 0.3, "model__colsample_bynode": 0.3, "model__colsample_bytree": 1.0, "model__learning_rate": 0.3, "model__max_depth": 8.0, "model__n_estimators": 28.812609335199436, "model__reg_lambda": 2.5696562538551255}, "datetime": {"datetime": "2021-03-26 18:22:38", "elapsed": 237.680851, "delta": 1.838159}}
{"target": -1.1395795500148895, "params": {"model__colsample_bylevel": 1.0, "model__colsample_bynode": 1.0, "model__colsample_bytree": 0.3, "model__learning_rate": 0.3, "model__max_depth": 2.0, "model__n_estimators": 23.52083561881262, "model__reg_lambda": 0.0}, "datetime": {"datetime": "2021-03-26 18:22:40", "elapsed": 239.533509, "delta": 1.852658}}
{"target": -1.1436349040555325, "params": {"model__colsample_bylevel": 1.0, "model__colsample_bynode": 0.3, "model__colsample_bytree": 1.0, "model__learning_rate": 0.3, "model__max_depth": 8.0, "model__n_estimators": 21.45536406647137, "model__reg_lambda": 0.0}, "datetime": {"datetime": "2021-03-26 18:22:42", "elapsed": 241.714013, "delta": 2.180504}}
{"target": -1.2335776906730473, "params": {"model__colsample_bylevel": 1.0, "model__colsample_bynode": 1.0, "model__colsample_bytree": 0.3, "model__learning_rate": 0.3, "model__max_depth": 2.0, "model__n_estimators": 25.467843769907077, "model__reg_lambda": 6.647419577068342}, "datetime": {"datetime": "2021-03-26 18:22:44", "elapsed": 243.393735, "delta": 1.679722}}
{"target": -1.3942473790189926, "params": {"model__colsample_bylevel": 0.3, "model__colsample_bynode": 0.3, "model__colsample_bytree": 1.0, "model__learning_rate": 0.3, "model__max_depth": 8.0, "model__n_estimators": 16.77762192356845, "model__reg_lambda": 10.0}, "datetime": {"datetime": "2021-03-26 18:22:45", "elapsed": 245.243632, "delta": 1.849897}}
{"target": -1.173084590597537, "params": {"model__colsample_bylevel": 1.0, "model__colsample_bynode": 1.0, "model__colsample_bytree": 0.3, "model__learning_rate": 0.3, "model__max_depth": 5.213837412215379, "model__n_estimators": 28.606811556189488, "model__reg_lambda": 7.9028699312588815}, "datetime": {"datetime": "2021-03-26 18:22:47", "elapsed": 247.19349, "delta": 1.949858}}
{"target": -1.14368113309037, "params": {"model__colsample_bylevel": 1.0, "model__colsample_bynode": 1.0, "model__colsample_bytree": 0.3, "model__learning_rate": 0.3, "model__max_depth": 4.1962463111676644, "model__n_estimators": 27.581876221699833, "model__reg_lambda": 6.085342828387795}, "datetime": {"datetime": "2021-03-26 18:22:50", "elapsed": 249.4377, "delta": 2.24421}}
{"target": -1.1801773903378543, "params": {"model__colsample_bylevel": 1.0, "model__colsample_bynode": 1.0, "model__colsample_bytree": 0.3, "model__learning_rate": 0.3, "model__max_depth": 5.286912009815232, "model__n_estimators": 21.71180880957934, "model__reg_lambda": 3.3381456462370913}, "datetime": {"datetime": "2021-03-26 18:22:52", "elapsed": 251.86546, "delta": 2.42776}}
{"target": -1.2237924067195558, "params": {"model__colsample_bylevel": 1.0, "model__colsample_bynode": 0.3, "model__colsample_bytree": 0.3, "model__learning_rate": 0.3, "model__max_depth": 2.0, "model__n_estimators": 26.952592901406778, "model__reg_lambda": 0.0}, "datetime": {"datetime": "2021-03-26 18:22:54", "elapsed": 253.48973, "delta": 1.62427}}
{"target": -1.241637415625155, "params": {"model__colsample_bylevel": 0.3, "model__colsample_bynode": 1.0, "model__colsample_bytree": 0.3, "model__learning_rate": 0.3, "model__max_depth": 4.976881449046771, "model__n_estimators": 30.0, "model__reg_lambda": 6.352925831975568}, "datetime": {"datetime": "2021-03-26 18:22:55", "elapsed": 255.322781, "delta": 1.833051}}
{"target": -1.1834638402878266, "params": {"model__colsample_bylevel": 1.0, "model__colsample_bynode": 0.3, "model__colsample_bytree": 1.0, "model__learning_rate": 0.3, "model__max_depth": 4.69359850275932, "model__n_estimators": 26.729244600370293, "model__reg_lambda": 5.084642612669613}, "datetime": {"datetime": "2021-03-26 18:22:58", "elapsed": 257.351713, "delta": 2.028932}}
{"target": -1.2087256935681554, "params": {"model__colsample_bylevel": 0.3, "model__colsample_bynode": 1.0, "model__colsample_bytree": 1.0, "model__learning_rate": 0.3, "model__max_depth": 5.39367993743473, "model__n_estimators": 20.01605811908393, "model__reg_lambda": 3.118075748284337}, "datetime": {"datetime": "2021-03-26 18:22:59", "elapsed": 259.26368, "delta": 1.911967}}
{"target": -1.239344988871312, "params": {"model__colsample_bylevel": 1.0, "model__colsample_bynode": 1.0, "model__colsample_bytree": 1.0, "model__learning_rate": 0.3, "model__max_depth": 6.465101911591772, "model__n_estimators": 23.96752269392857, "model__reg_lambda": 8.245846654988014}, "datetime": {"datetime": "2021-03-26 18:23:02", "elapsed": 261.465481, "delta": 2.201801}}
{"target": -1.2246015574918059, "params": {"model__colsample_bylevel": 1.0, "model__colsample_bynode": 1.0, "model__colsample_bytree": 1.0, "model__learning_rate": 0.3, "model__max_depth": 4.244604609979772, "model__n_estimators": 21.42259393290393, "model__reg_lambda": 5.753092876766016}, "datetime": {"datetime": "2021-03-26 18:23:04", "elapsed": 263.878953, "delta": 2.413472}}
{"target": -1.2863050207981597, "params": {"model__colsample_bylevel": 0.3, "model__colsample_bynode": 1.0, "model__colsample_bytree": 1.0, "model__learning_rate": 0.3, "model__max_depth": 2.0, "model__n_estimators": 20.638838888868644, "model__reg_lambda": 6.930701868447983}, "datetime": {"datetime": "2021-03-26 18:23:06", "elapsed": 265.709898, "delta": 1.830945}}
{"target": -1.204221165975205, "params": {"model__colsample_bylevel": 1.0, "model__colsample_bynode": 0.3, "model__colsample_bytree": 0.3, "model__learning_rate": 0.3, "model__max_depth": 5.613426632974892, "model__n_estimators": 30.0, "model__reg_lambda": 2.2657114118746473}, "datetime": {"datetime": "2021-03-26 18:23:08", "elapsed": 267.956521, "delta": 2.246623}}
{"target": -1.1554011669489084, "params": {"model__colsample_bylevel": 1.0, "model__colsample_bynode": 1.0, "model__colsample_bytree": 0.3, "model__learning_rate": 0.3, "model__max_depth": 3.490040355175322, "model__n_estimators": 29.20951556416511, "model__reg_lambda": 2.4724864667716258}, "datetime": {"datetime": "2021-03-26 18:23:10", "elapsed": 270.296908, "delta": 2.340387}}
{"target": -1.1743079445932223, "params": {"model__colsample_bylevel": 0.3, "model__colsample_bynode": 1.0, "model__colsample_bytree": 1.0, "model__learning_rate": 0.3, "model__max_depth": 8.0, "model__n_estimators": 30.0, "model__reg_lambda": 8.520095387323886}, "datetime": {"datetime": "2021-03-26 18:23:13", "elapsed": 272.379573, "delta": 2.082665}}
{"target": -1.1886357516401271, "params": {"model__colsample_bylevel": 1.0, "model__colsample_bynode": 1.0, "model__colsample_bytree": 0.3, "model__learning_rate": 0.3, "model__max_depth": 6.521556828194419, "model__n_estimators": 26.921385179820753, "model__reg_lambda": 8.155591329864679}, "datetime": {"datetime": "2021-03-26 18:23:14", "elapsed": 274.274828, "delta": 1.895255}}
{"target": -1.1969933204460836, "params": {"model__colsample_bylevel": 1.0, "model__colsample_bynode": 1.0, "model__colsample_bytree": 1.0, "model__learning_rate": 0.3, "model__max_depth": 3.813828026028753, "model__n_estimators": 27.48567011763071, "model__reg_lambda": 7.528722030163988}, "datetime": {"datetime": "2021-03-26 18:23:17", "elapsed": 276.828271, "delta": 2.553443}}
{"target": -1.1360233267782716, "params": {"model__colsample_bylevel": 1.0, "model__colsample_bynode": 1.0, "model__colsample_bytree": 0.3, "model__learning_rate": 0.3, "model__max_depth": 6.4551242721247055, "model__n_estimators": 28.942506662768736, "model__reg_lambda": 5.047784445359858}, "datetime": {"datetime": "2021-03-26 18:23:19", "elapsed": 279.136555, "delta": 2.308284}}
{"target": -1.1846105231471575, "params": {"model__colsample_bylevel": 1.0, "model__colsample_bynode": 1.0, "model__colsample_bytree": 1.0, "model__learning_rate": 0.3, "model__max_depth": 2.9011740612064365, "model__n_estimators": 26.752447493164063, "model__reg_lambda": 4.129644204605904}, "datetime": {"datetime": "2021-03-26 18:23:23", "elapsed": 282.376688, "delta": 3.240133}}
{"target": -1.1365055772906127, "params": {"model__colsample_bylevel": 0.3, "model__colsample_bynode": 1.0, "model__colsample_bytree": 1.0, "model__learning_rate": 0.3, "model__max_depth": 5.964360423110298, "model__n_estimators": 28.682559131924844, "model__reg_lambda": 0.0}, "datetime": {"datetime": "2021-03-26 18:23:25", "elapsed": 284.466666, "delta": 2.089978}}
{"target": -1.1765129189276933, "params": {"model__colsample_bylevel": 0.3, "model__colsample_bynode": 1.0, "model__colsample_bytree": 1.0, "model__learning_rate": 0.3, "model__max_depth": 2.7523255244649087, "model__n_estimators": 30.0, "model__reg_lambda": 4.220513391441586}, "datetime": {"datetime": "2021-03-26 18:23:26", "elapsed": 286.196827, "delta": 1.730161}}
{"target": -1.2706962217887243, "params": {"model__colsample_bylevel": 1.0, "model__colsample_bynode": 1.0, "model__colsample_bytree": 1.0, "model__learning_rate": 0.3, "model__max_depth": 8.0, "model__n_estimators": 19.5050107529874, "model__reg_lambda": 8.663166051070503}, "datetime": {"datetime": "2021-03-26 18:23:29", "elapsed": 288.78206, "delta": 2.585233}}
{"target": -1.2965788420397732, "params": {"model__colsample_bylevel": 1.0, "model__colsample_bynode": 0.3, "model__colsample_bytree": 0.3, "model__learning_rate": 0.3, "model__max_depth": 3.1198507232362362, "model__n_estimators": 28.82757098746036, "model__reg_lambda": 10.0}, "datetime": {"datetime": "2021-03-26 18:23:31", "elapsed": 291.066446, "delta": 2.284386}}
{"target": -1.1168424923964977, "params": {"model__colsample_bylevel": 1.0, "model__colsample_bynode": 1.0, "model__colsample_bytree": 0.3, "model__learning_rate": 0.3, "model__max_depth": 5.583873628508464, "model__n_estimators": 28.93007860876372, "model__reg_lambda": 0.8908836853393671}, "datetime": {"datetime": "2021-03-26 18:23:33", "elapsed": 293.229172, "delta": 2.162726}}
{"target": -1.1612911903218408, "params": {"model__colsample_bylevel": 0.3, "model__colsample_bynode": 1.0, "model__colsample_bytree": 1.0, "model__learning_rate": 0.3, "model__max_depth": 6.305887255982403, "model__n_estimators": 24.79371142163403, "model__reg_lambda": 3.1292938696219292}, "datetime": {"datetime": "2021-03-26 18:23:35", "elapsed": 295.308687, "delta": 2.079515}}
{"target": -1.2434855977525476, "params": {"model__colsample_bylevel": 1.0, "model__colsample_bynode": 1.0, "model__colsample_bytree": 1.0, "model__learning_rate": 0.3, "model__max_depth": 4.208025563911246, "model__n_estimators": 26.414507463275992, "model__reg_lambda": 0.0}, "datetime": {"datetime": "2021-03-26 18:23:38", "elapsed": 297.488504, "delta": 2.179817}}
{"target": -1.2004380382273507, "params": {"model__colsample_bylevel": 0.3, "model__colsample_bynode": 1.0, "model__colsample_bytree": 0.3, "model__learning_rate": 0.3, "model__max_depth": 5.430718403195921, "model__n_estimators": 29.007087315945924, "model__reg_lambda": 3.902575418578586}, "datetime": {"datetime": "2021-03-26 18:23:40", "elapsed": 299.517095, "delta": 2.028591}}
{"target": -1.169467669139292, "params": {"model__colsample_bylevel": 1.0, "model__colsample_bynode": 0.3, "model__colsample_bytree": 1.0, "model__learning_rate": 0.3, "model__max_depth": 7.290874096662143, "model__n_estimators": 25.886837061100163, "model__reg_lambda": 0.6472254572044926}, "datetime": {"datetime": "2021-03-26 18:23:42", "elapsed": 302.007731, "delta": 2.490636}}
{"target": -1.26788043062864, "params": {"model__colsample_bylevel": 0.3, "model__colsample_bynode": 1.0, "model__colsample_bytree": 1.0, "model__learning_rate": 0.3, "model__max_depth": 4.315730312240279, "model__n_estimators": 19.96325813786139, "model__reg_lambda": 8.763275403224805}, "datetime": {"datetime": "2021-03-26 18:23:44", "elapsed": 304.117576, "delta": 2.109845}}
