{"target": -1.19378434597798, "params": {"model__colsample_bylevel": 1.0, "model__colsample_bynode": 1.0, "model__colsample_bytree": 1.0, "model__learning_rate": 0.3, "model__max_depth": 3.413956627144619, "model__n_estimators": 30.0, "model__reg_lambda": 7.993198942624924}, "datetime": {"datetime": "2021-03-26 18:19:52", "elapsed": 71.901624, "delta": 2.03614}}
{"target": -1.2492378097135517, "params": {"model__colsample_bylevel": 0.3, "model__colsample_bynode": 1.0, "model__colsample_bytree": 1.0, "model__learning_rate": 0.3, "model__max_depth": 4.553006813623764, "model__n_estimators": 22.253070872311646, "model__reg_lambda": 7.52318925696146}, "datetime": {"datetime": "2021-03-26 18:19:54", "elapsed": 73.697139, "delta": 1.795515}}
{"target": -1.130103563297324, "params": {"model__colsample_bylevel": 0.3, "model__colsample_bynode": 1.0, "model__colsample_bytree": 1.0, "model__learning_rate": 0.3, "model__max_depth": 6.099714761956379, "model__n_estimators": 30.0, "model__reg_lambda": 4.0294082683833246}, "datetime": {"datetime": "2021-03-26 18:19:55", "elapsed": 75.273621, "delta": 1.576482}}
{"target": -1.3235518761357103, "params": {"model__colsample_bylevel": 0.3, "model__colsample_bynode": 0.3, "model__colsample_bytree": 1.0, "model__learning_rate": 0.3, "model__max_depth": 2.0, "model__n_estimators": 30.0, "model__reg_lambda": 10.0}, "datetime": {"datetime": "2021-03-26 18:19:57", "elapsed": 76.713938, "delta": 1.440317}}
{"target": -1.2055044133270132, "params": {"model__colsample_bylevel": 1.0, "model__colsample_bynode": 1.0, "model__colsample_bytree": 1.0, "model__learning_rate": 0.3, "model__max_depth": 2.0, "model__n_estimators": 27.627144188808632, "model__reg_lambda": 5.881055379653854}, "datetime": {"datetime": "2021-03-26 18:19:59", "elapsed": 78.660497, "delta": 1.946559}}
{"target": -1.3524334529495758, "params": {"model__colsample_bylevel": 1.0, "model__colsample_bynode": 1.0, "model__colsample_bytree": 1.0, "model__learning_rate": 0.1, "model__max_depth": 3.403349247427132, "model__n_estimators": 30.0, "model__reg_lambda": 0.0}, "datetime": {"datetime": "2021-03-26 18:20:01", "elapsed": 80.659486, "delta": 1.998989}}
{"target": -1.1549990559239751, "params": {"model__colsample_bylevel": 0.3, "model__colsample_bynode": 0.3, "model__colsample_bytree": 1.0, "model__learning_rate": 0.3, "model__max_depth": 4.263414075387227, "model__n_estimators": 30.0, "model__reg_lambda": 2.9891714344766425}, "datetime": {"datetime": "2021-03-26 18:20:02", "elapsed": 82.254187, "delta": 1.594701}}
{"target": -1.1966812595131173, "params": {"model__colsample_bylevel": 1.0, "model__colsample_bynode": 1.0, "model__colsample_bytree": 1.0, "model__learning_rate": 0.3, "model__max_depth": 4.311320350365037, "model__n_estimators": 28.861874940729976, "model__reg_lambda": 4.600554439433264}, "datetime": {"datetime": "2021-03-26 18:20:05", "elapsed": 84.388498, "delta": 2.134311}}
{"target": -1.1724244322438817, "params": {"model__colsample_bylevel": 0.5286590854735207, "model__colsample_bynode": 0.3153681423432736, "model__colsample_bytree": 0.5277449465140399, "model__learning_rate": 0.29081409814921555, "model__max_depth": 2.206283847522502, "model__n_estimators": 24.914283008132543, "model__reg_lambda": 0.061010696164619516}, "datetime": {"datetime": "2021-03-26 18:20:06", "elapsed": 86.065834, "delta": 1.677336}}
{"target": -1.314967194320364, "params": {"model__colsample_bylevel": 1.0, "model__colsample_bynode": 1.0, "model__colsample_bytree": 1.0, "model__learning_rate": 0.3, "model__max_depth": 5.776899309313723, "model__n_estimators": 15.0, "model__reg_lambda": 0.0}, "datetime": {"datetime": "2021-03-26 18:20:08", "elapsed": 88.055307, "delta": 1.989473}}
{"target": -1.2365856597415994, "params": {"model__colsample_bylevel": 1.0, "model__colsample_bynode": 0.3, "model__colsample_bytree": 1.0, "model__learning_rate": 0.3, "model__max_depth": 2.0, "model__n_estimators": 16.24813887218074, "model__reg_lambda": 0.0}, "datetime": {"datetime": "2021-03-26 18:20:10", "elapsed": 89.487697, "delta": 1.43239}}
{"target": -1.1654464277006902, "params": {"model__colsample_bylevel": 0.3, "model__colsample_bynode": 1.0, "model__colsample_bytree": 1.0, "model__learning_rate": 0.3, "model__max_depth": 6.786035571591707, "model__n_estimators": 30.0, "model__reg_lambda": 8.008906929845743}, "datetime": {"datetime": "2021-03-26 18:20:12", "elapsed": 91.576488, "delta": 2.088791}}
{"target": -1.1720328468721415, "params": {"model__colsample_bylevel": 1.0, "model__colsample_bynode": 0.3, "model__colsample_bytree": 1.0, "model__learning_rate": 0.3, "model__max_depth": 2.0, "model__n_estimators": 22.154594058684435, "model__reg_lambda": 0.0}, "datetime": {"datetime": "2021-03-26 18:20:13", "elapsed": 93.238581, "delta": 1.662093}}
{"target": -1.1836819114109527, "params": {"model__colsample_bylevel": 1.0, "model__colsample_bynode": 1.0, "model__colsample_bytree": 0.3, "model__learning_rate": 0.3, "model__max_depth": 8.0, "model__n_estimators": 28.350689136978776, "model__reg_lambda": 7.947722463649514}, "datetime": {"datetime": "2021-03-26 18:20:15", "elapsed": 95.109865, "delta": 1.871284}}
{"target": -1.2555113468751096, "params": {"model__colsample_bylevel": 1.0, "model__colsample_bynode": 0.3, "model__colsample_bytree": 0.3, "model__learning_rate": 0.3, "model__max_depth": 4.695347393748877, "model__n_estimators": 23.872923125761925, "model__reg_lambda": 0.0}, "datetime": {"datetime": "2021-03-26 18:20:17", "elapsed": 96.83067, "delta": 1.720805}}
{"target": -1.2145668479951395, "params": {"model__colsample_bylevel": 0.3, "model__colsample_bynode": 1.0, "model__colsample_bytree": 0.3, "model__learning_rate": 0.3, "model__max_depth": 8.0, "model__n_estimators": 30.0, "model__reg_lambda": 4.158088925970575}, "datetime": {"datetime": "2021-03-26 18:20:19", "elapsed": 98.804145, "delta": 1.973475}}
{"target": -1.2080906016333703, "params": {"model__colsample_bylevel": 1.0, "model__colsample_bynode": 1.0, "model__colsample_bytree": 1.0, "model__learning_rate": 0.3, "model__max_depth": 2.0, "model__n_estimators": 25.652671294591528, "model__reg_lambda": 2.78199299343439}, "datetime": {"datetime": "2021-03-26 18:20:21", "elapsed": 100.889662, "delta": 2.085517}}
{"target": -1.212774713224043, "params": {"model__colsample_bylevel": 1.0, "model__colsample_bynode": 1.0, "model__colsample_bytree": 1.0, "model__learning_rate": 0.3, "model__max_depth": 4.293988171073653, "model__n_estimators": 28.19327513345668, "model__reg_lambda": 10.0}, "datetime": {"datetime": "2021-03-26 18:20:23", "elapsed": 103.022787, "delta": 2.133125}}
{"target": -1.2552241244501825, "params": {"model__colsample_bylevel": 1.0, "model__colsample_bynode": 0.3, "model__colsample_bytree": 1.0, "model__learning_rate": 0.3, "model__max_depth": 8.0, "model__n_estimators": 15.0, "model__reg_lambda": 3.9373085964403858}, "datetime": {"datetime": "2021-03-26 18:20:25", "elapsed": 104.786131, "delta": 1.763344}}
{"target": -1.2439619009315537, "params": {"model__colsample_bylevel": 0.3, "model__colsample_bynode": 1.0, "model__colsample_bytree": 0.3, "model__learning_rate": 0.3, "model__max_depth": 2.0, "model__n_estimators": 30.0, "model__reg_lambda": 2.0420011382806185}, "datetime": {"datetime": "2021-03-26 18:20:26", "elapsed": 106.156102, "delta": 1.369971}}
{"target": -1.3132313091145909, "params": {"model__colsample_bylevel": 1.0, "model__colsample_bynode": 0.3, "model__colsample_bytree": 1.0, "model__learning_rate": 0.3, "model__max_depth": 6.479245179766857, "model__n_estimators": 15.0, "model__reg_lambda": 7.7273491255446185}, "datetime": {"datetime": "2021-03-26 18:20:28", "elapsed": 107.864141, "delta": 1.708039}}
{"target": -1.2700247131558, "params": {"model__colsample_bylevel": 1.0, "model__colsample_bynode": 1.0, "model__colsample_bytree": 1.0, "model__learning_rate": 0.3, "model__max_depth": 6.520922462953793, "model__n_estimators": 20.391954847573775, "model__reg_lambda": 1.0676281183347773}, "datetime": {"datetime": "2021-03-26 18:20:30", "elapsed": 109.893713, "delta": 2.029572}}
{"target": -1.3641422553406353, "params": {"model__colsample_bylevel": 0.3, "model__colsample_bynode": 0.3, "model__colsample_bytree": 0.3, "model__learning_rate": 0.3, "model__max_depth": 8.0, "model__n_estimators": 19.554616531467246, "model__reg_lambda": 0.0}, "datetime": {"datetime": "2021-03-26 18:20:32", "elapsed": 111.93192, "delta": 2.038207}}
{"target": -1.2560501179455414, "params": {"model__colsample_bylevel": 1.0, "model__colsample_bynode": 1.0, "model__colsample_bytree": 1.0, "model__learning_rate": 0.3, "model__max_depth": 8.0, "model__n_estimators": 17.47525900504349, "model__reg_lambda": 5.250094179421391}, "datetime": {"datetime": "2021-03-26 18:20:34", "elapsed": 114.054525, "delta": 2.122605}}
{"target": -1.1761700736142802, "params": {"model__colsample_bylevel": 0.3, "model__colsample_bynode": 1.0, "model__colsample_bytree": 1.0, "model__learning_rate": 0.3, "model__max_depth": 8.0, "model__n_estimators": 24.152920427541574, "model__reg_lambda": 3.2316023209100058}, "datetime": {"datetime": "2021-03-26 18:20:36", "elapsed": 115.786549, "delta": 1.732024}}
{"target": -1.253258791009801, "params": {"model__colsample_bylevel": 0.3, "model__colsample_bynode": 1.0, "model__colsample_bytree": 1.0, "model__learning_rate": 0.3, "model__max_depth": 6.1310416893965645, "model__n_estimators": 20.7406635996629, "model__reg_lambda": 10.0}, "datetime": {"datetime": "2021-03-26 18:20:38", "elapsed": 117.515398, "delta": 1.728849}}
{"target": -1.2975232394871072, "params": {"model__colsample_bylevel": 1.0, "model__colsample_bynode": 0.3, "model__colsample_bytree": 0.3, "model__learning_rate": 0.3, "model__max_depth": 6.585081025983357, "model__n_estimators": 28.233103406193873, "model__reg_lambda": 10.0}, "datetime": {"datetime": "2021-03-26 18:20:39", "elapsed": 119.282024, "delta": 1.766626}}
{"target": -1.1600326795589881, "params": {"model__colsample_bylevel": 0.3, "model__colsample_bynode": 1.0, "model__colsample_bytree": 1.0, "model__learning_rate": 0.3, "model__max_depth": 8.0, "model__n_estimators": 16.76349839648894, "model__reg_lambda": 0.0}, "datetime": {"datetime": "2021-03-26 18:20:41", "elapsed": 120.876109, "delta": 1.594085}}
{"target": -1.1749541099547691, "params": {"model__colsample_bylevel": 0.3, "model__colsample_bynode": 1.0, "model__colsample_bytree": 1.0, "model__learning_rate": 0.3, "model__max_depth": 5.518099013368552, "model__n_estimators": 23.09542694962849, "model__reg_lambda": 2.159495546244072}, "datetime": {"datetime": "2021-03-26 18:20:43", "elapsed": 123.134679, "delta": 2.25857}}
{"target": -1.3107685148243562, "params": {"model__colsample_bylevel": 0.3, "model__colsample_bynode": 0.3, "model__colsample_bytree": 0.3, "model__learning_rate": 0.3, "model__max_depth": 8.0, "model__n_estimators": 25.993260650051337, "model__reg_lambda": 0.0}, "datetime": {"datetime": "2021-03-26 18:20:45", "elapsed": 125.055243, "delta": 1.920564}}
{"target": -1.2784935664986192, "params": {"model__colsample_bylevel": 1.0, "model__colsample_bynode": 1.0, "model__colsample_bytree": 1.0, "model__learning_rate": 0.3, "model__max_depth": 8.0, "model__n_estimators": 23.811226588022084, "model__reg_lambda": 0.0}, "datetime": {"datetime": "2021-03-26 18:20:47", "elapsed": 127.207118, "delta": 2.151875}}
{"target": -1.174715676489691, "params": {"model__colsample_bylevel": 0.3, "model__colsample_bynode": 1.0, "model__colsample_bytree": 1.0, "model__learning_rate": 0.3, "model__max_depth": 4.443990185358317, "model__n_estimators": 21.43660741012574, "model__reg_lambda": 0.0}, "datetime": {"datetime": "2021-03-26 18:20:49", "elapsed": 129.091757, "delta": 1.884639}}
{"target": -1.1903054015744696, "params": {"model__colsample_bylevel": 1.0, "model__colsample_bynode": 1.0, "model__colsample_bytree": 1.0, "model__learning_rate": 0.3, "model__max_depth": 2.0, "model__n_estimators": 25.531884818158495, "model__reg_lambda": 0.0}, "datetime": {"datetime": "2021-03-26 18:20:51", "elapsed": 131.154188, "delta": 2.062431}}
{"target": -1.259987491990129, "params": {"model__colsample_bylevel": 1.0, "model__colsample_bynode": 1.0, "model__colsample_bytree": 1.0, "model__learning_rate": 0.3, "model__max_depth": 5.872178936620184, "model__n_estimators": 20.838973510089275, "model__reg_lambda": 8.099774191835662}, "datetime": {"datetime": "2021-03-26 18:20:53", "elapsed": 133.199819, "delta": 2.045631}}
{"target": -1.3510167223765799, "params": {"model__colsample_bylevel": 0.3, "model__colsample_bynode": 1.0, "model__colsample_bytree": 0.3, "model__learning_rate": 0.3, "model__max_depth": 8.0, "model__n_estimators": 24.275243718779926, "model__reg_lambda": 10.0}, "datetime": {"datetime": "2021-03-26 18:20:55", "elapsed": 134.698177, "delta": 1.498358}}
{"target": -1.2666323781985303, "params": {"model__colsample_bylevel": 1.0, "model__colsample_bynode": 1.0, "model__colsample_bytree": 0.3, "model__learning_rate": 0.3, "model__max_depth": 2.0, "model__n_estimators": 23.696359219616085, "model__reg_lambda": 10.0}, "datetime": {"datetime": "2021-03-26 18:20:56", "elapsed": 136.319874, "delta": 1.621697}}
{"target": -1.2219424251399502, "params": {"model__colsample_bylevel": 1.0, "model__colsample_bynode": 1.0, "model__colsample_bytree": 1.0, "model__learning_rate": 0.3, "model__max_depth": 8.0, "model__n_estimators": 26.771130297958372, "model__reg_lambda": 3.7686110014043654}, "datetime": {"datetime": "2021-03-26 18:20:59", "elapsed": 138.427881, "delta": 2.108007}}
{"target": -1.2088970827033232, "params": {"model__colsample_bylevel": 0.3, "model__colsample_bynode": 1.0, "model__colsample_bytree": 1.0, "model__learning_rate": 0.3, "model__max_depth": 8.0, "model__n_estimators": 19.623136536872124, "model__reg_lambda": 3.673194013075228}, "datetime": {"datetime": "2021-03-26 18:21:00", "elapsed": 140.338059, "delta": 1.910178}}
{"target": -1.2363952177536226, "params": {"model__colsample_bylevel": 1.0, "model__colsample_bynode": 1.0, "model__colsample_bytree": 1.0, "model__learning_rate": 0.3, "model__max_depth": 2.0, "model__n_estimators": 27.807094639765186, "model__reg_lambda": 10.0}, "datetime": {"datetime": "2021-03-26 18:21:02", "elapsed": 142.19472, "delta": 1.856661}}
{"target": -1.2030176693600587, "params": {"model__colsample_bylevel": 0.3, "model__colsample_bynode": 1.0, "model__colsample_bytree": 1.0, "model__learning_rate": 0.3, "model__max_depth": 2.0, "model__n_estimators": 30.0, "model__reg_lambda": 6.189667222578834}, "datetime": {"datetime": "2021-03-26 18:21:04", "elapsed": 144.120417, "delta": 1.925697}}
{"target": -1.2695082916351763, "params": {"model__colsample_bylevel": 1.0, "model__colsample_bynode": 1.0, "model__colsample_bytree": 0.3, "model__learning_rate": 0.3, "model__max_depth": 2.0, "model__n_estimators": 21.946287471970333, "model__reg_lambda": 7.405501140202087}, "datetime": {"datetime": "2021-03-26 18:21:06", "elapsed": 145.817518, "delta": 1.697101}}
{"target": -1.1738667045733417, "params": {"model__colsample_bylevel": 0.3, "model__colsample_bynode": 1.0, "model__colsample_bytree": 1.0, "model__learning_rate": 0.3, "model__max_depth": 6.315074072057221, "model__n_estimators": 28.04287112695811, "model__reg_lambda": 4.760306209070772}, "datetime": {"datetime": "2021-03-26 18:21:08", "elapsed": 147.778919, "delta": 1.961401}}
{"target": -1.2851582670044426, "params": {"model__colsample_bylevel": 1.0, "model__colsample_bynode": 1.0, "model__colsample_bytree": 1.0, "model__learning_rate": 0.3, "model__max_depth": 4.785949405798016, "model__n_estimators": 18.91471458237124, "model__reg_lambda": 10.0}, "datetime": {"datetime": "2021-03-26 18:21:10", "elapsed": 150.000912, "delta": 2.221993}}
{"target": -1.119800897710619, "params": {"model__colsample_bylevel": 1.0, "model__colsample_bynode": 1.0, "model__colsample_bytree": 0.3, "model__learning_rate": 0.3, "model__max_depth": 5.656311633258739, "model__n_estimators": 30.0, "model__reg_lambda": 3.552026330706562}, "datetime": {"datetime": "2021-03-26 18:21:12", "elapsed": 151.918128, "delta": 1.917216}}
{"target": -1.1863510912986122, "params": {"model__colsample_bylevel": 1.0, "model__colsample_bynode": 0.3, "model__colsample_bytree": 1.0, "model__learning_rate": 0.3, "model__max_depth": 6.928416090357094, "model__n_estimators": 24.058772391387926, "model__reg_lambda": 2.9736339319371208}, "datetime": {"datetime": "2021-03-26 18:21:14", "elapsed": 153.977435, "delta": 2.059307}}
{"target": -1.1130937893122461, "params": {"model__colsample_bylevel": 0.3, "model__colsample_bynode": 0.3, "model__colsample_bytree": 1.0, "model__learning_rate": 0.3, "model__max_depth": 4.410191970264866, "model__n_estimators": 25.876441783235535, "model__reg_lambda": 0.0}, "datetime": {"datetime": "2021-03-26 18:21:16", "elapsed": 155.803493, "delta": 1.826058}}
{"target": -1.2237041045844124, "params": {"model__colsample_bylevel": 1.0, "model__colsample_bynode": 1.0, "model__colsample_bytree": 1.0, "model__learning_rate": 0.3, "model__max_depth": 6.5927966746147, "model__n_estimators": 30.0, "model__reg_lambda": 10.0}, "datetime": {"datetime": "2021-03-26 18:21:18", "elapsed": 157.817858, "delta": 2.014365}}
{"target": -1.1276512145790258, "params": {"model__colsample_bylevel": 0.3, "model__colsample_bynode": 1.0, "model__colsample_bytree": 1.0, "model__learning_rate": 0.3, "model__max_depth": 7.111691971582316, "model__n_estimators": 27.71232314123492, "model__reg_lambda": 0.0}, "datetime": {"datetime": "2021-03-26 18:21:20", "elapsed": 159.967199, "delta": 2.149341}}
{"target": -1.2654629530655086, "params": {"model__colsample_bylevel": 1.0, "model__colsample_bynode": 0.3, "model__colsample_bytree": 0.3, "model__learning_rate": 0.3, "model__max_depth": 8.0, "model__n_estimators": 30.0, "model__reg_lambda": 8.161507167560941}, "datetime": {"datetime": "2021-03-26 18:21:22", "elapsed": 161.683463, "delta": 1.716264}}
{"target": -1.2125107899571403, "params": {"model__colsample_bylevel": 0.3, "model__colsample_bynode": 0.3, "model__colsample_bytree": 1.0, "model__learning_rate": 0.3, "model__max_depth": 5.761875737146762, "model__n_estimators": 21.665790474802012, "model__reg_lambda": 1.2278978019544398}, "datetime": {"datetime": "2021-03-26 18:21:24", "elapsed": 163.696384, "delta": 2.012921}}
{"target": -1.1952186256687605, "params": {"model__colsample_bylevel": 0.3, "model__colsample_bynode": 1.0, "model__colsample_bytree": 0.3, "model__learning_rate": 0.3, "model__max_depth": 5.982931590222447, "model__n_estimators": 30.0, "model__reg_lambda": 1.250158585563341}, "datetime": {"datetime": "2021-03-26 18:21:26", "elapsed": 165.823746, "delta": 2.127362}}
{"target": -1.30138530196703, "params": {"model__colsample_bylevel": 1.0, "model__colsample_bynode": 0.3, "model__colsample_bytree": 1.0, "model__learning_rate": 0.3, "model__max_depth": 2.0, "model__n_estimators": 22.463319927626596, "model__reg_lambda": 10.0}, "datetime": {"datetime": "2021-03-26 18:21:28", "elapsed": 167.838233, "delta": 2.014487}}
{"target": -1.197599079987655, "params": {"model__colsample_bylevel": 1.0, "model__colsample_bynode": 0.3, "model__colsample_bytree": 0.3, "model__learning_rate": 0.3, "model__max_depth": 8.0, "model__n_estimators": 30.0, "model__reg_lambda": 2.439737711563196}, "datetime": {"datetime": "2021-03-26 18:21:30", "elapsed": 169.521627, "delta": 1.683394}}
{"target": -1.2816270172261917, "params": {"model__colsample_bylevel": 1.0, "model__colsample_bynode": 1.0, "model__colsample_bytree": 1.0, "model__learning_rate": 0.3, "model__max_depth": 8.0, "model__n_estimators": 27.4039022390308, "model__reg_lambda": 0.0}, "datetime": {"datetime": "2021-03-26 18:21:32", "elapsed": 171.673751, "delta": 2.152124}}
{"target": -1.195999771070437, "params": {"model__colsample_bylevel": 0.3, "model__colsample_bynode": 0.3, "model__colsample_bytree": 1.0, "model__learning_rate": 0.3, "model__max_depth": 8.0, "model__n_estimators": 25.061814955379973, "model__reg_lambda": 1.8942300587808256}, "datetime": {"datetime": "2021-03-26 18:21:34", "elapsed": 173.456765, "delta": 1.783014}}
{"target": -1.3679383816170518, "params": {"model__colsample_bylevel": 0.3, "model__colsample_bynode": 0.3, "model__colsample_bytree": 1.0, "model__learning_rate": 0.3, "model__max_depth": 4.053233932272413, "model__n_estimators": 15.0, "model__reg_lambda": 4.712512965807113}, "datetime": {"datetime": "2021-03-26 18:21:35", "elapsed": 175.243579, "delta": 1.786814}}
{"target": -1.1922504804475043, "params": {"model__colsample_bylevel": 1.0, "model__colsample_bynode": 1.0, "model__colsample_bytree": 0.3, "model__learning_rate": 0.3, "model__max_depth": 8.0, "model__n_estimators": 26.148918138783326, "model__reg_lambda": 7.443397845532756}, "datetime": {"datetime": "2021-03-26 18:21:37", "elapsed": 177.13901, "delta": 1.895431}}
{"target": -1.2973261259307247, "params": {"model__colsample_bylevel": 1.0, "model__colsample_bynode": 1.0, "model__colsample_bytree": 1.0, "model__learning_rate": 0.3, "model__max_depth": 8.0, "model__n_estimators": 16.286859684620786, "model__reg_lambda": 1.596505902099676}, "datetime": {"datetime": "2021-03-26 18:21:39", "elapsed": 179.234148, "delta": 2.095138}}
{"target": -1.2354391901794333, "params": {"model__colsample_bylevel": 0.3, "model__colsample_bynode": 0.3, "model__colsample_bytree": 1.0, "model__learning_rate": 0.3, "model__max_depth": 3.4078220966122954, "model__n_estimators": 25.020162713658532, "model__reg_lambda": 2.597048175180153}, "datetime": {"datetime": "2021-03-26 18:21:41", "elapsed": 181.039322, "delta": 1.805174}}
{"target": -1.2421252398387248, "params": {"model__colsample_bylevel": 1.0, "model__colsample_bynode": 0.3, "model__colsample_bytree": 1.0, "model__learning_rate": 0.3, "model__max_depth": 2.0, "model__n_estimators": 24.829947506377906, "model__reg_lambda": 5.385900781219771}, "datetime": {"datetime": "2021-03-26 18:21:43", "elapsed": 183.001201, "delta": 1.961879}}
