{"target": -1.1733126322482375, "params": {"model__colsample_bylevel": 0.3, "model__colsample_bynode": 0.3, "model__colsample_bytree": 1.0, "model__learning_rate": 0.3, "model__max_depth": 2.0, "model__n_estimators": 29.0, "model__reg_lambda": 0.0}, "datetime": {"datetime": "2021-03-26 18:18:40", "elapsed": 0.0, "delta": 0.0}}
{"target": -1.1495393554838644, "params": {"model__colsample_bylevel": 1.0, "model__colsample_bynode": 1.0, "model__colsample_bytree": 0.3, "model__learning_rate": 0.3, "model__max_depth": 7.0, "model__n_estimators": 26.0, "model__reg_lambda": 0.0}, "datetime": {"datetime": "2021-03-26 18:18:40", "elapsed": 0.246989, "delta": 0.246989}}
{"target": -1.1353914213596263, "params": {"model__colsample_bylevel": 0.3, "model__colsample_bynode": 1.0, "model__colsample_bytree": 1.0, "model__learning_rate": 0.3, "model__max_depth": 2.0, "model__n_estimators": 30.0, "model__reg_lambda": 0.0}, "datetime": {"datetime": "2021-03-26 18:18:41", "elapsed": 0.433938, "delta": 0.186949}}
{"target": -1.1855307674433604, "params": {"model__colsample_bylevel": 1.0, "model__colsample_bynode": 0.3, "model__colsample_bytree": 0.3, "model__learning_rate": 0.3, "model__max_depth": 4.0, "model__n_estimators": 30.0, "model__reg_lambda": 0.0}, "datetime": {"datetime": "2021-03-26 18:18:41", "elapsed": 0.602716, "delta": 0.168778}}
{"target": -1.1106068790647323, "params": {"model__colsample_bylevel": 1.0, "model__colsample_bynode": 1.0, "model__colsample_bytree": 0.3, "model__learning_rate": 0.3, "model__max_depth": 2.0, "model__n_estimators": 29.0, "model__reg_lambda": 0.0}, "datetime": {"datetime": "2021-03-26 18:18:41", "elapsed": 0.775908, "delta": 0.173192}}
{"target": -1.1106068790647323, "params": {"model__colsample_bylevel": 1.0, "model__colsample_bynode": 1.0, "model__colsample_bytree": 0.3, "model__learning_rate": 0.3, "model__max_depth": 2.0, "model__n_estimators": 29.0, "model__reg_lambda": 0.0}, "datetime": {"datetime": "2021-03-26 18:18:41", "elapsed": 0.7762, "delta": 0.000292}}
{"target": -1.1106068790647323, "params": {"model__colsample_bylevel": 1.0, "model__colsample_bynode": 1.0, "model__colsample_bytree": 0.3, "model__learning_rate": 0.3, "model__max_depth": 2.0, "model__n_estimators": 29.0, "model__reg_lambda": 0.0}, "datetime": {"datetime": "2021-03-26 18:18:41", "elapsed": 0.776359, "delta": 0.000159}}
{"target": -1.1162454179339651, "params": {"model__colsample_bylevel": 1.0, "model__colsample_bynode": 1.0, "model__colsample_bytree": 0.3, "model__learning_rate": 0.3, "model__max_depth": 5.0, "model__n_estimators": 30.0, "model__reg_lambda": 1.3969582260721904}, "datetime": {"datetime": "2021-03-26 18:18:41", "elapsed": 1.034607, "delta": 0.258248}}
{"target": -1.1162454179339651, "params": {"model__colsample_bylevel": 1.0, "model__colsample_bynode": 1.0, "model__colsample_bytree": 0.3, "model__learning_rate": 0.3, "model__max_depth": 5.0, "model__n_estimators": 30.0, "model__reg_lambda": 1.3969582260721904}, "datetime": {"datetime": "2021-03-26 18:18:41", "elapsed": 1.034924, "delta": 0.000317}}
{"target": -1.1162454179339651, "params": {"model__colsample_bylevel": 1.0, "model__colsample_bynode": 1.0, "model__colsample_bytree": 0.3, "model__learning_rate": 0.3, "model__max_depth": 5.0, "model__n_estimators": 30.0, "model__reg_lambda": 1.3969582260721904}, "datetime": {"datetime": "2021-03-26 18:18:41", "elapsed": 1.035097, "delta": 0.000173}}
{"target": -1.1838344362969309, "params": {"model__colsample_bylevel": 0.3079362334176096, "model__colsample_bynode": 0.8971823838547848, "model__colsample_bytree": 0.40250528177435396, "model__learning_rate": 0.27962972600551395, "model__max_depth": 8.0, "model__n_estimators": 29.0, "model__reg_lambda": 1.1060522447128518}, "datetime": {"datetime": "2021-03-26 18:18:41", "elapsed": 1.217453, "delta": 0.182356}}
{"target": -1.126084347316435, "params": {"model__colsample_bylevel": 1.0, "model__colsample_bynode": 1.0, "model__colsample_bytree": 0.3, "model__learning_rate": 0.3, "model__max_depth": 6.0, "model__n_estimators": 30.0, "model__reg_lambda": 0.0}, "datetime": {"datetime": "2021-03-26 18:18:42", "elapsed": 1.468548, "delta": 0.251095}}
{"target": -1.1142373739522409, "params": {"model__colsample_bylevel": 1.0, "model__colsample_bynode": 0.3, "model__colsample_bytree": 1.0, "model__learning_rate": 0.3, "model__max_depth": 3.0, "model__n_estimators": 27.0, "model__reg_lambda": 0.0}, "datetime": {"datetime": "2021-03-26 18:18:42", "elapsed": 1.667136, "delta": 0.198588}}
{"target": -1.1466523348029865, "params": {"model__colsample_bylevel": 0.6340772589827341, "model__colsample_bynode": 0.9178072915752025, "model__colsample_bytree": 0.46504609626335935, "model__learning_rate": 0.27216852125589686, "model__max_depth": 3.0, "model__n_estimators": 27.0, "model__reg_lambda": 0.012309314600569277}, "datetime": {"datetime": "2021-03-26 18:18:42", "elapsed": 1.845606, "delta": 0.17847}}
{"target": -1.1466523348029865, "params": {"model__colsample_bylevel": 0.6340772589827341, "model__colsample_bynode": 0.9178072915752025, "model__colsample_bytree": 0.46504609626335935, "model__learning_rate": 0.27216852125589686, "model__max_depth": 3.0, "model__n_estimators": 27.0, "model__reg_lambda": 0.012309314600569277}, "datetime": {"datetime": "2021-03-26 18:18:42", "elapsed": 1.845917, "delta": 0.000311}}
{"target": -1.1466523348029865, "params": {"model__colsample_bylevel": 0.6340772589827341, "model__colsample_bynode": 0.9178072915752025, "model__colsample_bytree": 0.46504609626335935, "model__learning_rate": 0.27216852125589686, "model__max_depth": 3.0, "model__n_estimators": 27.0, "model__reg_lambda": 0.012309314600569277}, "datetime": {"datetime": "2021-03-26 18:18:42", "elapsed": 1.846098, "delta": 0.000181}}
{"target": -1.1466523348029865, "params": {"model__colsample_bylevel": 0.6340772589827341, "model__colsample_bynode": 0.9178072915752025, "model__colsample_bytree": 0.46504609626335935, "model__learning_rate": 0.27216852125589686, "model__max_depth": 3.0, "model__n_estimators": 27.0, "model__reg_lambda": 0.012309314600569277}, "datetime": {"datetime": "2021-03-26 18:18:42", "elapsed": 1.846279, "delta": 0.000181}}
{"target": -1.1466523348029865, "params": {"model__colsample_bylevel": 0.6340772589827341, "model__colsample_bynode": 0.9178072915752025, "model__colsample_bytree": 0.46504609626335935, "model__learning_rate": 0.27216852125589686, "model__max_depth": 3.0, "model__n_estimators": 27.0, "model__reg_lambda": 0.012309314600569277}, "datetime": {"datetime": "2021-03-26 18:18:42", "elapsed": 1.846427, "delta": 0.000148}}
{"target": -1.1025781836367443, "params": {"model__colsample_bylevel": 1.0, "model__colsample_bynode": 1.0, "model__colsample_bytree": 0.3, "model__learning_rate": 0.3, "model__max_depth": 2.0, "model__n_estimators": 30.0, "model__reg_lambda": 0.0}, "datetime": {"datetime": "2021-03-26 18:18:42", "elapsed": 2.021623, "delta": 0.175196}}
{"target": -1.1025781836367443, "params": {"model__colsample_bylevel": 1.0, "model__colsample_bynode": 1.0, "model__colsample_bytree": 0.3, "model__learning_rate": 0.3, "model__max_depth": 2.0, "model__n_estimators": 30.0, "model__reg_lambda": 0.0}, "datetime": {"datetime": "2021-03-26 18:18:42", "elapsed": 2.021943, "delta": 0.00032}}
{"target": -1.1025781836367443, "params": {"model__colsample_bylevel": 1.0, "model__colsample_bynode": 1.0, "model__colsample_bytree": 0.3, "model__learning_rate": 0.3, "model__max_depth": 2.0, "model__n_estimators": 30.0, "model__reg_lambda": 0.0}, "datetime": {"datetime": "2021-03-26 18:18:42", "elapsed": 2.022127, "delta": 0.000184}}
{"target": -1.1710737943224123, "params": {"model__colsample_bylevel": 1.0, "model__colsample_bynode": 1.0, "model__colsample_bytree": 0.3, "model__learning_rate": 0.3, "model__max_depth": 3.0, "model__n_estimators": 22.0, "model__reg_lambda": 0.0}, "datetime": {"datetime": "2021-03-26 18:18:42", "elapsed": 2.191559, "delta": 0.169432}}
{"target": -1.1135677349139546, "params": {"model__colsample_bylevel": 0.3, "model__colsample_bynode": 0.3, "model__colsample_bytree": 1.0, "model__learning_rate": 0.3, "model__max_depth": 3.0, "model__n_estimators": 28.0, "model__reg_lambda": 0.0}, "datetime": {"datetime": "2021-03-26 18:18:42", "elapsed": 2.334524, "delta": 0.142965}}
{"target": -1.1135677349139546, "params": {"model__colsample_bylevel": 0.3, "model__colsample_bynode": 0.3, "model__colsample_bytree": 1.0, "model__learning_rate": 0.3, "model__max_depth": 3.0, "model__n_estimators": 28.0, "model__reg_lambda": 0.0}, "datetime": {"datetime": "2021-03-26 18:18:42", "elapsed": 2.334873, "delta": 0.000349}}
{"target": -1.1662767733784691, "params": {"model__colsample_bylevel": 0.3, "model__colsample_bynode": 1.0, "model__colsample_bytree": 1.0, "model__learning_rate": 0.3, "model__max_depth": 8.0, "model__n_estimators": 27.0, "model__reg_lambda": 1.384443015201743}, "datetime": {"datetime": "2021-03-26 18:18:43", "elapsed": 2.595511, "delta": 0.260638}}
{"target": -1.1662767733784691, "params": {"model__colsample_bylevel": 0.3, "model__colsample_bynode": 1.0, "model__colsample_bytree": 1.0, "model__learning_rate": 0.3, "model__max_depth": 8.0, "model__n_estimators": 27.0, "model__reg_lambda": 1.384443015201743}, "datetime": {"datetime": "2021-03-26 18:18:43", "elapsed": 2.595844, "delta": 0.000333}}
{"target": -1.1608160359703974, "params": {"model__colsample_bylevel": 1.0, "model__colsample_bynode": 0.3, "model__colsample_bytree": 0.3, "model__learning_rate": 0.3, "model__max_depth": 3.0, "model__n_estimators": 29.0, "model__reg_lambda": 0.0}, "datetime": {"datetime": "2021-03-26 18:18:43", "elapsed": 2.729046, "delta": 0.133202}}
{"target": -1.1608160359703974, "params": {"model__colsample_bylevel": 1.0, "model__colsample_bynode": 0.3, "model__colsample_bytree": 0.3, "model__learning_rate": 0.3, "model__max_depth": 3.0, "model__n_estimators": 29.0, "model__reg_lambda": 0.0}, "datetime": {"datetime": "2021-03-26 18:18:43", "elapsed": 2.729391, "delta": 0.000345}}
{"target": -1.1608160359703974, "params": {"model__colsample_bylevel": 1.0, "model__colsample_bynode": 0.3, "model__colsample_bytree": 0.3, "model__learning_rate": 0.3, "model__max_depth": 3.0, "model__n_estimators": 29.0, "model__reg_lambda": 0.0}, "datetime": {"datetime": "2021-03-26 18:18:43", "elapsed": 2.729577, "delta": 0.000186}}
{"target": -1.1326581160996811, "params": {"model__colsample_bylevel": 1.0, "model__colsample_bynode": 1.0, "model__colsample_bytree": 0.3, "model__learning_rate": 0.3, "model__max_depth": 3.0, "model__n_estimators": 26.0, "model__reg_lambda": 0.0}, "datetime": {"datetime": "2021-03-26 18:18:43", "elapsed": 2.922341, "delta": 0.192764}}
{"target": -1.1326581160996811, "params": {"model__colsample_bylevel": 1.0, "model__colsample_bynode": 1.0, "model__colsample_bytree": 0.3, "model__learning_rate": 0.3, "model__max_depth": 3.0, "model__n_estimators": 26.0, "model__reg_lambda": 0.0}, "datetime": {"datetime": "2021-03-26 18:18:43", "elapsed": 2.922676, "delta": 0.000335}}
{"target": -1.1326581160996811, "params": {"model__colsample_bylevel": 1.0, "model__colsample_bynode": 1.0, "model__colsample_bytree": 0.3, "model__learning_rate": 0.3, "model__max_depth": 3.0, "model__n_estimators": 26.0, "model__reg_lambda": 0.0}, "datetime": {"datetime": "2021-03-26 18:18:43", "elapsed": 2.922863, "delta": 0.000187}}
{"target": -1.1326581160996811, "params": {"model__colsample_bylevel": 1.0, "model__colsample_bynode": 1.0, "model__colsample_bytree": 0.3, "model__learning_rate": 0.3, "model__max_depth": 3.0, "model__n_estimators": 26.0, "model__reg_lambda": 0.0}, "datetime": {"datetime": "2021-03-26 18:18:43", "elapsed": 2.923033, "delta": 0.00017}}
{"target": -1.1326581160996811, "params": {"model__colsample_bylevel": 1.0, "model__colsample_bynode": 1.0, "model__colsample_bytree": 0.3, "model__learning_rate": 0.3, "model__max_depth": 3.0, "model__n_estimators": 26.0, "model__reg_lambda": 0.0}, "datetime": {"datetime": "2021-03-26 18:18:43", "elapsed": 2.9232, "delta": 0.000167}}
{"target": -1.1326581160996811, "params": {"model__colsample_bylevel": 1.0, "model__colsample_bynode": 1.0, "model__colsample_bytree": 0.3, "model__learning_rate": 0.3, "model__max_depth": 3.0, "model__n_estimators": 26.0, "model__reg_lambda": 0.0}, "datetime": {"datetime": "2021-03-26 18:18:43", "elapsed": 2.923363, "delta": 0.000163}}
{"target": -1.1632648042713603, "params": {"model__colsample_bylevel": 0.3, "model__colsample_bynode": 0.3, "model__colsample_bytree": 1.0, "model__learning_rate": 0.3, "model__max_depth": 3.0, "model__n_estimators": 28.0, "model__reg_lambda": 0.8409089891586309}, "datetime": {"datetime": "2021-03-26 18:18:43", "elapsed": 3.0637, "delta": 0.140337}}
{"target": -1.1632648042713603, "params": {"model__colsample_bylevel": 0.3, "model__colsample_bynode": 0.3, "model__colsample_bytree": 1.0, "model__learning_rate": 0.3, "model__max_depth": 3.0, "model__n_estimators": 28.0, "model__reg_lambda": 0.8409089891586309}, "datetime": {"datetime": "2021-03-26 18:18:43", "elapsed": 3.06404, "delta": 0.00034}}
{"target": -1.1049685679286703, "params": {"model__colsample_bylevel": 0.3, "model__colsample_bynode": 0.3, "model__colsample_bytree": 1.0, "model__learning_rate": 0.3, "model__max_depth": 4.0, "model__n_estimators": 29.0, "model__reg_lambda": 0.0}, "datetime": {"datetime": "2021-03-26 18:18:43", "elapsed": 3.212434, "delta": 0.148394}}
{"target": -1.150034381495114, "params": {"model__colsample_bylevel": 1.0, "model__colsample_bynode": 0.3, "model__colsample_bytree": 1.0, "model__learning_rate": 0.3, "model__max_depth": 4.0, "model__n_estimators": 29.0, "model__reg_lambda": 1.0293213706395146}, "datetime": {"datetime": "2021-03-26 18:18:44", "elapsed": 3.446054, "delta": 0.23362}}
{"target": -1.150034381495114, "params": {"model__colsample_bylevel": 1.0, "model__colsample_bynode": 0.3, "model__colsample_bytree": 1.0, "model__learning_rate": 0.3, "model__max_depth": 4.0, "model__n_estimators": 29.0, "model__reg_lambda": 1.0293213706395146}, "datetime": {"datetime": "2021-03-26 18:18:44", "elapsed": 3.446421, "delta": 0.000367}}
{"target": -1.150034381495114, "params": {"model__colsample_bylevel": 1.0, "model__colsample_bynode": 0.3, "model__colsample_bytree": 1.0, "model__learning_rate": 0.3, "model__max_depth": 4.0, "model__n_estimators": 29.0, "model__reg_lambda": 1.0293213706395146}, "datetime": {"datetime": "2021-03-26 18:18:44", "elapsed": 3.446662, "delta": 0.000241}}
{"target": -1.150034381495114, "params": {"model__colsample_bylevel": 1.0, "model__colsample_bynode": 0.3, "model__colsample_bytree": 1.0, "model__learning_rate": 0.3, "model__max_depth": 4.0, "model__n_estimators": 29.0, "model__reg_lambda": 1.0293213706395146}, "datetime": {"datetime": "2021-03-26 18:18:44", "elapsed": 3.446867, "delta": 0.000205}}
{"target": -1.150034381495114, "params": {"model__colsample_bylevel": 1.0, "model__colsample_bynode": 0.3, "model__colsample_bytree": 1.0, "model__learning_rate": 0.3, "model__max_depth": 4.0, "model__n_estimators": 29.0, "model__reg_lambda": 1.0293213706395146}, "datetime": {"datetime": "2021-03-26 18:18:44", "elapsed": 3.447039, "delta": 0.000172}}
{"target": -1.150034381495114, "params": {"model__colsample_bylevel": 1.0, "model__colsample_bynode": 0.3, "model__colsample_bytree": 1.0, "model__learning_rate": 0.3, "model__max_depth": 4.0, "model__n_estimators": 29.0, "model__reg_lambda": 1.0293213706395146}, "datetime": {"datetime": "2021-03-26 18:18:44", "elapsed": 3.447206, "delta": 0.000167}}
{"target": -1.150034381495114, "params": {"model__colsample_bylevel": 1.0, "model__colsample_bynode": 0.3, "model__colsample_bytree": 1.0, "model__learning_rate": 0.3, "model__max_depth": 4.0, "model__n_estimators": 29.0, "model__reg_lambda": 1.0293213706395146}, "datetime": {"datetime": "2021-03-26 18:18:44", "elapsed": 3.447383, "delta": 0.000177}}
{"target": -1.150034381495114, "params": {"model__colsample_bylevel": 1.0, "model__colsample_bynode": 0.3, "model__colsample_bytree": 1.0, "model__learning_rate": 0.3, "model__max_depth": 4.0, "model__n_estimators": 29.0, "model__reg_lambda": 1.0293213706395146}, "datetime": {"datetime": "2021-03-26 18:18:44", "elapsed": 3.447546, "delta": 0.000163}}
{"target": -1.1351067332898443, "params": {"model__colsample_bylevel": 1.0, "model__colsample_bynode": 0.3, "model__colsample_bytree": 1.0, "model__learning_rate": 0.3, "model__max_depth": 5.0, "model__n_estimators": 28.0, "model__reg_lambda": 0.0}, "datetime": {"datetime": "2021-03-26 18:18:44", "elapsed": 3.685071, "delta": 0.237525}}
{"target": -1.1351067332898443, "params": {"model__colsample_bylevel": 1.0, "model__colsample_bynode": 0.3, "model__colsample_bytree": 1.0, "model__learning_rate": 0.3, "model__max_depth": 5.0, "model__n_estimators": 28.0, "model__reg_lambda": 0.0}, "datetime": {"datetime": "2021-03-26 18:18:44", "elapsed": 3.68543, "delta": 0.000359}}
{"target": -1.1351067332898443, "params": {"model__colsample_bylevel": 1.0, "model__colsample_bynode": 0.3, "model__colsample_bytree": 1.0, "model__learning_rate": 0.3, "model__max_depth": 5.0, "model__n_estimators": 28.0, "model__reg_lambda": 0.0}, "datetime": {"datetime": "2021-03-26 18:18:44", "elapsed": 3.685633, "delta": 0.000203}}
{"target": -1.1351067332898443, "params": {"model__colsample_bylevel": 1.0, "model__colsample_bynode": 0.3, "model__colsample_bytree": 1.0, "model__learning_rate": 0.3, "model__max_depth": 5.0, "model__n_estimators": 28.0, "model__reg_lambda": 0.0}, "datetime": {"datetime": "2021-03-26 18:18:44", "elapsed": 3.685829, "delta": 0.000196}}
{"target": -1.1351067332898443, "params": {"model__colsample_bylevel": 1.0, "model__colsample_bynode": 0.3, "model__colsample_bytree": 1.0, "model__learning_rate": 0.3, "model__max_depth": 5.0, "model__n_estimators": 28.0, "model__reg_lambda": 0.0}, "datetime": {"datetime": "2021-03-26 18:18:44", "elapsed": 3.686008, "delta": 0.000179}}
{"target": -1.1351067332898443, "params": {"model__colsample_bylevel": 1.0, "model__colsample_bynode": 0.3, "model__colsample_bytree": 1.0, "model__learning_rate": 0.3, "model__max_depth": 5.0, "model__n_estimators": 28.0, "model__reg_lambda": 0.0}, "datetime": {"datetime": "2021-03-26 18:18:44", "elapsed": 3.686181, "delta": 0.000173}}
{"target": -1.1351067332898443, "params": {"model__colsample_bylevel": 1.0, "model__colsample_bynode": 0.3, "model__colsample_bytree": 1.0, "model__learning_rate": 0.3, "model__max_depth": 5.0, "model__n_estimators": 28.0, "model__reg_lambda": 0.0}, "datetime": {"datetime": "2021-03-26 18:18:44", "elapsed": 3.68635, "delta": 0.000169}}
{"target": -1.1351067332898443, "params": {"model__colsample_bylevel": 1.0, "model__colsample_bynode": 0.3, "model__colsample_bytree": 1.0, "model__learning_rate": 0.3, "model__max_depth": 5.0, "model__n_estimators": 28.0, "model__reg_lambda": 0.0}, "datetime": {"datetime": "2021-03-26 18:18:44", "elapsed": 3.686515, "delta": 0.000165}}
{"target": -1.1351067332898443, "params": {"model__colsample_bylevel": 1.0, "model__colsample_bynode": 0.3, "model__colsample_bytree": 1.0, "model__learning_rate": 0.3, "model__max_depth": 5.0, "model__n_estimators": 28.0, "model__reg_lambda": 0.0}, "datetime": {"datetime": "2021-03-26 18:18:44", "elapsed": 3.686679, "delta": 0.000164}}
{"target": -1.1351067332898443, "params": {"model__colsample_bylevel": 1.0, "model__colsample_bynode": 0.3, "model__colsample_bytree": 1.0, "model__learning_rate": 0.3, "model__max_depth": 5.0, "model__n_estimators": 28.0, "model__reg_lambda": 0.0}, "datetime": {"datetime": "2021-03-26 18:18:44", "elapsed": 3.686849, "delta": 0.00017}}
{"target": -1.1351067332898443, "params": {"model__colsample_bylevel": 1.0, "model__colsample_bynode": 0.3, "model__colsample_bytree": 1.0, "model__learning_rate": 0.3, "model__max_depth": 5.0, "model__n_estimators": 28.0, "model__reg_lambda": 0.0}, "datetime": {"datetime": "2021-03-26 18:18:44", "elapsed": 3.687017, "delta": 0.000168}}
{"target": -1.1351067332898443, "params": {"model__colsample_bylevel": 1.0, "model__colsample_bynode": 0.3, "model__colsample_bytree": 1.0, "model__learning_rate": 0.3, "model__max_depth": 5.0, "model__n_estimators": 28.0, "model__reg_lambda": 0.0}, "datetime": {"datetime": "2021-03-26 18:18:44", "elapsed": 3.687177, "delta": 0.00016}}
{"target": -1.1351067332898443, "params": {"model__colsample_bylevel": 1.0, "model__colsample_bynode": 0.3, "model__colsample_bytree": 1.0, "model__learning_rate": 0.3, "model__max_depth": 5.0, "model__n_estimators": 28.0, "model__reg_lambda": 0.0}, "datetime": {"datetime": "2021-03-26 18:18:44", "elapsed": 3.68734, "delta": 0.000163}}
{"target": -1.1351067332898443, "params": {"model__colsample_bylevel": 1.0, "model__colsample_bynode": 0.3, "model__colsample_bytree": 1.0, "model__learning_rate": 0.3, "model__max_depth": 5.0, "model__n_estimators": 28.0, "model__reg_lambda": 0.0}, "datetime": {"datetime": "2021-03-26 18:18:44", "elapsed": 3.68752, "delta": 0.00018}}
{"target": -1.1061092715602423, "params": {"model__colsample_bylevel": 0.3, "model__colsample_bynode": 0.3, "model__colsample_bytree": 1.0, "model__learning_rate": 0.3, "model__max_depth": 3.0, "model__n_estimators": 30.0, "model__reg_lambda": 0.0}, "datetime": {"datetime": "2021-03-26 18:18:44", "elapsed": 3.827164, "delta": 0.139644}}
{"target": -1.1061092715602423, "params": {"model__colsample_bylevel": 0.3, "model__colsample_bynode": 0.3, "model__colsample_bytree": 1.0, "model__learning_rate": 0.3, "model__max_depth": 3.0, "model__n_estimators": 30.0, "model__reg_lambda": 0.0}, "datetime": {"datetime": "2021-03-26 18:18:44", "elapsed": 3.827508, "delta": 0.000344}}
