{"target": -1.3014182844671651, "params": {"model__colsample_bylevel": 1.0, "model__colsample_bynode": 1.0, "model__colsample_bytree": 1.0, "model__learning_rate": 0.3, "model__max_depth": 2.0, "model__n_estimators": 27.8533188790953, "model__reg_lambda": 10.0}, "datetime": {"datetime": "2021-03-26 13:55:07", "elapsed": 141.318169, "delta": 2.193163}}
{"target": -1.2254699345286666, "params": {"model__colsample_bylevel": 0.3, "model__colsample_bynode": 1.0, "model__colsample_bytree": 1.0, "model__learning_rate": 0.3, "model__max_depth": 2.0, "model__n_estimators": 26.22162840162498, "model__reg_lambda": 2.790162087241411}, "datetime": {"datetime": "2021-03-26 13:55:08", "elapsed": 143.044312, "delta": 1.726143}}
{"target": -1.1882892584151494, "params": {"model__colsample_bylevel": 1.0, "model__colsample_bynode": 1.0, "model__colsample_bytree": 0.3, "model__learning_rate": 0.3, "model__max_depth": 3.8162342845056636, "model__n_estimators": 29.56478381142921, "model__reg_lambda": 4.0721229698644175}, "datetime": {"datetime": "2021-03-26 13:55:10", "elapsed": 145.078897, "delta": 2.034585}}
{"target": -1.1505976647334308, "params": {"model__colsample_bylevel": 1.0, "model__colsample_bynode": 1.0, "model__colsample_bytree": 0.3, "model__learning_rate": 0.3, "model__max_depth": 8.0, "model__n_estimators": 23.608365910923453, "model__reg_lambda": 0.0}, "datetime": {"datetime": "2021-03-26 13:55:12", "elapsed": 146.994117, "delta": 1.91522}}
{"target": -1.444389955505081, "params": {"model__colsample_bylevel": 0.3, "model__colsample_bynode": 0.3, "model__colsample_bytree": 1.0, "model__learning_rate": 0.3, "model__max_depth": 2.0, "model__n_estimators": 15.0, "model__reg_lambda": 6.2132327855320195}, "datetime": {"datetime": "2021-03-26 13:55:14", "elapsed": 148.560147, "delta": 1.56603}}
{"target": -1.2892477634430366, "params": {"model__colsample_bylevel": 0.3, "model__colsample_bynode": 1.0, "model__colsample_bytree": 1.0, "model__learning_rate": 0.3, "model__max_depth": 8.0, "model__n_estimators": 17.670184961150458, "model__reg_lambda": 4.755287507983948}, "datetime": {"datetime": "2021-03-26 13:55:16", "elapsed": 150.396276, "delta": 1.836129}}
{"target": -1.2561582853288753, "params": {"model__colsample_bylevel": 1.0, "model__colsample_bynode": 1.0, "model__colsample_bytree": 1.0, "model__learning_rate": 0.3, "model__max_depth": 8.0, "model__n_estimators": 30.0, "model__reg_lambda": 4.3569198900131925}, "datetime": {"datetime": "2021-03-26 13:55:18", "elapsed": 153.115275, "delta": 2.718999}}
{"target": -1.158056638819044, "params": {"model__colsample_bylevel": 0.4881455078059318, "model__colsample_bynode": 1.0, "model__colsample_bytree": 0.3, "model__learning_rate": 0.3, "model__max_depth": 3.1113944876092052, "model__n_estimators": 26.963681451213308, "model__reg_lambda": 0.7088594111904769}, "datetime": {"datetime": "2021-03-26 13:55:20", "elapsed": 154.825573, "delta": 1.710298}}
{"target": -1.2492805104324782, "params": {"model__colsample_bylevel": 1.0, "model__colsample_bynode": 0.3, "model__colsample_bytree": 1.0, "model__learning_rate": 0.3, "model__max_depth": 2.0, "model__n_estimators": 23.798813420270356, "model__reg_lambda": 5.596641669890905}, "datetime": {"datetime": "2021-03-26 13:55:22", "elapsed": 156.516947, "delta": 1.691374}}
{"target": -1.2457954535476756, "params": {"model__colsample_bylevel": 0.3, "model__colsample_bynode": 0.3, "model__colsample_bytree": 1.0, "model__learning_rate": 0.3, "model__max_depth": 2.0, "model__n_estimators": 27.93040007569509, "model__reg_lambda": 3.4990776151780523}, "datetime": {"datetime": "2021-03-26 13:55:23", "elapsed": 158.026231, "delta": 1.509284}}
{"target": -1.2339706447920291, "params": {"model__colsample_bylevel": 1.0, "model__colsample_bynode": 1.0, "model__colsample_bytree": 0.3, "model__learning_rate": 0.3, "model__max_depth": 8.0, "model__n_estimators": 27.02484635216687, "model__reg_lambda": 6.545595261037432}, "datetime": {"datetime": "2021-03-26 13:55:25", "elapsed": 159.942056, "delta": 1.915825}}
{"target": -1.2258013704555462, "params": {"model__colsample_bylevel": 0.3, "model__colsample_bynode": 0.3, "model__colsample_bytree": 1.0, "model__learning_rate": 0.3, "model__max_depth": 3.394440093079514, "model__n_estimators": 21.89237697211965, "model__reg_lambda": 0.0}, "datetime": {"datetime": "2021-03-26 13:55:27", "elapsed": 161.542184, "delta": 1.600128}}
{"target": -1.2875504168749288, "params": {"model__colsample_bylevel": 0.3, "model__colsample_bynode": 0.3, "model__colsample_bytree": 1.0, "model__learning_rate": 0.3, "model__max_depth": 8.0, "model__n_estimators": 15.0, "model__reg_lambda": 2.250871948233664}, "datetime": {"datetime": "2021-03-26 13:55:29", "elapsed": 163.551106, "delta": 2.008922}}
{"target": -1.2570731544111302, "params": {"model__colsample_bylevel": 1.0, "model__colsample_bynode": 0.3, "model__colsample_bytree": 0.3, "model__learning_rate": 0.3, "model__max_depth": 3.2736341160688944, "model__n_estimators": 17.427067349384238, "model__reg_lambda": 0.0}, "datetime": {"datetime": "2021-03-26 13:55:30", "elapsed": 165.151749, "delta": 1.600643}}
{"target": -1.2283040910068412, "params": {"model__colsample_bylevel": 0.3, "model__colsample_bynode": 1.0, "model__colsample_bytree": 0.3, "model__learning_rate": 0.3, "model__max_depth": 6.768590052361396, "model__n_estimators": 26.74042943763182, "model__reg_lambda": 5.077411856250485}, "datetime": {"datetime": "2021-03-26 13:55:32", "elapsed": 167.167712, "delta": 2.015963}}
{"target": -1.1768019157390959, "params": {"model__colsample_bylevel": 1.0, "model__colsample_bynode": 1.0, "model__colsample_bytree": 0.3, "model__learning_rate": 0.3, "model__max_depth": 8.0, "model__n_estimators": 26.07340508845465, "model__reg_lambda": 0.8740560648656432}, "datetime": {"datetime": "2021-03-26 13:55:34", "elapsed": 169.047334, "delta": 1.879622}}
{"target": -1.2798042251654238, "params": {"model__colsample_bylevel": 0.3, "model__colsample_bynode": 0.3, "model__colsample_bytree": 0.3, "model__learning_rate": 0.3, "model__max_depth": 5.3514009490485295, "model__n_estimators": 30.0, "model__reg_lambda": 0.0}, "datetime": {"datetime": "2021-03-26 13:55:36", "elapsed": 170.873452, "delta": 1.826118}}
{"target": -1.5824188676433288, "params": {"model__colsample_bylevel": 0.3, "model__colsample_bynode": 0.3, "model__colsample_bytree": 0.3, "model__learning_rate": 0.3, "model__max_depth": 2.0, "model__n_estimators": 18.794490602417472, "model__reg_lambda": 10.0}, "datetime": {"datetime": "2021-03-26 13:55:38", "elapsed": 172.534719, "delta": 1.661267}}
{"target": -1.3590638050782506, "params": {"model__colsample_bylevel": 1.0, "model__colsample_bynode": 1.0, "model__colsample_bytree": 1.0, "model__learning_rate": 0.3, "model__max_depth": 6.384076180889641, "model__n_estimators": 15.0, "model__reg_lambda": 7.197003290983024}, "datetime": {"datetime": "2021-03-26 13:55:40", "elapsed": 174.46853, "delta": 1.933811}}
{"target": -1.2322140903043413, "params": {"model__colsample_bylevel": 0.3, "model__colsample_bynode": 0.3, "model__colsample_bytree": 1.0, "model__learning_rate": 0.3, "model__max_depth": 7.117970800044941, "model__n_estimators": 24.493881318415283, "model__reg_lambda": 3.272289247928064}, "datetime": {"datetime": "2021-03-26 13:55:41", "elapsed": 176.216739, "delta": 1.748209}}
{"target": -1.289153598362337, "params": {"model__colsample_bylevel": 1.0, "model__colsample_bynode": 1.0, "model__colsample_bytree": 1.0, "model__learning_rate": 0.3, "model__max_depth": 6.5916365326071755, "model__n_estimators": 28.922975297996995, "model__reg_lambda": 10.0}, "datetime": {"datetime": "2021-03-26 13:55:44", "elapsed": 179.054173, "delta": 2.837434}}
{"target": -1.275656906578798, "params": {"model__colsample_bylevel": 1.0, "model__colsample_bynode": 0.3, "model__colsample_bytree": 1.0, "model__learning_rate": 0.3, "model__max_depth": 5.750544774642469, "model__n_estimators": 15.0, "model__reg_lambda": 0.0}, "datetime": {"datetime": "2021-03-26 13:55:46", "elapsed": 180.792655, "delta": 1.738482}}
{"target": -1.280547290113822, "params": {"model__colsample_bylevel": 1.0, "model__colsample_bynode": 1.0, "model__colsample_bytree": 1.0, "model__learning_rate": 0.3, "model__max_depth": 2.0, "model__n_estimators": 17.292652390192515, "model__reg_lambda": 0.0}, "datetime": {"datetime": "2021-03-26 13:55:48", "elapsed": 182.605142, "delta": 1.812487}}
{"target": -1.1979832614819264, "params": {"model__colsample_bylevel": 0.3, "model__colsample_bynode": 1.0, "model__colsample_bytree": 1.0, "model__learning_rate": 0.3, "model__max_depth": 3.7008520030069865, "model__n_estimators": 28.7252498633707, "model__reg_lambda": 2.970966401950972}, "datetime": {"datetime": "2021-03-26 13:55:50", "elapsed": 184.435383, "delta": 1.830241}}
{"target": -1.2736316084571562, "params": {"model__colsample_bylevel": 1.0, "model__colsample_bynode": 1.0, "model__colsample_bytree": 1.0, "model__learning_rate": 0.3, "model__max_depth": 8.0, "model__n_estimators": 28.3220862799192, "model__reg_lambda": 5.745885078139803}, "datetime": {"datetime": "2021-03-26 13:55:52", "elapsed": 186.864955, "delta": 2.429572}}
{"target": -1.254639551765623, "params": {"model__colsample_bylevel": 0.3, "model__colsample_bynode": 0.3, "model__colsample_bytree": 1.0, "model__learning_rate": 0.3, "model__max_depth": 3.58758227138408, "model__n_estimators": 23.86089961112462, "model__reg_lambda": 5.364201711952337}, "datetime": {"datetime": "2021-03-26 13:55:54", "elapsed": 188.789877, "delta": 1.924922}}
{"target": -1.2991107423074435, "params": {"model__colsample_bylevel": 1.0, "model__colsample_bynode": 0.3, "model__colsample_bytree": 1.0, "model__learning_rate": 0.3, "model__max_depth": 2.0, "model__n_estimators": 22.917386713998262, "model__reg_lambda": 10.0}, "datetime": {"datetime": "2021-03-26 13:55:56", "elapsed": 190.667435, "delta": 1.877558}}
{"target": -1.2296070633371752, "params": {"model__colsample_bylevel": 0.3, "model__colsample_bynode": 1.0, "model__colsample_bytree": 1.0, "model__learning_rate": 0.3, "model__max_depth": 8.0, "model__n_estimators": 21.505640401122665, "model__reg_lambda": 0.0}, "datetime": {"datetime": "2021-03-26 13:55:58", "elapsed": 192.424029, "delta": 1.756594}}
{"target": -1.2527834290341624, "params": {"model__colsample_bylevel": 1.0, "model__colsample_bynode": 0.3, "model__colsample_bytree": 0.3, "model__learning_rate": 0.3, "model__max_depth": 2.0, "model__n_estimators": 20.37927595747424, "model__reg_lambda": 0.0}, "datetime": {"datetime": "2021-03-26 13:55:59", "elapsed": 193.990542, "delta": 1.566513}}
{"target": -1.3065961379989766, "params": {"model__colsample_bylevel": 1.0, "model__colsample_bynode": 1.0, "model__colsample_bytree": 1.0, "model__learning_rate": 0.3, "model__max_depth": 2.0, "model__n_estimators": 24.128440924355534, "model__reg_lambda": 8.074756058140846}, "datetime": {"datetime": "2021-03-26 13:56:01", "elapsed": 196.188612, "delta": 2.19807}}
{"target": -1.221606977209719, "params": {"model__colsample_bylevel": 0.3, "model__colsample_bynode": 1.0, "model__colsample_bytree": 1.0, "model__learning_rate": 0.3, "model__max_depth": 8.0, "model__n_estimators": 26.029278387313397, "model__reg_lambda": 8.07449497772162}, "datetime": {"datetime": "2021-03-26 13:56:03", "elapsed": 198.279347, "delta": 2.090735}}
{"target": -1.1848605664686527, "params": {"model__colsample_bylevel": 1.0, "model__colsample_bynode": 1.0, "model__colsample_bytree": 0.3, "model__learning_rate": 0.3, "model__max_depth": 8.0, "model__n_estimators": 30.0, "model__reg_lambda": 1.0268853994581646}, "datetime": {"datetime": "2021-03-26 13:56:06", "elapsed": 200.386397, "delta": 2.10705}}
{"target": -1.2053763727908886, "params": {"model__colsample_bylevel": 1.0, "model__colsample_bynode": 1.0, "model__colsample_bytree": 1.0, "model__learning_rate": 0.3, "model__max_depth": 2.0, "model__n_estimators": 27.26268861696744, "model__reg_lambda": 0.0}, "datetime": {"datetime": "2021-03-26 13:56:08", "elapsed": 202.455501, "delta": 2.069104}}
{"target": -1.3107361134411633, "params": {"model__colsample_bylevel": 0.664402752784615, "model__colsample_bynode": 0.3026449716899295, "model__colsample_bytree": 0.3068535060640802, "model__learning_rate": 0.29687650610468075, "model__max_depth": 7.8071837059584475, "model__n_estimators": 24.888834056776727, "model__reg_lambda": 9.995907449389476}, "datetime": {"datetime": "2021-03-26 13:56:09", "elapsed": 204.202169, "delta": 1.746668}}
{"target": -1.3254999357127195, "params": {"model__colsample_bylevel": 1.0, "model__colsample_bynode": 1.0, "model__colsample_bytree": 1.0, "model__learning_rate": 0.3, "model__max_depth": 6.830157060677395, "model__n_estimators": 20.681778699597263, "model__reg_lambda": 0.0}, "datetime": {"datetime": "2021-03-26 13:56:12", "elapsed": 206.589651, "delta": 2.387482}}
{"target": -1.2125300679288373, "params": {"model__colsample_bylevel": 0.3, "model__colsample_bynode": 1.0, "model__colsample_bytree": 1.0, "model__learning_rate": 0.3, "model__max_depth": 4.644711393252517, "model__n_estimators": 30.0, "model__reg_lambda": 7.525150345284117}, "datetime": {"datetime": "2021-03-26 13:56:14", "elapsed": 208.640963, "delta": 2.051312}}
{"target": -1.2712110132964303, "params": {"model__colsample_bylevel": 0.3, "model__colsample_bynode": 0.3, "model__colsample_bytree": 0.3, "model__learning_rate": 0.3, "model__max_depth": 3.0616048443164603, "model__n_estimators": 26.435268664553966, "model__reg_lambda": 0.0}, "datetime": {"datetime": "2021-03-26 13:56:15", "elapsed": 210.150674, "delta": 1.509711}}
{"target": -1.1912417129343509, "params": {"model__colsample_bylevel": 0.3, "model__colsample_bynode": 1.0, "model__colsample_bytree": 0.3, "model__learning_rate": 0.3, "model__max_depth": 2.0, "model__n_estimators": 23.680956462192523, "model__reg_lambda": 0.0}, "datetime": {"datetime": "2021-03-26 13:56:17", "elapsed": 211.66237, "delta": 1.511696}}
{"target": -1.2755272054477877, "params": {"model__colsample_bylevel": 1.0, "model__colsample_bynode": 0.3, "model__colsample_bytree": 0.3, "model__learning_rate": 0.3, "model__max_depth": 4.4235414230972925, "model__n_estimators": 22.25520675829013, "model__reg_lambda": 6.250138695672062}, "datetime": {"datetime": "2021-03-26 13:56:19", "elapsed": 213.588274, "delta": 1.925904}}
{"target": -1.1840059996825523, "params": {"model__colsample_bylevel": 0.3, "model__colsample_bynode": 1.0, "model__colsample_bytree": 0.3, "model__learning_rate": 0.3, "model__max_depth": 3.0585002037886873, "model__n_estimators": 28.413855494307843, "model__reg_lambda": 0.0}, "datetime": {"datetime": "2021-03-26 13:56:21", "elapsed": 215.576384, "delta": 1.98811}}
{"target": -1.228129868676373, "params": {"model__colsample_bylevel": 1.0, "model__colsample_bynode": 0.3, "model__colsample_bytree": 1.0, "model__learning_rate": 0.3, "model__max_depth": 8.0, "model__n_estimators": 26.46178202447427, "model__reg_lambda": 10.0}, "datetime": {"datetime": "2021-03-26 13:56:23", "elapsed": 217.527413, "delta": 1.951029}}
{"target": -1.3553840672894233, "params": {"model__colsample_bylevel": 1.0, "model__colsample_bynode": 1.0, "model__colsample_bytree": 0.3, "model__learning_rate": 0.1, "model__max_depth": 4.4613004357287815, "model__n_estimators": 22.511244331117364, "model__reg_lambda": 0.0}, "datetime": {"datetime": "2021-03-26 13:56:25", "elapsed": 219.501277, "delta": 1.973864}}
{"target": -1.2170653465075714, "params": {"model__colsample_bylevel": 1.0, "model__colsample_bynode": 0.3, "model__colsample_bytree": 1.0, "model__learning_rate": 0.3, "model__max_depth": 3.94993765100187, "model__n_estimators": 30.0, "model__reg_lambda": 6.411126498658219}, "datetime": {"datetime": "2021-03-26 13:56:26", "elapsed": 221.243689, "delta": 1.742412}}
{"target": -1.195350231533951, "params": {"model__colsample_bylevel": 0.3, "model__colsample_bynode": 0.3, "model__colsample_bytree": 1.0, "model__learning_rate": 0.3, "model__max_depth": 5.971515560320914, "model__n_estimators": 19.720440887405125, "model__reg_lambda": 0.0}, "datetime": {"datetime": "2021-03-26 13:56:28", "elapsed": 223.002927, "delta": 1.759238}}
{"target": -1.2116688962080988, "params": {"model__colsample_bylevel": 0.3, "model__colsample_bynode": 0.3, "model__colsample_bytree": 1.0, "model__learning_rate": 0.3, "model__max_depth": 4.2916849816020495, "model__n_estimators": 16.600934372591983, "model__reg_lambda": 0.0}, "datetime": {"datetime": "2021-03-26 13:56:31", "elapsed": 225.462546, "delta": 2.459619}}
{"target": -1.3177543432397796, "params": {"model__colsample_bylevel": 0.3, "model__colsample_bynode": 0.3, "model__colsample_bytree": 0.3, "model__learning_rate": 0.3, "model__max_depth": 7.116667896989897, "model__n_estimators": 23.152437505312523, "model__reg_lambda": 0.0}, "datetime": {"datetime": "2021-03-26 13:56:33", "elapsed": 227.420696, "delta": 1.95815}}
{"target": -1.2268270430829968, "params": {"model__colsample_bylevel": 1.0, "model__colsample_bynode": 0.3, "model__colsample_bytree": 1.0, "model__learning_rate": 0.3, "model__max_depth": 4.806270559397436, "model__n_estimators": 22.291671048479607, "model__reg_lambda": 1.9032505232919081}, "datetime": {"datetime": "2021-03-26 13:56:34", "elapsed": 229.144681, "delta": 1.723985}}
{"target": -1.3110186925738296, "params": {"model__colsample_bylevel": 1.0, "model__colsample_bynode": 1.0, "model__colsample_bytree": 1.0, "model__learning_rate": 0.3, "model__max_depth": 8.0, "model__n_estimators": 24.747467844409385, "model__reg_lambda": 10.0}, "datetime": {"datetime": "2021-03-26 13:56:37", "elapsed": 231.821873, "delta": 2.677192}}
{"target": -1.225548633630725, "params": {"model__colsample_bylevel": 1.0, "model__colsample_bynode": 1.0, "model__colsample_bytree": 0.3, "model__learning_rate": 0.3, "model__max_depth": 3.536026364933943, "model__n_estimators": 29.074046488203084, "model__reg_lambda": 7.736723799821584}, "datetime": {"datetime": "2021-03-26 13:56:39", "elapsed": 233.912086, "delta": 2.090213}}
{"target": -1.2124754348135405, "params": {"model__colsample_bylevel": 0.3, "model__colsample_bynode": 1.0, "model__colsample_bytree": 0.3, "model__learning_rate": 0.3, "model__max_depth": 8.0, "model__n_estimators": 30.0, "model__reg_lambda": 3.152740112824609}, "datetime": {"datetime": "2021-03-26 13:56:41", "elapsed": 235.908693, "delta": 1.996607}}
{"target": -1.2208142185610706, "params": {"model__colsample_bylevel": 0.3, "model__colsample_bynode": 1.0, "model__colsample_bytree": 0.3, "model__learning_rate": 0.3, "model__max_depth": 8.0, "model__n_estimators": 26.09211367936253, "model__reg_lambda": 2.8883232092138273}, "datetime": {"datetime": "2021-03-26 13:56:43", "elapsed": 237.750168, "delta": 1.841475}}
{"target": -1.242600266262889, "params": {"model__colsample_bylevel": 1.0, "model__colsample_bynode": 0.3, "model__colsample_bytree": 1.0, "model__learning_rate": 0.3, "model__max_depth": 2.0, "model__n_estimators": 27.505753004299997, "model__reg_lambda": 7.39915691678767}, "datetime": {"datetime": "2021-03-26 13:56:45", "elapsed": 239.674859, "delta": 1.924691}}
{"target": -1.227286885349431, "params": {"model__colsample_bylevel": 0.3, "model__colsample_bynode": 0.3, "model__colsample_bytree": 1.0, "model__learning_rate": 0.3, "model__max_depth": 4.529303672807273, "model__n_estimators": 19.868075555899782, "model__reg_lambda": 1.1243360698852356}, "datetime": {"datetime": "2021-03-26 13:56:47", "elapsed": 241.352741, "delta": 1.677882}}
{"target": -1.2213229539432984, "params": {"model__colsample_bylevel": 0.3, "model__colsample_bynode": 1.0, "model__colsample_bytree": 1.0, "model__learning_rate": 0.3, "model__max_depth": 5.297473512072837, "model__n_estimators": 23.76047601492139, "model__reg_lambda": 2.253845315538115}, "datetime": {"datetime": "2021-03-26 13:56:48", "elapsed": 243.042073, "delta": 1.689332}}
{"target": -1.2279544400172713, "params": {"model__colsample_bylevel": 0.3, "model__colsample_bynode": 0.3, "model__colsample_bytree": 1.0, "model__learning_rate": 0.3, "model__max_depth": 8.0, "model__n_estimators": 26.655610311829612, "model__reg_lambda": 6.549435601269917}, "datetime": {"datetime": "2021-03-26 13:56:50", "elapsed": 244.744583, "delta": 1.70251}}
{"target": -1.2119503294711635, "params": {"model__colsample_bylevel": 1.0, "model__colsample_bynode": 0.3, "model__colsample_bytree": 1.0, "model__learning_rate": 0.3, "model__max_depth": 3.9260982362522783, "model__n_estimators": 27.4254275441797, "model__reg_lambda": 4.1994580764660006}, "datetime": {"datetime": "2021-03-26 13:56:52", "elapsed": 247.154705, "delta": 2.410122}}
{"target": -1.3478246353742112, "params": {"model__colsample_bylevel": 1.0, "model__colsample_bynode": 1.0, "model__colsample_bytree": 1.0, "model__learning_rate": 0.3, "model__max_depth": 8.0, "model__n_estimators": 17.29044945156664, "model__reg_lambda": 7.125922850395729}, "datetime": {"datetime": "2021-03-26 13:56:55", "elapsed": 249.893464, "delta": 2.738759}}
{"target": -1.2674724294453104, "params": {"model__colsample_bylevel": 0.3, "model__colsample_bynode": 1.0, "model__colsample_bytree": 1.0, "model__learning_rate": 0.3, "model__max_depth": 6.081983041639593, "model__n_estimators": 19.0866116831987, "model__reg_lambda": 2.73465014577509}, "datetime": {"datetime": "2021-03-26 13:56:57", "elapsed": 251.709828, "delta": 1.816364}}
{"target": -1.1442283064086476, "params": {"model__colsample_bylevel": 1.0, "model__colsample_bynode": 1.0, "model__colsample_bytree": 0.3, "model__learning_rate": 0.3, "model__max_depth": 6.28559175091408, "model__n_estimators": 28.36835757642336, "model__reg_lambda": 0.0}, "datetime": {"datetime": "2021-03-26 13:56:59", "elapsed": 253.777149, "delta": 2.067321}}
