{"target": -1.4937912899406922, "params": {"model__colsample_bylevel": 0.3, "model__colsample_bynode": 0.3, "model__colsample_bytree": 1.0, "model__learning_rate": 0.3, "model__max_depth": 2.0, "model__n_estimators": 15.0, "model__reg_lambda": 10.0}, "datetime": {"datetime": "2021-03-26 13:53:25", "elapsed": 39.386332, "delta": 0.806958}}
{"target": -1.1460454252467531, "params": {"model__colsample_bylevel": 0.3, "model__colsample_bynode": 1.0, "model__colsample_bytree": 1.0, "model__learning_rate": 0.3, "model__max_depth": 2.0, "model__n_estimators": 26.127569610737336, "model__reg_lambda": 0.0}, "datetime": {"datetime": "2021-03-26 13:53:26", "elapsed": 40.298264, "delta": 0.911932}}
{"target": -1.2713388671788077, "params": {"model__colsample_bylevel": 0.3, "model__colsample_bynode": 0.3, "model__colsample_bytree": 1.0, "model__learning_rate": 0.3, "model__max_depth": 4.921866643438498, "model__n_estimators": 21.604354232680027, "model__reg_lambda": 4.446497279499234}, "datetime": {"datetime": "2021-03-26 13:53:26", "elapsed": 41.224548, "delta": 0.926284}}
{"target": -1.2362082538552637, "params": {"model__colsample_bylevel": 1.0, "model__colsample_bynode": 0.3, "model__colsample_bytree": 1.0, "model__learning_rate": 0.3, "model__max_depth": 8.0, "model__n_estimators": 24.56418810918749, "model__reg_lambda": 0.0}, "datetime": {"datetime": "2021-03-26 13:53:27", "elapsed": 42.288457, "delta": 1.063909}}
{"target": -1.1648392193883226, "params": {"model__colsample_bylevel": 1.0, "model__colsample_bynode": 0.3, "model__colsample_bytree": 0.3, "model__learning_rate": 0.3, "model__max_depth": 4.346019772989575, "model__n_estimators": 20.8479016712018, "model__reg_lambda": 0.0}, "datetime": {"datetime": "2021-03-26 13:53:28", "elapsed": 43.269444, "delta": 0.980987}}
{"target": -1.2745928317956303, "params": {"model__colsample_bylevel": 0.3, "model__colsample_bynode": 1.0, "model__colsample_bytree": 1.0, "model__learning_rate": 0.3, "model__max_depth": 4.363465597772863, "model__n_estimators": 22.45296949698448, "model__reg_lambda": 10.0}, "datetime": {"datetime": "2021-03-26 13:53:30", "elapsed": 44.349756, "delta": 1.080312}}
{"target": -1.4983346000583708, "params": {"model__colsample_bylevel": 0.3, "model__colsample_bynode": 0.3, "model__colsample_bytree": 0.3, "model__learning_rate": 0.3, "model__max_depth": 2.0, "model__n_estimators": 15.0, "model__reg_lambda": 0.0}, "datetime": {"datetime": "2021-03-26 13:53:30", "elapsed": 45.155229, "delta": 0.805473}}
{"target": -1.2528373229222887, "params": {"model__colsample_bylevel": 1.0, "model__colsample_bynode": 1.0, "model__colsample_bytree": 0.3, "model__learning_rate": 0.3, "model__max_depth": 8.0, "model__n_estimators": 27.140692586938616, "model__reg_lambda": 10.0}, "datetime": {"datetime": "2021-03-26 13:53:32", "elapsed": 46.338433, "delta": 1.183204}}
{"target": -1.2129935492552224, "params": {"model__colsample_bylevel": 1.0, "model__colsample_bynode": 1.0, "model__colsample_bytree": 0.3, "model__learning_rate": 0.3, "model__max_depth": 8.0, "model__n_estimators": 28.34154159346221, "model__reg_lambda": 3.8889924052331946}, "datetime": {"datetime": "2021-03-26 13:53:33", "elapsed": 47.509945, "delta": 1.171512}}
{"target": -1.3205699557330512, "params": {"model__colsample_bylevel": 0.3, "model__colsample_bynode": 0.3, "model__colsample_bytree": 1.0, "model__learning_rate": 0.3, "model__max_depth": 5.223649572365795, "model__n_estimators": 15.0, "model__reg_lambda": 1.8371653054941557}, "datetime": {"datetime": "2021-03-26 13:53:34", "elapsed": 48.407563, "delta": 0.897618}}
{"target": -1.3506925169540487, "params": {"model__colsample_bylevel": 1.0, "model__colsample_bynode": 1.0, "model__colsample_bytree": 1.0, "model__learning_rate": 0.3, "model__max_depth": 8.0, "model__n_estimators": 19.256498569792495, "model__reg_lambda": 10.0}, "datetime": {"datetime": "2021-03-26 13:53:36", "elapsed": 50.546788, "delta": 2.139225}}
{"target": -1.1540255310425562, "params": {"model__colsample_bylevel": 1.0, "model__colsample_bynode": 1.0, "model__colsample_bytree": 0.3, "model__learning_rate": 0.3, "model__max_depth": 8.0, "model__n_estimators": 28.278181629391835, "model__reg_lambda": 0.0}, "datetime": {"datetime": "2021-03-26 13:53:38", "elapsed": 52.527169, "delta": 1.980381}}
{"target": -1.204209316106162, "params": {"model__colsample_bylevel": 0.3, "model__colsample_bynode": 1.0, "model__colsample_bytree": 1.0, "model__learning_rate": 0.3, "model__max_depth": 4.824948997007795, "model__n_estimators": 30.0, "model__reg_lambda": 4.605536539442074}, "datetime": {"datetime": "2021-03-26 13:53:40", "elapsed": 54.360522, "delta": 1.833353}}
{"target": -1.3269352830622507, "params": {"model__colsample_bylevel": 1.0, "model__colsample_bynode": 0.3, "model__colsample_bytree": 1.0, "model__learning_rate": 0.3, "model__max_depth": 8.0, "model__n_estimators": 15.0, "model__reg_lambda": 4.5969872269240115}, "datetime": {"datetime": "2021-03-26 13:53:41", "elapsed": 55.847837, "delta": 1.487315}}
{"target": -1.2099470781148887, "params": {"model__colsample_bylevel": 1.0, "model__colsample_bynode": 0.3, "model__colsample_bytree": 1.0, "model__learning_rate": 0.3, "model__max_depth": 8.0, "model__n_estimators": 30.0, "model__reg_lambda": 10.0}, "datetime": {"datetime": "2021-03-26 13:53:43", "elapsed": 57.398456, "delta": 1.550619}}
{"target": -1.3276651631325376, "params": {"model__colsample_bylevel": 1.0, "model__colsample_bynode": 1.0, "model__colsample_bytree": 1.0, "model__learning_rate": 0.3, "model__max_depth": 8.0, "model__n_estimators": 15.0, "model__reg_lambda": 0.0}, "datetime": {"datetime": "2021-03-26 13:53:45", "elapsed": 59.5764, "delta": 2.177944}}
{"target": -1.213005871990142, "params": {"model__colsample_bylevel": 0.3, "model__colsample_bynode": 1.0, "model__colsample_bytree": 0.3, "model__learning_rate": 0.3, "model__max_depth": 8.0, "model__n_estimators": 19.692038009573665, "model__reg_lambda": 0.0}, "datetime": {"datetime": "2021-03-26 13:53:46", "elapsed": 61.055224, "delta": 1.478824}}
{"target": -1.3388261084539304, "params": {"model__colsample_bylevel": 1.0, "model__colsample_bynode": 1.0, "model__colsample_bytree": 1.0, "model__learning_rate": 0.3, "model__max_depth": 3.7941034111575105, "model__n_estimators": 19.894579450977915, "model__reg_lambda": 10.0}, "datetime": {"datetime": "2021-03-26 13:53:48", "elapsed": 63.144746, "delta": 2.089522}}
{"target": -1.2691558834624248, "params": {"model__colsample_bylevel": 0.3843633797402297, "model__colsample_bynode": 0.36932741689123066, "model__colsample_bytree": 0.8709604496125727, "model__learning_rate": 0.2843661305009321, "model__max_depth": 2.586672964963017, "model__n_estimators": 22.958146395263654, "model__reg_lambda": 7.86008606400884}, "datetime": {"datetime": "2021-03-26 13:53:50", "elapsed": 64.670151, "delta": 1.525405}}
{"target": -1.4108620287661537, "params": {"model__colsample_bylevel": 0.3, "model__colsample_bynode": 0.3, "model__colsample_bytree": 1.0, "model__learning_rate": 0.3, "model__max_depth": 5.577431543530519, "model__n_estimators": 15.0, "model__reg_lambda": 10.0}, "datetime": {"datetime": "2021-03-26 13:53:51", "elapsed": 65.929502, "delta": 1.259351}}
{"target": -1.3634086322633252, "params": {"model__colsample_bylevel": 0.3, "model__colsample_bynode": 0.3, "model__colsample_bytree": 0.3, "model__learning_rate": 0.3, "model__max_depth": 8.0, "model__n_estimators": 28.403753630051053, "model__reg_lambda": 8.201843595665782}, "datetime": {"datetime": "2021-03-26 13:53:53", "elapsed": 67.552611, "delta": 1.623109}}
{"target": -1.276407508854417, "params": {"model__colsample_bylevel": 0.3, "model__colsample_bynode": 0.3, "model__colsample_bytree": 1.0, "model__learning_rate": 0.3, "model__max_depth": 8.0, "model__n_estimators": 19.890923545558827, "model__reg_lambda": 1.7987138176910218}, "datetime": {"datetime": "2021-03-26 13:53:54", "elapsed": 69.123716, "delta": 1.571105}}
{"target": -1.3251051166378285, "params": {"model__colsample_bylevel": 0.3, "model__colsample_bynode": 1.0, "model__colsample_bytree": 1.0, "model__learning_rate": 0.3, "model__max_depth": 3.9782942889039967, "model__n_estimators": 15.0, "model__reg_lambda": 5.2310117358240475}, "datetime": {"datetime": "2021-03-26 13:53:56", "elapsed": 71.054239, "delta": 1.930523}}
{"target": -1.2759167946753618, "params": {"model__colsample_bylevel": 1.0, "model__colsample_bynode": 1.0, "model__colsample_bytree": 1.0, "model__learning_rate": 0.3, "model__max_depth": 3.082520529801121, "model__n_estimators": 20.564168305941532, "model__reg_lambda": 1.0362973941911295}, "datetime": {"datetime": "2021-03-26 13:53:58", "elapsed": 72.964612, "delta": 1.910373}}
{"target": -1.380698499299478, "params": {"model__colsample_bylevel": 0.3, "model__colsample_bynode": 0.3, "model__colsample_bytree": 0.3, "model__learning_rate": 0.3, "model__max_depth": 8.0, "model__n_estimators": 17.277579318270014, "model__reg_lambda": 0.0}, "datetime": {"datetime": "2021-03-26 13:54:00", "elapsed": 74.433564, "delta": 1.468952}}
{"target": -1.3061216386467003, "params": {"model__colsample_bylevel": 1.0, "model__colsample_bynode": 1.0, "model__colsample_bytree": 1.0, "model__learning_rate": 0.3, "model__max_depth": 8.0, "model__n_estimators": 22.576836002598895, "model__reg_lambda": 8.082618947579828}, "datetime": {"datetime": "2021-03-26 13:54:02", "elapsed": 76.908058, "delta": 2.474494}}
{"target": -1.204813053070878, "params": {"model__colsample_bylevel": 1.0, "model__colsample_bynode": 0.3, "model__colsample_bytree": 0.3, "model__learning_rate": 0.3, "model__max_depth": 5.423748895873082, "model__n_estimators": 23.628160530835007, "model__reg_lambda": 0.0}, "datetime": {"datetime": "2021-03-26 13:54:04", "elapsed": 78.559338, "delta": 1.65128}}
{"target": -1.2432094025817038, "params": {"model__colsample_bylevel": 1.0, "model__colsample_bynode": 1.0, "model__colsample_bytree": 1.0, "model__learning_rate": 0.3, "model__max_depth": 2.0, "model__n_estimators": 30.0, "model__reg_lambda": 3.0068660671681626}, "datetime": {"datetime": "2021-03-26 13:54:06", "elapsed": 80.595006, "delta": 2.035668}}
{"target": -1.307984840810515, "params": {"model__colsample_bylevel": 1.0, "model__colsample_bynode": 1.0, "model__colsample_bytree": 0.3, "model__learning_rate": 0.3, "model__max_depth": 2.0, "model__n_estimators": 23.573320838874256, "model__reg_lambda": 10.0}, "datetime": {"datetime": "2021-03-26 13:54:08", "elapsed": 82.440995, "delta": 1.845989}}
{"target": -1.1863852567903266, "params": {"model__colsample_bylevel": 0.3, "model__colsample_bynode": 1.0, "model__colsample_bytree": 0.3, "model__learning_rate": 0.3, "model__max_depth": 2.0, "model__n_estimators": 30.0, "model__reg_lambda": 1.6390702443121907}, "datetime": {"datetime": "2021-03-26 13:54:09", "elapsed": 84.146987, "delta": 1.705992}}
{"target": -1.1285256572938323, "params": {"model__colsample_bylevel": 0.3, "model__colsample_bynode": 1.0, "model__colsample_bytree": 0.3, "model__learning_rate": 0.3, "model__max_depth": 3.8869176173478657, "model__n_estimators": 30.0, "model__reg_lambda": 0.0}, "datetime": {"datetime": "2021-03-26 13:54:11", "elapsed": 85.734404, "delta": 1.587417}}
{"target": -1.2131453815881377, "params": {"model__colsample_bylevel": 1.0, "model__colsample_bynode": 1.0, "model__colsample_bytree": 0.3, "model__learning_rate": 0.3, "model__max_depth": 5.574870281756776, "model__n_estimators": 30.0, "model__reg_lambda": 5.803025094583572}, "datetime": {"datetime": "2021-03-26 13:54:13", "elapsed": 87.53863, "delta": 1.804226}}
{"target": -1.1826617246724838, "params": {"model__colsample_bylevel": 0.3, "model__colsample_bynode": 1.0, "model__colsample_bytree": 0.3, "model__learning_rate": 0.3, "model__max_depth": 8.0, "model__n_estimators": 25.008430732265122, "model__reg_lambda": 0.0}, "datetime": {"datetime": "2021-03-26 13:54:14", "elapsed": 89.122647, "delta": 1.584017}}
{"target": -1.240856920286635, "params": {"model__colsample_bylevel": 0.3, "model__colsample_bynode": 1.0, "model__colsample_bytree": 0.3, "model__learning_rate": 0.3, "model__max_depth": 3.1254604606645082, "model__n_estimators": 20.395609733298727, "model__reg_lambda": 0.0}, "datetime": {"datetime": "2021-03-26 13:54:16", "elapsed": 90.534848, "delta": 1.412201}}
{"target": -1.23819249721136, "params": {"model__colsample_bylevel": 0.3, "model__colsample_bynode": 1.0, "model__colsample_bytree": 1.0, "model__learning_rate": 0.3, "model__max_depth": 4.661674889361381, "model__n_estimators": 22.694252560636176, "model__reg_lambda": 7.141330164687058}, "datetime": {"datetime": "2021-03-26 13:54:18", "elapsed": 92.305055, "delta": 1.770207}}
{"target": -1.2311783168741597, "params": {"model__colsample_bylevel": 0.3, "model__colsample_bynode": 1.0, "model__colsample_bytree": 1.0, "model__learning_rate": 0.3, "model__max_depth": 8.0, "model__n_estimators": 30.0, "model__reg_lambda": 0.0}, "datetime": {"datetime": "2021-03-26 13:54:19", "elapsed": 94.071831, "delta": 1.766776}}
{"target": -1.1529101342961625, "params": {"model__colsample_bylevel": 0.3, "model__colsample_bynode": 1.0, "model__colsample_bytree": 0.3, "model__learning_rate": 0.3, "model__max_depth": 2.0, "model__n_estimators": 27.18311170932172, "model__reg_lambda": 0.0}, "datetime": {"datetime": "2021-03-26 13:54:21", "elapsed": 95.560355, "delta": 1.488524}}
{"target": -1.3290763055770725, "params": {"model__colsample_bylevel": 0.3, "model__colsample_bynode": 0.3, "model__colsample_bytree": 0.3, "model__learning_rate": 0.3, "model__max_depth": 5.949286036253068, "model__n_estimators": 28.565464487997662, "model__reg_lambda": 5.003076770295622}, "datetime": {"datetime": "2021-03-26 13:54:22", "elapsed": 97.260971, "delta": 1.700616}}
{"target": -1.2189966048478431, "params": {"model__colsample_bylevel": 0.3, "model__colsample_bynode": 1.0, "model__colsample_bytree": 1.0, "model__learning_rate": 0.3, "model__max_depth": 8.0, "model__n_estimators": 26.021409251472278, "model__reg_lambda": 5.179730026358643}, "datetime": {"datetime": "2021-03-26 13:54:25", "elapsed": 99.371731, "delta": 2.11076}}
{"target": -1.2764988531668982, "params": {"model__colsample_bylevel": 1.0, "model__colsample_bynode": 1.0, "model__colsample_bytree": 1.0, "model__learning_rate": 0.3, "model__max_depth": 3.9967527585796665, "model__n_estimators": 30.0, "model__reg_lambda": 10.0}, "datetime": {"datetime": "2021-03-26 13:54:27", "elapsed": 101.874095, "delta": 2.502364}}
{"target": -1.2108994570623177, "params": {"model__colsample_bylevel": 0.3, "model__colsample_bynode": 1.0, "model__colsample_bytree": 1.0, "model__learning_rate": 0.3, "model__max_depth": 3.500047321278739, "model__n_estimators": 26.649929381570036, "model__reg_lambda": 0.0}, "datetime": {"datetime": "2021-03-26 13:54:29", "elapsed": 103.650588, "delta": 1.776493}}
{"target": -1.25078085899569, "params": {"model__colsample_bylevel": 0.3, "model__colsample_bynode": 1.0, "model__colsample_bytree": 1.0, "model__learning_rate": 0.3, "model__max_depth": 2.0, "model__n_estimators": 25.057386667804554, "model__reg_lambda": 6.225450735942852}, "datetime": {"datetime": "2021-03-26 13:54:30", "elapsed": 105.271562, "delta": 1.620974}}
{"target": -1.1476651343378657, "params": {"model__colsample_bylevel": 1.0, "model__colsample_bynode": 1.0, "model__colsample_bytree": 0.3, "model__learning_rate": 0.3, "model__max_depth": 3.959648395924217, "model__n_estimators": 27.95118710609023, "model__reg_lambda": 0.0}, "datetime": {"datetime": "2021-03-26 13:54:32", "elapsed": 107.004395, "delta": 1.732833}}
{"target": -1.2816569808040463, "params": {"model__colsample_bylevel": 1.0, "model__colsample_bynode": 1.0, "model__colsample_bytree": 1.0, "model__learning_rate": 0.3, "model__max_depth": 8.0, "model__n_estimators": 30.0, "model__reg_lambda": 7.554339707838188}, "datetime": {"datetime": "2021-03-26 13:54:35", "elapsed": 109.451034, "delta": 2.446639}}
{"target": -1.206368324719707, "params": {"model__colsample_bylevel": 1.0, "model__colsample_bynode": 0.3, "model__colsample_bytree": 0.3, "model__learning_rate": 0.3, "model__max_depth": 8.0, "model__n_estimators": 21.41025663607479, "model__reg_lambda": 0.0}, "datetime": {"datetime": "2021-03-26 13:54:36", "elapsed": 111.127868, "delta": 1.676834}}
{"target": -1.2683040209708438, "params": {"model__colsample_bylevel": 1.0, "model__colsample_bynode": 1.0, "model__colsample_bytree": 1.0, "model__learning_rate": 0.3, "model__max_depth": 2.0, "model__n_estimators": 30.0, "model__reg_lambda": 7.717880985938727}, "datetime": {"datetime": "2021-03-26 13:54:38", "elapsed": 112.991625, "delta": 1.863757}}
{"target": -1.3385512690019348, "params": {"model__colsample_bylevel": 0.3, "model__colsample_bynode": 1.0, "model__colsample_bytree": 0.3, "model__learning_rate": 0.3, "model__max_depth": 2.0, "model__n_estimators": 22.17811630890349, "model__reg_lambda": 6.969042876543268}, "datetime": {"datetime": "2021-03-26 13:54:40", "elapsed": 114.715921, "delta": 1.724296}}
{"target": -1.320821583347962, "params": {"model__colsample_bylevel": 1.0, "model__colsample_bynode": 1.0, "model__colsample_bytree": 1.0, "model__learning_rate": 0.3, "model__max_depth": 5.849301987081502, "model__n_estimators": 18.73039487933329, "model__reg_lambda": 5.184013343792415}, "datetime": {"datetime": "2021-03-26 13:54:42", "elapsed": 117.06312, "delta": 2.347199}}
{"target": -1.369067378482525, "params": {"model__colsample_bylevel": 1.0, "model__colsample_bynode": 1.0, "model__colsample_bytree": 1.0, "model__learning_rate": 0.1, "model__max_depth": 3.252235777597532, "model__n_estimators": 30.0, "model__reg_lambda": 0.0}, "datetime": {"datetime": "2021-03-26 13:54:44", "elapsed": 119.159747, "delta": 2.096627}}
{"target": -1.2581142460144517, "params": {"model__colsample_bylevel": 1.0, "model__colsample_bynode": 1.0, "model__colsample_bytree": 1.0, "model__learning_rate": 0.3, "model__max_depth": 2.0, "model__n_estimators": 27.814128293328245, "model__reg_lambda": 5.195928914461376}, "datetime": {"datetime": "2021-03-26 13:54:47", "elapsed": 121.322736, "delta": 2.162989}}
{"target": -1.1839117123030019, "params": {"model__colsample_bylevel": 1.0, "model__colsample_bynode": 0.3, "model__colsample_bytree": 0.3, "model__learning_rate": 0.3, "model__max_depth": 8.0, "model__n_estimators": 25.696012228349296, "model__reg_lambda": 1.6056750427979294}, "datetime": {"datetime": "2021-03-26 13:54:48", "elapsed": 123.153733, "delta": 1.830997}}
{"target": -1.222256571818413, "params": {"model__colsample_bylevel": 1.0, "model__colsample_bynode": 1.0, "model__colsample_bytree": 1.0, "model__learning_rate": 0.3, "model__max_depth": 2.0, "model__n_estimators": 22.52005433488672, "model__reg_lambda": 0.0}, "datetime": {"datetime": "2021-03-26 13:54:50", "elapsed": 125.224029, "delta": 2.070296}}
{"target": -1.3275296411706488, "params": {"model__colsample_bylevel": 0.3, "model__colsample_bynode": 0.3, "model__colsample_bytree": 0.3, "model__learning_rate": 0.3, "model__max_depth": 8.0, "model__n_estimators": 26.723144637588387, "model__reg_lambda": 0.0}, "datetime": {"datetime": "2021-03-26 13:54:52", "elapsed": 126.879433, "delta": 1.655404}}
{"target": -1.22227222636558, "params": {"model__colsample_bylevel": 0.3, "model__colsample_bynode": 1.0, "model__colsample_bytree": 1.0, "model__learning_rate": 0.3, "model__max_depth": 8.0, "model__n_estimators": 28.153361223423627, "model__reg_lambda": 10.0}, "datetime": {"datetime": "2021-03-26 13:54:54", "elapsed": 128.892822, "delta": 2.013389}}
{"target": -1.2071919710267387, "params": {"model__colsample_bylevel": 0.3, "model__colsample_bynode": 1.0, "model__colsample_bytree": 1.0, "model__learning_rate": 0.3, "model__max_depth": 4.060132743936454, "model__n_estimators": 27.5566889258232, "model__reg_lambda": 5.227568026668473}, "datetime": {"datetime": "2021-03-26 13:54:56", "elapsed": 130.743529, "delta": 1.850707}}
{"target": -1.2247316048602046, "params": {"model__colsample_bylevel": 1.0, "model__colsample_bynode": 0.3, "model__colsample_bytree": 1.0, "model__learning_rate": 0.3, "model__max_depth": 6.831104614453936, "model__n_estimators": 25.80841989302523, "model__reg_lambda": 5.606551045951754}, "datetime": {"datetime": "2021-03-26 13:54:58", "elapsed": 132.727391, "delta": 1.983862}}
{"target": -1.1487304139740604, "params": {"model__colsample_bylevel": 0.3, "model__colsample_bynode": 1.0, "model__colsample_bytree": 0.3, "model__learning_rate": 0.3, "model__max_depth": 5.192131175989521, "model__n_estimators": 28.51778752495947, "model__reg_lambda": 1.6691620887488816}, "datetime": {"datetime": "2021-03-26 13:55:00", "elapsed": 134.314324, "delta": 1.586933}}
{"target": -1.3120279799633916, "params": {"model__colsample_bylevel": 0.3, "model__colsample_bynode": 0.3, "model__colsample_bytree": 0.3, "model__learning_rate": 0.3, "model__max_depth": 2.0, "model__n_estimators": 30.0, "model__reg_lambda": 0.0}, "datetime": {"datetime": "2021-03-26 13:55:01", "elapsed": 135.847023, "delta": 1.532699}}
{"target": -1.2462942903429486, "params": {"model__colsample_bylevel": 1.0, "model__colsample_bynode": 0.3, "model__colsample_bytree": 1.0, "model__learning_rate": 0.3, "model__max_depth": 2.0, "model__n_estimators": 30.0, "model__reg_lambda": 10.0}, "datetime": {"datetime": "2021-03-26 13:55:03", "elapsed": 137.633069, "delta": 1.786046}}
{"target": -1.173313644155185, "params": {"model__colsample_bylevel": 1.0, "model__colsample_bynode": 0.3, "model__colsample_bytree": 0.3, "model__learning_rate": 0.3, "model__max_depth": 8.0, "model__n_estimators": 30.0, "model__reg_lambda": 0.0}, "datetime": {"datetime": "2021-03-26 13:55:04", "elapsed": 139.125006, "delta": 1.491937}}
