{"target": -1.2614583755991815, "params": {"model__colsample_bylevel": 1.0, "model__colsample_bynode": 1.0, "model__colsample_bytree": 0.3, "model__learning_rate": 0.3, "model__max_depth": 4.142543651076252, "model__n_estimators": 16.405190296673844, "model__reg_lambda": 1.3849307413007004}, "datetime": {"datetime": "2021-03-26 13:59:03", "elapsed": 377.763369, "delta": 1.858982}}
{"target": -1.4592130346142727, "params": {"model__colsample_bylevel": 0.3, "model__colsample_bynode": 0.3, "model__colsample_bytree": 1.0, "model__learning_rate": 0.1, "model__max_depth": 6.709209394226208, "model__n_estimators": 30.0, "model__reg_lambda": 7.312064229742921}, "datetime": {"datetime": "2021-03-26 13:59:05", "elapsed": 379.675244, "delta": 1.911875}}
{"target": -1.2967547992622293, "params": {"model__colsample_bylevel": 1.0, "model__colsample_bynode": 1.0, "model__colsample_bytree": 1.0, "model__learning_rate": 0.3, "model__max_depth": 4.090199234350649, "model__n_estimators": 27.392608612554838, "model__reg_lambda": 8.170176701352624}, "datetime": {"datetime": "2021-03-26 13:59:08", "elapsed": 382.344253, "delta": 2.669009}}
{"target": -1.2253526315585694, "params": {"model__colsample_bylevel": 1.0, "model__colsample_bynode": 1.0, "model__colsample_bytree": 0.3, "model__learning_rate": 0.3, "model__max_depth": 5.95664686671502, "model__n_estimators": 22.093487533595184, "model__reg_lambda": 3.6605196022568482}, "datetime": {"datetime": "2021-03-26 13:59:09", "elapsed": 384.148193, "delta": 1.80394}}
{"target": -1.4262867997683908, "params": {"model__colsample_bylevel": 0.3, "model__colsample_bynode": 0.3, "model__colsample_bytree": 0.3, "model__learning_rate": 0.3, "model__max_depth": 4.965274967588219, "model__n_estimators": 23.783505222213286, "model__reg_lambda": 10.0}, "datetime": {"datetime": "2021-03-26 13:59:11", "elapsed": 386.110107, "delta": 1.961914}}
{"target": -1.3654213978760485, "params": {"model__colsample_bylevel": 0.3, "model__colsample_bynode": 0.3, "model__colsample_bytree": 0.3, "model__learning_rate": 0.3, "model__max_depth": 4.711930297038131, "model__n_estimators": 22.989764469293796, "model__reg_lambda": 3.156827815906546}, "datetime": {"datetime": "2021-03-26 13:59:14", "elapsed": 388.359559, "delta": 2.249452}}
