{"target": -1.1463439957225237, "params": {"model__colsample_bylevel": 0.3, "model__colsample_bynode": 0.3, "model__colsample_bytree": 1.0, "model__learning_rate": 0.3, "model__max_depth": 2.0, "model__n_estimators": 29.0, "model__reg_lambda": 0.0}, "datetime": {"datetime": "2021-03-26 13:52:45", "elapsed": 0.0, "delta": 0.0}}
{"target": -1.1332682960632974, "params": {"model__colsample_bylevel": 1.0, "model__colsample_bynode": 1.0, "model__colsample_bytree": 0.3, "model__learning_rate": 0.3, "model__max_depth": 7.0, "model__n_estimators": 26.0, "model__reg_lambda": 0.0}, "datetime": {"datetime": "2021-03-26 13:52:46", "elapsed": 0.358507, "delta": 0.358507}}
{"target": -1.1215396038496164, "params": {"model__colsample_bylevel": 0.3, "model__colsample_bynode": 1.0, "model__colsample_bytree": 1.0, "model__learning_rate": 0.3, "model__max_depth": 2.0, "model__n_estimators": 30.0, "model__reg_lambda": 0.0}, "datetime": {"datetime": "2021-03-26 13:52:46", "elapsed": 0.624791, "delta": 0.266284}}
{"target": -1.1285256572938323, "params": {"model__colsample_bylevel": 1.0, "model__colsample_bynode": 0.3, "model__colsample_bytree": 0.3, "model__learning_rate": 0.3, "model__max_depth": 4.0, "model__n_estimators": 30.0, "model__reg_lambda": 0.0}, "datetime": {"datetime": "2021-03-26 13:52:46", "elapsed": 0.82646, "delta": 0.201669}}
{"target": -1.148058232057003, "params": {"model__colsample_bylevel": 1.0, "model__colsample_bynode": 1.0, "model__colsample_bytree": 0.3, "model__learning_rate": 0.3, "model__max_depth": 2.0, "model__n_estimators": 29.0, "model__reg_lambda": 0.0}, "datetime": {"datetime": "2021-03-26 13:52:46", "elapsed": 1.077337, "delta": 0.250877}}
{"target": -1.148058232057003, "params": {"model__colsample_bylevel": 1.0, "model__colsample_bynode": 1.0, "model__colsample_bytree": 0.3, "model__learning_rate": 0.3, "model__max_depth": 2.0, "model__n_estimators": 29.0, "model__reg_lambda": 0.0}, "datetime": {"datetime": "2021-03-26 13:52:46", "elapsed": 1.077633, "delta": 0.000296}}
{"target": -1.148058232057003, "params": {"model__colsample_bylevel": 1.0, "model__colsample_bynode": 1.0, "model__colsample_bytree": 0.3, "model__learning_rate": 0.3, "model__max_depth": 2.0, "model__n_estimators": 29.0, "model__reg_lambda": 0.0}, "datetime": {"datetime": "2021-03-26 13:52:46", "elapsed": 1.077805, "delta": 0.000172}}
{"target": -1.1839835295298446, "params": {"model__colsample_bylevel": 1.0, "model__colsample_bynode": 1.0, "model__colsample_bytree": 0.3, "model__learning_rate": 0.3, "model__max_depth": 5.0, "model__n_estimators": 30.0, "model__reg_lambda": 1.3969582260721904}, "datetime": {"datetime": "2021-03-26 13:52:47", "elapsed": 1.48053, "delta": 0.402725}}
{"target": -1.1839835295298446, "params": {"model__colsample_bylevel": 1.0, "model__colsample_bynode": 1.0, "model__colsample_bytree": 0.3, "model__learning_rate": 0.3, "model__max_depth": 5.0, "model__n_estimators": 30.0, "model__reg_lambda": 1.3969582260721904}, "datetime": {"datetime": "2021-03-26 13:52:47", "elapsed": 1.480833, "delta": 0.000303}}
{"target": -1.1839835295298446, "params": {"model__colsample_bylevel": 1.0, "model__colsample_bynode": 1.0, "model__colsample_bytree": 0.3, "model__learning_rate": 0.3, "model__max_depth": 5.0, "model__n_estimators": 30.0, "model__reg_lambda": 1.3969582260721904}, "datetime": {"datetime": "2021-03-26 13:52:47", "elapsed": 1.480998, "delta": 0.000165}}
{"target": -1.1574859467355292, "params": {"model__colsample_bylevel": 0.3079362334176096, "model__colsample_bynode": 0.8971823838547848, "model__colsample_bytree": 0.40250528177435396, "model__learning_rate": 0.27962972600551395, "model__max_depth": 8.0, "model__n_estimators": 29.0, "model__reg_lambda": 1.1060522447128518}, "datetime": {"datetime": "2021-03-26 13:52:47", "elapsed": 1.720337, "delta": 0.239339}}
{"target": -1.1451680660757328, "params": {"model__colsample_bylevel": 1.0, "model__colsample_bynode": 1.0, "model__colsample_bytree": 0.3, "model__learning_rate": 0.3, "model__max_depth": 6.0, "model__n_estimators": 30.0, "model__reg_lambda": 0.0}, "datetime": {"datetime": "2021-03-26 13:52:47", "elapsed": 2.083778, "delta": 0.363441}}
{"target": -1.1896292511346762, "params": {"model__colsample_bylevel": 1.0, "model__colsample_bynode": 0.3, "model__colsample_bytree": 1.0, "model__learning_rate": 0.3, "model__max_depth": 3.0, "model__n_estimators": 27.0, "model__reg_lambda": 0.0}, "datetime": {"datetime": "2021-03-26 13:52:48", "elapsed": 2.373639, "delta": 0.289861}}
{"target": -1.0521596031931595, "params": {"model__colsample_bylevel": 0.6340772589827341, "model__colsample_bynode": 0.9178072915752025, "model__colsample_bytree": 0.46504609626335935, "model__learning_rate": 0.27216852125589686, "model__max_depth": 3.0, "model__n_estimators": 27.0, "model__reg_lambda": 0.012309314600569277}, "datetime": {"datetime": "2021-03-26 13:52:48", "elapsed": 2.651779, "delta": 0.27814}}
{"target": -1.0521596031931595, "params": {"model__colsample_bylevel": 0.6340772589827341, "model__colsample_bynode": 0.9178072915752025, "model__colsample_bytree": 0.46504609626335935, "model__learning_rate": 0.27216852125589686, "model__max_depth": 3.0, "model__n_estimators": 27.0, "model__reg_lambda": 0.012309314600569277}, "datetime": {"datetime": "2021-03-26 13:52:48", "elapsed": 2.652098, "delta": 0.000319}}
{"target": -1.0521596031931595, "params": {"model__colsample_bylevel": 0.6340772589827341, "model__colsample_bynode": 0.9178072915752025, "model__colsample_bytree": 0.46504609626335935, "model__learning_rate": 0.27216852125589686, "model__max_depth": 3.0, "model__n_estimators": 27.0, "model__reg_lambda": 0.012309314600569277}, "datetime": {"datetime": "2021-03-26 13:52:48", "elapsed": 2.652274, "delta": 0.000176}}
{"target": -1.0521596031931595, "params": {"model__colsample_bylevel": 0.6340772589827341, "model__colsample_bynode": 0.9178072915752025, "model__colsample_bytree": 0.46504609626335935, "model__learning_rate": 0.27216852125589686, "model__max_depth": 3.0, "model__n_estimators": 27.0, "model__reg_lambda": 0.012309314600569277}, "datetime": {"datetime": "2021-03-26 13:52:48", "elapsed": 2.652435, "delta": 0.000161}}
{"target": -1.0521596031931595, "params": {"model__colsample_bylevel": 0.6340772589827341, "model__colsample_bynode": 0.9178072915752025, "model__colsample_bytree": 0.46504609626335935, "model__learning_rate": 0.27216852125589686, "model__max_depth": 3.0, "model__n_estimators": 27.0, "model__reg_lambda": 0.012309314600569277}, "datetime": {"datetime": "2021-03-26 13:52:48", "elapsed": 2.652578, "delta": 0.000143}}
{"target": -1.1375812518268662, "params": {"model__colsample_bylevel": 1.0, "model__colsample_bynode": 1.0, "model__colsample_bytree": 0.3, "model__learning_rate": 0.3, "model__max_depth": 2.0, "model__n_estimators": 30.0, "model__reg_lambda": 0.0}, "datetime": {"datetime": "2021-03-26 13:52:48", "elapsed": 2.91142, "delta": 0.258842}}
{"target": -1.1375812518268662, "params": {"model__colsample_bylevel": 1.0, "model__colsample_bynode": 1.0, "model__colsample_bytree": 0.3, "model__learning_rate": 0.3, "model__max_depth": 2.0, "model__n_estimators": 30.0, "model__reg_lambda": 0.0}, "datetime": {"datetime": "2021-03-26 13:52:48", "elapsed": 2.911808, "delta": 0.000388}}
{"target": -1.1375812518268662, "params": {"model__colsample_bylevel": 1.0, "model__colsample_bynode": 1.0, "model__colsample_bytree": 0.3, "model__learning_rate": 0.3, "model__max_depth": 2.0, "model__n_estimators": 30.0, "model__reg_lambda": 0.0}, "datetime": {"datetime": "2021-03-26 13:52:48", "elapsed": 2.913843, "delta": 0.002035}}
{"target": -1.1434736589327508, "params": {"model__colsample_bylevel": 1.0, "model__colsample_bynode": 1.0, "model__colsample_bytree": 0.3, "model__learning_rate": 0.3, "model__max_depth": 3.0, "model__n_estimators": 22.0, "model__reg_lambda": 0.0}, "datetime": {"datetime": "2021-03-26 13:52:48", "elapsed": 3.167623, "delta": 0.25378}}
{"target": -1.168184795506312, "params": {"model__colsample_bylevel": 0.3, "model__colsample_bynode": 0.3, "model__colsample_bytree": 1.0, "model__learning_rate": 0.3, "model__max_depth": 3.0, "model__n_estimators": 28.0, "model__reg_lambda": 0.0}, "datetime": {"datetime": "2021-03-26 13:52:49", "elapsed": 3.342122, "delta": 0.174499}}
{"target": -1.168184795506312, "params": {"model__colsample_bylevel": 0.3, "model__colsample_bynode": 0.3, "model__colsample_bytree": 1.0, "model__learning_rate": 0.3, "model__max_depth": 3.0, "model__n_estimators": 28.0, "model__reg_lambda": 0.0}, "datetime": {"datetime": "2021-03-26 13:52:49", "elapsed": 3.342447, "delta": 0.000325}}
{"target": -1.2268500277030188, "params": {"model__colsample_bylevel": 0.3, "model__colsample_bynode": 1.0, "model__colsample_bytree": 1.0, "model__learning_rate": 0.3, "model__max_depth": 8.0, "model__n_estimators": 27.0, "model__reg_lambda": 1.384443015201743}, "datetime": {"datetime": "2021-03-26 13:52:49", "elapsed": 3.733309, "delta": 0.390862}}
{"target": -1.2268500277030188, "params": {"model__colsample_bylevel": 0.3, "model__colsample_bynode": 1.0, "model__colsample_bytree": 1.0, "model__learning_rate": 0.3, "model__max_depth": 8.0, "model__n_estimators": 27.0, "model__reg_lambda": 1.384443015201743}, "datetime": {"datetime": "2021-03-26 13:52:49", "elapsed": 3.733626, "delta": 0.000317}}
{"target": -1.1791615423820643, "params": {"model__colsample_bylevel": 1.0, "model__colsample_bynode": 0.3, "model__colsample_bytree": 0.3, "model__learning_rate": 0.3, "model__max_depth": 3.0, "model__n_estimators": 29.0, "model__reg_lambda": 0.0}, "datetime": {"datetime": "2021-03-26 13:52:49", "elapsed": 3.909104, "delta": 0.175478}}
{"target": -1.1791615423820643, "params": {"model__colsample_bylevel": 1.0, "model__colsample_bynode": 0.3, "model__colsample_bytree": 0.3, "model__learning_rate": 0.3, "model__max_depth": 3.0, "model__n_estimators": 29.0, "model__reg_lambda": 0.0}, "datetime": {"datetime": "2021-03-26 13:52:49", "elapsed": 3.909405, "delta": 0.000301}}
{"target": -1.1791615423820643, "params": {"model__colsample_bylevel": 1.0, "model__colsample_bynode": 0.3, "model__colsample_bytree": 0.3, "model__learning_rate": 0.3, "model__max_depth": 3.0, "model__n_estimators": 29.0, "model__reg_lambda": 0.0}, "datetime": {"datetime": "2021-03-26 13:52:49", "elapsed": 3.909593, "delta": 0.000188}}
{"target": -1.1315490763890894, "params": {"model__colsample_bylevel": 1.0, "model__colsample_bynode": 1.0, "model__colsample_bytree": 0.3, "model__learning_rate": 0.3, "model__max_depth": 3.0, "model__n_estimators": 26.0, "model__reg_lambda": 0.0}, "datetime": {"datetime": "2021-03-26 13:52:49", "elapsed": 4.192058, "delta": 0.282465}}
{"target": -1.1315490763890894, "params": {"model__colsample_bylevel": 1.0, "model__colsample_bynode": 1.0, "model__colsample_bytree": 0.3, "model__learning_rate": 0.3, "model__max_depth": 3.0, "model__n_estimators": 26.0, "model__reg_lambda": 0.0}, "datetime": {"datetime": "2021-03-26 13:52:49", "elapsed": 4.192453, "delta": 0.000395}}
{"target": -1.1315490763890894, "params": {"model__colsample_bylevel": 1.0, "model__colsample_bynode": 1.0, "model__colsample_bytree": 0.3, "model__learning_rate": 0.3, "model__max_depth": 3.0, "model__n_estimators": 26.0, "model__reg_lambda": 0.0}, "datetime": {"datetime": "2021-03-26 13:52:49", "elapsed": 4.192794, "delta": 0.000341}}
{"target": -1.1315490763890894, "params": {"model__colsample_bylevel": 1.0, "model__colsample_bynode": 1.0, "model__colsample_bytree": 0.3, "model__learning_rate": 0.3, "model__max_depth": 3.0, "model__n_estimators": 26.0, "model__reg_lambda": 0.0}, "datetime": {"datetime": "2021-03-26 13:52:49", "elapsed": 4.193146, "delta": 0.000352}}
{"target": -1.1315490763890894, "params": {"model__colsample_bylevel": 1.0, "model__colsample_bynode": 1.0, "model__colsample_bytree": 0.3, "model__learning_rate": 0.3, "model__max_depth": 3.0, "model__n_estimators": 26.0, "model__reg_lambda": 0.0}, "datetime": {"datetime": "2021-03-26 13:52:49", "elapsed": 4.193402, "delta": 0.000256}}
{"target": -1.1315490763890894, "params": {"model__colsample_bylevel": 1.0, "model__colsample_bynode": 1.0, "model__colsample_bytree": 0.3, "model__learning_rate": 0.3, "model__max_depth": 3.0, "model__n_estimators": 26.0, "model__reg_lambda": 0.0}, "datetime": {"datetime": "2021-03-26 13:52:49", "elapsed": 4.193648, "delta": 0.000246}}
{"target": -1.2019043555078297, "params": {"model__colsample_bylevel": 0.3, "model__colsample_bynode": 0.3, "model__colsample_bytree": 1.0, "model__learning_rate": 0.3, "model__max_depth": 3.0, "model__n_estimators": 28.0, "model__reg_lambda": 0.8409089891586309}, "datetime": {"datetime": "2021-03-26 13:52:50", "elapsed": 4.367942, "delta": 0.174294}}
{"target": -1.2019043555078297, "params": {"model__colsample_bylevel": 0.3, "model__colsample_bynode": 0.3, "model__colsample_bytree": 1.0, "model__learning_rate": 0.3, "model__max_depth": 3.0, "model__n_estimators": 28.0, "model__reg_lambda": 0.8409089891586309}, "datetime": {"datetime": "2021-03-26 13:52:50", "elapsed": 4.368262, "delta": 0.00032}}
{"target": -1.159630035241202, "params": {"model__colsample_bylevel": 0.3, "model__colsample_bynode": 0.3, "model__colsample_bytree": 1.0, "model__learning_rate": 0.3, "model__max_depth": 4.0, "model__n_estimators": 29.0, "model__reg_lambda": 0.0}, "datetime": {"datetime": "2021-03-26 13:52:50", "elapsed": 4.562113, "delta": 0.193851}}
{"target": -1.226023366837425, "params": {"model__colsample_bylevel": 1.0, "model__colsample_bynode": 0.3, "model__colsample_bytree": 1.0, "model__learning_rate": 0.3, "model__max_depth": 4.0, "model__n_estimators": 29.0, "model__reg_lambda": 1.0293213706395146}, "datetime": {"datetime": "2021-03-26 13:52:50", "elapsed": 4.914494, "delta": 0.352381}}
{"target": -1.226023366837425, "params": {"model__colsample_bylevel": 1.0, "model__colsample_bynode": 0.3, "model__colsample_bytree": 1.0, "model__learning_rate": 0.3, "model__max_depth": 4.0, "model__n_estimators": 29.0, "model__reg_lambda": 1.0293213706395146}, "datetime": {"datetime": "2021-03-26 13:52:50", "elapsed": 4.914823, "delta": 0.000329}}
{"target": -1.226023366837425, "params": {"model__colsample_bylevel": 1.0, "model__colsample_bynode": 0.3, "model__colsample_bytree": 1.0, "model__learning_rate": 0.3, "model__max_depth": 4.0, "model__n_estimators": 29.0, "model__reg_lambda": 1.0293213706395146}, "datetime": {"datetime": "2021-03-26 13:52:50", "elapsed": 4.915017, "delta": 0.000194}}
{"target": -1.226023366837425, "params": {"model__colsample_bylevel": 1.0, "model__colsample_bynode": 0.3, "model__colsample_bytree": 1.0, "model__learning_rate": 0.3, "model__max_depth": 4.0, "model__n_estimators": 29.0, "model__reg_lambda": 1.0293213706395146}, "datetime": {"datetime": "2021-03-26 13:52:50", "elapsed": 4.915191, "delta": 0.000174}}
{"target": -1.226023366837425, "params": {"model__colsample_bylevel": 1.0, "model__colsample_bynode": 0.3, "model__colsample_bytree": 1.0, "model__learning_rate": 0.3, "model__max_depth": 4.0, "model__n_estimators": 29.0, "model__reg_lambda": 1.0293213706395146}, "datetime": {"datetime": "2021-03-26 13:52:50", "elapsed": 4.915358, "delta": 0.000167}}
{"target": -1.226023366837425, "params": {"model__colsample_bylevel": 1.0, "model__colsample_bynode": 0.3, "model__colsample_bytree": 1.0, "model__learning_rate": 0.3, "model__max_depth": 4.0, "model__n_estimators": 29.0, "model__reg_lambda": 1.0293213706395146}, "datetime": {"datetime": "2021-03-26 13:52:50", "elapsed": 4.915531, "delta": 0.000173}}
{"target": -1.4995794929132082, "params": {"model__colsample_bylevel": 0.30726190771998996, "model__colsample_bynode": 0.651312214504117, "model__colsample_bytree": 0.6470413051939022, "model__learning_rate": 0.12676590579185532, "model__max_depth": 2.8526665127272315, "model__n_estimators": 18.278380134391174, "model__reg_lambda": 4.185081805104525}, "datetime": {"datetime": "2021-03-26 13:52:50", "elapsed": 5.076237, "delta": 0.160706}}
{"target": -1.279622744879537, "params": {"model__colsample_bylevel": 0.4736708178894914, "model__colsample_bynode": 0.35884175581574507, "model__colsample_bytree": 0.54184904803528, "model__learning_rate": 0.1333552693064643, "model__max_depth": 7.271354513195954, "model__n_estimators": 29.26446047440075, "model__reg_lambda": 0.38748375832319826}, "datetime": {"datetime": "2021-03-26 13:52:51", "elapsed": 5.325306, "delta": 0.249069}}
{"target": -1.238189254850959, "params": {"model__colsample_bylevel": 0.7893751739791326, "model__colsample_bynode": 0.7009318708985864, "model__colsample_bytree": 0.9286049827576046, "model__learning_rate": 0.23337979458392732, "model__max_depth": 5.28702669827889, "model__n_estimators": 25.53641136102083, "model__reg_lambda": 3.864771696146654}, "datetime": {"datetime": "2021-03-26 13:52:51", "elapsed": 5.934147, "delta": 0.608841}}
{"target": -1.22993476577913, "params": {"model__colsample_bylevel": 0.7861070744351207, "model__colsample_bynode": 0.8774093251503836, "model__colsample_bytree": 0.6259679327570861, "model__learning_rate": 0.28810488190533123, "model__max_depth": 6.822438620073907, "model__n_estimators": 29.75038872336499, "model__reg_lambda": 1.696362575837671}, "datetime": {"datetime": "2021-03-26 13:52:52", "elapsed": 6.455564, "delta": 0.521417}}
{"target": -1.2602410505647246, "params": {"model__colsample_bylevel": 0.6647592980218581, "model__colsample_bynode": 0.9618621918833685, "model__colsample_bytree": 0.7546783242123333, "model__learning_rate": 0.2721663846451393, "model__max_depth": 7.825076072541351, "model__n_estimators": 17.78312530401691, "model__reg_lambda": 2.431156753134085}, "datetime": {"datetime": "2021-03-26 13:52:52", "elapsed": 6.892004, "delta": 0.43644}}
{"target": -1.3337699989504788, "params": {"model__colsample_bylevel": 0.9113805901707872, "model__colsample_bynode": 0.9343940938464552, "model__colsample_bytree": 0.8307945907576542, "model__learning_rate": 0.16938039075510394, "model__max_depth": 4.781208283904345, "model__n_estimators": 24.15806611272194, "model__reg_lambda": 4.96281717671187}, "datetime": {"datetime": "2021-03-26 13:52:53", "elapsed": 7.633658, "delta": 0.741654}}
{"target": -1.4059838578104973, "params": {"model__colsample_bylevel": 0.6345818094768427, "model__colsample_bynode": 0.604888825336442, "model__colsample_bytree": 0.9092858074985717, "model__learning_rate": 0.1374717294122843, "model__max_depth": 6.126044559156051, "model__n_estimators": 25.552937607020823, "model__reg_lambda": 9.252000772711074}, "datetime": {"datetime": "2021-03-26 13:52:53", "elapsed": 8.135737, "delta": 0.502079}}
{"target": -1.4103662148549936, "params": {"model__colsample_bylevel": 0.32761837237198693, "model__colsample_bynode": 0.7529816994815779, "model__colsample_bytree": 0.7466377893021694, "model__learning_rate": 0.19233953249413938, "model__max_depth": 2.318356546912358, "model__n_estimators": 15.578563847435374, "model__reg_lambda": 1.6953141420787687}, "datetime": {"datetime": "2021-03-26 13:52:53", "elapsed": 8.268438, "delta": 0.132701}}
{"target": -1.3678889032453296, "params": {"model__colsample_bylevel": 0.8561835208849775, "model__colsample_bynode": 0.4138242325920566, "model__colsample_bytree": 0.3971170898456863, "model__learning_rate": 0.17058339064653638, "model__max_depth": 4.906990730916813, "model__n_estimators": 25.466045776856664, "model__reg_lambda": 8.011564316956859}, "datetime": {"datetime": "2021-03-26 13:52:54", "elapsed": 8.528392, "delta": 0.259954}}
{"target": -1.4242428334024937, "params": {"model__colsample_bylevel": 0.4867420639503589, "model__colsample_bynode": 0.936633346480775, "model__colsample_bytree": 0.3160068649787738, "model__learning_rate": 0.17502455249915477, "model__max_depth": 3.1977999718893484, "model__n_estimators": 20.142078437421155, "model__reg_lambda": 4.441122950440465}, "datetime": {"datetime": "2021-03-26 13:52:54", "elapsed": 8.708257, "delta": 0.179865}}
{"target": -1.3418871437347886, "params": {"model__colsample_bylevel": 0.6486977272532548, "model__colsample_bynode": 0.5900424273597351, "model__colsample_bytree": 0.4499791740194562, "model__learning_rate": 0.14332794254537243, "model__max_depth": 3.3938427634789914, "model__n_estimators": 25.93628430939619, "model__reg_lambda": 4.159186670147922}, "datetime": {"datetime": "2021-03-26 13:52:54", "elapsed": 8.931838, "delta": 0.223581}}
{"target": -1.3435783177722191, "params": {"model__colsample_bylevel": 0.7087287246096596, "model__colsample_bynode": 0.6460356235928947, "model__colsample_bytree": 0.6010327699478305, "model__learning_rate": 0.24695316340723392, "model__max_depth": 5.337298920821893, "model__n_estimators": 19.539459624900097, "model__reg_lambda": 9.70798194813456}, "datetime": {"datetime": "2021-03-26 13:52:54", "elapsed": 9.258378, "delta": 0.32654}}
{"target": -1.3892595631164917, "params": {"model__colsample_bylevel": 0.4573898284863129, "model__colsample_bynode": 0.39713840986827087, "model__colsample_bytree": 0.730452732753553, "model__learning_rate": 0.19838578785694924, "model__max_depth": 3.0989164019193227, "model__n_estimators": 16.639657727470496, "model__reg_lambda": 5.395755249234239}, "datetime": {"datetime": "2021-03-26 13:52:55", "elapsed": 9.409224, "delta": 0.150846}}
{"target": -1.280946812859696, "params": {"model__colsample_bylevel": 0.5025094970837707, "model__colsample_bynode": 0.37213783629228636, "model__colsample_bytree": 0.6434210837220209, "model__learning_rate": 0.22641833694649102, "model__max_depth": 2.227815301561689, "model__n_estimators": 22.50161880662639, "model__reg_lambda": 0.835434299294453}, "datetime": {"datetime": "2021-03-26 13:52:55", "elapsed": 9.560425, "delta": 0.151201}}
