{"target": -1.285453426470791, "params": {"model__colsample_bylevel": 1.0, "model__colsample_bynode": 0.3, "model__colsample_bytree": 0.3, "model__learning_rate": 0.3, "model__max_depth": 8.0, "model__n_estimators": 18.873982589423413, "model__reg_lambda": 3.2759683934007664}, "datetime": {"datetime": "2021-03-26 13:57:01", "elapsed": 255.743267, "delta": 1.966118}}
{"target": -1.382151290104873, "params": {"model__colsample_bylevel": 0.3, "model__colsample_bynode": 0.3, "model__colsample_bytree": 1.0, "model__learning_rate": 0.3, "model__max_depth": 8.0, "model__n_estimators": 15.0, "model__reg_lambda": 8.369472309280006}, "datetime": {"datetime": "2021-03-26 13:57:03", "elapsed": 257.314585, "delta": 1.571318}}
{"target": -1.2891948798772594, "params": {"model__colsample_bylevel": 1.0, "model__colsample_bynode": 1.0, "model__colsample_bytree": 1.0, "model__learning_rate": 0.3, "model__max_depth": 8.0, "model__n_estimators": 24.45631987099191, "model__reg_lambda": 2.0985565141264013}, "datetime": {"datetime": "2021-03-26 13:57:05", "elapsed": 259.888224, "delta": 2.573639}}
{"target": -1.20850610789384, "params": {"model__colsample_bylevel": 1.0, "model__colsample_bynode": 0.3, "model__colsample_bytree": 0.3, "model__learning_rate": 0.3, "model__max_depth": 6.290755634308574, "model__n_estimators": 24.331431381447832, "model__reg_lambda": 1.9127643576872528}, "datetime": {"datetime": "2021-03-26 13:57:07", "elapsed": 261.689533, "delta": 1.801309}}
{"target": -1.2067507543175926, "params": {"model__colsample_bylevel": 0.3, "model__colsample_bynode": 1.0, "model__colsample_bytree": 1.0, "model__learning_rate": 0.3, "model__max_depth": 6.949161363961362, "model__n_estimators": 28.47835356887363, "model__reg_lambda": 3.9886576201741466}, "datetime": {"datetime": "2021-03-26 13:57:09", "elapsed": 263.953262, "delta": 2.263729}}
{"target": -1.3164426962642566, "params": {"model__colsample_bylevel": 0.3, "model__colsample_bynode": 0.3, "model__colsample_bytree": 1.0, "model__learning_rate": 0.3, "model__max_depth": 4.5681893372978095, "model__n_estimators": 20.61287784905922, "model__reg_lambda": 10.0}, "datetime": {"datetime": "2021-03-26 13:57:11", "elapsed": 265.817675, "delta": 1.864413}}
{"target": -1.3055042880411813, "params": {"model__colsample_bylevel": 0.3, "model__colsample_bynode": 1.0, "model__colsample_bytree": 1.0, "model__learning_rate": 0.3, "model__max_depth": 5.514792790758358, "model__n_estimators": 17.945790329674118, "model__reg_lambda": 10.0}, "datetime": {"datetime": "2021-03-26 13:57:13", "elapsed": 267.902278, "delta": 2.084603}}
{"target": -1.140282683836404, "params": {"model__colsample_bylevel": 1.0, "model__colsample_bynode": 1.0, "model__colsample_bytree": 0.3, "model__learning_rate": 0.3, "model__max_depth": 6.192680606448829, "model__n_estimators": 24.85512839062451, "model__reg_lambda": 0.0}, "datetime": {"datetime": "2021-03-26 13:57:15", "elapsed": 269.979194, "delta": 2.076916}}
{"target": -1.2387776774826689, "params": {"model__colsample_bylevel": 1.0, "model__colsample_bynode": 0.3, "model__colsample_bytree": 1.0, "model__learning_rate": 0.3, "model__max_depth": 2.913099416716908, "model__n_estimators": 17.55806896845007, "model__reg_lambda": 1.6550800882018}, "datetime": {"datetime": "2021-03-26 13:57:17", "elapsed": 271.950906, "delta": 1.971712}}
{"target": -1.2781096058695212, "params": {"model__colsample_bylevel": 1.0, "model__colsample_bynode": 1.0, "model__colsample_bytree": 0.3, "model__learning_rate": 0.3, "model__max_depth": 3.812535585523229, "model__n_estimators": 21.94293378934653, "model__reg_lambda": 8.77276578745442}, "datetime": {"datetime": "2021-03-26 13:57:19", "elapsed": 274.171881, "delta": 2.220975}}
{"target": -1.178115378046894, "params": {"model__colsample_bylevel": 0.3, "model__colsample_bynode": 1.0, "model__colsample_bytree": 0.3, "model__learning_rate": 0.3, "model__max_depth": 6.9348165033407865, "model__n_estimators": 28.01952810893438, "model__reg_lambda": 1.3879363635408046}, "datetime": {"datetime": "2021-03-26 13:57:21", "elapsed": 275.970476, "delta": 1.798595}}
{"target": -1.2214817742371689, "params": {"model__colsample_bylevel": 1.0, "model__colsample_bynode": 1.0, "model__colsample_bytree": 0.3, "model__learning_rate": 0.3, "model__max_depth": 5.343481836726455, "model__n_estimators": 30.0, "model__reg_lambda": 8.281586604287325}, "datetime": {"datetime": "2021-03-26 13:57:24", "elapsed": 278.375051, "delta": 2.404575}}
{"target": -1.2405888505954887, "params": {"model__colsample_bylevel": 1.0, "model__colsample_bynode": 0.3, "model__colsample_bytree": 1.0, "model__learning_rate": 0.3, "model__max_depth": 4.622557444382962, "model__n_estimators": 19.86592625924525, "model__reg_lambda": 3.0948009516724477}, "datetime": {"datetime": "2021-03-26 13:57:26", "elapsed": 280.401622, "delta": 2.026571}}
{"target": -1.2191012400553387, "params": {"model__colsample_bylevel": 1.0, "model__colsample_bynode": 0.3, "model__colsample_bytree": 0.3, "model__learning_rate": 0.3, "model__max_depth": 5.9775079265064255, "model__n_estimators": 19.164860439035174, "model__reg_lambda": 1.2944806472600825}, "datetime": {"datetime": "2021-03-26 13:57:27", "elapsed": 282.116634, "delta": 1.715012}}
{"target": -1.2056041483213935, "params": {"model__colsample_bylevel": 0.3, "model__colsample_bynode": 1.0, "model__colsample_bytree": 1.0, "model__learning_rate": 0.3, "model__max_depth": 4.905681437689153, "model__n_estimators": 27.43907585990122, "model__reg_lambda": 3.4668626935522306}, "datetime": {"datetime": "2021-03-26 13:57:29", "elapsed": 284.192911, "delta": 2.076277}}
{"target": -1.2443170903169591, "params": {"model__colsample_bylevel": 0.3, "model__colsample_bynode": 0.3, "model__colsample_bytree": 1.0, "model__learning_rate": 0.3, "model__max_depth": 8.0, "model__n_estimators": 27.230830833829522, "model__reg_lambda": 4.08710238035815}, "datetime": {"datetime": "2021-03-26 13:57:32", "elapsed": 286.329488, "delta": 2.136577}}
{"target": -1.3366282457701755, "params": {"model__colsample_bylevel": 1.0, "model__colsample_bynode": 1.0, "model__colsample_bytree": 1.0, "model__learning_rate": 0.3, "model__max_depth": 6.110483584453269, "model__n_estimators": 20.732622385739827, "model__reg_lambda": 10.0}, "datetime": {"datetime": "2021-03-26 13:57:34", "elapsed": 289.106134, "delta": 2.776646}}
{"target": -1.2267075223686255, "params": {"model__colsample_bylevel": 1.0, "model__colsample_bynode": 1.0, "model__colsample_bytree": 0.3, "model__learning_rate": 0.3, "model__max_depth": 2.0, "model__n_estimators": 28.498578406670198, "model__reg_lambda": 2.7655570635601983}, "datetime": {"datetime": "2021-03-26 13:57:36", "elapsed": 290.857901, "delta": 1.751767}}
{"target": -1.1312062580037217, "params": {"model__colsample_bylevel": 1.0, "model__colsample_bynode": 1.0, "model__colsample_bytree": 0.3, "model__learning_rate": 0.3, "model__max_depth": 2.8749437547453653, "model__n_estimators": 27.124285862034856, "model__reg_lambda": 0.0}, "datetime": {"datetime": "2021-03-26 13:57:38", "elapsed": 292.963315, "delta": 2.105414}}
{"target": -1.2076955463953207, "params": {"model__colsample_bylevel": 0.3, "model__colsample_bynode": 1.0, "model__colsample_bytree": 0.3, "model__learning_rate": 0.3, "model__max_depth": 5.5692914668322056, "model__n_estimators": 30.0, "model__reg_lambda": 3.266318562471163}, "datetime": {"datetime": "2021-03-26 13:57:40", "elapsed": 294.910887, "delta": 1.947572}}
{"target": -1.2913118030605972, "params": {"model__colsample_bylevel": 1.0, "model__colsample_bynode": 0.3, "model__colsample_bytree": 0.3, "model__learning_rate": 0.3, "model__max_depth": 2.0, "model__n_estimators": 25.47699493937762, "model__reg_lambda": 6.861303934488259}, "datetime": {"datetime": "2021-03-26 13:57:42", "elapsed": 296.713476, "delta": 1.802589}}
{"target": -1.2260709902595566, "params": {"model__colsample_bylevel": 1.0, "model__colsample_bynode": 0.3, "model__colsample_bytree": 1.0, "model__learning_rate": 0.3, "model__max_depth": 5.613679562914146, "model__n_estimators": 23.68560859021852, "model__reg_lambda": 7.349270297381031}, "datetime": {"datetime": "2021-03-26 13:57:44", "elapsed": 298.896275, "delta": 2.182799}}
{"target": -1.3252818974652798, "params": {"model__colsample_bylevel": 1.0, "model__colsample_bynode": 0.3, "model__colsample_bytree": 1.0, "model__learning_rate": 0.3, "model__max_depth": 8.0, "model__n_estimators": 16.933929879600605, "model__reg_lambda": 10.0}, "datetime": {"datetime": "2021-03-26 13:57:46", "elapsed": 301.028955, "delta": 2.13268}}
{"target": -1.3149080478653743, "params": {"model__colsample_bylevel": 1.0, "model__colsample_bynode": 0.3, "model__colsample_bytree": 1.0, "model__learning_rate": 0.3, "model__max_depth": 4.742890748560828, "model__n_estimators": 15.0, "model__reg_lambda": 5.441993021345403}, "datetime": {"datetime": "2021-03-26 13:57:48", "elapsed": 302.811822, "delta": 1.782867}}
{"target": -1.275656906578798, "params": {"model__colsample_bylevel": 0.3, "model__colsample_bynode": 1.0, "model__colsample_bytree": 1.0, "model__learning_rate": 0.3, "model__max_depth": 5.699272946624233, "model__n_estimators": 15.0, "model__reg_lambda": 0.0}, "datetime": {"datetime": "2021-03-26 13:57:50", "elapsed": 305.022513, "delta": 2.210691}}
{"target": -1.1366323312881161, "params": {"model__colsample_bylevel": 0.7572035921184138, "model__colsample_bynode": 1.0, "model__colsample_bytree": 0.3, "model__learning_rate": 0.3, "model__max_depth": 4.797558792085093, "model__n_estimators": 29.30564937922071, "model__reg_lambda": 0.0}, "datetime": {"datetime": "2021-03-26 13:57:52", "elapsed": 306.919715, "delta": 1.897202}}
{"target": -1.187429806212827, "params": {"model__colsample_bylevel": 0.3, "model__colsample_bynode": 1.0, "model__colsample_bytree": 1.0, "model__learning_rate": 0.3, "model__max_depth": 2.0, "model__n_estimators": 29.00374647893125, "model__reg_lambda": 1.0194209950336517}, "datetime": {"datetime": "2021-03-26 13:57:54", "elapsed": 308.990873, "delta": 2.071158}}
{"target": -1.3144128545457363, "params": {"model__colsample_bylevel": 1.0, "model__colsample_bynode": 1.0, "model__colsample_bytree": 1.0, "model__learning_rate": 0.3, "model__max_depth": 5.6271366627305905, "model__n_estimators": 21.310684562379897, "model__reg_lambda": 6.236487928184326}, "datetime": {"datetime": "2021-03-26 13:57:57", "elapsed": 311.926183, "delta": 2.93531}}
{"target": -1.17020555600335, "params": {"model__colsample_bylevel": 1.0, "model__colsample_bynode": 1.0, "model__colsample_bytree": 0.3, "model__learning_rate": 0.3, "model__max_depth": 2.0, "model__n_estimators": 24.358223172072314, "model__reg_lambda": 0.0}, "datetime": {"datetime": "2021-03-26 13:57:59", "elapsed": 314.265566, "delta": 2.339383}}
{"target": -1.1921659323312614, "params": {"model__colsample_bylevel": 1.0, "model__colsample_bynode": 0.3, "model__colsample_bytree": 0.3, "model__learning_rate": 0.3, "model__max_depth": 4.863425890738404, "model__n_estimators": 27.912495514538936, "model__reg_lambda": 0.0}, "datetime": {"datetime": "2021-03-26 13:58:02", "elapsed": 316.402436, "delta": 2.13687}}
{"target": -1.2736596017698014, "params": {"model__colsample_bylevel": 0.3, "model__colsample_bynode": 1.0, "model__colsample_bytree": 0.3, "model__learning_rate": 0.3, "model__max_depth": 8.0, "model__n_estimators": 20.648041293897716, "model__reg_lambda": 2.84072051412558}, "datetime": {"datetime": "2021-03-26 13:58:04", "elapsed": 318.508858, "delta": 2.106422}}
{"target": -1.2143797339615074, "params": {"model__colsample_bylevel": 1.0, "model__colsample_bynode": 0.3, "model__colsample_bytree": 1.0, "model__learning_rate": 0.3, "model__max_depth": 3.8376820091190256, "model__n_estimators": 30.0, "model__reg_lambda": 8.45335881014979}, "datetime": {"datetime": "2021-03-26 13:58:06", "elapsed": 320.830135, "delta": 2.321277}}
{"target": -1.2174285518815338, "params": {"model__colsample_bylevel": 1.0, "model__colsample_bynode": 0.3, "model__colsample_bytree": 1.0, "model__learning_rate": 0.3, "model__max_depth": 3.9982201577834364, "model__n_estimators": 26.015523838816907, "model__reg_lambda": 6.340609830159848}, "datetime": {"datetime": "2021-03-26 13:58:08", "elapsed": 323.011497, "delta": 2.181362}}
{"target": -1.2254256443134035, "params": {"model__colsample_bylevel": 1.0, "model__colsample_bynode": 1.0, "model__colsample_bytree": 0.3, "model__learning_rate": 0.3, "model__max_depth": 3.6170384422350366, "model__n_estimators": 30.0, "model__reg_lambda": 6.488195723735235}, "datetime": {"datetime": "2021-03-26 13:58:10", "elapsed": 325.200933, "delta": 2.189436}}
{"target": -1.305402732886158, "params": {"model__colsample_bylevel": 1.0, "model__colsample_bynode": 0.3, "model__colsample_bytree": 0.3, "model__learning_rate": 0.3, "model__max_depth": 2.0, "model__n_estimators": 28.82968095031267, "model__reg_lambda": 9.285641486924938}, "datetime": {"datetime": "2021-03-26 13:58:12", "elapsed": 326.902886, "delta": 1.701953}}
{"target": -1.1585087010859634, "params": {"model__colsample_bylevel": 0.3, "model__colsample_bynode": 1.0, "model__colsample_bytree": 0.3, "model__learning_rate": 0.3, "model__max_depth": 3.665790682395968, "model__n_estimators": 30.0, "model__reg_lambda": 2.350510674632414}, "datetime": {"datetime": "2021-03-26 13:58:14", "elapsed": 328.978734, "delta": 2.075848}}
{"target": -1.1682376347434964, "params": {"model__colsample_bylevel": 1.0, "model__colsample_bynode": 1.0, "model__colsample_bytree": 0.3, "model__learning_rate": 0.3, "model__max_depth": 5.353570353167586, "model__n_estimators": 26.08707320277, "model__reg_lambda": 0.0}, "datetime": {"datetime": "2021-03-26 13:58:16", "elapsed": 331.038295, "delta": 2.059561}}
{"target": -1.298706037097651, "params": {"model__colsample_bylevel": 0.5039714753838824, "model__colsample_bynode": 1.0, "model__colsample_bytree": 0.43067755900626953, "model__learning_rate": 0.1, "model__max_depth": 2.89669025118304, "model__n_estimators": 26.866851344711872, "model__reg_lambda": 0.0}, "datetime": {"datetime": "2021-03-26 13:58:18", "elapsed": 333.181449, "delta": 2.143154}}
{"target": -1.177297402140212, "params": {"model__colsample_bylevel": 1.0, "model__colsample_bynode": 1.0, "model__colsample_bytree": 0.3, "model__learning_rate": 0.3, "model__max_depth": 3.366535770992618, "model__n_estimators": 23.50512338975205, "model__reg_lambda": 1.444124160388918}, "datetime": {"datetime": "2021-03-26 13:58:21", "elapsed": 335.517723, "delta": 2.336274}}
{"target": -1.3252818974652798, "params": {"model__colsample_bylevel": 0.3, "model__colsample_bynode": 1.0, "model__colsample_bytree": 1.0, "model__learning_rate": 0.3, "model__max_depth": 8.0, "model__n_estimators": 16.926162683407497, "model__reg_lambda": 10.0}, "datetime": {"datetime": "2021-03-26 13:58:23", "elapsed": 337.637673, "delta": 2.11995}}
{"target": -1.1842860639574466, "params": {"model__colsample_bylevel": 0.8699396556341038, "model__colsample_bynode": 0.48068308359395195, "model__colsample_bytree": 0.3, "model__learning_rate": 0.3, "model__max_depth": 4.409355270954001, "model__n_estimators": 28.228545221925007, "model__reg_lambda": 2.7123028530195294}, "datetime": {"datetime": "2021-03-26 13:58:25", "elapsed": 339.645354, "delta": 2.007681}}
{"target": -1.2299549697095231, "params": {"model__colsample_bylevel": 1.0, "model__colsample_bynode": 0.3, "model__colsample_bytree": 1.0, "model__learning_rate": 0.3, "model__max_depth": 8.0, "model__n_estimators": 28.95949335929235, "model__reg_lambda": 0.657310419934535}, "datetime": {"datetime": "2021-03-26 13:58:27", "elapsed": 341.692394, "delta": 2.04704}}
{"target": -1.3382228875883677, "params": {"model__colsample_bylevel": 1.0, "model__colsample_bynode": 1.0, "model__colsample_bytree": 1.0, "model__learning_rate": 0.3, "model__max_depth": 3.9967614831102023, "model__n_estimators": 17.843882711055105, "model__reg_lambda": 6.106970875442886}, "datetime": {"datetime": "2021-03-26 13:58:30", "elapsed": 344.306419, "delta": 2.614025}}
{"target": -1.120068922574443, "params": {"model__colsample_bylevel": 0.46963555382160305, "model__colsample_bynode": 0.923786099819157, "model__colsample_bytree": 0.5997410327667358, "model__learning_rate": 0.3, "model__max_depth": 2.9410236304941018, "model__n_estimators": 27.04356437244427, "model__reg_lambda": 0.0}, "datetime": {"datetime": "2021-03-26 13:58:32", "elapsed": 346.502751, "delta": 2.196332}}
{"target": -1.2466623608495337, "params": {"model__colsample_bylevel": 1.0, "model__colsample_bynode": 0.3, "model__colsample_bytree": 0.3, "model__learning_rate": 0.3, "model__max_depth": 8.0, "model__n_estimators": 23.17162715060293, "model__reg_lambda": 4.006118891785477}, "datetime": {"datetime": "2021-03-26 13:58:34", "elapsed": 348.69128, "delta": 2.188529}}
{"target": -1.4050139310405307, "params": {"model__colsample_bylevel": 0.3, "model__colsample_bynode": 0.3, "model__colsample_bytree": 1.0, "model__learning_rate": 0.3, "model__max_depth": 2.0, "model__n_estimators": 19.34393689767222, "model__reg_lambda": 6.998530781919238}, "datetime": {"datetime": "2021-03-26 13:58:36", "elapsed": 350.696743, "delta": 2.005463}}
{"target": -1.2587150417605713, "params": {"model__colsample_bylevel": 1.0, "model__colsample_bynode": 1.0, "model__colsample_bytree": 1.0, "model__learning_rate": 0.3, "model__max_depth": 2.0, "model__n_estimators": 24.49910613109825, "model__reg_lambda": 1.7548580065807904}, "datetime": {"datetime": "2021-03-26 13:58:39", "elapsed": 353.518292, "delta": 2.821549}}
{"target": -1.4266225707541773, "params": {"model__colsample_bylevel": 1.0, "model__colsample_bynode": 1.0, "model__colsample_bytree": 0.3, "model__learning_rate": 0.3, "model__max_depth": 2.0, "model__n_estimators": 15.0, "model__reg_lambda": 7.874463080588822}, "datetime": {"datetime": "2021-03-26 13:58:41", "elapsed": 355.351201, "delta": 1.832909}}
{"target": -1.1540584000930922, "params": {"model__colsample_bylevel": 0.784673065494898, "model__colsample_bynode": 0.6760636261780433, "model__colsample_bytree": 0.3200061896452164, "model__learning_rate": 0.3, "model__max_depth": 3.92516948458478, "model__n_estimators": 26.932706077590762, "model__reg_lambda": 0.25508566145076605}, "datetime": {"datetime": "2021-03-26 13:58:42", "elapsed": 357.077953, "delta": 1.726752}}
{"target": -1.2790412869088459, "params": {"model__colsample_bylevel": 0.826587134751281, "model__colsample_bynode": 1.0, "model__colsample_bytree": 1.0, "model__learning_rate": 0.3, "model__max_depth": 6.045300621086704, "model__n_estimators": 26.84142805129949, "model__reg_lambda": 0.0}, "datetime": {"datetime": "2021-03-26 13:58:45", "elapsed": 359.413484, "delta": 2.335531}}
{"target": -1.2288243679950637, "params": {"model__colsample_bylevel": 1.0, "model__colsample_bynode": 0.3, "model__colsample_bytree": 1.0, "model__learning_rate": 0.3, "model__max_depth": 4.315949137909093, "model__n_estimators": 27.700279211278815, "model__reg_lambda": 10.0}, "datetime": {"datetime": "2021-03-26 13:58:47", "elapsed": 361.799527, "delta": 2.386043}}
{"target": -1.4953821367651654, "params": {"model__colsample_bylevel": 0.3, "model__colsample_bynode": 0.3, "model__colsample_bytree": 0.3, "model__learning_rate": 0.3, "model__max_depth": 5.895325360279888, "model__n_estimators": 15.0, "model__reg_lambda": 6.127108049564065}, "datetime": {"datetime": "2021-03-26 13:58:49", "elapsed": 363.519681, "delta": 1.720154}}
{"target": -1.2518060283208996, "params": {"model__colsample_bylevel": 1.0, "model__colsample_bynode": 0.3, "model__colsample_bytree": 1.0, "model__learning_rate": 0.3, "model__max_depth": 4.100616070350476, "model__n_estimators": 24.459579977581217, "model__reg_lambda": 10.0}, "datetime": {"datetime": "2021-03-26 13:58:51", "elapsed": 365.95407, "delta": 2.434389}}
{"target": -1.369248652220636, "params": {"model__colsample_bylevel": 1.0, "model__colsample_bynode": 1.0, "model__colsample_bytree": 0.3, "model__learning_rate": 0.3, "model__max_depth": 3.9404380557740404, "model__n_estimators": 15.0, "model__reg_lambda": 10.0}, "datetime": {"datetime": "2021-03-26 13:58:53", "elapsed": 367.992382, "delta": 2.038312}}
{"target": -1.286173322337909, "params": {"model__colsample_bylevel": 1.0, "model__colsample_bynode": 1.0, "model__colsample_bytree": 0.3, "model__learning_rate": 0.3, "model__max_depth": 2.0, "model__n_estimators": 18.741025344761624, "model__reg_lambda": 1.8619626610681517}, "datetime": {"datetime": "2021-03-26 13:58:55", "elapsed": 370.110179, "delta": 2.117797}}
{"target": -1.2702876028483328, "params": {"model__colsample_bylevel": 0.3, "model__colsample_bynode": 1.0, "model__colsample_bytree": 0.3, "model__learning_rate": 0.3, "model__max_depth": 4.782993219836047, "model__n_estimators": 26.960155063413364, "model__reg_lambda": 10.0}, "datetime": {"datetime": "2021-03-26 13:58:57", "elapsed": 372.00317, "delta": 1.892991}}
{"target": -1.3393295485040415, "params": {"model__colsample_bylevel": 1.0, "model__colsample_bynode": 0.3, "model__colsample_bytree": 0.3, "model__learning_rate": 0.3, "model__max_depth": 8.0, "model__n_estimators": 21.697974374050645, "model__reg_lambda": 10.0}, "datetime": {"datetime": "2021-03-26 13:58:59", "elapsed": 373.889764, "delta": 1.886594}}
{"target": -1.2968442485816236, "params": {"model__colsample_bylevel": 1.0, "model__colsample_bynode": 0.3, "model__colsample_bytree": 1.0, "model__learning_rate": 0.3, "model__max_depth": 2.0, "model__n_estimators": 21.200254551066017, "model__reg_lambda": 8.053191783554887}, "datetime": {"datetime": "2021-03-26 13:59:01", "elapsed": 375.904387, "delta": 2.014623}}
