{"target": -1.2110073323037638, "params": {"model__colsample_bylevel": 0.511889221690131, "model__colsample_bynode": 0.880146841574702, "model__colsample_bytree": 0.4713036833734444, "model__learning_rate": 0.24075613859849618, "model__max_depth": 5.215329445061823, "model__n_estimators": 20.712142781227694, "model__reg_lambda": 1.7861793515885238}, "datetime": {"datetime": "2021-03-26 13:05:10", "elapsed": 12.857617, "delta": 0.319482}}
{"target": -1.2136861677187079, "params": {"model__colsample_bylevel": 0.9200821231031391, "model__colsample_bynode": 0.35616344543935075, "model__colsample_bytree": 0.8625120529528605, "model__learning_rate": 0.23669407037870885, "model__max_depth": 4.772062647788025, "model__n_estimators": 24.96073964162097, "model__reg_lambda": 2.826662622956666}, "datetime": {"datetime": "2021-03-26 13:05:10", "elapsed": 13.271502, "delta": 0.413885}}
{"target": -1.375878214509483, "params": {"model__colsample_bylevel": 0.9031023424555509, "model__colsample_bynode": 0.4249356891249156, "model__colsample_bytree": 0.7057975471157624, "model__learning_rate": 0.1927268764937271, "model__max_depth": 6.039330960316078, "model__n_estimators": 22.141866816168736, "model__reg_lambda": 9.525111535091707}, "datetime": {"datetime": "2021-03-26 13:05:11", "elapsed": 13.677005, "delta": 0.405503}}
{"target": -1.3268332841981578, "params": {"model__colsample_bylevel": 0.8972803412913453, "model__colsample_bynode": 0.9289549741797964, "model__colsample_bytree": 0.3178983723326505, "model__learning_rate": 0.13128458043568686, "model__max_depth": 4.861388901041763, "model__n_estimators": 26.020827615199973, "model__reg_lambda": 3.5630947732495777}, "datetime": {"datetime": "2021-03-26 13:05:11", "elapsed": 14.100914, "delta": 0.423909}}
{"target": -1.3583964377020796, "params": {"model__colsample_bylevel": 0.6951175428742368, "model__colsample_bynode": 0.3318286487069968, "model__colsample_bytree": 0.7483089139197432, "model__learning_rate": 0.23624127616156612, "model__max_depth": 4.373824850662889, "model__n_estimators": 17.05009515507337, "model__reg_lambda": 4.16457752159582}, "datetime": {"datetime": "2021-03-26 13:05:11", "elapsed": 14.324796, "delta": 0.223882}}
{"target": -1.2523891401767353, "params": {"model__colsample_bylevel": 0.816923983909474, "model__colsample_bynode": 0.7090153450298311, "model__colsample_bytree": 0.9184032582594783, "model__learning_rate": 0.21574992226411746, "model__max_depth": 3.0678227617515392, "model__n_estimators": 23.876275396014634, "model__reg_lambda": 0.5387774367636355}, "datetime": {"datetime": "2021-03-26 13:05:12", "elapsed": 14.801744, "delta": 0.476948}}
{"target": -1.4054904370960117, "params": {"model__colsample_bylevel": 0.8203891930140093, "model__colsample_bynode": 0.4407263630351047, "model__colsample_bytree": 0.9332727397304375, "model__learning_rate": 0.19471357604823214, "model__max_depth": 4.649919104965563, "model__n_estimators": 17.041195531585494, "model__reg_lambda": 8.076955975507973}, "datetime": {"datetime": "2021-03-26 13:05:12", "elapsed": 15.15898, "delta": 0.357236}}
{"target": -1.2463643546405154, "params": {"model__colsample_bylevel": 0.941920130237188, "model__colsample_bynode": 0.7862119444399247, "model__colsample_bytree": 0.7672811212479322, "model__learning_rate": 0.2413235529719557, "model__max_depth": 6.468881607544759, "model__n_estimators": 25.71892738561766, "model__reg_lambda": 1.4296252407525012}, "datetime": {"datetime": "2021-03-26 13:05:13", "elapsed": 15.840762, "delta": 0.681782}}
{"target": -1.4829901846746603, "params": {"model__colsample_bylevel": 0.7664505634998717, "model__colsample_bynode": 0.9372501752435591, "model__colsample_bytree": 0.3226974712037688, "model__learning_rate": 0.13696287496610304, "model__max_depth": 6.574112506330284, "model__n_estimators": 15.628001246231364, "model__reg_lambda": 2.789864730302046}, "datetime": {"datetime": "2021-03-26 13:05:13", "elapsed": 16.105506, "delta": 0.264744}}
{"target": -1.480533953901866, "params": {"model__colsample_bylevel": 0.9005722896485118, "model__colsample_bynode": 0.5583279975276154, "model__colsample_bytree": 0.9292943127471143, "model__learning_rate": 0.1578195662504995, "model__max_depth": 4.281940885644073, "model__n_estimators": 16.640600890305116, "model__reg_lambda": 8.146246111896012}, "datetime": {"datetime": "2021-03-26 13:05:14", "elapsed": 16.515194, "delta": 0.409688}}
{"target": -1.4495664322613806, "params": {"model__colsample_bylevel": 0.9534398095322711, "model__colsample_bynode": 0.42817503247553923, "model__colsample_bytree": 0.5178389967922328, "model__learning_rate": 0.2349408086546986, "model__max_depth": 2.4746062530577846, "model__n_estimators": 15.490859914517099, "model__reg_lambda": 3.2657561880327557}, "datetime": {"datetime": "2021-03-26 13:05:14", "elapsed": 16.661532, "delta": 0.146338}}
{"target": -1.3390141641424187, "params": {"model__colsample_bylevel": 0.5706285360217014, "model__colsample_bynode": 0.6842771415696982, "model__colsample_bytree": 0.6870518207102555, "model__learning_rate": 0.16602543474194267, "model__max_depth": 4.553906607318516, "model__n_estimators": 18.777852885612205, "model__reg_lambda": 2.0263513230551347}, "datetime": {"datetime": "2021-03-26 13:05:14", "elapsed": 16.99388, "delta": 0.332348}}
{"target": -1.3009844557044732, "params": {"model__colsample_bylevel": 0.8442678591461368, "model__colsample_bynode": 0.3977149946980818, "model__colsample_bytree": 0.6158425941754111, "model__learning_rate": 0.1245045248421828, "model__max_depth": 6.897715409068526, "model__n_estimators": 27.65234893164894, "model__reg_lambda": 1.1477505735172433}, "datetime": {"datetime": "2021-03-26 13:05:15", "elapsed": 17.403696, "delta": 0.409816}}
{"target": -1.3222609256718147, "params": {"model__colsample_bylevel": 0.8046871964072875, "model__colsample_bynode": 0.9463208373893632, "model__colsample_bytree": 0.5702216525068842, "model__learning_rate": 0.25542256115422385, "model__max_depth": 7.543314227663024, "model__n_estimators": 15.074271146872483, "model__reg_lambda": 2.7258381373747875}, "datetime": {"datetime": "2021-03-26 13:05:15", "elapsed": 17.791969, "delta": 0.388273}}
{"target": -1.708683964934038, "params": {"model__colsample_bylevel": 0.325563385911891, "model__colsample_bynode": 0.4394342284138872, "model__colsample_bytree": 0.3078454924320954, "model__learning_rate": 0.10977990666788635, "model__max_depth": 5.896055639118223, "model__n_estimators": 19.33085301818661, "model__reg_lambda": 8.44410233607059}, "datetime": {"datetime": "2021-03-26 13:05:15", "elapsed": 17.935103, "delta": 0.143134}}
{"target": -1.2133120068213972, "params": {"model__colsample_bylevel": 0.5333078077907257, "model__colsample_bynode": 0.9449148964303926, "model__colsample_bytree": 0.39197068792833056, "model__learning_rate": 0.2098009976534188, "model__max_depth": 3.7666070082368948, "model__n_estimators": 27.09229802758709, "model__reg_lambda": 3.376766038812906}, "datetime": {"datetime": "2021-03-26 13:05:15", "elapsed": 18.245738, "delta": 0.310635}}
{"target": -1.2601744750568615, "params": {"model__colsample_bylevel": 0.38472058045866103, "model__colsample_bynode": 0.6189182754661343, "model__colsample_bytree": 0.47491716651278293, "model__learning_rate": 0.24904662090967875, "model__max_depth": 6.41552028192452, "model__n_estimators": 15.15307284998927, "model__reg_lambda": 0.029919695529196932}, "datetime": {"datetime": "2021-03-26 13:05:16", "elapsed": 18.420076, "delta": 0.174338}}
{"target": -1.2548362110538975, "params": {"model__colsample_bylevel": 0.9426044924017256, "model__colsample_bynode": 0.5260125425777793, "model__colsample_bytree": 0.5074653319167783, "model__learning_rate": 0.15418522802672452, "model__max_depth": 3.474343666196627, "model__n_estimators": 26.630539663467353, "model__reg_lambda": 2.632384799456182}, "datetime": {"datetime": "2021-03-26 13:05:16", "elapsed": 18.745216, "delta": 0.32514}}
{"target": -1.2756261478839577, "params": {"model__colsample_bylevel": 0.8032909797610204, "model__colsample_bynode": 0.7713021432027297, "model__colsample_bytree": 0.6853736563856032, "model__learning_rate": 0.23655460523720243, "model__max_depth": 3.0441975506001606, "model__n_estimators": 21.967771044500967, "model__reg_lambda": 4.939589109277965}, "datetime": {"datetime": "2021-03-26 13:05:16", "elapsed": 19.123215, "delta": 0.377999}}
{"target": -1.33140619215488, "params": {"model__colsample_bylevel": 0.3191878877624776, "model__colsample_bynode": 0.4527668367686508, "model__colsample_bytree": 0.9533861738476699, "model__learning_rate": 0.23172885748318614, "model__max_depth": 7.871974941466348, "model__n_estimators": 20.539710627919593, "model__reg_lambda": 7.6239037960184355}, "datetime": {"datetime": "2021-03-26 13:05:17", "elapsed": 19.385487, "delta": 0.262272}}
{"target": -1.4476476986501094, "params": {"model__colsample_bylevel": 0.7197656118669662, "model__colsample_bynode": 0.7214646750503465, "model__colsample_bytree": 0.37931534877147977, "model__learning_rate": 0.14444015703665763, "model__max_depth": 2.433575141809544, "model__n_estimators": 22.57954207818872, "model__reg_lambda": 3.4509917372173025}, "datetime": {"datetime": "2021-03-26 13:05:17", "elapsed": 19.577988, "delta": 0.192501}}
{"target": -1.2383725205949252, "params": {"model__colsample_bylevel": 0.43770438267170664, "model__colsample_bynode": 0.562288016838024, "model__colsample_bytree": 0.6684847059501842, "model__learning_rate": 0.24216538663414655, "model__max_depth": 5.53982800385271, "model__n_estimators": 24.586364893849456, "model__reg_lambda": 6.03761911116279}, "datetime": {"datetime": "2021-03-26 13:05:17", "elapsed": 19.888265, "delta": 0.310277}}
{"target": -1.2596562882156477, "params": {"model__colsample_bylevel": 0.5615024327662378, "model__colsample_bynode": 0.5278880157630303, "model__colsample_bytree": 0.6927994632423486, "model__learning_rate": 0.2499326997232081, "model__max_depth": 7.515144966264312, "model__n_estimators": 27.41503748405572, "model__reg_lambda": 5.537273620404508}, "datetime": {"datetime": "2021-03-26 13:05:17", "elapsed": 20.276215, "delta": 0.38795}}
{"target": -1.2989524448776375, "params": {"model__colsample_bylevel": 0.8773753442334304, "model__colsample_bynode": 0.3197624374107063, "model__colsample_bytree": 0.8582648079772404, "model__learning_rate": 0.1398977410305498, "model__max_depth": 6.115045756510598, "model__n_estimators": 27.377846347953547, "model__reg_lambda": 3.1496308071503187}, "datetime": {"datetime": "2021-03-26 13:05:18", "elapsed": 20.710496, "delta": 0.434281}}
{"target": -1.2677166858661004, "params": {"model__colsample_bylevel": 0.5798231824380045, "model__colsample_bynode": 0.9899122285696411, "model__colsample_bytree": 0.4774952834387126, "model__learning_rate": 0.25106786479472265, "model__max_depth": 4.436357453829759, "model__n_estimators": 19.72844903945682, "model__reg_lambda": 7.705159221072094}, "datetime": {"datetime": "2021-03-26 13:05:18", "elapsed": 21.01627, "delta": 0.305774}}
{"target": -1.292876058139339, "params": {"model__colsample_bylevel": 0.6149024037576569, "model__colsample_bynode": 0.7970601762740899, "model__colsample_bytree": 0.4555403075808654, "model__learning_rate": 0.26476738246878556, "model__max_depth": 6.3006447069266285, "model__n_estimators": 22.48861984031197, "model__reg_lambda": 7.91551010046181}, "datetime": {"datetime": "2021-03-26 13:05:19", "elapsed": 21.345062, "delta": 0.328792}}
{"target": -1.2060744196028057, "params": {"model__colsample_bylevel": 0.9437937215686736, "model__colsample_bynode": 0.8511722448868555, "model__colsample_bytree": 0.5084857837350747, "model__learning_rate": 0.24346701302396254, "model__max_depth": 5.690340786662006, "model__n_estimators": 27.619845335231588, "model__reg_lambda": 4.0456797253845265}, "datetime": {"datetime": "2021-03-26 13:05:19", "elapsed": 21.936294, "delta": 0.591232}}
{"target": -1.2435115077843268, "params": {"model__colsample_bylevel": 0.6173529449301774, "model__colsample_bynode": 0.3656352091501882, "model__colsample_bytree": 0.45305055880659917, "model__learning_rate": 0.20586849821836273, "model__max_depth": 5.173197962934258, "model__n_estimators": 25.696146745858105, "model__reg_lambda": 2.863925264426952}, "datetime": {"datetime": "2021-03-26 13:05:19", "elapsed": 22.182639, "delta": 0.246345}}
{"target": -1.4928894604245824, "params": {"model__colsample_bylevel": 0.3812502817792496, "model__colsample_bynode": 0.43107613084910207, "model__colsample_bytree": 0.6036033759584388, "model__learning_rate": 0.13710847453713484, "model__max_depth": 2.7407946095138094, "model__n_estimators": 25.875381462387566, "model__reg_lambda": 9.101677556132595}, "datetime": {"datetime": "2021-03-26 13:05:20", "elapsed": 22.377503, "delta": 0.194864}}
{"target": -1.3933742603800003, "params": {"model__colsample_bylevel": 0.3426383940311504, "model__colsample_bynode": 0.3292770968669983, "model__colsample_bytree": 0.49999974247633633, "model__learning_rate": 0.21592871225493404, "model__max_depth": 7.629568478689846, "model__n_estimators": 23.72527860523467, "model__reg_lambda": 6.7998375849329875}, "datetime": {"datetime": "2021-03-26 13:05:20", "elapsed": 22.573746, "delta": 0.196243}}
{"target": -1.3845767881748254, "params": {"model__colsample_bylevel": 1.0, "model__colsample_bynode": 1.0, "model__colsample_bytree": 1.0, "model__learning_rate": 0.3, "model__max_depth": 8.0, "model__n_estimators": 15.0, "model__reg_lambda": 10.0}, "datetime": {"datetime": "2021-03-26 13:05:21", "elapsed": 23.832904, "delta": 1.259158}}
{"target": -1.2480127715546152, "params": {"model__colsample_bylevel": 0.3, "model__colsample_bynode": 1.0, "model__colsample_bytree": 0.3, "model__learning_rate": 0.3, "model__max_depth": 8.0, "model__n_estimators": 30.0, "model__reg_lambda": 10.0}, "datetime": {"datetime": "2021-03-26 13:05:22", "elapsed": 24.564431, "delta": 0.731527}}
{"target": -1.2538595853454395, "params": {"model__colsample_bylevel": 1.0, "model__colsample_bynode": 1.0, "model__colsample_bytree": 0.3, "model__learning_rate": 0.3, "model__max_depth": 2.0, "model__n_estimators": 30.0, "model__reg_lambda": 10.0}, "datetime": {"datetime": "2021-03-26 13:05:23", "elapsed": 25.517707, "delta": 0.953276}}
{"target": -1.3970879965394305, "params": {"model__colsample_bylevel": 0.3, "model__colsample_bynode": 0.3, "model__colsample_bytree": 0.3, "model__learning_rate": 0.3, "model__max_depth": 2.0, "model__n_estimators": 30.0, "model__reg_lambda": 5.4539341507951296}, "datetime": {"datetime": "2021-03-26 13:05:23", "elapsed": 26.268169, "delta": 0.750462}}
{"target": -1.3584586949263149, "params": {"model__colsample_bylevel": 0.3, "model__colsample_bynode": 0.3, "model__colsample_bytree": 1.0, "model__learning_rate": 0.3, "model__max_depth": 8.0, "model__n_estimators": 15.0, "model__reg_lambda": 6.078233052758705}, "datetime": {"datetime": "2021-03-26 13:05:24", "elapsed": 27.033468, "delta": 0.765299}}
{"target": -1.1970301697921495, "params": {"model__colsample_bylevel": 1.0, "model__colsample_bynode": 0.3, "model__colsample_bytree": 1.0, "model__learning_rate": 0.3, "model__max_depth": 8.0, "model__n_estimators": 19.179073582755816, "model__reg_lambda": 0.0}, "datetime": {"datetime": "2021-03-26 13:05:25", "elapsed": 28.02892, "delta": 0.995452}}
{"target": -1.37646122843675, "params": {"model__colsample_bylevel": 0.3, "model__colsample_bynode": 1.0, "model__colsample_bytree": 0.3, "model__learning_rate": 0.3, "model__max_depth": 2.0, "model__n_estimators": 21.33457187082272, "model__reg_lambda": 10.0}, "datetime": {"datetime": "2021-03-26 13:05:26", "elapsed": 28.849587, "delta": 0.820667}}
{"target": -1.1998500479392007, "params": {"model__colsample_bylevel": 0.3, "model__colsample_bynode": 1.0, "model__colsample_bytree": 1.0, "model__learning_rate": 0.3, "model__max_depth": 8.0, "model__n_estimators": 30.0, "model__reg_lambda": 5.630018041601443}, "datetime": {"datetime": "2021-03-26 13:05:27", "elapsed": 30.055462, "delta": 1.205875}}
{"target": -1.2699368831661082, "params": {"model__colsample_bylevel": 1.0, "model__colsample_bynode": 1.0, "model__colsample_bytree": 1.0, "model__learning_rate": 0.3, "model__max_depth": 8.0, "model__n_estimators": 20.72910621672132, "model__reg_lambda": 4.908449008582853}, "datetime": {"datetime": "2021-03-26 13:05:29", "elapsed": 31.706396, "delta": 1.650934}}
{"target": -1.2177601377776675, "params": {"model__colsample_bylevel": 1.0, "model__colsample_bynode": 0.3, "model__colsample_bytree": 1.0, "model__learning_rate": 0.3, "model__max_depth": 4.978095617935912, "model__n_estimators": 30.0, "model__reg_lambda": 10.0}, "datetime": {"datetime": "2021-03-26 13:05:30", "elapsed": 32.993457, "delta": 1.287061}}
{"target": -1.2317260479352072, "params": {"model__colsample_bylevel": 1.0, "model__colsample_bynode": 0.3, "model__colsample_bytree": 0.3, "model__learning_rate": 0.3, "model__max_depth": 2.0, "model__n_estimators": 18.402411386938724, "model__reg_lambda": 0.0}, "datetime": {"datetime": "2021-03-26 13:05:31", "elapsed": 33.913081, "delta": 0.919624}}
{"target": -1.254854334150171, "params": {"model__colsample_bylevel": 0.3, "model__colsample_bynode": 0.3, "model__colsample_bytree": 0.3, "model__learning_rate": 0.3, "model__max_depth": 5.259481940705746, "model__n_estimators": 22.726879254280142, "model__reg_lambda": 0.0}, "datetime": {"datetime": "2021-03-26 13:05:32", "elapsed": 34.737145, "delta": 0.824064}}
{"target": -1.268730295865216, "params": {"model__colsample_bylevel": 0.3, "model__colsample_bynode": 1.0, "model__colsample_bytree": 1.0, "model__learning_rate": 0.3, "model__max_depth": 8.0, "model__n_estimators": 21.968589303796012, "model__reg_lambda": 10.0}, "datetime": {"datetime": "2021-03-26 13:05:33", "elapsed": 35.924409, "delta": 1.187264}}
{"target": -1.2817976485613893, "params": {"model__colsample_bylevel": 0.3, "model__colsample_bynode": 0.3, "model__colsample_bytree": 0.3, "model__learning_rate": 0.3, "model__max_depth": 5.529633480607938, "model__n_estimators": 30.0, "model__reg_lambda": 5.198311031192858}, "datetime": {"datetime": "2021-03-26 13:05:34", "elapsed": 36.84295, "delta": 0.918541}}
{"target": -1.2706411245751423, "params": {"model__colsample_bylevel": 0.5727390121083106, "model__colsample_bynode": 0.8596963408972924, "model__colsample_bytree": 0.3331457368149942, "model__learning_rate": 0.29525564239321583, "model__max_depth": 7.959918034269519, "model__n_estimators": 15.873012882695704, "model__reg_lambda": 0.1945328840248428}, "datetime": {"datetime": "2021-03-26 13:05:35", "elapsed": 37.746165, "delta": 0.903215}}
{"target": -1.3222021088139086, "params": {"model__colsample_bylevel": 1.0, "model__colsample_bynode": 1.0, "model__colsample_bytree": 1.0, "model__learning_rate": 0.3, "model__max_depth": 5.074608910510045, "model__n_estimators": 19.487314668300684, "model__reg_lambda": 0.0}, "datetime": {"datetime": "2021-03-26 13:05:36", "elapsed": 39.242805, "delta": 1.49664}}
{"target": -1.2253497755343932, "params": {"model__colsample_bylevel": 0.3, "model__colsample_bynode": 0.3, "model__colsample_bytree": 1.0, "model__learning_rate": 0.3, "model__max_depth": 5.41222213222087, "model__n_estimators": 21.507779825183025, "model__reg_lambda": 4.10818058557214}, "datetime": {"datetime": "2021-03-26 13:05:37", "elapsed": 40.208033, "delta": 0.965228}}
{"target": -1.2650417791544526, "params": {"model__colsample_bylevel": 0.3, "model__colsample_bynode": 1.0, "model__colsample_bytree": 1.0, "model__learning_rate": 0.3, "model__max_depth": 4.267235291528143, "model__n_estimators": 21.75797839013002, "model__reg_lambda": 10.0}, "datetime": {"datetime": "2021-03-26 13:05:38", "elapsed": 41.292496, "delta": 1.084463}}
{"target": -1.2464123449058853, "params": {"model__colsample_bylevel": 0.3, "model__colsample_bynode": 1.0, "model__colsample_bytree": 0.3, "model__learning_rate": 0.3, "model__max_depth": 4.5729447417181595, "model__n_estimators": 30.0, "model__reg_lambda": 10.0}, "datetime": {"datetime": "2021-03-26 13:05:39", "elapsed": 42.220691, "delta": 0.928195}}
{"target": -1.1546876009891107, "params": {"model__colsample_bylevel": 0.3, "model__colsample_bynode": 1.0, "model__colsample_bytree": 0.3, "model__learning_rate": 0.3, "model__max_depth": 2.0, "model__n_estimators": 24.56579498045322, "model__reg_lambda": 0.0}, "datetime": {"datetime": "2021-03-26 13:05:40", "elapsed": 43.178277, "delta": 0.957586}}
{"target": -1.3086465774927343, "params": {"model__colsample_bylevel": 1.0, "model__colsample_bynode": 1.0, "model__colsample_bytree": 1.0, "model__learning_rate": 0.3, "model__max_depth": 8.0, "model__n_estimators": 21.814758550928456, "model__reg_lambda": 8.138476656283897}, "datetime": {"datetime": "2021-03-26 13:05:42", "elapsed": 44.937889, "delta": 1.759612}}
{"target": -1.1953654422151412, "params": {"model__colsample_bylevel": 0.3, "model__colsample_bynode": 1.0, "model__colsample_bytree": 1.0, "model__learning_rate": 0.3, "model__max_depth": 8.0, "model__n_estimators": 20.904377183936592, "model__reg_lambda": 0.0}, "datetime": {"datetime": "2021-03-26 13:05:43", "elapsed": 46.136045, "delta": 1.198156}}
{"target": -1.3495311386707791, "params": {"model__colsample_bylevel": 1.0, "model__colsample_bynode": 1.0, "model__colsample_bytree": 1.0, "model__learning_rate": 0.3, "model__max_depth": 5.362572244716517, "model__n_estimators": 15.0, "model__reg_lambda": 5.812210792241508}, "datetime": {"datetime": "2021-03-26 13:05:45", "elapsed": 47.535636, "delta": 1.399591}}
{"target": -1.3054079967807384, "params": {"model__colsample_bylevel": 0.3, "model__colsample_bynode": 0.3, "model__colsample_bytree": 1.0, "model__learning_rate": 0.3, "model__max_depth": 2.0, "model__n_estimators": 15.0, "model__reg_lambda": 0.0}, "datetime": {"datetime": "2021-03-26 13:05:46", "elapsed": 48.517839, "delta": 0.982203}}
