{"target": -1.1265665482027807, "params": {"model__colsample_bylevel": 0.3, "model__colsample_bynode": 0.3, "model__colsample_bytree": 1.0, "model__learning_rate": 0.3, "model__max_depth": 2.0, "model__n_estimators": 29.0, "model__reg_lambda": 0.0}, "datetime": {"datetime": "2021-03-26 13:04:57", "elapsed": 0.0, "delta": 0.0}}
{"target": -1.1725318330900232, "params": {"model__colsample_bylevel": 1.0, "model__colsample_bynode": 1.0, "model__colsample_bytree": 0.3, "model__learning_rate": 0.3, "model__max_depth": 7.0, "model__n_estimators": 26.0, "model__reg_lambda": 0.0}, "datetime": {"datetime": "2021-03-26 13:04:58", "elapsed": 0.38204, "delta": 0.38204}}
{"target": -1.1914699515533647, "params": {"model__colsample_bylevel": 0.3, "model__colsample_bynode": 1.0, "model__colsample_bytree": 1.0, "model__learning_rate": 0.3, "model__max_depth": 2.0, "model__n_estimators": 30.0, "model__reg_lambda": 0.0}, "datetime": {"datetime": "2021-03-26 13:04:58", "elapsed": 0.664578, "delta": 0.282538}}
{"target": -1.1094301035047334, "params": {"model__colsample_bylevel": 1.0, "model__colsample_bynode": 0.3, "model__colsample_bytree": 0.3, "model__learning_rate": 0.3, "model__max_depth": 4.0, "model__n_estimators": 30.0, "model__reg_lambda": 0.0}, "datetime": {"datetime": "2021-03-26 13:04:58", "elapsed": 0.863214, "delta": 0.198636}}
{"target": -1.13466749623978, "params": {"model__colsample_bylevel": 1.0, "model__colsample_bynode": 1.0, "model__colsample_bytree": 0.3, "model__learning_rate": 0.3, "model__max_depth": 2.0, "model__n_estimators": 29.0, "model__reg_lambda": 0.0}, "datetime": {"datetime": "2021-03-26 13:04:58", "elapsed": 1.140241, "delta": 0.277027}}
{"target": -1.13466749623978, "params": {"model__colsample_bylevel": 1.0, "model__colsample_bynode": 1.0, "model__colsample_bytree": 0.3, "model__learning_rate": 0.3, "model__max_depth": 2.0, "model__n_estimators": 29.0, "model__reg_lambda": 0.0}, "datetime": {"datetime": "2021-03-26 13:04:58", "elapsed": 1.140521, "delta": 0.00028}}
{"target": -1.13466749623978, "params": {"model__colsample_bylevel": 1.0, "model__colsample_bynode": 1.0, "model__colsample_bytree": 0.3, "model__learning_rate": 0.3, "model__max_depth": 2.0, "model__n_estimators": 29.0, "model__reg_lambda": 0.0}, "datetime": {"datetime": "2021-03-26 13:04:58", "elapsed": 1.140686, "delta": 0.000165}}
{"target": -1.1603135092916184, "params": {"model__colsample_bylevel": 1.0, "model__colsample_bynode": 1.0, "model__colsample_bytree": 0.3, "model__learning_rate": 0.3, "model__max_depth": 5.0, "model__n_estimators": 30.0, "model__reg_lambda": 1.3969582260721904}, "datetime": {"datetime": "2021-03-26 13:04:59", "elapsed": 1.543509, "delta": 0.402823}}
{"target": -1.1603135092916184, "params": {"model__colsample_bylevel": 1.0, "model__colsample_bynode": 1.0, "model__colsample_bytree": 0.3, "model__learning_rate": 0.3, "model__max_depth": 5.0, "model__n_estimators": 30.0, "model__reg_lambda": 1.3969582260721904}, "datetime": {"datetime": "2021-03-26 13:04:59", "elapsed": 1.543882, "delta": 0.000373}}
{"target": -1.1603135092916184, "params": {"model__colsample_bylevel": 1.0, "model__colsample_bynode": 1.0, "model__colsample_bytree": 0.3, "model__learning_rate": 0.3, "model__max_depth": 5.0, "model__n_estimators": 30.0, "model__reg_lambda": 1.3969582260721904}, "datetime": {"datetime": "2021-03-26 13:04:59", "elapsed": 1.544143, "delta": 0.000261}}
{"target": -1.1725010591127194, "params": {"model__colsample_bylevel": 0.3079362334176096, "model__colsample_bynode": 0.8971823838547848, "model__colsample_bytree": 0.40250528177435396, "model__learning_rate": 0.27962972600551395, "model__max_depth": 8.0, "model__n_estimators": 29.0, "model__reg_lambda": 1.1060522447128518}, "datetime": {"datetime": "2021-03-26 13:04:59", "elapsed": 1.797571, "delta": 0.253428}}
{"target": -1.1756295442825817, "params": {"model__colsample_bylevel": 1.0, "model__colsample_bynode": 1.0, "model__colsample_bytree": 0.3, "model__learning_rate": 0.3, "model__max_depth": 6.0, "model__n_estimators": 30.0, "model__reg_lambda": 0.0}, "datetime": {"datetime": "2021-03-26 13:04:59", "elapsed": 2.179207, "delta": 0.381636}}
{"target": -1.1777375558774204, "params": {"model__colsample_bylevel": 1.0, "model__colsample_bynode": 0.3, "model__colsample_bytree": 1.0, "model__learning_rate": 0.3, "model__max_depth": 3.0, "model__n_estimators": 27.0, "model__reg_lambda": 0.0}, "datetime": {"datetime": "2021-03-26 13:05:00", "elapsed": 2.489806, "delta": 0.310599}}
{"target": -1.1800034565533903, "params": {"model__colsample_bylevel": 0.6340772589827341, "model__colsample_bynode": 0.9178072915752025, "model__colsample_bytree": 0.46504609626335935, "model__learning_rate": 0.27216852125589686, "model__max_depth": 3.0, "model__n_estimators": 27.0, "model__reg_lambda": 0.012309314600569277}, "datetime": {"datetime": "2021-03-26 13:05:00", "elapsed": 2.777153, "delta": 0.287347}}
{"target": -1.1800034565533903, "params": {"model__colsample_bylevel": 0.6340772589827341, "model__colsample_bynode": 0.9178072915752025, "model__colsample_bytree": 0.46504609626335935, "model__learning_rate": 0.27216852125589686, "model__max_depth": 3.0, "model__n_estimators": 27.0, "model__reg_lambda": 0.012309314600569277}, "datetime": {"datetime": "2021-03-26 13:05:00", "elapsed": 2.77745, "delta": 0.000297}}
{"target": -1.1800034565533903, "params": {"model__colsample_bylevel": 0.6340772589827341, "model__colsample_bynode": 0.9178072915752025, "model__colsample_bytree": 0.46504609626335935, "model__learning_rate": 0.27216852125589686, "model__max_depth": 3.0, "model__n_estimators": 27.0, "model__reg_lambda": 0.012309314600569277}, "datetime": {"datetime": "2021-03-26 13:05:00", "elapsed": 2.777627, "delta": 0.000177}}
{"target": -1.1800034565533903, "params": {"model__colsample_bylevel": 0.6340772589827341, "model__colsample_bynode": 0.9178072915752025, "model__colsample_bytree": 0.46504609626335935, "model__learning_rate": 0.27216852125589686, "model__max_depth": 3.0, "model__n_estimators": 27.0, "model__reg_lambda": 0.012309314600569277}, "datetime": {"datetime": "2021-03-26 13:05:00", "elapsed": 2.777784, "delta": 0.000157}}
{"target": -1.1800034565533903, "params": {"model__colsample_bylevel": 0.6340772589827341, "model__colsample_bynode": 0.9178072915752025, "model__colsample_bytree": 0.46504609626335935, "model__learning_rate": 0.27216852125589686, "model__max_depth": 3.0, "model__n_estimators": 27.0, "model__reg_lambda": 0.012309314600569277}, "datetime": {"datetime": "2021-03-26 13:05:00", "elapsed": 2.777937, "delta": 0.000153}}
{"target": -1.1337452274780937, "params": {"model__colsample_bylevel": 1.0, "model__colsample_bynode": 1.0, "model__colsample_bytree": 0.3, "model__learning_rate": 0.3, "model__max_depth": 2.0, "model__n_estimators": 30.0, "model__reg_lambda": 0.0}, "datetime": {"datetime": "2021-03-26 13:05:00", "elapsed": 3.049638, "delta": 0.271701}}
{"target": -1.1337452274780937, "params": {"model__colsample_bylevel": 1.0, "model__colsample_bynode": 1.0, "model__colsample_bytree": 0.3, "model__learning_rate": 0.3, "model__max_depth": 2.0, "model__n_estimators": 30.0, "model__reg_lambda": 0.0}, "datetime": {"datetime": "2021-03-26 13:05:00", "elapsed": 3.049923, "delta": 0.000285}}
{"target": -1.1337452274780937, "params": {"model__colsample_bylevel": 1.0, "model__colsample_bynode": 1.0, "model__colsample_bytree": 0.3, "model__learning_rate": 0.3, "model__max_depth": 2.0, "model__n_estimators": 30.0, "model__reg_lambda": 0.0}, "datetime": {"datetime": "2021-03-26 13:05:00", "elapsed": 3.050094, "delta": 0.000171}}
{"target": -1.1129862592906516, "params": {"model__colsample_bylevel": 1.0, "model__colsample_bynode": 1.0, "model__colsample_bytree": 0.3, "model__learning_rate": 0.3, "model__max_depth": 3.0, "model__n_estimators": 22.0, "model__reg_lambda": 0.0}, "datetime": {"datetime": "2021-03-26 13:05:00", "elapsed": 3.331576, "delta": 0.281482}}
{"target": -1.1275957011968654, "params": {"model__colsample_bylevel": 0.3, "model__colsample_bynode": 0.3, "model__colsample_bytree": 1.0, "model__learning_rate": 0.3, "model__max_depth": 3.0, "model__n_estimators": 28.0, "model__reg_lambda": 0.0}, "datetime": {"datetime": "2021-03-26 13:05:01", "elapsed": 3.513021, "delta": 0.181445}}
{"target": -1.1275957011968654, "params": {"model__colsample_bylevel": 0.3, "model__colsample_bynode": 0.3, "model__colsample_bytree": 1.0, "model__learning_rate": 0.3, "model__max_depth": 3.0, "model__n_estimators": 28.0, "model__reg_lambda": 0.0}, "datetime": {"datetime": "2021-03-26 13:05:01", "elapsed": 3.513349, "delta": 0.000328}}
{"target": -1.2019445732262903, "params": {"model__colsample_bylevel": 0.3, "model__colsample_bynode": 1.0, "model__colsample_bytree": 1.0, "model__learning_rate": 0.3, "model__max_depth": 8.0, "model__n_estimators": 27.0, "model__reg_lambda": 1.384443015201743}, "datetime": {"datetime": "2021-03-26 13:05:01", "elapsed": 3.921378, "delta": 0.408029}}
{"target": -1.2019445732262903, "params": {"model__colsample_bylevel": 0.3, "model__colsample_bynode": 1.0, "model__colsample_bytree": 1.0, "model__learning_rate": 0.3, "model__max_depth": 8.0, "model__n_estimators": 27.0, "model__reg_lambda": 1.384443015201743}, "datetime": {"datetime": "2021-03-26 13:05:01", "elapsed": 3.921679, "delta": 0.000301}}
{"target": -1.1203719381187311, "params": {"model__colsample_bylevel": 1.0, "model__colsample_bynode": 0.3, "model__colsample_bytree": 0.3, "model__learning_rate": 0.3, "model__max_depth": 3.0, "model__n_estimators": 29.0, "model__reg_lambda": 0.0}, "datetime": {"datetime": "2021-03-26 13:05:01", "elapsed": 4.107014, "delta": 0.185335}}
{"target": -1.1203719381187311, "params": {"model__colsample_bylevel": 1.0, "model__colsample_bynode": 0.3, "model__colsample_bytree": 0.3, "model__learning_rate": 0.3, "model__max_depth": 3.0, "model__n_estimators": 29.0, "model__reg_lambda": 0.0}, "datetime": {"datetime": "2021-03-26 13:05:01", "elapsed": 4.107313, "delta": 0.000299}}
{"target": -1.1203719381187311, "params": {"model__colsample_bylevel": 1.0, "model__colsample_bynode": 0.3, "model__colsample_bytree": 0.3, "model__learning_rate": 0.3, "model__max_depth": 3.0, "model__n_estimators": 29.0, "model__reg_lambda": 0.0}, "datetime": {"datetime": "2021-03-26 13:05:01", "elapsed": 4.107503, "delta": 0.00019}}
{"target": -1.1058266915715014, "params": {"model__colsample_bylevel": 1.0, "model__colsample_bynode": 1.0, "model__colsample_bytree": 0.3, "model__learning_rate": 0.3, "model__max_depth": 3.0, "model__n_estimators": 26.0, "model__reg_lambda": 0.0}, "datetime": {"datetime": "2021-03-26 13:05:02", "elapsed": 4.419676, "delta": 0.312173}}
{"target": -1.1058266915715014, "params": {"model__colsample_bylevel": 1.0, "model__colsample_bynode": 1.0, "model__colsample_bytree": 0.3, "model__learning_rate": 0.3, "model__max_depth": 3.0, "model__n_estimators": 26.0, "model__reg_lambda": 0.0}, "datetime": {"datetime": "2021-03-26 13:05:02", "elapsed": 4.42003, "delta": 0.000354}}
{"target": -1.1058266915715014, "params": {"model__colsample_bylevel": 1.0, "model__colsample_bynode": 1.0, "model__colsample_bytree": 0.3, "model__learning_rate": 0.3, "model__max_depth": 3.0, "model__n_estimators": 26.0, "model__reg_lambda": 0.0}, "datetime": {"datetime": "2021-03-26 13:05:02", "elapsed": 4.420225, "delta": 0.000195}}
{"target": -1.1058266915715014, "params": {"model__colsample_bylevel": 1.0, "model__colsample_bynode": 1.0, "model__colsample_bytree": 0.3, "model__learning_rate": 0.3, "model__max_depth": 3.0, "model__n_estimators": 26.0, "model__reg_lambda": 0.0}, "datetime": {"datetime": "2021-03-26 13:05:02", "elapsed": 4.420384, "delta": 0.000159}}
{"target": -1.1058266915715014, "params": {"model__colsample_bylevel": 1.0, "model__colsample_bynode": 1.0, "model__colsample_bytree": 0.3, "model__learning_rate": 0.3, "model__max_depth": 3.0, "model__n_estimators": 26.0, "model__reg_lambda": 0.0}, "datetime": {"datetime": "2021-03-26 13:05:02", "elapsed": 4.420561, "delta": 0.000177}}
{"target": -1.1058266915715014, "params": {"model__colsample_bylevel": 1.0, "model__colsample_bynode": 1.0, "model__colsample_bytree": 0.3, "model__learning_rate": 0.3, "model__max_depth": 3.0, "model__n_estimators": 26.0, "model__reg_lambda": 0.0}, "datetime": {"datetime": "2021-03-26 13:05:02", "elapsed": 4.420732, "delta": 0.000171}}
{"target": -1.154156102685501, "params": {"model__colsample_bylevel": 0.3, "model__colsample_bynode": 0.3, "model__colsample_bytree": 1.0, "model__learning_rate": 0.3, "model__max_depth": 3.0, "model__n_estimators": 28.0, "model__reg_lambda": 0.8409089891586309}, "datetime": {"datetime": "2021-03-26 13:05:02", "elapsed": 4.607875, "delta": 0.187143}}
{"target": -1.154156102685501, "params": {"model__colsample_bylevel": 0.3, "model__colsample_bynode": 0.3, "model__colsample_bytree": 1.0, "model__learning_rate": 0.3, "model__max_depth": 3.0, "model__n_estimators": 28.0, "model__reg_lambda": 0.8409089891586309}, "datetime": {"datetime": "2021-03-26 13:05:02", "elapsed": 4.608358, "delta": 0.000483}}
{"target": -1.5083947759931502, "params": {"model__colsample_bylevel": 0.30726190771998996, "model__colsample_bynode": 0.651312214504117, "model__colsample_bytree": 0.6470413051939022, "model__learning_rate": 0.12676590579185532, "model__max_depth": 2.8526665127272315, "model__n_estimators": 18.278380134391174, "model__reg_lambda": 4.185081805104525}, "datetime": {"datetime": "2021-03-26 13:05:02", "elapsed": 4.784107, "delta": 0.175749}}
{"target": -1.238763397767384, "params": {"model__colsample_bylevel": 0.4736708178894914, "model__colsample_bynode": 0.35884175581574507, "model__colsample_bytree": 0.54184904803528, "model__learning_rate": 0.1333552693064643, "model__max_depth": 7.271354513195954, "model__n_estimators": 29.26446047440075, "model__reg_lambda": 0.38748375832319826}, "datetime": {"datetime": "2021-03-26 13:05:02", "elapsed": 5.059686, "delta": 0.275579}}
{"target": -1.2535337583080906, "params": {"model__colsample_bylevel": 0.7893751739791326, "model__colsample_bynode": 0.7009318708985864, "model__colsample_bytree": 0.9286049827576046, "model__learning_rate": 0.23337979458392732, "model__max_depth": 5.28702669827889, "model__n_estimators": 25.53641136102083, "model__reg_lambda": 3.864771696146654}, "datetime": {"datetime": "2021-03-26 13:05:03", "elapsed": 5.723372, "delta": 0.663686}}
{"target": -1.2051496215556086, "params": {"model__colsample_bylevel": 0.7861070744351207, "model__colsample_bynode": 0.8774093251503836, "model__colsample_bytree": 0.6259679327570861, "model__learning_rate": 0.28810488190533123, "model__max_depth": 6.822438620073907, "model__n_estimators": 29.75038872336499, "model__reg_lambda": 1.696362575837671}, "datetime": {"datetime": "2021-03-26 13:05:03", "elapsed": 6.309844, "delta": 0.586472}}
{"target": -1.281132907834768, "params": {"model__colsample_bylevel": 0.6647592980218581, "model__colsample_bynode": 0.9618621918833685, "model__colsample_bytree": 0.7546783242123333, "model__learning_rate": 0.2721663846451393, "model__max_depth": 7.825076072541351, "model__n_estimators": 17.78312530401691, "model__reg_lambda": 2.431156753134085}, "datetime": {"datetime": "2021-03-26 13:05:04", "elapsed": 6.78339, "delta": 0.473546}}
{"target": -1.3136159270839847, "params": {"model__colsample_bylevel": 0.9113805901707872, "model__colsample_bynode": 0.9343940938464552, "model__colsample_bytree": 0.8307945907576542, "model__learning_rate": 0.16938039075510394, "model__max_depth": 4.781208283904345, "model__n_estimators": 24.15806611272194, "model__reg_lambda": 4.96281717671187}, "datetime": {"datetime": "2021-03-26 13:05:05", "elapsed": 7.602769, "delta": 0.819379}}
{"target": -1.408372124986372, "params": {"model__colsample_bylevel": 0.6345818094768427, "model__colsample_bynode": 0.604888825336442, "model__colsample_bytree": 0.9092858074985717, "model__learning_rate": 0.1374717294122843, "model__max_depth": 6.126044559156051, "model__n_estimators": 25.552937607020823, "model__reg_lambda": 9.252000772711074}, "datetime": {"datetime": "2021-03-26 13:05:05", "elapsed": 8.149666, "delta": 0.546897}}
{"target": -1.4386794002483718, "params": {"model__colsample_bylevel": 0.32761837237198693, "model__colsample_bynode": 0.7529816994815779, "model__colsample_bytree": 0.7466377893021694, "model__learning_rate": 0.19233953249413938, "model__max_depth": 2.318356546912358, "model__n_estimators": 15.578563847435374, "model__reg_lambda": 1.6953141420787687}, "datetime": {"datetime": "2021-03-26 13:05:05", "elapsed": 8.294263, "delta": 0.144597}}
{"target": -1.3849485474220218, "params": {"model__colsample_bylevel": 0.8561835208849775, "model__colsample_bynode": 0.4138242325920566, "model__colsample_bytree": 0.3971170898456863, "model__learning_rate": 0.17058339064653638, "model__max_depth": 4.906990730916813, "model__n_estimators": 25.466045776856664, "model__reg_lambda": 8.011564316956859}, "datetime": {"datetime": "2021-03-26 13:05:06", "elapsed": 8.578109, "delta": 0.283846}}
{"target": -1.3857236414283947, "params": {"model__colsample_bylevel": 0.4867420639503589, "model__colsample_bynode": 0.936633346480775, "model__colsample_bytree": 0.3160068649787738, "model__learning_rate": 0.17502455249915477, "model__max_depth": 3.1977999718893484, "model__n_estimators": 20.142078437421155, "model__reg_lambda": 4.441122950440465}, "datetime": {"datetime": "2021-03-26 13:05:06", "elapsed": 8.762655, "delta": 0.184546}}
{"target": -1.3558941665442958, "params": {"model__colsample_bylevel": 0.6486977272532548, "model__colsample_bynode": 0.5900424273597351, "model__colsample_bytree": 0.4499791740194562, "model__learning_rate": 0.14332794254537243, "model__max_depth": 3.3938427634789914, "model__n_estimators": 25.93628430939619, "model__reg_lambda": 4.159186670147922}, "datetime": {"datetime": "2021-03-26 13:05:06", "elapsed": 9.012134, "delta": 0.249479}}
{"target": -1.339473837468287, "params": {"model__colsample_bylevel": 0.7087287246096596, "model__colsample_bynode": 0.6460356235928947, "model__colsample_bytree": 0.6010327699478305, "model__learning_rate": 0.24695316340723392, "model__max_depth": 5.337298920821893, "model__n_estimators": 19.539459624900097, "model__reg_lambda": 9.70798194813456}, "datetime": {"datetime": "2021-03-26 13:05:07", "elapsed": 9.368735, "delta": 0.356601}}
{"target": -1.4214123281285813, "params": {"model__colsample_bylevel": 0.4573898284863129, "model__colsample_bynode": 0.39713840986827087, "model__colsample_bytree": 0.730452732753553, "model__learning_rate": 0.19838578785694924, "model__max_depth": 3.0989164019193227, "model__n_estimators": 16.639657727470496, "model__reg_lambda": 5.395755249234239}, "datetime": {"datetime": "2021-03-26 13:05:07", "elapsed": 9.5403, "delta": 0.171565}}
{"target": -1.268975603032479, "params": {"model__colsample_bylevel": 0.5025094970837707, "model__colsample_bynode": 0.37213783629228636, "model__colsample_bytree": 0.6434210837220209, "model__learning_rate": 0.22641833694649102, "model__max_depth": 2.227815301561689, "model__n_estimators": 22.50161880662639, "model__reg_lambda": 0.835434299294453}, "datetime": {"datetime": "2021-03-26 13:05:07", "elapsed": 9.717498, "delta": 0.177198}}
{"target": -1.3320272103005997, "params": {"model__colsample_bylevel": 0.8539227643210632, "model__colsample_bynode": 0.8306252174459399, "model__colsample_bytree": 0.4835912545620663, "model__learning_rate": 0.12017171820904433, "model__max_depth": 7.503156236962601, "model__n_estimators": 22.761903626532458, "model__reg_lambda": 1.3353967592343363}, "datetime": {"datetime": "2021-03-26 13:05:07", "elapsed": 10.214463, "delta": 0.496965}}
{"target": -1.4188549536995698, "params": {"model__colsample_bylevel": 0.3787801798303496, "model__colsample_bynode": 0.8891488038898538, "model__colsample_bytree": 0.682252315571295, "model__learning_rate": 0.1522033166295056, "model__max_depth": 5.4549531069191834, "model__n_estimators": 19.707789101668837, "model__reg_lambda": 7.916231853067416}, "datetime": {"datetime": "2021-03-26 13:05:08", "elapsed": 10.531751, "delta": 0.317288}}
{"target": -1.25267886992112, "params": {"model__colsample_bylevel": 0.6451635028820711, "model__colsample_bynode": 0.9756107284220326, "model__colsample_bytree": 0.6642183611480073, "model__learning_rate": 0.2806043190994539, "model__max_depth": 3.4988273636139016, "model__n_estimators": 22.822309547759104, "model__reg_lambda": 5.0574568339000425}, "datetime": {"datetime": "2021-03-26 13:05:08", "elapsed": 10.927472, "delta": 0.395721}}
{"target": -1.343986799972861, "params": {"model__colsample_bylevel": 0.8691500365097846, "model__colsample_bynode": 0.35123595486158105, "model__colsample_bytree": 0.8853449005213216, "model__learning_rate": 0.26084712707576596, "model__max_depth": 4.4379276251183954, "model__n_estimators": 15.546768724832507, "model__reg_lambda": 7.672541069525759}, "datetime": {"datetime": "2021-03-26 13:05:08", "elapsed": 11.211874, "delta": 0.284402}}
{"target": -1.2746190149472025, "params": {"model__colsample_bylevel": 0.7752492983214213, "model__colsample_bynode": 0.9432502217801924, "model__colsample_bytree": 0.6921299356114399, "model__learning_rate": 0.2935437919451478, "model__max_depth": 3.850306106454099, "model__n_estimators": 20.083349491730285, "model__reg_lambda": 7.308818114469667}, "datetime": {"datetime": "2021-03-26 13:05:09", "elapsed": 11.70505, "delta": 0.493176}}
{"target": -1.2635746368578218, "params": {"model__colsample_bylevel": 0.7909589341540182, "model__colsample_bynode": 0.8077442453063763, "model__colsample_bytree": 0.9257599208468199, "model__learning_rate": 0.24332981747869467, "model__max_depth": 6.092916621028417, "model__n_estimators": 27.646752630781677, "model__reg_lambda": 6.451189984951728}, "datetime": {"datetime": "2021-03-26 13:05:10", "elapsed": 12.538135, "delta": 0.833085}}
