{"target": -1.1855645911984038, "params": {"model__colsample_bylevel": 0.3, "model__colsample_bynode": 1.0, "model__colsample_bytree": 1.0, "model__learning_rate": 0.3, "model__max_depth": 8.0, "model__n_estimators": 30.0, "model__reg_lambda": 0.0}, "datetime": {"datetime": "2021-03-26 13:07:38", "elapsed": 160.93826, "delta": 2.237318}}
{"target": -1.1302153133169706, "params": {"model__colsample_bylevel": 0.3, "model__colsample_bynode": 1.0, "model__colsample_bytree": 0.3, "model__learning_rate": 0.3, "model__max_depth": 3.1374779159584527, "model__n_estimators": 22.62993078309869, "model__reg_lambda": 0.0}, "datetime": {"datetime": "2021-03-26 13:07:40", "elapsed": 162.67577, "delta": 1.73751}}
{"target": -1.250054434629535, "params": {"model__colsample_bylevel": 1.0, "model__colsample_bynode": 1.0, "model__colsample_bytree": 1.0, "model__learning_rate": 0.3, "model__max_depth": 3.2981312508623573, "model__n_estimators": 28.596271361225412, "model__reg_lambda": 3.1627420591672997}, "datetime": {"datetime": "2021-03-26 13:07:43", "elapsed": 165.510041, "delta": 2.834271}}
{"target": -1.177982065186792, "params": {"model__colsample_bylevel": 1.0, "model__colsample_bynode": 1.0, "model__colsample_bytree": 0.3, "model__learning_rate": 0.3, "model__max_depth": 8.0, "model__n_estimators": 28.417188557976875, "model__reg_lambda": 0.0}, "datetime": {"datetime": "2021-03-26 13:07:45", "elapsed": 167.562116, "delta": 2.052075}}
{"target": -1.1290401532058265, "params": {"model__colsample_bylevel": 1.0, "model__colsample_bynode": 0.3, "model__colsample_bytree": 0.3, "model__learning_rate": 0.3, "model__max_depth": 3.873159256056549, "model__n_estimators": 21.221425907069765, "model__reg_lambda": 0.0}, "datetime": {"datetime": "2021-03-26 13:07:46", "elapsed": 169.214926, "delta": 1.65281}}
{"target": -1.1785191286685945, "params": {"model__colsample_bylevel": 0.3, "model__colsample_bynode": 1.0, "model__colsample_bytree": 1.0, "model__learning_rate": 0.3, "model__max_depth": 8.0, "model__n_estimators": 28.694816903874123, "model__reg_lambda": 3.4755747585601076}, "datetime": {"datetime": "2021-03-26 13:07:48", "elapsed": 171.216154, "delta": 2.001228}}
{"target": -1.1792883071515274, "params": {"model__colsample_bylevel": 0.3, "model__colsample_bynode": 1.0, "model__colsample_bytree": 0.3, "model__learning_rate": 0.3, "model__max_depth": 6.048941968982645, "model__n_estimators": 28.76280564008609, "model__reg_lambda": 3.331420947145867}, "datetime": {"datetime": "2021-03-26 13:07:51", "elapsed": 173.391828, "delta": 2.175674}}
{"target": -1.2116667785519817, "params": {"model__colsample_bylevel": 0.3, "model__colsample_bynode": 0.3, "model__colsample_bytree": 1.0, "model__learning_rate": 0.3, "model__max_depth": 2.0, "model__n_estimators": 27.372233115805205, "model__reg_lambda": 2.7189106771980334}, "datetime": {"datetime": "2021-03-26 13:07:53", "elapsed": 175.419786, "delta": 2.027958}}
{"target": -1.3513319736349978, "params": {"model__colsample_bylevel": 1.0, "model__colsample_bynode": 1.0, "model__colsample_bytree": 1.0, "model__learning_rate": 0.3, "model__max_depth": 8.0, "model__n_estimators": 25.84887205868114, "model__reg_lambda": 0.0}, "datetime": {"datetime": "2021-03-26 13:07:55", "elapsed": 177.86955, "delta": 2.449764}}
{"target": -1.2184299929155225, "params": {"model__colsample_bylevel": 1.0, "model__colsample_bynode": 0.3, "model__colsample_bytree": 0.3, "model__learning_rate": 0.3, "model__max_depth": 6.581926821248079, "model__n_estimators": 24.31520910730337, "model__reg_lambda": 0.0}, "datetime": {"datetime": "2021-03-26 13:07:57", "elapsed": 180.081388, "delta": 2.211838}}
{"target": -1.2750606716435027, "params": {"model__colsample_bylevel": 1.0, "model__colsample_bynode": 1.0, "model__colsample_bytree": 0.3, "model__learning_rate": 0.3, "model__max_depth": 2.0, "model__n_estimators": 23.27555562794523, "model__reg_lambda": 7.644622493274583}, "datetime": {"datetime": "2021-03-26 13:07:59", "elapsed": 181.850193, "delta": 1.768805}}
{"target": -1.2200412692704603, "params": {"model__colsample_bylevel": 0.3, "model__colsample_bynode": 1.0, "model__colsample_bytree": 1.0, "model__learning_rate": 0.3, "model__max_depth": 6.4620333050025165, "model__n_estimators": 30.0, "model__reg_lambda": 8.518651483401596}, "datetime": {"datetime": "2021-03-26 13:08:01", "elapsed": 183.998973, "delta": 2.14878}}
{"target": -1.190644900161314, "params": {"model__colsample_bylevel": 1.0, "model__colsample_bynode": 0.3, "model__colsample_bytree": 1.0, "model__learning_rate": 0.3, "model__max_depth": 6.290014123279206, "model__n_estimators": 23.7806850806852, "model__reg_lambda": 3.7907302104675678}, "datetime": {"datetime": "2021-03-26 13:08:03", "elapsed": 186.09623, "delta": 2.097257}}
{"target": -1.1442990710871104, "params": {"model__colsample_bylevel": 0.3, "model__colsample_bynode": 0.3, "model__colsample_bytree": 1.0, "model__learning_rate": 0.3, "model__max_depth": 5.436739344125087, "model__n_estimators": 30.0, "model__reg_lambda": 2.313408328005672}, "datetime": {"datetime": "2021-03-26 13:08:05", "elapsed": 188.061789, "delta": 1.965559}}
{"target": -1.2082764956182328, "params": {"model__colsample_bylevel": 0.3, "model__colsample_bynode": 1.0, "model__colsample_bytree": 0.3, "model__learning_rate": 0.3, "model__max_depth": 6.985048758073176, "model__n_estimators": 26.258815888845763, "model__reg_lambda": 4.3722564292382895}, "datetime": {"datetime": "2021-03-26 13:08:07", "elapsed": 190.142544, "delta": 2.080755}}
{"target": -1.1759624525614458, "params": {"model__colsample_bylevel": 0.3, "model__colsample_bynode": 0.3, "model__colsample_bytree": 1.0, "model__learning_rate": 0.3, "model__max_depth": 8.0, "model__n_estimators": 30.0, "model__reg_lambda": 2.6104632050402388}, "datetime": {"datetime": "2021-03-26 13:08:09", "elapsed": 191.83796, "delta": 1.695416}}
{"target": -1.18511169196201, "params": {"model__colsample_bylevel": 1.0, "model__colsample_bynode": 1.0, "model__colsample_bytree": 0.3, "model__learning_rate": 0.3, "model__max_depth": 3.513620255369405, "model__n_estimators": 25.003720475421453, "model__reg_lambda": 0.9794048809185326}, "datetime": {"datetime": "2021-03-26 13:08:11", "elapsed": 193.785101, "delta": 1.947141}}
{"target": -1.2048170857333944, "params": {"model__colsample_bylevel": 0.3, "model__colsample_bynode": 0.3, "model__colsample_bytree": 1.0, "model__learning_rate": 0.3, "model__max_depth": 2.9749015641782153, "model__n_estimators": 17.93960411222633, "model__reg_lambda": 0.0}, "datetime": {"datetime": "2021-03-26 13:08:13", "elapsed": 195.671398, "delta": 1.886297}}
{"target": -1.295673488288362, "params": {"model__colsample_bylevel": 0.3, "model__colsample_bynode": 1.0, "model__colsample_bytree": 1.0, "model__learning_rate": 0.3, "model__max_depth": 5.167266636696711, "model__n_estimators": 18.898703038746017, "model__reg_lambda": 10.0}, "datetime": {"datetime": "2021-03-26 13:08:15", "elapsed": 197.557367, "delta": 1.885969}}
{"target": -1.2974593179651361, "params": {"model__colsample_bylevel": 1.0, "model__colsample_bynode": 0.3, "model__colsample_bytree": 1.0, "model__learning_rate": 0.3, "model__max_depth": 2.0, "model__n_estimators": 23.742403779049713, "model__reg_lambda": 10.0}, "datetime": {"datetime": "2021-03-26 13:08:16", "elapsed": 199.254749, "delta": 1.697382}}
{"target": -1.1616065060726597, "params": {"model__colsample_bylevel": 0.3, "model__colsample_bynode": 0.3, "model__colsample_bytree": 1.0, "model__learning_rate": 0.3, "model__max_depth": 8.0, "model__n_estimators": 22.941259573119645, "model__reg_lambda": 0.0}, "datetime": {"datetime": "2021-03-26 13:08:18", "elapsed": 201.060203, "delta": 1.805454}}
{"target": -1.1744306691301367, "params": {"model__colsample_bylevel": 0.3, "model__colsample_bynode": 0.3, "model__colsample_bytree": 1.0, "model__learning_rate": 0.3, "model__max_depth": 3.490080248712395, "model__n_estimators": 21.294852604730465, "model__reg_lambda": 0.0}, "datetime": {"datetime": "2021-03-26 13:08:20", "elapsed": 202.653524, "delta": 1.593321}}
{"target": -1.1617926115345587, "params": {"model__colsample_bylevel": 0.3, "model__colsample_bynode": 0.3, "model__colsample_bytree": 1.0, "model__learning_rate": 0.3, "model__max_depth": 4.218354642781715, "model__n_estimators": 27.27053202711412, "model__reg_lambda": 3.2671658463402973}, "datetime": {"datetime": "2021-03-26 13:08:21", "elapsed": 204.301963, "delta": 1.648439}}
{"target": -1.2786852055728652, "params": {"model__colsample_bylevel": 1.0, "model__colsample_bynode": 1.0, "model__colsample_bytree": 1.0, "model__learning_rate": 0.3, "model__max_depth": 2.0, "model__n_estimators": 30.0, "model__reg_lambda": 10.0}, "datetime": {"datetime": "2021-03-26 13:08:24", "elapsed": 206.530578, "delta": 2.228615}}
{"target": -1.34344665620584, "params": {"model__colsample_bylevel": 1.0, "model__colsample_bynode": 0.3, "model__colsample_bytree": 1.0, "model__learning_rate": 0.3, "model__max_depth": 6.48635139000746, "model__n_estimators": 15.0, "model__reg_lambda": 8.109451058494926}, "datetime": {"datetime": "2021-03-26 13:08:25", "elapsed": 208.2522, "delta": 1.721622}}
{"target": -1.2493997366046128, "params": {"model__colsample_bylevel": 1.0, "model__colsample_bynode": 1.0, "model__colsample_bytree": 0.3, "model__learning_rate": 0.3, "model__max_depth": 2.0, "model__n_estimators": 27.81409530379255, "model__reg_lambda": 6.425004108362394}, "datetime": {"datetime": "2021-03-26 13:08:27", "elapsed": 209.933725, "delta": 1.681525}}
{"target": -1.3059982449248217, "params": {"model__colsample_bylevel": 1.0, "model__colsample_bynode": 0.3, "model__colsample_bytree": 0.3, "model__learning_rate": 0.3, "model__max_depth": 2.0, "model__n_estimators": 28.084576055991132, "model__reg_lambda": 10.0}, "datetime": {"datetime": "2021-03-26 13:08:29", "elapsed": 211.877987, "delta": 1.944262}}
{"target": -1.2227026817437763, "params": {"model__colsample_bylevel": 0.3, "model__colsample_bynode": 0.3, "model__colsample_bytree": 0.3, "model__learning_rate": 0.3, "model__max_depth": 5.245518572889939, "model__n_estimators": 30.0, "model__reg_lambda": 0.0}, "datetime": {"datetime": "2021-03-26 13:08:31", "elapsed": 213.69499, "delta": 1.817003}}
{"target": -1.202969393202954, "params": {"model__colsample_bylevel": 1.0, "model__colsample_bynode": 0.3, "model__colsample_bytree": 0.3, "model__learning_rate": 0.3, "model__max_depth": 4.440354560936059, "model__n_estimators": 28.043617465366143, "model__reg_lambda": 5.655328465007665}, "datetime": {"datetime": "2021-03-26 13:08:33", "elapsed": 215.942803, "delta": 2.247813}}
{"target": -1.277704482306929, "params": {"model__colsample_bylevel": 0.3, "model__colsample_bynode": 0.3, "model__colsample_bytree": 0.3, "model__learning_rate": 0.3, "model__max_depth": 2.0, "model__n_estimators": 27.85251631843871, "model__reg_lambda": 0.0}, "datetime": {"datetime": "2021-03-26 13:08:35", "elapsed": 217.809954, "delta": 1.867151}}
{"target": -1.169773479040874, "params": {"model__colsample_bylevel": 1.0, "model__colsample_bynode": 1.0, "model__colsample_bytree": 0.3, "model__learning_rate": 0.3, "model__max_depth": 2.0, "model__n_estimators": 23.880251434511305, "model__reg_lambda": 0.0}, "datetime": {"datetime": "2021-03-26 13:08:37", "elapsed": 219.429494, "delta": 1.61954}}
{"target": -1.1846743572402099, "params": {"model__colsample_bylevel": 1.0, "model__colsample_bynode": 0.3, "model__colsample_bytree": 0.3, "model__learning_rate": 0.3, "model__max_depth": 4.953679085122715, "model__n_estimators": 30.0, "model__reg_lambda": 3.19330536258223}, "datetime": {"datetime": "2021-03-26 13:08:39", "elapsed": 221.584264, "delta": 2.15477}}
{"target": -1.1267297325871777, "params": {"model__colsample_bylevel": 1.0, "model__colsample_bynode": 1.0, "model__colsample_bytree": 0.3, "model__learning_rate": 0.3, "model__max_depth": 4.350521921979571, "model__n_estimators": 22.03455642368294, "model__reg_lambda": 0.0}, "datetime": {"datetime": "2021-03-26 13:08:41", "elapsed": 223.764975, "delta": 2.180711}}
{"target": -1.30223746303253, "params": {"model__colsample_bylevel": 1.0, "model__colsample_bynode": 1.0, "model__colsample_bytree": 1.0, "model__learning_rate": 0.3, "model__max_depth": 4.905875832443533, "model__n_estimators": 23.01288263691457, "model__reg_lambda": 7.882253569781686}, "datetime": {"datetime": "2021-03-26 13:08:44", "elapsed": 226.592712, "delta": 2.827737}}
{"target": -1.4874906317695327, "params": {"model__colsample_bylevel": 0.3, "model__colsample_bynode": 0.3, "model__colsample_bytree": 1.0, "model__learning_rate": 0.3, "model__max_depth": 2.0, "model__n_estimators": 15.0, "model__reg_lambda": 10.0}, "datetime": {"datetime": "2021-03-26 13:08:46", "elapsed": 228.345306, "delta": 1.752594}}
{"target": -1.2672612229659073, "params": {"model__colsample_bylevel": 0.3, "model__colsample_bynode": 1.0, "model__colsample_bytree": 0.3, "model__learning_rate": 0.3, "model__max_depth": 4.511798140198362, "model__n_estimators": 21.876046706684775, "model__reg_lambda": 6.005189565281498}, "datetime": {"datetime": "2021-03-26 13:08:47", "elapsed": 229.994953, "delta": 1.649647}}
{"target": -1.2097292982352275, "params": {"model__colsample_bylevel": 1.0, "model__colsample_bynode": 1.0, "model__colsample_bytree": 0.3, "model__learning_rate": 0.3, "model__max_depth": 5.2269341176714645, "model__n_estimators": 30.0, "model__reg_lambda": 8.812566535544462}, "datetime": {"datetime": "2021-03-26 13:08:50", "elapsed": 232.452855, "delta": 2.457902}}
{"target": -1.2159349323412325, "params": {"model__colsample_bylevel": 0.3, "model__colsample_bynode": 0.3, "model__colsample_bytree": 1.0, "model__learning_rate": 0.3, "model__max_depth": 5.126548150393015, "model__n_estimators": 23.935108057655004, "model__reg_lambda": 3.9821159314169234}, "datetime": {"datetime": "2021-03-26 13:08:52", "elapsed": 234.440544, "delta": 1.987689}}
{"target": -1.2801333609226062, "params": {"model__colsample_bylevel": 1.0, "model__colsample_bynode": 0.3, "model__colsample_bytree": 1.0, "model__learning_rate": 0.3, "model__max_depth": 2.0, "model__n_estimators": 16.638594688032185, "model__reg_lambda": 0.0}, "datetime": {"datetime": "2021-03-26 13:08:54", "elapsed": 236.661536, "delta": 2.220992}}
{"target": -1.1640514684760053, "params": {"model__colsample_bylevel": 0.9498423309388351, "model__colsample_bynode": 0.9774073782245001, "model__colsample_bytree": 0.3093972450632054, "model__learning_rate": 0.1687406938263892, "model__max_depth": 2.750873421796153, "model__n_estimators": 29.40774628066401, "model__reg_lambda": 0.032226704458444555}, "datetime": {"datetime": "2021-03-26 13:08:56", "elapsed": 238.515996, "delta": 1.85446}}
{"target": -1.2828532903252736, "params": {"model__colsample_bylevel": 0.3, "model__colsample_bynode": 1.0, "model__colsample_bytree": 0.3, "model__learning_rate": 0.3, "model__max_depth": 8.0, "model__n_estimators": 25.142247167665385, "model__reg_lambda": 10.0}, "datetime": {"datetime": "2021-03-26 13:08:58", "elapsed": 240.55286, "delta": 2.036864}}
{"target": -1.23626546493421, "params": {"model__colsample_bylevel": 0.3, "model__colsample_bynode": 1.0, "model__colsample_bytree": 1.0, "model__learning_rate": 0.3, "model__max_depth": 6.756749519686225, "model__n_estimators": 28.33473741964596, "model__reg_lambda": 10.0}, "datetime": {"datetime": "2021-03-26 13:09:00", "elapsed": 242.529631, "delta": 1.976771}}
{"target": -1.297597106859304, "params": {"model__colsample_bylevel": 0.3, "model__colsample_bynode": 0.3, "model__colsample_bytree": 1.0, "model__learning_rate": 0.3, "model__max_depth": 2.0, "model__n_estimators": 22.6934053550281, "model__reg_lambda": 6.044890100158491}, "datetime": {"datetime": "2021-03-26 13:09:01", "elapsed": 244.179876, "delta": 1.650245}}
{"target": -1.1566846820147898, "params": {"model__colsample_bylevel": 0.3, "model__colsample_bynode": 0.3, "model__colsample_bytree": 1.0, "model__learning_rate": 0.3, "model__max_depth": 2.0, "model__n_estimators": 25.34178898918588, "model__reg_lambda": 0.0}, "datetime": {"datetime": "2021-03-26 13:09:03", "elapsed": 246.283534, "delta": 2.103658}}
{"target": -1.1916767925601048, "params": {"model__colsample_bylevel": 1.0, "model__colsample_bynode": 0.3, "model__colsample_bytree": 1.0, "model__learning_rate": 0.3, "model__max_depth": 8.0, "model__n_estimators": 22.69350644113966, "model__reg_lambda": 0.0}, "datetime": {"datetime": "2021-03-26 13:09:06", "elapsed": 248.542724, "delta": 2.25919}}
{"target": -1.1781989631833563, "params": {"model__colsample_bylevel": 0.3, "model__colsample_bynode": 0.3, "model__colsample_bytree": 1.0, "model__learning_rate": 0.3, "model__max_depth": 8.0, "model__n_estimators": 19.88808208156538, "model__reg_lambda": 0.0}, "datetime": {"datetime": "2021-03-26 13:09:08", "elapsed": 250.42765, "delta": 1.884926}}
{"target": -1.119968690567876, "params": {"model__colsample_bylevel": 1.0, "model__colsample_bynode": 1.0, "model__colsample_bytree": 0.3, "model__learning_rate": 0.3, "model__max_depth": 3.8366550852764263, "model__n_estimators": 30.0, "model__reg_lambda": 0.0}, "datetime": {"datetime": "2021-03-26 13:09:10", "elapsed": 252.623536, "delta": 2.195886}}
{"target": -1.1863038135496766, "params": {"model__colsample_bylevel": 0.3, "model__colsample_bynode": 1.0, "model__colsample_bytree": 0.3, "model__learning_rate": 0.3, "model__max_depth": 3.838471992364134, "model__n_estimators": 21.452749407194464, "model__reg_lambda": 1.1401390141452663}, "datetime": {"datetime": "2021-03-26 13:09:12", "elapsed": 254.875868, "delta": 2.252332}}
{"target": -1.2841130711165243, "params": {"model__colsample_bylevel": 0.3, "model__colsample_bynode": 0.3, "model__colsample_bytree": 0.3, "model__learning_rate": 0.3, "model__max_depth": 3.9780514461934007, "model__n_estimators": 19.369593419258575, "model__reg_lambda": 0.0}, "datetime": {"datetime": "2021-03-26 13:09:14", "elapsed": 256.73395, "delta": 1.858082}}
{"target": -1.210180882902384, "params": {"model__colsample_bylevel": 1.0, "model__colsample_bynode": 0.3, "model__colsample_bytree": 1.0, "model__learning_rate": 0.3, "model__max_depth": 8.0, "model__n_estimators": 30.0, "model__reg_lambda": 6.047317023335798}, "datetime": {"datetime": "2021-03-26 13:09:16", "elapsed": 259.094191, "delta": 2.360241}}
{"target": -1.201576646970774, "params": {"model__colsample_bylevel": 0.3, "model__colsample_bynode": 0.3, "model__colsample_bytree": 1.0, "model__learning_rate": 0.3, "model__max_depth": 8.0, "model__n_estimators": 24.073412049821165, "model__reg_lambda": 1.1367969724879976}, "datetime": {"datetime": "2021-03-26 13:09:18", "elapsed": 260.961174, "delta": 1.866983}}
{"target": -1.1660437025386245, "params": {"model__colsample_bylevel": 0.3, "model__colsample_bynode": 1.0, "model__colsample_bytree": 0.3, "model__learning_rate": 0.3, "model__max_depth": 6.404393754805527, "model__n_estimators": 27.10990622162783, "model__reg_lambda": 1.3106741332786846}, "datetime": {"datetime": "2021-03-26 13:09:20", "elapsed": 262.934614, "delta": 1.97344}}
{"target": -1.169993077109541, "params": {"model__colsample_bylevel": 0.3, "model__colsample_bynode": 1.0, "model__colsample_bytree": 1.0, "model__learning_rate": 0.3, "model__max_depth": 8.0, "model__n_estimators": 30.0, "model__reg_lambda": 1.892951677829698}, "datetime": {"datetime": "2021-03-26 13:09:22", "elapsed": 264.956605, "delta": 2.021991}}
{"target": -1.2100144937189055, "params": {"model__colsample_bylevel": 1.0, "model__colsample_bynode": 0.3, "model__colsample_bytree": 1.0, "model__learning_rate": 0.3, "model__max_depth": 6.165664942406874, "model__n_estimators": 20.094895407821067, "model__reg_lambda": 2.746828865831776}, "datetime": {"datetime": "2021-03-26 13:09:24", "elapsed": 267.11772, "delta": 2.161115}}
{"target": -1.1455157563181433, "params": {"model__colsample_bylevel": 0.3218185034248345, "model__colsample_bynode": 1.0, "model__colsample_bytree": 0.3, "model__learning_rate": 0.3, "model__max_depth": 3.3513270386705964, "model__n_estimators": 21.532240123092055, "model__reg_lambda": 0.0}, "datetime": {"datetime": "2021-03-26 13:09:26", "elapsed": 268.85164, "delta": 1.73392}}
{"target": -1.344934349598876, "params": {"model__colsample_bylevel": 0.3, "model__colsample_bynode": 1.0, "model__colsample_bytree": 0.3, "model__learning_rate": 0.3, "model__max_depth": 2.0, "model__n_estimators": 24.297763728351175, "model__reg_lambda": 10.0}, "datetime": {"datetime": "2021-03-26 13:09:28", "elapsed": 270.783703, "delta": 1.932063}}
{"target": -1.2467974436131941, "params": {"model__colsample_bylevel": 1.0, "model__colsample_bynode": 0.3, "model__colsample_bytree": 1.0, "model__learning_rate": 0.3, "model__max_depth": 2.0, "model__n_estimators": 25.55679081156295, "model__reg_lambda": 6.1684438113482924}, "datetime": {"datetime": "2021-03-26 13:09:30", "elapsed": 272.852774, "delta": 2.069071}}
{"target": -1.2263418065667477, "params": {"model__colsample_bylevel": 1.0, "model__colsample_bynode": 1.0, "model__colsample_bytree": 0.3, "model__learning_rate": 0.3, "model__max_depth": 4.974670897845348, "model__n_estimators": 21.055612277212013, "model__reg_lambda": 3.0454113625617523}, "datetime": {"datetime": "2021-03-26 13:09:32", "elapsed": 275.055415, "delta": 2.202641}}
{"target": -1.1302153133169706, "params": {"model__colsample_bylevel": 1.0, "model__colsample_bynode": 0.3, "model__colsample_bytree": 0.30000000000000004, "model__learning_rate": 0.3, "model__max_depth": 3.124928369040455, "model__n_estimators": 22.720955029847207, "model__reg_lambda": 0.0}, "datetime": {"datetime": "2021-03-26 13:09:34", "elapsed": 276.752746, "delta": 1.697331}}
