{"target": -1.241886200517605, "params": {"model__colsample_bylevel": 0.3, "model__colsample_bynode": 1.0, "model__colsample_bytree": 1.0, "model__learning_rate": 0.3, "model__max_depth": 2.0, "model__n_estimators": 20.36036003982763, "model__reg_lambda": 0.0}, "datetime": {"datetime": "2021-03-26 13:05:47", "elapsed": 49.608911, "delta": 1.091072}}
{"target": -1.2035085024784549, "params": {"model__colsample_bylevel": 0.3, "model__colsample_bynode": 0.3, "model__colsample_bytree": 1.0, "model__learning_rate": 0.3, "model__max_depth": 8.0, "model__n_estimators": 20.133759922970007, "model__reg_lambda": 2.1832744731952465}, "datetime": {"datetime": "2021-03-26 13:05:48", "elapsed": 50.594425, "delta": 0.985514}}
{"target": -1.2290784160215136, "params": {"model__colsample_bylevel": 0.3, "model__colsample_bynode": 0.3, "model__colsample_bytree": 1.0, "model__learning_rate": 0.3, "model__max_depth": 8.0, "model__n_estimators": 15.0, "model__reg_lambda": 0.0}, "datetime": {"datetime": "2021-03-26 13:05:49", "elapsed": 51.497614, "delta": 0.903189}}
{"target": -1.2071568916484283, "params": {"model__colsample_bylevel": 1.0, "model__colsample_bynode": 1.0, "model__colsample_bytree": 0.3, "model__learning_rate": 0.3, "model__max_depth": 8.0, "model__n_estimators": 30.0, "model__reg_lambda": 7.516821592328077}, "datetime": {"datetime": "2021-03-26 13:05:50", "elapsed": 52.766237, "delta": 1.268623}}
{"target": -1.1627763243297629, "params": {"model__colsample_bylevel": 1.0, "model__colsample_bynode": 0.3, "model__colsample_bytree": 1.0, "model__learning_rate": 0.3, "model__max_depth": 3.0205562389760403, "model__n_estimators": 30.0, "model__reg_lambda": 2.9752381727429915}, "datetime": {"datetime": "2021-03-26 13:05:51", "elapsed": 53.949673, "delta": 1.183436}}
{"target": -1.1855645911984038, "params": {"model__colsample_bylevel": 1.0, "model__colsample_bynode": 0.3, "model__colsample_bytree": 1.0, "model__learning_rate": 0.3, "model__max_depth": 8.0, "model__n_estimators": 30.0, "model__reg_lambda": 0.0}, "datetime": {"datetime": "2021-03-26 13:05:53", "elapsed": 55.586334, "delta": 1.636661}}
{"target": -1.260594511721823, "params": {"model__colsample_bylevel": 1.0, "model__colsample_bynode": 1.0, "model__colsample_bytree": 1.0, "model__learning_rate": 0.3, "model__max_depth": 3.6840268206332065, "model__n_estimators": 30.0, "model__reg_lambda": 7.4509944919289355}, "datetime": {"datetime": "2021-03-26 13:05:55", "elapsed": 58.20334, "delta": 2.617006}}
{"target": -1.2046465518546925, "params": {"model__colsample_bylevel": 1.0, "model__colsample_bynode": 1.0, "model__colsample_bytree": 0.3, "model__learning_rate": 0.3, "model__max_depth": 8.0, "model__n_estimators": 30.0, "model__reg_lambda": 3.852040497526864}, "datetime": {"datetime": "2021-03-26 13:05:57", "elapsed": 59.933112, "delta": 1.729772}}
{"target": -1.2466316884140607, "params": {"model__colsample_bylevel": 1.0, "model__colsample_bynode": 1.0, "model__colsample_bytree": 0.3, "model__learning_rate": 0.3, "model__max_depth": 8.0, "model__n_estimators": 27.576768438840666, "model__reg_lambda": 10.0}, "datetime": {"datetime": "2021-03-26 13:05:59", "elapsed": 61.892314, "delta": 1.959202}}
{"target": -1.2639065067762967, "params": {"model__colsample_bylevel": 1.0, "model__colsample_bynode": 0.3, "model__colsample_bytree": 1.0, "model__learning_rate": 0.3, "model__max_depth": 4.49400380427281, "model__n_estimators": 15.0, "model__reg_lambda": 0.0}, "datetime": {"datetime": "2021-03-26 13:06:01", "elapsed": 63.606957, "delta": 1.714643}}
{"target": -1.1883393366794115, "params": {"model__colsample_bylevel": 1.0, "model__colsample_bynode": 0.3, "model__colsample_bytree": 0.3, "model__learning_rate": 0.3, "model__max_depth": 2.0, "model__n_estimators": 21.378764984315115, "model__reg_lambda": 0.0}, "datetime": {"datetime": "2021-03-26 13:06:02", "elapsed": 65.193434, "delta": 1.586477}}
{"target": -1.251961538348131, "params": {"model__colsample_bylevel": 0.3, "model__colsample_bynode": 0.3, "model__colsample_bytree": 1.0, "model__learning_rate": 0.3, "model__max_depth": 8.0, "model__n_estimators": 28.53433190430835, "model__reg_lambda": 8.867762180428125}, "datetime": {"datetime": "2021-03-26 13:06:04", "elapsed": 66.873578, "delta": 1.680144}}
{"target": -1.190122120140586, "params": {"model__colsample_bylevel": 1.0, "model__colsample_bynode": 0.3, "model__colsample_bytree": 1.0, "model__learning_rate": 0.3, "model__max_depth": 8.0, "model__n_estimators": 24.64970314717599, "model__reg_lambda": 0.0}, "datetime": {"datetime": "2021-03-26 13:06:06", "elapsed": 68.702565, "delta": 1.828987}}
{"target": -1.326195711982639, "params": {"model__colsample_bylevel": 1.0, "model__colsample_bynode": 1.0, "model__colsample_bytree": 1.0, "model__learning_rate": 0.3, "model__max_depth": 3.7537059366506393, "model__n_estimators": 19.57210730032068, "model__reg_lambda": 10.0}, "datetime": {"datetime": "2021-03-26 13:06:08", "elapsed": 70.795771, "delta": 2.093206}}
{"target": -1.167748375640561, "params": {"model__colsample_bylevel": 0.3, "model__colsample_bynode": 1.0, "model__colsample_bytree": 1.0, "model__learning_rate": 0.3, "model__max_depth": 4.473739488492454, "model__n_estimators": 29.399449549317325, "model__reg_lambda": 3.628984322261829}, "datetime": {"datetime": "2021-03-26 13:06:10", "elapsed": 73.015874, "delta": 2.220103}}
{"target": -1.2095482215366284, "params": {"model__colsample_bylevel": 1.0, "model__colsample_bynode": 1.0, "model__colsample_bytree": 0.3, "model__learning_rate": 0.3, "model__max_depth": 2.0, "model__n_estimators": 29.178804181805337, "model__reg_lambda": 2.926889368874993}, "datetime": {"datetime": "2021-03-26 13:06:12", "elapsed": 74.759413, "delta": 1.743539}}
{"target": -1.2329595705808098, "params": {"model__colsample_bylevel": 0.3, "model__colsample_bynode": 0.3, "model__colsample_bytree": 0.3, "model__learning_rate": 0.3, "model__max_depth": 4.610517122400811, "model__n_estimators": 25.810012159030364, "model__reg_lambda": 0.0}, "datetime": {"datetime": "2021-03-26 13:06:14", "elapsed": 76.554196, "delta": 1.794783}}
{"target": -1.181963343171072, "params": {"model__colsample_bylevel": 0.3, "model__colsample_bynode": 1.0, "model__colsample_bytree": 1.0, "model__learning_rate": 0.3, "model__max_depth": 4.89801405750367, "model__n_estimators": 30.0, "model__reg_lambda": 0.0}, "datetime": {"datetime": "2021-03-26 13:06:15", "elapsed": 78.172851, "delta": 1.618655}}
{"target": -1.1511695690129116, "params": {"model__colsample_bylevel": 0.3, "model__colsample_bynode": 1.0, "model__colsample_bytree": 0.3, "model__learning_rate": 0.3, "model__max_depth": 3.4451369277332926, "model__n_estimators": 20.409254972218942, "model__reg_lambda": 0.0}, "datetime": {"datetime": "2021-03-26 13:06:17", "elapsed": 79.644964, "delta": 1.472113}}
{"target": -1.3403893144801258, "params": {"model__colsample_bylevel": 1.0, "model__colsample_bynode": 1.0, "model__colsample_bytree": 1.0, "model__learning_rate": 0.3, "model__max_depth": 8.0, "model__n_estimators": 18.7506449063127, "model__reg_lambda": 10.0}, "datetime": {"datetime": "2021-03-26 13:06:19", "elapsed": 81.876944, "delta": 2.23198}}
{"target": -1.2747098460172612, "params": {"model__colsample_bylevel": 1.0, "model__colsample_bynode": 1.0, "model__colsample_bytree": 1.0, "model__learning_rate": 0.3, "model__max_depth": 8.0, "model__n_estimators": 30.0, "model__reg_lambda": 10.0}, "datetime": {"datetime": "2021-03-26 13:06:22", "elapsed": 84.555797, "delta": 2.678853}}
{"target": -1.1861999312861133, "params": {"model__colsample_bylevel": 0.3, "model__colsample_bynode": 1.0, "model__colsample_bytree": 1.0, "model__learning_rate": 0.3, "model__max_depth": 8.0, "model__n_estimators": 28.11215264817592, "model__reg_lambda": 0.0}, "datetime": {"datetime": "2021-03-26 13:06:23", "elapsed": 86.1753, "delta": 1.619503}}
{"target": -1.3960018075354719, "params": {"model__colsample_bylevel": 0.3, "model__colsample_bynode": 0.3, "model__colsample_bytree": 1.0, "model__learning_rate": 0.3, "model__max_depth": 5.357563973457995, "model__n_estimators": 15.0, "model__reg_lambda": 10.0}, "datetime": {"datetime": "2021-03-26 13:06:25", "elapsed": 87.676557, "delta": 1.501257}}
{"target": -1.2506872955993142, "params": {"model__colsample_bylevel": 0.3, "model__colsample_bynode": 0.3, "model__colsample_bytree": 0.3, "model__learning_rate": 0.3, "model__max_depth": 3.1779996194473377, "model__n_estimators": 30.0, "model__reg_lambda": 1.5556777027639466}, "datetime": {"datetime": "2021-03-26 13:06:27", "elapsed": 89.440897, "delta": 1.76434}}
{"target": -1.1701586258219745, "params": {"model__colsample_bylevel": 1.0, "model__colsample_bynode": 0.3, "model__colsample_bytree": 1.0, "model__learning_rate": 0.3, "model__max_depth": 3.58343268443174, "model__n_estimators": 28.318219431728732, "model__reg_lambda": 4.438486365902186}, "datetime": {"datetime": "2021-03-26 13:06:29", "elapsed": 91.40916, "delta": 1.968263}}
{"target": -1.2118777523795818, "params": {"model__colsample_bylevel": 0.3, "model__colsample_bynode": 1.0, "model__colsample_bytree": 0.3, "model__learning_rate": 0.3, "model__max_depth": 8.0, "model__n_estimators": 19.255094709214426, "model__reg_lambda": 0.0}, "datetime": {"datetime": "2021-03-26 13:06:30", "elapsed": 92.986831, "delta": 1.577671}}
{"target": -1.2524857909351155, "params": {"model__colsample_bylevel": 1.0, "model__colsample_bynode": 0.3, "model__colsample_bytree": 1.0, "model__learning_rate": 0.3, "model__max_depth": 8.0, "model__n_estimators": 17.790583126732262, "model__reg_lambda": 4.856292720204181}, "datetime": {"datetime": "2021-03-26 13:06:32", "elapsed": 94.865966, "delta": 1.879135}}
{"target": -1.2770203855050646, "params": {"model__colsample_bylevel": 1.0, "model__colsample_bynode": 0.3, "model__colsample_bytree": 1.0, "model__learning_rate": 0.3, "model__max_depth": 8.0, "model__n_estimators": 15.0, "model__reg_lambda": 1.8314432043034163}, "datetime": {"datetime": "2021-03-26 13:06:34", "elapsed": 96.9355, "delta": 2.069534}}
{"target": -1.1696658602817849, "params": {"model__colsample_bylevel": 1.0, "model__colsample_bynode": 0.3, "model__colsample_bytree": 1.0, "model__learning_rate": 0.3, "model__max_depth": 2.8915662391635446, "model__n_estimators": 30.0, "model__reg_lambda": 0.0}, "datetime": {"datetime": "2021-03-26 13:06:36", "elapsed": 98.594694, "delta": 1.659194}}
{"target": -1.1665092293395782, "params": {"model__colsample_bylevel": 1.0, "model__colsample_bynode": 1.0, "model__colsample_bytree": 0.3, "model__learning_rate": 0.3, "model__max_depth": 3.9517476074098417, "model__n_estimators": 30.0, "model__reg_lambda": 4.290082149526113}, "datetime": {"datetime": "2021-03-26 13:06:38", "elapsed": 100.629533, "delta": 2.034839}}
{"target": -1.2632973625729589, "params": {"model__colsample_bylevel": 0.3, "model__colsample_bynode": 0.3, "model__colsample_bytree": 1.0, "model__learning_rate": 0.3, "model__max_depth": 4.419745060892989, "model__n_estimators": 22.771842395499757, "model__reg_lambda": 6.816716847873607}, "datetime": {"datetime": "2021-03-26 13:06:40", "elapsed": 102.770466, "delta": 2.140933}}
{"target": -1.2618049173197452, "params": {"model__colsample_bylevel": 1.0, "model__colsample_bynode": 1.0, "model__colsample_bytree": 0.3, "model__learning_rate": 0.3, "model__max_depth": 3.6935608127480815, "model__n_estimators": 23.46525336259956, "model__reg_lambda": 10.0}, "datetime": {"datetime": "2021-03-26 13:06:42", "elapsed": 104.532146, "delta": 1.76168}}
{"target": -1.245508781555986, "params": {"model__colsample_bylevel": 1.0, "model__colsample_bynode": 1.0, "model__colsample_bytree": 0.3, "model__learning_rate": 0.3, "model__max_depth": 4.581832588453641, "model__n_estimators": 28.033858125977662, "model__reg_lambda": 10.0}, "datetime": {"datetime": "2021-03-26 13:06:43", "elapsed": 106.090836, "delta": 1.55869}}
{"target": -1.3600128660363187, "params": {"model__colsample_bylevel": 0.3, "model__colsample_bynode": 0.3, "model__colsample_bytree": 0.3, "model__learning_rate": 0.3, "model__max_depth": 3.7066598892320877, "model__n_estimators": 15.0, "model__reg_lambda": 0.0}, "datetime": {"datetime": "2021-03-26 13:06:45", "elapsed": 107.674109, "delta": 1.583273}}
{"target": -1.2122988217537276, "params": {"model__colsample_bylevel": 0.3, "model__colsample_bynode": 0.3, "model__colsample_bytree": 1.0, "model__learning_rate": 0.3, "model__max_depth": 8.0, "model__n_estimators": 24.347577232960685, "model__reg_lambda": 3.1541699717984617}, "datetime": {"datetime": "2021-03-26 13:06:46", "elapsed": 109.148304, "delta": 1.474195}}
{"target": -1.3019885871670733, "params": {"model__colsample_bylevel": 0.3, "model__colsample_bynode": 0.3, "model__colsample_bytree": 0.3, "model__learning_rate": 0.3, "model__max_depth": 8.0, "model__n_estimators": 26.078613642620677, "model__reg_lambda": 0.0}, "datetime": {"datetime": "2021-03-26 13:06:48", "elapsed": 110.86689, "delta": 1.718586}}
{"target": -1.2045652346179376, "params": {"model__colsample_bylevel": 1.0, "model__colsample_bynode": 0.3, "model__colsample_bytree": 1.0, "model__learning_rate": 0.3, "model__max_depth": 3.9140836737503277, "model__n_estimators": 21.040142066643437, "model__reg_lambda": 1.8121812358654492}, "datetime": {"datetime": "2021-03-26 13:06:50", "elapsed": 113.17938, "delta": 2.31249}}
{"target": -1.203064276518273, "params": {"model__colsample_bylevel": 1.0, "model__colsample_bynode": 0.3, "model__colsample_bytree": 0.3, "model__learning_rate": 0.3, "model__max_depth": 8.0, "model__n_estimators": 21.205886375935126, "model__reg_lambda": 0.0}, "datetime": {"datetime": "2021-03-26 13:06:52", "elapsed": 114.707425, "delta": 1.528045}}
{"target": -1.2466228751411688, "params": {"model__colsample_bylevel": 0.3, "model__colsample_bynode": 1.0, "model__colsample_bytree": 1.0, "model__learning_rate": 0.3, "model__max_depth": 8.0, "model__n_estimators": 18.72848631893322, "model__reg_lambda": 5.329957833649328}, "datetime": {"datetime": "2021-03-26 13:06:54", "elapsed": 116.564001, "delta": 1.856576}}
{"target": -1.2470733833215808, "params": {"model__colsample_bylevel": 1.0, "model__colsample_bynode": 0.3, "model__colsample_bytree": 0.3, "model__learning_rate": 0.3, "model__max_depth": 6.640331774051461, "model__n_estimators": 30.0, "model__reg_lambda": 10.0}, "datetime": {"datetime": "2021-03-26 13:06:55", "elapsed": 118.197173, "delta": 1.633172}}
{"target": -1.3132146853595916, "params": {"model__colsample_bylevel": 1.0, "model__colsample_bynode": 1.0, "model__colsample_bytree": 1.0, "model__learning_rate": 0.3, "model__max_depth": 4.850064881370586, "model__n_estimators": 28.251003073894235, "model__reg_lambda": 0.0}, "datetime": {"datetime": "2021-03-26 13:06:58", "elapsed": 120.620534, "delta": 2.423361}}
{"target": -1.2478582704601726, "params": {"model__colsample_bylevel": 0.3, "model__colsample_bynode": 1.0, "model__colsample_bytree": 0.3, "model__learning_rate": 0.3, "model__max_depth": 8.0, "model__n_estimators": 27.82325681182145, "model__reg_lambda": 7.437351813742802}, "datetime": {"datetime": "2021-03-26 13:07:00", "elapsed": 122.354745, "delta": 1.734211}}
{"target": -1.144588189240734, "params": {"model__colsample_bylevel": 1.0, "model__colsample_bynode": 0.3, "model__colsample_bytree": 0.3, "model__learning_rate": 0.3, "model__max_depth": 2.0, "model__n_estimators": 25.918746403961613, "model__reg_lambda": 0.0}, "datetime": {"datetime": "2021-03-26 13:07:01", "elapsed": 123.891612, "delta": 1.536867}}
{"target": -1.2984327596085874, "params": {"model__colsample_bylevel": 1.0, "model__colsample_bynode": 1.0, "model__colsample_bytree": 1.0, "model__learning_rate": 0.3, "model__max_depth": 5.429576156482122, "model__n_estimators": 19.348917168222908, "model__reg_lambda": 5.516658872039263}, "datetime": {"datetime": "2021-03-26 13:07:04", "elapsed": 126.481382, "delta": 2.58977}}
{"target": -1.1218191709050545, "params": {"model__colsample_bylevel": 1.0, "model__colsample_bynode": 1.0, "model__colsample_bytree": 0.3, "model__learning_rate": 0.3, "model__max_depth": 4.343654785151202, "model__n_estimators": 24.12681599854974, "model__reg_lambda": 0.0}, "datetime": {"datetime": "2021-03-26 13:07:06", "elapsed": 128.382667, "delta": 1.901285}}
{"target": -1.1992910588160157, "params": {"model__colsample_bylevel": 0.3, "model__colsample_bynode": 1.0, "model__colsample_bytree": 1.0, "model__learning_rate": 0.3, "model__max_depth": 5.363294407489153, "model__n_estimators": 23.418732265301742, "model__reg_lambda": 2.659392969397544}, "datetime": {"datetime": "2021-03-26 13:07:07", "elapsed": 130.195032, "delta": 1.812365}}
{"target": -1.1691957270740059, "params": {"model__colsample_bylevel": 1.0, "model__colsample_bynode": 0.3, "model__colsample_bytree": 0.3, "model__learning_rate": 0.3, "model__max_depth": 4.125626019087818, "model__n_estimators": 28.762679579055952, "model__reg_lambda": 3.0796875291116974}, "datetime": {"datetime": "2021-03-26 13:07:10", "elapsed": 132.404588, "delta": 2.209556}}
{"target": -1.2533905851006832, "params": {"model__colsample_bylevel": 0.3, "model__colsample_bynode": 0.3, "model__colsample_bytree": 1.0, "model__learning_rate": 0.3, "model__max_depth": 6.533289941393659, "model__n_estimators": 16.9511088259768, "model__reg_lambda": 0.0}, "datetime": {"datetime": "2021-03-26 13:07:11", "elapsed": 133.929448, "delta": 1.52486}}
{"target": -1.1298698314104527, "params": {"model__colsample_bylevel": 1.0, "model__colsample_bynode": 0.3, "model__colsample_bytree": 0.3, "model__learning_rate": 0.3, "model__max_depth": 3.1875485665108636, "model__n_estimators": 24.561769198247635, "model__reg_lambda": 0.0}, "datetime": {"datetime": "2021-03-26 13:07:13", "elapsed": 135.684548, "delta": 1.7551}}
{"target": -1.237728383667443, "params": {"model__colsample_bylevel": 1.0, "model__colsample_bynode": 1.0, "model__colsample_bytree": 1.0, "model__learning_rate": 0.3, "model__max_depth": 2.0, "model__n_estimators": 30.0, "model__reg_lambda": 4.45882178488388}, "datetime": {"datetime": "2021-03-26 13:07:16", "elapsed": 138.530858, "delta": 2.84631}}
{"target": -1.2536012007686161, "params": {"model__colsample_bylevel": 1.0, "model__colsample_bynode": 1.0, "model__colsample_bytree": 1.0, "model__learning_rate": 0.3, "model__max_depth": 5.888886723526623, "model__n_estimators": 30.0, "model__reg_lambda": 4.688201544583435}, "datetime": {"datetime": "2021-03-26 13:07:18", "elapsed": 141.114033, "delta": 2.583175}}
{"target": -1.2968440560758976, "params": {"model__colsample_bylevel": 1.0, "model__colsample_bynode": 1.0, "model__colsample_bytree": 0.3, "model__learning_rate": 0.3, "model__max_depth": 4.775091009079344, "model__n_estimators": 21.0301984173625, "model__reg_lambda": 10.0}, "datetime": {"datetime": "2021-03-26 13:07:20", "elapsed": 142.920638, "delta": 1.806605}}
{"target": -1.3841266756985282, "params": {"model__colsample_bylevel": 1.0, "model__colsample_bynode": 1.0, "model__colsample_bytree": 1.0, "model__learning_rate": 0.3, "model__max_depth": 8.0, "model__n_estimators": 15.0, "model__reg_lambda": 0.0}, "datetime": {"datetime": "2021-03-26 13:07:22", "elapsed": 145.161632, "delta": 2.240994}}
{"target": -1.2194721675221472, "params": {"model__colsample_bylevel": 0.3, "model__colsample_bynode": 1.0, "model__colsample_bytree": 1.0, "model__learning_rate": 0.3, "model__max_depth": 6.277754299597874, "model__n_estimators": 22.730460451397786, "model__reg_lambda": 6.089389512580454}, "datetime": {"datetime": "2021-03-26 13:07:24", "elapsed": 147.138173, "delta": 1.976541}}
{"target": -1.1792280007914666, "params": {"model__colsample_bylevel": 1.0, "model__colsample_bynode": 1.0, "model__colsample_bytree": 0.3, "model__learning_rate": 0.3, "model__max_depth": 8.0, "model__n_estimators": 24.07873028687723, "model__reg_lambda": 0.0}, "datetime": {"datetime": "2021-03-26 13:07:26", "elapsed": 149.142028, "delta": 2.003855}}
{"target": -1.2886551317961321, "params": {"model__colsample_bylevel": 0.3, "model__colsample_bynode": 0.3, "model__colsample_bytree": 1.0, "model__learning_rate": 0.3, "model__max_depth": 8.0, "model__n_estimators": 16.076935395905327, "model__reg_lambda": 3.1475460855305366}, "datetime": {"datetime": "2021-03-26 13:07:28", "elapsed": 151.147778, "delta": 2.00575}}
{"target": -1.1931574041260056, "params": {"model__colsample_bylevel": 0.3, "model__colsample_bynode": 1.0, "model__colsample_bytree": 1.0, "model__learning_rate": 0.3, "model__max_depth": 4.839443858456421, "model__n_estimators": 27.693828958529345, "model__reg_lambda": 4.929542439497222}, "datetime": {"datetime": "2021-03-26 13:07:30", "elapsed": 153.198796, "delta": 2.051018}}
{"target": -1.310733633223867, "params": {"model__colsample_bylevel": 0.3, "model__colsample_bynode": 0.3, "model__colsample_bytree": 1.0, "model__learning_rate": 0.3, "model__max_depth": 4.036245165539067, "model__n_estimators": 15.0, "model__reg_lambda": 5.021196605196809}, "datetime": {"datetime": "2021-03-26 13:07:32", "elapsed": 154.831361, "delta": 1.632565}}
{"target": -1.2097289919509027, "params": {"model__colsample_bylevel": 1.0, "model__colsample_bynode": 1.0, "model__colsample_bytree": 0.3, "model__learning_rate": 0.3, "model__max_depth": 8.0, "model__n_estimators": 27.170317224073504, "model__reg_lambda": 3.0760383586431583}, "datetime": {"datetime": "2021-03-26 13:07:34", "elapsed": 156.928837, "delta": 2.097476}}
{"target": -1.1964004642843011, "params": {"model__colsample_bylevel": 1.0, "model__colsample_bynode": 0.3, "model__colsample_bytree": 0.3, "model__learning_rate": 0.3, "model__max_depth": 4.88248590349643, "model__n_estimators": 22.548975158407085, "model__reg_lambda": 2.560607019333547}, "datetime": {"datetime": "2021-03-26 13:07:36", "elapsed": 158.700942, "delta": 1.772105}}
