{"target": -1.1643475094823628, "params": {"model__colsample_bylevel": 1.0, "model__colsample_bynode": 0.3, "model__colsample_bytree": 1.0, "model__learning_rate": 0.3, "model__max_depth": 2.0, "model__n_estimators": 28.81986075083951, "model__reg_lambda": 0.505849256677228}, "datetime": {"datetime": "2021-03-26 13:09:36", "elapsed": 279.07499, "delta": 2.322244}}
{"target": -1.1776821096609953, "params": {"model__colsample_bylevel": 0.3, "model__colsample_bynode": 1.0, "model__colsample_bytree": 1.0, "model__learning_rate": 0.3, "model__max_depth": 3.468219723864427, "model__n_estimators": 25.262958186274652, "model__reg_lambda": 0.0}, "datetime": {"datetime": "2021-03-26 13:09:38", "elapsed": 281.001725, "delta": 1.926735}}
{"target": -1.1123813507187625, "params": {"model__colsample_bylevel": 1.0, "model__colsample_bynode": 1.0, "model__colsample_bytree": 0.3, "model__learning_rate": 0.3, "model__max_depth": 2.889362126194907, "model__n_estimators": 25.288224310225893, "model__reg_lambda": 0.0}, "datetime": {"datetime": "2021-03-26 13:09:41", "elapsed": 283.38933, "delta": 2.387605}}
{"target": -1.0992674332695835, "params": {"model__colsample_bylevel": 0.3, "model__colsample_bynode": 0.3, "model__colsample_bytree": 1.0, "model__learning_rate": 0.3, "model__max_depth": 3.818122170775445, "model__n_estimators": 29.269165634661626, "model__reg_lambda": 0.0}, "datetime": {"datetime": "2021-03-26 13:09:42", "elapsed": 284.939671, "delta": 1.550341}}
{"target": -1.1744637243878233, "params": {"model__colsample_bylevel": 1.0, "model__colsample_bynode": 0.3, "model__colsample_bytree": 1.0, "model__learning_rate": 0.3, "model__max_depth": 2.8822749647370127, "model__n_estimators": 19.780155370370395, "model__reg_lambda": 0.0}, "datetime": {"datetime": "2021-03-26 13:09:44", "elapsed": 287.314145, "delta": 2.374474}}
{"target": -1.2470009213920845, "params": {"model__colsample_bylevel": 1.0, "model__colsample_bynode": 0.3, "model__colsample_bytree": 0.3, "model__learning_rate": 0.3, "model__max_depth": 2.9896480128227405, "model__n_estimators": 23.158924085156563, "model__reg_lambda": 5.964870984800269}, "datetime": {"datetime": "2021-03-26 13:09:46", "elapsed": 288.795674, "delta": 1.481529}}
{"target": -1.2244858609013045, "params": {"model__colsample_bylevel": 1.0, "model__colsample_bynode": 0.3, "model__colsample_bytree": 0.3, "model__learning_rate": 0.3, "model__max_depth": 2.0, "model__n_estimators": 27.831904687751425, "model__reg_lambda": 4.344013953402038}, "datetime": {"datetime": "2021-03-26 13:09:48", "elapsed": 290.503227, "delta": 1.707553}}
{"target": -1.2781631536525335, "params": {"model__colsample_bylevel": 0.3, "model__colsample_bynode": 0.3, "model__colsample_bytree": 1.0, "model__learning_rate": 0.3, "model__max_depth": 5.734282242680463, "model__n_estimators": 15.0, "model__reg_lambda": 1.1261976835332417}, "datetime": {"datetime": "2021-03-26 13:09:50", "elapsed": 292.5593, "delta": 2.056073}}
{"target": -1.2013409885955784, "params": {"model__colsample_bylevel": 0.3, "model__colsample_bynode": 1.0, "model__colsample_bytree": 1.0, "model__learning_rate": 0.3, "model__max_depth": 8.0, "model__n_estimators": 25.652206371339705, "model__reg_lambda": 5.23389683778172}, "datetime": {"datetime": "2021-03-26 13:09:52", "elapsed": 294.964841, "delta": 2.405541}}
{"target": -1.6334487669817779, "params": {"model__colsample_bylevel": 0.3, "model__colsample_bynode": 0.3, "model__colsample_bytree": 0.3, "model__learning_rate": 0.3, "model__max_depth": 2.0, "model__n_estimators": 15.0, "model__reg_lambda": 6.699230402460036}, "datetime": {"datetime": "2021-03-26 13:09:54", "elapsed": 296.820541, "delta": 1.8557}}
{"target": -1.2224590108500446, "params": {"model__colsample_bylevel": 0.3, "model__colsample_bynode": 1.0, "model__colsample_bytree": 1.0, "model__learning_rate": 0.3, "model__max_depth": 6.49958702095834, "model__n_estimators": 25.424790506780113, "model__reg_lambda": 6.351654399741064}, "datetime": {"datetime": "2021-03-26 13:09:56", "elapsed": 299.192337, "delta": 2.371796}}
{"target": -1.1072494008402893, "params": {"model__colsample_bylevel": 0.3, "model__colsample_bynode": 1.0, "model__colsample_bytree": 0.3, "model__learning_rate": 0.3, "model__max_depth": 3.7385608242511976, "model__n_estimators": 28.900717858454353, "model__reg_lambda": 0.0}, "datetime": {"datetime": "2021-03-26 13:09:58", "elapsed": 301.045781, "delta": 1.853444}}
{"target": -1.1924607469018658, "params": {"model__colsample_bylevel": 0.3, "model__colsample_bynode": 1.0, "model__colsample_bytree": 1.0, "model__learning_rate": 0.3, "model__max_depth": 6.338375981027571, "model__n_estimators": 21.206807605466825, "model__reg_lambda": 2.568789144219721}, "datetime": {"datetime": "2021-03-26 13:10:01", "elapsed": 303.344601, "delta": 2.29882}}
{"target": -1.1278336134718976, "params": {"model__colsample_bylevel": 1.0, "model__colsample_bynode": 1.0, "model__colsample_bytree": 0.3, "model__learning_rate": 0.3, "model__max_depth": 3.0615974643998762, "model__n_estimators": 20.31276227553444, "model__reg_lambda": 0.0}, "datetime": {"datetime": "2021-03-26 13:10:02", "elapsed": 305.236469, "delta": 1.891868}}
{"target": -1.192171273627521, "params": {"model__colsample_bylevel": 0.3, "model__colsample_bynode": 1.0, "model__colsample_bytree": 0.3, "model__learning_rate": 0.3, "model__max_depth": 4.650893950447214, "model__n_estimators": 28.11519612026635, "model__reg_lambda": 3.228073694318721}, "datetime": {"datetime": "2021-03-26 13:10:05", "elapsed": 307.39845, "delta": 2.161981}}
{"target": -1.302694306174374, "params": {"model__colsample_bylevel": 0.3, "model__colsample_bynode": 0.3, "model__colsample_bytree": 1.0, "model__learning_rate": 0.3, "model__max_depth": 4.256641920313283, "model__n_estimators": 20.046817660337126, "model__reg_lambda": 10.0}, "datetime": {"datetime": "2021-03-26 13:10:07", "elapsed": 309.74146, "delta": 2.34301}}
{"target": -1.1927252947562037, "params": {"model__colsample_bylevel": 1.0, "model__colsample_bynode": 0.3, "model__colsample_bytree": 1.0, "model__learning_rate": 0.3, "model__max_depth": 6.1235139301058705, "model__n_estimators": 25.622880807461215, "model__reg_lambda": 5.373267848199581}, "datetime": {"datetime": "2021-03-26 13:10:09", "elapsed": 312.088256, "delta": 2.346796}}
{"target": -1.2291136603815938, "params": {"model__colsample_bylevel": 0.3, "model__colsample_bynode": 1.0, "model__colsample_bytree": 1.0, "model__learning_rate": 0.3, "model__max_depth": 4.627391501782957, "model__n_estimators": 15.0, "model__reg_lambda": 0.0}, "datetime": {"datetime": "2021-03-26 13:10:11", "elapsed": 314.283553, "delta": 2.195297}}
{"target": -1.1872782690437051, "params": {"model__colsample_bylevel": 0.3, "model__colsample_bynode": 0.3, "model__colsample_bytree": 1.0, "model__learning_rate": 0.3, "model__max_depth": 6.130707371011074, "model__n_estimators": 24.918858683320213, "model__reg_lambda": 2.4553992204243698}, "datetime": {"datetime": "2021-03-26 13:10:13", "elapsed": 316.178848, "delta": 1.895295}}
{"target": -1.1998320970792271, "params": {"model__colsample_bylevel": 1.0, "model__colsample_bynode": 1.0, "model__colsample_bytree": 0.3, "model__learning_rate": 0.3, "model__max_depth": 8.0, "model__n_estimators": 28.860439900750574, "model__reg_lambda": 5.6139354044169245}, "datetime": {"datetime": "2021-03-26 13:10:16", "elapsed": 318.553727, "delta": 2.374879}}
{"target": -1.15580216798243, "params": {"model__colsample_bylevel": 0.3, "model__colsample_bynode": 1.0, "model__colsample_bytree": 0.3, "model__learning_rate": 0.3, "model__max_depth": 4.91988234826666, "model__n_estimators": 25.09797569869027, "model__reg_lambda": 1.1042895566853035e-09}, "datetime": {"datetime": "2021-03-26 13:10:18", "elapsed": 320.377546, "delta": 1.823819}}
{"target": -1.186239911937762, "params": {"model__colsample_bylevel": 0.3, "model__colsample_bynode": 0.3, "model__colsample_bytree": 1.0, "model__learning_rate": 0.3, "model__max_depth": 5.012005669177924, "model__n_estimators": 21.707685131569402, "model__reg_lambda": 1.9241804646157896}, "datetime": {"datetime": "2021-03-26 13:10:20", "elapsed": 322.469298, "delta": 2.091752}}
{"target": -1.1288132720242214, "params": {"model__colsample_bylevel": 0.3, "model__colsample_bynode": 0.3, "model__colsample_bytree": 1.0, "model__learning_rate": 0.3, "model__max_depth": 4.068048857647657, "model__n_estimators": 29.301399286662264, "model__reg_lambda": 0.9344271208308155}, "datetime": {"datetime": "2021-03-26 13:10:22", "elapsed": 324.356787, "delta": 1.887489}}
{"target": -1.3457136640743612, "params": {"model__colsample_bylevel": 0.3, "model__colsample_bynode": 0.3, "model__colsample_bytree": 0.3, "model__learning_rate": 0.3, "model__max_depth": 8.0, "model__n_estimators": 17.619551661653112, "model__reg_lambda": 0.0}, "datetime": {"datetime": "2021-03-26 13:10:24", "elapsed": 326.380465, "delta": 2.023678}}
{"target": -1.2322108577437485, "params": {"model__colsample_bylevel": 0.3, "model__colsample_bynode": 1.0, "model__colsample_bytree": 1.0, "model__learning_rate": 0.3, "model__max_depth": 8.0, "model__n_estimators": 19.37479476754089, "model__reg_lambda": 1.2302381279365342}, "datetime": {"datetime": "2021-03-26 13:10:26", "elapsed": 328.950265, "delta": 2.5698}}
{"target": -1.1122619160687202, "params": {"model__colsample_bylevel": 1.0, "model__colsample_bynode": 0.3, "model__colsample_bytree": 0.3, "model__learning_rate": 0.3, "model__max_depth": 2.0, "model__n_estimators": 30.0, "model__reg_lambda": 0.0}, "datetime": {"datetime": "2021-03-26 13:10:28", "elapsed": 330.630183, "delta": 1.679918}}
{"target": -1.173080603559704, "params": {"model__colsample_bylevel": 1.0, "model__colsample_bynode": 1.0, "model__colsample_bytree": 0.3, "model__learning_rate": 0.3, "model__max_depth": 3.8105711118173584, "model__n_estimators": 28.806301301316786, "model__reg_lambda": 4.842909516434913}, "datetime": {"datetime": "2021-03-26 13:10:30", "elapsed": 332.714413, "delta": 2.08423}}
{"target": -1.2437889583084893, "params": {"model__colsample_bylevel": 0.3, "model__colsample_bynode": 0.3, "model__colsample_bytree": 1.0, "model__learning_rate": 0.3, "model__max_depth": 8.0, "model__n_estimators": 19.843450792611563, "model__reg_lambda": 4.203758093333768}, "datetime": {"datetime": "2021-03-26 13:10:32", "elapsed": 334.699363, "delta": 1.98495}}
{"target": -1.2619888990658565, "params": {"model__colsample_bylevel": 0.3, "model__colsample_bynode": 1.0, "model__colsample_bytree": 1.0, "model__learning_rate": 0.3, "model__max_depth": 8.0, "model__n_estimators": 15.0, "model__reg_lambda": 1.5725877847913086}, "datetime": {"datetime": "2021-03-26 13:10:34", "elapsed": 336.792724, "delta": 2.093361}}
{"target": -1.2387453999815752, "params": {"model__colsample_bylevel": 0.3, "model__colsample_bynode": 1.0, "model__colsample_bytree": 1.0, "model__learning_rate": 0.3, "model__max_depth": 8.0, "model__n_estimators": 26.663853326255982, "model__reg_lambda": 10.0}, "datetime": {"datetime": "2021-03-26 13:10:36", "elapsed": 338.850272, "delta": 2.057548}}
{"target": -1.2702386186539154, "params": {"model__colsample_bylevel": 1.0, "model__colsample_bynode": 0.3, "model__colsample_bytree": 1.0, "model__learning_rate": 0.3, "model__max_depth": 4.970603848467479, "model__n_estimators": 16.648462226227114, "model__reg_lambda": 6.07876263847796}, "datetime": {"datetime": "2021-03-26 13:10:38", "elapsed": 341.117925, "delta": 2.267653}}
{"target": -1.1486517041574058, "params": {"model__colsample_bylevel": 1.0, "model__colsample_bynode": 0.3, "model__colsample_bytree": 0.3, "model__learning_rate": 0.3, "model__max_depth": 2.8772026309311225, "model__n_estimators": 20.69196170434489, "model__reg_lambda": 0.0}, "datetime": {"datetime": "2021-03-26 13:10:41", "elapsed": 343.61251, "delta": 2.494585}}
{"target": -1.1632395468156216, "params": {"model__colsample_bylevel": 1.0, "model__colsample_bynode": 1.0, "model__colsample_bytree": 0.3, "model__learning_rate": 0.3, "model__max_depth": 5.198487215358276, "model__n_estimators": 26.127609924581076, "model__reg_lambda": 1.0299663264470926e-10}, "datetime": {"datetime": "2021-03-26 13:10:43", "elapsed": 345.981067, "delta": 2.368557}}
{"target": -1.201628658225409, "params": {"model__colsample_bylevel": 0.3, "model__colsample_bynode": 1.0, "model__colsample_bytree": 1.0, "model__learning_rate": 0.3, "model__max_depth": 6.836847479219678, "model__n_estimators": 27.705424112022754, "model__reg_lambda": 4.185145844246516}, "datetime": {"datetime": "2021-03-26 13:10:45", "elapsed": 348.234961, "delta": 2.253894}}
{"target": -1.2048709633274248, "params": {"model__colsample_bylevel": 0.3, "model__colsample_bynode": 1.0, "model__colsample_bytree": 0.3, "model__learning_rate": 0.3, "model__max_depth": 7.049475097733394, "model__n_estimators": 28.17517806120781, "model__reg_lambda": 0.0}, "datetime": {"datetime": "2021-03-26 13:10:47", "elapsed": 350.216768, "delta": 1.981807}}
{"target": -1.219291189476254, "params": {"model__colsample_bylevel": 1.0, "model__colsample_bynode": 1.0, "model__colsample_bytree": 0.3, "model__learning_rate": 0.3, "model__max_depth": 8.0, "model__n_estimators": 24.495978742185496, "model__reg_lambda": 4.208563244096031}, "datetime": {"datetime": "2021-03-26 13:10:50", "elapsed": 352.824672, "delta": 2.607904}}
{"target": -1.2112642335185808, "params": {"model__colsample_bylevel": 1.0, "model__colsample_bynode": 1.0, "model__colsample_bytree": 0.7333562969542985, "model__learning_rate": 0.3, "model__max_depth": 3.5027681115060996, "model__n_estimators": 21.087045856663114, "model__reg_lambda": 0.0}, "datetime": {"datetime": "2021-03-26 13:10:52", "elapsed": 355.248858, "delta": 2.424186}}
{"target": -1.2017143336819835, "params": {"model__colsample_bylevel": 1.0, "model__colsample_bynode": 0.3, "model__colsample_bytree": 1.0, "model__learning_rate": 0.3, "model__max_depth": 8.0, "model__n_estimators": 21.706735836799847, "model__reg_lambda": 2.889264035311951}, "datetime": {"datetime": "2021-03-26 13:10:54", "elapsed": 357.329551, "delta": 2.080693}}
{"target": -1.210532603704411, "params": {"model__colsample_bylevel": 0.3, "model__colsample_bynode": 1.0, "model__colsample_bytree": 1.0, "model__learning_rate": 0.3, "model__max_depth": 8.0, "model__n_estimators": 22.704251483258126, "model__reg_lambda": 3.809762313200018}, "datetime": {"datetime": "2021-03-26 13:10:57", "elapsed": 359.530304, "delta": 2.200753}}
{"target": -1.1870808155633563, "params": {"model__colsample_bylevel": 1.0, "model__colsample_bynode": 0.3, "model__colsample_bytree": 1.0, "model__learning_rate": 0.3, "model__max_depth": 3.8024422602706873, "model__n_estimators": 30.0, "model__reg_lambda": 4.598595768991683}, "datetime": {"datetime": "2021-03-26 13:10:59", "elapsed": 362.034856, "delta": 2.504552}}
{"target": -1.1771156661300177, "params": {"model__colsample_bylevel": 0.49914951407697694, "model__colsample_bynode": 1.0, "model__colsample_bytree": 0.3, "model__learning_rate": 0.3, "model__max_depth": 5.228171417815666, "model__n_estimators": 24.361499556295673, "model__reg_lambda": 1.5690171946419273}, "datetime": {"datetime": "2021-03-26 13:11:01", "elapsed": 364.07413, "delta": 2.039274}}
{"target": -1.2332441212420446, "params": {"model__colsample_bylevel": 1.0, "model__colsample_bynode": 1.0, "model__colsample_bytree": 0.3, "model__learning_rate": 0.3, "model__max_depth": 2.493956682102776, "model__n_estimators": 19.529517649515096, "model__reg_lambda": 1.0414488877110333}, "datetime": {"datetime": "2021-03-26 13:11:04", "elapsed": 366.516447, "delta": 2.442317}}
{"target": -1.2117824930414234, "params": {"model__colsample_bylevel": 0.3, "model__colsample_bynode": 1.0, "model__colsample_bytree": 1.0, "model__learning_rate": 0.3, "model__max_depth": 8.0, "model__n_estimators": 29.277510831458976, "model__reg_lambda": 7.536748085537292}, "datetime": {"datetime": "2021-03-26 13:11:06", "elapsed": 368.572677, "delta": 2.05623}}
{"target": -1.2925804752863241, "params": {"model__colsample_bylevel": 1.0, "model__colsample_bynode": 1.0, "model__colsample_bytree": 1.0, "model__learning_rate": 0.3, "model__max_depth": 2.927191500589225, "model__n_estimators": 17.769750562932483, "model__reg_lambda": 0.0}, "datetime": {"datetime": "2021-03-26 13:11:09", "elapsed": 371.396928, "delta": 2.824251}}
{"target": -1.1510348781302193, "params": {"model__colsample_bylevel": 0.3, "model__colsample_bynode": 0.3, "model__colsample_bytree": 1.0, "model__learning_rate": 0.3, "model__max_depth": 3.629044270560796, "model__n_estimators": 25.768840297373156, "model__reg_lambda": 1.6211793610268042}, "datetime": {"datetime": "2021-03-26 13:11:11", "elapsed": 373.541025, "delta": 2.144097}}
{"target": -1.1746037894293018, "params": {"model__colsample_bylevel": 0.3, "model__colsample_bynode": 0.7914751590888491, "model__colsample_bytree": 1.0, "model__learning_rate": 0.3, "model__max_depth": 4.362419803569994, "model__n_estimators": 25.7787826022455, "model__reg_lambda": 2.1460602918984866}, "datetime": {"datetime": "2021-03-26 13:11:13", "elapsed": 375.818743, "delta": 2.277718}}
{"target": -1.3374108285548678, "params": {"model__colsample_bylevel": 1.0, "model__colsample_bynode": 1.0, "model__colsample_bytree": 1.0, "model__learning_rate": 0.3, "model__max_depth": 8.0, "model__n_estimators": 15.0, "model__reg_lambda": 4.642572253378329}, "datetime": {"datetime": "2021-03-26 13:11:16", "elapsed": 378.716782, "delta": 2.898039}}
{"target": -1.1968004148278009, "params": {"model__colsample_bylevel": 1.0, "model__colsample_bynode": 1.0, "model__colsample_bytree": 0.3, "model__learning_rate": 0.3, "model__max_depth": 6.209035790335669, "model__n_estimators": 30.0, "model__reg_lambda": 6.885995536518827}, "datetime": {"datetime": "2021-03-26 13:11:18", "elapsed": 381.336151, "delta": 2.619369}}
{"target": -1.1940120196881017, "params": {"model__colsample_bylevel": 0.3, "model__colsample_bynode": 0.3, "model__colsample_bytree": 1.0, "model__learning_rate": 0.3, "model__max_depth": 4.87020362902018, "model__n_estimators": 15.925944309894554, "model__reg_lambda": 0.0}, "datetime": {"datetime": "2021-03-26 13:11:21", "elapsed": 383.394894, "delta": 2.058743}}
{"target": -1.1488594497230067, "params": {"model__colsample_bylevel": 0.5142534989295034, "model__colsample_bynode": 0.5017344073508885, "model__colsample_bytree": 0.3290018235199029, "model__learning_rate": 0.27274284335271315, "model__max_depth": 3.3502793259306047, "model__n_estimators": 29.212633074738484, "model__reg_lambda": 0.13118228684130706}, "datetime": {"datetime": "2021-03-26 13:11:23", "elapsed": 385.369505, "delta": 1.974611}}
{"target": -1.215812827926129, "params": {"model__colsample_bylevel": 1.0, "model__colsample_bynode": 1.0, "model__colsample_bytree": 0.3, "model__learning_rate": 0.3, "model__max_depth": 6.502374747790154, "model__n_estimators": 26.26971652124769, "model__reg_lambda": 5.72511672575777}, "datetime": {"datetime": "2021-03-26 13:11:25", "elapsed": 387.539343, "delta": 2.169838}}
{"target": -1.3217622595866196, "params": {"model__colsample_bylevel": 1.0, "model__colsample_bynode": 1.0, "model__colsample_bytree": 1.0, "model__learning_rate": 0.3, "model__max_depth": 4.834687064471284, "model__n_estimators": 19.89703601181583, "model__reg_lambda": 8.619962737861593}, "datetime": {"datetime": "2021-03-26 13:11:28", "elapsed": 390.443184, "delta": 2.903841}}
{"target": -1.3042599824351677, "params": {"model__colsample_bylevel": 0.3, "model__colsample_bynode": 0.3, "model__colsample_bytree": 0.3, "model__learning_rate": 0.3, "model__max_depth": 8.0, "model__n_estimators": 30.0, "model__reg_lambda": 6.787772102954031}, "datetime": {"datetime": "2021-03-26 13:11:30", "elapsed": 392.906161, "delta": 2.462977}}
{"target": -1.2816683273640987, "params": {"model__colsample_bylevel": 1.0, "model__colsample_bynode": 1.0, "model__colsample_bytree": 1.0, "model__learning_rate": 0.3, "model__max_depth": 8.0, "model__n_estimators": 27.046371567945478, "model__reg_lambda": 7.209612013691391}, "datetime": {"datetime": "2021-03-26 13:11:33", "elapsed": 396.07646, "delta": 3.170299}}
{"target": -1.2533107981571683, "params": {"model__colsample_bylevel": 0.3, "model__colsample_bynode": 1.0, "model__colsample_bytree": 1.0, "model__learning_rate": 0.3, "model__max_depth": 4.329613123190663, "model__n_estimators": 18.72157724669374, "model__reg_lambda": 6.589619533507825}, "datetime": {"datetime": "2021-03-26 13:11:35", "elapsed": 398.207631, "delta": 2.131171}}
{"target": -1.2101163979336294, "params": {"model__colsample_bylevel": 1.0, "model__colsample_bynode": 1.0, "model__colsample_bytree": 0.3, "model__learning_rate": 0.3, "model__max_depth": 5.464306204123664, "model__n_estimators": 28.31362238303855, "model__reg_lambda": 4.954793516060665}, "datetime": {"datetime": "2021-03-26 13:11:38", "elapsed": 400.921776, "delta": 2.714145}}
{"target": -1.2643787815222056, "params": {"model__colsample_bylevel": 0.3, "model__colsample_bynode": 1.0, "model__colsample_bytree": 1.0, "model__learning_rate": 0.3, "model__max_depth": 5.995456506333101, "model__n_estimators": 23.401677274340845, "model__reg_lambda": 10.0}, "datetime": {"datetime": "2021-03-26 13:11:41", "elapsed": 403.357335, "delta": 2.435559}}
