{"target": -1.3521147670305296, "params": {"model__colsample_bylevel": 1.0, "model__colsample_bynode": 0.30000000000000004, "model__colsample_bytree": 1.0, "model__learning_rate": 0.1, "model__max_depth": 2.0, "model__n_estimators": 30.0, "model__reg_lambda": 0.0}, "datetime": {"datetime": "2021-03-26 13:00:44", "elapsed": 164.828608, "delta": 1.946082}}
{"target": -1.2608791581017598, "params": {"model__colsample_bylevel": 1.0, "model__colsample_bynode": 1.0, "model__colsample_bytree": 1.0, "model__learning_rate": 0.3, "model__max_depth": 8.0, "model__n_estimators": 30.0, "model__reg_lambda": 7.126680927281847}, "datetime": {"datetime": "2021-03-26 13:00:47", "elapsed": 167.871916, "delta": 3.043308}}
{"target": -1.1912800724827348, "params": {"model__colsample_bylevel": 1.0, "model__colsample_bynode": 0.3, "model__colsample_bytree": 1.0, "model__learning_rate": 0.3, "model__max_depth": 8.0, "model__n_estimators": 22.621636933024, "model__reg_lambda": 0.0}, "datetime": {"datetime": "2021-03-26 13:00:50", "elapsed": 170.153226, "delta": 2.28131}}
{"target": -1.374407780483581, "params": {"model__colsample_bylevel": 0.3, "model__colsample_bynode": 0.3, "model__colsample_bytree": 0.3, "model__learning_rate": 0.3, "model__max_depth": 8.0, "model__n_estimators": 26.95296953906724, "model__reg_lambda": 8.49547915599429}, "datetime": {"datetime": "2021-03-26 13:00:51", "elapsed": 171.759805, "delta": 1.606579}}
{"target": -1.2126258807978931, "params": {"model__colsample_bylevel": 0.3, "model__colsample_bynode": 0.3, "model__colsample_bytree": 1.0, "model__learning_rate": 0.3, "model__max_depth": 8.0, "model__n_estimators": 17.860524694347383, "model__reg_lambda": 0.0}, "datetime": {"datetime": "2021-03-26 13:00:53", "elapsed": 173.225724, "delta": 1.465919}}
{"target": -1.276151001902864, "params": {"model__colsample_bylevel": 1.0, "model__colsample_bynode": 1.0, "model__colsample_bytree": 1.0, "model__learning_rate": 0.3, "model__max_depth": 3.918685003759202, "model__n_estimators": 28.61602587158637, "model__reg_lambda": 8.763076653160471}, "datetime": {"datetime": "2021-03-26 13:00:56", "elapsed": 176.219945, "delta": 2.994221}}
{"target": -1.2933314699078982, "params": {"model__colsample_bylevel": 1.0, "model__colsample_bynode": 1.0, "model__colsample_bytree": 1.0, "model__learning_rate": 0.3, "model__max_depth": 2.0, "model__n_estimators": 16.63212007015328, "model__reg_lambda": 0.0}, "datetime": {"datetime": "2021-03-26 13:00:58", "elapsed": 178.337665, "delta": 2.11772}}
{"target": -1.2308645776230034, "params": {"model__colsample_bylevel": 1.0, "model__colsample_bynode": 1.0, "model__colsample_bytree": 0.3, "model__learning_rate": 0.3, "model__max_depth": 8.0, "model__n_estimators": 30.0, "model__reg_lambda": 2.0512625099364916}, "datetime": {"datetime": "2021-03-26 13:01:00", "elapsed": 180.40566, "delta": 2.067995}}
{"target": -1.2083902873105599, "params": {"model__colsample_bylevel": 1.0, "model__colsample_bynode": 0.3, "model__colsample_bytree": 1.0, "model__learning_rate": 0.3, "model__max_depth": 4.289367643260786, "model__n_estimators": 15.0, "model__reg_lambda": 0.0}, "datetime": {"datetime": "2021-03-26 13:01:02", "elapsed": 182.281483, "delta": 1.875823}}
{"target": -1.197443614481017, "params": {"model__colsample_bylevel": 0.3, "model__colsample_bynode": 0.3, "model__colsample_bytree": 1.0, "model__learning_rate": 0.3, "model__max_depth": 6.394516340108155, "model__n_estimators": 22.20744823944095, "model__reg_lambda": 2.10102124697897}, "datetime": {"datetime": "2021-03-26 13:01:03", "elapsed": 184.060315, "delta": 1.778832}}
{"target": -1.4047519052968078, "params": {"model__colsample_bylevel": 0.3, "model__colsample_bynode": 0.3, "model__colsample_bytree": 0.3, "model__learning_rate": 0.3, "model__max_depth": 8.0, "model__n_estimators": 15.0, "model__reg_lambda": 0.0}, "datetime": {"datetime": "2021-03-26 13:01:05", "elapsed": 185.693524, "delta": 1.633209}}
{"target": -1.1996311278946266, "params": {"model__colsample_bylevel": 0.3, "model__colsample_bynode": 1.0, "model__colsample_bytree": 1.0, "model__learning_rate": 0.3, "model__max_depth": 4.839679554918122, "model__n_estimators": 30.0, "model__reg_lambda": 7.59697618512073}, "datetime": {"datetime": "2021-03-26 13:01:07", "elapsed": 187.613501, "delta": 1.919977}}
{"target": -1.3399329779534668, "params": {"model__colsample_bylevel": 1.0, "model__colsample_bynode": 1.0, "model__colsample_bytree": 1.0, "model__learning_rate": 0.3, "model__max_depth": 4.845036647064584, "model__n_estimators": 18.725059941781453, "model__reg_lambda": 10.0}, "datetime": {"datetime": "2021-03-26 13:01:09", "elapsed": 189.850939, "delta": 2.237438}}
{"target": -1.217882706457074, "params": {"model__colsample_bylevel": 1.0, "model__colsample_bynode": 0.3, "model__colsample_bytree": 1.0, "model__learning_rate": 0.3, "model__max_depth": 8.0, "model__n_estimators": 29.032859819173346, "model__reg_lambda": 10.0}, "datetime": {"datetime": "2021-03-26 13:01:11", "elapsed": 191.789976, "delta": 1.939037}}
{"target": -1.3405445960336837, "params": {"model__colsample_bylevel": 0.3, "model__colsample_bynode": 1.0, "model__colsample_bytree": 0.3, "model__learning_rate": 0.3, "model__max_depth": 5.222820402081837, "model__n_estimators": 21.26837584021182, "model__reg_lambda": 10.0}, "datetime": {"datetime": "2021-03-26 13:01:13", "elapsed": 193.563533, "delta": 1.773557}}
{"target": -1.165797028556277, "params": {"model__colsample_bylevel": 0.3, "model__colsample_bynode": 1.0, "model__colsample_bytree": 1.0, "model__learning_rate": 0.3, "model__max_depth": 2.0, "model__n_estimators": 27.98488098621411, "model__reg_lambda": 1.2019165205218025}, "datetime": {"datetime": "2021-03-26 13:01:15", "elapsed": 195.438655, "delta": 1.875122}}
{"target": -1.180819953803945, "params": {"model__colsample_bylevel": 1.0, "model__colsample_bynode": 0.3, "model__colsample_bytree": 0.3, "model__learning_rate": 0.3, "model__max_depth": 4.500568723694126, "model__n_estimators": 27.47576590145071, "model__reg_lambda": 0.0}, "datetime": {"datetime": "2021-03-26 13:01:17", "elapsed": 197.561835, "delta": 2.12318}}
{"target": -1.2367567283033893, "params": {"model__colsample_bylevel": 1.0, "model__colsample_bynode": 0.3, "model__colsample_bytree": 1.0, "model__learning_rate": 0.3, "model__max_depth": 2.0, "model__n_estimators": 24.658635629415503, "model__reg_lambda": 6.36907881086146}, "datetime": {"datetime": "2021-03-26 13:01:19", "elapsed": 199.135079, "delta": 1.573244}}
{"target": -1.3085733369829644, "params": {"model__colsample_bylevel": 1.0, "model__colsample_bynode": 1.0, "model__colsample_bytree": 1.0, "model__learning_rate": 0.3, "model__max_depth": 5.740309513096881, "model__n_estimators": 21.508602231214695, "model__reg_lambda": 6.8032212312765}, "datetime": {"datetime": "2021-03-26 13:01:21", "elapsed": 201.86424, "delta": 2.729161}}
{"target": -1.2238322020616328, "params": {"model__colsample_bylevel": 0.3, "model__colsample_bynode": 1.0, "model__colsample_bytree": 1.0, "model__learning_rate": 0.3, "model__max_depth": 8.0, "model__n_estimators": 21.73259103373502, "model__reg_lambda": 2.462069377002847}, "datetime": {"datetime": "2021-03-26 13:01:24", "elapsed": 204.285115, "delta": 2.420875}}
{"target": -1.1897551318677817, "params": {"model__colsample_bylevel": 0.3, "model__colsample_bynode": 1.0, "model__colsample_bytree": 1.0, "model__learning_rate": 0.3, "model__max_depth": 8.0, "model__n_estimators": 23.718727897627723, "model__reg_lambda": 0.0}, "datetime": {"datetime": "2021-03-26 13:01:26", "elapsed": 206.337909, "delta": 2.052794}}
{"target": -1.260102255956904, "params": {"model__colsample_bylevel": 0.3, "model__colsample_bynode": 0.3, "model__colsample_bytree": 1.0, "model__learning_rate": 0.3, "model__max_depth": 3.02142826613895, "model__n_estimators": 23.44313303577988, "model__reg_lambda": 5.569940098179291}, "datetime": {"datetime": "2021-03-26 13:01:27", "elapsed": 207.864645, "delta": 1.526736}}
{"target": -1.3086161526324955, "params": {"model__colsample_bylevel": 1.0, "model__colsample_bynode": 0.3, "model__colsample_bytree": 1.0, "model__learning_rate": 0.3, "model__max_depth": 2.0, "model__n_estimators": 19.083771020581935, "model__reg_lambda": 7.425132332981957}, "datetime": {"datetime": "2021-03-26 13:01:29", "elapsed": 209.730129, "delta": 1.865484}}
{"target": -1.2407734636460308, "params": {"model__colsample_bylevel": 0.3, "model__colsample_bynode": 1.0, "model__colsample_bytree": 1.0, "model__learning_rate": 0.3, "model__max_depth": 6.7368649241825, "model__n_estimators": 23.193756585436198, "model__reg_lambda": 8.386511099240991}, "datetime": {"datetime": "2021-03-26 13:01:31", "elapsed": 211.74006, "delta": 2.009931}}
{"target": -1.23303835257024, "params": {"model__colsample_bylevel": 0.3, "model__colsample_bynode": 1.0, "model__colsample_bytree": 1.0, "model__learning_rate": 0.3, "model__max_depth": 2.0, "model__n_estimators": 25.833301744072163, "model__reg_lambda": 6.276933728018835}, "datetime": {"datetime": "2021-03-26 13:01:33", "elapsed": 213.732862, "delta": 1.992802}}
{"target": -1.238931002409832, "params": {"model__colsample_bylevel": 1.0, "model__colsample_bynode": 0.3, "model__colsample_bytree": 1.0, "model__learning_rate": 0.3, "model__max_depth": 8.0, "model__n_estimators": 19.472212229668152, "model__reg_lambda": 2.907514743796596}, "datetime": {"datetime": "2021-03-26 13:01:35", "elapsed": 215.501582, "delta": 1.76872}}
{"target": -1.2083902873105599, "params": {"model__colsample_bylevel": 0.3, "model__colsample_bynode": 1.0, "model__colsample_bytree": 1.0, "model__learning_rate": 0.3, "model__max_depth": 3.8936110163029554, "model__n_estimators": 15.0, "model__reg_lambda": 0.0}, "datetime": {"datetime": "2021-03-26 13:01:37", "elapsed": 217.457223, "delta": 1.955641}}
{"target": -1.2042399237296828, "params": {"model__colsample_bylevel": 0.3, "model__colsample_bynode": 1.0, "model__colsample_bytree": 1.0, "model__learning_rate": 0.3, "model__max_depth": 8.0, "model__n_estimators": 18.99612225715712, "model__reg_lambda": 1.020299702494358}, "datetime": {"datetime": "2021-03-26 13:01:39", "elapsed": 219.572522, "delta": 2.115299}}
{"target": -1.2687158964425866, "params": {"model__colsample_bylevel": 0.3, "model__colsample_bynode": 0.3, "model__colsample_bytree": 1.0, "model__learning_rate": 0.3, "model__max_depth": 6.503154120009752, "model__n_estimators": 30.0, "model__reg_lambda": 8.582438087319565}, "datetime": {"datetime": "2021-03-26 13:01:41", "elapsed": 221.842657, "delta": 2.270135}}
{"target": -1.210194832573483, "params": {"model__colsample_bylevel": 1.0, "model__colsample_bynode": 1.0, "model__colsample_bytree": 1.0, "model__learning_rate": 0.3, "model__max_depth": 2.310133659833514, "model__n_estimators": 26.783614057435063, "model__reg_lambda": 0.0}, "datetime": {"datetime": "2021-03-26 13:01:43", "elapsed": 224.005299, "delta": 2.162642}}
{"target": -1.2416784155830418, "params": {"model__colsample_bylevel": 1.0, "model__colsample_bynode": 1.0, "model__colsample_bytree": 0.3, "model__learning_rate": 0.3, "model__max_depth": 7.092759528867414, "model__n_estimators": 26.320173070034507, "model__reg_lambda": 5.678335452959776}, "datetime": {"datetime": "2021-03-26 13:01:46", "elapsed": 226.312097, "delta": 2.306798}}
{"target": -1.1634357957402246, "params": {"model__colsample_bylevel": 0.3, "model__colsample_bynode": 0.3, "model__colsample_bytree": 1.0, "model__learning_rate": 0.3, "model__max_depth": 3.3768449222701578, "model__n_estimators": 22.312549864702497, "model__reg_lambda": 0.0}, "datetime": {"datetime": "2021-03-26 13:01:48", "elapsed": 228.15999, "delta": 1.847893}}
{"target": -1.2420934647240718, "params": {"model__colsample_bylevel": 0.3, "model__colsample_bynode": 0.3, "model__colsample_bytree": 1.0, "model__learning_rate": 0.3, "model__max_depth": 6.058602172368609, "model__n_estimators": 24.3916251731917, "model__reg_lambda": 3.4084300515083505}, "datetime": {"datetime": "2021-03-26 13:01:50", "elapsed": 230.212644, "delta": 2.052654}}
{"target": -1.2843078487269255, "params": {"model__colsample_bylevel": 1.0, "model__colsample_bynode": 1.0, "model__colsample_bytree": 1.0, "model__learning_rate": 0.3, "model__max_depth": 8.0, "model__n_estimators": 30.0, "model__reg_lambda": 10.0}, "datetime": {"datetime": "2021-03-26 13:01:53", "elapsed": 233.141082, "delta": 2.928438}}
{"target": -1.1445787104180731, "params": {"model__colsample_bylevel": 0.3, "model__colsample_bynode": 1.0, "model__colsample_bytree": 0.3, "model__learning_rate": 0.3, "model__max_depth": 3.4693296876293984, "model__n_estimators": 30.0, "model__reg_lambda": 0.0}, "datetime": {"datetime": "2021-03-26 13:01:55", "elapsed": 235.324259, "delta": 2.183177}}
{"target": -1.1793596356789973, "params": {"model__colsample_bylevel": 0.3, "model__colsample_bynode": 1.0, "model__colsample_bytree": 1.0, "model__learning_rate": 0.3, "model__max_depth": 2.886832962294115, "model__n_estimators": 28.717435780714755, "model__reg_lambda": 2.9028739189630266}, "datetime": {"datetime": "2021-03-26 13:01:57", "elapsed": 237.431706, "delta": 2.107447}}
{"target": -1.1998788293808755, "params": {"model__colsample_bylevel": 0.3, "model__colsample_bynode": 1.0, "model__colsample_bytree": 1.0, "model__learning_rate": 0.3, "model__max_depth": 4.568653218093042, "model__n_estimators": 26.26429326732683, "model__reg_lambda": 5.818444810731357}, "datetime": {"datetime": "2021-03-26 13:01:59", "elapsed": 239.695378, "delta": 2.263672}}
{"target": -1.1979423202277308, "params": {"model__colsample_bylevel": 0.3, "model__colsample_bynode": 0.3, "model__colsample_bytree": 1.0, "model__learning_rate": 0.3, "model__max_depth": 4.241801468988026, "model__n_estimators": 22.515392520119246, "model__reg_lambda": 2.029260236004335}, "datetime": {"datetime": "2021-03-26 13:02:01", "elapsed": 241.797659, "delta": 2.102281}}
{"target": -1.1926440601550934, "params": {"model__colsample_bylevel": 1.0, "model__colsample_bynode": 0.3, "model__colsample_bytree": 1.0, "model__learning_rate": 0.3, "model__max_depth": 8.0, "model__n_estimators": 25.667145570591604, "model__reg_lambda": 0.0}, "datetime": {"datetime": "2021-03-26 13:02:03", "elapsed": 243.960046, "delta": 2.162387}}
{"target": -1.3237539745651294, "params": {"model__colsample_bylevel": 1.0, "model__colsample_bynode": 1.0, "model__colsample_bytree": 0.3, "model__learning_rate": 0.3, "model__max_depth": 8.0, "model__n_estimators": 15.0, "model__reg_lambda": 4.050065763614858}, "datetime": {"datetime": "2021-03-26 13:02:05", "elapsed": 246.006087, "delta": 2.046041}}
{"target": -1.1561922855587488, "params": {"model__colsample_bylevel": 0.3, "model__colsample_bynode": 0.3, "model__colsample_bytree": 1.0, "model__learning_rate": 0.3, "model__max_depth": 8.0, "model__n_estimators": 22.43609515707316, "model__reg_lambda": 0.9291272959053356}, "datetime": {"datetime": "2021-03-26 13:02:08", "elapsed": 248.217217, "delta": 2.21113}}
{"target": -1.26078418198622, "params": {"model__colsample_bylevel": 1.0, "model__colsample_bynode": 1.0, "model__colsample_bytree": 1.0, "model__learning_rate": 0.3, "model__max_depth": 3.09008854735357, "model__n_estimators": 30.0, "model__reg_lambda": 8.637062772664505}, "datetime": {"datetime": "2021-03-26 13:02:10", "elapsed": 250.946201, "delta": 2.728984}}
{"target": -1.189432270343051, "params": {"model__colsample_bylevel": 0.3, "model__colsample_bynode": 1.0, "model__colsample_bytree": 1.0, "model__learning_rate": 0.3, "model__max_depth": 8.0, "model__n_estimators": 24.888423824653504, "model__reg_lambda": 1.4945811261901727}, "datetime": {"datetime": "2021-03-26 13:02:12", "elapsed": 253.019499, "delta": 2.073298}}
{"target": -1.362387940423914, "params": {"model__colsample_bylevel": 1.0, "model__colsample_bynode": 1.0, "model__colsample_bytree": 1.0, "model__learning_rate": 0.3, "model__max_depth": 6.243092022424754, "model__n_estimators": 15.0, "model__reg_lambda": 0.0}, "datetime": {"datetime": "2021-03-26 13:02:15", "elapsed": 255.524065, "delta": 2.504566}}
{"target": -1.3168244807994451, "params": {"model__colsample_bylevel": 1.0, "model__colsample_bynode": 1.0, "model__colsample_bytree": 0.3, "model__learning_rate": 0.3, "model__max_depth": 2.0, "model__n_estimators": 23.857785981726547, "model__reg_lambda": 10.0}, "datetime": {"datetime": "2021-03-26 13:02:17", "elapsed": 257.424619, "delta": 1.900554}}
{"target": -1.2558373192251, "params": {"model__colsample_bylevel": 0.3, "model__colsample_bynode": 0.3, "model__colsample_bytree": 1.0, "model__learning_rate": 0.3, "model__max_depth": 4.710633270117008, "model__n_estimators": 16.39828842370896, "model__reg_lambda": 0.0}, "datetime": {"datetime": "2021-03-26 13:02:19", "elapsed": 259.375854, "delta": 1.951235}}
{"target": -1.1673716364907558, "params": {"model__colsample_bylevel": 1.0, "model__colsample_bynode": 1.0, "model__colsample_bytree": 0.3, "model__learning_rate": 0.3, "model__max_depth": 3.3256492741963437, "model__n_estimators": 18.249601903837664, "model__reg_lambda": 0.0}, "datetime": {"datetime": "2021-03-26 13:02:21", "elapsed": 261.491621, "delta": 2.115767}}
{"target": -1.2290040222253054, "params": {"model__colsample_bylevel": 1.0, "model__colsample_bynode": 1.0, "model__colsample_bytree": 0.3, "model__learning_rate": 0.3, "model__max_depth": 8.0, "model__n_estimators": 28.287326247651492, "model__reg_lambda": 4.60400453348049}, "datetime": {"datetime": "2021-03-26 13:02:23", "elapsed": 263.632682, "delta": 2.141061}}
{"target": -1.1458671347717284, "params": {"model__colsample_bylevel": 0.3, "model__colsample_bynode": 1.0, "model__colsample_bytree": 0.3, "model__learning_rate": 0.3, "model__max_depth": 2.533089367250094, "model__n_estimators": 28.971202491723552, "model__reg_lambda": 0.0}, "datetime": {"datetime": "2021-03-26 13:02:25", "elapsed": 265.484708, "delta": 1.852026}}
{"target": -1.2340590712276922, "params": {"model__colsample_bylevel": 1.0, "model__colsample_bynode": 1.0, "model__colsample_bytree": 0.3, "model__learning_rate": 0.3, "model__max_depth": 6.12859827508067, "model__n_estimators": 28.251750156592344, "model__reg_lambda": 10.0}, "datetime": {"datetime": "2021-03-26 13:02:27", "elapsed": 267.973609, "delta": 2.488901}}
{"target": -1.1455058999415286, "params": {"model__colsample_bylevel": 0.3, "model__colsample_bynode": 1.0, "model__colsample_bytree": 1.0, "model__learning_rate": 0.3, "model__max_depth": 3.3410928068345602, "model__n_estimators": 26.007239275559076, "model__reg_lambda": 0.0}, "datetime": {"datetime": "2021-03-26 13:02:29", "elapsed": 270.051157, "delta": 2.077548}}
{"target": -1.4576716508446395, "params": {"model__colsample_bylevel": 0.3, "model__colsample_bynode": 0.3, "model__colsample_bytree": 0.3, "model__learning_rate": 0.3, "model__max_depth": 3.3418555875983236, "model__n_estimators": 15.0, "model__reg_lambda": 0.0}, "datetime": {"datetime": "2021-03-26 13:02:31", "elapsed": 271.77591, "delta": 1.724753}}
{"target": -1.1748488178463197, "params": {"model__colsample_bylevel": 0.3, "model__colsample_bynode": 1.0, "model__colsample_bytree": 1.0, "model__learning_rate": 0.3, "model__max_depth": 3.7359487210453706, "model__n_estimators": 18.60243122252789, "model__reg_lambda": 0.0}, "datetime": {"datetime": "2021-03-26 13:02:33", "elapsed": 273.760895, "delta": 1.984985}}
{"target": -1.1910659838906503, "params": {"model__colsample_bylevel": 1.0, "model__colsample_bynode": 0.3, "model__colsample_bytree": 1.0, "model__learning_rate": 0.3, "model__max_depth": 5.363256949773494, "model__n_estimators": 30.0, "model__reg_lambda": 6.4793272981566306}, "datetime": {"datetime": "2021-03-26 13:02:35", "elapsed": 275.865066, "delta": 2.104171}}
{"target": -1.2147560036498244, "params": {"model__colsample_bylevel": 0.3, "model__colsample_bynode": 1.0, "model__colsample_bytree": 1.0, "model__learning_rate": 0.3, "model__max_depth": 8.0, "model__n_estimators": 25.74184978494568, "model__reg_lambda": 4.621573577815279}, "datetime": {"datetime": "2021-03-26 13:02:37", "elapsed": 278.06383, "delta": 2.198764}}
{"target": -1.153619379157106, "params": {"model__colsample_bylevel": 0.3, "model__colsample_bynode": 1.0, "model__colsample_bytree": 0.3, "model__learning_rate": 0.3, "model__max_depth": 6.521475887050721, "model__n_estimators": 30.0, "model__reg_lambda": 1.4317566084480475}, "datetime": {"datetime": "2021-03-26 13:02:40", "elapsed": 280.207226, "delta": 2.143396}}
{"target": -1.263586452556099, "params": {"model__colsample_bylevel": 1.0, "model__colsample_bynode": 0.3, "model__colsample_bytree": 1.0, "model__learning_rate": 0.3, "model__max_depth": 3.5492093569491168, "model__n_estimators": 15.0, "model__reg_lambda": 1.9105613708992495}, "datetime": {"datetime": "2021-03-26 13:02:42", "elapsed": 282.59733, "delta": 2.390104}}
{"target": -1.186202511736664, "params": {"model__colsample_bylevel": 0.3, "model__colsample_bynode": 0.3, "model__colsample_bytree": 1.0, "model__learning_rate": 0.3, "model__max_depth": 4.43136358795169, "model__n_estimators": 26.55354215236474, "model__reg_lambda": 2.830531852253052}, "datetime": {"datetime": "2021-03-26 13:02:44", "elapsed": 284.589756, "delta": 1.992426}}
{"target": -1.4123335688118483, "params": {"model__colsample_bylevel": 0.3, "model__colsample_bynode": 0.3, "model__colsample_bytree": 1.0, "model__learning_rate": 0.3, "model__max_depth": 8.0, "model__n_estimators": 15.0, "model__reg_lambda": 10.0}, "datetime": {"datetime": "2021-03-26 13:02:46", "elapsed": 286.652635, "delta": 2.062879}}
{"target": -1.1864594714449503, "params": {"model__colsample_bylevel": 1.0, "model__colsample_bynode": 1.0, "model__colsample_bytree": 0.3, "model__learning_rate": 0.3, "model__max_depth": 3.4119142338424258, "model__n_estimators": 27.091110178260553, "model__reg_lambda": 0.6639192958599712}, "datetime": {"datetime": "2021-03-26 13:02:48", "elapsed": 288.951163, "delta": 2.298528}}
