{"target": -1.1770154729090712, "params": {"model__colsample_bylevel": 1.0, "model__colsample_bynode": 0.3, "model__colsample_bytree": 1.0, "model__learning_rate": 0.3, "model__max_depth": 3.445179721864958, "model__n_estimators": 18.307140495583397, "model__reg_lambda": 0.0}, "datetime": {"datetime": "2021-03-26 13:02:50", "elapsed": 290.906129, "delta": 1.954966}}
{"target": -1.2038096557546785, "params": {"model__colsample_bylevel": 0.3, "model__colsample_bynode": 0.3, "model__colsample_bytree": 1.0, "model__learning_rate": 0.3, "model__max_depth": 2.4366768138193984, "model__n_estimators": 27.407181769369995, "model__reg_lambda": 2.6916838342207057}, "datetime": {"datetime": "2021-03-26 13:02:52", "elapsed": 292.965056, "delta": 2.058927}}
{"target": -1.205536317957592, "params": {"model__colsample_bylevel": 0.3, "model__colsample_bynode": 1.0, "model__colsample_bytree": 1.0, "model__learning_rate": 0.3, "model__max_depth": 8.0, "model__n_estimators": 30.0, "model__reg_lambda": 2.5268398432618895}, "datetime": {"datetime": "2021-03-26 13:02:55", "elapsed": 295.080283, "delta": 2.115227}}
{"target": -1.2899903223026488, "params": {"model__colsample_bylevel": 1.0, "model__colsample_bynode": 1.0, "model__colsample_bytree": 1.0, "model__learning_rate": 0.3, "model__max_depth": 2.0, "model__n_estimators": 27.565978563365267, "model__reg_lambda": 10.0}, "datetime": {"datetime": "2021-03-26 13:02:57", "elapsed": 297.723658, "delta": 2.643375}}
{"target": -1.236137520085912, "params": {"model__colsample_bylevel": 0.3, "model__colsample_bynode": 1.0, "model__colsample_bytree": 1.0, "model__learning_rate": 0.3, "model__max_depth": 3.8139367589244713, "model__n_estimators": 21.12325300264856, "model__reg_lambda": 2.6587145943547026}, "datetime": {"datetime": "2021-03-26 13:02:59", "elapsed": 299.680408, "delta": 1.95675}}
{"target": -1.174237082691431, "params": {"model__colsample_bylevel": 0.3, "model__colsample_bynode": 1.0, "model__colsample_bytree": 0.3, "model__learning_rate": 0.3, "model__max_depth": 6.85783516951942, "model__n_estimators": 28.745322987334443, "model__reg_lambda": 2.440828693125191}, "datetime": {"datetime": "2021-03-26 13:03:01", "elapsed": 301.925399, "delta": 2.244991}}
{"target": -1.2799413475815369, "params": {"model__colsample_bylevel": 1.0, "model__colsample_bynode": 1.0, "model__colsample_bytree": 1.0, "model__learning_rate": 0.3, "model__max_depth": 3.160348668713186, "model__n_estimators": 24.52685522232409, "model__reg_lambda": 7.1063480183087995}, "datetime": {"datetime": "2021-03-26 13:03:04", "elapsed": 304.555104, "delta": 2.629705}}
{"target": -1.1791835932852361, "params": {"model__colsample_bylevel": 0.3, "model__colsample_bynode": 1.0, "model__colsample_bytree": 0.3, "model__learning_rate": 0.3, "model__max_depth": 3.547866772262513, "model__n_estimators": 26.98486826563497, "model__reg_lambda": 0.0}, "datetime": {"datetime": "2021-03-26 13:03:06", "elapsed": 306.646783, "delta": 2.091679}}
{"target": -1.2693669092834698, "params": {"model__colsample_bylevel": 0.3, "model__colsample_bynode": 0.3, "model__colsample_bytree": 0.3, "model__learning_rate": 0.3, "model__max_depth": 5.233822704258327, "model__n_estimators": 30.0, "model__reg_lambda": 0.0}, "datetime": {"datetime": "2021-03-26 13:03:08", "elapsed": 308.681236, "delta": 2.034453}}
{"target": -1.205046308622358, "params": {"model__colsample_bylevel": 0.3, "model__colsample_bynode": 1.0, "model__colsample_bytree": 1.0, "model__learning_rate": 0.3, "model__max_depth": 2.0, "model__n_estimators": 30.0, "model__reg_lambda": 4.279143966547151}, "datetime": {"datetime": "2021-03-26 13:03:10", "elapsed": 310.812204, "delta": 2.130968}}
{"target": -1.1840552713735488, "params": {"model__colsample_bylevel": 1.0, "model__colsample_bynode": 1.0, "model__colsample_bytree": 0.3, "model__learning_rate": 0.3, "model__max_depth": 3.060248288473408, "model__n_estimators": 20.64292174521216, "model__reg_lambda": 0.9429665715759348}, "datetime": {"datetime": "2021-03-26 13:03:13", "elapsed": 313.189319, "delta": 2.377115}}
{"target": -1.271110385078667, "params": {"model__colsample_bylevel": 1.0, "model__colsample_bynode": 0.3, "model__colsample_bytree": 1.0, "model__learning_rate": 0.3, "model__max_depth": 3.94028020856863, "model__n_estimators": 18.04093905196251, "model__reg_lambda": 6.043532996013892}, "datetime": {"datetime": "2021-03-26 13:03:15", "elapsed": 315.34001, "delta": 2.150691}}
{"target": -1.1601609383041604, "params": {"model__colsample_bylevel": 0.3, "model__colsample_bynode": 0.3, "model__colsample_bytree": 1.0, "model__learning_rate": 0.3, "model__max_depth": 6.447542310828709, "model__n_estimators": 23.83056377204378, "model__reg_lambda": 0.6825317964852512}, "datetime": {"datetime": "2021-03-26 13:03:17", "elapsed": 317.433018, "delta": 2.093008}}
{"target": -1.3319379004096423, "params": {"model__colsample_bylevel": 1.0, "model__colsample_bynode": 1.0, "model__colsample_bytree": 1.0, "model__learning_rate": 0.3, "model__max_depth": 3.5060316508111318, "model__n_estimators": 16.737784119918185, "model__reg_lambda": 0.0}, "datetime": {"datetime": "2021-03-26 13:03:19", "elapsed": 319.873323, "delta": 2.440305}}
{"target": -1.2610922576184722, "params": {"model__colsample_bylevel": 0.3, "model__colsample_bynode": 1.0, "model__colsample_bytree": 1.0, "model__learning_rate": 0.3, "model__max_depth": 8.0, "model__n_estimators": 16.877607481584267, "model__reg_lambda": 4.322962587320673}, "datetime": {"datetime": "2021-03-26 13:03:21", "elapsed": 321.886902, "delta": 2.013579}}
{"target": -1.2568218175389303, "params": {"model__colsample_bylevel": 0.3, "model__colsample_bynode": 1.0, "model__colsample_bytree": 1.0, "model__learning_rate": 0.3, "model__max_depth": 8.0, "model__n_estimators": 21.495018518097375, "model__reg_lambda": 6.300793409045039}, "datetime": {"datetime": "2021-03-26 13:03:23", "elapsed": 323.871198, "delta": 1.984296}}
{"target": -1.4131009262595053, "params": {"model__colsample_bylevel": 0.3, "model__colsample_bynode": 0.3, "model__colsample_bytree": 1.0, "model__learning_rate": 0.1, "model__max_depth": 5.942575124550502, "model__n_estimators": 19.205919380650005, "model__reg_lambda": 0.0}, "datetime": {"datetime": "2021-03-26 13:03:26", "elapsed": 326.221806, "delta": 2.350608}}
{"target": -1.318166747154749, "params": {"model__colsample_bylevel": 1.0, "model__colsample_bynode": 1.0, "model__colsample_bytree": 1.0, "model__learning_rate": 0.3, "model__max_depth": 8.0, "model__n_estimators": 18.69424303513608, "model__reg_lambda": 6.872645362183758}, "datetime": {"datetime": "2021-03-26 13:03:28", "elapsed": 328.923441, "delta": 2.701635}}
{"target": -1.179693658449822, "params": {"model__colsample_bylevel": 0.3, "model__colsample_bynode": 0.3, "model__colsample_bytree": 1.0, "model__learning_rate": 0.3, "model__max_depth": 7.008528463465599, "model__n_estimators": 26.402899244942578, "model__reg_lambda": 0.0}, "datetime": {"datetime": "2021-03-26 13:03:30", "elapsed": 331.006721, "delta": 2.08328}}
{"target": -1.3262794418584392, "params": {"model__colsample_bylevel": 0.3, "model__colsample_bynode": 1.0, "model__colsample_bytree": 1.0, "model__learning_rate": 0.3, "model__max_depth": 5.779843678592813, "model__n_estimators": 15.0, "model__reg_lambda": 7.90463100063362}, "datetime": {"datetime": "2021-03-26 13:03:33", "elapsed": 333.107941, "delta": 2.10122}}
{"target": -1.2210283741287455, "params": {"model__colsample_bylevel": 1.0, "model__colsample_bynode": 0.3, "model__colsample_bytree": 1.0, "model__learning_rate": 0.3, "model__max_depth": 4.433693997498824, "model__n_estimators": 27.04369595941899, "model__reg_lambda": 5.456985756374798}, "datetime": {"datetime": "2021-03-26 13:03:35", "elapsed": 335.36673, "delta": 2.258789}}
{"target": -1.264604152366519, "params": {"model__colsample_bylevel": 0.3, "model__colsample_bynode": 1.0, "model__colsample_bytree": 1.0, "model__learning_rate": 0.3, "model__max_depth": 2.0, "model__n_estimators": 20.789982802207202, "model__reg_lambda": 6.074472789143513}, "datetime": {"datetime": "2021-03-26 13:03:37", "elapsed": 337.660547, "delta": 2.293817}}
{"target": -1.19094214471381, "params": {"model__colsample_bylevel": 0.3, "model__colsample_bynode": 1.0, "model__colsample_bytree": 1.0, "model__learning_rate": 0.3, "model__max_depth": 3.3681573234425053, "model__n_estimators": 22.370115759897725, "model__reg_lambda": 0.8128887779281732}, "datetime": {"datetime": "2021-03-26 13:03:39", "elapsed": 339.857139, "delta": 2.196592}}
{"target": -1.2260064343503418, "params": {"model__colsample_bylevel": 1.0, "model__colsample_bynode": 0.3, "model__colsample_bytree": 1.0, "model__learning_rate": 0.3, "model__max_depth": 2.0, "model__n_estimators": 30.0, "model__reg_lambda": 7.400912652894787}, "datetime": {"datetime": "2021-03-26 13:03:41", "elapsed": 341.943924, "delta": 2.086785}}
{"target": -1.1747817476684956, "params": {"model__colsample_bylevel": 1.0, "model__colsample_bynode": 0.3, "model__colsample_bytree": 0.3, "model__learning_rate": 0.3, "model__max_depth": 4.916150830583335, "model__n_estimators": 23.043691898580878, "model__reg_lambda": 1.2068574082894667}, "datetime": {"datetime": "2021-03-26 13:03:44", "elapsed": 344.256024, "delta": 2.3121}}
{"target": -1.2721400675363839, "params": {"model__colsample_bylevel": 1.0, "model__colsample_bynode": 0.3, "model__colsample_bytree": 0.3, "model__learning_rate": 0.3, "model__max_depth": 8.0, "model__n_estimators": 30.0, "model__reg_lambda": 10.0}, "datetime": {"datetime": "2021-03-26 13:03:46", "elapsed": 346.135031, "delta": 1.879007}}
{"target": -1.179679947603575, "params": {"model__colsample_bylevel": 1.0, "model__colsample_bynode": 0.3, "model__colsample_bytree": 0.3, "model__learning_rate": 0.3, "model__max_depth": 3.905018088817854, "model__n_estimators": 22.8642781087407, "model__reg_lambda": 0.0}, "datetime": {"datetime": "2021-03-26 13:03:48", "elapsed": 348.271164, "delta": 2.136133}}
{"target": -1.1926440601550934, "params": {"model__colsample_bylevel": 0.3, "model__colsample_bynode": 1.0, "model__colsample_bytree": 1.0, "model__learning_rate": 0.3, "model__max_depth": 8.0, "model__n_estimators": 26.139008085804157, "model__reg_lambda": 0.0}, "datetime": {"datetime": "2021-03-26 13:03:50", "elapsed": 350.128596, "delta": 1.857432}}
{"target": -1.2391436641806384, "params": {"model__colsample_bylevel": 0.3, "model__colsample_bynode": 1.0, "model__colsample_bytree": 0.3, "model__learning_rate": 0.3, "model__max_depth": 5.743952679902524, "model__n_estimators": 27.25602282184122, "model__reg_lambda": 5.093144027406909}, "datetime": {"datetime": "2021-03-26 13:03:51", "elapsed": 351.947046, "delta": 1.81845}}
{"target": -1.228695660384129, "params": {"model__colsample_bylevel": 0.3, "model__colsample_bynode": 1.0, "model__colsample_bytree": 1.0, "model__learning_rate": 0.3, "model__max_depth": 8.0, "model__n_estimators": 27.272142619026617, "model__reg_lambda": 10.0}, "datetime": {"datetime": "2021-03-26 13:03:54", "elapsed": 354.374369, "delta": 2.427323}}
{"target": -1.182439929610658, "params": {"model__colsample_bylevel": 1.0, "model__colsample_bynode": 0.3, "model__colsample_bytree": 1.0, "model__learning_rate": 0.3, "model__max_depth": 5.23958395950063, "model__n_estimators": 23.90754360715274, "model__reg_lambda": 0.0}, "datetime": {"datetime": "2021-03-26 13:03:56", "elapsed": 356.967311, "delta": 2.592942}}
{"target": -1.2060677069310182, "params": {"model__colsample_bylevel": 1.0, "model__colsample_bynode": 0.3, "model__colsample_bytree": 1.0, "model__learning_rate": 0.3, "model__max_depth": 8.0, "model__n_estimators": 21.09886647560941, "model__reg_lambda": 1.2258296849999848}, "datetime": {"datetime": "2021-03-26 13:03:59", "elapsed": 359.32194, "delta": 2.354629}}
{"target": -1.2180658008802037, "params": {"model__colsample_bylevel": 1.0, "model__colsample_bynode": 0.3, "model__colsample_bytree": 0.3, "model__learning_rate": 0.3, "model__max_depth": 4.71912621281242, "model__n_estimators": 21.654117617132496, "model__reg_lambda": 2.9337995265524905}, "datetime": {"datetime": "2021-03-26 13:04:01", "elapsed": 361.441225, "delta": 2.119285}}
{"target": -1.1788505104476708, "params": {"model__colsample_bylevel": 1.0, "model__colsample_bynode": 0.3, "model__colsample_bytree": 0.3, "model__learning_rate": 0.3, "model__max_depth": 6.808857350228212, "model__n_estimators": 27.4765534098697, "model__reg_lambda": 0.0}, "datetime": {"datetime": "2021-03-26 13:04:03", "elapsed": 363.54962, "delta": 2.108395}}
{"target": -1.2252203162314128, "params": {"model__colsample_bylevel": 0.3, "model__colsample_bynode": 1.0, "model__colsample_bytree": 0.3, "model__learning_rate": 0.3, "model__max_depth": 5.356410957790195, "model__n_estimators": 21.655562290993064, "model__reg_lambda": 3.1909172492839244}, "datetime": {"datetime": "2021-03-26 13:04:05", "elapsed": 365.503506, "delta": 1.953886}}
{"target": -1.1593241089128254, "params": {"model__colsample_bylevel": 1.0, "model__colsample_bynode": 1.0, "model__colsample_bytree": 0.3, "model__learning_rate": 0.3, "model__max_depth": 3.364828349475425, "model__n_estimators": 19.720720244434588, "model__reg_lambda": 0.0}, "datetime": {"datetime": "2021-03-26 13:04:07", "elapsed": 367.923736, "delta": 2.42023}}
{"target": -1.1944388918261435, "params": {"model__colsample_bylevel": 0.3, "model__colsample_bynode": 1.0, "model__colsample_bytree": 1.0, "model__learning_rate": 0.3, "model__max_depth": 4.512574457790133, "model__n_estimators": 27.804917069603192, "model__reg_lambda": 4.142122165732924}, "datetime": {"datetime": "2021-03-26 13:04:10", "elapsed": 370.112516, "delta": 2.18878}}
{"target": -1.2506324879433688, "params": {"model__colsample_bylevel": 1.0, "model__colsample_bynode": 0.3, "model__colsample_bytree": 1.0, "model__learning_rate": 0.3, "model__max_depth": 2.2502418651726233, "model__n_estimators": 17.82299473417826, "model__reg_lambda": 1.590096687016527}, "datetime": {"datetime": "2021-03-26 13:04:11", "elapsed": 372.014735, "delta": 1.902219}}
{"target": -1.2413188875612358, "params": {"model__colsample_bylevel": 0.3, "model__colsample_bynode": 1.0, "model__colsample_bytree": 1.0, "model__learning_rate": 0.3, "model__max_depth": 2.0, "model__n_estimators": 30.0, "model__reg_lambda": 10.0}, "datetime": {"datetime": "2021-03-26 13:04:14", "elapsed": 374.445016, "delta": 2.430281}}
{"target": -1.1895135671845165, "params": {"model__colsample_bylevel": 0.3, "model__colsample_bynode": 1.0, "model__colsample_bytree": 0.3, "model__learning_rate": 0.3, "model__max_depth": 3.8252022274605864, "model__n_estimators": 21.076122187879797, "model__reg_lambda": 0.43747821691626687}, "datetime": {"datetime": "2021-03-26 13:04:16", "elapsed": 376.380887, "delta": 1.935871}}
{"target": -1.2628386871241355, "params": {"model__colsample_bylevel": 1.0, "model__colsample_bynode": 1.0, "model__colsample_bytree": 0.3, "model__learning_rate": 0.3, "model__max_depth": 5.756741821466539, "model__n_estimators": 23.884184491130316, "model__reg_lambda": 7.928698389791955}, "datetime": {"datetime": "2021-03-26 13:04:18", "elapsed": 378.939567, "delta": 2.55868}}
{"target": -1.2135567446320277, "params": {"model__colsample_bylevel": 0.3, "model__colsample_bynode": 1.0, "model__colsample_bytree": 1.0, "model__learning_rate": 0.3, "model__max_depth": 8.0, "model__n_estimators": 28.23178087758164, "model__reg_lambda": 5.687279874491158}, "datetime": {"datetime": "2021-03-26 13:04:21", "elapsed": 381.221356, "delta": 2.281789}}
{"target": -1.248570812417977, "params": {"model__colsample_bylevel": 0.3, "model__colsample_bynode": 0.3, "model__colsample_bytree": 1.0, "model__learning_rate": 0.3, "model__max_depth": 2.0, "model__n_estimators": 27.681558183929972, "model__reg_lambda": 5.419316926060062}, "datetime": {"datetime": "2021-03-26 13:04:23", "elapsed": 383.606292, "delta": 2.384936}}
{"target": -1.3634454812044683, "params": {"model__colsample_bylevel": 1.0, "model__colsample_bynode": 1.0, "model__colsample_bytree": 1.0, "model__learning_rate": 0.3, "model__max_depth": 2.0, "model__n_estimators": 15.0, "model__reg_lambda": 1.9815579706755193}, "datetime": {"datetime": "2021-03-26 13:04:25", "elapsed": 385.667977, "delta": 2.061685}}
{"target": -1.1492799599324288, "params": {"model__colsample_bylevel": 0.3, "model__colsample_bynode": 0.3, "model__colsample_bytree": 1.0, "model__learning_rate": 0.3, "model__max_depth": 8.0, "model__n_estimators": 26.019353015969443, "model__reg_lambda": 1.593041022120432}, "datetime": {"datetime": "2021-03-26 13:04:28", "elapsed": 388.479905, "delta": 2.811928}}
{"target": -1.2826381639860895, "params": {"model__colsample_bylevel": 1.0, "model__colsample_bynode": 1.0, "model__colsample_bytree": 1.0, "model__learning_rate": 0.3, "model__max_depth": 6.851876030070581, "model__n_estimators": 28.529623075680586, "model__reg_lambda": 8.857984418870467}, "datetime": {"datetime": "2021-03-26 13:04:31", "elapsed": 391.865065, "delta": 3.38516}}
{"target": -1.233398817335188, "params": {"model__colsample_bylevel": 1.0, "model__colsample_bynode": 0.3, "model__colsample_bytree": 1.0, "model__learning_rate": 0.3, "model__max_depth": 8.0, "model__n_estimators": 25.540342674923558, "model__reg_lambda": 10.0}, "datetime": {"datetime": "2021-03-26 13:04:34", "elapsed": 394.890249, "delta": 3.025184}}
{"target": -1.1870029699064089, "params": {"model__colsample_bylevel": 0.3, "model__colsample_bynode": 0.3, "model__colsample_bytree": 1.0, "model__learning_rate": 0.3, "model__max_depth": 5.2823311646019055, "model__n_estimators": 22.883033022807073, "model__reg_lambda": 0.8924113186448457}, "datetime": {"datetime": "2021-03-26 13:04:37", "elapsed": 397.098696, "delta": 2.208447}}
{"target": -1.2968235016786964, "params": {"model__colsample_bylevel": 1.0, "model__colsample_bynode": 0.3, "model__colsample_bytree": 1.0, "model__learning_rate": 0.3, "model__max_depth": 2.0, "model__n_estimators": 22.71334403509401, "model__reg_lambda": 10.0}, "datetime": {"datetime": "2021-03-26 13:04:39", "elapsed": 399.216436, "delta": 2.11774}}
{"target": -1.227793015488356, "params": {"model__colsample_bylevel": 1.0, "model__colsample_bynode": 1.0, "model__colsample_bytree": 0.3, "model__learning_rate": 0.3, "model__max_depth": 4.22544693515897, "model__n_estimators": 22.704942471104644, "model__reg_lambda": 1.9286862317311873}, "datetime": {"datetime": "2021-03-26 13:04:41", "elapsed": 401.614646, "delta": 2.39821}}
{"target": -1.205086617215631, "params": {"model__colsample_bylevel": 1.0, "model__colsample_bynode": 0.3, "model__colsample_bytree": 1.0, "model__learning_rate": 0.3, "model__max_depth": 8.0, "model__n_estimators": 26.39362220500644, "model__reg_lambda": 4.239804688986488}, "datetime": {"datetime": "2021-03-26 13:04:43", "elapsed": 403.814653, "delta": 2.200007}}
{"target": -1.3495463163902361, "params": {"model__colsample_bylevel": 0.3, "model__colsample_bynode": 0.3, "model__colsample_bytree": 0.3, "model__learning_rate": 0.3, "model__max_depth": 8.0, "model__n_estimators": 30.0, "model__reg_lambda": 7.60940708278578}, "datetime": {"datetime": "2021-03-26 13:04:46", "elapsed": 406.312377, "delta": 2.497724}}
{"target": -1.3285466543466282, "params": {"model__colsample_bylevel": 0.3, "model__colsample_bynode": 0.3, "model__colsample_bytree": 1.0, "model__learning_rate": 0.3, "model__max_depth": 3.9859324177582383, "model__n_estimators": 15.0, "model__reg_lambda": 4.249425727977885}, "datetime": {"datetime": "2021-03-26 13:04:48", "elapsed": 408.598976, "delta": 2.286599}}
{"target": -1.2620113526649799, "params": {"model__colsample_bylevel": 1.0, "model__colsample_bynode": 1.0, "model__colsample_bytree": 0.3, "model__learning_rate": 0.3, "model__max_depth": 8.0, "model__n_estimators": 18.136637823155347, "model__reg_lambda": 0.0}, "datetime": {"datetime": "2021-03-26 13:04:50", "elapsed": 410.755259, "delta": 2.156283}}
{"target": -1.3040594706824726, "params": {"model__colsample_bylevel": 1.0, "model__colsample_bynode": 1.0, "model__colsample_bytree": 1.0, "model__learning_rate": 0.3, "model__max_depth": 2.0, "model__n_estimators": 22.882180907578682, "model__reg_lambda": 5.639150616411251}, "datetime": {"datetime": "2021-03-26 13:04:53", "elapsed": 413.471999, "delta": 2.71674}}
{"target": -1.2201398335856157, "params": {"model__colsample_bylevel": 1.0, "model__colsample_bynode": 0.3, "model__colsample_bytree": 1.0, "model__learning_rate": 0.3, "model__max_depth": 8.0, "model__n_estimators": 27.62535875230496, "model__reg_lambda": 7.0358120746653965}, "datetime": {"datetime": "2021-03-26 13:04:55", "elapsed": 415.732804, "delta": 2.260805}}
