{"target": -1.1596256955364799, "params": {"model__colsample_bylevel": 0.3, "model__colsample_bynode": 0.3, "model__colsample_bytree": 1.0, "model__learning_rate": 0.3, "model__max_depth": 2.0, "model__n_estimators": 29.0, "model__reg_lambda": 0.0}, "datetime": {"datetime": "2021-03-26 12:57:59", "elapsed": 0.0, "delta": 0.0}}
{"target": -1.2055017587418357, "params": {"model__colsample_bylevel": 1.0, "model__colsample_bynode": 1.0, "model__colsample_bytree": 0.3, "model__learning_rate": 0.3, "model__max_depth": 7.0, "model__n_estimators": 26.0, "model__reg_lambda": 0.0}, "datetime": {"datetime": "2021-03-26 12:58:00", "elapsed": 0.395665, "delta": 0.395665}}
{"target": -1.16934813834386, "params": {"model__colsample_bylevel": 0.3, "model__colsample_bynode": 1.0, "model__colsample_bytree": 1.0, "model__learning_rate": 0.3, "model__max_depth": 2.0, "model__n_estimators": 30.0, "model__reg_lambda": 0.0}, "datetime": {"datetime": "2021-03-26 12:58:00", "elapsed": 0.685802, "delta": 0.290137}}
{"target": -1.1748162148557468, "params": {"model__colsample_bylevel": 1.0, "model__colsample_bynode": 0.3, "model__colsample_bytree": 0.3, "model__learning_rate": 0.3, "model__max_depth": 4.0, "model__n_estimators": 30.0, "model__reg_lambda": 0.0}, "datetime": {"datetime": "2021-03-26 12:58:00", "elapsed": 0.893524, "delta": 0.207722}}
{"target": -1.1581452369264773, "params": {"model__colsample_bylevel": 1.0, "model__colsample_bynode": 1.0, "model__colsample_bytree": 0.3, "model__learning_rate": 0.3, "model__max_depth": 2.0, "model__n_estimators": 29.0, "model__reg_lambda": 0.0}, "datetime": {"datetime": "2021-03-26 12:58:01", "elapsed": 1.170224, "delta": 0.2767}}
{"target": -1.1581452369264773, "params": {"model__colsample_bylevel": 1.0, "model__colsample_bynode": 1.0, "model__colsample_bytree": 0.3, "model__learning_rate": 0.3, "model__max_depth": 2.0, "model__n_estimators": 29.0, "model__reg_lambda": 0.0}, "datetime": {"datetime": "2021-03-26 12:58:01", "elapsed": 1.170515, "delta": 0.000291}}
{"target": -1.1581452369264773, "params": {"model__colsample_bylevel": 1.0, "model__colsample_bynode": 1.0, "model__colsample_bytree": 0.3, "model__learning_rate": 0.3, "model__max_depth": 2.0, "model__n_estimators": 29.0, "model__reg_lambda": 0.0}, "datetime": {"datetime": "2021-03-26 12:58:01", "elapsed": 1.170681, "delta": 0.000166}}
{"target": -1.228296864443742, "params": {"model__colsample_bylevel": 1.0, "model__colsample_bynode": 1.0, "model__colsample_bytree": 0.3, "model__learning_rate": 0.3, "model__max_depth": 5.0, "model__n_estimators": 30.0, "model__reg_lambda": 1.3969582260721904}, "datetime": {"datetime": "2021-03-26 12:58:01", "elapsed": 1.600696, "delta": 0.430015}}
{"target": -1.228296864443742, "params": {"model__colsample_bylevel": 1.0, "model__colsample_bynode": 1.0, "model__colsample_bytree": 0.3, "model__learning_rate": 0.3, "model__max_depth": 5.0, "model__n_estimators": 30.0, "model__reg_lambda": 1.3969582260721904}, "datetime": {"datetime": "2021-03-26 12:58:01", "elapsed": 1.601014, "delta": 0.000318}}
{"target": -1.228296864443742, "params": {"model__colsample_bylevel": 1.0, "model__colsample_bynode": 1.0, "model__colsample_bytree": 0.3, "model__learning_rate": 0.3, "model__max_depth": 5.0, "model__n_estimators": 30.0, "model__reg_lambda": 1.3969582260721904}, "datetime": {"datetime": "2021-03-26 12:58:01", "elapsed": 1.601252, "delta": 0.000238}}
{"target": -1.2370334740019526, "params": {"model__colsample_bylevel": 0.3079362334176096, "model__colsample_bynode": 0.8971823838547848, "model__colsample_bytree": 0.40250528177435396, "model__learning_rate": 0.27962972600551395, "model__max_depth": 8.0, "model__n_estimators": 29.0, "model__reg_lambda": 1.1060522447128518}, "datetime": {"datetime": "2021-03-26 12:58:01", "elapsed": 1.863553, "delta": 0.262301}}
{"target": -1.1963172856406175, "params": {"model__colsample_bylevel": 1.0, "model__colsample_bynode": 1.0, "model__colsample_bytree": 0.3, "model__learning_rate": 0.3, "model__max_depth": 6.0, "model__n_estimators": 30.0, "model__reg_lambda": 0.0}, "datetime": {"datetime": "2021-03-26 12:58:02", "elapsed": 2.259086, "delta": 0.395533}}
{"target": -1.1452253144594633, "params": {"model__colsample_bylevel": 1.0, "model__colsample_bynode": 0.3, "model__colsample_bytree": 1.0, "model__learning_rate": 0.3, "model__max_depth": 3.0, "model__n_estimators": 27.0, "model__reg_lambda": 0.0}, "datetime": {"datetime": "2021-03-26 12:58:02", "elapsed": 2.573886, "delta": 0.3148}}
{"target": -1.1192576801714798, "params": {"model__colsample_bylevel": 0.6340772589827341, "model__colsample_bynode": 0.9178072915752025, "model__colsample_bytree": 0.46504609626335935, "model__learning_rate": 0.27216852125589686, "model__max_depth": 3.0, "model__n_estimators": 27.0, "model__reg_lambda": 0.012309314600569277}, "datetime": {"datetime": "2021-03-26 12:58:02", "elapsed": 2.88256, "delta": 0.308674}}
{"target": -1.1192576801714798, "params": {"model__colsample_bylevel": 0.6340772589827341, "model__colsample_bynode": 0.9178072915752025, "model__colsample_bytree": 0.46504609626335935, "model__learning_rate": 0.27216852125589686, "model__max_depth": 3.0, "model__n_estimators": 27.0, "model__reg_lambda": 0.012309314600569277}, "datetime": {"datetime": "2021-03-26 12:58:02", "elapsed": 2.882894, "delta": 0.000334}}
{"target": -1.1192576801714798, "params": {"model__colsample_bylevel": 0.6340772589827341, "model__colsample_bynode": 0.9178072915752025, "model__colsample_bytree": 0.46504609626335935, "model__learning_rate": 0.27216852125589686, "model__max_depth": 3.0, "model__n_estimators": 27.0, "model__reg_lambda": 0.012309314600569277}, "datetime": {"datetime": "2021-03-26 12:58:02", "elapsed": 2.883149, "delta": 0.000255}}
{"target": -1.1192576801714798, "params": {"model__colsample_bylevel": 0.6340772589827341, "model__colsample_bynode": 0.9178072915752025, "model__colsample_bytree": 0.46504609626335935, "model__learning_rate": 0.27216852125589686, "model__max_depth": 3.0, "model__n_estimators": 27.0, "model__reg_lambda": 0.012309314600569277}, "datetime": {"datetime": "2021-03-26 12:58:02", "elapsed": 2.883376, "delta": 0.000227}}
{"target": -1.1192576801714798, "params": {"model__colsample_bylevel": 0.6340772589827341, "model__colsample_bynode": 0.9178072915752025, "model__colsample_bytree": 0.46504609626335935, "model__learning_rate": 0.27216852125589686, "model__max_depth": 3.0, "model__n_estimators": 27.0, "model__reg_lambda": 0.012309314600569277}, "datetime": {"datetime": "2021-03-26 12:58:02", "elapsed": 2.883606, "delta": 0.00023}}
{"target": -1.1515460191365412, "params": {"model__colsample_bylevel": 1.0, "model__colsample_bynode": 1.0, "model__colsample_bytree": 0.3, "model__learning_rate": 0.3, "model__max_depth": 2.0, "model__n_estimators": 30.0, "model__reg_lambda": 0.0}, "datetime": {"datetime": "2021-03-26 12:58:03", "elapsed": 3.167248, "delta": 0.283642}}
{"target": -1.1515460191365412, "params": {"model__colsample_bylevel": 1.0, "model__colsample_bynode": 1.0, "model__colsample_bytree": 0.3, "model__learning_rate": 0.3, "model__max_depth": 2.0, "model__n_estimators": 30.0, "model__reg_lambda": 0.0}, "datetime": {"datetime": "2021-03-26 12:58:03", "elapsed": 3.167553, "delta": 0.000305}}
{"target": -1.1515460191365412, "params": {"model__colsample_bylevel": 1.0, "model__colsample_bynode": 1.0, "model__colsample_bytree": 0.3, "model__learning_rate": 0.3, "model__max_depth": 2.0, "model__n_estimators": 30.0, "model__reg_lambda": 0.0}, "datetime": {"datetime": "2021-03-26 12:58:03", "elapsed": 3.167735, "delta": 0.000182}}
{"target": -1.138826766894604, "params": {"model__colsample_bylevel": 1.0, "model__colsample_bynode": 1.0, "model__colsample_bytree": 0.3, "model__learning_rate": 0.3, "model__max_depth": 3.0, "model__n_estimators": 22.0, "model__reg_lambda": 0.0}, "datetime": {"datetime": "2021-03-26 12:58:03", "elapsed": 3.463148, "delta": 0.295413}}
{"target": -1.145351721888975, "params": {"model__colsample_bylevel": 0.3, "model__colsample_bynode": 0.3, "model__colsample_bytree": 1.0, "model__learning_rate": 0.3, "model__max_depth": 3.0, "model__n_estimators": 28.0, "model__reg_lambda": 0.0}, "datetime": {"datetime": "2021-03-26 12:58:03", "elapsed": 3.662329, "delta": 0.199181}}
{"target": -1.145351721888975, "params": {"model__colsample_bylevel": 0.3, "model__colsample_bynode": 0.3, "model__colsample_bytree": 1.0, "model__learning_rate": 0.3, "model__max_depth": 3.0, "model__n_estimators": 28.0, "model__reg_lambda": 0.0}, "datetime": {"datetime": "2021-03-26 12:58:03", "elapsed": 3.662651, "delta": 0.000322}}
{"target": -1.1782876940568963, "params": {"model__colsample_bylevel": 0.3, "model__colsample_bynode": 1.0, "model__colsample_bytree": 1.0, "model__learning_rate": 0.3, "model__max_depth": 8.0, "model__n_estimators": 27.0, "model__reg_lambda": 1.384443015201743}, "datetime": {"datetime": "2021-03-26 12:58:04", "elapsed": 4.085307, "delta": 0.422656}}
{"target": -1.1782876940568963, "params": {"model__colsample_bylevel": 0.3, "model__colsample_bynode": 1.0, "model__colsample_bytree": 1.0, "model__learning_rate": 0.3, "model__max_depth": 8.0, "model__n_estimators": 27.0, "model__reg_lambda": 1.384443015201743}, "datetime": {"datetime": "2021-03-26 12:58:04", "elapsed": 4.085725, "delta": 0.000418}}
{"target": -1.1458671347717284, "params": {"model__colsample_bylevel": 1.0, "model__colsample_bynode": 0.3, "model__colsample_bytree": 0.3, "model__learning_rate": 0.3, "model__max_depth": 3.0, "model__n_estimators": 29.0, "model__reg_lambda": 0.0}, "datetime": {"datetime": "2021-03-26 12:58:04", "elapsed": 4.295446, "delta": 0.209721}}
{"target": -1.1458671347717284, "params": {"model__colsample_bylevel": 1.0, "model__colsample_bynode": 0.3, "model__colsample_bytree": 0.3, "model__learning_rate": 0.3, "model__max_depth": 3.0, "model__n_estimators": 29.0, "model__reg_lambda": 0.0}, "datetime": {"datetime": "2021-03-26 12:58:04", "elapsed": 4.295802, "delta": 0.000356}}
{"target": -1.1458671347717284, "params": {"model__colsample_bylevel": 1.0, "model__colsample_bynode": 0.3, "model__colsample_bytree": 0.3, "model__learning_rate": 0.3, "model__max_depth": 3.0, "model__n_estimators": 29.0, "model__reg_lambda": 0.0}, "datetime": {"datetime": "2021-03-26 12:58:04", "elapsed": 4.295997, "delta": 0.000195}}
{"target": -1.1327443326857156, "params": {"model__colsample_bylevel": 1.0, "model__colsample_bynode": 1.0, "model__colsample_bytree": 0.3, "model__learning_rate": 0.3, "model__max_depth": 3.0, "model__n_estimators": 26.0, "model__reg_lambda": 0.0}, "datetime": {"datetime": "2021-03-26 12:58:04", "elapsed": 4.610258, "delta": 0.314261}}
{"target": -1.1327443326857156, "params": {"model__colsample_bylevel": 1.0, "model__colsample_bynode": 1.0, "model__colsample_bytree": 0.3, "model__learning_rate": 0.3, "model__max_depth": 3.0, "model__n_estimators": 26.0, "model__reg_lambda": 0.0}, "datetime": {"datetime": "2021-03-26 12:58:04", "elapsed": 4.610572, "delta": 0.000314}}
{"target": -1.1327443326857156, "params": {"model__colsample_bylevel": 1.0, "model__colsample_bynode": 1.0, "model__colsample_bytree": 0.3, "model__learning_rate": 0.3, "model__max_depth": 3.0, "model__n_estimators": 26.0, "model__reg_lambda": 0.0}, "datetime": {"datetime": "2021-03-26 12:58:04", "elapsed": 4.610757, "delta": 0.000185}}
{"target": -1.1327443326857156, "params": {"model__colsample_bylevel": 1.0, "model__colsample_bynode": 1.0, "model__colsample_bytree": 0.3, "model__learning_rate": 0.3, "model__max_depth": 3.0, "model__n_estimators": 26.0, "model__reg_lambda": 0.0}, "datetime": {"datetime": "2021-03-26 12:58:04", "elapsed": 4.610935, "delta": 0.000178}}
{"target": -1.1327443326857156, "params": {"model__colsample_bylevel": 1.0, "model__colsample_bynode": 1.0, "model__colsample_bytree": 0.3, "model__learning_rate": 0.3, "model__max_depth": 3.0, "model__n_estimators": 26.0, "model__reg_lambda": 0.0}, "datetime": {"datetime": "2021-03-26 12:58:04", "elapsed": 4.611105, "delta": 0.00017}}
{"target": -1.1327443326857156, "params": {"model__colsample_bylevel": 1.0, "model__colsample_bynode": 1.0, "model__colsample_bytree": 0.3, "model__learning_rate": 0.3, "model__max_depth": 3.0, "model__n_estimators": 26.0, "model__reg_lambda": 0.0}, "datetime": {"datetime": "2021-03-26 12:58:04", "elapsed": 4.611262, "delta": 0.000157}}
{"target": -1.1465036482017057, "params": {"model__colsample_bylevel": 0.3, "model__colsample_bynode": 0.3, "model__colsample_bytree": 1.0, "model__learning_rate": 0.3, "model__max_depth": 3.0, "model__n_estimators": 28.0, "model__reg_lambda": 0.8409089891586309}, "datetime": {"datetime": "2021-03-26 12:58:04", "elapsed": 4.814156, "delta": 0.202894}}
{"target": -1.4863543627270754, "params": {"model__colsample_bylevel": 0.30726190771998996, "model__colsample_bynode": 0.651312214504117, "model__colsample_bytree": 0.6470413051939022, "model__learning_rate": 0.12676590579185532, "model__max_depth": 2.8526665127272315, "model__n_estimators": 18.278380134391174, "model__reg_lambda": 4.185081805104525}, "datetime": {"datetime": "2021-03-26 12:58:04", "elapsed": 4.990894, "delta": 0.176738}}
{"target": -1.2967631829443615, "params": {"model__colsample_bylevel": 0.4736708178894914, "model__colsample_bynode": 0.35884175581574507, "model__colsample_bytree": 0.54184904803528, "model__learning_rate": 0.1333552693064643, "model__max_depth": 7.271354513195954, "model__n_estimators": 29.26446047440075, "model__reg_lambda": 0.38748375832319826}, "datetime": {"datetime": "2021-03-26 12:58:05", "elapsed": 5.257962, "delta": 0.267068}}
{"target": -1.253184603701305, "params": {"model__colsample_bylevel": 0.7893751739791326, "model__colsample_bynode": 0.7009318708985864, "model__colsample_bytree": 0.9286049827576046, "model__learning_rate": 0.23337979458392732, "model__max_depth": 5.28702669827889, "model__n_estimators": 25.53641136102083, "model__reg_lambda": 3.864771696146654}, "datetime": {"datetime": "2021-03-26 12:58:05", "elapsed": 5.905137, "delta": 0.647175}}
{"target": -1.1849565105455373, "params": {"model__colsample_bylevel": 0.7861070744351207, "model__colsample_bynode": 0.8774093251503836, "model__colsample_bytree": 0.6259679327570861, "model__learning_rate": 0.28810488190533123, "model__max_depth": 6.822438620073907, "model__n_estimators": 29.75038872336499, "model__reg_lambda": 1.696362575837671}, "datetime": {"datetime": "2021-03-26 12:58:06", "elapsed": 6.477074, "delta": 0.571937}}
{"target": -1.264945477872169, "params": {"model__colsample_bylevel": 0.6647592980218581, "model__colsample_bynode": 0.9618621918833685, "model__colsample_bytree": 0.7546783242123333, "model__learning_rate": 0.2721663846451393, "model__max_depth": 7.825076072541351, "model__n_estimators": 17.78312530401691, "model__reg_lambda": 2.431156753134085}, "datetime": {"datetime": "2021-03-26 12:58:06", "elapsed": 6.955618, "delta": 0.478544}}
{"target": -1.3262240630426052, "params": {"model__colsample_bylevel": 0.9113805901707872, "model__colsample_bynode": 0.9343940938464552, "model__colsample_bytree": 0.8307945907576542, "model__learning_rate": 0.16938039075510394, "model__max_depth": 4.781208283904345, "model__n_estimators": 24.15806611272194, "model__reg_lambda": 4.96281717671187}, "datetime": {"datetime": "2021-03-26 12:58:07", "elapsed": 7.773851, "delta": 0.818233}}
{"target": -1.406200593288826, "params": {"model__colsample_bylevel": 0.6345818094768427, "model__colsample_bynode": 0.604888825336442, "model__colsample_bytree": 0.9092858074985717, "model__learning_rate": 0.1374717294122843, "model__max_depth": 6.126044559156051, "model__n_estimators": 25.552937607020823, "model__reg_lambda": 9.252000772711074}, "datetime": {"datetime": "2021-03-26 12:58:08", "elapsed": 8.329655, "delta": 0.555804}}
{"target": -1.408094569981314, "params": {"model__colsample_bylevel": 0.32761837237198693, "model__colsample_bynode": 0.7529816994815779, "model__colsample_bytree": 0.7466377893021694, "model__learning_rate": 0.19233953249413938, "model__max_depth": 2.318356546912358, "model__n_estimators": 15.578563847435374, "model__reg_lambda": 1.6953141420787687}, "datetime": {"datetime": "2021-03-26 12:58:08", "elapsed": 8.484815, "delta": 0.15516}}
{"target": -1.3833489647378092, "params": {"model__colsample_bylevel": 0.8561835208849775, "model__colsample_bynode": 0.4138242325920566, "model__colsample_bytree": 0.3971170898456863, "model__learning_rate": 0.17058339064653638, "model__max_depth": 4.906990730916813, "model__n_estimators": 25.466045776856664, "model__reg_lambda": 8.011564316956859}, "datetime": {"datetime": "2021-03-26 12:58:08", "elapsed": 8.772387, "delta": 0.287572}}
{"target": -1.3862885618393403, "params": {"model__colsample_bylevel": 0.4867420639503589, "model__colsample_bynode": 0.936633346480775, "model__colsample_bytree": 0.3160068649787738, "model__learning_rate": 0.17502455249915477, "model__max_depth": 3.1977999718893484, "model__n_estimators": 20.142078437421155, "model__reg_lambda": 4.441122950440465}, "datetime": {"datetime": "2021-03-26 12:58:08", "elapsed": 8.969498, "delta": 0.197111}}
{"target": -1.363288193789945, "params": {"model__colsample_bylevel": 0.6486977272532548, "model__colsample_bynode": 0.5900424273597351, "model__colsample_bytree": 0.4499791740194562, "model__learning_rate": 0.14332794254537243, "model__max_depth": 3.3938427634789914, "model__n_estimators": 25.93628430939619, "model__reg_lambda": 4.159186670147922}, "datetime": {"datetime": "2021-03-26 12:58:09", "elapsed": 9.219781, "delta": 0.250283}}
{"target": -1.3266606256662719, "params": {"model__colsample_bylevel": 0.7087287246096596, "model__colsample_bynode": 0.6460356235928947, "model__colsample_bytree": 0.6010327699478305, "model__learning_rate": 0.24695316340723392, "model__max_depth": 5.337298920821893, "model__n_estimators": 19.539459624900097, "model__reg_lambda": 9.70798194813456}, "datetime": {"datetime": "2021-03-26 12:58:09", "elapsed": 9.571311, "delta": 0.35153}}
{"target": -1.3780743520976841, "params": {"model__colsample_bylevel": 0.4573898284863129, "model__colsample_bynode": 0.39713840986827087, "model__colsample_bytree": 0.730452732753553, "model__learning_rate": 0.19838578785694924, "model__max_depth": 3.0989164019193227, "model__n_estimators": 16.639657727470496, "model__reg_lambda": 5.395755249234239}, "datetime": {"datetime": "2021-03-26 12:58:09", "elapsed": 9.746746, "delta": 0.175435}}
{"target": -1.297836834448727, "params": {"model__colsample_bylevel": 0.5025094970837707, "model__colsample_bynode": 0.37213783629228636, "model__colsample_bytree": 0.6434210837220209, "model__learning_rate": 0.22641833694649102, "model__max_depth": 2.227815301561689, "model__n_estimators": 22.50161880662639, "model__reg_lambda": 0.835434299294453}, "datetime": {"datetime": "2021-03-26 12:58:09", "elapsed": 9.904148, "delta": 0.157402}}
{"target": -1.3486170974384615, "params": {"model__colsample_bylevel": 0.8539227643210632, "model__colsample_bynode": 0.8306252174459399, "model__colsample_bytree": 0.4835912545620663, "model__learning_rate": 0.12017171820904433, "model__max_depth": 7.503156236962601, "model__n_estimators": 22.761903626532458, "model__reg_lambda": 1.3353967592343363}, "datetime": {"datetime": "2021-03-26 12:58:10", "elapsed": 10.375352, "delta": 0.471204}}
{"target": -1.441780828981512, "params": {"model__colsample_bylevel": 0.3787801798303496, "model__colsample_bynode": 0.8891488038898538, "model__colsample_bytree": 0.682252315571295, "model__learning_rate": 0.1522033166295056, "model__max_depth": 5.4549531069191834, "model__n_estimators": 19.707789101668837, "model__reg_lambda": 7.916231853067416}, "datetime": {"datetime": "2021-03-26 12:58:10", "elapsed": 10.68706, "delta": 0.311708}}
{"target": -1.254965588632647, "params": {"model__colsample_bylevel": 0.6451635028820711, "model__colsample_bynode": 0.9756107284220326, "model__colsample_bytree": 0.6642183611480073, "model__learning_rate": 0.2806043190994539, "model__max_depth": 3.4988273636139016, "model__n_estimators": 22.822309547759104, "model__reg_lambda": 5.0574568339000425}, "datetime": {"datetime": "2021-03-26 12:58:11", "elapsed": 11.08182, "delta": 0.39476}}
{"target": -1.3393205544168967, "params": {"model__colsample_bylevel": 0.8691500365097846, "model__colsample_bynode": 0.35123595486158105, "model__colsample_bytree": 0.8853449005213216, "model__learning_rate": 0.26084712707576596, "model__max_depth": 4.4379276251183954, "model__n_estimators": 15.546768724832507, "model__reg_lambda": 7.672541069525759}, "datetime": {"datetime": "2021-03-26 12:58:11", "elapsed": 11.337464, "delta": 0.255644}}
{"target": -1.2593291200832397, "params": {"model__colsample_bylevel": 0.7752492983214213, "model__colsample_bynode": 0.9432502217801924, "model__colsample_bytree": 0.6921299356114399, "model__learning_rate": 0.2935437919451478, "model__max_depth": 3.850306106454099, "model__n_estimators": 20.083349491730285, "model__reg_lambda": 7.308818114469667}, "datetime": {"datetime": "2021-03-26 12:58:11", "elapsed": 11.820838, "delta": 0.483374}}
{"target": -1.2473424170206746, "params": {"model__colsample_bylevel": 0.7909589341540182, "model__colsample_bynode": 0.8077442453063763, "model__colsample_bytree": 0.9257599208468199, "model__learning_rate": 0.24332981747869467, "model__max_depth": 6.092916621028417, "model__n_estimators": 27.646752630781677, "model__reg_lambda": 6.451189984951728}, "datetime": {"datetime": "2021-03-26 12:58:12", "elapsed": 12.625759, "delta": 0.804921}}
