{"target": -1.1951304628250554, "params": {"model__colsample_bylevel": 0.3, "model__colsample_bynode": 1.0, "model__colsample_bytree": 1.0, "model__learning_rate": 0.3, "model__max_depth": 5.4342767824553295, "model__n_estimators": 30.0, "model__reg_lambda": 4.837332128170404}, "datetime": {"datetime": "2021-03-26 12:58:52", "elapsed": 52.676817, "delta": 1.226783}}
{"target": -1.2143243948196778, "params": {"model__colsample_bylevel": 1.0, "model__colsample_bynode": 0.3, "model__colsample_bytree": 0.3, "model__learning_rate": 0.3, "model__max_depth": 3.9164534925156977, "model__n_estimators": 20.2540411132532, "model__reg_lambda": 0.0}, "datetime": {"datetime": "2021-03-26 12:58:53", "elapsed": 53.595122, "delta": 0.918305}}
{"target": -1.2584221569551288, "params": {"model__colsample_bylevel": 0.3, "model__colsample_bynode": 1.0, "model__colsample_bytree": 0.3, "model__learning_rate": 0.3, "model__max_depth": 8.0, "model__n_estimators": 16.555619792115852, "model__reg_lambda": 0.0}, "datetime": {"datetime": "2021-03-26 12:58:54", "elapsed": 54.536869, "delta": 0.941747}}
{"target": -1.3359390408043628, "params": {"model__colsample_bylevel": 1.0, "model__colsample_bynode": 1.0, "model__colsample_bytree": 1.0, "model__learning_rate": 0.3, "model__max_depth": 4.342356508940047, "model__n_estimators": 15.0, "model__reg_lambda": 5.110198762724109}, "datetime": {"datetime": "2021-03-26 12:58:55", "elapsed": 55.912384, "delta": 1.375515}}
{"target": -1.164546072648069, "params": {"model__colsample_bylevel": 0.3, "model__colsample_bynode": 1.0, "model__colsample_bytree": 1.0, "model__learning_rate": 0.3, "model__max_depth": 3.4615145525176523, "model__n_estimators": 21.035298396517295, "model__reg_lambda": 0.0}, "datetime": {"datetime": "2021-03-26 12:58:56", "elapsed": 56.956681, "delta": 1.044297}}
{"target": -1.2397052692114443, "params": {"model__colsample_bylevel": 1.0, "model__colsample_bynode": 1.0, "model__colsample_bytree": 0.3, "model__learning_rate": 0.3, "model__max_depth": 8.0, "model__n_estimators": 27.51471873240043, "model__reg_lambda": 10.0}, "datetime": {"datetime": "2021-03-26 12:58:58", "elapsed": 59.004753, "delta": 2.048072}}
{"target": -1.2103277487275392, "params": {"model__colsample_bylevel": 1.0, "model__colsample_bynode": 1.0, "model__colsample_bytree": 0.3, "model__learning_rate": 0.3, "model__max_depth": 5.844261611634951, "model__n_estimators": 30.0, "model__reg_lambda": 7.390053496702963}, "datetime": {"datetime": "2021-03-26 12:59:01", "elapsed": 61.080852, "delta": 2.076099}}
{"target": -1.1862452562372, "params": {"model__colsample_bylevel": 0.3, "model__colsample_bynode": 1.0, "model__colsample_bytree": 0.3, "model__learning_rate": 0.3, "model__max_depth": 5.882921637636485, "model__n_estimators": 28.050041282209115, "model__reg_lambda": 1.0687882433426892}, "datetime": {"datetime": "2021-03-26 12:59:02", "elapsed": 62.5086, "delta": 1.427748}}
{"target": -1.2229154898049444, "params": {"model__colsample_bylevel": 0.3, "model__colsample_bynode": 1.0, "model__colsample_bytree": 0.3, "model__learning_rate": 0.3, "model__max_depth": 8.0, "model__n_estimators": 26.660193830875052, "model__reg_lambda": 3.3888518498184337}, "datetime": {"datetime": "2021-03-26 12:59:04", "elapsed": 64.17309, "delta": 1.66449}}
{"target": -1.3153370771503103, "params": {"model__colsample_bylevel": 0.3, "model__colsample_bynode": 0.3, "model__colsample_bytree": 0.3, "model__learning_rate": 0.3, "model__max_depth": 8.0, "model__n_estimators": 24.83377961108558, "model__reg_lambda": 0.0}, "datetime": {"datetime": "2021-03-26 12:59:05", "elapsed": 65.629492, "delta": 1.456402}}
{"target": -1.3514374208407125, "params": {"model__colsample_bylevel": 0.3, "model__colsample_bynode": 0.3, "model__colsample_bytree": 1.0, "model__learning_rate": 0.3, "model__max_depth": 3.433286586879759, "model__n_estimators": 19.03556951644156, "model__reg_lambda": 10.0}, "datetime": {"datetime": "2021-03-26 12:59:07", "elapsed": 67.361718, "delta": 1.732226}}
{"target": -1.1995064424796273, "params": {"model__colsample_bylevel": 1.0, "model__colsample_bynode": 0.3, "model__colsample_bytree": 1.0, "model__learning_rate": 0.3, "model__max_depth": 8.0, "model__n_estimators": 30.0, "model__reg_lambda": 8.657103635055002}, "datetime": {"datetime": "2021-03-26 12:59:09", "elapsed": 69.376691, "delta": 2.014973}}
{"target": -1.3211595607381583, "params": {"model__colsample_bylevel": 0.3, "model__colsample_bynode": 0.3, "model__colsample_bytree": 0.3, "model__learning_rate": 0.3, "model__max_depth": 6.546219438544004, "model__n_estimators": 30.0, "model__reg_lambda": 3.832339446850074}, "datetime": {"datetime": "2021-03-26 12:59:10", "elapsed": 70.785515, "delta": 1.408824}}
{"target": -1.1825554006247092, "params": {"model__colsample_bylevel": 0.3, "model__colsample_bynode": 0.3, "model__colsample_bytree": 1.0, "model__learning_rate": 0.3, "model__max_depth": 8.0, "model__n_estimators": 20.11777990587354, "model__reg_lambda": 1.8132432143304458}, "datetime": {"datetime": "2021-03-26 12:59:12", "elapsed": 72.497958, "delta": 1.712443}}
{"target": -1.2438121912143856, "params": {"model__colsample_bylevel": 1.0, "model__colsample_bynode": 1.0, "model__colsample_bytree": 1.0, "model__learning_rate": 0.3, "model__max_depth": 8.0, "model__n_estimators": 30.0, "model__reg_lambda": 4.252637620385473}, "datetime": {"datetime": "2021-03-26 12:59:14", "elapsed": 75.036768, "delta": 2.53881}}
{"target": -1.220923670772733, "params": {"model__colsample_bylevel": 0.3, "model__colsample_bynode": 1.0, "model__colsample_bytree": 1.0, "model__learning_rate": 0.3, "model__max_depth": 2.0, "model__n_estimators": 30.0, "model__reg_lambda": 8.389422708413178}, "datetime": {"datetime": "2021-03-26 12:59:17", "elapsed": 77.113093, "delta": 2.076325}}
{"target": -1.1898650633549128, "params": {"model__colsample_bylevel": 0.3, "model__colsample_bynode": 1.0, "model__colsample_bytree": 1.0, "model__learning_rate": 0.3, "model__max_depth": 2.0, "model__n_estimators": 25.682798670723948, "model__reg_lambda": 0.0}, "datetime": {"datetime": "2021-03-26 12:59:18", "elapsed": 79.007004, "delta": 1.893911}}
{"target": -1.2135860480347893, "params": {"model__colsample_bylevel": 1.0, "model__colsample_bynode": 0.3, "model__colsample_bytree": 1.0, "model__learning_rate": 0.3, "model__max_depth": 4.064453986795495, "model__n_estimators": 21.24052199432065, "model__reg_lambda": 1.3569630076781019}, "datetime": {"datetime": "2021-03-26 12:59:20", "elapsed": 80.966153, "delta": 1.959149}}
{"target": -1.2172482008019974, "params": {"model__colsample_bylevel": 0.3, "model__colsample_bynode": 1.0, "model__colsample_bytree": 1.0, "model__learning_rate": 0.3, "model__max_depth": 8.0, "model__n_estimators": 28.345902741180343, "model__reg_lambda": 8.133113422492569}, "datetime": {"datetime": "2021-03-26 12:59:22", "elapsed": 82.739459, "delta": 1.773306}}
{"target": -1.255230109034565, "params": {"model__colsample_bylevel": 0.3, "model__colsample_bynode": 1.0, "model__colsample_bytree": 1.0, "model__learning_rate": 0.3, "model__max_depth": 2.0, "model__n_estimators": 22.8740901329492, "model__reg_lambda": 7.040570642590818}, "datetime": {"datetime": "2021-03-26 12:59:24", "elapsed": 84.298992, "delta": 1.559533}}
{"target": -1.3110547241214934, "params": {"model__colsample_bylevel": 1.0, "model__colsample_bynode": 1.0, "model__colsample_bytree": 1.0, "model__learning_rate": 0.3, "model__max_depth": 8.0, "model__n_estimators": 22.141762456036997, "model__reg_lambda": 7.760502375814683}, "datetime": {"datetime": "2021-03-26 12:59:26", "elapsed": 86.882993, "delta": 2.584001}}
{"target": -1.2119677912194171, "params": {"model__colsample_bylevel": 0.3, "model__colsample_bynode": 1.0, "model__colsample_bytree": 1.0, "model__learning_rate": 0.3, "model__max_depth": 3.7154893373884095, "model__n_estimators": 28.33641871946827, "model__reg_lambda": 5.936448027920103}, "datetime": {"datetime": "2021-03-26 12:59:28", "elapsed": 88.779438, "delta": 1.896445}}
{"target": -1.2420274068479953, "params": {"model__colsample_bylevel": 1.0, "model__colsample_bynode": 1.0, "model__colsample_bytree": 1.0, "model__learning_rate": 0.3, "model__max_depth": 2.0, "model__n_estimators": 30.0, "model__reg_lambda": 2.8759875275564575}, "datetime": {"datetime": "2021-03-26 12:59:30", "elapsed": 91.039113, "delta": 2.259675}}
{"target": -1.2666732475957903, "params": {"model__colsample_bylevel": 1.0, "model__colsample_bynode": 0.3, "model__colsample_bytree": 1.0, "model__learning_rate": 0.3, "model__max_depth": 8.0, "model__n_estimators": 18.33018793555953, "model__reg_lambda": 4.922537027981608}, "datetime": {"datetime": "2021-03-26 12:59:32", "elapsed": 92.98394, "delta": 1.944827}}
{"target": -1.3576955219352806, "params": {"model__colsample_bylevel": 1.0, "model__colsample_bynode": 0.3, "model__colsample_bytree": 1.0, "model__learning_rate": 0.3, "model__max_depth": 5.512673597886984, "model__n_estimators": 15.0, "model__reg_lambda": 10.0}, "datetime": {"datetime": "2021-03-26 12:59:34", "elapsed": 94.731895, "delta": 1.747955}}
{"target": -1.33199131029685, "params": {"model__colsample_bylevel": 1.0, "model__colsample_bynode": 1.0, "model__colsample_bytree": 1.0, "model__learning_rate": 0.3, "model__max_depth": 5.480725218753578, "model__n_estimators": 21.32612480776999, "model__reg_lambda": 0.0}, "datetime": {"datetime": "2021-03-26 12:59:36", "elapsed": 96.730759, "delta": 1.998864}}
{"target": -1.2195630546784082, "params": {"model__colsample_bylevel": 0.3, "model__colsample_bynode": 0.3, "model__colsample_bytree": 1.0, "model__learning_rate": 0.3, "model__max_depth": 3.058643346594202, "model__n_estimators": 17.306637687087125, "model__reg_lambda": 0.0}, "datetime": {"datetime": "2021-03-26 12:59:38", "elapsed": 98.585129, "delta": 1.85437}}
{"target": -1.218289718374718, "params": {"model__colsample_bylevel": 1.0, "model__colsample_bynode": 1.0, "model__colsample_bytree": 0.3, "model__learning_rate": 0.3, "model__max_depth": 8.0, "model__n_estimators": 28.990273905547188, "model__reg_lambda": 7.426416818829138}, "datetime": {"datetime": "2021-03-26 12:59:40", "elapsed": 100.680637, "delta": 2.095508}}
{"target": -1.2028937918478217, "params": {"model__colsample_bylevel": 0.3, "model__colsample_bynode": 1.0, "model__colsample_bytree": 1.0, "model__learning_rate": 0.3, "model__max_depth": 6.4204632243962205, "model__n_estimators": 28.15422703672829, "model__reg_lambda": 4.536177162138323}, "datetime": {"datetime": "2021-03-26 12:59:42", "elapsed": 102.502266, "delta": 1.821629}}
{"target": -1.1961243268480337, "params": {"model__colsample_bylevel": 1.0, "model__colsample_bynode": 0.3, "model__colsample_bytree": 1.0, "model__learning_rate": 0.3, "model__max_depth": 3.4075350528729964, "model__n_estimators": 30.0, "model__reg_lambda": 7.579991431531075}, "datetime": {"datetime": "2021-03-26 12:59:44", "elapsed": 104.132551, "delta": 1.630285}}
{"target": -1.2204000674701039, "params": {"model__colsample_bylevel": 1.0, "model__colsample_bynode": 1.0, "model__colsample_bytree": 0.3, "model__learning_rate": 0.3, "model__max_depth": 8.0, "model__n_estimators": 26.876959239593877, "model__reg_lambda": 1.3956494764066156}, "datetime": {"datetime": "2021-03-26 12:59:45", "elapsed": 106.018045, "delta": 1.885494}}
{"target": -1.356125666935375, "params": {"model__colsample_bylevel": 1.0, "model__colsample_bynode": 1.0, "model__colsample_bytree": 1.0, "model__learning_rate": 0.3, "model__max_depth": 8.0, "model__n_estimators": 18.026036707912226, "model__reg_lambda": 10.0}, "datetime": {"datetime": "2021-03-26 12:59:48", "elapsed": 108.634906, "delta": 2.616861}}
{"target": -1.3097747355928997, "params": {"model__colsample_bylevel": 1.0, "model__colsample_bynode": 1.0, "model__colsample_bytree": 1.0, "model__learning_rate": 0.3, "model__max_depth": 3.6219767283093875, "model__n_estimators": 28.311893696653932, "model__reg_lambda": 0.0}, "datetime": {"datetime": "2021-03-26 12:59:50", "elapsed": 110.700557, "delta": 2.065651}}
{"target": -1.365995494176404, "params": {"model__colsample_bylevel": 0.3, "model__colsample_bynode": 0.3, "model__colsample_bytree": 0.3, "model__learning_rate": 0.3, "model__max_depth": 2.0, "model__n_estimators": 26.9988194842626, "model__reg_lambda": 0.0}, "datetime": {"datetime": "2021-03-26 12:59:52", "elapsed": 112.359196, "delta": 1.658639}}
{"target": -1.2742105311565644, "params": {"model__colsample_bylevel": 1.0, "model__colsample_bynode": 1.0, "model__colsample_bytree": 1.0, "model__learning_rate": 0.3, "model__max_depth": 2.0, "model__n_estimators": 28.00109764995868, "model__reg_lambda": 7.273358111554355}, "datetime": {"datetime": "2021-03-26 12:59:54", "elapsed": 114.448506, "delta": 2.08931}}
{"target": -1.3551278714576493, "params": {"model__colsample_bylevel": 0.3, "model__colsample_bynode": 0.3, "model__colsample_bytree": 0.3, "model__learning_rate": 0.3, "model__max_depth": 2.4302947632011596, "model__n_estimators": 30.0, "model__reg_lambda": 1.039509094576864}, "datetime": {"datetime": "2021-03-26 12:59:56", "elapsed": 116.24761, "delta": 1.799104}}
{"target": -1.2027386179308581, "params": {"model__colsample_bylevel": 0.3, "model__colsample_bynode": 1.0, "model__colsample_bytree": 1.0, "model__learning_rate": 0.3, "model__max_depth": 5.5127424029332985, "model__n_estimators": 23.63147192201958, "model__reg_lambda": 2.2218534626802913}, "datetime": {"datetime": "2021-03-26 12:59:57", "elapsed": 118.051823, "delta": 1.804213}}
{"target": -1.2391767047845046, "params": {"model__colsample_bylevel": 1.0, "model__colsample_bynode": 1.0, "model__colsample_bytree": 1.0, "model__learning_rate": 0.3, "model__max_depth": 3.2272339160129717, "model__n_estimators": 30.0, "model__reg_lambda": 5.58483751510604}, "datetime": {"datetime": "2021-03-26 13:00:00", "elapsed": 120.573976, "delta": 2.522153}}
{"target": -1.2191534296960396, "params": {"model__colsample_bylevel": 0.3, "model__colsample_bynode": 1.0, "model__colsample_bytree": 1.0, "model__learning_rate": 0.3, "model__max_depth": 8.0, "model__n_estimators": 15.0, "model__reg_lambda": 0.0}, "datetime": {"datetime": "2021-03-26 13:00:02", "elapsed": 122.328089, "delta": 1.754113}}
{"target": -1.3471289250405802, "params": {"model__colsample_bylevel": 0.3, "model__colsample_bynode": 0.3, "model__colsample_bytree": 0.3, "model__learning_rate": 0.3, "model__max_depth": 8.0, "model__n_estimators": 19.955681917766764, "model__reg_lambda": 0.0}, "datetime": {"datetime": "2021-03-26 13:00:03", "elapsed": 123.77434, "delta": 1.446251}}
{"target": -1.2498160504628026, "params": {"model__colsample_bylevel": 0.3, "model__colsample_bynode": 1.0, "model__colsample_bytree": 1.0, "model__learning_rate": 0.3, "model__max_depth": 4.586375198522687, "model__n_estimators": 22.47183353507356, "model__reg_lambda": 7.541663575142919}, "datetime": {"datetime": "2021-03-26 13:00:05", "elapsed": 125.608, "delta": 1.83366}}
{"target": -1.2413188875612358, "params": {"model__colsample_bylevel": 1.0, "model__colsample_bynode": 0.30000000000000004, "model__colsample_bytree": 1.0, "model__learning_rate": 0.3, "model__max_depth": 2.0, "model__n_estimators": 30.0, "model__reg_lambda": 10.0}, "datetime": {"datetime": "2021-03-26 13:00:07", "elapsed": 127.497211, "delta": 1.889211}}
{"target": -1.1918768392025452, "params": {"model__colsample_bylevel": 0.3, "model__colsample_bynode": 1.0, "model__colsample_bytree": 1.0, "model__learning_rate": 0.3, "model__max_depth": 3.34760494828444, "model__n_estimators": 26.152964008476047, "model__reg_lambda": 1.3831333410075515}, "datetime": {"datetime": "2021-03-26 13:00:09", "elapsed": 129.238819, "delta": 1.741608}}
{"target": -1.4207647160019563, "params": {"model__colsample_bylevel": 0.3, "model__colsample_bynode": 0.3, "model__colsample_bytree": 1.0, "model__learning_rate": 0.3, "model__max_depth": 2.0, "model__n_estimators": 15.0, "model__reg_lambda": 5.87493800780662}, "datetime": {"datetime": "2021-03-26 13:00:10", "elapsed": 131.001446, "delta": 1.762627}}
{"target": -1.4338906971062872, "params": {"model__colsample_bylevel": 0.3, "model__colsample_bynode": 0.3, "model__colsample_bytree": 0.3, "model__learning_rate": 0.3, "model__max_depth": 2.0, "model__n_estimators": 19.355654302761224, "model__reg_lambda": 0.0}, "datetime": {"datetime": "2021-03-26 13:00:12", "elapsed": 132.955156, "delta": 1.95371}}
{"target": -1.307570273373816, "params": {"model__colsample_bylevel": 0.3, "model__colsample_bynode": 1.0, "model__colsample_bytree": 0.3, "model__learning_rate": 0.3, "model__max_depth": 8.0, "model__n_estimators": 24.508949302687032, "model__reg_lambda": 10.0}, "datetime": {"datetime": "2021-03-26 13:00:14", "elapsed": 134.512207, "delta": 1.557051}}
{"target": -1.2314866734533638, "params": {"model__colsample_bylevel": 0.3, "model__colsample_bynode": 0.3, "model__colsample_bytree": 1.0, "model__learning_rate": 0.3, "model__max_depth": 8.0, "model__n_estimators": 24.068561355293237, "model__reg_lambda": 2.9520225633898143}, "datetime": {"datetime": "2021-03-26 13:00:16", "elapsed": 136.242614, "delta": 1.730407}}
{"target": -1.2474087137195782, "params": {"model__colsample_bylevel": 1.0, "model__colsample_bynode": 1.0, "model__colsample_bytree": 0.3, "model__learning_rate": 0.3, "model__max_depth": 3.8429796044836606, "model__n_estimators": 15.0, "model__reg_lambda": 0.0}, "datetime": {"datetime": "2021-03-26 13:00:18", "elapsed": 138.201239, "delta": 1.958625}}
{"target": -1.296487822714329, "params": {"model__colsample_bylevel": 1.0, "model__colsample_bynode": 1.0, "model__colsample_bytree": 1.0, "model__learning_rate": 0.3, "model__max_depth": 5.299325987605645, "model__n_estimators": 18.995020678505774, "model__reg_lambda": 5.351049166873952}, "datetime": {"datetime": "2021-03-26 13:00:20", "elapsed": 140.799807, "delta": 2.598568}}
{"target": -1.3472098403596793, "params": {"model__colsample_bylevel": 1.0, "model__colsample_bynode": 0.3, "model__colsample_bytree": 0.3, "model__learning_rate": 0.3, "model__max_depth": 2.0, "model__n_estimators": 21.83133766402086, "model__reg_lambda": 7.952756347868981}, "datetime": {"datetime": "2021-03-26 13:00:22", "elapsed": 142.524477, "delta": 1.72467}}
{"target": -1.2503792348365041, "params": {"model__colsample_bylevel": 1.0, "model__colsample_bynode": 1.0, "model__colsample_bytree": 1.0, "model__learning_rate": 0.3, "model__max_depth": 2.0, "model__n_estimators": 22.4416352662029, "model__reg_lambda": 0.0}, "datetime": {"datetime": "2021-03-26 13:00:24", "elapsed": 144.971589, "delta": 2.447112}}
{"target": -1.2059659056878391, "params": {"model__colsample_bylevel": 0.3, "model__colsample_bynode": 0.3, "model__colsample_bytree": 1.0, "model__learning_rate": 0.3, "model__max_depth": 3.705409416811412, "model__n_estimators": 28.292668676629134, "model__reg_lambda": 3.898363797081484}, "datetime": {"datetime": "2021-03-26 13:00:26", "elapsed": 146.691787, "delta": 1.720198}}
{"target": -1.3449316754248803, "params": {"model__colsample_bylevel": 1.0, "model__colsample_bynode": 1.0, "model__colsample_bytree": 1.0, "model__learning_rate": 0.3, "model__max_depth": 8.0, "model__n_estimators": 16.106058783250063, "model__reg_lambda": 1.2351889459800707}, "datetime": {"datetime": "2021-03-26 13:00:28", "elapsed": 148.972537, "delta": 2.28075}}
{"target": -1.250398931538929, "params": {"model__colsample_bylevel": 1.0, "model__colsample_bynode": 1.0, "model__colsample_bytree": 1.0, "model__learning_rate": 0.3, "model__max_depth": 2.0, "model__n_estimators": 27.86763128383251, "model__reg_lambda": 3.5242178843922813}, "datetime": {"datetime": "2021-03-26 13:00:31", "elapsed": 151.309842, "delta": 2.337305}}
{"target": -1.2211420712844077, "params": {"model__colsample_bylevel": 0.3, "model__colsample_bynode": 1.0, "model__colsample_bytree": 1.0, "model__learning_rate": 0.3, "model__max_depth": 8.0, "model__n_estimators": 26.170945470122103, "model__reg_lambda": 6.586916981313354}, "datetime": {"datetime": "2021-03-26 13:00:33", "elapsed": 153.442799, "delta": 2.132957}}
{"target": -1.2365505073975391, "params": {"model__colsample_bylevel": 0.3, "model__colsample_bynode": 1.0, "model__colsample_bytree": 1.0, "model__learning_rate": 0.3, "model__max_depth": 8.0, "model__n_estimators": 19.259973263325364, "model__reg_lambda": 3.9654853844357287}, "datetime": {"datetime": "2021-03-26 13:00:35", "elapsed": 155.092262, "delta": 1.649463}}
{"target": -1.31266320646619, "params": {"model__colsample_bylevel": 1.0, "model__colsample_bynode": 0.3, "model__colsample_bytree": 1.0, "model__learning_rate": 0.3, "model__max_depth": 5.803270168286269, "model__n_estimators": 15.0, "model__reg_lambda": 5.955210313157664}, "datetime": {"datetime": "2021-03-26 13:00:37", "elapsed": 157.377848, "delta": 2.285586}}
{"target": -1.3710490213194189, "params": {"model__colsample_bylevel": 1.0, "model__colsample_bynode": 1.0, "model__colsample_bytree": 0.3, "model__learning_rate": 0.3, "model__max_depth": 2.0, "model__n_estimators": 19.064816010539005, "model__reg_lambda": 10.0}, "datetime": {"datetime": "2021-03-26 13:00:39", "elapsed": 159.072529, "delta": 1.694681}}
{"target": -1.179679947603575, "params": {"model__colsample_bylevel": 0.3, "model__colsample_bynode": 1.0, "model__colsample_bytree": 0.3, "model__learning_rate": 0.3, "model__max_depth": 3.8211114810787072, "model__n_estimators": 22.701668368883308, "model__reg_lambda": 0.0}, "datetime": {"datetime": "2021-03-26 13:00:40", "elapsed": 160.702711, "delta": 1.630182}}
{"target": -1.2286036572317875, "params": {"model__colsample_bylevel": 1.0, "model__colsample_bynode": 1.0, "model__colsample_bytree": 0.3, "model__learning_rate": 0.3, "model__max_depth": 5.240509740925988, "model__n_estimators": 29.329677497017155, "model__reg_lambda": 4.943687612523592}, "datetime": {"datetime": "2021-03-26 13:00:42", "elapsed": 162.882526, "delta": 2.179815}}
