{"target": -0.34369573304902057, "params": {"model__colsample_bylevel": 0.6550019649391987, "model__colsample_bynode": 0.34408960071674916, "model__colsample_bytree": 0.7431487330513277, "model__learning_rate": 0.13608420307384064, "model__max_depth": 7.750959974095741, "model__n_estimators": 20.67729461420516, "model__reg_lambda": 0.0437480073242269}, "datetime": {"datetime": "2021-03-24 04:23:01", "elapsed": 75.542549, "delta": 1.509428}}
{"target": -0.3596508207410385, "params": {"model__colsample_bylevel": 1.0, "model__colsample_bynode": 1.0, "model__colsample_bytree": 1.0, "model__learning_rate": 0.3, "model__max_depth": 8.0, "model__n_estimators": 28.25955957249824, "model__reg_lambda": 4.2623684607327235}, "datetime": {"datetime": "2021-03-24 04:23:02", "elapsed": 77.200821, "delta": 1.658272}}
{"target": -0.33568449184042065, "params": {"model__colsample_bylevel": 0.8422314636352837, "model__colsample_bynode": 0.3900241762504314, "model__colsample_bytree": 0.37983095418819157, "model__learning_rate": 0.2940911842746337, "model__max_depth": 7.947005108121517, "model__n_estimators": 29.0823162717748, "model__reg_lambda": 7.605222114003447}, "datetime": {"datetime": "2021-03-24 04:23:03", "elapsed": 78.299758, "delta": 1.098937}}
{"target": -0.34280915504011017, "params": {"model__colsample_bylevel": 1.0, "model__colsample_bynode": 0.3, "model__colsample_bytree": 1.0, "model__learning_rate": 0.3, "model__max_depth": 2.0, "model__n_estimators": 29.65267997701718, "model__reg_lambda": 6.618295414450754}, "datetime": {"datetime": "2021-03-24 04:23:05", "elapsed": 79.679052, "delta": 1.379294}}
{"target": -0.34385371696780964, "params": {"model__colsample_bylevel": 1.0, "model__colsample_bynode": 0.9949312891015468, "model__colsample_bytree": 1.0, "model__learning_rate": 0.3, "model__max_depth": 3.451687729264831, "model__n_estimators": 16.989018231166053, "model__reg_lambda": 1.4666720989549207}, "datetime": {"datetime": "2021-03-24 04:23:06", "elapsed": 80.894144, "delta": 1.215092}}
{"target": -0.3668769975199594, "params": {"model__colsample_bylevel": 0.3, "model__colsample_bynode": 0.30000000540533844, "model__colsample_bytree": 1.0, "model__learning_rate": 0.3, "model__max_depth": 3.4541775290661176, "model__n_estimators": 23.24182321956515, "model__reg_lambda": 3.5202169095801175}, "datetime": {"datetime": "2021-03-24 04:23:07", "elapsed": 82.234746, "delta": 1.340602}}
{"target": -0.4173799776904069, "params": {"model__colsample_bylevel": 1.0, "model__colsample_bynode": 0.3, "model__colsample_bytree": 0.3, "model__learning_rate": 0.1, "model__max_depth": 2.0, "model__n_estimators": 30.0, "model__reg_lambda": 0.0}, "datetime": {"datetime": "2021-03-24 04:23:09", "elapsed": 83.642658, "delta": 1.407912}}
{"target": -0.35396975449968016, "params": {"model__colsample_bylevel": 0.718454198102648, "model__colsample_bynode": 0.865501055025427, "model__colsample_bytree": 0.9687312010611557, "model__learning_rate": 0.2816605142830837, "model__max_depth": 2.0749573752053667, "model__n_estimators": 15.090542653795344, "model__reg_lambda": 0.19178368399253132}, "datetime": {"datetime": "2021-03-24 04:23:10", "elapsed": 84.932638, "delta": 1.28998}}
{"target": -0.36282227475844, "params": {"model__colsample_bylevel": 0.3, "model__colsample_bynode": 1.0, "model__colsample_bytree": 0.5326463252899716, "model__learning_rate": 0.3, "model__max_depth": 7.763064430162734, "model__n_estimators": 22.41456998868085, "model__reg_lambda": 10.0}, "datetime": {"datetime": "2021-03-24 04:23:11", "elapsed": 86.322883, "delta": 1.390245}}
{"target": -0.3782146519441428, "params": {"model__colsample_bylevel": 0.3, "model__colsample_bynode": 0.3, "model__colsample_bytree": 1.0, "model__learning_rate": 0.3, "model__max_depth": 2.0, "model__n_estimators": 30.0, "model__reg_lambda": 10.0}, "datetime": {"datetime": "2021-03-24 04:23:13", "elapsed": 87.668639, "delta": 1.345756}}
{"target": -0.4026999737419512, "params": {"model__colsample_bylevel": 0.32650510872005495, "model__colsample_bynode": 0.9659265822248677, "model__colsample_bytree": 0.6984469823905043, "model__learning_rate": 0.11200591479357543, "model__max_depth": 2.1472794811306013, "model__n_estimators": 26.384341582881667, "model__reg_lambda": 0.7902703459791205}, "datetime": {"datetime": "2021-03-24 04:23:14", "elapsed": 88.741098, "delta": 1.072459}}
{"target": -0.33983420005753173, "params": {"model__colsample_bylevel": 1.0, "model__colsample_bynode": 1.0, "model__colsample_bytree": 0.3, "model__learning_rate": 0.3, "model__max_depth": 2.0, "model__n_estimators": 26.664388733391, "model__reg_lambda": 6.431807758435652}, "datetime": {"datetime": "2021-03-24 04:23:15", "elapsed": 90.254165, "delta": 1.513067}}
{"target": -0.35791219360856474, "params": {"model__colsample_bylevel": 1.0, "model__colsample_bynode": 1.0, "model__colsample_bytree": 1.0, "model__learning_rate": 0.3, "model__max_depth": 2.0, "model__n_estimators": 27.58905469956809, "model__reg_lambda": 10.0}, "datetime": {"datetime": "2021-03-24 04:23:17", "elapsed": 91.600377, "delta": 1.346212}}
{"target": -0.3562642203799139, "params": {"model__colsample_bylevel": 1.0, "model__colsample_bynode": 0.3, "model__colsample_bytree": 1.0, "model__learning_rate": 0.3, "model__max_depth": 3.8143863041590014, "model__n_estimators": 19.737045059863824, "model__reg_lambda": 10.0}, "datetime": {"datetime": "2021-03-24 04:23:18", "elapsed": 92.959181, "delta": 1.358804}}
{"target": -0.31594011999170657, "params": {"model__colsample_bylevel": 0.3017015766446222, "model__colsample_bynode": 0.5659756458291767, "model__colsample_bytree": 0.6346433443943698, "model__learning_rate": 0.282256226992066, "model__max_depth": 3.6404166867270398, "model__n_estimators": 23.51022967703999, "model__reg_lambda": 0.48008743461187775}, "datetime": {"datetime": "2021-03-24 04:23:19", "elapsed": 94.27177, "delta": 1.312589}}
{"target": -0.3405641359742731, "params": {"model__colsample_bylevel": 0.38242416609029634, "model__colsample_bynode": 0.6810901432487736, "model__colsample_bytree": 0.4589592105203906, "model__learning_rate": 0.19576229465834677, "model__max_depth": 7.970136037017466, "model__n_estimators": 27.326010485121643, "model__reg_lambda": 1.2992511620788805}, "datetime": {"datetime": "2021-03-24 04:23:21", "elapsed": 95.830847, "delta": 1.559077}}
{"target": -0.42729059571697225, "params": {"model__colsample_bylevel": 0.3, "model__colsample_bynode": 0.3, "model__colsample_bytree": 1.0, "model__learning_rate": 0.3, "model__max_depth": 2.0, "model__n_estimators": 15.0, "model__reg_lambda": 7.310096390189421}, "datetime": {"datetime": "2021-03-24 04:23:22", "elapsed": 97.243079, "delta": 1.412232}}
{"target": -0.34839764187969535, "params": {"model__colsample_bylevel": 0.3000000013137881, "model__colsample_bynode": 1.0, "model__colsample_bytree": 1.0, "model__learning_rate": 0.3, "model__max_depth": 4.446368013891787, "model__n_estimators": 25.96058264663521, "model__reg_lambda": 7.376780876297319}, "datetime": {"datetime": "2021-03-24 04:23:24", "elapsed": 99.004786, "delta": 1.761707}}
{"target": -0.4511817614574903, "params": {"model__colsample_bylevel": 0.3, "model__colsample_bynode": 0.3, "model__colsample_bytree": 0.3, "model__learning_rate": 0.3, "model__max_depth": 8.0, "model__n_estimators": 15.0, "model__reg_lambda": 10.0}, "datetime": {"datetime": "2021-03-24 04:23:25", "elapsed": 100.209498, "delta": 1.204712}}
{"target": -0.35346706585580673, "params": {"model__colsample_bylevel": 0.318521149929342, "model__colsample_bynode": 0.5570129335621736, "model__colsample_bytree": 0.4814776433105329, "model__learning_rate": 0.2592592713945903, "model__max_depth": 7.997899417226967, "model__n_estimators": 17.189601541894323, "model__reg_lambda": 0.029257804499602802}, "datetime": {"datetime": "2021-03-24 04:23:26", "elapsed": 101.422434, "delta": 1.212936}}
{"target": -0.34242621894429803, "params": {"model__colsample_bylevel": 0.3000000000000006, "model__colsample_bynode": 0.3, "model__colsample_bytree": 1.0, "model__learning_rate": 0.3, "model__max_depth": 8.0, "model__n_estimators": 22.111131276384665, "model__reg_lambda": 0.0}, "datetime": {"datetime": "2021-03-24 04:23:28", "elapsed": 102.764171, "delta": 1.341737}}
{"target": -0.43719534256320075, "params": {"model__colsample_bylevel": 1.0, "model__colsample_bynode": 0.3, "model__colsample_bytree": 0.3, "model__learning_rate": 0.3, "model__max_depth": 2.0, "model__n_estimators": 15.0, "model__reg_lambda": 10.0}, "datetime": {"datetime": "2021-03-24 04:23:29", "elapsed": 104.207323, "delta": 1.443152}}
{"target": -0.4120220705806076, "params": {"model__colsample_bylevel": 0.3, "model__colsample_bynode": 1.0, "model__colsample_bytree": 0.3, "model__learning_rate": 0.3, "model__max_depth": 2.0, "model__n_estimators": 19.012592963479346, "model__reg_lambda": 10.0}, "datetime": {"datetime": "2021-03-24 04:23:31", "elapsed": 105.526516, "delta": 1.319193}}
{"target": -0.3321569741708631, "params": {"model__colsample_bylevel": 0.3, "model__colsample_bynode": 0.3, "model__colsample_bytree": 1.0, "model__learning_rate": 0.3, "model__max_depth": 7.7897595116563885, "model__n_estimators": 26.628472156087955, "model__reg_lambda": 1.4083434500547238}, "datetime": {"datetime": "2021-03-24 04:23:32", "elapsed": 107.111065, "delta": 1.584549}}
{"target": -0.36290058570465183, "params": {"model__colsample_bylevel": 0.33493663942955787, "model__colsample_bynode": 0.7112675949425896, "model__colsample_bytree": 0.34594657477583945, "model__learning_rate": 0.2352437062751175, "model__max_depth": 5.409790804987667, "model__n_estimators": 21.5457320047829, "model__reg_lambda": 0.13821513261992213}, "datetime": {"datetime": "2021-03-24 04:23:34", "elapsed": 108.444608, "delta": 1.333543}}
{"target": -0.3458895446425574, "params": {"model__colsample_bylevel": 0.7207223691546083, "model__colsample_bynode": 0.5919562184978692, "model__colsample_bytree": 0.9986071387111559, "model__learning_rate": 0.279989367250687, "model__max_depth": 7.6409228001277505, "model__n_estimators": 19.3558640539279, "model__reg_lambda": 1.4084929601470197}, "datetime": {"datetime": "2021-03-24 04:23:35", "elapsed": 109.742179, "delta": 1.297571}}
{"target": -0.39466907186703626, "params": {"model__colsample_bylevel": 0.3, "model__colsample_bynode": 0.3, "model__colsample_bytree": 0.3, "model__learning_rate": 0.3, "model__max_depth": 8.0, "model__n_estimators": 28.056683836661513, "model__reg_lambda": 10.0}, "datetime": {"datetime": "2021-03-24 04:23:36", "elapsed": 110.843006, "delta": 1.100827}}
{"target": -0.3643973106703977, "params": {"model__colsample_bylevel": 1.0, "model__colsample_bynode": 0.3186044182640238, "model__colsample_bytree": 1.0, "model__learning_rate": 0.3, "model__max_depth": 7.725082461467923, "model__n_estimators": 16.50211006470729, "model__reg_lambda": 6.9941108048687575}, "datetime": {"datetime": "2021-03-24 04:23:37", "elapsed": 111.953258, "delta": 1.110252}}
{"target": -0.33687851153469334, "params": {"model__colsample_bylevel": 1.0, "model__colsample_bynode": 1.0, "model__colsample_bytree": 0.3024168362839575, "model__learning_rate": 0.3, "model__max_depth": 7.155909993502416, "model__n_estimators": 30.0, "model__reg_lambda": 8.223513351419946}, "datetime": {"datetime": "2021-03-24 04:23:38", "elapsed": 113.107364, "delta": 1.154106}}
{"target": -0.3677020245123709, "params": {"model__colsample_bylevel": 0.3, "model__colsample_bynode": 1.0, "model__colsample_bytree": 1.0, "model__learning_rate": 0.3, "model__max_depth": 8.0, "model__n_estimators": 16.927878903524547, "model__reg_lambda": 5.2872180426534126}, "datetime": {"datetime": "2021-03-24 04:23:39", "elapsed": 114.422709, "delta": 1.315345}}
{"target": -0.3692004868514377, "params": {"model__colsample_bylevel": 0.3018983461860179, "model__colsample_bynode": 0.9986145667303656, "model__colsample_bytree": 0.8505359893002038, "model__learning_rate": 0.28187751046582343, "model__max_depth": 2.1247491760440025, "model__n_estimators": 21.886663822519836, "model__reg_lambda": 5.31628010484432}, "datetime": {"datetime": "2021-03-24 04:23:40", "elapsed": 115.386513, "delta": 0.963804}}
{"target": -0.38939230126342267, "params": {"model__colsample_bylevel": 0.3, "model__colsample_bynode": 0.3, "model__colsample_bytree": 0.5493063425971468, "model__learning_rate": 0.3, "model__max_depth": 2.0100472846443904, "model__n_estimators": 28.888277380100252, "model__reg_lambda": 5.131515341565187}, "datetime": {"datetime": "2021-03-24 04:23:41", "elapsed": 116.377402, "delta": 0.990889}}
{"target": -0.3301893307768362, "params": {"model__colsample_bylevel": 1.0, "model__colsample_bynode": 0.9999999999604551, "model__colsample_bytree": 0.3, "model__learning_rate": 0.3, "model__max_depth": 2.0, "model__n_estimators": 28.451953827958743, "model__reg_lambda": 2.6289535908076136}, "datetime": {"datetime": "2021-03-24 04:23:43", "elapsed": 117.633627, "delta": 1.256225}}
{"target": -0.413650240600649, "params": {"model__colsample_bylevel": 0.412419556077987, "model__colsample_bynode": 0.9527987337043222, "model__colsample_bytree": 0.9116370976019308, "model__learning_rate": 0.10483160293498568, "model__max_depth": 7.949017322808537, "model__n_estimators": 15.084786978108335, "model__reg_lambda": 0.11162849856612533}, "datetime": {"datetime": "2021-03-24 04:23:44", "elapsed": 118.802456, "delta": 1.168829}}
{"target": -0.35291271774229876, "params": {"model__colsample_bylevel": 0.3, "model__colsample_bynode": 0.3, "model__colsample_bytree": 1.0, "model__learning_rate": 0.3, "model__max_depth": 2.7067342310299005, "model__n_estimators": 19.66064231979003, "model__reg_lambda": 1.279368526248686}, "datetime": {"datetime": "2021-03-24 04:23:45", "elapsed": 120.021804, "delta": 1.219348}}
{"target": -0.3544159506224906, "params": {"model__colsample_bylevel": 0.999999999869192, "model__colsample_bynode": 1.0, "model__colsample_bytree": 0.3, "model__learning_rate": 0.3, "model__max_depth": 6.159416683562465, "model__n_estimators": 24.411233312885376, "model__reg_lambda": 7.434974859451633}, "datetime": {"datetime": "2021-03-24 04:23:46", "elapsed": 121.324028, "delta": 1.302224}}
{"target": -0.33526318783051867, "params": {"model__colsample_bylevel": 0.6930541796066634, "model__colsample_bynode": 0.3594583724652239, "model__colsample_bytree": 0.665460066461264, "model__learning_rate": 0.2917673896007036, "model__max_depth": 2.1067232255968573, "model__n_estimators": 25.350380348097122, "model__reg_lambda": 1.3010825288980599}, "datetime": {"datetime": "2021-03-24 04:23:48", "elapsed": 122.436965, "delta": 1.112937}}
{"target": -0.3562642203799139, "params": {"model__colsample_bylevel": 0.3, "model__colsample_bynode": 1.0, "model__colsample_bytree": 1.0, "model__learning_rate": 0.3, "model__max_depth": 4.320684762655991, "model__n_estimators": 19.681488291187293, "model__reg_lambda": 9.999999999404828}, "datetime": {"datetime": "2021-03-24 04:23:49", "elapsed": 123.743046, "delta": 1.306081}}
{"target": -0.34023261470602073, "params": {"model__colsample_bylevel": 0.8915729649647333, "model__colsample_bynode": 0.33612434046417317, "model__colsample_bytree": 0.9020552219247975, "model__learning_rate": 0.24849013752154897, "model__max_depth": 7.687329567536428, "model__n_estimators": 29.736825005849546, "model__reg_lambda": 5.889496430214106}, "datetime": {"datetime": "2021-03-24 04:23:50", "elapsed": 125.049032, "delta": 1.305986}}
{"target": -0.3561742620994809, "params": {"model__colsample_bylevel": 0.7320994150104692, "model__colsample_bynode": 0.4034323987127239, "model__colsample_bytree": 0.8032584108551408, "model__learning_rate": 0.296044394212606, "model__max_depth": 5.0779624704371, "model__n_estimators": 28.487324723857057, "model__reg_lambda": 7.77244119108058}, "datetime": {"datetime": "2021-03-24 04:23:51", "elapsed": 126.234493, "delta": 1.185461}}
{"target": -0.34830114200451423, "params": {"model__colsample_bylevel": 0.3874790726182868, "model__colsample_bynode": 0.33895024974620513, "model__colsample_bytree": 0.5126284758149668, "model__learning_rate": 0.2690130603669969, "model__max_depth": 7.908740950525731, "model__n_estimators": 29.956344920249855, "model__reg_lambda": 0.964013697127637}, "datetime": {"datetime": "2021-03-24 04:23:53", "elapsed": 127.513291, "delta": 1.278798}}
{"target": -0.3684952358870456, "params": {"model__colsample_bylevel": 1.0, "model__colsample_bynode": 1.0, "model__colsample_bytree": 0.3, "model__learning_rate": 0.3, "model__max_depth": 6.9587067901189075, "model__n_estimators": 15.0, "model__reg_lambda": 7.808974863353692}, "datetime": {"datetime": "2021-03-24 04:23:54", "elapsed": 129.176753, "delta": 1.663462}}
{"target": -0.40127004910854325, "params": {"model__colsample_bylevel": 0.31951731147807694, "model__colsample_bynode": 0.42663120343876204, "model__colsample_bytree": 0.9660535711647869, "model__learning_rate": 0.2903858359110838, "model__max_depth": 5.740239628095316, "model__n_estimators": 15.22018988586334, "model__reg_lambda": 7.371221811029539}, "datetime": {"datetime": "2021-03-24 04:23:56", "elapsed": 130.448353, "delta": 1.2716}}
{"target": -0.3978205389525417, "params": {"model__colsample_bylevel": 1.0, "model__colsample_bynode": 0.3, "model__colsample_bytree": 0.3, "model__learning_rate": 0.3, "model__max_depth": 8.0, "model__n_estimators": 15.0, "model__reg_lambda": 4.841904552931431}, "datetime": {"datetime": "2021-03-24 04:23:57", "elapsed": 131.800375, "delta": 1.352022}}
{"target": -0.38459383889668336, "params": {"model__colsample_bylevel": 1.0, "model__colsample_bynode": 0.3, "model__colsample_bytree": 0.3, "model__learning_rate": 0.3, "model__max_depth": 2.0, "model__n_estimators": 18.53629236409143, "model__reg_lambda": 6.454940065182349}, "datetime": {"datetime": "2021-03-24 04:23:58", "elapsed": 132.99804, "delta": 1.197665}}
{"target": -0.356553670261865, "params": {"model__colsample_bylevel": 1.0, "model__colsample_bynode": 1.0, "model__colsample_bytree": 0.9910747752980523, "model__learning_rate": 0.3, "model__max_depth": 5.431542474135671, "model__n_estimators": 15.000000000068272, "model__reg_lambda": 0.0}, "datetime": {"datetime": "2021-03-24 04:23:59", "elapsed": 134.402132, "delta": 1.404092}}
{"target": -0.34266244359837467, "params": {"model__colsample_bylevel": 0.5046012391413441, "model__colsample_bynode": 0.8089747659197162, "model__colsample_bytree": 0.9571801616643218, "model__learning_rate": 0.28073603481155895, "model__max_depth": 6.728059633577303, "model__n_estimators": 25.86536230866829, "model__reg_lambda": 3.264053277415858}, "datetime": {"datetime": "2021-03-24 04:24:01", "elapsed": 135.650658, "delta": 1.248526}}
{"target": -0.33168040939549365, "params": {"model__colsample_bylevel": 0.4939226375331688, "model__colsample_bynode": 0.9878127368919662, "model__colsample_bytree": 0.838993456103174, "model__learning_rate": 0.2335488149101767, "model__max_depth": 4.649963301539753, "model__n_estimators": 23.031425392585128, "model__reg_lambda": 0.045699713251941}, "datetime": {"datetime": "2021-03-24 04:24:02", "elapsed": 136.977594, "delta": 1.326936}}
{"target": -0.33886087596268, "params": {"model__colsample_bylevel": 0.3254919386258885, "model__colsample_bynode": 0.9686691505644325, "model__colsample_bytree": 0.891730141522135, "model__learning_rate": 0.28983472912625824, "model__max_depth": 6.16643522813968, "model__n_estimators": 23.41507473930298, "model__reg_lambda": 8.371281360440088}, "datetime": {"datetime": "2021-03-24 04:24:03", "elapsed": 138.386045, "delta": 1.408451}}
{"target": -0.32896173059526135, "params": {"model__colsample_bylevel": 0.39090612504855526, "model__colsample_bynode": 0.8768223855326602, "model__colsample_bytree": 0.5259793110037071, "model__learning_rate": 0.2773133882341886, "model__max_depth": 2.681890956540074, "model__n_estimators": 23.691638490701074, "model__reg_lambda": 0.023419234037191927}, "datetime": {"datetime": "2021-03-24 04:24:05", "elapsed": 139.617177, "delta": 1.231132}}
{"target": -0.32625792860964553, "params": {"model__colsample_bylevel": 0.8398018117743464, "model__colsample_bynode": 0.9980231467971814, "model__colsample_bytree": 0.3072689251972299, "model__learning_rate": 0.25821494025243286, "model__max_depth": 3.900651988918426, "model__n_estimators": 19.783019162254117, "model__reg_lambda": 0.3094903253844039}, "datetime": {"datetime": "2021-03-24 04:24:06", "elapsed": 140.876216, "delta": 1.259039}}
{"target": -0.3436574679914106, "params": {"model__colsample_bylevel": 0.310099298870979, "model__colsample_bynode": 0.37630088489942526, "model__colsample_bytree": 0.9769640760577845, "model__learning_rate": 0.15362182674779692, "model__max_depth": 7.756401769724928, "model__n_estimators": 23.734605046839093, "model__reg_lambda": 1.2090929156114927}, "datetime": {"datetime": "2021-03-24 04:24:07", "elapsed": 142.131399, "delta": 1.255183}}
{"target": -0.3192706115359096, "params": {"model__colsample_bylevel": 0.8341133455589826, "model__colsample_bynode": 0.8995799543563228, "model__colsample_bytree": 0.44267850573991396, "model__learning_rate": 0.28893328791162487, "model__max_depth": 3.12709355048737, "model__n_estimators": 25.49896669876935, "model__reg_lambda": 0.39296149187796114}, "datetime": {"datetime": "2021-03-24 04:24:08", "elapsed": 143.246916, "delta": 1.115517}}
{"target": -0.42102937979110777, "params": {"model__colsample_bylevel": 1.0, "model__colsample_bynode": 1.0, "model__colsample_bytree": 0.3, "model__learning_rate": 0.1, "model__max_depth": 5.7181733709331395, "model__n_estimators": 30.0, "model__reg_lambda": 10.0}, "datetime": {"datetime": "2021-03-24 04:24:10", "elapsed": 144.781403, "delta": 1.534487}}
