{"target": -0.34793489862695687, "params": {"model__colsample_bylevel": 0.8598493484482015, "model__colsample_bynode": 0.6132215091574345, "model__colsample_bytree": 0.41608734450929086, "model__learning_rate": 0.28161769996720365, "model__max_depth": 4.0, "model__n_estimators": 29.0, "model__reg_lambda": 5.040994016933976}, "datetime": {"datetime": "2021-03-24 04:21:45", "elapsed": 0.0, "delta": 0.0}}
{"target": -0.36640561278690115, "params": {"model__colsample_bylevel": 0.3, "model__colsample_bynode": 1.0, "model__colsample_bytree": 0.3, "model__learning_rate": 0.3, "model__max_depth": 4.0, "model__n_estimators": 15.0, "model__reg_lambda": 0.0}, "datetime": {"datetime": "2021-03-24 04:21:45", "elapsed": 0.074506, "delta": 0.074506}}
{"target": -0.32381041899080515, "params": {"model__colsample_bylevel": 0.985340210579901, "model__colsample_bynode": 0.38441417700016534, "model__colsample_bytree": 0.9854619264102267, "model__learning_rate": 0.2761061313985922, "model__max_depth": 5.0, "model__n_estimators": 30.0, "model__reg_lambda": 4.810998458551806}, "datetime": {"datetime": "2021-03-24 04:21:45", "elapsed": 0.233393, "delta": 0.158887}}
{"target": -0.31071684633978924, "params": {"model__colsample_bylevel": 0.48340990047238486, "model__colsample_bynode": 0.8928722725803, "model__colsample_bytree": 0.9622662537835329, "model__learning_rate": 0.2668928984734602, "model__max_depth": 3.0, "model__n_estimators": 25.0, "model__reg_lambda": 1.1883932947584452}, "datetime": {"datetime": "2021-03-24 04:21:45", "elapsed": 0.35576, "delta": 0.122367}}
{"target": -0.325503235608778, "params": {"model__colsample_bylevel": 1.0, "model__colsample_bynode": 0.3000000005053292, "model__colsample_bytree": 1.0, "model__learning_rate": 0.3, "model__max_depth": 8.0, "model__n_estimators": 21.0, "model__reg_lambda": 2.517719347582056}, "datetime": {"datetime": "2021-03-24 04:21:46", "elapsed": 0.467844, "delta": 0.112084}}
{"target": -0.3391087695490569, "params": {"model__colsample_bylevel": 0.30462006869763825, "model__colsample_bynode": 0.45533364241708574, "model__colsample_bytree": 0.9641743153665239, "model__learning_rate": 0.23693981248695023, "model__max_depth": 3.0, "model__n_estimators": 25.0, "model__reg_lambda": 0.04633818640440657}, "datetime": {"datetime": "2021-03-24 04:21:46", "elapsed": 0.561212, "delta": 0.093368}}
{"target": -0.3391087695490569, "params": {"model__colsample_bylevel": 0.30462006869763825, "model__colsample_bynode": 0.45533364241708574, "model__colsample_bytree": 0.9641743153665239, "model__learning_rate": 0.23693981248695023, "model__max_depth": 3.0, "model__n_estimators": 25.0, "model__reg_lambda": 0.04633818640440657}, "datetime": {"datetime": "2021-03-24 04:21:46", "elapsed": 0.561506, "delta": 0.000294}}
{"target": -0.3478003749584246, "params": {"model__colsample_bylevel": 0.3, "model__colsample_bynode": 1.0, "model__colsample_bytree": 1.0, "model__learning_rate": 0.3, "model__max_depth": 2.0, "model__n_estimators": 30.0, "model__reg_lambda": 0.0}, "datetime": {"datetime": "2021-03-24 04:21:46", "elapsed": 0.656038, "delta": 0.094532}}
{"target": -0.3478003749584246, "params": {"model__colsample_bylevel": 0.3, "model__colsample_bynode": 1.0, "model__colsample_bytree": 1.0, "model__learning_rate": 0.3, "model__max_depth": 2.0, "model__n_estimators": 30.0, "model__reg_lambda": 0.0}, "datetime": {"datetime": "2021-03-24 04:21:46", "elapsed": 0.656354, "delta": 0.000316}}
{"target": -0.35299187660051945, "params": {"model__colsample_bylevel": 0.9858848418768023, "model__colsample_bynode": 0.4201902719466195, "model__colsample_bytree": 0.6859789922529281, "model__learning_rate": 0.2944844983841013, "model__max_depth": 4.0, "model__n_estimators": 30.0, "model__reg_lambda": 2.905779908114364}, "datetime": {"datetime": "2021-03-24 04:21:46", "elapsed": 0.76993, "delta": 0.113576}}
{"target": -0.3348057478337305, "params": {"model__colsample_bylevel": 0.875874218410341, "model__colsample_bynode": 0.3476635884432162, "model__colsample_bytree": 0.9646731094677288, "model__learning_rate": 0.27494240824886007, "model__max_depth": 3.0, "model__n_estimators": 18.0, "model__reg_lambda": 0.345457323222067}, "datetime": {"datetime": "2021-03-24 04:21:46", "elapsed": 0.870612, "delta": 0.100682}}
{"target": -0.3500062133667255, "params": {"model__colsample_bylevel": 0.4145201528272396, "model__colsample_bynode": 0.9391046572012895, "model__colsample_bytree": 0.5296394790416012, "model__learning_rate": 0.26355714256507956, "model__max_depth": 8.0, "model__n_estimators": 25.0, "model__reg_lambda": 1.4805356108521806}, "datetime": {"datetime": "2021-03-24 04:21:46", "elapsed": 0.971371, "delta": 0.100759}}
{"target": -0.3247035847576099, "params": {"model__colsample_bylevel": 0.30000000042136993, "model__colsample_bynode": 1.0, "model__colsample_bytree": 1.0, "model__learning_rate": 0.3, "model__max_depth": 3.0, "model__n_estimators": 21.0, "model__reg_lambda": 0.0}, "datetime": {"datetime": "2021-03-24 04:21:46", "elapsed": 1.078024, "delta": 0.106653}}
{"target": -0.32636253572405705, "params": {"model__colsample_bylevel": 0.9586162980221284, "model__colsample_bynode": 0.3269135894260423, "model__colsample_bytree": 0.30360734650089816, "model__learning_rate": 0.2920641235136413, "model__max_depth": 6.0, "model__n_estimators": 30.0, "model__reg_lambda": 0.1295340269267753}, "datetime": {"datetime": "2021-03-24 04:21:46", "elapsed": 1.168154, "delta": 0.09013}}
{"target": -0.3612950084069609, "params": {"model__colsample_bylevel": 1.0, "model__colsample_bynode": 0.30000000408756433, "model__colsample_bytree": 0.3, "model__learning_rate": 0.23111808557260663, "model__max_depth": 8.0, "model__n_estimators": 25.0, "model__reg_lambda": 0.3406563547812967}, "datetime": {"datetime": "2021-03-24 04:21:46", "elapsed": 1.266606, "delta": 0.098452}}
{"target": -0.3427956650775108, "params": {"model__colsample_bylevel": 0.32703279873598284, "model__colsample_bynode": 0.7650161415882953, "model__colsample_bytree": 0.9283168181950918, "model__learning_rate": 0.25165491767187675, "model__max_depth": 8.0, "model__n_estimators": 25.0, "model__reg_lambda": 0.01537093939344425}, "datetime": {"datetime": "2021-03-24 04:21:46", "elapsed": 1.3708, "delta": 0.104194}}
{"target": -0.3427956650775108, "params": {"model__colsample_bylevel": 0.32703279873598284, "model__colsample_bynode": 0.7650161415882953, "model__colsample_bytree": 0.9283168181950918, "model__learning_rate": 0.25165491767187675, "model__max_depth": 8.0, "model__n_estimators": 25.0, "model__reg_lambda": 0.01537093939344425}, "datetime": {"datetime": "2021-03-24 04:21:46", "elapsed": 1.371149, "delta": 0.000349}}
{"target": -0.34148254169090453, "params": {"model__colsample_bylevel": 0.9606600259009006, "model__colsample_bynode": 0.40342695468650597, "model__colsample_bytree": 0.9271705955724225, "model__learning_rate": 0.286225941410727, "model__max_depth": 4.0, "model__n_estimators": 27.0, "model__reg_lambda": 3.1766411789295312}, "datetime": {"datetime": "2021-03-24 04:21:47", "elapsed": 1.50339, "delta": 0.132241}}
{"target": -0.34148254169090453, "params": {"model__colsample_bylevel": 0.9606600259009006, "model__colsample_bynode": 0.40342695468650597, "model__colsample_bytree": 0.9271705955724225, "model__learning_rate": 0.286225941410727, "model__max_depth": 4.0, "model__n_estimators": 27.0, "model__reg_lambda": 3.1766411789295312}, "datetime": {"datetime": "2021-03-24 04:21:47", "elapsed": 1.503711, "delta": 0.000321}}
{"target": -0.3382987996416109, "params": {"model__colsample_bylevel": 0.5678287253499291, "model__colsample_bynode": 0.4966456469923308, "model__colsample_bytree": 0.4459938429678439, "model__learning_rate": 0.2911044378712101, "model__max_depth": 3.0, "model__n_estimators": 27.0, "model__reg_lambda": 0.01936184458506407}, "datetime": {"datetime": "2021-03-24 04:21:47", "elapsed": 1.587267, "delta": 0.083556}}
{"target": -0.3190576570275564, "params": {"model__colsample_bylevel": 0.5997782571373891, "model__colsample_bynode": 0.334493174563118, "model__colsample_bytree": 0.9188705785118891, "model__learning_rate": 0.24068083865957007, "model__max_depth": 5.0, "model__n_estimators": 30.0, "model__reg_lambda": 0.04198215316259413}, "datetime": {"datetime": "2021-03-24 04:21:47", "elapsed": 1.692434, "delta": 0.105167}}
{"target": -0.3271596951150349, "params": {"model__colsample_bylevel": 0.8042463908051236, "model__colsample_bynode": 0.3482271609762252, "model__colsample_bytree": 0.9227486115579644, "model__learning_rate": 0.29440401322132126, "model__max_depth": 2.0, "model__n_estimators": 27.0, "model__reg_lambda": 0.6282977234671627}, "datetime": {"datetime": "2021-03-24 04:21:47", "elapsed": 1.795446, "delta": 0.103012}}
{"target": -0.3271596951150349, "params": {"model__colsample_bylevel": 0.8042463908051236, "model__colsample_bynode": 0.3482271609762252, "model__colsample_bytree": 0.9227486115579644, "model__learning_rate": 0.29440401322132126, "model__max_depth": 2.0, "model__n_estimators": 27.0, "model__reg_lambda": 0.6282977234671627}, "datetime": {"datetime": "2021-03-24 04:21:47", "elapsed": 1.795773, "delta": 0.000327}}
{"target": -0.3271596951150349, "params": {"model__colsample_bylevel": 0.8042463908051236, "model__colsample_bynode": 0.3482271609762252, "model__colsample_bytree": 0.9227486115579644, "model__learning_rate": 0.29440401322132126, "model__max_depth": 2.0, "model__n_estimators": 27.0, "model__reg_lambda": 0.6282977234671627}, "datetime": {"datetime": "2021-03-24 04:21:47", "elapsed": 1.795971, "delta": 0.000198}}
{"target": -0.33229806235632053, "params": {"model__colsample_bylevel": 0.9714179322561098, "model__colsample_bynode": 0.35830559707667364, "model__colsample_bytree": 0.9612375104161934, "model__learning_rate": 0.2965256808321166, "model__max_depth": 3.0, "model__n_estimators": 27.0, "model__reg_lambda": 0.20450508870581863}, "datetime": {"datetime": "2021-03-24 04:21:47", "elapsed": 1.902265, "delta": 0.106294}}
{"target": -0.3083513382641747, "params": {"model__colsample_bylevel": 0.34986853271330365, "model__colsample_bynode": 0.6535964000576462, "model__colsample_bytree": 0.974791668935183, "model__learning_rate": 0.2828318435124024, "model__max_depth": 5.0, "model__n_estimators": 28.0, "model__reg_lambda": 0.6085542863560367}, "datetime": {"datetime": "2021-03-24 04:21:47", "elapsed": 2.00931, "delta": 0.107045}}
{"target": -0.3534186547580748, "params": {"model__colsample_bylevel": 1.0, "model__colsample_bynode": 0.8396708848425268, "model__colsample_bytree": 0.9607210657008314, "model__learning_rate": 0.3, "model__max_depth": 2.0, "model__n_estimators": 30.0, "model__reg_lambda": 0.9039629268942795}, "datetime": {"datetime": "2021-03-24 04:21:47", "elapsed": 2.146932, "delta": 0.137622}}
{"target": -0.38455440943058494, "params": {"model__colsample_bylevel": 0.31605955123801327, "model__colsample_bynode": 0.6657876925360169, "model__colsample_bytree": 0.34412212999747605, "model__learning_rate": 0.29258356851134515, "model__max_depth": 4.0, "model__n_estimators": 29.0, "model__reg_lambda": 0.40770144613460735}, "datetime": {"datetime": "2021-03-24 04:21:47", "elapsed": 2.232794, "delta": 0.085862}}
{"target": -0.3242823865645957, "params": {"model__colsample_bylevel": 0.30133478766162886, "model__colsample_bynode": 0.4063449260744055, "model__colsample_bytree": 0.9189235712942687, "model__learning_rate": 0.28820284761962106, "model__max_depth": 8.0, "model__n_estimators": 29.0, "model__reg_lambda": 1.9096394305561648}, "datetime": {"datetime": "2021-03-24 04:21:47", "elapsed": 2.336496, "delta": 0.103702}}
{"target": -0.3242823865645957, "params": {"model__colsample_bylevel": 0.30133478766162886, "model__colsample_bynode": 0.4063449260744055, "model__colsample_bytree": 0.9189235712942687, "model__learning_rate": 0.28820284761962106, "model__max_depth": 8.0, "model__n_estimators": 29.0, "model__reg_lambda": 1.9096394305561648}, "datetime": {"datetime": "2021-03-24 04:21:47", "elapsed": 2.336832, "delta": 0.000336}}
{"target": -0.3242823865645957, "params": {"model__colsample_bylevel": 0.30133478766162886, "model__colsample_bynode": 0.4063449260744055, "model__colsample_bytree": 0.9189235712942687, "model__learning_rate": 0.28820284761962106, "model__max_depth": 8.0, "model__n_estimators": 29.0, "model__reg_lambda": 1.9096394305561648}, "datetime": {"datetime": "2021-03-24 04:21:47", "elapsed": 2.337039, "delta": 0.000207}}
{"target": -0.3242823865645957, "params": {"model__colsample_bylevel": 0.30133478766162886, "model__colsample_bynode": 0.4063449260744055, "model__colsample_bytree": 0.9189235712942687, "model__learning_rate": 0.28820284761962106, "model__max_depth": 8.0, "model__n_estimators": 29.0, "model__reg_lambda": 1.9096394305561648}, "datetime": {"datetime": "2021-03-24 04:21:47", "elapsed": 2.33724, "delta": 0.000201}}
{"target": -0.3111326924653427, "params": {"model__colsample_bylevel": 0.8282478678731651, "model__colsample_bynode": 0.3356214543082744, "model__colsample_bytree": 0.8223246075864992, "model__learning_rate": 0.2960634172598706, "model__max_depth": 3.0, "model__n_estimators": 30.0, "model__reg_lambda": 4.689257759612926}, "datetime": {"datetime": "2021-03-24 04:21:48", "elapsed": 2.437767, "delta": 0.100527}}
{"target": -0.3402276289696549, "params": {"model__colsample_bylevel": 1.0, "model__colsample_bynode": 0.45987587653477113, "model__colsample_bytree": 0.9999999999994132, "model__learning_rate": 0.2999999999999649, "model__max_depth": 8.0, "model__n_estimators": 25.0, "model__reg_lambda": 4.8058592621997285}, "datetime": {"datetime": "2021-03-24 04:21:48", "elapsed": 2.589047, "delta": 0.15128}}
{"target": -0.3402276289696549, "params": {"model__colsample_bylevel": 1.0, "model__colsample_bynode": 0.45987587653477113, "model__colsample_bytree": 0.9999999999994132, "model__learning_rate": 0.2999999999999649, "model__max_depth": 8.0, "model__n_estimators": 25.0, "model__reg_lambda": 4.8058592621997285}, "datetime": {"datetime": "2021-03-24 04:21:48", "elapsed": 2.589395, "delta": 0.000348}}
{"target": -0.3402276289696549, "params": {"model__colsample_bylevel": 1.0, "model__colsample_bynode": 0.45987587653477113, "model__colsample_bytree": 0.9999999999994132, "model__learning_rate": 0.2999999999999649, "model__max_depth": 8.0, "model__n_estimators": 25.0, "model__reg_lambda": 4.8058592621997285}, "datetime": {"datetime": "2021-03-24 04:21:48", "elapsed": 2.589614, "delta": 0.000219}}
{"target": -0.3402276289696549, "params": {"model__colsample_bylevel": 1.0, "model__colsample_bynode": 0.45987587653477113, "model__colsample_bytree": 0.9999999999994132, "model__learning_rate": 0.2999999999999649, "model__max_depth": 8.0, "model__n_estimators": 25.0, "model__reg_lambda": 4.8058592621997285}, "datetime": {"datetime": "2021-03-24 04:21:48", "elapsed": 2.589813, "delta": 0.000199}}
{"target": -0.3416348395898662, "params": {"model__colsample_bylevel": 0.31548590622000583, "model__colsample_bynode": 0.9547007549892765, "model__colsample_bytree": 0.9610682915488082, "model__learning_rate": 0.29024606360028127, "model__max_depth": 8.0, "model__n_estimators": 30.0, "model__reg_lambda": 1.870063812444096}, "datetime": {"datetime": "2021-03-24 04:21:48", "elapsed": 2.715754, "delta": 0.125941}}
{"target": -0.3409291590978999, "params": {"model__colsample_bylevel": 0.3408500869148628, "model__colsample_bynode": 0.9599509033943245, "model__colsample_bytree": 0.9983213814014924, "model__learning_rate": 0.23351771762386672, "model__max_depth": 5.0, "model__n_estimators": 30.0, "model__reg_lambda": 1.2416722419324555}, "datetime": {"datetime": "2021-03-24 04:21:48", "elapsed": 2.853183, "delta": 0.137429}}
{"target": -0.3409291590978999, "params": {"model__colsample_bylevel": 0.3408500869148628, "model__colsample_bynode": 0.9599509033943245, "model__colsample_bytree": 0.9983213814014924, "model__learning_rate": 0.23351771762386672, "model__max_depth": 5.0, "model__n_estimators": 30.0, "model__reg_lambda": 1.2416722419324555}, "datetime": {"datetime": "2021-03-24 04:21:48", "elapsed": 2.853515, "delta": 0.000332}}
{"target": -0.38673428392570897, "params": {"model__colsample_bylevel": 0.744154481084352, "model__colsample_bynode": 0.3501376978524085, "model__colsample_bytree": 0.8988278974433255, "model__learning_rate": 0.29859597929000764, "model__max_depth": 7.0, "model__n_estimators": 15.0, "model__reg_lambda": 0.7902387818513013}, "datetime": {"datetime": "2021-03-24 04:21:48", "elapsed": 2.94568, "delta": 0.092165}}
{"target": -0.38673428392570897, "params": {"model__colsample_bylevel": 0.744154481084352, "model__colsample_bynode": 0.3501376978524085, "model__colsample_bytree": 0.8988278974433255, "model__learning_rate": 0.29859597929000764, "model__max_depth": 7.0, "model__n_estimators": 15.0, "model__reg_lambda": 0.7902387818513013}, "datetime": {"datetime": "2021-03-24 04:21:48", "elapsed": 2.94603, "delta": 0.00035}}
{"target": -0.38673428392570897, "params": {"model__colsample_bylevel": 0.744154481084352, "model__colsample_bynode": 0.3501376978524085, "model__colsample_bytree": 0.8988278974433255, "model__learning_rate": 0.29859597929000764, "model__max_depth": 7.0, "model__n_estimators": 15.0, "model__reg_lambda": 0.7902387818513013}, "datetime": {"datetime": "2021-03-24 04:21:48", "elapsed": 2.946245, "delta": 0.000215}}
{"target": -0.3009190080076645, "params": {"model__colsample_bylevel": 0.4948431142868819, "model__colsample_bynode": 0.99207562690352, "model__colsample_bytree": 0.48011083592144776, "model__learning_rate": 0.23083578816454672, "model__max_depth": 4.0, "model__n_estimators": 23.0, "model__reg_lambda": 0.12797560327084234}, "datetime": {"datetime": "2021-03-24 04:21:48", "elapsed": 3.039495, "delta": 0.09325}}
{"target": -0.3329473772152846, "params": {"model__colsample_bylevel": 0.36946444889060526, "model__colsample_bynode": 0.9582718992793242, "model__colsample_bytree": 0.8682911265076569, "model__learning_rate": 0.27237440514528977, "model__max_depth": 8.0, "model__n_estimators": 23.0, "model__reg_lambda": 0.0013215828799628682}, "datetime": {"datetime": "2021-03-24 04:21:48", "elapsed": 3.155174, "delta": 0.115679}}
{"target": -0.35150509350945786, "params": {"model__colsample_bylevel": 0.843242372312118, "model__colsample_bynode": 0.9999999991326228, "model__colsample_bytree": 0.4529809870920354, "model__learning_rate": 0.3, "model__max_depth": 3.0, "model__n_estimators": 23.0, "model__reg_lambda": 0.6701071093600021}, "datetime": {"datetime": "2021-03-24 04:21:48", "elapsed": 3.258651, "delta": 0.103477}}
{"target": -0.3485040303177126, "params": {"model__colsample_bylevel": 0.4124644192395269, "model__colsample_bynode": 0.9811486114790016, "model__colsample_bytree": 0.3159486513861515, "model__learning_rate": 0.2871120191762554, "model__max_depth": 2.0, "model__n_estimators": 30.0, "model__reg_lambda": 0.5431474545515302}, "datetime": {"datetime": "2021-03-24 04:21:48", "elapsed": 3.343553, "delta": 0.084902}}
{"target": -0.3485040303177126, "params": {"model__colsample_bylevel": 0.4124644192395269, "model__colsample_bynode": 0.9811486114790016, "model__colsample_bytree": 0.3159486513861515, "model__learning_rate": 0.2871120191762554, "model__max_depth": 2.0, "model__n_estimators": 30.0, "model__reg_lambda": 0.5431474545515302}, "datetime": {"datetime": "2021-03-24 04:21:48", "elapsed": 3.3439, "delta": 0.000347}}
{"target": -0.3485040303177126, "params": {"model__colsample_bylevel": 0.4124644192395269, "model__colsample_bynode": 0.9811486114790016, "model__colsample_bytree": 0.3159486513861515, "model__learning_rate": 0.2871120191762554, "model__max_depth": 2.0, "model__n_estimators": 30.0, "model__reg_lambda": 0.5431474545515302}, "datetime": {"datetime": "2021-03-24 04:21:48", "elapsed": 3.344131, "delta": 0.000231}}
{"target": -0.3485040303177126, "params": {"model__colsample_bylevel": 0.4124644192395269, "model__colsample_bynode": 0.9811486114790016, "model__colsample_bytree": 0.3159486513861515, "model__learning_rate": 0.2871120191762554, "model__max_depth": 2.0, "model__n_estimators": 30.0, "model__reg_lambda": 0.5431474545515302}, "datetime": {"datetime": "2021-03-24 04:21:48", "elapsed": 3.344376, "delta": 0.000245}}
{"target": -0.3854596539093873, "params": {"model__colsample_bylevel": 1.0, "model__colsample_bynode": 0.3, "model__colsample_bytree": 1.0, "model__learning_rate": 0.3, "model__max_depth": 5.0, "model__n_estimators": 21.0, "model__reg_lambda": 0.0}, "datetime": {"datetime": "2021-03-24 04:21:49", "elapsed": 3.443582, "delta": 0.099206}}
{"target": -0.3854596539093873, "params": {"model__colsample_bylevel": 1.0, "model__colsample_bynode": 0.3, "model__colsample_bytree": 1.0, "model__learning_rate": 0.3, "model__max_depth": 5.0, "model__n_estimators": 21.0, "model__reg_lambda": 0.0}, "datetime": {"datetime": "2021-03-24 04:21:49", "elapsed": 3.443939, "delta": 0.000357}}
{"target": -0.35389251306018643, "params": {"model__colsample_bylevel": 0.511889221690131, "model__colsample_bynode": 0.880146841574702, "model__colsample_bytree": 0.4713036833734444, "model__learning_rate": 0.24075613859849618, "model__max_depth": 5.0, "model__n_estimators": 21.0, "model__reg_lambda": 1.7861793515885238}, "datetime": {"datetime": "2021-03-24 04:21:49", "elapsed": 3.551825, "delta": 0.107886}}
{"target": -0.34289562620975045, "params": {"model__colsample_bylevel": 0.4884525291969753, "model__colsample_bynode": 0.31980089965965297, "model__colsample_bytree": 0.980755267171108, "model__learning_rate": 0.23439702615137264, "model__max_depth": 6.0, "model__n_estimators": 30.0, "model__reg_lambda": 0.0585324600436421}, "datetime": {"datetime": "2021-03-24 04:21:49", "elapsed": 3.652742, "delta": 0.100917}}
