{"target": -0.351502340022758, "params": {"model__colsample_bylevel": 0.6173529449301774, "model__colsample_bynode": 0.3656352091501882, "model__colsample_bytree": 0.45305055880659917, "model__learning_rate": 0.20586849821836273, "model__max_depth": 5.173197962934258, "model__n_estimators": 25.696146745858105, "model__reg_lambda": 2.863925264426952}, "datetime": {"datetime": "2021-03-24 04:21:54", "elapsed": 9.062893, "delta": 0.100617}}
{"target": -0.4393315191232208, "params": {"model__colsample_bylevel": 0.3812502817792496, "model__colsample_bynode": 0.43107613084910207, "model__colsample_bytree": 0.6036033759584388, "model__learning_rate": 0.13710847453713484, "model__max_depth": 2.7407946095138094, "model__n_estimators": 25.875381462387566, "model__reg_lambda": 9.101677556132595}, "datetime": {"datetime": "2021-03-24 04:21:54", "elapsed": 9.146107, "delta": 0.083214}}
{"target": -0.4023028510771153, "params": {"model__colsample_bylevel": 0.3426383940311504, "model__colsample_bynode": 0.3292770968669983, "model__colsample_bytree": 0.49999974247633633, "model__learning_rate": 0.21592871225493404, "model__max_depth": 7.629568478689846, "model__n_estimators": 23.72527860523467, "model__reg_lambda": 6.7998375849329875}, "datetime": {"datetime": "2021-03-24 04:21:54", "elapsed": 9.228381, "delta": 0.082274}}
{"target": -0.38266691115239393, "params": {"model__colsample_bylevel": 1.0, "model__colsample_bynode": 1.0, "model__colsample_bytree": 1.0, "model__learning_rate": 0.3, "model__max_depth": 8.0, "model__n_estimators": 15.0, "model__reg_lambda": 10.0}, "datetime": {"datetime": "2021-03-24 04:21:55", "elapsed": 10.077975, "delta": 0.849594}}
{"target": -0.3886821736466895, "params": {"model__colsample_bylevel": 0.3, "model__colsample_bynode": 1.0, "model__colsample_bytree": 0.3, "model__learning_rate": 0.3, "model__max_depth": 2.0, "model__n_estimators": 30.0, "model__reg_lambda": 10.0}, "datetime": {"datetime": "2021-03-24 04:21:56", "elapsed": 10.791309, "delta": 0.713334}}
{"target": -0.3351656941400058, "params": {"model__colsample_bylevel": 1.0, "model__colsample_bynode": 1.0, "model__colsample_bytree": 0.3, "model__learning_rate": 0.3, "model__max_depth": 8.0, "model__n_estimators": 30.0, "model__reg_lambda": 10.0}, "datetime": {"datetime": "2021-03-24 04:21:57", "elapsed": 11.561898, "delta": 0.770589}}
{"target": -0.3972942500996093, "params": {"model__colsample_bylevel": 0.3, "model__colsample_bynode": 0.3, "model__colsample_bytree": 1.0, "model__learning_rate": 0.3, "model__max_depth": 8.0, "model__n_estimators": 15.0, "model__reg_lambda": 6.277479233321487}, "datetime": {"datetime": "2021-03-24 04:21:57", "elapsed": 12.319069, "delta": 0.757171}}
{"target": -0.33610031529940476, "params": {"model__colsample_bylevel": 0.3, "model__colsample_bynode": 1.0, "model__colsample_bytree": 1.0, "model__learning_rate": 0.3, "model__max_depth": 8.0, "model__n_estimators": 30.0, "model__reg_lambda": 7.3064197343111825}, "datetime": {"datetime": "2021-03-24 04:21:58", "elapsed": 13.102537, "delta": 0.783468}}
{"target": -0.3300704576264041, "params": {"model__colsample_bylevel": 0.44110067890019544, "model__colsample_bynode": 0.9322862231517091, "model__colsample_bytree": 0.8602682922913261, "model__learning_rate": 0.29403496814137486, "model__max_depth": 5.217824068158034, "model__n_estimators": 29.897788870747178, "model__reg_lambda": 9.17188304638425}, "datetime": {"datetime": "2021-03-24 04:21:59", "elapsed": 14.005961, "delta": 0.903424}}
{"target": -0.37471322000256163, "params": {"model__colsample_bylevel": 0.3, "model__colsample_bynode": 1.0, "model__colsample_bytree": 1.0, "model__learning_rate": 0.3, "model__max_depth": 2.0, "model__n_estimators": 21.52441703635888, "model__reg_lambda": 10.0}, "datetime": {"datetime": "2021-03-24 04:22:00", "elapsed": 14.840984, "delta": 0.835023}}
{"target": -0.345351058615547, "params": {"model__colsample_bylevel": 1.0, "model__colsample_bynode": 1.0, "model__colsample_bytree": 0.3, "model__learning_rate": 0.3, "model__max_depth": 8.0, "model__n_estimators": 24.15845886923161, "model__reg_lambda": 10.0}, "datetime": {"datetime": "2021-03-24 04:22:01", "elapsed": 15.749204, "delta": 0.90822}}
{"target": -0.3647265860459943, "params": {"model__colsample_bylevel": 1.0, "model__colsample_bynode": 1.0, "model__colsample_bytree": 1.0, "model__learning_rate": 0.3, "model__max_depth": 8.0, "model__n_estimators": 19.80516329199915, "model__reg_lambda": 5.597114956078763}, "datetime": {"datetime": "2021-03-24 04:22:02", "elapsed": 16.756104, "delta": 1.0069}}
{"target": -0.36226886079876097, "params": {"model__colsample_bylevel": 0.3287610531690163, "model__colsample_bynode": 0.6892621854442945, "model__colsample_bytree": 0.6900348696815835, "model__learning_rate": 0.2519410459990641, "model__max_depth": 2.2220209318011026, "model__n_estimators": 29.77483724475168, "model__reg_lambda": 7.001049190754013}, "datetime": {"datetime": "2021-03-24 04:22:03", "elapsed": 17.578544, "delta": 0.82244}}
{"target": -0.45355120194481974, "params": {"model__colsample_bylevel": 0.3, "model__colsample_bynode": 0.3, "model__colsample_bytree": 0.3, "model__learning_rate": 0.3, "model__max_depth": 2.0, "model__n_estimators": 17.746267665648244, "model__reg_lambda": 0.0}, "datetime": {"datetime": "2021-03-24 04:22:03", "elapsed": 18.252806, "delta": 0.674262}}
{"target": -0.3810583299565368, "params": {"model__colsample_bylevel": 0.3, "model__colsample_bynode": 1.0, "model__colsample_bytree": 1.0, "model__learning_rate": 0.3, "model__max_depth": 5.46273982354904, "model__n_estimators": 17.364171515207058, "model__reg_lambda": 0.0}, "datetime": {"datetime": "2021-03-24 04:22:05", "elapsed": 19.721148, "delta": 1.468342}}
{"target": -0.32242928123712356, "params": {"model__colsample_bylevel": 0.3, "model__colsample_bynode": 1.0, "model__colsample_bytree": 0.3, "model__learning_rate": 0.3, "model__max_depth": 8.0, "model__n_estimators": 19.410048293744858, "model__reg_lambda": 0.0}, "datetime": {"datetime": "2021-03-24 04:22:06", "elapsed": 21.103991, "delta": 1.382843}}
{"target": -0.3542209537247655, "params": {"model__colsample_bylevel": 0.3, "model__colsample_bynode": 1.0, "model__colsample_bytree": 0.9999999993025709, "model__learning_rate": 0.3, "model__max_depth": 4.465878052471386, "model__n_estimators": 22.486538710578163, "model__reg_lambda": 9.999999991925677}, "datetime": {"datetime": "2021-03-24 04:22:07", "elapsed": 22.422099, "delta": 1.318108}}
{"target": -0.35623295725276016, "params": {"model__colsample_bylevel": 0.3, "model__colsample_bynode": 1.0, "model__colsample_bytree": 1.0, "model__learning_rate": 0.3, "model__max_depth": 2.0, "model__n_estimators": 23.851055946523047, "model__reg_lambda": 7.251347414690001}, "datetime": {"datetime": "2021-03-24 04:22:09", "elapsed": 23.76046, "delta": 1.338361}}
{"target": -0.3456762685980378, "params": {"model__colsample_bylevel": 0.3, "model__colsample_bynode": 1.0, "model__colsample_bytree": 1.0, "model__learning_rate": 0.3, "model__max_depth": 8.0, "model__n_estimators": 30.0, "model__reg_lambda": 10.0}, "datetime": {"datetime": "2021-03-24 04:22:10", "elapsed": 24.968231, "delta": 1.207771}}
{"target": -0.34778159159991506, "params": {"model__colsample_bylevel": 0.9825182985514007, "model__colsample_bynode": 0.39848123401145036, "model__colsample_bytree": 0.8501406507148201, "model__learning_rate": 0.272073043019439, "model__max_depth": 3.779537926904492, "model__n_estimators": 29.671906230219104, "model__reg_lambda": 9.861621735194344}, "datetime": {"datetime": "2021-03-24 04:22:11", "elapsed": 26.196334, "delta": 1.228103}}
{"target": -0.38747975719013705, "params": {"model__colsample_bylevel": 1.0, "model__colsample_bynode": 1.0, "model__colsample_bytree": 1.0, "model__learning_rate": 0.3, "model__max_depth": 8.0, "model__n_estimators": 29.988789974083385, "model__reg_lambda": 0.0}, "datetime": {"datetime": "2021-03-24 04:22:13", "elapsed": 27.564396, "delta": 1.368062}}
{"target": -0.36342089968207086, "params": {"model__colsample_bylevel": 1.0, "model__colsample_bynode": 1.0, "model__colsample_bytree": 1.0, "model__learning_rate": 0.3, "model__max_depth": 8.0, "model__n_estimators": 19.624608242380656, "model__reg_lambda": 10.0}, "datetime": {"datetime": "2021-03-24 04:22:14", "elapsed": 28.979665, "delta": 1.415269}}
{"target": -0.3622847667521547, "params": {"model__colsample_bylevel": 1.0, "model__colsample_bynode": 1.0, "model__colsample_bytree": 0.3, "model__learning_rate": 0.3, "model__max_depth": 8.0, "model__n_estimators": 16.30165909128999, "model__reg_lambda": 0.0}, "datetime": {"datetime": "2021-03-24 04:22:15", "elapsed": 30.297541, "delta": 1.317876}}
{"target": -0.3684330755591635, "params": {"model__colsample_bylevel": 0.3, "model__colsample_bynode": 0.9969887664334914, "model__colsample_bytree": 1.0, "model__learning_rate": 0.3, "model__max_depth": 5.204649700448604, "model__n_estimators": 21.923265949302255, "model__reg_lambda": 6.222091977253601}, "datetime": {"datetime": "2021-03-24 04:22:17", "elapsed": 31.554778, "delta": 1.257237}}
{"target": -0.3662774928811722, "params": {"model__colsample_bylevel": 1.0, "model__colsample_bynode": 1.0, "model__colsample_bytree": 1.0, "model__learning_rate": 0.3, "model__max_depth": 5.459927213273361, "model__n_estimators": 15.0, "model__reg_lambda": 5.800393826285435}, "datetime": {"datetime": "2021-03-24 04:22:18", "elapsed": 32.880743, "delta": 1.325965}}
{"target": -0.36902042442284844, "params": {"model__colsample_bylevel": 1.0, "model__colsample_bynode": 1.0, "model__colsample_bytree": 0.3, "model__learning_rate": 0.3, "model__max_depth": 2.0, "model__n_estimators": 23.793245736705273, "model__reg_lambda": 10.0}, "datetime": {"datetime": "2021-03-24 04:22:19", "elapsed": 34.209616, "delta": 1.328873}}
{"target": -0.3723791957778883, "params": {"model__colsample_bylevel": 0.3, "model__colsample_bynode": 0.3, "model__colsample_bytree": 0.3, "model__learning_rate": 0.3, "model__max_depth": 6.171251869841376, "model__n_estimators": 30.0, "model__reg_lambda": 6.7080281772684955}, "datetime": {"datetime": "2021-03-24 04:22:20", "elapsed": 35.374977, "delta": 1.165361}}
{"target": -0.35173828217767833, "params": {"model__colsample_bylevel": 1.0, "model__colsample_bynode": 1.0, "model__colsample_bytree": 1.0, "model__learning_rate": 0.3, "model__max_depth": 7.448498385184742, "model__n_estimators": 27.6808120187351, "model__reg_lambda": 8.71874776706757}, "datetime": {"datetime": "2021-03-24 04:22:22", "elapsed": 36.929182, "delta": 1.554205}}
{"target": -0.34844234447413386, "params": {"model__colsample_bylevel": 1.0, "model__colsample_bynode": 1.0, "model__colsample_bytree": 1.0, "model__learning_rate": 0.3, "model__max_depth": 7.99999999949448, "model__n_estimators": 22.596487786378887, "model__reg_lambda": 8.43263142978695}, "datetime": {"datetime": "2021-03-24 04:22:24", "elapsed": 38.448686, "delta": 1.519504}}
{"target": -0.3783729518395916, "params": {"model__colsample_bylevel": 0.3325566223977568, "model__colsample_bynode": 0.8181283723050039, "model__colsample_bytree": 0.41319568158271536, "model__learning_rate": 0.2865177963384198, "model__max_depth": 7.845185318165643, "model__n_estimators": 20.846897689221773, "model__reg_lambda": 3.043285019638955}, "datetime": {"datetime": "2021-03-24 04:22:25", "elapsed": 39.579136, "delta": 1.13045}}
{"target": -0.37566047221408694, "params": {"model__colsample_bylevel": 0.4651329464377999, "model__colsample_bynode": 0.8901038844099822, "model__colsample_bytree": 0.7387660200109817, "model__learning_rate": 0.17280763327478593, "model__max_depth": 2.023295234331691, "model__n_estimators": 29.98403886795327, "model__reg_lambda": 4.198876758189409}, "datetime": {"datetime": "2021-03-24 04:22:26", "elapsed": 40.822561, "delta": 1.243425}}
{"target": -0.3614657521430079, "params": {"model__colsample_bylevel": 1.0, "model__colsample_bynode": 1.0, "model__colsample_bytree": 1.0, "model__learning_rate": 0.3, "model__max_depth": 2.0000000226687527, "model__n_estimators": 18.31174118379146, "model__reg_lambda": 1.3656304787638915}, "datetime": {"datetime": "2021-03-24 04:22:27", "elapsed": 42.091783, "delta": 1.269222}}
{"target": -0.3695609354508528, "params": {"model__colsample_bylevel": 0.3, "model__colsample_bynode": 1.0, "model__colsample_bytree": 0.3, "model__learning_rate": 0.3, "model__max_depth": 5.004924655417356, "model__n_estimators": 27.394392867695693, "model__reg_lambda": 10.0}, "datetime": {"datetime": "2021-03-24 04:22:28", "elapsed": 43.191065, "delta": 1.099282}}
{"target": -0.3701235786323315, "params": {"model__colsample_bylevel": 0.3, "model__colsample_bynode": 0.3, "model__colsample_bytree": 1.0, "model__learning_rate": 0.3, "model__max_depth": 3.9631494772399707, "model__n_estimators": 15.0, "model__reg_lambda": 2.379353947716294}, "datetime": {"datetime": "2021-03-24 04:22:30", "elapsed": 44.691539, "delta": 1.500474}}
{"target": -0.3422345374834022, "params": {"model__colsample_bylevel": 1.0, "model__colsample_bynode": 1.0, "model__colsample_bytree": 1.0, "model__learning_rate": 0.3, "model__max_depth": 4.247662174013678, "model__n_estimators": 30.0, "model__reg_lambda": 7.187064018128865}, "datetime": {"datetime": "2021-03-24 04:22:31", "elapsed": 46.318515, "delta": 1.626976}}
{"target": -0.35119006606780556, "params": {"model__colsample_bylevel": 0.3, "model__colsample_bynode": 1.0, "model__colsample_bytree": 1.0, "model__learning_rate": 0.3, "model__max_depth": 5.774784845133508, "model__n_estimators": 27.758510276345927, "model__reg_lambda": 4.5151962750211725}, "datetime": {"datetime": "2021-03-24 04:22:33", "elapsed": 47.437299, "delta": 1.118784}}
{"target": -0.40733444943646163, "params": {"model__colsample_bylevel": 0.40361886813645154, "model__colsample_bynode": 0.49554015246730654, "model__colsample_bytree": 0.9861107085556111, "model__learning_rate": 0.26177118636056906, "model__max_depth": 4.610333431699102, "model__n_estimators": 15.029775373623245, "model__reg_lambda": 9.721221999589254}, "datetime": {"datetime": "2021-03-24 04:22:34", "elapsed": 48.815192, "delta": 1.377893}}
{"target": -0.35171315587611623, "params": {"model__colsample_bylevel": 0.8547382914055301, "model__colsample_bynode": 0.49540166034545036, "model__colsample_bytree": 0.7172831469846663, "model__learning_rate": 0.12675630178298475, "model__max_depth": 7.913881525688645, "model__n_estimators": 29.966369503675093, "model__reg_lambda": 3.6351306819276163}, "datetime": {"datetime": "2021-03-24 04:22:35", "elapsed": 50.160583, "delta": 1.345391}}
{"target": -0.340180429874285, "params": {"model__colsample_bylevel": 1.0, "model__colsample_bynode": 0.3, "model__colsample_bytree": 1.0, "model__learning_rate": 0.3, "model__max_depth": 6.764681304470508, "model__n_estimators": 30.0, "model__reg_lambda": 10.0}, "datetime": {"datetime": "2021-03-24 04:22:37", "elapsed": 51.607157, "delta": 1.446574}}
{"target": -0.3171080744639714, "params": {"model__colsample_bylevel": 0.3, "model__colsample_bynode": 0.3, "model__colsample_bytree": 1.0, "model__learning_rate": 0.3, "model__max_depth": 6.876660206598151, "model__n_estimators": 23.09543496157953, "model__reg_lambda": 1.0904234909364328}, "datetime": {"datetime": "2021-03-24 04:22:38", "elapsed": 52.721279, "delta": 1.114122}}
{"target": -0.358085063332755, "params": {"model__colsample_bylevel": 0.3452609250216306, "model__colsample_bynode": 0.9965161857241633, "model__colsample_bytree": 0.5151920755338482, "model__learning_rate": 0.29624698581178077, "model__max_depth": 6.010464983726101, "model__n_estimators": 24.565664432542917, "model__reg_lambda": 0.04223544261649392}, "datetime": {"datetime": "2021-03-24 04:22:39", "elapsed": 54.088518, "delta": 1.367239}}
{"target": -0.3183986566486715, "params": {"model__colsample_bylevel": 0.31880922589296684, "model__colsample_bynode": 0.8723673706670445, "model__colsample_bytree": 0.9935530731495688, "model__learning_rate": 0.2993656151035861, "model__max_depth": 4.013230084405377, "model__n_estimators": 26.16949889299826, "model__reg_lambda": 1.7273754067135882}, "datetime": {"datetime": "2021-03-24 04:22:41", "elapsed": 55.475258, "delta": 1.38674}}
{"target": -0.35288938443088713, "params": {"model__colsample_bylevel": 0.987890016258637, "model__colsample_bynode": 0.8418651431939574, "model__colsample_bytree": 0.3614185412033747, "model__learning_rate": 0.14395225365521286, "model__max_depth": 2.049546733687691, "model__n_estimators": 27.407222103483164, "model__reg_lambda": 0.09807132491468029}, "datetime": {"datetime": "2021-03-24 04:22:42", "elapsed": 56.82595, "delta": 1.350692}}
{"target": -0.34905992992141327, "params": {"model__colsample_bylevel": 1.0, "model__colsample_bynode": 1.0, "model__colsample_bytree": 1.0, "model__learning_rate": 0.3, "model__max_depth": 4.251000839839619, "model__n_estimators": 21.342126422705135, "model__reg_lambda": 8.997221256188633}, "datetime": {"datetime": "2021-03-24 04:22:43", "elapsed": 58.160105, "delta": 1.334155}}
{"target": -0.3656306300008588, "params": {"model__colsample_bylevel": 1.0, "model__colsample_bynode": 0.3, "model__colsample_bytree": 0.3, "model__learning_rate": 0.3, "model__max_depth": 8.0, "model__n_estimators": 18.196437650880036, "model__reg_lambda": 2.4733428365079133}, "datetime": {"datetime": "2021-03-24 04:22:45", "elapsed": 59.527252, "delta": 1.367147}}
{"target": -0.34735416357297505, "params": {"model__colsample_bylevel": 1.0, "model__colsample_bynode": 1.0, "model__colsample_bytree": 0.3, "model__learning_rate": 0.3, "model__max_depth": 5.796862427762364, "model__n_estimators": 23.812144410746168, "model__reg_lambda": 9.999999979280298}, "datetime": {"datetime": "2021-03-24 04:22:46", "elapsed": 60.732767, "delta": 1.205515}}
{"target": -0.3821201851834422, "params": {"model__colsample_bylevel": 0.3, "model__colsample_bynode": 1.0, "model__colsample_bytree": 0.3, "model__learning_rate": 0.3, "model__max_depth": 3.16404001960281, "model__n_estimators": 22.440576477195723, "model__reg_lambda": 7.856510407506573}, "datetime": {"datetime": "2021-03-24 04:22:47", "elapsed": 62.023279, "delta": 1.290512}}
{"target": -0.3517545705209014, "params": {"model__colsample_bylevel": 0.9102264800049811, "model__colsample_bynode": 0.3382956139124798, "model__colsample_bytree": 0.9628369168632998, "model__learning_rate": 0.16912372245374013, "model__max_depth": 3.7586063817386157, "model__n_estimators": 15.074860168321988, "model__reg_lambda": 0.23778223394706477}, "datetime": {"datetime": "2021-03-24 04:22:48", "elapsed": 63.27903, "delta": 1.255751}}
{"target": -0.33659879584185964, "params": {"model__colsample_bylevel": 0.3, "model__colsample_bynode": 0.999999998889897, "model__colsample_bytree": 1.0, "model__learning_rate": 0.3, "model__max_depth": 5.400091990652098, "model__n_estimators": 23.39922968502794, "model__reg_lambda": 1.468886641173961}, "datetime": {"datetime": "2021-03-24 04:22:49", "elapsed": 64.390854, "delta": 1.111824}}
{"target": -0.3512413013765278, "params": {"model__colsample_bylevel": 0.43163847113893283, "model__colsample_bynode": 0.9992324826586774, "model__colsample_bytree": 0.91867093848835, "model__learning_rate": 0.25152797659601966, "model__max_depth": 2.1427057240474503, "model__n_estimators": 26.65550333734067, "model__reg_lambda": 2.907523073835383}, "datetime": {"datetime": "2021-03-24 04:22:51", "elapsed": 65.933662, "delta": 1.542808}}
{"target": -0.34246509420192817, "params": {"model__colsample_bylevel": 0.9943850086761281, "model__colsample_bynode": 0.48603576251140806, "model__colsample_bytree": 0.9964022242714989, "model__learning_rate": 0.29619430631146726, "model__max_depth": 5.8636688241752895, "model__n_estimators": 26.305577290457492, "model__reg_lambda": 6.89585915383653}, "datetime": {"datetime": "2021-03-24 04:22:52", "elapsed": 67.129232, "delta": 1.19557}}
{"target": -0.37671704151384205, "params": {"model__colsample_bylevel": 1.0, "model__colsample_bynode": 0.3, "model__colsample_bytree": 1.0, "model__learning_rate": 0.3, "model__max_depth": 6.64773913605664, "model__n_estimators": 16.435373971939896, "model__reg_lambda": 10.0}, "datetime": {"datetime": "2021-03-24 04:22:54", "elapsed": 68.523417, "delta": 1.394185}}
{"target": -0.3627324592403095, "params": {"model__colsample_bylevel": 1.0, "model__colsample_bynode": 0.8117100040100298, "model__colsample_bytree": 1.0, "model__learning_rate": 0.3, "model__max_depth": 5.106925212685248, "model__n_estimators": 19.278617626933578, "model__reg_lambda": 6.046718686384407}, "datetime": {"datetime": "2021-03-24 04:22:55", "elapsed": 69.781754, "delta": 1.258337}}
{"target": -0.3513884680016655, "params": {"model__colsample_bylevel": 0.7360928862230582, "model__colsample_bynode": 0.36417624895657247, "model__colsample_bytree": 0.949473855494747, "model__learning_rate": 0.2994447454462791, "model__max_depth": 7.9143926029431455, "model__n_estimators": 23.9251185195474, "model__reg_lambda": 3.192818073622883}, "datetime": {"datetime": "2021-03-24 04:22:56", "elapsed": 71.207901, "delta": 1.426147}}
{"target": -0.381973770250983, "params": {"model__colsample_bylevel": 0.9542157452631876, "model__colsample_bynode": 0.4228920024599839, "model__colsample_bytree": 0.9700611353223694, "model__learning_rate": 0.29747796795718134, "model__max_depth": 5.919207318014309, "model__n_estimators": 27.362857519659876, "model__reg_lambda": 0.015071825129983063}, "datetime": {"datetime": "2021-03-24 04:22:58", "elapsed": 72.608722, "delta": 1.400821}}
{"target": -0.36725230143823917, "params": {"model__colsample_bylevel": 0.3, "model__colsample_bynode": 1.0, "model__colsample_bytree": 0.3, "model__learning_rate": 0.3, "model__max_depth": 8.0, "model__n_estimators": 25.28775111552471, "model__reg_lambda": 8.92225419734522}, "datetime": {"datetime": "2021-03-24 04:22:59", "elapsed": 74.033121, "delta": 1.424399}}
