{"target": -0.35464006514150137, "params": {"model__colsample_bylevel": 0.6953543069101261, "model__colsample_bynode": 1.0, "model__colsample_bytree": 1.0, "model__learning_rate": 0.3, "model__max_depth": 8.0, "model__n_estimators": 22.080443979078797, "model__reg_lambda": 5.357026849800377}, "datetime": {"datetime": "2021-03-24 04:25:23", "elapsed": 218.288879, "delta": 1.548955}}
{"target": -0.38711859609837224, "params": {"model__colsample_bylevel": 0.31193742478446596, "model__colsample_bynode": 0.4151922822763704, "model__colsample_bytree": 0.9531867763066189, "model__learning_rate": 0.2940783081177808, "model__max_depth": 5.710628616022822, "model__n_estimators": 17.432483131242222, "model__reg_lambda": 3.2027577735665966}, "datetime": {"datetime": "2021-03-24 04:25:25", "elapsed": 219.907401, "delta": 1.618522}}
{"target": -0.366530728764643, "params": {"model__colsample_bylevel": 0.9537327663631132, "model__colsample_bynode": 0.33996067542740094, "model__colsample_bytree": 0.9832263718295482, "model__learning_rate": 0.2512433041799546, "model__max_depth": 2.9750137363911797, "model__n_estimators": 17.098733589805214, "model__reg_lambda": 2.395503287638613}, "datetime": {"datetime": "2021-03-24 04:25:26", "elapsed": 221.243316, "delta": 1.335915}}
{"target": -0.37259168220157535, "params": {"model__colsample_bylevel": 0.31364856951778025, "model__colsample_bynode": 0.3794558669397299, "model__colsample_bytree": 0.9267618434528002, "model__learning_rate": 0.2925174118696986, "model__max_depth": 7.0999031875193594, "model__n_estimators": 23.78418785452833, "model__reg_lambda": 9.983003473327626}, "datetime": {"datetime": "2021-03-24 04:25:28", "elapsed": 222.576899, "delta": 1.333583}}
{"target": -0.3618012273657149, "params": {"model__colsample_bylevel": 0.3023724185819498, "model__colsample_bynode": 0.3768065543681366, "model__colsample_bytree": 0.8200693514346442, "model__learning_rate": 0.2041004630955663, "model__max_depth": 4.499368782673192, "model__n_estimators": 27.300955195307846, "model__reg_lambda": 1.227513247570421}, "datetime": {"datetime": "2021-03-24 04:25:29", "elapsed": 224.034965, "delta": 1.458066}}
{"target": -0.3618518191936385, "params": {"model__colsample_bylevel": 1.0, "model__colsample_bynode": 1.0, "model__colsample_bytree": 1.0, "model__learning_rate": 0.3, "model__max_depth": 5.06905976821794, "model__n_estimators": 17.91414227953439, "model__reg_lambda": 10.0}, "datetime": {"datetime": "2021-03-24 04:25:31", "elapsed": 225.981646, "delta": 1.946681}}
{"target": -0.33444426484014567, "params": {"model__colsample_bylevel": 0.38248657784258855, "model__colsample_bynode": 0.8480823449987338, "model__colsample_bytree": 0.36682376214335366, "model__learning_rate": 0.2625188065568528, "model__max_depth": 7.915948889641359, "model__n_estimators": 29.96295408135869, "model__reg_lambda": 5.63329527051125}, "datetime": {"datetime": "2021-03-24 04:25:32", "elapsed": 227.422806, "delta": 1.44116}}
{"target": -0.39049038971686545, "params": {"model__colsample_bylevel": 0.9373312110188452, "model__colsample_bynode": 1.0, "model__colsample_bytree": 1.0, "model__learning_rate": 0.3, "model__max_depth": 2.0497609185547, "model__n_estimators": 17.17613227434955, "model__reg_lambda": 4.673147904142314}, "datetime": {"datetime": "2021-03-24 04:25:34", "elapsed": 229.244233, "delta": 1.821427}}
{"target": -0.33974497823847755, "params": {"model__colsample_bylevel": 0.3000000006624156, "model__colsample_bynode": 0.9886798735107877, "model__colsample_bytree": 0.35923996750485815, "model__learning_rate": 0.3, "model__max_depth": 7.970579426564479, "model__n_estimators": 28.287127200162576, "model__reg_lambda": 0.060424127729712916}, "datetime": {"datetime": "2021-03-24 04:25:36", "elapsed": 231.068008, "delta": 1.823775}}
{"target": -0.3543316659082294, "params": {"model__colsample_bylevel": 0.9899996873771253, "model__colsample_bynode": 0.807161714456808, "model__colsample_bytree": 0.9737771441500798, "model__learning_rate": 0.2518554921706391, "model__max_depth": 3.4550935822384865, "model__n_estimators": 15.13815751945126, "model__reg_lambda": 1.2593731968186872}, "datetime": {"datetime": "2021-03-24 04:25:38", "elapsed": 232.667413, "delta": 1.599405}}
{"target": -0.3681269970189348, "params": {"model__colsample_bylevel": 1.0, "model__colsample_bynode": 1.0, "model__colsample_bytree": 1.0, "model__learning_rate": 0.3, "model__max_depth": 8.0, "model__n_estimators": 16.810952788230875, "model__reg_lambda": 8.62239744635414}, "datetime": {"datetime": "2021-03-24 04:25:39", "elapsed": 234.383811, "delta": 1.716398}}
{"target": -0.34565698611853723, "params": {"model__colsample_bylevel": 0.3000000040268125, "model__colsample_bynode": 0.9490148001885627, "model__colsample_bytree": 1.0, "model__learning_rate": 0.3, "model__max_depth": 6.870501823035851, "model__n_estimators": 28.591127593510738, "model__reg_lambda": 7.497523935997025}, "datetime": {"datetime": "2021-03-24 04:25:41", "elapsed": 235.908647, "delta": 1.524836}}
{"target": -0.3300554937968179, "params": {"model__colsample_bylevel": 0.32464505030301033, "model__colsample_bynode": 0.954923163629275, "model__colsample_bytree": 0.36983726543453865, "model__learning_rate": 0.27119323583370336, "model__max_depth": 4.247570869759063, "model__n_estimators": 22.322463976036033, "model__reg_lambda": 0.7237270641683491}, "datetime": {"datetime": "2021-03-24 04:25:42", "elapsed": 237.287003, "delta": 1.378356}}
{"target": -0.35359566705503864, "params": {"model__colsample_bylevel": 0.4266438438791136, "model__colsample_bynode": 0.8215284878801761, "model__colsample_bytree": 0.3003927131086447, "model__learning_rate": 0.2494781561818084, "model__max_depth": 7.9993890673689325, "model__n_estimators": 16.66834232213837, "model__reg_lambda": 1.5981894204694758}, "datetime": {"datetime": "2021-03-24 04:25:44", "elapsed": 238.477482, "delta": 1.190479}}
{"target": -0.36628299460145713, "params": {"model__colsample_bylevel": 1.0, "model__colsample_bynode": 0.9999999907774796, "model__colsample_bytree": 0.9999999941646577, "model__learning_rate": 0.3, "model__max_depth": 6.417890846382232, "model__n_estimators": 16.945352442228298, "model__reg_lambda": 6.055492521982834}, "datetime": {"datetime": "2021-03-24 04:25:45", "elapsed": 240.252301, "delta": 1.774819}}
{"target": -0.39093360076814493, "params": {"model__colsample_bylevel": 0.3000000026301992, "model__colsample_bynode": 0.3000000015479468, "model__colsample_bytree": 0.3, "model__learning_rate": 0.3, "model__max_depth": 7.999999994960478, "model__n_estimators": 22.12831420174139, "model__reg_lambda": 0.0}, "datetime": {"datetime": "2021-03-24 04:25:47", "elapsed": 241.87532, "delta": 1.623019}}
{"target": -0.38074714046484537, "params": {"model__colsample_bylevel": 0.9759010012253957, "model__colsample_bynode": 0.9392740908208446, "model__colsample_bytree": 0.35446854274164824, "model__learning_rate": 0.2599122056639519, "model__max_depth": 2.2156887457139716, "model__n_estimators": 21.50841353507772, "model__reg_lambda": 7.042059535334816}, "datetime": {"datetime": "2021-03-24 04:25:49", "elapsed": 243.628812, "delta": 1.753492}}
{"target": -0.32643825397404935, "params": {"model__colsample_bylevel": 0.9980183110699765, "model__colsample_bynode": 0.3532808057234671, "model__colsample_bytree": 0.8830492774200429, "model__learning_rate": 0.2618703755010112, "model__max_depth": 7.790338463537601, "model__n_estimators": 25.11111471642915, "model__reg_lambda": 1.9883223885248835}, "datetime": {"datetime": "2021-03-24 04:25:50", "elapsed": 245.340491, "delta": 1.711679}}
{"target": -0.34982624035733545, "params": {"model__colsample_bylevel": 0.987789331377251, "model__colsample_bynode": 0.3228573414100672, "model__colsample_bytree": 0.9430409577008385, "model__learning_rate": 0.2963449987100112, "model__max_depth": 4.382736353639407, "model__n_estimators": 18.778006510514185, "model__reg_lambda": 7.598162502071749}, "datetime": {"datetime": "2021-03-24 04:25:52", "elapsed": 246.921121, "delta": 1.58063}}
{"target": -0.37676557409889194, "params": {"model__colsample_bylevel": 0.427823547732056, "model__colsample_bynode": 0.8884646947356976, "model__colsample_bytree": 0.8170369530881023, "model__learning_rate": 0.25205262309731896, "model__max_depth": 5.04029870181974, "model__n_estimators": 28.81562171550813, "model__reg_lambda": 0.07409264318818609}, "datetime": {"datetime": "2021-03-24 04:25:53", "elapsed": 248.433746, "delta": 1.512625}}
{"target": -0.33010127226386793, "params": {"model__colsample_bylevel": 0.8779147601107793, "model__colsample_bynode": 0.8880419207447394, "model__colsample_bytree": 0.30047652104217765, "model__learning_rate": 0.29189426678842567, "model__max_depth": 2.4332091504942834, "model__n_estimators": 26.469082318760464, "model__reg_lambda": 3.3912493024864765}, "datetime": {"datetime": "2021-03-24 04:25:55", "elapsed": 249.983217, "delta": 1.549471}}
{"target": -0.351535315446866, "params": {"model__colsample_bylevel": 0.9388966888086829, "model__colsample_bynode": 0.9188835881134054, "model__colsample_bytree": 0.9811767178688275, "model__learning_rate": 0.28959297873847223, "model__max_depth": 3.186390370629038, "model__n_estimators": 25.72711962029385, "model__reg_lambda": 2.6667570346434086}, "datetime": {"datetime": "2021-03-24 04:25:57", "elapsed": 251.666005, "delta": 1.682788}}
{"target": -0.3489897365977083, "params": {"model__colsample_bylevel": 0.39172190248044547, "model__colsample_bynode": 0.8918839819923297, "model__colsample_bytree": 0.9012484345186511, "model__learning_rate": 0.23148701027355104, "model__max_depth": 7.972072831890384, "model__n_estimators": 20.6244703966124, "model__reg_lambda": 0.2076224934135995}, "datetime": {"datetime": "2021-03-24 04:25:58", "elapsed": 253.267399, "delta": 1.601394}}
{"target": -0.3891886699053061, "params": {"model__colsample_bylevel": 0.9813917845958864, "model__colsample_bynode": 0.7874919558009632, "model__colsample_bytree": 0.9968150901547128, "model__learning_rate": 0.23486416295490828, "model__max_depth": 7.978526517604519, "model__n_estimators": 25.227894348158383, "model__reg_lambda": 0.6668914469933029}, "datetime": {"datetime": "2021-03-24 04:26:00", "elapsed": 254.9869, "delta": 1.719501}}
{"target": -0.35079503561154113, "params": {"model__colsample_bylevel": 0.35578191239055595, "model__colsample_bynode": 0.9555232190907761, "model__colsample_bytree": 0.517094181112099, "model__learning_rate": 0.2085816064633251, "model__max_depth": 6.294619856769351, "model__n_estimators": 19.627111860672578, "model__reg_lambda": 0.03120549708144682}, "datetime": {"datetime": "2021-03-24 04:26:01", "elapsed": 256.364234, "delta": 1.377334}}
{"target": -0.3395554520105403, "params": {"model__colsample_bylevel": 0.4669734787952557, "model__colsample_bynode": 0.9604779525371425, "model__colsample_bytree": 0.8815246688447789, "model__learning_rate": 0.29802897915669924, "model__max_depth": 2.1361753963398358, "model__n_estimators": 25.833790931949135, "model__reg_lambda": 5.329592686423458}, "datetime": {"datetime": "2021-03-24 04:26:03", "elapsed": 257.740491, "delta": 1.376257}}
{"target": -0.3428163950466483, "params": {"model__colsample_bylevel": 0.5816940632733576, "model__colsample_bynode": 0.3166115748950042, "model__colsample_bytree": 0.8905163196634145, "model__learning_rate": 0.29911041624557044, "model__max_depth": 5.460731130849847, "model__n_estimators": 27.554794025236237, "model__reg_lambda": 5.348324882251209}, "datetime": {"datetime": "2021-03-24 04:26:04", "elapsed": 259.152874, "delta": 1.412383}}
{"target": -0.3716234488260891, "params": {"model__colsample_bylevel": 0.9226089897340983, "model__colsample_bynode": 0.9003161286753834, "model__colsample_bytree": 0.8685749954501607, "model__learning_rate": 0.2899302322080627, "model__max_depth": 4.049687274498833, "model__n_estimators": 18.98091296286488, "model__reg_lambda": 3.5637056652938637}, "datetime": {"datetime": "2021-03-24 04:26:06", "elapsed": 261.02322, "delta": 1.870346}}
{"target": -0.32849314052399003, "params": {"model__colsample_bylevel": 0.3, "model__colsample_bynode": 0.3, "model__colsample_bytree": 1.0, "model__learning_rate": 0.3, "model__max_depth": 2.9165725323250857, "model__n_estimators": 16.19789325364492, "model__reg_lambda": 0.0}, "datetime": {"datetime": "2021-03-24 04:26:07", "elapsed": 262.363005, "delta": 1.339785}}
{"target": -0.37041620764193006, "params": {"model__colsample_bylevel": 1.0, "model__colsample_bynode": 0.3, "model__colsample_bytree": 0.3, "model__learning_rate": 0.3, "model__max_depth": 7.786763096772367, "model__n_estimators": 26.49946908884006, "model__reg_lambda": 9.353908367090614}, "datetime": {"datetime": "2021-03-24 04:26:09", "elapsed": 264.058875, "delta": 1.69587}}
{"target": -0.37642609213708317, "params": {"model__colsample_bylevel": 0.3, "model__colsample_bynode": 1.0, "model__colsample_bytree": 0.3, "model__learning_rate": 0.3, "model__max_depth": 2.0, "model__n_estimators": 27.398060417539543, "model__reg_lambda": 8.919848801554634}, "datetime": {"datetime": "2021-03-24 04:26:11", "elapsed": 265.890198, "delta": 1.831323}}
{"target": -0.3465089252969399, "params": {"model__colsample_bylevel": 0.9496972570202091, "model__colsample_bynode": 0.5157384444971772, "model__colsample_bytree": 0.46337442663694245, "model__learning_rate": 0.2607297207439425, "model__max_depth": 7.912521330544017, "model__n_estimators": 25.57302978177837, "model__reg_lambda": 3.7115396229790267}, "datetime": {"datetime": "2021-03-24 04:26:13", "elapsed": 267.73007, "delta": 1.839872}}
{"target": -0.37060021904661605, "params": {"model__colsample_bylevel": 0.3000000160599719, "model__colsample_bynode": 0.35778292366118775, "model__colsample_bytree": 1.0, "model__learning_rate": 0.3, "model__max_depth": 4.969984230740504, "model__n_estimators": 28.734025092691056, "model__reg_lambda": 9.886579237710645}, "datetime": {"datetime": "2021-03-24 04:26:14", "elapsed": 269.280899, "delta": 1.550829}}
{"target": -0.37286706156556265, "params": {"model__colsample_bylevel": 1.0, "model__colsample_bynode": 0.3, "model__colsample_bytree": 1.0, "model__learning_rate": 0.3, "model__max_depth": 2.0, "model__n_estimators": 23.085195357386613, "model__reg_lambda": 8.437860331629443}, "datetime": {"datetime": "2021-03-24 04:26:16", "elapsed": 270.798712, "delta": 1.517813}}
{"target": -0.3418638506739323, "params": {"model__colsample_bylevel": 0.9924628054847302, "model__colsample_bynode": 0.918253933488236, "model__colsample_bytree": 0.48447396257552977, "model__learning_rate": 0.26179193357945674, "model__max_depth": 3.1222197291030254, "model__n_estimators": 29.780974474033084, "model__reg_lambda": 0.13679534393045145}, "datetime": {"datetime": "2021-03-24 04:26:17", "elapsed": 272.166955, "delta": 1.368243}}
{"target": -0.35522188293693613, "params": {"model__colsample_bylevel": 0.7658390870265068, "model__colsample_bynode": 1.0, "model__colsample_bytree": 0.3, "model__learning_rate": 0.3, "model__max_depth": 7.925151265684621, "model__n_estimators": 27.215454529975787, "model__reg_lambda": 10.0}, "datetime": {"datetime": "2021-03-24 04:26:19", "elapsed": 273.709307, "delta": 1.542352}}
{"target": -0.3468762826128944, "params": {"model__colsample_bylevel": 0.3, "model__colsample_bynode": 0.30000000166979746, "model__colsample_bytree": 1.0, "model__learning_rate": 0.3, "model__max_depth": 6.645185354239214, "model__n_estimators": 25.547448441975916, "model__reg_lambda": 1.7508719744559134}, "datetime": {"datetime": "2021-03-24 04:26:21", "elapsed": 275.450525, "delta": 1.741218}}
{"target": -0.34731525902946786, "params": {"model__colsample_bylevel": 0.9863804822323139, "model__colsample_bynode": 0.515733586870862, "model__colsample_bytree": 0.9044067915993181, "model__learning_rate": 0.28600591396679187, "model__max_depth": 6.177365742492999, "model__n_estimators": 23.035947754183212, "model__reg_lambda": 3.5305727273062915}, "datetime": {"datetime": "2021-03-24 04:26:22", "elapsed": 277.07858, "delta": 1.628055}}
{"target": -0.34040195174798693, "params": {"model__colsample_bylevel": 0.986505163758371, "model__colsample_bynode": 0.9817639525992052, "model__colsample_bytree": 0.4438768338046343, "model__learning_rate": 0.2951921751345315, "model__max_depth": 6.406616191866647, "model__n_estimators": 29.249277675607786, "model__reg_lambda": 5.842603577210836}, "datetime": {"datetime": "2021-03-24 04:26:24", "elapsed": 278.566937, "delta": 1.488357}}
{"target": -0.3652425324534187, "params": {"model__colsample_bylevel": 0.327772453099691, "model__colsample_bynode": 0.3320293363063833, "model__colsample_bytree": 0.3234413374611577, "model__learning_rate": 0.23058358826524022, "model__max_depth": 7.9316182285176895, "model__n_estimators": 26.524792825153746, "model__reg_lambda": 0.1319219780779357}, "datetime": {"datetime": "2021-03-24 04:26:25", "elapsed": 280.303588, "delta": 1.736651}}
{"target": -0.3493377492364928, "params": {"model__colsample_bylevel": 0.4477038408413931, "model__colsample_bynode": 0.44244374567120376, "model__colsample_bytree": 0.9884271737975983, "model__learning_rate": 0.2906676333574142, "model__max_depth": 4.05806994715979, "model__n_estimators": 29.94644688848858, "model__reg_lambda": 8.527659214810893}, "datetime": {"datetime": "2021-03-24 04:26:27", "elapsed": 281.961252, "delta": 1.657664}}
