{"target": -0.3602847618766237, "params": {"model__colsample_bylevel": 0.9999999996175887, "model__colsample_bynode": 1.0, "model__colsample_bytree": 1.0, "model__learning_rate": 0.3, "model__max_depth": 6.496648729405877, "model__n_estimators": 20.220753366691568, "model__reg_lambda": 8.631714121655754}, "datetime": {"datetime": "2021-03-24 04:24:11", "elapsed": 146.11674, "delta": 1.335337}}
{"target": -0.3505284455321405, "params": {"model__colsample_bylevel": 1.0, "model__colsample_bynode": 1.0, "model__colsample_bytree": 1.0, "model__learning_rate": 0.3, "model__max_depth": 8.0, "model__n_estimators": 26.317958711336157, "model__reg_lambda": 10.0}, "datetime": {"datetime": "2021-03-24 04:24:13", "elapsed": 147.481095, "delta": 1.364355}}
{"target": -0.35318491189517887, "params": {"model__colsample_bylevel": 1.0, "model__colsample_bynode": 1.0, "model__colsample_bytree": 1.0, "model__learning_rate": 0.3, "model__max_depth": 2.1421098346301104, "model__n_estimators": 30.0, "model__reg_lambda": 8.824580178414271}, "datetime": {"datetime": "2021-03-24 04:24:14", "elapsed": 148.931669, "delta": 1.450574}}
{"target": -0.36894464394637805, "params": {"model__colsample_bylevel": 1.0, "model__colsample_bynode": 0.3, "model__colsample_bytree": 0.3, "model__learning_rate": 0.3, "model__max_depth": 2.201981238678497, "model__n_estimators": 30.0, "model__reg_lambda": 8.229293384204789}, "datetime": {"datetime": "2021-03-24 04:24:15", "elapsed": 150.117195, "delta": 1.185526}}
{"target": -0.32973451577304136, "params": {"model__colsample_bylevel": 0.3, "model__colsample_bynode": 1.0, "model__colsample_bytree": 0.3, "model__learning_rate": 0.3, "model__max_depth": 6.439722819850738, "model__n_estimators": 29.99999999999624, "model__reg_lambda": 0.0}, "datetime": {"datetime": "2021-03-24 04:24:17", "elapsed": 151.533209, "delta": 1.416014}}
{"target": -0.3461268156618419, "params": {"model__colsample_bylevel": 0.6443951305586443, "model__colsample_bynode": 0.39655304818689074, "model__colsample_bytree": 0.30367638831323157, "model__learning_rate": 0.28959430710093215, "model__max_depth": 3.7106503318142092, "model__n_estimators": 22.03052065868902, "model__reg_lambda": 0.05906472704119814}, "datetime": {"datetime": "2021-03-24 04:24:18", "elapsed": 153.103956, "delta": 1.570747}}
{"target": -0.3488671537552812, "params": {"model__colsample_bylevel": 0.3998380614765242, "model__colsample_bynode": 0.9445655621343254, "model__colsample_bytree": 0.7409330718018812, "model__learning_rate": 0.28864704639110733, "model__max_depth": 5.801092777744122, "model__n_estimators": 27.346109210566166, "model__reg_lambda": 1.20947942953048}, "datetime": {"datetime": "2021-03-24 04:24:19", "elapsed": 154.201195, "delta": 1.097239}}
{"target": -0.3428290905370175, "params": {"model__colsample_bylevel": 1.0, "model__colsample_bynode": 0.3, "model__colsample_bytree": 1.0, "model__learning_rate": 0.3, "model__max_depth": 7.991011063664132, "model__n_estimators": 16.589134539596166, "model__reg_lambda": 3.5829984236874406}, "datetime": {"datetime": "2021-03-24 04:24:20", "elapsed": 155.417081, "delta": 1.215886}}
{"target": -0.34258494387816074, "params": {"model__colsample_bylevel": 0.9351974211079908, "model__colsample_bynode": 0.33399283289788584, "model__colsample_bytree": 0.9828516364478015, "model__learning_rate": 0.2920764955258304, "model__max_depth": 6.829343683403121, "model__n_estimators": 26.65090869675184, "model__reg_lambda": 5.472032354017728}, "datetime": {"datetime": "2021-03-24 04:24:22", "elapsed": 156.763872, "delta": 1.346791}}
{"target": -0.32816690710521695, "params": {"model__colsample_bylevel": 0.8748667127932475, "model__colsample_bynode": 0.9074140082426314, "model__colsample_bytree": 0.5178781938608814, "model__learning_rate": 0.1350805311103077, "model__max_depth": 5.17016966398883, "model__n_estimators": 29.875666881539477, "model__reg_lambda": 0.009905604263839018}, "datetime": {"datetime": "2021-03-24 04:24:23", "elapsed": 158.023453, "delta": 1.259581}}
{"target": -0.372552932750103, "params": {"model__colsample_bylevel": 0.9875324557176559, "model__colsample_bynode": 0.8603302380451414, "model__colsample_bytree": 0.5097481410218048, "model__learning_rate": 0.2964056826142827, "model__max_depth": 7.989737838761489, "model__n_estimators": 18.89604017450724, "model__reg_lambda": 0.030981711273868617}, "datetime": {"datetime": "2021-03-24 04:24:24", "elapsed": 159.274226, "delta": 1.250773}}
{"target": -0.4119601882622995, "params": {"model__colsample_bylevel": 0.3, "model__colsample_bynode": 0.3, "model__colsample_bytree": 1.0, "model__learning_rate": 0.3, "model__max_depth": 2.1366398463821845, "model__n_estimators": 18.792713322430174, "model__reg_lambda": 7.6650548020617935}, "datetime": {"datetime": "2021-03-24 04:24:26", "elapsed": 160.615294, "delta": 1.341068}}
{"target": -0.3475767457673825, "params": {"model__colsample_bylevel": 0.9700740432144124, "model__colsample_bynode": 0.9221038786295519, "model__colsample_bytree": 0.9909445716373431, "model__learning_rate": 0.28859909123909433, "model__max_depth": 2.058179472856177, "model__n_estimators": 25.189557826161014, "model__reg_lambda": 3.465976360030968}, "datetime": {"datetime": "2021-03-24 04:24:27", "elapsed": 161.863002, "delta": 1.247708}}
{"target": -0.34372810699211, "params": {"model__colsample_bylevel": 0.9119624569363984, "model__colsample_bynode": 0.9151372340242929, "model__colsample_bytree": 0.31544964417842764, "model__learning_rate": 0.28703117466372285, "model__max_depth": 3.600607867534312, "model__n_estimators": 29.93535159911923, "model__reg_lambda": 5.40527282645148}, "datetime": {"datetime": "2021-03-24 04:24:29", "elapsed": 163.438827, "delta": 1.575825}}
{"target": -0.3807847566767663, "params": {"model__colsample_bylevel": 1.0, "model__colsample_bynode": 0.3, "model__colsample_bytree": 1.0, "model__learning_rate": 0.3, "model__max_depth": 7.099500562929181, "model__n_estimators": 15.0, "model__reg_lambda": 7.483538397897078}, "datetime": {"datetime": "2021-03-24 04:24:30", "elapsed": 164.958911, "delta": 1.520084}}
{"target": -0.36697310742490213, "params": {"model__colsample_bylevel": 0.9544517959244746, "model__colsample_bynode": 0.3, "model__colsample_bytree": 0.3000000242731768, "model__learning_rate": 0.3, "model__max_depth": 8.0, "model__n_estimators": 30.0, "model__reg_lambda": 9.349311277535094}, "datetime": {"datetime": "2021-03-24 04:24:31", "elapsed": 166.34048, "delta": 1.381569}}
{"target": -0.32807803170990024, "params": {"model__colsample_bylevel": 0.6225961356241809, "model__colsample_bynode": 0.9965495096517545, "model__colsample_bytree": 0.45499910840399144, "model__learning_rate": 0.2915361710678152, "model__max_depth": 7.872296629739011, "model__n_estimators": 28.797445839223297, "model__reg_lambda": 6.014150794748102}, "datetime": {"datetime": "2021-03-24 04:24:33", "elapsed": 167.599519, "delta": 1.259039}}
{"target": -0.39335057247713534, "params": {"model__colsample_bylevel": 0.8876675050829432, "model__colsample_bynode": 0.7427374236108749, "model__colsample_bytree": 0.965285761633143, "model__learning_rate": 0.1473886438600613, "model__max_depth": 2.028201982731505, "model__n_estimators": 20.16397262049397, "model__reg_lambda": 0.007026437141705033}, "datetime": {"datetime": "2021-03-24 04:24:34", "elapsed": 168.869923, "delta": 1.270404}}
{"target": -0.358987109812206, "params": {"model__colsample_bylevel": 1.0, "model__colsample_bynode": 1.0, "model__colsample_bytree": 1.0, "model__learning_rate": 0.3, "model__max_depth": 4.4662115484926685, "model__n_estimators": 25.08999429767399, "model__reg_lambda": 10.0}, "datetime": {"datetime": "2021-03-24 04:24:35", "elapsed": 170.18033, "delta": 1.310407}}
{"target": -0.3765541281244056, "params": {"model__colsample_bylevel": 1.0, "model__colsample_bynode": 0.30000000205314503, "model__colsample_bytree": 0.30000000478576533, "model__learning_rate": 0.3, "model__max_depth": 2.1575752684003544, "model__n_estimators": 24.50233663462025, "model__reg_lambda": 5.694639418464023}, "datetime": {"datetime": "2021-03-24 04:24:37", "elapsed": 171.568909, "delta": 1.388579}}
{"target": -0.3510580495975074, "params": {"model__colsample_bylevel": 0.49926041147910993, "model__colsample_bynode": 0.300000001275945, "model__colsample_bytree": 1.0, "model__learning_rate": 0.3, "model__max_depth": 7.524232753053678, "model__n_estimators": 18.19108001923975, "model__reg_lambda": 4.513791299275}, "datetime": {"datetime": "2021-03-24 04:24:38", "elapsed": 172.778624, "delta": 1.209715}}
{"target": -0.32395284319974726, "params": {"model__colsample_bylevel": 0.3471381092536854, "model__colsample_bynode": 0.9891828512061873, "model__colsample_bytree": 0.6364203896809724, "model__learning_rate": 0.2713586981680398, "model__max_depth": 7.893168432827629, "model__n_estimators": 20.913486487676717, "model__reg_lambda": 1.046271350047796}, "datetime": {"datetime": "2021-03-24 04:24:39", "elapsed": 173.82775, "delta": 1.049126}}
{"target": -0.34203665898231267, "params": {"model__colsample_bylevel": 0.9999999971547013, "model__colsample_bynode": 0.9999999998434279, "model__colsample_bytree": 0.9999999991905292, "model__learning_rate": 0.3, "model__max_depth": 2.68910394906044, "model__n_estimators": 17.46842052646765, "model__reg_lambda": 0.06470542232630344}, "datetime": {"datetime": "2021-03-24 04:24:40", "elapsed": 175.185082, "delta": 1.357332}}
{"target": -0.3752324186953837, "params": {"model__colsample_bylevel": 1.0, "model__colsample_bynode": 1.0, "model__colsample_bytree": 0.3, "model__learning_rate": 0.3, "model__max_depth": 6.085542891697608, "model__n_estimators": 15.0, "model__reg_lambda": 10.0}, "datetime": {"datetime": "2021-03-24 04:24:42", "elapsed": 176.485856, "delta": 1.300774}}
{"target": -0.3482740989526855, "params": {"model__colsample_bylevel": 0.4159690922411559, "model__colsample_bynode": 0.9949666715235683, "model__colsample_bytree": 0.8408411808630527, "model__learning_rate": 0.29254035345423884, "model__max_depth": 3.7883082637326693, "model__n_estimators": 29.839422483411763, "model__reg_lambda": 4.6976679767868035}, "datetime": {"datetime": "2021-03-24 04:24:43", "elapsed": 177.826246, "delta": 1.34039}}
{"target": -0.4101964186188643, "params": {"model__colsample_bylevel": 0.9999999953905171, "model__colsample_bynode": 0.3, "model__colsample_bytree": 0.3, "model__learning_rate": 0.3, "model__max_depth": 3.793048861664103, "model__n_estimators": 15.0, "model__reg_lambda": 6.835966756602748}, "datetime": {"datetime": "2021-03-24 04:24:44", "elapsed": 179.263127, "delta": 1.436881}}
{"target": -0.36813637289164614, "params": {"model__colsample_bylevel": 0.8121370574010982, "model__colsample_bynode": 0.3, "model__colsample_bytree": 1.0, "model__learning_rate": 0.3, "model__max_depth": 6.453714919101018, "model__n_estimators": 20.198686096735763, "model__reg_lambda": 3.3198941465837377}, "datetime": {"datetime": "2021-03-24 04:24:46", "elapsed": 180.59426, "delta": 1.331133}}
{"target": -0.3608399631863838, "params": {"model__colsample_bylevel": 0.919132666937007, "model__colsample_bynode": 0.991310932920509, "model__colsample_bytree": 0.8991887760095982, "model__learning_rate": 0.23911912073846056, "model__max_depth": 7.843440721036783, "model__n_estimators": 28.830424119326224, "model__reg_lambda": 7.000877284363155}, "datetime": {"datetime": "2021-03-24 04:24:47", "elapsed": 182.107559, "delta": 1.513299}}
{"target": -0.33491156214217155, "params": {"model__colsample_bylevel": 0.4551105806375993, "model__colsample_bynode": 1.0, "model__colsample_bytree": 0.9999999991357735, "model__learning_rate": 0.3, "model__max_depth": 3.731955801986125, "model__n_estimators": 29.21102577120225, "model__reg_lambda": 9.49117963857459}, "datetime": {"datetime": "2021-03-24 04:24:48", "elapsed": 183.304655, "delta": 1.197096}}
{"target": -0.3376002401582546, "params": {"model__colsample_bylevel": 0.5879556297036705, "model__colsample_bynode": 0.8534067042206386, "model__colsample_bytree": 0.3379885852241886, "model__learning_rate": 0.29864742161325797, "model__max_depth": 6.058376286433757, "model__n_estimators": 27.357116523840844, "model__reg_lambda": 6.230039412885757}, "datetime": {"datetime": "2021-03-24 04:24:50", "elapsed": 184.679336, "delta": 1.374681}}
{"target": -0.338032786919317, "params": {"model__colsample_bylevel": 0.9479401640346503, "model__colsample_bynode": 0.9673206926205273, "model__colsample_bytree": 0.41629417471770286, "model__learning_rate": 0.2955959129714294, "model__max_depth": 2.0641919703545257, "model__n_estimators": 29.86357726561485, "model__reg_lambda": 5.478372264656884}, "datetime": {"datetime": "2021-03-24 04:24:51", "elapsed": 185.997171, "delta": 1.317835}}
{"target": -0.3280551858502356, "params": {"model__colsample_bylevel": 0.4376538706894567, "model__colsample_bynode": 0.9242079280208961, "model__colsample_bytree": 0.5972684186914162, "model__learning_rate": 0.2800816252385931, "model__max_depth": 3.938991794529704, "model__n_estimators": 24.356498182987863, "model__reg_lambda": 1.0848967341169446}, "datetime": {"datetime": "2021-03-24 04:24:52", "elapsed": 187.288851, "delta": 1.29168}}
{"target": -0.3252726816442336, "params": {"model__colsample_bylevel": 0.3302425873189971, "model__colsample_bynode": 0.971719072251922, "model__colsample_bytree": 0.9392792844240763, "model__learning_rate": 0.23137073715728299, "model__max_depth": 4.0375841509271035, "model__n_estimators": 19.260462876102192, "model__reg_lambda": 0.006820664415497779}, "datetime": {"datetime": "2021-03-24 04:24:54", "elapsed": 188.686779, "delta": 1.397928}}
{"target": -0.34140949037088, "params": {"model__colsample_bylevel": 0.30286054208694013, "model__colsample_bynode": 0.32086304831751533, "model__colsample_bytree": 0.9680246185204258, "model__learning_rate": 0.2753171153349283, "model__max_depth": 5.949572084492516, "model__n_estimators": 24.815786802144608, "model__reg_lambda": 3.361640967240266}, "datetime": {"datetime": "2021-03-24 04:24:55", "elapsed": 190.150994, "delta": 1.464215}}
{"target": -0.33241594072812625, "params": {"model__colsample_bylevel": 0.5044786305317772, "model__colsample_bynode": 0.8628494864761298, "model__colsample_bytree": 0.96090301777493, "model__learning_rate": 0.26918730538837654, "model__max_depth": 3.964406263512486, "model__n_estimators": 19.819384067313365, "model__reg_lambda": 1.2296830664549363}, "datetime": {"datetime": "2021-03-24 04:24:57", "elapsed": 191.789437, "delta": 1.638443}}
{"target": -0.35228320444458283, "params": {"model__colsample_bylevel": 0.989882014033564, "model__colsample_bynode": 0.3046922512308402, "model__colsample_bytree": 0.8716950298048374, "model__learning_rate": 0.28429389155990037, "model__max_depth": 7.996701959966203, "model__n_estimators": 28.063252809253072, "model__reg_lambda": 3.211229519781286}, "datetime": {"datetime": "2021-03-24 04:24:58", "elapsed": 193.23805, "delta": 1.448613}}
{"target": -0.3525704564509805, "params": {"model__colsample_bylevel": 0.9998732238684294, "model__colsample_bynode": 0.9751477594875737, "model__colsample_bytree": 0.9944241072308893, "model__learning_rate": 0.28684177928601295, "model__max_depth": 6.254072960621022, "model__n_estimators": 27.578915131541187, "model__reg_lambda": 9.976580709038702}, "datetime": {"datetime": "2021-03-24 04:25:00", "elapsed": 194.668721, "delta": 1.430671}}
{"target": -0.35763632971962134, "params": {"model__colsample_bylevel": 0.9628412210829043, "model__colsample_bynode": 0.9829485341997319, "model__colsample_bytree": 0.9652004927415256, "model__learning_rate": 0.2773288620792306, "model__max_depth": 2.906433624578468, "model__n_estimators": 24.89604285785547, "model__reg_lambda": 6.7409318987339795}, "datetime": {"datetime": "2021-03-24 04:25:01", "elapsed": 196.105024, "delta": 1.436303}}
{"target": -0.373101383253959, "params": {"model__colsample_bylevel": 0.3222536711841389, "model__colsample_bynode": 0.39521976913248835, "model__colsample_bytree": 0.30509436990516525, "model__learning_rate": 0.23564056883671727, "model__max_depth": 7.889774107084281, "model__n_estimators": 29.153979055404626, "model__reg_lambda": 3.571300793262889}, "datetime": {"datetime": "2021-03-24 04:25:03", "elapsed": 197.613893, "delta": 1.508869}}
{"target": -0.3681957323633074, "params": {"model__colsample_bylevel": 0.9519889959108949, "model__colsample_bynode": 1.0, "model__colsample_bytree": 1.0, "model__learning_rate": 0.3, "model__max_depth": 5.056343615868327, "model__n_estimators": 28.599641251237276, "model__reg_lambda": 1.3383495619542383}, "datetime": {"datetime": "2021-03-24 04:25:04", "elapsed": 198.993391, "delta": 1.379498}}
{"target": -0.3372494902276599, "params": {"model__colsample_bylevel": 0.37508999655327735, "model__colsample_bynode": 0.9004640387213698, "model__colsample_bytree": 0.8789419265543019, "model__learning_rate": 0.26500468154772605, "model__max_depth": 3.2147414495755173, "model__n_estimators": 23.085342858978287, "model__reg_lambda": 0.06770250406604172}, "datetime": {"datetime": "2021-03-24 04:25:06", "elapsed": 200.560772, "delta": 1.567381}}
{"target": -0.32315890864735686, "params": {"model__colsample_bylevel": 0.30000000000000127, "model__colsample_bynode": 0.3, "model__colsample_bytree": 1.0, "model__learning_rate": 0.3, "model__max_depth": 7.971328533620706, "model__n_estimators": 20.653262192126746, "model__reg_lambda": 0.4319387059058232}, "datetime": {"datetime": "2021-03-24 04:25:07", "elapsed": 201.989156, "delta": 1.428384}}
{"target": -0.36304216386709853, "params": {"model__colsample_bylevel": 0.9999999984969102, "model__colsample_bynode": 0.9999999945537675, "model__colsample_bytree": 0.41229049394585426, "model__learning_rate": 0.3, "model__max_depth": 4.883895309423308, "model__n_estimators": 20.364819309091324, "model__reg_lambda": 10.0}, "datetime": {"datetime": "2021-03-24 04:25:08", "elapsed": 203.294149, "delta": 1.304993}}
{"target": -0.37563212763659826, "params": {"model__colsample_bylevel": 0.32781209762874025, "model__colsample_bynode": 0.9987318828550014, "model__colsample_bytree": 0.338985032221462, "model__learning_rate": 0.19549886967716532, "model__max_depth": 3.2974139620397516, "model__n_estimators": 20.619269981736544, "model__reg_lambda": 0.011788283057194704}, "datetime": {"datetime": "2021-03-24 04:25:10", "elapsed": 204.720193, "delta": 1.426044}}
{"target": -0.3679450573996924, "params": {"model__colsample_bylevel": 0.9312661946252512, "model__colsample_bynode": 0.7355272050072661, "model__colsample_bytree": 0.9934658925139892, "model__learning_rate": 0.29293197293406315, "model__max_depth": 2.3279705917501943, "model__n_estimators": 19.431682689992655, "model__reg_lambda": 4.52265446765346}, "datetime": {"datetime": "2021-03-24 04:25:11", "elapsed": 206.094541, "delta": 1.374348}}
{"target": -0.34631237329989395, "params": {"model__colsample_bylevel": 0.9787306330978964, "model__colsample_bynode": 1.0, "model__colsample_bytree": 0.7198525327801157, "model__learning_rate": 0.3, "model__max_depth": 2.460887645855681, "model__n_estimators": 28.067987046246266, "model__reg_lambda": 4.473577791145877}, "datetime": {"datetime": "2021-03-24 04:25:12", "elapsed": 207.381966, "delta": 1.287425}}
{"target": -0.351696761487013, "params": {"model__colsample_bylevel": 0.7379859700292628, "model__colsample_bynode": 0.6347939297591045, "model__colsample_bytree": 0.316187357338593, "model__learning_rate": 0.27951269329090844, "model__max_depth": 3.763408706664099, "model__n_estimators": 23.894662820822568, "model__reg_lambda": 0.1456546065064468}, "datetime": {"datetime": "2021-03-24 04:25:14", "elapsed": 209.155185, "delta": 1.773219}}
{"target": -0.3407480997478832, "params": {"model__colsample_bylevel": 0.3539476121143239, "model__colsample_bynode": 0.3, "model__colsample_bytree": 0.9986561135109474, "model__learning_rate": 0.3, "model__max_depth": 8.0, "model__n_estimators": 19.278547427100033, "model__reg_lambda": 2.67679177393988}, "datetime": {"datetime": "2021-03-24 04:25:16", "elapsed": 210.493212, "delta": 1.338027}}
{"target": -0.365876353961041, "params": {"model__colsample_bylevel": 0.9844218597124088, "model__colsample_bynode": 0.802828685816179, "model__colsample_bytree": 0.8357059147435386, "model__learning_rate": 0.2687973614991901, "model__max_depth": 3.8940499429600215, "model__n_estimators": 18.605167197598984, "model__reg_lambda": 0.9258265478745398}, "datetime": {"datetime": "2021-03-24 04:25:17", "elapsed": 211.82734, "delta": 1.334128}}
{"target": -0.3483403076596585, "params": {"model__colsample_bylevel": 0.895266363547472, "model__colsample_bynode": 0.3981836966475982, "model__colsample_bytree": 0.9954592700010294, "model__learning_rate": 0.2716549681057988, "model__max_depth": 5.7273609976014415, "model__n_estimators": 23.208979177797055, "model__reg_lambda": 7.164451708572911}, "datetime": {"datetime": "2021-03-24 04:25:19", "elapsed": 213.442003, "delta": 1.614663}}
{"target": -0.33881981618081525, "params": {"model__colsample_bylevel": 1.0, "model__colsample_bynode": 1.0, "model__colsample_bytree": 1.0, "model__learning_rate": 0.3, "model__max_depth": 4.479234355224067, "model__n_estimators": 29.99999998592487, "model__reg_lambda": 9.694740694470518}, "datetime": {"datetime": "2021-03-24 04:25:20", "elapsed": 214.995286, "delta": 1.553283}}
{"target": -0.35025383551146133, "params": {"model__colsample_bylevel": 0.7408745892837518, "model__colsample_bynode": 0.9093463837596221, "model__colsample_bytree": 0.8307293101925333, "model__learning_rate": 0.2741028822871563, "model__max_depth": 2.1500979002258043, "model__n_estimators": 25.060311746905942, "model__reg_lambda": 0.16093218467846282}, "datetime": {"datetime": "2021-03-24 04:25:22", "elapsed": 216.739924, "delta": 1.744638}}
