{"target": -0.3577170054742095, "params": {"model__colsample_bylevel": 1.0, "model__colsample_bynode": 1.0, "model__colsample_bytree": 0.3, "model__learning_rate": 0.3, "model__max_depth": 8.0, "model__n_estimators": 30.0, "model__reg_lambda": 10.0}, "datetime": {"datetime": "2021-03-24 04:07:01", "elapsed": 10.856196, "delta": 0.757903}}
{"target": -0.3533903587717509, "params": {"model__colsample_bylevel": 1.0, "model__colsample_bynode": 1.0, "model__colsample_bytree": 0.3, "model__learning_rate": 0.3, "model__max_depth": 2.0, "model__n_estimators": 30.0, "model__reg_lambda": 10.0}, "datetime": {"datetime": "2021-03-24 04:07:01", "elapsed": 11.557898, "delta": 0.701702}}
{"target": -0.45288715874371316, "params": {"model__colsample_bylevel": 0.3, "model__colsample_bynode": 0.3, "model__colsample_bytree": 1.0, "model__learning_rate": 0.3, "model__max_depth": 2.0, "model__n_estimators": 15.0, "model__reg_lambda": 10.0}, "datetime": {"datetime": "2021-03-24 04:07:02", "elapsed": 12.257693, "delta": 0.699795}}
{"target": -0.3606505002370914, "params": {"model__colsample_bylevel": 0.9608344241398283, "model__colsample_bynode": 0.9816839328555236, "model__colsample_bytree": 0.9613932938467891, "model__learning_rate": 0.28189476837457683, "model__max_depth": 2.636020852568113, "model__n_estimators": 23.376745295837033, "model__reg_lambda": 9.942907792523377}, "datetime": {"datetime": "2021-03-24 04:07:03", "elapsed": 13.124851, "delta": 0.867158}}
{"target": -0.4849650688550395, "params": {"model__colsample_bylevel": 0.32493468438940887, "model__colsample_bynode": 0.3065923937406625, "model__colsample_bytree": 0.4661198216676107, "model__learning_rate": 0.10028909519137526, "model__max_depth": 2.045679354526027, "model__n_estimators": 28.66880894267384, "model__reg_lambda": 2.2191148888649845}, "datetime": {"datetime": "2021-03-24 04:07:03", "elapsed": 13.781521, "delta": 0.65667}}
{"target": -0.3646602499594008, "params": {"model__colsample_bylevel": 1.0, "model__colsample_bynode": 1.0, "model__colsample_bytree": 1.0, "model__learning_rate": 0.3, "model__max_depth": 2.0, "model__n_estimators": 28.343186067414617, "model__reg_lambda": 7.064976138376909}, "datetime": {"datetime": "2021-03-24 04:07:04", "elapsed": 14.762387, "delta": 0.980866}}
{"target": -0.3908896880082624, "params": {"model__colsample_bylevel": 0.3, "model__colsample_bynode": 0.3, "model__colsample_bytree": 0.3, "model__learning_rate": 0.3, "model__max_depth": 8.0, "model__n_estimators": 18.370172923709372, "model__reg_lambda": 0.0}, "datetime": {"datetime": "2021-03-24 04:07:05", "elapsed": 15.631145, "delta": 0.868758}}
{"target": -0.34696427346139713, "params": {"model__colsample_bylevel": 0.3, "model__colsample_bynode": 1.0, "model__colsample_bytree": 0.3, "model__learning_rate": 0.3, "model__max_depth": 4.999429154902978, "model__n_estimators": 30.0, "model__reg_lambda": 10.0}, "datetime": {"datetime": "2021-03-24 04:07:06", "elapsed": 16.527391, "delta": 0.896246}}
{"target": -0.3935076531873125, "params": {"model__colsample_bylevel": 0.4791780934535174, "model__colsample_bynode": 0.6567136017273468, "model__colsample_bytree": 0.9014496369292841, "model__learning_rate": 0.22422217441698733, "model__max_depth": 7.974358849029966, "model__n_estimators": 15.252063221513225, "model__reg_lambda": 6.086248074433934}, "datetime": {"datetime": "2021-03-24 04:07:07", "elapsed": 17.334237, "delta": 0.806846}}
{"target": -0.3846782989012064, "params": {"model__colsample_bylevel": 1.0, "model__colsample_bynode": 1.0, "model__colsample_bytree": 1.0, "model__learning_rate": 0.3, "model__max_depth": 8.0, "model__n_estimators": 15.0, "model__reg_lambda": 0.0}, "datetime": {"datetime": "2021-03-24 04:07:08", "elapsed": 18.230853, "delta": 0.896616}}
{"target": -0.3358429266983454, "params": {"model__colsample_bylevel": 0.3, "model__colsample_bynode": 1.0, "model__colsample_bytree": 0.3, "model__learning_rate": 0.3, "model__max_depth": 3.2027071471409756, "model__n_estimators": 30.0, "model__reg_lambda": 7.036627910459317}, "datetime": {"datetime": "2021-03-24 04:07:09", "elapsed": 19.004366, "delta": 0.773513}}
{"target": -0.35901026535320324, "params": {"model__colsample_bylevel": 0.3, "model__colsample_bynode": 1.0, "model__colsample_bytree": 1.0, "model__learning_rate": 0.3, "model__max_depth": 4.798173257560355, "model__n_estimators": 15.0, "model__reg_lambda": 5.19905637366874}, "datetime": {"datetime": "2021-03-24 04:07:10", "elapsed": 20.273815, "delta": 1.269449}}
{"target": -0.38194691614058895, "params": {"model__colsample_bylevel": 0.5835294938856171, "model__colsample_bynode": 0.9469002019057073, "model__colsample_bytree": 0.9152532014138113, "model__learning_rate": 0.26666048542551646, "model__max_depth": 7.865762770110264, "model__n_estimators": 22.48544373694552, "model__reg_lambda": 9.757213870746178}, "datetime": {"datetime": "2021-03-24 04:07:11", "elapsed": 21.675764, "delta": 1.401949}}
{"target": -0.3359763489356197, "params": {"model__colsample_bylevel": 1.0, "model__colsample_bynode": 1.0, "model__colsample_bytree": 0.3, "model__learning_rate": 0.3, "model__max_depth": 2.0, "model__n_estimators": 30.0, "model__reg_lambda": 4.906878228408718}, "datetime": {"datetime": "2021-03-24 04:07:13", "elapsed": 23.011942, "delta": 1.336178}}
{"target": -0.3534278229590964, "params": {"model__colsample_bylevel": 1.0, "model__colsample_bynode": 1.0, "model__colsample_bytree": 1.0, "model__learning_rate": 0.3, "model__max_depth": 8.0, "model__n_estimators": 19.659943990023205, "model__reg_lambda": 5.438623172265152}, "datetime": {"datetime": "2021-03-24 04:07:14", "elapsed": 24.376272, "delta": 1.36433}}
{"target": -0.3728639623474168, "params": {"model__colsample_bylevel": 0.3, "model__colsample_bynode": 0.3, "model__colsample_bytree": 1.0, "model__learning_rate": 0.3, "model__max_depth": 2.0, "model__n_estimators": 15.0, "model__reg_lambda": 0.0}, "datetime": {"datetime": "2021-03-24 04:07:15", "elapsed": 25.438715, "delta": 1.062443}}
{"target": -0.4150224494423879, "params": {"model__colsample_bylevel": 0.3, "model__colsample_bynode": 0.3, "model__colsample_bytree": 1.0, "model__learning_rate": 0.3, "model__max_depth": 5.565018239556579, "model__n_estimators": 15.0, "model__reg_lambda": 10.0}, "datetime": {"datetime": "2021-03-24 04:07:16", "elapsed": 26.552073, "delta": 1.113358}}
{"target": -0.3246273093435077, "params": {"model__colsample_bylevel": 1.0, "model__colsample_bynode": 0.3, "model__colsample_bytree": 1.0, "model__learning_rate": 0.3, "model__max_depth": 4.112580917682417, "model__n_estimators": 30.0, "model__reg_lambda": 10.0}, "datetime": {"datetime": "2021-03-24 04:07:18", "elapsed": 27.849952, "delta": 1.297879}}
{"target": -0.3613494225980147, "params": {"model__colsample_bylevel": 0.3, "model__colsample_bynode": 1.0, "model__colsample_bytree": 1.0, "model__learning_rate": 0.3, "model__max_depth": 2.7047448242460828, "model__n_estimators": 20.3800174436264, "model__reg_lambda": 10.0}, "datetime": {"datetime": "2021-03-24 04:07:19", "elapsed": 29.085504, "delta": 1.235552}}
{"target": -0.4168009425402093, "params": {"model__colsample_bylevel": 0.3, "model__colsample_bynode": 0.3, "model__colsample_bytree": 0.3, "model__learning_rate": 0.3, "model__max_depth": 3.1154488706208565, "model__n_estimators": 18.462790681709183, "model__reg_lambda": 0.0}, "datetime": {"datetime": "2021-03-24 04:07:20", "elapsed": 30.134952, "delta": 1.049448}}
{"target": -0.36098476419043124, "params": {"model__colsample_bylevel": 1.0, "model__colsample_bynode": 1.0, "model__colsample_bytree": 0.3, "model__learning_rate": 0.3, "model__max_depth": 4.2473224079804215, "model__n_estimators": 27.582730453956387, "model__reg_lambda": 10.0}, "datetime": {"datetime": "2021-03-24 04:07:21", "elapsed": 31.427728, "delta": 1.292776}}
{"target": -0.3554740567360937, "params": {"model__colsample_bylevel": 0.3, "model__colsample_bynode": 1.0, "model__colsample_bytree": 1.0, "model__learning_rate": 0.3, "model__max_depth": 4.659834211964236, "model__n_estimators": 21.553368005963588, "model__reg_lambda": 10.0}, "datetime": {"datetime": "2021-03-24 04:07:23", "elapsed": 32.976169, "delta": 1.548441}}
{"target": -0.40296666837749545, "params": {"model__colsample_bylevel": 0.9814258413949466, "model__colsample_bynode": 0.9745348516810697, "model__colsample_bytree": 0.8138722973685852, "model__learning_rate": 0.221180324547408, "model__max_depth": 5.618970967686475, "model__n_estimators": 16.404584624318368, "model__reg_lambda": 0.06903737141878641}, "datetime": {"datetime": "2021-03-24 04:07:24", "elapsed": 34.362433, "delta": 1.386264}}
{"target": -0.35269070298890115, "params": {"model__colsample_bylevel": 0.6715191500916797, "model__colsample_bynode": 0.304687597280189, "model__colsample_bytree": 0.9638862816243086, "model__learning_rate": 0.29536545804878844, "model__max_depth": 5.235556900333162, "model__n_estimators": 21.59917574022804, "model__reg_lambda": 4.8769284868247285}, "datetime": {"datetime": "2021-03-24 04:07:25", "elapsed": 35.759019, "delta": 1.396586}}
{"target": -0.38815077001336906, "params": {"model__colsample_bylevel": 1.0, "model__colsample_bynode": 0.3, "model__colsample_bytree": 0.6801525575254418, "model__learning_rate": 0.3, "model__max_depth": 2.0, "model__n_estimators": 21.233849835318953, "model__reg_lambda": 10.0}, "datetime": {"datetime": "2021-03-24 04:07:26", "elapsed": 36.769375, "delta": 1.010356}}
{"target": -0.35935356710308597, "params": {"model__colsample_bylevel": 0.3, "model__colsample_bynode": 0.3, "model__colsample_bytree": 1.0, "model__learning_rate": 0.3, "model__max_depth": 5.107467371914226, "model__n_estimators": 15.0, "model__reg_lambda": 1.762441087390651}, "datetime": {"datetime": "2021-03-24 04:07:27", "elapsed": 37.753688, "delta": 0.984313}}
{"target": -0.3668665165911712, "params": {"model__colsample_bylevel": 1.0, "model__colsample_bynode": 1.0, "model__colsample_bytree": 1.0, "model__learning_rate": 0.3, "model__max_depth": 8.0, "model__n_estimators": 19.46647890539257, "model__reg_lambda": 10.0}, "datetime": {"datetime": "2021-03-24 04:07:29", "elapsed": 39.073872, "delta": 1.320184}}
{"target": -0.39380253712660157, "params": {"model__colsample_bylevel": 1.0, "model__colsample_bynode": 0.3, "model__colsample_bytree": 1.0, "model__learning_rate": 0.3, "model__max_depth": 2.235528021853253, "model__n_estimators": 15.0, "model__reg_lambda": 6.383839422419503}, "datetime": {"datetime": "2021-03-24 04:07:30", "elapsed": 40.161313, "delta": 1.087441}}
{"target": -0.3414916795894396, "params": {"model__colsample_bylevel": 0.3539236482259136, "model__colsample_bynode": 0.8304879804524468, "model__colsample_bytree": 0.7115139236299227, "model__learning_rate": 0.279840823670811, "model__max_depth": 7.992537593784304, "model__n_estimators": 29.979465071130562, "model__reg_lambda": 7.6744838152429615}, "datetime": {"datetime": "2021-03-24 04:07:31", "elapsed": 41.548975, "delta": 1.387662}}
{"target": -0.3462002004773451, "params": {"model__colsample_bylevel": 1.0, "model__colsample_bynode": 0.3, "model__colsample_bytree": 0.3, "model__learning_rate": 0.3, "model__max_depth": 6.520422618011365, "model__n_estimators": 30.0, "model__reg_lambda": 8.636345578310724}, "datetime": {"datetime": "2021-03-24 04:07:32", "elapsed": 42.705514, "delta": 1.156539}}
{"target": -0.34228767646220176, "params": {"model__colsample_bylevel": 1.0, "model__colsample_bynode": 1.0, "model__colsample_bytree": 1.0, "model__learning_rate": 0.3, "model__max_depth": 8.0, "model__n_estimators": 27.418405420930135, "model__reg_lambda": 8.515546949812933}, "datetime": {"datetime": "2021-03-24 04:07:34", "elapsed": 44.179602, "delta": 1.474088}}
{"target": -0.34649476785254085, "params": {"model__colsample_bylevel": 0.3, "model__colsample_bynode": 0.30000000731571247, "model__colsample_bytree": 1.0, "model__learning_rate": 0.3, "model__max_depth": 8.0, "model__n_estimators": 28.553267747982353, "model__reg_lambda": 0.0}, "datetime": {"datetime": "2021-03-24 04:07:35", "elapsed": 45.406554, "delta": 1.226952}}
{"target": -0.36238077796676765, "params": {"model__colsample_bylevel": 1.0, "model__colsample_bynode": 0.3, "model__colsample_bytree": 0.3, "model__learning_rate": 0.3, "model__max_depth": 6.049124611298186, "model__n_estimators": 15.0, "model__reg_lambda": 0.0}, "datetime": {"datetime": "2021-03-24 04:07:36", "elapsed": 46.557205, "delta": 1.150651}}
{"target": -0.3546420068513818, "params": {"model__colsample_bylevel": 0.46940872800385575, "model__colsample_bynode": 0.3026393014085606, "model__colsample_bytree": 0.8698122153418582, "model__learning_rate": 0.2419895580601924, "model__max_depth": 7.193180331158539, "model__n_estimators": 23.361775310551064, "model__reg_lambda": 0.9811153181163401}, "datetime": {"datetime": "2021-03-24 04:07:38", "elapsed": 47.811858, "delta": 1.254653}}
{"target": -0.36765150407032265, "params": {"model__colsample_bylevel": 0.5233533769833812, "model__colsample_bynode": 0.32562299591135463, "model__colsample_bytree": 0.43200422226941526, "model__learning_rate": 0.2809344014671515, "model__max_depth": 7.967228884069738, "model__n_estimators": 28.389807724237528, "model__reg_lambda": 9.297174757455236}, "datetime": {"datetime": "2021-03-24 04:07:39", "elapsed": 49.035853, "delta": 1.223995}}
{"target": -0.3700782071211902, "params": {"model__colsample_bylevel": 1.0, "model__colsample_bynode": 0.3, "model__colsample_bytree": 1.0, "model__learning_rate": 0.3, "model__max_depth": 6.3925602398894705, "model__n_estimators": 15.0, "model__reg_lambda": 7.42295956624096}, "datetime": {"datetime": "2021-03-24 04:07:40", "elapsed": 50.30804, "delta": 1.272187}}
{"target": -0.3589747468063581, "params": {"model__colsample_bylevel": 0.8639167309708762, "model__colsample_bynode": 0.9637473134304264, "model__colsample_bytree": 0.9749658450998433, "model__learning_rate": 0.2658368556477315, "model__max_depth": 3.4370639991842475, "model__n_estimators": 23.23622316529118, "model__reg_lambda": 7.333699726718926}, "datetime": {"datetime": "2021-03-24 04:07:41", "elapsed": 51.480852, "delta": 1.172812}}
{"target": -0.33022092327836605, "params": {"model__colsample_bylevel": 1.0, "model__colsample_bynode": 0.9674117250907769, "model__colsample_bytree": 0.3, "model__learning_rate": 0.3, "model__max_depth": 2.0, "model__n_estimators": 30.0, "model__reg_lambda": 0.0}, "datetime": {"datetime": "2021-03-24 04:07:42", "elapsed": 52.655649, "delta": 1.174797}}
{"target": -0.34548199999794044, "params": {"model__colsample_bylevel": 0.3, "model__colsample_bynode": 1.0, "model__colsample_bytree": 0.3, "model__learning_rate": 0.3, "model__max_depth": 4.452664400799629, "model__n_estimators": 30.0, "model__reg_lambda": 4.383536809572594}, "datetime": {"datetime": "2021-03-24 04:07:44", "elapsed": 54.00573, "delta": 1.350081}}
{"target": -0.364674572627384, "params": {"model__colsample_bylevel": 1.0, "model__colsample_bynode": 0.3248638419292282, "model__colsample_bytree": 1.0, "model__learning_rate": 0.3, "model__max_depth": 2.0, "model__n_estimators": 19.8324452960018, "model__reg_lambda": 1.6133619226824853}, "datetime": {"datetime": "2021-03-24 04:07:45", "elapsed": 55.578527, "delta": 1.572797}}
{"target": -0.3687808555510381, "params": {"model__colsample_bylevel": 0.3, "model__colsample_bynode": 0.3, "model__colsample_bytree": 1.0, "model__learning_rate": 0.3, "model__max_depth": 2.0, "model__n_estimators": 30.0, "model__reg_lambda": 10.0}, "datetime": {"datetime": "2021-03-24 04:07:46", "elapsed": 56.537614, "delta": 0.959087}}
{"target": -0.35317674953696326, "params": {"model__colsample_bylevel": 1.0, "model__colsample_bynode": 1.0, "model__colsample_bytree": 1.0, "model__learning_rate": 0.3, "model__max_depth": 2.0, "model__n_estimators": 15.0, "model__reg_lambda": 0.0}, "datetime": {"datetime": "2021-03-24 04:07:47", "elapsed": 57.648585, "delta": 1.110971}}
{"target": -0.3509573454367995, "params": {"model__colsample_bylevel": 1.0, "model__colsample_bynode": 1.0, "model__colsample_bytree": 1.0, "model__learning_rate": 0.3, "model__max_depth": 7.268987664746486, "model__n_estimators": 23.584315785952757, "model__reg_lambda": 7.423029793217487}, "datetime": {"datetime": "2021-03-24 04:07:49", "elapsed": 59.074195, "delta": 1.42561}}
{"target": -0.3535982047011941, "params": {"model__colsample_bylevel": 0.3, "model__colsample_bynode": 0.3, "model__colsample_bytree": 1.0, "model__learning_rate": 0.3, "model__max_depth": 8.0, "model__n_estimators": 30.0, "model__reg_lambda": 10.0}, "datetime": {"datetime": "2021-03-24 04:07:50", "elapsed": 60.492244, "delta": 1.418049}}
{"target": -0.36418464004831475, "params": {"model__colsample_bylevel": 0.3, "model__colsample_bynode": 0.3, "model__colsample_bytree": 1.0, "model__learning_rate": 0.3, "model__max_depth": 8.0, "model__n_estimators": 15.076850597465338, "model__reg_lambda": 2.7099428363353364}, "datetime": {"datetime": "2021-03-24 04:07:52", "elapsed": 61.909368, "delta": 1.417124}}
{"target": -0.3371142573598974, "params": {"model__colsample_bylevel": 1.0, "model__colsample_bynode": 1.0, "model__colsample_bytree": 1.0, "model__learning_rate": 0.3, "model__max_depth": 4.72815512652559, "model__n_estimators": 30.0, "model__reg_lambda": 8.386117694503321}, "datetime": {"datetime": "2021-03-24 04:07:53", "elapsed": 63.464565, "delta": 1.555197}}
{"target": -0.38335401045953166, "params": {"model__colsample_bylevel": 0.3, "model__colsample_bynode": 0.3, "model__colsample_bytree": 0.4254901066107247, "model__learning_rate": 0.3, "model__max_depth": 3.780672724012099, "model__n_estimators": 30.0, "model__reg_lambda": 6.067218091031594e-09}, "datetime": {"datetime": "2021-03-24 04:07:55", "elapsed": 65.318631, "delta": 1.854066}}
{"target": -0.33660663375293537, "params": {"model__colsample_bylevel": 0.3, "model__colsample_bynode": 1.0, "model__colsample_bytree": 1.0, "model__learning_rate": 0.3, "model__max_depth": 8.0, "model__n_estimators": 22.46728055763792, "model__reg_lambda": 3.941286991301035}, "datetime": {"datetime": "2021-03-24 04:07:56", "elapsed": 66.684963, "delta": 1.366332}}
{"target": -0.348654745940281, "params": {"model__colsample_bylevel": 1.0, "model__colsample_bynode": 0.3, "model__colsample_bytree": 1.0, "model__learning_rate": 0.3, "model__max_depth": 3.8893527849436675, "model__n_estimators": 19.55919787620326, "model__reg_lambda": 10.0}, "datetime": {"datetime": "2021-03-24 04:07:58", "elapsed": 67.964305, "delta": 1.279342}}
{"target": -0.3397098015787154, "params": {"model__colsample_bylevel": 0.8991483771732016, "model__colsample_bynode": 0.943875862765593, "model__colsample_bytree": 0.9723912969499806, "model__learning_rate": 0.29349091163813046, "model__max_depth": 2.010975256814608, "model__n_estimators": 27.537194287136025, "model__reg_lambda": 0.7220537468847488}, "datetime": {"datetime": "2021-03-24 04:07:59", "elapsed": 69.453429, "delta": 1.489124}}
{"target": -0.3394169958497303, "params": {"model__colsample_bylevel": 0.3, "model__colsample_bynode": 1.0, "model__colsample_bytree": 1.0, "model__learning_rate": 0.3, "model__max_depth": 3.578626061293263, "model__n_estimators": 25.638193356324596, "model__reg_lambda": 6.538362171887785}, "datetime": {"datetime": "2021-03-24 04:08:01", "elapsed": 70.805128, "delta": 1.351699}}
{"target": -0.36673749960500046, "params": {"model__colsample_bylevel": 1.0, "model__colsample_bynode": 1.0, "model__colsample_bytree": 1.0, "model__learning_rate": 0.3, "model__max_depth": 5.337644466182156, "model__n_estimators": 18.20692634009876, "model__reg_lambda": 10.0}, "datetime": {"datetime": "2021-03-24 04:08:02", "elapsed": 72.136622, "delta": 1.331494}}
{"target": -0.355432396322536, "params": {"model__colsample_bylevel": 0.6937229695581282, "model__colsample_bynode": 0.897918072670729, "model__colsample_bytree": 0.7544980975831979, "model__learning_rate": 0.25859389500203095, "model__max_depth": 2.0731753315352157, "model__n_estimators": 25.32644474779852, "model__reg_lambda": 2.7350776021450685}, "datetime": {"datetime": "2021-03-24 04:08:03", "elapsed": 73.561859, "delta": 1.425237}}
{"target": -0.4051330353065893, "params": {"model__colsample_bylevel": 0.3, "model__colsample_bynode": 1.0, "model__colsample_bytree": 0.3, "model__learning_rate": 0.3, "model__max_depth": 5.119121188856083, "model__n_estimators": 15.0, "model__reg_lambda": 7.333577085392549}, "datetime": {"datetime": "2021-03-24 04:08:04", "elapsed": 74.800187, "delta": 1.238328}}
{"target": -0.36885241378517153, "params": {"model__colsample_bylevel": 1.0, "model__colsample_bynode": 1.0, "model__colsample_bytree": 1.0, "model__learning_rate": 0.3, "model__max_depth": 4.913020713536617, "model__n_estimators": 19.562725039412374, "model__reg_lambda": 2.939332864602941}, "datetime": {"datetime": "2021-03-24 04:08:06", "elapsed": 76.177233, "delta": 1.377046}}
{"target": -0.3546551850408423, "params": {"model__colsample_bylevel": 0.3, "model__colsample_bynode": 0.3, "model__colsample_bytree": 1.0, "model__learning_rate": 0.3, "model__max_depth": 8.0, "model__n_estimators": 19.170006562572034, "model__reg_lambda": 3.9351212945305707}, "datetime": {"datetime": "2021-03-24 04:08:07", "elapsed": 77.252446, "delta": 1.075213}}
{"target": -0.3250291614467616, "params": {"model__colsample_bylevel": 0.3, "model__colsample_bynode": 1.0, "model__colsample_bytree": 0.3, "model__learning_rate": 0.3, "model__max_depth": 6.774729708673945, "model__n_estimators": 24.00565008720354, "model__reg_lambda": 0.25568656498819836}, "datetime": {"datetime": "2021-03-24 04:08:09", "elapsed": 78.918862, "delta": 1.666416}}
