{"target": -0.39455107061894257, "params": {"model__colsample_bylevel": 1.0, "model__colsample_bynode": 1.0, "model__colsample_bytree": 0.3, "model__learning_rate": 0.1, "model__max_depth": 6.944531278360119, "model__n_estimators": 30.0, "model__reg_lambda": 5.8290732193376655}, "datetime": {"datetime": "2021-03-24 04:09:25", "elapsed": 155.670062, "delta": 1.822086}}
{"target": -0.36189850258532963, "params": {"model__colsample_bylevel": 1.0, "model__colsample_bynode": 0.3, "model__colsample_bytree": 1.0, "model__learning_rate": 0.3, "model__max_depth": 8.0, "model__n_estimators": 16.960348629763637, "model__reg_lambda": 10.0}, "datetime": {"datetime": "2021-03-24 04:09:27", "elapsed": 157.457989, "delta": 1.787927}}
{"target": -0.35904281187036574, "params": {"model__colsample_bylevel": 1.0, "model__colsample_bynode": 1.0, "model__colsample_bytree": 1.0, "model__learning_rate": 0.3, "model__max_depth": 2.0, "model__n_estimators": 17.729334439324507, "model__reg_lambda": 1.432542585906504}, "datetime": {"datetime": "2021-03-24 04:09:29", "elapsed": 158.908282, "delta": 1.450293}}
{"target": -0.37607708832626974, "params": {"model__colsample_bylevel": 1.0, "model__colsample_bynode": 1.0, "model__colsample_bytree": 0.3, "model__learning_rate": 0.1, "model__max_depth": 3.0606627087097684, "model__n_estimators": 30.0, "model__reg_lambda": 1.2032934014362673}, "datetime": {"datetime": "2021-03-24 04:09:31", "elapsed": 160.825693, "delta": 1.917411}}
{"target": -0.3514980161272367, "params": {"model__colsample_bylevel": 0.5191436410997764, "model__colsample_bynode": 0.8877144973447313, "model__colsample_bytree": 0.987385420530863, "model__learning_rate": 0.14150140831502295, "model__max_depth": 6.99304015121686, "model__n_estimators": 29.923897857476767, "model__reg_lambda": 4.0403967120282855}, "datetime": {"datetime": "2021-03-24 04:09:32", "elapsed": 162.540492, "delta": 1.714799}}
{"target": -0.38099673251837385, "params": {"model__colsample_bylevel": 0.3, "model__colsample_bynode": 1.0, "model__colsample_bytree": 1.0, "model__learning_rate": 0.3, "model__max_depth": 2.0, "model__n_estimators": 18.33114912225034, "model__reg_lambda": 8.0754884692952}, "datetime": {"datetime": "2021-03-24 04:09:34", "elapsed": 164.152724, "delta": 1.612232}}
{"target": -0.5243124321980429, "params": {"model__colsample_bylevel": 0.3, "model__colsample_bynode": 0.3, "model__colsample_bytree": 0.3, "model__learning_rate": 0.3, "model__max_depth": 2.0, "model__n_estimators": 18.112600581311305, "model__reg_lambda": 10.0}, "datetime": {"datetime": "2021-03-24 04:09:36", "elapsed": 165.964371, "delta": 1.811647}}
{"target": -0.3540200505628372, "params": {"model__colsample_bylevel": 1.0, "model__colsample_bynode": 1.0, "model__colsample_bytree": 1.0, "model__learning_rate": 0.3, "model__max_depth": 4.580562918483962, "model__n_estimators": 16.76991830681091, "model__reg_lambda": 6.212633335258119}, "datetime": {"datetime": "2021-03-24 04:09:38", "elapsed": 167.971388, "delta": 2.007017}}
{"target": -0.4077117441707979, "params": {"model__colsample_bylevel": 0.3, "model__colsample_bynode": 0.3, "model__colsample_bytree": 1.0, "model__learning_rate": 0.3, "model__max_depth": 2.0, "model__n_estimators": 22.70377171155677, "model__reg_lambda": 8.739314535879002}, "datetime": {"datetime": "2021-03-24 04:09:39", "elapsed": 169.604641, "delta": 1.633253}}
{"target": -0.36396563556990114, "params": {"model__colsample_bylevel": 0.9243726556359333, "model__colsample_bynode": 0.39088498639328123, "model__colsample_bytree": 0.9711168838128097, "model__learning_rate": 0.10367937265845173, "model__max_depth": 5.923175105578318, "model__n_estimators": 29.706499770102518, "model__reg_lambda": 1.8429330335199179}, "datetime": {"datetime": "2021-03-24 04:09:41", "elapsed": 171.359304, "delta": 1.754663}}
{"target": -0.36907890436603974, "params": {"model__colsample_bylevel": 1.0, "model__colsample_bynode": 1.0, "model__colsample_bytree": 1.0, "model__learning_rate": 0.3, "model__max_depth": 7.426889331475846, "model__n_estimators": 15.0, "model__reg_lambda": 4.619239648119384}, "datetime": {"datetime": "2021-03-24 04:09:43", "elapsed": 172.968374, "delta": 1.60907}}
{"target": -0.33772265392868517, "params": {"model__colsample_bylevel": 0.7613833818756424, "model__colsample_bynode": 0.9124911319642026, "model__colsample_bytree": 0.9704774976709152, "model__learning_rate": 0.28190455884577353, "model__max_depth": 2.0408187255171235, "model__n_estimators": 18.658065794920127, "model__reg_lambda": 0.0082940913618057}, "datetime": {"datetime": "2021-03-24 04:09:44", "elapsed": 174.676197, "delta": 1.707823}}
{"target": -0.4342121606503707, "params": {"model__colsample_bylevel": 0.3, "model__colsample_bynode": 1.0, "model__colsample_bytree": 0.3, "model__learning_rate": 0.3, "model__max_depth": 2.0, "model__n_estimators": 15.0, "model__reg_lambda": 7.560129129187846}, "datetime": {"datetime": "2021-03-24 04:09:46", "elapsed": 176.28951, "delta": 1.613313}}
{"target": -0.38604887211357874, "params": {"model__colsample_bylevel": 0.3, "model__colsample_bynode": 0.3, "model__colsample_bytree": 1.0, "model__learning_rate": 0.1, "model__max_depth": 8.0, "model__n_estimators": 26.81472051910645, "model__reg_lambda": 0.8686754551084824}, "datetime": {"datetime": "2021-03-24 04:09:48", "elapsed": 178.359525, "delta": 2.070015}}
{"target": -0.3611074443346402, "params": {"model__colsample_bylevel": 1.0, "model__colsample_bynode": 0.3, "model__colsample_bytree": 0.3, "model__learning_rate": 0.3, "model__max_depth": 8.0, "model__n_estimators": 23.237737621248417, "model__reg_lambda": 4.0917596411243276}, "datetime": {"datetime": "2021-03-24 04:09:50", "elapsed": 179.839294, "delta": 1.479769}}
{"target": -0.3441470085693847, "params": {"model__colsample_bylevel": 1.0, "model__colsample_bynode": 1.0, "model__colsample_bytree": 0.3, "model__learning_rate": 0.3, "model__max_depth": 8.0, "model__n_estimators": 24.739137616028323, "model__reg_lambda": 6.0000029776650345}, "datetime": {"datetime": "2021-03-24 04:09:51", "elapsed": 181.76272, "delta": 1.923426}}
{"target": -0.368746282349921, "params": {"model__colsample_bylevel": 1.0, "model__colsample_bynode": 1.0, "model__colsample_bytree": 0.3, "model__learning_rate": 0.3, "model__max_depth": 5.614133878096121, "model__n_estimators": 23.788088646942498, "model__reg_lambda": 10.0}, "datetime": {"datetime": "2021-03-24 04:09:53", "elapsed": 183.46509, "delta": 1.70237}}
{"target": -0.3330868489517277, "params": {"model__colsample_bylevel": 0.3, "model__colsample_bynode": 1.0, "model__colsample_bytree": 1.0, "model__learning_rate": 0.3, "model__max_depth": 8.0, "model__n_estimators": 26.44999724942537, "model__reg_lambda": 10.0}, "datetime": {"datetime": "2021-03-24 04:09:55", "elapsed": 185.527941, "delta": 2.062851}}
{"target": -0.3513688474556134, "params": {"model__colsample_bylevel": 0.3, "model__colsample_bynode": 1.0, "model__colsample_bytree": 1.0, "model__learning_rate": 0.3, "model__max_depth": 2.0, "model__n_estimators": 21.234557875710458, "model__reg_lambda": 2.811301399750329}, "datetime": {"datetime": "2021-03-24 04:09:57", "elapsed": 186.885999, "delta": 1.358058}}
{"target": -0.3496810323551999, "params": {"model__colsample_bylevel": 0.3, "model__colsample_bynode": 1.0, "model__colsample_bytree": 0.3, "model__learning_rate": 0.3, "model__max_depth": 8.0, "model__n_estimators": 20.010338241883506, "model__reg_lambda": 2.652290517754134}, "datetime": {"datetime": "2021-03-24 04:09:58", "elapsed": 188.744052, "delta": 1.858053}}
{"target": -0.39097252076734673, "params": {"model__colsample_bylevel": 1.0, "model__colsample_bynode": 1.0, "model__colsample_bytree": 1.0, "model__learning_rate": 0.3, "model__max_depth": 2.0, "model__n_estimators": 21.029379890643863, "model__reg_lambda": 8.0940624395213}, "datetime": {"datetime": "2021-03-24 04:10:00", "elapsed": 190.560987, "delta": 1.816935}}
{"target": -0.36540756593188406, "params": {"model__colsample_bylevel": 1.0, "model__colsample_bynode": 1.0, "model__colsample_bytree": 1.0, "model__learning_rate": 0.3, "model__max_depth": 8.0, "model__n_estimators": 17.470038524249944, "model__reg_lambda": 7.360513080063502}, "datetime": {"datetime": "2021-03-24 04:10:02", "elapsed": 192.482417, "delta": 1.92143}}
{"target": -0.4048899822234027, "params": {"model__colsample_bylevel": 1.0, "model__colsample_bynode": 0.3, "model__colsample_bytree": 0.3, "model__learning_rate": 0.3, "model__max_depth": 8.0, "model__n_estimators": 15.0, "model__reg_lambda": 8.909017502862488}, "datetime": {"datetime": "2021-03-24 04:10:04", "elapsed": 194.433117, "delta": 1.9507}}
{"target": -0.3417549386927588, "params": {"model__colsample_bylevel": 0.3, "model__colsample_bynode": 1.0, "model__colsample_bytree": 1.0, "model__learning_rate": 0.3, "model__max_depth": 3.3242392801446408, "model__n_estimators": 28.875718182619757, "model__reg_lambda": 10.0}, "datetime": {"datetime": "2021-03-24 04:10:06", "elapsed": 196.341088, "delta": 1.907971}}
{"target": -0.3634842731895438, "params": {"model__colsample_bylevel": 0.6295282126509465, "model__colsample_bynode": 0.3, "model__colsample_bytree": 1.0, "model__learning_rate": 0.1, "model__max_depth": 6.697002055769755, "model__n_estimators": 30.0, "model__reg_lambda": 0.5540015763268946}, "datetime": {"datetime": "2021-03-24 04:10:08", "elapsed": 198.174978, "delta": 1.83389}}
{"target": -0.3825049135989199, "params": {"model__colsample_bylevel": 1.0, "model__colsample_bynode": 1.0, "model__colsample_bytree": 0.3, "model__learning_rate": 0.3, "model__max_depth": 8.0, "model__n_estimators": 17.016969310807177, "model__reg_lambda": 10.0}, "datetime": {"datetime": "2021-03-24 04:10:10", "elapsed": 199.865362, "delta": 1.690384}}
{"target": -0.33487686213051926, "params": {"model__colsample_bylevel": 0.3607414817414569, "model__colsample_bynode": 0.9264499209387667, "model__colsample_bytree": 0.4464019502704277, "model__learning_rate": 0.11104697210471069, "model__max_depth": 7.345975010966947, "model__n_estimators": 29.472238773921795, "model__reg_lambda": 0.011013328058101512}, "datetime": {"datetime": "2021-03-24 04:10:11", "elapsed": 201.688175, "delta": 1.822813}}
{"target": -0.39846271442762327, "params": {"model__colsample_bylevel": 0.3, "model__colsample_bynode": 1.0, "model__colsample_bytree": 0.3, "model__learning_rate": 0.3, "model__max_depth": 2.0, "model__n_estimators": 24.48341935570832, "model__reg_lambda": 10.0}, "datetime": {"datetime": "2021-03-24 04:10:13", "elapsed": 203.580833, "delta": 1.892658}}
{"target": -0.38718527868369834, "params": {"model__colsample_bylevel": 1.0, "model__colsample_bynode": 1.0, "model__colsample_bytree": 1.0, "model__learning_rate": 0.3, "model__max_depth": 2.0, "model__n_estimators": 18.61620796841946, "model__reg_lambda": 5.749179080343844}, "datetime": {"datetime": "2021-03-24 04:10:15", "elapsed": 205.312526, "delta": 1.731693}}
{"target": -0.36862849501751194, "params": {"model__colsample_bylevel": 0.3, "model__colsample_bynode": 1.0, "model__colsample_bytree": 0.3, "model__learning_rate": 0.3, "model__max_depth": 2.0, "model__n_estimators": 27.4799885134164, "model__reg_lambda": 5.263392948957611}, "datetime": {"datetime": "2021-03-24 04:10:17", "elapsed": 207.254227, "delta": 1.941701}}
{"target": -0.4032379612247746, "params": {"model__colsample_bylevel": 1.0, "model__colsample_bynode": 1.0, "model__colsample_bytree": 1.0, "model__learning_rate": 0.3, "model__max_depth": 5.980041720077785, "model__n_estimators": 23.436375703365243, "model__reg_lambda": 0.0}, "datetime": {"datetime": "2021-03-24 04:10:19", "elapsed": 209.119644, "delta": 1.865417}}
{"target": -0.38320189489109063, "params": {"model__colsample_bylevel": 1.0, "model__colsample_bynode": 1.0, "model__colsample_bytree": 1.0, "model__learning_rate": 0.3, "model__max_depth": 6.509374669910807, "model__n_estimators": 23.440375464031977, "model__reg_lambda": 3.4023756673537364}, "datetime": {"datetime": "2021-03-24 04:10:21", "elapsed": 211.270998, "delta": 2.151354}}
{"target": -0.410046136048555, "params": {"model__colsample_bylevel": 0.3, "model__colsample_bynode": 0.3, "model__colsample_bytree": 0.3, "model__learning_rate": 0.1, "model__max_depth": 6.16357147936462, "model__n_estimators": 26.214866317603928, "model__reg_lambda": 0.0}, "datetime": {"datetime": "2021-03-24 04:10:23", "elapsed": 213.01015, "delta": 1.739152}}
{"target": -0.39205176641901385, "params": {"model__colsample_bylevel": 1.0, "model__colsample_bynode": 1.0, "model__colsample_bytree": 1.0, "model__learning_rate": 0.3, "model__max_depth": 2.0, "model__n_estimators": 15.0, "model__reg_lambda": 4.348234784275348}, "datetime": {"datetime": "2021-03-24 04:10:25", "elapsed": 215.397978, "delta": 2.387828}}
{"target": -0.3743401036175994, "params": {"model__colsample_bylevel": 1.0, "model__colsample_bynode": 1.0, "model__colsample_bytree": 0.8844702295025498, "model__learning_rate": 0.3, "model__max_depth": 8.0, "model__n_estimators": 29.36308066173865, "model__reg_lambda": 3.230350214254897}, "datetime": {"datetime": "2021-03-24 04:10:27", "elapsed": 217.133666, "delta": 1.735688}}
{"target": -0.4523645525400027, "params": {"model__colsample_bylevel": 0.3, "model__colsample_bynode": 0.3, "model__colsample_bytree": 0.3, "model__learning_rate": 0.3, "model__max_depth": 2.0, "model__n_estimators": 30.0, "model__reg_lambda": 8.13042850095191}, "datetime": {"datetime": "2021-03-24 04:10:29", "elapsed": 219.346533, "delta": 2.212867}}
{"target": -0.3344962213454984, "params": {"model__colsample_bylevel": 1.0, "model__colsample_bynode": 0.3, "model__colsample_bytree": 1.0, "model__learning_rate": 0.3, "model__max_depth": 5.2895506684226445, "model__n_estimators": 19.194400883763905, "model__reg_lambda": 5.818524198735563}, "datetime": {"datetime": "2021-03-24 04:10:31", "elapsed": 221.181775, "delta": 1.835242}}
{"target": -0.34885507554711737, "params": {"model__colsample_bylevel": 1.0, "model__colsample_bynode": 0.3, "model__colsample_bytree": 0.3, "model__learning_rate": 0.3, "model__max_depth": 6.034949092641089, "model__n_estimators": 18.790747442736485, "model__reg_lambda": 0.0}, "datetime": {"datetime": "2021-03-24 04:10:33", "elapsed": 223.293436, "delta": 2.111661}}
{"target": -0.3627143267137201, "params": {"model__colsample_bylevel": 1.0, "model__colsample_bynode": 1.0, "model__colsample_bytree": 1.0, "model__learning_rate": 0.3, "model__max_depth": 3.9447863587922356, "model__n_estimators": 15.0, "model__reg_lambda": 2.863411256189858}, "datetime": {"datetime": "2021-03-24 04:10:35", "elapsed": 225.385248, "delta": 2.091812}}
{"target": -0.35751985554191945, "params": {"model__colsample_bylevel": 0.3, "model__colsample_bynode": 1.0, "model__colsample_bytree": 0.3, "model__learning_rate": 0.3, "model__max_depth": 8.0, "model__n_estimators": 25.620648872306113, "model__reg_lambda": 8.312757949271502}, "datetime": {"datetime": "2021-03-24 04:10:37", "elapsed": 227.474274, "delta": 2.089026}}
{"target": -0.35747162912553854, "params": {"model__colsample_bylevel": 1.0, "model__colsample_bynode": 1.0, "model__colsample_bytree": 0.3, "model__learning_rate": 0.3, "model__max_depth": 8.0, "model__n_estimators": 21.746108703986284, "model__reg_lambda": 7.971117542778519}, "datetime": {"datetime": "2021-03-24 04:10:39", "elapsed": 229.50819, "delta": 2.033916}}
{"target": -0.3598433717260258, "params": {"model__colsample_bylevel": 1.0, "model__colsample_bynode": 1.0, "model__colsample_bytree": 1.0, "model__learning_rate": 0.3, "model__max_depth": 2.0, "model__n_estimators": 26.7945571295543, "model__reg_lambda": 4.812778470118841}, "datetime": {"datetime": "2021-03-24 04:10:41", "elapsed": 231.60713, "delta": 2.09894}}
{"target": -0.37723925991753193, "params": {"model__colsample_bylevel": 1.0, "model__colsample_bynode": 0.3, "model__colsample_bytree": 0.3, "model__learning_rate": 0.3, "model__max_depth": 3.7268121455561323, "model__n_estimators": 22.530273147351284, "model__reg_lambda": 10.0}, "datetime": {"datetime": "2021-03-24 04:10:43", "elapsed": 233.600319, "delta": 1.993189}}
{"target": -0.346572995017809, "params": {"model__colsample_bylevel": 1.0, "model__colsample_bynode": 1.0, "model__colsample_bytree": 0.3, "model__learning_rate": 0.3, "model__max_depth": 6.779758073744051, "model__n_estimators": 18.729496805975803, "model__reg_lambda": 3.909599201280687}, "datetime": {"datetime": "2021-03-24 04:10:45", "elapsed": 235.344258, "delta": 1.743939}}
{"target": -0.33603482445987937, "params": {"model__colsample_bylevel": 1.0, "model__colsample_bynode": 1.0, "model__colsample_bytree": 0.3, "model__learning_rate": 0.3, "model__max_depth": 3.43617620496776, "model__n_estimators": 19.86611772945818, "model__reg_lambda": 0.0}, "datetime": {"datetime": "2021-03-24 04:10:47", "elapsed": 237.627537, "delta": 2.283279}}
{"target": -0.3491877344146749, "params": {"model__colsample_bylevel": 0.3, "model__colsample_bynode": 0.3, "model__colsample_bytree": 1.0, "model__learning_rate": 0.3, "model__max_depth": 6.126036863035109, "model__n_estimators": 30.0, "model__reg_lambda": 6.890320846870176}, "datetime": {"datetime": "2021-03-24 04:10:49", "elapsed": 239.503763, "delta": 1.876226}}
{"target": -0.37826092732341393, "params": {"model__colsample_bylevel": 0.3, "model__colsample_bynode": 1.0, "model__colsample_bytree": 0.3, "model__learning_rate": 0.3, "model__max_depth": 8.0, "model__n_estimators": 16.948448210592915, "model__reg_lambda": 4.484907110949041}, "datetime": {"datetime": "2021-03-24 04:10:51", "elapsed": 241.133496, "delta": 1.629733}}
{"target": -0.3814597048715729, "params": {"model__colsample_bylevel": 0.3, "model__colsample_bynode": 1.0, "model__colsample_bytree": 0.3, "model__learning_rate": 0.3, "model__max_depth": 8.0, "model__n_estimators": 21.379261813310116, "model__reg_lambda": 5.698595574650119}, "datetime": {"datetime": "2021-03-24 04:10:53", "elapsed": 243.453846, "delta": 2.32035}}
{"target": -0.35755603901663985, "params": {"model__colsample_bylevel": 0.3, "model__colsample_bynode": 0.3, "model__colsample_bytree": 1.0, "model__learning_rate": 0.3, "model__max_depth": 5.3465623858436775, "model__n_estimators": 27.630724680212374, "model__reg_lambda": 10.0}, "datetime": {"datetime": "2021-03-24 04:10:55", "elapsed": 245.433164, "delta": 1.979318}}
{"target": -0.34506565926738253, "params": {"model__colsample_bylevel": 1.0, "model__colsample_bynode": 0.3, "model__colsample_bytree": 1.0, "model__learning_rate": 0.3, "model__max_depth": 5.051792556289468, "model__n_estimators": 22.482890743783564, "model__reg_lambda": 6.869210520578829}, "datetime": {"datetime": "2021-03-24 04:10:57", "elapsed": 247.453614, "delta": 2.02045}}
{"target": -0.3600631232123714, "params": {"model__colsample_bylevel": 0.3, "model__colsample_bynode": 1.0, "model__colsample_bytree": 1.0, "model__learning_rate": 0.3, "model__max_depth": 2.0, "model__n_estimators": 23.367393017087885, "model__reg_lambda": 5.264927371894221}, "datetime": {"datetime": "2021-03-24 04:10:59", "elapsed": 249.208332, "delta": 1.754718}}
{"target": -0.378127107296166, "params": {"model__colsample_bylevel": 0.3, "model__colsample_bynode": 1.0, "model__colsample_bytree": 1.0, "model__learning_rate": 0.3, "model__max_depth": 3.5564114648607057, "model__n_estimators": 15.0, "model__reg_lambda": 7.841467090881154}, "datetime": {"datetime": "2021-03-24 04:11:01", "elapsed": 251.34795, "delta": 2.139618}}
{"target": -0.4042046655185413, "params": {"model__colsample_bylevel": 1.0, "model__colsample_bynode": 1.0, "model__colsample_bytree": 1.0, "model__learning_rate": 0.3, "model__max_depth": 2.0, "model__n_estimators": 15.0, "model__reg_lambda": 10.0}, "datetime": {"datetime": "2021-03-24 04:11:04", "elapsed": 253.946921, "delta": 2.598971}}
{"target": -0.3452309845357904, "params": {"model__colsample_bylevel": 0.3, "model__colsample_bynode": 0.3, "model__colsample_bytree": 1.0, "model__learning_rate": 0.3, "model__max_depth": 8.0, "model__n_estimators": 15.0, "model__reg_lambda": 0.0}, "datetime": {"datetime": "2021-03-24 04:11:06", "elapsed": 255.852556, "delta": 1.905635}}
{"target": -0.3997668058408991, "params": {"model__colsample_bylevel": 0.3, "model__colsample_bynode": 1.0, "model__colsample_bytree": 1.0, "model__learning_rate": 0.1, "model__max_depth": 2.0, "model__n_estimators": 25.94902936058269, "model__reg_lambda": 0.0}, "datetime": {"datetime": "2021-03-24 04:11:08", "elapsed": 258.334537, "delta": 2.481981}}
{"target": -0.36241068405763965, "params": {"model__colsample_bylevel": 1.0, "model__colsample_bynode": 0.3, "model__colsample_bytree": 1.0, "model__learning_rate": 0.3, "model__max_depth": 2.0, "model__n_estimators": 21.01681213544667, "model__reg_lambda": 0.0}, "datetime": {"datetime": "2021-03-24 04:11:10", "elapsed": 260.538274, "delta": 2.203737}}
{"target": -0.3231070223180037, "params": {"model__colsample_bylevel": 1.0, "model__colsample_bynode": 1.0, "model__colsample_bytree": 0.3, "model__learning_rate": 0.3, "model__max_depth": 4.200083742189814, "model__n_estimators": 17.25342636580649, "model__reg_lambda": 1.7567985200701859}, "datetime": {"datetime": "2021-03-24 04:11:12", "elapsed": 262.285681, "delta": 1.747407}}
{"target": -0.33994817206858785, "params": {"model__colsample_bylevel": 1.0, "model__colsample_bynode": 0.3, "model__colsample_bytree": 0.3, "model__learning_rate": 0.3, "model__max_depth": 4.4805006981490045, "model__n_estimators": 30.0, "model__reg_lambda": 6.923697182823415}, "datetime": {"datetime": "2021-03-24 04:11:14", "elapsed": 263.920059, "delta": 1.634378}}
