{"target": -0.3163876007935302, "params": {"model__colsample_bylevel": 0.3, "model__colsample_bynode": 1.0, "model__colsample_bytree": 1.0, "model__learning_rate": 0.3, "model__max_depth": 4.603534939249641, "model__n_estimators": 25.232293592533967, "model__reg_lambda": 2.340641994143248}, "datetime": {"datetime": "2021-03-24 04:11:16", "elapsed": 266.010352, "delta": 2.090293}}
{"target": -0.3479789898926527, "params": {"model__colsample_bylevel": 0.3, "model__colsample_bynode": 0.3, "model__colsample_bytree": 1.0, "model__learning_rate": 0.3, "model__max_depth": 2.0, "model__n_estimators": 24.333269645546974, "model__reg_lambda": 1.1714640246059267}, "datetime": {"datetime": "2021-03-24 04:11:18", "elapsed": 267.911674, "delta": 1.901322}}
{"target": -0.3848123192503724, "params": {"model__colsample_bylevel": 1.0, "model__colsample_bynode": 1.0, "model__colsample_bytree": 0.3, "model__learning_rate": 0.3, "model__max_depth": 4.144669521707249, "model__n_estimators": 15.0, "model__reg_lambda": 10.0}, "datetime": {"datetime": "2021-03-24 04:11:19", "elapsed": 269.507909, "delta": 1.596235}}
{"target": -0.36051050697763765, "params": {"model__colsample_bylevel": 1.0, "model__colsample_bynode": 1.0, "model__colsample_bytree": 0.3, "model__learning_rate": 0.3, "model__max_depth": 7.185838013628597, "model__n_estimators": 26.920344192490305, "model__reg_lambda": 10.0}, "datetime": {"datetime": "2021-03-24 04:11:21", "elapsed": 271.616727, "delta": 2.108818}}
{"target": -0.38893487599671583, "params": {"model__colsample_bylevel": 1.0, "model__colsample_bynode": 1.0, "model__colsample_bytree": 1.0, "model__learning_rate": 0.3, "model__max_depth": 8.0, "model__n_estimators": 18.46026062185681, "model__reg_lambda": 0.0}, "datetime": {"datetime": "2021-03-24 04:11:24", "elapsed": 273.921204, "delta": 2.304477}}
{"target": -0.3570274853120571, "params": {"model__colsample_bylevel": 1.0, "model__colsample_bynode": 1.0, "model__colsample_bytree": 0.3, "model__learning_rate": 0.3, "model__max_depth": 5.710317119815591, "model__n_estimators": 20.87358230543971, "model__reg_lambda": 6.0443175939186755}, "datetime": {"datetime": "2021-03-24 04:11:25", "elapsed": 275.788625, "delta": 1.867421}}
{"target": -0.346740916533652, "params": {"model__colsample_bylevel": 1.0, "model__colsample_bynode": 1.0, "model__colsample_bytree": 0.3, "model__learning_rate": 0.3, "model__max_depth": 2.0, "model__n_estimators": 16.843860149132826, "model__reg_lambda": 0.0}, "datetime": {"datetime": "2021-03-24 04:11:27", "elapsed": 277.551625, "delta": 1.763}}
{"target": -0.33798249911861095, "params": {"model__colsample_bylevel": 0.3, "model__colsample_bynode": 1.0, "model__colsample_bytree": 1.0, "model__learning_rate": 0.3, "model__max_depth": 5.569785089753687, "model__n_estimators": 17.27904696458761, "model__reg_lambda": 2.5789394889481168}, "datetime": {"datetime": "2021-03-24 04:11:30", "elapsed": 279.869765, "delta": 2.31814}}
{"target": -0.3589315648001713, "params": {"model__colsample_bylevel": 0.9775518366574336, "model__colsample_bynode": 0.419341355548253, "model__colsample_bytree": 0.9746324498768806, "model__learning_rate": 0.10630535988264943, "model__max_depth": 4.588821695839179, "model__n_estimators": 28.863663927193258, "model__reg_lambda": 0.7145029541885017}, "datetime": {"datetime": "2021-03-24 04:11:31", "elapsed": 281.496315, "delta": 1.62655}}
{"target": -0.35954667707581234, "params": {"model__colsample_bylevel": 0.3, "model__colsample_bynode": 1.0, "model__colsample_bytree": 1.0, "model__learning_rate": 0.3, "model__max_depth": 4.062497562490631, "model__n_estimators": 18.760201151541576, "model__reg_lambda": 5.999650889062534}, "datetime": {"datetime": "2021-03-24 04:11:33", "elapsed": 283.503071, "delta": 2.006756}}
{"target": -0.37520268881706975, "params": {"model__colsample_bylevel": 0.3005017044793693, "model__colsample_bynode": 0.5905094477886454, "model__colsample_bytree": 0.43942027185695726, "model__learning_rate": 0.14743150855350787, "model__max_depth": 6.160403783210672, "model__n_estimators": 28.150857431934533, "model__reg_lambda": 1.2609119148513626}, "datetime": {"datetime": "2021-03-24 04:11:35", "elapsed": 285.225432, "delta": 1.722361}}
{"target": -0.36282001877898706, "params": {"model__colsample_bylevel": 1.0, "model__colsample_bynode": 0.3, "model__colsample_bytree": 1.0, "model__learning_rate": 0.3, "model__max_depth": 2.0, "model__n_estimators": 20.688497775319636, "model__reg_lambda": 3.955196943479433}, "datetime": {"datetime": "2021-03-24 04:11:37", "elapsed": 287.261289, "delta": 2.035857}}
{"target": -0.33049276106100045, "params": {"model__colsample_bylevel": 0.3, "model__colsample_bynode": 1.0, "model__colsample_bytree": 1.0, "model__learning_rate": 0.3, "model__max_depth": 2.0, "model__n_estimators": 30.0, "model__reg_lambda": 3.7166909869430027}, "datetime": {"datetime": "2021-03-24 04:11:39", "elapsed": 289.678285, "delta": 2.416996}}
{"target": -0.34504125056956203, "params": {"model__colsample_bylevel": 0.3, "model__colsample_bynode": 1.0, "model__colsample_bytree": 0.3, "model__learning_rate": 0.3, "model__max_depth": 5.615683561881247, "model__n_estimators": 21.16815292250059, "model__reg_lambda": 0.0}, "datetime": {"datetime": "2021-03-24 04:11:41", "elapsed": 291.43611, "delta": 1.757825}}
{"target": -0.3457149887054255, "params": {"model__colsample_bylevel": 1.0, "model__colsample_bynode": 0.3, "model__colsample_bytree": 1.0, "model__learning_rate": 0.3, "model__max_depth": 5.56135747942, "model__n_estimators": 17.569367460223866, "model__reg_lambda": 2.0291397386141563}, "datetime": {"datetime": "2021-03-24 04:11:43", "elapsed": 293.371574, "delta": 1.935464}}
{"target": -0.3262588926094948, "params": {"model__colsample_bylevel": 0.3, "model__colsample_bynode": 1.0, "model__colsample_bytree": 1.0, "model__learning_rate": 0.3, "model__max_depth": 8.0, "model__n_estimators": 28.166888122205155, "model__reg_lambda": 6.923587581116019}, "datetime": {"datetime": "2021-03-24 04:11:45", "elapsed": 295.377747, "delta": 2.006173}}
{"target": -0.35647966070978, "params": {"model__colsample_bylevel": 1.0, "model__colsample_bynode": 1.0, "model__colsample_bytree": 1.0, "model__learning_rate": 0.3, "model__max_depth": 6.188201631470548, "model__n_estimators": 25.802992849326913, "model__reg_lambda": 6.340056209956588}, "datetime": {"datetime": "2021-03-24 04:11:48", "elapsed": 297.964965, "delta": 2.587218}}
{"target": -0.34581999921077944, "params": {"model__colsample_bylevel": 1.0, "model__colsample_bynode": 0.3, "model__colsample_bytree": 1.0, "model__learning_rate": 0.3, "model__max_depth": 3.3260706597322356, "model__n_estimators": 15.804932392279204, "model__reg_lambda": 0.0}, "datetime": {"datetime": "2021-03-24 04:11:49", "elapsed": 299.712104, "delta": 1.747139}}
{"target": -0.3455807573927998, "params": {"model__colsample_bylevel": 1.0, "model__colsample_bynode": 0.3, "model__colsample_bytree": 1.0, "model__learning_rate": 0.3, "model__max_depth": 8.0, "model__n_estimators": 21.14519385519803, "model__reg_lambda": 10.0}, "datetime": {"datetime": "2021-03-24 04:11:52", "elapsed": 301.970334, "delta": 2.25823}}
{"target": -0.3465701861269907, "params": {"model__colsample_bylevel": 0.3, "model__colsample_bynode": 1.0, "model__colsample_bytree": 1.0, "model__learning_rate": 0.3, "model__max_depth": 4.487915626256671, "model__n_estimators": 24.074625073771593, "model__reg_lambda": 8.873810938340533}, "datetime": {"datetime": "2021-03-24 04:11:54", "elapsed": 304.274222, "delta": 2.303888}}
{"target": -0.3709926048907843, "params": {"model__colsample_bylevel": 1.0, "model__colsample_bynode": 0.3, "model__colsample_bytree": 1.0, "model__learning_rate": 0.3, "model__max_depth": 3.8457580242291645, "model__n_estimators": 15.0, "model__reg_lambda": 10.0}, "datetime": {"datetime": "2021-03-24 04:11:56", "elapsed": 306.599302, "delta": 2.32508}}
{"target": -0.37427902977535693, "params": {"model__colsample_bylevel": 1.0, "model__colsample_bynode": 1.0, "model__colsample_bytree": 1.0, "model__learning_rate": 0.3, "model__max_depth": 2.0, "model__n_estimators": 24.828580491875865, "model__reg_lambda": 8.356012121629563}, "datetime": {"datetime": "2021-03-24 04:11:58", "elapsed": 308.611184, "delta": 2.011882}}
{"target": -0.391704555042088, "params": {"model__colsample_bylevel": 1.0, "model__colsample_bynode": 0.3, "model__colsample_bytree": 0.3, "model__learning_rate": 0.3, "model__max_depth": 2.0, "model__n_estimators": 22.771157283132123, "model__reg_lambda": 6.478297635611982}, "datetime": {"datetime": "2021-03-24 04:12:00", "elapsed": 310.617856, "delta": 2.006672}}
{"target": -0.38366122452231743, "params": {"model__colsample_bylevel": 1.0, "model__colsample_bynode": 0.3, "model__colsample_bytree": 1.0, "model__learning_rate": 0.3, "model__max_depth": 2.0, "model__n_estimators": 18.930156250352105, "model__reg_lambda": 7.537976390925516}, "datetime": {"datetime": "2021-03-24 04:12:02", "elapsed": 312.286428, "delta": 1.668572}}
{"target": -0.43824906224870813, "params": {"model__colsample_bylevel": 1.0, "model__colsample_bynode": 1.0, "model__colsample_bytree": 1.0, "model__learning_rate": 0.1, "model__max_depth": 8.0, "model__n_estimators": 24.90939996915675, "model__reg_lambda": 10.0}, "datetime": {"datetime": "2021-03-24 04:12:04", "elapsed": 314.492725, "delta": 2.206297}}
{"target": -0.3435480502810316, "params": {"model__colsample_bylevel": 1.0, "model__colsample_bynode": 1.0, "model__colsample_bytree": 0.3, "model__learning_rate": 0.3, "model__max_depth": 3.493103671154791, "model__n_estimators": 27.514595551674322, "model__reg_lambda": 6.4108437850223385}, "datetime": {"datetime": "2021-03-24 04:12:06", "elapsed": 316.619617, "delta": 2.126892}}
{"target": -0.3541834266542498, "params": {"model__colsample_bylevel": 0.3, "model__colsample_bynode": 1.0, "model__colsample_bytree": 1.0, "model__learning_rate": 0.3, "model__max_depth": 8.0, "model__n_estimators": 21.741265976049036, "model__reg_lambda": 1.5636947112275879}, "datetime": {"datetime": "2021-03-24 04:12:09", "elapsed": 318.912538, "delta": 2.292921}}
{"target": -0.3244936089932352, "params": {"model__colsample_bylevel": 0.3, "model__colsample_bynode": 1.0, "model__colsample_bytree": 0.3, "model__learning_rate": 0.3, "model__max_depth": 6.426326185391454, "model__n_estimators": 18.082500659659114, "model__reg_lambda": 1.046297535970773}, "datetime": {"datetime": "2021-03-24 04:12:11", "elapsed": 320.970727, "delta": 2.058189}}
{"target": -0.34885498014881033, "params": {"model__colsample_bylevel": 0.3, "model__colsample_bynode": 1.0, "model__colsample_bytree": 1.0, "model__learning_rate": 0.3, "model__max_depth": 3.114985361926886, "model__n_estimators": 16.876744791211955, "model__reg_lambda": 0.0}, "datetime": {"datetime": "2021-03-24 04:12:13", "elapsed": 323.214635, "delta": 2.243908}}
{"target": -0.38343818158491694, "params": {"model__colsample_bylevel": 0.3, "model__colsample_bynode": 0.3, "model__colsample_bytree": 1.0, "model__learning_rate": 0.3, "model__max_depth": 6.324994153772535, "model__n_estimators": 23.691895480590834, "model__reg_lambda": 10.0}, "datetime": {"datetime": "2021-03-24 04:12:15", "elapsed": 325.15437, "delta": 1.939735}}
