{"target": -0.369594676297266, "params": {"model__colsample_bylevel": 1.0, "model__colsample_bynode": 0.3, "model__colsample_bytree": 0.3, "model__learning_rate": 0.3, "model__max_depth": 8.0, "model__n_estimators": 25.038498023329726, "model__reg_lambda": 10.0}, "datetime": {"datetime": "2021-03-24 04:08:10", "elapsed": 80.154709, "delta": 1.235847}}
{"target": -0.4029298485330967, "params": {"model__colsample_bylevel": 1.0, "model__colsample_bynode": 0.3, "model__colsample_bytree": 0.3, "model__learning_rate": 0.3, "model__max_depth": 3.9525158617499137, "model__n_estimators": 15.0, "model__reg_lambda": 5.4678798596444}, "datetime": {"datetime": "2021-03-24 04:08:11", "elapsed": 81.656573, "delta": 1.501864}}
{"target": -0.3319608880412779, "params": {"model__colsample_bylevel": 0.9430082461313267, "model__colsample_bynode": 0.317236151022264, "model__colsample_bytree": 0.5765973338742852, "model__learning_rate": 0.274042892170713, "model__max_depth": 7.999233076274276, "model__n_estimators": 29.543124106005365, "model__reg_lambda": 5.75007298698039}, "datetime": {"datetime": "2021-03-24 04:08:13", "elapsed": 82.93478, "delta": 1.278207}}
{"target": -0.3420674278950859, "params": {"model__colsample_bylevel": 1.0, "model__colsample_bynode": 1.0, "model__colsample_bytree": 1.0, "model__learning_rate": 0.3, "model__max_depth": 3.178534872544013, "model__n_estimators": 30.0, "model__reg_lambda": 4.65604283400241}, "datetime": {"datetime": "2021-03-24 04:08:14", "elapsed": 84.353873, "delta": 1.419093}}
{"target": -0.3504371988064056, "params": {"model__colsample_bylevel": 0.9950608239450474, "model__colsample_bynode": 0.3764906601453408, "model__colsample_bytree": 0.8967272528109367, "model__learning_rate": 0.28321062891082216, "model__max_depth": 2.9309587737618212, "model__n_estimators": 29.947145144480228, "model__reg_lambda": 6.793717703658184}, "datetime": {"datetime": "2021-03-24 04:08:15", "elapsed": 85.784428, "delta": 1.430555}}
{"target": -0.33331303394187, "params": {"model__colsample_bylevel": 0.931665617996507, "model__colsample_bynode": 0.3207418223556525, "model__colsample_bytree": 0.5168268602524464, "model__learning_rate": 0.2979583480290561, "model__max_depth": 2.0946137987478375, "model__n_estimators": 25.862677365140037, "model__reg_lambda": 1.0655248917077076}, "datetime": {"datetime": "2021-03-24 04:08:17", "elapsed": 87.017843, "delta": 1.233415}}
{"target": -0.35802787014593684, "params": {"model__colsample_bylevel": 1.0, "model__colsample_bynode": 1.0, "model__colsample_bytree": 0.3, "model__learning_rate": 0.3, "model__max_depth": 2.0, "model__n_estimators": 26.10103690627908, "model__reg_lambda": 7.028255203460676}, "datetime": {"datetime": "2021-03-24 04:08:18", "elapsed": 88.322823, "delta": 1.30498}}
{"target": -0.3374745256041406, "params": {"model__colsample_bylevel": 0.40180412076188043, "model__colsample_bynode": 0.9953010399777029, "model__colsample_bytree": 0.40584858415447156, "model__learning_rate": 0.2523629416311026, "model__max_depth": 7.989850066777166, "model__n_estimators": 27.518519223208987, "model__reg_lambda": 2.9021785251508803}, "datetime": {"datetime": "2021-03-24 04:08:19", "elapsed": 89.789024, "delta": 1.466201}}
{"target": -0.3539339485061962, "params": {"model__colsample_bylevel": 1.0, "model__colsample_bynode": 1.0, "model__colsample_bytree": 1.0, "model__learning_rate": 0.3, "model__max_depth": 4.983426961033771, "model__n_estimators": 20.82715394717536, "model__reg_lambda": 9.2847867166218}, "datetime": {"datetime": "2021-03-24 04:08:21", "elapsed": 91.385664, "delta": 1.59664}}
{"target": -0.35369180099181563, "params": {"model__colsample_bylevel": 0.3, "model__colsample_bynode": 0.3000000043265245, "model__colsample_bytree": 1.0, "model__learning_rate": 0.3, "model__max_depth": 3.6082398639700033, "model__n_estimators": 23.36746815567796, "model__reg_lambda": 3.560708326600886}, "datetime": {"datetime": "2021-03-24 04:08:23", "elapsed": 92.820848, "delta": 1.435184}}
{"target": -0.37348176292278734, "params": {"model__colsample_bylevel": 0.4517757155976281, "model__colsample_bynode": 0.542829118338585, "model__colsample_bytree": 0.9574864999658554, "model__learning_rate": 0.28152302394864903, "model__max_depth": 2.0192735817190637, "model__n_estimators": 21.010093660837335, "model__reg_lambda": 5.843661416076532}, "datetime": {"datetime": "2021-03-24 04:08:24", "elapsed": 94.356716, "delta": 1.535868}}
{"target": -0.34146104889476425, "params": {"model__colsample_bylevel": 0.9477309078678455, "model__colsample_bynode": 0.3605581859685071, "model__colsample_bytree": 0.9560286962914699, "model__learning_rate": 0.19738127917174336, "model__max_depth": 7.787447876753241, "model__n_estimators": 29.82256316464874, "model__reg_lambda": 7.958107229304955}, "datetime": {"datetime": "2021-03-24 04:08:25", "elapsed": 95.786159, "delta": 1.429443}}
{"target": -0.3385315088548468, "params": {"model__colsample_bylevel": 1.0, "model__colsample_bynode": 0.3, "model__colsample_bytree": 1.0, "model__learning_rate": 0.3, "model__max_depth": 4.272067883006996, "model__n_estimators": 27.872935904231497, "model__reg_lambda": 8.344276981584212}, "datetime": {"datetime": "2021-03-24 04:08:27", "elapsed": 97.043905, "delta": 1.257746}}
{"target": -0.3572602907671472, "params": {"model__colsample_bylevel": 0.3, "model__colsample_bynode": 0.3, "model__colsample_bytree": 1.0, "model__learning_rate": 0.3, "model__max_depth": 6.744801218927117, "model__n_estimators": 19.16320021395717, "model__reg_lambda": 1.6593020450906366}, "datetime": {"datetime": "2021-03-24 04:08:28", "elapsed": 98.130327, "delta": 1.086422}}
{"target": -0.3267825960805909, "params": {"model__colsample_bylevel": 0.3454512865781656, "model__colsample_bynode": 0.9538266245449767, "model__colsample_bytree": 0.8067775484482826, "model__learning_rate": 0.27611497240561333, "model__max_depth": 5.112104204258746, "model__n_estimators": 23.309669561803453, "model__reg_lambda": 0.8701886526888136}, "datetime": {"datetime": "2021-03-24 04:08:29", "elapsed": 99.232552, "delta": 1.102225}}
{"target": -0.38948848740184216, "params": {"model__colsample_bylevel": 1.0, "model__colsample_bynode": 0.3, "model__colsample_bytree": 0.3, "model__learning_rate": 0.3, "model__max_depth": 2.0, "model__n_estimators": 15.0, "model__reg_lambda": 0.0}, "datetime": {"datetime": "2021-03-24 04:08:30", "elapsed": 100.438357, "delta": 1.205805}}
{"target": -0.34242963013374184, "params": {"model__colsample_bylevel": 0.8635303977568105, "model__colsample_bynode": 0.679006172217882, "model__colsample_bytree": 0.9769078138699083, "model__learning_rate": 0.2934870258724642, "model__max_depth": 7.026666070196533, "model__n_estimators": 28.96139323045301, "model__reg_lambda": 9.865254461673231}, "datetime": {"datetime": "2021-03-24 04:08:32", "elapsed": 101.98908, "delta": 1.550723}}
{"target": -0.3384621030381084, "params": {"model__colsample_bylevel": 0.9222531586630731, "model__colsample_bynode": 0.37114651646263624, "model__colsample_bytree": 0.9959218288195506, "model__learning_rate": 0.13963709136252936, "model__max_depth": 7.989663048578178, "model__n_estimators": 29.58189435762509, "model__reg_lambda": 1.8981491554114005}, "datetime": {"datetime": "2021-03-24 04:08:33", "elapsed": 103.198659, "delta": 1.209579}}
{"target": -0.4084296234761891, "params": {"model__colsample_bylevel": 0.3, "model__colsample_bynode": 0.3, "model__colsample_bytree": 0.3, "model__learning_rate": 0.3, "model__max_depth": 8.0, "model__n_estimators": 15.620971363969806, "model__reg_lambda": 0.9399626534474679}, "datetime": {"datetime": "2021-03-24 04:08:34", "elapsed": 104.419091, "delta": 1.220432}}
{"target": -0.36080423567167386, "params": {"model__colsample_bylevel": 1.0, "model__colsample_bynode": 1.0, "model__colsample_bytree": 1.0, "model__learning_rate": 0.3, "model__max_depth": 2.0, "model__n_estimators": 27.495050102930012, "model__reg_lambda": 10.0}, "datetime": {"datetime": "2021-03-24 04:08:35", "elapsed": 105.775554, "delta": 1.356463}}
{"target": -0.3949349761265667, "params": {"model__colsample_bylevel": 0.5651937516360539, "model__colsample_bynode": 0.9936605368064588, "model__colsample_bytree": 0.996694296855442, "model__learning_rate": 0.1067904942598436, "model__max_depth": 5.579363968697616, "model__n_estimators": 15.077064901502737, "model__reg_lambda": 0.16458222148114432}, "datetime": {"datetime": "2021-03-24 04:08:37", "elapsed": 107.414221, "delta": 1.638667}}
{"target": -0.3802720769392866, "params": {"model__colsample_bylevel": 0.31852412366139204, "model__colsample_bynode": 0.7434112969133216, "model__colsample_bytree": 0.3017223395520014, "model__learning_rate": 0.2993030043339839, "model__max_depth": 4.931668678098287, "model__n_estimators": 28.166440792587064, "model__reg_lambda": 7.5710732354855015}, "datetime": {"datetime": "2021-03-24 04:08:38", "elapsed": 108.721976, "delta": 1.307755}}
{"target": -0.3618087201672809, "params": {"model__colsample_bylevel": 1.0, "model__colsample_bynode": 0.418781574932238, "model__colsample_bytree": 1.0, "model__learning_rate": 0.3, "model__max_depth": 7.999999979381565, "model__n_estimators": 17.167787580656622, "model__reg_lambda": 5.0657546540619425}, "datetime": {"datetime": "2021-03-24 04:08:40", "elapsed": 109.845943, "delta": 1.123967}}
{"target": -0.3609584655624517, "params": {"model__colsample_bylevel": 1.0, "model__colsample_bynode": 1.0, "model__colsample_bytree": 1.0, "model__learning_rate": 0.3, "model__max_depth": 8.0, "model__n_estimators": 28.04532774174064, "model__reg_lambda": 4.793530228266245}, "datetime": {"datetime": "2021-03-24 04:08:41", "elapsed": 111.252039, "delta": 1.406096}}
{"target": -0.34853196342609, "params": {"model__colsample_bylevel": 0.4543880724067486, "model__colsample_bynode": 0.9999999964825583, "model__colsample_bytree": 1.0, "model__learning_rate": 0.3, "model__max_depth": 4.617906271004488, "model__n_estimators": 18.852921053723076, "model__reg_lambda": 0.43579736916538575}, "datetime": {"datetime": "2021-03-24 04:08:42", "elapsed": 112.678589, "delta": 1.42655}}
{"target": -0.3573345152344015, "params": {"model__colsample_bylevel": 0.3, "model__colsample_bynode": 1.0, "model__colsample_bytree": 1.0, "model__learning_rate": 0.3, "model__max_depth": 6.304495867446138, "model__n_estimators": 17.502843288061598, "model__reg_lambda": 5.335422049104215}, "datetime": {"datetime": "2021-03-24 04:08:44", "elapsed": 113.982175, "delta": 1.303586}}
{"target": -0.3452304954107419, "params": {"model__colsample_bylevel": 0.9872241364763763, "model__colsample_bynode": 0.37667961049779036, "model__colsample_bytree": 0.9486018517283998, "model__learning_rate": 0.2915058760505602, "model__max_depth": 7.347259871573794, "model__n_estimators": 25.496107615326626, "model__reg_lambda": 3.1678817712827847}, "datetime": {"datetime": "2021-03-24 04:08:45", "elapsed": 115.118675, "delta": 1.1365}}
{"target": -0.38131437352453557, "params": {"model__colsample_bylevel": 0.33330457390616547, "model__colsample_bynode": 0.34363702338939395, "model__colsample_bytree": 0.39742396240681865, "model__learning_rate": 0.19335929849951047, "model__max_depth": 7.9778338524959125, "model__n_estimators": 29.81724700886037, "model__reg_lambda": 2.882563016605073}, "datetime": {"datetime": "2021-03-24 04:08:46", "elapsed": 116.373693, "delta": 1.255018}}
{"target": -0.3076903902675005, "params": {"model__colsample_bylevel": 0.8445933999554733, "model__colsample_bynode": 0.4905726310204432, "model__colsample_bytree": 0.9361457641484661, "model__learning_rate": 0.27828431934515174, "model__max_depth": 2.05171904283198, "model__n_estimators": 25.122097152459894, "model__reg_lambda": 0.07945621564433014}, "datetime": {"datetime": "2021-03-24 04:08:47", "elapsed": 117.697793, "delta": 1.3241}}
{"target": -0.34255567383615, "params": {"model__colsample_bylevel": 0.9999999998121823, "model__colsample_bynode": 0.3, "model__colsample_bytree": 1.0, "model__learning_rate": 0.3, "model__max_depth": 7.999999999949247, "model__n_estimators": 26.53195914389758, "model__reg_lambda": 7.6284347505140255}, "datetime": {"datetime": "2021-03-24 04:08:49", "elapsed": 119.016108, "delta": 1.318315}}
{"target": -0.33240361958303477, "params": {"model__colsample_bylevel": 1.0, "model__colsample_bynode": 0.3, "model__colsample_bytree": 1.0, "model__learning_rate": 0.3, "model__max_depth": 4.123642132454043, "model__n_estimators": 25.060176374433958, "model__reg_lambda": 6.760849880928714}, "datetime": {"datetime": "2021-03-24 04:08:50", "elapsed": 120.116758, "delta": 1.10065}}
{"target": -0.34947952618181327, "params": {"model__colsample_bylevel": 0.3, "model__colsample_bynode": 1.0, "model__colsample_bytree": 1.0, "model__learning_rate": 0.3, "model__max_depth": 4.351581296412907, "model__n_estimators": 20.93174847563896, "model__reg_lambda": 6.891190323287}, "datetime": {"datetime": "2021-03-24 04:08:51", "elapsed": 121.476467, "delta": 1.359709}}
{"target": -0.34246059639845045, "params": {"model__colsample_bylevel": 0.8461203100422008, "model__colsample_bynode": 0.5139097261909604, "model__colsample_bytree": 0.9748238158265108, "model__learning_rate": 0.2789851131529194, "model__max_depth": 4.7129061803588534, "model__n_estimators": 27.158283462734353, "model__reg_lambda": 5.359561459460723}, "datetime": {"datetime": "2021-03-24 04:08:53", "elapsed": 123.044508, "delta": 1.568041}}
{"target": -0.3379386315046324, "params": {"model__colsample_bylevel": 0.7978459467504744, "model__colsample_bynode": 0.8935390121332976, "model__colsample_bytree": 0.9843106661750891, "model__learning_rate": 0.26719918118056774, "model__max_depth": 2.0683505789381993, "model__n_estimators": 23.015546811425928, "model__reg_lambda": 0.10176649932681414}, "datetime": {"datetime": "2021-03-24 04:08:54", "elapsed": 124.512006, "delta": 1.467498}}
{"target": -0.3594474425967918, "params": {"model__colsample_bylevel": 0.9554043777162122, "model__colsample_bynode": 0.7809841508031191, "model__colsample_bytree": 0.31488115795496785, "model__learning_rate": 0.2896244036275965, "model__max_depth": 7.954031346663353, "model__n_estimators": 20.94034138422103, "model__reg_lambda": 0.41466753545969404}, "datetime": {"datetime": "2021-03-24 04:08:55", "elapsed": 125.619274, "delta": 1.107268}}
{"target": -0.27865583262747096, "params": {"model__colsample_bylevel": 0.4884525291969753, "model__colsample_bynode": 0.31980089965965297, "model__colsample_bytree": 0.980755267171108, "model__learning_rate": 0.23439702615137264, "model__max_depth": 6.377023921891542, "model__n_estimators": 29.87990942550939, "model__reg_lambda": 0.0585324600436421}, "datetime": {"datetime": "2021-03-24 04:08:57", "elapsed": 126.952429, "delta": 1.333155}}
{"target": -0.31734932265775884, "params": {"model__colsample_bylevel": 0.7840943337380553, "model__colsample_bynode": 0.3, "model__colsample_bytree": 0.8468872423776547, "model__learning_rate": 0.3, "model__max_depth": 5.949451529548973, "model__n_estimators": 29.21840687111035, "model__reg_lambda": 0.715104064673896}, "datetime": {"datetime": "2021-03-24 04:08:58", "elapsed": 128.423108, "delta": 1.470679}}
{"target": -0.3580311425946791, "params": {"model__colsample_bylevel": 0.7930818523648415, "model__colsample_bynode": 0.36729146254928313, "model__colsample_bytree": 0.9690231096425799, "model__learning_rate": 0.2593814981326631, "model__max_depth": 6.532878630215086, "model__n_estimators": 29.57767542149015, "model__reg_lambda": 0.08320530850494778}, "datetime": {"datetime": "2021-03-24 04:09:00", "elapsed": 129.839175, "delta": 1.416067}}
{"target": -0.3307291025005659, "params": {"model__colsample_bylevel": 0.3132863702034034, "model__colsample_bynode": 0.33689629207588734, "model__colsample_bytree": 0.46454174188040154, "model__learning_rate": 0.18016769154644868, "model__max_depth": 6.52413700991533, "model__n_estimators": 29.927900004976053, "model__reg_lambda": 0.5471792566393041}, "datetime": {"datetime": "2021-03-24 04:09:01", "elapsed": 131.039148, "delta": 1.199973}}
{"target": -0.340871028684795, "params": {"model__colsample_bylevel": 0.5481232625110809, "model__colsample_bynode": 0.3000000023480929, "model__colsample_bytree": 1.0, "model__learning_rate": 0.3, "model__max_depth": 4.943957508765999, "model__n_estimators": 29.161223321182216, "model__reg_lambda": 1.8164786108839623}, "datetime": {"datetime": "2021-03-24 04:09:02", "elapsed": 132.624923, "delta": 1.585775}}
{"target": -0.3345449518729541, "params": {"model__colsample_bylevel": 1.0, "model__colsample_bynode": 0.3, "model__colsample_bytree": 1.0, "model__learning_rate": 0.3, "model__max_depth": 4.1906843492510815, "model__n_estimators": 24.837136399074804, "model__reg_lambda": 10.0}, "datetime": {"datetime": "2021-03-24 04:09:04", "elapsed": 134.332306, "delta": 1.707383}}
{"target": -0.3202461552556496, "params": {"model__colsample_bylevel": 1.0, "model__colsample_bynode": 1.0, "model__colsample_bytree": 0.3, "model__learning_rate": 0.3, "model__max_depth": 2.0646395947298077, "model__n_estimators": 30.0, "model__reg_lambda": 2.433738763813088}, "datetime": {"datetime": "2021-03-24 04:09:05", "elapsed": 135.633121, "delta": 1.300815}}
{"target": -0.3469532205868323, "params": {"model__colsample_bylevel": 0.9941172543601593, "model__colsample_bynode": 0.44233877477945593, "model__colsample_bytree": 0.9331033462853211, "model__learning_rate": 0.26270333844619725, "model__max_depth": 7.695018117788692, "model__n_estimators": 22.320016609016832, "model__reg_lambda": 6.090031636070775}, "datetime": {"datetime": "2021-03-24 04:09:07", "elapsed": 137.157009, "delta": 1.523888}}
{"target": -0.3625617728244675, "params": {"model__colsample_bylevel": 0.9871975345570654, "model__colsample_bynode": 0.3, "model__colsample_bytree": 1.0, "model__learning_rate": 0.3, "model__max_depth": 2.0, "model__n_estimators": 24.66081399691573, "model__reg_lambda": 5.891500830432577}, "datetime": {"datetime": "2021-03-24 04:09:08", "elapsed": 138.486747, "delta": 1.329738}}
{"target": -0.38114903586565696, "params": {"model__colsample_bylevel": 1.0, "model__colsample_bynode": 0.3, "model__colsample_bytree": 0.3, "model__learning_rate": 0.3, "model__max_depth": 2.0, "model__n_estimators": 27.711930377452504, "model__reg_lambda": 10.0}, "datetime": {"datetime": "2021-03-24 04:09:10", "elapsed": 140.081412, "delta": 1.594665}}
{"target": -0.37064237774052805, "params": {"model__colsample_bylevel": 0.9085820881921063, "model__colsample_bynode": 0.345301434316974, "model__colsample_bytree": 0.31756540972752334, "model__learning_rate": 0.29481190033346905, "model__max_depth": 7.965612547675092, "model__n_estimators": 26.280381637004645, "model__reg_lambda": 1.748387766036248}, "datetime": {"datetime": "2021-03-24 04:09:11", "elapsed": 141.622192, "delta": 1.54078}}
{"target": -0.39579876932160307, "params": {"model__colsample_bylevel": 0.3, "model__colsample_bynode": 0.3, "model__colsample_bytree": 0.3, "model__learning_rate": 0.3, "model__max_depth": 8.0, "model__n_estimators": 22.90624808642256, "model__reg_lambda": 0.0}, "datetime": {"datetime": "2021-03-24 04:09:13", "elapsed": 142.952461, "delta": 1.330269}}
{"target": -0.37716731658286373, "params": {"model__colsample_bylevel": 0.3229194402669251, "model__colsample_bynode": 0.9547934217543042, "model__colsample_bytree": 0.9734623722402753, "model__learning_rate": 0.1131845804488735, "model__max_depth": 7.557389436473259, "model__n_estimators": 19.61714670657708, "model__reg_lambda": 0.272079792479587}, "datetime": {"datetime": "2021-03-24 04:09:14", "elapsed": 144.339408, "delta": 1.386947}}
{"target": -0.3890013658792536, "params": {"model__colsample_bylevel": 0.3, "model__colsample_bynode": 0.3, "model__colsample_bytree": 1.0, "model__learning_rate": 0.3, "model__max_depth": 5.397597152736923, "model__n_estimators": 15.0, "model__reg_lambda": 5.960501840049079}, "datetime": {"datetime": "2021-03-24 04:09:15", "elapsed": 145.577663, "delta": 1.238255}}
{"target": -0.3592405280534455, "params": {"model__colsample_bylevel": 0.8642166461557041, "model__colsample_bynode": 0.9423049031351172, "model__colsample_bytree": 0.3570435481889599, "model__learning_rate": 0.29993124423848183, "model__max_depth": 5.052902202546735, "model__n_estimators": 28.13288788306351, "model__reg_lambda": 1.7941558963590898}, "datetime": {"datetime": "2021-03-24 04:09:17", "elapsed": 147.099294, "delta": 1.521631}}
{"target": -0.35581983861992594, "params": {"model__colsample_bylevel": 0.3, "model__colsample_bynode": 0.3, "model__colsample_bytree": 1.0, "model__learning_rate": 0.1, "model__max_depth": 8.0, "model__n_estimators": 30.0, "model__reg_lambda": 0.0}, "datetime": {"datetime": "2021-03-24 04:09:19", "elapsed": 148.954454, "delta": 1.85516}}
{"target": -0.36552344039689916, "params": {"model__colsample_bylevel": 0.3, "model__colsample_bynode": 1.0, "model__colsample_bytree": 1.0, "model__learning_rate": 0.3, "model__max_depth": 8.0, "model__n_estimators": 16.49927480372788, "model__reg_lambda": 8.29588513840802}, "datetime": {"datetime": "2021-03-24 04:09:20", "elapsed": 150.566384, "delta": 1.61193}}
{"target": -0.32904888731646825, "params": {"model__colsample_bylevel": 0.3, "model__colsample_bynode": 1.0, "model__colsample_bytree": 1.0, "model__learning_rate": 0.3, "model__max_depth": 6.789122329936725, "model__n_estimators": 25.53757910304519, "model__reg_lambda": 4.502829257586891}, "datetime": {"datetime": "2021-03-24 04:09:22", "elapsed": 152.221968, "delta": 1.655584}}
{"target": -0.33549694115590417, "params": {"model__colsample_bylevel": 0.3, "model__colsample_bynode": 0.3, "model__colsample_bytree": 1.0, "model__learning_rate": 0.3, "model__max_depth": 6.041921743521622, "model__n_estimators": 29.86488576437617, "model__reg_lambda": 0.0}, "datetime": {"datetime": "2021-03-24 04:09:24", "elapsed": 153.847976, "delta": 1.626008}}
