{"target": -0.3277341394239794, "params": {"model__colsample_bylevel": 0.8598493484482015, "model__colsample_bynode": 0.6132215091574345, "model__colsample_bytree": 0.41608734450929086, "model__learning_rate": 0.28161769996720365, "model__max_depth": 4.0, "model__n_estimators": 29.0, "model__reg_lambda": 5.040994016933976}, "datetime": {"datetime": "2021-03-24 04:06:50", "elapsed": 0.0, "delta": 0.0}}
{"target": -0.34417469914887855, "params": {"model__colsample_bylevel": 0.3, "model__colsample_bynode": 1.0, "model__colsample_bytree": 0.3, "model__learning_rate": 0.3, "model__max_depth": 4.0, "model__n_estimators": 15.0, "model__reg_lambda": 0.0}, "datetime": {"datetime": "2021-03-24 04:06:50", "elapsed": 0.080711, "delta": 0.080711}}
{"target": -0.34810471534863974, "params": {"model__colsample_bylevel": 0.985340210579901, "model__colsample_bynode": 0.38441417700016534, "model__colsample_bytree": 0.9854619264102267, "model__learning_rate": 0.2761061313985922, "model__max_depth": 5.0, "model__n_estimators": 30.0, "model__reg_lambda": 4.810998458551806}, "datetime": {"datetime": "2021-03-24 04:06:50", "elapsed": 0.231012, "delta": 0.150301}}
{"target": -0.32072431797640855, "params": {"model__colsample_bylevel": 0.48340990047238486, "model__colsample_bynode": 0.8928722725803, "model__colsample_bytree": 0.9622662537835329, "model__learning_rate": 0.2668928984734602, "model__max_depth": 3.0, "model__n_estimators": 25.0, "model__reg_lambda": 1.1883932947584452}, "datetime": {"datetime": "2021-03-24 04:06:50", "elapsed": 0.345738, "delta": 0.114726}}
{"target": -0.34046857244034795, "params": {"model__colsample_bylevel": 1.0, "model__colsample_bynode": 0.3000000005053292, "model__colsample_bytree": 1.0, "model__learning_rate": 0.3, "model__max_depth": 8.0, "model__n_estimators": 21.0, "model__reg_lambda": 2.517719347582056}, "datetime": {"datetime": "2021-03-24 04:06:50", "elapsed": 0.465264, "delta": 0.119526}}
{"target": -0.35195501011887403, "params": {"model__colsample_bylevel": 0.30462006869763825, "model__colsample_bynode": 0.45533364241708574, "model__colsample_bytree": 0.9641743153665239, "model__learning_rate": 0.23693981248695023, "model__max_depth": 3.0, "model__n_estimators": 25.0, "model__reg_lambda": 0.04633818640440657}, "datetime": {"datetime": "2021-03-24 04:06:50", "elapsed": 0.562767, "delta": 0.097503}}
{"target": -0.35195501011887403, "params": {"model__colsample_bylevel": 0.30462006869763825, "model__colsample_bynode": 0.45533364241708574, "model__colsample_bytree": 0.9641743153665239, "model__learning_rate": 0.23693981248695023, "model__max_depth": 3.0, "model__n_estimators": 25.0, "model__reg_lambda": 0.04633818640440657}, "datetime": {"datetime": "2021-03-24 04:06:50", "elapsed": 0.563066, "delta": 0.000299}}
{"target": -0.34221526891355014, "params": {"model__colsample_bylevel": 0.3, "model__colsample_bynode": 1.0, "model__colsample_bytree": 1.0, "model__learning_rate": 0.3, "model__max_depth": 2.0, "model__n_estimators": 30.0, "model__reg_lambda": 0.0}, "datetime": {"datetime": "2021-03-24 04:06:50", "elapsed": 0.661581, "delta": 0.098515}}
{"target": -0.34221526891355014, "params": {"model__colsample_bylevel": 0.3, "model__colsample_bynode": 1.0, "model__colsample_bytree": 1.0, "model__learning_rate": 0.3, "model__max_depth": 2.0, "model__n_estimators": 30.0, "model__reg_lambda": 0.0}, "datetime": {"datetime": "2021-03-24 04:06:50", "elapsed": 0.661911, "delta": 0.00033}}
{"target": -0.3295104267711724, "params": {"model__colsample_bylevel": 0.9858848418768023, "model__colsample_bynode": 0.4201902719466195, "model__colsample_bytree": 0.6859789922529281, "model__learning_rate": 0.2944844983841013, "model__max_depth": 4.0, "model__n_estimators": 30.0, "model__reg_lambda": 2.905779908114364}, "datetime": {"datetime": "2021-03-24 04:06:50", "elapsed": 0.779056, "delta": 0.117145}}
{"target": -0.3419657238241137, "params": {"model__colsample_bylevel": 0.875874218410341, "model__colsample_bynode": 0.3476635884432162, "model__colsample_bytree": 0.9646731094677288, "model__learning_rate": 0.27494240824886007, "model__max_depth": 3.0, "model__n_estimators": 18.0, "model__reg_lambda": 0.345457323222067}, "datetime": {"datetime": "2021-03-24 04:06:51", "elapsed": 0.883184, "delta": 0.104128}}
{"target": -0.3204318109491462, "params": {"model__colsample_bylevel": 0.4145201528272396, "model__colsample_bynode": 0.9391046572012895, "model__colsample_bytree": 0.5296394790416012, "model__learning_rate": 0.26355714256507956, "model__max_depth": 8.0, "model__n_estimators": 25.0, "model__reg_lambda": 1.4805356108521806}, "datetime": {"datetime": "2021-03-24 04:06:51", "elapsed": 0.986527, "delta": 0.103343}}
{"target": -0.333339511092408, "params": {"model__colsample_bylevel": 0.30000000042136993, "model__colsample_bynode": 1.0, "model__colsample_bytree": 1.0, "model__learning_rate": 0.3, "model__max_depth": 3.0, "model__n_estimators": 21.0, "model__reg_lambda": 0.0}, "datetime": {"datetime": "2021-03-24 04:06:51", "elapsed": 1.08181, "delta": 0.095283}}
{"target": -0.37521762141647436, "params": {"model__colsample_bylevel": 0.9586162980221284, "model__colsample_bynode": 0.3269135894260423, "model__colsample_bytree": 0.30360734650089816, "model__learning_rate": 0.2920641235136413, "model__max_depth": 6.0, "model__n_estimators": 30.0, "model__reg_lambda": 0.1295340269267753}, "datetime": {"datetime": "2021-03-24 04:06:51", "elapsed": 1.18046, "delta": 0.09865}}
{"target": -0.3176141331043175, "params": {"model__colsample_bylevel": 1.0, "model__colsample_bynode": 0.30000000408756433, "model__colsample_bytree": 0.3, "model__learning_rate": 0.23111808557260663, "model__max_depth": 8.0, "model__n_estimators": 25.0, "model__reg_lambda": 0.3406563547812967}, "datetime": {"datetime": "2021-03-24 04:06:51", "elapsed": 1.275648, "delta": 0.095188}}
{"target": -0.3564974032628411, "params": {"model__colsample_bylevel": 0.32703279873598284, "model__colsample_bynode": 0.7650161415882953, "model__colsample_bytree": 0.9283168181950918, "model__learning_rate": 0.25165491767187675, "model__max_depth": 8.0, "model__n_estimators": 25.0, "model__reg_lambda": 0.01537093939344425}, "datetime": {"datetime": "2021-03-24 04:06:51", "elapsed": 1.382486, "delta": 0.106838}}
{"target": -0.3564974032628411, "params": {"model__colsample_bylevel": 0.32703279873598284, "model__colsample_bynode": 0.7650161415882953, "model__colsample_bytree": 0.9283168181950918, "model__learning_rate": 0.25165491767187675, "model__max_depth": 8.0, "model__n_estimators": 25.0, "model__reg_lambda": 0.01537093939344425}, "datetime": {"datetime": "2021-03-24 04:06:51", "elapsed": 1.382797, "delta": 0.000311}}
{"target": -0.3428616035517062, "params": {"model__colsample_bylevel": 0.9606600259009006, "model__colsample_bynode": 0.40342695468650597, "model__colsample_bytree": 0.9271705955724225, "model__learning_rate": 0.286225941410727, "model__max_depth": 4.0, "model__n_estimators": 27.0, "model__reg_lambda": 3.1766411789295312}, "datetime": {"datetime": "2021-03-24 04:06:51", "elapsed": 1.520357, "delta": 0.13756}}
{"target": -0.3428616035517062, "params": {"model__colsample_bylevel": 0.9606600259009006, "model__colsample_bynode": 0.40342695468650597, "model__colsample_bytree": 0.9271705955724225, "model__learning_rate": 0.286225941410727, "model__max_depth": 4.0, "model__n_estimators": 27.0, "model__reg_lambda": 3.1766411789295312}, "datetime": {"datetime": "2021-03-24 04:06:51", "elapsed": 1.520737, "delta": 0.00038}}
{"target": -0.36649402681151, "params": {"model__colsample_bylevel": 0.5678287253499291, "model__colsample_bynode": 0.4966456469923308, "model__colsample_bytree": 0.4459938429678439, "model__learning_rate": 0.2911044378712101, "model__max_depth": 3.0, "model__n_estimators": 27.0, "model__reg_lambda": 0.01936184458506407}, "datetime": {"datetime": "2021-03-24 04:06:51", "elapsed": 1.60636, "delta": 0.085623}}
{"target": -0.31790725680420756, "params": {"model__colsample_bylevel": 0.5997782571373891, "model__colsample_bynode": 0.334493174563118, "model__colsample_bytree": 0.9188705785118891, "model__learning_rate": 0.24068083865957007, "model__max_depth": 5.0, "model__n_estimators": 30.0, "model__reg_lambda": 0.04198215316259413}, "datetime": {"datetime": "2021-03-24 04:06:51", "elapsed": 1.70923, "delta": 0.10287}}
{"target": -0.31471348321411174, "params": {"model__colsample_bylevel": 0.8042463908051236, "model__colsample_bynode": 0.3482271609762252, "model__colsample_bytree": 0.9227486115579644, "model__learning_rate": 0.29440401322132126, "model__max_depth": 2.0, "model__n_estimators": 27.0, "model__reg_lambda": 0.6282977234671627}, "datetime": {"datetime": "2021-03-24 04:06:51", "elapsed": 1.79718, "delta": 0.08795}}
{"target": -0.31471348321411174, "params": {"model__colsample_bylevel": 0.8042463908051236, "model__colsample_bynode": 0.3482271609762252, "model__colsample_bytree": 0.9227486115579644, "model__learning_rate": 0.29440401322132126, "model__max_depth": 2.0, "model__n_estimators": 27.0, "model__reg_lambda": 0.6282977234671627}, "datetime": {"datetime": "2021-03-24 04:06:51", "elapsed": 1.797498, "delta": 0.000318}}
{"target": -0.31471348321411174, "params": {"model__colsample_bylevel": 0.8042463908051236, "model__colsample_bynode": 0.3482271609762252, "model__colsample_bytree": 0.9227486115579644, "model__learning_rate": 0.29440401322132126, "model__max_depth": 2.0, "model__n_estimators": 27.0, "model__reg_lambda": 0.6282977234671627}, "datetime": {"datetime": "2021-03-24 04:06:51", "elapsed": 1.797696, "delta": 0.000198}}
{"target": -0.35692595364698854, "params": {"model__colsample_bylevel": 0.9714179322561098, "model__colsample_bynode": 0.35830559707667364, "model__colsample_bytree": 0.9612375104161934, "model__learning_rate": 0.2965256808321166, "model__max_depth": 3.0, "model__n_estimators": 27.0, "model__reg_lambda": 0.20450508870581863}, "datetime": {"datetime": "2021-03-24 04:06:52", "elapsed": 1.916627, "delta": 0.118931}}
{"target": -0.3329307184553371, "params": {"model__colsample_bylevel": 0.34986853271330365, "model__colsample_bynode": 0.6535964000576462, "model__colsample_bytree": 0.974791668935183, "model__learning_rate": 0.2828318435124024, "model__max_depth": 5.0, "model__n_estimators": 28.0, "model__reg_lambda": 0.6085542863560367}, "datetime": {"datetime": "2021-03-24 04:06:52", "elapsed": 2.03415, "delta": 0.117523}}
{"target": -0.3270519190219879, "params": {"model__colsample_bylevel": 1.0, "model__colsample_bynode": 0.8396708848425268, "model__colsample_bytree": 0.9607210657008314, "model__learning_rate": 0.3, "model__max_depth": 2.0, "model__n_estimators": 30.0, "model__reg_lambda": 0.9039629268942795}, "datetime": {"datetime": "2021-03-24 04:06:52", "elapsed": 2.186137, "delta": 0.151987}}
{"target": -0.3370275056480592, "params": {"model__colsample_bylevel": 0.31605955123801327, "model__colsample_bynode": 0.6657876925360169, "model__colsample_bytree": 0.34412212999747605, "model__learning_rate": 0.29258356851134515, "model__max_depth": 4.0, "model__n_estimators": 29.0, "model__reg_lambda": 0.40770144613460735}, "datetime": {"datetime": "2021-03-24 04:06:52", "elapsed": 2.267902, "delta": 0.081765}}
{"target": -0.3304456603941103, "params": {"model__colsample_bylevel": 0.30133478766162886, "model__colsample_bynode": 0.4063449260744055, "model__colsample_bytree": 0.9189235712942687, "model__learning_rate": 0.28820284761962106, "model__max_depth": 8.0, "model__n_estimators": 29.0, "model__reg_lambda": 1.9096394305561648}, "datetime": {"datetime": "2021-03-24 04:06:52", "elapsed": 2.361149, "delta": 0.093247}}
{"target": -0.3304456603941103, "params": {"model__colsample_bylevel": 0.30133478766162886, "model__colsample_bynode": 0.4063449260744055, "model__colsample_bytree": 0.9189235712942687, "model__learning_rate": 0.28820284761962106, "model__max_depth": 8.0, "model__n_estimators": 29.0, "model__reg_lambda": 1.9096394305561648}, "datetime": {"datetime": "2021-03-24 04:06:52", "elapsed": 2.361469, "delta": 0.00032}}
{"target": -0.3304456603941103, "params": {"model__colsample_bylevel": 0.30133478766162886, "model__colsample_bynode": 0.4063449260744055, "model__colsample_bytree": 0.9189235712942687, "model__learning_rate": 0.28820284761962106, "model__max_depth": 8.0, "model__n_estimators": 29.0, "model__reg_lambda": 1.9096394305561648}, "datetime": {"datetime": "2021-03-24 04:06:52", "elapsed": 2.361703, "delta": 0.000234}}
{"target": -0.3304456603941103, "params": {"model__colsample_bylevel": 0.30133478766162886, "model__colsample_bynode": 0.4063449260744055, "model__colsample_bytree": 0.9189235712942687, "model__learning_rate": 0.28820284761962106, "model__max_depth": 8.0, "model__n_estimators": 29.0, "model__reg_lambda": 1.9096394305561648}, "datetime": {"datetime": "2021-03-24 04:06:52", "elapsed": 2.361914, "delta": 0.000211}}
{"target": -0.32147249493788443, "params": {"model__colsample_bylevel": 0.8282478678731651, "model__colsample_bynode": 0.3356214543082744, "model__colsample_bytree": 0.8223246075864992, "model__learning_rate": 0.2960634172598706, "model__max_depth": 3.0, "model__n_estimators": 30.0, "model__reg_lambda": 4.689257759612926}, "datetime": {"datetime": "2021-03-24 04:06:52", "elapsed": 2.477896, "delta": 0.115982}}
{"target": -0.3369610587588808, "params": {"model__colsample_bylevel": 1.0, "model__colsample_bynode": 0.45987587653477113, "model__colsample_bytree": 0.9999999999994132, "model__learning_rate": 0.2999999999999649, "model__max_depth": 8.0, "model__n_estimators": 25.0, "model__reg_lambda": 4.8058592621997285}, "datetime": {"datetime": "2021-03-24 04:06:52", "elapsed": 2.626905, "delta": 0.149009}}
{"target": -0.3369610587588808, "params": {"model__colsample_bylevel": 1.0, "model__colsample_bynode": 0.45987587653477113, "model__colsample_bytree": 0.9999999999994132, "model__learning_rate": 0.2999999999999649, "model__max_depth": 8.0, "model__n_estimators": 25.0, "model__reg_lambda": 4.8058592621997285}, "datetime": {"datetime": "2021-03-24 04:06:52", "elapsed": 2.627245, "delta": 0.00034}}
{"target": -0.3369610587588808, "params": {"model__colsample_bylevel": 1.0, "model__colsample_bynode": 0.45987587653477113, "model__colsample_bytree": 0.9999999999994132, "model__learning_rate": 0.2999999999999649, "model__max_depth": 8.0, "model__n_estimators": 25.0, "model__reg_lambda": 4.8058592621997285}, "datetime": {"datetime": "2021-03-24 04:06:52", "elapsed": 2.627455, "delta": 0.00021}}
{"target": -0.3369610587588808, "params": {"model__colsample_bylevel": 1.0, "model__colsample_bynode": 0.45987587653477113, "model__colsample_bytree": 0.9999999999994132, "model__learning_rate": 0.2999999999999649, "model__max_depth": 8.0, "model__n_estimators": 25.0, "model__reg_lambda": 4.8058592621997285}, "datetime": {"datetime": "2021-03-24 04:06:52", "elapsed": 2.627645, "delta": 0.00019}}
{"target": -0.3728576213777727, "params": {"model__colsample_bylevel": 0.31548590622000583, "model__colsample_bynode": 0.9547007549892765, "model__colsample_bytree": 0.9610682915488082, "model__learning_rate": 0.29024606360028127, "model__max_depth": 8.0, "model__n_estimators": 30.0, "model__reg_lambda": 1.870063812444096}, "datetime": {"datetime": "2021-03-24 04:06:52", "elapsed": 2.769781, "delta": 0.142136}}
{"target": -0.35037663994598256, "params": {"model__colsample_bylevel": 0.3408500869148628, "model__colsample_bynode": 0.9599509033943245, "model__colsample_bytree": 0.9983213814014924, "model__learning_rate": 0.23351771762386672, "model__max_depth": 5.0, "model__n_estimators": 30.0, "model__reg_lambda": 1.2416722419324555}, "datetime": {"datetime": "2021-03-24 04:06:53", "elapsed": 2.903073, "delta": 0.133292}}
{"target": -0.35037663994598256, "params": {"model__colsample_bylevel": 0.3408500869148628, "model__colsample_bynode": 0.9599509033943245, "model__colsample_bytree": 0.9983213814014924, "model__learning_rate": 0.23351771762386672, "model__max_depth": 5.0, "model__n_estimators": 30.0, "model__reg_lambda": 1.2416722419324555}, "datetime": {"datetime": "2021-03-24 04:06:53", "elapsed": 2.903435, "delta": 0.000362}}
{"target": -0.3348041140325907, "params": {"model__colsample_bylevel": 0.744154481084352, "model__colsample_bynode": 0.3501376978524085, "model__colsample_bytree": 0.8988278974433255, "model__learning_rate": 0.29859597929000764, "model__max_depth": 7.0, "model__n_estimators": 15.0, "model__reg_lambda": 0.7902387818513013}, "datetime": {"datetime": "2021-03-24 04:06:53", "elapsed": 3.009626, "delta": 0.106191}}
{"target": -0.3348041140325907, "params": {"model__colsample_bylevel": 0.744154481084352, "model__colsample_bynode": 0.3501376978524085, "model__colsample_bytree": 0.8988278974433255, "model__learning_rate": 0.29859597929000764, "model__max_depth": 7.0, "model__n_estimators": 15.0, "model__reg_lambda": 0.7902387818513013}, "datetime": {"datetime": "2021-03-24 04:06:53", "elapsed": 3.010032, "delta": 0.000406}}
{"target": -0.3348041140325907, "params": {"model__colsample_bylevel": 0.744154481084352, "model__colsample_bynode": 0.3501376978524085, "model__colsample_bytree": 0.8988278974433255, "model__learning_rate": 0.29859597929000764, "model__max_depth": 7.0, "model__n_estimators": 15.0, "model__reg_lambda": 0.7902387818513013}, "datetime": {"datetime": "2021-03-24 04:06:53", "elapsed": 3.010314, "delta": 0.000282}}
{"target": -0.32826260952397074, "params": {"model__colsample_bylevel": 0.4948431142868819, "model__colsample_bynode": 0.99207562690352, "model__colsample_bytree": 0.48011083592144776, "model__learning_rate": 0.23083578816454672, "model__max_depth": 4.0, "model__n_estimators": 23.0, "model__reg_lambda": 0.12797560327084234}, "datetime": {"datetime": "2021-03-24 04:06:53", "elapsed": 3.10862, "delta": 0.098306}}
{"target": -0.35100658802164586, "params": {"model__colsample_bylevel": 0.36946444889060526, "model__colsample_bynode": 0.9582718992793242, "model__colsample_bytree": 0.8682911265076569, "model__learning_rate": 0.27237440514528977, "model__max_depth": 8.0, "model__n_estimators": 23.0, "model__reg_lambda": 0.0013215828799628682}, "datetime": {"datetime": "2021-03-24 04:06:53", "elapsed": 3.22681, "delta": 0.11819}}
{"target": -0.3555877304668842, "params": {"model__colsample_bylevel": 0.843242372312118, "model__colsample_bynode": 0.9999999991326228, "model__colsample_bytree": 0.4529809870920354, "model__learning_rate": 0.3, "model__max_depth": 3.0, "model__n_estimators": 23.0, "model__reg_lambda": 0.6701071093600021}, "datetime": {"datetime": "2021-03-24 04:06:53", "elapsed": 3.333591, "delta": 0.106781}}
{"target": -0.3015990902101149, "params": {"model__colsample_bylevel": 0.4124644192395269, "model__colsample_bynode": 0.9811486114790016, "model__colsample_bytree": 0.3159486513861515, "model__learning_rate": 0.2871120191762554, "model__max_depth": 2.0, "model__n_estimators": 30.0, "model__reg_lambda": 0.5431474545515302}, "datetime": {"datetime": "2021-03-24 04:06:53", "elapsed": 3.415432, "delta": 0.081841}}
{"target": -0.3015990902101149, "params": {"model__colsample_bylevel": 0.4124644192395269, "model__colsample_bynode": 0.9811486114790016, "model__colsample_bytree": 0.3159486513861515, "model__learning_rate": 0.2871120191762554, "model__max_depth": 2.0, "model__n_estimators": 30.0, "model__reg_lambda": 0.5431474545515302}, "datetime": {"datetime": "2021-03-24 04:06:53", "elapsed": 3.415797, "delta": 0.000365}}
{"target": -0.3015990902101149, "params": {"model__colsample_bylevel": 0.4124644192395269, "model__colsample_bynode": 0.9811486114790016, "model__colsample_bytree": 0.3159486513861515, "model__learning_rate": 0.2871120191762554, "model__max_depth": 2.0, "model__n_estimators": 30.0, "model__reg_lambda": 0.5431474545515302}, "datetime": {"datetime": "2021-03-24 04:06:53", "elapsed": 3.416036, "delta": 0.000239}}
{"target": -0.3015990902101149, "params": {"model__colsample_bylevel": 0.4124644192395269, "model__colsample_bynode": 0.9811486114790016, "model__colsample_bytree": 0.3159486513861515, "model__learning_rate": 0.2871120191762554, "model__max_depth": 2.0, "model__n_estimators": 30.0, "model__reg_lambda": 0.5431474545515302}, "datetime": {"datetime": "2021-03-24 04:06:53", "elapsed": 3.41624, "delta": 0.000204}}
{"target": -0.3572564899459974, "params": {"model__colsample_bylevel": 1.0, "model__colsample_bynode": 0.3, "model__colsample_bytree": 1.0, "model__learning_rate": 0.3, "model__max_depth": 5.0, "model__n_estimators": 21.0, "model__reg_lambda": 0.0}, "datetime": {"datetime": "2021-03-24 04:06:53", "elapsed": 3.516695, "delta": 0.100455}}
{"target": -0.3572564899459974, "params": {"model__colsample_bylevel": 1.0, "model__colsample_bynode": 0.3, "model__colsample_bytree": 1.0, "model__learning_rate": 0.3, "model__max_depth": 5.0, "model__n_estimators": 21.0, "model__reg_lambda": 0.0}, "datetime": {"datetime": "2021-03-24 04:06:53", "elapsed": 3.517054, "delta": 0.000359}}
{"target": -0.38273932499088936, "params": {"model__colsample_bylevel": 0.511889221690131, "model__colsample_bynode": 0.880146841574702, "model__colsample_bytree": 0.4713036833734444, "model__learning_rate": 0.24075613859849618, "model__max_depth": 5.0, "model__n_estimators": 21.0, "model__reg_lambda": 1.7861793515885238}, "datetime": {"datetime": "2021-03-24 04:06:53", "elapsed": 3.613972, "delta": 0.096918}}
{"target": -0.4525103602207442, "params": {"model__colsample_bylevel": 0.30726190771998996, "model__colsample_bynode": 0.651312214504117, "model__colsample_bytree": 0.6470413051939022, "model__learning_rate": 0.12676590579185532, "model__max_depth": 2.8526665127272315, "model__n_estimators": 18.278380134391174, "model__reg_lambda": 4.185081805104525}, "datetime": {"datetime": "2021-03-24 04:06:53", "elapsed": 3.698325, "delta": 0.084353}}
