{"target": -0.3277805166285269, "params": {"model__colsample_bylevel": 0.9947395715731819, "model__colsample_bynode": 0.8421080185071097, "model__colsample_bytree": 0.3003680729399464, "model__learning_rate": 0.2993699100834833, "model__max_depth": 7.944633950341892, "model__n_estimators": 26.347657930888403, "model__reg_lambda": 6.996589975934072}, "datetime": {"datetime": "2021-03-24 03:26:23", "elapsed": 149.059842, "delta": 1.08923}}
{"target": -0.31923984977495995, "params": {"model__colsample_bylevel": 0.9359242242570052, "model__colsample_bynode": 0.4059678947349553, "model__colsample_bytree": 0.3382180418213465, "model__learning_rate": 0.29632181517797485, "model__max_depth": 2.8899555271824102, "model__n_estimators": 23.694962931939266, "model__reg_lambda": 0.03497122209593306}, "datetime": {"datetime": "2021-03-24 03:26:24", "elapsed": 150.194621, "delta": 1.134779}}
{"target": -0.3398571471579076, "params": {"model__colsample_bylevel": 0.9624725111601706, "model__colsample_bynode": 0.8485182666397462, "model__colsample_bytree": 0.33251450434752994, "model__learning_rate": 0.29445623776565066, "model__max_depth": 2.0904846028662583, "model__n_estimators": 28.1208018523921, "model__reg_lambda": 5.74749766646634}, "datetime": {"datetime": "2021-03-24 03:26:25", "elapsed": 151.429903, "delta": 1.235282}}
{"target": -0.33287287735535454, "params": {"model__colsample_bylevel": 0.3, "model__colsample_bynode": 1.0, "model__colsample_bytree": 1.0, "model__learning_rate": 0.3, "model__max_depth": 5.0055212713084805, "model__n_estimators": 29.927559539069087, "model__reg_lambda": 9.999742614225111}, "datetime": {"datetime": "2021-03-24 03:26:27", "elapsed": 153.002119, "delta": 1.572216}}
{"target": -0.4260814995288957, "params": {"model__colsample_bylevel": 0.4885360076125344, "model__colsample_bynode": 0.8787576948316984, "model__colsample_bytree": 0.30059051954695226, "model__learning_rate": 0.298434585057222, "model__max_depth": 2.119921177061844, "model__n_estimators": 15.112073724047574, "model__reg_lambda": 7.424729237205097}, "datetime": {"datetime": "2021-03-24 03:26:28", "elapsed": 154.399278, "delta": 1.397159}}
{"target": -0.348236479881503, "params": {"model__colsample_bylevel": 0.8699363854659092, "model__colsample_bynode": 0.6842413071336906, "model__colsample_bytree": 0.947607253327583, "model__learning_rate": 0.1271595971004156, "model__max_depth": 7.839652412295065, "model__n_estimators": 23.741441480720823, "model__reg_lambda": 0.047346564089388865}, "datetime": {"datetime": "2021-03-24 03:26:30", "elapsed": 156.325407, "delta": 1.926129}}
{"target": -0.3139234847269372, "params": {"model__colsample_bylevel": 0.9535968501970644, "model__colsample_bynode": 0.8307464464872099, "model__colsample_bytree": 0.3821116089260403, "model__learning_rate": 0.2889023719261782, "model__max_depth": 7.885653600599155, "model__n_estimators": 26.226900052757227, "model__reg_lambda": 3.7760654953456143}, "datetime": {"datetime": "2021-03-24 03:26:32", "elapsed": 157.445519, "delta": 1.120112}}
{"target": -0.33671727045607897, "params": {"model__colsample_bylevel": 0.30920675084812765, "model__colsample_bynode": 0.4150321804682493, "model__colsample_bytree": 0.3184705802475331, "model__learning_rate": 0.2816854978810428, "model__max_depth": 7.186386762845578, "model__n_estimators": 28.785409137597178, "model__reg_lambda": 1.0222441905012147}, "datetime": {"datetime": "2021-03-24 03:26:33", "elapsed": 158.95707, "delta": 1.511551}}
{"target": -0.345382062695411, "params": {"model__colsample_bylevel": 1.0, "model__colsample_bynode": 0.3, "model__colsample_bytree": 0.3, "model__learning_rate": 0.3, "model__max_depth": 8.0, "model__n_estimators": 15.0, "model__reg_lambda": 0.0}, "datetime": {"datetime": "2021-03-24 03:26:34", "elapsed": 160.438857, "delta": 1.481787}}
{"target": -0.3342209562740248, "params": {"model__colsample_bylevel": 1.0, "model__colsample_bynode": 0.9999999824747706, "model__colsample_bytree": 0.3, "model__learning_rate": 0.3, "model__max_depth": 6.620045423546343, "model__n_estimators": 29.999999998267494, "model__reg_lambda": 8.914236077858728}, "datetime": {"datetime": "2021-03-24 03:26:36", "elapsed": 161.860981, "delta": 1.422124}}
{"target": -0.31691052614765214, "params": {"model__colsample_bylevel": 0.9430808917024878, "model__colsample_bynode": 0.6352962574843747, "model__colsample_bytree": 0.7478762635844909, "model__learning_rate": 0.2854865853347647, "model__max_depth": 7.039804299842435, "model__n_estimators": 24.60571043825357, "model__reg_lambda": 2.3107081746923286}, "datetime": {"datetime": "2021-03-24 03:26:37", "elapsed": 163.138585, "delta": 1.277604}}
{"target": -0.33640785191640044, "params": {"model__colsample_bylevel": 0.8508809400674493, "model__colsample_bynode": 0.34005208308744217, "model__colsample_bytree": 0.8973871143287593, "model__learning_rate": 0.1532567488907653, "model__max_depth": 6.4740526989623834, "model__n_estimators": 29.936631522215322, "model__reg_lambda": 2.4630046136483}, "datetime": {"datetime": "2021-03-24 03:26:38", "elapsed": 164.434234, "delta": 1.295649}}
{"target": -0.32322952770729263, "params": {"model__colsample_bylevel": 0.9879877503988737, "model__colsample_bynode": 0.6411821892309941, "model__colsample_bytree": 0.37955822637677344, "model__learning_rate": 0.2955909578629278, "model__max_depth": 6.917883811632699, "model__n_estimators": 24.361458626249476, "model__reg_lambda": 4.733753801636177}, "datetime": {"datetime": "2021-03-24 03:26:40", "elapsed": 165.846623, "delta": 1.412389}}
{"target": -0.3151144809487775, "params": {"model__colsample_bylevel": 0.9129754638527086, "model__colsample_bynode": 0.7867245643513906, "model__colsample_bytree": 0.48132924160476653, "model__learning_rate": 0.29757950291381163, "model__max_depth": 4.446079925189909, "model__n_estimators": 29.948562723911408, "model__reg_lambda": 1.638618683512918}, "datetime": {"datetime": "2021-03-24 03:26:41", "elapsed": 167.151794, "delta": 1.305171}}
{"target": -0.34934182126560936, "params": {"model__colsample_bylevel": 0.9791181262440831, "model__colsample_bynode": 0.98894347903028, "model__colsample_bytree": 0.38125040520255415, "model__learning_rate": 0.2965137176210218, "model__max_depth": 6.092884675076766, "model__n_estimators": 26.35781786523189, "model__reg_lambda": 5.237846599393574}, "datetime": {"datetime": "2021-03-24 03:26:42", "elapsed": 168.416836, "delta": 1.265042}}
{"target": -0.3294859340932369, "params": {"model__colsample_bylevel": 0.9910453310023677, "model__colsample_bynode": 0.6668049022556777, "model__colsample_bytree": 0.3104730365235684, "model__learning_rate": 0.16926308920302557, "model__max_depth": 2.0158819307019327, "model__n_estimators": 29.707997054122195, "model__reg_lambda": 0.3687234764942571}, "datetime": {"datetime": "2021-03-24 03:26:44", "elapsed": 169.840351, "delta": 1.423515}}
{"target": -0.3331674351542513, "params": {"model__colsample_bylevel": 0.3041616166469818, "model__colsample_bynode": 0.9116488033879677, "model__colsample_bytree": 0.8268249168935686, "model__learning_rate": 0.2922504065306658, "model__max_depth": 5.979787328664143, "model__n_estimators": 27.939390465994705, "model__reg_lambda": 8.201201771455779}, "datetime": {"datetime": "2021-03-24 03:26:45", "elapsed": 171.330203, "delta": 1.489852}}
{"target": -0.36911468551953097, "params": {"model__colsample_bylevel": 1.0, "model__colsample_bynode": 1.0, "model__colsample_bytree": 1.0, "model__learning_rate": 0.3, "model__max_depth": 6.577115938031499, "model__n_estimators": 15.37772559620714, "model__reg_lambda": 7.660534862145032}, "datetime": {"datetime": "2021-03-24 03:26:47", "elapsed": 172.7572, "delta": 1.426997}}
{"target": -0.3375268811316135, "params": {"model__colsample_bylevel": 0.3, "model__colsample_bynode": 1.0, "model__colsample_bytree": 1.0, "model__learning_rate": 0.3, "model__max_depth": 5.328544139524925, "model__n_estimators": 17.710477515932045, "model__reg_lambda": 3.476702575299886}, "datetime": {"datetime": "2021-03-24 03:26:48", "elapsed": 174.087617, "delta": 1.330417}}
{"target": -0.3557309029090718, "params": {"model__colsample_bylevel": 0.9381983155283513, "model__colsample_bynode": 0.3976189020396274, "model__colsample_bytree": 0.7333536204727953, "model__learning_rate": 0.2992351752571223, "model__max_depth": 7.85789985449141, "model__n_estimators": 18.64095350739784, "model__reg_lambda": 4.385620262913656}, "datetime": {"datetime": "2021-03-24 03:26:49", "elapsed": 175.235743, "delta": 1.148126}}
{"target": -0.329976632177958, "params": {"model__colsample_bylevel": 0.314077725960032, "model__colsample_bynode": 0.9767199323820919, "model__colsample_bytree": 0.9325679962954572, "model__learning_rate": 0.28982910500089726, "model__max_depth": 5.441161163493041, "model__n_estimators": 27.8504006752085, "model__reg_lambda": 5.835776163905907}, "datetime": {"datetime": "2021-03-24 03:26:50", "elapsed": 176.427951, "delta": 1.192208}}
{"target": -0.32847678083133464, "params": {"model__colsample_bylevel": 0.9479401640346503, "model__colsample_bynode": 0.9673206926205273, "model__colsample_bytree": 0.41629417471770286, "model__learning_rate": 0.2955959129714294, "model__max_depth": 2.0641919703545257, "model__n_estimators": 29.86357726561485, "model__reg_lambda": 5.478372264656884}, "datetime": {"datetime": "2021-03-24 03:26:52", "elapsed": 177.911947, "delta": 1.483996}}
{"target": -0.3209569994434444, "params": {"model__colsample_bylevel": 0.9463250947900734, "model__colsample_bynode": 0.5106789925029257, "model__colsample_bytree": 0.43026318343542935, "model__learning_rate": 0.2384849426828179, "model__max_depth": 7.995302730083992, "model__n_estimators": 27.119626844058967, "model__reg_lambda": 2.0053930862383407}, "datetime": {"datetime": "2021-03-24 03:26:53", "elapsed": 179.139693, "delta": 1.227746}}
{"target": -0.319343173464227, "params": {"model__colsample_bylevel": 0.9582671126559448, "model__colsample_bynode": 0.7840204285014276, "model__colsample_bytree": 0.9228841229310916, "model__learning_rate": 0.2944967209523116, "model__max_depth": 3.968412658809023, "model__n_estimators": 29.82934445173933, "model__reg_lambda": 8.291433171496319}, "datetime": {"datetime": "2021-03-24 03:26:55", "elapsed": 180.59849, "delta": 1.458797}}
{"target": -0.32052746117064407, "params": {"model__colsample_bylevel": 0.31647622726052693, "model__colsample_bynode": 0.6959067741600755, "model__colsample_bytree": 0.9347621898052507, "model__learning_rate": 0.2767482265034702, "model__max_depth": 4.40065043425947, "model__n_estimators": 26.82382493366479, "model__reg_lambda": 1.8766885287155377}, "datetime": {"datetime": "2021-03-24 03:26:56", "elapsed": 181.847994, "delta": 1.249504}}
{"target": -0.30158028620935506, "params": {"model__colsample_bylevel": 0.47298686894725017, "model__colsample_bynode": 0.3179620375574334, "model__colsample_bytree": 0.8807400049076692, "model__learning_rate": 0.2982068610880638, "model__max_depth": 3.2331504210985638, "model__n_estimators": 23.80568180947149, "model__reg_lambda": 0.33655497445124194}, "datetime": {"datetime": "2021-03-24 03:26:57", "elapsed": 183.275746, "delta": 1.427752}}
{"target": -0.35811276970552686, "params": {"model__colsample_bylevel": 1.0, "model__colsample_bynode": 0.9999999981523355, "model__colsample_bytree": 0.3, "model__learning_rate": 0.3, "model__max_depth": 2.040349224419233, "model__n_estimators": 19.551183285495586, "model__reg_lambda": 5.4599647244281755}, "datetime": {"datetime": "2021-03-24 03:26:59", "elapsed": 184.579668, "delta": 1.303922}}
{"target": -0.36120887520061673, "params": {"model__colsample_bylevel": 0.9381482802110814, "model__colsample_bynode": 0.9757323679367758, "model__colsample_bytree": 0.784181594233686, "model__learning_rate": 0.2977704913934983, "model__max_depth": 7.983925184865907, "model__n_estimators": 18.289148190960596, "model__reg_lambda": 7.014130744626001}, "datetime": {"datetime": "2021-03-24 03:27:00", "elapsed": 186.34778, "delta": 1.768112}}
{"target": -0.39498766463560364, "params": {"model__colsample_bylevel": 0.41706509599229075, "model__colsample_bynode": 0.30310306138956894, "model__colsample_bytree": 0.3205891637228145, "model__learning_rate": 0.2997944854986459, "model__max_depth": 7.8006397820702364, "model__n_estimators": 27.0814655027365, "model__reg_lambda": 7.897778992193283}, "datetime": {"datetime": "2021-03-24 03:27:02", "elapsed": 187.588159, "delta": 1.240379}}
{"target": -0.34692263055231726, "params": {"model__colsample_bylevel": 0.890573613056336, "model__colsample_bynode": 0.9578914243594041, "model__colsample_bytree": 0.47836773648440334, "model__learning_rate": 0.2993704942660189, "model__max_depth": 4.226668255842504, "model__n_estimators": 28.00701605721003, "model__reg_lambda": 8.051664043806912}, "datetime": {"datetime": "2021-03-24 03:27:03", "elapsed": 189.409075, "delta": 1.820916}}
{"target": -0.37550217289734034, "params": {"model__colsample_bylevel": 0.9610577472567094, "model__colsample_bynode": 0.3179034629962627, "model__colsample_bytree": 0.9525142464817493, "model__learning_rate": 0.11127876318462998, "model__max_depth": 2.087625338679646, "model__n_estimators": 28.704693383344292, "model__reg_lambda": 0.08922010424004645}, "datetime": {"datetime": "2021-03-24 03:27:05", "elapsed": 190.65246, "delta": 1.243385}}
{"target": -0.3400174395235228, "params": {"model__colsample_bylevel": 0.3474633137040341, "model__colsample_bynode": 0.9758389031100281, "model__colsample_bytree": 0.8899631821717597, "model__learning_rate": 0.2740276145749557, "model__max_depth": 5.704555393212197, "model__n_estimators": 24.454941233044472, "model__reg_lambda": 7.163608492043344}, "datetime": {"datetime": "2021-03-24 03:27:06", "elapsed": 192.35655, "delta": 1.70409}}
{"target": -0.3484803194558902, "params": {"model__colsample_bylevel": 0.3278103678768598, "model__colsample_bynode": 0.8865180742773446, "model__colsample_bytree": 0.9574052834722748, "model__learning_rate": 0.277181969645511, "model__max_depth": 7.954175171232999, "model__n_estimators": 21.240160373944885, "model__reg_lambda": 0.03336694330595469}, "datetime": {"datetime": "2021-03-24 03:27:08", "elapsed": 193.530184, "delta": 1.173634}}
{"target": -0.322252255456819, "params": {"model__colsample_bylevel": 0.3823054734397471, "model__colsample_bynode": 0.7256461410880501, "model__colsample_bytree": 0.8871461447811784, "model__learning_rate": 0.27567289102509374, "model__max_depth": 6.02877366882569, "model__n_estimators": 19.839388405284655, "model__reg_lambda": 1.348859400823621}, "datetime": {"datetime": "2021-03-24 03:27:09", "elapsed": 194.922774, "delta": 1.39259}}
{"target": -0.343937605636471, "params": {"model__colsample_bylevel": 0.956325978030522, "model__colsample_bynode": 0.32273928083272896, "model__colsample_bytree": 0.6447635298983512, "model__learning_rate": 0.2985142933676524, "model__max_depth": 3.5201763052727673, "model__n_estimators": 27.165297659622386, "model__reg_lambda": 1.1642769558823118}, "datetime": {"datetime": "2021-03-24 03:27:10", "elapsed": 196.315673, "delta": 1.392899}}
{"target": -0.33211568688393395, "params": {"model__colsample_bylevel": 0.9517504470600328, "model__colsample_bynode": 0.504173991381676, "model__colsample_bytree": 0.3, "model__learning_rate": 0.3, "model__max_depth": 2.5136265733030667, "model__n_estimators": 30.0, "model__reg_lambda": 8.075949268925259}, "datetime": {"datetime": "2021-03-24 03:27:12", "elapsed": 197.553499, "delta": 1.237826}}
{"target": -0.34290842806609967, "params": {"model__colsample_bylevel": 0.7873695962588312, "model__colsample_bynode": 0.970357198064433, "model__colsample_bytree": 0.372721825819531, "model__learning_rate": 0.2969976791885187, "model__max_depth": 4.035573308399933, "model__n_estimators": 21.350630822107604, "model__reg_lambda": 7.460912298658691}, "datetime": {"datetime": "2021-03-24 03:27:13", "elapsed": 198.833716, "delta": 1.280217}}
{"target": -0.3346102088758978, "params": {"model__colsample_bylevel": 0.8188537943320289, "model__colsample_bynode": 0.9361888732931727, "model__colsample_bytree": 0.31818823264975404, "model__learning_rate": 0.2859994791239844, "model__max_depth": 6.93257354769144, "model__n_estimators": 26.082908799289864, "model__reg_lambda": 2.6491467347014632}, "datetime": {"datetime": "2021-03-24 03:27:14", "elapsed": 200.174102, "delta": 1.340386}}
{"target": -0.3573655364303546, "params": {"model__colsample_bylevel": 0.3193559495733525, "model__colsample_bynode": 0.9407964367280615, "model__colsample_bytree": 0.8650889651883416, "model__learning_rate": 0.28492068137673576, "model__max_depth": 7.1070039630920165, "model__n_estimators": 23.55893624116954, "model__reg_lambda": 0.30900070144788905}, "datetime": {"datetime": "2021-03-24 03:27:16", "elapsed": 201.524777, "delta": 1.350675}}
{"target": -0.38634894553747406, "params": {"model__colsample_bylevel": 0.32670596809637237, "model__colsample_bynode": 0.5087394156236891, "model__colsample_bytree": 0.3231680400360132, "model__learning_rate": 0.29348172675784034, "model__max_depth": 7.938811566087764, "model__n_estimators": 16.537884962748716, "model__reg_lambda": 0.7158139573440159}, "datetime": {"datetime": "2021-03-24 03:27:17", "elapsed": 203.088504, "delta": 1.563727}}
{"target": -0.3233295767088893, "params": {"model__colsample_bylevel": 0.9667416462380347, "model__colsample_bynode": 0.30812558744395496, "model__colsample_bytree": 0.8612834776333416, "model__learning_rate": 0.29150006743789847, "model__max_depth": 5.957709159423487, "model__n_estimators": 21.308813343773792, "model__reg_lambda": 2.5207736919274937}, "datetime": {"datetime": "2021-03-24 03:27:18", "elapsed": 204.368383, "delta": 1.279879}}
{"target": -0.33854309647036984, "params": {"model__colsample_bylevel": 0.34995940181921953, "model__colsample_bynode": 0.47604729042548366, "model__colsample_bytree": 0.713593111284363, "model__learning_rate": 0.2922148603075808, "model__max_depth": 3.812314709234053, "model__n_estimators": 21.767889308222465, "model__reg_lambda": 0.10612910346590843}, "datetime": {"datetime": "2021-03-24 03:27:20", "elapsed": 205.702245, "delta": 1.333862}}
{"target": -0.32615278222415917, "params": {"model__colsample_bylevel": 0.9396092022078255, "model__colsample_bynode": 0.5546474948721662, "model__colsample_bytree": 0.3921525719107687, "model__learning_rate": 0.25099879029171707, "model__max_depth": 7.9974944231253895, "model__n_estimators": 24.889455861790314, "model__reg_lambda": 3.6032722710800345}, "datetime": {"datetime": "2021-03-24 03:27:21", "elapsed": 206.971851, "delta": 1.269606}}
{"target": -0.33395874405792664, "params": {"model__colsample_bylevel": 0.9690160251428612, "model__colsample_bynode": 1.0, "model__colsample_bytree": 0.3, "model__learning_rate": 0.3, "model__max_depth": 7.980380728174537, "model__n_estimators": 22.105826722593324, "model__reg_lambda": 5.591521693862524}, "datetime": {"datetime": "2021-03-24 03:27:23", "elapsed": 208.617327, "delta": 1.645476}}
{"target": -0.327247243424864, "params": {"model__colsample_bylevel": 0.8395067051412981, "model__colsample_bynode": 0.6329224952212049, "model__colsample_bytree": 0.7778969763936219, "model__learning_rate": 0.12149340683559001, "model__max_depth": 7.936914925787713, "model__n_estimators": 26.73045653376321, "model__reg_lambda": 0.722273016751459}, "datetime": {"datetime": "2021-03-24 03:27:24", "elapsed": 210.100921, "delta": 1.483594}}
{"target": -0.35465129260378686, "params": {"model__colsample_bylevel": 1.0, "model__colsample_bynode": 0.3, "model__colsample_bytree": 0.3, "model__learning_rate": 0.3, "model__max_depth": 2.0, "model__n_estimators": 17.22410910466491, "model__reg_lambda": 0.0}, "datetime": {"datetime": "2021-03-24 03:27:26", "elapsed": 211.691803, "delta": 1.590882}}
{"target": -0.3235250009005329, "params": {"model__colsample_bylevel": 0.4800693845916119, "model__colsample_bynode": 0.30272612650191333, "model__colsample_bytree": 0.9258322965804191, "model__learning_rate": 0.2902601343710586, "model__max_depth": 5.228553552559371, "model__n_estimators": 26.409020056592976, "model__reg_lambda": 0.08475023261352854}, "datetime": {"datetime": "2021-03-24 03:27:27", "elapsed": 212.986005, "delta": 1.294202}}
{"target": -0.355795892913981, "params": {"model__colsample_bylevel": 0.4197422233077351, "model__colsample_bynode": 0.9600700615993496, "model__colsample_bytree": 0.9879162996795128, "model__learning_rate": 0.28243231179263717, "model__max_depth": 3.0757838230701218, "model__n_estimators": 26.91366118231712, "model__reg_lambda": 2.9922893017910823}, "datetime": {"datetime": "2021-03-24 03:27:29", "elapsed": 214.641214, "delta": 1.655209}}
{"target": -0.3800030254407961, "params": {"model__colsample_bylevel": 1.0, "model__colsample_bynode": 0.3, "model__colsample_bytree": 1.0, "model__learning_rate": 0.3, "model__max_depth": 5.4559403707734235, "model__n_estimators": 15.0, "model__reg_lambda": 10.0}, "datetime": {"datetime": "2021-03-24 03:27:30", "elapsed": 216.198201, "delta": 1.556987}}
{"target": -0.3467208738116534, "params": {"model__colsample_bylevel": 0.8336570378474781, "model__colsample_bynode": 0.9250375009577465, "model__colsample_bytree": 0.30666253040980324, "model__learning_rate": 0.2517297973839524, "model__max_depth": 2.1635764964739757, "model__n_estimators": 22.18328033005906, "model__reg_lambda": 0.13906647724705068}, "datetime": {"datetime": "2021-03-24 03:27:32", "elapsed": 217.674136, "delta": 1.475935}}
