{"target": -0.3280149250314908, "params": {"model__colsample_bylevel": 1.0, "model__colsample_bynode": 0.3, "model__colsample_bytree": 1.0, "model__learning_rate": 0.3, "model__max_depth": 5.552691750100245, "model__n_estimators": 30.0, "model__reg_lambda": 10.0}, "datetime": {"datetime": "2021-03-24 03:24:11", "elapsed": 16.51568, "delta": 0.768775}}
{"target": -0.33348851443025407, "params": {"model__colsample_bylevel": 1.0, "model__colsample_bynode": 1.0, "model__colsample_bytree": 1.0, "model__learning_rate": 0.3, "model__max_depth": 7.6345021979500665, "model__n_estimators": 20.023354347837824, "model__reg_lambda": 5.4728132994371865}, "datetime": {"datetime": "2021-03-24 03:24:11", "elapsed": 17.372574, "delta": 0.856894}}
{"target": -0.3559390866862394, "params": {"model__colsample_bylevel": 0.9472808388050564, "model__colsample_bynode": 0.8398527742418558, "model__colsample_bytree": 0.7645509581467242, "model__learning_rate": 0.2837318293440901, "model__max_depth": 7.891407106337688, "model__n_estimators": 17.729292087933697, "model__reg_lambda": 0.06155641393089106}, "datetime": {"datetime": "2021-03-24 03:24:12", "elapsed": 18.154826, "delta": 0.782252}}
{"target": -0.35378522977799826, "params": {"model__colsample_bylevel": 0.3, "model__colsample_bynode": 1.0, "model__colsample_bytree": 1.0, "model__learning_rate": 0.3, "model__max_depth": 4.9843039069954145, "model__n_estimators": 15.002965656518645, "model__reg_lambda": 5.728887136381939}, "datetime": {"datetime": "2021-03-24 03:24:13", "elapsed": 18.907258, "delta": 0.752432}}
{"target": -0.3773497474163879, "params": {"model__colsample_bylevel": 0.3556155740820842, "model__colsample_bynode": 0.9472496705198179, "model__colsample_bytree": 1.0, "model__learning_rate": 0.3, "model__max_depth": 2.000000003569801, "model__n_estimators": 20.32348482242462, "model__reg_lambda": 9.999999999814536}, "datetime": {"datetime": "2021-03-24 03:24:14", "elapsed": 19.660771, "delta": 0.753513}}
{"target": -0.3321127528156005, "params": {"model__colsample_bylevel": 0.8727773445468636, "model__colsample_bynode": 0.9552631761887691, "model__colsample_bytree": 0.7383872459523766, "model__learning_rate": 0.29991707354215213, "model__max_depth": 2.4197028458003285, "model__n_estimators": 25.96766530187633, "model__reg_lambda": 0.19475862032337754}, "datetime": {"datetime": "2021-03-24 03:24:14", "elapsed": 20.42964, "delta": 0.768869}}
{"target": -0.33621813303772424, "params": {"model__colsample_bylevel": 1.0, "model__colsample_bynode": 0.3, "model__colsample_bytree": 0.9763461476626343, "model__learning_rate": 0.3, "model__max_depth": 3.1190232340924204, "model__n_estimators": 21.84555163227734, "model__reg_lambda": 7.56112036298897e-09}, "datetime": {"datetime": "2021-03-24 03:24:15", "elapsed": 21.234417, "delta": 0.804777}}
{"target": -0.3457968331438125, "params": {"model__colsample_bylevel": 1.0, "model__colsample_bynode": 1.0, "model__colsample_bytree": 1.0, "model__learning_rate": 0.3, "model__max_depth": 8.0, "model__n_estimators": 30.0, "model__reg_lambda": 10.0}, "datetime": {"datetime": "2021-03-24 03:24:16", "elapsed": 22.078006, "delta": 0.843589}}
{"target": -0.3537157017541914, "params": {"model__colsample_bylevel": 1.0, "model__colsample_bynode": 1.0, "model__colsample_bytree": 1.0, "model__learning_rate": 0.3, "model__max_depth": 8.0, "model__n_estimators": 24.975374793932755, "model__reg_lambda": 10.0}, "datetime": {"datetime": "2021-03-24 03:24:17", "elapsed": 23.331179, "delta": 1.253173}}
{"target": -0.32251528601695284, "params": {"model__colsample_bylevel": 0.3, "model__colsample_bynode": 0.8267225026416322, "model__colsample_bytree": 1.0, "model__learning_rate": 0.3, "model__max_depth": 8.0, "model__n_estimators": 30.0, "model__reg_lambda": 4.69290290998534}, "datetime": {"datetime": "2021-03-24 03:24:19", "elapsed": 24.524148, "delta": 1.192969}}
{"target": -0.3520840169308518, "params": {"model__colsample_bylevel": 0.3000000000002815, "model__colsample_bynode": 1.0, "model__colsample_bytree": 1.0, "model__learning_rate": 0.3, "model__max_depth": 7.939856891076877, "model__n_estimators": 23.025159050311423, "model__reg_lambda": 9.32126073229167}, "datetime": {"datetime": "2021-03-24 03:24:20", "elapsed": 25.622199, "delta": 1.098051}}
{"target": -0.3358040023004582, "params": {"model__colsample_bylevel": 0.535927399609596, "model__colsample_bynode": 0.948182259809875, "model__colsample_bytree": 0.9005981758044883, "model__learning_rate": 0.288169573430873, "model__max_depth": 2.202409938145898, "model__n_estimators": 28.6953873657979, "model__reg_lambda": 4.21819922474697}, "datetime": {"datetime": "2021-03-24 03:24:21", "elapsed": 26.809194, "delta": 1.186995}}
{"target": -0.34375522552054727, "params": {"model__colsample_bylevel": 0.7174103151135074, "model__colsample_bynode": 0.947813762302806, "model__colsample_bytree": 0.9837412630625486, "model__learning_rate": 0.2973233375193094, "model__max_depth": 5.787742095846747, "model__n_estimators": 22.047381906337293, "model__reg_lambda": 3.643527824800581}, "datetime": {"datetime": "2021-03-24 03:24:22", "elapsed": 28.1793, "delta": 1.370106}}
{"target": -0.35393481000488547, "params": {"model__colsample_bylevel": 0.9553632114743094, "model__colsample_bynode": 0.512629362878399, "model__colsample_bytree": 0.9558582842294341, "model__learning_rate": 0.29097450488442034, "model__max_depth": 2.0647355179514717, "model__n_estimators": 29.984848404423154, "model__reg_lambda": 9.699193529367863}, "datetime": {"datetime": "2021-03-24 03:24:23", "elapsed": 29.237321, "delta": 1.058021}}
{"target": -0.34838353041154535, "params": {"model__colsample_bylevel": 0.883391395608212, "model__colsample_bynode": 0.7481844226526597, "model__colsample_bytree": 0.9600880219964225, "model__learning_rate": 0.2974603461963029, "model__max_depth": 4.478281101239019, "model__n_estimators": 23.378654598780685, "model__reg_lambda": 7.50894614962842}, "datetime": {"datetime": "2021-03-24 03:24:24", "elapsed": 30.2568, "delta": 1.019479}}
{"target": -0.36121843497950473, "params": {"model__colsample_bylevel": 0.9735394380536131, "model__colsample_bynode": 0.9598683236138987, "model__colsample_bytree": 0.8525747076637813, "model__learning_rate": 0.29812033604170074, "model__max_depth": 7.901791988184184, "model__n_estimators": 16.219875238741448, "model__reg_lambda": 5.206054163495457}, "datetime": {"datetime": "2021-03-24 03:24:26", "elapsed": 31.516217, "delta": 1.259417}}
{"target": -0.33481170165291785, "params": {"model__colsample_bylevel": 0.7520552892113622, "model__colsample_bynode": 0.9629016060722071, "model__colsample_bytree": 0.7471879905177952, "model__learning_rate": 0.27628808075236455, "model__max_depth": 4.123221207487429, "model__n_estimators": 28.51082747437958, "model__reg_lambda": 9.90625234045815}, "datetime": {"datetime": "2021-03-24 03:24:27", "elapsed": 32.711918, "delta": 1.195701}}
{"target": -0.34978344356303737, "params": {"model__colsample_bylevel": 0.39004940702656804, "model__colsample_bynode": 0.5826528948959613, "model__colsample_bytree": 0.36998374903446174, "model__learning_rate": 0.28070719247599746, "model__max_depth": 2.1984325997842515, "model__n_estimators": 18.82858503718881, "model__reg_lambda": 0.010631506654240619}, "datetime": {"datetime": "2021-03-24 03:24:28", "elapsed": 33.719059, "delta": 1.007141}}
{"target": -0.3668656367734345, "params": {"model__colsample_bylevel": 1.0, "model__colsample_bynode": 1.0, "model__colsample_bytree": 1.0, "model__learning_rate": 0.3, "model__max_depth": 8.0, "model__n_estimators": 18.729241810582966, "model__reg_lambda": 10.0}, "datetime": {"datetime": "2021-03-24 03:24:29", "elapsed": 34.933339, "delta": 1.21428}}
{"target": -0.3481839349054718, "params": {"model__colsample_bylevel": 0.33636676761904555, "model__colsample_bynode": 0.7179614319048429, "model__colsample_bytree": 0.6007611891266178, "model__learning_rate": 0.2948575320242598, "model__max_depth": 5.745206124065854, "model__n_estimators": 29.870783159892156, "model__reg_lambda": 3.7999682786716606}, "datetime": {"datetime": "2021-03-24 03:24:30", "elapsed": 36.201888, "delta": 1.268549}}
{"target": -0.35024261994294126, "params": {"model__colsample_bylevel": 1.0, "model__colsample_bynode": 0.3, "model__colsample_bytree": 0.3, "model__learning_rate": 0.3, "model__max_depth": 7.867466617659619, "model__n_estimators": 30.0, "model__reg_lambda": 6.622447320509739}, "datetime": {"datetime": "2021-03-24 03:24:31", "elapsed": 37.183253, "delta": 0.981365}}
{"target": -0.31342389043825475, "params": {"model__colsample_bylevel": 1.0, "model__colsample_bynode": 1.0, "model__colsample_bytree": 0.3, "model__learning_rate": 0.3, "model__max_depth": 4.945410340894326, "model__n_estimators": 29.87066875626246, "model__reg_lambda": 10.0}, "datetime": {"datetime": "2021-03-24 03:24:33", "elapsed": 38.509971, "delta": 1.326718}}
{"target": -0.35774787071479847, "params": {"model__colsample_bylevel": 0.617791970010658, "model__colsample_bynode": 0.9755717988889749, "model__colsample_bytree": 0.9421990782120038, "model__learning_rate": 0.2949005679345984, "model__max_depth": 5.049415562304033, "model__n_estimators": 24.887451443799822, "model__reg_lambda": 0.9504340792907562}, "datetime": {"datetime": "2021-03-24 03:24:34", "elapsed": 39.542907, "delta": 1.032936}}
{"target": -0.3338873469871401, "params": {"model__colsample_bylevel": 0.8527573546844801, "model__colsample_bynode": 1.0, "model__colsample_bytree": 0.3, "model__learning_rate": 0.3, "model__max_depth": 4.297353531292108, "model__n_estimators": 23.673531260391503, "model__reg_lambda": 10.0}, "datetime": {"datetime": "2021-03-24 03:24:35", "elapsed": 40.684225, "delta": 1.141318}}
{"target": -0.3386405367608371, "params": {"model__colsample_bylevel": 0.3, "model__colsample_bynode": 0.3, "model__colsample_bytree": 1.0, "model__learning_rate": 0.3, "model__max_depth": 8.0, "model__n_estimators": 15.0, "model__reg_lambda": 0.0}, "datetime": {"datetime": "2021-03-24 03:24:36", "elapsed": 41.851727, "delta": 1.167502}}
{"target": -0.33430749056877673, "params": {"model__colsample_bylevel": 0.30245819653670414, "model__colsample_bynode": 0.9559920631950725, "model__colsample_bytree": 0.9140113385911128, "model__learning_rate": 0.25866086069173155, "model__max_depth": 5.267166088026174, "model__n_estimators": 17.686654704286756, "model__reg_lambda": 0.09034051703198931}, "datetime": {"datetime": "2021-03-24 03:24:37", "elapsed": 43.134795, "delta": 1.283068}}
{"target": -0.3468146279454231, "params": {"model__colsample_bylevel": 0.3, "model__colsample_bynode": 1.0, "model__colsample_bytree": 1.0, "model__learning_rate": 0.3, "model__max_depth": 8.0, "model__n_estimators": 21.25818511524433, "model__reg_lambda": 2.4725051514433054}, "datetime": {"datetime": "2021-03-24 03:24:39", "elapsed": 44.540089, "delta": 1.405294}}
{"target": -0.36560685580083424, "params": {"model__colsample_bylevel": 1.0, "model__colsample_bynode": 1.0, "model__colsample_bytree": 1.0, "model__learning_rate": 0.3, "model__max_depth": 4.187879885848662, "model__n_estimators": 17.23381772519777, "model__reg_lambda": 10.0}, "datetime": {"datetime": "2021-03-24 03:24:40", "elapsed": 45.713164, "delta": 1.173075}}
{"target": -0.35716854588793373, "params": {"model__colsample_bylevel": 0.8447676798100408, "model__colsample_bynode": 0.8665775220309684, "model__colsample_bytree": 0.9396748130828805, "model__learning_rate": 0.2943244795350863, "model__max_depth": 3.5660706970184703, "model__n_estimators": 29.162346577270874, "model__reg_lambda": 3.6915192583619314}, "datetime": {"datetime": "2021-03-24 03:24:41", "elapsed": 46.921092, "delta": 1.207928}}
{"target": -0.3420058845538997, "params": {"model__colsample_bylevel": 0.8665272944039779, "model__colsample_bynode": 0.8093152647042896, "model__colsample_bytree": 0.3648616169345493, "model__learning_rate": 0.2973560683979293, "model__max_depth": 2.3036269264295606, "model__n_estimators": 29.181116228832202, "model__reg_lambda": 7.0681404795082}, "datetime": {"datetime": "2021-03-24 03:24:42", "elapsed": 48.289138, "delta": 1.368046}}
{"target": -0.3693876754357547, "params": {"model__colsample_bylevel": 1.0, "model__colsample_bynode": 0.3, "model__colsample_bytree": 1.0, "model__learning_rate": 0.3, "model__max_depth": 8.0, "model__n_estimators": 15.0, "model__reg_lambda": 6.386299799432535}, "datetime": {"datetime": "2021-03-24 03:24:43", "elapsed": 49.292804, "delta": 1.003666}}
{"target": -0.39032546999692186, "params": {"model__colsample_bylevel": 0.974356516449131, "model__colsample_bynode": 0.9098115479530704, "model__colsample_bytree": 0.5738015971036248, "model__learning_rate": 0.27419923122111, "model__max_depth": 5.904634083221738, "model__n_estimators": 20.07446921421581, "model__reg_lambda": 0.19534573691210366}, "datetime": {"datetime": "2021-03-24 03:24:44", "elapsed": 50.322222, "delta": 1.029418}}
{"target": -0.41706144980127935, "params": {"model__colsample_bylevel": 0.3, "model__colsample_bynode": 0.3, "model__colsample_bytree": 0.3, "model__learning_rate": 0.3, "model__max_depth": 5.320635551987273, "model__n_estimators": 17.167136261823643, "model__reg_lambda": 0.0}, "datetime": {"datetime": "2021-03-24 03:24:46", "elapsed": 51.459422, "delta": 1.1372}}
{"target": -0.3816980790132589, "params": {"model__colsample_bylevel": 0.5682968975035745, "model__colsample_bynode": 0.9689352450036737, "model__colsample_bytree": 0.9441845234467059, "model__learning_rate": 0.28759840669241427, "model__max_depth": 7.487069864732913, "model__n_estimators": 15.399042243570218, "model__reg_lambda": 0.024012148454231053}, "datetime": {"datetime": "2021-03-24 03:24:47", "elapsed": 52.605245, "delta": 1.145823}}
{"target": -0.3365557809580502, "params": {"model__colsample_bylevel": 0.8393625431377609, "model__colsample_bynode": 0.3214783934668391, "model__colsample_bytree": 0.5570848485122258, "model__learning_rate": 0.2986992029702973, "model__max_depth": 7.968270024321672, "model__n_estimators": 29.841846566927007, "model__reg_lambda": 1.7014553410584354}, "datetime": {"datetime": "2021-03-24 03:24:48", "elapsed": 53.785562, "delta": 1.180317}}
{"target": -0.39043030753812713, "params": {"model__colsample_bylevel": 0.8492734727923315, "model__colsample_bynode": 0.7864032369560862, "model__colsample_bytree": 0.7084642989497008, "model__learning_rate": 0.19404745711548818, "model__max_depth": 2.0040233211995533, "model__n_estimators": 15.194601211818359, "model__reg_lambda": 0.017812887421558843}, "datetime": {"datetime": "2021-03-24 03:24:49", "elapsed": 55.092955, "delta": 1.307393}}
{"target": -0.3383935952478129, "params": {"model__colsample_bylevel": 1.0, "model__colsample_bynode": 1.0, "model__colsample_bytree": 1.0, "model__learning_rate": 0.3, "model__max_depth": 4.311029438244873, "model__n_estimators": 17.983849830627165, "model__reg_lambda": 5.457393304648923}, "datetime": {"datetime": "2021-03-24 03:24:50", "elapsed": 56.287887, "delta": 1.194932}}
{"target": -0.35229230743927364, "params": {"model__colsample_bylevel": 0.3, "model__colsample_bynode": 1.0, "model__colsample_bytree": 1.0, "model__learning_rate": 0.3, "model__max_depth": 2.0, "model__n_estimators": 17.183161020389598, "model__reg_lambda": 0.0}, "datetime": {"datetime": "2021-03-24 03:24:52", "elapsed": 57.67449, "delta": 1.386603}}
{"target": -0.39036494985600745, "params": {"model__colsample_bylevel": 0.3400138173242563, "model__colsample_bynode": 0.5196237534348915, "model__colsample_bytree": 0.9985608737322815, "model__learning_rate": 0.1446646617327213, "model__max_depth": 5.569355537246458, "model__n_estimators": 15.012618131083029, "model__reg_lambda": 3.1177069719395156}, "datetime": {"datetime": "2021-03-24 03:24:53", "elapsed": 58.822689, "delta": 1.148199}}
{"target": -0.378976114453289, "params": {"model__colsample_bylevel": 0.9348181313731241, "model__colsample_bynode": 0.9895948737043614, "model__colsample_bytree": 0.3023087795041058, "model__learning_rate": 0.23327755558841656, "model__max_depth": 2.4241031390193797, "model__n_estimators": 27.643700422513163, "model__reg_lambda": 9.920684578569292}, "datetime": {"datetime": "2021-03-24 03:24:54", "elapsed": 60.288381, "delta": 1.465692}}
{"target": -0.33642411002200906, "params": {"model__colsample_bylevel": 0.9999999995701807, "model__colsample_bynode": 1.0, "model__colsample_bytree": 1.0, "model__learning_rate": 0.3, "model__max_depth": 8.0, "model__n_estimators": 27.666963137901718, "model__reg_lambda": 7.903049862540727}, "datetime": {"datetime": "2021-03-24 03:24:56", "elapsed": 61.616847, "delta": 1.328466}}
{"target": -0.3529104612568609, "params": {"model__colsample_bylevel": 0.34822749793251007, "model__colsample_bynode": 0.9688364670298908, "model__colsample_bytree": 0.41271979376300094, "model__learning_rate": 0.2962749463845651, "model__max_depth": 2.2856522275706994, "model__n_estimators": 28.64900208462453, "model__reg_lambda": 2.6407665842999304}, "datetime": {"datetime": "2021-03-24 03:24:57", "elapsed": 63.215, "delta": 1.598153}}
{"target": -0.3493289728355392, "params": {"model__colsample_bylevel": 1.0, "model__colsample_bynode": 1.0, "model__colsample_bytree": 1.0, "model__learning_rate": 0.3, "model__max_depth": 8.0, "model__n_estimators": 21.449395780213884, "model__reg_lambda": 8.066069422423316}, "datetime": {"datetime": "2021-03-24 03:24:59", "elapsed": 64.46848, "delta": 1.25348}}
{"target": -0.36586962479598606, "params": {"model__colsample_bylevel": 0.3, "model__colsample_bynode": 1.0, "model__colsample_bytree": 0.3, "model__learning_rate": 0.3, "model__max_depth": 7.282364851956519, "model__n_estimators": 26.996483738271657, "model__reg_lambda": 10.0}, "datetime": {"datetime": "2021-03-24 03:25:00", "elapsed": 65.850512, "delta": 1.382032}}
{"target": -0.39363286218174015, "params": {"model__colsample_bylevel": 0.3, "model__colsample_bynode": 0.3, "model__colsample_bytree": 1.0, "model__learning_rate": 0.3, "model__max_depth": 2.0, "model__n_estimators": 15.0, "model__reg_lambda": 0.0}, "datetime": {"datetime": "2021-03-24 03:25:01", "elapsed": 66.957749, "delta": 1.107237}}
{"target": -0.32928441755770554, "params": {"model__colsample_bylevel": 0.3874964993794016, "model__colsample_bynode": 0.7696871929005564, "model__colsample_bytree": 0.8623752922299421, "model__learning_rate": 0.2926521597250503, "model__max_depth": 3.9444697901691894, "model__n_estimators": 21.7914779968404, "model__reg_lambda": 9.98923875374519}, "datetime": {"datetime": "2021-03-24 03:25:02", "elapsed": 68.108308, "delta": 1.150559}}
{"target": -0.347993125858467, "params": {"model__colsample_bylevel": 0.35799329298600324, "model__colsample_bynode": 0.4931169730507663, "model__colsample_bytree": 0.8746352762030905, "model__learning_rate": 0.2873485488199823, "model__max_depth": 4.124367110137967, "model__n_estimators": 22.03261495778902, "model__reg_lambda": 1.5863752528041986}, "datetime": {"datetime": "2021-03-24 03:25:03", "elapsed": 69.41478, "delta": 1.306472}}
{"target": -0.4052939638549435, "params": {"model__colsample_bylevel": 0.3, "model__colsample_bynode": 1.0, "model__colsample_bytree": 0.3, "model__learning_rate": 0.3, "model__max_depth": 4.513190960693132, "model__n_estimators": 15.0, "model__reg_lambda": 10.0}, "datetime": {"datetime": "2021-03-24 03:25:05", "elapsed": 70.674989, "delta": 1.260209}}
{"target": -0.3456975977712621, "params": {"model__colsample_bylevel": 1.0, "model__colsample_bynode": 0.9999999881531841, "model__colsample_bytree": 0.6612504800761478, "model__learning_rate": 0.3, "model__max_depth": 2.000000003687111, "model__n_estimators": 18.93608416413701, "model__reg_lambda": 1.2432072561740264}, "datetime": {"datetime": "2021-03-24 03:25:06", "elapsed": 71.972125, "delta": 1.297136}}
{"target": -0.32669680936032564, "params": {"model__colsample_bylevel": 0.551060083245225, "model__colsample_bynode": 0.9700484620904246, "model__colsample_bytree": 0.3854186504607734, "model__learning_rate": 0.27525320665313735, "model__max_depth": 6.550465555727024, "model__n_estimators": 25.9495061528311, "model__reg_lambda": 6.47871877444672}, "datetime": {"datetime": "2021-03-24 03:25:07", "elapsed": 73.391276, "delta": 1.419151}}
{"target": -0.3784941043880215, "params": {"model__colsample_bylevel": 0.3, "model__colsample_bynode": 0.3, "model__colsample_bytree": 1.0, "model__learning_rate": 0.3, "model__max_depth": 2.0, "model__n_estimators": 28.332669811669493, "model__reg_lambda": 6.067565976607454}, "datetime": {"datetime": "2021-03-24 03:25:09", "elapsed": 74.660962, "delta": 1.269686}}
{"target": -0.33388294706633986, "params": {"model__colsample_bylevel": 1.0, "model__colsample_bynode": 0.6668428850466135, "model__colsample_bytree": 0.3401703989024806, "model__learning_rate": 0.3, "model__max_depth": 4.692847293243427, "model__n_estimators": 21.81616536135749, "model__reg_lambda": 5.15261425701013}, "datetime": {"datetime": "2021-03-24 03:25:10", "elapsed": 75.853956, "delta": 1.192994}}
{"target": -0.36569665965313713, "params": {"model__colsample_bylevel": 0.3, "model__colsample_bynode": 1.0, "model__colsample_bytree": 0.3, "model__learning_rate": 0.3, "model__max_depth": 2.602195659314592, "model__n_estimators": 23.382806805272946, "model__reg_lambda": 7.214575551663062}, "datetime": {"datetime": "2021-03-24 03:25:11", "elapsed": 77.104887, "delta": 1.250931}}
{"target": -0.3884467706070754, "params": {"model__colsample_bylevel": 0.3, "model__colsample_bynode": 1.0, "model__colsample_bytree": 0.3, "model__learning_rate": 0.3, "model__max_depth": 8.0, "model__n_estimators": 15.0, "model__reg_lambda": 5.516491240249131}, "datetime": {"datetime": "2021-03-24 03:25:12", "elapsed": 78.346594, "delta": 1.241707}}
