{"target": -0.33661310277572165, "params": {"model__colsample_bylevel": 0.44532558045385723, "model__colsample_bynode": 1.0, "model__colsample_bytree": 1.0, "model__learning_rate": 0.3, "model__max_depth": 7.999999999778102, "model__n_estimators": 27.18749985028847, "model__reg_lambda": 3.5609217628861534}, "datetime": {"datetime": "2021-03-24 03:25:14", "elapsed": 79.464948, "delta": 1.118354}}
{"target": -0.3296394122805804, "params": {"model__colsample_bylevel": 0.3847014499735631, "model__colsample_bynode": 0.3000000051057573, "model__colsample_bytree": 1.0, "model__learning_rate": 0.3, "model__max_depth": 7.024196228849626, "model__n_estimators": 26.648278030283283, "model__reg_lambda": 0.8952195570071562}, "datetime": {"datetime": "2021-03-24 03:25:15", "elapsed": 80.744734, "delta": 1.279786}}
{"target": -0.40591468869255465, "params": {"model__colsample_bylevel": 0.3, "model__colsample_bynode": 0.3, "model__colsample_bytree": 0.3, "model__learning_rate": 0.3, "model__max_depth": 8.0, "model__n_estimators": 30.0, "model__reg_lambda": 0.0}, "datetime": {"datetime": "2021-03-24 03:25:16", "elapsed": 82.086016, "delta": 1.341282}}
{"target": -0.3298982493139877, "params": {"model__colsample_bylevel": 1.0, "model__colsample_bynode": 0.3, "model__colsample_bytree": 1.0, "model__learning_rate": 0.3, "model__max_depth": 2.0, "model__n_estimators": 30.0, "model__reg_lambda": 0.0}, "datetime": {"datetime": "2021-03-24 03:25:17", "elapsed": 83.296801, "delta": 1.210785}}
{"target": -0.3506444105655765, "params": {"model__colsample_bylevel": 0.3105640133880305, "model__colsample_bynode": 0.5877515714861208, "model__colsample_bytree": 0.9907782688379669, "model__learning_rate": 0.22182286988680974, "model__max_depth": 7.983366703495742, "model__n_estimators": 18.796094313456912, "model__reg_lambda": 0.3299228243739327}, "datetime": {"datetime": "2021-03-24 03:25:19", "elapsed": 84.545558, "delta": 1.248757}}
{"target": -0.34486981478546735, "params": {"model__colsample_bylevel": 0.3, "model__colsample_bynode": 1.0, "model__colsample_bytree": 1.0, "model__learning_rate": 0.3, "model__max_depth": 5.638988205592057, "model__n_estimators": 21.88249153351689, "model__reg_lambda": 10.0}, "datetime": {"datetime": "2021-03-24 03:25:20", "elapsed": 85.881528, "delta": 1.33597}}
{"target": -0.410856711226043, "params": {"model__colsample_bylevel": 1.0, "model__colsample_bynode": 0.3, "model__colsample_bytree": 0.3, "model__learning_rate": 0.3, "model__max_depth": 2.0, "model__n_estimators": 17.325065777754805, "model__reg_lambda": 10.0}, "datetime": {"datetime": "2021-03-24 03:25:21", "elapsed": 87.158384, "delta": 1.276856}}
{"target": -0.3571805172772788, "params": {"model__colsample_bylevel": 0.9877863855182947, "model__colsample_bynode": 0.3841645886887356, "model__colsample_bytree": 0.9122878455432835, "model__learning_rate": 0.25619480429456765, "model__max_depth": 6.611929942941111, "model__n_estimators": 29.101101236461844, "model__reg_lambda": 0.4130906016486524}, "datetime": {"datetime": "2021-03-24 03:25:23", "elapsed": 88.676789, "delta": 1.518405}}
{"target": -0.3507564846426248, "params": {"model__colsample_bylevel": 1.0, "model__colsample_bynode": 1.0, "model__colsample_bytree": 0.9999999995913159, "model__learning_rate": 0.3, "model__max_depth": 3.956473528634649, "model__n_estimators": 20.807578754326858, "model__reg_lambda": 9.719141088931071}, "datetime": {"datetime": "2021-03-24 03:25:24", "elapsed": 90.015962, "delta": 1.339173}}
{"target": -0.331748958138506, "params": {"model__colsample_bylevel": 0.33603577248065397, "model__colsample_bynode": 0.8563396712609608, "model__colsample_bytree": 0.3263461274552104, "model__learning_rate": 0.15552536191275834, "model__max_depth": 7.38351045768939, "model__n_estimators": 26.19958602663125, "model__reg_lambda": 0.03235865596507681}, "datetime": {"datetime": "2021-03-24 03:25:25", "elapsed": 91.286104, "delta": 1.270142}}
{"target": -0.3702174442057646, "params": {"model__colsample_bylevel": 0.3067149300902827, "model__colsample_bynode": 0.553847819109266, "model__colsample_bytree": 0.8816649956554277, "model__learning_rate": 0.296176285684589, "model__max_depth": 4.301751038312387, "model__n_estimators": 20.84652399711858, "model__reg_lambda": 6.1377147017794975}, "datetime": {"datetime": "2021-03-24 03:25:27", "elapsed": 92.454455, "delta": 1.168351}}
{"target": -0.4106521480041893, "params": {"model__colsample_bylevel": 0.3, "model__colsample_bynode": 0.3, "model__colsample_bytree": 1.0, "model__learning_rate": 0.3, "model__max_depth": 3.5443542937334103, "model__n_estimators": 15.832258016532505, "model__reg_lambda": 10.0}, "datetime": {"datetime": "2021-03-24 03:25:28", "elapsed": 93.86492, "delta": 1.410465}}
{"target": -0.392874735456122, "params": {"model__colsample_bylevel": 0.9999999993109593, "model__colsample_bynode": 0.3, "model__colsample_bytree": 0.3, "model__learning_rate": 0.3, "model__max_depth": 2.4142584997783434, "model__n_estimators": 22.44550291939381, "model__reg_lambda": 9.190229278660437}, "datetime": {"datetime": "2021-03-24 03:25:29", "elapsed": 95.081004, "delta": 1.216084}}
{"target": -0.35466323506358705, "params": {"model__colsample_bylevel": 0.3, "model__colsample_bynode": 0.9917724128625762, "model__colsample_bytree": 1.0, "model__learning_rate": 0.3, "model__max_depth": 2.0, "model__n_estimators": 23.453687876149928, "model__reg_lambda": 0.0}, "datetime": {"datetime": "2021-03-24 03:25:31", "elapsed": 96.557341, "delta": 1.476337}}
{"target": -0.3177437178006031, "params": {"model__colsample_bylevel": 0.8395582597002738, "model__colsample_bynode": 0.35209998536921894, "model__colsample_bytree": 0.9925383696611054, "model__learning_rate": 0.29465729556099074, "model__max_depth": 2.3783902430548114, "model__n_estimators": 24.943366129361582, "model__reg_lambda": 0.6085957250990426}, "datetime": {"datetime": "2021-03-24 03:25:32", "elapsed": 97.829084, "delta": 1.271743}}
{"target": -0.34775664053951805, "params": {"model__colsample_bylevel": 1.0, "model__colsample_bynode": 1.0, "model__colsample_bytree": 0.9999999863514782, "model__learning_rate": 0.3, "model__max_depth": 2.0074326519357157, "model__n_estimators": 30.0, "model__reg_lambda": 6.471202379106525}, "datetime": {"datetime": "2021-03-24 03:25:33", "elapsed": 99.041375, "delta": 1.212291}}
{"target": -0.3543620966246649, "params": {"model__colsample_bylevel": 1.0, "model__colsample_bynode": 0.3, "model__colsample_bytree": 0.3, "model__learning_rate": 0.3, "model__max_depth": 3.310796120432718, "model__n_estimators": 29.654938618879875, "model__reg_lambda": 10.0}, "datetime": {"datetime": "2021-03-24 03:25:34", "elapsed": 100.404725, "delta": 1.36335}}
{"target": -0.38010277967272404, "params": {"model__colsample_bylevel": 0.3, "model__colsample_bynode": 0.3, "model__colsample_bytree": 1.0, "model__learning_rate": 0.3, "model__max_depth": 8.0, "model__n_estimators": 15.960160045411175, "model__reg_lambda": 4.034309037704342}, "datetime": {"datetime": "2021-03-24 03:25:36", "elapsed": 101.833229, "delta": 1.428504}}
{"target": -0.3750322296810539, "params": {"model__colsample_bylevel": 0.3489250773117968, "model__colsample_bynode": 0.3438889855052361, "model__colsample_bytree": 0.32032995419128674, "model__learning_rate": 0.15909028945158576, "model__max_depth": 7.870945646679791, "model__n_estimators": 29.538172478616346, "model__reg_lambda": 3.7892922040577037}, "datetime": {"datetime": "2021-03-24 03:25:37", "elapsed": 103.097708, "delta": 1.264479}}
{"target": -0.383835381500261, "params": {"model__colsample_bylevel": 0.8478831260874102, "model__colsample_bynode": 0.9158930412138406, "model__colsample_bytree": 0.9850083038822626, "model__learning_rate": 0.11136081477522404, "model__max_depth": 2.9395999426217134, "model__n_estimators": 18.659461696502404, "model__reg_lambda": 0.018915253138919175}, "datetime": {"datetime": "2021-03-24 03:25:38", "elapsed": 104.288998, "delta": 1.19129}}
{"target": -0.2911841354039717, "params": {"model__colsample_bylevel": 0.36946444889060526, "model__colsample_bynode": 0.9582718992793242, "model__colsample_bytree": 0.8682911265076569, "model__learning_rate": 0.27237440514528977, "model__max_depth": 7.907441136005305, "model__n_estimators": 22.874423941268596, "model__reg_lambda": 0.0013215828799628682}, "datetime": {"datetime": "2021-03-24 03:25:40", "elapsed": 105.76103, "delta": 1.472032}}
{"target": -0.3424713477256128, "params": {"model__colsample_bylevel": 0.41196169052174136, "model__colsample_bynode": 0.9609029064723886, "model__colsample_bytree": 0.3870109067171817, "model__learning_rate": 0.29624883151374704, "model__max_depth": 4.340104601848002, "model__n_estimators": 26.507793868012854, "model__reg_lambda": 6.470075508292692}, "datetime": {"datetime": "2021-03-24 03:25:41", "elapsed": 106.956055, "delta": 1.195025}}
{"target": -0.33766729150007924, "params": {"model__colsample_bylevel": 0.42046512319044377, "model__colsample_bynode": 0.3969715388889041, "model__colsample_bytree": 0.3191153478654723, "model__learning_rate": 0.25780051231834783, "model__max_depth": 5.344043750768897, "model__n_estimators": 29.92967043329093, "model__reg_lambda": 2.089978973268438}, "datetime": {"datetime": "2021-03-24 03:25:42", "elapsed": 108.40025, "delta": 1.444195}}
{"target": -0.3953486247514577, "params": {"model__colsample_bylevel": 0.3, "model__colsample_bynode": 1.0, "model__colsample_bytree": 0.3, "model__learning_rate": 0.3, "model__max_depth": 2.0000000013687353, "model__n_estimators": 21.999817221662227, "model__reg_lambda": 10.0}, "datetime": {"datetime": "2021-03-24 03:25:44", "elapsed": 109.881115, "delta": 1.480865}}
{"target": -0.36280598193474545, "params": {"model__colsample_bylevel": 1.0, "model__colsample_bynode": 0.3, "model__colsample_bytree": 0.3, "model__learning_rate": 0.3, "model__max_depth": 6.763163917347891, "model__n_estimators": 28.565229290623172, "model__reg_lambda": 10.0}, "datetime": {"datetime": "2021-03-24 03:25:45", "elapsed": 111.221191, "delta": 1.340076}}
{"target": -0.3912584717378722, "params": {"model__colsample_bylevel": 1.0, "model__colsample_bynode": 1.0, "model__colsample_bytree": 1.0, "model__learning_rate": 0.3, "model__max_depth": 2.0, "model__n_estimators": 17.575686545567702, "model__reg_lambda": 7.640401914550315}, "datetime": {"datetime": "2021-03-24 03:25:47", "elapsed": 112.595645, "delta": 1.374454}}
{"target": -0.3527841393284135, "params": {"model__colsample_bylevel": 0.3276969323405878, "model__colsample_bynode": 0.4525597985737144, "model__colsample_bytree": 0.9382284596376409, "model__learning_rate": 0.25080459113446196, "model__max_depth": 2.0487006048263874, "model__n_estimators": 29.973331904663944, "model__reg_lambda": 2.0246202728165463}, "datetime": {"datetime": "2021-03-24 03:25:48", "elapsed": 113.809183, "delta": 1.213538}}
{"target": -0.3705772539728956, "params": {"model__colsample_bylevel": 0.3, "model__colsample_bynode": 0.3, "model__colsample_bytree": 1.0, "model__learning_rate": 0.3, "model__max_depth": 4.059541824642083, "model__n_estimators": 23.50554801580692, "model__reg_lambda": 10.0}, "datetime": {"datetime": "2021-03-24 03:25:49", "elapsed": 115.094859, "delta": 1.285676}}
{"target": -0.330722240401108, "params": {"model__colsample_bylevel": 0.9999999995890859, "model__colsample_bynode": 1.0, "model__colsample_bytree": 0.3, "model__learning_rate": 0.3, "model__max_depth": 6.140634924701851, "model__n_estimators": 30.0, "model__reg_lambda": 5.71778755349012}, "datetime": {"datetime": "2021-03-24 03:25:50", "elapsed": 116.38899, "delta": 1.294131}}
{"target": -0.3390955291364504, "params": {"model__colsample_bylevel": 0.34459329288414464, "model__colsample_bynode": 0.9725098570174044, "model__colsample_bytree": 0.9873465709543203, "model__learning_rate": 0.21690759758212058, "model__max_depth": 7.324736970537381, "model__n_estimators": 21.496758531685437, "model__reg_lambda": 0.3365693957053628}, "datetime": {"datetime": "2021-03-24 03:25:52", "elapsed": 117.608908, "delta": 1.219918}}
{"target": -0.3513220125019712, "params": {"model__colsample_bylevel": 0.40645601274260584, "model__colsample_bynode": 0.9302825070925935, "model__colsample_bytree": 0.3194819794467044, "model__learning_rate": 0.10288370810992409, "model__max_depth": 6.709837473027452, "model__n_estimators": 29.548105112643718, "model__reg_lambda": 0.44958611919487246}, "datetime": {"datetime": "2021-03-24 03:25:53", "elapsed": 119.153902, "delta": 1.544994}}
{"target": -0.35091883257753553, "params": {"model__colsample_bylevel": 1.0, "model__colsample_bynode": 1.0, "model__colsample_bytree": 1.0, "model__learning_rate": 0.3, "model__max_depth": 4.372256089082358, "model__n_estimators": 16.23997512070794, "model__reg_lambda": 3.9326161201791905}, "datetime": {"datetime": "2021-03-24 03:25:55", "elapsed": 120.532549, "delta": 1.378647}}
{"target": -0.36130177132933794, "params": {"model__colsample_bylevel": 1.0, "model__colsample_bynode": 0.30028842973308684, "model__colsample_bytree": 0.5177814687410023, "model__learning_rate": 0.3, "model__max_depth": 5.909682744105363, "model__n_estimators": 15.0, "model__reg_lambda": 5.12502393225605}, "datetime": {"datetime": "2021-03-24 03:25:56", "elapsed": 121.732201, "delta": 1.199652}}
{"target": -0.3119760113341423, "params": {"model__colsample_bylevel": 0.3208783109775469, "model__colsample_bynode": 0.6277828648927958, "model__colsample_bytree": 0.934620307200509, "model__learning_rate": 0.28475123313033285, "model__max_depth": 3.53811408796496, "model__n_estimators": 27.627247946355517, "model__reg_lambda": 1.506288613084863}, "datetime": {"datetime": "2021-03-24 03:25:57", "elapsed": 123.142568, "delta": 1.410367}}
{"target": -0.33595611617033216, "params": {"model__colsample_bylevel": 0.9062967264550332, "model__colsample_bynode": 0.5198346857785487, "model__colsample_bytree": 0.9683106946390456, "model__learning_rate": 0.2918114458303437, "model__max_depth": 6.534301176897467, "model__n_estimators": 25.507670157948965, "model__reg_lambda": 6.500249586637188}, "datetime": {"datetime": "2021-03-24 03:25:58", "elapsed": 124.434171, "delta": 1.291603}}
{"target": -0.3438819238480747, "params": {"model__colsample_bylevel": 0.9874364160371225, "model__colsample_bynode": 0.7417285610870366, "model__colsample_bytree": 0.9685462756089167, "model__learning_rate": 0.2994726127974757, "model__max_depth": 2.0551799841268066, "model__n_estimators": 26.991592602332034, "model__reg_lambda": 3.532593541487634}, "datetime": {"datetime": "2021-03-24 03:26:00", "elapsed": 125.744622, "delta": 1.310451}}
{"target": -0.3432578469139011, "params": {"model__colsample_bylevel": 0.3000000005572215, "model__colsample_bynode": 1.0, "model__colsample_bytree": 0.3, "model__learning_rate": 0.3, "model__max_depth": 7.757151021304449, "model__n_estimators": 18.410346535700707, "model__reg_lambda": 3.886608746319101e-09}, "datetime": {"datetime": "2021-03-24 03:26:01", "elapsed": 126.831142, "delta": 1.08652}}
{"target": -0.36043421305122153, "params": {"model__colsample_bylevel": 0.3, "model__colsample_bynode": 0.3, "model__colsample_bytree": 1.0, "model__learning_rate": 0.3, "model__max_depth": 7.9999999999075, "model__n_estimators": 29.999999999859003, "model__reg_lambda": 9.999999999871594}, "datetime": {"datetime": "2021-03-24 03:26:02", "elapsed": 128.292405, "delta": 1.461263}}
{"target": -0.38574135490504186, "params": {"model__colsample_bylevel": 0.9838767373195763, "model__colsample_bynode": 0.9298035941513725, "model__colsample_bytree": 0.9983055129713971, "model__learning_rate": 0.11709681142914562, "model__max_depth": 7.939601603328899, "model__n_estimators": 29.045894993127504, "model__reg_lambda": 5.982134751433276}, "datetime": {"datetime": "2021-03-24 03:26:04", "elapsed": 129.750365, "delta": 1.45796}}
{"target": -0.33227909737253103, "params": {"model__colsample_bylevel": 0.33485695110696156, "model__colsample_bynode": 0.69789017849533, "model__colsample_bytree": 0.8301989871488666, "model__learning_rate": 0.2936725808141758, "model__max_depth": 7.950006565329128, "model__n_estimators": 26.238565515519035, "model__reg_lambda": 6.760913689887168}, "datetime": {"datetime": "2021-03-24 03:26:05", "elapsed": 131.123716, "delta": 1.373351}}
{"target": -0.36093771633138694, "params": {"model__colsample_bylevel": 1.0, "model__colsample_bynode": 1.0, "model__colsample_bytree": 0.9796347371886432, "model__learning_rate": 0.3, "model__max_depth": 8.0, "model__n_estimators": 23.504602382108875, "model__reg_lambda": 3.8551335791701855}, "datetime": {"datetime": "2021-03-24 03:26:06", "elapsed": 132.342739, "delta": 1.219023}}
{"target": -0.3442745297411592, "params": {"model__colsample_bylevel": 0.9826768029472677, "model__colsample_bynode": 0.7002175315068782, "model__colsample_bytree": 0.3088838036452064, "model__learning_rate": 0.28279707552635747, "model__max_depth": 7.939840386339167, "model__n_estimators": 22.23860299996856, "model__reg_lambda": 9.912894000254218}, "datetime": {"datetime": "2021-03-24 03:26:08", "elapsed": 133.917807, "delta": 1.575068}}
{"target": -0.3507926359814018, "params": {"model__colsample_bylevel": 0.4423310137288332, "model__colsample_bynode": 0.8714200574827837, "model__colsample_bytree": 0.31780372933503626, "model__learning_rate": 0.29078863277858435, "model__max_depth": 7.635610728144979, "model__n_estimators": 22.646835792651604, "model__reg_lambda": 0.15206284711586138}, "datetime": {"datetime": "2021-03-24 03:26:09", "elapsed": 135.041135, "delta": 1.123328}}
{"target": -0.3439353811564734, "params": {"model__colsample_bylevel": 0.9128675686304983, "model__colsample_bynode": 0.8914976550119234, "model__colsample_bytree": 0.3392419543635137, "model__learning_rate": 0.2693613377120181, "model__max_depth": 6.74012965362815, "model__n_estimators": 19.977608841976018, "model__reg_lambda": 3.712623992075165}, "datetime": {"datetime": "2021-03-24 03:26:10", "elapsed": 136.322266, "delta": 1.281131}}
{"target": -0.33574410024591705, "params": {"model__colsample_bylevel": 0.9253268646644188, "model__colsample_bynode": 0.9520149970430887, "model__colsample_bytree": 0.3453222491221953, "model__learning_rate": 0.2973507589329848, "model__max_depth": 4.031212568593688, "model__n_estimators": 29.484239675753336, "model__reg_lambda": 6.1047430776898945}, "datetime": {"datetime": "2021-03-24 03:26:12", "elapsed": 137.508414, "delta": 1.186148}}
{"target": -0.3370056478944405, "params": {"model__colsample_bylevel": 0.5399514279102946, "model__colsample_bynode": 0.3470602143449309, "model__colsample_bytree": 0.9554910961106395, "model__learning_rate": 0.289804387785024, "model__max_depth": 6.71783454684096, "model__n_estimators": 29.989493810689048, "model__reg_lambda": 6.535520279299575}, "datetime": {"datetime": "2021-03-24 03:26:13", "elapsed": 138.866684, "delta": 1.35827}}
{"target": -0.3427791186289497, "params": {"model__colsample_bylevel": 0.48557172025688755, "model__colsample_bynode": 0.37355927323899935, "model__colsample_bytree": 0.954043492249109, "model__learning_rate": 0.2070216176765378, "model__max_depth": 7.84408551426547, "model__n_estimators": 22.697143408504076, "model__reg_lambda": 0.7484924618077571}, "datetime": {"datetime": "2021-03-24 03:26:14", "elapsed": 140.122192, "delta": 1.255508}}
{"target": -0.4042442334950834, "params": {"model__colsample_bylevel": 0.4026841205999061, "model__colsample_bynode": 0.31763887717508327, "model__colsample_bytree": 0.9444635981470493, "model__learning_rate": 0.2663215885279094, "model__max_depth": 2.1315843112594006, "model__n_estimators": 20.010818427257206, "model__reg_lambda": 0.7573046704679687}, "datetime": {"datetime": "2021-03-24 03:26:15", "elapsed": 141.206414, "delta": 1.084222}}
{"target": -0.34411895506225687, "params": {"model__colsample_bylevel": 0.9613693218743036, "model__colsample_bynode": 0.7432905022648744, "model__colsample_bytree": 0.4265745028739544, "model__learning_rate": 0.27120224997429554, "model__max_depth": 2.6873731990818506, "model__n_estimators": 17.225957844590262, "model__reg_lambda": 1.133854272621324}, "datetime": {"datetime": "2021-03-24 03:26:17", "elapsed": 142.805389, "delta": 1.598975}}
{"target": -0.3316331496126477, "params": {"model__colsample_bylevel": 1.0, "model__colsample_bynode": 0.30321469148184715, "model__colsample_bytree": 0.3, "model__learning_rate": 0.3, "model__max_depth": 3.2984122371556177, "model__n_estimators": 23.683545093727624, "model__reg_lambda": 1.6069253476990164}, "datetime": {"datetime": "2021-03-24 03:26:18", "elapsed": 144.196127, "delta": 1.390738}}
{"target": -0.3294327727169308, "params": {"model__colsample_bylevel": 0.437221717865086, "model__colsample_bynode": 0.999999999889894, "model__colsample_bytree": 1.0, "model__learning_rate": 0.299999999383094, "model__max_depth": 3.0374246297817145, "model__n_estimators": 27.213212183712177, "model__reg_lambda": 1.0855670514157822}, "datetime": {"datetime": "2021-03-24 03:26:19", "elapsed": 145.356153, "delta": 1.160026}}
{"target": -0.32995142560853774, "params": {"model__colsample_bylevel": 0.6684991993577167, "model__colsample_bynode": 0.9407400045332577, "model__colsample_bytree": 0.38984403451177707, "model__learning_rate": 0.2575725106851631, "model__max_depth": 3.1302135680179415, "model__n_estimators": 21.918718163163312, "model__reg_lambda": 1.0039547330553111}, "datetime": {"datetime": "2021-03-24 03:26:21", "elapsed": 146.620612, "delta": 1.264459}}
{"target": -0.32227127088682617, "params": {"model__colsample_bylevel": 0.651477963567757, "model__colsample_bynode": 0.9114559034309933, "model__colsample_bytree": 0.9594294225814859, "model__learning_rate": 0.29855872043411347, "model__max_depth": 5.685063240981755, "model__n_estimators": 19.396714244743084, "model__reg_lambda": 2.736791343862345}, "datetime": {"datetime": "2021-03-24 03:26:22", "elapsed": 147.970612, "delta": 1.35}}
