{"target": -0.3519842369264275, "params": {"model__colsample_bylevel": 0.9466500588958129, "model__colsample_bynode": 0.8763331862143033, "model__colsample_bytree": 0.9525813482017407, "model__learning_rate": 0.29950666544993787, "model__max_depth": 3.949913179501329, "model__n_estimators": 15.75497019216182, "model__reg_lambda": 0.39109735403632606}, "datetime": {"datetime": "2021-03-24 03:27:33", "elapsed": 219.275035, "delta": 1.600899}}
{"target": -0.322831165401157, "params": {"model__colsample_bylevel": 0.9640049231602565, "model__colsample_bynode": 0.5982398800144524, "model__colsample_bytree": 0.33751818025168545, "model__learning_rate": 0.2989067151557929, "model__max_depth": 2.8716032130300007, "model__n_estimators": 27.824696304523734, "model__reg_lambda": 4.526389626572343}, "datetime": {"datetime": "2021-03-24 03:27:35", "elapsed": 220.920355, "delta": 1.64532}}
{"target": -0.345925561976754, "params": {"model__colsample_bylevel": 0.9709372123183067, "model__colsample_bynode": 0.3359678978287583, "model__colsample_bytree": 0.40685843642986225, "model__learning_rate": 0.260301090439932, "model__max_depth": 2.0277335109436114, "model__n_estimators": 28.453030506197607, "model__reg_lambda": 3.3091741975990607}, "datetime": {"datetime": "2021-03-24 03:27:36", "elapsed": 222.274526, "delta": 1.354171}}
{"target": -0.35155886860085195, "params": {"model__colsample_bylevel": 0.884094622232585, "model__colsample_bynode": 0.9264326681702415, "model__colsample_bytree": 0.9943145252047318, "model__learning_rate": 0.2962603536539409, "model__max_depth": 2.1001888987837125, "model__n_estimators": 23.374202867065122, "model__reg_lambda": 6.22402137892638}, "datetime": {"datetime": "2021-03-24 03:27:38", "elapsed": 223.651456, "delta": 1.37693}}
{"target": -0.3319467957125659, "params": {"model__colsample_bylevel": 0.3, "model__colsample_bynode": 1.0, "model__colsample_bytree": 1.0, "model__learning_rate": 0.3, "model__max_depth": 2.7891631310867866, "model__n_estimators": 22.879383013712122, "model__reg_lambda": 0.6389725983033558}, "datetime": {"datetime": "2021-03-24 03:27:39", "elapsed": 225.151097, "delta": 1.499641}}
{"target": -0.33800522443581965, "params": {"model__colsample_bylevel": 0.9063641489793433, "model__colsample_bynode": 0.969487882452577, "model__colsample_bytree": 0.47176597464937853, "model__learning_rate": 0.2862878352459137, "model__max_depth": 6.411155188781496, "model__n_estimators": 20.476997536766504, "model__reg_lambda": 1.9751672627846173}, "datetime": {"datetime": "2021-03-24 03:27:41", "elapsed": 226.876296, "delta": 1.725199}}
{"target": -0.31537046115676726, "params": {"model__colsample_bylevel": 0.8169408438094911, "model__colsample_bynode": 1.0, "model__colsample_bytree": 0.3000000095374553, "model__learning_rate": 0.3, "model__max_depth": 5.26667340048819, "model__n_estimators": 23.04207493906055, "model__reg_lambda": 6.343442107833837}, "datetime": {"datetime": "2021-03-24 03:27:42", "elapsed": 228.158142, "delta": 1.281846}}
{"target": -0.3460071542131566, "params": {"model__colsample_bylevel": 0.8909997361524874, "model__colsample_bynode": 1.0, "model__colsample_bytree": 0.9316366184228493, "model__learning_rate": 0.3, "model__max_depth": 3.8190678845205293, "model__n_estimators": 26.322787562622512, "model__reg_lambda": 10.0}, "datetime": {"datetime": "2021-03-24 03:27:44", "elapsed": 229.772767, "delta": 1.614625}}
{"target": -0.3369769388263154, "params": {"model__colsample_bylevel": 0.9611893489813508, "model__colsample_bynode": 0.8126925137449621, "model__colsample_bytree": 0.3040073238543727, "model__learning_rate": 0.2737773376937864, "model__max_depth": 2.345586132076922, "model__n_estimators": 29.92122488536925, "model__reg_lambda": 3.9473826108510055}, "datetime": {"datetime": "2021-03-24 03:27:46", "elapsed": 231.568618, "delta": 1.795851}}
{"target": -0.34016294293991367, "params": {"model__colsample_bylevel": 1.0, "model__colsample_bynode": 0.3, "model__colsample_bytree": 1.0, "model__learning_rate": 0.3, "model__max_depth": 5.247009554529735, "model__n_estimators": 15.0, "model__reg_lambda": 0.0}, "datetime": {"datetime": "2021-03-24 03:27:47", "elapsed": 233.177944, "delta": 1.609326}}
{"target": -0.33568347474236204, "params": {"model__colsample_bylevel": 0.9959829251521679, "model__colsample_bynode": 0.8535928442931733, "model__colsample_bytree": 0.9436596635618006, "model__learning_rate": 0.2758213059394694, "model__max_depth": 6.626727306424004, "model__n_estimators": 28.445234821691663, "model__reg_lambda": 9.501363947028485}, "datetime": {"datetime": "2021-03-24 03:27:49", "elapsed": 234.634234, "delta": 1.45629}}
{"target": -0.34305236089596713, "params": {"model__colsample_bylevel": 0.31558497870346847, "model__colsample_bynode": 0.3538985588237722, "model__colsample_bytree": 0.6397786803157954, "model__learning_rate": 0.29259168497272203, "model__max_depth": 4.017866148198025, "model__n_estimators": 27.865710324523096, "model__reg_lambda": 3.4866102865783577}, "datetime": {"datetime": "2021-03-24 03:27:51", "elapsed": 236.569362, "delta": 1.935128}}
{"target": -0.3328538677965601, "params": {"model__colsample_bylevel": 0.9805473403120823, "model__colsample_bynode": 0.929412127291732, "model__colsample_bytree": 0.9303588944896684, "model__learning_rate": 0.22808256785188563, "model__max_depth": 7.998203581447134, "model__n_estimators": 26.165108980062932, "model__reg_lambda": 5.70430894405738}, "datetime": {"datetime": "2021-03-24 03:27:52", "elapsed": 238.304757, "delta": 1.735395}}
{"target": -0.3779697108672986, "params": {"model__colsample_bylevel": 0.9141839119413719, "model__colsample_bynode": 0.49513309471224054, "model__colsample_bytree": 0.940566860825506, "model__learning_rate": 0.2983468449800775, "model__max_depth": 2.241708746379235, "model__n_estimators": 20.662574845545926, "model__reg_lambda": 7.286935010271529}, "datetime": {"datetime": "2021-03-24 03:27:54", "elapsed": 240.012818, "delta": 1.708061}}
{"target": -0.3642170206775241, "params": {"model__colsample_bylevel": 0.9486573396582361, "model__colsample_bynode": 0.6972479563756244, "model__colsample_bytree": 0.8277034353189419, "model__learning_rate": 0.28980171758129525, "model__max_depth": 6.706754017068069, "model__n_estimators": 21.22024261511345, "model__reg_lambda": 6.237978505858064}, "datetime": {"datetime": "2021-03-24 03:27:56", "elapsed": 241.953592, "delta": 1.940774}}
{"target": -0.3480276123488548, "params": {"model__colsample_bylevel": 0.920573271941165, "model__colsample_bynode": 0.318576622723099, "model__colsample_bytree": 0.7420217125505361, "model__learning_rate": 0.2630906659734493, "model__max_depth": 3.7270757908996073, "model__n_estimators": 23.885241391930894, "model__reg_lambda": 0.16025664444844434}, "datetime": {"datetime": "2021-03-24 03:27:58", "elapsed": 243.620433, "delta": 1.666841}}
{"target": -0.34923835159195044, "params": {"model__colsample_bylevel": 0.4751455529338527, "model__colsample_bynode": 0.7186903810539413, "model__colsample_bytree": 0.4127979802377787, "model__learning_rate": 0.2784661140693702, "model__max_depth": 2.7826596017624743, "model__n_estimators": 24.083593765879307, "model__reg_lambda": 1.0805053601166759}, "datetime": {"datetime": "2021-03-24 03:27:59", "elapsed": 245.305117, "delta": 1.684684}}
{"target": -0.3209850988991937, "params": {"model__colsample_bylevel": 0.9324269447029756, "model__colsample_bynode": 0.925730498262983, "model__colsample_bytree": 0.3378336155907306, "model__learning_rate": 0.27870191549216394, "model__max_depth": 4.103078033751016, "model__n_estimators": 21.589819133649964, "model__reg_lambda": 3.299963495386283}, "datetime": {"datetime": "2021-03-24 03:28:01", "elapsed": 246.686544, "delta": 1.381427}}
{"target": -0.36504872830625135, "params": {"model__colsample_bylevel": 0.33723115824125544, "model__colsample_bynode": 0.3718578705309344, "model__colsample_bytree": 0.9911430852088776, "model__learning_rate": 0.11615918512528955, "model__max_depth": 3.3553812786920325, "model__n_estimators": 27.245131544270023, "model__reg_lambda": 0.18553410807851112}, "datetime": {"datetime": "2021-03-24 03:28:02", "elapsed": 248.099384, "delta": 1.41284}}
{"target": -0.35167617118492234, "params": {"model__colsample_bylevel": 0.8891556678317505, "model__colsample_bynode": 0.9930859363011135, "model__colsample_bytree": 0.48231141634235997, "model__learning_rate": 0.29361721213330383, "model__max_depth": 4.756351834497388, "model__n_estimators": 28.15407752927348, "model__reg_lambda": 2.6573892539443955}, "datetime": {"datetime": "2021-03-24 03:28:04", "elapsed": 249.603167, "delta": 1.503783}}
{"target": -0.3577008940434704, "params": {"model__colsample_bylevel": 0.9978681518371897, "model__colsample_bynode": 0.45304571432984075, "model__colsample_bytree": 0.3556454113163109, "model__learning_rate": 0.2998155383263291, "model__max_depth": 7.271644354329416, "model__n_estimators": 22.007537217943817, "model__reg_lambda": 3.9324088304144214}, "datetime": {"datetime": "2021-03-24 03:28:05", "elapsed": 251.387797, "delta": 1.78463}}
{"target": -0.33704710795199905, "params": {"model__colsample_bylevel": 0.3083523214415788, "model__colsample_bynode": 0.956115064770225, "model__colsample_bytree": 0.9745101405679937, "model__learning_rate": 0.2810615319405504, "model__max_depth": 7.768367348521253, "model__n_estimators": 18.434408014371453, "model__reg_lambda": 4.885520034431145}, "datetime": {"datetime": "2021-03-24 03:28:07", "elapsed": 252.751635, "delta": 1.363838}}
{"target": -0.32978160863985184, "params": {"model__colsample_bylevel": 1.0, "model__colsample_bynode": 1.0, "model__colsample_bytree": 0.3, "model__learning_rate": 0.3, "model__max_depth": 7.949444633966801, "model__n_estimators": 24.822558406883186, "model__reg_lambda": 8.613041609139787}, "datetime": {"datetime": "2021-03-24 03:28:09", "elapsed": 254.736951, "delta": 1.985316}}
{"target": -0.345697201302518, "params": {"model__colsample_bylevel": 0.9747169656875732, "model__colsample_bynode": 0.9659362263788074, "model__colsample_bytree": 0.3496973640198584, "model__learning_rate": 0.29785938708796655, "model__max_depth": 6.32935708454985, "model__n_estimators": 24.19904875358508, "model__reg_lambda": 9.812157626590288}, "datetime": {"datetime": "2021-03-24 03:28:10", "elapsed": 256.274257, "delta": 1.537306}}
{"target": -0.3208941098277295, "params": {"model__colsample_bylevel": 1.0, "model__colsample_bynode": 0.6713029041016988, "model__colsample_bytree": 0.9774125264254789, "model__learning_rate": 0.3, "model__max_depth": 2.5026102359400633, "model__n_estimators": 17.164412662016694, "model__reg_lambda": 1.79693290129816}, "datetime": {"datetime": "2021-03-24 03:28:12", "elapsed": 258.079543, "delta": 1.805286}}
{"target": -0.32554287190322995, "params": {"model__colsample_bylevel": 0.959866164378615, "model__colsample_bynode": 0.5367438060843526, "model__colsample_bytree": 0.9100294008832486, "model__learning_rate": 0.2767005271436739, "model__max_depth": 7.407978704677974, "model__n_estimators": 29.717316962649875, "model__reg_lambda": 4.573843937922662}, "datetime": {"datetime": "2021-03-24 03:28:14", "elapsed": 259.860044, "delta": 1.780501}}
{"target": -0.398685792910502, "params": {"model__colsample_bylevel": 0.4198038117113075, "model__colsample_bynode": 0.9213929083423456, "model__colsample_bytree": 0.31408453771023986, "model__learning_rate": 0.29350301350413854, "model__max_depth": 3.121626729941386, "model__n_estimators": 18.6027679427352, "model__reg_lambda": 9.943869737988365}, "datetime": {"datetime": "2021-03-24 03:28:15", "elapsed": 261.417115, "delta": 1.557071}}
{"target": -0.34237336178910854, "params": {"model__colsample_bylevel": 0.9796248849712177, "model__colsample_bynode": 0.8044540117249286, "model__colsample_bytree": 0.9232120374727708, "model__learning_rate": 0.19412721846656716, "model__max_depth": 7.934003941077403, "model__n_estimators": 25.49987133806258, "model__reg_lambda": 2.791253349027518}, "datetime": {"datetime": "2021-03-24 03:28:17", "elapsed": 262.787245, "delta": 1.37013}}
{"target": -0.334929868338994, "params": {"model__colsample_bylevel": 1.0, "model__colsample_bynode": 1.0, "model__colsample_bytree": 0.3000000006691824, "model__learning_rate": 0.3, "model__max_depth": 4.629876191209145, "model__n_estimators": 22.89440962708757, "model__reg_lambda": 2.8618596876694093}, "datetime": {"datetime": "2021-03-24 03:28:18", "elapsed": 264.441751, "delta": 1.654506}}
{"target": -0.3202390161211318, "params": {"model__colsample_bylevel": 0.9748090447117339, "model__colsample_bynode": 0.975189040816123, "model__colsample_bytree": 0.3649424496735459, "model__learning_rate": 0.2969412180539921, "model__max_depth": 2.8830773286526665, "model__n_estimators": 22.79509930876055, "model__reg_lambda": 5.829588202589225}, "datetime": {"datetime": "2021-03-24 03:28:20", "elapsed": 266.131931, "delta": 1.69018}}
{"target": -0.3590527807170039, "params": {"model__colsample_bylevel": 0.9999999998311022, "model__colsample_bynode": 0.7050451952206638, "model__colsample_bytree": 0.9999999994003588, "model__learning_rate": 0.19415305751804215, "model__max_depth": 7.999999999840873, "model__n_estimators": 29.99999999924298, "model__reg_lambda": 3.019648069382297}, "datetime": {"datetime": "2021-03-24 03:28:22", "elapsed": 267.81214, "delta": 1.680209}}
{"target": -0.35442810761269883, "params": {"model__colsample_bylevel": 0.3854106242970809, "model__colsample_bynode": 0.9593750608852836, "model__colsample_bytree": 0.961626354038269, "model__learning_rate": 0.29860062102939444, "model__max_depth": 7.913152232209108, "model__n_estimators": 20.176817090175447, "model__reg_lambda": 9.838385006284394}, "datetime": {"datetime": "2021-03-24 03:28:23", "elapsed": 269.282284, "delta": 1.470144}}
{"target": -0.4027224815680065, "params": {"model__colsample_bylevel": 0.37043371935080677, "model__colsample_bynode": 0.5375275907944277, "model__colsample_bytree": 0.9510075307411612, "model__learning_rate": 0.27735166163998026, "model__max_depth": 7.957117914801025, "model__n_estimators": 15.991495708209513, "model__reg_lambda": 9.891425271074198}, "datetime": {"datetime": "2021-03-24 03:28:25", "elapsed": 270.731082, "delta": 1.448798}}
{"target": -0.3345279148398507, "params": {"model__colsample_bylevel": 0.4097082047084287, "model__colsample_bynode": 0.9219558487581325, "model__colsample_bytree": 0.3736573460622633, "model__learning_rate": 0.2940860702530743, "model__max_depth": 7.994419174292714, "model__n_estimators": 20.477046916039072, "model__reg_lambda": 5.315818432078232}, "datetime": {"datetime": "2021-03-24 03:28:26", "elapsed": 272.37226, "delta": 1.641178}}
