{"target": -0.379435331971668, "params": {"model__colsample_bylevel": 0.3905142045545432, "model__colsample_bynode": 0.31600139466816274, "model__colsample_bytree": 0.33483447077591466, "model__learning_rate": 0.2943104401176795, "model__max_depth": 3.4468617656399534, "model__n_estimators": 27.258321054277282, "model__reg_lambda": 1.069334064637072}, "datetime": {"datetime": "2021-03-24 02:19:43", "elapsed": 101.12083, "delta": 1.328447}}
{"target": -0.39285796874715684, "params": {"model__colsample_bylevel": 0.9584712384562966, "model__colsample_bynode": 0.3288875166613668, "model__colsample_bytree": 0.31377697716269004, "model__learning_rate": 0.2412474886334142, "model__max_depth": 2.108176757854316, "model__n_estimators": 29.482880081277166, "model__reg_lambda": 9.841860816325658}, "datetime": {"datetime": "2021-03-24 02:19:44", "elapsed": 102.283221, "delta": 1.162391}}
{"target": -0.33761936076106913, "params": {"model__colsample_bylevel": 1.0, "model__colsample_bynode": 1.0, "model__colsample_bytree": 1.0, "model__learning_rate": 0.3, "model__max_depth": 4.779324540724463, "model__n_estimators": 21.419253165283962, "model__reg_lambda": 7.326054422789654}, "datetime": {"datetime": "2021-03-24 02:19:46", "elapsed": 103.722879, "delta": 1.439658}}
{"target": -0.3352000758676128, "params": {"model__colsample_bylevel": 0.8814997709160302, "model__colsample_bynode": 0.955709619958204, "model__colsample_bytree": 0.34096355728732575, "model__learning_rate": 0.14379348515754148, "model__max_depth": 4.950613758412928, "model__n_estimators": 26.263129136843304, "model__reg_lambda": 0.11413308166217773}, "datetime": {"datetime": "2021-03-24 02:19:47", "elapsed": 105.030624, "delta": 1.307745}}
{"target": -0.3476657229533041, "params": {"model__colsample_bylevel": 0.3, "model__colsample_bynode": 1.0, "model__colsample_bytree": 1.0, "model__learning_rate": 0.3, "model__max_depth": 7.999999999656505, "model__n_estimators": 22.08080987352711, "model__reg_lambda": 8.680680063851678}, "datetime": {"datetime": "2021-03-24 02:19:49", "elapsed": 106.440295, "delta": 1.409671}}
{"target": -0.3435735913391724, "params": {"model__colsample_bylevel": 0.3, "model__colsample_bynode": 0.3000000315975349, "model__colsample_bytree": 1.0, "model__learning_rate": 0.3, "model__max_depth": 4.4851104097142604, "model__n_estimators": 28.823052995107574, "model__reg_lambda": 7.201247070491651}, "datetime": {"datetime": "2021-03-24 02:19:50", "elapsed": 107.71094, "delta": 1.270645}}
{"target": -0.36398095775334893, "params": {"model__colsample_bylevel": 0.9452453711734723, "model__colsample_bynode": 0.9303224780286974, "model__colsample_bytree": 0.6062011603670032, "model__learning_rate": 0.28737917572725, "model__max_depth": 7.629468434806812, "model__n_estimators": 16.886878795390686, "model__reg_lambda": 0.15310887068632484}, "datetime": {"datetime": "2021-03-24 02:19:51", "elapsed": 109.174315, "delta": 1.463375}}
{"target": -0.34762101702183734, "params": {"model__colsample_bylevel": 0.3, "model__colsample_bynode": 0.8049988927756583, "model__colsample_bytree": 0.3, "model__learning_rate": 0.3, "model__max_depth": 5.8732277661883145, "model__n_estimators": 26.693888209906007, "model__reg_lambda": 0.0}, "datetime": {"datetime": "2021-03-24 02:19:53", "elapsed": 110.362422, "delta": 1.188107}}
{"target": -0.34679463733918964, "params": {"model__colsample_bylevel": 1.0, "model__colsample_bynode": 1.0, "model__colsample_bytree": 0.3, "model__learning_rate": 0.3, "model__max_depth": 3.131919227793952, "model__n_estimators": 20.137629662330827, "model__reg_lambda": 0.0}, "datetime": {"datetime": "2021-03-24 02:19:54", "elapsed": 111.675373, "delta": 1.312951}}
{"target": -0.3794061760772425, "params": {"model__colsample_bylevel": 1.0, "model__colsample_bynode": 0.30890552345846606, "model__colsample_bytree": 1.0, "model__learning_rate": 0.3, "model__max_depth": 2.3207844528607486, "model__n_estimators": 19.71086890450986, "model__reg_lambda": 6.249617625464236}, "datetime": {"datetime": "2021-03-24 02:19:55", "elapsed": 113.080281, "delta": 1.404908}}
{"target": -0.34129389588623243, "params": {"model__colsample_bylevel": 0.3045836152808405, "model__colsample_bynode": 0.9935556100131102, "model__colsample_bytree": 1.0, "model__learning_rate": 0.3, "model__max_depth": 4.961432159861423, "model__n_estimators": 28.633558745241242, "model__reg_lambda": 3.9578333607822684}, "datetime": {"datetime": "2021-03-24 02:19:56", "elapsed": 114.137525, "delta": 1.057244}}
{"target": -0.35574374137061604, "params": {"model__colsample_bylevel": 0.9715465003177779, "model__colsample_bynode": 0.33613042273191507, "model__colsample_bytree": 0.5092426860675405, "model__learning_rate": 0.298747725016882, "model__max_depth": 7.808663616211799, "model__n_estimators": 25.18262094273757, "model__reg_lambda": 9.97843807691854}, "datetime": {"datetime": "2021-03-24 02:19:58", "elapsed": 115.548267, "delta": 1.410742}}
{"target": -0.34249815113751375, "params": {"model__colsample_bylevel": 0.861562216833792, "model__colsample_bynode": 0.7881675117572804, "model__colsample_bytree": 0.9509732365377792, "model__learning_rate": 0.2589792079191814, "model__max_depth": 2.14654411529034, "model__n_estimators": 25.995554450384248, "model__reg_lambda": 3.512876861361854}, "datetime": {"datetime": "2021-03-24 02:19:59", "elapsed": 117.074103, "delta": 1.525836}}
{"target": -0.33616901217990186, "params": {"model__colsample_bylevel": 0.7576225328718822, "model__colsample_bynode": 0.8852378615868839, "model__colsample_bytree": 0.9889429810686272, "model__learning_rate": 0.2519445166651092, "model__max_depth": 2.0826820867217437, "model__n_estimators": 20.772113972012214, "model__reg_lambda": 0.19719357195549847}, "datetime": {"datetime": "2021-03-24 02:20:00", "elapsed": 118.279152, "delta": 1.205049}}
{"target": -0.341867852161733, "params": {"model__colsample_bylevel": 1.0, "model__colsample_bynode": 0.3, "model__colsample_bytree": 1.0, "model__learning_rate": 0.3, "model__max_depth": 8.0, "model__n_estimators": 30.0, "model__reg_lambda": 10.0}, "datetime": {"datetime": "2021-03-24 02:20:02", "elapsed": 119.782911, "delta": 1.503759}}
{"target": -0.3452603030005011, "params": {"model__colsample_bylevel": 0.6756977447639126, "model__colsample_bynode": 0.929101675758915, "model__colsample_bytree": 0.3660581383467759, "model__learning_rate": 0.25649768356447833, "model__max_depth": 7.997713676735631, "model__n_estimators": 20.63792073604924, "model__reg_lambda": 2.5811032155607796}, "datetime": {"datetime": "2021-03-24 02:20:03", "elapsed": 121.148501, "delta": 1.36559}}
{"target": -0.3208061129810538, "params": {"model__colsample_bylevel": 0.4898873181081046, "model__colsample_bynode": 0.45670981682455963, "model__colsample_bytree": 0.8688765426484637, "model__learning_rate": 0.29463990884327435, "model__max_depth": 5.234681930356427, "model__n_estimators": 29.971941857472164, "model__reg_lambda": 1.378878319458503}, "datetime": {"datetime": "2021-03-24 02:20:05", "elapsed": 122.4032, "delta": 1.254699}}
{"target": -0.3585154052742797, "params": {"model__colsample_bylevel": 1.0, "model__colsample_bynode": 0.673250067591601, "model__colsample_bytree": 1.0, "model__learning_rate": 0.3, "model__max_depth": 6.255591889513042, "model__n_estimators": 18.677013624171444, "model__reg_lambda": 10.0}, "datetime": {"datetime": "2021-03-24 02:20:06", "elapsed": 123.772819, "delta": 1.369619}}
{"target": -0.3346826283548, "params": {"model__colsample_bylevel": 1.0, "model__colsample_bynode": 0.9853707600429575, "model__colsample_bytree": 0.3, "model__learning_rate": 0.3, "model__max_depth": 4.866682244138989, "model__n_estimators": 29.936831838039097, "model__reg_lambda": 6.017125838526233}, "datetime": {"datetime": "2021-03-24 02:20:07", "elapsed": 124.984897, "delta": 1.212078}}
{"target": -0.35379228040279037, "params": {"model__colsample_bylevel": 0.7911138886975632, "model__colsample_bynode": 1.0, "model__colsample_bytree": 1.0, "model__learning_rate": 0.3, "model__max_depth": 6.432889031605676, "model__n_estimators": 17.18577578122285, "model__reg_lambda": 6.641242230896874}, "datetime": {"datetime": "2021-03-24 02:20:09", "elapsed": 126.39351, "delta": 1.408613}}
{"target": -0.3572314481217198, "params": {"model__colsample_bylevel": 0.33398883891318226, "model__colsample_bynode": 0.3897443801719653, "model__colsample_bytree": 0.7463757427188387, "model__learning_rate": 0.12221858052060759, "model__max_depth": 7.754846065853199, "model__n_estimators": 29.969174450141026, "model__reg_lambda": 2.6621550261116065}, "datetime": {"datetime": "2021-03-24 02:20:10", "elapsed": 127.555481, "delta": 1.161971}}
{"target": -0.35064457620500816, "params": {"model__colsample_bylevel": 0.7581298931425063, "model__colsample_bynode": 0.3673614838510789, "model__colsample_bytree": 0.8274375156593217, "model__learning_rate": 0.2766840800835572, "model__max_depth": 7.889052336300693, "model__n_estimators": 25.894895156390465, "model__reg_lambda": 3.915015869647588}, "datetime": {"datetime": "2021-03-24 02:20:11", "elapsed": 128.777057, "delta": 1.221576}}
{"target": -0.32629594964336306, "params": {"model__colsample_bylevel": 1.0, "model__colsample_bynode": 0.9466696595909991, "model__colsample_bytree": 1.0, "model__learning_rate": 0.3, "model__max_depth": 7.454870743031569, "model__n_estimators": 29.218989959287175, "model__reg_lambda": 7.126017581888577}, "datetime": {"datetime": "2021-03-24 02:20:12", "elapsed": 130.292785, "delta": 1.515728}}
{"target": -0.363685864340379, "params": {"model__colsample_bylevel": 1.0, "model__colsample_bynode": 0.3, "model__colsample_bytree": 0.5717945130180112, "model__learning_rate": 0.3, "model__max_depth": 2.0, "model__n_estimators": 27.403907538332287, "model__reg_lambda": 7.225179153239231}, "datetime": {"datetime": "2021-03-24 02:20:14", "elapsed": 131.794195, "delta": 1.50141}}
{"target": -0.3750710326510117, "params": {"model__colsample_bylevel": 1.0, "model__colsample_bynode": 0.3, "model__colsample_bytree": 0.3, "model__learning_rate": 0.3, "model__max_depth": 2.0269422697446604, "model__n_estimators": 17.307357983772608, "model__reg_lambda": 0.0}, "datetime": {"datetime": "2021-03-24 02:20:15", "elapsed": 132.977237, "delta": 1.183042}}
{"target": -0.3473737539689772, "params": {"model__colsample_bylevel": 0.9280980964052541, "model__colsample_bynode": 0.4678242698790067, "model__colsample_bytree": 0.40421463801807744, "model__learning_rate": 0.2665194524401068, "model__max_depth": 6.6119622616303415, "model__n_estimators": 29.181664787760283, "model__reg_lambda": 6.171235844241441}, "datetime": {"datetime": "2021-03-24 02:20:17", "elapsed": 134.400506, "delta": 1.423269}}
{"target": -0.3648661896256575, "params": {"model__colsample_bylevel": 1.0, "model__colsample_bynode": 0.30000000013931916, "model__colsample_bytree": 0.3, "model__learning_rate": 0.3, "model__max_depth": 4.110623670969265, "model__n_estimators": 25.350011443032486, "model__reg_lambda": 1.752512602679085e-09}, "datetime": {"datetime": "2021-03-24 02:20:18", "elapsed": 135.844263, "delta": 1.443757}}
{"target": -0.3356527513625317, "params": {"model__colsample_bylevel": 0.6332795986461948, "model__colsample_bynode": 0.9910687360355235, "model__colsample_bytree": 0.9633467958463593, "model__learning_rate": 0.2810735140483036, "model__max_depth": 6.5066172597222875, "model__n_estimators": 29.68758414280728, "model__reg_lambda": 9.470303793827497}, "datetime": {"datetime": "2021-03-24 02:20:19", "elapsed": 137.26903, "delta": 1.424767}}
{"target": -0.3877597111513487, "params": {"model__colsample_bylevel": 0.6583788077892452, "model__colsample_bynode": 0.9789496545111607, "model__colsample_bytree": 0.4400879207524275, "model__learning_rate": 0.26367122823085276, "model__max_depth": 2.2569035930119874, "model__n_estimators": 22.975556833822807, "model__reg_lambda": 9.953053130917779}, "datetime": {"datetime": "2021-03-24 02:20:21", "elapsed": 138.392433, "delta": 1.123403}}
{"target": -0.3575280922061791, "params": {"model__colsample_bylevel": 0.4254869960860459, "model__colsample_bynode": 0.4131143607248977, "model__colsample_bytree": 0.9811858333523353, "model__learning_rate": 0.28052137181408565, "model__max_depth": 2.440818165461941, "model__n_estimators": 29.094109566649557, "model__reg_lambda": 0.06705995727766645}, "datetime": {"datetime": "2021-03-24 02:20:22", "elapsed": 139.672349, "delta": 1.279916}}
{"target": -0.34170638977860407, "params": {"model__colsample_bylevel": 1.0, "model__colsample_bynode": 1.0, "model__colsample_bytree": 1.0, "model__learning_rate": 0.3, "model__max_depth": 2.555921136126458, "model__n_estimators": 28.420495338794144, "model__reg_lambda": 9.075218702034773}, "datetime": {"datetime": "2021-03-24 02:20:24", "elapsed": 141.37126, "delta": 1.698911}}
{"target": -0.35149767977249663, "params": {"model__colsample_bylevel": 0.9363817128466185, "model__colsample_bynode": 0.9712540723570837, "model__colsample_bytree": 0.7213292080319372, "model__learning_rate": 0.28790236096907873, "model__max_depth": 7.959460934494887, "model__n_estimators": 27.853496902626325, "model__reg_lambda": 4.663225588389434}, "datetime": {"datetime": "2021-03-24 02:20:25", "elapsed": 142.677547, "delta": 1.306287}}
{"target": -0.3817460358173222, "params": {"model__colsample_bylevel": 0.46291303054907523, "model__colsample_bynode": 0.3160445158730261, "model__colsample_bytree": 0.9527487828561549, "model__learning_rate": 0.29734264922251297, "model__max_depth": 5.786429678791544, "model__n_estimators": 26.172024334108094, "model__reg_lambda": 5.788583059567184}, "datetime": {"datetime": "2021-03-24 02:20:26", "elapsed": 143.976288, "delta": 1.298741}}
{"target": -0.36716047463790125, "params": {"model__colsample_bylevel": 0.3535302847761163, "model__colsample_bynode": 0.8775952494172254, "model__colsample_bytree": 0.36547547469935754, "model__learning_rate": 0.2240665830450047, "model__max_depth": 4.03318345477672, "model__n_estimators": 23.378147274242146, "model__reg_lambda": 7.254491420418557}, "datetime": {"datetime": "2021-03-24 02:20:28", "elapsed": 145.744649, "delta": 1.768361}}
{"target": -0.3389818961826572, "params": {"model__colsample_bylevel": 1.0, "model__colsample_bynode": 0.9999999998982787, "model__colsample_bytree": 1.0, "model__learning_rate": 0.3, "model__max_depth": 8.0, "model__n_estimators": 28.947258407317875, "model__reg_lambda": 10.0}, "datetime": {"datetime": "2021-03-24 02:20:29", "elapsed": 146.945559, "delta": 1.20091}}
{"target": -0.3595369250810556, "params": {"model__colsample_bylevel": 0.3, "model__colsample_bynode": 1.0, "model__colsample_bytree": 1.0, "model__learning_rate": 0.3, "model__max_depth": 8.0, "model__n_estimators": 17.13394749381, "model__reg_lambda": 6.255363265221514}, "datetime": {"datetime": "2021-03-24 02:20:30", "elapsed": 148.212575, "delta": 1.267016}}
{"target": -0.3529061941813806, "params": {"model__colsample_bylevel": 0.47217545315694454, "model__colsample_bynode": 0.9017881173980224, "model__colsample_bytree": 0.47007632692460666, "model__learning_rate": 0.2656286896706234, "model__max_depth": 5.179151176729192, "model__n_estimators": 22.356984113973482, "model__reg_lambda": 0.04121278054455946}, "datetime": {"datetime": "2021-03-24 02:20:32", "elapsed": 149.407026, "delta": 1.194451}}
{"target": -0.3503075848659163, "params": {"model__colsample_bylevel": 0.38862884925931185, "model__colsample_bynode": 0.5855305942459139, "model__colsample_bytree": 1.0, "model__learning_rate": 0.3, "model__max_depth": 3.8169654496012067, "model__n_estimators": 21.5784202837765, "model__reg_lambda": 2.964894654759487}, "datetime": {"datetime": "2021-03-24 02:20:33", "elapsed": 150.605769, "delta": 1.198743}}
{"target": -0.34738050948700233, "params": {"model__colsample_bylevel": 0.971988506114396, "model__colsample_bynode": 0.9786887249338649, "model__colsample_bytree": 0.9415040093524811, "model__learning_rate": 0.17108516345452368, "model__max_depth": 2.6328984920965492, "model__n_estimators": 29.71966167738699, "model__reg_lambda": 2.0356493397939204}, "datetime": {"datetime": "2021-03-24 02:20:34", "elapsed": 151.981187, "delta": 1.375418}}
{"target": -0.34603768319357187, "params": {"model__colsample_bylevel": 0.9008737773931641, "model__colsample_bynode": 0.9496195809825785, "model__colsample_bytree": 0.421957350885371, "model__learning_rate": 0.2768996379322383, "model__max_depth": 6.71083994634667, "model__n_estimators": 26.639693531547707, "model__reg_lambda": 8.190379553154335}, "datetime": {"datetime": "2021-03-24 02:20:36", "elapsed": 153.339153, "delta": 1.357966}}
{"target": -0.3390213492100356, "params": {"model__colsample_bylevel": 0.9882446921997772, "model__colsample_bynode": 0.9849384455225036, "model__colsample_bytree": 0.8744740719587616, "model__learning_rate": 0.28178682275110223, "model__max_depth": 5.139358254218613, "model__n_estimators": 24.254690386003926, "model__reg_lambda": 7.188294051438441}, "datetime": {"datetime": "2021-03-24 02:20:37", "elapsed": 154.767056, "delta": 1.427903}}
{"target": -0.34498011442053167, "params": {"model__colsample_bylevel": 0.39513624040548834, "model__colsample_bynode": 0.9751683417442958, "model__colsample_bytree": 0.958991819724867, "model__learning_rate": 0.2620596357044037, "model__max_depth": 2.3570540196207856, "model__n_estimators": 27.931528654676338, "model__reg_lambda": 0.0906019465976482}, "datetime": {"datetime": "2021-03-24 02:20:38", "elapsed": 156.255985, "delta": 1.488929}}
{"target": -0.32263957134809046, "params": {"model__colsample_bylevel": 0.5530189317869056, "model__colsample_bynode": 0.777332232528374, "model__colsample_bytree": 0.3238602707591003, "model__learning_rate": 0.29684679289423443, "model__max_depth": 2.205554210968673, "model__n_estimators": 29.963953798807214, "model__reg_lambda": 1.8650201997430904}, "datetime": {"datetime": "2021-03-24 02:20:40", "elapsed": 157.608828, "delta": 1.352843}}
{"target": -0.379037751685963, "params": {"model__colsample_bylevel": 0.3, "model__colsample_bynode": 1.0, "model__colsample_bytree": 1.0, "model__learning_rate": 0.3, "model__max_depth": 5.446501730554448, "model__n_estimators": 15.0, "model__reg_lambda": 7.201793089229737}, "datetime": {"datetime": "2021-03-24 02:20:41", "elapsed": 159.066025, "delta": 1.457197}}
{"target": -0.3474577045901611, "params": {"model__colsample_bylevel": 1.0, "model__colsample_bynode": 1.0, "model__colsample_bytree": 1.0, "model__learning_rate": 0.3, "model__max_depth": 8.0, "model__n_estimators": 19.09121870946401, "model__reg_lambda": 5.10407915098941}, "datetime": {"datetime": "2021-03-24 02:20:43", "elapsed": 160.501108, "delta": 1.435083}}
{"target": -0.3394730912278528, "params": {"model__colsample_bylevel": 0.8520766621586884, "model__colsample_bynode": 0.8605497356409422, "model__colsample_bytree": 0.9996559141919863, "model__learning_rate": 0.2987327673398738, "model__max_depth": 4.438420693347488, "model__n_estimators": 27.764058522309575, "model__reg_lambda": 7.659305899458571}, "datetime": {"datetime": "2021-03-24 02:20:44", "elapsed": 161.956603, "delta": 1.455495}}
{"target": -0.33547042099239327, "params": {"model__colsample_bylevel": 0.9617697713157423, "model__colsample_bynode": 0.6013601946055545, "model__colsample_bytree": 0.893555050398267, "model__learning_rate": 0.29421730200685836, "model__max_depth": 2.085320913511928, "model__n_estimators": 24.775977354634215, "model__reg_lambda": 0.02827462242548151}, "datetime": {"datetime": "2021-03-24 02:20:46", "elapsed": 163.509821, "delta": 1.553218}}
{"target": -0.3830787152477094, "params": {"model__colsample_bylevel": 0.9292813276961294, "model__colsample_bynode": 0.7857498961815984, "model__colsample_bytree": 0.97604392495134, "model__learning_rate": 0.13162666863102715, "model__max_depth": 7.922477256195948, "model__n_estimators": 24.732704684188448, "model__reg_lambda": 2.6368057822338775}, "datetime": {"datetime": "2021-03-24 02:20:47", "elapsed": 164.698526, "delta": 1.188705}}
{"target": -0.3206771073384595, "params": {"model__colsample_bylevel": 0.4965035969276921, "model__colsample_bynode": 0.9321401262474727, "model__colsample_bytree": 0.3657175958779368, "model__learning_rate": 0.261477848711554, "model__max_depth": 7.275656619978339, "model__n_estimators": 23.797901420375076, "model__reg_lambda": 0.11907470970139}, "datetime": {"datetime": "2021-03-24 02:20:48", "elapsed": 166.109894, "delta": 1.411368}}
{"target": -0.36365988236089386, "params": {"model__colsample_bylevel": 1.0, "model__colsample_bynode": 0.3, "model__colsample_bytree": 0.3, "model__learning_rate": 0.3, "model__max_depth": 8.0, "model__n_estimators": 20.642992433320003, "model__reg_lambda": 1.7496456550877892}, "datetime": {"datetime": "2021-03-24 02:20:50", "elapsed": 167.417068, "delta": 1.307174}}
{"target": -0.3645995612944598, "params": {"model__colsample_bylevel": 1.0, "model__colsample_bynode": 1.0, "model__colsample_bytree": 1.0, "model__learning_rate": 0.3, "model__max_depth": 2.0, "model__n_estimators": 25.013184083832286, "model__reg_lambda": 10.0}, "datetime": {"datetime": "2021-03-24 02:20:51", "elapsed": 168.635242, "delta": 1.218174}}
{"target": -0.35713525553726577, "params": {"model__colsample_bylevel": 0.9901280962491537, "model__colsample_bynode": 0.9619390956117335, "model__colsample_bytree": 0.7049159697846472, "model__learning_rate": 0.29724419656342393, "model__max_depth": 7.735257187964285, "model__n_estimators": 22.302380138399464, "model__reg_lambda": 3.4799323682393535}, "datetime": {"datetime": "2021-03-24 02:20:52", "elapsed": 169.969163, "delta": 1.333921}}
