{"target": -0.37886087957961967, "params": {"model__colsample_bylevel": 0.6301415503356678, "model__colsample_bynode": 0.9712796980047487, "model__colsample_bytree": 0.915881885716006, "model__learning_rate": 0.29712811520447324, "model__max_depth": 6.633569191065785, "model__n_estimators": 18.226528997351384, "model__reg_lambda": 0.11904747496040313}, "datetime": {"datetime": "2021-03-24 02:22:08", "elapsed": 245.751768, "delta": 1.703736}}
{"target": -0.35867464313540015, "params": {"model__colsample_bylevel": 0.9390248976704774, "model__colsample_bynode": 0.9111013676692272, "model__colsample_bytree": 0.9704774842121293, "model__learning_rate": 0.2642325173781864, "model__max_depth": 7.816593149894473, "model__n_estimators": 21.089989528025107, "model__reg_lambda": 9.977001922387558}, "datetime": {"datetime": "2021-03-24 02:22:09", "elapsed": 247.319897, "delta": 1.568129}}
{"target": -0.3350607014314332, "params": {"model__colsample_bylevel": 0.32694719317102744, "model__colsample_bynode": 0.9837412059991602, "model__colsample_bytree": 0.37521157993600607, "model__learning_rate": 0.29725708879411317, "model__max_depth": 4.658836336633434, "model__n_estimators": 18.567922155848947, "model__reg_lambda": 0.07051833455458789}, "datetime": {"datetime": "2021-03-24 02:22:11", "elapsed": 248.659916, "delta": 1.340019}}
{"target": -0.34399504684438204, "params": {"model__colsample_bylevel": 0.34818029764866376, "model__colsample_bynode": 0.932541646137037, "model__colsample_bytree": 0.3859568468809218, "model__learning_rate": 0.13206374050022948, "model__max_depth": 3.7784611275324016, "model__n_estimators": 26.399317751888702, "model__reg_lambda": 0.17782824543852715}, "datetime": {"datetime": "2021-03-24 02:22:12", "elapsed": 250.144095, "delta": 1.484179}}
{"target": -0.3620142144657186, "params": {"model__colsample_bylevel": 0.3308489088621991, "model__colsample_bynode": 0.9956892562118578, "model__colsample_bytree": 0.9984494097359873, "model__learning_rate": 0.2239921305610094, "model__max_depth": 7.96912163648944, "model__n_estimators": 15.521392602268776, "model__reg_lambda": 4.015152406666596}, "datetime": {"datetime": "2021-03-24 02:22:14", "elapsed": 252.090135, "delta": 1.94604}}
{"target": -0.3414917196462646, "params": {"model__colsample_bylevel": 0.9052759190494954, "model__colsample_bynode": 0.9468521046224905, "model__colsample_bytree": 0.9971770667660325, "model__learning_rate": 0.2983020428736863, "model__max_depth": 6.081595291121342, "model__n_estimators": 29.733645673347414, "model__reg_lambda": 7.440690022535568}, "datetime": {"datetime": "2021-03-24 02:22:16", "elapsed": 253.478191, "delta": 1.388056}}
{"target": -0.3373974694836669, "params": {"model__colsample_bylevel": 0.9999999742448118, "model__colsample_bynode": 1.0, "model__colsample_bytree": 0.9999999497633698, "model__learning_rate": 0.3, "model__max_depth": 7.999999987276898, "model__n_estimators": 26.63372166403733, "model__reg_lambda": 7.544197713681192}, "datetime": {"datetime": "2021-03-24 02:22:18", "elapsed": 255.556064, "delta": 2.077873}}
{"target": -0.33343256184784026, "params": {"model__colsample_bylevel": 0.3160604444630716, "model__colsample_bynode": 0.9134859374869204, "model__colsample_bytree": 0.7962443489383606, "model__learning_rate": 0.2938162767410071, "model__max_depth": 2.923937511470818, "model__n_estimators": 19.427980669632937, "model__reg_lambda": 1.3101382413253326}, "datetime": {"datetime": "2021-03-24 02:22:19", "elapsed": 256.986549, "delta": 1.430485}}
{"target": -0.3925889424962815, "params": {"model__colsample_bylevel": 0.9709968127376642, "model__colsample_bynode": 0.5845650693180865, "model__colsample_bytree": 0.9380935507277965, "model__learning_rate": 0.2936820929389018, "model__max_depth": 2.1295970875188255, "model__n_estimators": 15.026074089113441, "model__reg_lambda": 2.119316928780525}, "datetime": {"datetime": "2021-03-24 02:22:21", "elapsed": 258.853477, "delta": 1.866928}}
{"target": -0.34770140718378506, "params": {"model__colsample_bylevel": 0.8082485967225459, "model__colsample_bynode": 0.8525095659806872, "model__colsample_bytree": 0.4523210897931809, "model__learning_rate": 0.29795728237902386, "model__max_depth": 6.157470333654131, "model__n_estimators": 23.22646670556523, "model__reg_lambda": 5.947863106006804}, "datetime": {"datetime": "2021-03-24 02:22:23", "elapsed": 260.74141, "delta": 1.887933}}
{"target": -0.35478407692339653, "params": {"model__colsample_bylevel": 0.4560986826758812, "model__colsample_bynode": 0.31704675764720175, "model__colsample_bytree": 0.9099194741713899, "model__learning_rate": 0.28570150034608366, "model__max_depth": 2.1429965264203243, "model__n_estimators": 29.88927047205262, "model__reg_lambda": 9.234072121001093}, "datetime": {"datetime": "2021-03-24 02:22:24", "elapsed": 262.209474, "delta": 1.468064}}
{"target": -0.3661728191938575, "params": {"model__colsample_bylevel": 0.5223244718817616, "model__colsample_bynode": 0.31236533509984094, "model__colsample_bytree": 0.9648937414409238, "model__learning_rate": 0.28137326737244406, "model__max_depth": 2.213296380599985, "model__n_estimators": 23.89892861387785, "model__reg_lambda": 1.2458043929057128}, "datetime": {"datetime": "2021-03-24 02:22:26", "elapsed": 263.565402, "delta": 1.355928}}
{"target": -0.31935678956021246, "params": {"model__colsample_bylevel": 0.3290855105841134, "model__colsample_bynode": 0.9713034142464014, "model__colsample_bytree": 1.0, "model__learning_rate": 0.3, "model__max_depth": 7.530952538903962, "model__n_estimators": 16.135834802951646, "model__reg_lambda": 1.035289584665559}, "datetime": {"datetime": "2021-03-24 02:22:27", "elapsed": 265.168914, "delta": 1.603512}}
{"target": -0.34089473856602914, "params": {"model__colsample_bylevel": 0.9995875012152241, "model__colsample_bynode": 0.3591562037163848, "model__colsample_bytree": 0.9999999901545031, "model__learning_rate": 0.3, "model__max_depth": 2.982715155861708, "model__n_estimators": 21.31727652081257, "model__reg_lambda": 3.5853426318143984}, "datetime": {"datetime": "2021-03-24 02:22:29", "elapsed": 267.106003, "delta": 1.937089}}
{"target": -0.3292087803329881, "params": {"model__colsample_bylevel": 0.6294740608270426, "model__colsample_bynode": 0.3085065276224553, "model__colsample_bytree": 0.3022672572950036, "model__learning_rate": 0.24374693535905467, "model__max_depth": 4.283067570793668, "model__n_estimators": 29.993708835201755, "model__reg_lambda": 1.4803258130626196}, "datetime": {"datetime": "2021-03-24 02:22:31", "elapsed": 269.033071, "delta": 1.927068}}
{"target": -0.34140974492833454, "params": {"model__colsample_bylevel": 0.5331448885625705, "model__colsample_bynode": 0.8318212916008814, "model__colsample_bytree": 0.7789485310364058, "model__learning_rate": 0.2973276468926004, "model__max_depth": 7.95606954960242, "model__n_estimators": 21.090870895944295, "model__reg_lambda": 6.501529552392941}, "datetime": {"datetime": "2021-03-24 02:22:33", "elapsed": 270.359102, "delta": 1.326031}}
{"target": -0.32782159332334454, "params": {"model__colsample_bylevel": 0.9201863680429845, "model__colsample_bynode": 0.45261078656067394, "model__colsample_bytree": 0.9111655272096975, "model__learning_rate": 0.29918524057346185, "model__max_depth": 5.756040347694604, "model__n_estimators": 23.886845067189924, "model__reg_lambda": 8.58405991078271}, "datetime": {"datetime": "2021-03-24 02:22:34", "elapsed": 271.974961, "delta": 1.615859}}
{"target": -0.31957067209384504, "params": {"model__colsample_bylevel": 0.4085339857705682, "model__colsample_bynode": 0.30000000087109896, "model__colsample_bytree": 1.0, "model__learning_rate": 0.3, "model__max_depth": 2.6194334182216186, "model__n_estimators": 18.611950463727823, "model__reg_lambda": 1.244427116279313e-08}, "datetime": {"datetime": "2021-03-24 02:22:36", "elapsed": 273.778287, "delta": 1.803326}}
