{"target": -0.341505399672652, "params": {"model__colsample_bylevel": 0.9959815976217012, "model__colsample_bynode": 0.366011880981744, "model__colsample_bytree": 0.8189368090631455, "model__learning_rate": 0.24128954159873806, "model__max_depth": 7.67695007481325, "model__n_estimators": 29.74380013651675, "model__reg_lambda": 7.947949570980381}, "datetime": {"datetime": "2021-03-24 02:18:33", "elapsed": 31.257443, "delta": 1.375266}}
{"target": -0.34914757365063914, "params": {"model__colsample_bylevel": 0.3, "model__colsample_bynode": 0.3, "model__colsample_bytree": 1.0, "model__learning_rate": 0.3, "model__max_depth": 8.0, "model__n_estimators": 15.0, "model__reg_lambda": 1.9351990920669264}, "datetime": {"datetime": "2021-03-24 02:18:35", "elapsed": 32.480754, "delta": 1.223311}}
{"target": -0.3807135935259082, "params": {"model__colsample_bylevel": 0.9612366046211007, "model__colsample_bynode": 0.3193612395980349, "model__colsample_bytree": 0.502150149498057, "model__learning_rate": 0.29560307425250176, "model__max_depth": 5.2974956198048595, "model__n_estimators": 19.475415662756937, "model__reg_lambda": 0.12188306585637632}, "datetime": {"datetime": "2021-03-24 02:18:36", "elapsed": 33.742835, "delta": 1.262081}}
{"target": -0.35386459058170894, "params": {"model__colsample_bylevel": 1.0, "model__colsample_bynode": 1.0, "model__colsample_bytree": 0.3, "model__learning_rate": 0.3, "model__max_depth": 4.896589824904941, "model__n_estimators": 29.548396015179616, "model__reg_lambda": 8.735638490178248}, "datetime": {"datetime": "2021-03-24 02:18:37", "elapsed": 35.02607, "delta": 1.283235}}
{"target": -0.3126378692632568, "params": {"model__colsample_bylevel": 0.9809734332954936, "model__colsample_bynode": 0.6057243599341026, "model__colsample_bytree": 0.8704957138899574, "model__learning_rate": 0.2811002661795577, "model__max_depth": 7.7687011586141255, "model__n_estimators": 24.390165376756613, "model__reg_lambda": 3.4594580250488747}, "datetime": {"datetime": "2021-03-24 02:18:38", "elapsed": 36.213581, "delta": 1.187511}}
{"target": -0.358970254794627, "params": {"model__colsample_bylevel": 1.0, "model__colsample_bynode": 1.0, "model__colsample_bytree": 1.0, "model__learning_rate": 0.3, "model__max_depth": 8.0, "model__n_estimators": 15.15999080018074, "model__reg_lambda": 7.332222288482694}, "datetime": {"datetime": "2021-03-24 02:18:40", "elapsed": 37.347718, "delta": 1.134137}}
{"target": -0.3238582216880615, "params": {"model__colsample_bylevel": 0.37253488369278964, "model__colsample_bynode": 0.9794953490035652, "model__colsample_bytree": 0.9992500313675241, "model__learning_rate": 0.2775446844373578, "model__max_depth": 2.1636422723412263, "model__n_estimators": 29.1763878872321, "model__reg_lambda": 1.4324784740312047}, "datetime": {"datetime": "2021-03-24 02:18:41", "elapsed": 38.584, "delta": 1.236282}}
{"target": -0.33310818791362473, "params": {"model__colsample_bylevel": 0.3, "model__colsample_bynode": 0.9906171662776289, "model__colsample_bytree": 0.3908922567892747, "model__learning_rate": 0.3, "model__max_depth": 5.149834676255267, "model__n_estimators": 29.999338112717925, "model__reg_lambda": 2.0139401867392994}, "datetime": {"datetime": "2021-03-24 02:18:42", "elapsed": 39.865878, "delta": 1.281878}}
{"target": -0.37384878735005705, "params": {"model__colsample_bylevel": 0.3, "model__colsample_bynode": 1.0, "model__colsample_bytree": 1.0, "model__learning_rate": 0.3, "model__max_depth": 8.0, "model__n_estimators": 20.39279005904937, "model__reg_lambda": 0.0}, "datetime": {"datetime": "2021-03-24 02:18:43", "elapsed": 41.066253, "delta": 1.200375}}
{"target": -0.35309966753128974, "params": {"model__colsample_bylevel": 1.0, "model__colsample_bynode": 1.0, "model__colsample_bytree": 1.0, "model__learning_rate": 0.3, "model__max_depth": 3.471978239171247, "model__n_estimators": 19.681170989266427, "model__reg_lambda": 10.0}, "datetime": {"datetime": "2021-03-24 02:18:45", "elapsed": 42.572166, "delta": 1.505913}}
{"target": -0.3828585774097862, "params": {"model__colsample_bylevel": 0.43181218092107243, "model__colsample_bynode": 0.3629256781532084, "model__colsample_bytree": 0.87206479519804, "model__learning_rate": 0.19142056278797304, "model__max_depth": 2.344930507809628, "model__n_estimators": 15.136898110134537, "model__reg_lambda": 0.11074534725064922}, "datetime": {"datetime": "2021-03-24 02:18:46", "elapsed": 43.945065, "delta": 1.372899}}
{"target": -0.33530310767844484, "params": {"model__colsample_bylevel": 0.4679818543346061, "model__colsample_bynode": 0.930594783591199, "model__colsample_bytree": 0.8787978096247733, "model__learning_rate": 0.29011936612512235, "model__max_depth": 7.774947155982141, "model__n_estimators": 27.22766325801298, "model__reg_lambda": 9.741738886371145}, "datetime": {"datetime": "2021-03-24 02:18:47", "elapsed": 45.056575, "delta": 1.11151}}
{"target": -0.36231799268322334, "params": {"model__colsample_bylevel": 0.3, "model__colsample_bynode": 0.3, "model__colsample_bytree": 1.0, "model__learning_rate": 0.3, "model__max_depth": 5.284603040335336, "model__n_estimators": 17.440578404439677, "model__reg_lambda": 1.0980090057954437}, "datetime": {"datetime": "2021-03-24 02:18:48", "elapsed": 46.255863, "delta": 1.199288}}
{"target": -0.37659690685948166, "params": {"model__colsample_bylevel": 0.3, "model__colsample_bynode": 0.9999999987322928, "model__colsample_bytree": 0.3, "model__learning_rate": 0.3, "model__max_depth": 2.0, "model__n_estimators": 17.996649610750893, "model__reg_lambda": 0.0}, "datetime": {"datetime": "2021-03-24 02:18:50", "elapsed": 47.480985, "delta": 1.225122}}
{"target": -0.35149073388623214, "params": {"model__colsample_bylevel": 0.977805245882531, "model__colsample_bynode": 0.300806705729751, "model__colsample_bytree": 0.9989878036984534, "model__learning_rate": 0.28080442592162125, "model__max_depth": 7.94849765284235, "model__n_estimators": 25.52853099283149, "model__reg_lambda": 7.278498024655855}, "datetime": {"datetime": "2021-03-24 02:18:51", "elapsed": 48.748991, "delta": 1.268006}}
{"target": -0.33035181819349935, "params": {"model__colsample_bylevel": 1.0, "model__colsample_bynode": 1.0, "model__colsample_bytree": 1.0, "model__learning_rate": 0.3, "model__max_depth": 3.0880034948572694, "model__n_estimators": 20.30886079279413, "model__reg_lambda": 2.4286127557215775}, "datetime": {"datetime": "2021-03-24 02:18:52", "elapsed": 49.99374, "delta": 1.244749}}
{"target": -0.3370477893956653, "params": {"model__colsample_bylevel": 0.5484520024125225, "model__colsample_bynode": 0.4002326250623697, "model__colsample_bytree": 0.32127531138146986, "model__learning_rate": 0.28701871623269726, "model__max_depth": 7.292439622657584, "model__n_estimators": 29.51948856990724, "model__reg_lambda": 2.856861989206169}, "datetime": {"datetime": "2021-03-24 02:18:53", "elapsed": 51.023657, "delta": 1.029917}}
{"target": -0.33519409014927765, "params": {"model__colsample_bylevel": 1.0, "model__colsample_bynode": 0.3, "model__colsample_bytree": 1.0, "model__learning_rate": 0.3, "model__max_depth": 8.0, "model__n_estimators": 29.999999997811745, "model__reg_lambda": 1.8286151335850174}, "datetime": {"datetime": "2021-03-24 02:18:55", "elapsed": 52.469395, "delta": 1.445738}}
{"target": -0.34623507352451377, "params": {"model__colsample_bylevel": 1.0, "model__colsample_bynode": 1.0, "model__colsample_bytree": 1.0, "model__learning_rate": 0.3, "model__max_depth": 7.496352584211779, "model__n_estimators": 18.31815843903709, "model__reg_lambda": 9.09215468631072}, "datetime": {"datetime": "2021-03-24 02:18:56", "elapsed": 53.715849, "delta": 1.246454}}
{"target": -0.341867852161733, "params": {"model__colsample_bylevel": 0.3, "model__colsample_bynode": 1.0, "model__colsample_bytree": 1.0, "model__learning_rate": 0.3, "model__max_depth": 8.0, "model__n_estimators": 30.0, "model__reg_lambda": 10.0}, "datetime": {"datetime": "2021-03-24 02:18:57", "elapsed": 55.16636, "delta": 1.450511}}
{"target": -0.32904995592695696, "params": {"model__colsample_bylevel": 0.3, "model__colsample_bynode": 0.7869511172799429, "model__colsample_bytree": 1.0, "model__learning_rate": 0.3, "model__max_depth": 6.2143598365682635, "model__n_estimators": 22.74988552245194, "model__reg_lambda": 7.397608368521823}, "datetime": {"datetime": "2021-03-24 02:18:59", "elapsed": 56.419866, "delta": 1.253506}}
{"target": -0.33633833336601693, "params": {"model__colsample_bylevel": 0.7557241640826076, "model__colsample_bynode": 0.946473122679043, "model__colsample_bytree": 0.9539921354319292, "model__learning_rate": 0.29960756934374194, "model__max_depth": 7.662641355969524, "model__n_estimators": 28.087341579550426, "model__reg_lambda": 1.8359406888691854}, "datetime": {"datetime": "2021-03-24 02:19:00", "elapsed": 57.726512, "delta": 1.306646}}
{"target": -0.3455822175830954, "params": {"model__colsample_bylevel": 0.39617881272320565, "model__colsample_bynode": 0.3176123250021527, "model__colsample_bytree": 0.89854098501097, "model__learning_rate": 0.2821145191523606, "model__max_depth": 7.98710429152009, "model__n_estimators": 22.591247294702004, "model__reg_lambda": 3.2689894014573992}, "datetime": {"datetime": "2021-03-24 02:19:01", "elapsed": 58.863346, "delta": 1.136834}}
{"target": -0.3739945020335996, "params": {"model__colsample_bylevel": 0.3, "model__colsample_bynode": 1.0, "model__colsample_bytree": 0.3, "model__learning_rate": 0.3, "model__max_depth": 8.0, "model__n_estimators": 15.0, "model__reg_lambda": 0.0}, "datetime": {"datetime": "2021-03-24 02:19:02", "elapsed": 60.13011, "delta": 1.266764}}
{"target": -0.38150982221831453, "params": {"model__colsample_bylevel": 1.0, "model__colsample_bynode": 0.3, "model__colsample_bytree": 1.0, "model__learning_rate": 0.3, "model__max_depth": 4.221875781450006, "model__n_estimators": 15.0, "model__reg_lambda": 4.722468145297083}, "datetime": {"datetime": "2021-03-24 02:19:03", "elapsed": 61.328323, "delta": 1.198213}}
{"target": -0.38487074841691205, "params": {"model__colsample_bylevel": 1.0, "model__colsample_bynode": 0.3, "model__colsample_bytree": 1.0, "model__learning_rate": 0.3, "model__max_depth": 5.569678079279374, "model__n_estimators": 15.0, "model__reg_lambda": 10.0}, "datetime": {"datetime": "2021-03-24 02:19:05", "elapsed": 62.897644, "delta": 1.569321}}
{"target": -0.34036415600373104, "params": {"model__colsample_bylevel": 1.0, "model__colsample_bynode": 1.0, "model__colsample_bytree": 1.0, "model__learning_rate": 0.3, "model__max_depth": 6.845002786561048, "model__n_estimators": 20.60017316819932, "model__reg_lambda": 7.974782198817933}, "datetime": {"datetime": "2021-03-24 02:19:06", "elapsed": 64.090474, "delta": 1.19283}}
{"target": -0.3581005074610205, "params": {"model__colsample_bylevel": 0.3, "model__colsample_bynode": 1.0, "model__colsample_bytree": 0.3, "model__learning_rate": 0.3, "model__max_depth": 8.0, "model__n_estimators": 24.899345446547606, "model__reg_lambda": 8.959505772242862}, "datetime": {"datetime": "2021-03-24 02:19:08", "elapsed": 65.515222, "delta": 1.424748}}
{"target": -0.3502684121158487, "params": {"model__colsample_bylevel": 0.3, "model__colsample_bynode": 0.9511273753254622, "model__colsample_bytree": 1.0, "model__learning_rate": 0.3, "model__max_depth": 5.130078346614911, "model__n_estimators": 21.373856485858823, "model__reg_lambda": 9.965839984064143}, "datetime": {"datetime": "2021-03-24 02:19:09", "elapsed": 66.782895, "delta": 1.267673}}
{"target": -0.35103090714116625, "params": {"model__colsample_bylevel": 0.4006329649220919, "model__colsample_bynode": 0.42726941149509845, "model__colsample_bytree": 0.35482192921055267, "model__learning_rate": 0.2924105403245614, "model__max_depth": 7.967537448730074, "model__n_estimators": 26.779706982653266, "model__reg_lambda": 2.0892798407179045}, "datetime": {"datetime": "2021-03-24 02:19:10", "elapsed": 68.070351, "delta": 1.287456}}
{"target": -0.3356977427201143, "params": {"model__colsample_bylevel": 0.3728295060106625, "model__colsample_bynode": 0.8078435183940091, "model__colsample_bytree": 0.9727456211450305, "model__learning_rate": 0.2639705683110284, "model__max_depth": 7.783907833619008, "model__n_estimators": 29.63331210567283, "model__reg_lambda": 6.801611209103137}, "datetime": {"datetime": "2021-03-24 02:19:12", "elapsed": 69.365989, "delta": 1.295638}}
{"target": -0.36675248218369605, "params": {"model__colsample_bylevel": 0.42207310760922717, "model__colsample_bynode": 0.3, "model__colsample_bytree": 1.0, "model__learning_rate": 0.3, "model__max_depth": 8.0, "model__n_estimators": 18.975682206915362, "model__reg_lambda": 4.061499310503719}, "datetime": {"datetime": "2021-03-24 02:19:13", "elapsed": 70.597543, "delta": 1.231554}}
{"target": -0.32887099339235304, "params": {"model__colsample_bylevel": 0.9739734434206699, "model__colsample_bynode": 0.8712324450144553, "model__colsample_bytree": 0.8925736637859405, "model__learning_rate": 0.28501465253653074, "model__max_depth": 2.0692564550148917, "model__n_estimators": 27.804165193312052, "model__reg_lambda": 5.2858154884225375}, "datetime": {"datetime": "2021-03-24 02:19:14", "elapsed": 71.927651, "delta": 1.330108}}
{"target": -0.36885171329730826, "params": {"model__colsample_bylevel": 1.0, "model__colsample_bynode": 0.3, "model__colsample_bytree": 1.0, "model__learning_rate": 0.3, "model__max_depth": 4.078657829730586, "model__n_estimators": 20.436300861805158, "model__reg_lambda": 8.819986537181476}, "datetime": {"datetime": "2021-03-24 02:19:15", "elapsed": 73.308919, "delta": 1.381268}}
{"target": -0.36474591006821805, "params": {"model__colsample_bylevel": 0.9770155430007021, "model__colsample_bynode": 0.37232936748456164, "model__colsample_bytree": 0.9985181286569869, "model__learning_rate": 0.2922202332038837, "model__max_depth": 7.764070811529959, "model__n_estimators": 15.949782292425052, "model__reg_lambda": 4.048524298812208}, "datetime": {"datetime": "2021-03-24 02:19:17", "elapsed": 74.650803, "delta": 1.341884}}
{"target": -0.35785697961658025, "params": {"model__colsample_bylevel": 1.0, "model__colsample_bynode": 1.0, "model__colsample_bytree": 0.3, "model__learning_rate": 0.3, "model__max_depth": 4.018124850772451, "model__n_estimators": 23.312976577691163, "model__reg_lambda": 10.0}, "datetime": {"datetime": "2021-03-24 02:19:18", "elapsed": 76.008963, "delta": 1.35816}}
{"target": -0.3493073830981671, "params": {"model__colsample_bylevel": 0.9078105916268986, "model__colsample_bynode": 0.9953232156983074, "model__colsample_bytree": 0.921242050170826, "model__learning_rate": 0.2825659239588987, "model__max_depth": 7.021150327819132, "model__n_estimators": 25.035521858761435, "model__reg_lambda": 5.255380477242971}, "datetime": {"datetime": "2021-03-24 02:19:20", "elapsed": 77.467189, "delta": 1.458226}}
{"target": -0.3334120981209655, "params": {"model__colsample_bylevel": 1.0, "model__colsample_bynode": 1.0, "model__colsample_bytree": 1.0, "model__learning_rate": 0.3, "model__max_depth": 3.6860505351786728, "model__n_estimators": 27.526279076041583, "model__reg_lambda": 5.0673194295876645}, "datetime": {"datetime": "2021-03-24 02:19:21", "elapsed": 78.936093, "delta": 1.468904}}
{"target": -0.3748449426488546, "params": {"model__colsample_bylevel": 0.308639261441134, "model__colsample_bynode": 0.3173658820223703, "model__colsample_bytree": 0.3793194518748346, "model__learning_rate": 0.2573629145153213, "model__max_depth": 7.167191720431611, "model__n_estimators": 28.550013824784838, "model__reg_lambda": 9.97904428349446}, "datetime": {"datetime": "2021-03-24 02:19:22", "elapsed": 80.211694, "delta": 1.275601}}
{"target": -0.342146266374629, "params": {"model__colsample_bylevel": 0.9491739786862943, "model__colsample_bynode": 0.7671027551363334, "model__colsample_bytree": 0.5189833208067354, "model__learning_rate": 0.2997124946634202, "model__max_depth": 2.6131144933344657, "model__n_estimators": 28.478821900712568, "model__reg_lambda": 3.0797724910642312}, "datetime": {"datetime": "2021-03-24 02:19:23", "elapsed": 81.309114, "delta": 1.09742}}
{"target": -0.35320263952046355, "params": {"model__colsample_bylevel": 0.3953091981601195, "model__colsample_bynode": 0.9838869683487637, "model__colsample_bytree": 0.4129735988371222, "model__learning_rate": 0.2892961748715259, "model__max_depth": 2.3859672296231107, "model__n_estimators": 26.27071534908992, "model__reg_lambda": 0.31118960369758253}, "datetime": {"datetime": "2021-03-24 02:19:25", "elapsed": 82.36676, "delta": 1.057646}}
{"target": -0.34989405766743625, "params": {"model__colsample_bylevel": 0.3, "model__colsample_bynode": 1.0, "model__colsample_bytree": 1.0, "model__learning_rate": 0.3, "model__max_depth": 2.7472926224385517, "model__n_estimators": 20.90415957254706, "model__reg_lambda": 7.008894546003064}, "datetime": {"datetime": "2021-03-24 02:19:26", "elapsed": 83.620372, "delta": 1.253612}}
{"target": -0.3237139162307173, "params": {"model__colsample_bylevel": 0.9076415755727325, "model__colsample_bynode": 0.3527900082319064, "model__colsample_bytree": 0.7498766146346822, "model__learning_rate": 0.28367807365014597, "model__max_depth": 2.253200928262216, "model__n_estimators": 20.042004116541335, "model__reg_lambda": 0.023555205372047805}, "datetime": {"datetime": "2021-03-24 02:19:27", "elapsed": 84.866485, "delta": 1.246113}}
{"target": -0.3412590501996591, "params": {"model__colsample_bylevel": 0.3, "model__colsample_bynode": 0.3, "model__colsample_bytree": 0.3, "model__learning_rate": 0.3, "model__max_depth": 5.256306471637371, "model__n_estimators": 24.629319279997144, "model__reg_lambda": 0.0}, "datetime": {"datetime": "2021-03-24 02:19:28", "elapsed": 86.330625, "delta": 1.46414}}
{"target": -0.37505519665656206, "params": {"model__colsample_bylevel": 0.3, "model__colsample_bynode": 1.0, "model__colsample_bytree": 1.0, "model__learning_rate": 0.3, "model__max_depth": 5.334979135613368, "model__n_estimators": 16.740585585108516, "model__reg_lambda": 10.0}, "datetime": {"datetime": "2021-03-24 02:19:30", "elapsed": 87.721737, "delta": 1.391112}}
{"target": -0.34411615281014873, "params": {"model__colsample_bylevel": 0.3297617341153383, "model__colsample_bynode": 1.0, "model__colsample_bytree": 0.30000000023942586, "model__learning_rate": 0.3, "model__max_depth": 8.0, "model__n_estimators": 28.170003110068464, "model__reg_lambda": 8.121622290989285}, "datetime": {"datetime": "2021-03-24 02:19:31", "elapsed": 89.254681, "delta": 1.532944}}
{"target": -0.345041309192311, "params": {"model__colsample_bylevel": 1.0, "model__colsample_bynode": 1.0, "model__colsample_bytree": 1.0, "model__learning_rate": 0.3, "model__max_depth": 2.0, "model__n_estimators": 16.356243264707867, "model__reg_lambda": 0.0}, "datetime": {"datetime": "2021-03-24 02:19:33", "elapsed": 90.654051, "delta": 1.39937}}
{"target": -0.3618361570926356, "params": {"model__colsample_bylevel": 0.3295865393045636, "model__colsample_bynode": 0.9750948723962358, "model__colsample_bytree": 0.4965594248868877, "model__learning_rate": 0.29528361654125856, "model__max_depth": 2.0039027607052375, "model__n_estimators": 29.02889134052353, "model__reg_lambda": 7.460690928422381}, "datetime": {"datetime": "2021-03-24 02:19:34", "elapsed": 91.707294, "delta": 1.053243}}
{"target": -0.3388696706435387, "params": {"model__colsample_bylevel": 0.9319918942039762, "model__colsample_bynode": 0.6042329400639812, "model__colsample_bytree": 0.9258675555662423, "model__learning_rate": 0.24777391097010126, "model__max_depth": 7.962512416374062, "model__n_estimators": 23.851889506556674, "model__reg_lambda": 1.6674723428360416}, "datetime": {"datetime": "2021-03-24 02:19:35", "elapsed": 93.134621, "delta": 1.427327}}
{"target": -0.4066664328042796, "params": {"model__colsample_bylevel": 0.3, "model__colsample_bynode": 0.3, "model__colsample_bytree": 1.0, "model__learning_rate": 0.3, "model__max_depth": 8.0, "model__n_estimators": 15.000000016929322, "model__reg_lambda": 9.999999982361015}, "datetime": {"datetime": "2021-03-24 02:19:37", "elapsed": 94.621472, "delta": 1.486851}}
{"target": -0.3252971596664925, "params": {"model__colsample_bylevel": 0.5289511510370405, "model__colsample_bynode": 0.30946839769038326, "model__colsample_bytree": 0.9717083143215195, "model__learning_rate": 0.20805575524382944, "model__max_depth": 3.5470578624153903, "model__n_estimators": 29.917717151462092, "model__reg_lambda": 2.2026442457360798}, "datetime": {"datetime": "2021-03-24 02:19:38", "elapsed": 96.041588, "delta": 1.420116}}
{"target": -0.3298851566129377, "params": {"model__colsample_bylevel": 0.4226875645849671, "model__colsample_bynode": 0.838483858996899, "model__colsample_bytree": 0.9428092014446341, "model__learning_rate": 0.2946671822762599, "model__max_depth": 7.932370895649474, "model__n_estimators": 29.475818104682634, "model__reg_lambda": 4.388003534565426}, "datetime": {"datetime": "2021-03-24 02:19:39", "elapsed": 97.329916, "delta": 1.288328}}
{"target": -0.3541183138919144, "params": {"model__colsample_bylevel": 0.4691060702113379, "model__colsample_bynode": 0.9533475290642921, "model__colsample_bytree": 0.8905830215551911, "model__learning_rate": 0.29645996639291283, "model__max_depth": 6.801815599174246, "model__n_estimators": 24.40607999378304, "model__reg_lambda": 3.3220029682755947}, "datetime": {"datetime": "2021-03-24 02:19:41", "elapsed": 98.576221, "delta": 1.246305}}
{"target": -0.37597524907905605, "params": {"model__colsample_bylevel": 1.0, "model__colsample_bynode": 0.3, "model__colsample_bytree": 0.3, "model__learning_rate": 0.3, "model__max_depth": 7.9999999982903125, "model__n_estimators": 15.037207179540035, "model__reg_lambda": 1.386621288912259}, "datetime": {"datetime": "2021-03-24 02:19:42", "elapsed": 99.792383, "delta": 1.216162}}
