{"target": -0.36081465528552437, "params": {"model__colsample_bylevel": 1.0, "model__colsample_bynode": 1.0, "model__colsample_bytree": 1.0, "model__learning_rate": 0.3, "model__max_depth": 3.733251361436955, "model__n_estimators": 16.814489562858235, "model__reg_lambda": 3.6522649841117762}, "datetime": {"datetime": "2021-03-24 02:20:54", "elapsed": 171.526352, "delta": 1.557189}}
{"target": -0.32308294831680645, "params": {"model__colsample_bylevel": 0.7981326248187841, "model__colsample_bynode": 0.946502496810278, "model__colsample_bytree": 0.8346413128883987, "model__learning_rate": 0.29701406065554053, "model__max_depth": 4.449110725960923, "model__n_estimators": 27.979022252550855, "model__reg_lambda": 9.980590127291306}, "datetime": {"datetime": "2021-03-24 02:20:55", "elapsed": 173.241558, "delta": 1.715206}}
{"target": -0.3206614624536799, "params": {"model__colsample_bylevel": 0.6863985942176889, "model__colsample_bynode": 0.39176498869301435, "model__colsample_bytree": 0.6552579480407594, "model__learning_rate": 0.29836603211725043, "model__max_depth": 7.865613177160656, "model__n_estimators": 23.932995382943346, "model__reg_lambda": 4.283340695587276}, "datetime": {"datetime": "2021-03-24 02:20:57", "elapsed": 174.783254, "delta": 1.541696}}
{"target": -0.34061079966882923, "params": {"model__colsample_bylevel": 0.9711299047361774, "model__colsample_bynode": 0.32738844188249944, "model__colsample_bytree": 0.9953208792873585, "model__learning_rate": 0.29141593502745233, "model__max_depth": 6.129294945503339, "model__n_estimators": 28.75315266497784, "model__reg_lambda": 9.72764802153018}, "datetime": {"datetime": "2021-03-24 02:20:58", "elapsed": 176.31413, "delta": 1.530876}}
{"target": -0.33454726218782443, "params": {"model__colsample_bylevel": 0.9966689820808063, "model__colsample_bynode": 0.9780386087594086, "model__colsample_bytree": 0.4473586854648089, "model__learning_rate": 0.2838871162299804, "model__max_depth": 5.99619035276846, "model__n_estimators": 27.48662794270639, "model__reg_lambda": 2.2186065269461865}, "datetime": {"datetime": "2021-03-24 02:21:00", "elapsed": 177.750026, "delta": 1.435896}}
{"target": -0.3427568155900994, "params": {"model__colsample_bylevel": 0.3100561422856759, "model__colsample_bynode": 0.9885041471072908, "model__colsample_bytree": 0.8103384149520916, "model__learning_rate": 0.2808209720214621, "model__max_depth": 6.29218619105564, "model__n_estimators": 28.084721384785503, "model__reg_lambda": 4.98996079143558}, "datetime": {"datetime": "2021-03-24 02:21:01", "elapsed": 179.001052, "delta": 1.251026}}
{"target": -0.3413214858290672, "params": {"model__colsample_bylevel": 0.3, "model__colsample_bynode": 1.0, "model__colsample_bytree": 0.8474662852563175, "model__learning_rate": 0.3, "model__max_depth": 5.657289927988548, "model__n_estimators": 28.16136628560363, "model__reg_lambda": 8.46465931220656}, "datetime": {"datetime": "2021-03-24 02:21:03", "elapsed": 180.366895, "delta": 1.365843}}
{"target": -0.3449313188793789, "params": {"model__colsample_bylevel": 0.3, "model__colsample_bynode": 1.0, "model__colsample_bytree": 1.0, "model__learning_rate": 0.3, "model__max_depth": 3.4921406071723475, "model__n_estimators": 23.235040379315546, "model__reg_lambda": 0.21108428622031766}, "datetime": {"datetime": "2021-03-24 02:21:04", "elapsed": 181.729647, "delta": 1.362752}}
{"target": -0.33510127205442153, "params": {"model__colsample_bylevel": 0.3302425873189971, "model__colsample_bynode": 0.971719072251922, "model__colsample_bytree": 0.9392792844240763, "model__learning_rate": 0.23137073715728299, "model__max_depth": 4.0375841509271035, "model__n_estimators": 19.260462876102192, "model__reg_lambda": 0.006820664415497779}, "datetime": {"datetime": "2021-03-24 02:21:05", "elapsed": 183.125958, "delta": 1.396311}}
{"target": -0.3588821476760685, "params": {"model__colsample_bylevel": 0.4839869474870554, "model__colsample_bynode": 0.35795473257685256, "model__colsample_bytree": 0.32528037763473716, "model__learning_rate": 0.27373491313093457, "model__max_depth": 7.530682775996389, "model__n_estimators": 23.813618397252494, "model__reg_lambda": 1.203664980846969}, "datetime": {"datetime": "2021-03-24 02:21:06", "elapsed": 184.325559, "delta": 1.199601}}
{"target": -0.34955818796651844, "params": {"model__colsample_bylevel": 0.3668883433823108, "model__colsample_bynode": 0.3530486717182504, "model__colsample_bytree": 0.9586150718617126, "model__learning_rate": 0.23698661672380797, "model__max_depth": 2.2443207993104664, "model__n_estimators": 29.928939625840265, "model__reg_lambda": 1.8438398744645423}, "datetime": {"datetime": "2021-03-24 02:21:08", "elapsed": 185.602794, "delta": 1.277235}}
{"target": -0.3493220739424283, "params": {"model__colsample_bylevel": 0.3, "model__colsample_bynode": 0.9870669266311852, "model__colsample_bytree": 1.0, "model__learning_rate": 0.3, "model__max_depth": 5.613925737539574, "model__n_estimators": 17.407097157524735, "model__reg_lambda": 4.040492211159943}, "datetime": {"datetime": "2021-03-24 02:21:09", "elapsed": 187.014827, "delta": 1.412033}}
{"target": -0.33353137540280064, "params": {"model__colsample_bylevel": 0.9998732238684294, "model__colsample_bynode": 0.9751477594875737, "model__colsample_bytree": 0.9944241072308893, "model__learning_rate": 0.28684177928601295, "model__max_depth": 6.254072960621022, "model__n_estimators": 27.578915131541187, "model__reg_lambda": 9.976580709038702}, "datetime": {"datetime": "2021-03-24 02:21:11", "elapsed": 188.80184, "delta": 1.787013}}
{"target": -0.3317502168503225, "params": {"model__colsample_bylevel": 0.9638158018937995, "model__colsample_bynode": 0.9840885922226239, "model__colsample_bytree": 0.566794856199045, "model__learning_rate": 0.2983264984199477, "model__max_depth": 3.6691392524395314, "model__n_estimators": 29.99345193127318, "model__reg_lambda": 4.425789443436589}, "datetime": {"datetime": "2021-03-24 02:21:12", "elapsed": 190.154977, "delta": 1.353137}}
{"target": -0.3214442139268731, "params": {"model__colsample_bylevel": 0.3877472081033205, "model__colsample_bynode": 0.3219950605196478, "model__colsample_bytree": 0.9916429162873, "model__learning_rate": 0.25341609781761976, "model__max_depth": 3.2183798692153793, "model__n_estimators": 19.42669321845449, "model__reg_lambda": 1.1330856560978753}, "datetime": {"datetime": "2021-03-24 02:21:14", "elapsed": 191.85737, "delta": 1.702393}}
{"target": -0.3415890187734528, "params": {"model__colsample_bylevel": 0.4437365565810287, "model__colsample_bynode": 0.9739971414993578, "model__colsample_bytree": 0.488700397329511, "model__learning_rate": 0.26931444566079904, "model__max_depth": 7.91009376271233, "model__n_estimators": 22.955635328269178, "model__reg_lambda": 0.5369404459759441}, "datetime": {"datetime": "2021-03-24 02:21:15", "elapsed": 193.104521, "delta": 1.247151}}
{"target": -0.3540842806701076, "params": {"model__colsample_bylevel": 0.31102833821433934, "model__colsample_bynode": 0.9743088641620601, "model__colsample_bytree": 0.8792273962014456, "model__learning_rate": 0.25837427078337627, "model__max_depth": 7.8715401750025045, "model__n_estimators": 19.681779648526998, "model__reg_lambda": 2.0888692929444064}, "datetime": {"datetime": "2021-03-24 02:21:17", "elapsed": 194.566457, "delta": 1.461936}}
{"target": -0.36478990257639216, "params": {"model__colsample_bylevel": 0.5821229572518511, "model__colsample_bynode": 0.8797802972732858, "model__colsample_bytree": 0.7885738628215619, "model__learning_rate": 0.3, "model__max_depth": 5.9536992318397495, "model__n_estimators": 24.086249286185325, "model__reg_lambda": 0.11405033062014763}, "datetime": {"datetime": "2021-03-24 02:21:18", "elapsed": 195.949358, "delta": 1.382901}}
{"target": -0.3168742369475734, "params": {"model__colsample_bylevel": 0.3791314315416396, "model__colsample_bynode": 0.9992532872363236, "model__colsample_bytree": 0.7836787446539581, "model__learning_rate": 0.29889260780711, "model__max_depth": 7.994669519069511, "model__n_estimators": 26.05980794665588, "model__reg_lambda": 7.311720499992632}, "datetime": {"datetime": "2021-03-24 02:21:20", "elapsed": 197.444988, "delta": 1.49563}}
{"target": -0.3238745254005535, "params": {"model__colsample_bylevel": 0.3688732087297294, "model__colsample_bynode": 0.9236566645349602, "model__colsample_bytree": 0.41018323822543834, "model__learning_rate": 0.2809699056763463, "model__max_depth": 7.965236152720047, "model__n_estimators": 29.462899723102097, "model__reg_lambda": 1.664692640577583}, "datetime": {"datetime": "2021-03-24 02:21:21", "elapsed": 198.749023, "delta": 1.304035}}
{"target": -0.3718379509247218, "params": {"model__colsample_bylevel": 1.0, "model__colsample_bynode": 0.3, "model__colsample_bytree": 1.0, "model__learning_rate": 0.3, "model__max_depth": 2.289246261924246, "model__n_estimators": 17.62234151466992, "model__reg_lambda": 2.132710727686739}, "datetime": {"datetime": "2021-03-24 02:21:22", "elapsed": 200.144038, "delta": 1.395015}}
{"target": -0.34130073737258604, "params": {"model__colsample_bylevel": 1.0, "model__colsample_bynode": 1.0, "model__colsample_bytree": 1.0, "model__learning_rate": 0.3, "model__max_depth": 4.991516231105499, "model__n_estimators": 20.7358439675121, "model__reg_lambda": 10.0}, "datetime": {"datetime": "2021-03-24 02:21:24", "elapsed": 201.593716, "delta": 1.449678}}
{"target": -0.3490053469623081, "params": {"model__colsample_bylevel": 0.35479798509304683, "model__colsample_bynode": 0.8279898188988524, "model__colsample_bytree": 0.9199394635060554, "model__learning_rate": 0.2909008532871472, "model__max_depth": 3.5938224193449058, "model__n_estimators": 29.910262466599004, "model__reg_lambda": 2.0874632426069883}, "datetime": {"datetime": "2021-03-24 02:21:25", "elapsed": 202.941888, "delta": 1.348172}}
{"target": -0.33081224583345803, "params": {"model__colsample_bylevel": 0.898102471326196, "model__colsample_bynode": 0.3740368804849287, "model__colsample_bytree": 0.9298963225955499, "model__learning_rate": 0.2791921858800247, "model__max_depth": 3.886111461422013, "model__n_estimators": 22.94194084763138, "model__reg_lambda": 6.327421921182887}, "datetime": {"datetime": "2021-03-24 02:21:26", "elapsed": 204.19581, "delta": 1.253922}}
{"target": -0.33454099568383144, "params": {"model__colsample_bylevel": 0.4067275794573357, "model__colsample_bynode": 0.738473162315963, "model__colsample_bytree": 0.9026697101388277, "model__learning_rate": 0.2893870337569523, "model__max_depth": 7.600486643714556, "model__n_estimators": 27.580747794086093, "model__reg_lambda": 6.728449608264206}, "datetime": {"datetime": "2021-03-24 02:21:28", "elapsed": 205.787636, "delta": 1.591826}}
{"target": -0.3595473147861228, "params": {"model__colsample_bylevel": 0.9126947018341451, "model__colsample_bynode": 0.4277497671175851, "model__colsample_bytree": 0.3435065862419957, "model__learning_rate": 0.24217847152331454, "model__max_depth": 5.028221904545688, "model__n_estimators": 27.903664394742357, "model__reg_lambda": 0.05360747699557411}, "datetime": {"datetime": "2021-03-24 02:21:29", "elapsed": 207.310029, "delta": 1.522393}}
{"target": -0.35467053157128936, "params": {"model__colsample_bylevel": 0.6769475442615605, "model__colsample_bynode": 0.7835532622079247, "model__colsample_bytree": 0.9879257636456487, "model__learning_rate": 0.17450357006357892, "model__max_depth": 4.134624343629908, "model__n_estimators": 29.082258247355792, "model__reg_lambda": 9.998899835212804}, "datetime": {"datetime": "2021-03-24 02:21:31", "elapsed": 208.834853, "delta": 1.524824}}
{"target": -0.3972353102295133, "params": {"model__colsample_bylevel": 0.974744173440276, "model__colsample_bynode": 0.48389253543241395, "model__colsample_bytree": 0.4864851370108526, "model__learning_rate": 0.14393123000918276, "model__max_depth": 2.1885995428836864, "model__n_estimators": 29.94377372379487, "model__reg_lambda": 4.908304323446249}, "datetime": {"datetime": "2021-03-24 02:21:32", "elapsed": 210.017648, "delta": 1.182795}}
{"target": -0.35311781384010354, "params": {"model__colsample_bylevel": 0.8528656860897366, "model__colsample_bynode": 0.442414816765522, "model__colsample_bytree": 0.36729837994819226, "model__learning_rate": 0.25840844336325364, "model__max_depth": 4.835589867455088, "model__n_estimators": 29.084353119517893, "model__reg_lambda": 3.3396036515298864}, "datetime": {"datetime": "2021-03-24 02:21:33", "elapsed": 211.17188, "delta": 1.154232}}
{"target": -0.35632793708667293, "params": {"model__colsample_bylevel": 0.9692319398374931, "model__colsample_bynode": 0.9667804038522207, "model__colsample_bytree": 0.4706746145350755, "model__learning_rate": 0.24777421183648643, "model__max_depth": 7.930128116353871, "model__n_estimators": 24.433031237875056, "model__reg_lambda": 0.0676816794609747}, "datetime": {"datetime": "2021-03-24 02:21:35", "elapsed": 212.79359, "delta": 1.62171}}
{"target": -0.3664227721382581, "params": {"model__colsample_bylevel": 0.3, "model__colsample_bynode": 0.3, "model__colsample_bytree": 1.0, "model__learning_rate": 0.3, "model__max_depth": 3.773647170795402, "model__n_estimators": 15.952913781988673, "model__reg_lambda": 3.0653282710235197}, "datetime": {"datetime": "2021-03-24 02:21:37", "elapsed": 214.620466, "delta": 1.826876}}
{"target": -0.3279828995862719, "params": {"model__colsample_bylevel": 0.3058905558114165, "model__colsample_bynode": 1.0, "model__colsample_bytree": 0.4785356962722623, "model__learning_rate": 0.15901798364177905, "model__max_depth": 4.4852361392224, "model__n_estimators": 29.8793579320871, "model__reg_lambda": 8.92177723199853e-10}, "datetime": {"datetime": "2021-03-24 02:21:38", "elapsed": 215.862189, "delta": 1.241723}}
{"target": -0.3848442409902919, "params": {"model__colsample_bylevel": 1.0, "model__colsample_bynode": 1.0, "model__colsample_bytree": 0.3049314594665664, "model__learning_rate": 0.3, "model__max_depth": 2.470890644128934, "model__n_estimators": 20.893250286364296, "model__reg_lambda": 8.54316026852759}, "datetime": {"datetime": "2021-03-24 02:21:40", "elapsed": 217.62293, "delta": 1.760741}}
{"target": -0.33237847125130726, "params": {"model__colsample_bylevel": 1.0, "model__colsample_bynode": 1.0, "model__colsample_bytree": 1.0, "model__learning_rate": 0.3, "model__max_depth": 5.130750208927705, "model__n_estimators": 23.90711408512918, "model__reg_lambda": 9.999999999999947}, "datetime": {"datetime": "2021-03-24 02:21:41", "elapsed": 219.145898, "delta": 1.522968}}
{"target": -0.3406274417570482, "params": {"model__colsample_bylevel": 0.3553829495645514, "model__colsample_bynode": 0.33458589725035304, "model__colsample_bytree": 0.5901623043525078, "model__learning_rate": 0.2903688326368817, "model__max_depth": 3.683472696842591, "model__n_estimators": 29.95212966873138, "model__reg_lambda": 5.066771299299217}, "datetime": {"datetime": "2021-03-24 02:21:43", "elapsed": 220.35652, "delta": 1.210622}}
{"target": -0.3400046001048421, "params": {"model__colsample_bylevel": 0.8557637786651862, "model__colsample_bynode": 0.8509458107567556, "model__colsample_bytree": 0.9961210027472858, "model__learning_rate": 0.2936562920947635, "model__max_depth": 3.186980750320716, "model__n_estimators": 28.746613808139546, "model__reg_lambda": 6.29780986907268}, "datetime": {"datetime": "2021-03-24 02:21:44", "elapsed": 222.123346, "delta": 1.766826}}
{"target": -0.33468493861281245, "params": {"model__colsample_bylevel": 0.7128813604550245, "model__colsample_bynode": 0.37703586282113155, "model__colsample_bytree": 0.9679172988557658, "model__learning_rate": 0.28832733315552794, "model__max_depth": 4.607938299734355, "model__n_estimators": 29.928846916313336, "model__reg_lambda": 7.707112601301997}, "datetime": {"datetime": "2021-03-24 02:21:46", "elapsed": 223.428619, "delta": 1.305273}}
{"target": -0.3257435451038992, "params": {"model__colsample_bylevel": 0.594337929016238, "model__colsample_bynode": 0.9124188194308076, "model__colsample_bytree": 0.33240361175863414, "model__learning_rate": 0.2826550567877978, "model__max_depth": 7.8765278631419875, "model__n_estimators": 25.8231079503351, "model__reg_lambda": 4.562818459359816}, "datetime": {"datetime": "2021-03-24 02:21:47", "elapsed": 224.862168, "delta": 1.433549}}
{"target": -0.3416977715769621, "params": {"model__colsample_bylevel": 0.31323813510829684, "model__colsample_bynode": 0.44884154120952957, "model__colsample_bytree": 0.6605253154508525, "model__learning_rate": 0.28928715764937113, "model__max_depth": 6.6757850080154775, "model__n_estimators": 28.927838628861956, "model__reg_lambda": 1.5244700750476214}, "datetime": {"datetime": "2021-03-24 02:21:48", "elapsed": 226.124633, "delta": 1.262465}}
{"target": -0.3360834161389916, "params": {"model__colsample_bylevel": 0.9010942760257901, "model__colsample_bynode": 0.4339181848136975, "model__colsample_bytree": 0.7643180601376203, "model__learning_rate": 0.2928235067628697, "model__max_depth": 7.896306002562702, "model__n_estimators": 22.700642760780326, "model__reg_lambda": 7.383196438316912}, "datetime": {"datetime": "2021-03-24 02:21:50", "elapsed": 227.628715, "delta": 1.504082}}
{"target": -0.32979697249087414, "params": {"model__colsample_bylevel": 0.9379635778698846, "model__colsample_bynode": 0.9348114582268903, "model__colsample_bytree": 1.0, "model__learning_rate": 0.3, "model__max_depth": 3.620159870467015, "model__n_estimators": 20.774924859375865, "model__reg_lambda": 5.310058303178551}, "datetime": {"datetime": "2021-03-24 02:21:51", "elapsed": 229.241104, "delta": 1.612389}}
{"target": -0.4174797348630871, "params": {"model__colsample_bylevel": 0.821492187262268, "model__colsample_bynode": 0.588910876883941, "model__colsample_bytree": 0.9515103873790363, "model__learning_rate": 0.2948420027720642, "model__max_depth": 2.1204855628721484, "model__n_estimators": 15.097197716814799, "model__reg_lambda": 6.692080051704792}, "datetime": {"datetime": "2021-03-24 02:21:53", "elapsed": 230.644427, "delta": 1.403323}}
{"target": -0.36878794567706735, "params": {"model__colsample_bylevel": 0.3762909239793401, "model__colsample_bynode": 0.37598381905966, "model__colsample_bytree": 0.758946004535753, "model__learning_rate": 0.28391689874325, "model__max_depth": 7.770973592187406, "model__n_estimators": 28.137252001120256, "model__reg_lambda": 0.6059166782261183}, "datetime": {"datetime": "2021-03-24 02:21:54", "elapsed": 232.132692, "delta": 1.488265}}
{"target": -0.4109094239251715, "params": {"model__colsample_bylevel": 0.3, "model__colsample_bynode": 1.0, "model__colsample_bytree": 1.0, "model__learning_rate": 0.3, "model__max_depth": 2.0, "model__n_estimators": 17.517072439969542, "model__reg_lambda": 10.0}, "datetime": {"datetime": "2021-03-24 02:21:56", "elapsed": 233.739381, "delta": 1.606689}}
{"target": -0.3712454548868202, "params": {"model__colsample_bylevel": 0.48391040116360684, "model__colsample_bynode": 0.35576236156958124, "model__colsample_bytree": 0.9827291959057292, "model__learning_rate": 0.13338153116952092, "model__max_depth": 3.6504603435386906, "model__n_estimators": 20.188851719617652, "model__reg_lambda": 0.13870797858792527}, "datetime": {"datetime": "2021-03-24 02:21:57", "elapsed": 235.134815, "delta": 1.395434}}
{"target": -0.3385324733625369, "params": {"model__colsample_bylevel": 0.9641720780837602, "model__colsample_bynode": 0.3524981097360912, "model__colsample_bytree": 0.9942366873822681, "model__learning_rate": 0.2973400047785091, "model__max_depth": 7.960276314578232, "model__n_estimators": 23.97213133681643, "model__reg_lambda": 4.449637559677095}, "datetime": {"datetime": "2021-03-24 02:21:59", "elapsed": 236.459137, "delta": 1.324322}}
{"target": -0.3289425222803771, "params": {"model__colsample_bylevel": 0.9629080947721771, "model__colsample_bynode": 0.7600814303136207, "model__colsample_bytree": 0.5142712191902246, "model__learning_rate": 0.3, "model__max_depth": 6.543234637202388, "model__n_estimators": 26.01199274573311, "model__reg_lambda": 3.892968445898068}, "datetime": {"datetime": "2021-03-24 02:22:00", "elapsed": 237.942291, "delta": 1.483154}}
{"target": -0.3358104886622101, "params": {"model__colsample_bylevel": 0.7680652963367427, "model__colsample_bynode": 0.33313188526998033, "model__colsample_bytree": 0.9122591724669866, "model__learning_rate": 0.2997430076027193, "model__max_depth": 4.167330028927768, "model__n_estimators": 19.684226152001774, "model__reg_lambda": 3.6630352291222468}, "datetime": {"datetime": "2021-03-24 02:22:02", "elapsed": 239.352153, "delta": 1.409862}}
{"target": -0.36531213351147435, "params": {"model__colsample_bylevel": 0.4473860816919484, "model__colsample_bynode": 0.30317208298444503, "model__colsample_bytree": 0.9847159558462908, "model__learning_rate": 0.26365329228001144, "model__max_depth": 2.0400599257050565, "model__n_estimators": 28.438829949980427, "model__reg_lambda": 4.659628977126689}, "datetime": {"datetime": "2021-03-24 02:22:03", "elapsed": 240.81539, "delta": 1.463237}}
{"target": -0.3379610533886791, "params": {"model__colsample_bylevel": 0.994007593554038, "model__colsample_bynode": 0.9590378411709286, "model__colsample_bytree": 0.3248850811311369, "model__learning_rate": 0.28325336181557936, "model__max_depth": 7.956795984162152, "model__n_estimators": 23.220090240669553, "model__reg_lambda": 2.463142448403314}, "datetime": {"datetime": "2021-03-24 02:22:05", "elapsed": 242.546404, "delta": 1.731014}}
{"target": -0.3533613564223861, "params": {"model__colsample_bylevel": 0.39106342350751533, "model__colsample_bynode": 0.9090486710501011, "model__colsample_bytree": 0.8512116442998845, "model__learning_rate": 0.2611898997806542, "model__max_depth": 4.21134196665418, "model__n_estimators": 16.643057824504393, "model__reg_lambda": 0.04183005125432682}, "datetime": {"datetime": "2021-03-24 02:22:06", "elapsed": 244.048032, "delta": 1.501628}}
