{"target": -0.3809140218408319, "params": {"model__colsample_bylevel": 0.9031023424555509, "model__colsample_bynode": 0.4249356891249156, "model__colsample_bytree": 0.7057975471157624, "model__learning_rate": 0.1927268764937271, "model__max_depth": 6.039330960316078, "model__n_estimators": 22.141866816168736, "model__reg_lambda": 9.525111535091707}, "datetime": {"datetime": "2021-03-24 02:18:08", "elapsed": 5.69936, "delta": 0.129365}}
{"target": -0.37625826521493166, "params": {"model__colsample_bylevel": 0.8972803412913453, "model__colsample_bynode": 0.9289549741797964, "model__colsample_bytree": 0.3178983723326505, "model__learning_rate": 0.13128458043568686, "model__max_depth": 4.861388901041763, "model__n_estimators": 26.020827615199973, "model__reg_lambda": 3.5630947732495777}, "datetime": {"datetime": "2021-03-24 02:18:08", "elapsed": 5.838907, "delta": 0.139547}}
{"target": -0.3590352818194399, "params": {"model__colsample_bylevel": 0.6951175428742368, "model__colsample_bynode": 0.3318286487069968, "model__colsample_bytree": 0.7483089139197432, "model__learning_rate": 0.23624127616156612, "model__max_depth": 4.373824850662889, "model__n_estimators": 17.05009515507337, "model__reg_lambda": 4.16457752159582}, "datetime": {"datetime": "2021-03-24 02:18:08", "elapsed": 5.930518, "delta": 0.091611}}
{"target": -0.34270235653224307, "params": {"model__colsample_bylevel": 0.816923983909474, "model__colsample_bynode": 0.7090153450298311, "model__colsample_bytree": 0.9184032582594783, "model__learning_rate": 0.21574992226411746, "model__max_depth": 3.0678227617515392, "model__n_estimators": 23.876275396014634, "model__reg_lambda": 0.5387774367636355}, "datetime": {"datetime": "2021-03-24 02:18:08", "elapsed": 6.069737, "delta": 0.139219}}
{"target": -0.39770854022758806, "params": {"model__colsample_bylevel": 0.8203891930140093, "model__colsample_bynode": 0.4407263630351047, "model__colsample_bytree": 0.9332727397304375, "model__learning_rate": 0.19471357604823214, "model__max_depth": 4.649919104965563, "model__n_estimators": 17.041195531585494, "model__reg_lambda": 8.076955975507973}, "datetime": {"datetime": "2021-03-24 02:18:08", "elapsed": 6.190801, "delta": 0.121064}}
{"target": -0.3434611570668758, "params": {"model__colsample_bylevel": 0.941920130237188, "model__colsample_bynode": 0.7862119444399247, "model__colsample_bytree": 0.7672811212479322, "model__learning_rate": 0.2413235529719557, "model__max_depth": 6.468881607544759, "model__n_estimators": 25.71892738561766, "model__reg_lambda": 1.4296252407525012}, "datetime": {"datetime": "2021-03-24 02:18:09", "elapsed": 6.382441, "delta": 0.19164}}
{"target": -0.413066500974684, "params": {"model__colsample_bylevel": 0.7664505634998717, "model__colsample_bynode": 0.9372501752435591, "model__colsample_bytree": 0.3226974712037688, "model__learning_rate": 0.13696287496610304, "model__max_depth": 6.574112506330284, "model__n_estimators": 15.628001246231364, "model__reg_lambda": 2.789864730302046}, "datetime": {"datetime": "2021-03-24 02:18:09", "elapsed": 6.489774, "delta": 0.107333}}
{"target": -0.4249163180967604, "params": {"model__colsample_bylevel": 0.9005722896485118, "model__colsample_bynode": 0.5583279975276154, "model__colsample_bytree": 0.9292943127471143, "model__learning_rate": 0.1578195662504995, "model__max_depth": 4.281940885644073, "model__n_estimators": 16.640600890305116, "model__reg_lambda": 8.146246111896012}, "datetime": {"datetime": "2021-03-24 02:18:09", "elapsed": 6.617595, "delta": 0.127821}}
{"target": -0.4027687384571502, "params": {"model__colsample_bylevel": 0.9534398095322711, "model__colsample_bynode": 0.42817503247553923, "model__colsample_bytree": 0.5178389967922328, "model__learning_rate": 0.2349408086546986, "model__max_depth": 2.4746062530577846, "model__n_estimators": 15.490859914517099, "model__reg_lambda": 3.2657561880327557}, "datetime": {"datetime": "2021-03-24 02:18:09", "elapsed": 6.712423, "delta": 0.094828}}
{"target": -0.36346729603677014, "params": {"model__colsample_bylevel": 0.5706285360217014, "model__colsample_bynode": 0.6842771415696982, "model__colsample_bytree": 0.6870518207102555, "model__learning_rate": 0.16602543474194267, "model__max_depth": 4.553906607318516, "model__n_estimators": 18.777852885612205, "model__reg_lambda": 2.0263513230551347}, "datetime": {"datetime": "2021-03-24 02:18:09", "elapsed": 6.828053, "delta": 0.11563}}
{"target": -0.33870391218410134, "params": {"model__colsample_bylevel": 0.8442678591461368, "model__colsample_bynode": 0.3977149946980818, "model__colsample_bytree": 0.6158425941754111, "model__learning_rate": 0.1245045248421828, "model__max_depth": 6.897715409068526, "model__n_estimators": 27.65234893164894, "model__reg_lambda": 1.1477505735172433}, "datetime": {"datetime": "2021-03-24 02:18:09", "elapsed": 6.971334, "delta": 0.143281}}
{"target": -0.3538774466560478, "params": {"model__colsample_bylevel": 0.8046871964072875, "model__colsample_bynode": 0.9463208373893632, "model__colsample_bytree": 0.5702216525068842, "model__learning_rate": 0.25542256115422385, "model__max_depth": 7.543314227663024, "model__n_estimators": 15.074271146872483, "model__reg_lambda": 2.7258381373747875}, "datetime": {"datetime": "2021-03-24 02:18:09", "elapsed": 7.106801, "delta": 0.135467}}
{"target": -0.5083175117662853, "params": {"model__colsample_bylevel": 0.325563385911891, "model__colsample_bynode": 0.4394342284138872, "model__colsample_bytree": 0.3078454924320954, "model__learning_rate": 0.10977990666788635, "model__max_depth": 5.896055639118223, "model__n_estimators": 19.33085301818661, "model__reg_lambda": 8.44410233607059}, "datetime": {"datetime": "2021-03-24 02:18:09", "elapsed": 7.197264, "delta": 0.090463}}
{"target": -0.34603290400177616, "params": {"model__colsample_bylevel": 0.5333078077907257, "model__colsample_bynode": 0.9449148964303926, "model__colsample_bytree": 0.39197068792833056, "model__learning_rate": 0.2098009976534188, "model__max_depth": 3.7666070082368948, "model__n_estimators": 27.09229802758709, "model__reg_lambda": 3.376766038812906}, "datetime": {"datetime": "2021-03-24 02:18:09", "elapsed": 7.310991, "delta": 0.113727}}
{"target": -0.3575207527085761, "params": {"model__colsample_bylevel": 0.38472058045866103, "model__colsample_bynode": 0.6189182754661343, "model__colsample_bytree": 0.47491716651278293, "model__learning_rate": 0.24904662090967875, "model__max_depth": 6.41552028192452, "model__n_estimators": 15.15307284998927, "model__reg_lambda": 0.029919695529196932}, "datetime": {"datetime": "2021-03-24 02:18:10", "elapsed": 7.397157, "delta": 0.086166}}
{"target": -0.35153946220145926, "params": {"model__colsample_bylevel": 0.9426044924017256, "model__colsample_bynode": 0.5260125425777793, "model__colsample_bytree": 0.5074653319167783, "model__learning_rate": 0.15418522802672452, "model__max_depth": 3.474343666196627, "model__n_estimators": 26.630539663467353, "model__reg_lambda": 2.632384799456182}, "datetime": {"datetime": "2021-03-24 02:18:10", "elapsed": 7.508968, "delta": 0.111811}}
{"target": -0.3483360610359038, "params": {"model__colsample_bylevel": 0.8032909797610204, "model__colsample_bynode": 0.7713021432027297, "model__colsample_bytree": 0.6853736563856032, "model__learning_rate": 0.23655460523720243, "model__max_depth": 3.0441975506001606, "model__n_estimators": 21.967771044500967, "model__reg_lambda": 4.939589109277965}, "datetime": {"datetime": "2021-03-24 02:18:10", "elapsed": 7.636843, "delta": 0.127875}}
{"target": -0.36527618622893226, "params": {"model__colsample_bylevel": 0.3191878877624776, "model__colsample_bynode": 0.4527668367686508, "model__colsample_bytree": 0.9533861738476699, "model__learning_rate": 0.23172885748318614, "model__max_depth": 7.871974941466348, "model__n_estimators": 20.539710627919593, "model__reg_lambda": 7.6239037960184355}, "datetime": {"datetime": "2021-03-24 02:18:10", "elapsed": 7.738824, "delta": 0.101981}}
{"target": -0.41515789564995875, "params": {"model__colsample_bylevel": 0.7197656118669662, "model__colsample_bynode": 0.7214646750503465, "model__colsample_bytree": 0.37931534877147977, "model__learning_rate": 0.14444015703665763, "model__max_depth": 2.433575141809544, "model__n_estimators": 22.57954207818872, "model__reg_lambda": 3.4509917372173025}, "datetime": {"datetime": "2021-03-24 02:18:10", "elapsed": 7.831363, "delta": 0.092539}}
{"target": -0.34734347757809136, "params": {"model__colsample_bylevel": 0.43770438267170664, "model__colsample_bynode": 0.562288016838024, "model__colsample_bytree": 0.6684847059501842, "model__learning_rate": 0.24216538663414655, "model__max_depth": 5.53982800385271, "model__n_estimators": 24.586364893849456, "model__reg_lambda": 6.03761911116279}, "datetime": {"datetime": "2021-03-24 02:18:10", "elapsed": 7.941896, "delta": 0.110533}}
{"target": -0.33794769099576105, "params": {"model__colsample_bylevel": 0.5615024327662378, "model__colsample_bynode": 0.5278880157630303, "model__colsample_bytree": 0.6927994632423486, "model__learning_rate": 0.2499326997232081, "model__max_depth": 7.515144966264312, "model__n_estimators": 27.41503748405572, "model__reg_lambda": 5.537273620404508}, "datetime": {"datetime": "2021-03-24 02:18:10", "elapsed": 8.069656, "delta": 0.12776}}
{"target": -0.3575657463963211, "params": {"model__colsample_bylevel": 0.8773753442334304, "model__colsample_bynode": 0.3197624374107063, "model__colsample_bytree": 0.8582648079772404, "model__learning_rate": 0.1398977410305498, "model__max_depth": 6.115045756510598, "model__n_estimators": 27.377846347953547, "model__reg_lambda": 3.1496308071503187}, "datetime": {"datetime": "2021-03-24 02:18:10", "elapsed": 8.211525, "delta": 0.141869}}
{"target": -0.3838655394690948, "params": {"model__colsample_bylevel": 0.5798231824380045, "model__colsample_bynode": 0.9899122285696411, "model__colsample_bytree": 0.4774952834387126, "model__learning_rate": 0.25106786479472265, "model__max_depth": 4.436357453829759, "model__n_estimators": 19.72844903945682, "model__reg_lambda": 7.705159221072094}, "datetime": {"datetime": "2021-03-24 02:18:10", "elapsed": 8.322998, "delta": 0.111473}}
{"target": -0.35459641036105116, "params": {"model__colsample_bylevel": 0.6149024037576569, "model__colsample_bynode": 0.7970601762740899, "model__colsample_bytree": 0.4555403075808654, "model__learning_rate": 0.26476738246878556, "model__max_depth": 6.3006447069266285, "model__n_estimators": 22.48861984031197, "model__reg_lambda": 7.91551010046181}, "datetime": {"datetime": "2021-03-24 02:18:11", "elapsed": 8.451167, "delta": 0.128169}}
{"target": -0.33017484964127986, "params": {"model__colsample_bylevel": 0.9437937215686736, "model__colsample_bynode": 0.8511722448868555, "model__colsample_bytree": 0.5084857837350747, "model__learning_rate": 0.24346701302396254, "model__max_depth": 5.690340786662006, "model__n_estimators": 27.619845335231588, "model__reg_lambda": 4.0456797253845265}, "datetime": {"datetime": "2021-03-24 02:18:11", "elapsed": 8.632429, "delta": 0.181262}}
{"target": -0.37683396485391196, "params": {"model__colsample_bylevel": 0.6173529449301774, "model__colsample_bynode": 0.3656352091501882, "model__colsample_bytree": 0.45305055880659917, "model__learning_rate": 0.20586849821836273, "model__max_depth": 5.173197962934258, "model__n_estimators": 25.696146745858105, "model__reg_lambda": 2.863925264426952}, "datetime": {"datetime": "2021-03-24 02:18:11", "elapsed": 8.72924, "delta": 0.096811}}
{"target": -0.44600181813905204, "params": {"model__colsample_bylevel": 0.3812502817792496, "model__colsample_bynode": 0.43107613084910207, "model__colsample_bytree": 0.6036033759584388, "model__learning_rate": 0.13710847453713484, "model__max_depth": 2.7407946095138094, "model__n_estimators": 25.875381462387566, "model__reg_lambda": 9.101677556132595}, "datetime": {"datetime": "2021-03-24 02:18:11", "elapsed": 8.829791, "delta": 0.100551}}
{"target": -0.372838590833345, "params": {"model__colsample_bylevel": 0.3426383940311504, "model__colsample_bynode": 0.3292770968669983, "model__colsample_bytree": 0.49999974247633633, "model__learning_rate": 0.21592871225493404, "model__max_depth": 7.629568478689846, "model__n_estimators": 23.72527860523467, "model__reg_lambda": 6.7998375849329875}, "datetime": {"datetime": "2021-03-24 02:18:11", "elapsed": 8.920006, "delta": 0.090215}}
{"target": -0.3544491530038362, "params": {"model__colsample_bylevel": 1.0, "model__colsample_bynode": 1.0, "model__colsample_bytree": 1.0, "model__learning_rate": 0.3, "model__max_depth": 2.0, "model__n_estimators": 30.0, "model__reg_lambda": 10.0}, "datetime": {"datetime": "2021-03-24 02:18:12", "elapsed": 9.804287, "delta": 0.884281}}
{"target": -0.37206455783351605, "params": {"model__colsample_bylevel": 1.0, "model__colsample_bynode": 1.0, "model__colsample_bytree": 1.0, "model__learning_rate": 0.3, "model__max_depth": 8.0, "model__n_estimators": 15.0, "model__reg_lambda": 10.0}, "datetime": {"datetime": "2021-03-24 02:18:13", "elapsed": 10.607332, "delta": 0.803045}}
{"target": -0.3516980159859024, "params": {"model__colsample_bylevel": 1.0, "model__colsample_bynode": 1.0, "model__colsample_bytree": 0.3, "model__learning_rate": 0.3, "model__max_depth": 8.0, "model__n_estimators": 30.0, "model__reg_lambda": 10.0}, "datetime": {"datetime": "2021-03-24 02:18:14", "elapsed": 11.457466, "delta": 0.850134}}
{"target": -0.370740688196046, "params": {"model__colsample_bylevel": 1.0, "model__colsample_bynode": 1.0, "model__colsample_bytree": 1.0, "model__learning_rate": 0.3, "model__max_depth": 5.315147980510167, "model__n_estimators": 15.0, "model__reg_lambda": 1.7244957896353643}, "datetime": {"datetime": "2021-03-24 02:18:14", "elapsed": 12.246674, "delta": 0.789208}}
{"target": -0.37522142573354256, "params": {"model__colsample_bylevel": 0.3, "model__colsample_bynode": 0.3, "model__colsample_bytree": 1.0, "model__learning_rate": 0.3, "model__max_depth": 6.740906424137071, "model__n_estimators": 15.0, "model__reg_lambda": 4.9489374935527}, "datetime": {"datetime": "2021-03-24 02:18:15", "elapsed": 12.967108, "delta": 0.720434}}
{"target": -0.3402457837314021, "params": {"model__colsample_bylevel": 1.0, "model__colsample_bynode": 1.0, "model__colsample_bytree": 1.0, "model__learning_rate": 0.3, "model__max_depth": 8.0, "model__n_estimators": 22.333236840471436, "model__reg_lambda": 5.777553462103237}, "datetime": {"datetime": "2021-03-24 02:18:16", "elapsed": 13.844289, "delta": 0.877181}}
{"target": -0.3925672758019705, "params": {"model__colsample_bylevel": 1.0, "model__colsample_bynode": 0.3, "model__colsample_bytree": 1.0, "model__learning_rate": 0.3, "model__max_depth": 2.0, "model__n_estimators": 20.738310964649177, "model__reg_lambda": 10.0}, "datetime": {"datetime": "2021-03-24 02:18:17", "elapsed": 14.52358, "delta": 0.679291}}
{"target": -0.38025670232288405, "params": {"model__colsample_bylevel": 1.0, "model__colsample_bynode": 0.3, "model__colsample_bytree": 1.0, "model__learning_rate": 0.3, "model__max_depth": 8.0, "model__n_estimators": 15.0, "model__reg_lambda": 0.0}, "datetime": {"datetime": "2021-03-24 02:18:17", "elapsed": 15.248288, "delta": 0.724708}}
{"target": -0.36400753225375343, "params": {"model__colsample_bylevel": 0.3, "model__colsample_bynode": 1.0, "model__colsample_bytree": 1.0, "model__learning_rate": 0.3, "model__max_depth": 8.0, "model__n_estimators": 19.269679344313268, "model__reg_lambda": 10.0}, "datetime": {"datetime": "2021-03-24 02:18:18", "elapsed": 16.049826, "delta": 0.801538}}
{"target": -0.38788158781286597, "params": {"model__colsample_bylevel": 0.3, "model__colsample_bynode": 0.3, "model__colsample_bytree": 0.3, "model__learning_rate": 0.3, "model__max_depth": 4.64388274909236, "model__n_estimators": 30.0, "model__reg_lambda": 10.0}, "datetime": {"datetime": "2021-03-24 02:18:19", "elapsed": 16.80402, "delta": 0.754194}}
{"target": -0.3555709677660649, "params": {"model__colsample_bylevel": 0.7801752946887961, "model__colsample_bynode": 0.5374476860340565, "model__colsample_bytree": 0.9214063621530018, "model__learning_rate": 0.29824374559851036, "model__max_depth": 2.179992214325922, "model__n_estimators": 29.963679220336083, "model__reg_lambda": 6.911133335712346}, "datetime": {"datetime": "2021-03-24 02:18:20", "elapsed": 17.643509, "delta": 0.839489}}
{"target": -0.3797007694668339, "params": {"model__colsample_bylevel": 0.3, "model__colsample_bynode": 0.3, "model__colsample_bytree": 0.3, "model__learning_rate": 0.3, "model__max_depth": 7.959595162083012, "model__n_estimators": 17.898881594248337, "model__reg_lambda": 0.0}, "datetime": {"datetime": "2021-03-24 02:18:21", "elapsed": 18.377863, "delta": 0.734354}}
{"target": -0.4324027782980947, "params": {"model__colsample_bylevel": 0.3, "model__colsample_bynode": 0.3, "model__colsample_bytree": 1.0, "model__learning_rate": 0.3, "model__max_depth": 2.0, "model__n_estimators": 15.0, "model__reg_lambda": 10.0}, "datetime": {"datetime": "2021-03-24 02:18:21", "elapsed": 19.026775, "delta": 0.648912}}
{"target": -0.33046253399123715, "params": {"model__colsample_bylevel": 1.0, "model__colsample_bynode": 1.0, "model__colsample_bytree": 0.3223768636218114, "model__learning_rate": 0.3, "model__max_depth": 8.0, "model__n_estimators": 30.0, "model__reg_lambda": 5.185612022714001}, "datetime": {"datetime": "2021-03-24 02:18:22", "elapsed": 19.803995, "delta": 0.77722}}
{"target": -0.32106158270372376, "params": {"model__colsample_bylevel": 0.5302085095299113, "model__colsample_bynode": 0.9955203091555189, "model__colsample_bytree": 0.9312813727113645, "model__learning_rate": 0.2948396831931265, "model__max_depth": 7.7089391547538035, "model__n_estimators": 26.448567432823637, "model__reg_lambda": 3.882430978315503}, "datetime": {"datetime": "2021-03-24 02:18:23", "elapsed": 20.816295, "delta": 1.0123}}
{"target": -0.3360616243160937, "params": {"model__colsample_bylevel": 0.5346767916145584, "model__colsample_bynode": 1.0, "model__colsample_bytree": 1.0, "model__learning_rate": 0.3, "model__max_depth": 3.97141734337761, "model__n_estimators": 23.155695892185854, "model__reg_lambda": 8.689178389950898}, "datetime": {"datetime": "2021-03-24 02:18:24", "elapsed": 21.673524, "delta": 0.857229}}
{"target": -0.35126849832080737, "params": {"model__colsample_bylevel": 0.49319972315392163, "model__colsample_bynode": 0.3, "model__colsample_bytree": 1.0, "model__learning_rate": 0.3, "model__max_depth": 4.637979793951956, "model__n_estimators": 20.847214931001847, "model__reg_lambda": 5.644514633920508}, "datetime": {"datetime": "2021-03-24 02:18:25", "elapsed": 22.359908, "delta": 0.686384}}
{"target": -0.3553595348058835, "params": {"model__colsample_bylevel": 1.0, "model__colsample_bynode": 1.0, "model__colsample_bytree": 1.0, "model__learning_rate": 0.3, "model__max_depth": 4.9015485999089705, "model__n_estimators": 19.15524612463403, "model__reg_lambda": 5.338410398969929}, "datetime": {"datetime": "2021-03-24 02:18:25", "elapsed": 23.115355, "delta": 0.755447}}
{"target": -0.3507040359984166, "params": {"model__colsample_bylevel": 0.964186414622443, "model__colsample_bynode": 0.9631062848888845, "model__colsample_bytree": 0.9295246164948505, "model__learning_rate": 0.24978477118045966, "model__max_depth": 7.749083322218119, "model__n_estimators": 23.86580506864273, "model__reg_lambda": 9.242506690230712}, "datetime": {"datetime": "2021-03-24 02:18:26", "elapsed": 23.976309, "delta": 0.860954}}
{"target": -0.33311868977869613, "params": {"model__colsample_bylevel": 0.8830625743284437, "model__colsample_bynode": 1.0, "model__colsample_bytree": 0.3, "model__learning_rate": 0.3, "model__max_depth": 2.0, "model__n_estimators": 23.76098914225629, "model__reg_lambda": 0.0}, "datetime": {"datetime": "2021-03-24 02:18:27", "elapsed": 24.777057, "delta": 0.800748}}
{"target": -0.40630091079240793, "params": {"model__colsample_bylevel": 0.6196979431437601, "model__colsample_bynode": 0.3113513189562288, "model__colsample_bytree": 0.31934460105254536, "model__learning_rate": 0.14744407000954352, "model__max_depth": 2.4404375754244394, "model__n_estimators": 29.548690211917823, "model__reg_lambda": 0.04621447496834463}, "datetime": {"datetime": "2021-03-24 02:18:28", "elapsed": 25.426307, "delta": 0.64925}}
{"target": -0.3519421861539055, "params": {"model__colsample_bylevel": 0.5428881992582315, "model__colsample_bynode": 0.8743770756757909, "model__colsample_bytree": 0.9584289131698174, "model__learning_rate": 0.26833320265804717, "model__max_depth": 2.202348072190969, "model__n_estimators": 29.97075174076818, "model__reg_lambda": 4.076736966514138}, "datetime": {"datetime": "2021-03-24 02:18:29", "elapsed": 26.403955, "delta": 0.977648}}
{"target": -0.36151837365732586, "params": {"model__colsample_bylevel": 1.0, "model__colsample_bynode": 1.0, "model__colsample_bytree": 1.0, "model__learning_rate": 0.3, "model__max_depth": 3.756488817064045, "model__n_estimators": 30.0, "model__reg_lambda": 4.803005264569547e-09}, "datetime": {"datetime": "2021-03-24 02:18:30", "elapsed": 27.369177, "delta": 0.965222}}
{"target": -0.3402271484557971, "params": {"model__colsample_bylevel": 0.3, "model__colsample_bynode": 1.0, "model__colsample_bytree": 0.3, "model__learning_rate": 0.3, "model__max_depth": 6.359657227837457, "model__n_estimators": 30.0, "model__reg_lambda": 7.02864103359075}, "datetime": {"datetime": "2021-03-24 02:18:31", "elapsed": 28.721304, "delta": 1.352127}}
{"target": -0.3667997275361035, "params": {"model__colsample_bylevel": 1.0, "model__colsample_bynode": 1.0, "model__colsample_bytree": 1.0, "model__learning_rate": 0.3, "model__max_depth": 2.0, "model__n_estimators": 23.161773441812677, "model__reg_lambda": 6.824307943168616}, "datetime": {"datetime": "2021-03-24 02:18:32", "elapsed": 29.882177, "delta": 1.160873}}
