{"target": -0.39849694122735785, "params": {"model__colsample_bylevel": 0.8203891930140093, "model__colsample_bynode": 0.4407263630351047, "model__colsample_bytree": 0.9332727397304375, "model__learning_rate": 0.19471357604823214, "model__max_depth": 4.649919104965563, "model__n_estimators": 17.041195531585494, "model__reg_lambda": 8.076955975507973}, "datetime": {"datetime": "2021-03-24 01:59:40", "elapsed": 5.866442, "delta": 0.125928}}
{"target": -0.3468767694995631, "params": {"model__colsample_bylevel": 0.941920130237188, "model__colsample_bynode": 0.7862119444399247, "model__colsample_bytree": 0.7672811212479322, "model__learning_rate": 0.2413235529719557, "model__max_depth": 6.468881607544759, "model__n_estimators": 25.71892738561766, "model__reg_lambda": 1.4296252407525012}, "datetime": {"datetime": "2021-03-24 01:59:41", "elapsed": 6.063497, "delta": 0.197055}}
{"target": -0.41247855573757625, "params": {"model__colsample_bylevel": 0.7664505634998717, "model__colsample_bynode": 0.9372501752435591, "model__colsample_bytree": 0.3226974712037688, "model__learning_rate": 0.13696287496610304, "model__max_depth": 6.574112506330284, "model__n_estimators": 15.628001246231364, "model__reg_lambda": 2.789864730302046}, "datetime": {"datetime": "2021-03-24 01:59:41", "elapsed": 6.175744, "delta": 0.112247}}
{"target": -0.4151727607487229, "params": {"model__colsample_bylevel": 0.9005722896485118, "model__colsample_bynode": 0.5583279975276154, "model__colsample_bytree": 0.9292943127471143, "model__learning_rate": 0.1578195662504995, "model__max_depth": 4.281940885644073, "model__n_estimators": 16.640600890305116, "model__reg_lambda": 8.146246111896012}, "datetime": {"datetime": "2021-03-24 01:59:41", "elapsed": 6.314501, "delta": 0.138757}}
{"target": -0.43064923053877296, "params": {"model__colsample_bylevel": 0.9534398095322711, "model__colsample_bynode": 0.42817503247553923, "model__colsample_bytree": 0.5178389967922328, "model__learning_rate": 0.2349408086546986, "model__max_depth": 2.4746062530577846, "model__n_estimators": 15.490859914517099, "model__reg_lambda": 3.2657561880327557}, "datetime": {"datetime": "2021-03-24 01:59:41", "elapsed": 6.402417, "delta": 0.087916}}
{"target": -0.35223963625553617, "params": {"model__colsample_bylevel": 0.5706285360217014, "model__colsample_bynode": 0.6842771415696982, "model__colsample_bytree": 0.6870518207102555, "model__learning_rate": 0.16602543474194267, "model__max_depth": 4.553906607318516, "model__n_estimators": 18.777852885612205, "model__reg_lambda": 2.0263513230551347}, "datetime": {"datetime": "2021-03-24 01:59:41", "elapsed": 6.519217, "delta": 0.1168}}
{"target": -0.3443511054392202, "params": {"model__colsample_bylevel": 0.8442678591461368, "model__colsample_bynode": 0.3977149946980818, "model__colsample_bytree": 0.6158425941754111, "model__learning_rate": 0.1245045248421828, "model__max_depth": 6.897715409068526, "model__n_estimators": 27.65234893164894, "model__reg_lambda": 1.1477505735172433}, "datetime": {"datetime": "2021-03-24 01:59:41", "elapsed": 6.661886, "delta": 0.142669}}
{"target": -0.3750579499585581, "params": {"model__colsample_bylevel": 0.8046871964072875, "model__colsample_bynode": 0.9463208373893632, "model__colsample_bytree": 0.5702216525068842, "model__learning_rate": 0.25542256115422385, "model__max_depth": 7.543314227663024, "model__n_estimators": 15.074271146872483, "model__reg_lambda": 2.7258381373747875}, "datetime": {"datetime": "2021-03-24 01:59:41", "elapsed": 6.803448, "delta": 0.141562}}
{"target": -0.500964102205699, "params": {"model__colsample_bylevel": 0.325563385911891, "model__colsample_bynode": 0.4394342284138872, "model__colsample_bytree": 0.3078454924320954, "model__learning_rate": 0.10977990666788635, "model__max_depth": 5.896055639118223, "model__n_estimators": 19.33085301818661, "model__reg_lambda": 8.44410233607059}, "datetime": {"datetime": "2021-03-24 01:59:41", "elapsed": 6.899751, "delta": 0.096303}}
{"target": -0.3379999659881266, "params": {"model__colsample_bylevel": 0.5333078077907257, "model__colsample_bynode": 0.9449148964303926, "model__colsample_bytree": 0.39197068792833056, "model__learning_rate": 0.2098009976534188, "model__max_depth": 3.7666070082368948, "model__n_estimators": 27.09229802758709, "model__reg_lambda": 3.376766038812906}, "datetime": {"datetime": "2021-03-24 01:59:41", "elapsed": 7.019146, "delta": 0.119395}}
{"target": -0.3805711901294526, "params": {"model__colsample_bylevel": 0.38472058045866103, "model__colsample_bynode": 0.6189182754661343, "model__colsample_bytree": 0.47491716651278293, "model__learning_rate": 0.24904662090967875, "model__max_depth": 6.41552028192452, "model__n_estimators": 15.15307284998927, "model__reg_lambda": 0.029919695529196932}, "datetime": {"datetime": "2021-03-24 01:59:42", "elapsed": 7.104979, "delta": 0.085833}}
{"target": -0.346229711602496, "params": {"model__colsample_bylevel": 0.9426044924017256, "model__colsample_bynode": 0.5260125425777793, "model__colsample_bytree": 0.5074653319167783, "model__learning_rate": 0.15418522802672452, "model__max_depth": 3.474343666196627, "model__n_estimators": 26.630539663467353, "model__reg_lambda": 2.632384799456182}, "datetime": {"datetime": "2021-03-24 01:59:42", "elapsed": 7.21812, "delta": 0.113141}}
{"target": -0.3673692153706013, "params": {"model__colsample_bylevel": 0.8032909797610204, "model__colsample_bynode": 0.7713021432027297, "model__colsample_bytree": 0.6853736563856032, "model__learning_rate": 0.23655460523720243, "model__max_depth": 3.0441975506001606, "model__n_estimators": 21.967771044500967, "model__reg_lambda": 4.939589109277965}, "datetime": {"datetime": "2021-03-24 01:59:42", "elapsed": 7.344582, "delta": 0.126462}}
{"target": -0.3813334232904827, "params": {"model__colsample_bylevel": 0.3191878877624776, "model__colsample_bynode": 0.4527668367686508, "model__colsample_bytree": 0.9533861738476699, "model__learning_rate": 0.23172885748318614, "model__max_depth": 7.871974941466348, "model__n_estimators": 20.539710627919593, "model__reg_lambda": 7.6239037960184355}, "datetime": {"datetime": "2021-03-24 01:59:42", "elapsed": 7.459783, "delta": 0.115201}}
{"target": -0.4140511185963355, "params": {"model__colsample_bylevel": 0.7197656118669662, "model__colsample_bynode": 0.7214646750503465, "model__colsample_bytree": 0.37931534877147977, "model__learning_rate": 0.14444015703665763, "model__max_depth": 2.433575141809544, "model__n_estimators": 22.57954207818872, "model__reg_lambda": 3.4509917372173025}, "datetime": {"datetime": "2021-03-24 01:59:42", "elapsed": 7.551163, "delta": 0.09138}}
{"target": -0.3435377772678149, "params": {"model__colsample_bylevel": 0.43770438267170664, "model__colsample_bynode": 0.562288016838024, "model__colsample_bytree": 0.6684847059501842, "model__learning_rate": 0.24216538663414655, "model__max_depth": 5.53982800385271, "model__n_estimators": 24.586364893849456, "model__reg_lambda": 6.03761911116279}, "datetime": {"datetime": "2021-03-24 01:59:42", "elapsed": 7.677004, "delta": 0.125841}}
{"target": -0.37088667285709603, "params": {"model__colsample_bylevel": 0.5615024327662378, "model__colsample_bynode": 0.5278880157630303, "model__colsample_bytree": 0.6927994632423486, "model__learning_rate": 0.2499326997232081, "model__max_depth": 7.515144966264312, "model__n_estimators": 27.41503748405572, "model__reg_lambda": 5.537273620404508}, "datetime": {"datetime": "2021-03-24 01:59:42", "elapsed": 7.806672, "delta": 0.129668}}
{"target": -0.3549843303332834, "params": {"model__colsample_bylevel": 0.8773753442334304, "model__colsample_bynode": 0.3197624374107063, "model__colsample_bytree": 0.8582648079772404, "model__learning_rate": 0.1398977410305498, "model__max_depth": 6.115045756510598, "model__n_estimators": 27.377846347953547, "model__reg_lambda": 3.1496308071503187}, "datetime": {"datetime": "2021-03-24 01:59:42", "elapsed": 7.96114, "delta": 0.154468}}
{"target": -0.34854367151181553, "params": {"model__colsample_bylevel": 0.5798231824380045, "model__colsample_bynode": 0.9899122285696411, "model__colsample_bytree": 0.4774952834387126, "model__learning_rate": 0.25106786479472265, "model__max_depth": 4.436357453829759, "model__n_estimators": 19.72844903945682, "model__reg_lambda": 7.705159221072094}, "datetime": {"datetime": "2021-03-24 01:59:43", "elapsed": 8.073385, "delta": 0.112245}}
{"target": -0.3524002043685565, "params": {"model__colsample_bylevel": 0.6149024037576569, "model__colsample_bynode": 0.7970601762740899, "model__colsample_bytree": 0.4555403075808654, "model__learning_rate": 0.26476738246878556, "model__max_depth": 6.3006447069266285, "model__n_estimators": 22.48861984031197, "model__reg_lambda": 7.91551010046181}, "datetime": {"datetime": "2021-03-24 01:59:43", "elapsed": 8.206959, "delta": 0.133574}}
{"target": -0.33331463058188937, "params": {"model__colsample_bylevel": 0.9437937215686736, "model__colsample_bynode": 0.8511722448868555, "model__colsample_bytree": 0.5084857837350747, "model__learning_rate": 0.24346701302396254, "model__max_depth": 5.690340786662006, "model__n_estimators": 27.619845335231588, "model__reg_lambda": 4.0456797253845265}, "datetime": {"datetime": "2021-03-24 01:59:43", "elapsed": 8.379745, "delta": 0.172786}}
{"target": -0.34530694444825794, "params": {"model__colsample_bylevel": 0.6173529449301774, "model__colsample_bynode": 0.3656352091501882, "model__colsample_bytree": 0.45305055880659917, "model__learning_rate": 0.20586849821836273, "model__max_depth": 5.173197962934258, "model__n_estimators": 25.696146745858105, "model__reg_lambda": 2.863925264426952}, "datetime": {"datetime": "2021-03-24 01:59:43", "elapsed": 8.488203, "delta": 0.108458}}
{"target": -0.42995589193820527, "params": {"model__colsample_bylevel": 0.3812502817792496, "model__colsample_bynode": 0.43107613084910207, "model__colsample_bytree": 0.6036033759584388, "model__learning_rate": 0.13710847453713484, "model__max_depth": 2.7407946095138094, "model__n_estimators": 25.875381462387566, "model__reg_lambda": 9.101677556132595}, "datetime": {"datetime": "2021-03-24 01:59:43", "elapsed": 8.584796, "delta": 0.096593}}
{"target": -0.3725776877038289, "params": {"model__colsample_bylevel": 0.3426383940311504, "model__colsample_bynode": 0.3292770968669983, "model__colsample_bytree": 0.49999974247633633, "model__learning_rate": 0.21592871225493404, "model__max_depth": 7.629568478689846, "model__n_estimators": 23.72527860523467, "model__reg_lambda": 6.7998375849329875}, "datetime": {"datetime": "2021-03-24 01:59:43", "elapsed": 8.686315, "delta": 0.101519}}
{"target": -0.3726797576993704, "params": {"model__colsample_bylevel": 1.0, "model__colsample_bynode": 1.0, "model__colsample_bytree": 1.0, "model__learning_rate": 0.3, "model__max_depth": 8.0, "model__n_estimators": 15.0, "model__reg_lambda": 10.0}, "datetime": {"datetime": "2021-03-24 01:59:44", "elapsed": 9.51803, "delta": 0.831715}}
{"target": -0.34725112641108746, "params": {"model__colsample_bylevel": 0.8635753802938897, "model__colsample_bynode": 0.7228161687835728, "model__colsample_bytree": 0.4819897559037167, "model__learning_rate": 0.22769201965841518, "model__max_depth": 3.6670969418922406, "model__n_estimators": 29.958472831287587, "model__reg_lambda": 9.851159732695843}, "datetime": {"datetime": "2021-03-24 01:59:45", "elapsed": 10.29412, "delta": 0.77609}}
{"target": -0.3492978854675143, "params": {"model__colsample_bylevel": 1.0, "model__colsample_bynode": 1.0, "model__colsample_bytree": 0.3, "model__learning_rate": 0.3, "model__max_depth": 8.0, "model__n_estimators": 30.0, "model__reg_lambda": 10.0}, "datetime": {"datetime": "2021-03-24 01:59:45", "elapsed": 11.052795, "delta": 0.758675}}
{"target": -0.3667868015099911, "params": {"model__colsample_bylevel": 0.3, "model__colsample_bynode": 1.0, "model__colsample_bytree": 1.0, "model__learning_rate": 0.3, "model__max_depth": 7.662764691444862, "model__n_estimators": 15.0, "model__reg_lambda": 5.74274536908693}, "datetime": {"datetime": "2021-03-24 01:59:46", "elapsed": 11.768613, "delta": 0.715818}}
{"target": -0.3539897401999358, "params": {"model__colsample_bylevel": 1.0, "model__colsample_bynode": 1.0, "model__colsample_bytree": 1.0, "model__learning_rate": 0.3, "model__max_depth": 8.0, "model__n_estimators": 21.401342299795928, "model__reg_lambda": 10.0}, "datetime": {"datetime": "2021-03-24 01:59:47", "elapsed": 12.668856, "delta": 0.900243}}
{"target": -0.37672051633640696, "params": {"model__colsample_bylevel": 0.3, "model__colsample_bynode": 1.0, "model__colsample_bytree": 0.3, "model__learning_rate": 0.3, "model__max_depth": 5.634080542669721, "model__n_estimators": 30.0, "model__reg_lambda": 9.99999999973864}, "datetime": {"datetime": "2021-03-24 01:59:48", "elapsed": 13.43638, "delta": 0.767524}}
{"target": -0.4333569600557287, "params": {"model__colsample_bylevel": 0.3, "model__colsample_bynode": 1.0, "model__colsample_bytree": 0.3, "model__learning_rate": 0.3, "model__max_depth": 2.0, "model__n_estimators": 19.92875524195341, "model__reg_lambda": 10.0}, "datetime": {"datetime": "2021-03-24 01:59:49", "elapsed": 14.08751, "delta": 0.65113}}
{"target": -0.34680418624826104, "params": {"model__colsample_bylevel": 1.0, "model__colsample_bynode": 1.0, "model__colsample_bytree": 1.0, "model__learning_rate": 0.3, "model__max_depth": 2.0, "model__n_estimators": 30.0, "model__reg_lambda": 9.317505470775288}, "datetime": {"datetime": "2021-03-24 01:59:49", "elapsed": 14.90491, "delta": 0.8174}}
{"target": -0.34832216525463844, "params": {"model__colsample_bylevel": 0.3, "model__colsample_bynode": 0.3, "model__colsample_bytree": 1.0, "model__learning_rate": 0.3, "model__max_depth": 6.380785882265968, "model__n_estimators": 23.00968804073405, "model__reg_lambda": 0.29368510322499947}, "datetime": {"datetime": "2021-03-24 01:59:50", "elapsed": 15.604227, "delta": 0.699317}}
{"target": -0.35597902862355113, "params": {"model__colsample_bylevel": 1.0, "model__colsample_bynode": 1.0, "model__colsample_bytree": 1.0, "model__learning_rate": 0.3, "model__max_depth": 8.0, "model__n_estimators": 21.258196982248624, "model__reg_lambda": 5.537933591063452}, "datetime": {"datetime": "2021-03-24 01:59:51", "elapsed": 16.470928, "delta": 0.866701}}
{"target": -0.3813270070692153, "params": {"model__colsample_bylevel": 1.0, "model__colsample_bynode": 1.0, "model__colsample_bytree": 1.0, "model__learning_rate": 0.3, "model__max_depth": 5.940359012034565, "model__n_estimators": 19.56641254185441, "model__reg_lambda": 5.397416046891018e-10}, "datetime": {"datetime": "2021-03-24 01:59:52", "elapsed": 17.250376, "delta": 0.779448}}
{"target": -0.3575636262276574, "params": {"model__colsample_bylevel": 0.3, "model__colsample_bynode": 1.0, "model__colsample_bytree": 1.0, "model__learning_rate": 0.3, "model__max_depth": 5.185293500764224, "model__n_estimators": 15.0, "model__reg_lambda": 3.513144131412883}, "datetime": {"datetime": "2021-03-24 01:59:52", "elapsed": 17.934764, "delta": 0.684388}}
{"target": -0.3611488054870911, "params": {"model__colsample_bylevel": 0.3, "model__colsample_bynode": 0.3, "model__colsample_bytree": 1.0, "model__learning_rate": 0.3, "model__max_depth": 4.995544843679256, "model__n_estimators": 21.92420569527671, "model__reg_lambda": 2.8285567631248645}, "datetime": {"datetime": "2021-03-24 01:59:53", "elapsed": 18.611778, "delta": 0.677014}}
{"target": -0.3623095791233514, "params": {"model__colsample_bylevel": 0.3, "model__colsample_bynode": 1.0, "model__colsample_bytree": 1.0, "model__learning_rate": 0.3, "model__max_depth": 4.731618265376504, "model__n_estimators": 15.0, "model__reg_lambda": 10.0}, "datetime": {"datetime": "2021-03-24 01:59:54", "elapsed": 19.431067, "delta": 0.819289}}
{"target": -0.31331264800273984, "params": {"model__colsample_bylevel": 1.0, "model__colsample_bynode": 0.3, "model__colsample_bytree": 1.0, "model__learning_rate": 0.3, "model__max_depth": 8.0, "model__n_estimators": 30.0, "model__reg_lambda": 3.7783902526123074}, "datetime": {"datetime": "2021-03-24 01:59:55", "elapsed": 20.26776, "delta": 0.836693}}
{"target": -0.3437321866609399, "params": {"model__colsample_bylevel": 1.0, "model__colsample_bynode": 1.0, "model__colsample_bytree": 1.0, "model__learning_rate": 0.3, "model__max_depth": 4.146993184533612, "model__n_estimators": 23.39164852275094, "model__reg_lambda": 8.979781734668991}, "datetime": {"datetime": "2021-03-24 01:59:56", "elapsed": 21.150676, "delta": 0.882916}}
{"target": -0.349337420721228, "params": {"model__colsample_bylevel": 0.3, "model__colsample_bynode": 1.0, "model__colsample_bytree": 1.0, "model__learning_rate": 0.3, "model__max_depth": 8.0, "model__n_estimators": 28.115806699200814, "model__reg_lambda": 2.4209077545680335}, "datetime": {"datetime": "2021-03-24 01:59:56", "elapsed": 22.059952, "delta": 0.909276}}
{"target": -0.3664469597851048, "params": {"model__colsample_bylevel": 0.8892894818281414, "model__colsample_bynode": 0.7539317793758962, "model__colsample_bytree": 0.3148973140954882, "model__learning_rate": 0.24844007782049177, "model__max_depth": 2.0052941742488573, "model__n_estimators": 18.577807981493553, "model__reg_lambda": 0.1777970280145269}, "datetime": {"datetime": "2021-03-24 01:59:57", "elapsed": 22.701617, "delta": 0.641665}}
{"target": -0.32046455924021267, "params": {"model__colsample_bylevel": 1.0, "model__colsample_bynode": 0.3, "model__colsample_bytree": 1.0, "model__learning_rate": 0.3, "model__max_depth": 6.118027376000221, "model__n_estimators": 30.0, "model__reg_lambda": 10.0}, "datetime": {"datetime": "2021-03-24 01:59:58", "elapsed": 23.473628, "delta": 0.772011}}
{"target": -0.3923318208617063, "params": {"model__colsample_bylevel": 0.3, "model__colsample_bynode": 0.3, "model__colsample_bytree": 0.3, "model__learning_rate": 0.3, "model__max_depth": 2.0, "model__n_estimators": 30.0, "model__reg_lambda": 0.0}, "datetime": {"datetime": "2021-03-24 01:59:59", "elapsed": 24.23811, "delta": 0.764482}}
{"target": -0.35447023230861274, "params": {"model__colsample_bylevel": 1.0, "model__colsample_bynode": 1.0, "model__colsample_bytree": 0.3, "model__learning_rate": 0.3, "model__max_depth": 6.507660562198779, "model__n_estimators": 30.0, "model__reg_lambda": 6.0895100266046835}, "datetime": {"datetime": "2021-03-24 02:00:00", "elapsed": 25.230831, "delta": 0.992721}}
{"target": -0.34259973826676443, "params": {"model__colsample_bylevel": 1.0, "model__colsample_bynode": 1.0, "model__colsample_bytree": 1.0, "model__learning_rate": 0.3, "model__max_depth": 4.2663639891650185, "model__n_estimators": 27.704601319818924, "model__reg_lambda": 10.0}, "datetime": {"datetime": "2021-03-24 02:00:01", "elapsed": 26.198961, "delta": 0.96813}}
{"target": -0.35723665792957293, "params": {"model__colsample_bylevel": 0.7988395840044028, "model__colsample_bynode": 0.8670002827238532, "model__colsample_bytree": 0.5785652266256759, "model__learning_rate": 0.2811934223744703, "model__max_depth": 2.1322249924602055, "model__n_estimators": 29.664324696946977, "model__reg_lambda": 3.2106784791329632}, "datetime": {"datetime": "2021-03-24 02:00:01", "elapsed": 27.000716, "delta": 0.801755}}
{"target": -0.36421191112553375, "params": {"model__colsample_bylevel": 1.0, "model__colsample_bynode": 0.3, "model__colsample_bytree": 1.0, "model__learning_rate": 0.3, "model__max_depth": 8.0, "model__n_estimators": 29.29779643692704, "model__reg_lambda": 0.0}, "datetime": {"datetime": "2021-03-24 02:00:02", "elapsed": 27.79925, "delta": 0.798534}}
{"target": -0.3622521389078389, "params": {"model__colsample_bylevel": 1.0, "model__colsample_bynode": 0.3, "model__colsample_bytree": 0.3, "model__learning_rate": 0.3, "model__max_depth": 3.9802744985951377, "model__n_estimators": 19.855345690898588, "model__reg_lambda": 0.059018199859378895}, "datetime": {"datetime": "2021-03-24 02:00:03", "elapsed": 28.743714, "delta": 0.944464}}
{"target": -0.387948046406677, "params": {"model__colsample_bylevel": 0.3, "model__colsample_bynode": 1.0, "model__colsample_bytree": 0.3, "model__learning_rate": 0.3, "model__max_depth": 4.4110133902973025, "model__n_estimators": 22.26495034277806, "model__reg_lambda": 10.0}, "datetime": {"datetime": "2021-03-24 02:00:04", "elapsed": 29.573092, "delta": 0.829378}}
{"target": -0.3501788125947064, "params": {"model__colsample_bylevel": 1.0, "model__colsample_bynode": 1.0, "model__colsample_bytree": 1.0, "model__learning_rate": 0.3, "model__max_depth": 5.415451474364023, "model__n_estimators": 16.61505992313199, "model__reg_lambda": 5.387972064138776}, "datetime": {"datetime": "2021-03-24 02:00:05", "elapsed": 30.839893, "delta": 1.266801}}
{"target": -0.3705760315674749, "params": {"model__colsample_bylevel": 0.3, "model__colsample_bynode": 0.3, "model__colsample_bytree": 1.0, "model__learning_rate": 0.3, "model__max_depth": 8.0, "model__n_estimators": 15.0, "model__reg_lambda": 3.228591564699274}, "datetime": {"datetime": "2021-03-24 02:00:06", "elapsed": 32.017811, "delta": 1.177918}}
{"target": -0.3276553850691847, "params": {"model__colsample_bylevel": 1.0, "model__colsample_bynode": 1.0, "model__colsample_bytree": 1.0, "model__learning_rate": 0.3, "model__max_depth": 4.570657918821192, "model__n_estimators": 30.0, "model__reg_lambda": 8.413173986493902}, "datetime": {"datetime": "2021-03-24 02:00:08", "elapsed": 33.479043, "delta": 1.461232}}
{"target": -0.3540841791561157, "params": {"model__colsample_bylevel": 0.9699570287085488, "model__colsample_bynode": 0.5545195884875436, "model__colsample_bytree": 0.867970419880095, "model__learning_rate": 0.2881724047376634, "model__max_depth": 4.2081321109558925, "model__n_estimators": 15.082706083324915, "model__reg_lambda": 0.23669085206407536}, "datetime": {"datetime": "2021-03-24 02:00:09", "elapsed": 34.813575, "delta": 1.334532}}
