{"target": -0.3362642045093167, "params": {"model__colsample_bylevel": 0.7766170916226883, "model__colsample_bynode": 0.9176456544265266, "model__colsample_bytree": 0.9348326285239486, "model__learning_rate": 0.29509722839537667, "model__max_depth": 2.127044699319531, "model__n_estimators": 23.645946034632956, "model__reg_lambda": 0.12792772342838488}, "datetime": {"datetime": "2021-03-24 02:00:10", "elapsed": 35.967651, "delta": 1.154076}}
{"target": -0.33164547153721574, "params": {"model__colsample_bylevel": 1.0, "model__colsample_bynode": 0.3, "model__colsample_bytree": 1.0, "model__learning_rate": 0.3, "model__max_depth": 8.0, "model__n_estimators": 27.80910597398772, "model__reg_lambda": 10.0}, "datetime": {"datetime": "2021-03-24 02:00:12", "elapsed": 37.257636, "delta": 1.289985}}
{"target": -0.3592426015089428, "params": {"model__colsample_bylevel": 0.3, "model__colsample_bynode": 0.8345295058708957, "model__colsample_bytree": 0.32458509124940077, "model__learning_rate": 0.3, "model__max_depth": 4.38940784631801, "model__n_estimators": 30.0, "model__reg_lambda": 1.8397922440822296}, "datetime": {"datetime": "2021-03-24 02:00:13", "elapsed": 38.502882, "delta": 1.245246}}
{"target": -0.3618336347522268, "params": {"model__colsample_bylevel": 0.3, "model__colsample_bynode": 0.9999999994467558, "model__colsample_bytree": 0.3, "model__learning_rate": 0.3, "model__max_depth": 8.0, "model__n_estimators": 21.009166549908294, "model__reg_lambda": 0.6518332324333729}, "datetime": {"datetime": "2021-03-24 02:00:14", "elapsed": 39.48616, "delta": 0.983278}}
{"target": -0.3847747682148348, "params": {"model__colsample_bylevel": 1.0, "model__colsample_bynode": 1.0, "model__colsample_bytree": 0.3, "model__learning_rate": 0.3, "model__max_depth": 4.524660895984838, "model__n_estimators": 17.101153698690407, "model__reg_lambda": 10.0}, "datetime": {"datetime": "2021-03-24 02:00:15", "elapsed": 40.604776, "delta": 1.118616}}
{"target": -0.33558538566534135, "params": {"model__colsample_bylevel": 1.0, "model__colsample_bynode": 1.0, "model__colsample_bytree": 0.3, "model__learning_rate": 0.3, "model__max_depth": 8.0, "model__n_estimators": 15.0, "model__reg_lambda": 0.0}, "datetime": {"datetime": "2021-03-24 02:00:17", "elapsed": 42.146525, "delta": 1.541749}}
{"target": -0.31191395273418643, "params": {"model__colsample_bylevel": 0.4405941718197357, "model__colsample_bynode": 0.39664904959139297, "model__colsample_bytree": 0.9692125101244926, "model__learning_rate": 0.2880052222673982, "model__max_depth": 7.055596586318209, "model__n_estimators": 23.99605708593834, "model__reg_lambda": 3.4900697298032957}, "datetime": {"datetime": "2021-03-24 02:00:18", "elapsed": 43.292158, "delta": 1.145633}}
{"target": -0.3811530486591147, "params": {"model__colsample_bylevel": 0.9909366259906094, "model__colsample_bynode": 0.9524141468671441, "model__colsample_bytree": 0.67206567028388, "model__learning_rate": 0.2990341424273243, "model__max_depth": 3.7269306912154634, "model__n_estimators": 17.496356579609106, "model__reg_lambda": 1.7804583792197937}, "datetime": {"datetime": "2021-03-24 02:00:19", "elapsed": 44.472676, "delta": 1.180518}}
{"target": -0.32973635728416995, "params": {"model__colsample_bylevel": 0.3, "model__colsample_bynode": 0.9999999988011503, "model__colsample_bytree": 1.0, "model__learning_rate": 0.3, "model__max_depth": 8.0, "model__n_estimators": 30.0, "model__reg_lambda": 10.0}, "datetime": {"datetime": "2021-03-24 02:00:20", "elapsed": 45.756358, "delta": 1.283682}}
{"target": -0.3525718703921682, "params": {"model__colsample_bylevel": 0.9999999999999976, "model__colsample_bynode": 1.0, "model__colsample_bytree": 0.9935772174155533, "model__learning_rate": 0.3, "model__max_depth": 4.557828691602964, "model__n_estimators": 29.92095144035689, "model__reg_lambda": 4.049507437354267}, "datetime": {"datetime": "2021-03-24 02:00:22", "elapsed": 47.268573, "delta": 1.512215}}
{"target": -0.3326181313761955, "params": {"model__colsample_bylevel": 0.5472507092390644, "model__colsample_bynode": 0.37889733865744013, "model__colsample_bytree": 0.7540727332922978, "model__learning_rate": 0.28790913003190166, "model__max_depth": 7.961936428401323, "model__n_estimators": 29.722998938783395, "model__reg_lambda": 7.851411681972833}, "datetime": {"datetime": "2021-03-24 02:00:23", "elapsed": 48.621816, "delta": 1.353243}}
{"target": -0.363007870040483, "params": {"model__colsample_bylevel": 0.3, "model__colsample_bynode": 0.3, "model__colsample_bytree": 1.0, "model__learning_rate": 0.3, "model__max_depth": 3.5366173531502616, "model__n_estimators": 28.48891172721891, "model__reg_lambda": 7.824217364751151}, "datetime": {"datetime": "2021-03-24 02:00:24", "elapsed": 49.641247, "delta": 1.019431}}
{"target": -0.3561931077606868, "params": {"model__colsample_bylevel": 0.6584118393293668, "model__colsample_bynode": 0.4697768429730571, "model__colsample_bytree": 0.9877022360552032, "model__learning_rate": 0.29504228420765816, "model__max_depth": 7.3619042105048, "model__n_estimators": 23.817492824619947, "model__reg_lambda": 7.640709656741179}, "datetime": {"datetime": "2021-03-24 02:00:25", "elapsed": 50.867633, "delta": 1.226386}}
{"target": -0.33713133782755744, "params": {"model__colsample_bylevel": 0.3160137908164278, "model__colsample_bynode": 0.3046317080004582, "model__colsample_bytree": 0.8617778881198424, "model__learning_rate": 0.2743536339913316, "model__max_depth": 6.659891881188114, "model__n_estimators": 29.85984357351054, "model__reg_lambda": 1.9591743787937799}, "datetime": {"datetime": "2021-03-24 02:00:26", "elapsed": 51.95125, "delta": 1.083617}}
{"target": -0.3593547957085505, "params": {"model__colsample_bylevel": 0.3, "model__colsample_bynode": 0.3, "model__colsample_bytree": 0.9811246914305417, "model__learning_rate": 0.3, "model__max_depth": 8.0, "model__n_estimators": 30.0, "model__reg_lambda": 10.0}, "datetime": {"datetime": "2021-03-24 02:00:28", "elapsed": 53.322641, "delta": 1.371391}}
{"target": -0.329481314743896, "params": {"model__colsample_bylevel": 0.7104431272163638, "model__colsample_bynode": 0.9638272236849883, "model__colsample_bytree": 0.9500639570725358, "model__learning_rate": 0.16484407997039102, "model__max_depth": 2.0322409230746974, "model__n_estimators": 28.657568480509703, "model__reg_lambda": 0.27139765996940346}, "datetime": {"datetime": "2021-03-24 02:00:29", "elapsed": 54.453956, "delta": 1.131315}}
{"target": -0.3816360348619629, "params": {"model__colsample_bylevel": 0.4764255280678633, "model__colsample_bynode": 0.30347691408984423, "model__colsample_bytree": 0.979197318600366, "model__learning_rate": 0.20831444832162527, "model__max_depth": 2.022404482175653, "model__n_estimators": 15.30002521364308, "model__reg_lambda": 0.09455625266277856}, "datetime": {"datetime": "2021-03-24 02:00:30", "elapsed": 55.600262, "delta": 1.146306}}
{"target": -0.34773045494086174, "params": {"model__colsample_bylevel": 1.0, "model__colsample_bynode": 1.0, "model__colsample_bytree": 1.0, "model__learning_rate": 0.3, "model__max_depth": 5.097309436574918, "model__n_estimators": 19.713148346541793, "model__reg_lambda": 10.0}, "datetime": {"datetime": "2021-03-24 02:00:31", "elapsed": 56.947299, "delta": 1.347037}}
{"target": -0.5078572900209953, "params": {"model__colsample_bylevel": 0.3, "model__colsample_bynode": 0.3, "model__colsample_bytree": 0.3, "model__learning_rate": 0.3, "model__max_depth": 2.0, "model__n_estimators": 15.0, "model__reg_lambda": 10.0}, "datetime": {"datetime": "2021-03-24 02:00:32", "elapsed": 58.047681, "delta": 1.100382}}
{"target": -0.40564788148967895, "params": {"model__colsample_bylevel": 0.3, "model__colsample_bynode": 0.3, "model__colsample_bytree": 1.0, "model__learning_rate": 0.3, "model__max_depth": 4.258848326206271, "model__n_estimators": 18.12788155902447, "model__reg_lambda": 10.0}, "datetime": {"datetime": "2021-03-24 02:00:34", "elapsed": 59.484151, "delta": 1.43647}}
{"target": -0.3436901371220829, "params": {"model__colsample_bylevel": 0.32259733434243354, "model__colsample_bynode": 0.927446065581937, "model__colsample_bytree": 0.6237352445473501, "model__learning_rate": 0.28835916319635757, "model__max_depth": 6.757339824991847, "model__n_estimators": 19.939654583646494, "model__reg_lambda": 3.5417287207015336}, "datetime": {"datetime": "2021-03-24 02:00:35", "elapsed": 60.624303, "delta": 1.140152}}
{"target": -0.361881620557034, "params": {"model__colsample_bylevel": 1.0, "model__colsample_bynode": 0.3, "model__colsample_bytree": 1.0, "model__learning_rate": 0.3, "model__max_depth": 6.104994843433762, "model__n_estimators": 15.0, "model__reg_lambda": 4.6277785091096195}, "datetime": {"datetime": "2021-03-24 02:00:36", "elapsed": 61.784244, "delta": 1.159941}}
{"target": -0.3435127494723428, "params": {"model__colsample_bylevel": 0.36998533114835236, "model__colsample_bynode": 0.3076591227673082, "model__colsample_bytree": 0.5267260755224734, "model__learning_rate": 0.28103254670274547, "model__max_depth": 7.9283755311103885, "model__n_estimators": 26.742008848972688, "model__reg_lambda": 0.6452515037988016}, "datetime": {"datetime": "2021-03-24 02:00:37", "elapsed": 63.042845, "delta": 1.258601}}
{"target": -0.34359118465698607, "params": {"model__colsample_bylevel": 0.4396847372765162, "model__colsample_bynode": 0.7106374213401121, "model__colsample_bytree": 0.6516773204245807, "model__learning_rate": 0.29801358169636116, "model__max_depth": 2.585597446180442, "model__n_estimators": 22.872447879976324, "model__reg_lambda": 7.150562239841723}, "datetime": {"datetime": "2021-03-24 02:00:39", "elapsed": 64.105591, "delta": 1.062746}}
{"target": -0.3847802993234085, "params": {"model__colsample_bylevel": 0.6728835191296402, "model__colsample_bynode": 0.9745032674752061, "model__colsample_bytree": 0.9919152234381388, "model__learning_rate": 0.1290046459753243, "model__max_depth": 7.852505215561308, "model__n_estimators": 28.24596616481304, "model__reg_lambda": 8.98004322355337}, "datetime": {"datetime": "2021-03-24 02:00:40", "elapsed": 65.428968, "delta": 1.323377}}
{"target": -0.349023570895087, "params": {"model__colsample_bylevel": 0.3, "model__colsample_bynode": 0.807270991389374, "model__colsample_bytree": 1.0, "model__learning_rate": 0.3, "model__max_depth": 2.355508186112662, "model__n_estimators": 27.271065309857512, "model__reg_lambda": 1.3922916770168523}, "datetime": {"datetime": "2021-03-24 02:00:41", "elapsed": 66.559499, "delta": 1.130531}}
{"target": -0.33292613449789904, "params": {"model__colsample_bylevel": 1.0, "model__colsample_bynode": 1.0, "model__colsample_bytree": 0.3, "model__learning_rate": 0.3, "model__max_depth": 2.0, "model__n_estimators": 25.409546980957792, "model__reg_lambda": 1.5266574180174055}, "datetime": {"datetime": "2021-03-24 02:00:42", "elapsed": 67.652657, "delta": 1.093158}}
{"target": -0.32944680373015667, "params": {"model__colsample_bylevel": 0.350332179318806, "model__colsample_bynode": 0.95092255350984, "model__colsample_bytree": 0.3078937186277935, "model__learning_rate": 0.2963932160544348, "model__max_depth": 3.9663542368425926, "model__n_estimators": 23.162394175693812, "model__reg_lambda": 0.4104349112919603}, "datetime": {"datetime": "2021-03-24 02:00:43", "elapsed": 68.728289, "delta": 1.075632}}
{"target": -0.3650659609559006, "params": {"model__colsample_bylevel": 0.3, "model__colsample_bynode": 0.3, "model__colsample_bytree": 1.0, "model__learning_rate": 0.3, "model__max_depth": 8.0, "model__n_estimators": 23.874519707695296, "model__reg_lambda": 10.0}, "datetime": {"datetime": "2021-03-24 02:00:44", "elapsed": 69.958363, "delta": 1.230074}}
{"target": -0.3128513800749636, "params": {"model__colsample_bylevel": 0.5168026513930218, "model__colsample_bynode": 0.804201422231847, "model__colsample_bytree": 0.9430110025753953, "model__learning_rate": 0.2863745250952758, "model__max_depth": 7.917143476599266, "model__n_estimators": 29.982204511703223, "model__reg_lambda": 5.216917313081182}, "datetime": {"datetime": "2021-03-24 02:00:46", "elapsed": 71.360253, "delta": 1.40189}}
{"target": -0.32579767117302094, "params": {"model__colsample_bylevel": 0.39161173113275755, "model__colsample_bynode": 0.7890307756386875, "model__colsample_bytree": 0.8151659861205509, "model__learning_rate": 0.2987897682147479, "model__max_depth": 3.671823017032038, "model__n_estimators": 18.530424241215243, "model__reg_lambda": 0.00017735732801060777}, "datetime": {"datetime": "2021-03-24 02:00:47", "elapsed": 72.521494, "delta": 1.161241}}
{"target": -0.3487530999965426, "params": {"model__colsample_bylevel": 0.3000000017293082, "model__colsample_bynode": 1.0, "model__colsample_bytree": 1.0, "model__learning_rate": 0.3, "model__max_depth": 5.936122882980438, "model__n_estimators": 23.66884255020343, "model__reg_lambda": 6.614837345373931}, "datetime": {"datetime": "2021-03-24 02:00:48", "elapsed": 73.941668, "delta": 1.420174}}
{"target": -0.382794349655455, "params": {"model__colsample_bylevel": 0.3143693020482549, "model__colsample_bynode": 0.30199941124102614, "model__colsample_bytree": 0.3376882605545521, "model__learning_rate": 0.22095765678902418, "model__max_depth": 3.6253903950952107, "model__n_estimators": 16.903511658875754, "model__reg_lambda": 0.03079397136173223}, "datetime": {"datetime": "2021-03-24 02:00:50", "elapsed": 75.183223, "delta": 1.241555}}
{"target": -0.3291906476820535, "params": {"model__colsample_bylevel": 0.43627165808015267, "model__colsample_bynode": 0.4182866911975899, "model__colsample_bytree": 0.6676166580494971, "model__learning_rate": 0.285681131888481, "model__max_depth": 5.544912497024858, "model__n_estimators": 28.30537246728221, "model__reg_lambda": 5.503839762779417}, "datetime": {"datetime": "2021-03-24 02:00:51", "elapsed": 76.319992, "delta": 1.136769}}
{"target": -0.33495202896495657, "params": {"model__colsample_bylevel": 0.9047083750206917, "model__colsample_bynode": 0.5663700050569216, "model__colsample_bytree": 0.39845210543126963, "model__learning_rate": 0.2871899531828433, "model__max_depth": 3.883217024962695, "model__n_estimators": 22.453229403604418, "model__reg_lambda": 6.8470131238170415}, "datetime": {"datetime": "2021-03-24 02:00:52", "elapsed": 77.40174, "delta": 1.081748}}
{"target": -0.3221288080236105, "params": {"model__colsample_bylevel": 0.8951097979582316, "model__colsample_bynode": 0.30566780442188485, "model__colsample_bytree": 0.9691117623146783, "model__learning_rate": 0.24650097412732888, "model__max_depth": 7.329128361701854, "model__n_estimators": 29.931889349319782, "model__reg_lambda": 4.971963325586892}, "datetime": {"datetime": "2021-03-24 02:00:53", "elapsed": 78.638823, "delta": 1.237083}}
{"target": -0.34862447906170796, "params": {"model__colsample_bylevel": 0.3, "model__colsample_bynode": 1.0, "model__colsample_bytree": 1.0, "model__learning_rate": 0.3, "model__max_depth": 8.0, "model__n_estimators": 15.0, "model__reg_lambda": 0.0}, "datetime": {"datetime": "2021-03-24 02:00:54", "elapsed": 79.79266, "delta": 1.153837}}
{"target": -0.376596665950627, "params": {"model__colsample_bylevel": 0.3740936250696254, "model__colsample_bynode": 0.3094573069646432, "model__colsample_bytree": 0.5731695880949552, "model__learning_rate": 0.2819289130113716, "model__max_depth": 7.961935832815013, "model__n_estimators": 23.091715371220047, "model__reg_lambda": 3.643615843243709}, "datetime": {"datetime": "2021-03-24 02:00:56", "elapsed": 81.07573, "delta": 1.28307}}
{"target": -0.3409027572127356, "params": {"model__colsample_bylevel": 0.3743842770700975, "model__colsample_bynode": 0.41964799844044864, "model__colsample_bytree": 0.9296887596572174, "model__learning_rate": 0.29759207463972315, "model__max_depth": 2.689262341056134, "model__n_estimators": 19.07885200753095, "model__reg_lambda": 0.4263615291488998}, "datetime": {"datetime": "2021-03-24 02:00:57", "elapsed": 82.283528, "delta": 1.207798}}
{"target": -0.4060980830301085, "params": {"model__colsample_bylevel": 0.3, "model__colsample_bynode": 1.0, "model__colsample_bytree": 0.3, "model__learning_rate": 0.3, "model__max_depth": 5.765365291193498, "model__n_estimators": 15.0, "model__reg_lambda": 7.742693732872822}, "datetime": {"datetime": "2021-03-24 02:00:58", "elapsed": 83.583584, "delta": 1.300056}}
{"target": -0.3376338318331113, "params": {"model__colsample_bylevel": 1.0, "model__colsample_bynode": 0.3, "model__colsample_bytree": 1.0, "model__learning_rate": 0.3, "model__max_depth": 5.603464773834472, "model__n_estimators": 28.019877944116008, "model__reg_lambda": 8.471505242369606}, "datetime": {"datetime": "2021-03-24 02:00:59", "elapsed": 84.972868, "delta": 1.389284}}
{"target": -0.3578699559013805, "params": {"model__colsample_bylevel": 0.3, "model__colsample_bynode": 0.9999999602408348, "model__colsample_bytree": 1.0, "model__learning_rate": 0.3, "model__max_depth": 5.4193622442237475, "model__n_estimators": 18.093428963887057, "model__reg_lambda": 4.379790093274555}, "datetime": {"datetime": "2021-03-24 02:01:01", "elapsed": 86.102526, "delta": 1.129658}}
{"target": -0.3588696916857599, "params": {"model__colsample_bylevel": 0.3, "model__colsample_bynode": 1.0, "model__colsample_bytree": 1.0, "model__learning_rate": 0.3, "model__max_depth": 7.92293469523079, "model__n_estimators": 20.748201749065966, "model__reg_lambda": 1.9856056637140929}, "datetime": {"datetime": "2021-03-24 02:01:02", "elapsed": 87.377397, "delta": 1.274871}}
{"target": -0.3264377159484918, "params": {"model__colsample_bylevel": 0.9368398912117091, "model__colsample_bynode": 0.3240635021582476, "model__colsample_bytree": 0.9428227369010802, "model__learning_rate": 0.29957825924408876, "model__max_depth": 6.877779189607489, "model__n_estimators": 19.23610693687087, "model__reg_lambda": 2.20896965071229}, "datetime": {"datetime": "2021-03-24 02:01:03", "elapsed": 88.710509, "delta": 1.333112}}
{"target": -0.3476121215055278, "params": {"model__colsample_bylevel": 0.3, "model__colsample_bynode": 1.0, "model__colsample_bytree": 0.3, "model__learning_rate": 0.1, "model__max_depth": 8.0, "model__n_estimators": 30.0, "model__reg_lambda": 0.0}, "datetime": {"datetime": "2021-03-24 02:01:05", "elapsed": 90.124997, "delta": 1.414488}}
{"target": -0.37677556350827224, "params": {"model__colsample_bylevel": 0.9893946003943692, "model__colsample_bynode": 0.3824847340022458, "model__colsample_bytree": 0.6662924149050693, "model__learning_rate": 0.18642860822670032, "model__max_depth": 2.0433378209458817, "model__n_estimators": 29.72993696992293, "model__reg_lambda": 6.383253106653886}, "datetime": {"datetime": "2021-03-24 02:01:06", "elapsed": 91.193852, "delta": 1.068855}}
{"target": -0.3840266726870576, "params": {"model__colsample_bylevel": 0.9203860853253594, "model__colsample_bynode": 0.33080912854910716, "model__colsample_bytree": 0.908380449947549, "model__learning_rate": 0.23529232059653654, "model__max_depth": 2.0223542022002063, "model__n_estimators": 29.583031198519464, "model__reg_lambda": 9.825971724814941}, "datetime": {"datetime": "2021-03-24 02:01:07", "elapsed": 92.306682, "delta": 1.11283}}
{"target": -0.32505360710218656, "params": {"model__colsample_bylevel": 0.9415803994651142, "model__colsample_bynode": 0.8574413554735618, "model__colsample_bytree": 0.9670053654833435, "model__learning_rate": 0.2805917560956177, "model__max_depth": 7.983689154887809, "model__n_estimators": 29.96888321839387, "model__reg_lambda": 8.092579421496115}, "datetime": {"datetime": "2021-03-24 02:01:08", "elapsed": 93.684849, "delta": 1.378167}}
{"target": -0.393110238801202, "params": {"model__colsample_bylevel": 0.842392797948913, "model__colsample_bynode": 0.9059852619342199, "model__colsample_bytree": 0.6970109361954766, "model__learning_rate": 0.11394283403125037, "model__max_depth": 2.3568196210695556, "model__n_estimators": 25.751405062250647, "model__reg_lambda": 0.022201253661838782}, "datetime": {"datetime": "2021-03-24 02:01:09", "elapsed": 94.729414, "delta": 1.044565}}
{"target": -0.36376715922336755, "params": {"model__colsample_bylevel": 1.0, "model__colsample_bynode": 1.0, "model__colsample_bytree": 0.3, "model__learning_rate": 0.3, "model__max_depth": 2.0, "model__n_estimators": 24.556569376744857, "model__reg_lambda": 9.965550472672565}, "datetime": {"datetime": "2021-03-24 02:01:10", "elapsed": 96.047529, "delta": 1.318115}}
{"target": -0.37199278764015037, "params": {"model__colsample_bylevel": 0.8024007197484553, "model__colsample_bynode": 0.9870291368353954, "model__colsample_bytree": 0.3576832116796031, "model__learning_rate": 0.3, "model__max_depth": 2.168296916098848, "model__n_estimators": 23.894561279785293, "model__reg_lambda": 6.938111792317117}, "datetime": {"datetime": "2021-03-24 02:01:12", "elapsed": 97.207702, "delta": 1.160173}}
{"target": -0.32333296090533176, "params": {"model__colsample_bylevel": 0.3666023932138387, "model__colsample_bynode": 0.4817936744998066, "model__colsample_bytree": 0.4473975316139651, "model__learning_rate": 0.2922450815602622, "model__max_depth": 2.751855235789596, "model__n_estimators": 24.957425815200303, "model__reg_lambda": 2.114092014154605}, "datetime": {"datetime": "2021-03-24 02:01:13", "elapsed": 98.414317, "delta": 1.206615}}
{"target": -0.35653816807367233, "params": {"model__colsample_bylevel": 1.0, "model__colsample_bynode": 0.4590206331844104, "model__colsample_bytree": 1.0, "model__learning_rate": 0.3, "model__max_depth": 8.0, "model__n_estimators": 17.95068435031951, "model__reg_lambda": 5.573918949524886}, "datetime": {"datetime": "2021-03-24 02:01:14", "elapsed": 99.452981, "delta": 1.038664}}
