{"target": -0.3311124836209406, "params": {"model__colsample_bylevel": 0.559029080232816, "model__colsample_bynode": 0.9415594590570158, "model__colsample_bytree": 0.34012923420727864, "model__learning_rate": 0.28989687890981064, "model__max_depth": 2.0032885182383295, "model__n_estimators": 26.283609401266776, "model__reg_lambda": 2.6825034776340893}, "datetime": {"datetime": "2021-03-24 02:02:22", "elapsed": 168.044269, "delta": 1.223472}}
{"target": -0.3617822467227993, "params": {"model__colsample_bylevel": 0.3776334248205922, "model__colsample_bynode": 0.9492445702662113, "model__colsample_bytree": 0.32441643698558636, "model__learning_rate": 0.28654630957315175, "model__max_depth": 3.7364798102947354, "model__n_estimators": 23.256817353969343, "model__reg_lambda": 7.409077642182204}, "datetime": {"datetime": "2021-03-24 02:02:24", "elapsed": 169.213696, "delta": 1.169427}}
{"target": -0.34671071767503314, "params": {"model__colsample_bylevel": 0.4003824389015089, "model__colsample_bynode": 0.6809969305393351, "model__colsample_bytree": 0.35287723984951613, "model__learning_rate": 0.2991471996172773, "model__max_depth": 5.967256424671989, "model__n_estimators": 29.799009930586465, "model__reg_lambda": 4.197226330164952}, "datetime": {"datetime": "2021-03-24 02:02:25", "elapsed": 170.534513, "delta": 1.320817}}
{"target": -0.38094064957543233, "params": {"model__colsample_bylevel": 0.9948374030666904, "model__colsample_bynode": 1.0, "model__colsample_bytree": 0.3, "model__learning_rate": 0.3, "model__max_depth": 4.149300612158752, "model__n_estimators": 15.0, "model__reg_lambda": 5.353451606044682}, "datetime": {"datetime": "2021-03-24 02:02:26", "elapsed": 171.695789, "delta": 1.161276}}
{"target": -0.3613400556882708, "params": {"model__colsample_bylevel": 1.0, "model__colsample_bynode": 1.0, "model__colsample_bytree": 1.0, "model__learning_rate": 0.3, "model__max_depth": 6.575583820890441, "model__n_estimators": 16.261959955637415, "model__reg_lambda": 9.212026855637598}, "datetime": {"datetime": "2021-03-24 02:02:28", "elapsed": 173.107438, "delta": 1.411649}}
{"target": -0.34389216227463676, "params": {"model__colsample_bylevel": 0.3530635309547583, "model__colsample_bynode": 0.7186368791829152, "model__colsample_bytree": 0.9848065851814904, "model__learning_rate": 0.2887472130693025, "model__max_depth": 5.599739897587865, "model__n_estimators": 26.340512554617344, "model__reg_lambda": 6.67019623109785}, "datetime": {"datetime": "2021-03-24 02:02:29", "elapsed": 174.560065, "delta": 1.452627}}
{"target": -0.366366471024905, "params": {"model__colsample_bylevel": 0.3133626741793672, "model__colsample_bynode": 0.37734347107877736, "model__colsample_bytree": 0.8094768180172809, "model__learning_rate": 0.26420135849682524, "model__max_depth": 2.6985844077032057, "model__n_estimators": 23.490210232639598, "model__reg_lambda": 5.197288621695581}, "datetime": {"datetime": "2021-03-24 02:02:30", "elapsed": 175.811296, "delta": 1.251231}}
{"target": -0.3314669210858562, "params": {"model__colsample_bylevel": 0.9944065121488543, "model__colsample_bynode": 0.988413212203864, "model__colsample_bytree": 0.7908017642246384, "model__learning_rate": 0.2275266892051949, "model__max_depth": 3.7492536064577493, "model__n_estimators": 27.847506915273968, "model__reg_lambda": 6.72442212216997}, "datetime": {"datetime": "2021-03-24 02:02:32", "elapsed": 177.614584, "delta": 1.803288}}
{"target": -0.3332727581667511, "params": {"model__colsample_bylevel": 0.3, "model__colsample_bynode": 1.0, "model__colsample_bytree": 1.0, "model__learning_rate": 0.3, "model__max_depth": 8.0, "model__n_estimators": 24.47302536815668, "model__reg_lambda": 4.524223460441552}, "datetime": {"datetime": "2021-03-24 02:02:34", "elapsed": 179.066261, "delta": 1.451677}}
{"target": -0.34452657956677235, "params": {"model__colsample_bylevel": 0.9998732238684294, "model__colsample_bynode": 0.9751477594875737, "model__colsample_bytree": 0.9944241072308893, "model__learning_rate": 0.28684177928601295, "model__max_depth": 6.254072960621022, "model__n_estimators": 27.578915131541187, "model__reg_lambda": 9.976580709038702}, "datetime": {"datetime": "2021-03-24 02:02:35", "elapsed": 180.625822, "delta": 1.559561}}
{"target": -0.33084165813246125, "params": {"model__colsample_bylevel": 0.3338394171849851, "model__colsample_bynode": 0.9036668025727781, "model__colsample_bytree": 0.8231227894006312, "model__learning_rate": 0.268081022729973, "model__max_depth": 2.043153221882715, "model__n_estimators": 24.59080616499562, "model__reg_lambda": 1.884981304458233}, "datetime": {"datetime": "2021-03-24 02:02:36", "elapsed": 181.90754, "delta": 1.281718}}
{"target": -0.34222088384988675, "params": {"model__colsample_bylevel": 0.890573613056336, "model__colsample_bynode": 0.9578914243594041, "model__colsample_bytree": 0.47836773648440334, "model__learning_rate": 0.2993704942660189, "model__max_depth": 4.226668255842504, "model__n_estimators": 28.00701605721003, "model__reg_lambda": 8.051664043806912}, "datetime": {"datetime": "2021-03-24 02:02:38", "elapsed": 183.66645, "delta": 1.75891}}
{"target": -0.3177441804477459, "params": {"model__colsample_bylevel": 0.9766438326767648, "model__colsample_bynode": 0.3491036980888906, "model__colsample_bytree": 0.9539500201653748, "model__learning_rate": 0.29808274373936017, "model__max_depth": 5.608601063290403, "model__n_estimators": 29.813529508347354, "model__reg_lambda": 2.0049834072350468}, "datetime": {"datetime": "2021-03-24 02:02:39", "elapsed": 184.895941, "delta": 1.229491}}
{"target": -0.3525397764161175, "params": {"model__colsample_bylevel": 1.0, "model__colsample_bynode": 1.0, "model__colsample_bytree": 1.0, "model__learning_rate": 0.3, "model__max_depth": 2.0, "model__n_estimators": 26.918963411521855, "model__reg_lambda": 7.596126394153458}, "datetime": {"datetime": "2021-03-24 02:02:41", "elapsed": 186.328895, "delta": 1.432954}}
{"target": -0.33697223387138947, "params": {"model__colsample_bylevel": 0.9855711425646199, "model__colsample_bynode": 0.3648381651092214, "model__colsample_bytree": 0.959478456448108, "model__learning_rate": 0.2877487020497328, "model__max_depth": 3.266693493251254, "model__n_estimators": 24.64209656881907, "model__reg_lambda": 9.8366773261675}, "datetime": {"datetime": "2021-03-24 02:02:42", "elapsed": 187.546449, "delta": 1.217554}}
{"target": -0.32866676921966365, "params": {"model__colsample_bylevel": 1.0, "model__colsample_bynode": 0.9758465064270965, "model__colsample_bytree": 0.35598234982565546, "model__learning_rate": 0.2997120314238972, "model__max_depth": 2.00198026358585, "model__n_estimators": 29.713223250362585, "model__reg_lambda": 1.2819268880013075}, "datetime": {"datetime": "2021-03-24 02:02:43", "elapsed": 188.906591, "delta": 1.360142}}
{"target": -0.34573580393672293, "params": {"model__colsample_bylevel": 0.4078277329093921, "model__colsample_bynode": 0.32161589558457243, "model__colsample_bytree": 0.6226542873909395, "model__learning_rate": 0.2962615725395572, "model__max_depth": 5.819321308452293, "model__n_estimators": 19.448166522243042, "model__reg_lambda": 1.1064160398691525}, "datetime": {"datetime": "2021-03-24 02:02:45", "elapsed": 190.23716, "delta": 1.330569}}
{"target": -0.3380079297456836, "params": {"model__colsample_bylevel": 0.3320665213644094, "model__colsample_bynode": 0.9422937517051169, "model__colsample_bytree": 0.8987018705220777, "model__learning_rate": 0.29721406085210167, "model__max_depth": 4.598440196911998, "model__n_estimators": 27.82017081975451, "model__reg_lambda": 6.230021470015126}, "datetime": {"datetime": "2021-03-24 02:02:46", "elapsed": 191.523496, "delta": 1.286336}}
{"target": -0.4027378653554057, "params": {"model__colsample_bylevel": 0.3, "model__colsample_bynode": 0.3, "model__colsample_bytree": 1.0, "model__learning_rate": 0.3, "model__max_depth": 4.396686421074102, "model__n_estimators": 15.0, "model__reg_lambda": 4.932168268064035}, "datetime": {"datetime": "2021-03-24 02:02:47", "elapsed": 192.955573, "delta": 1.432077}}
{"target": -0.3280064488044076, "params": {"model__colsample_bylevel": 0.39672804598390976, "model__colsample_bynode": 0.8717038507762238, "model__colsample_bytree": 0.8974750904828592, "model__learning_rate": 0.2786489379217842, "model__max_depth": 4.334814318873797, "model__n_estimators": 22.144803253775844, "model__reg_lambda": 0.7372689700158053}, "datetime": {"datetime": "2021-03-24 02:02:49", "elapsed": 194.318726, "delta": 1.363153}}
{"target": -0.3335818417785365, "params": {"model__colsample_bylevel": 0.3, "model__colsample_bynode": 0.3, "model__colsample_bytree": 1.0, "model__learning_rate": 0.3, "model__max_depth": 7.9386790913480425, "model__n_estimators": 30.0, "model__reg_lambda": 3.7230300367834706}, "datetime": {"datetime": "2021-03-24 02:02:50", "elapsed": 195.679895, "delta": 1.361169}}
{"target": -0.34328038821003626, "params": {"model__colsample_bylevel": 0.9999999990799635, "model__colsample_bynode": 0.999999992877544, "model__colsample_bytree": 0.9999999982553285, "model__learning_rate": 0.3, "model__max_depth": 8.0, "model__n_estimators": 22.107791182087038, "model__reg_lambda": 7.813001750706575}, "datetime": {"datetime": "2021-03-24 02:02:52", "elapsed": 197.238901, "delta": 1.559006}}
{"target": -0.3753849057534682, "params": {"model__colsample_bylevel": 0.5596191564940334, "model__colsample_bynode": 0.7805802827726878, "model__colsample_bytree": 0.9634866653377707, "model__learning_rate": 0.2976140861260046, "model__max_depth": 2.189076039670374, "model__n_estimators": 24.279879202652367, "model__reg_lambda": 9.91227190690233}, "datetime": {"datetime": "2021-03-24 02:02:53", "elapsed": 198.547778, "delta": 1.308877}}
{"target": -0.3840431444746766, "params": {"model__colsample_bylevel": 0.970435666702665, "model__colsample_bynode": 0.9711120504524708, "model__colsample_bytree": 0.9145576638541799, "model__learning_rate": 0.28237830491533866, "model__max_depth": 7.983652007304599, "model__n_estimators": 15.028374114458407, "model__reg_lambda": 0.5224732059647341}, "datetime": {"datetime": "2021-03-24 02:02:55", "elapsed": 200.185218, "delta": 1.63744}}
{"target": -0.3477603552478325, "params": {"model__colsample_bylevel": 0.5221027364537938, "model__colsample_bynode": 0.33077863795006196, "model__colsample_bytree": 0.9984664689596641, "model__learning_rate": 0.2996442474716575, "model__max_depth": 5.1192941722882725, "model__n_estimators": 22.874778120533946, "model__reg_lambda": 6.937646863880353}, "datetime": {"datetime": "2021-03-24 02:02:56", "elapsed": 201.557731, "delta": 1.372513}}
{"target": -0.3315432214480361, "params": {"model__colsample_bylevel": 0.999999999117504, "model__colsample_bynode": 0.3, "model__colsample_bytree": 1.0, "model__learning_rate": 0.3, "model__max_depth": 2.000000008265586, "model__n_estimators": 29.999999996960735, "model__reg_lambda": 1.014131067656042e-08}, "datetime": {"datetime": "2021-03-24 02:02:58", "elapsed": 203.094019, "delta": 1.536288}}
{"target": -0.40789220126926146, "params": {"model__colsample_bylevel": 1.0, "model__colsample_bynode": 0.3, "model__colsample_bytree": 0.3, "model__learning_rate": 0.3, "model__max_depth": 2.0426219228918425, "model__n_estimators": 15.0, "model__reg_lambda": 0.0}, "datetime": {"datetime": "2021-03-24 02:02:59", "elapsed": 204.558891, "delta": 1.464872}}
{"target": -0.3355685330762029, "params": {"model__colsample_bylevel": 0.32687620381314886, "model__colsample_bynode": 0.8826783330877075, "model__colsample_bytree": 0.8467626129382211, "model__learning_rate": 0.29720511583083775, "model__max_depth": 7.975616671192896, "model__n_estimators": 25.99120768073476, "model__reg_lambda": 9.240007849253487}, "datetime": {"datetime": "2021-03-24 02:03:01", "elapsed": 206.127793, "delta": 1.568902}}
{"target": -0.37171334224214025, "params": {"model__colsample_bylevel": 0.4800693845916119, "model__colsample_bynode": 0.30272612650191333, "model__colsample_bytree": 0.9258322965804191, "model__learning_rate": 0.2902601343710586, "model__max_depth": 5.228553552559371, "model__n_estimators": 26.409020056592976, "model__reg_lambda": 0.08475023261352854}, "datetime": {"datetime": "2021-03-24 02:03:02", "elapsed": 207.439157, "delta": 1.311364}}
{"target": -0.36081168926118506, "params": {"model__colsample_bylevel": 0.9793878472646269, "model__colsample_bynode": 0.3082098753968985, "model__colsample_bytree": 0.36742249952653766, "model__learning_rate": 0.24809300361580075, "model__max_depth": 7.941960692973239, "model__n_estimators": 18.916750775271552, "model__reg_lambda": 2.5137403561834515}, "datetime": {"datetime": "2021-03-24 02:03:03", "elapsed": 209.012295, "delta": 1.573138}}
{"target": -0.35316191021803484, "params": {"model__colsample_bylevel": 0.9310333050137654, "model__colsample_bynode": 0.8944268028787101, "model__colsample_bytree": 0.9700035963900344, "model__learning_rate": 0.2874250876782497, "model__max_depth": 2.49590211631408, "model__n_estimators": 19.05004614764897, "model__reg_lambda": 0.11886926572521994}, "datetime": {"datetime": "2021-03-24 02:03:05", "elapsed": 210.454408, "delta": 1.442113}}
{"target": -0.3367197653331855, "params": {"model__colsample_bylevel": 0.9800361050383006, "model__colsample_bynode": 0.4302764229851707, "model__colsample_bytree": 0.6697638568036381, "model__learning_rate": 0.28543237209316646, "model__max_depth": 6.793576937427973, "model__n_estimators": 28.796256741221157, "model__reg_lambda": 2.4226334721165834}, "datetime": {"datetime": "2021-03-24 02:03:06", "elapsed": 212.035121, "delta": 1.580713}}
{"target": -0.33296305199484405, "params": {"model__colsample_bylevel": 0.9999999900843907, "model__colsample_bynode": 0.30000001539899074, "model__colsample_bytree": 0.44505305016633534, "model__learning_rate": 0.3, "model__max_depth": 4.310294085154989, "model__n_estimators": 28.300385124098895, "model__reg_lambda": 3.6754036829017487}, "datetime": {"datetime": "2021-03-24 02:03:08", "elapsed": 213.840319, "delta": 1.805198}}
{"target": -0.35285400302500286, "params": {"model__colsample_bylevel": 0.9392929379625068, "model__colsample_bynode": 0.6532094353325992, "model__colsample_bytree": 0.3777671370257126, "model__learning_rate": 0.29180599485349423, "model__max_depth": 4.525748491961506, "model__n_estimators": 17.591227479951435, "model__reg_lambda": 5.763156026216974}, "datetime": {"datetime": "2021-03-24 02:03:10", "elapsed": 215.148139, "delta": 1.30782}}
{"target": -0.3366446254511728, "params": {"model__colsample_bylevel": 0.9910874410362203, "model__colsample_bynode": 0.8725996461560164, "model__colsample_bytree": 0.9734641247831795, "model__learning_rate": 0.29806910569569756, "model__max_depth": 3.6618144935270625, "model__n_estimators": 29.498903670879063, "model__reg_lambda": 6.8633834918430106}, "datetime": {"datetime": "2021-03-24 02:03:11", "elapsed": 216.519145, "delta": 1.371006}}
{"target": -0.32752547952518596, "params": {"model__colsample_bylevel": 0.7857134336811985, "model__colsample_bynode": 1.0, "model__colsample_bytree": 1.0, "model__learning_rate": 0.3, "model__max_depth": 2.971023732339715, "model__n_estimators": 15.0, "model__reg_lambda": 0.0}, "datetime": {"datetime": "2021-03-24 02:03:12", "elapsed": 217.965382, "delta": 1.446237}}
{"target": -0.33949886460322887, "params": {"model__colsample_bylevel": 0.32489632212786795, "model__colsample_bynode": 0.5672786267192853, "model__colsample_bytree": 0.713576705888362, "model__learning_rate": 0.28570886527249784, "model__max_depth": 7.3363267500300635, "model__n_estimators": 25.310659619515043, "model__reg_lambda": 3.6352982484597964}, "datetime": {"datetime": "2021-03-24 02:03:14", "elapsed": 219.343651, "delta": 1.378269}}
{"target": -0.3439835023691716, "params": {"model__colsample_bylevel": 1.0, "model__colsample_bynode": 0.3002943767095145, "model__colsample_bytree": 1.0, "model__learning_rate": 0.3, "model__max_depth": 7.003133194498487, "model__n_estimators": 18.613972180019314, "model__reg_lambda": 3.904328596111173}, "datetime": {"datetime": "2021-03-24 02:03:15", "elapsed": 220.661854, "delta": 1.318203}}
{"target": -0.32869480900555864, "params": {"model__colsample_bylevel": 0.9848639567870163, "model__colsample_bynode": 0.3806982877287054, "model__colsample_bytree": 0.9191817160019207, "model__learning_rate": 0.2975459107990335, "model__max_depth": 2.241904971296579, "model__n_estimators": 24.87883407018554, "model__reg_lambda": 0.9028373338649942}, "datetime": {"datetime": "2021-03-24 02:03:16", "elapsed": 221.953499, "delta": 1.291645}}
{"target": -0.36623634717332715, "params": {"model__colsample_bylevel": 0.9517216645624156, "model__colsample_bynode": 0.4058222557202622, "model__colsample_bytree": 0.3238921917963638, "model__learning_rate": 0.2933616156587504, "model__max_depth": 4.05836812832064, "model__n_estimators": 20.437070071658265, "model__reg_lambda": 8.750888445649284}, "datetime": {"datetime": "2021-03-24 02:03:18", "elapsed": 223.430764, "delta": 1.477265}}
{"target": -0.3365777485521403, "params": {"model__colsample_bylevel": 0.7460477632616032, "model__colsample_bynode": 1.0, "model__colsample_bytree": 0.9999999990892954, "model__learning_rate": 0.3, "model__max_depth": 6.411361673430093, "model__n_estimators": 26.91580818479664, "model__reg_lambda": 8.060988349727216}, "datetime": {"datetime": "2021-03-24 02:03:20", "elapsed": 225.226115, "delta": 1.795351}}
{"target": -0.32620699611590315, "params": {"model__colsample_bylevel": 0.8959531601399331, "model__colsample_bynode": 0.977383351986896, "model__colsample_bytree": 0.9782305219174028, "model__learning_rate": 0.2977746779991304, "model__max_depth": 5.1993172221861, "model__n_estimators": 27.596741123141776, "model__reg_lambda": 7.0753135857642775}, "datetime": {"datetime": "2021-03-24 02:03:21", "elapsed": 226.918488, "delta": 1.692373}}
{"target": -0.33233199535609237, "params": {"model__colsample_bylevel": 0.9641720780837602, "model__colsample_bynode": 0.3524981097360912, "model__colsample_bytree": 0.9942366873822681, "model__learning_rate": 0.2973400047785091, "model__max_depth": 7.960276314578232, "model__n_estimators": 23.97213133681643, "model__reg_lambda": 4.449637559677095}, "datetime": {"datetime": "2021-03-24 02:03:23", "elapsed": 228.242038, "delta": 1.32355}}
{"target": -0.33441450831622044, "params": {"model__colsample_bylevel": 0.5159895668144628, "model__colsample_bynode": 0.6439625111292557, "model__colsample_bytree": 0.3000000027240807, "model__learning_rate": 0.17040325139002932, "model__max_depth": 7.347839360732463, "model__n_estimators": 27.967365967282703, "model__reg_lambda": 0.0}, "datetime": {"datetime": "2021-03-24 02:03:24", "elapsed": 229.644143, "delta": 1.402105}}
{"target": -0.36279415366766243, "params": {"model__colsample_bylevel": 1.0, "model__colsample_bynode": 0.9999999997528785, "model__colsample_bytree": 0.4272235199849804, "model__learning_rate": 0.3, "model__max_depth": 8.0, "model__n_estimators": 20.20744993414071, "model__reg_lambda": 6.379654547907539}, "datetime": {"datetime": "2021-03-24 02:03:25", "elapsed": 230.864365, "delta": 1.220222}}
{"target": -0.33935319120891094, "params": {"model__colsample_bylevel": 0.9432353516112879, "model__colsample_bynode": 0.9920717597286572, "model__colsample_bytree": 0.9991289545253628, "model__learning_rate": 0.2593563959251438, "model__max_depth": 2.747056134440235, "model__n_estimators": 25.603207156050694, "model__reg_lambda": 2.2467692169163445}, "datetime": {"datetime": "2021-03-24 02:03:27", "elapsed": 232.304594, "delta": 1.440229}}
{"target": -0.33722854117395534, "params": {"model__colsample_bylevel": 0.31021783172581396, "model__colsample_bynode": 0.8596864574359739, "model__colsample_bytree": 0.7983222312383405, "model__learning_rate": 0.2639770947112799, "model__max_depth": 2.858302954797505, "model__n_estimators": 23.226965390196433, "model__reg_lambda": 0.5297461897546452}, "datetime": {"datetime": "2021-03-24 02:03:28", "elapsed": 233.893283, "delta": 1.588689}}
{"target": -0.31676337681272054, "params": {"model__colsample_bylevel": 0.875590895054412, "model__colsample_bynode": 0.30650491862840473, "model__colsample_bytree": 0.7159236754621492, "model__learning_rate": 0.28147973380085123, "model__max_depth": 7.986847266987265, "model__n_estimators": 29.84030131157959, "model__reg_lambda": 4.890654931443601}, "datetime": {"datetime": "2021-03-24 02:03:30", "elapsed": 235.320884, "delta": 1.427601}}
{"target": -0.35889756410666135, "params": {"model__colsample_bylevel": 0.31813591804964053, "model__colsample_bynode": 0.8630867635169925, "model__colsample_bytree": 0.35378982882162463, "model__learning_rate": 0.11079169926012561, "model__max_depth": 7.993747513366669, "model__n_estimators": 23.922431690284782, "model__reg_lambda": 0.05269203993300442}, "datetime": {"datetime": "2021-03-24 02:03:31", "elapsed": 236.875968, "delta": 1.555084}}
{"target": -0.4125923973197739, "params": {"model__colsample_bylevel": 0.3, "model__colsample_bynode": 1.0, "model__colsample_bytree": 0.3000000009334265, "model__learning_rate": 0.3, "model__max_depth": 2.489737023980134, "model__n_estimators": 20.75569294145214, "model__reg_lambda": 7.222194718259686}, "datetime": {"datetime": "2021-03-24 02:03:33", "elapsed": 238.219205, "delta": 1.343237}}
{"target": -0.32928275865421675, "params": {"model__colsample_bylevel": 0.9418281989841939, "model__colsample_bynode": 0.8502029005954861, "model__colsample_bytree": 0.9857669458911078, "model__learning_rate": 0.28875630524075346, "model__max_depth": 4.132841871270664, "model__n_estimators": 25.74545569567936, "model__reg_lambda": 8.743293347975143}, "datetime": {"datetime": "2021-03-24 02:03:34", "elapsed": 240.055005, "delta": 1.8358}}
