{"target": -0.3364143023110481, "params": {"model__colsample_bylevel": 0.9596198058278025, "model__colsample_bynode": 0.4681516558579306, "model__colsample_bytree": 0.9932270491046216, "model__learning_rate": 0.1833475561407918, "model__max_depth": 2.5166459928070015, "model__n_estimators": 29.656247191547603, "model__reg_lambda": 1.553724278826838}, "datetime": {"datetime": "2021-03-24 02:01:15", "elapsed": 101.060351, "delta": 1.60737}}
{"target": -0.3309404684369877, "params": {"model__colsample_bylevel": 0.3003924125486278, "model__colsample_bynode": 0.357093609597598, "model__colsample_bytree": 0.9993509461519683, "model__learning_rate": 0.3, "model__max_depth": 5.150442915087063, "model__n_estimators": 24.540560053294538, "model__reg_lambda": 1.0466095042282957}, "datetime": {"datetime": "2021-03-24 02:01:17", "elapsed": 102.11384, "delta": 1.053489}}
{"target": -0.36534647838064077, "params": {"model__colsample_bylevel": 0.33330457390616547, "model__colsample_bynode": 0.34363702338939395, "model__colsample_bytree": 0.39742396240681865, "model__learning_rate": 0.19335929849951047, "model__max_depth": 7.9778338524959125, "model__n_estimators": 29.81724700886037, "model__reg_lambda": 2.882563016605073}, "datetime": {"datetime": "2021-03-24 02:01:18", "elapsed": 103.277458, "delta": 1.163618}}
{"target": -0.3268341680992887, "params": {"model__colsample_bylevel": 1.0, "model__colsample_bynode": 0.3, "model__colsample_bytree": 1.0, "model__learning_rate": 0.3, "model__max_depth": 8.0, "model__n_estimators": 23.93874137310943, "model__reg_lambda": 1.1809228860995065}, "datetime": {"datetime": "2021-03-24 02:01:19", "elapsed": 104.774668, "delta": 1.49721}}
{"target": -0.35497795616991923, "params": {"model__colsample_bylevel": 1.0, "model__colsample_bynode": 0.3, "model__colsample_bytree": 1.0, "model__learning_rate": 0.3, "model__max_depth": 8.0, "model__n_estimators": 19.033195401201816, "model__reg_lambda": 10.0}, "datetime": {"datetime": "2021-03-24 02:01:20", "elapsed": 105.93701, "delta": 1.162342}}
{"target": -0.326891133125426, "params": {"model__colsample_bylevel": 0.9698132578955412, "model__colsample_bynode": 0.3092816175947328, "model__colsample_bytree": 0.5200358663102306, "model__learning_rate": 0.24667478406519486, "model__max_depth": 6.601685236010045, "model__n_estimators": 24.751730564808867, "model__reg_lambda": 3.8076808151512687}, "datetime": {"datetime": "2021-03-24 02:01:22", "elapsed": 107.063505, "delta": 1.126495}}
{"target": -0.3392563543869588, "params": {"model__colsample_bylevel": 0.9680617210070905, "model__colsample_bynode": 0.7035897957221583, "model__colsample_bytree": 0.3656041961505033, "model__learning_rate": 0.2955392326406623, "model__max_depth": 2.0341424431678874, "model__n_estimators": 28.222444502989084, "model__reg_lambda": 3.1778351763911514}, "datetime": {"datetime": "2021-03-24 02:01:23", "elapsed": 108.234145, "delta": 1.17064}}
{"target": -0.35723542237546346, "params": {"model__colsample_bylevel": 0.9715465003177779, "model__colsample_bynode": 0.33613042273191507, "model__colsample_bytree": 0.5092426860675405, "model__learning_rate": 0.298747725016882, "model__max_depth": 7.808663616211799, "model__n_estimators": 25.18262094273757, "model__reg_lambda": 9.97843807691854}, "datetime": {"datetime": "2021-03-24 02:01:24", "elapsed": 109.604996, "delta": 1.370851}}
{"target": -0.3353585639037192, "params": {"model__colsample_bylevel": 0.7443822175950798, "model__colsample_bynode": 0.3220499073139085, "model__colsample_bytree": 0.44329684469178565, "model__learning_rate": 0.2850178654025669, "model__max_depth": 5.260489225371137, "model__n_estimators": 19.396146905069173, "model__reg_lambda": 3.289811783335046}, "datetime": {"datetime": "2021-03-24 02:01:25", "elapsed": 110.800482, "delta": 1.195486}}
{"target": -0.345041309192311, "params": {"model__colsample_bylevel": 1.0, "model__colsample_bynode": 1.0, "model__colsample_bytree": 1.0, "model__learning_rate": 0.3, "model__max_depth": 2.085737981629285, "model__n_estimators": 16.02946973604613, "model__reg_lambda": 0.0}, "datetime": {"datetime": "2021-03-24 02:01:26", "elapsed": 112.031064, "delta": 1.230582}}
{"target": -0.37466596621831044, "params": {"model__colsample_bylevel": 1.0, "model__colsample_bynode": 0.3, "model__colsample_bytree": 1.0, "model__learning_rate": 0.3, "model__max_depth": 5.71295110583676, "model__n_estimators": 15.0, "model__reg_lambda": 10.0}, "datetime": {"datetime": "2021-03-24 02:01:28", "elapsed": 113.362624, "delta": 1.33156}}
{"target": -0.31295803607326755, "params": {"model__colsample_bylevel": 0.9511294753395003, "model__colsample_bynode": 0.3546003805053152, "model__colsample_bytree": 0.3366621024348989, "model__learning_rate": 0.28757673564812747, "model__max_depth": 5.105501324585652, "model__n_estimators": 28.737540182298126, "model__reg_lambda": 2.7634725823589887}, "datetime": {"datetime": "2021-03-24 02:01:30", "elapsed": 115.079344, "delta": 1.71672}}
{"target": -0.3418259621945385, "params": {"model__colsample_bylevel": 0.31578300844411356, "model__colsample_bynode": 0.3392429095611246, "model__colsample_bytree": 0.9901041110862709, "model__learning_rate": 0.29842775091802126, "model__max_depth": 6.419011219054829, "model__n_estimators": 24.496954394403062, "model__reg_lambda": 4.896490491489089}, "datetime": {"datetime": "2021-03-24 02:01:31", "elapsed": 116.248857, "delta": 1.169513}}
{"target": -0.37662290735912607, "params": {"model__colsample_bylevel": 1.0, "model__colsample_bynode": 0.3, "model__colsample_bytree": 1.0, "model__learning_rate": 0.3, "model__max_depth": 8.0, "model__n_estimators": 15.0, "model__reg_lambda": 7.14343838452841}, "datetime": {"datetime": "2021-03-24 02:01:32", "elapsed": 117.550329, "delta": 1.301472}}
{"target": -0.3393088109794653, "params": {"model__colsample_bylevel": 0.6183212849370712, "model__colsample_bynode": 0.3013866277305582, "model__colsample_bytree": 1.0, "model__learning_rate": 0.3, "model__max_depth": 6.3449806475475174, "model__n_estimators": 24.581137177454373, "model__reg_lambda": 2.3700566458403136}, "datetime": {"datetime": "2021-03-24 02:01:33", "elapsed": 118.702943, "delta": 1.152614}}
{"target": -0.3348150956245355, "params": {"model__colsample_bylevel": 0.9784594944154805, "model__colsample_bynode": 0.7036491956010618, "model__colsample_bytree": 0.8044397820188185, "model__learning_rate": 0.2786240036596207, "model__max_depth": 7.956014520087856, "model__n_estimators": 25.099949569768402, "model__reg_lambda": 2.5248745341235312}, "datetime": {"datetime": "2021-03-24 02:01:35", "elapsed": 120.211048, "delta": 1.508105}}
{"target": -0.30912472251903916, "params": {"model__colsample_bylevel": 1.0, "model__colsample_bynode": 0.8396708848425268, "model__colsample_bytree": 0.9607210657008314, "model__learning_rate": 0.3, "model__max_depth": 2.0292858337015294, "model__n_estimators": 29.999999857436915, "model__reg_lambda": 0.9039629268942795}, "datetime": {"datetime": "2021-03-24 02:01:36", "elapsed": 121.413993, "delta": 1.202945}}
{"target": -0.3341242607913665, "params": {"model__colsample_bylevel": 0.39452170139740317, "model__colsample_bynode": 0.7640746941069756, "model__colsample_bytree": 0.3145621716909746, "model__learning_rate": 0.29222143554489083, "model__max_depth": 4.697899110250269, "model__n_estimators": 25.225766457093197, "model__reg_lambda": 0.17713437245138852}, "datetime": {"datetime": "2021-03-24 02:01:37", "elapsed": 122.734708, "delta": 1.320715}}
{"target": -0.38983977946547277, "params": {"model__colsample_bylevel": 0.9500125545473781, "model__colsample_bynode": 0.3382716947454009, "model__colsample_bytree": 0.7270729648039398, "model__learning_rate": 0.11283001178393355, "model__max_depth": 7.935474145915966, "model__n_estimators": 17.810175855120974, "model__reg_lambda": 0.089754155453029}, "datetime": {"datetime": "2021-03-24 02:01:38", "elapsed": 124.039466, "delta": 1.304758}}
{"target": -0.33685108861334256, "params": {"model__colsample_bylevel": 0.3568582496205137, "model__colsample_bynode": 0.9067118064522492, "model__colsample_bytree": 0.9504618716737394, "model__learning_rate": 0.29171234608844143, "model__max_depth": 3.4848262384803945, "model__n_estimators": 23.950422538010187, "model__reg_lambda": 2.069594437203918}, "datetime": {"datetime": "2021-03-24 02:01:40", "elapsed": 125.375567, "delta": 1.336101}}
{"target": -0.345301286313865, "params": {"model__colsample_bylevel": 0.6300427354321907, "model__colsample_bynode": 0.3437201393259109, "model__colsample_bytree": 0.6081419074171235, "model__learning_rate": 0.2764732667071331, "model__max_depth": 3.906282905447374, "model__n_estimators": 24.82496256955179, "model__reg_lambda": 1.3521630603293366}, "datetime": {"datetime": "2021-03-24 02:01:41", "elapsed": 126.511899, "delta": 1.136332}}
{"target": -0.3510441565022304, "params": {"model__colsample_bylevel": 0.9560701110223249, "model__colsample_bynode": 0.9114261966547939, "model__colsample_bytree": 0.9968829955726881, "model__learning_rate": 0.29135678687798305, "model__max_depth": 7.953734408973847, "model__n_estimators": 17.554373812510853, "model__reg_lambda": 8.824718790370131}, "datetime": {"datetime": "2021-03-24 02:01:43", "elapsed": 128.147092, "delta": 1.635193}}
{"target": -0.3263787132201748, "params": {"model__colsample_bylevel": 0.9999999999999348, "model__colsample_bynode": 1.0, "model__colsample_bytree": 0.3, "model__learning_rate": 0.3, "model__max_depth": 7.999999999999987, "model__n_estimators": 26.623749102207984, "model__reg_lambda": 0.0}, "datetime": {"datetime": "2021-03-24 02:01:44", "elapsed": 129.390111, "delta": 1.243019}}
{"target": -0.3362053822941759, "params": {"model__colsample_bylevel": 0.8907099704633454, "model__colsample_bynode": 0.799155758870767, "model__colsample_bytree": 0.9795022691913462, "model__learning_rate": 0.26671904683957026, "model__max_depth": 2.8291717249608253, "model__n_estimators": 29.82277419137327, "model__reg_lambda": 0.04485915958550635}, "datetime": {"datetime": "2021-03-24 02:01:45", "elapsed": 130.417239, "delta": 1.027128}}
{"target": -0.36447954227358265, "params": {"model__colsample_bylevel": 0.769411423032416, "model__colsample_bynode": 0.3, "model__colsample_bytree": 0.3000000027588509, "model__learning_rate": 0.3, "model__max_depth": 8.0, "model__n_estimators": 15.0, "model__reg_lambda": 1.2655238028990776}, "datetime": {"datetime": "2021-03-24 02:01:46", "elapsed": 131.779586, "delta": 1.362347}}
{"target": -0.342359997261572, "params": {"model__colsample_bylevel": 0.9632789301950828, "model__colsample_bynode": 0.33670247054193136, "model__colsample_bytree": 0.9447628878282908, "model__learning_rate": 0.26995192074100716, "model__max_depth": 2.1193642671387405, "model__n_estimators": 24.37965961647329, "model__reg_lambda": 2.647196581142439}, "datetime": {"datetime": "2021-03-24 02:01:48", "elapsed": 133.253496, "delta": 1.47391}}
{"target": -0.3541889309562554, "params": {"model__colsample_bylevel": 0.9511938727744806, "model__colsample_bynode": 0.3207592675410007, "model__colsample_bytree": 0.35705028726923005, "model__learning_rate": 0.2966419541967959, "model__max_depth": 5.928229868759948, "model__n_estimators": 22.704423486651816, "model__reg_lambda": 5.668315543694854}, "datetime": {"datetime": "2021-03-24 02:01:49", "elapsed": 134.451384, "delta": 1.197888}}
{"target": -0.39677436498493174, "params": {"model__colsample_bylevel": 0.92339937531063, "model__colsample_bynode": 0.3119205493078386, "model__colsample_bytree": 0.6988262565802184, "model__learning_rate": 0.2646774127888324, "model__max_depth": 2.253405035390686, "model__n_estimators": 22.352409432209353, "model__reg_lambda": 9.784465674906636}, "datetime": {"datetime": "2021-03-24 02:01:50", "elapsed": 135.714632, "delta": 1.263248}}
{"target": -0.35776323872496907, "params": {"model__colsample_bylevel": 0.9302067704932733, "model__colsample_bynode": 0.4395727487575408, "model__colsample_bytree": 0.9190687713217083, "model__learning_rate": 0.2910942934110905, "model__max_depth": 5.356052697056615, "model__n_estimators": 20.461736535846164, "model__reg_lambda": 3.024928744997694}, "datetime": {"datetime": "2021-03-24 02:01:51", "elapsed": 136.989773, "delta": 1.275141}}
{"target": -0.3210320019728185, "params": {"model__colsample_bylevel": 0.3943185256147833, "model__colsample_bynode": 0.9265573366516082, "model__colsample_bytree": 0.9011417469801037, "model__learning_rate": 0.28710294616966625, "model__max_depth": 3.7288505702820407, "model__n_estimators": 24.6356594346192, "model__reg_lambda": 0.010064347387650496}, "datetime": {"datetime": "2021-03-24 02:01:53", "elapsed": 138.268085, "delta": 1.278312}}
{"target": -0.32493342867402014, "params": {"model__colsample_bylevel": 0.3203713942048182, "model__colsample_bynode": 0.6550194873765738, "model__colsample_bytree": 0.46135694513680703, "model__learning_rate": 0.23565601699950847, "model__max_depth": 6.533040527456629, "model__n_estimators": 27.05805406859711, "model__reg_lambda": 0.004029733610052544}, "datetime": {"datetime": "2021-03-24 02:01:54", "elapsed": 139.441723, "delta": 1.173638}}
{"target": -0.3207688733377744, "params": {"model__colsample_bylevel": 0.32326407740791946, "model__colsample_bynode": 0.3790932884695694, "model__colsample_bytree": 0.998825701128937, "model__learning_rate": 0.2955672079141277, "model__max_depth": 3.8232269588486076, "model__n_estimators": 23.813886135916817, "model__reg_lambda": 0.21252488211072396}, "datetime": {"datetime": "2021-03-24 02:01:55", "elapsed": 140.64613, "delta": 1.204407}}
{"target": -0.3208781915992681, "params": {"model__colsample_bylevel": 0.9841023862006886, "model__colsample_bynode": 0.35050765076682455, "model__colsample_bytree": 0.6946014062469172, "model__learning_rate": 0.29277270902747865, "model__max_depth": 2.188444400370197, "model__n_estimators": 28.249051679615334, "model__reg_lambda": 0.3254467095567859}, "datetime": {"datetime": "2021-03-24 02:01:56", "elapsed": 141.952398, "delta": 1.306268}}
{"target": -0.36624243558971614, "params": {"model__colsample_bylevel": 0.4320770017044253, "model__colsample_bynode": 0.9758650819217816, "model__colsample_bytree": 0.6912241590853223, "model__learning_rate": 0.27766996782219544, "model__max_depth": 7.107668157677243, "model__n_estimators": 24.7826319547121, "model__reg_lambda": 0.05906476147263362}, "datetime": {"datetime": "2021-03-24 02:01:58", "elapsed": 143.28762, "delta": 1.335222}}
{"target": -0.3204571126460813, "params": {"model__colsample_bylevel": 1.0, "model__colsample_bynode": 0.4738416705405872, "model__colsample_bytree": 0.3716815748550371, "model__learning_rate": 0.3, "model__max_depth": 3.5696595696398346, "model__n_estimators": 30.0, "model__reg_lambda": 7.691760821341315}, "datetime": {"datetime": "2021-03-24 02:01:59", "elapsed": 144.421418, "delta": 1.133798}}
{"target": -0.3260706143723666, "params": {"model__colsample_bylevel": 0.3043067574691001, "model__colsample_bynode": 0.9036010076318877, "model__colsample_bytree": 0.8823923157306222, "model__learning_rate": 0.29063157004108564, "model__max_depth": 7.920374601440814, "model__n_estimators": 29.458133283465237, "model__reg_lambda": 6.75654041979633}, "datetime": {"datetime": "2021-03-24 02:02:00", "elapsed": 145.608925, "delta": 1.187507}}
{"target": -0.35985249110288325, "params": {"model__colsample_bylevel": 0.49928350674279454, "model__colsample_bynode": 0.8964748715517035, "model__colsample_bytree": 0.40674406515191586, "model__learning_rate": 0.2711203587370073, "model__max_depth": 6.193944983080069, "model__n_estimators": 24.011182114097508, "model__reg_lambda": 3.8239835489941476}, "datetime": {"datetime": "2021-03-24 02:02:01", "elapsed": 146.921999, "delta": 1.313074}}
{"target": -0.32815527985069864, "params": {"model__colsample_bylevel": 0.39947662051702904, "model__colsample_bynode": 0.9249163028423941, "model__colsample_bytree": 0.916718466067806, "model__learning_rate": 0.19410636014572233, "model__max_depth": 7.3337680999432155, "model__n_estimators": 29.970705327220784, "model__reg_lambda": 0.02338455889734581}, "datetime": {"datetime": "2021-03-24 02:02:03", "elapsed": 148.19053, "delta": 1.268531}}
{"target": -0.3640290233407818, "params": {"model__colsample_bylevel": 0.9653826877686911, "model__colsample_bynode": 0.4471511887566686, "model__colsample_bytree": 0.881540027328517, "model__learning_rate": 0.13360736412141114, "model__max_depth": 7.993500253166916, "model__n_estimators": 29.80542514308751, "model__reg_lambda": 6.301582988477076}, "datetime": {"datetime": "2021-03-24 02:02:04", "elapsed": 149.915967, "delta": 1.725437}}
{"target": -0.345613117285066, "params": {"model__colsample_bylevel": 0.346817769901011, "model__colsample_bynode": 0.3223089233900742, "model__colsample_bytree": 0.9721827125200699, "model__learning_rate": 0.29469667908144737, "model__max_depth": 7.661884948880419, "model__n_estimators": 20.141046917163735, "model__reg_lambda": 0.8439300793838067}, "datetime": {"datetime": "2021-03-24 02:02:06", "elapsed": 151.408095, "delta": 1.492128}}
{"target": -0.3454093608519305, "params": {"model__colsample_bylevel": 0.7866965419412904, "model__colsample_bynode": 0.3, "model__colsample_bytree": 1.0, "model__learning_rate": 0.3, "model__max_depth": 3.7955082005921374, "model__n_estimators": 25.058448725287345, "model__reg_lambda": 6.404036739907825}, "datetime": {"datetime": "2021-03-24 02:02:07", "elapsed": 152.812832, "delta": 1.404737}}
{"target": -0.35082161364725967, "params": {"model__colsample_bylevel": 0.4251846887858276, "model__colsample_bynode": 0.9976761221911488, "model__colsample_bytree": 0.9321138833541955, "model__learning_rate": 0.1311607320023046, "model__max_depth": 7.999676647566924, "model__n_estimators": 25.928682863057745, "model__reg_lambda": 0.7455733441527457}, "datetime": {"datetime": "2021-03-24 02:02:09", "elapsed": 154.236843, "delta": 1.424011}}
{"target": -0.3660052051065841, "params": {"model__colsample_bylevel": 0.4253544854536476, "model__colsample_bynode": 0.3987830394286375, "model__colsample_bytree": 0.901114028581046, "model__learning_rate": 0.27989312432899915, "model__max_depth": 5.909887308330584, "model__n_estimators": 29.739750162678448, "model__reg_lambda": 7.461496940201177}, "datetime": {"datetime": "2021-03-24 02:02:10", "elapsed": 155.532375, "delta": 1.295532}}
{"target": -0.40409653266837847, "params": {"model__colsample_bylevel": 0.3, "model__colsample_bynode": 0.3, "model__colsample_bytree": 1.0, "model__learning_rate": 0.3, "model__max_depth": 8.0, "model__n_estimators": 15.378472081778835, "model__reg_lambda": 10.0}, "datetime": {"datetime": "2021-03-24 02:02:11", "elapsed": 156.665068, "delta": 1.132693}}
{"target": -0.367048258799216, "params": {"model__colsample_bylevel": 0.9999999996649982, "model__colsample_bynode": 1.0, "model__colsample_bytree": 0.9999999970032761, "model__learning_rate": 0.3, "model__max_depth": 7.999999995402823, "model__n_estimators": 29.999999989329908, "model__reg_lambda": 3.697760572111225}, "datetime": {"datetime": "2021-03-24 02:02:13", "elapsed": 158.358959, "delta": 1.693891}}
{"target": -0.31570438929711997, "params": {"model__colsample_bylevel": 0.3953273775940799, "model__colsample_bynode": 0.8924432463373453, "model__colsample_bytree": 0.8506934499095016, "model__learning_rate": 0.29916219233261665, "model__max_depth": 4.998319779419994, "model__n_estimators": 27.099958132801127, "model__reg_lambda": 7.38711521605222}, "datetime": {"datetime": "2021-03-24 02:02:14", "elapsed": 159.606354, "delta": 1.247395}}
{"target": -0.36427144752984086, "params": {"model__colsample_bylevel": 0.5996273374395551, "model__colsample_bynode": 0.9576324256386124, "model__colsample_bytree": 0.31508290014266044, "model__learning_rate": 0.26193892932960827, "model__max_depth": 2.124813229451549, "model__n_estimators": 28.72371152158864, "model__reg_lambda": 8.272340125556955}, "datetime": {"datetime": "2021-03-24 02:02:15", "elapsed": 160.838676, "delta": 1.232322}}
{"target": -0.33833613967914405, "params": {"model__colsample_bylevel": 0.995169893400025, "model__colsample_bynode": 0.5391545858570111, "model__colsample_bytree": 0.8902807989909824, "model__learning_rate": 0.28069790582259463, "model__max_depth": 7.968666643600657, "model__n_estimators": 21.032638836423153, "model__reg_lambda": 8.054745197026879}, "datetime": {"datetime": "2021-03-24 02:02:17", "elapsed": 162.158359, "delta": 1.319683}}
{"target": -0.3431048075730939, "params": {"model__colsample_bylevel": 0.38144356458895146, "model__colsample_bynode": 0.9997668495407086, "model__colsample_bytree": 0.4017864760974074, "model__learning_rate": 0.2863249348709763, "model__max_depth": 6.489698457902617, "model__n_estimators": 27.559156075034227, "model__reg_lambda": 0.719119080488495}, "datetime": {"datetime": "2021-03-24 02:02:18", "elapsed": 163.713362, "delta": 1.555003}}
{"target": -0.35577551844712024, "params": {"model__colsample_bylevel": 0.9567955370435872, "model__colsample_bynode": 0.41162521282793707, "model__colsample_bytree": 0.3250122847961574, "model__learning_rate": 0.28668974351124654, "model__max_depth": 5.295737801509942, "model__n_estimators": 27.409372174606, "model__reg_lambda": 6.080790006688652}, "datetime": {"datetime": "2021-03-24 02:02:20", "elapsed": 165.283764, "delta": 1.570402}}
{"target": -0.33536383358194777, "params": {"model__colsample_bylevel": 0.32594196127121006, "model__colsample_bynode": 0.3781985891857687, "model__colsample_bytree": 0.9769135645598204, "model__learning_rate": 0.2139176638527629, "model__max_depth": 7.920395595487366, "model__n_estimators": 22.27335825468345, "model__reg_lambda": 0.18311834712162356}, "datetime": {"datetime": "2021-03-24 02:02:21", "elapsed": 166.820797, "delta": 1.537033}}
