{"target": -0.3345329203464064, "params": {"model__colsample_bylevel": 0.7576121989445028, "model__colsample_bynode": 0.9170611512077822, "model__colsample_bytree": 0.3941612945739218, "model__learning_rate": 0.29073686564092294, "model__max_depth": 5.8498764656365365, "model__n_estimators": 18.825959597484193, "model__reg_lambda": 2.4113720751867596}, "datetime": {"datetime": "2021-03-24 02:03:36", "elapsed": 241.693741, "delta": 1.638736}}
{"target": -0.33307691116182914, "params": {"model__colsample_bylevel": 0.9339432151477491, "model__colsample_bynode": 0.6820067742620204, "model__colsample_bytree": 0.9267464812877997, "model__learning_rate": 0.2975375313560813, "model__max_depth": 3.090941290577516, "model__n_estimators": 29.577471802593035, "model__reg_lambda": 8.701504872995494}, "datetime": {"datetime": "2021-03-24 02:03:38", "elapsed": 243.460853, "delta": 1.767112}}
{"target": -0.33775876983662767, "params": {"model__colsample_bylevel": 0.9891636931323986, "model__colsample_bynode": 0.7105622736074477, "model__colsample_bytree": 0.9892730184542722, "model__learning_rate": 0.2796627722665423, "model__max_depth": 5.747469645712963, "model__n_estimators": 28.77127361635005, "model__reg_lambda": 5.0018244784648}, "datetime": {"datetime": "2021-03-24 02:03:39", "elapsed": 244.911343, "delta": 1.45049}}
{"target": -0.3216441989647717, "params": {"model__colsample_bylevel": 0.3001859665862237, "model__colsample_bynode": 0.3963552643563166, "model__colsample_bytree": 0.9489912707183463, "model__learning_rate": 0.2680740405343481, "model__max_depth": 5.328509279903167, "model__n_estimators": 21.121125084330046, "model__reg_lambda": 0.08131524818135616}, "datetime": {"datetime": "2021-03-24 02:03:41", "elapsed": 246.661185, "delta": 1.749842}}
{"target": -0.33551885228084427, "params": {"model__colsample_bylevel": 0.7369873914973121, "model__colsample_bynode": 0.9637405040974654, "model__colsample_bytree": 0.3429112577359776, "model__learning_rate": 0.2873248100263102, "model__max_depth": 2.995282859026327, "model__n_estimators": 27.69034978093161, "model__reg_lambda": 6.426671430154274}, "datetime": {"datetime": "2021-03-24 02:03:43", "elapsed": 248.213865, "delta": 1.55268}}
{"target": -0.32921178792198397, "params": {"model__colsample_bylevel": 0.9736918913694725, "model__colsample_bynode": 0.35795411800690585, "model__colsample_bytree": 0.30800901262587094, "model__learning_rate": 0.27349110916016867, "model__max_depth": 3.776561051174333, "model__n_estimators": 29.98033091979064, "model__reg_lambda": 4.436949674476746}, "datetime": {"datetime": "2021-03-24 02:03:45", "elapsed": 250.244247, "delta": 2.030382}}
{"target": -0.366718233635892, "params": {"model__colsample_bylevel": 1.0, "model__colsample_bynode": 1.0, "model__colsample_bytree": 0.6486076781167601, "model__learning_rate": 0.3, "model__max_depth": 5.714829340251943, "model__n_estimators": 19.647979732994877, "model__reg_lambda": 6.480565016780994}, "datetime": {"datetime": "2021-03-24 02:03:46", "elapsed": 251.808681, "delta": 1.564434}}
{"target": -0.36235531080831385, "params": {"model__colsample_bylevel": 1.0, "model__colsample_bynode": 0.39755932872500793, "model__colsample_bytree": 0.9999999881215345, "model__learning_rate": 0.3, "model__max_depth": 2.441947336883795, "model__n_estimators": 24.18232981899047, "model__reg_lambda": 8.737364399488111}, "datetime": {"datetime": "2021-03-24 02:03:48", "elapsed": 253.217236, "delta": 1.408555}}
{"target": -0.33361440661255326, "params": {"model__colsample_bylevel": 0.9705862089983217, "model__colsample_bynode": 0.3423316405078874, "model__colsample_bytree": 0.9768546245238663, "model__learning_rate": 0.2799927495106933, "model__max_depth": 6.904238664577166, "model__n_estimators": 22.93610223473928, "model__reg_lambda": 2.986798151928085}, "datetime": {"datetime": "2021-03-24 02:03:49", "elapsed": 254.539754, "delta": 1.322518}}
{"target": -0.38878994970953606, "params": {"model__colsample_bylevel": 0.3, "model__colsample_bynode": 1.0, "model__colsample_bytree": 0.3, "model__learning_rate": 0.3, "model__max_depth": 7.999999999878114, "model__n_estimators": 15.922964998905233, "model__reg_lambda": 0.5468065162709005}, "datetime": {"datetime": "2021-03-24 02:03:51", "elapsed": 256.098743, "delta": 1.558989}}
{"target": -0.3434497933645827, "params": {"model__colsample_bylevel": 0.918958931485746, "model__colsample_bynode": 0.5735631032993764, "model__colsample_bytree": 0.8804151981017119, "model__learning_rate": 0.29692460779941243, "model__max_depth": 4.474807395943243, "model__n_estimators": 22.63628155618059, "model__reg_lambda": 0.030995377434199778}, "datetime": {"datetime": "2021-03-24 02:03:52", "elapsed": 257.743465, "delta": 1.644722}}
{"target": -0.37445757358834364, "params": {"model__colsample_bylevel": 0.8996481067389355, "model__colsample_bynode": 0.6947309939329451, "model__colsample_bytree": 0.46287538393098204, "model__learning_rate": 0.27374930982325674, "model__max_depth": 7.9981922447331915, "model__n_estimators": 15.431401315324566, "model__reg_lambda": 4.669211380134267}, "datetime": {"datetime": "2021-03-24 02:03:54", "elapsed": 259.45758, "delta": 1.714115}}
{"target": -0.3507028466110806, "params": {"model__colsample_bylevel": 0.3854106242970809, "model__colsample_bynode": 0.9593750608852836, "model__colsample_bytree": 0.961626354038269, "model__learning_rate": 0.29860062102939444, "model__max_depth": 7.913152232209108, "model__n_estimators": 20.176817090175447, "model__reg_lambda": 9.838385006284394}, "datetime": {"datetime": "2021-03-24 02:03:55", "elapsed": 260.967827, "delta": 1.510247}}
{"target": -0.35220269145970434, "params": {"model__colsample_bylevel": 0.9982324402867682, "model__colsample_bynode": 0.4025835876957967, "model__colsample_bytree": 0.9977555569200812, "model__learning_rate": 0.3, "model__max_depth": 5.289193636894579, "model__n_estimators": 17.70312459592426, "model__reg_lambda": 2.9543768150352587}, "datetime": {"datetime": "2021-03-24 02:03:57", "elapsed": 262.890063, "delta": 1.922236}}
{"target": -0.3146206339768917, "params": {"model__colsample_bylevel": 0.8762844077797953, "model__colsample_bynode": 0.9176736460783077, "model__colsample_bytree": 0.3071027361364312, "model__learning_rate": 0.29868759429356084, "model__max_depth": 5.186426635697618, "model__n_estimators": 27.716281651439004, "model__reg_lambda": 1.9007239316842406}, "datetime": {"datetime": "2021-03-24 02:03:59", "elapsed": 264.518133, "delta": 1.62807}}
