{"target": -0.33897917310882736, "params": {"model__colsample_bylevel": 0.8761556898246017, "model__colsample_bynode": 0.851063417182278, "model__colsample_bytree": 0.9579189672514716, "model__learning_rate": 0.2965100811397949, "model__max_depth": 7.338163590954036, "model__n_estimators": 29.994350788945994, "model__reg_lambda": 5.608336414210076}, "datetime": {"datetime": "2021-03-24 01:59:34", "elapsed": 305.669167, "delta": 2.172521}}
