{"target": -0.3299852157139854, "params": {"model__colsample_bylevel": 0.9841300370056609, "model__colsample_bynode": 0.3653441903858532, "model__colsample_bytree": 0.9678997248515984, "model__learning_rate": 0.2842739806289958, "model__max_depth": 4.356341426095652, "model__n_estimators": 29.444023487870773, "model__reg_lambda": 8.399775504142571}, "datetime": {"datetime": "2021-03-24 01:55:05", "elapsed": 36.110736, "delta": 1.137499}}
{"target": -0.3271774967369772, "params": {"model__colsample_bylevel": 1.0, "model__colsample_bynode": 0.3, "model__colsample_bytree": 1.0, "model__learning_rate": 0.3, "model__max_depth": 7.130299647935781, "model__n_estimators": 29.074425809514644, "model__reg_lambda": 7.468104111821225}, "datetime": {"datetime": "2021-03-24 01:55:06", "elapsed": 37.320739, "delta": 1.210003}}
{"target": -0.29341021154284225, "params": {"model__colsample_bylevel": 0.34986853271330365, "model__colsample_bynode": 0.6535964000576462, "model__colsample_bytree": 0.974791668935183, "model__learning_rate": 0.2828318435124024, "model__max_depth": 4.779639430899234, "model__n_estimators": 28.412283985937194, "model__reg_lambda": 0.6085542863560367}, "datetime": {"datetime": "2021-03-24 01:55:07", "elapsed": 38.513767, "delta": 1.193028}}
{"target": -0.3408326717518756, "params": {"model__colsample_bylevel": 1.0, "model__colsample_bynode": 0.3087407617275295, "model__colsample_bytree": 1.0, "model__learning_rate": 0.3, "model__max_depth": 2.642413623553367, "model__n_estimators": 27.92752270176736, "model__reg_lambda": 5.148886889230621}, "datetime": {"datetime": "2021-03-24 01:55:08", "elapsed": 39.70256, "delta": 1.188793}}
{"target": -0.3967709041443531, "params": {"model__colsample_bylevel": 0.3, "model__colsample_bynode": 0.3, "model__colsample_bytree": 1.0, "model__learning_rate": 0.3, "model__max_depth": 7.755838267861413, "model__n_estimators": 16.104513774237432, "model__reg_lambda": 2.6354013155719036}, "datetime": {"datetime": "2021-03-24 01:55:09", "elapsed": 40.779987, "delta": 1.077427}}
{"target": -0.34828835326631596, "params": {"model__colsample_bylevel": 1.0, "model__colsample_bynode": 1.0, "model__colsample_bytree": 0.3, "model__learning_rate": 0.3, "model__max_depth": 7.249479006033693, "model__n_estimators": 19.899047216511825, "model__reg_lambda": 1.9007285578829278}, "datetime": {"datetime": "2021-03-24 01:55:10", "elapsed": 41.941101, "delta": 1.161114}}
{"target": -0.3868791852834756, "params": {"model__colsample_bylevel": 0.8273580841705692, "model__colsample_bynode": 0.3692068207068866, "model__colsample_bytree": 0.9067499187783439, "model__learning_rate": 0.24978728476746392, "model__max_depth": 2.037961696133845, "model__n_estimators": 15.724509412009969, "model__reg_lambda": 0.15441051609057732}, "datetime": {"datetime": "2021-03-24 01:55:12", "elapsed": 43.02025, "delta": 1.079149}}
{"target": -0.3549015744197844, "params": {"model__colsample_bylevel": 1.0, "model__colsample_bynode": 0.3, "model__colsample_bytree": 0.9999999977883198, "model__learning_rate": 0.3, "model__max_depth": 4.520569659115776, "model__n_estimators": 19.396529555922612, "model__reg_lambda": 10.0}, "datetime": {"datetime": "2021-03-24 01:55:13", "elapsed": 44.138621, "delta": 1.118371}}
{"target": -0.3375390906389667, "params": {"model__colsample_bylevel": 0.9436688899827286, "model__colsample_bynode": 0.47392823811197954, "model__colsample_bytree": 0.904743452095776, "model__learning_rate": 0.28321437244195113, "model__max_depth": 4.694735483040562, "model__n_estimators": 21.64187177346103, "model__reg_lambda": 3.8032064524730402}, "datetime": {"datetime": "2021-03-24 01:55:14", "elapsed": 45.490254, "delta": 1.351633}}
{"target": -0.3267760856495495, "params": {"model__colsample_bylevel": 0.37165535975255987, "model__colsample_bynode": 0.9840534185247447, "model__colsample_bytree": 0.9326210882495889, "model__learning_rate": 0.17618367378242913, "model__max_depth": 7.920820871212343, "model__n_estimators": 29.926547498038076, "model__reg_lambda": 0.1373895141296777}, "datetime": {"datetime": "2021-03-24 01:55:16", "elapsed": 47.290559, "delta": 1.800305}}
{"target": -0.35549981730780905, "params": {"model__colsample_bylevel": 1.0, "model__colsample_bynode": 1.0, "model__colsample_bytree": 1.0, "model__learning_rate": 0.3, "model__max_depth": 3.708779092775641, "model__n_estimators": 17.32224549558384, "model__reg_lambda": 2.0217787144202246}, "datetime": {"datetime": "2021-03-24 01:55:17", "elapsed": 48.645334, "delta": 1.354775}}
{"target": -0.3210397606888496, "params": {"model__colsample_bylevel": 0.34033674206289555, "model__colsample_bynode": 0.7317633893904212, "model__colsample_bytree": 0.9772956462352256, "model__learning_rate": 0.28553385248301344, "model__max_depth": 4.6803335368560965, "model__n_estimators": 28.810025491639685, "model__reg_lambda": 1.990424412994919}, "datetime": {"datetime": "2021-03-24 01:55:18", "elapsed": 49.64202, "delta": 0.996686}}
{"target": -0.3401283852270116, "params": {"model__colsample_bylevel": 0.9620570479557744, "model__colsample_bynode": 0.9051449236092151, "model__colsample_bytree": 0.38943347782915627, "model__learning_rate": 0.2968146817897769, "model__max_depth": 7.638189743817186, "model__n_estimators": 28.60582236344682, "model__reg_lambda": 9.998224337953856}, "datetime": {"datetime": "2021-03-24 01:55:19", "elapsed": 50.948114, "delta": 1.306094}}
{"target": -0.3651523638334449, "params": {"model__colsample_bylevel": 1.0, "model__colsample_bynode": 1.0, "model__colsample_bytree": 1.0, "model__learning_rate": 0.3, "model__max_depth": 8.0, "model__n_estimators": 18.333864026722694, "model__reg_lambda": 9.555973181932163}, "datetime": {"datetime": "2021-03-24 01:55:20", "elapsed": 51.98375, "delta": 1.035636}}
{"target": -0.3398098379957314, "params": {"model__colsample_bylevel": 1.0, "model__colsample_bynode": 1.0, "model__colsample_bytree": 0.3, "model__learning_rate": 0.3, "model__max_depth": 7.935822798446875, "model__n_estimators": 30.0, "model__reg_lambda": 9.005534990976988}, "datetime": {"datetime": "2021-03-24 01:55:22", "elapsed": 53.228876, "delta": 1.245126}}
{"target": -0.3214455141405831, "params": {"model__colsample_bylevel": 0.35667726246327336, "model__colsample_bynode": 0.877098526970121, "model__colsample_bytree": 0.6571338488282338, "model__learning_rate": 0.294838392752639, "model__max_depth": 7.884551188975991, "model__n_estimators": 23.288741533965002, "model__reg_lambda": 2.8767941965177792}, "datetime": {"datetime": "2021-03-24 01:55:23", "elapsed": 54.366149, "delta": 1.137273}}
{"target": -0.33159906626948954, "params": {"model__colsample_bylevel": 0.4215002608204057, "model__colsample_bynode": 0.9808061375814894, "model__colsample_bytree": 0.800452797213403, "model__learning_rate": 0.20675827671275887, "model__max_depth": 5.3396786678017545, "model__n_estimators": 28.454359975536093, "model__reg_lambda": 0.05556971167406499}, "datetime": {"datetime": "2021-03-24 01:55:24", "elapsed": 55.494686, "delta": 1.128537}}
{"target": -0.32928780344478537, "params": {"model__colsample_bylevel": 0.33961701089688456, "model__colsample_bynode": 0.8953142996898107, "model__colsample_bytree": 0.32582403593460696, "model__learning_rate": 0.2951074312950013, "model__max_depth": 7.906035200743451, "model__n_estimators": 29.327554146237347, "model__reg_lambda": 1.5006326374162282}, "datetime": {"datetime": "2021-03-24 01:55:25", "elapsed": 56.532851, "delta": 1.038165}}
{"target": -0.3828809865021511, "params": {"model__colsample_bylevel": 1.0, "model__colsample_bynode": 1.0, "model__colsample_bytree": 0.3, "model__learning_rate": 0.3, "model__max_depth": 4.461603596539669, "model__n_estimators": 16.01687591050828, "model__reg_lambda": 10.0}, "datetime": {"datetime": "2021-03-24 01:55:26", "elapsed": 57.667078, "delta": 1.134227}}
{"target": -0.337716832371982, "params": {"model__colsample_bylevel": 1.0, "model__colsample_bynode": 1.0, "model__colsample_bytree": 1.0, "model__learning_rate": 0.3, "model__max_depth": 4.436692227657317, "model__n_estimators": 24.20041019334413, "model__reg_lambda": 7.323960452049488}, "datetime": {"datetime": "2021-03-24 01:55:27", "elapsed": 58.855642, "delta": 1.188564}}
{"target": -0.39855000552167924, "params": {"model__colsample_bylevel": 0.4052680628143437, "model__colsample_bynode": 0.36757498980073267, "model__colsample_bytree": 0.5002172835431969, "model__learning_rate": 0.2825129542220872, "model__max_depth": 2.0535968618395604, "model__n_estimators": 29.96279319441032, "model__reg_lambda": 9.681918422604053}, "datetime": {"datetime": "2021-03-24 01:55:28", "elapsed": 59.834869, "delta": 0.979227}}
{"target": -0.34408174482329434, "params": {"model__colsample_bylevel": 1.0, "model__colsample_bynode": 1.0, "model__colsample_bytree": 0.3, "model__learning_rate": 0.3, "model__max_depth": 4.411216563970021, "model__n_estimators": 29.956379995300775, "model__reg_lambda": 9.95312115176301}, "datetime": {"datetime": "2021-03-24 01:55:30", "elapsed": 61.130945, "delta": 1.296076}}
{"target": -0.33913495343084027, "params": {"model__colsample_bylevel": 1.0, "model__colsample_bynode": 1.0, "model__colsample_bytree": 1.0, "model__learning_rate": 0.3, "model__max_depth": 5.968255233522568, "model__n_estimators": 28.269675207533993, "model__reg_lambda": 8.951093680988658}, "datetime": {"datetime": "2021-03-24 01:55:31", "elapsed": 62.442131, "delta": 1.311186}}
{"target": -0.3397496588003444, "params": {"model__colsample_bylevel": 0.8871315239758442, "model__colsample_bynode": 0.9495068199398564, "model__colsample_bytree": 0.3098241606820316, "model__learning_rate": 0.28627921521894156, "model__max_depth": 3.4718154724226045, "model__n_estimators": 22.227389696535198, "model__reg_lambda": 0.5914897849967216}, "datetime": {"datetime": "2021-03-24 01:55:32", "elapsed": 63.424997, "delta": 0.982866}}
{"target": -0.37755033647045966, "params": {"model__colsample_bylevel": 0.3667785416807481, "model__colsample_bynode": 0.39863757004451433, "model__colsample_bytree": 0.8803889135633383, "model__learning_rate": 0.2912410000138288, "model__max_depth": 4.808678645112583, "model__n_estimators": 27.945482208643696, "model__reg_lambda": 1.1301518550442302}, "datetime": {"datetime": "2021-03-24 01:55:33", "elapsed": 64.681575, "delta": 1.256578}}
{"target": -0.32038403512223323, "params": {"model__colsample_bylevel": 0.3, "model__colsample_bynode": 1.0, "model__colsample_bytree": 1.0, "model__learning_rate": 0.3, "model__max_depth": 3.145580738303226, "model__n_estimators": 28.363226366441342, "model__reg_lambda": 0.0}, "datetime": {"datetime": "2021-03-24 01:55:35", "elapsed": 66.106349, "delta": 1.424774}}
{"target": -0.3265200193650831, "params": {"model__colsample_bylevel": 0.3, "model__colsample_bynode": 1.0, "model__colsample_bytree": 1.0, "model__learning_rate": 0.3, "model__max_depth": 3.616184819400384, "model__n_estimators": 30.0, "model__reg_lambda": 4.98268293749764}, "datetime": {"datetime": "2021-03-24 01:55:36", "elapsed": 67.227702, "delta": 1.121353}}
{"target": -0.41103365994395985, "params": {"model__colsample_bylevel": 0.3, "model__colsample_bynode": 0.3, "model__colsample_bytree": 1.0, "model__learning_rate": 0.3, "model__max_depth": 5.776640238641218, "model__n_estimators": 15.0, "model__reg_lambda": 10.0}, "datetime": {"datetime": "2021-03-24 01:55:37", "elapsed": 68.821429, "delta": 1.593727}}
{"target": -0.35802109569338136, "params": {"model__colsample_bylevel": 1.0, "model__colsample_bynode": 1.0, "model__colsample_bytree": 0.3, "model__learning_rate": 0.3, "model__max_depth": 4.1732573766279, "model__n_estimators": 20.75442948803221, "model__reg_lambda": 10.0}, "datetime": {"datetime": "2021-03-24 01:55:39", "elapsed": 70.184932, "delta": 1.363503}}
{"target": -0.3287310224685285, "params": {"model__colsample_bylevel": 1.0, "model__colsample_bynode": 0.3, "model__colsample_bytree": 1.0, "model__learning_rate": 0.3, "model__max_depth": 8.0, "model__n_estimators": 27.055278243027193, "model__reg_lambda": 1.5502960711186635}, "datetime": {"datetime": "2021-03-24 01:55:40", "elapsed": 71.760127, "delta": 1.575195}}
{"target": -0.38728781607427193, "params": {"model__colsample_bylevel": 0.3, "model__colsample_bynode": 0.3, "model__colsample_bytree": 0.3, "model__learning_rate": 0.3, "model__max_depth": 4.105444190227912, "model__n_estimators": 17.446984322077558, "model__reg_lambda": 0.0}, "datetime": {"datetime": "2021-03-24 01:55:42", "elapsed": 73.341233, "delta": 1.581106}}
{"target": -0.3631715678366954, "params": {"model__colsample_bylevel": 0.3, "model__colsample_bynode": 1.0, "model__colsample_bytree": 0.3, "model__learning_rate": 0.3, "model__max_depth": 8.0, "model__n_estimators": 24.67208927159871, "model__reg_lambda": 10.0}, "datetime": {"datetime": "2021-03-24 01:55:43", "elapsed": 74.877721, "delta": 1.536488}}
{"target": -0.33039256648103155, "params": {"model__colsample_bylevel": 1.0, "model__colsample_bynode": 1.0, "model__colsample_bytree": 1.0, "model__learning_rate": 0.3, "model__max_depth": 2.0, "model__n_estimators": 19.493330634408792, "model__reg_lambda": 0.0}, "datetime": {"datetime": "2021-03-24 01:55:45", "elapsed": 76.777738, "delta": 1.900017}}
{"target": -0.35949092431903307, "params": {"model__colsample_bylevel": 1.0, "model__colsample_bynode": 0.9050051850281676, "model__colsample_bytree": 1.0, "model__learning_rate": 0.3, "model__max_depth": 4.693248257659866, "model__n_estimators": 28.80267697837342, "model__reg_lambda": 0.7584880274098472}, "datetime": {"datetime": "2021-03-24 01:55:47", "elapsed": 78.165196, "delta": 1.387458}}
{"target": -0.35245730258550567, "params": {"model__colsample_bylevel": 0.338524962099212, "model__colsample_bynode": 0.8447559869062502, "model__colsample_bytree": 0.7176935164162197, "model__learning_rate": 0.28395490641888255, "model__max_depth": 3.9711826404121515, "model__n_estimators": 29.93201539584676, "model__reg_lambda": 1.0292534221995386}, "datetime": {"datetime": "2021-03-24 01:55:48", "elapsed": 79.779697, "delta": 1.614501}}
{"target": -0.31864835258726826, "params": {"model__colsample_bylevel": 1.0, "model__colsample_bynode": 0.3, "model__colsample_bytree": 1.0, "model__learning_rate": 0.3, "model__max_depth": 2.0, "model__n_estimators": 30.0, "model__reg_lambda": 1.68812546490375}, "datetime": {"datetime": "2021-03-24 01:55:50", "elapsed": 81.160661, "delta": 1.380964}}
{"target": -0.3691482731964493, "params": {"model__colsample_bylevel": 0.3, "model__colsample_bynode": 1.0, "model__colsample_bytree": 0.3, "model__learning_rate": 0.3, "model__max_depth": 8.0, "model__n_estimators": 17.114560186854916, "model__reg_lambda": 0.0}, "datetime": {"datetime": "2021-03-24 01:55:51", "elapsed": 82.6362, "delta": 1.475539}}
{"target": -0.35459653640442623, "params": {"model__colsample_bylevel": 1.0, "model__colsample_bynode": 0.3, "model__colsample_bytree": 0.3, "model__learning_rate": 0.3, "model__max_depth": 7.999999998822362, "model__n_estimators": 25.323092226730783, "model__reg_lambda": 3.8662337001764358}, "datetime": {"datetime": "2021-03-24 01:55:53", "elapsed": 84.299328, "delta": 1.663128}}
{"target": -0.3399648426107361, "params": {"model__colsample_bylevel": 0.9521571366602102, "model__colsample_bynode": 0.8825442888421875, "model__colsample_bytree": 0.9476235330100595, "model__learning_rate": 0.23435961025420118, "model__max_depth": 2.039879566412404, "model__n_estimators": 29.651727740643842, "model__reg_lambda": 3.875183625615218}, "datetime": {"datetime": "2021-03-24 01:55:55", "elapsed": 86.171059, "delta": 1.871731}}
{"target": -0.43219982299656756, "params": {"model__colsample_bylevel": 0.3, "model__colsample_bynode": 1.0, "model__colsample_bytree": 0.3, "model__learning_rate": 0.3, "model__max_depth": 2.0, "model__n_estimators": 15.0, "model__reg_lambda": 7.166578788225515}, "datetime": {"datetime": "2021-03-24 01:55:56", "elapsed": 87.753214, "delta": 1.582155}}
{"target": -0.38337528795354825, "params": {"model__colsample_bylevel": 0.3, "model__colsample_bynode": 0.3, "model__colsample_bytree": 0.3, "model__learning_rate": 0.3, "model__max_depth": 8.0, "model__n_estimators": 20.827839212197667, "model__reg_lambda": 2.7382457721702997}, "datetime": {"datetime": "2021-03-24 01:55:58", "elapsed": 89.166804, "delta": 1.41359}}
{"target": -0.3570395219706647, "params": {"model__colsample_bylevel": 0.3, "model__colsample_bynode": 1.0, "model__colsample_bytree": 1.0, "model__learning_rate": 0.3, "model__max_depth": 5.629682179913951, "model__n_estimators": 22.88535247397917, "model__reg_lambda": 10.0}, "datetime": {"datetime": "2021-03-24 01:55:59", "elapsed": 90.695521, "delta": 1.528717}}
{"target": -0.354646407171031, "params": {"model__colsample_bylevel": 1.0, "model__colsample_bynode": 0.3, "model__colsample_bytree": 1.0, "model__learning_rate": 0.3, "model__max_depth": 6.331826630141585, "model__n_estimators": 15.0, "model__reg_lambda": 5.681256321429306}, "datetime": {"datetime": "2021-03-24 01:56:01", "elapsed": 92.395812, "delta": 1.700291}}
{"target": -0.3675975714155567, "params": {"model__colsample_bylevel": 1.0, "model__colsample_bynode": 1.0, "model__colsample_bytree": 0.3, "model__learning_rate": 0.3, "model__max_depth": 5.049788789296406, "model__n_estimators": 17.08531663889784, "model__reg_lambda": 6.168122961297413}, "datetime": {"datetime": "2021-03-24 01:56:03", "elapsed": 94.042258, "delta": 1.646446}}
{"target": -0.3631484847846508, "params": {"model__colsample_bylevel": 1.0, "model__colsample_bynode": 0.3, "model__colsample_bytree": 1.0, "model__learning_rate": 0.3, "model__max_depth": 2.0, "model__n_estimators": 24.91267698985028, "model__reg_lambda": 10.0}, "datetime": {"datetime": "2021-03-24 01:56:05", "elapsed": 96.005055, "delta": 1.962797}}
{"target": -0.34771719132043905, "params": {"model__colsample_bylevel": 1.0, "model__colsample_bynode": 1.0, "model__colsample_bytree": 1.0, "model__learning_rate": 0.3, "model__max_depth": 8.0, "model__n_estimators": 26.037330188991348, "model__reg_lambda": 10.0}, "datetime": {"datetime": "2021-03-24 01:56:06", "elapsed": 97.674124, "delta": 1.669069}}
{"target": -0.3840541555819969, "params": {"model__colsample_bylevel": 1.0, "model__colsample_bynode": 1.0, "model__colsample_bytree": 1.0, "model__learning_rate": 0.3, "model__max_depth": 4.765022948063031, "model__n_estimators": 19.247811642652085, "model__reg_lambda": 0.0}, "datetime": {"datetime": "2021-03-24 01:56:08", "elapsed": 99.536397, "delta": 1.862273}}
{"target": -0.3510433418541283, "params": {"model__colsample_bylevel": 1.0, "model__colsample_bynode": 1.0, "model__colsample_bytree": 0.3, "model__learning_rate": 0.3, "model__max_depth": 8.0, "model__n_estimators": 26.888883343005357, "model__reg_lambda": 7.512743498619149}, "datetime": {"datetime": "2021-03-24 01:56:10", "elapsed": 101.062984, "delta": 1.526587}}
{"target": -0.36685908236304654, "params": {"model__colsample_bylevel": 1.0, "model__colsample_bynode": 0.3, "model__colsample_bytree": 0.3, "model__learning_rate": 0.3, "model__max_depth": 8.0, "model__n_estimators": 15.0, "model__reg_lambda": 0.7711281127634888}, "datetime": {"datetime": "2021-03-24 01:56:11", "elapsed": 102.6205, "delta": 1.557516}}
{"target": -0.3456826772183126, "params": {"model__colsample_bylevel": 0.3, "model__colsample_bynode": 1.0, "model__colsample_bytree": 1.0, "model__learning_rate": 0.3, "model__max_depth": 6.162740377769381, "model__n_estimators": 22.41760568916474, "model__reg_lambda": 5.373154920929942}, "datetime": {"datetime": "2021-03-24 01:56:13", "elapsed": 104.086094, "delta": 1.465594}}
{"target": -0.35926805563048336, "params": {"model__colsample_bylevel": 1.0, "model__colsample_bynode": 0.3, "model__colsample_bytree": 1.0, "model__learning_rate": 0.3, "model__max_depth": 2.0, "model__n_estimators": 19.637169807117644, "model__reg_lambda": 1.782745641430193}, "datetime": {"datetime": "2021-03-24 01:56:14", "elapsed": 105.536153, "delta": 1.450059}}
{"target": -0.36449885281761163, "params": {"model__colsample_bylevel": 1.0, "model__colsample_bynode": 1.0, "model__colsample_bytree": 1.0, "model__learning_rate": 0.3, "model__max_depth": 2.0, "model__n_estimators": 23.34396512083549, "model__reg_lambda": 7.593346074078715}, "datetime": {"datetime": "2021-03-24 01:56:16", "elapsed": 107.101465, "delta": 1.565312}}
{"target": -0.32722753634865304, "params": {"model__colsample_bylevel": 1.0, "model__colsample_bynode": 0.3, "model__colsample_bytree": 1.0, "model__learning_rate": 0.3, "model__max_depth": 2.0, "model__n_estimators": 29.215278419296574, "model__reg_lambda": 0.0}, "datetime": {"datetime": "2021-03-24 01:56:18", "elapsed": 109.018781, "delta": 1.917316}}
{"target": -0.3650055445167169, "params": {"model__colsample_bylevel": 1.0, "model__colsample_bynode": 1.0, "model__colsample_bytree": 0.3, "model__learning_rate": 0.3, "model__max_depth": 2.0, "model__n_estimators": 27.02426008820979, "model__reg_lambda": 10.0}, "datetime": {"datetime": "2021-03-24 01:56:19", "elapsed": 110.797854, "delta": 1.779073}}
{"target": -0.33782009778449823, "params": {"model__colsample_bylevel": 1.0, "model__colsample_bynode": 0.3, "model__colsample_bytree": 1.0, "model__learning_rate": 0.3, "model__max_depth": 2.2875676432992105, "model__n_estimators": 21.006696147014885, "model__reg_lambda": 0.0}, "datetime": {"datetime": "2021-03-24 01:56:21", "elapsed": 112.378553, "delta": 1.580699}}
{"target": -0.3562613389579633, "params": {"model__colsample_bylevel": 1.0, "model__colsample_bynode": 0.3, "model__colsample_bytree": 0.3, "model__learning_rate": 0.3, "model__max_depth": 3.337611394743418, "model__n_estimators": 22.794050846780177, "model__reg_lambda": 6.498415620427852}, "datetime": {"datetime": "2021-03-24 01:56:22", "elapsed": 113.812603, "delta": 1.43405}}
