{"target": -0.3597698619828789, "params": {"model__colsample_bylevel": 0.941920130237188, "model__colsample_bynode": 0.7862119444399247, "model__colsample_bytree": 0.7672811212479322, "model__learning_rate": 0.2413235529719557, "model__max_depth": 6.468881607544759, "model__n_estimators": 25.71892738561766, "model__reg_lambda": 1.4296252407525012}, "datetime": {"datetime": "2021-03-24 01:54:34", "elapsed": 5.980673, "delta": 0.193319}}
{"target": -0.39997087879565313, "params": {"model__colsample_bylevel": 0.7664505634998717, "model__colsample_bynode": 0.9372501752435591, "model__colsample_bytree": 0.3226974712037688, "model__learning_rate": 0.13696287496610304, "model__max_depth": 6.574112506330284, "model__n_estimators": 15.628001246231364, "model__reg_lambda": 2.789864730302046}, "datetime": {"datetime": "2021-03-24 01:54:35", "elapsed": 6.092803, "delta": 0.11213}}
{"target": -0.4063993925134232, "params": {"model__colsample_bylevel": 0.9005722896485118, "model__colsample_bynode": 0.5583279975276154, "model__colsample_bytree": 0.9292943127471143, "model__learning_rate": 0.1578195662504995, "model__max_depth": 4.281940885644073, "model__n_estimators": 16.640600890305116, "model__reg_lambda": 8.146246111896012}, "datetime": {"datetime": "2021-03-24 01:54:35", "elapsed": 6.223113, "delta": 0.13031}}
{"target": -0.4085259374568536, "params": {"model__colsample_bylevel": 0.9534398095322711, "model__colsample_bynode": 0.42817503247553923, "model__colsample_bytree": 0.5178389967922328, "model__learning_rate": 0.2349408086546986, "model__max_depth": 2.4746062530577846, "model__n_estimators": 15.490859914517099, "model__reg_lambda": 3.2657561880327557}, "datetime": {"datetime": "2021-03-24 01:54:35", "elapsed": 6.312284, "delta": 0.089171}}
{"target": -0.38195462422850335, "params": {"model__colsample_bylevel": 0.5706285360217014, "model__colsample_bynode": 0.6842771415696982, "model__colsample_bytree": 0.6870518207102555, "model__learning_rate": 0.16602543474194267, "model__max_depth": 4.553906607318516, "model__n_estimators": 18.777852885612205, "model__reg_lambda": 2.0263513230551347}, "datetime": {"datetime": "2021-03-24 01:54:35", "elapsed": 6.443294, "delta": 0.13101}}
{"target": -0.3441015039293932, "params": {"model__colsample_bylevel": 0.8442678591461368, "model__colsample_bynode": 0.3977149946980818, "model__colsample_bytree": 0.6158425941754111, "model__learning_rate": 0.1245045248421828, "model__max_depth": 6.897715409068526, "model__n_estimators": 27.65234893164894, "model__reg_lambda": 1.1477505735172433}, "datetime": {"datetime": "2021-03-24 01:54:35", "elapsed": 6.578751, "delta": 0.135457}}
{"target": -0.3638818581433346, "params": {"model__colsample_bylevel": 0.8046871964072875, "model__colsample_bynode": 0.9463208373893632, "model__colsample_bytree": 0.5702216525068842, "model__learning_rate": 0.25542256115422385, "model__max_depth": 7.543314227663024, "model__n_estimators": 15.074271146872483, "model__reg_lambda": 2.7258381373747875}, "datetime": {"datetime": "2021-03-24 01:54:35", "elapsed": 6.718714, "delta": 0.139963}}
{"target": -0.4990855961390164, "params": {"model__colsample_bylevel": 0.325563385911891, "model__colsample_bynode": 0.4394342284138872, "model__colsample_bytree": 0.3078454924320954, "model__learning_rate": 0.10977990666788635, "model__max_depth": 5.896055639118223, "model__n_estimators": 19.33085301818661, "model__reg_lambda": 8.44410233607059}, "datetime": {"datetime": "2021-03-24 01:54:35", "elapsed": 6.800799, "delta": 0.082085}}
{"target": -0.35441252656071776, "params": {"model__colsample_bylevel": 0.5333078077907257, "model__colsample_bynode": 0.9449148964303926, "model__colsample_bytree": 0.39197068792833056, "model__learning_rate": 0.2098009976534188, "model__max_depth": 3.7666070082368948, "model__n_estimators": 27.09229802758709, "model__reg_lambda": 3.376766038812906}, "datetime": {"datetime": "2021-03-24 01:54:35", "elapsed": 6.913745, "delta": 0.112946}}
{"target": -0.35069975983317725, "params": {"model__colsample_bylevel": 0.38472058045866103, "model__colsample_bynode": 0.6189182754661343, "model__colsample_bytree": 0.47491716651278293, "model__learning_rate": 0.24904662090967875, "model__max_depth": 6.41552028192452, "model__n_estimators": 15.15307284998927, "model__reg_lambda": 0.029919695529196932}, "datetime": {"datetime": "2021-03-24 01:54:36", "elapsed": 7.007647, "delta": 0.093902}}
{"target": -0.35617681672810103, "params": {"model__colsample_bylevel": 0.9426044924017256, "model__colsample_bynode": 0.5260125425777793, "model__colsample_bytree": 0.5074653319167783, "model__learning_rate": 0.15418522802672452, "model__max_depth": 3.474343666196627, "model__n_estimators": 26.630539663467353, "model__reg_lambda": 2.632384799456182}, "datetime": {"datetime": "2021-03-24 01:54:36", "elapsed": 7.136129, "delta": 0.128482}}
{"target": -0.35613453034176556, "params": {"model__colsample_bylevel": 0.8032909797610204, "model__colsample_bynode": 0.7713021432027297, "model__colsample_bytree": 0.6853736563856032, "model__learning_rate": 0.23655460523720243, "model__max_depth": 3.0441975506001606, "model__n_estimators": 21.967771044500967, "model__reg_lambda": 4.939589109277965}, "datetime": {"datetime": "2021-03-24 01:54:36", "elapsed": 7.260987, "delta": 0.124858}}
{"target": -0.37228877209059463, "params": {"model__colsample_bylevel": 0.3191878877624776, "model__colsample_bynode": 0.4527668367686508, "model__colsample_bytree": 0.9533861738476699, "model__learning_rate": 0.23172885748318614, "model__max_depth": 7.871974941466348, "model__n_estimators": 20.539710627919593, "model__reg_lambda": 7.6239037960184355}, "datetime": {"datetime": "2021-03-24 01:54:36", "elapsed": 7.368447, "delta": 0.10746}}
{"target": -0.4172192336384046, "params": {"model__colsample_bylevel": 0.7197656118669662, "model__colsample_bynode": 0.7214646750503465, "model__colsample_bytree": 0.37931534877147977, "model__learning_rate": 0.14444015703665763, "model__max_depth": 2.433575141809544, "model__n_estimators": 22.57954207818872, "model__reg_lambda": 3.4509917372173025}, "datetime": {"datetime": "2021-03-24 01:54:36", "elapsed": 7.458038, "delta": 0.089591}}
{"target": -0.34455279816765394, "params": {"model__colsample_bylevel": 0.43770438267170664, "model__colsample_bynode": 0.562288016838024, "model__colsample_bytree": 0.6684847059501842, "model__learning_rate": 0.24216538663414655, "model__max_depth": 5.53982800385271, "model__n_estimators": 24.586364893849456, "model__reg_lambda": 6.03761911116279}, "datetime": {"datetime": "2021-03-24 01:54:36", "elapsed": 7.58642, "delta": 0.128382}}
{"target": -0.3358322254496802, "params": {"model__colsample_bylevel": 0.5615024327662378, "model__colsample_bynode": 0.5278880157630303, "model__colsample_bytree": 0.6927994632423486, "model__learning_rate": 0.2499326997232081, "model__max_depth": 7.515144966264312, "model__n_estimators": 27.41503748405572, "model__reg_lambda": 5.537273620404508}, "datetime": {"datetime": "2021-03-24 01:54:36", "elapsed": 7.719231, "delta": 0.132811}}
{"target": -0.35635571588924075, "params": {"model__colsample_bylevel": 0.8773753442334304, "model__colsample_bynode": 0.3197624374107063, "model__colsample_bytree": 0.8582648079772404, "model__learning_rate": 0.1398977410305498, "model__max_depth": 6.115045756510598, "model__n_estimators": 27.377846347953547, "model__reg_lambda": 3.1496308071503187}, "datetime": {"datetime": "2021-03-24 01:54:36", "elapsed": 7.869494, "delta": 0.150263}}
{"target": -0.35087335940274966, "params": {"model__colsample_bylevel": 0.5798231824380045, "model__colsample_bynode": 0.9899122285696411, "model__colsample_bytree": 0.4774952834387126, "model__learning_rate": 0.25106786479472265, "model__max_depth": 4.436357453829759, "model__n_estimators": 19.72844903945682, "model__reg_lambda": 7.705159221072094}, "datetime": {"datetime": "2021-03-24 01:54:36", "elapsed": 7.980187, "delta": 0.110693}}
{"target": -0.35490318937902005, "params": {"model__colsample_bylevel": 0.6149024037576569, "model__colsample_bynode": 0.7970601762740899, "model__colsample_bytree": 0.4555403075808654, "model__learning_rate": 0.26476738246878556, "model__max_depth": 6.3006447069266285, "model__n_estimators": 22.48861984031197, "model__reg_lambda": 7.91551010046181}, "datetime": {"datetime": "2021-03-24 01:54:37", "elapsed": 8.102378, "delta": 0.122191}}
{"target": -0.341962911786876, "params": {"model__colsample_bylevel": 0.9437937215686736, "model__colsample_bynode": 0.8511722448868555, "model__colsample_bytree": 0.5084857837350747, "model__learning_rate": 0.24346701302396254, "model__max_depth": 5.690340786662006, "model__n_estimators": 27.619845335231588, "model__reg_lambda": 4.0456797253845265}, "datetime": {"datetime": "2021-03-24 01:54:37", "elapsed": 8.287779, "delta": 0.185401}}
{"target": -0.35089342810173074, "params": {"model__colsample_bylevel": 0.6173529449301774, "model__colsample_bynode": 0.3656352091501882, "model__colsample_bytree": 0.45305055880659917, "model__learning_rate": 0.20586849821836273, "model__max_depth": 5.173197962934258, "model__n_estimators": 25.696146745858105, "model__reg_lambda": 2.863925264426952}, "datetime": {"datetime": "2021-03-24 01:54:37", "elapsed": 8.387055, "delta": 0.099276}}
{"target": -0.4285602588193032, "params": {"model__colsample_bylevel": 0.3812502817792496, "model__colsample_bynode": 0.43107613084910207, "model__colsample_bytree": 0.6036033759584388, "model__learning_rate": 0.13710847453713484, "model__max_depth": 2.7407946095138094, "model__n_estimators": 25.875381462387566, "model__reg_lambda": 9.101677556132595}, "datetime": {"datetime": "2021-03-24 01:54:37", "elapsed": 8.487825, "delta": 0.10077}}
{"target": -0.40066982728591105, "params": {"model__colsample_bylevel": 0.3426383940311504, "model__colsample_bynode": 0.3292770968669983, "model__colsample_bytree": 0.49999974247633633, "model__learning_rate": 0.21592871225493404, "model__max_depth": 7.629568478689846, "model__n_estimators": 23.72527860523467, "model__reg_lambda": 6.7998375849329875}, "datetime": {"datetime": "2021-03-24 01:54:37", "elapsed": 8.579531, "delta": 0.091706}}
{"target": -0.3726797576993704, "params": {"model__colsample_bylevel": 1.0, "model__colsample_bynode": 1.0, "model__colsample_bytree": 1.0, "model__learning_rate": 0.3, "model__max_depth": 8.0, "model__n_estimators": 15.0, "model__reg_lambda": 10.0}, "datetime": {"datetime": "2021-03-24 01:54:38", "elapsed": 9.446076, "delta": 0.866545}}
{"target": -0.37686654826545196, "params": {"model__colsample_bylevel": 0.32016579235889747, "model__colsample_bynode": 0.41841899965659446, "model__colsample_bytree": 0.4293978727281257, "model__learning_rate": 0.2806807881340946, "model__max_depth": 6.953682608588992, "model__n_estimators": 29.760867233195874, "model__reg_lambda": 9.684082128830472}, "datetime": {"datetime": "2021-03-24 01:54:39", "elapsed": 10.285885, "delta": 0.839809}}
{"target": -0.3544491530038362, "params": {"model__colsample_bylevel": 1.0, "model__colsample_bynode": 1.0, "model__colsample_bytree": 1.0, "model__learning_rate": 0.3, "model__max_depth": 2.0, "model__n_estimators": 30.0, "model__reg_lambda": 10.0}, "datetime": {"datetime": "2021-03-24 01:54:40", "elapsed": 11.155885, "delta": 0.87}}
{"target": -0.3537202716636323, "params": {"model__colsample_bylevel": 1.0, "model__colsample_bynode": 1.0, "model__colsample_bytree": 1.0, "model__learning_rate": 0.3, "model__max_depth": 8.0, "model__n_estimators": 21.681935971674957, "model__reg_lambda": 10.0}, "datetime": {"datetime": "2021-03-24 01:54:41", "elapsed": 12.089641, "delta": 0.933756}}
{"target": -0.35442163150190653, "params": {"model__colsample_bylevel": 1.0, "model__colsample_bynode": 1.0, "model__colsample_bytree": 1.0, "model__learning_rate": 0.3, "model__max_depth": 8.0, "model__n_estimators": 15.834799943576705, "model__reg_lambda": 6.359716756619322}, "datetime": {"datetime": "2021-03-24 01:54:41", "elapsed": 12.984759, "delta": 0.895118}}
{"target": -0.3603156058546291, "params": {"model__colsample_bylevel": 1.0, "model__colsample_bynode": 0.3, "model__colsample_bytree": 0.3, "model__learning_rate": 0.3, "model__max_depth": 8.0, "model__n_estimators": 18.80889275437008, "model__reg_lambda": 0.0}, "datetime": {"datetime": "2021-03-24 01:54:42", "elapsed": 13.687788, "delta": 0.703029}}
{"target": -0.40782699810098044, "params": {"model__colsample_bylevel": 1.0, "model__colsample_bynode": 0.3000000001488063, "model__colsample_bytree": 0.3, "model__learning_rate": 0.3, "model__max_depth": 2.0, "model__n_estimators": 20.983973506824967, "model__reg_lambda": 10.0}, "datetime": {"datetime": "2021-03-24 01:54:43", "elapsed": 14.459448, "delta": 0.77166}}
{"target": -0.3351817564731734, "params": {"model__colsample_bylevel": 0.657508123757163, "model__colsample_bynode": 0.9120082789309962, "model__colsample_bytree": 0.438391120372174, "model__learning_rate": 0.26568380056294394, "model__max_depth": 7.788747904868941, "model__n_estimators": 29.829840348975722, "model__reg_lambda": 5.677692955725369}, "datetime": {"datetime": "2021-03-24 01:54:44", "elapsed": 15.173492, "delta": 0.714044}}
{"target": -0.34983596269419226, "params": {"model__colsample_bylevel": 1.0, "model__colsample_bynode": 1.0, "model__colsample_bytree": 0.39922249486783173, "model__learning_rate": 0.3, "model__max_depth": 3.985644644291359, "model__n_estimators": 23.792147294265472, "model__reg_lambda": 10.0}, "datetime": {"datetime": "2021-03-24 01:54:45", "elapsed": 16.062293, "delta": 0.888801}}
{"target": -0.3470918616246216, "params": {"model__colsample_bylevel": 1.0, "model__colsample_bynode": 1.0, "model__colsample_bytree": 1.0, "model__learning_rate": 0.3, "model__max_depth": 8.0, "model__n_estimators": 20.303744803964825, "model__reg_lambda": 5.614842375839511}, "datetime": {"datetime": "2021-03-24 01:54:45", "elapsed": 16.997273, "delta": 0.93498}}
{"target": -0.3458902400265367, "params": {"model__colsample_bylevel": 0.7801752946887961, "model__colsample_bynode": 0.5374476860340565, "model__colsample_bytree": 0.9214063621530018, "model__learning_rate": 0.29824374559851036, "model__max_depth": 2.179992214325922, "model__n_estimators": 29.963679220336083, "model__reg_lambda": 6.911133335712346}, "datetime": {"datetime": "2021-03-24 01:54:46", "elapsed": 17.811507, "delta": 0.814234}}
{"target": -0.3619140714137019, "params": {"model__colsample_bylevel": 0.3, "model__colsample_bynode": 1.0, "model__colsample_bytree": 1.0, "model__learning_rate": 0.3, "model__max_depth": 5.353035446777953, "model__n_estimators": 15.0, "model__reg_lambda": 4.82133301654587}, "datetime": {"datetime": "2021-03-24 01:54:47", "elapsed": 18.613837, "delta": 0.80233}}
{"target": -0.398876320115844, "params": {"model__colsample_bylevel": 0.3, "model__colsample_bynode": 0.3, "model__colsample_bytree": 0.4042532113160096, "model__learning_rate": 0.3, "model__max_depth": 8.0, "model__n_estimators": 15.0, "model__reg_lambda": 4.705149794737677}, "datetime": {"datetime": "2021-03-24 01:54:48", "elapsed": 19.432074, "delta": 0.818237}}
{"target": -0.3390481819287347, "params": {"model__colsample_bylevel": 0.3, "model__colsample_bynode": 1.0, "model__colsample_bytree": 1.0, "model__learning_rate": 0.3, "model__max_depth": 4.30752187930347, "model__n_estimators": 30.0, "model__reg_lambda": 10.0}, "datetime": {"datetime": "2021-03-24 01:54:49", "elapsed": 20.300226, "delta": 0.868152}}
{"target": -0.3470660130938758, "params": {"model__colsample_bylevel": 0.37130153247734543, "model__colsample_bynode": 0.39031144211684077, "model__colsample_bytree": 0.42730293970554745, "model__learning_rate": 0.2659489932394892, "model__max_depth": 6.759838578977614, "model__n_estimators": 29.84167981626653, "model__reg_lambda": 3.260483943086807}, "datetime": {"datetime": "2021-03-24 01:54:50", "elapsed": 21.165628, "delta": 0.865402}}
{"target": -0.3881288904418318, "params": {"model__colsample_bylevel": 1.0, "model__colsample_bynode": 1.0, "model__colsample_bytree": 1.0, "model__learning_rate": 0.3, "model__max_depth": 8.0, "model__n_estimators": 15.0, "model__reg_lambda": 0.0}, "datetime": {"datetime": "2021-03-24 01:54:51", "elapsed": 22.029834, "delta": 0.864206}}
{"target": -0.3257749603348413, "params": {"model__colsample_bylevel": 0.3, "model__colsample_bynode": 1.0, "model__colsample_bytree": 1.0, "model__learning_rate": 0.3, "model__max_depth": 8.0, "model__n_estimators": 28.176981392004286, "model__reg_lambda": 2.430959875663345}, "datetime": {"datetime": "2021-03-24 01:54:51", "elapsed": 22.735641, "delta": 0.705807}}
{"target": -0.44336234139872416, "params": {"model__colsample_bylevel": 0.3, "model__colsample_bynode": 0.3, "model__colsample_bytree": 1.0, "model__learning_rate": 0.3, "model__max_depth": 2.0, "model__n_estimators": 15.0, "model__reg_lambda": 10.0}, "datetime": {"datetime": "2021-03-24 01:54:52", "elapsed": 23.381012, "delta": 0.645371}}
{"target": -0.3331588051281869, "params": {"model__colsample_bylevel": 0.9769245726904221, "model__colsample_bynode": 0.3329106423907373, "model__colsample_bytree": 0.840665781539295, "model__learning_rate": 0.27326466345113043, "model__max_depth": 4.173185150282903, "model__n_estimators": 15.12875675147162, "model__reg_lambda": 1.1308997867619341}, "datetime": {"datetime": "2021-03-24 01:54:53", "elapsed": 24.12127, "delta": 0.740258}}
{"target": -0.3580578018423588, "params": {"model__colsample_bylevel": 1.0, "model__colsample_bynode": 0.3186973695797099, "model__colsample_bytree": 1.0, "model__learning_rate": 0.3, "model__max_depth": 6.25408750190004, "model__n_estimators": 16.9605011024367, "model__reg_lambda": 0.45573127818969605}, "datetime": {"datetime": "2021-03-24 01:54:53", "elapsed": 24.879092, "delta": 0.757822}}
{"target": -0.32535116587684526, "params": {"model__colsample_bylevel": 1.0, "model__colsample_bynode": 0.3, "model__colsample_bytree": 1.0, "model__learning_rate": 0.3, "model__max_depth": 8.0, "model__n_estimators": 29.999999997804792, "model__reg_lambda": 2.6301939141929327}, "datetime": {"datetime": "2021-03-24 01:54:54", "elapsed": 25.793744, "delta": 0.914652}}
{"target": -0.36943240674833455, "params": {"model__colsample_bylevel": 0.3, "model__colsample_bynode": 1.0, "model__colsample_bytree": 1.0, "model__learning_rate": 0.3, "model__max_depth": 3.3588747996489956, "model__n_estimators": 19.39749585715459, "model__reg_lambda": 10.0}, "datetime": {"datetime": "2021-03-24 01:54:55", "elapsed": 26.722844, "delta": 0.9291}}
{"target": -0.3279351230671307, "params": {"model__colsample_bylevel": 1.0, "model__colsample_bynode": 1.0, "model__colsample_bytree": 1.0, "model__learning_rate": 0.3, "model__max_depth": 2.000000008539261, "model__n_estimators": 25.474411262555865, "model__reg_lambda": 0.0}, "datetime": {"datetime": "2021-03-24 01:54:56", "elapsed": 27.459961, "delta": 0.737117}}
{"target": -0.3530833014253311, "params": {"model__colsample_bylevel": 0.9190757552432742, "model__colsample_bynode": 0.6539530345647833, "model__colsample_bytree": 0.976010304684312, "model__learning_rate": 0.16421213445861432, "model__max_depth": 7.506768568777305, "model__n_estimators": 29.751310202391622, "model__reg_lambda": 9.872301744890052}, "datetime": {"datetime": "2021-03-24 01:54:57", "elapsed": 28.378193, "delta": 0.918232}}
{"target": -0.34257960037355295, "params": {"model__colsample_bylevel": 1.0, "model__colsample_bynode": 0.30000000002459837, "model__colsample_bytree": 0.9999999999148913, "model__learning_rate": 0.3, "model__max_depth": 4.679273199738844, "model__n_estimators": 22.271545146742735, "model__reg_lambda": 0.0}, "datetime": {"datetime": "2021-03-24 01:54:58", "elapsed": 29.26343, "delta": 0.885237}}
{"target": -0.33943429464724023, "params": {"model__colsample_bylevel": 0.30753522398765004, "model__colsample_bynode": 0.4404374099046713, "model__colsample_bytree": 0.8866499455947079, "model__learning_rate": 0.2757212613190969, "model__max_depth": 2.5144743144912707, "model__n_estimators": 29.59090348610824, "model__reg_lambda": 3.099759197835834}, "datetime": {"datetime": "2021-03-24 01:54:58", "elapsed": 29.988922, "delta": 0.725492}}
{"target": -0.34330506905410574, "params": {"model__colsample_bylevel": 0.32292371753148313, "model__colsample_bynode": 0.9939751918502016, "model__colsample_bytree": 0.910507261861923, "model__learning_rate": 0.2866659393105063, "model__max_depth": 7.883964371144239, "model__n_estimators": 20.81318189923533, "model__reg_lambda": 0.7484292607140242}, "datetime": {"datetime": "2021-03-24 01:54:59", "elapsed": 30.77016, "delta": 0.781238}}
{"target": -0.33283381868504747, "params": {"model__colsample_bylevel": 0.9675800128820253, "model__colsample_bynode": 0.8474331605939067, "model__colsample_bytree": 0.9896167873395842, "model__learning_rate": 0.29732650538744043, "model__max_depth": 3.8346999394444885, "model__n_estimators": 27.358038546067057, "model__reg_lambda": 9.946624223508731}, "datetime": {"datetime": "2021-03-24 01:55:01", "elapsed": 32.151269, "delta": 1.381109}}
{"target": -0.32328453410935226, "params": {"model__colsample_bylevel": 1.0, "model__colsample_bynode": 1.0, "model__colsample_bytree": 1.0, "model__learning_rate": 0.3, "model__max_depth": 2.941565905819225, "model__n_estimators": 29.169469194089555, "model__reg_lambda": 1.2443174253444569}, "datetime": {"datetime": "2021-03-24 01:55:02", "elapsed": 33.70167, "delta": 1.550401}}
{"target": -0.3462505618667068, "params": {"model__colsample_bylevel": 0.3670418900031649, "model__colsample_bynode": 0.87803919931815, "model__colsample_bytree": 0.8925408349160888, "model__learning_rate": 0.2999979157514082, "model__max_depth": 7.925540517052218, "model__n_estimators": 28.821674355102086, "model__reg_lambda": 8.846801841720332}, "datetime": {"datetime": "2021-03-24 01:55:03", "elapsed": 34.973237, "delta": 1.271567}}
