{"target": -0.40022672717999397, "params": {"model__colsample_bylevel": 0.3, "model__colsample_bynode": 1.0, "model__colsample_bytree": 0.3, "model__learning_rate": 0.3, "model__max_depth": 2.0, "model__n_estimators": 23.2218398886751, "model__reg_lambda": 10.0}, "datetime": {"datetime": "2021-03-24 01:56:24", "elapsed": 115.211696, "delta": 1.399093}}
{"target": -0.3435200731160349, "params": {"model__colsample_bylevel": 0.40311788553328165, "model__colsample_bynode": 0.7763360307153435, "model__colsample_bytree": 0.37591670963399504, "model__learning_rate": 0.2953974923947734, "model__max_depth": 5.9891127718297925, "model__n_estimators": 23.76316003520028, "model__reg_lambda": 1.6952113565874005}, "datetime": {"datetime": "2021-03-24 01:56:25", "elapsed": 116.619315, "delta": 1.407619}}
{"target": -0.4234908496691049, "params": {"model__colsample_bylevel": 1.0, "model__colsample_bynode": 0.3, "model__colsample_bytree": 0.3, "model__learning_rate": 0.3, "model__max_depth": 2.0, "model__n_estimators": 17.563679724679535, "model__reg_lambda": 10.0}, "datetime": {"datetime": "2021-03-24 01:56:27", "elapsed": 118.333928, "delta": 1.714613}}
{"target": -0.3370531980282344, "params": {"model__colsample_bylevel": 1.0, "model__colsample_bynode": 1.0, "model__colsample_bytree": 1.0, "model__learning_rate": 0.3, "model__max_depth": 2.8001348327402042, "model__n_estimators": 29.01378877876208, "model__reg_lambda": 8.388477879151043}, "datetime": {"datetime": "2021-03-24 01:56:28", "elapsed": 119.957603, "delta": 1.623675}}
{"target": -0.3696175477690185, "params": {"model__colsample_bylevel": 1.0, "model__colsample_bynode": 1.0, "model__colsample_bytree": 0.3, "model__learning_rate": 0.3, "model__max_depth": 8.0, "model__n_estimators": 21.33733214321388, "model__reg_lambda": 7.894779889935672}, "datetime": {"datetime": "2021-03-24 01:56:30", "elapsed": 121.362485, "delta": 1.404882}}
{"target": -0.3349449750227074, "params": {"model__colsample_bylevel": 1.0, "model__colsample_bynode": 0.3, "model__colsample_bytree": 0.3, "model__learning_rate": 0.3, "model__max_depth": 2.8675776341936547, "model__n_estimators": 24.806772700732353, "model__reg_lambda": 0.4642668729573658}, "datetime": {"datetime": "2021-03-24 01:56:32", "elapsed": 123.119678, "delta": 1.757193}}
{"target": -0.3234596988786876, "params": {"model__colsample_bylevel": 1.0, "model__colsample_bynode": 0.9250315983722045, "model__colsample_bytree": 1.0, "model__learning_rate": 0.3, "model__max_depth": 3.0437086058467098, "model__n_estimators": 28.169976421123962, "model__reg_lambda": 3.320135881178322}, "datetime": {"datetime": "2021-03-24 01:56:33", "elapsed": 124.491765, "delta": 1.372087}}
{"target": -0.40425399761525505, "params": {"model__colsample_bylevel": 0.3, "model__colsample_bynode": 1.0, "model__colsample_bytree": 0.3, "model__learning_rate": 0.3, "model__max_depth": 8.0, "model__n_estimators": 15.0, "model__reg_lambda": 8.21979810060043}, "datetime": {"datetime": "2021-03-24 01:56:35", "elapsed": 126.221195, "delta": 1.72943}}
{"target": -0.3600609104580961, "params": {"model__colsample_bylevel": 0.3, "model__colsample_bynode": 0.3, "model__colsample_bytree": 1.0, "model__learning_rate": 0.3, "model__max_depth": 6.774634751833069, "model__n_estimators": 30.0, "model__reg_lambda": 0.9144592600423186}, "datetime": {"datetime": "2021-03-24 01:56:37", "elapsed": 128.061317, "delta": 1.840122}}
{"target": -0.37807070855317004, "params": {"model__colsample_bylevel": 1.0, "model__colsample_bynode": 1.0, "model__colsample_bytree": 1.0, "model__learning_rate": 0.3, "model__max_depth": 8.0, "model__n_estimators": 28.520379776841374, "model__reg_lambda": 0.0}, "datetime": {"datetime": "2021-03-24 01:56:38", "elapsed": 129.8095, "delta": 1.748183}}
{"target": -0.3723860465199349, "params": {"model__colsample_bylevel": 1.0, "model__colsample_bynode": 0.3, "model__colsample_bytree": 1.0, "model__learning_rate": 0.3, "model__max_depth": 8.0, "model__n_estimators": 15.0, "model__reg_lambda": 8.223768608367154}, "datetime": {"datetime": "2021-03-24 01:56:40", "elapsed": 131.327744, "delta": 1.518244}}
{"target": -0.370984125625936, "params": {"model__colsample_bylevel": 0.9559710727444757, "model__colsample_bynode": 0.857086597915981, "model__colsample_bytree": 0.31501730868049677, "model__learning_rate": 0.12728912200184997, "model__max_depth": 7.686727087709817, "model__n_estimators": 29.949532034117773, "model__reg_lambda": 3.5210046511220083}, "datetime": {"datetime": "2021-03-24 01:56:41", "elapsed": 132.668454, "delta": 1.34071}}
{"target": -0.42266607481608354, "params": {"model__colsample_bylevel": 0.3, "model__colsample_bynode": 0.3, "model__colsample_bytree": 0.3, "model__learning_rate": 0.3, "model__max_depth": 3.9683235429637507, "model__n_estimators": 15.0, "model__reg_lambda": 5.055261126372908}, "datetime": {"datetime": "2021-03-24 01:56:43", "elapsed": 134.188583, "delta": 1.520129}}
{"target": -0.39116381135080824, "params": {"model__colsample_bylevel": 1.0, "model__colsample_bynode": 1.0, "model__colsample_bytree": 1.0, "model__learning_rate": 0.3, "model__max_depth": 2.0, "model__n_estimators": 15.0, "model__reg_lambda": 5.243469369713852}, "datetime": {"datetime": "2021-03-24 01:56:44", "elapsed": 135.542539, "delta": 1.353956}}
{"target": -0.3487070687952033, "params": {"model__colsample_bylevel": 1.0, "model__colsample_bynode": 1.0, "model__colsample_bytree": 1.0, "model__learning_rate": 0.3, "model__max_depth": 3.3239962907478997, "model__n_estimators": 21.635705838934655, "model__reg_lambda": 1.9416482530050192}, "datetime": {"datetime": "2021-03-24 01:56:46", "elapsed": 137.278218, "delta": 1.735679}}
{"target": -0.34038029296991773, "params": {"model__colsample_bylevel": 1.0, "model__colsample_bynode": 1.0, "model__colsample_bytree": 1.0, "model__learning_rate": 0.3, "model__max_depth": 8.0, "model__n_estimators": 29.237204106892378, "model__reg_lambda": 6.465359287025453}, "datetime": {"datetime": "2021-03-24 01:56:47", "elapsed": 138.871515, "delta": 1.593297}}
{"target": -0.3611471779894192, "params": {"model__colsample_bylevel": 1.0, "model__colsample_bynode": 1.0, "model__colsample_bytree": 1.0, "model__learning_rate": 0.3, "model__max_depth": 5.622728080543167, "model__n_estimators": 17.80894094540497, "model__reg_lambda": 10.0}, "datetime": {"datetime": "2021-03-24 01:56:49", "elapsed": 140.777509, "delta": 1.905994}}
{"target": -0.3776154463813789, "params": {"model__colsample_bylevel": 0.3, "model__colsample_bynode": 0.30000000000000004, "model__colsample_bytree": 1.0, "model__learning_rate": 0.1, "model__max_depth": 4.04692373924681, "model__n_estimators": 28.848083887773733, "model__reg_lambda": 4.160162058276101e-09}, "datetime": {"datetime": "2021-03-24 01:56:50", "elapsed": 141.996671, "delta": 1.219162}}
{"target": -0.3346909989967294, "params": {"model__colsample_bylevel": 1.0, "model__colsample_bynode": 0.3, "model__colsample_bytree": 1.0, "model__learning_rate": 0.3, "model__max_depth": 6.175076221332259, "model__n_estimators": 18.654555592669187, "model__reg_lambda": 4.292568942723409}, "datetime": {"datetime": "2021-03-24 01:56:52", "elapsed": 143.495592, "delta": 1.498921}}
{"target": -0.41335684391332495, "params": {"model__colsample_bylevel": 1.0, "model__colsample_bynode": 0.3, "model__colsample_bytree": 0.3, "model__learning_rate": 0.3, "model__max_depth": 2.0, "model__n_estimators": 18.42782979677046, "model__reg_lambda": 0.0}, "datetime": {"datetime": "2021-03-24 01:56:53", "elapsed": 144.905939, "delta": 1.410347}}
{"target": -0.3168661399160687, "params": {"model__colsample_bylevel": 0.3, "model__colsample_bynode": 1.0, "model__colsample_bytree": 1.0, "model__learning_rate": 0.3, "model__max_depth": 5.9231692383009396, "model__n_estimators": 30.0, "model__reg_lambda": 7.279185688454873}, "datetime": {"datetime": "2021-03-24 01:56:55", "elapsed": 146.49273, "delta": 1.586791}}
{"target": -0.4104129199863181, "params": {"model__colsample_bylevel": 1.0, "model__colsample_bynode": 0.3, "model__colsample_bytree": 0.3, "model__learning_rate": 0.3, "model__max_depth": 8.0, "model__n_estimators": 15.0, "model__reg_lambda": 10.0}, "datetime": {"datetime": "2021-03-24 01:56:56", "elapsed": 147.946608, "delta": 1.453878}}
{"target": -0.3571647553373992, "params": {"model__colsample_bylevel": 0.3, "model__colsample_bynode": 1.0, "model__colsample_bytree": 1.0, "model__learning_rate": 0.3, "model__max_depth": 8.0, "model__n_estimators": 18.242697258071328, "model__reg_lambda": 5.006586849993192}, "datetime": {"datetime": "2021-03-24 01:56:58", "elapsed": 149.648981, "delta": 1.702373}}
{"target": -0.3286373893364224, "params": {"model__colsample_bylevel": 0.3, "model__colsample_bynode": 1.0, "model__colsample_bytree": 1.0, "model__learning_rate": 0.3, "model__max_depth": 5.961796858622465, "model__n_estimators": 29.347189633910226, "model__reg_lambda": 2.644896401328289}, "datetime": {"datetime": "2021-03-24 01:57:00", "elapsed": 151.18077, "delta": 1.531789}}
{"target": -0.453448200792722, "params": {"model__colsample_bylevel": 0.3, "model__colsample_bynode": 0.3, "model__colsample_bytree": 1.0, "model__learning_rate": 0.1, "model__max_depth": 4.439144370051768, "model__n_estimators": 15.0, "model__reg_lambda": 0.0}, "datetime": {"datetime": "2021-03-24 01:57:01", "elapsed": 152.613877, "delta": 1.433107}}
{"target": -0.34124702813063307, "params": {"model__colsample_bylevel": 1.0, "model__colsample_bynode": 1.0, "model__colsample_bytree": 1.0, "model__learning_rate": 0.3, "model__max_depth": 8.0, "model__n_estimators": 22.91386180634302, "model__reg_lambda": 7.776463756576892}, "datetime": {"datetime": "2021-03-24 01:57:03", "elapsed": 154.681728, "delta": 2.067851}}
{"target": -0.3682477518092787, "params": {"model__colsample_bylevel": 1.0, "model__colsample_bynode": 0.3, "model__colsample_bytree": 0.3, "model__learning_rate": 0.3, "model__max_depth": 8.0, "model__n_estimators": 24.140404729248843, "model__reg_lambda": 10.0}, "datetime": {"datetime": "2021-03-24 01:57:05", "elapsed": 156.143926, "delta": 1.462198}}
{"target": -0.3582658127085238, "params": {"model__colsample_bylevel": 0.3, "model__colsample_bynode": 0.3, "model__colsample_bytree": 0.3, "model__learning_rate": 0.3, "model__max_depth": 7.622513928050433, "model__n_estimators": 26.994721408583093, "model__reg_lambda": 2.3637519398542763}, "datetime": {"datetime": "2021-03-24 01:57:06", "elapsed": 157.61591, "delta": 1.471984}}
{"target": -0.3405934018776347, "params": {"model__colsample_bylevel": 0.3, "model__colsample_bynode": 1.0, "model__colsample_bytree": 1.0, "model__learning_rate": 0.3, "model__max_depth": 6.423381096230991, "model__n_estimators": 19.686111114080077, "model__reg_lambda": 3.073371389904817}, "datetime": {"datetime": "2021-03-24 01:57:08", "elapsed": 159.109009, "delta": 1.493099}}
{"target": -0.34228910470458984, "params": {"model__colsample_bylevel": 0.3, "model__colsample_bynode": 1.0, "model__colsample_bytree": 1.0, "model__learning_rate": 0.3, "model__max_depth": 4.648741409191593, "model__n_estimators": 25.013784622244714, "model__reg_lambda": 0.0}, "datetime": {"datetime": "2021-03-24 01:57:10", "elapsed": 161.004062, "delta": 1.895053}}
{"target": -0.3545148172739731, "params": {"model__colsample_bylevel": 1.0, "model__colsample_bynode": 1.0, "model__colsample_bytree": 0.3, "model__learning_rate": 0.3, "model__max_depth": 5.802361215627221, "model__n_estimators": 15.0, "model__reg_lambda": 0.0}, "datetime": {"datetime": "2021-03-24 01:57:11", "elapsed": 162.576777, "delta": 1.572715}}
{"target": -0.3392247928900347, "params": {"model__colsample_bylevel": 0.9248073185127736, "model__colsample_bynode": 0.3422751931337495, "model__colsample_bytree": 0.30913869034610936, "model__learning_rate": 0.24863340731278638, "model__max_depth": 5.97275609800101, "model__n_estimators": 29.98272239178415, "model__reg_lambda": 6.223602974758573}, "datetime": {"datetime": "2021-03-24 01:57:13", "elapsed": 164.04822, "delta": 1.471443}}
{"target": -0.3799950519266228, "params": {"model__colsample_bylevel": 0.3, "model__colsample_bynode": 1.0, "model__colsample_bytree": 1.0, "model__learning_rate": 0.3, "model__max_depth": 2.0, "model__n_estimators": 19.150154870320712, "model__reg_lambda": 7.486144549851631}, "datetime": {"datetime": "2021-03-24 01:57:14", "elapsed": 165.731001, "delta": 1.682781}}
{"target": -0.3630906021222472, "params": {"model__colsample_bylevel": 0.3, "model__colsample_bynode": 0.3, "model__colsample_bytree": 1.0, "model__learning_rate": 0.3, "model__max_depth": 4.086355943807961, "model__n_estimators": 18.636874692870034, "model__reg_lambda": 6.28377708089445}, "datetime": {"datetime": "2021-03-24 01:57:15", "elapsed": 166.936388, "delta": 1.205387}}
{"target": -0.35048775907936575, "params": {"model__colsample_bylevel": 0.4595669060703115, "model__colsample_bynode": 0.31773678249309695, "model__colsample_bytree": 0.9872265653764052, "model__learning_rate": 0.2467756021270821, "model__max_depth": 7.968512659477543, "model__n_estimators": 22.563527172163404, "model__reg_lambda": 1.0813834872601402}, "datetime": {"datetime": "2021-03-24 01:57:17", "elapsed": 168.482513, "delta": 1.546125}}
{"target": -0.38347018335244043, "params": {"model__colsample_bylevel": 0.3, "model__colsample_bynode": 1.0, "model__colsample_bytree": 0.3, "model__learning_rate": 0.3, "model__max_depth": 6.210732065661741, "model__n_estimators": 15.0, "model__reg_lambda": 1.3740729146828252}, "datetime": {"datetime": "2021-03-24 01:57:19", "elapsed": 170.058585, "delta": 1.576072}}
{"target": -0.3508681444069911, "params": {"model__colsample_bylevel": 1.0, "model__colsample_bynode": 0.3, "model__colsample_bytree": 1.0, "model__learning_rate": 0.3, "model__max_depth": 4.629317788385764, "model__n_estimators": 15.1353365612172, "model__reg_lambda": 3.5598659833858717}, "datetime": {"datetime": "2021-03-24 01:57:21", "elapsed": 172.269307, "delta": 2.210722}}
{"target": -0.35562294716508114, "params": {"model__colsample_bylevel": 0.3, "model__colsample_bynode": 0.3, "model__colsample_bytree": 1.0, "model__learning_rate": 0.3, "model__max_depth": 4.837248660952201, "model__n_estimators": 28.302276547233838, "model__reg_lambda": 5.6679352967996435}, "datetime": {"datetime": "2021-03-24 01:57:22", "elapsed": 173.853297, "delta": 1.58399}}
{"target": -0.342430283025285, "params": {"model__colsample_bylevel": 1.0, "model__colsample_bynode": 0.3, "model__colsample_bytree": 1.0, "model__learning_rate": 0.3, "model__max_depth": 2.9497493071009684, "model__n_estimators": 28.8474058913329, "model__reg_lambda": 10.0}, "datetime": {"datetime": "2021-03-24 01:57:24", "elapsed": 175.492382, "delta": 1.639085}}
{"target": -0.39730917111855757, "params": {"model__colsample_bylevel": 1.0, "model__colsample_bynode": 1.0, "model__colsample_bytree": 1.0, "model__learning_rate": 0.3, "model__max_depth": 8.0, "model__n_estimators": 22.300260022922387, "model__reg_lambda": 0.23170996536483765}, "datetime": {"datetime": "2021-03-24 01:57:26", "elapsed": 177.042791, "delta": 1.550409}}
{"target": -0.34189123156129564, "params": {"model__colsample_bylevel": 1.0, "model__colsample_bynode": 0.3, "model__colsample_bytree": 0.3, "model__learning_rate": 0.3, "model__max_depth": 7.6522098973303665, "model__n_estimators": 28.480112693887303, "model__reg_lambda": 3.7653464633499234}, "datetime": {"datetime": "2021-03-24 01:57:27", "elapsed": 178.380062, "delta": 1.337271}}
{"target": -0.33488691335921916, "params": {"model__colsample_bylevel": 1.0, "model__colsample_bynode": 0.3, "model__colsample_bytree": 1.0, "model__learning_rate": 0.3, "model__max_depth": 6.143742671809885, "model__n_estimators": 23.09463276118524, "model__reg_lambda": 5.583969691890596}, "datetime": {"datetime": "2021-03-24 01:57:28", "elapsed": 179.915627, "delta": 1.535565}}
{"target": -0.3427021846040219, "params": {"model__colsample_bylevel": 1.0, "model__colsample_bynode": 0.3, "model__colsample_bytree": 1.0, "model__learning_rate": 0.3, "model__max_depth": 3.513899310073427, "model__n_estimators": 25.340373583651097, "model__reg_lambda": 6.052288487969497}, "datetime": {"datetime": "2021-03-24 01:57:30", "elapsed": 181.218154, "delta": 1.302527}}
{"target": -0.3417817309082053, "params": {"model__colsample_bylevel": 1.0, "model__colsample_bynode": 1.0, "model__colsample_bytree": 1.0, "model__learning_rate": 0.3, "model__max_depth": 2.168864418292246, "model__n_estimators": 16.666444299977947, "model__reg_lambda": 0.5504608824453261}, "datetime": {"datetime": "2021-03-24 01:57:31", "elapsed": 182.767538, "delta": 1.549384}}
{"target": -0.32884201354353915, "params": {"model__colsample_bylevel": 0.603818769104944, "model__colsample_bynode": 1.0, "model__colsample_bytree": 1.0, "model__learning_rate": 0.3, "model__max_depth": 2.335170463391385, "model__n_estimators": 23.57412106706606, "model__reg_lambda": 0.0}, "datetime": {"datetime": "2021-03-24 01:57:33", "elapsed": 184.318994, "delta": 1.551456}}
{"target": -0.38890051608027865, "params": {"model__colsample_bylevel": 1.0, "model__colsample_bynode": 1.0, "model__colsample_bytree": 0.6660995941834846, "model__learning_rate": 0.3, "model__max_depth": 6.077928732856919, "model__n_estimators": 15.0, "model__reg_lambda": 8.34154607242826}, "datetime": {"datetime": "2021-03-24 01:57:34", "elapsed": 185.947795, "delta": 1.628801}}
{"target": -0.3737599750555566, "params": {"model__colsample_bylevel": 1.0, "model__colsample_bynode": 1.0, "model__colsample_bytree": 0.30000000055165, "model__learning_rate": 0.3, "model__max_depth": 4.030562566861635, "model__n_estimators": 18.852327502810503, "model__reg_lambda": 9.022361507493105}, "datetime": {"datetime": "2021-03-24 01:57:36", "elapsed": 187.440646, "delta": 1.492851}}
{"target": -0.3391293725275529, "params": {"model__colsample_bylevel": 0.3589351305627804, "model__colsample_bynode": 0.8070124074582521, "model__colsample_bytree": 0.7920237137517039, "model__learning_rate": 0.29571574758507685, "model__max_depth": 3.5236963283647302, "model__n_estimators": 22.432498323383594, "model__reg_lambda": 7.981590787140414}, "datetime": {"datetime": "2021-03-24 01:57:37", "elapsed": 188.845462, "delta": 1.404816}}
{"target": -0.36896222486106706, "params": {"model__colsample_bylevel": 1.0, "model__colsample_bynode": 0.3, "model__colsample_bytree": 0.3000000024135164, "model__learning_rate": 0.3, "model__max_depth": 6.692260538907902, "model__n_estimators": 22.722318571774426, "model__reg_lambda": 2.5352481355998977}, "datetime": {"datetime": "2021-03-24 01:57:39", "elapsed": 190.160067, "delta": 1.314605}}
{"target": -0.35454806995787325, "params": {"model__colsample_bylevel": 0.3718055301786227, "model__colsample_bynode": 0.9873812933002981, "model__colsample_bytree": 0.9817281656377306, "model__learning_rate": 0.2673030646377277, "model__max_depth": 7.885178880769913, "model__n_estimators": 25.54930638700956, "model__reg_lambda": 5.081542494946936}, "datetime": {"datetime": "2021-03-24 01:57:40", "elapsed": 191.585299, "delta": 1.425232}}
{"target": -0.3224335517950248, "params": {"model__colsample_bylevel": 0.5304908411658007, "model__colsample_bynode": 0.5505359158941321, "model__colsample_bytree": 0.8838457007282028, "model__learning_rate": 0.26792366177060933, "model__max_depth": 7.779951290945321, "model__n_estimators": 29.95243934176728, "model__reg_lambda": 6.071868772068161}, "datetime": {"datetime": "2021-03-24 01:57:41", "elapsed": 192.873311, "delta": 1.288012}}
{"target": -0.41432100078630923, "params": {"model__colsample_bylevel": 0.3, "model__colsample_bynode": 0.3, "model__colsample_bytree": 1.0, "model__learning_rate": 0.3, "model__max_depth": 8.0, "model__n_estimators": 16.96902986354223, "model__reg_lambda": 10.0}, "datetime": {"datetime": "2021-03-24 01:57:43", "elapsed": 194.33877, "delta": 1.465459}}
{"target": -0.3484433144702158, "params": {"model__colsample_bylevel": 0.3, "model__colsample_bynode": 0.3, "model__colsample_bytree": 1.0, "model__learning_rate": 0.3, "model__max_depth": 4.403218738423963, "model__n_estimators": 23.461086159691156, "model__reg_lambda": 5.232703102661496}, "datetime": {"datetime": "2021-03-24 01:57:44", "elapsed": 195.841196, "delta": 1.502426}}
{"target": -0.3395676329374259, "params": {"model__colsample_bylevel": 1.0, "model__colsample_bynode": 0.3, "model__colsample_bytree": 1.0, "model__learning_rate": 0.3, "model__max_depth": 8.0, "model__n_estimators": 18.094597833969747, "model__reg_lambda": 6.857018882314694}, "datetime": {"datetime": "2021-03-24 01:57:46", "elapsed": 197.406405, "delta": 1.565209}}
{"target": -0.3294807047814306, "params": {"model__colsample_bylevel": 0.9999999992995334, "model__colsample_bynode": 0.3, "model__colsample_bytree": 1.0, "model__learning_rate": 0.3, "model__max_depth": 6.702621305896834, "model__n_estimators": 19.778300865853573, "model__reg_lambda": 1.6129317807859855}, "datetime": {"datetime": "2021-03-24 01:57:47", "elapsed": 198.784985, "delta": 1.37858}}
{"target": -0.3556607280280846, "params": {"model__colsample_bylevel": 1.0, "model__colsample_bynode": 1.0, "model__colsample_bytree": 1.0, "model__learning_rate": 0.3, "model__max_depth": 2.0, "model__n_estimators": 15.0, "model__reg_lambda": 1.3672730070309902}, "datetime": {"datetime": "2021-03-24 01:57:49", "elapsed": 200.320328, "delta": 1.535343}}
{"target": -0.3739305050962645, "params": {"model__colsample_bylevel": 1.0, "model__colsample_bynode": 1.0, "model__colsample_bytree": 1.0, "model__learning_rate": 0.3, "model__max_depth": 6.201916681349888, "model__n_estimators": 17.016208129127428, "model__reg_lambda": 4.45622381424685}, "datetime": {"datetime": "2021-03-24 01:57:50", "elapsed": 201.971744, "delta": 1.651416}}
