{"target": -0.3586126827277189, "params": {"model__colsample_bylevel": 1.0, "model__colsample_bynode": 0.3, "model__colsample_bytree": 1.0, "model__learning_rate": 0.3, "model__max_depth": 8.0, "model__n_estimators": 18.8768583552537, "model__reg_lambda": 3.7337503220015624}, "datetime": {"datetime": "2021-03-24 01:57:52", "elapsed": 203.566221, "delta": 1.594477}}
{"target": -0.3557891265819848, "params": {"model__colsample_bylevel": 1.0, "model__colsample_bynode": 0.3, "model__colsample_bytree": 0.3, "model__learning_rate": 0.3, "model__max_depth": 7.664186878894212, "model__n_estimators": 26.67389914818632, "model__reg_lambda": 10.0}, "datetime": {"datetime": "2021-03-24 01:57:54", "elapsed": 205.051287, "delta": 1.485066}}
{"target": -0.3757549346647347, "params": {"model__colsample_bylevel": 0.7786250059400084, "model__colsample_bynode": 0.5583985582762525, "model__colsample_bytree": 0.9977572371683681, "model__learning_rate": 0.13376725104634507, "model__max_depth": 7.998645840595079, "model__n_estimators": 24.274616567317473, "model__reg_lambda": 3.1438058806208735}, "datetime": {"datetime": "2021-03-24 01:57:56", "elapsed": 207.145021, "delta": 2.093734}}
{"target": -0.3649752643599641, "params": {"model__colsample_bylevel": 0.3, "model__colsample_bynode": 0.9943750318064088, "model__colsample_bytree": 1.0, "model__learning_rate": 0.3, "model__max_depth": 5.046255569134804, "model__n_estimators": 28.637675802540866, "model__reg_lambda": 0.7950355526451475}, "datetime": {"datetime": "2021-03-24 01:57:57", "elapsed": 208.381449, "delta": 1.236428}}
{"target": -0.3526538883686821, "params": {"model__colsample_bylevel": 1.0, "model__colsample_bynode": 0.3, "model__colsample_bytree": 1.0, "model__learning_rate": 0.3, "model__max_depth": 2.0, "model__n_estimators": 27.105699418026447, "model__reg_lambda": 7.675035061862751}, "datetime": {"datetime": "2021-03-24 01:57:59", "elapsed": 210.156968, "delta": 1.775519}}
{"target": -0.3643427491668895, "params": {"model__colsample_bylevel": 1.0, "model__colsample_bynode": 0.3, "model__colsample_bytree": 0.3, "model__learning_rate": 0.3, "model__max_depth": 5.3689413962216594, "model__n_estimators": 26.01310839506626, "model__reg_lambda": 0.0}, "datetime": {"datetime": "2021-03-24 01:58:00", "elapsed": 211.635632, "delta": 1.478664}}
{"target": -0.3204618521487725, "params": {"model__colsample_bylevel": 0.8468505307833482, "model__colsample_bynode": 1.0, "model__colsample_bytree": 0.3, "model__learning_rate": 0.3, "model__max_depth": 2.0, "model__n_estimators": 30.0, "model__reg_lambda": 1.0675617532713277}, "datetime": {"datetime": "2021-03-24 01:58:02", "elapsed": 213.173205, "delta": 1.537573}}
{"target": -0.35769311682189536, "params": {"model__colsample_bylevel": 0.4326021620299555, "model__colsample_bynode": 0.9564773735973309, "model__colsample_bytree": 0.8447711396645692, "model__learning_rate": 0.2814636540283606, "model__max_depth": 2.0146517059905036, "model__n_estimators": 28.867191123483792, "model__reg_lambda": 1.4766027561940787}, "datetime": {"datetime": "2021-03-24 01:58:04", "elapsed": 215.010391, "delta": 1.837186}}
{"target": -0.36553984660435085, "params": {"model__colsample_bylevel": 0.30000000046881004, "model__colsample_bynode": 0.3, "model__colsample_bytree": 1.0, "model__learning_rate": 0.3, "model__max_depth": 5.253827937102788, "model__n_estimators": 28.405989226340953, "model__reg_lambda": 0.0}, "datetime": {"datetime": "2021-03-24 01:58:05", "elapsed": 216.629411, "delta": 1.61902}}
{"target": -0.3648131746434323, "params": {"model__colsample_bylevel": 1.0, "model__colsample_bynode": 1.0, "model__colsample_bytree": 0.3, "model__learning_rate": 0.3, "model__max_depth": 6.43310444931655, "model__n_estimators": 25.204564221312513, "model__reg_lambda": 10.0}, "datetime": {"datetime": "2021-03-24 01:58:07", "elapsed": 218.79696, "delta": 2.167549}}
{"target": -0.3366521874125507, "params": {"model__colsample_bylevel": 0.9475333668208816, "model__colsample_bynode": 0.45836133024284953, "model__colsample_bytree": 0.7808703825197829, "model__learning_rate": 0.11495872658485456, "model__max_depth": 7.836732204938851, "model__n_estimators": 29.559324017981922, "model__reg_lambda": 1.6897293508256483}, "datetime": {"datetime": "2021-03-24 01:58:09", "elapsed": 220.622142, "delta": 1.825182}}
{"target": -0.3400427916519128, "params": {"model__colsample_bylevel": 0.3085642620070263, "model__colsample_bynode": 0.9820589433756615, "model__colsample_bytree": 0.35368203954365385, "model__learning_rate": 0.1558934022339999, "model__max_depth": 7.835828327168231, "model__n_estimators": 26.109884978203432, "model__reg_lambda": 0.19456714208073156}, "datetime": {"datetime": "2021-03-24 01:58:11", "elapsed": 222.114967, "delta": 1.492825}}
{"target": -0.4664117543701676, "params": {"model__colsample_bylevel": 0.3, "model__colsample_bynode": 0.3, "model__colsample_bytree": 0.3, "model__learning_rate": 0.3, "model__max_depth": 2.0, "model__n_estimators": 20.890003832746203, "model__reg_lambda": 7.124234182585071}, "datetime": {"datetime": "2021-03-24 01:58:12", "elapsed": 223.773435, "delta": 1.658468}}
{"target": -0.35287233911103744, "params": {"model__colsample_bylevel": 1.0, "model__colsample_bynode": 1.0, "model__colsample_bytree": 1.0, "model__learning_rate": 0.3, "model__max_depth": 4.548364642376701, "model__n_estimators": 19.144505011710663, "model__reg_lambda": 4.760975379499886}, "datetime": {"datetime": "2021-03-24 01:58:14", "elapsed": 225.687155, "delta": 1.91372}}
{"target": -0.36289070293988923, "params": {"model__colsample_bylevel": 0.3, "model__colsample_bynode": 1.0, "model__colsample_bytree": 1.0, "model__learning_rate": 0.3, "model__max_depth": 2.0, "model__n_estimators": 26.218286780581277, "model__reg_lambda": 6.42957045355204}, "datetime": {"datetime": "2021-03-24 01:58:16", "elapsed": 227.546573, "delta": 1.859418}}
{"target": -0.3550892840754544, "params": {"model__colsample_bylevel": 0.9060699680007047, "model__colsample_bynode": 0.8976230299040087, "model__colsample_bytree": 0.5565070842374051, "model__learning_rate": 0.20499428486329202, "model__max_depth": 4.050455027512174, "model__n_estimators": 27.88351183091344, "model__reg_lambda": 0.14193760647405407}, "datetime": {"datetime": "2021-03-24 01:58:18", "elapsed": 229.116884, "delta": 1.570311}}
{"target": -0.32693995415634625, "params": {"model__colsample_bylevel": 0.3000000071686361, "model__colsample_bynode": 0.9290220656724228, "model__colsample_bytree": 1.0, "model__learning_rate": 0.3, "model__max_depth": 7.055938809523388, "model__n_estimators": 29.032754428727518, "model__reg_lambda": 4.533782642598012}, "datetime": {"datetime": "2021-03-24 01:58:20", "elapsed": 231.003256, "delta": 1.886372}}
{"target": -0.30944416506681593, "params": {"model__colsample_bylevel": 0.44559096387639524, "model__colsample_bynode": 0.5624042401818261, "model__colsample_bytree": 0.9924096777703704, "model__learning_rate": 0.28076423532797146, "model__max_depth": 4.5568800811226895, "model__n_estimators": 28.964980675401254, "model__reg_lambda": 3.960705315311721}, "datetime": {"datetime": "2021-03-24 01:58:22", "elapsed": 233.018437, "delta": 2.015181}}
{"target": -0.3231993980429041, "params": {"model__colsample_bylevel": 1.0, "model__colsample_bynode": 0.3, "model__colsample_bytree": 1.0, "model__learning_rate": 0.3, "model__max_depth": 7.026261072844923, "model__n_estimators": 25.90824678876692, "model__reg_lambda": 6.599114129433235}, "datetime": {"datetime": "2021-03-24 01:58:23", "elapsed": 234.935172, "delta": 1.916735}}
{"target": -0.33449676216148055, "params": {"model__colsample_bylevel": 1.0, "model__colsample_bynode": 0.3, "model__colsample_bytree": 1.0, "model__learning_rate": 0.3, "model__max_depth": 2.0, "model__n_estimators": 24.292299317407863, "model__reg_lambda": 4.132312243298625}, "datetime": {"datetime": "2021-03-24 01:58:25", "elapsed": 236.458204, "delta": 1.523032}}
{"target": -0.4067278414694727, "params": {"model__colsample_bylevel": 1.0, "model__colsample_bynode": 1.0, "model__colsample_bytree": 0.3, "model__learning_rate": 0.3, "model__max_depth": 2.0, "model__n_estimators": 15.0, "model__reg_lambda": 10.0}, "datetime": {"datetime": "2021-03-24 01:58:27", "elapsed": 238.450123, "delta": 1.991919}}
{"target": -0.3398259539896136, "params": {"model__colsample_bylevel": 1.0, "model__colsample_bynode": 1.0, "model__colsample_bytree": 1.0, "model__learning_rate": 0.3, "model__max_depth": 4.790743105032651, "model__n_estimators": 21.678239780285228, "model__reg_lambda": 8.657815341923007}, "datetime": {"datetime": "2021-03-24 01:58:29", "elapsed": 240.680464, "delta": 2.230341}}
{"target": -0.330711332223702, "params": {"model__colsample_bylevel": 1.0, "model__colsample_bynode": 1.0, "model__colsample_bytree": 0.3, "model__learning_rate": 0.3, "model__max_depth": 6.890562657832043, "model__n_estimators": 24.500019745610853, "model__reg_lambda": 5.547112706153951}, "datetime": {"datetime": "2021-03-24 01:58:31", "elapsed": 242.450044, "delta": 1.76958}}
{"target": -0.3611267500145334, "params": {"model__colsample_bylevel": 0.34380952372526474, "model__colsample_bynode": 0.9992589343304741, "model__colsample_bytree": 0.4271273645527276, "model__learning_rate": 0.2908714009044874, "model__max_depth": 2.2975680694688414, "model__n_estimators": 29.420863080190255, "model__reg_lambda": 6.578002523389925}, "datetime": {"datetime": "2021-03-24 01:58:33", "elapsed": 244.343806, "delta": 1.893762}}
{"target": -0.35699467258359163, "params": {"model__colsample_bylevel": 0.3, "model__colsample_bynode": 1.0, "model__colsample_bytree": 1.0, "model__learning_rate": 0.3, "model__max_depth": 2.0, "model__n_estimators": 27.8446855178094, "model__reg_lambda": 10.0}, "datetime": {"datetime": "2021-03-24 01:58:35", "elapsed": 246.285494, "delta": 1.941688}}
{"target": -0.3429557285389688, "params": {"model__colsample_bylevel": 0.3, "model__colsample_bynode": 1.0, "model__colsample_bytree": 0.3, "model__learning_rate": 0.3, "model__max_depth": 4.241927553016736, "model__n_estimators": 30.0, "model__reg_lambda": 7.562578809890545}, "datetime": {"datetime": "2021-03-24 01:58:36", "elapsed": 247.878574, "delta": 1.59308}}
{"target": -0.3733592005709753, "params": {"model__colsample_bylevel": 0.3, "model__colsample_bynode": 1.0, "model__colsample_bytree": 1.0, "model__learning_rate": 0.3, "model__max_depth": 5.066824329795215, "model__n_estimators": 16.40855357785609, "model__reg_lambda": 6.950154822178371}, "datetime": {"datetime": "2021-03-24 01:58:38", "elapsed": 249.839906, "delta": 1.961332}}
{"target": -0.30086939816356406, "params": {"model__colsample_bylevel": 0.3, "model__colsample_bynode": 0.9615637503534475, "model__colsample_bytree": 0.3, "model__learning_rate": 0.3, "model__max_depth": 4.492483907200589, "model__n_estimators": 23.543089511790484, "model__reg_lambda": 0.0}, "datetime": {"datetime": "2021-03-24 01:58:40", "elapsed": 251.574752, "delta": 1.734846}}
{"target": -0.3715597316491134, "params": {"model__colsample_bylevel": 1.0, "model__colsample_bynode": 0.3000000000199093, "model__colsample_bytree": 0.3, "model__learning_rate": 0.3, "model__max_depth": 2.0, "model__n_estimators": 30.0, "model__reg_lambda": 5.118311502988011}, "datetime": {"datetime": "2021-03-24 01:58:42", "elapsed": 253.443577, "delta": 1.868825}}
{"target": -0.35169246745147353, "params": {"model__colsample_bylevel": 1.0, "model__colsample_bynode": 1.0, "model__colsample_bytree": 0.3, "model__learning_rate": 0.3, "model__max_depth": 5.009874394392433, "model__n_estimators": 22.48736647265246, "model__reg_lambda": 6.211290840287377}, "datetime": {"datetime": "2021-03-24 01:58:44", "elapsed": 255.098595, "delta": 1.655018}}
{"target": -0.34760590232874977, "params": {"model__colsample_bylevel": 0.3, "model__colsample_bynode": 1.0, "model__colsample_bytree": 0.3, "model__learning_rate": 0.3, "model__max_depth": 8.0, "model__n_estimators": 30.0, "model__reg_lambda": 10.0}, "datetime": {"datetime": "2021-03-24 01:58:45", "elapsed": 256.768779, "delta": 1.670184}}
{"target": -0.39588533102710183, "params": {"model__colsample_bylevel": 0.3, "model__colsample_bynode": 0.3, "model__colsample_bytree": 1.0, "model__learning_rate": 0.3, "model__max_depth": 8.0, "model__n_estimators": 20.3226013754276, "model__reg_lambda": 10.0}, "datetime": {"datetime": "2021-03-24 01:58:47", "elapsed": 258.799351, "delta": 2.030572}}
{"target": -0.3383222886086171, "params": {"model__colsample_bylevel": 1.0, "model__colsample_bynode": 1.0, "model__colsample_bytree": 1.0, "model__learning_rate": 0.3, "model__max_depth": 4.293556880211818, "model__n_estimators": 30.0, "model__reg_lambda": 6.710023678032295}, "datetime": {"datetime": "2021-03-24 01:58:50", "elapsed": 261.049461, "delta": 2.25011}}
{"target": -0.3346578711227082, "params": {"model__colsample_bylevel": 0.3, "model__colsample_bynode": 1.0, "model__colsample_bytree": 1.0, "model__learning_rate": 0.3, "model__max_depth": 7.655674822440566, "model__n_estimators": 21.85360028161787, "model__reg_lambda": 2.287743644096049}, "datetime": {"datetime": "2021-03-24 01:58:51", "elapsed": 262.709368, "delta": 1.659907}}
{"target": -0.33198276977390107, "params": {"model__colsample_bylevel": 0.9046113343757389, "model__colsample_bynode": 0.9414738195769916, "model__colsample_bytree": 0.3751769510386821, "model__learning_rate": 0.2516315487376731, "model__max_depth": 7.935466526787339, "model__n_estimators": 29.96179290298535, "model__reg_lambda": 0.01450495194702972}, "datetime": {"datetime": "2021-03-24 01:58:53", "elapsed": 264.585069, "delta": 1.875701}}
{"target": -0.37628607660451013, "params": {"model__colsample_bylevel": 1.0, "model__colsample_bynode": 0.3, "model__colsample_bytree": 1.0, "model__learning_rate": 0.3, "model__max_depth": 2.0, "model__n_estimators": 18.170720230163017, "model__reg_lambda": 5.876661774222564}, "datetime": {"datetime": "2021-03-24 01:58:55", "elapsed": 266.053842, "delta": 1.468773}}
{"target": -0.35062531018832127, "params": {"model__colsample_bylevel": 0.4348723850633402, "model__colsample_bynode": 0.3295400198882247, "model__colsample_bytree": 0.37252308256157224, "model__learning_rate": 0.15015980029340978, "model__max_depth": 6.703693535226146, "model__n_estimators": 21.749913036350115, "model__reg_lambda": 0.1685571394816343}, "datetime": {"datetime": "2021-03-24 01:58:57", "elapsed": 268.289955, "delta": 2.236113}}
{"target": -0.4518012644588083, "params": {"model__colsample_bylevel": 1.0, "model__colsample_bynode": 1.0, "model__colsample_bytree": 0.3, "model__learning_rate": 0.1, "model__max_depth": 2.9354658683213253, "model__n_estimators": 15.0, "model__reg_lambda": 0.7030128091283955}, "datetime": {"datetime": "2021-03-24 01:58:59", "elapsed": 270.20231, "delta": 1.912355}}
{"target": -0.3651615351593743, "params": {"model__colsample_bylevel": 0.3, "model__colsample_bynode": 0.3, "model__colsample_bytree": 1.0, "model__learning_rate": 0.3, "model__max_depth": 3.5662631135652005, "model__n_estimators": 22.380304615746518, "model__reg_lambda": 10.0}, "datetime": {"datetime": "2021-03-24 01:59:00", "elapsed": 271.917072, "delta": 1.714762}}
{"target": -0.35751044053375125, "params": {"model__colsample_bylevel": 1.0, "model__colsample_bynode": 1.0, "model__colsample_bytree": 1.0, "model__learning_rate": 0.3, "model__max_depth": 8.0, "model__n_estimators": 15.0, "model__reg_lambda": 4.484180315858975}, "datetime": {"datetime": "2021-03-24 01:59:02", "elapsed": 273.907969, "delta": 1.990897}}
{"target": -0.3495766588466485, "params": {"model__colsample_bylevel": 0.3, "model__colsample_bynode": 1.0, "model__colsample_bytree": 0.3, "model__learning_rate": 0.3, "model__max_depth": 4.969060339742475, "model__n_estimators": 27.69129177296677, "model__reg_lambda": 10.0}, "datetime": {"datetime": "2021-03-24 01:59:04", "elapsed": 275.497137, "delta": 1.589168}}
{"target": -0.3197876347174895, "params": {"model__colsample_bylevel": 0.6872259001145555, "model__colsample_bynode": 0.30644169489273687, "model__colsample_bytree": 0.9671086044967625, "model__learning_rate": 0.2996294930849862, "model__max_depth": 5.819748050352339, "model__n_estimators": 29.960247816774114, "model__reg_lambda": 2.926723831865959}, "datetime": {"datetime": "2021-03-24 01:59:06", "elapsed": 277.345681, "delta": 1.848544}}
{"target": -0.3536792132119391, "params": {"model__colsample_bylevel": 1.0, "model__colsample_bynode": 1.0, "model__colsample_bytree": 0.3, "model__learning_rate": 0.3, "model__max_depth": 8.0, "model__n_estimators": 17.26917711348076, "model__reg_lambda": 4.773652044268012}, "datetime": {"datetime": "2021-03-24 01:59:08", "elapsed": 279.174835, "delta": 1.829154}}
{"target": -0.35215185440138685, "params": {"model__colsample_bylevel": 1.0, "model__colsample_bynode": 0.3, "model__colsample_bytree": 0.3, "model__learning_rate": 0.3, "model__max_depth": 6.449644299549187, "model__n_estimators": 18.127214654808224, "model__reg_lambda": 2.0506447017699587}, "datetime": {"datetime": "2021-03-24 01:59:10", "elapsed": 281.15153, "delta": 1.976695}}
{"target": -0.38389330173764996, "params": {"model__colsample_bylevel": 0.3, "model__colsample_bynode": 0.3, "model__colsample_bytree": 1.0, "model__learning_rate": 0.3, "model__max_depth": 6.616029370391404, "model__n_estimators": 19.41954395866533, "model__reg_lambda": 0.0}, "datetime": {"datetime": "2021-03-24 01:59:11", "elapsed": 282.904499, "delta": 1.752969}}
{"target": -0.3747334435001772, "params": {"model__colsample_bylevel": 1.0, "model__colsample_bynode": 1.0, "model__colsample_bytree": 1.0, "model__learning_rate": 0.3, "model__max_depth": 2.0, "model__n_estimators": 22.10673927572794, "model__reg_lambda": 10.0}, "datetime": {"datetime": "2021-03-24 01:59:13", "elapsed": 284.817497, "delta": 1.912998}}
{"target": -0.33433230008332704, "params": {"model__colsample_bylevel": 0.6400674835398575, "model__colsample_bynode": 0.9437741417392915, "model__colsample_bytree": 0.3444023018752138, "model__learning_rate": 0.23505911000282004, "model__max_depth": 6.521306372749762, "model__n_estimators": 24.20111293369775, "model__reg_lambda": 0.1436515890043255}, "datetime": {"datetime": "2021-03-24 01:59:15", "elapsed": 286.739281, "delta": 1.921784}}
{"target": -0.35315229680956056, "params": {"model__colsample_bylevel": 1.0, "model__colsample_bynode": 0.3, "model__colsample_bytree": 1.0, "model__learning_rate": 0.3, "model__max_depth": 2.0, "model__n_estimators": 17.02706609502836, "model__reg_lambda": 2.120214291017967}, "datetime": {"datetime": "2021-03-24 01:59:17", "elapsed": 288.836902, "delta": 2.097621}}
{"target": -0.3589055955170425, "params": {"model__colsample_bylevel": 0.3, "model__colsample_bynode": 0.3, "model__colsample_bytree": 1.0, "model__learning_rate": 0.3, "model__max_depth": 3.945712432114194, "model__n_estimators": 20.194646613038667, "model__reg_lambda": 3.33025446018254}, "datetime": {"datetime": "2021-03-24 01:59:19", "elapsed": 290.910569, "delta": 2.073667}}
{"target": -0.34542349964663716, "params": {"model__colsample_bylevel": 1.0, "model__colsample_bynode": 0.3, "model__colsample_bytree": 1.0, "model__learning_rate": 0.3, "model__max_depth": 8.0, "model__n_estimators": 21.4226110998773, "model__reg_lambda": 7.738518948089524}, "datetime": {"datetime": "2021-03-24 01:59:21", "elapsed": 292.95165, "delta": 2.041081}}
{"target": -0.3606529113401295, "params": {"model__colsample_bylevel": 0.9999999990466172, "model__colsample_bynode": 0.3, "model__colsample_bytree": 1.0, "model__learning_rate": 0.3, "model__max_depth": 2.0, "model__n_estimators": 24.30692598843548, "model__reg_lambda": 6.101896948118268}, "datetime": {"datetime": "2021-03-24 01:59:23", "elapsed": 294.174864, "delta": 1.223214}}
{"target": -0.37614333081443835, "params": {"model__colsample_bylevel": 0.3, "model__colsample_bynode": 1.0, "model__colsample_bytree": 0.3, "model__learning_rate": 0.3, "model__max_depth": 8.0, "model__n_estimators": 15.0, "model__reg_lambda": 0.0}, "datetime": {"datetime": "2021-03-24 01:59:25", "elapsed": 296.049084, "delta": 1.87422}}
{"target": -0.43737716309969193, "params": {"model__colsample_bylevel": 0.3, "model__colsample_bynode": 1.0, "model__colsample_bytree": 0.3, "model__learning_rate": 0.1, "model__max_depth": 7.320292640751206, "model__n_estimators": 29.984400013142253, "model__reg_lambda": 7.488526074654348}, "datetime": {"datetime": "2021-03-24 01:59:27", "elapsed": 298.118968, "delta": 2.069884}}
{"target": -0.3316337443316234, "params": {"model__colsample_bylevel": 0.9862552902420114, "model__colsample_bynode": 0.845221802514643, "model__colsample_bytree": 0.47067692975598124, "model__learning_rate": 0.2796559284817322, "model__max_depth": 7.3865358929890395, "model__n_estimators": 26.783416261670546, "model__reg_lambda": 3.4988960273819036}, "datetime": {"datetime": "2021-03-24 01:59:29", "elapsed": 300.056766, "delta": 1.937798}}
{"target": -0.3430524084055661, "params": {"model__colsample_bylevel": 0.4892017492367141, "model__colsample_bynode": 0.8991860619179763, "model__colsample_bytree": 0.8640849139522728, "model__learning_rate": 0.267277475566068, "model__max_depth": 7.9929463517928045, "model__n_estimators": 22.621989659576037, "model__reg_lambda": 5.465130457639688}, "datetime": {"datetime": "2021-03-24 01:59:30", "elapsed": 301.733567, "delta": 1.676801}}
{"target": -0.34619928232961056, "params": {"model__colsample_bylevel": 0.628996333619193, "model__colsample_bynode": 0.5346604728036086, "model__colsample_bytree": 0.3235112823722059, "model__learning_rate": 0.29718196567972777, "model__max_depth": 6.42075058089347, "model__n_estimators": 26.093215556495352, "model__reg_lambda": 5.855717053639746}, "datetime": {"datetime": "2021-03-24 01:59:32", "elapsed": 303.496646, "delta": 1.763079}}
