{"target": -0.33543283569498283, "params": {"model__colsample_bylevel": 0.9773628292302217, "model__colsample_bynode": 0.5150834523772396, "model__colsample_bytree": 0.9615370355573443, "model__learning_rate": 0.27921952830127506, "model__max_depth": 5.666231585627427, "model__n_estimators": 27.621552397612533, "model__reg_lambda": 9.978702041950825}, "datetime": {"datetime": "2021-03-24 00:58:42", "elapsed": 186.905933, "delta": 1.585417}}
{"target": -0.35779646720797953, "params": {"model__colsample_bylevel": 0.996236835366554, "model__colsample_bynode": 0.9203325287419248, "model__colsample_bytree": 0.9467653764777402, "model__learning_rate": 0.2954882575876222, "model__max_depth": 7.318217620140336, "model__n_estimators": 23.961770053924567, "model__reg_lambda": 8.072208534872324}, "datetime": {"datetime": "2021-03-24 00:58:43", "elapsed": 188.408407, "delta": 1.502474}}
{"target": -0.3380000940574657, "params": {"model__colsample_bylevel": 0.9452895684014735, "model__colsample_bynode": 0.4828450969889979, "model__colsample_bytree": 0.9878956521372033, "model__learning_rate": 0.23940957836478885, "model__max_depth": 3.3338174315975007, "model__n_estimators": 29.95513164450408, "model__reg_lambda": 9.88517613088308}, "datetime": {"datetime": "2021-03-24 00:58:45", "elapsed": 189.764444, "delta": 1.356037}}
{"target": -0.37031261548509586, "params": {"model__colsample_bylevel": 0.8537818270872712, "model__colsample_bynode": 0.34872278391955003, "model__colsample_bytree": 0.940025422051429, "model__learning_rate": 0.252018370964299, "model__max_depth": 7.7051356277748, "model__n_estimators": 21.13445164128764, "model__reg_lambda": 0.07800430799364877}, "datetime": {"datetime": "2021-03-24 00:58:46", "elapsed": 191.04312, "delta": 1.278676}}
{"target": -0.35681661468849557, "params": {"model__colsample_bylevel": 0.445575409666411, "model__colsample_bynode": 0.31112199054119855, "model__colsample_bytree": 0.9877595254133871, "model__learning_rate": 0.2027612480859441, "model__max_depth": 7.867839727965056, "model__n_estimators": 23.317005683943705, "model__reg_lambda": 3.6530771344188495}, "datetime": {"datetime": "2021-03-24 00:58:47", "elapsed": 192.492745, "delta": 1.449625}}
{"target": -0.34039263411954834, "params": {"model__colsample_bylevel": 0.8732810965906952, "model__colsample_bynode": 0.33623729180086154, "model__colsample_bytree": 0.9337639172730994, "model__learning_rate": 0.292661941723946, "model__max_depth": 4.268404348984868, "model__n_estimators": 25.20061849114614, "model__reg_lambda": 1.0926618390759568}, "datetime": {"datetime": "2021-03-24 00:58:49", "elapsed": 193.897084, "delta": 1.404339}}
{"target": -0.36404711722693256, "params": {"model__colsample_bylevel": 0.35415681816448175, "model__colsample_bynode": 0.4308418572618229, "model__colsample_bytree": 1.0, "model__learning_rate": 0.3, "model__max_depth": 6.63250673978954, "model__n_estimators": 24.50921915838155, "model__reg_lambda": 1.7673151498292976}, "datetime": {"datetime": "2021-03-24 00:58:50", "elapsed": 195.308649, "delta": 1.411565}}
{"target": -0.32890787537958804, "params": {"model__colsample_bylevel": 0.9950115539275826, "model__colsample_bynode": 0.4005386787416698, "model__colsample_bytree": 1.0, "model__learning_rate": 0.3, "model__max_depth": 5.712501043127818, "model__n_estimators": 24.192988042797218, "model__reg_lambda": 6.43917922300405}, "datetime": {"datetime": "2021-03-24 00:58:52", "elapsed": 196.697983, "delta": 1.389334}}
{"target": -0.3141131501042527, "params": {"model__colsample_bylevel": 0.3722165161193112, "model__colsample_bynode": 0.9060947585685892, "model__colsample_bytree": 0.9760120535866319, "model__learning_rate": 0.26605120827979584, "model__max_depth": 3.667604728508048, "model__n_estimators": 21.15124541288644, "model__reg_lambda": 1.778557400447871}, "datetime": {"datetime": "2021-03-24 00:58:53", "elapsed": 197.927588, "delta": 1.229605}}
{"target": -0.3478425659532861, "params": {"model__colsample_bylevel": 0.8217429235971705, "model__colsample_bynode": 0.8111856531577448, "model__colsample_bytree": 0.3942915922338329, "model__learning_rate": 0.26920613582043607, "model__max_depth": 6.609619402726865, "model__n_estimators": 24.106621199811507, "model__reg_lambda": 0.020726640770414306}, "datetime": {"datetime": "2021-03-24 00:58:54", "elapsed": 199.326942, "delta": 1.399354}}
{"target": -0.39255548876750723, "params": {"model__colsample_bylevel": 0.8823900322119438, "model__colsample_bynode": 0.4588226736666384, "model__colsample_bytree": 0.4121276340014226, "model__learning_rate": 0.2990953643131332, "model__max_depth": 3.3954342542820624, "model__n_estimators": 20.55000755228908, "model__reg_lambda": 9.904787700391584}, "datetime": {"datetime": "2021-03-24 00:58:56", "elapsed": 201.050805, "delta": 1.723863}}
{"target": -0.385575340644615, "params": {"model__colsample_bylevel": 0.9999999988726543, "model__colsample_bynode": 0.6366664003111064, "model__colsample_bytree": 0.3, "model__learning_rate": 0.3, "model__max_depth": 6.119881395114406, "model__n_estimators": 17.53707743033088, "model__reg_lambda": 0.032726457544754964}, "datetime": {"datetime": "2021-03-24 00:58:57", "elapsed": 202.458515, "delta": 1.40771}}
{"target": -0.3483347818014158, "params": {"model__colsample_bylevel": 0.4885995957185585, "model__colsample_bynode": 0.9575460516051553, "model__colsample_bytree": 0.9004644553803254, "model__learning_rate": 0.2960758896062632, "model__max_depth": 4.7973653509531875, "model__n_estimators": 27.98202348014533, "model__reg_lambda": 4.57356873816503}, "datetime": {"datetime": "2021-03-24 00:58:59", "elapsed": 203.803776, "delta": 1.345261}}
{"target": -0.33604838679058724, "params": {"model__colsample_bylevel": 0.30744224087659006, "model__colsample_bynode": 0.7042203022557546, "model__colsample_bytree": 0.37871887179046776, "model__learning_rate": 0.29743096746986963, "model__max_depth": 5.2762855721280815, "model__n_estimators": 29.908696165678194, "model__reg_lambda": 5.629479595677519}, "datetime": {"datetime": "2021-03-24 00:59:00", "elapsed": 205.21194, "delta": 1.408164}}
{"target": -0.33275956097666337, "params": {"model__colsample_bylevel": 0.3, "model__colsample_bynode": 1.0, "model__colsample_bytree": 1.0, "model__learning_rate": 0.3, "model__max_depth": 5.681717912240062, "model__n_estimators": 18.129588991001388, "model__reg_lambda": 5.0234348840428105}, "datetime": {"datetime": "2021-03-24 00:59:02", "elapsed": 206.992229, "delta": 1.780289}}
{"target": -0.2992355649209365, "params": {"model__colsample_bylevel": 0.3530867498986557, "model__colsample_bynode": 0.9977865620180228, "model__colsample_bytree": 0.4588728436736087, "model__learning_rate": 0.29693740595802687, "model__max_depth": 3.736001168621903, "model__n_estimators": 29.103878837924057, "model__reg_lambda": 2.144923726010174}, "datetime": {"datetime": "2021-03-24 00:59:03", "elapsed": 208.406216, "delta": 1.413987}}
{"target": -0.339800421855129, "params": {"model__colsample_bylevel": 0.3, "model__colsample_bynode": 1.0, "model__colsample_bytree": 0.927936173435473, "model__learning_rate": 0.3, "model__max_depth": 2.201259043662854, "model__n_estimators": 19.246307676716285, "model__reg_lambda": 0.6255933875260168}, "datetime": {"datetime": "2021-03-24 00:59:05", "elapsed": 209.976411, "delta": 1.570195}}
{"target": -0.3658570138062688, "params": {"model__colsample_bylevel": 0.3, "model__colsample_bynode": 1.0, "model__colsample_bytree": 0.3, "model__learning_rate": 0.3, "model__max_depth": 3.0585813929242307, "model__n_estimators": 15.0, "model__reg_lambda": 4.0206235836307265}, "datetime": {"datetime": "2021-03-24 00:59:06", "elapsed": 211.501414, "delta": 1.525003}}
{"target": -0.35966933247678834, "params": {"model__colsample_bylevel": 0.9279285330615882, "model__colsample_bynode": 0.8986293007541131, "model__colsample_bytree": 0.3859985474621645, "model__learning_rate": 0.3, "model__max_depth": 5.113205433877442, "model__n_estimators": 29.24097269148614, "model__reg_lambda": 1.3272921203015757}, "datetime": {"datetime": "2021-03-24 00:59:07", "elapsed": 212.633787, "delta": 1.132373}}
{"target": -0.3503491072051659, "params": {"model__colsample_bylevel": 1.0, "model__colsample_bynode": 0.371317289439501, "model__colsample_bytree": 1.0, "model__learning_rate": 0.3, "model__max_depth": 8.0, "model__n_estimators": 16.599313149694314, "model__reg_lambda": 8.3536587911215}, "datetime": {"datetime": "2021-03-24 00:59:09", "elapsed": 214.002176, "delta": 1.368389}}
{"target": -0.32514787283068036, "params": {"model__colsample_bylevel": 0.5404236890791073, "model__colsample_bynode": 0.8962143003270864, "model__colsample_bytree": 0.8896665255045397, "model__learning_rate": 0.26765419759319964, "model__max_depth": 2.5445757391899066, "model__n_estimators": 28.12026434001983, "model__reg_lambda": 0.8908340794588254}, "datetime": {"datetime": "2021-03-24 00:59:10", "elapsed": 215.440129, "delta": 1.437953}}
{"target": -0.3467417765504923, "params": {"model__colsample_bylevel": 0.3, "model__colsample_bynode": 0.3, "model__colsample_bytree": 0.9999999998637067, "model__learning_rate": 0.3, "model__max_depth": 8.0, "model__n_estimators": 30.0, "model__reg_lambda": 1.7971266100494509e-09}, "datetime": {"datetime": "2021-03-24 00:59:12", "elapsed": 216.897144, "delta": 1.457015}}
{"target": -0.351136421682853, "params": {"model__colsample_bylevel": 0.45637070201793717, "model__colsample_bynode": 0.684821852699391, "model__colsample_bytree": 0.3484384445970929, "model__learning_rate": 0.29225354696903716, "model__max_depth": 2.4183121053953256, "model__n_estimators": 28.558692605188092, "model__reg_lambda": 2.1841003912444124}, "datetime": {"datetime": "2021-03-24 00:59:13", "elapsed": 218.162557, "delta": 1.265413}}
{"target": -0.344797018016486, "params": {"model__colsample_bylevel": 0.8465519540151374, "model__colsample_bynode": 0.3240268346131827, "model__colsample_bytree": 0.8139912419091904, "model__learning_rate": 0.2988349755703309, "model__max_depth": 7.783843002636227, "model__n_estimators": 24.389665410347334, "model__reg_lambda": 9.967921289926675}, "datetime": {"datetime": "2021-03-24 00:59:15", "elapsed": 219.900487, "delta": 1.73793}}
{"target": -0.3483822152130745, "params": {"model__colsample_bylevel": 0.4239978422373847, "model__colsample_bynode": 0.9803938543568738, "model__colsample_bytree": 0.9470705789364986, "model__learning_rate": 0.2382820432925759, "model__max_depth": 3.6814784916404717, "model__n_estimators": 29.65570924528097, "model__reg_lambda": 0.23638603639211442}, "datetime": {"datetime": "2021-03-24 00:59:16", "elapsed": 221.394656, "delta": 1.494169}}
{"target": -0.32654286553759293, "params": {"model__colsample_bylevel": 0.4149831358825268, "model__colsample_bynode": 0.9252569418887366, "model__colsample_bytree": 0.8527663705900304, "model__learning_rate": 0.28675079907036916, "model__max_depth": 5.166243725813399, "model__n_estimators": 29.85783779550529, "model__reg_lambda": 2.305408831600487}, "datetime": {"datetime": "2021-03-24 00:59:18", "elapsed": 222.97063, "delta": 1.575974}}
{"target": -0.35571126998954733, "params": {"model__colsample_bylevel": 0.9667541496794481, "model__colsample_bynode": 0.8675405080709493, "model__colsample_bytree": 0.9544654632391911, "model__learning_rate": 0.2825708865552672, "model__max_depth": 4.597508560776173, "model__n_estimators": 22.27229177083508, "model__reg_lambda": 0.2490217741087708}, "datetime": {"datetime": "2021-03-24 00:59:19", "elapsed": 224.328904, "delta": 1.358274}}
{"target": -0.37226038447621723, "params": {"model__colsample_bylevel": 0.9646825689907905, "model__colsample_bynode": 0.302191751005247, "model__colsample_bytree": 0.8682989972452753, "model__learning_rate": 0.2695755981153894, "model__max_depth": 7.705865960053199, "model__n_estimators": 18.338101451230926, "model__reg_lambda": 9.813345625209521}, "datetime": {"datetime": "2021-03-24 00:59:21", "elapsed": 225.891827, "delta": 1.562923}}
{"target": -0.3399279028680041, "params": {"model__colsample_bylevel": 0.30007299916665753, "model__colsample_bynode": 0.823207276257161, "model__colsample_bytree": 0.8962923999274299, "model__learning_rate": 0.28509832386713946, "model__max_depth": 4.3870492342529825, "model__n_estimators": 20.95310810263503, "model__reg_lambda": 2.7170974043965854}, "datetime": {"datetime": "2021-03-24 00:59:22", "elapsed": 227.387149, "delta": 1.495322}}
{"target": -0.3304565717289022, "params": {"model__colsample_bylevel": 0.7924430054594955, "model__colsample_bynode": 0.3141168413876178, "model__colsample_bytree": 0.9112738686251616, "model__learning_rate": 0.29311216806101714, "model__max_depth": 7.861923382134666, "model__n_estimators": 26.519551725612942, "model__reg_lambda": 1.6803188996993201}, "datetime": {"datetime": "2021-03-24 00:59:24", "elapsed": 228.948847, "delta": 1.561698}}
{"target": -0.3506690407932763, "params": {"model__colsample_bylevel": 0.32859849679524145, "model__colsample_bynode": 0.9680271038230932, "model__colsample_bytree": 0.9662569756433252, "model__learning_rate": 0.29158777188185525, "model__max_depth": 5.86141964556867, "model__n_estimators": 18.282259199489086, "model__reg_lambda": 1.747314174285175}, "datetime": {"datetime": "2021-03-24 00:59:25", "elapsed": 230.409558, "delta": 1.460711}}
{"target": -0.3448564279449942, "params": {"model__colsample_bylevel": 0.33077372341512645, "model__colsample_bynode": 0.9774273455634153, "model__colsample_bytree": 0.9137222837267802, "model__learning_rate": 0.2915704646474605, "model__max_depth": 7.965603498897993, "model__n_estimators": 25.272231178960418, "model__reg_lambda": 6.458223186162621}, "datetime": {"datetime": "2021-03-24 00:59:27", "elapsed": 231.956454, "delta": 1.546896}}
{"target": -0.3705941902358841, "params": {"model__colsample_bylevel": 1.0, "model__colsample_bynode": 0.9999899652471931, "model__colsample_bytree": 1.0, "model__learning_rate": 0.3, "model__max_depth": 2.0003371971504214, "model__n_estimators": 23.62693016109656, "model__reg_lambda": 10.0}, "datetime": {"datetime": "2021-03-24 00:59:28", "elapsed": 233.635671, "delta": 1.679217}}
{"target": -0.34780178539104006, "params": {"model__colsample_bylevel": 0.826348183358723, "model__colsample_bynode": 0.5117909600098656, "model__colsample_bytree": 0.9705499595791005, "model__learning_rate": 0.2904592365540965, "model__max_depth": 2.2128381068478715, "model__n_estimators": 24.046015287713235, "model__reg_lambda": 0.07356077573256181}, "datetime": {"datetime": "2021-03-24 00:59:30", "elapsed": 235.22135, "delta": 1.585679}}
{"target": -0.3292272211004393, "params": {"model__colsample_bylevel": 0.9999330770468937, "model__colsample_bynode": 0.33579553248782085, "model__colsample_bytree": 0.901464948017892, "model__learning_rate": 0.2774877785228683, "model__max_depth": 2.1730330451766156, "model__n_estimators": 28.747013557853514, "model__reg_lambda": 0.1805345282085602}, "datetime": {"datetime": "2021-03-24 00:59:32", "elapsed": 236.741617, "delta": 1.520267}}
{"target": -0.3291310877903648, "params": {"model__colsample_bylevel": 0.3309054233134351, "model__colsample_bynode": 0.9999999999144424, "model__colsample_bytree": 1.0, "model__learning_rate": 0.3, "model__max_depth": 6.5123160564152105, "model__n_estimators": 20.138132717948462, "model__reg_lambda": 5.562330691747898}, "datetime": {"datetime": "2021-03-24 00:59:33", "elapsed": 238.451928, "delta": 1.710311}}
{"target": -0.3355960201110988, "params": {"model__colsample_bylevel": 1.0, "model__colsample_bynode": 0.30000000000000143, "model__colsample_bytree": 1.0, "model__learning_rate": 0.3, "model__max_depth": 8.0, "model__n_estimators": 30.0, "model__reg_lambda": 10.0}, "datetime": {"datetime": "2021-03-24 00:59:35", "elapsed": 240.280071, "delta": 1.828143}}
{"target": -0.3233821293136672, "params": {"model__colsample_bylevel": 0.9671851791777988, "model__colsample_bynode": 0.3091993438933526, "model__colsample_bytree": 0.650960305187914, "model__learning_rate": 0.27852257222951515, "model__max_depth": 4.242567756084934, "model__n_estimators": 29.93819490063228, "model__reg_lambda": 6.906898764299233}, "datetime": {"datetime": "2021-03-24 00:59:37", "elapsed": 241.815224, "delta": 1.535153}}
{"target": -0.3027291108292285, "params": {"model__colsample_bylevel": 0.3765547898392735, "model__colsample_bynode": 0.8426510670959664, "model__colsample_bytree": 0.979339719101886, "model__learning_rate": 0.23717340440571444, "model__max_depth": 3.32146513518307, "model__n_estimators": 22.193224695582536, "model__reg_lambda": 0.3549340723519445}, "datetime": {"datetime": "2021-03-24 00:59:38", "elapsed": 243.427685, "delta": 1.612461}}
{"target": -0.36891967560556055, "params": {"model__colsample_bylevel": 0.30000000003785693, "model__colsample_bynode": 0.36805656435734146, "model__colsample_bytree": 1.0, "model__learning_rate": 0.3, "model__max_depth": 4.565151563753068, "model__n_estimators": 15.0, "model__reg_lambda": 2.8221823059665456}, "datetime": {"datetime": "2021-03-24 00:59:40", "elapsed": 245.035095, "delta": 1.60741}}
{"target": -0.3297547046267225, "params": {"model__colsample_bylevel": 0.300000001163834, "model__colsample_bynode": 1.0, "model__colsample_bytree": 0.9999999981471859, "model__learning_rate": 0.3, "model__max_depth": 6.867722110797081, "model__n_estimators": 21.87240900431967, "model__reg_lambda": 2.8897809431837}, "datetime": {"datetime": "2021-03-24 00:59:42", "elapsed": 246.905259, "delta": 1.870164}}
{"target": -0.3896840861148161, "params": {"model__colsample_bylevel": 0.9201211214704669, "model__colsample_bynode": 0.3236524370836782, "model__colsample_bytree": 0.320020570577487, "model__learning_rate": 0.1, "model__max_depth": 4.952278913037421, "model__n_estimators": 22.543366659865853, "model__reg_lambda": 0.0}, "datetime": {"datetime": "2021-03-24 00:59:43", "elapsed": 248.516333, "delta": 1.611074}}
{"target": -0.3525428872326038, "params": {"model__colsample_bylevel": 0.3, "model__colsample_bynode": 1.0, "model__colsample_bytree": 1.0, "model__learning_rate": 0.3, "model__max_depth": 7.99999999975973, "model__n_estimators": 18.085398520785954, "model__reg_lambda": 6.820908087362505}, "datetime": {"datetime": "2021-03-24 00:59:45", "elapsed": 250.258121, "delta": 1.741788}}
{"target": -0.33164780748016, "params": {"model__colsample_bylevel": 0.5977152831822848, "model__colsample_bynode": 0.43597812429216914, "model__colsample_bytree": 1.0, "model__learning_rate": 0.3, "model__max_depth": 7.999999997593981, "model__n_estimators": 30.0, "model__reg_lambda": 7.204612947708948}, "datetime": {"datetime": "2021-03-24 00:59:47", "elapsed": 251.673435, "delta": 1.415314}}
{"target": -0.3217801928046105, "params": {"model__colsample_bylevel": 1.0, "model__colsample_bynode": 0.3, "model__colsample_bytree": 0.9999999967405088, "model__learning_rate": 0.3, "model__max_depth": 8.0, "model__n_estimators": 29.99999999868139, "model__reg_lambda": 5.406970698679402}, "datetime": {"datetime": "2021-03-24 00:59:48", "elapsed": 253.376647, "delta": 1.703212}}
{"target": -0.3578785051085541, "params": {"model__colsample_bylevel": 1.0, "model__colsample_bynode": 1.0, "model__colsample_bytree": 0.3, "model__learning_rate": 0.3, "model__max_depth": 8.0, "model__n_estimators": 22.744872585035914, "model__reg_lambda": 10.0}, "datetime": {"datetime": "2021-03-24 00:59:50", "elapsed": 255.039794, "delta": 1.663147}}
{"target": -0.37321704468990174, "params": {"model__colsample_bylevel": 0.6459218762173086, "model__colsample_bynode": 0.9990871549455169, "model__colsample_bytree": 0.30139177505938847, "model__learning_rate": 0.28846932731854236, "model__max_depth": 3.4786361803412267, "model__n_estimators": 22.991184304966477, "model__reg_lambda": 0.9055218561011913}, "datetime": {"datetime": "2021-03-24 00:59:51", "elapsed": 256.514993, "delta": 1.475199}}
{"target": -0.3510842579653136, "params": {"model__colsample_bylevel": 0.9872642477837051, "model__colsample_bynode": 1.0, "model__colsample_bytree": 1.0, "model__learning_rate": 0.3, "model__max_depth": 4.496756913561381, "model__n_estimators": 18.36843844324614, "model__reg_lambda": 6.161171828051045}, "datetime": {"datetime": "2021-03-24 00:59:53", "elapsed": 258.219645, "delta": 1.704652}}
{"target": -0.33201910796797957, "params": {"model__colsample_bylevel": 0.6706505732739256, "model__colsample_bynode": 0.40299738772346105, "model__colsample_bytree": 0.9443881026893184, "model__learning_rate": 0.29277527734022907, "model__max_depth": 5.680903919708529, "model__n_estimators": 20.50717570153727, "model__reg_lambda": 1.9355173138317083}, "datetime": {"datetime": "2021-03-24 00:59:55", "elapsed": 260.016326, "delta": 1.796681}}
{"target": -0.36640176630808396, "params": {"model__colsample_bylevel": 0.3335862314606976, "model__colsample_bynode": 1.0, "model__colsample_bytree": 1.0, "model__learning_rate": 0.3, "model__max_depth": 6.044229606447595, "model__n_estimators": 18.81802003177774, "model__reg_lambda": 10.0}, "datetime": {"datetime": "2021-03-24 00:59:57", "elapsed": 261.863133, "delta": 1.846807}}
