{"target": -0.36803602450729705, "params": {"model__colsample_bylevel": 0.3191878877624776, "model__colsample_bynode": 0.4527668367686508, "model__colsample_bytree": 0.9533861738476699, "model__learning_rate": 0.23172885748318614, "model__max_depth": 7.871974941466348, "model__n_estimators": 20.539710627919593, "model__reg_lambda": 7.6239037960184355}, "datetime": {"datetime": "2021-03-24 00:55:41", "elapsed": 6.576075, "delta": 0.109525}}
{"target": -0.4246107752988304, "params": {"model__colsample_bylevel": 0.7197656118669662, "model__colsample_bynode": 0.7214646750503465, "model__colsample_bytree": 0.37931534877147977, "model__learning_rate": 0.14444015703665763, "model__max_depth": 2.433575141809544, "model__n_estimators": 22.57954207818872, "model__reg_lambda": 3.4509917372173025}, "datetime": {"datetime": "2021-03-24 00:55:42", "elapsed": 6.669457, "delta": 0.093382}}
{"target": -0.3404908859903209, "params": {"model__colsample_bylevel": 0.43770438267170664, "model__colsample_bynode": 0.562288016838024, "model__colsample_bytree": 0.6684847059501842, "model__learning_rate": 0.24216538663414655, "model__max_depth": 5.53982800385271, "model__n_estimators": 24.586364893849456, "model__reg_lambda": 6.03761911116279}, "datetime": {"datetime": "2021-03-24 00:55:42", "elapsed": 6.797505, "delta": 0.128048}}
{"target": -0.3329345607684682, "params": {"model__colsample_bylevel": 0.5615024327662378, "model__colsample_bynode": 0.5278880157630303, "model__colsample_bytree": 0.6927994632423486, "model__learning_rate": 0.2499326997232081, "model__max_depth": 7.515144966264312, "model__n_estimators": 27.41503748405572, "model__reg_lambda": 5.537273620404508}, "datetime": {"datetime": "2021-03-24 00:55:42", "elapsed": 6.949059, "delta": 0.151554}}
{"target": -0.3680748601862486, "params": {"model__colsample_bylevel": 0.8773753442334304, "model__colsample_bynode": 0.3197624374107063, "model__colsample_bytree": 0.8582648079772404, "model__learning_rate": 0.1398977410305498, "model__max_depth": 6.115045756510598, "model__n_estimators": 27.377846347953547, "model__reg_lambda": 3.1496308071503187}, "datetime": {"datetime": "2021-03-24 00:55:42", "elapsed": 7.097177, "delta": 0.148118}}
{"target": -0.3732014910689137, "params": {"model__colsample_bylevel": 0.5798231824380045, "model__colsample_bynode": 0.9899122285696411, "model__colsample_bytree": 0.4774952834387126, "model__learning_rate": 0.25106786479472265, "model__max_depth": 4.436357453829759, "model__n_estimators": 19.72844903945682, "model__reg_lambda": 7.705159221072094}, "datetime": {"datetime": "2021-03-24 00:55:42", "elapsed": 7.225669, "delta": 0.128492}}
{"target": -0.35518774532416053, "params": {"model__colsample_bylevel": 0.6149024037576569, "model__colsample_bynode": 0.7970601762740899, "model__colsample_bytree": 0.4555403075808654, "model__learning_rate": 0.26476738246878556, "model__max_depth": 6.3006447069266285, "model__n_estimators": 22.48861984031197, "model__reg_lambda": 7.91551010046181}, "datetime": {"datetime": "2021-03-24 00:55:42", "elapsed": 7.34993, "delta": 0.124261}}
{"target": -0.3308841941058231, "params": {"model__colsample_bylevel": 0.9437937215686736, "model__colsample_bynode": 0.8511722448868555, "model__colsample_bytree": 0.5084857837350747, "model__learning_rate": 0.24346701302396254, "model__max_depth": 5.690340786662006, "model__n_estimators": 27.619845335231588, "model__reg_lambda": 4.0456797253845265}, "datetime": {"datetime": "2021-03-24 00:55:42", "elapsed": 7.546804, "delta": 0.196874}}
{"target": -0.33610588011898745, "params": {"model__colsample_bylevel": 0.6173529449301774, "model__colsample_bynode": 0.3656352091501882, "model__colsample_bytree": 0.45305055880659917, "model__learning_rate": 0.20586849821836273, "model__max_depth": 5.173197962934258, "model__n_estimators": 25.696146745858105, "model__reg_lambda": 2.863925264426952}, "datetime": {"datetime": "2021-03-24 00:55:43", "elapsed": 7.656339, "delta": 0.109535}}
{"target": -0.42901752526075515, "params": {"model__colsample_bylevel": 0.3812502817792496, "model__colsample_bynode": 0.43107613084910207, "model__colsample_bytree": 0.6036033759584388, "model__learning_rate": 0.13710847453713484, "model__max_depth": 2.7407946095138094, "model__n_estimators": 25.875381462387566, "model__reg_lambda": 9.101677556132595}, "datetime": {"datetime": "2021-03-24 00:55:43", "elapsed": 7.750212, "delta": 0.093873}}
{"target": -0.38895476405252366, "params": {"model__colsample_bylevel": 0.3426383940311504, "model__colsample_bynode": 0.3292770968669983, "model__colsample_bytree": 0.49999974247633633, "model__learning_rate": 0.21592871225493404, "model__max_depth": 7.629568478689846, "model__n_estimators": 23.72527860523467, "model__reg_lambda": 6.7998375849329875}, "datetime": {"datetime": "2021-03-24 00:55:43", "elapsed": 7.850958, "delta": 0.100746}}
{"target": -0.3602472705118682, "params": {"model__colsample_bylevel": 0.3, "model__colsample_bynode": 1.0, "model__colsample_bytree": 0.3, "model__learning_rate": 0.3, "model__max_depth": 8.0, "model__n_estimators": 30.0, "model__reg_lambda": 10.0}, "datetime": {"datetime": "2021-03-24 00:55:43", "elapsed": 8.529636, "delta": 0.678678}}
{"target": -0.37951111355931433, "params": {"model__colsample_bylevel": 1.0, "model__colsample_bynode": 1.0, "model__colsample_bytree": 1.0, "model__learning_rate": 0.3, "model__max_depth": 8.0, "model__n_estimators": 15.0, "model__reg_lambda": 10.0}, "datetime": {"datetime": "2021-03-24 00:55:44", "elapsed": 9.353027, "delta": 0.823391}}
{"target": -0.36132654742830417, "params": {"model__colsample_bylevel": 0.3, "model__colsample_bynode": 0.9999999992509747, "model__colsample_bytree": 1.0, "model__learning_rate": 0.3, "model__max_depth": 2.0, "model__n_estimators": 30.0, "model__reg_lambda": 10.0}, "datetime": {"datetime": "2021-03-24 00:55:45", "elapsed": 10.037817, "delta": 0.68479}}
{"target": -0.41261128285170895, "params": {"model__colsample_bylevel": 0.38936160158445665, "model__colsample_bynode": 1.0, "model__colsample_bytree": 1.0, "model__learning_rate": 0.3, "model__max_depth": 2.0, "model__n_estimators": 15.0, "model__reg_lambda": 10.0}, "datetime": {"datetime": "2021-03-24 00:55:45", "elapsed": 10.633029, "delta": 0.595212}}
{"target": -0.3766242803459096, "params": {"model__colsample_bylevel": 1.0, "model__colsample_bynode": 1.0, "model__colsample_bytree": 1.0, "model__learning_rate": 0.3, "model__max_depth": 5.48421841515062, "model__n_estimators": 15.0, "model__reg_lambda": 0.0}, "datetime": {"datetime": "2021-03-24 00:55:46", "elapsed": 11.559636, "delta": 0.926607}}
{"target": -0.3335467026978934, "params": {"model__colsample_bylevel": 0.4083730136936026, "model__colsample_bynode": 0.32238836443896224, "model__colsample_bytree": 0.38958537362865014, "model__learning_rate": 0.2589384445047281, "model__max_depth": 6.68825444934937, "model__n_estimators": 22.5168851752116, "model__reg_lambda": 0.09571929369786014}, "datetime": {"datetime": "2021-03-24 00:55:47", "elapsed": 12.175709, "delta": 0.616073}}
{"target": -0.3958817616989161, "params": {"model__colsample_bylevel": 1.0, "model__colsample_bynode": 0.3, "model__colsample_bytree": 1.0, "model__learning_rate": 0.3, "model__max_depth": 2.0, "model__n_estimators": 19.77487772691736, "model__reg_lambda": 10.0}, "datetime": {"datetime": "2021-03-24 00:55:48", "elapsed": 12.818841, "delta": 0.643132}}
{"target": -0.3646429534427875, "params": {"model__colsample_bylevel": 1.0, "model__colsample_bynode": 1.0, "model__colsample_bytree": 1.0, "model__learning_rate": 0.3, "model__max_depth": 7.999999996430466, "model__n_estimators": 20.000880077812994, "model__reg_lambda": 9.818477153718304}, "datetime": {"datetime": "2021-03-24 00:55:49", "elapsed": 13.753352, "delta": 0.934511}}
{"target": -0.3342356883782381, "params": {"model__colsample_bylevel": 0.32704824596800747, "model__colsample_bynode": 0.3840531535427323, "model__colsample_bytree": 0.45344529227581687, "model__learning_rate": 0.28024223071301546, "model__max_depth": 6.698692996405638, "model__n_estimators": 29.97388911340233, "model__reg_lambda": 4.051209181984024}, "datetime": {"datetime": "2021-03-24 00:55:49", "elapsed": 14.571813, "delta": 0.818461}}
{"target": -0.3357256531054019, "params": {"model__colsample_bylevel": 0.3, "model__colsample_bynode": 0.3, "model__colsample_bytree": 1.0, "model__learning_rate": 0.3, "model__max_depth": 5.36242145523722, "model__n_estimators": 30.0, "model__reg_lambda": 8.876123947989818}, "datetime": {"datetime": "2021-03-24 00:55:50", "elapsed": 15.315305, "delta": 0.743492}}
{"target": -0.33378255773222654, "params": {"model__colsample_bylevel": 0.43410626665205626, "model__colsample_bynode": 0.9928370488973872, "model__colsample_bytree": 0.7957400427382352, "model__learning_rate": 0.18592825344649563, "model__max_depth": 5.41172143595772, "model__n_estimators": 29.932871493140425, "model__reg_lambda": 0.05298073404993331}, "datetime": {"datetime": "2021-03-24 00:55:51", "elapsed": 16.110063, "delta": 0.794758}}
{"target": -0.350881134040242, "params": {"model__colsample_bylevel": 1.0, "model__colsample_bynode": 0.771823010835703, "model__colsample_bytree": 1.0, "model__learning_rate": 0.3, "model__max_depth": 4.546591719574528, "model__n_estimators": 20.62566374814694, "model__reg_lambda": 4.732960641981147}, "datetime": {"datetime": "2021-03-24 00:55:52", "elapsed": 16.965278, "delta": 0.855215}}
{"target": -0.34762704057106075, "params": {"model__colsample_bylevel": 0.3, "model__colsample_bynode": 1.0, "model__colsample_bytree": 1.0, "model__learning_rate": 0.3, "model__max_depth": 8.0, "model__n_estimators": 15.0, "model__reg_lambda": 5.9063053818499265}, "datetime": {"datetime": "2021-03-24 00:55:53", "elapsed": 17.759991, "delta": 0.794713}}
{"target": -0.32408079262654144, "params": {"model__colsample_bylevel": 1.0, "model__colsample_bynode": 1.0, "model__colsample_bytree": 0.32805844794264205, "model__learning_rate": 0.3, "model__max_depth": 8.0, "model__n_estimators": 30.0, "model__reg_lambda": 6.617302155681861}, "datetime": {"datetime": "2021-03-24 00:55:53", "elapsed": 18.576621, "delta": 0.81663}}
{"target": -0.321666731964122, "params": {"model__colsample_bylevel": 0.3, "model__colsample_bynode": 1.0, "model__colsample_bytree": 1.0, "model__learning_rate": 0.3, "model__max_depth": 4.492358205823199, "model__n_estimators": 29.383555885875886, "model__reg_lambda": 3.8496093545673125}, "datetime": {"datetime": "2021-03-24 00:55:54", "elapsed": 19.278364, "delta": 0.701743}}
{"target": -0.35938181383737733, "params": {"model__colsample_bylevel": 0.3, "model__colsample_bynode": 1.0, "model__colsample_bytree": 1.0, "model__learning_rate": 0.3, "model__max_depth": 3.077975786649493, "model__n_estimators": 21.303991653936244, "model__reg_lambda": 9.421295488418227}, "datetime": {"datetime": "2021-03-24 00:55:55", "elapsed": 20.080198, "delta": 0.801834}}
{"target": -0.39185790476503957, "params": {"model__colsample_bylevel": 1.0, "model__colsample_bynode": 0.3, "model__colsample_bytree": 0.3, "model__learning_rate": 0.3, "model__max_depth": 2.0, "model__n_estimators": 15.0, "model__reg_lambda": 0.0}, "datetime": {"datetime": "2021-03-24 00:55:56", "elapsed": 20.734191, "delta": 0.653993}}
{"target": -0.3659815711542066, "params": {"model__colsample_bylevel": 0.4886264918414264, "model__colsample_bynode": 1.0, "model__colsample_bytree": 0.3, "model__learning_rate": 0.3, "model__max_depth": 8.0, "model__n_estimators": 26.95343328510246, "model__reg_lambda": 0.0}, "datetime": {"datetime": "2021-03-24 00:55:56", "elapsed": 21.528076, "delta": 0.793885}}
{"target": -0.3274946529806281, "params": {"model__colsample_bylevel": 1.0, "model__colsample_bynode": 1.0, "model__colsample_bytree": 1.0, "model__learning_rate": 0.3, "model__max_depth": 5.282210470876362, "model__n_estimators": 30.0, "model__reg_lambda": 10.0}, "datetime": {"datetime": "2021-03-24 00:55:57", "elapsed": 22.496563, "delta": 0.968487}}
{"target": -0.362599791554174, "params": {"model__colsample_bylevel": 0.3, "model__colsample_bynode": 1.0, "model__colsample_bytree": 0.3002509746643301, "model__learning_rate": 0.3, "model__max_depth": 8.0, "model__n_estimators": 19.47683768420441, "model__reg_lambda": 0.0}, "datetime": {"datetime": "2021-03-24 00:55:58", "elapsed": 23.250798, "delta": 0.754235}}
{"target": -0.3159950704480213, "params": {"model__colsample_bylevel": 0.857215795743556, "model__colsample_bynode": 0.3, "model__colsample_bytree": 1.0, "model__learning_rate": 0.3, "model__max_depth": 4.096166528099317, "model__n_estimators": 21.21698000561422, "model__reg_lambda": 0.0}, "datetime": {"datetime": "2021-03-24 00:55:59", "elapsed": 24.013819, "delta": 0.763021}}
{"target": -0.31906010773348403, "params": {"model__colsample_bylevel": 0.35865098307276067, "model__colsample_bynode": 0.4975733052318235, "model__colsample_bytree": 0.9916629852358798, "model__learning_rate": 0.2979385113987646, "model__max_depth": 6.673119904730848, "model__n_estimators": 23.122441258508573, "model__reg_lambda": 2.133052126526761}, "datetime": {"datetime": "2021-03-24 00:56:00", "elapsed": 24.939124, "delta": 0.925305}}
{"target": -0.3908924267316858, "params": {"model__colsample_bylevel": 0.3152765965436832, "model__colsample_bynode": 0.4006003398767981, "model__colsample_bytree": 0.9165717393579289, "model__learning_rate": 0.2972389218513425, "model__max_depth": 7.472620034256165, "model__n_estimators": 15.02023875286568, "model__reg_lambda": 3.2001991403697905}, "datetime": {"datetime": "2021-03-24 00:56:01", "elapsed": 25.748215, "delta": 0.809091}}
{"target": -0.3768814011754053, "params": {"model__colsample_bylevel": 1.0, "model__colsample_bynode": 0.3, "model__colsample_bytree": 0.3, "model__learning_rate": 0.3, "model__max_depth": 4.577917451176319, "model__n_estimators": 26.242898602192888, "model__reg_lambda": 5.877581462675226e-11}, "datetime": {"datetime": "2021-03-24 00:56:01", "elapsed": 26.553065, "delta": 0.80485}}
{"target": -0.3620029733037117, "params": {"model__colsample_bylevel": 1.0, "model__colsample_bynode": 0.3, "model__colsample_bytree": 1.0, "model__learning_rate": 0.3, "model__max_depth": 2.0000000000009197, "model__n_estimators": 25.865668066561092, "model__reg_lambda": 6.556288874374384}, "datetime": {"datetime": "2021-03-24 00:56:02", "elapsed": 27.421715, "delta": 0.86865}}
{"target": -0.3722070035249656, "params": {"model__colsample_bylevel": 1.0, "model__colsample_bynode": 0.3, "model__colsample_bytree": 0.3, "model__learning_rate": 0.3, "model__max_depth": 8.0, "model__n_estimators": 15.0, "model__reg_lambda": 0.0}, "datetime": {"datetime": "2021-03-24 00:56:03", "elapsed": 28.13004, "delta": 0.708325}}
{"target": -0.35066430778731933, "params": {"model__colsample_bylevel": 0.3, "model__colsample_bynode": 1.0, "model__colsample_bytree": 1.0, "model__learning_rate": 0.3, "model__max_depth": 8.0, "model__n_estimators": 15.0, "model__reg_lambda": 0.0}, "datetime": {"datetime": "2021-03-24 00:56:04", "elapsed": 28.940697, "delta": 0.810657}}
{"target": -0.35286240610209685, "params": {"model__colsample_bylevel": 1.0, "model__colsample_bynode": 0.3, "model__colsample_bytree": 1.0, "model__learning_rate": 0.3, "model__max_depth": 2.0, "model__n_estimators": 30.0, "model__reg_lambda": 6.269028624018165}, "datetime": {"datetime": "2021-03-24 00:56:04", "elapsed": 29.599573, "delta": 0.658876}}
{"target": -0.33781826027729756, "params": {"model__colsample_bylevel": 0.7577434535639335, "model__colsample_bynode": 0.30804485819121874, "model__colsample_bytree": 0.9238762426807849, "model__learning_rate": 0.2937564828671323, "model__max_depth": 7.82358964124097, "model__n_estimators": 29.19311432228445, "model__reg_lambda": 9.921160713687845}, "datetime": {"datetime": "2021-03-24 00:56:05", "elapsed": 30.420847, "delta": 0.821274}}
{"target": -0.3183873879343636, "params": {"model__colsample_bylevel": 0.5289264176460423, "model__colsample_bynode": 0.8488956175282532, "model__colsample_bytree": 0.49658705244264734, "model__learning_rate": 0.29763732650686137, "model__max_depth": 4.376753647829195, "model__n_estimators": 21.843504404750693, "model__reg_lambda": 0.072018733479573}, "datetime": {"datetime": "2021-03-24 00:56:06", "elapsed": 31.279372, "delta": 0.858525}}
{"target": -0.3657095957519588, "params": {"model__colsample_bylevel": 0.8990866389961814, "model__colsample_bynode": 0.346936110819205, "model__colsample_bytree": 0.982692957345835, "model__learning_rate": 0.298468201479367, "model__max_depth": 6.583790765368345, "model__n_estimators": 29.86282913178004, "model__reg_lambda": 0.19213748759284943}, "datetime": {"datetime": "2021-03-24 00:56:07", "elapsed": 32.021583, "delta": 0.742211}}
{"target": -0.34334576466699485, "params": {"model__colsample_bylevel": 0.4722210220299263, "model__colsample_bynode": 0.9963137526027142, "model__colsample_bytree": 0.6085774420806149, "model__learning_rate": 0.28022267977431137, "model__max_depth": 2.134487705127227, "model__n_estimators": 29.77339690579968, "model__reg_lambda": 3.034834518932299}, "datetime": {"datetime": "2021-03-24 00:56:08", "elapsed": 32.693499, "delta": 0.671916}}
{"target": -0.333683807745009, "params": {"model__colsample_bylevel": 1.0, "model__colsample_bynode": 0.30000000000625376, "model__colsample_bytree": 1.0, "model__learning_rate": 0.3, "model__max_depth": 5.103140330580013, "model__n_estimators": 23.268236600346267, "model__reg_lambda": 7.947707179964895}, "datetime": {"datetime": "2021-03-24 00:56:08", "elapsed": 33.43253, "delta": 0.739031}}
{"target": -0.3336434729830902, "params": {"model__colsample_bylevel": 0.30000000947215844, "model__colsample_bynode": 0.30000000947215844, "model__colsample_bytree": 0.9999999905278416, "model__learning_rate": 0.3, "model__max_depth": 4.555554431152295, "model__n_estimators": 22.140449833410496, "model__reg_lambda": 1.388532193032201}, "datetime": {"datetime": "2021-03-24 00:56:09", "elapsed": 34.177028, "delta": 0.744498}}
{"target": -0.35298632903065047, "params": {"model__colsample_bylevel": 1.0, "model__colsample_bynode": 1.0, "model__colsample_bytree": 1.0, "model__learning_rate": 0.3, "model__max_depth": 4.514734265505068, "model__n_estimators": 17.324385901660367, "model__reg_lambda": 10.0}, "datetime": {"datetime": "2021-03-24 00:56:10", "elapsed": 35.135018, "delta": 0.95799}}
{"target": -0.3561816695591678, "params": {"model__colsample_bylevel": 1.0, "model__colsample_bynode": 0.3, "model__colsample_bytree": 0.3, "model__learning_rate": 0.3, "model__max_depth": 6.507805848008463, "model__n_estimators": 30.0, "model__reg_lambda": 10.0}, "datetime": {"datetime": "2021-03-24 00:56:11", "elapsed": 35.960157, "delta": 0.825139}}
{"target": -0.3466502988892371, "params": {"model__colsample_bylevel": 1.0, "model__colsample_bynode": 0.3, "model__colsample_bytree": 0.3, "model__learning_rate": 0.3, "model__max_depth": 6.103604792163064, "model__n_estimators": 20.093945002766695, "model__reg_lambda": 0.5941944399068737}, "datetime": {"datetime": "2021-03-24 00:56:12", "elapsed": 36.994617, "delta": 1.03446}}
{"target": -0.37332972802788666, "params": {"model__colsample_bylevel": 0.996423180619044, "model__colsample_bynode": 0.97040752271496, "model__colsample_bytree": 0.652817549412765, "model__learning_rate": 0.2911029320901941, "model__max_depth": 7.895738520907121, "model__n_estimators": 21.48600358095156, "model__reg_lambda": 5.3112045499113805}, "datetime": {"datetime": "2021-03-24 00:56:13", "elapsed": 38.314339, "delta": 1.319722}}
{"target": -0.34187434453557686, "params": {"model__colsample_bylevel": 1.0, "model__colsample_bynode": 1.0, "model__colsample_bytree": 0.3, "model__learning_rate": 0.3, "model__max_depth": 2.0, "model__n_estimators": 18.638637907268397, "model__reg_lambda": 0.0}, "datetime": {"datetime": "2021-03-24 00:56:14", "elapsed": 39.569105, "delta": 1.254766}}
{"target": -0.35386709944291067, "params": {"model__colsample_bylevel": 1.0, "model__colsample_bynode": 1.0, "model__colsample_bytree": 1.0, "model__learning_rate": 0.3, "model__max_depth": 6.614746692733504, "model__n_estimators": 15.0, "model__reg_lambda": 6.740254997624576}, "datetime": {"datetime": "2021-03-24 00:56:16", "elapsed": 40.800638, "delta": 1.231533}}
{"target": -0.3431441601730235, "params": {"model__colsample_bylevel": 1.0, "model__colsample_bynode": 1.0, "model__colsample_bytree": 1.0, "model__learning_rate": 0.3, "model__max_depth": 4.579154325256077, "model__n_estimators": 20.38991716356229, "model__reg_lambda": 9.724486266033411}, "datetime": {"datetime": "2021-03-24 00:56:17", "elapsed": 42.058659, "delta": 1.258021}}
{"target": -0.3754104173499281, "params": {"model__colsample_bylevel": 0.3409970888281798, "model__colsample_bynode": 0.6975591730976356, "model__colsample_bytree": 0.9285236278850879, "model__learning_rate": 0.23219363115649436, "model__max_depth": 7.620558607930553, "model__n_estimators": 22.66984507667298, "model__reg_lambda": 9.885984440639774}, "datetime": {"datetime": "2021-03-24 00:56:18", "elapsed": 43.626702, "delta": 1.568043}}
{"target": -0.39809918800382404, "params": {"model__colsample_bylevel": 0.9722124771123477, "model__colsample_bynode": 0.40513031346148154, "model__colsample_bytree": 0.32179408767723433, "model__learning_rate": 0.28047640811644187, "model__max_depth": 2.136874972303346, "model__n_estimators": 21.34912572788569, "model__reg_lambda": 7.142743876815486}, "datetime": {"datetime": "2021-03-24 00:56:20", "elapsed": 44.797265, "delta": 1.170563}}
{"target": -0.3345287625920837, "params": {"model__colsample_bylevel": 1.0, "model__colsample_bynode": 1.0, "model__colsample_bytree": 1.0, "model__learning_rate": 0.3, "model__max_depth": 7.875285019037618, "model__n_estimators": 26.93407070472388, "model__reg_lambda": 7.763147945443795}, "datetime": {"datetime": "2021-03-24 00:56:21", "elapsed": 46.106693, "delta": 1.309428}}
