{"target": -0.31189551513078556, "params": {"model__colsample_bylevel": 0.3, "model__colsample_bynode": 1.0, "model__colsample_bytree": 1.0, "model__learning_rate": 0.3, "model__max_depth": 8.0, "model__n_estimators": 30.0, "model__reg_lambda": 4.412866876927935}, "datetime": {"datetime": "2021-03-24 00:56:22", "elapsed": 47.380343, "delta": 1.27365}}
{"target": -0.3663828027579744, "params": {"model__colsample_bylevel": 1.0, "model__colsample_bynode": 1.0, "model__colsample_bytree": 1.0, "model__learning_rate": 0.3, "model__max_depth": 8.0, "model__n_estimators": 18.47939285484315, "model__reg_lambda": 4.390993374028088}, "datetime": {"datetime": "2021-03-24 00:56:24", "elapsed": 48.790339, "delta": 1.409996}}
{"target": -0.364521713329199, "params": {"model__colsample_bylevel": 0.3, "model__colsample_bynode": 0.9906878963797159, "model__colsample_bytree": 0.3, "model__learning_rate": 0.3, "model__max_depth": 4.638620653145164, "model__n_estimators": 18.410247767307176, "model__reg_lambda": 0.0}, "datetime": {"datetime": "2021-03-24 00:56:25", "elapsed": 49.990455, "delta": 1.200116}}
{"target": -0.3386100398855743, "params": {"model__colsample_bylevel": 1.0, "model__colsample_bynode": 0.9999999998942312, "model__colsample_bytree": 1.0, "model__learning_rate": 0.3, "model__max_depth": 8.0, "model__n_estimators": 30.0, "model__reg_lambda": 8.971056932944975}, "datetime": {"datetime": "2021-03-24 00:56:26", "elapsed": 51.337468, "delta": 1.347013}}
{"target": -0.34444776242058994, "params": {"model__colsample_bylevel": 0.3, "model__colsample_bynode": 1.0, "model__colsample_bytree": 0.3, "model__learning_rate": 0.3, "model__max_depth": 8.0, "model__n_estimators": 15.0, "model__reg_lambda": 1.9328137745332823}, "datetime": {"datetime": "2021-03-24 00:56:28", "elapsed": 52.732603, "delta": 1.395135}}
{"target": -0.30727578249188015, "params": {"model__colsample_bylevel": 0.9698244619746319, "model__colsample_bynode": 0.8117136680329535, "model__colsample_bytree": 0.931395812237765, "model__learning_rate": 0.28961495524180586, "model__max_depth": 2.0550522401568077, "model__n_estimators": 23.352349631024353, "model__reg_lambda": 0.15736246562439993}, "datetime": {"datetime": "2021-03-24 00:56:29", "elapsed": 53.926821, "delta": 1.194218}}
{"target": -0.2925574309427116, "params": {"model__colsample_bylevel": 0.30000000042136993, "model__colsample_bynode": 1.0, "model__colsample_bytree": 1.0, "model__learning_rate": 0.3, "model__max_depth": 2.6216792271932676, "model__n_estimators": 20.88606252964227, "model__reg_lambda": 0.0}, "datetime": {"datetime": "2021-03-24 00:56:30", "elapsed": 55.220921, "delta": 1.2941}}
{"target": -0.34533672156622225, "params": {"model__colsample_bylevel": 0.9999999986652045, "model__colsample_bynode": 0.999999999783365, "model__colsample_bytree": 1.0, "model__learning_rate": 0.3, "model__max_depth": 2.0000000136132035, "model__n_estimators": 22.055775798334277, "model__reg_lambda": 0.0}, "datetime": {"datetime": "2021-03-24 00:56:32", "elapsed": 56.670498, "delta": 1.449577}}
{"target": -0.3512129150179174, "params": {"model__colsample_bylevel": 0.8509050216322982, "model__colsample_bynode": 0.819917555652254, "model__colsample_bytree": 0.3134743644765255, "model__learning_rate": 0.17762799300063353, "model__max_depth": 2.472811723240156, "model__n_estimators": 29.614464951391135, "model__reg_lambda": 0.2707709453573681}, "datetime": {"datetime": "2021-03-24 00:56:33", "elapsed": 57.968211, "delta": 1.297713}}
{"target": -0.3494759363520458, "params": {"model__colsample_bylevel": 1.0, "model__colsample_bynode": 1.0, "model__colsample_bytree": 1.0, "model__learning_rate": 0.3, "model__max_depth": 3.9893771919982255, "model__n_estimators": 15.0, "model__reg_lambda": 4.735260845904701}, "datetime": {"datetime": "2021-03-24 00:56:34", "elapsed": 59.173703, "delta": 1.205492}}
{"target": -0.34152006717446004, "params": {"model__colsample_bylevel": 0.3, "model__colsample_bynode": 1.0, "model__colsample_bytree": 0.3, "model__learning_rate": 0.3, "model__max_depth": 7.646427319545813, "model__n_estimators": 28.240063403027953, "model__reg_lambda": 3.677915689549999}, "datetime": {"datetime": "2021-03-24 00:56:35", "elapsed": 60.630379, "delta": 1.456676}}
{"target": -0.3641929947352712, "params": {"model__colsample_bylevel": 0.842337897642127, "model__colsample_bynode": 0.3734509604985391, "model__colsample_bytree": 0.9542430072455674, "model__learning_rate": 0.26164486489251193, "model__max_depth": 2.006028759498343, "model__n_estimators": 27.725652797941216, "model__reg_lambda": 3.557410873277993}, "datetime": {"datetime": "2021-03-24 00:56:37", "elapsed": 61.779005, "delta": 1.148626}}
{"target": -0.3292637559787735, "params": {"model__colsample_bylevel": 0.9260511290736919, "model__colsample_bynode": 0.42915168124495684, "model__colsample_bytree": 0.9233015195783751, "model__learning_rate": 0.29313383600242987, "model__max_depth": 2.7233370796081813, "model__n_estimators": 29.924256892272247, "model__reg_lambda": 9.250885523988412}, "datetime": {"datetime": "2021-03-24 00:56:38", "elapsed": 62.935069, "delta": 1.156064}}
{"target": -0.3561547933216797, "params": {"model__colsample_bylevel": 0.8744930287309245, "model__colsample_bynode": 0.7936676916276106, "model__colsample_bytree": 0.3402952255656435, "model__learning_rate": 0.2819755592041232, "model__max_depth": 7.980265312414012, "model__n_estimators": 29.624026375059557, "model__reg_lambda": 0.15407483125714605}, "datetime": {"datetime": "2021-03-24 00:56:39", "elapsed": 64.185719, "delta": 1.25065}}
{"target": -0.32945140552564867, "params": {"model__colsample_bylevel": 1.0, "model__colsample_bynode": 1.0, "model__colsample_bytree": 1.0, "model__learning_rate": 0.3, "model__max_depth": 2.0, "model__n_estimators": 26.238945104688383, "model__reg_lambda": 0.0}, "datetime": {"datetime": "2021-03-24 00:56:40", "elapsed": 65.393244, "delta": 1.207525}}
{"target": -0.34004889140327366, "params": {"model__colsample_bylevel": 0.8049448177657941, "model__colsample_bynode": 0.9920819948758739, "model__colsample_bytree": 0.9015523389538627, "model__learning_rate": 0.2704825796086383, "model__max_depth": 6.41896545565888, "model__n_estimators": 20.836243843352356, "model__reg_lambda": 1.3244556338823477}, "datetime": {"datetime": "2021-03-24 00:56:42", "elapsed": 66.666956, "delta": 1.273712}}
{"target": -0.3116582468806672, "params": {"model__colsample_bylevel": 1.0, "model__colsample_bynode": 0.3, "model__colsample_bytree": 0.9962566615628526, "model__learning_rate": 0.3, "model__max_depth": 7.110909152008914, "model__n_estimators": 24.630585179989637, "model__reg_lambda": 3.02347331207814}, "datetime": {"datetime": "2021-03-24 00:56:43", "elapsed": 67.979235, "delta": 1.312279}}
{"target": -0.34832212406453555, "params": {"model__colsample_bylevel": 0.6412048429250654, "model__colsample_bynode": 0.36804284048476266, "model__colsample_bytree": 0.989206489627773, "model__learning_rate": 0.2936861847251469, "model__max_depth": 2.0021924773936366, "model__n_estimators": 19.35597567668862, "model__reg_lambda": 0.2177572298609065}, "datetime": {"datetime": "2021-03-24 00:56:44", "elapsed": 69.10337, "delta": 1.124135}}
{"target": -0.381995820314151, "params": {"model__colsample_bylevel": 0.3, "model__colsample_bynode": 1.0, "model__colsample_bytree": 1.0, "model__learning_rate": 0.3, "model__max_depth": 2.741700091966029, "model__n_estimators": 18.320171192442693, "model__reg_lambda": 10.0}, "datetime": {"datetime": "2021-03-24 00:56:45", "elapsed": 70.404509, "delta": 1.301139}}
{"target": -0.36995319760344636, "params": {"model__colsample_bylevel": 0.3, "model__colsample_bynode": 0.3, "model__colsample_bytree": 0.3, "model__learning_rate": 0.3, "model__max_depth": 4.505728837148817, "model__n_estimators": 30.0, "model__reg_lambda": 0.4871136108766954}, "datetime": {"datetime": "2021-03-24 00:56:46", "elapsed": 71.642711, "delta": 1.238202}}
{"target": -0.34357316738089033, "params": {"model__colsample_bylevel": 0.9599259326429022, "model__colsample_bynode": 0.998804919527758, "model__colsample_bytree": 0.8519113305669057, "model__learning_rate": 0.26510157873140305, "model__max_depth": 2.91028229922639, "model__n_estimators": 29.79712796492895, "model__reg_lambda": 8.260501310428447}, "datetime": {"datetime": "2021-03-24 00:56:48", "elapsed": 72.713873, "delta": 1.071162}}
{"target": -0.3400099351860421, "params": {"model__colsample_bylevel": 1.0, "model__colsample_bynode": 1.0, "model__colsample_bytree": 1.0, "model__learning_rate": 0.3, "model__max_depth": 3.318872397238339, "model__n_estimators": 29.99999999968952, "model__reg_lambda": 2.3778073182615787}, "datetime": {"datetime": "2021-03-24 00:56:49", "elapsed": 74.126816, "delta": 1.412943}}
{"target": -0.33183656161367575, "params": {"model__colsample_bylevel": 0.392078947965808, "model__colsample_bynode": 0.800143313269319, "model__colsample_bytree": 0.8634967999300887, "model__learning_rate": 0.29418722475250253, "model__max_depth": 7.790508918126936, "model__n_estimators": 29.109576896982013, "model__reg_lambda": 6.8942142664203745}, "datetime": {"datetime": "2021-03-24 00:56:50", "elapsed": 75.531346, "delta": 1.40453}}
{"target": -0.41876353967151997, "params": {"model__colsample_bylevel": 0.3183144194132034, "model__colsample_bynode": 0.8250098902926679, "model__colsample_bytree": 0.31914172174409716, "model__learning_rate": 0.10780323868771874, "model__max_depth": 2.139341167617083, "model__n_estimators": 23.87714473688515, "model__reg_lambda": 0.01821578479847652}, "datetime": {"datetime": "2021-03-24 00:56:51", "elapsed": 76.600912, "delta": 1.069566}}
{"target": -0.38727037102621775, "params": {"model__colsample_bylevel": 0.37248352858511313, "model__colsample_bynode": 0.35158667326634907, "model__colsample_bytree": 0.9991933721073674, "model__learning_rate": 0.26600432949651587, "model__max_depth": 7.875223984504476, "model__n_estimators": 25.076254111910043, "model__reg_lambda": 0.30805448820457215}, "datetime": {"datetime": "2021-03-24 00:56:53", "elapsed": 77.989904, "delta": 1.388992}}
{"target": -0.3573782280337173, "params": {"model__colsample_bylevel": 0.3, "model__colsample_bynode": 0.3, "model__colsample_bytree": 1.0, "model__learning_rate": 0.3, "model__max_depth": 5.581492257388848, "model__n_estimators": 21.398716074517864, "model__reg_lambda": 9.752537834242407}, "datetime": {"datetime": "2021-03-24 00:56:54", "elapsed": 79.471017, "delta": 1.481113}}
{"target": -0.35061894958919804, "params": {"model__colsample_bylevel": 1.0, "model__colsample_bynode": 0.9986070132769698, "model__colsample_bytree": 0.3, "model__learning_rate": 0.3, "model__max_depth": 8.0, "model__n_estimators": 27.587232360475564, "model__reg_lambda": 10.0}, "datetime": {"datetime": "2021-03-24 00:56:56", "elapsed": 80.834953, "delta": 1.363936}}
{"target": -0.32287416011111925, "params": {"model__colsample_bylevel": 1.0, "model__colsample_bynode": 0.3, "model__colsample_bytree": 1.0, "model__learning_rate": 0.3, "model__max_depth": 2.000000000134928, "model__n_estimators": 25.56459844485153, "model__reg_lambda": 0.32102749569880473}, "datetime": {"datetime": "2021-03-24 00:56:57", "elapsed": 81.960495, "delta": 1.125542}}
{"target": -0.37852339033354615, "params": {"model__colsample_bylevel": 0.9999999968305799, "model__colsample_bynode": 0.9999999968305799, "model__colsample_bytree": 1.0, "model__learning_rate": 0.3, "model__max_depth": 2.0000000271664575, "model__n_estimators": 20.906009940132165, "model__reg_lambda": 5.654790085922109}, "datetime": {"datetime": "2021-03-24 00:56:58", "elapsed": 83.439177, "delta": 1.478682}}
{"target": -0.3672060372431904, "params": {"model__colsample_bylevel": 0.46356454081851267, "model__colsample_bynode": 0.9517328805788601, "model__colsample_bytree": 0.7223875365627985, "model__learning_rate": 0.2877874627192606, "model__max_depth": 6.227868353283774, "model__n_estimators": 27.65956148903362, "model__reg_lambda": 0.34768990262585175}, "datetime": {"datetime": "2021-03-24 00:57:00", "elapsed": 84.698619, "delta": 1.259442}}
{"target": -0.39281606537195435, "params": {"model__colsample_bylevel": 1.0, "model__colsample_bynode": 1.0, "model__colsample_bytree": 0.3, "model__learning_rate": 0.1, "model__max_depth": 5.498388994243423, "model__n_estimators": 29.999999999704695, "model__reg_lambda": 3.421791082716284}, "datetime": {"datetime": "2021-03-24 00:57:01", "elapsed": 86.077238, "delta": 1.378619}}
{"target": -0.38872435172695824, "params": {"model__colsample_bylevel": 1.0, "model__colsample_bynode": 0.3, "model__colsample_bytree": 0.3, "model__learning_rate": 0.3, "model__max_depth": 3.9366342486893418, "model__n_estimators": 15.0, "model__reg_lambda": 10.0}, "datetime": {"datetime": "2021-03-24 00:57:02", "elapsed": 87.29843, "delta": 1.221192}}
{"target": -0.3301343723699666, "params": {"model__colsample_bylevel": 0.5105837129713652, "model__colsample_bynode": 0.34103871656740076, "model__colsample_bytree": 0.8931905515659406, "model__learning_rate": 0.29653585884562683, "model__max_depth": 3.900814678546758, "model__n_estimators": 26.044861621758812, "model__reg_lambda": 6.234457006458557}, "datetime": {"datetime": "2021-03-24 00:57:03", "elapsed": 88.504322, "delta": 1.205892}}
{"target": -0.3687453439560435, "params": {"model__colsample_bylevel": 1.0, "model__colsample_bynode": 0.3, "model__colsample_bytree": 1.0, "model__learning_rate": 0.3, "model__max_depth": 2.07833169029268, "model__n_estimators": 27.6418222869202, "model__reg_lambda": 10.0}, "datetime": {"datetime": "2021-03-24 00:57:05", "elapsed": 89.707812, "delta": 1.20349}}
{"target": -0.3351614637698546, "params": {"model__colsample_bylevel": 0.5818442345161854, "model__colsample_bynode": 0.3020305698353237, "model__colsample_bytree": 0.772610394457837, "model__learning_rate": 0.2094647035726429, "model__max_depth": 7.700953209739314, "model__n_estimators": 29.991388715970555, "model__reg_lambda": 5.748149211263961}, "datetime": {"datetime": "2021-03-24 00:57:06", "elapsed": 91.15091, "delta": 1.443098}}
{"target": -0.35802514821533926, "params": {"model__colsample_bylevel": 0.3, "model__colsample_bynode": 0.3, "model__colsample_bytree": 1.0, "model__learning_rate": 0.3, "model__max_depth": 3.2937623210445, "model__n_estimators": 20.822216427334673, "model__reg_lambda": 5.774216616405484}, "datetime": {"datetime": "2021-03-24 00:57:07", "elapsed": 92.300713, "delta": 1.149803}}
{"target": -0.3505520141244852, "params": {"model__colsample_bylevel": 1.0, "model__colsample_bynode": 0.3, "model__colsample_bytree": 1.0, "model__learning_rate": 0.3, "model__max_depth": 8.0, "model__n_estimators": 15.0, "model__reg_lambda": 6.111864500329232}, "datetime": {"datetime": "2021-03-24 00:57:08", "elapsed": 93.443229, "delta": 1.142516}}
{"target": -0.35602644629425545, "params": {"model__colsample_bylevel": 0.3300238492438825, "model__colsample_bynode": 0.6700141438670975, "model__colsample_bytree": 0.3494383737480815, "model__learning_rate": 0.2819206312782452, "model__max_depth": 7.2578403324660545, "model__n_estimators": 21.406411005067667, "model__reg_lambda": 2.156950867980844}, "datetime": {"datetime": "2021-03-24 00:57:09", "elapsed": 94.545392, "delta": 1.102163}}
{"target": -0.36923143888445764, "params": {"model__colsample_bylevel": 1.0, "model__colsample_bynode": 0.5924426883656104, "model__colsample_bytree": 0.48530067154516615, "model__learning_rate": 0.3, "model__max_depth": 3.1800635740087158, "model__n_estimators": 19.98070791529474, "model__reg_lambda": 1.618201374921165}, "datetime": {"datetime": "2021-03-24 00:57:11", "elapsed": 95.876987, "delta": 1.331595}}
{"target": -0.33439058183651904, "params": {"model__colsample_bylevel": 1.0, "model__colsample_bynode": 0.6510445308934472, "model__colsample_bytree": 1.0, "model__learning_rate": 0.3, "model__max_depth": 7.995654378603205, "model__n_estimators": 21.975358809635356, "model__reg_lambda": 8.61433803640365}, "datetime": {"datetime": "2021-03-24 00:57:12", "elapsed": 97.068385, "delta": 1.191398}}
{"target": -0.3498385112611172, "params": {"model__colsample_bylevel": 0.9797704101620559, "model__colsample_bynode": 0.3123570332241626, "model__colsample_bytree": 0.9586565223031502, "model__learning_rate": 0.2763533801961596, "model__max_depth": 7.930177714279198, "model__n_estimators": 29.441175451259003, "model__reg_lambda": 3.0781207425717683}, "datetime": {"datetime": "2021-03-24 00:57:13", "elapsed": 98.36731, "delta": 1.298925}}
{"target": -0.3440165783359629, "params": {"model__colsample_bylevel": 0.34870427222876577, "model__colsample_bynode": 0.9480403803898207, "model__colsample_bytree": 0.5828980580205059, "model__learning_rate": 0.21870509896478324, "model__max_depth": 7.980505483652546, "model__n_estimators": 29.657150554634583, "model__reg_lambda": 0.95205494040286}, "datetime": {"datetime": "2021-03-24 00:57:15", "elapsed": 99.664544, "delta": 1.297234}}
{"target": -0.33186631755670526, "params": {"model__colsample_bylevel": 1.0, "model__colsample_bynode": 0.30000001760113437, "model__colsample_bytree": 0.3, "model__learning_rate": 0.3, "model__max_depth": 7.201209834692335, "model__n_estimators": 24.632914911104848, "model__reg_lambda": 1.4736982707625514}, "datetime": {"datetime": "2021-03-24 00:57:16", "elapsed": 101.253923, "delta": 1.589379}}
{"target": -0.3365294977146929, "params": {"model__colsample_bylevel": 0.3, "model__colsample_bynode": 0.9999999993880848, "model__colsample_bytree": 1.0, "model__learning_rate": 0.3, "model__max_depth": 3.9539389796984215, "model__n_estimators": 20.84706967001341, "model__reg_lambda": 0.0}, "datetime": {"datetime": "2021-03-24 00:57:18", "elapsed": 102.816627, "delta": 1.562704}}
{"target": -0.34418878661421387, "params": {"model__colsample_bylevel": 0.4924550554028217, "model__colsample_bynode": 0.9911184689799077, "model__colsample_bytree": 0.9991911402583051, "model__learning_rate": 0.23554348850667128, "model__max_depth": 7.924376936654605, "model__n_estimators": 23.989913865804322, "model__reg_lambda": 3.7895303902358393}, "datetime": {"datetime": "2021-03-24 00:57:19", "elapsed": 104.054221, "delta": 1.237594}}
{"target": -0.3441319110918034, "params": {"model__colsample_bylevel": 0.7295441478431604, "model__colsample_bynode": 0.3347353224955196, "model__colsample_bytree": 0.7120279259697405, "model__learning_rate": 0.29480437991642094, "model__max_depth": 4.196974706166144, "model__n_estimators": 28.64224863969205, "model__reg_lambda": 9.637038158574683}, "datetime": {"datetime": "2021-03-24 00:57:20", "elapsed": 105.423871, "delta": 1.36965}}
{"target": -0.3286562468199417, "params": {"model__colsample_bylevel": 0.9413618420179994, "model__colsample_bynode": 0.5815987341434897, "model__colsample_bytree": 0.9869922054988667, "model__learning_rate": 0.2867898530722832, "model__max_depth": 5.101646761138601, "model__n_estimators": 23.99359205200581, "model__reg_lambda": 0.2480027921259509}, "datetime": {"datetime": "2021-03-24 00:57:22", "elapsed": 106.899509, "delta": 1.475638}}
{"target": -0.355011690817301, "params": {"model__colsample_bylevel": 1.0, "model__colsample_bynode": 0.3, "model__colsample_bytree": 0.6764876956315351, "model__learning_rate": 0.3, "model__max_depth": 4.950055062121301, "model__n_estimators": 26.76738489165349, "model__reg_lambda": 5.464501574861416}, "datetime": {"datetime": "2021-03-24 00:57:23", "elapsed": 108.017332, "delta": 1.117823}}
{"target": -0.3355012804047083, "params": {"model__colsample_bylevel": 1.0, "model__colsample_bynode": 1.0, "model__colsample_bytree": 1.0, "model__learning_rate": 0.3, "model__max_depth": 6.516734810676629, "model__n_estimators": 21.893515220990516, "model__reg_lambda": 7.2595639060565835}, "datetime": {"datetime": "2021-03-24 00:57:24", "elapsed": 109.529655, "delta": 1.512323}}
{"target": -0.3706364383158423, "params": {"model__colsample_bylevel": 0.39410467691345286, "model__colsample_bynode": 0.3688150403210328, "model__colsample_bytree": 0.31132322560909875, "model__learning_rate": 0.2378298464658264, "model__max_depth": 2.5445252270284193, "model__n_estimators": 18.053641895809555, "model__reg_lambda": 0.29209779953208614}, "datetime": {"datetime": "2021-03-24 00:57:26", "elapsed": 110.800482, "delta": 1.270827}}
{"target": -0.3519329114172581, "params": {"model__colsample_bylevel": 0.3128723801223885, "model__colsample_bynode": 0.3946001487239629, "model__colsample_bytree": 0.9863413145667008, "model__learning_rate": 0.2680867658125632, "model__max_depth": 3.2537794157198725, "model__n_estimators": 29.617404251468592, "model__reg_lambda": 7.814448285102046}, "datetime": {"datetime": "2021-03-24 00:57:27", "elapsed": 112.190263, "delta": 1.389781}}
{"target": -0.35117889867852564, "params": {"model__colsample_bylevel": 0.9867391716270963, "model__colsample_bynode": 0.9930117930613684, "model__colsample_bytree": 0.8918504894896371, "model__learning_rate": 0.2991964820071989, "model__max_depth": 6.750547342238349, "model__n_estimators": 28.993469625925563, "model__reg_lambda": 5.736614834232501}, "datetime": {"datetime": "2021-03-24 00:57:29", "elapsed": 113.781186, "delta": 1.590923}}
{"target": -0.3855576784859506, "params": {"model__colsample_bylevel": 1.0, "model__colsample_bynode": 1.0, "model__colsample_bytree": 1.0, "model__learning_rate": 0.3, "model__max_depth": 8.0, "model__n_estimators": 15.343835145054005, "model__reg_lambda": 4.078420010569967}, "datetime": {"datetime": "2021-03-24 00:57:30", "elapsed": 115.235036, "delta": 1.45385}}
{"target": -0.4006622583423134, "params": {"model__colsample_bylevel": 1.0, "model__colsample_bynode": 1.0, "model__colsample_bytree": 0.3, "model__learning_rate": 0.3, "model__max_depth": 2.0, "model__n_estimators": 15.0, "model__reg_lambda": 7.263968780819326}, "datetime": {"datetime": "2021-03-24 00:57:31", "elapsed": 116.357463, "delta": 1.122427}}
