{"target": -0.3323078623034762, "params": {"model__colsample_bylevel": 0.3126017926403864, "model__colsample_bynode": 0.9443074837294045, "model__colsample_bytree": 0.9660537330138286, "model__learning_rate": 0.2842976417947253, "model__max_depth": 6.7901332819749936, "model__n_estimators": 26.44117176820034, "model__reg_lambda": 5.541974824786396}, "datetime": {"datetime": "2021-03-24 00:57:33", "elapsed": 117.691573, "delta": 1.33411}}
{"target": -0.33151366683921063, "params": {"model__colsample_bylevel": 1.0, "model__colsample_bynode": 0.30000004202513225, "model__colsample_bytree": 1.0, "model__learning_rate": 0.3, "model__max_depth": 8.0, "model__n_estimators": 17.348825777531314, "model__reg_lambda": 1.1277536903884853}, "datetime": {"datetime": "2021-03-24 00:57:34", "elapsed": 118.9748, "delta": 1.283227}}
{"target": -0.35608144291015204, "params": {"model__colsample_bylevel": 0.3, "model__colsample_bynode": 1.0, "model__colsample_bytree": 1.0, "model__learning_rate": 0.3, "model__max_depth": 2.3572926831733385, "model__n_estimators": 26.222518684697505, "model__reg_lambda": 5.894870520877151}, "datetime": {"datetime": "2021-03-24 00:57:35", "elapsed": 120.282698, "delta": 1.307898}}
{"target": -0.3573845812490723, "params": {"model__colsample_bylevel": 0.3, "model__colsample_bynode": 0.30000000420279166, "model__colsample_bytree": 1.0, "model__learning_rate": 0.3, "model__max_depth": 3.0720778416853274, "model__n_estimators": 23.276201005685568, "model__reg_lambda": 7.144077204761143}, "datetime": {"datetime": "2021-03-24 00:57:36", "elapsed": 121.496437, "delta": 1.213739}}
{"target": -0.3861855001296794, "params": {"model__colsample_bylevel": 0.4574999990410857, "model__colsample_bynode": 0.32203038812744483, "model__colsample_bytree": 0.6278902684479155, "model__learning_rate": 0.2917608575292082, "model__max_depth": 7.843887222284595, "model__n_estimators": 27.36697909529717, "model__reg_lambda": 8.370737735561987}, "datetime": {"datetime": "2021-03-24 00:57:38", "elapsed": 122.894857, "delta": 1.39842}}
{"target": -0.40359187160713084, "params": {"model__colsample_bylevel": 0.5838585786217203, "model__colsample_bynode": 0.3006531346371578, "model__colsample_bytree": 0.8787079991506477, "model__learning_rate": 0.2711188024312815, "model__max_depth": 6.169173671923129, "model__n_estimators": 15.270821372914218, "model__reg_lambda": 9.9440999384177}, "datetime": {"datetime": "2021-03-24 00:57:39", "elapsed": 124.010542, "delta": 1.115685}}
{"target": -0.3469131938637356, "params": {"model__colsample_bylevel": 0.9949749049959928, "model__colsample_bynode": 0.40101050536609706, "model__colsample_bytree": 0.43469189636683325, "model__learning_rate": 0.2850844246656413, "model__max_depth": 5.4637048205765915, "model__n_estimators": 21.399471385806297, "model__reg_lambda": 2.404531483730218}, "datetime": {"datetime": "2021-03-24 00:57:40", "elapsed": 125.305899, "delta": 1.295357}}
{"target": -0.41319903827987725, "params": {"model__colsample_bylevel": 0.4058089535685326, "model__colsample_bynode": 0.8147045235813342, "model__colsample_bytree": 0.3174636660682045, "model__learning_rate": 0.26974795078601665, "model__max_depth": 7.927335483572642, "model__n_estimators": 15.028101522790754, "model__reg_lambda": 7.409408789720919}, "datetime": {"datetime": "2021-03-24 00:57:41", "elapsed": 126.409253, "delta": 1.103354}}
{"target": -0.34119165770918725, "params": {"model__colsample_bylevel": 0.9177628703660868, "model__colsample_bynode": 1.0, "model__colsample_bytree": 1.0, "model__learning_rate": 0.3, "model__max_depth": 6.393108980692047, "model__n_estimators": 28.934106949265868, "model__reg_lambda": 9.688871968404275}, "datetime": {"datetime": "2021-03-24 00:57:43", "elapsed": 127.682911, "delta": 1.273658}}
{"target": -0.3609259293210504, "params": {"model__colsample_bylevel": 0.4169109854351596, "model__colsample_bynode": 0.40371855646635096, "model__colsample_bytree": 0.9346437623162083, "model__learning_rate": 0.29921752208579355, "model__max_depth": 3.9672203638096795, "model__n_estimators": 27.727119379921888, "model__reg_lambda": 2.78076405243036}, "datetime": {"datetime": "2021-03-24 00:57:44", "elapsed": 128.944996, "delta": 1.262085}}
{"target": -0.3383965463286428, "params": {"model__colsample_bylevel": 1.0, "model__colsample_bynode": 0.3, "model__colsample_bytree": 1.0, "model__learning_rate": 0.3, "model__max_depth": 2.702259099590305, "model__n_estimators": 25.122003785540446, "model__reg_lambda": 3.6776027834771696}, "datetime": {"datetime": "2021-03-24 00:57:45", "elapsed": 130.310162, "delta": 1.365166}}
{"target": -0.3293732273783805, "params": {"model__colsample_bylevel": 0.43934109410831135, "model__colsample_bynode": 0.4805520506128592, "model__colsample_bytree": 0.9346475491005388, "model__learning_rate": 0.2644167278340953, "model__max_depth": 7.975855392007268, "model__n_estimators": 19.46509145705496, "model__reg_lambda": 1.4877974556180629}, "datetime": {"datetime": "2021-03-24 00:57:46", "elapsed": 131.497803, "delta": 1.187641}}
{"target": -0.38855478860761805, "params": {"model__colsample_bylevel": 1.0, "model__colsample_bynode": 0.3, "model__colsample_bytree": 0.3, "model__learning_rate": 0.3, "model__max_depth": 2.000000000104671, "model__n_estimators": 30.0, "model__reg_lambda": 10.0}, "datetime": {"datetime": "2021-03-24 00:57:47", "elapsed": 132.519944, "delta": 1.022141}}
{"target": -0.3809348515299001, "params": {"model__colsample_bylevel": 1.0, "model__colsample_bynode": 1.0, "model__colsample_bytree": 0.3, "model__learning_rate": 0.3, "model__max_depth": 2.0, "model__n_estimators": 23.25860545677466, "model__reg_lambda": 10.0}, "datetime": {"datetime": "2021-03-24 00:57:49", "elapsed": 133.805552, "delta": 1.285608}}
{"target": -0.3071266557787422, "params": {"model__colsample_bylevel": 0.9621507689342408, "model__colsample_bynode": 0.397795784089267, "model__colsample_bytree": 0.9618967892801069, "model__learning_rate": 0.2770733494250177, "model__max_depth": 3.4007104673522557, "model__n_estimators": 23.24706691021945, "model__reg_lambda": 0.08693503122859658}, "datetime": {"datetime": "2021-03-24 00:57:50", "elapsed": 135.23407, "delta": 1.428518}}
{"target": -0.37374862592255675, "params": {"model__colsample_bylevel": 0.3012355966016281, "model__colsample_bynode": 0.36418283870951224, "model__colsample_bytree": 0.6263810814516366, "model__learning_rate": 0.23717196852108113, "model__max_depth": 3.0448998986517757, "model__n_estimators": 29.866077205885006, "model__reg_lambda": 4.163399725082853}, "datetime": {"datetime": "2021-03-24 00:57:51", "elapsed": 136.478973, "delta": 1.244903}}
{"target": -0.34660313681992905, "params": {"model__colsample_bylevel": 0.6681752740014657, "model__colsample_bynode": 0.9893470741076791, "model__colsample_bytree": 0.9387134957679888, "model__learning_rate": 0.2922039734772526, "model__max_depth": 5.228380717477556, "model__n_estimators": 24.589689822391243, "model__reg_lambda": 2.5747297738421473}, "datetime": {"datetime": "2021-03-24 00:57:52", "elapsed": 137.64731, "delta": 1.168337}}
{"target": -0.40219753245094225, "params": {"model__colsample_bylevel": 0.3, "model__colsample_bynode": 0.33527250424011323, "model__colsample_bytree": 0.3, "model__learning_rate": 0.3, "model__max_depth": 3.4961928144981336, "model__n_estimators": 20.291037320939555, "model__reg_lambda": 0.0}, "datetime": {"datetime": "2021-03-24 00:57:54", "elapsed": 138.97871, "delta": 1.3314}}
{"target": -0.3582040588247448, "params": {"model__colsample_bylevel": 0.3943088424506521, "model__colsample_bynode": 0.974544789942428, "model__colsample_bytree": 0.6118030116851808, "model__learning_rate": 0.2566092083373869, "model__max_depth": 2.2931951900153464, "model__n_estimators": 17.08380951814246, "model__reg_lambda": 0.09754837656145043}, "datetime": {"datetime": "2021-03-24 00:57:55", "elapsed": 140.103713, "delta": 1.125003}}
{"target": -0.315801741789851, "params": {"model__colsample_bylevel": 0.743747305125793, "model__colsample_bynode": 0.9653971064696707, "model__colsample_bytree": 0.942236997579992, "model__learning_rate": 0.2955446103340629, "model__max_depth": 3.7979123314840897, "model__n_estimators": 27.388903807535563, "model__reg_lambda": 7.201842205055463}, "datetime": {"datetime": "2021-03-24 00:57:56", "elapsed": 141.423589, "delta": 1.319876}}
{"target": -0.3408139284484196, "params": {"model__colsample_bylevel": 1.0, "model__colsample_bynode": 0.346547247353391, "model__colsample_bytree": 0.6908826348678421, "model__learning_rate": 0.3, "model__max_depth": 2.0, "model__n_estimators": 30.0, "model__reg_lambda": 1.770075877497457}, "datetime": {"datetime": "2021-03-24 00:57:58", "elapsed": 142.857843, "delta": 1.434254}}
{"target": -0.341357528961574, "params": {"model__colsample_bylevel": 0.9972624811069879, "model__colsample_bynode": 0.9894095988259883, "model__colsample_bytree": 0.9327471938007688, "model__learning_rate": 0.2524305377374143, "model__max_depth": 3.6873353378851785, "model__n_estimators": 26.033277597809043, "model__reg_lambda": 9.746526931643807}, "datetime": {"datetime": "2021-03-24 00:57:59", "elapsed": 144.296133, "delta": 1.43829}}
{"target": -0.33372961942214463, "params": {"model__colsample_bylevel": 0.3761911920742292, "model__colsample_bynode": 0.9493421239187072, "model__colsample_bytree": 0.9943133095374848, "model__learning_rate": 0.29219511298411827, "model__max_depth": 7.908775627648012, "model__n_estimators": 20.064336188507372, "model__reg_lambda": 3.6154969976415394}, "datetime": {"datetime": "2021-03-24 00:58:01", "elapsed": 145.783956, "delta": 1.487823}}
{"target": -0.35795725459887556, "params": {"model__colsample_bylevel": 1.0, "model__colsample_bynode": 1.0, "model__colsample_bytree": 0.3, "model__learning_rate": 0.3, "model__max_depth": 6.310947229618176, "model__n_estimators": 15.0, "model__reg_lambda": 1.2060195228846682}, "datetime": {"datetime": "2021-03-24 00:58:02", "elapsed": 147.543039, "delta": 1.759083}}
{"target": -0.3859543547783371, "params": {"model__colsample_bylevel": 0.9999999998881793, "model__colsample_bynode": 0.3895965188499595, "model__colsample_bytree": 0.3, "model__learning_rate": 0.3, "model__max_depth": 4.519198252009813, "model__n_estimators": 15.0, "model__reg_lambda": 5.190302652431399}, "datetime": {"datetime": "2021-03-24 00:58:04", "elapsed": 148.85399, "delta": 1.310951}}
{"target": -0.335965363307775, "params": {"model__colsample_bylevel": 0.3, "model__colsample_bynode": 1.0, "model__colsample_bytree": 0.9999999999901605, "model__learning_rate": 0.3, "model__max_depth": 4.89326179697135, "model__n_estimators": 28.6037513003186, "model__reg_lambda": 7.268305500292705}, "datetime": {"datetime": "2021-03-24 00:58:05", "elapsed": 150.061846, "delta": 1.207856}}
{"target": -0.3373262638212654, "params": {"model__colsample_bylevel": 0.9086107333277429, "model__colsample_bynode": 0.9195876603614219, "model__colsample_bytree": 0.9034468776829243, "model__learning_rate": 0.28735607188697865, "model__max_depth": 4.4248020930629615, "model__n_estimators": 24.313237631868454, "model__reg_lambda": 7.699500999940322}, "datetime": {"datetime": "2021-03-24 00:58:06", "elapsed": 151.527547, "delta": 1.465701}}
{"target": -0.327873280220935, "params": {"model__colsample_bylevel": 0.3471375453665081, "model__colsample_bynode": 0.511874837522543, "model__colsample_bytree": 0.8553973126783834, "model__learning_rate": 0.2746921259273366, "model__max_depth": 7.796389510924203, "model__n_estimators": 25.882123198023486, "model__reg_lambda": 3.4725411599529385}, "datetime": {"datetime": "2021-03-24 00:58:08", "elapsed": 152.67686, "delta": 1.149313}}
{"target": -0.31196374480715494, "params": {"model__colsample_bylevel": 0.9730429476021625, "model__colsample_bynode": 0.316593365606448, "model__colsample_bytree": 0.6815633798498482, "model__learning_rate": 0.2997073223119132, "model__max_depth": 5.731512296672724, "model__n_estimators": 22.44439422468735, "model__reg_lambda": 0.4972973358369348}, "datetime": {"datetime": "2021-03-24 00:58:09", "elapsed": 153.967598, "delta": 1.290738}}
{"target": -0.33801657956146697, "params": {"model__colsample_bylevel": 1.0, "model__colsample_bynode": 1.0, "model__colsample_bytree": 1.0, "model__learning_rate": 0.3, "model__max_depth": 2.0, "model__n_estimators": 30.0, "model__reg_lambda": 0.0}, "datetime": {"datetime": "2021-03-24 00:58:10", "elapsed": 155.462811, "delta": 1.495213}}
{"target": -0.35384791027079676, "params": {"model__colsample_bylevel": 0.949380342839276, "model__colsample_bynode": 0.9997482429285609, "model__colsample_bytree": 0.9777415256155482, "model__learning_rate": 0.2745948463745291, "model__max_depth": 3.2071667122960923, "model__n_estimators": 26.934364444935582, "model__reg_lambda": 4.945082711932298}, "datetime": {"datetime": "2021-03-24 00:58:12", "elapsed": 156.678408, "delta": 1.215597}}
{"target": -0.3429875848531399, "params": {"model__colsample_bylevel": 0.3053638946467521, "model__colsample_bynode": 1.0, "model__colsample_bytree": 1.0, "model__learning_rate": 0.3, "model__max_depth": 4.298728582186414, "model__n_estimators": 28.011714984835134, "model__reg_lambda": 10.0}, "datetime": {"datetime": "2021-03-24 00:58:13", "elapsed": 157.887696, "delta": 1.209288}}
{"target": -0.33424578806422517, "params": {"model__colsample_bylevel": 0.37587414006543285, "model__colsample_bynode": 0.917965041594542, "model__colsample_bytree": 1.0, "model__learning_rate": 0.3, "model__max_depth": 2.0, "model__n_estimators": 23.648577157578035, "model__reg_lambda": 0.47981559336975116}, "datetime": {"datetime": "2021-03-24 00:58:14", "elapsed": 159.136441, "delta": 1.248745}}
{"target": -0.34181495500573267, "params": {"model__colsample_bylevel": 0.4844706560643024, "model__colsample_bynode": 0.9785318369068203, "model__colsample_bytree": 0.9319398602921352, "model__learning_rate": 0.2912824949386943, "model__max_depth": 4.722232408358767, "model__n_estimators": 23.359057957385097, "model__reg_lambda": 9.76486133788566}, "datetime": {"datetime": "2021-03-24 00:58:15", "elapsed": 160.622058, "delta": 1.485617}}
{"target": -0.37885418242396973, "params": {"model__colsample_bylevel": 1.0, "model__colsample_bynode": 0.3, "model__colsample_bytree": 1.0, "model__learning_rate": 0.3, "model__max_depth": 2.523727173063113, "model__n_estimators": 15.0, "model__reg_lambda": 6.525209721010894}, "datetime": {"datetime": "2021-03-24 00:58:17", "elapsed": 161.889746, "delta": 1.267688}}
{"target": -0.34463497227044315, "params": {"model__colsample_bylevel": 0.30000005373856453, "model__colsample_bynode": 0.3000000608883189, "model__colsample_bytree": 0.9999999703845838, "model__learning_rate": 0.3, "model__max_depth": 5.878802470802535, "model__n_estimators": 22.114131769171035, "model__reg_lambda": 4.886597847360466}, "datetime": {"datetime": "2021-03-24 00:58:18", "elapsed": 163.228911, "delta": 1.339165}}
{"target": -0.3640728891024069, "params": {"model__colsample_bylevel": 0.3, "model__colsample_bynode": 1.0, "model__colsample_bytree": 1.0, "model__learning_rate": 0.3, "model__max_depth": 8.0, "model__n_estimators": 17.52971210549406, "model__reg_lambda": 10.0}, "datetime": {"datetime": "2021-03-24 00:58:19", "elapsed": 164.530846, "delta": 1.301935}}
{"target": -0.32790214539694507, "params": {"model__colsample_bylevel": 0.5815695425432752, "model__colsample_bynode": 0.9434475023651892, "model__colsample_bytree": 0.980990275642114, "model__learning_rate": 0.29833361362380917, "model__max_depth": 7.9540838872710085, "model__n_estimators": 23.016169164861765, "model__reg_lambda": 6.991540260174627}, "datetime": {"datetime": "2021-03-24 00:58:21", "elapsed": 165.925089, "delta": 1.394243}}
{"target": -0.34228714012466643, "params": {"model__colsample_bylevel": 0.9684290281148737, "model__colsample_bynode": 0.9440752668042658, "model__colsample_bytree": 0.32188124695432135, "model__learning_rate": 0.2551398447386949, "model__max_depth": 7.923568926416262, "model__n_estimators": 19.285740661169406, "model__reg_lambda": 1.360783012830371}, "datetime": {"datetime": "2021-03-24 00:58:22", "elapsed": 167.207908, "delta": 1.282819}}
{"target": -0.4194063486531377, "params": {"model__colsample_bylevel": 1.0, "model__colsample_bynode": 0.3, "model__colsample_bytree": 0.3, "model__learning_rate": 0.3, "model__max_depth": 2.0, "model__n_estimators": 16.534900958949464, "model__reg_lambda": 10.0}, "datetime": {"datetime": "2021-03-24 00:58:23", "elapsed": 168.601687, "delta": 1.393779}}
{"target": -0.38871468045357344, "params": {"model__colsample_bylevel": 0.4011443225604617, "model__colsample_bynode": 0.9255639187352451, "model__colsample_bytree": 0.8999310464316559, "model__learning_rate": 0.1146137474476632, "model__max_depth": 7.827603786648153, "model__n_estimators": 17.251421020405594, "model__reg_lambda": 0.3667250139792666}, "datetime": {"datetime": "2021-03-24 00:58:25", "elapsed": 169.972763, "delta": 1.371076}}
{"target": -0.3488999819703589, "params": {"model__colsample_bylevel": 0.6233569529145374, "model__colsample_bynode": 0.3341153553867843, "model__colsample_bytree": 0.9363595577672013, "model__learning_rate": 0.2840327528154284, "model__max_depth": 4.900868583165235, "model__n_estimators": 24.370667210438338, "model__reg_lambda": 4.044826982030592}, "datetime": {"datetime": "2021-03-24 00:58:26", "elapsed": 171.355667, "delta": 1.382904}}
{"target": -0.34363651541635337, "params": {"model__colsample_bylevel": 0.3894285039363754, "model__colsample_bynode": 0.8551225050976752, "model__colsample_bytree": 0.9790029094851618, "model__learning_rate": 0.251770732229262, "model__max_depth": 4.570696138634436, "model__n_estimators": 22.257584478125686, "model__reg_lambda": 6.554244265002902}, "datetime": {"datetime": "2021-03-24 00:58:27", "elapsed": 172.578883, "delta": 1.223216}}
{"target": -0.34363115578889847, "params": {"model__colsample_bylevel": 0.9797274070288, "model__colsample_bynode": 1.0, "model__colsample_bytree": 0.3, "model__learning_rate": 0.3, "model__max_depth": 2.0, "model__n_estimators": 27.137313555187745, "model__reg_lambda": 2.151350403679944}, "datetime": {"datetime": "2021-03-24 00:58:29", "elapsed": 174.126305, "delta": 1.547422}}
{"target": -0.3191087055910864, "params": {"model__colsample_bylevel": 0.9128898029815415, "model__colsample_bynode": 0.37477865950215, "model__colsample_bytree": 0.82570269712569, "model__learning_rate": 0.2911539720988805, "model__max_depth": 7.792167332644616, "model__n_estimators": 25.668064818710953, "model__reg_lambda": 5.127450598365362}, "datetime": {"datetime": "2021-03-24 00:58:31", "elapsed": 175.785542, "delta": 1.659237}}
{"target": -0.3408016118494308, "params": {"model__colsample_bylevel": 0.8907758035635569, "model__colsample_bynode": 0.3, "model__colsample_bytree": 0.7824722944682317, "model__learning_rate": 0.3, "model__max_depth": 7.527491246520639, "model__n_estimators": 18.934509977848528, "model__reg_lambda": 2.6655763896677995}, "datetime": {"datetime": "2021-03-24 00:58:32", "elapsed": 177.316975, "delta": 1.531433}}
{"target": -0.34447087879415833, "params": {"model__colsample_bylevel": 0.32816660377070184, "model__colsample_bynode": 0.8622590972953943, "model__colsample_bytree": 0.3778242931758324, "model__learning_rate": 0.23699829714804346, "model__max_depth": 6.562035570435575, "model__n_estimators": 29.805007765764522, "model__reg_lambda": 0.23328010319774495}, "datetime": {"datetime": "2021-03-24 00:58:33", "elapsed": 178.554442, "delta": 1.237467}}
{"target": -0.3327376518735959, "params": {"model__colsample_bylevel": 1.0, "model__colsample_bynode": 0.7661240580121439, "model__colsample_bytree": 0.999999996813739, "model__learning_rate": 0.3, "model__max_depth": 4.893316071567123, "model__n_estimators": 29.01791313021957, "model__reg_lambda": 8.428703741663927}, "datetime": {"datetime": "2021-03-24 00:58:35", "elapsed": 180.280231, "delta": 1.725789}}
{"target": -0.3569462746977333, "params": {"model__colsample_bylevel": 0.9797731867742292, "model__colsample_bynode": 0.711161565376083, "model__colsample_bytree": 0.5673209106867538, "model__learning_rate": 0.2740794572781721, "model__max_depth": 7.935405679790277, "model__n_estimators": 26.311232802618242, "model__reg_lambda": 3.8622155147496184}, "datetime": {"datetime": "2021-03-24 00:58:36", "elapsed": 181.528376, "delta": 1.248145}}
{"target": -0.31723460667915104, "params": {"model__colsample_bylevel": 0.8818195041326051, "model__colsample_bynode": 0.4769226062780634, "model__colsample_bytree": 0.9613110525323669, "model__learning_rate": 0.2973122202609003, "model__max_depth": 3.7731258598376067, "model__n_estimators": 23.903617753513174, "model__reg_lambda": 9.989809227254058}, "datetime": {"datetime": "2021-03-24 00:58:38", "elapsed": 183.051761, "delta": 1.523385}}
{"target": -0.3337773548390217, "params": {"model__colsample_bylevel": 0.5601219143291204, "model__colsample_bynode": 0.44204196327137724, "model__colsample_bytree": 0.32853421801810434, "model__learning_rate": 0.27018531601701506, "model__max_depth": 7.972931575319128, "model__n_estimators": 29.486205527227852, "model__reg_lambda": 1.7891748326546764}, "datetime": {"datetime": "2021-03-24 00:58:39", "elapsed": 184.153356, "delta": 1.101595}}
{"target": -0.36432149358890087, "params": {"model__colsample_bylevel": 1.0, "model__colsample_bynode": 0.5904429356138334, "model__colsample_bytree": 1.0, "model__learning_rate": 0.3, "model__max_depth": 8.0, "model__n_estimators": 15.0, "model__reg_lambda": 1.9978068875696693}, "datetime": {"datetime": "2021-03-24 00:58:40", "elapsed": 185.320516, "delta": 1.16716}}
