{"target": -0.3840496234069376, "params": {"model__colsample_bylevel": 0.3924571641409016, "model__colsample_bynode": 0.8875385932377298, "model__colsample_bytree": 0.3137625378668113, "model__learning_rate": 0.14567933239764305, "model__max_depth": 7.9155677425482756, "model__n_estimators": 15.093823187973031, "model__reg_lambda": 0.4339320358879062}, "datetime": {"datetime": "2021-03-24 00:48:57", "elapsed": 116.783905, "delta": 1.360789}}
{"target": -0.36422393749184584, "params": {"model__colsample_bylevel": 0.9948065347207298, "model__colsample_bynode": 0.38619150362919036, "model__colsample_bytree": 0.9245251550869082, "model__learning_rate": 0.2812200016967041, "model__max_depth": 5.23738156244209, "model__n_estimators": 15.148160588429569, "model__reg_lambda": 5.715624642202729}, "datetime": {"datetime": "2021-03-24 00:48:58", "elapsed": 117.949829, "delta": 1.165924}}
{"target": -0.3469750210447102, "params": {"model__colsample_bylevel": 1.0, "model__colsample_bynode": 1.0, "model__colsample_bytree": 0.3, "model__learning_rate": 0.3, "model__max_depth": 7.139950866007128, "model__n_estimators": 28.568711571977712, "model__reg_lambda": 7.206440032699036}, "datetime": {"datetime": "2021-03-24 00:48:59", "elapsed": 119.272032, "delta": 1.322203}}
{"target": -0.37894690500621253, "params": {"model__colsample_bylevel": 0.98639194306229, "model__colsample_bynode": 0.9805905756546072, "model__colsample_bytree": 0.9120265155182525, "model__learning_rate": 0.2923244535933666, "model__max_depth": 3.629816093018709, "model__n_estimators": 17.176271111776405, "model__reg_lambda": 0.21563857897703875}, "datetime": {"datetime": "2021-03-24 00:49:01", "elapsed": 120.884263, "delta": 1.612231}}
{"target": -0.3995061671948465, "params": {"model__colsample_bylevel": 0.3095683179282123, "model__colsample_bynode": 0.8407973711346317, "model__colsample_bytree": 0.30277768814467165, "model__learning_rate": 0.18734746494254234, "model__max_depth": 2.0347533271889873, "model__n_estimators": 24.14536175875451, "model__reg_lambda": 0.1993317406175832}, "datetime": {"datetime": "2021-03-24 00:49:02", "elapsed": 122.13633, "delta": 1.252067}}
{"target": -0.406119634475613, "params": {"model__colsample_bylevel": 1.0, "model__colsample_bynode": 1.0, "model__colsample_bytree": 0.3, "model__learning_rate": 0.3, "model__max_depth": 2.0, "model__n_estimators": 15.0, "model__reg_lambda": 6.78241451829463}, "datetime": {"datetime": "2021-03-24 00:49:04", "elapsed": 123.669594, "delta": 1.533264}}
{"target": -0.32208892490931584, "params": {"model__colsample_bylevel": 0.8528175302291772, "model__colsample_bynode": 0.31127548882214584, "model__colsample_bytree": 0.3686948580922063, "model__learning_rate": 0.2515923974908657, "model__max_depth": 6.488777832195792, "model__n_estimators": 27.1658222770805, "model__reg_lambda": 0.16654706843724054}, "datetime": {"datetime": "2021-03-24 00:49:05", "elapsed": 124.829001, "delta": 1.159407}}
{"target": -0.4122667849036879, "params": {"model__colsample_bylevel": 1.0, "model__colsample_bynode": 1.0, "model__colsample_bytree": 1.0, "model__learning_rate": 0.1, "model__max_depth": 5.834734880622209, "model__n_estimators": 30.0, "model__reg_lambda": 10.0}, "datetime": {"datetime": "2021-03-24 00:49:06", "elapsed": 126.412172, "delta": 1.583171}}
{"target": -0.3539434013213369, "params": {"model__colsample_bylevel": 1.0, "model__colsample_bynode": 0.3, "model__colsample_bytree": 1.0, "model__learning_rate": 0.3, "model__max_depth": 8.0, "model__n_estimators": 15.0, "model__reg_lambda": 1.748481691434277}, "datetime": {"datetime": "2021-03-24 00:49:08", "elapsed": 127.555915, "delta": 1.143743}}
{"target": -0.3576917459155716, "params": {"model__colsample_bylevel": 0.3, "model__colsample_bynode": 1.0, "model__colsample_bytree": 0.3, "model__learning_rate": 0.1, "model__max_depth": 8.0, "model__n_estimators": 30.0, "model__reg_lambda": 0.4548748245977753}, "datetime": {"datetime": "2021-03-24 00:49:09", "elapsed": 128.695592, "delta": 1.139677}}
{"target": -0.3372483031181416, "params": {"model__colsample_bylevel": 0.9336413494650437, "model__colsample_bynode": 0.9200302654904089, "model__colsample_bytree": 0.6619895060198546, "model__learning_rate": 0.2934893563032814, "model__max_depth": 7.727703564123174, "model__n_estimators": 28.883280393182147, "model__reg_lambda": 4.486921897519385}, "datetime": {"datetime": "2021-03-24 00:49:10", "elapsed": 130.292221, "delta": 1.596629}}
{"target": -0.3906801896534213, "params": {"model__colsample_bylevel": 1.0, "model__colsample_bynode": 0.3, "model__colsample_bytree": 0.3, "model__learning_rate": 0.3, "model__max_depth": 2.0, "model__n_estimators": 30.0, "model__reg_lambda": 8.180709491851006}, "datetime": {"datetime": "2021-03-24 00:49:12", "elapsed": 131.562357, "delta": 1.270136}}
{"target": -0.32942902857894957, "params": {"model__colsample_bylevel": 0.3, "model__colsample_bynode": 0.3, "model__colsample_bytree": 0.3, "model__learning_rate": 0.3, "model__max_depth": 6.846647657439246, "model__n_estimators": 29.31644628034885, "model__reg_lambda": 0.44385121428351126}, "datetime": {"datetime": "2021-03-24 00:49:13", "elapsed": 132.96949, "delta": 1.407133}}
{"target": -0.3281823860923422, "params": {"model__colsample_bylevel": 0.9999999979758821, "model__colsample_bynode": 0.5002694288096671, "model__colsample_bytree": 0.9999999937337483, "model__learning_rate": 0.3, "model__max_depth": 4.255441550542685, "model__n_estimators": 26.869264093222025, "model__reg_lambda": 5.471874274401832}, "datetime": {"datetime": "2021-03-24 00:49:15", "elapsed": 134.611007, "delta": 1.641517}}
{"target": -0.3437691241344167, "params": {"model__colsample_bylevel": 0.8895043642437421, "model__colsample_bynode": 0.3274249106650457, "model__colsample_bytree": 0.47581682687952576, "model__learning_rate": 0.12932829947126095, "model__max_depth": 7.7841396137175725, "model__n_estimators": 25.59151963997168, "model__reg_lambda": 0.001846412988181223}, "datetime": {"datetime": "2021-03-24 00:49:16", "elapsed": 135.882047, "delta": 1.27104}}
{"target": -0.32766163196310105, "params": {"model__colsample_bylevel": 0.9999999982601252, "model__colsample_bynode": 0.3, "model__colsample_bytree": 1.0, "model__learning_rate": 0.3, "model__max_depth": 3.6146813422023794, "model__n_estimators": 15.0, "model__reg_lambda": 1.3779210308181014e-09}, "datetime": {"datetime": "2021-03-24 00:49:17", "elapsed": 137.319009, "delta": 1.436962}}
{"target": -0.3841650652510208, "params": {"model__colsample_bylevel": 0.3282873035106444, "model__colsample_bynode": 0.9614924785688734, "model__colsample_bytree": 0.35624903619790327, "model__learning_rate": 0.17176192255340092, "model__max_depth": 2.484901043699711, "model__n_estimators": 29.717949098029237, "model__reg_lambda": 1.9397049787912302}, "datetime": {"datetime": "2021-03-24 00:49:19", "elapsed": 138.733973, "delta": 1.414964}}
{"target": -0.34626418694506217, "params": {"model__colsample_bylevel": 0.9948128756517323, "model__colsample_bynode": 0.8207233295625922, "model__colsample_bytree": 0.9743450337869093, "model__learning_rate": 0.2310514531606712, "model__max_depth": 2.06911638713023, "model__n_estimators": 27.691473379383048, "model__reg_lambda": 1.7175653359474918}, "datetime": {"datetime": "2021-03-24 00:49:20", "elapsed": 139.908049, "delta": 1.174076}}
{"target": -0.36992217217086126, "params": {"model__colsample_bylevel": 0.33633157218780513, "model__colsample_bynode": 1.0, "model__colsample_bytree": 1.0, "model__learning_rate": 0.3, "model__max_depth": 4.683332084459519, "model__n_estimators": 17.301669330818864, "model__reg_lambda": 5.985573884747559}, "datetime": {"datetime": "2021-03-24 00:49:21", "elapsed": 141.025999, "delta": 1.11795}}
{"target": -0.33249716551137576, "params": {"model__colsample_bylevel": 0.3043067574691001, "model__colsample_bynode": 0.9036010076318877, "model__colsample_bytree": 0.8823923157306222, "model__learning_rate": 0.29063157004108564, "model__max_depth": 7.920374601440814, "model__n_estimators": 29.458133283465237, "model__reg_lambda": 6.75654041979633}, "datetime": {"datetime": "2021-03-24 00:49:22", "elapsed": 142.49785, "delta": 1.471851}}
{"target": -0.3280755626917581, "params": {"model__colsample_bylevel": 0.6681798790354341, "model__colsample_bynode": 0.4737632025869458, "model__colsample_bytree": 0.6988137074611083, "model__learning_rate": 0.275915598962995, "model__max_depth": 2.007671079697734, "model__n_estimators": 28.267317075641486, "model__reg_lambda": 0.2771901800545662}, "datetime": {"datetime": "2021-03-24 00:49:24", "elapsed": 143.640704, "delta": 1.142854}}
{"target": -0.3570421771714936, "params": {"model__colsample_bylevel": 0.8398072752016944, "model__colsample_bynode": 0.9956507451555735, "model__colsample_bytree": 1.0, "model__learning_rate": 0.3, "model__max_depth": 3.770619338556709, "model__n_estimators": 25.48997041728669, "model__reg_lambda": 3.483300593800804}, "datetime": {"datetime": "2021-03-24 00:49:25", "elapsed": 145.150664, "delta": 1.50996}}
{"target": -0.3152786796988474, "params": {"model__colsample_bylevel": 0.3, "model__colsample_bynode": 1.0, "model__colsample_bytree": 1.0, "model__learning_rate": 0.3, "model__max_depth": 2.9428299168438397, "model__n_estimators": 22.951675357951558, "model__reg_lambda": 0.5913391771984753}, "datetime": {"datetime": "2021-03-24 00:49:27", "elapsed": 146.595324, "delta": 1.44466}}
{"target": -0.3283396913084552, "params": {"model__colsample_bylevel": 0.9103765653622096, "model__colsample_bynode": 0.35780657958843565, "model__colsample_bytree": 0.6589515884881665, "model__learning_rate": 0.27926568695202436, "model__max_depth": 6.339325715702257, "model__n_estimators": 24.01904530298539, "model__reg_lambda": 3.056081034448633}, "datetime": {"datetime": "2021-03-24 00:49:28", "elapsed": 147.927088, "delta": 1.331764}}
{"target": -0.3313018982329042, "params": {"model__colsample_bylevel": 0.3, "model__colsample_bynode": 0.5419401037535005, "model__colsample_bytree": 0.9946058407450495, "model__learning_rate": 0.3, "model__max_depth": 5.065107736994343, "model__n_estimators": 28.09909458051601, "model__reg_lambda": 7.111442605251505}, "datetime": {"datetime": "2021-03-24 00:49:29", "elapsed": 149.215426, "delta": 1.288338}}
{"target": -0.3924998900711375, "params": {"model__colsample_bylevel": 0.9976472168784345, "model__colsample_bynode": 0.9996857495905465, "model__colsample_bytree": 0.8945521008514479, "model__learning_rate": 0.14946015589517697, "model__max_depth": 7.99728437936867, "model__n_estimators": 17.92559971189846, "model__reg_lambda": 1.73556295419659}, "datetime": {"datetime": "2021-03-24 00:49:31", "elapsed": 150.763536, "delta": 1.54811}}
{"target": -0.359978267573414, "params": {"model__colsample_bylevel": 0.3, "model__colsample_bynode": 1.0, "model__colsample_bytree": 0.9999999999999992, "model__learning_rate": 0.3, "model__max_depth": 6.337381583952691, "model__n_estimators": 27.55692758080364, "model__reg_lambda": 9.990318538252932}, "datetime": {"datetime": "2021-03-24 00:49:32", "elapsed": 152.011147, "delta": 1.247611}}
{"target": -0.3537725387357067, "params": {"model__colsample_bylevel": 1.0, "model__colsample_bynode": 0.9659682596964075, "model__colsample_bytree": 1.0, "model__learning_rate": 0.3, "model__max_depth": 2.9914888505463257, "model__n_estimators": 19.568936874833042, "model__reg_lambda": 8.575441110640746}, "datetime": {"datetime": "2021-03-24 00:49:33", "elapsed": 153.315652, "delta": 1.304505}}
{"target": -0.35593884753053195, "params": {"model__colsample_bylevel": 0.5688305966216166, "model__colsample_bynode": 0.5041541502264408, "model__colsample_bytree": 1.0, "model__learning_rate": 0.3, "model__max_depth": 2.0479358825856595, "model__n_estimators": 24.229245758455235, "model__reg_lambda": 1.171801021824366}, "datetime": {"datetime": "2021-03-24 00:49:35", "elapsed": 154.687798, "delta": 1.372146}}
{"target": -0.39201637365571834, "params": {"model__colsample_bylevel": 0.3, "model__colsample_bynode": 1.0, "model__colsample_bytree": 1.0, "model__learning_rate": 0.3, "model__max_depth": 8.0, "model__n_estimators": 16.618008280510786, "model__reg_lambda": 8.943332827266804}, "datetime": {"datetime": "2021-03-24 00:49:36", "elapsed": 156.026715, "delta": 1.338917}}
{"target": -0.36663891929640446, "params": {"model__colsample_bylevel": 1.0, "model__colsample_bynode": 0.3, "model__colsample_bytree": 0.3, "model__learning_rate": 0.3, "model__max_depth": 4.81895659282184, "model__n_estimators": 27.991801589684307, "model__reg_lambda": 9.599958032156326}, "datetime": {"datetime": "2021-03-24 00:49:38", "elapsed": 157.661541, "delta": 1.634826}}
{"target": -0.34806967737335387, "params": {"model__colsample_bylevel": 0.8560826084085398, "model__colsample_bynode": 0.8758209962375316, "model__colsample_bytree": 0.4368651451245562, "model__learning_rate": 0.2970849879746167, "model__max_depth": 7.23461734673084, "model__n_estimators": 19.321738555062907, "model__reg_lambda": 3.5567700353314535}, "datetime": {"datetime": "2021-03-24 00:49:39", "elapsed": 158.742433, "delta": 1.080892}}
{"target": -0.3639909913567691, "params": {"model__colsample_bylevel": 1.0, "model__colsample_bynode": 1.0, "model__colsample_bytree": 0.3, "model__learning_rate": 0.3, "model__max_depth": 8.0, "model__n_estimators": 15.0, "model__reg_lambda": 5.477850673194577}, "datetime": {"datetime": "2021-03-24 00:49:40", "elapsed": 160.055075, "delta": 1.312642}}
{"target": -0.34910686826333404, "params": {"model__colsample_bylevel": 0.9947459266769678, "model__colsample_bynode": 0.35971491712345266, "model__colsample_bytree": 0.725705042599706, "model__learning_rate": 0.2696388589927895, "model__max_depth": 7.942188530457414, "model__n_estimators": 23.14499261204408, "model__reg_lambda": 9.463974265202545}, "datetime": {"datetime": "2021-03-24 00:49:41", "elapsed": 161.530146, "delta": 1.475071}}
{"target": -0.3554204718172685, "params": {"model__colsample_bylevel": 0.9999999997528887, "model__colsample_bynode": 0.3031621441831792, "model__colsample_bytree": 0.4913092977008683, "model__learning_rate": 0.3, "model__max_depth": 4.005228345498941, "model__n_estimators": 18.722663664543656, "model__reg_lambda": 2.581441542300473}, "datetime": {"datetime": "2021-03-24 00:49:43", "elapsed": 162.925382, "delta": 1.395236}}
{"target": -0.3454639368386858, "params": {"model__colsample_bylevel": 0.3026232093953564, "model__colsample_bynode": 0.33554672402068825, "model__colsample_bytree": 0.8884770900030692, "model__learning_rate": 0.2839758772681332, "model__max_depth": 7.969762259768399, "model__n_estimators": 22.01744609180664, "model__reg_lambda": 0.9525940050581916}, "datetime": {"datetime": "2021-03-24 00:49:44", "elapsed": 164.245244, "delta": 1.319862}}
{"target": -0.33845517297487954, "params": {"model__colsample_bylevel": 0.32117062400996876, "model__colsample_bynode": 0.5191124495697581, "model__colsample_bytree": 0.9035000466939249, "model__learning_rate": 0.28787975536670507, "model__max_depth": 3.897860285881288, "model__n_estimators": 21.51694344191941, "model__reg_lambda": 2.5722584085717326}, "datetime": {"datetime": "2021-03-24 00:49:45", "elapsed": 165.411789, "delta": 1.166545}}
{"target": -0.3718113943563262, "params": {"model__colsample_bylevel": 0.3, "model__colsample_bynode": 0.3, "model__colsample_bytree": 1.0, "model__learning_rate": 0.1, "model__max_depth": 7.930089975700286, "model__n_estimators": 30.0, "model__reg_lambda": 0.4954145379864543}, "datetime": {"datetime": "2021-03-24 00:49:47", "elapsed": 166.704564, "delta": 1.292775}}
{"target": -0.3418654694090314, "params": {"model__colsample_bylevel": 0.3179595018135024, "model__colsample_bynode": 0.9273895798310021, "model__colsample_bytree": 0.9483027489126359, "model__learning_rate": 0.2639761731910788, "model__max_depth": 7.750655773797738, "model__n_estimators": 24.03042976454617, "model__reg_lambda": 0.07952977688633678}, "datetime": {"datetime": "2021-03-24 00:49:48", "elapsed": 168.00462, "delta": 1.300056}}
{"target": -0.38434711670017113, "params": {"model__colsample_bylevel": 0.35811266075720893, "model__colsample_bynode": 0.3589080150082274, "model__colsample_bytree": 0.3803183552653837, "model__learning_rate": 0.2646815680442661, "model__max_depth": 2.210238303032882, "model__n_estimators": 29.976058830476617, "model__reg_lambda": 4.113932052075823}, "datetime": {"datetime": "2021-03-24 00:49:49", "elapsed": 169.308767, "delta": 1.304147}}
{"target": -0.35683661032328046, "params": {"model__colsample_bylevel": 0.30162112623709986, "model__colsample_bynode": 0.8550510344325577, "model__colsample_bytree": 0.42978229263864576, "model__learning_rate": 0.2912619174493639, "model__max_depth": 7.820596404051322, "model__n_estimators": 22.17603901742281, "model__reg_lambda": 0.18601781245138782}, "datetime": {"datetime": "2021-03-24 00:49:50", "elapsed": 170.505472, "delta": 1.196705}}
{"target": -0.3822360238478776, "params": {"model__colsample_bylevel": 0.9942293337038584, "model__colsample_bynode": 0.5113054581275096, "model__colsample_bytree": 0.38980611395537584, "model__learning_rate": 0.1375943876843611, "model__max_depth": 7.995740593220251, "model__n_estimators": 25.79176583567536, "model__reg_lambda": 4.598347314424778}, "datetime": {"datetime": "2021-03-24 00:49:52", "elapsed": 171.725249, "delta": 1.219777}}
{"target": -0.3339545079756636, "params": {"model__colsample_bylevel": 0.3453173637598471, "model__colsample_bynode": 0.9509363629334855, "model__colsample_bytree": 0.5587511264325826, "model__learning_rate": 0.2953061258138756, "model__max_depth": 7.890681156459355, "model__n_estimators": 18.142362633925213, "model__reg_lambda": 3.885869270155773}, "datetime": {"datetime": "2021-03-24 00:49:53", "elapsed": 173.147369, "delta": 1.42212}}
{"target": -0.38813830133581506, "params": {"model__colsample_bylevel": 1.0, "model__colsample_bynode": 0.3, "model__colsample_bytree": 1.0, "model__learning_rate": 0.3, "model__max_depth": 6.52196987575147, "model__n_estimators": 16.868792400178116, "model__reg_lambda": 10.0}, "datetime": {"datetime": "2021-03-24 00:49:55", "elapsed": 174.5995, "delta": 1.452131}}
{"target": -0.33411754953313916, "params": {"model__colsample_bylevel": 0.6547197622731689, "model__colsample_bynode": 0.9702869327499222, "model__colsample_bytree": 0.9525097486836966, "model__learning_rate": 0.2879734471789432, "model__max_depth": 5.816435909557199, "model__n_estimators": 27.794558190489965, "model__reg_lambda": 4.838590956847907}, "datetime": {"datetime": "2021-03-24 00:49:56", "elapsed": 176.398619, "delta": 1.799119}}
{"target": -0.3461102689218208, "params": {"model__colsample_bylevel": 0.9085130891318047, "model__colsample_bynode": 0.36350786326449436, "model__colsample_bytree": 0.9825343470923023, "model__learning_rate": 0.28442515107713784, "model__max_depth": 7.287415893397807, "model__n_estimators": 24.603418826403416, "model__reg_lambda": 7.87908838382681}, "datetime": {"datetime": "2021-03-24 00:49:58", "elapsed": 177.889002, "delta": 1.490383}}
{"target": -0.35347655617793944, "params": {"model__colsample_bylevel": 0.30980226647016956, "model__colsample_bynode": 0.9222683948369315, "model__colsample_bytree": 0.5340279759520768, "model__learning_rate": 0.25170960977142287, "model__max_depth": 4.584388856049559, "model__n_estimators": 29.801069817988637, "model__reg_lambda": 7.637860320956733}, "datetime": {"datetime": "2021-03-24 00:49:59", "elapsed": 179.238859, "delta": 1.349857}}
{"target": -0.3899938357372657, "params": {"model__colsample_bylevel": 0.8420169041582821, "model__colsample_bynode": 0.9701717528461355, "model__colsample_bytree": 0.997418441208727, "model__learning_rate": 0.2872570042492889, "model__max_depth": 3.9450114207450104, "model__n_estimators": 24.72452268669978, "model__reg_lambda": 0.0631986004423657}, "datetime": {"datetime": "2021-03-24 00:50:00", "elapsed": 180.449178, "delta": 1.210319}}
{"target": -0.38953624115413243, "params": {"model__colsample_bylevel": 1.0, "model__colsample_bynode": 1.0, "model__colsample_bytree": 1.0, "model__learning_rate": 0.3, "model__max_depth": 2.0, "model__n_estimators": 17.115665175933977, "model__reg_lambda": 5.626579115794823}, "datetime": {"datetime": "2021-03-24 00:50:02", "elapsed": 181.824891, "delta": 1.375713}}
{"target": -0.33971817042776453, "params": {"model__colsample_bylevel": 0.9352819170575184, "model__colsample_bynode": 0.32320809680301615, "model__colsample_bytree": 0.9882240127685593, "model__learning_rate": 0.28520659650128494, "model__max_depth": 3.211480154211193, "model__n_estimators": 19.038338998080572, "model__reg_lambda": 0.9165142044808849}, "datetime": {"datetime": "2021-03-24 00:50:03", "elapsed": 183.029086, "delta": 1.204195}}
{"target": -0.3444260517034032, "params": {"model__colsample_bylevel": 0.3, "model__colsample_bynode": 0.30000000164787083, "model__colsample_bytree": 0.3000000023477244, "model__learning_rate": 0.3, "model__max_depth": 5.2332569833206115, "model__n_estimators": 18.658019614936002, "model__reg_lambda": 0.41773665847705577}, "datetime": {"datetime": "2021-03-24 00:50:04", "elapsed": 184.229659, "delta": 1.200573}}
{"target": -0.3654905096911218, "params": {"model__colsample_bylevel": 0.8604771585563837, "model__colsample_bynode": 0.9753249781745041, "model__colsample_bytree": 0.6220140188056179, "model__learning_rate": 0.29171733086012375, "model__max_depth": 2.2461410571648566, "model__n_estimators": 26.9954535865865, "model__reg_lambda": 7.8718335252234874}, "datetime": {"datetime": "2021-03-24 00:50:06", "elapsed": 185.664539, "delta": 1.43488}}
