{"target": -0.32814193435951367, "params": {"model__colsample_bylevel": 0.3639137955855576, "model__colsample_bynode": 0.45036748220407924, "model__colsample_bytree": 0.935214483929693, "model__learning_rate": 0.29851557202582, "model__max_depth": 6.232901048460841, "model__n_estimators": 18.228285242117924, "model__reg_lambda": 2.6864167730645825}, "datetime": {"datetime": "2021-03-24 00:50:07", "elapsed": 186.947507, "delta": 1.282968}}
{"target": -0.34943194947613787, "params": {"model__colsample_bylevel": 0.7174043127498169, "model__colsample_bynode": 1.0, "model__colsample_bytree": 1.0, "model__learning_rate": 0.3, "model__max_depth": 2.4113214823929234, "model__n_estimators": 21.86145623660484, "model__reg_lambda": 1.4395097866662294}, "datetime": {"datetime": "2021-03-24 00:50:08", "elapsed": 188.261748, "delta": 1.314241}}
{"target": -0.32159810272472295, "params": {"model__colsample_bylevel": 0.5682207063059582, "model__colsample_bynode": 0.8376266983220075, "model__colsample_bytree": 0.9293787085144651, "model__learning_rate": 0.2987819442645878, "model__max_depth": 7.909271309664948, "model__n_estimators": 24.40794359105317, "model__reg_lambda": 1.8173712540816789}, "datetime": {"datetime": "2021-03-24 00:50:10", "elapsed": 189.615625, "delta": 1.353877}}
{"target": -0.31916653257575345, "params": {"model__colsample_bylevel": 1.0, "model__colsample_bynode": 0.9999999930029878, "model__colsample_bytree": 0.3, "model__learning_rate": 0.3, "model__max_depth": 5.687720694042224, "model__n_estimators": 28.9860417274654, "model__reg_lambda": 3.240210737699439}, "datetime": {"datetime": "2021-03-24 00:50:11", "elapsed": 190.85362, "delta": 1.237995}}
{"target": -0.32953866553396677, "params": {"model__colsample_bylevel": 0.9569196823460024, "model__colsample_bynode": 0.5454819815141219, "model__colsample_bytree": 0.3063768737158398, "model__learning_rate": 0.2529851345205335, "model__max_depth": 4.4130744362694845, "model__n_estimators": 28.501025406342343, "model__reg_lambda": 0.6496386114171071}, "datetime": {"datetime": "2021-03-24 00:50:12", "elapsed": 192.133883, "delta": 1.280263}}
{"target": -0.33464960998794796, "params": {"model__colsample_bylevel": 0.970919928780533, "model__colsample_bynode": 0.817959602575917, "model__colsample_bytree": 0.3863053220415936, "model__learning_rate": 0.28945237486047704, "model__max_depth": 7.969980910412826, "model__n_estimators": 24.603396567770034, "model__reg_lambda": 1.1283626170441852}, "datetime": {"datetime": "2021-03-24 00:50:13", "elapsed": 193.44967, "delta": 1.315787}}
{"target": -0.3408160865514377, "params": {"model__colsample_bylevel": 0.587678564027857, "model__colsample_bynode": 0.9795174455643338, "model__colsample_bytree": 0.5435352282311865, "model__learning_rate": 0.29257592162092183, "model__max_depth": 3.1628438117201965, "model__n_estimators": 20.725640610810117, "model__reg_lambda": 1.6804368207563158}, "datetime": {"datetime": "2021-03-24 00:50:15", "elapsed": 194.708809, "delta": 1.259139}}
{"target": -0.3412700875375447, "params": {"model__colsample_bylevel": 0.9654948704485109, "model__colsample_bynode": 0.9691862631707353, "model__colsample_bytree": 0.40470740831466157, "model__learning_rate": 0.25512795136338345, "model__max_depth": 7.89891128739072, "model__n_estimators": 26.45815875256515, "model__reg_lambda": 2.9621376111200926}, "datetime": {"datetime": "2021-03-24 00:50:16", "elapsed": 196.125463, "delta": 1.416654}}
{"target": -0.3267306659976358, "params": {"model__colsample_bylevel": 0.6152247680736588, "model__colsample_bynode": 0.9657365510536382, "model__colsample_bytree": 0.9706139008026116, "model__learning_rate": 0.29283820082090817, "model__max_depth": 6.641320977612185, "model__n_estimators": 24.610550014103673, "model__reg_lambda": 3.019428861943446}, "datetime": {"datetime": "2021-03-24 00:50:17", "elapsed": 197.474204, "delta": 1.348741}}
{"target": -0.30689231404913186, "params": {"model__colsample_bylevel": 0.3013790712251703, "model__colsample_bynode": 0.6352308721647226, "model__colsample_bytree": 0.8256443274998284, "model__learning_rate": 0.27980034051864444, "model__max_depth": 2.3130499638658533, "model__n_estimators": 26.867410471503156, "model__reg_lambda": 0.4602955196926872}, "datetime": {"datetime": "2021-03-24 00:50:19", "elapsed": 198.891044, "delta": 1.41684}}
{"target": -0.3727266658576664, "params": {"model__colsample_bylevel": 1.0, "model__colsample_bynode": 0.3850271987706242, "model__colsample_bytree": 0.3, "model__learning_rate": 0.3, "model__max_depth": 2.530052894481882, "model__n_estimators": 23.55965753071189, "model__reg_lambda": 6.26790161718367}, "datetime": {"datetime": "2021-03-24 00:50:20", "elapsed": 200.059161, "delta": 1.168117}}
{"target": -0.36315286502822475, "params": {"model__colsample_bylevel": 0.31241951422710423, "model__colsample_bynode": 0.42553299130668587, "model__colsample_bytree": 0.8896602824862505, "model__learning_rate": 0.294353333607711, "model__max_depth": 7.972599405354569, "model__n_estimators": 25.095818791261756, "model__reg_lambda": 9.81650056541049}, "datetime": {"datetime": "2021-03-24 00:50:21", "elapsed": 201.273916, "delta": 1.214755}}
{"target": -0.3552855454172696, "params": {"model__colsample_bylevel": 0.30563749648804617, "model__colsample_bynode": 1.0, "model__colsample_bytree": 0.3, "model__learning_rate": 0.3, "model__max_depth": 7.650846467082602, "model__n_estimators": 29.918909481779888, "model__reg_lambda": 8.312854148686041}, "datetime": {"datetime": "2021-03-24 00:50:23", "elapsed": 202.775407, "delta": 1.501491}}
{"target": -0.3832108499495771, "params": {"model__colsample_bylevel": 1.0, "model__colsample_bynode": 1.0, "model__colsample_bytree": 0.3, "model__learning_rate": 0.3, "model__max_depth": 4.3957468492108385, "model__n_estimators": 15.0, "model__reg_lambda": 10.0}, "datetime": {"datetime": "2021-03-24 00:50:24", "elapsed": 204.283685, "delta": 1.508278}}
{"target": -0.310937226920446, "params": {"model__colsample_bylevel": 0.3, "model__colsample_bynode": 0.3, "model__colsample_bytree": 0.3000000044953612, "model__learning_rate": 0.3, "model__max_depth": 4.162395085607226, "model__n_estimators": 27.957917513210514, "model__reg_lambda": 0.16990281191926618}, "datetime": {"datetime": "2021-03-24 00:50:25", "elapsed": 205.516902, "delta": 1.233217}}
{"target": -0.3231577327196989, "params": {"model__colsample_bylevel": 0.6410956636946168, "model__colsample_bynode": 0.3927560778689449, "model__colsample_bytree": 0.8941828810295265, "model__learning_rate": 0.297971452545446, "model__max_depth": 3.2035629095066454, "model__n_estimators": 26.592996667465645, "model__reg_lambda": 0.7515171869676407}, "datetime": {"datetime": "2021-03-24 00:50:27", "elapsed": 206.797914, "delta": 1.281012}}
{"target": -0.3917038686742223, "params": {"model__colsample_bylevel": 0.3000000012303588, "model__colsample_bynode": 0.3000000025609203, "model__colsample_bytree": 0.3, "model__learning_rate": 0.1, "model__max_depth": 7.293146582334888, "model__n_estimators": 28.10562874452796, "model__reg_lambda": 0.2065894298582099}, "datetime": {"datetime": "2021-03-24 00:50:28", "elapsed": 208.031917, "delta": 1.234003}}
{"target": -0.36931107664224355, "params": {"model__colsample_bylevel": 0.9413457401761387, "model__colsample_bynode": 0.960717415630068, "model__colsample_bytree": 0.36229984740753957, "model__learning_rate": 0.28965042325888946, "model__max_depth": 7.1267936119169395, "model__n_estimators": 24.047523220309834, "model__reg_lambda": 8.63001338021224}, "datetime": {"datetime": "2021-03-24 00:50:30", "elapsed": 209.556876, "delta": 1.524959}}
{"target": -0.34429796099767385, "params": {"model__colsample_bylevel": 0.3, "model__colsample_bynode": 0.9999999999962257, "model__colsample_bytree": 1.0, "model__learning_rate": 0.3, "model__max_depth": 5.740795003387482, "model__n_estimators": 20.46069755082775, "model__reg_lambda": 3.927748366435799}, "datetime": {"datetime": "2021-03-24 00:50:31", "elapsed": 210.960638, "delta": 1.403762}}
{"target": -0.33022980722666223, "params": {"model__colsample_bylevel": 0.6017111883444507, "model__colsample_bynode": 0.7162501309165115, "model__colsample_bytree": 0.9643869712198891, "model__learning_rate": 0.2921414899563738, "model__max_depth": 7.9433825651174805, "model__n_estimators": 25.46165127734792, "model__reg_lambda": 0.5359522442048048}, "datetime": {"datetime": "2021-03-24 00:50:32", "elapsed": 212.463288, "delta": 1.50265}}
{"target": -0.33561548467512925, "params": {"model__colsample_bylevel": 0.8636824037414916, "model__colsample_bynode": 0.42716576071643086, "model__colsample_bytree": 0.799872434466985, "model__learning_rate": 0.29680044288227747, "model__max_depth": 7.983804262074356, "model__n_estimators": 28.89079019802668, "model__reg_lambda": 0.8577497477003115}, "datetime": {"datetime": "2021-03-24 00:50:34", "elapsed": 214.087157, "delta": 1.623869}}
{"target": -0.3503133805907345, "params": {"model__colsample_bylevel": 0.9821493784606987, "model__colsample_bynode": 0.9318818523873809, "model__colsample_bytree": 0.8456645278407766, "model__learning_rate": 0.2745449777096238, "model__max_depth": 2.0101698793047102, "model__n_estimators": 29.750741765893657, "model__reg_lambda": 5.607468976039099}, "datetime": {"datetime": "2021-03-24 00:50:36", "elapsed": 215.553326, "delta": 1.466169}}
{"target": -0.3724583706568819, "params": {"model__colsample_bylevel": 1.0, "model__colsample_bynode": 0.30000003109606377, "model__colsample_bytree": 1.0, "model__learning_rate": 0.3, "model__max_depth": 6.476131522812082, "model__n_estimators": 17.72650001826967, "model__reg_lambda": 6.457208905909448}, "datetime": {"datetime": "2021-03-24 00:50:37", "elapsed": 217.076838, "delta": 1.523512}}
{"target": -0.3369053979883429, "params": {"model__colsample_bylevel": 0.9943721296490222, "model__colsample_bynode": 0.32545110639301544, "model__colsample_bytree": 0.8746201191994005, "model__learning_rate": 0.29545769288492585, "model__max_depth": 5.881880093503799, "model__n_estimators": 25.918190594109923, "model__reg_lambda": 6.274001725514199}, "datetime": {"datetime": "2021-03-24 00:50:38", "elapsed": 218.525857, "delta": 1.449019}}
{"target": -0.3554554783703719, "params": {"model__colsample_bylevel": 0.3, "model__colsample_bynode": 0.3, "model__colsample_bytree": 1.0, "model__learning_rate": 0.3, "model__max_depth": 5.049535577706623, "model__n_estimators": 15.622170576357396, "model__reg_lambda": 0.0}, "datetime": {"datetime": "2021-03-24 00:50:40", "elapsed": 219.939973, "delta": 1.414116}}
{"target": -0.41504504139791576, "params": {"model__colsample_bylevel": 0.31232589272896927, "model__colsample_bynode": 0.9811809888228935, "model__colsample_bytree": 0.344335813344239, "model__learning_rate": 0.2254114851866029, "model__max_depth": 2.0561892738070613, "model__n_estimators": 24.55336891954172, "model__reg_lambda": 9.966768007792513}, "datetime": {"datetime": "2021-03-24 00:50:41", "elapsed": 221.105182, "delta": 1.165209}}
{"target": -0.45325785047523137, "params": {"model__colsample_bylevel": 1.0, "model__colsample_bynode": 0.3, "model__colsample_bytree": 0.3, "model__learning_rate": 0.3, "model__max_depth": 2.0, "model__n_estimators": 18.09004832701224, "model__reg_lambda": 10.0}, "datetime": {"datetime": "2021-03-24 00:50:43", "elapsed": 222.594341, "delta": 1.489159}}
{"target": -0.38622865417999197, "params": {"model__colsample_bylevel": 0.3, "model__colsample_bynode": 1.0, "model__colsample_bytree": 1.0, "model__learning_rate": 0.3, "model__max_depth": 4.945973820694482, "model__n_estimators": 18.271019397717588, "model__reg_lambda": 9.999999999499595}, "datetime": {"datetime": "2021-03-24 00:50:44", "elapsed": 223.947133, "delta": 1.352792}}
{"target": -0.3762736463642585, "params": {"model__colsample_bylevel": 0.8354616489961675, "model__colsample_bynode": 0.9755296991948608, "model__colsample_bytree": 0.9176685017578583, "model__learning_rate": 0.29896559114159016, "model__max_depth": 7.3193064331866555, "model__n_estimators": 15.140585539525928, "model__reg_lambda": 1.3352839860781962}, "datetime": {"datetime": "2021-03-24 00:50:46", "elapsed": 225.733011, "delta": 1.785878}}
{"target": -0.3595344385550614, "params": {"model__colsample_bylevel": 0.999999981611059, "model__colsample_bynode": 0.3, "model__colsample_bytree": 0.3, "model__learning_rate": 0.3, "model__max_depth": 3.1582116067904127, "model__n_estimators": 15.0, "model__reg_lambda": 0.4732956280477929}, "datetime": {"datetime": "2021-03-24 00:50:47", "elapsed": 227.25031, "delta": 1.517299}}
{"target": -0.31902651240934443, "params": {"model__colsample_bylevel": 0.33077372341512645, "model__colsample_bynode": 0.9774273455634153, "model__colsample_bytree": 0.9137222837267802, "model__learning_rate": 0.2915704646474605, "model__max_depth": 7.965603498897993, "model__n_estimators": 25.272231178960418, "model__reg_lambda": 6.458223186162621}, "datetime": {"datetime": "2021-03-24 00:50:49", "elapsed": 228.715047, "delta": 1.464737}}
{"target": -0.3550075269968542, "params": {"model__colsample_bylevel": 0.9596653692995651, "model__colsample_bynode": 0.8780230722485034, "model__colsample_bytree": 0.305606276183717, "model__learning_rate": 0.29143284820778803, "model__max_depth": 7.4124536875368126, "model__n_estimators": 26.40835507027012, "model__reg_lambda": 0.11018382392161907}, "datetime": {"datetime": "2021-03-24 00:50:50", "elapsed": 230.432432, "delta": 1.717385}}
{"target": -0.32585795771236115, "params": {"model__colsample_bylevel": 0.4030144404430807, "model__colsample_bynode": 0.3134182782590735, "model__colsample_bytree": 0.8863888490248253, "model__learning_rate": 0.288451629070669, "model__max_depth": 7.678934499974261, "model__n_estimators": 18.04281314255796, "model__reg_lambda": 0.10690211908762182}, "datetime": {"datetime": "2021-03-24 00:50:52", "elapsed": 231.699079, "delta": 1.266647}}
{"target": -0.36521892302325404, "params": {"model__colsample_bylevel": 1.0, "model__colsample_bynode": 0.9150941408301159, "model__colsample_bytree": 1.0, "model__learning_rate": 0.3, "model__max_depth": 7.842061365889674, "model__n_estimators": 17.573176073941603, "model__reg_lambda": 3.8771434997865653}, "datetime": {"datetime": "2021-03-24 00:50:53", "elapsed": 233.182577, "delta": 1.483498}}
{"target": -0.34766409086077005, "params": {"model__colsample_bylevel": 0.4957169678909582, "model__colsample_bynode": 0.8936252769282138, "model__colsample_bytree": 0.30994453169998, "model__learning_rate": 0.2930615351460306, "model__max_depth": 4.917666220836329, "model__n_estimators": 22.632269110860406, "model__reg_lambda": 4.759959239412939}, "datetime": {"datetime": "2021-03-24 00:50:54", "elapsed": 234.436651, "delta": 1.254074}}
{"target": -0.3501910571570751, "params": {"model__colsample_bylevel": 0.32575190319897174, "model__colsample_bynode": 0.8949739668355241, "model__colsample_bytree": 0.9188728312275878, "model__learning_rate": 0.2905582447432205, "model__max_depth": 7.379757396533947, "model__n_estimators": 17.36016465511178, "model__reg_lambda": 0.22118980312752168}, "datetime": {"datetime": "2021-03-24 00:50:56", "elapsed": 236.097127, "delta": 1.660476}}
{"target": -0.33041640365921443, "params": {"model__colsample_bylevel": 0.5252877947307607, "model__colsample_bynode": 0.9993921185375372, "model__colsample_bytree": 0.765162366308154, "model__learning_rate": 0.2875402847522057, "model__max_depth": 7.993119233816612, "model__n_estimators": 28.14756602327575, "model__reg_lambda": 9.922723149198905}, "datetime": {"datetime": "2021-03-24 00:50:57", "elapsed": 237.454155, "delta": 1.357028}}
{"target": -0.3327670622540661, "params": {"model__colsample_bylevel": 0.520339489529721, "model__colsample_bynode": 0.44886417619242647, "model__colsample_bytree": 0.6614377306715344, "model__learning_rate": 0.2984364665877434, "model__max_depth": 7.953367138396961, "model__n_estimators": 23.579851410067548, "model__reg_lambda": 0.14318912568753395}, "datetime": {"datetime": "2021-03-24 00:50:59", "elapsed": 239.141882, "delta": 1.687727}}
{"target": -0.37498523596863165, "params": {"model__colsample_bylevel": 0.8910452157416069, "model__colsample_bynode": 0.6858851983165437, "model__colsample_bytree": 0.3169936002619428, "model__learning_rate": 0.28757555741295715, "model__max_depth": 7.691681227587873, "model__n_estimators": 15.21201655597386, "model__reg_lambda": 8.164052088075659}, "datetime": {"datetime": "2021-03-24 00:51:00", "elapsed": 240.502854, "delta": 1.360972}}
{"target": -0.3436343353592615, "params": {"model__colsample_bylevel": 0.8923473857918454, "model__colsample_bynode": 0.3791137234428447, "model__colsample_bytree": 0.3051644453229334, "model__learning_rate": 0.19502493515978633, "model__max_depth": 6.426187552360736, "model__n_estimators": 29.99041942352423, "model__reg_lambda": 1.1047596375082203}, "datetime": {"datetime": "2021-03-24 00:51:02", "elapsed": 242.162112, "delta": 1.659258}}
{"target": -0.3527117338655786, "params": {"model__colsample_bylevel": 0.9051645877439609, "model__colsample_bynode": 0.998951221384776, "model__colsample_bytree": 0.3022673701631729, "model__learning_rate": 0.2947391431745612, "model__max_depth": 3.286719004019055, "model__n_estimators": 26.823266092847547, "model__reg_lambda": 5.126090542339609}, "datetime": {"datetime": "2021-03-24 00:51:04", "elapsed": 243.743759, "delta": 1.581647}}
{"target": -0.3860018679737181, "params": {"model__colsample_bylevel": 1.0, "model__colsample_bynode": 0.4588370350796367, "model__colsample_bytree": 0.3, "model__learning_rate": 0.3, "model__max_depth": 5.40234442095385, "model__n_estimators": 15.261745469176127, "model__reg_lambda": 7.274258138989214}, "datetime": {"datetime": "2021-03-24 00:51:05", "elapsed": 245.263084, "delta": 1.519325}}
{"target": -0.32882647722600145, "params": {"model__colsample_bylevel": 0.33154047548011095, "model__colsample_bynode": 0.996009360536285, "model__colsample_bytree": 0.8610401689750014, "model__learning_rate": 0.2933967712965885, "model__max_depth": 2.1278784023890127, "model__n_estimators": 26.107507780705376, "model__reg_lambda": 0.3917807887914493}, "datetime": {"datetime": "2021-03-24 00:51:06", "elapsed": 246.499845, "delta": 1.236761}}
{"target": -0.34909753158951745, "params": {"model__colsample_bylevel": 0.9554772827134304, "model__colsample_bynode": 0.4000992127479596, "model__colsample_bytree": 0.9811181503859683, "model__learning_rate": 0.2896334788026098, "model__max_depth": 2.40025343657843, "model__n_estimators": 17.892148427154318, "model__reg_lambda": 0.034417316455511715}, "datetime": {"datetime": "2021-03-24 00:51:08", "elapsed": 248.415055, "delta": 1.91521}}
{"target": -0.42707856527759114, "params": {"model__colsample_bylevel": 0.6306033202604847, "model__colsample_bynode": 0.6007836883690785, "model__colsample_bytree": 0.3066465837887118, "model__learning_rate": 0.10695593224266242, "model__max_depth": 3.2946317842463113, "model__n_estimators": 18.298697036428045, "model__reg_lambda": 0.0829921438315373}, "datetime": {"datetime": "2021-03-24 00:51:10", "elapsed": 250.165666, "delta": 1.750611}}
{"target": -0.38575135750048184, "params": {"model__colsample_bylevel": 0.9047936130231189, "model__colsample_bynode": 0.3967195357723101, "model__colsample_bytree": 0.36107652170528104, "model__learning_rate": 0.2712824495419467, "model__max_depth": 2.0842807442888085, "model__n_estimators": 18.347854972999187, "model__reg_lambda": 0.999211661402698}, "datetime": {"datetime": "2021-03-24 00:51:12", "elapsed": 251.614999, "delta": 1.449333}}
{"target": -0.3746310494904258, "params": {"model__colsample_bylevel": 0.3, "model__colsample_bynode": 0.3, "model__colsample_bytree": 1.0, "model__learning_rate": 0.3, "model__max_depth": 2.7367094533307244, "model__n_estimators": 15.066067479865314, "model__reg_lambda": 0.27261068327984916}, "datetime": {"datetime": "2021-03-24 00:51:13", "elapsed": 253.079325, "delta": 1.464326}}
{"target": -0.3343576081914564, "params": {"model__colsample_bylevel": 0.7693681295509522, "model__colsample_bynode": 0.9656519778397454, "model__colsample_bytree": 0.4617327958363785, "model__learning_rate": 0.294749319671744, "model__max_depth": 2.252810250378194, "model__n_estimators": 21.631807474353803, "model__reg_lambda": 0.3592362721802944}, "datetime": {"datetime": "2021-03-24 00:51:15", "elapsed": 254.665467, "delta": 1.586142}}
{"target": -0.318776122317312, "params": {"model__colsample_bylevel": 0.37525607798744387, "model__colsample_bynode": 0.36680426826301393, "model__colsample_bytree": 0.9487544323802333, "model__learning_rate": 0.29771558830087363, "model__max_depth": 4.143491638893162, "model__n_estimators": 17.94493338628928, "model__reg_lambda": 0.7319349858580659}, "datetime": {"datetime": "2021-03-24 00:51:16", "elapsed": 256.340185, "delta": 1.674718}}
