{"target": -0.3554366576870013, "params": {"model__colsample_bylevel": 0.43770438267170664, "model__colsample_bynode": 0.562288016838024, "model__colsample_bytree": 0.6684847059501842, "model__learning_rate": 0.24216538663414655, "model__max_depth": 5.53982800385271, "model__n_estimators": 24.586364893849456, "model__reg_lambda": 6.03761911116279}, "datetime": {"datetime": "2021-03-24 00:47:07", "elapsed": 6.660251, "delta": 0.1399}}
{"target": -0.33879985135129614, "params": {"model__colsample_bylevel": 0.5615024327662378, "model__colsample_bynode": 0.5278880157630303, "model__colsample_bytree": 0.6927994632423486, "model__learning_rate": 0.2499326997232081, "model__max_depth": 7.515144966264312, "model__n_estimators": 27.41503748405572, "model__reg_lambda": 5.537273620404508}, "datetime": {"datetime": "2021-03-24 00:47:07", "elapsed": 6.800624, "delta": 0.140373}}
{"target": -0.35796733880820486, "params": {"model__colsample_bylevel": 0.8773753442334304, "model__colsample_bynode": 0.3197624374107063, "model__colsample_bytree": 0.8582648079772404, "model__learning_rate": 0.1398977410305498, "model__max_depth": 6.115045756510598, "model__n_estimators": 27.377846347953547, "model__reg_lambda": 3.1496308071503187}, "datetime": {"datetime": "2021-03-24 00:47:07", "elapsed": 6.968508, "delta": 0.167884}}
{"target": -0.37729315561228904, "params": {"model__colsample_bylevel": 0.5798231824380045, "model__colsample_bynode": 0.9899122285696411, "model__colsample_bytree": 0.4774952834387126, "model__learning_rate": 0.25106786479472265, "model__max_depth": 4.436357453829759, "model__n_estimators": 19.72844903945682, "model__reg_lambda": 7.705159221072094}, "datetime": {"datetime": "2021-03-24 00:47:07", "elapsed": 7.088876, "delta": 0.120368}}
{"target": -0.3601315965430568, "params": {"model__colsample_bylevel": 0.6149024037576569, "model__colsample_bynode": 0.7970601762740899, "model__colsample_bytree": 0.4555403075808654, "model__learning_rate": 0.26476738246878556, "model__max_depth": 6.3006447069266285, "model__n_estimators": 22.48861984031197, "model__reg_lambda": 7.91551010046181}, "datetime": {"datetime": "2021-03-24 00:47:07", "elapsed": 7.220798, "delta": 0.131922}}
{"target": -0.3220436098214334, "params": {"model__colsample_bylevel": 0.9437937215686736, "model__colsample_bynode": 0.8511722448868555, "model__colsample_bytree": 0.5084857837350747, "model__learning_rate": 0.24346701302396254, "model__max_depth": 5.690340786662006, "model__n_estimators": 27.619845335231588, "model__reg_lambda": 4.0456797253845265}, "datetime": {"datetime": "2021-03-24 00:47:07", "elapsed": 7.410709, "delta": 0.189911}}
{"target": -0.34693732859526316, "params": {"model__colsample_bylevel": 0.6173529449301774, "model__colsample_bynode": 0.3656352091501882, "model__colsample_bytree": 0.45305055880659917, "model__learning_rate": 0.20586849821836273, "model__max_depth": 5.173197962934258, "model__n_estimators": 25.696146745858105, "model__reg_lambda": 2.863925264426952}, "datetime": {"datetime": "2021-03-24 00:47:07", "elapsed": 7.51377, "delta": 0.103061}}
{"target": -0.41323811622822415, "params": {"model__colsample_bylevel": 0.3812502817792496, "model__colsample_bynode": 0.43107613084910207, "model__colsample_bytree": 0.6036033759584388, "model__learning_rate": 0.13710847453713484, "model__max_depth": 2.7407946095138094, "model__n_estimators": 25.875381462387566, "model__reg_lambda": 9.101677556132595}, "datetime": {"datetime": "2021-03-24 00:47:08", "elapsed": 7.616823, "delta": 0.103053}}
{"target": -0.39070536450523397, "params": {"model__colsample_bylevel": 0.3426383940311504, "model__colsample_bynode": 0.3292770968669983, "model__colsample_bytree": 0.49999974247633633, "model__learning_rate": 0.21592871225493404, "model__max_depth": 7.629568478689846, "model__n_estimators": 23.72527860523467, "model__reg_lambda": 6.7998375849329875}, "datetime": {"datetime": "2021-03-24 00:47:08", "elapsed": 7.721212, "delta": 0.104389}}
{"target": -0.38088346640376936, "params": {"model__colsample_bylevel": 0.3, "model__colsample_bynode": 0.3, "model__colsample_bytree": 0.3, "model__learning_rate": 0.3, "model__max_depth": 8.0, "model__n_estimators": 30.0, "model__reg_lambda": 10.0}, "datetime": {"datetime": "2021-03-24 00:47:08", "elapsed": 8.290754, "delta": 0.569542}}
{"target": -0.3730008181778417, "params": {"model__colsample_bylevel": 1.0, "model__colsample_bynode": 1.0, "model__colsample_bytree": 1.0, "model__learning_rate": 0.3, "model__max_depth": 8.0, "model__n_estimators": 15.0, "model__reg_lambda": 10.0}, "datetime": {"datetime": "2021-03-24 00:47:09", "elapsed": 9.093338, "delta": 0.802584}}
{"target": -0.44237027106320725, "params": {"model__colsample_bylevel": 0.3, "model__colsample_bynode": 0.30000000241964897, "model__colsample_bytree": 1.0, "model__learning_rate": 0.3, "model__max_depth": 2.0, "model__n_estimators": 21.192304469713015, "model__reg_lambda": 10.0}, "datetime": {"datetime": "2021-03-24 00:47:10", "elapsed": 9.692456, "delta": 0.599118}}
{"target": -0.3584852517828804, "params": {"model__colsample_bylevel": 1.0, "model__colsample_bynode": 1.0, "model__colsample_bytree": 1.0, "model__learning_rate": 0.3, "model__max_depth": 2.0, "model__n_estimators": 30.0, "model__reg_lambda": 10.0}, "datetime": {"datetime": "2021-03-24 00:47:10", "elapsed": 10.473372, "delta": 0.780916}}
{"target": -0.3836930697077322, "params": {"model__colsample_bylevel": 1.0, "model__colsample_bynode": 1.0, "model__colsample_bytree": 1.0, "model__learning_rate": 0.3, "model__max_depth": 7.996520318057469, "model__n_estimators": 20.449872108623047, "model__reg_lambda": 0.0}, "datetime": {"datetime": "2021-03-24 00:47:11", "elapsed": 11.292439, "delta": 0.819067}}
{"target": -0.3008387433523582, "params": {"model__colsample_bylevel": 0.875874218410341, "model__colsample_bynode": 0.3476635884432162, "model__colsample_bytree": 0.9646731094677288, "model__learning_rate": 0.27494240824886007, "model__max_depth": 2.7180577648922464, "model__n_estimators": 17.951068600680223, "model__reg_lambda": 0.345457323222067}, "datetime": {"datetime": "2021-03-24 00:47:12", "elapsed": 11.942533, "delta": 0.650094}}
{"target": -0.3227983400086026, "params": {"model__colsample_bylevel": 0.921183920136361, "model__colsample_bynode": 0.34250505720900015, "model__colsample_bytree": 0.7791929126406998, "model__learning_rate": 0.25727162652965485, "model__max_depth": 3.7349429251864135, "model__n_estimators": 29.194808048294348, "model__reg_lambda": 0.009639405418923053}, "datetime": {"datetime": "2021-03-24 00:47:13", "elapsed": 12.638397, "delta": 0.695864}}
{"target": -0.3740799890939092, "params": {"model__colsample_bylevel": 0.39935724915715964, "model__colsample_bynode": 0.4456642613360706, "model__colsample_bytree": 0.7290656637934239, "model__learning_rate": 0.28982109159056524, "model__max_depth": 7.784809625145423, "model__n_estimators": 15.48766621664401, "model__reg_lambda": 5.290344933330061}, "datetime": {"datetime": "2021-03-24 00:47:13", "elapsed": 13.37996, "delta": 0.741563}}
{"target": -0.3556564751609256, "params": {"model__colsample_bylevel": 0.3292888202113903, "model__colsample_bynode": 0.5434642779762284, "model__colsample_bytree": 0.5826042943583196, "model__learning_rate": 0.22432175651954786, "model__max_depth": 7.953814730495338, "model__n_estimators": 27.659157726517115, "model__reg_lambda": 0.2262185736077027}, "datetime": {"datetime": "2021-03-24 00:47:14", "elapsed": 14.127651, "delta": 0.747691}}
{"target": -0.34648136557923437, "params": {"model__colsample_bylevel": 1.0, "model__colsample_bynode": 0.3, "model__colsample_bytree": 1.0, "model__learning_rate": 0.3, "model__max_depth": 4.414923708770747, "model__n_estimators": 16.310591865989934, "model__reg_lambda": 0.7041095822464387}, "datetime": {"datetime": "2021-03-24 00:47:15", "elapsed": 14.785744, "delta": 0.658093}}
{"target": -0.3461274991628539, "params": {"model__colsample_bylevel": 0.8500860903648544, "model__colsample_bynode": 0.816246638705159, "model__colsample_bytree": 0.6190312989459639, "model__learning_rate": 0.2955460599342956, "model__max_depth": 3.5236605615987746, "model__n_estimators": 19.67969461139014, "model__reg_lambda": 0.06050379555661123}, "datetime": {"datetime": "2021-03-24 00:47:15", "elapsed": 15.489762, "delta": 0.704018}}
{"target": -0.3540637770637304, "params": {"model__colsample_bylevel": 1.0, "model__colsample_bynode": 1.0, "model__colsample_bytree": 0.3, "model__learning_rate": 0.3, "model__max_depth": 8.0, "model__n_estimators": 26.63709321132164, "model__reg_lambda": 10.0}, "datetime": {"datetime": "2021-03-24 00:47:16", "elapsed": 16.186712, "delta": 0.69695}}
{"target": -0.3527278748111448, "params": {"model__colsample_bylevel": 0.4141379554010469, "model__colsample_bynode": 0.9225326396148197, "model__colsample_bytree": 0.35465323626343803, "model__learning_rate": 0.24689517175770595, "model__max_depth": 5.490398134017637, "model__n_estimators": 29.870955253921565, "model__reg_lambda": 9.720280596314842}, "datetime": {"datetime": "2021-03-24 00:47:17", "elapsed": 16.961839, "delta": 0.775127}}
{"target": -0.3330820550851902, "params": {"model__colsample_bylevel": 0.3, "model__colsample_bynode": 1.0, "model__colsample_bytree": 1.0, "model__learning_rate": 0.3, "model__max_depth": 2.6172058618873493, "model__n_estimators": 30.0, "model__reg_lambda": 7.1330207621299095}, "datetime": {"datetime": "2021-03-24 00:47:18", "elapsed": 17.672239, "delta": 0.7104}}
{"target": -0.3605603507934205, "params": {"model__colsample_bylevel": 1.0, "model__colsample_bynode": 1.0, "model__colsample_bytree": 1.0, "model__learning_rate": 0.3, "model__max_depth": 2.0, "model__n_estimators": 15.0, "model__reg_lambda": 0.0}, "datetime": {"datetime": "2021-03-24 00:47:18", "elapsed": 18.425143, "delta": 0.752904}}
{"target": -0.35563274214577356, "params": {"model__colsample_bylevel": 1.0, "model__colsample_bynode": 1.0, "model__colsample_bytree": 1.0, "model__learning_rate": 0.3, "model__max_depth": 3.2874322754261796, "model__n_estimators": 23.620250136021575, "model__reg_lambda": 8.566301707807717}, "datetime": {"datetime": "2021-03-24 00:47:19", "elapsed": 19.199534, "delta": 0.774391}}
{"target": -0.3153775027355827, "params": {"model__colsample_bylevel": 0.984839142209389, "model__colsample_bynode": 0.963791106025564, "model__colsample_bytree": 0.3233595328786781, "model__learning_rate": 0.26019025396044293, "model__max_depth": 7.68860947123919, "model__n_estimators": 29.769612986809037, "model__reg_lambda": 6.044774964638801}, "datetime": {"datetime": "2021-03-24 00:47:20", "elapsed": 20.00669, "delta": 0.807156}}
{"target": -0.4696557758092556, "params": {"model__colsample_bylevel": 0.3, "model__colsample_bynode": 0.3, "model__colsample_bytree": 1.0, "model__learning_rate": 0.3, "model__max_depth": 2.0, "model__n_estimators": 15.0, "model__reg_lambda": 10.0}, "datetime": {"datetime": "2021-03-24 00:47:21", "elapsed": 20.70341, "delta": 0.69672}}
{"target": -0.3850988269157613, "params": {"model__colsample_bylevel": 0.6059367565409741, "model__colsample_bynode": 0.3662537196443956, "model__colsample_bytree": 0.8945694258758266, "model__learning_rate": 0.27296676010353726, "model__max_depth": 4.932735570124961, "model__n_estimators": 22.54124461248869, "model__reg_lambda": 0.07158257501222454}, "datetime": {"datetime": "2021-03-24 00:47:21", "elapsed": 21.420693, "delta": 0.717283}}
{"target": -0.36460374128545864, "params": {"model__colsample_bylevel": 0.3, "model__colsample_bynode": 1.0, "model__colsample_bytree": 1.0, "model__learning_rate": 0.3, "model__max_depth": 8.0, "model__n_estimators": 22.629282191479597, "model__reg_lambda": 10.0}, "datetime": {"datetime": "2021-03-24 00:47:22", "elapsed": 22.232071, "delta": 0.811378}}
{"target": -0.33292483947724033, "params": {"model__colsample_bylevel": 0.3, "model__colsample_bynode": 0.3, "model__colsample_bytree": 0.3, "model__learning_rate": 0.3, "model__max_depth": 2.6574695467234997, "model__n_estimators": 30.0, "model__reg_lambda": 0.0}, "datetime": {"datetime": "2021-03-24 00:47:23", "elapsed": 22.915295, "delta": 0.683224}}
{"target": -0.34308413163644086, "params": {"model__colsample_bylevel": 0.8505920723605691, "model__colsample_bynode": 0.9497145685546089, "model__colsample_bytree": 0.8925146420082937, "model__learning_rate": 0.28294663925862473, "model__max_depth": 7.684049075408454, "model__n_estimators": 20.561669494509893, "model__reg_lambda": 5.012073657264846}, "datetime": {"datetime": "2021-03-24 00:47:24", "elapsed": 23.835084, "delta": 0.919789}}
{"target": -0.3098331203014823, "params": {"model__colsample_bylevel": 1.0, "model__colsample_bynode": 0.7025355351508431, "model__colsample_bytree": 1.0, "model__learning_rate": 0.3, "model__max_depth": 2.0, "model__n_estimators": 26.080021213231277, "model__reg_lambda": 0.0}, "datetime": {"datetime": "2021-03-24 00:47:24", "elapsed": 24.510835, "delta": 0.675751}}
{"target": -0.36612578739169177, "params": {"model__colsample_bylevel": 0.9096542217249668, "model__colsample_bynode": 0.7450828013100548, "model__colsample_bytree": 0.37878157227636366, "model__learning_rate": 0.25771633931421967, "model__max_depth": 7.98547978274874, "model__n_estimators": 16.453941594117083, "model__reg_lambda": 0.22898605298380725}, "datetime": {"datetime": "2021-03-24 00:47:25", "elapsed": 25.205087, "delta": 0.694252}}
{"target": -0.32032285490785256, "params": {"model__colsample_bylevel": 0.30295404106509716, "model__colsample_bynode": 0.4239000747227621, "model__colsample_bytree": 0.9030926200207632, "model__learning_rate": 0.2701482836335738, "model__max_depth": 2.046191549456317, "model__n_estimators": 29.529569964560167, "model__reg_lambda": 1.889054045923536}, "datetime": {"datetime": "2021-03-24 00:47:26", "elapsed": 25.926324, "delta": 0.721237}}
{"target": -0.3549915324953094, "params": {"model__colsample_bylevel": 1.0, "model__colsample_bynode": 0.3, "model__colsample_bytree": 0.3, "model__learning_rate": 0.3, "model__max_depth": 8.0, "model__n_estimators": 30.0, "model__reg_lambda": 0.0}, "datetime": {"datetime": "2021-03-24 00:47:27", "elapsed": 26.614004, "delta": 0.68768}}
{"target": -0.35362681772473836, "params": {"model__colsample_bylevel": 0.3300478499959607, "model__colsample_bynode": 0.979109343901351, "model__colsample_bytree": 0.34661870144549045, "model__learning_rate": 0.2271129538085819, "model__max_depth": 5.404530329490751, "model__n_estimators": 27.620869659957076, "model__reg_lambda": 0.08713224107888995}, "datetime": {"datetime": "2021-03-24 00:47:27", "elapsed": 27.293745, "delta": 0.679741}}
{"target": -0.3600563797465377, "params": {"model__colsample_bylevel": 0.37341936744162946, "model__colsample_bynode": 0.35958085761421676, "model__colsample_bytree": 0.5310776981493067, "model__learning_rate": 0.2931692478147177, "model__max_depth": 6.957226398830272, "model__n_estimators": 29.79494521244567, "model__reg_lambda": 4.907283161758258}, "datetime": {"datetime": "2021-03-24 00:47:28", "elapsed": 27.927833, "delta": 0.634088}}
{"target": -0.35275365274763953, "params": {"model__colsample_bylevel": 0.5742044389768286, "model__colsample_bynode": 0.9755556741143134, "model__colsample_bytree": 0.9514185812930973, "model__learning_rate": 0.2358721760750422, "model__max_depth": 7.700227345292706, "model__n_estimators": 29.484077949945465, "model__reg_lambda": 8.834619578418984}, "datetime": {"datetime": "2021-03-24 00:47:29", "elapsed": 28.752734, "delta": 0.824901}}
{"target": -0.3360253266929446, "params": {"model__colsample_bylevel": 0.3058059921489843, "model__colsample_bynode": 0.9405822110316959, "model__colsample_bytree": 0.9685502912002313, "model__learning_rate": 0.2663278395886846, "model__max_depth": 7.77431808020715, "model__n_estimators": 16.018130787261953, "model__reg_lambda": 1.5412720817801429}, "datetime": {"datetime": "2021-03-24 00:47:29", "elapsed": 29.402218, "delta": 0.649484}}
{"target": -0.3472829718966091, "params": {"model__colsample_bylevel": 0.9967597398083051, "model__colsample_bynode": 0.3880438328816422, "model__colsample_bytree": 1.0, "model__learning_rate": 0.3, "model__max_depth": 4.549535870082291, "model__n_estimators": 20.869962548818325, "model__reg_lambda": 3.7286167210333305}, "datetime": {"datetime": "2021-03-24 00:47:30", "elapsed": 30.223649, "delta": 0.821431}}
{"target": -0.3289629862608348, "params": {"model__colsample_bylevel": 0.926392616617757, "model__colsample_bynode": 0.765419793692961, "model__colsample_bytree": 0.6882358748709296, "model__learning_rate": 0.2682949342521354, "model__max_depth": 2.0469185907997978, "model__n_estimators": 18.689810467780664, "model__reg_lambda": 0.11362448615082732}, "datetime": {"datetime": "2021-03-24 00:47:31", "elapsed": 30.9983, "delta": 0.774651}}
{"target": -0.3508047548244181, "params": {"model__colsample_bylevel": 0.8793975435126691, "model__colsample_bynode": 0.8288018387721772, "model__colsample_bytree": 0.9915375669066402, "model__learning_rate": 0.29511242308605123, "model__max_depth": 7.356788876416677, "model__n_estimators": 18.412151112143658, "model__reg_lambda": 9.844925657633238}, "datetime": {"datetime": "2021-03-24 00:47:32", "elapsed": 31.866559, "delta": 0.868259}}
{"target": -0.33927647919272597, "params": {"model__colsample_bylevel": 0.3, "model__colsample_bynode": 1.0, "model__colsample_bytree": 0.3, "model__learning_rate": 0.3, "model__max_depth": 8.0, "model__n_estimators": 21.00199912242011, "model__reg_lambda": 2.42227960595925}, "datetime": {"datetime": "2021-03-24 00:47:33", "elapsed": 32.549594, "delta": 0.683035}}
{"target": -0.34158561584856906, "params": {"model__colsample_bylevel": 0.9396798601593064, "model__colsample_bynode": 0.9769944430750357, "model__colsample_bytree": 0.9962503391431994, "model__learning_rate": 0.29042019180191786, "model__max_depth": 7.533113833139465, "model__n_estimators": 25.307857238108298, "model__reg_lambda": 5.152827120860877}, "datetime": {"datetime": "2021-03-24 00:47:34", "elapsed": 33.694691, "delta": 1.145097}}
{"target": -0.37719520611394924, "params": {"model__colsample_bylevel": 0.6928646255280375, "model__colsample_bynode": 1.0, "model__colsample_bytree": 1.0, "model__learning_rate": 0.3, "model__max_depth": 6.5378595423793096, "model__n_estimators": 19.40933468532482, "model__reg_lambda": 1.7446429507510026}, "datetime": {"datetime": "2021-03-24 00:47:35", "elapsed": 34.552774, "delta": 0.858083}}
{"target": -0.391693032041624, "params": {"model__colsample_bylevel": 0.6924228505364503, "model__colsample_bynode": 0.3520861227642273, "model__colsample_bytree": 0.5571293751006261, "model__learning_rate": 0.23639150513405893, "model__max_depth": 2.0086953076710046, "model__n_estimators": 17.25716910006627, "model__reg_lambda": 0.10865165483142203}, "datetime": {"datetime": "2021-03-24 00:47:35", "elapsed": 35.180594, "delta": 0.62782}}
{"target": -0.3322082730899295, "params": {"model__colsample_bylevel": 0.7971004681986644, "model__colsample_bynode": 0.5076222003044951, "model__colsample_bytree": 0.9800153098044972, "model__learning_rate": 0.2776208943387223, "model__max_depth": 2.6162268242803837, "model__n_estimators": 20.20316212041597, "model__reg_lambda": 1.58770073676893}, "datetime": {"datetime": "2021-03-24 00:47:36", "elapsed": 35.905138, "delta": 0.724544}}
{"target": -0.33698440845752053, "params": {"model__colsample_bylevel": 0.9251084553356386, "model__colsample_bynode": 0.9690112860050897, "model__colsample_bytree": 0.8787496502752334, "model__learning_rate": 0.28807956080248864, "model__max_depth": 2.0286495639759767, "model__n_estimators": 29.92111971800859, "model__reg_lambda": 3.7274911845952428}, "datetime": {"datetime": "2021-03-24 00:47:37", "elapsed": 37.197726, "delta": 1.292588}}
{"target": -0.3196151253674516, "params": {"model__colsample_bylevel": 0.3, "model__colsample_bynode": 1.0, "model__colsample_bytree": 1.0, "model__learning_rate": 0.3, "model__max_depth": 4.618546324133843, "model__n_estimators": 30.0, "model__reg_lambda": 4.982553697202868}, "datetime": {"datetime": "2021-03-24 00:47:38", "elapsed": 38.296099, "delta": 1.098373}}
{"target": -0.35191023490843837, "params": {"model__colsample_bylevel": 0.8431043953691202, "model__colsample_bynode": 0.9767631477315328, "model__colsample_bytree": 0.9451869305384779, "model__learning_rate": 0.2931355131102744, "model__max_depth": 3.986500255243943, "model__n_estimators": 15.32809872175456, "model__reg_lambda": 5.0430085211172475}, "datetime": {"datetime": "2021-03-24 00:47:39", "elapsed": 39.365487, "delta": 1.069388}}
{"target": -0.3365182770878427, "params": {"model__colsample_bylevel": 0.4316092839762674, "model__colsample_bynode": 0.3705302269847944, "model__colsample_bytree": 0.9390486292909699, "model__learning_rate": 0.27051096542116204, "model__max_depth": 4.870653011119568, "model__n_estimators": 29.840449770389107, "model__reg_lambda": 0.43281311001749256}, "datetime": {"datetime": "2021-03-24 00:47:40", "elapsed": 40.407368, "delta": 1.041881}}
{"target": -0.370390234840359, "params": {"model__colsample_bylevel": 0.42212131095382444, "model__colsample_bynode": 0.3552573556048995, "model__colsample_bytree": 0.9494602061424795, "model__learning_rate": 0.27495420513904, "model__max_depth": 3.7903297033517154, "model__n_estimators": 29.713451713214432, "model__reg_lambda": 9.979522401977238}, "datetime": {"datetime": "2021-03-24 00:47:42", "elapsed": 41.704394, "delta": 1.297026}}
{"target": -0.3483400143966403, "params": {"model__colsample_bylevel": 0.9883481959888631, "model__colsample_bynode": 0.517044212559301, "model__colsample_bytree": 0.852885852491662, "model__learning_rate": 0.2782490062865236, "model__max_depth": 7.9808777716743196, "model__n_estimators": 17.722693741269786, "model__reg_lambda": 4.95130731051899}, "datetime": {"datetime": "2021-03-24 00:47:43", "elapsed": 42.73166, "delta": 1.027266}}
