{"target": -0.35094647308933025, "params": {"model__colsample_bylevel": 1.0, "model__colsample_bynode": 1.0, "model__colsample_bytree": 0.3000000005785112, "model__learning_rate": 0.3, "model__max_depth": 8.0, "model__n_estimators": 30.0, "model__reg_lambda": 9.923403335904666}, "datetime": {"datetime": "2021-03-24 00:47:44", "elapsed": 43.928813, "delta": 1.197153}}
{"target": -0.3444307163308806, "params": {"model__colsample_bylevel": 0.8278568398708439, "model__colsample_bynode": 0.9786316339059034, "model__colsample_bytree": 0.9924103382364826, "model__learning_rate": 0.2748467859530189, "model__max_depth": 2.6066264583506857, "model__n_estimators": 17.898680959658993, "model__reg_lambda": 1.0944467735054486}, "datetime": {"datetime": "2021-03-24 00:47:45", "elapsed": 45.258681, "delta": 1.329868}}
{"target": -0.37672346798851547, "params": {"model__colsample_bylevel": 0.6684265762995891, "model__colsample_bynode": 0.31414533078120455, "model__colsample_bytree": 0.9467782140049423, "model__learning_rate": 0.2658558962835266, "model__max_depth": 4.109530775265402, "model__n_estimators": 15.082224144611743, "model__reg_lambda": 2.6517791945885314}, "datetime": {"datetime": "2021-03-24 00:47:46", "elapsed": 46.409189, "delta": 1.150508}}
{"target": -0.35689665075843696, "params": {"model__colsample_bylevel": 0.5001262934035979, "model__colsample_bynode": 0.8301467616015492, "model__colsample_bytree": 0.42091711272842725, "model__learning_rate": 0.29337189018874327, "model__max_depth": 7.962227521641441, "model__n_estimators": 26.707080561926208, "model__reg_lambda": 7.53775885640919}, "datetime": {"datetime": "2021-03-24 00:47:48", "elapsed": 47.651504, "delta": 1.242315}}
{"target": -0.3947829570695488, "params": {"model__colsample_bylevel": 1.0, "model__colsample_bynode": 0.3, "model__colsample_bytree": 1.0, "model__learning_rate": 0.3, "model__max_depth": 5.70464938764875, "model__n_estimators": 15.0, "model__reg_lambda": 10.0}, "datetime": {"datetime": "2021-03-24 00:47:49", "elapsed": 48.983725, "delta": 1.332221}}
{"target": -0.3168967631195024, "params": {"model__colsample_bylevel": 0.9698244619746319, "model__colsample_bynode": 0.8117136680329535, "model__colsample_bytree": 0.931395812237765, "model__learning_rate": 0.28961495524180586, "model__max_depth": 2.0550522401568077, "model__n_estimators": 23.352349631024353, "model__reg_lambda": 0.15736246562439993}, "datetime": {"datetime": "2021-03-24 00:47:50", "elapsed": 50.23312, "delta": 1.249395}}
{"target": -0.3777494689577893, "params": {"model__colsample_bylevel": 0.3000000003063642, "model__colsample_bynode": 0.3, "model__colsample_bytree": 0.3, "model__learning_rate": 0.3, "model__max_depth": 8.0, "model__n_estimators": 17.821260627741758, "model__reg_lambda": 2.0271142192203384}, "datetime": {"datetime": "2021-03-24 00:47:51", "elapsed": 51.382699, "delta": 1.149579}}
{"target": -0.3382465850629345, "params": {"model__colsample_bylevel": 1.0, "model__colsample_bynode": 1.0, "model__colsample_bytree": 1.0, "model__learning_rate": 0.3, "model__max_depth": 3.801016768047571, "model__n_estimators": 28.24475968967038, "model__reg_lambda": 8.81248818987747}, "datetime": {"datetime": "2021-03-24 00:47:53", "elapsed": 52.75652, "delta": 1.373821}}
{"target": -0.3551860672954902, "params": {"model__colsample_bylevel": 1.0, "model__colsample_bynode": 1.0, "model__colsample_bytree": 1.0, "model__learning_rate": 0.3, "model__max_depth": 7.133295395946609, "model__n_estimators": 15.900115620224927, "model__reg_lambda": 7.2484639099332036}, "datetime": {"datetime": "2021-03-24 00:47:54", "elapsed": 54.099568, "delta": 1.343048}}
{"target": -0.34968191750458966, "params": {"model__colsample_bylevel": 0.7672396109745665, "model__colsample_bynode": 0.78232402545124, "model__colsample_bytree": 0.9564445327440676, "model__learning_rate": 0.29110639836957986, "model__max_depth": 7.796712652373579, "model__n_estimators": 15.343422167906803, "model__reg_lambda": 0.026114192123850577}, "datetime": {"datetime": "2021-03-24 00:47:55", "elapsed": 55.262607, "delta": 1.163039}}
{"target": -0.3519041074939288, "params": {"model__colsample_bylevel": 0.7879682488361169, "model__colsample_bynode": 0.4061619155130807, "model__colsample_bytree": 0.9407243969965071, "model__learning_rate": 0.1780192904517217, "model__max_depth": 2.1941941481048364, "model__n_estimators": 29.886373742354706, "model__reg_lambda": 0.4324743310352941}, "datetime": {"datetime": "2021-03-24 00:47:57", "elapsed": 56.593556, "delta": 1.330949}}
{"target": -0.3386269585088999, "params": {"model__colsample_bylevel": 0.6658802592203777, "model__colsample_bynode": 0.9980012352233683, "model__colsample_bytree": 0.3442809313241561, "model__learning_rate": 0.2944350178696401, "model__max_depth": 2.5289312656082163, "model__n_estimators": 28.835439373347718, "model__reg_lambda": 0.7590327528454599}, "datetime": {"datetime": "2021-03-24 00:47:58", "elapsed": 57.740898, "delta": 1.147342}}
{"target": -0.39141377958239637, "params": {"model__colsample_bylevel": 0.3, "model__colsample_bynode": 0.49213779069629404, "model__colsample_bytree": 1.0, "model__learning_rate": 0.3, "model__max_depth": 2.432222950262524, "model__n_estimators": 25.511784560628815, "model__reg_lambda": 6.441999726704244}, "datetime": {"datetime": "2021-03-24 00:47:59", "elapsed": 58.854766, "delta": 1.113868}}
{"target": -0.3791266998133548, "params": {"model__colsample_bylevel": 0.8887322623804264, "model__colsample_bynode": 0.5198636580057111, "model__colsample_bytree": 0.995361902418646, "model__learning_rate": 0.2577363717738691, "model__max_depth": 6.477935812406013, "model__n_estimators": 29.05997202672298, "model__reg_lambda": 0.021751067866009333}, "datetime": {"datetime": "2021-03-24 00:48:00", "elapsed": 60.285005, "delta": 1.430239}}
{"target": -0.3646895238819222, "params": {"model__colsample_bylevel": 0.44609189274727556, "model__colsample_bynode": 0.3147885333660265, "model__colsample_bytree": 0.3732686354990211, "model__learning_rate": 0.17078785932052437, "model__max_depth": 7.851728439582734, "model__n_estimators": 28.867566928596414, "model__reg_lambda": 1.8418837840505586}, "datetime": {"datetime": "2021-03-24 00:48:01", "elapsed": 61.428783, "delta": 1.143778}}
{"target": -0.34982758846464634, "params": {"model__colsample_bylevel": 0.3803860753410192, "model__colsample_bynode": 0.9909271196987888, "model__colsample_bytree": 0.7771617660676837, "model__learning_rate": 0.2645995806814865, "model__max_depth": 3.9826923734068895, "model__n_estimators": 27.30359283910839, "model__reg_lambda": 9.875201797775858}, "datetime": {"datetime": "2021-03-24 00:48:03", "elapsed": 62.768723, "delta": 1.33994}}
{"target": -0.35702627389388075, "params": {"model__colsample_bylevel": 1.0, "model__colsample_bynode": 0.4018878852188255, "model__colsample_bytree": 0.3, "model__learning_rate": 0.3, "model__max_depth": 6.6314399241730175, "model__n_estimators": 29.989253120264582, "model__reg_lambda": 8.04794491560261}, "datetime": {"datetime": "2021-03-24 00:48:04", "elapsed": 64.170988, "delta": 1.402265}}
{"target": -0.37994649612034354, "params": {"model__colsample_bylevel": 0.3, "model__colsample_bynode": 0.48360405541621193, "model__colsample_bytree": 1.0, "model__learning_rate": 0.3, "model__max_depth": 3.7012810649451677, "model__n_estimators": 21.72630475205545, "model__reg_lambda": 7.7037820620808946}, "datetime": {"datetime": "2021-03-24 00:48:05", "elapsed": 65.410103, "delta": 1.239115}}
{"target": -0.33988122595879044, "params": {"model__colsample_bylevel": 1.0, "model__colsample_bynode": 1.0, "model__colsample_bytree": 1.0, "model__learning_rate": 0.3, "model__max_depth": 8.0, "model__n_estimators": 19.479588249737265, "model__reg_lambda": 7.852188468689418}, "datetime": {"datetime": "2021-03-24 00:48:07", "elapsed": 66.760499, "delta": 1.350396}}
{"target": -0.41654039257867403, "params": {"model__colsample_bylevel": 0.3, "model__colsample_bynode": 0.3, "model__colsample_bytree": 1.0, "model__learning_rate": 0.3, "model__max_depth": 3.0469855183901213, "model__n_estimators": 15.0, "model__reg_lambda": 4.566079613135688}, "datetime": {"datetime": "2021-03-24 00:48:08", "elapsed": 67.897011, "delta": 1.136512}}
{"target": -0.4024757926932712, "params": {"model__colsample_bylevel": 0.3, "model__colsample_bynode": 1.0, "model__colsample_bytree": 0.3, "model__learning_rate": 0.3, "model__max_depth": 2.0, "model__n_estimators": 28.803329558975427, "model__reg_lambda": 10.0}, "datetime": {"datetime": "2021-03-24 00:48:09", "elapsed": 69.125916, "delta": 1.228905}}
{"target": -0.3598946203565414, "params": {"model__colsample_bylevel": 0.3, "model__colsample_bynode": 1.0, "model__colsample_bytree": 0.3, "model__learning_rate": 0.1, "model__max_depth": 5.365105238553381, "model__n_estimators": 30.0, "model__reg_lambda": 0.34567853033161006}, "datetime": {"datetime": "2021-03-24 00:48:10", "elapsed": 70.423371, "delta": 1.297455}}
{"target": -0.34997506528633876, "params": {"model__colsample_bylevel": 0.37355055680730265, "model__colsample_bynode": 0.7178939805528839, "model__colsample_bytree": 0.953741893227088, "model__learning_rate": 0.11991031920552926, "model__max_depth": 3.127005253594266, "model__n_estimators": 28.57385176359383, "model__reg_lambda": 0.06440881829332112}, "datetime": {"datetime": "2021-03-24 00:48:12", "elapsed": 71.640189, "delta": 1.216818}}
{"target": -0.34091454385661696, "params": {"model__colsample_bylevel": 0.7723822909200413, "model__colsample_bynode": 0.9132944714687152, "model__colsample_bytree": 0.9383480844152958, "model__learning_rate": 0.2977865333248272, "model__max_depth": 2.1413645023375185, "model__n_estimators": 27.944934554492356, "model__reg_lambda": 4.23419902959645}, "datetime": {"datetime": "2021-03-24 00:48:13", "elapsed": 72.813745, "delta": 1.173556}}
{"target": -0.3695788594041242, "params": {"model__colsample_bylevel": 1.0, "model__colsample_bynode": 0.3, "model__colsample_bytree": 0.3, "model__learning_rate": 0.3, "model__max_depth": 3.6473183187229843, "model__n_estimators": 25.158759111684727, "model__reg_lambda": 0.0}, "datetime": {"datetime": "2021-03-24 00:48:14", "elapsed": 74.23811, "delta": 1.424365}}
{"target": -0.34768386909981136, "params": {"model__colsample_bylevel": 1.0, "model__colsample_bynode": 1.0, "model__colsample_bytree": 0.3, "model__learning_rate": 0.3, "model__max_depth": 3.8134362102486117, "model__n_estimators": 23.83469587400012, "model__reg_lambda": 10.0}, "datetime": {"datetime": "2021-03-24 00:48:16", "elapsed": 75.892763, "delta": 1.654653}}
{"target": -0.32953424155442174, "params": {"model__colsample_bylevel": 0.9999999999845439, "model__colsample_bynode": 1.0, "model__colsample_bytree": 0.3, "model__learning_rate": 0.3, "model__max_depth": 7.999999999836633, "model__n_estimators": 24.585186520471456, "model__reg_lambda": 3.4197594515499103}, "datetime": {"datetime": "2021-03-24 00:48:17", "elapsed": 77.209664, "delta": 1.316901}}
{"target": -0.3468517726307492, "params": {"model__colsample_bylevel": 1.0, "model__colsample_bynode": 1.0, "model__colsample_bytree": 1.0, "model__learning_rate": 0.3, "model__max_depth": 5.210478675498516, "model__n_estimators": 20.06550891378197, "model__reg_lambda": 9.999999955282378}, "datetime": {"datetime": "2021-03-24 00:48:18", "elapsed": 78.523704, "delta": 1.31404}}
{"target": -0.4155838113170171, "params": {"model__colsample_bylevel": 0.9771408221680253, "model__colsample_bynode": 0.34645369836364226, "model__colsample_bytree": 0.995309977010066, "model__learning_rate": 0.1030467752905647, "model__max_depth": 2.3637833579674985, "model__n_estimators": 20.96524912515552, "model__reg_lambda": 0.05953028119246806}, "datetime": {"datetime": "2021-03-24 00:48:20", "elapsed": 79.732053, "delta": 1.208349}}
{"target": -0.3328183645439887, "params": {"model__colsample_bylevel": 0.3, "model__colsample_bynode": 1.0, "model__colsample_bytree": 1.0, "model__learning_rate": 0.3, "model__max_depth": 5.014976098755141, "model__n_estimators": 22.7369373833906, "model__reg_lambda": 2.5949774983347105}, "datetime": {"datetime": "2021-03-24 00:48:21", "elapsed": 81.149684, "delta": 1.417631}}
{"target": -0.36759211642505685, "params": {"model__colsample_bylevel": 1.0, "model__colsample_bynode": 0.3, "model__colsample_bytree": 1.0, "model__learning_rate": 0.3, "model__max_depth": 2.919868351230453, "model__n_estimators": 25.87128490079681, "model__reg_lambda": 10.0}, "datetime": {"datetime": "2021-03-24 00:48:22", "elapsed": 82.471273, "delta": 1.321589}}
{"target": -0.3460670567605226, "params": {"model__colsample_bylevel": 0.3522337773804577, "model__colsample_bynode": 0.3822220974337203, "model__colsample_bytree": 0.5291191639657363, "model__learning_rate": 0.2857177637241899, "model__max_depth": 5.681701880127368, "model__n_estimators": 28.648648374000665, "model__reg_lambda": 1.21410686285351}, "datetime": {"datetime": "2021-03-24 00:48:24", "elapsed": 83.779019, "delta": 1.307746}}
{"target": -0.39065925656696376, "params": {"model__colsample_bylevel": 0.3, "model__colsample_bynode": 1.0, "model__colsample_bytree": 1.0, "model__learning_rate": 0.3, "model__max_depth": 5.523261312174458, "model__n_estimators": 15.0, "model__reg_lambda": 7.829931999952006}, "datetime": {"datetime": "2021-03-24 00:48:25", "elapsed": 85.03248, "delta": 1.253461}}
{"target": -0.3685369160471727, "params": {"model__colsample_bylevel": 1.0, "model__colsample_bynode": 0.3, "model__colsample_bytree": 1.0, "model__learning_rate": 0.3, "model__max_depth": 8.0, "model__n_estimators": 20.572396967840547, "model__reg_lambda": 10.0}, "datetime": {"datetime": "2021-03-24 00:48:27", "elapsed": 86.626918, "delta": 1.594438}}
{"target": -0.3462319548071389, "params": {"model__colsample_bylevel": 0.3, "model__colsample_bynode": 0.3, "model__colsample_bytree": 0.3, "model__learning_rate": 0.3, "model__max_depth": 8.0, "model__n_estimators": 25.323168687273302, "model__reg_lambda": 0.9936257255284568}, "datetime": {"datetime": "2021-03-24 00:48:28", "elapsed": 87.786449, "delta": 1.159531}}
{"target": -0.33244904229346584, "params": {"model__colsample_bylevel": 0.8057367500093799, "model__colsample_bynode": 0.3560406504141968, "model__colsample_bytree": 0.885528451676951, "model__learning_rate": 0.29633422962225564, "model__max_depth": 3.3295067313258118, "model__n_estimators": 23.476579603441905, "model__reg_lambda": 1.5202084819651973}, "datetime": {"datetime": "2021-03-24 00:48:29", "elapsed": 89.203408, "delta": 1.416959}}
{"target": -0.37747062538628995, "params": {"model__colsample_bylevel": 1.0, "model__colsample_bynode": 0.3, "model__colsample_bytree": 1.0, "model__learning_rate": 0.3, "model__max_depth": 8.0, "model__n_estimators": 15.0, "model__reg_lambda": 6.492421287544965}, "datetime": {"datetime": "2021-03-24 00:48:30", "elapsed": 90.342965, "delta": 1.139557}}
{"target": -0.3475786783179079, "params": {"model__colsample_bylevel": 1.0, "model__colsample_bynode": 0.8868212237292875, "model__colsample_bytree": 1.0, "model__learning_rate": 0.3, "model__max_depth": 4.92822751268302, "model__n_estimators": 21.045799209816536, "model__reg_lambda": 6.38360887379493}, "datetime": {"datetime": "2021-03-24 00:48:32", "elapsed": 91.635677, "delta": 1.292712}}
{"target": -0.328565063147318, "params": {"model__colsample_bylevel": 0.3, "model__colsample_bynode": 1.0, "model__colsample_bytree": 1.0, "model__learning_rate": 0.3, "model__max_depth": 2.7768154897789916, "model__n_estimators": 18.50971299017862, "model__reg_lambda": 0.0}, "datetime": {"datetime": "2021-03-24 00:48:33", "elapsed": 92.862839, "delta": 1.227162}}
{"target": -0.36777433826473366, "params": {"model__colsample_bylevel": 1.0, "model__colsample_bynode": 0.3000000013870741, "model__colsample_bytree": 1.0, "model__learning_rate": 0.3, "model__max_depth": 3.3143693658110123, "model__n_estimators": 18.785085171821574, "model__reg_lambda": 6.444399930102656}, "datetime": {"datetime": "2021-03-24 00:48:34", "elapsed": 94.311746, "delta": 1.448907}}
{"target": -0.3683981996876579, "params": {"model__colsample_bylevel": 0.3223194922524328, "model__colsample_bynode": 0.5327405029414991, "model__colsample_bytree": 0.9943180179650719, "model__learning_rate": 0.2751050340332439, "model__max_depth": 7.8166151982648495, "model__n_estimators": 23.38322717396804, "model__reg_lambda": 3.3160553049636365}, "datetime": {"datetime": "2021-03-24 00:48:36", "elapsed": 95.786315, "delta": 1.474569}}
{"target": -0.3584234967736689, "params": {"model__colsample_bylevel": 1.0, "model__colsample_bynode": 0.30000000000535837, "model__colsample_bytree": 1.0, "model__learning_rate": 0.3, "model__max_depth": 6.4122266678795246, "model__n_estimators": 28.53570681087028, "model__reg_lambda": 10.0}, "datetime": {"datetime": "2021-03-24 00:48:37", "elapsed": 97.161602, "delta": 1.375287}}
{"target": -0.38855384885589933, "params": {"model__colsample_bylevel": 1.0, "model__colsample_bynode": 1.0, "model__colsample_bytree": 0.3, "model__learning_rate": 0.3, "model__max_depth": 2.0, "model__n_estimators": 21.227877736655202, "model__reg_lambda": 9.154087809069384}, "datetime": {"datetime": "2021-03-24 00:48:38", "elapsed": 98.392426, "delta": 1.230824}}
{"target": -0.35012908323829917, "params": {"model__colsample_bylevel": 0.3, "model__colsample_bynode": 1.0, "model__colsample_bytree": 0.3, "model__learning_rate": 0.3, "model__max_depth": 5.913119903048141, "model__n_estimators": 26.470074180660973, "model__reg_lambda": 5.822034017058339}, "datetime": {"datetime": "2021-03-24 00:48:40", "elapsed": 99.843015, "delta": 1.450589}}
{"target": -0.37276959072434057, "params": {"model__colsample_bylevel": 0.3, "model__colsample_bynode": 0.3, "model__colsample_bytree": 1.0, "model__learning_rate": 0.3, "model__max_depth": 2.2973474530535816, "model__n_estimators": 19.041644132901375, "model__reg_lambda": 0.4446515565594088}, "datetime": {"datetime": "2021-03-24 00:48:41", "elapsed": 101.269159, "delta": 1.426144}}
{"target": -0.3235419998296361, "params": {"model__colsample_bylevel": 0.3, "model__colsample_bynode": 1.0, "model__colsample_bytree": 1.0, "model__learning_rate": 0.3, "model__max_depth": 8.0, "model__n_estimators": 19.697396282317346, "model__reg_lambda": 2.899182954160443}, "datetime": {"datetime": "2021-03-24 00:48:43", "elapsed": 102.648062, "delta": 1.378903}}
{"target": -0.3538187750763651, "params": {"model__colsample_bylevel": 0.3, "model__colsample_bynode": 1.0, "model__colsample_bytree": 1.0, "model__learning_rate": 0.3, "model__max_depth": 8.0, "model__n_estimators": 15.890221392826481, "model__reg_lambda": 3.464019271727073}, "datetime": {"datetime": "2021-03-24 00:48:44", "elapsed": 104.007479, "delta": 1.359417}}
{"target": -0.3607406191936141, "params": {"model__colsample_bylevel": 0.9969197891812029, "model__colsample_bynode": 0.9770551206069065, "model__colsample_bytree": 0.8286669892295493, "model__learning_rate": 0.2731722281316151, "model__max_depth": 4.016869616404609, "model__n_estimators": 21.561252423824516, "model__reg_lambda": 1.5300968846961205}, "datetime": {"datetime": "2021-03-24 00:48:45", "elapsed": 105.531414, "delta": 1.523935}}
{"target": -0.3511375910335936, "params": {"model__colsample_bylevel": 0.41265272463444197, "model__colsample_bynode": 0.4181176215240191, "model__colsample_bytree": 1.0, "model__learning_rate": 0.3, "model__max_depth": 3.503590612404589, "model__n_estimators": 28.189088267247904, "model__reg_lambda": 3.6318425880761946}, "datetime": {"datetime": "2021-03-24 00:48:47", "elapsed": 106.898966, "delta": 1.367552}}
{"target": -0.3386148473116286, "params": {"model__colsample_bylevel": 1.0, "model__colsample_bynode": 1.0, "model__colsample_bytree": 1.0, "model__learning_rate": 0.3, "model__max_depth": 8.0, "model__n_estimators": 22.233034261980624, "model__reg_lambda": 6.6519905270367925}, "datetime": {"datetime": "2021-03-24 00:48:49", "elapsed": 108.625797, "delta": 1.726831}}
{"target": -0.4436893186302505, "params": {"model__colsample_bylevel": 0.3, "model__colsample_bynode": 0.3, "model__colsample_bytree": 0.3, "model__learning_rate": 0.3, "model__max_depth": 8.0, "model__n_estimators": 15.0, "model__reg_lambda": 10.0}, "datetime": {"datetime": "2021-03-24 00:48:50", "elapsed": 110.02294, "delta": 1.397143}}
{"target": -0.3385605066741372, "params": {"model__colsample_bylevel": 1.0, "model__colsample_bynode": 1.0, "model__colsample_bytree": 1.0, "model__learning_rate": 0.3, "model__max_depth": 5.891194767404267, "model__n_estimators": 30.0, "model__reg_lambda": 6.508452250435542}, "datetime": {"datetime": "2021-03-24 00:48:52", "elapsed": 111.604829, "delta": 1.581889}}
{"target": -0.3783649357150484, "params": {"model__colsample_bylevel": 0.3, "model__colsample_bynode": 1.0, "model__colsample_bytree": 1.0, "model__learning_rate": 0.3, "model__max_depth": 2.0, "model__n_estimators": 20.537339998438068, "model__reg_lambda": 6.312862247793831}, "datetime": {"datetime": "2021-03-24 00:48:53", "elapsed": 112.862377, "delta": 1.257548}}
{"target": -0.32311843920708294, "params": {"model__colsample_bylevel": 0.8484784716404201, "model__colsample_bynode": 1.0, "model__colsample_bytree": 0.3, "model__learning_rate": 0.29999999925948123, "model__max_depth": 5.304950386325825, "model__n_estimators": 29.9845869905673, "model__reg_lambda": 5.3331013736585575}, "datetime": {"datetime": "2021-03-24 00:48:54", "elapsed": 114.170766, "delta": 1.308389}}
{"target": -0.3541783323663327, "params": {"model__colsample_bylevel": 0.9327675354290768, "model__colsample_bynode": 0.3495083534778437, "model__colsample_bytree": 0.9469930088801077, "model__learning_rate": 0.2904792301969769, "model__max_depth": 7.920291152296751, "model__n_estimators": 27.851656035550803, "model__reg_lambda": 6.576000512161202}, "datetime": {"datetime": "2021-03-24 00:48:55", "elapsed": 115.423116, "delta": 1.25235}}
