{"target": -0.3712881723962103, "params": {"model__colsample_bylevel": 0.3, "model__colsample_bynode": 0.3, "model__colsample_bytree": 0.3, "model__learning_rate": 0.3, "model__max_depth": 8.0, "model__n_estimators": 20.56206886761382, "model__reg_lambda": 1.5941758401823494}, "datetime": {"datetime": "2021-03-24 00:38:57", "elapsed": 52.985253, "delta": 1.458173}}
{"target": -0.3620787644495621, "params": {"model__colsample_bylevel": 1.0, "model__colsample_bynode": 1.0, "model__colsample_bytree": 1.0, "model__learning_rate": 0.3, "model__max_depth": 3.9968184421365933, "model__n_estimators": 15.0, "model__reg_lambda": 5.636375902924559}, "datetime": {"datetime": "2021-03-24 00:38:58", "elapsed": 54.313592, "delta": 1.328339}}
{"target": -0.3533808903225387, "params": {"model__colsample_bylevel": 0.3, "model__colsample_bynode": 1.0, "model__colsample_bytree": 0.3, "model__learning_rate": 0.3, "model__max_depth": 4.7683491287770545, "model__n_estimators": 17.658623751501395, "model__reg_lambda": 0.0}, "datetime": {"datetime": "2021-03-24 00:39:00", "elapsed": 55.650097, "delta": 1.336505}}
{"target": -0.39170719612207583, "params": {"model__colsample_bylevel": 0.5264945077932259, "model__colsample_bynode": 0.3199125433586203, "model__colsample_bytree": 0.8378522642290069, "model__learning_rate": 0.2971742323980243, "model__max_depth": 2.000517548863063, "model__n_estimators": 15.14835598798103, "model__reg_lambda": 0.19574349725329232}, "datetime": {"datetime": "2021-03-24 00:39:01", "elapsed": 56.894927, "delta": 1.24483}}
{"target": -0.3634583166645219, "params": {"model__colsample_bylevel": 1.0, "model__colsample_bynode": 1.0, "model__colsample_bytree": 0.3, "model__learning_rate": 0.3, "model__max_depth": 8.0, "model__n_estimators": 25.21041906298638, "model__reg_lambda": 10.0}, "datetime": {"datetime": "2021-03-24 00:39:02", "elapsed": 58.333509, "delta": 1.438582}}
{"target": -0.3295540700126709, "params": {"model__colsample_bylevel": 1.0, "model__colsample_bynode": 0.3, "model__colsample_bytree": 1.0, "model__learning_rate": 0.3, "model__max_depth": 2.0, "model__n_estimators": 24.373234856722206, "model__reg_lambda": 0.0}, "datetime": {"datetime": "2021-03-24 00:39:03", "elapsed": 59.618187, "delta": 1.284678}}
{"target": -0.34358436217585553, "params": {"model__colsample_bylevel": 0.3, "model__colsample_bynode": 0.3767659554254864, "model__colsample_bytree": 0.3, "model__learning_rate": 0.3, "model__max_depth": 8.0, "model__n_estimators": 28.31332841365754, "model__reg_lambda": 3.16103351195832}, "datetime": {"datetime": "2021-03-24 00:39:05", "elapsed": 60.845288, "delta": 1.227101}}
{"target": -0.33836267704457934, "params": {"model__colsample_bylevel": 0.9840291212548637, "model__colsample_bynode": 0.6108176495822946, "model__colsample_bytree": 0.9880986590722778, "model__learning_rate": 0.2893019889917994, "model__max_depth": 3.2494051774317008, "model__n_estimators": 29.599211085067452, "model__reg_lambda": 3.75378065249923}, "datetime": {"datetime": "2021-03-24 00:39:06", "elapsed": 62.236173, "delta": 1.390885}}
{"target": -0.3756404219978098, "params": {"model__colsample_bylevel": 0.7892812516976915, "model__colsample_bynode": 0.9579787352865732, "model__colsample_bytree": 0.4209548519066567, "model__learning_rate": 0.29563874835082715, "model__max_depth": 2.00364159844887, "model__n_estimators": 18.94934381241876, "model__reg_lambda": 9.914209581617033}, "datetime": {"datetime": "2021-03-24 00:39:08", "elapsed": 63.639427, "delta": 1.403254}}
{"target": -0.34112215083707426, "params": {"model__colsample_bylevel": 1.0, "model__colsample_bynode": 0.3, "model__colsample_bytree": 1.0, "model__learning_rate": 0.3, "model__max_depth": 4.144230208335377, "model__n_estimators": 26.931179087073833, "model__reg_lambda": 0.5173446921050167}, "datetime": {"datetime": "2021-03-24 00:39:09", "elapsed": 64.997707, "delta": 1.35828}}
{"target": -0.36082540987720846, "params": {"model__colsample_bylevel": 1.0, "model__colsample_bynode": 1.0, "model__colsample_bytree": 1.0, "model__learning_rate": 0.3, "model__max_depth": 3.954617521224182, "model__n_estimators": 20.550217505105877, "model__reg_lambda": 9.966990342265454}, "datetime": {"datetime": "2021-03-24 00:39:10", "elapsed": 66.405051, "delta": 1.407344}}
{"target": -0.4183529258651686, "params": {"model__colsample_bylevel": 0.3, "model__colsample_bynode": 1.0, "model__colsample_bytree": 0.3, "model__learning_rate": 0.3, "model__max_depth": 2.0, "model__n_estimators": 15.0, "model__reg_lambda": 6.994615722183823}, "datetime": {"datetime": "2021-03-24 00:39:12", "elapsed": 67.896302, "delta": 1.491251}}
{"target": -0.34123799973572405, "params": {"model__colsample_bylevel": 1.0, "model__colsample_bynode": 1.0, "model__colsample_bytree": 1.0, "model__learning_rate": 0.3, "model__max_depth": 6.9753381374875705, "model__n_estimators": 28.101069788921965, "model__reg_lambda": 10.0}, "datetime": {"datetime": "2021-03-24 00:39:13", "elapsed": 69.505887, "delta": 1.609585}}
{"target": -0.321420494781257, "params": {"model__colsample_bylevel": 0.9715575504323841, "model__colsample_bynode": 1.0, "model__colsample_bytree": 0.3, "model__learning_rate": 0.3, "model__max_depth": 2.000000000670861, "model__n_estimators": 24.947665247127674, "model__reg_lambda": 0.0}, "datetime": {"datetime": "2021-03-24 00:39:15", "elapsed": 70.829181, "delta": 1.323294}}
{"target": -0.3360352191702881, "params": {"model__colsample_bylevel": 0.3, "model__colsample_bynode": 0.3, "model__colsample_bytree": 0.9999986784763403, "model__learning_rate": 0.3, "model__max_depth": 4.673541708884448, "model__n_estimators": 27.465469403815437, "model__reg_lambda": 4.785260249362332}, "datetime": {"datetime": "2021-03-24 00:39:16", "elapsed": 72.304472, "delta": 1.475291}}
{"target": -0.3475940446382847, "params": {"model__colsample_bylevel": 0.8036914264786776, "model__colsample_bynode": 0.842458668922895, "model__colsample_bytree": 0.3114841881568441, "model__learning_rate": 0.2788607811750447, "model__max_depth": 4.476232212970408, "model__n_estimators": 29.86512651963832, "model__reg_lambda": 9.989078185929262}, "datetime": {"datetime": "2021-03-24 00:39:18", "elapsed": 73.649762, "delta": 1.34529}}
{"target": -0.33901849292704594, "params": {"model__colsample_bylevel": 1.0, "model__colsample_bynode": 0.3, "model__colsample_bytree": 0.3, "model__learning_rate": 0.3, "model__max_depth": 7.009260317749791, "model__n_estimators": 30.0, "model__reg_lambda": 5.218275939649705}, "datetime": {"datetime": "2021-03-24 00:39:19", "elapsed": 75.022563, "delta": 1.372801}}
{"target": -0.3887446016937062, "params": {"model__colsample_bylevel": 1.0, "model__colsample_bynode": 0.3, "model__colsample_bytree": 0.3, "model__learning_rate": 0.3, "model__max_depth": 2.0, "model__n_estimators": 27.93948452277988, "model__reg_lambda": 10.0}, "datetime": {"datetime": "2021-03-24 00:39:20", "elapsed": 76.410544, "delta": 1.387981}}
{"target": -0.3375643507294033, "params": {"model__colsample_bylevel": 0.3, "model__colsample_bynode": 1.0, "model__colsample_bytree": 1.0, "model__learning_rate": 0.3, "model__max_depth": 2.7549401989566267, "model__n_estimators": 23.062383513369582, "model__reg_lambda": 0.0}, "datetime": {"datetime": "2021-03-24 00:39:22", "elapsed": 77.673264, "delta": 1.26272}}
{"target": -0.3498375693692124, "params": {"model__colsample_bylevel": 1.0, "model__colsample_bynode": 1.0, "model__colsample_bytree": 1.0, "model__learning_rate": 0.3, "model__max_depth": 3.2611211812136904, "model__n_estimators": 30.0, "model__reg_lambda": 8.559486430692484}, "datetime": {"datetime": "2021-03-24 00:39:23", "elapsed": 79.097121, "delta": 1.423857}}
{"target": -0.34896321600856456, "params": {"model__colsample_bylevel": 1.0, "model__colsample_bynode": 1.0, "model__colsample_bytree": 1.0, "model__learning_rate": 0.3, "model__max_depth": 8.0, "model__n_estimators": 23.122529062218234, "model__reg_lambda": 10.0}, "datetime": {"datetime": "2021-03-24 00:39:25", "elapsed": 80.713736, "delta": 1.616615}}
{"target": -0.36227996236681803, "params": {"model__colsample_bylevel": 1.0, "model__colsample_bynode": 1.0, "model__colsample_bytree": 1.0, "model__learning_rate": 0.3, "model__max_depth": 5.408558292823465, "model__n_estimators": 19.196114657733492, "model__reg_lambda": 3.3316240036003877}, "datetime": {"datetime": "2021-03-24 00:39:26", "elapsed": 82.453357, "delta": 1.739621}}
{"target": -0.3209784326437132, "params": {"model__colsample_bylevel": 0.3, "model__colsample_bynode": 0.3, "model__colsample_bytree": 1.0, "model__learning_rate": 0.3, "model__max_depth": 8.0, "model__n_estimators": 22.691248167233255, "model__reg_lambda": 1.6868304995949999}, "datetime": {"datetime": "2021-03-24 00:39:28", "elapsed": 83.662294, "delta": 1.208937}}
{"target": -0.3566013190007863, "params": {"model__colsample_bylevel": 1.0, "model__colsample_bynode": 1.0, "model__colsample_bytree": 1.0, "model__learning_rate": 0.3, "model__max_depth": 4.041760486293391, "model__n_estimators": 20.620102761245665, "model__reg_lambda": 1.0758556166031608}, "datetime": {"datetime": "2021-03-24 00:39:29", "elapsed": 85.057709, "delta": 1.395415}}
{"target": -0.3663083400023912, "params": {"model__colsample_bylevel": 1.0, "model__colsample_bynode": 0.3, "model__colsample_bytree": 1.0, "model__learning_rate": 0.3, "model__max_depth": 6.834833561709473, "model__n_estimators": 15.0, "model__reg_lambda": 6.035500560289165}, "datetime": {"datetime": "2021-03-24 00:39:30", "elapsed": 86.154947, "delta": 1.097238}}
{"target": -0.3926355793140828, "params": {"model__colsample_bylevel": 0.3125446053954359, "model__colsample_bynode": 0.8346484200244664, "model__colsample_bytree": 0.41290936214029006, "model__learning_rate": 0.2939616594294512, "model__max_depth": 2.0457010794557964, "model__n_estimators": 21.769943869994098, "model__reg_lambda": 7.551971394171338}, "datetime": {"datetime": "2021-03-24 00:39:31", "elapsed": 87.427299, "delta": 1.272352}}
{"target": -0.3506661256154378, "params": {"model__colsample_bylevel": 1.0, "model__colsample_bynode": 1.0, "model__colsample_bytree": 0.3, "model__learning_rate": 0.1, "model__max_depth": 5.805633913142178, "model__n_estimators": 27.357026463022212, "model__reg_lambda": 0.0}, "datetime": {"datetime": "2021-03-24 00:39:33", "elapsed": 88.764895, "delta": 1.337596}}
{"target": -0.31899760434002467, "params": {"model__colsample_bylevel": 0.3, "model__colsample_bynode": 0.3, "model__colsample_bytree": 1.0, "model__learning_rate": 0.3, "model__max_depth": 5.262514626401293, "model__n_estimators": 15.0, "model__reg_lambda": 0.0}, "datetime": {"datetime": "2021-03-24 00:39:34", "elapsed": 90.26294, "delta": 1.498045}}
{"target": -0.3630683825735974, "params": {"model__colsample_bylevel": 0.3, "model__colsample_bynode": 0.8838774516301227, "model__colsample_bytree": 1.0, "model__learning_rate": 0.1, "model__max_depth": 7.693383065720887, "model__n_estimators": 26.891768524411933, "model__reg_lambda": 1.2024883129432609}, "datetime": {"datetime": "2021-03-24 00:39:36", "elapsed": 91.766957, "delta": 1.504017}}
{"target": -0.37464769854770463, "params": {"model__colsample_bylevel": 0.3, "model__colsample_bynode": 0.30275523938042453, "model__colsample_bytree": 0.9513347974261928, "model__learning_rate": 0.3, "model__max_depth": 6.515714400989194, "model__n_estimators": 25.078764902807613, "model__reg_lambda": 4.308454838349161}, "datetime": {"datetime": "2021-03-24 00:39:37", "elapsed": 93.164911, "delta": 1.397954}}
{"target": -0.34670501157196, "params": {"model__colsample_bylevel": 1.0, "model__colsample_bynode": 1.0, "model__colsample_bytree": 0.7899318643277092, "model__learning_rate": 0.3, "model__max_depth": 8.0, "model__n_estimators": 23.351021159480524, "model__reg_lambda": 2.4191961333314262}, "datetime": {"datetime": "2021-03-24 00:39:39", "elapsed": 94.845248, "delta": 1.680337}}
{"target": -0.3926225233877051, "params": {"model__colsample_bylevel": 0.3, "model__colsample_bynode": 0.3, "model__colsample_bytree": 1.0, "model__learning_rate": 0.3, "model__max_depth": 3.7199141286769053, "model__n_estimators": 18.191444247469217, "model__reg_lambda": 10.0}, "datetime": {"datetime": "2021-03-24 00:39:40", "elapsed": 96.125111, "delta": 1.279863}}
{"target": -0.34219270288519077, "params": {"model__colsample_bylevel": 1.0, "model__colsample_bynode": 1.0, "model__colsample_bytree": 1.0, "model__learning_rate": 0.3, "model__max_depth": 8.0, "model__n_estimators": 22.421320662109522, "model__reg_lambda": 6.550204965063899}, "datetime": {"datetime": "2021-03-24 00:39:42", "elapsed": 97.980519, "delta": 1.855408}}
{"target": -0.3441781511827224, "params": {"model__colsample_bylevel": 0.3, "model__colsample_bynode": 0.3, "model__colsample_bytree": 1.0, "model__learning_rate": 0.3, "model__max_depth": 4.447855438014906, "model__n_estimators": 15.0, "model__reg_lambda": 3.7230967451056043}, "datetime": {"datetime": "2021-03-24 00:39:43", "elapsed": 99.444743, "delta": 1.464224}}
{"target": -0.36538370253123426, "params": {"model__colsample_bylevel": 1.0, "model__colsample_bynode": 1.0, "model__colsample_bytree": 0.5281326120451696, "model__learning_rate": 0.3, "model__max_depth": 8.0, "model__n_estimators": 27.566438609489328, "model__reg_lambda": 3.7630453993866673}, "datetime": {"datetime": "2021-03-24 00:39:45", "elapsed": 101.058326, "delta": 1.613583}}
{"target": -0.41388735177224856, "params": {"model__colsample_bylevel": 1.0, "model__colsample_bynode": 0.3, "model__colsample_bytree": 1.0, "model__learning_rate": 0.3, "model__max_depth": 2.0, "model__n_estimators": 15.0, "model__reg_lambda": 6.294085867025898}, "datetime": {"datetime": "2021-03-24 00:39:46", "elapsed": 102.427836, "delta": 1.36951}}
{"target": -0.347148330468158, "params": {"model__colsample_bylevel": 0.3, "model__colsample_bynode": 1.0, "model__colsample_bytree": 1.0, "model__learning_rate": 0.3, "model__max_depth": 3.9902514693746616, "model__n_estimators": 28.02471954847082, "model__reg_lambda": 10.0}, "datetime": {"datetime": "2021-03-24 00:39:48", "elapsed": 103.82517, "delta": 1.397334}}
{"target": -0.36745728873647754, "params": {"model__colsample_bylevel": 0.3938900248907905, "model__colsample_bynode": 0.3179256397379261, "model__colsample_bytree": 0.35644230827793155, "model__learning_rate": 0.233771898649098, "model__max_depth": 7.9466087394879485, "model__n_estimators": 24.61530685690614, "model__reg_lambda": 1.198623273215813}, "datetime": {"datetime": "2021-03-24 00:39:49", "elapsed": 105.258095, "delta": 1.432925}}
{"target": -0.35404855110745814, "params": {"model__colsample_bylevel": 1.0, "model__colsample_bynode": 0.35812519472607496, "model__colsample_bytree": 1.0, "model__learning_rate": 0.3, "model__max_depth": 8.0, "model__n_estimators": 23.40767451974087, "model__reg_lambda": 0.21379258127969192}, "datetime": {"datetime": "2021-03-24 00:39:51", "elapsed": 106.841276, "delta": 1.583181}}
{"target": -0.34885691697473054, "params": {"model__colsample_bylevel": 0.9444359485918599, "model__colsample_bynode": 1.0, "model__colsample_bytree": 0.3, "model__learning_rate": 0.3, "model__max_depth": 8.0, "model__n_estimators": 28.373943411385763, "model__reg_lambda": 6.807688009541842}, "datetime": {"datetime": "2021-03-24 00:39:52", "elapsed": 108.387326, "delta": 1.54605}}
{"target": -0.34552372739468096, "params": {"model__colsample_bylevel": 0.3, "model__colsample_bynode": 0.3, "model__colsample_bytree": 1.0, "model__learning_rate": 0.3, "model__max_depth": 6.7302837179255395, "model__n_estimators": 17.553114913437334, "model__reg_lambda": 0.7415615054061888}, "datetime": {"datetime": "2021-03-24 00:39:53", "elapsed": 109.619712, "delta": 1.232386}}
{"target": -0.3467978039223269, "params": {"model__colsample_bylevel": 0.3, "model__colsample_bynode": 1.0, "model__colsample_bytree": 0.3, "model__learning_rate": 0.3, "model__max_depth": 4.389181627071467, "model__n_estimators": 23.28256482429975, "model__reg_lambda": 6.020394316161135}, "datetime": {"datetime": "2021-03-24 00:39:55", "elapsed": 111.098876, "delta": 1.479164}}
{"target": -0.38436269863657113, "params": {"model__colsample_bylevel": 1.0, "model__colsample_bynode": 0.3, "model__colsample_bytree": 1.0, "model__learning_rate": 0.3, "model__max_depth": 6.175091089537625, "model__n_estimators": 15.0, "model__reg_lambda": 10.0}, "datetime": {"datetime": "2021-03-24 00:39:56", "elapsed": 112.416163, "delta": 1.317287}}
{"target": -0.3694335266954495, "params": {"model__colsample_bylevel": 0.3, "model__colsample_bynode": 1.0, "model__colsample_bytree": 1.0, "model__learning_rate": 0.3, "model__max_depth": 2.0, "model__n_estimators": 24.331349355850968, "model__reg_lambda": 6.098486970022346}, "datetime": {"datetime": "2021-03-24 00:39:57", "elapsed": 113.609261, "delta": 1.193098}}
{"target": -0.36937584442903115, "params": {"model__colsample_bylevel": 0.3, "model__colsample_bynode": 1.0, "model__colsample_bytree": 0.3, "model__learning_rate": 0.3, "model__max_depth": 8.0, "model__n_estimators": 30.0, "model__reg_lambda": 0.0}, "datetime": {"datetime": "2021-03-24 00:39:59", "elapsed": 114.695473, "delta": 1.086212}}
{"target": -0.34754912592521264, "params": {"model__colsample_bylevel": 0.3, "model__colsample_bynode": 0.9999999999841864, "model__colsample_bytree": 0.3, "model__learning_rate": 0.3, "model__max_depth": 6.749357333266365, "model__n_estimators": 28.24245377702692, "model__reg_lambda": 0.9764770644832903}, "datetime": {"datetime": "2021-03-24 00:40:00", "elapsed": 116.322409, "delta": 1.626936}}
{"target": -0.39170868370169093, "params": {"model__colsample_bylevel": 0.3, "model__colsample_bynode": 1.0, "model__colsample_bytree": 0.3, "model__learning_rate": 0.3, "model__max_depth": 2.0, "model__n_estimators": 26.74117450251064, "model__reg_lambda": 10.0}, "datetime": {"datetime": "2021-03-24 00:40:02", "elapsed": 117.774038, "delta": 1.451629}}
{"target": -0.3825539815846993, "params": {"model__colsample_bylevel": 0.3518557174233683, "model__colsample_bynode": 0.9497034671259488, "model__colsample_bytree": 0.9773883601853401, "model__learning_rate": 0.2716162880482443, "model__max_depth": 7.849658644812834, "model__n_estimators": 17.314263099321145, "model__reg_lambda": 9.969735287768124}, "datetime": {"datetime": "2021-03-24 00:40:03", "elapsed": 119.227494, "delta": 1.453456}}
{"target": -0.3799142679476274, "params": {"model__colsample_bylevel": 1.0, "model__colsample_bynode": 1.0, "model__colsample_bytree": 0.3, "model__learning_rate": 0.3, "model__max_depth": 5.45688562317752, "model__n_estimators": 17.02140734122695, "model__reg_lambda": 10.0}, "datetime": {"datetime": "2021-03-24 00:40:04", "elapsed": 120.595363, "delta": 1.367869}}
{"target": -0.33215040879212726, "params": {"model__colsample_bylevel": 1.0, "model__colsample_bynode": 0.9046522739935546, "model__colsample_bytree": 0.7623393585384242, "model__learning_rate": 0.3, "model__max_depth": 5.660239312608662, "model__n_estimators": 30.0, "model__reg_lambda": 5.9975344815222265}, "datetime": {"datetime": "2021-03-24 00:40:06", "elapsed": 122.020504, "delta": 1.425141}}
{"target": -0.3492931463047052, "params": {"model__colsample_bylevel": 1.0, "model__colsample_bynode": 1.0, "model__colsample_bytree": 1.0, "model__learning_rate": 0.3, "model__max_depth": 6.676232720292753, "model__n_estimators": 18.4618381564232, "model__reg_lambda": 8.328943115514015}, "datetime": {"datetime": "2021-03-24 00:40:08", "elapsed": 123.734923, "delta": 1.714419}}
{"target": -0.3331179537749647, "params": {"model__colsample_bylevel": 0.3, "model__colsample_bynode": 0.3, "model__colsample_bytree": 1.0, "model__learning_rate": 0.3, "model__max_depth": 8.0, "model__n_estimators": 27.777078011813586, "model__reg_lambda": 8.584913327825733}, "datetime": {"datetime": "2021-03-24 00:40:09", "elapsed": 125.09972, "delta": 1.364797}}
{"target": -0.34441692692166925, "params": {"model__colsample_bylevel": 0.3, "model__colsample_bynode": 1.0, "model__colsample_bytree": 1.0, "model__learning_rate": 0.3, "model__max_depth": 5.148425681218369, "model__n_estimators": 24.299185760457103, "model__reg_lambda": 6.706285563720485}, "datetime": {"datetime": "2021-03-24 00:40:10", "elapsed": 126.60819, "delta": 1.50847}}
{"target": -0.36138042434408885, "params": {"model__colsample_bylevel": 0.6767869400381952, "model__colsample_bynode": 0.919476879852662, "model__colsample_bytree": 0.9265355903262593, "model__learning_rate": 0.2743018242044952, "model__max_depth": 7.946493544887488, "model__n_estimators": 18.717418263636233, "model__reg_lambda": 3.9021685455801802}, "datetime": {"datetime": "2021-03-24 00:40:12", "elapsed": 127.922509, "delta": 1.314319}}
{"target": -0.35366344194305877, "params": {"model__colsample_bylevel": 0.7423776702275067, "model__colsample_bynode": 0.3921061618710421, "model__colsample_bytree": 0.9456692646585942, "model__learning_rate": 0.2950884753618451, "model__max_depth": 7.880920895473347, "model__n_estimators": 28.947129793280958, "model__reg_lambda": 5.861765822917454}, "datetime": {"datetime": "2021-03-24 00:40:13", "elapsed": 129.358857, "delta": 1.436348}}
{"target": -0.3599043002726672, "params": {"model__colsample_bylevel": 0.3, "model__colsample_bynode": 0.3, "model__colsample_bytree": 1.0, "model__learning_rate": 0.3, "model__max_depth": 2.0, "model__n_estimators": 30.0, "model__reg_lambda": 3.513675287850084}, "datetime": {"datetime": "2021-03-24 00:40:15", "elapsed": 130.821895, "delta": 1.463038}}
{"target": -0.47232832647590095, "params": {"model__colsample_bylevel": 0.3, "model__colsample_bynode": 0.3, "model__colsample_bytree": 1.0, "model__learning_rate": 0.1, "model__max_depth": 2.0, "model__n_estimators": 18.391379520259072, "model__reg_lambda": 0.0}, "datetime": {"datetime": "2021-03-24 00:40:17", "elapsed": 132.782259, "delta": 1.960364}}
