{"target": -0.35508292756191845, "params": {"model__colsample_bylevel": 0.9128508929209536, "model__colsample_bynode": 0.3226588195314444, "model__colsample_bytree": 0.9700049458815632, "model__learning_rate": 0.2418024822301303, "model__max_depth": 4.296425799906977, "model__n_estimators": 16.937569936171194, "model__reg_lambda": 0.14281990475790263}, "datetime": {"datetime": "2021-03-24 00:40:18", "elapsed": 134.232212, "delta": 1.449953}}
{"target": -0.3442149832004519, "params": {"model__colsample_bylevel": 0.983823083693161, "model__colsample_bynode": 0.6799965075388823, "model__colsample_bytree": 0.505393447068277, "model__learning_rate": 0.2771126409347495, "model__max_depth": 5.21663165816578, "model__n_estimators": 18.82330294354724, "model__reg_lambda": 0.11050746035442871}, "datetime": {"datetime": "2021-03-24 00:40:19", "elapsed": 135.529004, "delta": 1.296792}}
{"target": -0.32354854947020156, "params": {"model__colsample_bylevel": 0.37609114523203657, "model__colsample_bynode": 0.6963942083736747, "model__colsample_bytree": 0.9970333367846418, "model__learning_rate": 0.29742279668983623, "model__max_depth": 4.680177699051229, "model__n_estimators": 26.346767214689223, "model__reg_lambda": 2.3809625763027684}, "datetime": {"datetime": "2021-03-24 00:40:21", "elapsed": 136.879766, "delta": 1.350762}}
{"target": -0.36124977150027626, "params": {"model__colsample_bylevel": 1.0, "model__colsample_bynode": 0.3, "model__colsample_bytree": 1.0, "model__learning_rate": 0.3, "model__max_depth": 8.0, "model__n_estimators": 16.01524203362104, "model__reg_lambda": 3.556316941254546}, "datetime": {"datetime": "2021-03-24 00:40:23", "elapsed": 138.635866, "delta": 1.7561}}
{"target": -0.3469412127934882, "params": {"model__colsample_bylevel": 1.0, "model__colsample_bynode": 0.3, "model__colsample_bytree": 0.3, "model__learning_rate": 0.3, "model__max_depth": 3.9238538198176824, "model__n_estimators": 15.0, "model__reg_lambda": 0.7049850069544236}, "datetime": {"datetime": "2021-03-24 00:40:24", "elapsed": 139.945111, "delta": 1.309245}}
{"target": -0.3764296580294984, "params": {"model__colsample_bylevel": 1.0, "model__colsample_bynode": 0.3, "model__colsample_bytree": 0.3, "model__learning_rate": 0.3, "model__max_depth": 2.0, "model__n_estimators": 30.0, "model__reg_lambda": 7.615549874572802}, "datetime": {"datetime": "2021-03-24 00:40:25", "elapsed": 141.216905, "delta": 1.271794}}
{"target": -0.35197379274894414, "params": {"model__colsample_bylevel": 0.9452502575368029, "model__colsample_bynode": 0.8362789974467435, "model__colsample_bytree": 0.9735062680579143, "model__learning_rate": 0.2788434847093675, "model__max_depth": 5.453961502016775, "model__n_estimators": 20.873888183034854, "model__reg_lambda": 6.170664910017899}, "datetime": {"datetime": "2021-03-24 00:40:27", "elapsed": 142.804749, "delta": 1.587844}}
{"target": -0.3469517668236749, "params": {"model__colsample_bylevel": 1.0, "model__colsample_bynode": 0.3, "model__colsample_bytree": 0.46424908833296347, "model__learning_rate": 0.3, "model__max_depth": 8.0, "model__n_estimators": 26.4451834954825, "model__reg_lambda": 6.986551550238478}, "datetime": {"datetime": "2021-03-24 00:40:28", "elapsed": 144.356197, "delta": 1.551448}}
{"target": -0.33833418364292417, "params": {"model__colsample_bylevel": 1.0, "model__colsample_bynode": 1.0, "model__colsample_bytree": 1.0, "model__learning_rate": 0.3, "model__max_depth": 8.0, "model__n_estimators": 30.0, "model__reg_lambda": 10.0}, "datetime": {"datetime": "2021-03-24 00:40:30", "elapsed": 145.740131, "delta": 1.383934}}
{"target": -0.3208129672818662, "params": {"model__colsample_bylevel": 0.7948771506880015, "model__colsample_bynode": 0.9405918153356041, "model__colsample_bytree": 0.3008080978432555, "model__learning_rate": 0.2935076144592954, "model__max_depth": 2.446536031564251, "model__n_estimators": 27.170785739853848, "model__reg_lambda": 0.14011095626009884}, "datetime": {"datetime": "2021-03-24 00:40:31", "elapsed": 146.897107, "delta": 1.156976}}
{"target": -0.3415785751460741, "params": {"model__colsample_bylevel": 1.0, "model__colsample_bynode": 0.30000004560171384, "model__colsample_bytree": 0.9673817788704299, "model__learning_rate": 0.3, "model__max_depth": 6.438535228015335, "model__n_estimators": 24.92750077166931, "model__reg_lambda": 6.458685969056957}, "datetime": {"datetime": "2021-03-24 00:40:32", "elapsed": 148.386308, "delta": 1.489201}}
{"target": -0.34724193451811386, "params": {"model__colsample_bylevel": 0.9999999998630701, "model__colsample_bynode": 0.3, "model__colsample_bytree": 0.9999999989928923, "model__learning_rate": 0.3, "model__max_depth": 6.530855603526703, "model__n_estimators": 21.06436075422758, "model__reg_lambda": 1.1121564604207763}, "datetime": {"datetime": "2021-03-24 00:40:33", "elapsed": 149.536759, "delta": 1.150451}}
{"target": -0.35321495893370847, "params": {"model__colsample_bylevel": 0.5483135279623405, "model__colsample_bynode": 0.5339620015603727, "model__colsample_bytree": 0.3247595458164658, "model__learning_rate": 0.210243876852618, "model__max_depth": 7.9531351679500935, "model__n_estimators": 29.97135415595914, "model__reg_lambda": 1.898018450542901}, "datetime": {"datetime": "2021-03-24 00:40:35", "elapsed": 150.917531, "delta": 1.380772}}
{"target": -0.34726171232591235, "params": {"model__colsample_bylevel": 0.3156006470617395, "model__colsample_bynode": 0.9963183225110133, "model__colsample_bytree": 0.9674530443884948, "model__learning_rate": 0.2763123222393665, "model__max_depth": 3.33561573807353, "model__n_estimators": 22.51270441398192, "model__reg_lambda": 5.610696877239438}, "datetime": {"datetime": "2021-03-24 00:40:36", "elapsed": 152.093158, "delta": 1.175627}}
{"target": -0.3655022192692411, "params": {"model__colsample_bylevel": 1.0, "model__colsample_bynode": 1.0, "model__colsample_bytree": 1.0, "model__learning_rate": 0.3, "model__max_depth": 6.59977674731281, "model__n_estimators": 18.262578887759226, "model__reg_lambda": 10.0}, "datetime": {"datetime": "2021-03-24 00:40:37", "elapsed": 153.402618, "delta": 1.30946}}
{"target": -0.3486386898422717, "params": {"model__colsample_bylevel": 0.8614298812162275, "model__colsample_bynode": 0.9608192688763675, "model__colsample_bytree": 0.7860329223666761, "model__learning_rate": 0.27903708221715406, "model__max_depth": 3.1603354483263097, "model__n_estimators": 26.09471509840552, "model__reg_lambda": 0.026210586215535958}, "datetime": {"datetime": "2021-03-24 00:40:39", "elapsed": 154.859284, "delta": 1.456666}}
{"target": -0.3581753742466073, "params": {"model__colsample_bylevel": 1.0, "model__colsample_bynode": 0.3, "model__colsample_bytree": 1.0, "model__learning_rate": 0.3, "model__max_depth": 2.0, "model__n_estimators": 30.0, "model__reg_lambda": 10.0}, "datetime": {"datetime": "2021-03-24 00:40:40", "elapsed": 156.208574, "delta": 1.34929}}
{"target": -0.38851045275957363, "params": {"model__colsample_bylevel": 0.30000012179638064, "model__colsample_bynode": 0.300973228938836, "model__colsample_bytree": 0.3000001138884711, "model__learning_rate": 0.3, "model__max_depth": 6.165232508078701, "model__n_estimators": 26.809948022562807, "model__reg_lambda": 6.230603860329096}, "datetime": {"datetime": "2021-03-24 00:40:41", "elapsed": 157.543602, "delta": 1.335028}}
{"target": -0.3725755708548578, "params": {"model__colsample_bylevel": 0.9987824269619727, "model__colsample_bynode": 0.6540172526377117, "model__colsample_bytree": 0.9359073074603703, "model__learning_rate": 0.2584785401142141, "model__max_depth": 2.042810342919016, "model__n_estimators": 27.127202848868436, "model__reg_lambda": 8.028237445896734}, "datetime": {"datetime": "2021-03-24 00:40:43", "elapsed": 158.81287, "delta": 1.269268}}
{"target": -0.35060221968839567, "params": {"model__colsample_bylevel": 0.9476628700656788, "model__colsample_bynode": 0.8019179235620537, "model__colsample_bytree": 0.7206842771266846, "model__learning_rate": 0.29788482802448624, "model__max_depth": 2.038791053570489, "model__n_estimators": 27.710192954040323, "model__reg_lambda": 4.345712081930442}, "datetime": {"datetime": "2021-03-24 00:40:44", "elapsed": 160.203921, "delta": 1.391051}}
{"target": -0.34861569939538894, "params": {"model__colsample_bylevel": 1.0, "model__colsample_bynode": 1.0, "model__colsample_bytree": 0.3, "model__learning_rate": 0.3, "model__max_depth": 2.9804456009207594, "model__n_estimators": 18.964664248826153, "model__reg_lambda": 1.2253578403112684}, "datetime": {"datetime": "2021-03-24 00:40:45", "elapsed": 161.557465, "delta": 1.353544}}
{"target": -0.32211004855495917, "params": {"model__colsample_bylevel": 0.3398137963009944, "model__colsample_bynode": 0.7170610342301529, "model__colsample_bytree": 1.0, "model__learning_rate": 0.3, "model__max_depth": 6.0297691160080555, "model__n_estimators": 29.9999999990664, "model__reg_lambda": 4.953734218940037}, "datetime": {"datetime": "2021-03-24 00:40:47", "elapsed": 162.91159, "delta": 1.354125}}
{"target": -0.38510918724688065, "params": {"model__colsample_bylevel": 0.3, "model__colsample_bynode": 0.3, "model__colsample_bytree": 0.3, "model__learning_rate": 0.3, "model__max_depth": 4.793991911961543, "model__n_estimators": 15.0, "model__reg_lambda": 1.1007671933758116}, "datetime": {"datetime": "2021-03-24 00:40:48", "elapsed": 164.148208, "delta": 1.236618}}
{"target": -0.4590024964209052, "params": {"model__colsample_bylevel": 0.30000000138010746, "model__colsample_bynode": 0.3, "model__colsample_bytree": 0.3, "model__learning_rate": 0.3, "model__max_depth": 2.1923734746867605, "model__n_estimators": 21.921218061278378, "model__reg_lambda": 10.0}, "datetime": {"datetime": "2021-03-24 00:40:49", "elapsed": 165.576855, "delta": 1.428647}}
{"target": -0.3668878954393195, "params": {"model__colsample_bylevel": 0.9232181973020064, "model__colsample_bynode": 0.31496578876570147, "model__colsample_bytree": 0.9600400998609437, "model__learning_rate": 0.2716609914980562, "model__max_depth": 7.964548974662077, "model__n_estimators": 26.808006163842844, "model__reg_lambda": 9.48739252151052}, "datetime": {"datetime": "2021-03-24 00:40:51", "elapsed": 166.827961, "delta": 1.251106}}
{"target": -0.4532860007353019, "params": {"model__colsample_bylevel": 0.3, "model__colsample_bynode": 0.3, "model__colsample_bytree": 0.3, "model__learning_rate": 0.3, "model__max_depth": 8.0, "model__n_estimators": 15.0, "model__reg_lambda": 10.0}, "datetime": {"datetime": "2021-03-24 00:40:52", "elapsed": 167.960334, "delta": 1.132373}}
{"target": -0.3444002479868199, "params": {"model__colsample_bylevel": 0.999999996484468, "model__colsample_bynode": 1.0, "model__colsample_bytree": 0.9999999957741741, "model__learning_rate": 0.3, "model__max_depth": 6.7103352628671775, "model__n_estimators": 21.186141476241087, "model__reg_lambda": 8.895770424229413}, "datetime": {"datetime": "2021-03-24 00:40:53", "elapsed": 169.338876, "delta": 1.378542}}
{"target": -0.3540139912753332, "params": {"model__colsample_bylevel": 0.3, "model__colsample_bynode": 1.0, "model__colsample_bytree": 1.0, "model__learning_rate": 0.3, "model__max_depth": 8.0, "model__n_estimators": 24.85195419344763, "model__reg_lambda": 0.0}, "datetime": {"datetime": "2021-03-24 00:40:55", "elapsed": 170.893757, "delta": 1.554881}}
{"target": -0.3550131551664917, "params": {"model__colsample_bylevel": 1.0, "model__colsample_bynode": 1.0, "model__colsample_bytree": 1.0, "model__learning_rate": 0.3, "model__max_depth": 6.543769839983767, "model__n_estimators": 15.687065956531022, "model__reg_lambda": 7.948253021130248}, "datetime": {"datetime": "2021-03-24 00:40:56", "elapsed": 172.496684, "delta": 1.602927}}
{"target": -0.3665566238338479, "params": {"model__colsample_bylevel": 0.31781023925052265, "model__colsample_bynode": 0.33203806151418075, "model__colsample_bytree": 0.5812865267857681, "model__learning_rate": 0.2596857511893454, "model__max_depth": 4.69041689698126, "model__n_estimators": 27.66090895790491, "model__reg_lambda": 0.0005072784788762164}, "datetime": {"datetime": "2021-03-24 00:40:57", "elapsed": 173.58851, "delta": 1.091826}}
{"target": -0.35400596564379183, "params": {"model__colsample_bylevel": 1.0, "model__colsample_bynode": 0.9058880006456098, "model__colsample_bytree": 0.3, "model__learning_rate": 0.3, "model__max_depth": 8.0, "model__n_estimators": 21.86390392833491, "model__reg_lambda": 4.8521019723026715}, "datetime": {"datetime": "2021-03-24 00:40:59", "elapsed": 175.029781, "delta": 1.441271}}
{"target": -0.4094083236570915, "params": {"model__colsample_bylevel": 0.3, "model__colsample_bynode": 1.0, "model__colsample_bytree": 1.0, "model__learning_rate": 0.3, "model__max_depth": 2.0, "model__n_estimators": 18.16076044123543, "model__reg_lambda": 7.634841139078816}, "datetime": {"datetime": "2021-03-24 00:41:00", "elapsed": 176.536248, "delta": 1.506467}}
{"target": -0.36374264512669996, "params": {"model__colsample_bylevel": 0.3, "model__colsample_bynode": 1.0, "model__colsample_bytree": 1.0, "model__learning_rate": 0.3, "model__max_depth": 5.847109090889191, "model__n_estimators": 15.92942084295243, "model__reg_lambda": 5.399394815788292}, "datetime": {"datetime": "2021-03-24 00:41:02", "elapsed": 177.800208, "delta": 1.26396}}
{"target": -0.3222935095426046, "params": {"model__colsample_bylevel": 0.9308435608764907, "model__colsample_bynode": 0.8729976878886552, "model__colsample_bytree": 0.8761775444294011, "model__learning_rate": 0.2498386617442274, "model__max_depth": 2.152807327191134, "model__n_estimators": 29.99472738596292, "model__reg_lambda": 1.7028597254859257}, "datetime": {"datetime": "2021-03-24 00:41:03", "elapsed": 179.117509, "delta": 1.317301}}
{"target": -0.33103317392119413, "params": {"model__colsample_bylevel": 0.9788309601730605, "model__colsample_bynode": 0.896295536705138, "model__colsample_bytree": 0.6639098576277731, "model__learning_rate": 0.2405436614723233, "model__max_depth": 2.2284879778264717, "model__n_estimators": 29.075178094184466, "model__reg_lambda": 0.027610356937221026}, "datetime": {"datetime": "2021-03-24 00:41:05", "elapsed": 180.684039, "delta": 1.56653}}
{"target": -0.3704211593217527, "params": {"model__colsample_bylevel": 0.9054548360982875, "model__colsample_bynode": 0.5700298090858398, "model__colsample_bytree": 0.4037527461563666, "model__learning_rate": 0.2962045090929425, "model__max_depth": 5.12955178779644, "model__n_estimators": 27.43243389718504, "model__reg_lambda": 1.9728877153616386}, "datetime": {"datetime": "2021-03-24 00:41:06", "elapsed": 182.011107, "delta": 1.327068}}
{"target": -0.3589322659436721, "params": {"model__colsample_bylevel": 1.0, "model__colsample_bynode": 1.0, "model__colsample_bytree": 0.30000000015927725, "model__learning_rate": 0.3, "model__max_depth": 2.645080397319521, "model__n_estimators": 23.683883512911095, "model__reg_lambda": 6.492039897644791}, "datetime": {"datetime": "2021-03-24 00:41:07", "elapsed": 183.365358, "delta": 1.354251}}
{"target": -0.3792573425837833, "params": {"model__colsample_bylevel": 0.3, "model__colsample_bynode": 0.3, "model__colsample_bytree": 1.0, "model__learning_rate": 0.1, "model__max_depth": 5.300330828900332, "model__n_estimators": 21.857857494568034, "model__reg_lambda": 0.19833628701604553}, "datetime": {"datetime": "2021-03-24 00:41:08", "elapsed": 184.618298, "delta": 1.25294}}
{"target": -0.39874778438251524, "params": {"model__colsample_bylevel": 0.3, "model__colsample_bynode": 1.0, "model__colsample_bytree": 1.0, "model__learning_rate": 0.1, "model__max_depth": 8.0, "model__n_estimators": 30.0, "model__reg_lambda": 8.289085707602288}, "datetime": {"datetime": "2021-03-24 00:41:10", "elapsed": 186.409713, "delta": 1.791415}}
{"target": -0.3646060411747464, "params": {"model__colsample_bylevel": 1.0, "model__colsample_bynode": 1.0, "model__colsample_bytree": 1.0, "model__learning_rate": 0.3, "model__max_depth": 2.0, "model__n_estimators": 27.384739630116655, "model__reg_lambda": 10.0}, "datetime": {"datetime": "2021-03-24 00:41:11", "elapsed": 187.619635, "delta": 1.209922}}
{"target": -0.32941226109565386, "params": {"model__colsample_bylevel": 0.3000000086267444, "model__colsample_bynode": 1.0, "model__colsample_bytree": 0.9569888588427372, "model__learning_rate": 0.3, "model__max_depth": 8.0, "model__n_estimators": 27.688108418028527, "model__reg_lambda": 9.215673427060795}, "datetime": {"datetime": "2021-03-24 00:41:13", "elapsed": 189.330729, "delta": 1.711094}}
{"target": -0.3472383507048252, "params": {"model__colsample_bylevel": 0.3, "model__colsample_bynode": 0.3, "model__colsample_bytree": 0.3141332214533079, "model__learning_rate": 0.3, "model__max_depth": 7.732732352870127, "model__n_estimators": 30.0, "model__reg_lambda": 4.204540112704796}, "datetime": {"datetime": "2021-03-24 00:41:14", "elapsed": 190.460953, "delta": 1.130224}}
{"target": -0.3575121147976514, "params": {"model__colsample_bylevel": 0.3389526144253657, "model__colsample_bynode": 0.9397179207015021, "model__colsample_bytree": 0.43119604284815616, "model__learning_rate": 0.278885277776208, "model__max_depth": 6.667194690084431, "model__n_estimators": 23.073444013964206, "model__reg_lambda": 9.94662578841849}, "datetime": {"datetime": "2021-03-24 00:41:16", "elapsed": 192.000453, "delta": 1.5395}}
{"target": -0.3644697633099513, "params": {"model__colsample_bylevel": 0.3, "model__colsample_bynode": 1.0, "model__colsample_bytree": 1.0, "model__learning_rate": 0.3, "model__max_depth": 8.0, "model__n_estimators": 15.0, "model__reg_lambda": 4.076512875340726}, "datetime": {"datetime": "2021-03-24 00:41:17", "elapsed": 193.35452, "delta": 1.354067}}
{"target": -0.33925948775899795, "params": {"model__colsample_bylevel": 0.9665093405989027, "model__colsample_bynode": 0.7358004788947137, "model__colsample_bytree": 0.965482213670205, "model__learning_rate": 0.28856456371764805, "model__max_depth": 7.805630556176057, "model__n_estimators": 27.640447981531132, "model__reg_lambda": 7.9693858552063706}, "datetime": {"datetime": "2021-03-24 00:41:19", "elapsed": 194.848576, "delta": 1.494056}}
{"target": -0.3365659966747668, "params": {"model__colsample_bylevel": 0.9392484203245233, "model__colsample_bynode": 0.9882751324843424, "model__colsample_bytree": 0.962070507793946, "model__learning_rate": 0.2994470313852105, "model__max_depth": 7.93642631081687, "model__n_estimators": 20.790265457295654, "model__reg_lambda": 6.442533636416118}, "datetime": {"datetime": "2021-03-24 00:41:20", "elapsed": 196.392969, "delta": 1.544393}}
{"target": -0.34899293430865763, "params": {"model__colsample_bylevel": 0.999999988846778, "model__colsample_bynode": 0.3059855488947405, "model__colsample_bytree": 0.3, "model__learning_rate": 0.3, "model__max_depth": 2.0, "model__n_estimators": 30.0, "model__reg_lambda": 1.067024077054618e-09}, "datetime": {"datetime": "2021-03-24 00:41:22", "elapsed": 197.808114, "delta": 1.415145}}
{"target": -0.339178234941758, "params": {"model__colsample_bylevel": 0.39054536884485447, "model__colsample_bynode": 0.9869509534846124, "model__colsample_bytree": 0.7420330455396439, "model__learning_rate": 0.2994524091745345, "model__max_depth": 4.187903903447218, "model__n_estimators": 22.4959387385072, "model__reg_lambda": 3.785690391414336}, "datetime": {"datetime": "2021-03-24 00:41:23", "elapsed": 199.112043, "delta": 1.303929}}
{"target": -0.3571549454718268, "params": {"model__colsample_bylevel": 0.3666226189313986, "model__colsample_bynode": 0.42459071582394237, "model__colsample_bytree": 0.980821204272672, "model__learning_rate": 0.23282774974624967, "model__max_depth": 6.359368026443729, "model__n_estimators": 26.318309439625562, "model__reg_lambda": 0.07571245201944632}, "datetime": {"datetime": "2021-03-24 00:41:24", "elapsed": 200.514026, "delta": 1.401983}}
{"target": -0.35403904386499113, "params": {"model__colsample_bylevel": 0.300030971973183, "model__colsample_bynode": 0.36158765573866664, "model__colsample_bytree": 0.7235793740688217, "model__learning_rate": 0.2857735824738437, "model__max_depth": 4.137655260596154, "model__n_estimators": 23.810369522764702, "model__reg_lambda": 1.859444319600515}, "datetime": {"datetime": "2021-03-24 00:41:26", "elapsed": 201.724854, "delta": 1.210828}}
{"target": -0.3707966307957616, "params": {"model__colsample_bylevel": 0.8399542235146102, "model__colsample_bynode": 0.7600412104705152, "model__colsample_bytree": 0.30851293080104075, "model__learning_rate": 0.2901165659701771, "model__max_depth": 2.035432420654775, "model__n_estimators": 15.104351785977535, "model__reg_lambda": 0.015220861323445023}, "datetime": {"datetime": "2021-03-24 00:41:27", "elapsed": 203.044442, "delta": 1.319588}}
{"target": -0.359611505729423, "params": {"model__colsample_bylevel": 0.9949343211277133, "model__colsample_bynode": 0.8544275733416045, "model__colsample_bytree": 0.4214446612336552, "model__learning_rate": 0.19574817819495077, "model__max_depth": 3.166576177179734, "model__n_estimators": 19.59343251050376, "model__reg_lambda": 0.11441790552644049}, "datetime": {"datetime": "2021-03-24 00:41:28", "elapsed": 204.538855, "delta": 1.494413}}
{"target": -0.3222840786040963, "params": {"model__colsample_bylevel": 0.8741649419241748, "model__colsample_bynode": 0.31900712053985203, "model__colsample_bytree": 0.8724461622890483, "model__learning_rate": 0.2702269637484854, "model__max_depth": 4.265720584568115, "model__n_estimators": 29.599093779879638, "model__reg_lambda": 6.46368405343128}, "datetime": {"datetime": "2021-03-24 00:41:30", "elapsed": 205.836572, "delta": 1.297717}}
