{"target": -0.3333713351482309, "params": {"model__colsample_bylevel": 0.5615024327662378, "model__colsample_bynode": 0.5278880157630303, "model__colsample_bytree": 0.6927994632423486, "model__learning_rate": 0.2499326997232081, "model__max_depth": 7.515144966264312, "model__n_estimators": 27.41503748405572, "model__reg_lambda": 5.537273620404508}, "datetime": {"datetime": "2021-03-24 00:38:11", "elapsed": 6.701581, "delta": 0.144386}}
{"target": -0.3673307542284222, "params": {"model__colsample_bylevel": 0.8773753442334304, "model__colsample_bynode": 0.3197624374107063, "model__colsample_bytree": 0.8582648079772404, "model__learning_rate": 0.1398977410305498, "model__max_depth": 6.115045756510598, "model__n_estimators": 27.377846347953547, "model__reg_lambda": 3.1496308071503187}, "datetime": {"datetime": "2021-03-24 00:38:11", "elapsed": 6.854955, "delta": 0.153374}}
{"target": -0.3726412894642926, "params": {"model__colsample_bylevel": 0.5798231824380045, "model__colsample_bynode": 0.9899122285696411, "model__colsample_bytree": 0.4774952834387126, "model__learning_rate": 0.25106786479472265, "model__max_depth": 4.436357453829759, "model__n_estimators": 19.72844903945682, "model__reg_lambda": 7.705159221072094}, "datetime": {"datetime": "2021-03-24 00:38:11", "elapsed": 6.976294, "delta": 0.121339}}
{"target": -0.3644669252724482, "params": {"model__colsample_bylevel": 0.6149024037576569, "model__colsample_bynode": 0.7970601762740899, "model__colsample_bytree": 0.4555403075808654, "model__learning_rate": 0.26476738246878556, "model__max_depth": 6.3006447069266285, "model__n_estimators": 22.48861984031197, "model__reg_lambda": 7.91551010046181}, "datetime": {"datetime": "2021-03-24 00:38:11", "elapsed": 7.103006, "delta": 0.126712}}
{"target": -0.35405853667289716, "params": {"model__colsample_bylevel": 0.9437937215686736, "model__colsample_bynode": 0.8511722448868555, "model__colsample_bytree": 0.5084857837350747, "model__learning_rate": 0.24346701302396254, "model__max_depth": 5.690340786662006, "model__n_estimators": 27.619845335231588, "model__reg_lambda": 4.0456797253845265}, "datetime": {"datetime": "2021-03-24 00:38:11", "elapsed": 7.292144, "delta": 0.189138}}
{"target": -0.3392658954675215, "params": {"model__colsample_bylevel": 0.6173529449301774, "model__colsample_bynode": 0.3656352091501882, "model__colsample_bytree": 0.45305055880659917, "model__learning_rate": 0.20586849821836273, "model__max_depth": 5.173197962934258, "model__n_estimators": 25.696146745858105, "model__reg_lambda": 2.863925264426952}, "datetime": {"datetime": "2021-03-24 00:38:11", "elapsed": 7.398155, "delta": 0.106011}}
{"target": -0.4254749592258662, "params": {"model__colsample_bylevel": 0.3812502817792496, "model__colsample_bynode": 0.43107613084910207, "model__colsample_bytree": 0.6036033759584388, "model__learning_rate": 0.13710847453713484, "model__max_depth": 2.7407946095138094, "model__n_estimators": 25.875381462387566, "model__reg_lambda": 9.101677556132595}, "datetime": {"datetime": "2021-03-24 00:38:11", "elapsed": 7.493543, "delta": 0.095388}}
{"target": -0.39934549425877097, "params": {"model__colsample_bylevel": 0.3426383940311504, "model__colsample_bynode": 0.3292770968669983, "model__colsample_bytree": 0.49999974247633633, "model__learning_rate": 0.21592871225493404, "model__max_depth": 7.629568478689846, "model__n_estimators": 23.72527860523467, "model__reg_lambda": 6.7998375849329875}, "datetime": {"datetime": "2021-03-24 00:38:11", "elapsed": 7.59136, "delta": 0.097817}}
{"target": -0.4022812098878828, "params": {"model__colsample_bylevel": 0.3, "model__colsample_bynode": 0.3, "model__colsample_bytree": 0.3, "model__learning_rate": 0.3, "model__max_depth": 8.0, "model__n_estimators": 30.0, "model__reg_lambda": 10.0}, "datetime": {"datetime": "2021-03-24 00:38:12", "elapsed": 8.32148, "delta": 0.73012}}
{"target": -0.3725060018589315, "params": {"model__colsample_bylevel": 1.0, "model__colsample_bynode": 1.0, "model__colsample_bytree": 1.0, "model__learning_rate": 0.3, "model__max_depth": 8.0, "model__n_estimators": 15.0, "model__reg_lambda": 10.0}, "datetime": {"datetime": "2021-03-24 00:38:13", "elapsed": 9.205265, "delta": 0.883785}}
{"target": -0.3581753742466073, "params": {"model__colsample_bylevel": 0.3, "model__colsample_bynode": 1.0, "model__colsample_bytree": 1.0, "model__learning_rate": 0.3, "model__max_depth": 2.0, "model__n_estimators": 30.0, "model__reg_lambda": 10.0}, "datetime": {"datetime": "2021-03-24 00:38:14", "elapsed": 10.091374, "delta": 0.886109}}
{"target": -0.3629681653713477, "params": {"model__colsample_bylevel": 0.9868029113807177, "model__colsample_bynode": 0.41488680589016125, "model__colsample_bytree": 0.7555388866274895, "model__learning_rate": 0.29023692709421955, "model__max_depth": 7.966474241503664, "model__n_estimators": 19.255573105057074, "model__reg_lambda": 0.06853222280149729}, "datetime": {"datetime": "2021-03-24 00:38:15", "elapsed": 10.820371, "delta": 0.728997}}
{"target": -0.38573218912655566, "params": {"model__colsample_bylevel": 1.0, "model__colsample_bynode": 1.0, "model__colsample_bytree": 1.0, "model__learning_rate": 0.3, "model__max_depth": 5.389118528122448, "model__n_estimators": 15.0, "model__reg_lambda": 0.0}, "datetime": {"datetime": "2021-03-24 00:38:16", "elapsed": 11.735235, "delta": 0.914864}}
{"target": -0.31579940156463665, "params": {"model__colsample_bylevel": 1.0, "model__colsample_bynode": 0.3, "model__colsample_bytree": 0.3, "model__learning_rate": 0.3, "model__max_depth": 3.4602617955658554, "model__n_estimators": 28.111741209566183, "model__reg_lambda": 0.0}, "datetime": {"datetime": "2021-03-24 00:38:16", "elapsed": 12.393355, "delta": 0.65812}}
{"target": -0.3859515154714008, "params": {"model__colsample_bylevel": 0.3, "model__colsample_bynode": 1.0, "model__colsample_bytree": 1.0, "model__learning_rate": 0.3, "model__max_depth": 2.0, "model__n_estimators": 21.196859480005383, "model__reg_lambda": 10.0}, "datetime": {"datetime": "2021-03-24 00:38:17", "elapsed": 13.19115, "delta": 0.797795}}
{"target": -0.41719317722093796, "params": {"model__colsample_bylevel": 0.3, "model__colsample_bynode": 0.3, "model__colsample_bytree": 1.0, "model__learning_rate": 0.3, "model__max_depth": 2.0, "model__n_estimators": 15.0, "model__reg_lambda": 10.0}, "datetime": {"datetime": "2021-03-24 00:38:18", "elapsed": 13.995301, "delta": 0.804151}}
{"target": -0.32366663407866736, "params": {"model__colsample_bylevel": 0.3, "model__colsample_bynode": 0.3, "model__colsample_bytree": 1.0, "model__learning_rate": 0.3, "model__max_depth": 8.0, "model__n_estimators": 24.754087660692228, "model__reg_lambda": 0.0}, "datetime": {"datetime": "2021-03-24 00:38:19", "elapsed": 14.975537, "delta": 0.980236}}
{"target": -0.3597544884757962, "params": {"model__colsample_bylevel": 0.8973607696449792, "model__colsample_bynode": 0.40530254365232016, "model__colsample_bytree": 0.9452146530901162, "model__learning_rate": 0.23697503723110883, "model__max_depth": 2.005129343915791, "model__n_estimators": 29.988690895597294, "model__reg_lambda": 5.0932271747405435}, "datetime": {"datetime": "2021-03-24 00:38:20", "elapsed": 15.695314, "delta": 0.719777}}
{"target": -0.36376438307899817, "params": {"model__colsample_bylevel": 1.0, "model__colsample_bynode": 0.3, "model__colsample_bytree": 0.3, "model__learning_rate": 0.3, "model__max_depth": 2.212875297358576, "model__n_estimators": 18.272882385803833, "model__reg_lambda": 0.0}, "datetime": {"datetime": "2021-03-24 00:38:20", "elapsed": 16.407269, "delta": 0.711955}}
{"target": -0.3504003846349762, "params": {"model__colsample_bylevel": 0.3242993299459839, "model__colsample_bynode": 0.91236349087136, "model__colsample_bytree": 0.7036670199023978, "model__learning_rate": 0.17801467920613365, "model__max_depth": 7.624261072391387, "model__n_estimators": 29.949289486801888, "model__reg_lambda": 5.431947508349596}, "datetime": {"datetime": "2021-03-24 00:38:21", "elapsed": 17.201913, "delta": 0.794644}}
{"target": -0.31500086776061875, "params": {"model__colsample_bylevel": 0.3, "model__colsample_bynode": 0.3, "model__colsample_bytree": 1.0, "model__learning_rate": 0.3, "model__max_depth": 2.9639063895758935, "model__n_estimators": 30.0, "model__reg_lambda": 2.3370054355806555}, "datetime": {"datetime": "2021-03-24 00:38:22", "elapsed": 18.025329, "delta": 0.823416}}
{"target": -0.337419702155529, "params": {"model__colsample_bylevel": 0.3, "model__colsample_bynode": 1.0, "model__colsample_bytree": 1.0, "model__learning_rate": 0.3, "model__max_depth": 5.143732440913221, "model__n_estimators": 30.0, "model__reg_lambda": 10.0}, "datetime": {"datetime": "2021-03-24 00:38:23", "elapsed": 18.920935, "delta": 0.895606}}
{"target": -0.3862655881873292, "params": {"model__colsample_bylevel": 0.30267167110537424, "model__colsample_bynode": 0.6614675506873834, "model__colsample_bytree": 0.9618937951394135, "model__learning_rate": 0.2576699735856484, "model__max_depth": 7.842370157320055, "model__n_estimators": 15.501216591160306, "model__reg_lambda": 6.224235658087876}, "datetime": {"datetime": "2021-03-24 00:38:24", "elapsed": 19.641656, "delta": 0.720721}}
{"target": -0.352723617868606, "params": {"model__colsample_bylevel": 0.3, "model__colsample_bynode": 1.0, "model__colsample_bytree": 1.0, "model__learning_rate": 0.3, "model__max_depth": 5.28905690921965, "model__n_estimators": 21.986739696114135, "model__reg_lambda": 10.0}, "datetime": {"datetime": "2021-03-24 00:38:24", "elapsed": 20.412547, "delta": 0.770891}}
{"target": -0.35856044835181555, "params": {"model__colsample_bylevel": 1.0, "model__colsample_bynode": 1.0, "model__colsample_bytree": 1.0, "model__learning_rate": 0.3, "model__max_depth": 8.0, "model__n_estimators": 20.331539267734385, "model__reg_lambda": 10.0}, "datetime": {"datetime": "2021-03-24 00:38:25", "elapsed": 21.380955, "delta": 0.968408}}
{"target": -0.3218567285380508, "params": {"model__colsample_bylevel": 0.3, "model__colsample_bynode": 1.0, "model__colsample_bytree": 0.3, "model__learning_rate": 0.3, "model__max_depth": 8.0, "model__n_estimators": 27.603887024037217, "model__reg_lambda": 0.6546864423180943}, "datetime": {"datetime": "2021-03-24 00:38:26", "elapsed": 22.218101, "delta": 0.837146}}
{"target": -0.3190650420675925, "params": {"model__colsample_bylevel": 1.0, "model__colsample_bynode": 0.3, "model__colsample_bytree": 1.0, "model__learning_rate": 0.3, "model__max_depth": 2.0, "model__n_estimators": 30.0, "model__reg_lambda": 2.9172698954693243e-12}, "datetime": {"datetime": "2021-03-24 00:38:27", "elapsed": 23.039522, "delta": 0.821421}}
{"target": -0.3689389767015582, "params": {"model__colsample_bylevel": 1.0, "model__colsample_bynode": 0.3, "model__colsample_bytree": 0.3, "model__learning_rate": 0.3, "model__max_depth": 8.0, "model__n_estimators": 15.0, "model__reg_lambda": 0.0}, "datetime": {"datetime": "2021-03-24 00:38:28", "elapsed": 23.838528, "delta": 0.799006}}
{"target": -0.3537251270568484, "params": {"model__colsample_bylevel": 0.3, "model__colsample_bynode": 1.0, "model__colsample_bytree": 1.0, "model__learning_rate": 0.3, "model__max_depth": 7.370176743681539, "model__n_estimators": 21.84176911448139, "model__reg_lambda": 4.791984761527608}, "datetime": {"datetime": "2021-03-24 00:38:28", "elapsed": 24.603626, "delta": 0.765098}}
{"target": -0.367758564580404, "params": {"model__colsample_bylevel": 1.0, "model__colsample_bynode": 0.33992980755072233, "model__colsample_bytree": 0.3, "model__learning_rate": 0.3, "model__max_depth": 3.479297761817343, "model__n_estimators": 23.301080336030548, "model__reg_lambda": 0.0}, "datetime": {"datetime": "2021-03-24 00:38:29", "elapsed": 25.39444, "delta": 0.790814}}
{"target": -0.32171363835798766, "params": {"model__colsample_bylevel": 1.0, "model__colsample_bynode": 1.0, "model__colsample_bytree": 1.0, "model__learning_rate": 0.3, "model__max_depth": 2.0, "model__n_estimators": 26.679416432236753, "model__reg_lambda": 0.0}, "datetime": {"datetime": "2021-03-24 00:38:30", "elapsed": 26.243208, "delta": 0.848768}}
{"target": -0.3290084018756676, "params": {"model__colsample_bylevel": 0.3, "model__colsample_bynode": 0.3, "model__colsample_bytree": 1.0, "model__learning_rate": 0.3, "model__max_depth": 4.716812186396719, "model__n_estimators": 18.538583544439806, "model__reg_lambda": 0.0}, "datetime": {"datetime": "2021-03-24 00:38:31", "elapsed": 27.097455, "delta": 0.854247}}
{"target": -0.3304637386389347, "params": {"model__colsample_bylevel": 1.0, "model__colsample_bynode": 1.0, "model__colsample_bytree": 1.0, "model__learning_rate": 0.3, "model__max_depth": 2.233174490877916, "model__n_estimators": 20.562778775984928, "model__reg_lambda": 0.0}, "datetime": {"datetime": "2021-03-24 00:38:32", "elapsed": 28.016846, "delta": 0.919391}}
{"target": -0.31819460761165613, "params": {"model__colsample_bylevel": 0.5739452677537926, "model__colsample_bynode": 0.9870325343649118, "model__colsample_bytree": 0.9277666201624954, "model__learning_rate": 0.2869277502839168, "model__max_depth": 5.204485787064592, "model__n_estimators": 27.39878837023078, "model__reg_lambda": 0.2748174237500556}, "datetime": {"datetime": "2021-03-24 00:38:33", "elapsed": 28.891946, "delta": 0.8751}}
{"target": -0.38549669542066434, "params": {"model__colsample_bylevel": 0.3, "model__colsample_bynode": 0.3, "model__colsample_bytree": 0.3, "model__learning_rate": 0.3, "model__max_depth": 5.866207078534652, "model__n_estimators": 30.0, "model__reg_lambda": 7.424391148404885}, "datetime": {"datetime": "2021-03-24 00:38:34", "elapsed": 29.688086, "delta": 0.79614}}
{"target": -0.3409001751384441, "params": {"model__colsample_bylevel": 0.3, "model__colsample_bynode": 0.3, "model__colsample_bytree": 1.0, "model__learning_rate": 0.3, "model__max_depth": 8.0, "model__n_estimators": 15.156909446376634, "model__reg_lambda": 2.532035936203374}, "datetime": {"datetime": "2021-03-24 00:38:34", "elapsed": 30.518786, "delta": 0.8307}}
{"target": -0.3291827112756859, "params": {"model__colsample_bylevel": 1.0, "model__colsample_bynode": 1.0, "model__colsample_bytree": 0.3, "model__learning_rate": 0.3, "model__max_depth": 2.0, "model__n_estimators": 30.0, "model__reg_lambda": 2.0751128803542906}, "datetime": {"datetime": "2021-03-24 00:38:35", "elapsed": 31.343695, "delta": 0.824909}}
{"target": -0.3569610229279151, "params": {"model__colsample_bylevel": 0.3, "model__colsample_bynode": 1.0, "model__colsample_bytree": 1.0, "model__learning_rate": 0.3, "model__max_depth": 8.0, "model__n_estimators": 15.8629895645899, "model__reg_lambda": 0.0}, "datetime": {"datetime": "2021-03-24 00:38:36", "elapsed": 32.089976, "delta": 0.746281}}
{"target": -0.34675443918896376, "params": {"model__colsample_bylevel": 1.0, "model__colsample_bynode": 0.3, "model__colsample_bytree": 1.0, "model__learning_rate": 0.3, "model__max_depth": 5.61404671608832, "model__n_estimators": 30.0, "model__reg_lambda": 10.0}, "datetime": {"datetime": "2021-03-24 00:38:37", "elapsed": 32.983734, "delta": 0.893758}}
{"target": -0.33262767114531433, "params": {"model__colsample_bylevel": 1.0, "model__colsample_bynode": 1.0, "model__colsample_bytree": 1.0, "model__learning_rate": 0.3, "model__max_depth": 8.0, "model__n_estimators": 29.379673295825402, "model__reg_lambda": 7.979399692926573}, "datetime": {"datetime": "2021-03-24 00:38:38", "elapsed": 34.078037, "delta": 1.094303}}
{"target": -0.36696317959644337, "params": {"model__colsample_bylevel": 0.37583226739681663, "model__colsample_bynode": 0.3055743460024621, "model__colsample_bytree": 0.9934853230592875, "model__learning_rate": 0.2615799284691559, "model__max_depth": 3.9719976225838804, "model__n_estimators": 24.04779706276934, "model__reg_lambda": 6.984454636263598}, "datetime": {"datetime": "2021-03-24 00:38:39", "elapsed": 34.827835, "delta": 0.749798}}
{"target": -0.38558083842751023, "params": {"model__colsample_bylevel": 1.0, "model__colsample_bynode": 1.0, "model__colsample_bytree": 1.0, "model__learning_rate": 0.3, "model__max_depth": 3.7285678466598777, "model__n_estimators": 30.0, "model__reg_lambda": 0.0}, "datetime": {"datetime": "2021-03-24 00:38:40", "elapsed": 35.793259, "delta": 0.965424}}
{"target": -0.33484400105358947, "params": {"model__colsample_bylevel": 0.3, "model__colsample_bynode": 0.3, "model__colsample_bytree": 0.3, "model__learning_rate": 0.3, "model__max_depth": 6.633360387724428, "model__n_estimators": 27.51968742853848, "model__reg_lambda": 0.3512317735152112}, "datetime": {"datetime": "2021-03-24 00:38:40", "elapsed": 36.500421, "delta": 0.707162}}
{"target": -0.35755838656163624, "params": {"model__colsample_bylevel": 1.0, "model__colsample_bynode": 0.3, "model__colsample_bytree": 1.0, "model__learning_rate": 0.3, "model__max_depth": 8.0, "model__n_estimators": 18.28702093479842, "model__reg_lambda": 6.0232861329298055}, "datetime": {"datetime": "2021-03-24 00:38:41", "elapsed": 37.468241, "delta": 0.96782}}
{"target": -0.34318144727545535, "params": {"model__colsample_bylevel": 0.3, "model__colsample_bynode": 1.0, "model__colsample_bytree": 1.0, "model__learning_rate": 0.3, "model__max_depth": 8.0, "model__n_estimators": 21.557520718685502, "model__reg_lambda": 0.8388456617988785}, "datetime": {"datetime": "2021-03-24 00:38:42", "elapsed": 38.192036, "delta": 0.723795}}
{"target": -0.3479165778232171, "params": {"model__colsample_bylevel": 1.0, "model__colsample_bynode": 1.0, "model__colsample_bytree": 1.0, "model__learning_rate": 0.3, "model__max_depth": 3.8764250025347073, "model__n_estimators": 26.033136833870174, "model__reg_lambda": 10.0}, "datetime": {"datetime": "2021-03-24 00:38:43", "elapsed": 39.164686, "delta": 0.97265}}
{"target": -0.3827441915795477, "params": {"model__colsample_bylevel": 0.39529169926487684, "model__colsample_bynode": 0.42359830040061913, "model__colsample_bytree": 0.7021788955914623, "model__learning_rate": 0.23162535218296448, "model__max_depth": 2.245358689672662, "model__n_estimators": 28.346395975488278, "model__reg_lambda": 1.1766490508055283}, "datetime": {"datetime": "2021-03-24 00:38:44", "elapsed": 40.017466, "delta": 0.85278}}
{"target": -0.3388778774003646, "params": {"model__colsample_bylevel": 0.3, "model__colsample_bynode": 1.0, "model__colsample_bytree": 1.0, "model__learning_rate": 0.3, "model__max_depth": 4.277887026824505, "model__n_estimators": 30.0, "model__reg_lambda": 5.3850622251666795}, "datetime": {"datetime": "2021-03-24 00:38:45", "elapsed": 41.429443, "delta": 1.411977}}
{"target": -0.34513584580036233, "params": {"model__colsample_bylevel": 0.3, "model__colsample_bynode": 0.3828831364429824, "model__colsample_bytree": 1.0, "model__learning_rate": 0.3, "model__max_depth": 4.798305322940684, "model__n_estimators": 22.3617931363066, "model__reg_lambda": 5.013547714638293}, "datetime": {"datetime": "2021-03-24 00:38:46", "elapsed": 42.562139, "delta": 1.132696}}
{"target": -0.3788284657528941, "params": {"model__colsample_bylevel": 0.8440867154764269, "model__colsample_bynode": 0.37867061121764245, "model__colsample_bytree": 0.7316941501028738, "model__learning_rate": 0.2140229799686087, "model__max_depth": 7.848313135493825, "model__n_estimators": 28.299917338108052, "model__reg_lambda": 0.37463191916355054}, "datetime": {"datetime": "2021-03-24 00:38:48", "elapsed": 43.653712, "delta": 1.091573}}
{"target": -0.3801174162178422, "params": {"model__colsample_bylevel": 1.0, "model__colsample_bynode": 1.0, "model__colsample_bytree": 0.3, "model__learning_rate": 0.3, "model__max_depth": 2.0, "model__n_estimators": 23.70383556876364, "model__reg_lambda": 10.0}, "datetime": {"datetime": "2021-03-24 00:38:49", "elapsed": 45.023706, "delta": 1.369994}}
{"target": -0.33667303435234486, "params": {"model__colsample_bylevel": 0.31147691460746235, "model__colsample_bynode": 0.648601953105604, "model__colsample_bytree": 0.9299529696476585, "model__learning_rate": 0.2853587418275057, "model__max_depth": 7.680198512897019, "model__n_estimators": 25.42348813248918, "model__reg_lambda": 3.401071397949117}, "datetime": {"datetime": "2021-03-24 00:38:50", "elapsed": 46.318765, "delta": 1.295059}}
{"target": -0.34517841427249535, "params": {"model__colsample_bylevel": 0.3, "model__colsample_bynode": 1.0, "model__colsample_bytree": 1.0, "model__learning_rate": 0.3, "model__max_depth": 7.598752466394979, "model__n_estimators": 25.8914370771024, "model__reg_lambda": 6.418664849309958}, "datetime": {"datetime": "2021-03-24 00:38:52", "elapsed": 47.742679, "delta": 1.423914}}
{"target": -0.3716518414392814, "params": {"model__colsample_bylevel": 0.3, "model__colsample_bynode": 1.0, "model__colsample_bytree": 1.0, "model__learning_rate": 0.3, "model__max_depth": 5.225653436884278, "model__n_estimators": 24.265208061533926, "model__reg_lambda": 0.0}, "datetime": {"datetime": "2021-03-24 00:38:53", "elapsed": 49.06561, "delta": 1.322931}}
{"target": -0.3861397837389909, "params": {"model__colsample_bylevel": 0.3, "model__colsample_bynode": 1.0, "model__colsample_bytree": 1.0, "model__learning_rate": 0.3, "model__max_depth": 5.2305628992055215, "model__n_estimators": 15.088532039411845, "model__reg_lambda": 10.0}, "datetime": {"datetime": "2021-03-24 00:38:54", "elapsed": 50.415964, "delta": 1.350354}}
{"target": -0.42019107113794785, "params": {"model__colsample_bylevel": 0.3, "model__colsample_bynode": 0.3, "model__colsample_bytree": 0.3, "model__learning_rate": 0.1, "model__max_depth": 4.373396124645454, "model__n_estimators": 30.0, "model__reg_lambda": 1.9940071968364628}, "datetime": {"datetime": "2021-03-24 00:38:55", "elapsed": 51.52708, "delta": 1.111116}}
