{"target": -0.36149749737300413, "params": {"model__colsample_bylevel": 0.9826309002167455, "model__colsample_bynode": 0.9643059000109548, "model__colsample_bytree": 0.6980984774924053, "model__learning_rate": 0.27850457069749324, "model__max_depth": 7.937578729143293, "model__n_estimators": 17.394853440843747, "model__reg_lambda": 6.969657063115081}, "datetime": {"datetime": "2021-03-24 00:41:31", "elapsed": 207.244478, "delta": 1.407906}}
{"target": -0.3429361522595898, "params": {"model__colsample_bylevel": 0.9448029458012372, "model__colsample_bynode": 0.5493695779507002, "model__colsample_bytree": 0.9935445744942704, "model__learning_rate": 0.29856949416646095, "model__max_depth": 3.431523708949015, "model__n_estimators": 26.939786730926265, "model__reg_lambda": 4.358001642677731}, "datetime": {"datetime": "2021-03-24 00:41:32", "elapsed": 208.582593, "delta": 1.338115}}
{"target": -0.3800945278196393, "params": {"model__colsample_bylevel": 0.38992278207964054, "model__colsample_bynode": 0.31470875774876694, "model__colsample_bytree": 0.37398161792766693, "model__learning_rate": 0.2800234854075909, "model__max_depth": 7.899992458060225, "model__n_estimators": 17.330182249281854, "model__reg_lambda": 0.4892530497102454}, "datetime": {"datetime": "2021-03-24 00:41:34", "elapsed": 210.034992, "delta": 1.452399}}
{"target": -0.3392895221411575, "params": {"model__colsample_bylevel": 0.8903160060571087, "model__colsample_bynode": 0.9392446811668609, "model__colsample_bytree": 0.9997153412597664, "model__learning_rate": 0.29444997821787366, "model__max_depth": 5.408577461367315, "model__n_estimators": 28.248554519669597, "model__reg_lambda": 5.501658391220374}, "datetime": {"datetime": "2021-03-24 00:41:35", "elapsed": 211.489009, "delta": 1.454017}}
{"target": -0.3654285741180343, "params": {"model__colsample_bylevel": 0.31241951422710423, "model__colsample_bynode": 0.42553299130668587, "model__colsample_bytree": 0.8896602824862505, "model__learning_rate": 0.294353333607711, "model__max_depth": 7.972599405354569, "model__n_estimators": 25.095818791261756, "model__reg_lambda": 9.81650056541049}, "datetime": {"datetime": "2021-03-24 00:41:37", "elapsed": 212.758793, "delta": 1.269784}}
{"target": -0.36655571314901036, "params": {"model__colsample_bylevel": 0.3176696745099303, "model__colsample_bynode": 0.7244981484104486, "model__colsample_bytree": 0.974417674226667, "model__learning_rate": 0.21553297891316586, "model__max_depth": 6.51213671363484, "model__n_estimators": 19.276722743125532, "model__reg_lambda": 0.054075482305629974}, "datetime": {"datetime": "2021-03-24 00:41:38", "elapsed": 214.2482, "delta": 1.489407}}
{"target": -0.4174686988383748, "params": {"model__colsample_bylevel": 1.0, "model__colsample_bynode": 1.0, "model__colsample_bytree": 0.3, "model__learning_rate": 0.3, "model__max_depth": 2.0, "model__n_estimators": 15.0, "model__reg_lambda": 10.0}, "datetime": {"datetime": "2021-03-24 00:41:40", "elapsed": 215.786212, "delta": 1.538012}}
{"target": -0.3216431581006939, "params": {"model__colsample_bylevel": 0.8922573777966984, "model__colsample_bynode": 0.8303961703916609, "model__colsample_bytree": 0.9545978607887178, "model__learning_rate": 0.283481625502238, "model__max_depth": 4.934833113884976, "model__n_estimators": 28.7146668964174, "model__reg_lambda": 8.186179198314793}, "datetime": {"datetime": "2021-03-24 00:41:41", "elapsed": 217.557538, "delta": 1.771326}}
{"target": -0.34297528669265087, "params": {"model__colsample_bylevel": 0.8941920635030174, "model__colsample_bynode": 0.40748268023456957, "model__colsample_bytree": 0.3369685880286586, "model__learning_rate": 0.2816959485971441, "model__max_depth": 4.973820840012858, "model__n_estimators": 23.532451146442277, "model__reg_lambda": 6.306175038014833}, "datetime": {"datetime": "2021-03-24 00:41:43", "elapsed": 219.151483, "delta": 1.593945}}
{"target": -0.36677511789687517, "params": {"model__colsample_bylevel": 0.3, "model__colsample_bynode": 0.30393526785794184, "model__colsample_bytree": 1.0, "model__learning_rate": 0.3, "model__max_depth": 2.1966137906933594, "model__n_estimators": 28.80963451060345, "model__reg_lambda": 6.744649688506353}, "datetime": {"datetime": "2021-03-24 00:41:45", "elapsed": 220.679515, "delta": 1.528032}}
{"target": -0.3458009327744957, "params": {"model__colsample_bylevel": 0.594337929016238, "model__colsample_bynode": 0.9124188194308076, "model__colsample_bytree": 0.33240361175863414, "model__learning_rate": 0.2826550567877978, "model__max_depth": 7.8765278631419875, "model__n_estimators": 25.8231079503351, "model__reg_lambda": 4.562818459359816}, "datetime": {"datetime": "2021-03-24 00:41:46", "elapsed": 222.175064, "delta": 1.495549}}
{"target": -0.37731041488494127, "params": {"model__colsample_bylevel": 1.0, "model__colsample_bynode": 0.3, "model__colsample_bytree": 1.0, "model__learning_rate": 0.3, "model__max_depth": 8.0, "model__n_estimators": 16.70738031742522, "model__reg_lambda": 8.65250932370748}, "datetime": {"datetime": "2021-03-24 00:41:47", "elapsed": 223.49025, "delta": 1.315186}}
{"target": -0.33582946812173864, "params": {"model__colsample_bylevel": 1.0, "model__colsample_bynode": 1.0, "model__colsample_bytree": 0.9843772500093547, "model__learning_rate": 0.3, "model__max_depth": 4.81325757887662, "model__n_estimators": 28.208886563728484, "model__reg_lambda": 10.0}, "datetime": {"datetime": "2021-03-24 00:41:49", "elapsed": 225.441499, "delta": 1.951249}}
{"target": -0.3455857457517161, "params": {"model__colsample_bylevel": 0.5906136479514934, "model__colsample_bynode": 0.4050828858859137, "model__colsample_bytree": 0.3955523844627046, "model__learning_rate": 0.26825972389619074, "model__max_depth": 2.061006227434901, "model__n_estimators": 25.80621214240317, "model__reg_lambda": 6.791622863100422e-05}, "datetime": {"datetime": "2021-03-24 00:41:51", "elapsed": 226.871642, "delta": 1.430143}}
{"target": -0.32687244282822814, "params": {"model__colsample_bylevel": 0.3003059839319311, "model__colsample_bynode": 1.0, "model__colsample_bytree": 0.9910106837803729, "model__learning_rate": 0.3, "model__max_depth": 6.221190813732514, "model__n_estimators": 26.383302771591055, "model__reg_lambda": 3.332907097349518}, "datetime": {"datetime": "2021-03-24 00:41:52", "elapsed": 228.227846, "delta": 1.356204}}
{"target": -0.36442493686108324, "params": {"model__colsample_bylevel": 0.3419850167106174, "model__colsample_bynode": 0.3672246005094143, "model__colsample_bytree": 0.5594460023371439, "model__learning_rate": 0.15706211842638151, "model__max_depth": 7.972917563575402, "model__n_estimators": 22.45413051771802, "model__reg_lambda": 0.14430674103982466}, "datetime": {"datetime": "2021-03-24 00:41:54", "elapsed": 229.690111, "delta": 1.462265}}
{"target": -0.3498148863318552, "params": {"model__colsample_bylevel": 0.9543650631889025, "model__colsample_bynode": 0.9702799769971568, "model__colsample_bytree": 0.38698713244874644, "model__learning_rate": 0.2751319378790979, "model__max_depth": 4.674552448458503, "model__n_estimators": 21.60374373753094, "model__reg_lambda": 4.8700735047415}, "datetime": {"datetime": "2021-03-24 00:41:55", "elapsed": 231.121171, "delta": 1.43106}}
{"target": -0.3258057028841416, "params": {"model__colsample_bylevel": 0.41036037393133645, "model__colsample_bynode": 0.9843886065667373, "model__colsample_bytree": 0.9540463161728017, "model__learning_rate": 0.27802878097190353, "model__max_depth": 2.8774220242665667, "model__n_estimators": 27.13107869312887, "model__reg_lambda": 3.0287002067024336}, "datetime": {"datetime": "2021-03-24 00:41:56", "elapsed": 232.512661, "delta": 1.39149}}
{"target": -0.3447335233304488, "params": {"model__colsample_bylevel": 0.9687988437416823, "model__colsample_bynode": 0.9968929765120518, "model__colsample_bytree": 0.5085341121779225, "model__learning_rate": 0.2780218425999621, "model__max_depth": 7.554210951281276, "model__n_estimators": 28.965721775495112, "model__reg_lambda": 9.415423619478847}, "datetime": {"datetime": "2021-03-24 00:41:58", "elapsed": 234.040823, "delta": 1.528162}}
{"target": -0.323111169888179, "params": {"model__colsample_bylevel": 0.5507103865854044, "model__colsample_bynode": 0.923971075677092, "model__colsample_bytree": 0.9567094499939934, "model__learning_rate": 0.29829561679889394, "model__max_depth": 6.466854265215411, "model__n_estimators": 21.70732733832002, "model__reg_lambda": 2.8744863871721202}, "datetime": {"datetime": "2021-03-24 00:42:00", "elapsed": 235.701432, "delta": 1.660609}}
{"target": -0.3386217113223223, "params": {"model__colsample_bylevel": 0.9238403688603354, "model__colsample_bynode": 0.3019284825369779, "model__colsample_bytree": 0.9982469784561219, "model__learning_rate": 0.2958685014850899, "model__max_depth": 5.253827976135878, "model__n_estimators": 27.70486970479753, "model__reg_lambda": 7.631062322911841}, "datetime": {"datetime": "2021-03-24 00:42:01", "elapsed": 237.125881, "delta": 1.424449}}
{"target": -0.3657817406191801, "params": {"model__colsample_bylevel": 0.3196293985595908, "model__colsample_bynode": 1.0, "model__colsample_bytree": 1.0, "model__learning_rate": 0.3, "model__max_depth": 4.703701499121501, "model__n_estimators": 17.600326799950235, "model__reg_lambda": 6.414401778618605}, "datetime": {"datetime": "2021-03-24 00:42:03", "elapsed": 238.693518, "delta": 1.567637}}
{"target": -0.35422869874366925, "params": {"model__colsample_bylevel": 0.7329928480908285, "model__colsample_bynode": 0.8030819908508333, "model__colsample_bytree": 0.346561686339298, "model__learning_rate": 0.2941490042284892, "model__max_depth": 7.93934257814883, "model__n_estimators": 22.03396043575552, "model__reg_lambda": 9.606121378291348}, "datetime": {"datetime": "2021-03-24 00:42:04", "elapsed": 240.270782, "delta": 1.577264}}
{"target": -0.35647613062422917, "params": {"model__colsample_bylevel": 0.9760766442743007, "model__colsample_bynode": 0.6949937324430447, "model__colsample_bytree": 0.9641289114952656, "model__learning_rate": 0.26017401574770416, "model__max_depth": 6.305846225655484, "model__n_estimators": 27.767386387636115, "model__reg_lambda": 0.18549708374591356}, "datetime": {"datetime": "2021-03-24 00:42:06", "elapsed": 241.901067, "delta": 1.630285}}
{"target": -0.3397415825776567, "params": {"model__colsample_bylevel": 0.300000000287186, "model__colsample_bynode": 0.853863003704723, "model__colsample_bytree": 0.9999999986973439, "model__learning_rate": 0.3, "model__max_depth": 7.960875187760416, "model__n_estimators": 27.112576399517042, "model__reg_lambda": 5.953289608701528}, "datetime": {"datetime": "2021-03-24 00:42:08", "elapsed": 243.881215, "delta": 1.980148}}
{"target": -0.3684167569253486, "params": {"model__colsample_bylevel": 0.38858617592783284, "model__colsample_bynode": 0.40171439757087785, "model__colsample_bytree": 0.9767031139405506, "model__learning_rate": 0.2950707858364009, "model__max_depth": 3.5870228030122773, "model__n_estimators": 29.69811716393717, "model__reg_lambda": 9.183716736679775}, "datetime": {"datetime": "2021-03-24 00:42:09", "elapsed": 245.227092, "delta": 1.345877}}
{"target": -0.3334098152721814, "params": {"model__colsample_bylevel": 0.3868273194540299, "model__colsample_bynode": 0.8386023285912074, "model__colsample_bytree": 0.8777466359063355, "model__learning_rate": 0.28919727105485804, "model__max_depth": 7.921310246463219, "model__n_estimators": 21.442455528780854, "model__reg_lambda": 2.7486433241903283}, "datetime": {"datetime": "2021-03-24 00:42:10", "elapsed": 246.524332, "delta": 1.29724}}
{"target": -0.3318937020528171, "params": {"model__colsample_bylevel": 0.9221484468726278, "model__colsample_bynode": 0.37172995198345754, "model__colsample_bytree": 0.9257123674183136, "model__learning_rate": 0.2739162582115362, "model__max_depth": 5.729092651820848, "model__n_estimators": 29.288376256874546, "model__reg_lambda": 7.822447528979404}, "datetime": {"datetime": "2021-03-24 00:42:12", "elapsed": 247.863198, "delta": 1.338866}}
{"target": -0.3800361236172688, "params": {"model__colsample_bylevel": 0.3006487656597691, "model__colsample_bynode": 0.4092559483643552, "model__colsample_bytree": 0.5205022077240031, "model__learning_rate": 0.29541266493844276, "model__max_depth": 7.772403944468534, "model__n_estimators": 26.990282676711885, "model__reg_lambda": 1.545204739568794}, "datetime": {"datetime": "2021-03-24 00:42:14", "elapsed": 249.779506, "delta": 1.916308}}
{"target": -0.33506791839862, "params": {"model__colsample_bylevel": 0.3908567966540339, "model__colsample_bynode": 0.8631196502067722, "model__colsample_bytree": 0.9862834498304076, "model__learning_rate": 0.24969878734847462, "model__max_depth": 6.416789879331309, "model__n_estimators": 24.268666855820477, "model__reg_lambda": 2.78135998650101}, "datetime": {"datetime": "2021-03-24 00:42:15", "elapsed": 251.431682, "delta": 1.652176}}
{"target": -0.36186523174705065, "params": {"model__colsample_bylevel": 0.6959061064034372, "model__colsample_bynode": 0.8724103307891129, "model__colsample_bytree": 0.8832107057490077, "model__learning_rate": 0.11662513123478752, "model__max_depth": 6.318512626879035, "model__n_estimators": 29.501783913722058, "model__reg_lambda": 3.9146155417068895}, "datetime": {"datetime": "2021-03-24 00:42:17", "elapsed": 253.228492, "delta": 1.79681}}
{"target": -0.42874080090230143, "params": {"model__colsample_bylevel": 0.30000007875350626, "model__colsample_bynode": 0.3, "model__colsample_bytree": 0.30000000322241815, "model__learning_rate": 0.3, "model__max_depth": 4.344849078440818, "model__n_estimators": 15.0, "model__reg_lambda": 5.13889895606961}, "datetime": {"datetime": "2021-03-24 00:42:19", "elapsed": 254.694221, "delta": 1.465729}}
{"target": -0.34906947746555717, "params": {"model__colsample_bylevel": 0.6429821996704774, "model__colsample_bynode": 0.905093738229494, "model__colsample_bytree": 0.9999999900864412, "model__learning_rate": 0.3, "model__max_depth": 7.174522493666913, "model__n_estimators": 19.412273008164153, "model__reg_lambda": 1.8918233757812026}, "datetime": {"datetime": "2021-03-24 00:42:20", "elapsed": 256.431612, "delta": 1.737391}}
{"target": -0.3296358244643762, "params": {"model__colsample_bylevel": 0.6424522170816553, "model__colsample_bynode": 0.986481918968416, "model__colsample_bytree": 0.9347768698388326, "model__learning_rate": 0.18701863399213225, "model__max_depth": 3.133569534887938, "model__n_estimators": 28.175855563741564, "model__reg_lambda": 0.23238963877583174}, "datetime": {"datetime": "2021-03-24 00:42:22", "elapsed": 257.936151, "delta": 1.504539}}
{"target": -0.34849741318123073, "params": {"model__colsample_bylevel": 0.94518478420315, "model__colsample_bynode": 0.46598123476728254, "model__colsample_bytree": 0.9563490085220174, "model__learning_rate": 0.256327782713075, "model__max_depth": 2.8071080527924117, "model__n_estimators": 29.994532683675168, "model__reg_lambda": 1.8632046934839674}, "datetime": {"datetime": "2021-03-24 00:42:23", "elapsed": 259.484259, "delta": 1.548108}}
{"target": -0.3873810203138577, "params": {"model__colsample_bylevel": 0.88882008145398, "model__colsample_bynode": 0.3728321720302861, "model__colsample_bytree": 0.954421071793069, "model__learning_rate": 0.13850982194095485, "model__max_depth": 7.413399916830941, "model__n_estimators": 15.052384895678099, "model__reg_lambda": 0.717370695235342}, "datetime": {"datetime": "2021-03-24 00:42:25", "elapsed": 260.882036, "delta": 1.397777}}
{"target": -0.36762693190164325, "params": {"model__colsample_bylevel": 0.3, "model__colsample_bynode": 1.0, "model__colsample_bytree": 0.3, "model__learning_rate": 0.3, "model__max_depth": 8.0, "model__n_estimators": 15.322888168164774, "model__reg_lambda": 1.001059553353912}, "datetime": {"datetime": "2021-03-24 00:42:27", "elapsed": 262.669871, "delta": 1.787835}}
{"target": -0.33141097574548767, "params": {"model__colsample_bylevel": 0.9926198847319876, "model__colsample_bynode": 0.9239702675334565, "model__colsample_bytree": 0.9186004035958795, "model__learning_rate": 0.2702762981860279, "model__max_depth": 2.595044392263616, "model__n_estimators": 28.448135238433807, "model__reg_lambda": 6.91298532545038}, "datetime": {"datetime": "2021-03-24 00:42:28", "elapsed": 264.430305, "delta": 1.760434}}
{"target": -0.33638236582299447, "params": {"model__colsample_bylevel": 0.6500396219516478, "model__colsample_bynode": 0.9740750419726154, "model__colsample_bytree": 0.9819515548473396, "model__learning_rate": 0.24585615388032753, "model__max_depth": 2.02754404542954, "model__n_estimators": 23.62908581617843, "model__reg_lambda": 0.16854118982952637}, "datetime": {"datetime": "2021-03-24 00:42:30", "elapsed": 266.117383, "delta": 1.687078}}
{"target": -0.378721961838976, "params": {"model__colsample_bylevel": 1.0, "model__colsample_bynode": 0.3, "model__colsample_bytree": 0.348811035960468, "model__learning_rate": 0.3, "model__max_depth": 3.2556140520023553, "model__n_estimators": 15.940444613239556, "model__reg_lambda": 0.0}, "datetime": {"datetime": "2021-03-24 00:42:31", "elapsed": 267.577266, "delta": 1.459883}}
{"target": -0.35473501311709593, "params": {"model__colsample_bylevel": 0.327772453099691, "model__colsample_bynode": 0.3320293363063833, "model__colsample_bytree": 0.3234413374611577, "model__learning_rate": 0.23058358826524022, "model__max_depth": 7.9316182285176895, "model__n_estimators": 26.524792825153746, "model__reg_lambda": 0.1319219780779357}, "datetime": {"datetime": "2021-03-24 00:42:33", "elapsed": 268.989765, "delta": 1.412499}}
{"target": -0.33055696722923145, "params": {"model__colsample_bylevel": 0.3172268075729563, "model__colsample_bynode": 0.3373475485821229, "model__colsample_bytree": 0.9519794363203617, "model__learning_rate": 0.2848755563806378, "model__max_depth": 5.493294313889438, "model__n_estimators": 25.277977893086216, "model__reg_lambda": 2.2691996213817553}, "datetime": {"datetime": "2021-03-24 00:42:34", "elapsed": 270.606213, "delta": 1.616448}}
