{"target": -0.3598716743410214, "params": {"model__colsample_bylevel": 0.5192451503400592, "model__colsample_bynode": 1.0, "model__colsample_bytree": 1.0, "model__learning_rate": 0.3, "model__max_depth": 2.0000000031599683, "model__n_estimators": 27.01571357916003, "model__reg_lambda": 4.8626136339359665}, "datetime": {"datetime": "2021-03-24 00:31:24", "elapsed": 109.155319, "delta": 1.282009}}
{"target": -0.3512392801617313, "params": {"model__colsample_bylevel": 0.3, "model__colsample_bynode": 0.937565675731321, "model__colsample_bytree": 1.0, "model__learning_rate": 0.3, "model__max_depth": 4.769212980012035, "model__n_estimators": 24.59119002616705, "model__reg_lambda": 6.930036989794779}, "datetime": {"datetime": "2021-03-24 00:31:25", "elapsed": 110.276735, "delta": 1.121416}}
{"target": -0.4778273912578605, "params": {"model__colsample_bylevel": 0.3, "model__colsample_bynode": 0.3, "model__colsample_bytree": 0.3, "model__learning_rate": 0.3, "model__max_depth": 2.5563589488815577, "model__n_estimators": 15.0, "model__reg_lambda": 9.59312878799149}, "datetime": {"datetime": "2021-03-24 00:31:26", "elapsed": 111.543565, "delta": 1.26683}}
{"target": -0.3637920917281746, "params": {"model__colsample_bylevel": 1.0, "model__colsample_bynode": 1.0, "model__colsample_bytree": 1.0, "model__learning_rate": 0.3, "model__max_depth": 2.014884153557482, "model__n_estimators": 27.149433863786157, "model__reg_lambda": 8.300062743217724}, "datetime": {"datetime": "2021-03-24 00:31:28", "elapsed": 112.891335, "delta": 1.34777}}
{"target": -0.38288089202285025, "params": {"model__colsample_bylevel": 0.3000000007960198, "model__colsample_bynode": 0.3, "model__colsample_bytree": 0.3000000001212678, "model__learning_rate": 0.3, "model__max_depth": 4.6513643587688405, "model__n_estimators": 18.165405157711575, "model__reg_lambda": 0.0}, "datetime": {"datetime": "2021-03-24 00:31:29", "elapsed": 113.994676, "delta": 1.103341}}
{"target": -0.3448803129221273, "params": {"model__colsample_bylevel": 0.8356253559012159, "model__colsample_bynode": 0.7004869330574282, "model__colsample_bytree": 0.9626785865841596, "model__learning_rate": 0.29992933474481176, "model__max_depth": 7.805391311237687, "model__n_estimators": 19.21362715543755, "model__reg_lambda": 4.928853478771797}, "datetime": {"datetime": "2021-03-24 00:31:30", "elapsed": 115.349138, "delta": 1.354462}}
{"target": -0.30738131142760444, "params": {"model__colsample_bylevel": 1.0, "model__colsample_bynode": 0.3, "model__colsample_bytree": 1.0, "model__learning_rate": 0.3, "model__max_depth": 2.0, "model__n_estimators": 30.0, "model__reg_lambda": 0.0}, "datetime": {"datetime": "2021-03-24 00:31:31", "elapsed": 116.485974, "delta": 1.136836}}
{"target": -0.366245676648965, "params": {"model__colsample_bylevel": 0.9365157407841993, "model__colsample_bynode": 0.3329392001795912, "model__colsample_bytree": 0.9907020652601808, "model__learning_rate": 0.18834346531521493, "model__max_depth": 2.0992578567745084, "model__n_estimators": 20.707325179443693, "model__reg_lambda": 0.060377262057211833}, "datetime": {"datetime": "2021-03-24 00:31:32", "elapsed": 117.603278, "delta": 1.117304}}
{"target": -0.3673590790424699, "params": {"model__colsample_bylevel": 0.37279193495581797, "model__colsample_bynode": 0.3058304478887931, "model__colsample_bytree": 0.8813950056532878, "model__learning_rate": 0.29577924325525135, "model__max_depth": 4.438925902973278, "model__n_estimators": 20.644716730698406, "model__reg_lambda": 1.866871213052519}, "datetime": {"datetime": "2021-03-24 00:31:34", "elapsed": 118.987237, "delta": 1.383959}}
{"target": -0.4404095308450254, "params": {"model__colsample_bylevel": 0.47298660148076077, "model__colsample_bynode": 0.3, "model__colsample_bytree": 1.0, "model__learning_rate": 0.3, "model__max_depth": 2.0, "model__n_estimators": 15.0, "model__reg_lambda": 7.347976986838342}, "datetime": {"datetime": "2021-03-24 00:31:35", "elapsed": 120.153063, "delta": 1.165826}}
{"target": -0.3542551120523822, "params": {"model__colsample_bylevel": 0.9240471524934073, "model__colsample_bynode": 0.8247012727435945, "model__colsample_bytree": 0.3655260132325617, "model__learning_rate": 0.27079488926734074, "model__max_depth": 2.2522130613699956, "model__n_estimators": 22.72432209779646, "model__reg_lambda": 0.04450554827085229}, "datetime": {"datetime": "2021-03-24 00:31:36", "elapsed": 121.366287, "delta": 1.213224}}
{"target": -0.32715329710500435, "params": {"model__colsample_bylevel": 0.9747385957859647, "model__colsample_bynode": 0.30274068907389806, "model__colsample_bytree": 0.8633845580202497, "model__learning_rate": 0.28359494929556006, "model__max_depth": 2.0430478318108394, "model__n_estimators": 24.76828472266039, "model__reg_lambda": 0.1534933973385222}, "datetime": {"datetime": "2021-03-24 00:31:37", "elapsed": 122.347851, "delta": 0.981564}}
{"target": -0.35799373395891143, "params": {"model__colsample_bylevel": 0.6049256724916602, "model__colsample_bynode": 0.3086562325675152, "model__colsample_bytree": 0.3189228677480045, "model__learning_rate": 0.29316023191058216, "model__max_depth": 5.970230214766449, "model__n_estimators": 28.528263667118527, "model__reg_lambda": 0.5210738907630463}, "datetime": {"datetime": "2021-03-24 00:31:38", "elapsed": 123.419057, "delta": 1.071206}}
{"target": -0.3893064716992819, "params": {"model__colsample_bylevel": 1.0, "model__colsample_bynode": 0.3, "model__colsample_bytree": 0.3, "model__learning_rate": 0.3, "model__max_depth": 7.884888187962421, "model__n_estimators": 24.175958098192208, "model__reg_lambda": 9.400936631862796}, "datetime": {"datetime": "2021-03-24 00:31:39", "elapsed": 124.617774, "delta": 1.198717}}
{"target": -0.32639500599496235, "params": {"model__colsample_bylevel": 0.5680513329665273, "model__colsample_bynode": 0.9616615452099437, "model__colsample_bytree": 0.3753950101043046, "model__learning_rate": 0.1609107876316891, "model__max_depth": 7.3517111515386375, "model__n_estimators": 26.331523567147258, "model__reg_lambda": 0.21886178112696109}, "datetime": {"datetime": "2021-03-24 00:31:40", "elapsed": 125.844021, "delta": 1.226247}}
{"target": -0.320218561266117, "params": {"model__colsample_bylevel": 1.0, "model__colsample_bynode": 0.9999999999547919, "model__colsample_bytree": 0.9999999998110671, "model__learning_rate": 0.2999999999914153, "model__max_depth": 2.0, "model__n_estimators": 26.652607712423112, "model__reg_lambda": 1.3711941661897555e-11}, "datetime": {"datetime": "2021-03-24 00:31:42", "elapsed": 126.972737, "delta": 1.128716}}
{"target": -0.3621564827987627, "params": {"model__colsample_bylevel": 0.3891123970428003, "model__colsample_bynode": 0.6315108182360579, "model__colsample_bytree": 0.3452278865362193, "model__learning_rate": 0.29501437757775606, "model__max_depth": 7.961527655649258, "model__n_estimators": 19.79234593471172, "model__reg_lambda": 2.834960592970992}, "datetime": {"datetime": "2021-03-24 00:31:43", "elapsed": 128.223474, "delta": 1.250737}}
{"target": -0.3489839922677239, "params": {"model__colsample_bylevel": 0.3303815124245109, "model__colsample_bynode": 0.8617981727078357, "model__colsample_bytree": 0.6738413951994248, "model__learning_rate": 0.18643318920277063, "model__max_depth": 7.833400969883557, "model__n_estimators": 27.176821427301455, "model__reg_lambda": 3.209216817085699}, "datetime": {"datetime": "2021-03-24 00:31:44", "elapsed": 129.594254, "delta": 1.37078}}
{"target": -0.35132304291085653, "params": {"model__colsample_bylevel": 1.0, "model__colsample_bynode": 0.3, "model__colsample_bytree": 0.3, "model__learning_rate": 0.2881534621649655, "model__max_depth": 2.0000000124170434, "model__n_estimators": 26.55961492219435, "model__reg_lambda": 0.0}, "datetime": {"datetime": "2021-03-24 00:31:45", "elapsed": 130.827589, "delta": 1.233335}}
{"target": -0.3465393675916383, "params": {"model__colsample_bylevel": 1.0, "model__colsample_bynode": 0.3, "model__colsample_bytree": 1.0, "model__learning_rate": 0.3, "model__max_depth": 4.233296424775932, "model__n_estimators": 24.999586523086105, "model__reg_lambda": 10.0}, "datetime": {"datetime": "2021-03-24 00:31:47", "elapsed": 132.014955, "delta": 1.187366}}
{"target": -0.30870776855845705, "params": {"model__colsample_bylevel": 0.9534369602934432, "model__colsample_bynode": 0.454010571339495, "model__colsample_bytree": 0.9811577672431957, "model__learning_rate": 0.2927303014815805, "model__max_depth": 4.334802550725073, "model__n_estimators": 28.074391525826062, "model__reg_lambda": 5.8702566910268335}, "datetime": {"datetime": "2021-03-24 00:31:48", "elapsed": 133.42375, "delta": 1.408795}}
{"target": -0.325062444322891, "params": {"model__colsample_bylevel": 0.85745250381305, "model__colsample_bynode": 0.32587516770800073, "model__colsample_bytree": 0.9902872853630629, "model__learning_rate": 0.2827996649450413, "model__max_depth": 4.643259902835469, "model__n_estimators": 29.963650435036065, "model__reg_lambda": 5.85728143938999}, "datetime": {"datetime": "2021-03-24 00:31:49", "elapsed": 134.571089, "delta": 1.147339}}
{"target": -0.3349313594036452, "params": {"model__colsample_bylevel": 0.42252166479353637, "model__colsample_bynode": 0.9756785926234359, "model__colsample_bytree": 0.9785323084827362, "model__learning_rate": 0.2979061367547006, "model__max_depth": 3.2588238689301336, "model__n_estimators": 29.02421927840116, "model__reg_lambda": 8.141599833506183}, "datetime": {"datetime": "2021-03-24 00:31:51", "elapsed": 136.245135, "delta": 1.674046}}
{"target": -0.4309963044386519, "params": {"model__colsample_bylevel": 0.9596824054201061, "model__colsample_bynode": 0.3, "model__colsample_bytree": 0.3, "model__learning_rate": 0.10885412838456059, "model__max_depth": 2.740986451952914, "model__n_estimators": 15.00000000063526, "model__reg_lambda": 0.0}, "datetime": {"datetime": "2021-03-24 00:31:52", "elapsed": 137.425945, "delta": 1.18081}}
{"target": -0.34766645558259407, "params": {"model__colsample_bylevel": 1.0, "model__colsample_bynode": 1.0, "model__colsample_bytree": 1.0, "model__learning_rate": 0.3, "model__max_depth": 5.1025319866010745, "model__n_estimators": 18.816836900367356, "model__reg_lambda": 10.0}, "datetime": {"datetime": "2021-03-24 00:31:53", "elapsed": 138.622589, "delta": 1.196644}}
{"target": -0.34788469359670104, "params": {"model__colsample_bylevel": 0.999999999152679, "model__colsample_bynode": 1.0, "model__colsample_bytree": 1.0, "model__learning_rate": 0.3, "model__max_depth": 4.855707193037711, "model__n_estimators": 19.096608706084023, "model__reg_lambda": 6.457211424058144}, "datetime": {"datetime": "2021-03-24 00:31:55", "elapsed": 140.218369, "delta": 1.59578}}
{"target": -0.3450503553641771, "params": {"model__colsample_bylevel": 0.3495508577652637, "model__colsample_bynode": 0.949985872254147, "model__colsample_bytree": 0.3691753817809396, "model__learning_rate": 0.29272680026816533, "model__max_depth": 5.778991996163933, "model__n_estimators": 18.019990463260534, "model__reg_lambda": 2.7517675004851805}, "datetime": {"datetime": "2021-03-24 00:31:56", "elapsed": 141.234038, "delta": 1.015669}}
{"target": -0.34418359152884964, "params": {"model__colsample_bylevel": 0.38047176593342547, "model__colsample_bynode": 0.9692797041279813, "model__colsample_bytree": 0.3834405478623281, "model__learning_rate": 0.2933802960183883, "model__max_depth": 5.870478597770339, "model__n_estimators": 23.843596002552516, "model__reg_lambda": 3.9924861969775383}, "datetime": {"datetime": "2021-03-24 00:31:57", "elapsed": 142.283663, "delta": 1.049625}}
{"target": -0.3532243176970793, "params": {"model__colsample_bylevel": 1.0, "model__colsample_bynode": 0.3, "model__colsample_bytree": 1.0, "model__learning_rate": 0.3, "model__max_depth": 8.0, "model__n_estimators": 15.000000000007338, "model__reg_lambda": 3.007304202389329}, "datetime": {"datetime": "2021-03-24 00:31:58", "elapsed": 143.562727, "delta": 1.279064}}
{"target": -0.33156428522518094, "params": {"model__colsample_bylevel": 0.3538948094094794, "model__colsample_bynode": 0.3989652366015588, "model__colsample_bytree": 0.3243451145283825, "model__learning_rate": 0.29976176352926454, "model__max_depth": 6.5848515399110426, "model__n_estimators": 21.789761069688378, "model__reg_lambda": 0.13108381141582193}, "datetime": {"datetime": "2021-03-24 00:31:59", "elapsed": 144.712864, "delta": 1.150137}}
{"target": -0.33948927884060975, "params": {"model__colsample_bylevel": 0.3, "model__colsample_bynode": 1.0, "model__colsample_bytree": 1.0, "model__learning_rate": 0.3, "model__max_depth": 2.0, "model__n_estimators": 17.237128144140886, "model__reg_lambda": 0.0}, "datetime": {"datetime": "2021-03-24 00:32:01", "elapsed": 146.128975, "delta": 1.416111}}
{"target": -0.39948443737204953, "params": {"model__colsample_bylevel": 0.3, "model__colsample_bynode": 0.3, "model__colsample_bytree": 1.0, "model__learning_rate": 0.3, "model__max_depth": 6.779335666416656, "model__n_estimators": 15.32728560269751, "model__reg_lambda": 9.776140430004515}, "datetime": {"datetime": "2021-03-24 00:32:02", "elapsed": 147.362553, "delta": 1.233578}}
{"target": -0.39380824622104244, "params": {"model__colsample_bylevel": 0.9259854569430039, "model__colsample_bynode": 0.9610016835977264, "model__colsample_bytree": 0.6783653633187439, "model__learning_rate": 0.29695680135408553, "model__max_depth": 5.249918041474056, "model__n_estimators": 15.810211554926317, "model__reg_lambda": 0.08487415380604268}, "datetime": {"datetime": "2021-03-24 00:32:03", "elapsed": 148.625393, "delta": 1.26284}}
{"target": -0.3740090383068267, "params": {"model__colsample_bylevel": 0.8923626088881202, "model__colsample_bynode": 0.3662475655558999, "model__colsample_bytree": 0.9256445409856813, "model__learning_rate": 0.2257437664242537, "model__max_depth": 2.2399335232030904, "model__n_estimators": 29.90869908423626, "model__reg_lambda": 9.34085024456832}, "datetime": {"datetime": "2021-03-24 00:32:05", "elapsed": 150.248403, "delta": 1.62301}}
{"target": -0.35585041501545817, "params": {"model__colsample_bylevel": 1.0, "model__colsample_bynode": 0.9635456404990199, "model__colsample_bytree": 1.0, "model__learning_rate": 0.3, "model__max_depth": 8.0, "model__n_estimators": 16.50187053002787, "model__reg_lambda": 7.77998943687332}, "datetime": {"datetime": "2021-03-24 00:32:06", "elapsed": 151.625074, "delta": 1.376671}}
{"target": -0.37102288842754627, "params": {"model__colsample_bylevel": 0.9613537119320332, "model__colsample_bynode": 0.9302391187980694, "model__colsample_bytree": 0.8986189265419351, "model__learning_rate": 0.28676681872241117, "model__max_depth": 2.0593052185628333, "model__n_estimators": 23.816841109014366, "model__reg_lambda": 6.647566727881146}, "datetime": {"datetime": "2021-03-24 00:32:08", "elapsed": 152.977695, "delta": 1.352621}}
{"target": -0.33697324323542144, "params": {"model__colsample_bylevel": 0.3710498793775389, "model__colsample_bynode": 0.9999999969740494, "model__colsample_bytree": 0.3000000049138234, "model__learning_rate": 0.3, "model__max_depth": 3.0483721060038245, "model__n_estimators": 18.892095464480292, "model__reg_lambda": 0.007723656807489586}, "datetime": {"datetime": "2021-03-24 00:32:09", "elapsed": 154.228891, "delta": 1.251196}}
{"target": -0.33397935995818584, "params": {"model__colsample_bylevel": 1.0, "model__colsample_bynode": 0.3, "model__colsample_bytree": 1.0, "model__learning_rate": 0.3, "model__max_depth": 8.0, "model__n_estimators": 30.0, "model__reg_lambda": 4.793790653246581}, "datetime": {"datetime": "2021-03-24 00:32:10", "elapsed": 155.494682, "delta": 1.265791}}
{"target": -0.33244809839820516, "params": {"model__colsample_bylevel": 1.0, "model__colsample_bynode": 0.30000000016142614, "model__colsample_bytree": 0.9793522601068418, "model__learning_rate": 0.3, "model__max_depth": 7.982328596023287, "model__n_estimators": 30.0, "model__reg_lambda": 7.827506315411167}, "datetime": {"datetime": "2021-03-24 00:32:11", "elapsed": 156.821421, "delta": 1.326739}}
{"target": -0.3390489321289773, "params": {"model__colsample_bylevel": 0.3273425765276754, "model__colsample_bynode": 0.38115556947378804, "model__colsample_bytree": 0.9822501625239908, "model__learning_rate": 0.29366096381095763, "model__max_depth": 3.74349301527205, "model__n_estimators": 26.942422235854195, "model__reg_lambda": 5.458156277763414}, "datetime": {"datetime": "2021-03-24 00:32:13", "elapsed": 158.289195, "delta": 1.467774}}
{"target": -0.36469263260968143, "params": {"model__colsample_bylevel": 0.5555307539165183, "model__colsample_bynode": 1.0, "model__colsample_bytree": 1.0, "model__learning_rate": 0.3, "model__max_depth": 2.055112445455075, "model__n_estimators": 24.468934596946067, "model__reg_lambda": 10.0}, "datetime": {"datetime": "2021-03-24 00:32:14", "elapsed": 159.633029, "delta": 1.343834}}
{"target": -0.346856926035379, "params": {"model__colsample_bylevel": 0.8412380419157433, "model__colsample_bynode": 0.35734082527386946, "model__colsample_bytree": 0.9940810386576415, "model__learning_rate": 0.2144390177026384, "model__max_depth": 5.999076783283366, "model__n_estimators": 29.937770554513072, "model__reg_lambda": 4.229523311939279}, "datetime": {"datetime": "2021-03-24 00:32:16", "elapsed": 160.998266, "delta": 1.365237}}
{"target": -0.3290422137646153, "params": {"model__colsample_bylevel": 0.939264166614346, "model__colsample_bynode": 0.9786357573524491, "model__colsample_bytree": 0.9275522606039655, "model__learning_rate": 0.28523146657366244, "model__max_depth": 3.852391970109317, "model__n_estimators": 27.96595314797377, "model__reg_lambda": 5.453741090955454}, "datetime": {"datetime": "2021-03-24 00:32:17", "elapsed": 162.449882, "delta": 1.451616}}
{"target": -0.37599061768083575, "params": {"model__colsample_bylevel": 0.9712321518861815, "model__colsample_bynode": 0.3055554517983913, "model__colsample_bytree": 0.3000776221853332, "model__learning_rate": 0.10111570273683429, "model__max_depth": 7.446209640575383, "model__n_estimators": 25.94998941707063, "model__reg_lambda": 0.12168562689140239}, "datetime": {"datetime": "2021-03-24 00:32:18", "elapsed": 163.827811, "delta": 1.377929}}
{"target": -0.36316740675087, "params": {"model__colsample_bylevel": 0.30539504835322057, "model__colsample_bynode": 1.0, "model__colsample_bytree": 1.0, "model__learning_rate": 0.3, "model__max_depth": 3.4422241735773804, "model__n_estimators": 19.44514341898623, "model__reg_lambda": 6.863026820531391}, "datetime": {"datetime": "2021-03-24 00:32:20", "elapsed": 165.154977, "delta": 1.327166}}
{"target": -0.3766042533526332, "params": {"model__colsample_bylevel": 0.3000000026431902, "model__colsample_bynode": 1.0, "model__colsample_bytree": 0.3, "model__learning_rate": 0.3, "model__max_depth": 7.859458286438707, "model__n_estimators": 26.649722662330323, "model__reg_lambda": 10.0}, "datetime": {"datetime": "2021-03-24 00:32:21", "elapsed": 166.49936, "delta": 1.344383}}
{"target": -0.32065785623997434, "params": {"model__colsample_bylevel": 0.32341896421991934, "model__colsample_bynode": 0.9979460531730457, "model__colsample_bytree": 0.6954750728262755, "model__learning_rate": 0.280543306724081, "model__max_depth": 4.92095005545382, "model__n_estimators": 26.953657726849293, "model__reg_lambda": 0.46384124491871237}, "datetime": {"datetime": "2021-03-24 00:32:23", "elapsed": 168.146447, "delta": 1.647087}}
{"target": -0.3457931910644866, "params": {"model__colsample_bylevel": 1.0, "model__colsample_bynode": 1.0, "model__colsample_bytree": 0.3, "model__learning_rate": 0.3, "model__max_depth": 8.0, "model__n_estimators": 16.77863706247863, "model__reg_lambda": 4.006038238528463}, "datetime": {"datetime": "2021-03-24 00:32:24", "elapsed": 169.371282, "delta": 1.224835}}
{"target": -0.3453556281096046, "params": {"model__colsample_bylevel": 0.383221153115752, "model__colsample_bynode": 0.8582385413669464, "model__colsample_bytree": 0.3037690819163457, "model__learning_rate": 0.1848010131822484, "model__max_depth": 7.981614522018285, "model__n_estimators": 29.937636273939724, "model__reg_lambda": 1.6339455423977423}, "datetime": {"datetime": "2021-03-24 00:32:25", "elapsed": 170.842278, "delta": 1.470996}}
{"target": -0.3504847199755191, "params": {"model__colsample_bylevel": 0.38133547456626826, "model__colsample_bynode": 0.9072283366372942, "model__colsample_bytree": 0.3356360522722566, "model__learning_rate": 0.29900021727348525, "model__max_depth": 7.444349831826964, "model__n_estimators": 23.85440784555917, "model__reg_lambda": 0.09793122635644136}, "datetime": {"datetime": "2021-03-24 00:32:27", "elapsed": 172.034147, "delta": 1.191869}}
{"target": -0.3420246584852145, "params": {"model__colsample_bylevel": 1.0, "model__colsample_bynode": 0.9999999940737366, "model__colsample_bytree": 1.0, "model__learning_rate": 0.3, "model__max_depth": 2.000000009203311, "model__n_estimators": 19.252322159230776, "model__reg_lambda": 1.399769285859144}, "datetime": {"datetime": "2021-03-24 00:32:28", "elapsed": 173.359924, "delta": 1.325777}}
{"target": -0.3518302275667615, "params": {"model__colsample_bylevel": 0.9392484203245233, "model__colsample_bynode": 0.9882751324843424, "model__colsample_bytree": 0.962070507793946, "model__learning_rate": 0.2994470313852105, "model__max_depth": 7.93642631081687, "model__n_estimators": 20.790265457295654, "model__reg_lambda": 6.442533636416118}, "datetime": {"datetime": "2021-03-24 00:32:29", "elapsed": 174.64564, "delta": 1.285716}}
{"target": -0.35297786841123446, "params": {"model__colsample_bylevel": 0.8536854239775085, "model__colsample_bynode": 0.9489782093547177, "model__colsample_bytree": 0.8218738278392006, "model__learning_rate": 0.226620404913099, "model__max_depth": 6.413439099826937, "model__n_estimators": 29.992410969303048, "model__reg_lambda": 0.08175598558197605}, "datetime": {"datetime": "2021-03-24 00:32:31", "elapsed": 176.239266, "delta": 1.593626}}
