{"target": -0.3586464025680839, "params": {"model__colsample_bylevel": 0.41300794025586274, "model__colsample_bynode": 0.3148300256486431, "model__colsample_bytree": 0.9522074323338312, "model__learning_rate": 0.2891479819231812, "model__max_depth": 6.773780518362946, "model__n_estimators": 29.854760391698857, "model__reg_lambda": 7.00801957251071}, "datetime": {"datetime": "2021-03-24 00:30:23", "elapsed": 48.778499, "delta": 1.000786}}
{"target": -0.3237928939008059, "params": {"model__colsample_bylevel": 0.6879880648617003, "model__colsample_bynode": 0.9304984277082708, "model__colsample_bytree": 0.9357779935004347, "model__learning_rate": 0.2714824423698906, "model__max_depth": 7.916301470822285, "model__n_estimators": 29.92019633244474, "model__reg_lambda": 9.972648873374192}, "datetime": {"datetime": "2021-03-24 00:30:25", "elapsed": 49.940972, "delta": 1.162473}}
{"target": -0.33082269699434225, "params": {"model__colsample_bylevel": 0.9371538653375151, "model__colsample_bynode": 0.516487130207223, "model__colsample_bytree": 0.9533645382036031, "model__learning_rate": 0.25312527656255707, "model__max_depth": 7.880397312648833, "model__n_estimators": 28.46871607307531, "model__reg_lambda": 4.7533114421307765}, "datetime": {"datetime": "2021-03-24 00:30:26", "elapsed": 51.045002, "delta": 1.10403}}
{"target": -0.32104099099389344, "params": {"model__colsample_bylevel": 0.8777935430275032, "model__colsample_bynode": 0.7356873991760255, "model__colsample_bytree": 0.998251946769614, "model__learning_rate": 0.29800859959906023, "model__max_depth": 4.24415565610352, "model__n_estimators": 29.87201553089387, "model__reg_lambda": 6.882923431330065}, "datetime": {"datetime": "2021-03-24 00:30:27", "elapsed": 52.178051, "delta": 1.133049}}
{"target": -0.3510125280246543, "params": {"model__colsample_bylevel": 0.30602333532893833, "model__colsample_bynode": 0.527128540720065, "model__colsample_bytree": 0.8011122325973379, "model__learning_rate": 0.28038749627407744, "model__max_depth": 7.867976410514591, "model__n_estimators": 21.865741716206458, "model__reg_lambda": 1.7680579022351206}, "datetime": {"datetime": "2021-03-24 00:30:28", "elapsed": 53.248224, "delta": 1.070173}}
{"target": -0.3614560403948839, "params": {"model__colsample_bylevel": 1.0, "model__colsample_bynode": 0.9999999987528242, "model__colsample_bytree": 1.0, "model__learning_rate": 0.3, "model__max_depth": 4.59235721236693, "model__n_estimators": 15.00000000102467, "model__reg_lambda": 7.079574481118727}, "datetime": {"datetime": "2021-03-24 00:30:29", "elapsed": 54.302342, "delta": 1.054118}}
{"target": -0.3562231812079477, "params": {"model__colsample_bylevel": 0.3, "model__colsample_bynode": 0.3, "model__colsample_bytree": 0.9999999934263459, "model__learning_rate": 0.3, "model__max_depth": 4.8473951188093265, "model__n_estimators": 15.0, "model__reg_lambda": 5.611475733169726}, "datetime": {"datetime": "2021-03-24 00:30:30", "elapsed": 55.375976, "delta": 1.073634}}
{"target": -0.34634835548155635, "params": {"model__colsample_bylevel": 0.47869968569761145, "model__colsample_bynode": 0.9141664324566992, "model__colsample_bytree": 0.9692366246299844, "model__learning_rate": 0.29672743244188804, "model__max_depth": 7.713348902901945, "model__n_estimators": 26.659643246474776, "model__reg_lambda": 6.673842724855485}, "datetime": {"datetime": "2021-03-24 00:30:31", "elapsed": 56.622854, "delta": 1.246878}}
{"target": -0.34251236119408807, "params": {"model__colsample_bylevel": 0.9903952287551536, "model__colsample_bynode": 0.6246663326472598, "model__colsample_bytree": 0.33541862820084734, "model__learning_rate": 0.2726420673991782, "model__max_depth": 6.559715463623645, "model__n_estimators": 15.019406128866327, "model__reg_lambda": 0.1864549055046727}, "datetime": {"datetime": "2021-03-24 00:30:32", "elapsed": 57.759606, "delta": 1.136752}}
{"target": -0.3403734843064423, "params": {"model__colsample_bylevel": 0.9751925468510068, "model__colsample_bynode": 0.6868153743126468, "model__colsample_bytree": 0.42064588819665694, "model__learning_rate": 0.28975825709652747, "model__max_depth": 6.8339106849993305, "model__n_estimators": 29.203348753721304, "model__reg_lambda": 9.810165773406753}, "datetime": {"datetime": "2021-03-24 00:30:34", "elapsed": 59.057891, "delta": 1.298285}}
{"target": -0.3314181714116231, "params": {"model__colsample_bylevel": 0.5313191742083616, "model__colsample_bynode": 0.35562800018166496, "model__colsample_bytree": 0.3720328635252136, "model__learning_rate": 0.29238252239830276, "model__max_depth": 7.989145523853656, "model__n_estimators": 26.693137675017113, "model__reg_lambda": 1.3297162535713547}, "datetime": {"datetime": "2021-03-24 00:30:35", "elapsed": 60.028322, "delta": 0.970431}}
{"target": -0.33755740395483924, "params": {"model__colsample_bylevel": 0.45756484447039325, "model__colsample_bynode": 0.4059635031693437, "model__colsample_bytree": 0.9682706972239481, "model__learning_rate": 0.29851376565715837, "model__max_depth": 4.344071830051856, "model__n_estimators": 20.829108321426475, "model__reg_lambda": 5.828018885850406}, "datetime": {"datetime": "2021-03-24 00:30:36", "elapsed": 61.053415, "delta": 1.025093}}
{"target": -0.3456075444115677, "params": {"model__colsample_bylevel": 1.0, "model__colsample_bynode": 0.3004787474228534, "model__colsample_bytree": 1.0, "model__learning_rate": 0.3, "model__max_depth": 7.444771653766375, "model__n_estimators": 16.972064366142572, "model__reg_lambda": 4.5555207129488595}, "datetime": {"datetime": "2021-03-24 00:30:37", "elapsed": 62.291183, "delta": 1.237768}}
{"target": -0.3570112857532323, "params": {"model__colsample_bylevel": 0.3, "model__colsample_bynode": 0.5303988030120815, "model__colsample_bytree": 1.0, "model__learning_rate": 0.3, "model__max_depth": 2.772053157247376, "model__n_estimators": 23.41402627535751, "model__reg_lambda": 7.166308868364243}, "datetime": {"datetime": "2021-03-24 00:30:38", "elapsed": 63.5537, "delta": 1.262517}}
{"target": -0.3448025053751696, "params": {"model__colsample_bylevel": 1.0, "model__colsample_bynode": 1.0, "model__colsample_bytree": 0.954695675235978, "model__learning_rate": 0.3, "model__max_depth": 8.0, "model__n_estimators": 19.263141132142177, "model__reg_lambda": 7.2220372776716335}, "datetime": {"datetime": "2021-03-24 00:30:39", "elapsed": 64.819419, "delta": 1.265719}}
{"target": -0.3334489264967514, "params": {"model__colsample_bylevel": 0.9992691559753017, "model__colsample_bynode": 0.3081531092096956, "model__colsample_bytree": 0.9873676148875881, "model__learning_rate": 0.2540653718519841, "model__max_depth": 7.582567912668251, "model__n_estimators": 26.007441570982216, "model__reg_lambda": 4.99148146112962}, "datetime": {"datetime": "2021-03-24 00:30:40", "elapsed": 65.754402, "delta": 0.934983}}
{"target": -0.3188621599163921, "params": {"model__colsample_bylevel": 0.563618398748263, "model__colsample_bynode": 0.3527009296662938, "model__colsample_bytree": 0.9674506241791145, "model__learning_rate": 0.28025280126909347, "model__max_depth": 3.1796105098298577, "model__n_estimators": 28.081245246587553, "model__reg_lambda": 0.16144583338117746}, "datetime": {"datetime": "2021-03-24 00:30:41", "elapsed": 66.820212, "delta": 1.06581}}
{"target": -0.3279920806833273, "params": {"model__colsample_bylevel": 0.3265706855594306, "model__colsample_bynode": 0.3351863030455966, "model__colsample_bytree": 0.9963821225076592, "model__learning_rate": 0.2814772503314212, "model__max_depth": 3.1831060469942716, "model__n_estimators": 29.066267340124917, "model__reg_lambda": 1.8397480807902644}, "datetime": {"datetime": "2021-03-24 00:30:42", "elapsed": 67.822004, "delta": 1.001792}}
{"target": -0.33400166968484346, "params": {"model__colsample_bylevel": 0.9973337614168742, "model__colsample_bynode": 0.3644492484747301, "model__colsample_bytree": 0.9814291412231086, "model__learning_rate": 0.14648678374951085, "model__max_depth": 4.721399181838828, "model__n_estimators": 29.16727174418888, "model__reg_lambda": 0.9377904121300973}, "datetime": {"datetime": "2021-03-24 00:30:44", "elapsed": 68.955242, "delta": 1.133238}}
{"target": -0.3266993626850941, "params": {"model__colsample_bylevel": 0.9992660833568296, "model__colsample_bynode": 0.3449335714243197, "model__colsample_bytree": 0.9774169257112577, "model__learning_rate": 0.2794521235031049, "model__max_depth": 7.6513136924819225, "model__n_estimators": 29.701484714467295, "model__reg_lambda": 9.629318224650499}, "datetime": {"datetime": "2021-03-24 00:30:45", "elapsed": 70.284212, "delta": 1.32897}}
{"target": -0.36165261311267594, "params": {"model__colsample_bylevel": 0.38138704955405345, "model__colsample_bynode": 1.0, "model__colsample_bytree": 0.9999999901518463, "model__learning_rate": 0.3, "model__max_depth": 8.0, "model__n_estimators": 15.343350295118643, "model__reg_lambda": 4.424587788634499}, "datetime": {"datetime": "2021-03-24 00:30:46", "elapsed": 71.477789, "delta": 1.193577}}
{"target": -0.3324296782042939, "params": {"model__colsample_bylevel": 0.6981960343331959, "model__colsample_bynode": 0.8600231829272862, "model__colsample_bytree": 0.8716135227143571, "model__learning_rate": 0.28687404589023147, "model__max_depth": 5.201488901032735, "model__n_estimators": 18.873408281956873, "model__reg_lambda": 4.01220180361773}, "datetime": {"datetime": "2021-03-24 00:30:47", "elapsed": 72.544879, "delta": 1.06709}}
{"target": -0.3742028854544396, "params": {"model__colsample_bylevel": 0.9811609988397403, "model__colsample_bynode": 0.3624167045655925, "model__colsample_bytree": 0.3752052135928242, "model__learning_rate": 0.2785445923836396, "model__max_depth": 6.774248390906729, "model__n_estimators": 19.324689088174523, "model__reg_lambda": 1.8621792655692948}, "datetime": {"datetime": "2021-03-24 00:30:48", "elapsed": 73.774648, "delta": 1.229769}}
{"target": -0.3376119975491589, "params": {"model__colsample_bylevel": 0.3133780707245377, "model__colsample_bynode": 0.9198118638829842, "model__colsample_bytree": 0.5719063098934309, "model__learning_rate": 0.28982514733073317, "model__max_depth": 3.605661509014481, "model__n_estimators": 21.058600881209813, "model__reg_lambda": 0.46138123666518593}, "datetime": {"datetime": "2021-03-24 00:30:50", "elapsed": 74.900687, "delta": 1.126039}}
{"target": -0.35437210714950673, "params": {"model__colsample_bylevel": 0.3454512865781656, "model__colsample_bynode": 0.9538266245449767, "model__colsample_bytree": 0.8067775484482826, "model__learning_rate": 0.27611497240561333, "model__max_depth": 5.112104204258746, "model__n_estimators": 23.309669561803453, "model__reg_lambda": 0.8701886526888136}, "datetime": {"datetime": "2021-03-24 00:30:51", "elapsed": 76.255695, "delta": 1.355008}}
{"target": -0.3038228892012621, "params": {"model__colsample_bylevel": 0.37719309021881886, "model__colsample_bynode": 0.9558771945874251, "model__colsample_bytree": 0.6615535782487874, "model__learning_rate": 0.29894122286447294, "model__max_depth": 3.9789735533024393, "model__n_estimators": 21.744370801965587, "model__reg_lambda": 4.160384547734777}, "datetime": {"datetime": "2021-03-24 00:30:52", "elapsed": 77.368786, "delta": 1.113091}}
{"target": -0.34090975999403617, "params": {"model__colsample_bylevel": 1.0, "model__colsample_bynode": 0.9658688706075605, "model__colsample_bytree": 0.5442062854065156, "model__learning_rate": 0.3, "model__max_depth": 6.500877558711516, "model__n_estimators": 29.967907719140765, "model__reg_lambda": 4.932889269461789}, "datetime": {"datetime": "2021-03-24 00:30:53", "elapsed": 78.460421, "delta": 1.091635}}
{"target": -0.34357258646573496, "params": {"model__colsample_bylevel": 0.3103241647425246, "model__colsample_bynode": 0.5365361489126265, "model__colsample_bytree": 0.9670373146187765, "model__learning_rate": 0.29828770228669355, "model__max_depth": 3.093487498241553, "model__n_estimators": 22.306136796796842, "model__reg_lambda": 4.195813062351003}, "datetime": {"datetime": "2021-03-24 00:30:54", "elapsed": 79.671311, "delta": 1.21089}}
{"target": -0.33881146332634565, "params": {"model__colsample_bylevel": 0.8431604984797854, "model__colsample_bynode": 0.7486170699156481, "model__colsample_bytree": 0.4300068716901019, "model__learning_rate": 0.29958962069770456, "model__max_depth": 2.3371011919905733, "model__n_estimators": 24.903332786112564, "model__reg_lambda": 0.12039412426612328}, "datetime": {"datetime": "2021-03-24 00:30:55", "elapsed": 80.853535, "delta": 1.182224}}
{"target": -0.3452071960720207, "params": {"model__colsample_bylevel": 0.945654453589523, "model__colsample_bynode": 0.835843865618872, "model__colsample_bytree": 0.32116200185333493, "model__learning_rate": 0.25678794310995284, "model__max_depth": 4.671183799669842, "model__n_estimators": 22.649975801802693, "model__reg_lambda": 2.0684020262996072}, "datetime": {"datetime": "2021-03-24 00:30:57", "elapsed": 82.074479, "delta": 1.220944}}
{"target": -0.39144652962981574, "params": {"model__colsample_bylevel": 0.5172777931953267, "model__colsample_bynode": 0.9948131679766088, "model__colsample_bytree": 0.3237725365801876, "model__learning_rate": 0.2966799716914627, "model__max_depth": 2.1521864126399275, "model__n_estimators": 23.60052057865989, "model__reg_lambda": 9.537189241016813}, "datetime": {"datetime": "2021-03-24 00:30:58", "elapsed": 83.142215, "delta": 1.067736}}
{"target": -0.34374400961982166, "params": {"model__colsample_bylevel": 0.35723952502981393, "model__colsample_bynode": 0.30739653155216506, "model__colsample_bytree": 0.9009375419044043, "model__learning_rate": 0.29564143732463544, "model__max_depth": 7.78502583727343, "model__n_estimators": 23.822296855255964, "model__reg_lambda": 2.6306615921873377}, "datetime": {"datetime": "2021-03-24 00:30:59", "elapsed": 84.360438, "delta": 1.218223}}
{"target": -0.34065267235998975, "params": {"model__colsample_bylevel": 0.9656922227380891, "model__colsample_bynode": 0.9188692456019678, "model__colsample_bytree": 0.8220102477824214, "model__learning_rate": 0.29275475987635796, "model__max_depth": 7.69174062483314, "model__n_estimators": 28.407708544588566, "model__reg_lambda": 9.919532997647043}, "datetime": {"datetime": "2021-03-24 00:31:00", "elapsed": 85.788732, "delta": 1.428294}}
{"target": -0.34743275896351244, "params": {"model__colsample_bylevel": 0.7998730906476376, "model__colsample_bynode": 0.3103083117991622, "model__colsample_bytree": 0.6466814345268028, "model__learning_rate": 0.29569746701890753, "model__max_depth": 4.1726586137087915, "model__n_estimators": 25.43320496522751, "model__reg_lambda": 0.02346114356233997}, "datetime": {"datetime": "2021-03-24 00:31:01", "elapsed": 86.852169, "delta": 1.063437}}
{"target": -0.3350352167954122, "params": {"model__colsample_bylevel": 0.9798154827212977, "model__colsample_bynode": 0.30603484616752086, "model__colsample_bytree": 0.4882031124142081, "model__learning_rate": 0.2703802568614082, "model__max_depth": 7.955665336849049, "model__n_estimators": 24.398683729351042, "model__reg_lambda": 0.6061276571102825}, "datetime": {"datetime": "2021-03-24 00:31:03", "elapsed": 88.029925, "delta": 1.177756}}
{"target": -0.3310059607747699, "params": {"model__colsample_bylevel": 0.9375383540754039, "model__colsample_bynode": 0.35371766481454914, "model__colsample_bytree": 0.9719801531505539, "model__learning_rate": 0.2963661517359397, "model__max_depth": 2.2507554026170458, "model__n_estimators": 28.589218238364904, "model__reg_lambda": 1.6465726548965554}, "datetime": {"datetime": "2021-03-24 00:31:04", "elapsed": 89.301774, "delta": 1.271849}}
{"target": -0.3506091582997149, "params": {"model__colsample_bylevel": 0.7883600153513868, "model__colsample_bynode": 0.9727121856665986, "model__colsample_bytree": 0.9763905684053953, "model__learning_rate": 0.29192012679027346, "model__max_depth": 5.714819510542936, "model__n_estimators": 29.925745739101195, "model__reg_lambda": 9.847097597943275}, "datetime": {"datetime": "2021-03-24 00:31:05", "elapsed": 90.446855, "delta": 1.145081}}
{"target": -0.32859073051393195, "params": {"model__colsample_bylevel": 0.9166362832913759, "model__colsample_bynode": 0.6072682392569291, "model__colsample_bytree": 0.40539514699660584, "model__learning_rate": 0.2855278879706775, "model__max_depth": 3.176811640473212, "model__n_estimators": 29.96502609908483, "model__reg_lambda": 9.12680210002248}, "datetime": {"datetime": "2021-03-24 00:31:06", "elapsed": 91.614765, "delta": 1.16791}}
{"target": -0.3348309575785896, "params": {"model__colsample_bylevel": 0.9855642771537216, "model__colsample_bynode": 0.38368238403574684, "model__colsample_bytree": 0.8773168465328924, "model__learning_rate": 0.18201503795664026, "model__max_depth": 3.8268621959772497, "model__n_estimators": 29.94919352371857, "model__reg_lambda": 3.687444315191005}, "datetime": {"datetime": "2021-03-24 00:31:08", "elapsed": 92.892795, "delta": 1.27803}}
{"target": -0.39085644453602, "params": {"model__colsample_bylevel": 0.41612494737232686, "model__colsample_bynode": 0.34018457772694843, "model__colsample_bytree": 0.4211365872345227, "model__learning_rate": 0.24235600286397674, "model__max_depth": 3.999810625608762, "model__n_estimators": 27.91559709654181, "model__reg_lambda": 9.871536863070814}, "datetime": {"datetime": "2021-03-24 00:31:09", "elapsed": 94.114725, "delta": 1.22193}}
{"target": -0.3478883557882079, "params": {"model__colsample_bylevel": 0.8935165475339191, "model__colsample_bynode": 1.0, "model__colsample_bytree": 0.9999999815988325, "model__learning_rate": 0.3, "model__max_depth": 4.306209357330966, "model__n_estimators": 20.572383436615276, "model__reg_lambda": 2.503897952420363}, "datetime": {"datetime": "2021-03-24 00:31:10", "elapsed": 95.41409, "delta": 1.299365}}
{"target": -0.3474741403283416, "params": {"model__colsample_bylevel": 0.9999999677897223, "model__colsample_bynode": 0.3, "model__colsample_bytree": 0.3, "model__learning_rate": 0.3, "model__max_depth": 4.593573375607685, "model__n_estimators": 30.0, "model__reg_lambda": 7.409105739677103}, "datetime": {"datetime": "2021-03-24 00:31:11", "elapsed": 96.553227, "delta": 1.139137}}
{"target": -0.3514699485608498, "params": {"model__colsample_bylevel": 0.40666058752590095, "model__colsample_bynode": 0.9977827616280928, "model__colsample_bytree": 0.978206363482248, "model__learning_rate": 0.25386499847969846, "model__max_depth": 2.179986167804787, "model__n_estimators": 29.999262118420404, "model__reg_lambda": 7.740994653702424}, "datetime": {"datetime": "2021-03-24 00:31:12", "elapsed": 97.793045, "delta": 1.239818}}
{"target": -0.35966185180240895, "params": {"model__colsample_bylevel": 0.38996495105702456, "model__colsample_bynode": 0.9954527230149113, "model__colsample_bytree": 0.8023038839756511, "model__learning_rate": 0.29990371745587063, "model__max_depth": 4.337873179031084, "model__n_estimators": 17.719997353142436, "model__reg_lambda": 9.881065225209177}, "datetime": {"datetime": "2021-03-24 00:31:14", "elapsed": 99.067052, "delta": 1.274007}}
{"target": -0.36223275352512363, "params": {"model__colsample_bylevel": 0.8770330786658056, "model__colsample_bynode": 0.4552388315606526, "model__colsample_bytree": 0.8715213860677333, "model__learning_rate": 0.2942104525923416, "model__max_depth": 4.1977241267789696, "model__n_estimators": 22.09446463418679, "model__reg_lambda": 4.344296880842632}, "datetime": {"datetime": "2021-03-24 00:31:15", "elapsed": 100.179605, "delta": 1.112553}}
{"target": -0.3842156112059087, "params": {"model__colsample_bylevel": 0.39487722328550584, "model__colsample_bynode": 0.9999999990260467, "model__colsample_bytree": 0.3, "model__learning_rate": 0.3, "model__max_depth": 3.626947824678085, "model__n_estimators": 21.237786112163203, "model__reg_lambda": 6.94894647434456}, "datetime": {"datetime": "2021-03-24 00:31:16", "elapsed": 101.367577, "delta": 1.187972}}
{"target": -0.32681880970215554, "params": {"model__colsample_bylevel": 0.3498352132950896, "model__colsample_bynode": 0.984223452823441, "model__colsample_bytree": 0.8542224668158092, "model__learning_rate": 0.2866833771174991, "model__max_depth": 3.4098203543649044, "model__n_estimators": 26.51803050872217, "model__reg_lambda": 6.599968187614937}, "datetime": {"datetime": "2021-03-24 00:31:17", "elapsed": 102.505817, "delta": 1.13824}}
{"target": -0.36063311763809647, "params": {"model__colsample_bylevel": 0.999999990522068, "model__colsample_bynode": 0.3, "model__colsample_bytree": 0.3, "model__learning_rate": 0.3, "model__max_depth": 2.2038127972466084, "model__n_estimators": 17.856213596109562, "model__reg_lambda": 0.0}, "datetime": {"datetime": "2021-03-24 00:31:19", "elapsed": 103.99734, "delta": 1.491523}}
{"target": -0.40252889325383345, "params": {"model__colsample_bylevel": 1.0, "model__colsample_bynode": 0.3, "model__colsample_bytree": 0.3, "model__learning_rate": 0.3, "model__max_depth": 8.0, "model__n_estimators": 15.0, "model__reg_lambda": 7.0048492905542235}, "datetime": {"datetime": "2021-03-24 00:31:20", "elapsed": 105.210147, "delta": 1.212807}}
{"target": -0.3482956502508993, "params": {"model__colsample_bylevel": 0.33073235973227766, "model__colsample_bynode": 0.9818548515838, "model__colsample_bytree": 0.6995719234872347, "model__learning_rate": 0.3, "model__max_depth": 5.142846080466478, "model__n_estimators": 19.150069173147333, "model__reg_lambda": 5.502808939203413}, "datetime": {"datetime": "2021-03-24 00:31:21", "elapsed": 106.404088, "delta": 1.193941}}
{"target": -0.338417396142377, "params": {"model__colsample_bylevel": 0.8531945227711895, "model__colsample_bynode": 0.9949555486145449, "model__colsample_bytree": 0.8106320663393172, "model__learning_rate": 0.28815547972506106, "model__max_depth": 7.891445853578188, "model__n_estimators": 22.377003420989, "model__reg_lambda": 7.871918412525783}, "datetime": {"datetime": "2021-03-24 00:31:23", "elapsed": 107.87331, "delta": 1.469222}}
