{"target": -0.3545662110489186, "params": {"model__colsample_bylevel": 0.5798231824380045, "model__colsample_bynode": 0.9899122285696411, "model__colsample_bytree": 0.4774952834387126, "model__learning_rate": 0.25106786479472265, "model__max_depth": 4.436357453829759, "model__n_estimators": 19.72844903945682, "model__reg_lambda": 7.705159221072094}, "datetime": {"datetime": "2021-03-24 00:29:42", "elapsed": 6.890349, "delta": 0.120776}}
{"target": -0.36634750894095375, "params": {"model__colsample_bylevel": 0.6149024037576569, "model__colsample_bynode": 0.7970601762740899, "model__colsample_bytree": 0.4555403075808654, "model__learning_rate": 0.26476738246878556, "model__max_depth": 6.3006447069266285, "model__n_estimators": 22.48861984031197, "model__reg_lambda": 7.91551010046181}, "datetime": {"datetime": "2021-03-24 00:29:42", "elapsed": 7.028338, "delta": 0.137989}}
{"target": -0.3487838772459604, "params": {"model__colsample_bylevel": 0.9437937215686736, "model__colsample_bynode": 0.8511722448868555, "model__colsample_bytree": 0.5084857837350747, "model__learning_rate": 0.24346701302396254, "model__max_depth": 5.690340786662006, "model__n_estimators": 27.619845335231588, "model__reg_lambda": 4.0456797253845265}, "datetime": {"datetime": "2021-03-24 00:29:42", "elapsed": 7.223631, "delta": 0.195293}}
{"target": -0.3490356875462053, "params": {"model__colsample_bylevel": 0.6173529449301774, "model__colsample_bynode": 0.3656352091501882, "model__colsample_bytree": 0.45305055880659917, "model__learning_rate": 0.20586849821836273, "model__max_depth": 5.173197962934258, "model__n_estimators": 25.696146745858105, "model__reg_lambda": 2.863925264426952}, "datetime": {"datetime": "2021-03-24 00:29:42", "elapsed": 7.339476, "delta": 0.115845}}
{"target": -0.4132696405080134, "params": {"model__colsample_bylevel": 0.3812502817792496, "model__colsample_bynode": 0.43107613084910207, "model__colsample_bytree": 0.6036033759584388, "model__learning_rate": 0.13710847453713484, "model__max_depth": 2.7407946095138094, "model__n_estimators": 25.875381462387566, "model__reg_lambda": 9.101677556132595}, "datetime": {"datetime": "2021-03-24 00:29:42", "elapsed": 7.435178, "delta": 0.095702}}
{"target": -0.39277369899648257, "params": {"model__colsample_bylevel": 0.3426383940311504, "model__colsample_bynode": 0.3292770968669983, "model__colsample_bytree": 0.49999974247633633, "model__learning_rate": 0.21592871225493404, "model__max_depth": 7.629568478689846, "model__n_estimators": 23.72527860523467, "model__reg_lambda": 6.7998375849329875}, "datetime": {"datetime": "2021-03-24 00:29:42", "elapsed": 7.542018, "delta": 0.10684}}
{"target": -0.376056637658832, "params": {"model__colsample_bylevel": 1.0, "model__colsample_bynode": 1.0, "model__colsample_bytree": 1.0, "model__learning_rate": 0.3, "model__max_depth": 8.0, "model__n_estimators": 15.0, "model__reg_lambda": 10.0}, "datetime": {"datetime": "2021-03-24 00:29:43", "elapsed": 8.464814, "delta": 0.922796}}
{"target": -0.37044470932577617, "params": {"model__colsample_bylevel": 0.3, "model__colsample_bynode": 0.3, "model__colsample_bytree": 0.3, "model__learning_rate": 0.3, "model__max_depth": 8.0, "model__n_estimators": 30.0, "model__reg_lambda": 10.0}, "datetime": {"datetime": "2021-03-24 00:29:44", "elapsed": 9.13176, "delta": 0.666946}}
{"target": -0.3492416260291592, "params": {"model__colsample_bylevel": 0.3, "model__colsample_bynode": 1.0, "model__colsample_bytree": 1.0, "model__learning_rate": 0.3, "model__max_depth": 2.0, "model__n_estimators": 30.0, "model__reg_lambda": 10.0}, "datetime": {"datetime": "2021-03-24 00:29:45", "elapsed": 9.912433, "delta": 0.780673}}
{"target": -0.320604720580319, "params": {"model__colsample_bylevel": 0.9130628594206314, "model__colsample_bynode": 0.32485332805835254, "model__colsample_bytree": 0.7477013220676845, "model__learning_rate": 0.2635102869816939, "model__max_depth": 2.7119357822999253, "model__n_estimators": 29.808711947177464, "model__reg_lambda": 0.5090530001463611}, "datetime": {"datetime": "2021-03-24 00:29:45", "elapsed": 10.63135, "delta": 0.718917}}
{"target": -0.4022964686809945, "params": {"model__colsample_bylevel": 1.0, "model__colsample_bynode": 1.0, "model__colsample_bytree": 1.0, "model__learning_rate": 0.3, "model__max_depth": 8.0, "model__n_estimators": 20.16886074320519, "model__reg_lambda": 0.0}, "datetime": {"datetime": "2021-03-24 00:29:46", "elapsed": 11.479311, "delta": 0.847961}}
{"target": -0.3631680711590941, "params": {"model__colsample_bylevel": 0.487171762167535, "model__colsample_bynode": 0.9595642917384275, "model__colsample_bytree": 0.9374039801383962, "model__learning_rate": 0.2501042498860565, "model__max_depth": 3.353648154363678, "model__n_estimators": 22.72308545719354, "model__reg_lambda": 9.971297381116791}, "datetime": {"datetime": "2021-03-24 00:29:47", "elapsed": 12.092609, "delta": 0.613298}}
{"target": -0.3592918217870528, "params": {"model__colsample_bylevel": 1.0, "model__colsample_bynode": 1.0, "model__colsample_bytree": 1.0, "model__learning_rate": 0.3, "model__max_depth": 8.0, "model__n_estimators": 19.765145588293358, "model__reg_lambda": 10.0}, "datetime": {"datetime": "2021-03-24 00:29:48", "elapsed": 13.000146, "delta": 0.907537}}
{"target": -0.39822128796815004, "params": {"model__colsample_bylevel": 0.3, "model__colsample_bynode": 1.0, "model__colsample_bytree": 1.0, "model__learning_rate": 0.3, "model__max_depth": 2.0, "model__n_estimators": 15.0, "model__reg_lambda": 10.0}, "datetime": {"datetime": "2021-03-24 00:29:48", "elapsed": 13.668279, "delta": 0.668133}}
{"target": -0.37165879958994225, "params": {"model__colsample_bylevel": 0.3835294470478322, "model__colsample_bynode": 0.4020294118806308, "model__colsample_bytree": 0.45354193251361674, "model__learning_rate": 0.2874359702556817, "model__max_depth": 7.768464636915925, "model__n_estimators": 29.884314188032548, "model__reg_lambda": 3.8695444668090873}, "datetime": {"datetime": "2021-03-24 00:29:49", "elapsed": 14.540936, "delta": 0.872657}}
{"target": -0.3548025565090306, "params": {"model__colsample_bylevel": 1.0, "model__colsample_bynode": 0.3, "model__colsample_bytree": 1.0, "model__learning_rate": 0.3, "model__max_depth": 2.0, "model__n_estimators": 15.0, "model__reg_lambda": 0.0}, "datetime": {"datetime": "2021-03-24 00:29:50", "elapsed": 15.234782, "delta": 0.693846}}
{"target": -0.3600226207130143, "params": {"model__colsample_bylevel": 0.9477762491044883, "model__colsample_bynode": 0.7896676317697369, "model__colsample_bytree": 0.9468251677111914, "model__learning_rate": 0.29821615592595596, "model__max_depth": 7.386052236325378, "model__n_estimators": 15.090847723971434, "model__reg_lambda": 5.726449086720105}, "datetime": {"datetime": "2021-03-24 00:29:51", "elapsed": 16.034516, "delta": 0.799734}}
{"target": -0.3603672711586114, "params": {"model__colsample_bylevel": 0.3, "model__colsample_bynode": 0.3, "model__colsample_bytree": 1.0, "model__learning_rate": 0.3, "model__max_depth": 8.0, "model__n_estimators": 26.153118414108626, "model__reg_lambda": 0.0}, "datetime": {"datetime": "2021-03-24 00:29:51", "elapsed": 16.748723, "delta": 0.714207}}
{"target": -0.3488594669544988, "params": {"model__colsample_bylevel": 0.976551689026907, "model__colsample_bynode": 0.33479580692458366, "model__colsample_bytree": 0.8855189830688641, "model__learning_rate": 0.18222404468685735, "model__max_depth": 4.345696959556872, "model__n_estimators": 29.903017441555072, "model__reg_lambda": 9.801451063588338}, "datetime": {"datetime": "2021-03-24 00:29:52", "elapsed": 17.520488, "delta": 0.771765}}
{"target": -0.33418250866942917, "params": {"model__colsample_bylevel": 0.3, "model__colsample_bynode": 0.3, "model__colsample_bytree": 1.0, "model__learning_rate": 0.3, "model__max_depth": 2.954435800782774, "model__n_estimators": 30.0, "model__reg_lambda": 6.766604752573064}, "datetime": {"datetime": "2021-03-24 00:29:53", "elapsed": 18.240843, "delta": 0.720355}}
{"target": -0.32490333758127554, "params": {"model__colsample_bylevel": 0.9929523295809367, "model__colsample_bynode": 0.3, "model__colsample_bytree": 0.3, "model__learning_rate": 0.3, "model__max_depth": 4.607244218774496, "model__n_estimators": 30.0, "model__reg_lambda": 0.0}, "datetime": {"datetime": "2021-03-24 00:29:54", "elapsed": 19.00172, "delta": 0.760877}}
{"target": -0.3230589022529666, "params": {"model__colsample_bylevel": 0.30633100360000926, "model__colsample_bynode": 0.3473805069853037, "model__colsample_bytree": 0.9779211494383857, "model__learning_rate": 0.2935224367511168, "model__max_depth": 4.872728305874096, "model__n_estimators": 29.530222982817047, "model__reg_lambda": 0.10876865713292716}, "datetime": {"datetime": "2021-03-24 00:29:54", "elapsed": 19.671307, "delta": 0.669587}}
{"target": -0.337797658141041, "params": {"model__colsample_bylevel": 0.9248228489407695, "model__colsample_bynode": 0.8235716218107865, "model__colsample_bytree": 0.9581259694084243, "model__learning_rate": 0.28416062555785937, "model__max_depth": 7.582259638824882, "model__n_estimators": 29.256942360384627, "model__reg_lambda": 7.8207608557750525}, "datetime": {"datetime": "2021-03-24 00:29:55", "elapsed": 20.587565, "delta": 0.916258}}
{"target": -0.34543198021297494, "params": {"model__colsample_bylevel": 1.0, "model__colsample_bynode": 1.0, "model__colsample_bytree": 1.0, "model__learning_rate": 0.3, "model__max_depth": 8.0, "model__n_estimators": 26.445070656692046, "model__reg_lambda": 9.260318717530875}, "datetime": {"datetime": "2021-03-24 00:29:56", "elapsed": 21.530749, "delta": 0.943184}}
{"target": -0.3489366666177639, "params": {"model__colsample_bylevel": 0.3, "model__colsample_bynode": 0.9682734234634783, "model__colsample_bytree": 0.6007403207071926, "model__learning_rate": 0.3, "model__max_depth": 5.348237195177331, "model__n_estimators": 29.741152512908357, "model__reg_lambda": 9.569999087158294}, "datetime": {"datetime": "2021-03-24 00:29:57", "elapsed": 22.338531, "delta": 0.807782}}
{"target": -0.3480356300843582, "params": {"model__colsample_bylevel": 0.3, "model__colsample_bynode": 1.0, "model__colsample_bytree": 1.0, "model__learning_rate": 0.3, "model__max_depth": 8.0, "model__n_estimators": 23.02902227998421, "model__reg_lambda": 10.0}, "datetime": {"datetime": "2021-03-24 00:29:58", "elapsed": 23.104225, "delta": 0.765694}}
{"target": -0.3368060709955002, "params": {"model__colsample_bylevel": 0.9182706588839686, "model__colsample_bynode": 0.3973975161020334, "model__colsample_bytree": 0.564163443629216, "model__learning_rate": 0.2904070425415024, "model__max_depth": 4.672951214896561, "model__n_estimators": 22.909544888549345, "model__reg_lambda": 0.3067787379494802}, "datetime": {"datetime": "2021-03-24 00:29:58", "elapsed": 23.788953, "delta": 0.684728}}
{"target": -0.35576026287196416, "params": {"model__colsample_bylevel": 0.7365700162766111, "model__colsample_bynode": 1.0, "model__colsample_bytree": 1.0, "model__learning_rate": 0.3, "model__max_depth": 6.50291093176631, "model__n_estimators": 21.021029283210897, "model__reg_lambda": 4.449422930032046}, "datetime": {"datetime": "2021-03-24 00:29:59", "elapsed": 24.723856, "delta": 0.934903}}
{"target": -0.34210016444811353, "params": {"model__colsample_bylevel": 0.3, "model__colsample_bynode": 1.0, "model__colsample_bytree": 1.0, "model__learning_rate": 0.3, "model__max_depth": 4.620632357581331, "model__n_estimators": 15.0, "model__reg_lambda": 4.558233849572778}, "datetime": {"datetime": "2021-03-24 00:30:00", "elapsed": 25.551877, "delta": 0.828021}}
{"target": -0.33769836830737854, "params": {"model__colsample_bylevel": 0.4241586433068304, "model__colsample_bynode": 0.8015921475485657, "model__colsample_bytree": 0.9821999207330137, "model__learning_rate": 0.19329862201788944, "model__max_depth": 2.7404168937472173, "model__n_estimators": 29.80120282930391, "model__reg_lambda": 3.262647353003892}, "datetime": {"datetime": "2021-03-24 00:30:01", "elapsed": 26.357159, "delta": 0.805282}}
{"target": -0.39085171292455817, "params": {"model__colsample_bylevel": 1.0, "model__colsample_bynode": 1.0, "model__colsample_bytree": 1.0, "model__learning_rate": 0.3, "model__max_depth": 4.140614661491683, "model__n_estimators": 18.848203526026733, "model__reg_lambda": 0.0}, "datetime": {"datetime": "2021-03-24 00:30:02", "elapsed": 27.269084, "delta": 0.911925}}
{"target": -0.3721427911933025, "params": {"model__colsample_bylevel": 0.46752412306958774, "model__colsample_bynode": 0.3662071996087928, "model__colsample_bytree": 0.8528978222408361, "model__learning_rate": 0.24667016488290242, "model__max_depth": 5.088646393445951, "model__n_estimators": 15.213783543936543, "model__reg_lambda": 0.6820368391452669}, "datetime": {"datetime": "2021-03-24 00:30:03", "elapsed": 27.888527, "delta": 0.619443}}
{"target": -0.3864874109738857, "params": {"model__colsample_bylevel": 0.3, "model__colsample_bynode": 0.3, "model__colsample_bytree": 0.3, "model__learning_rate": 0.3, "model__max_depth": 8.0, "model__n_estimators": 17.790214478561253, "model__reg_lambda": 0.14737526302539233}, "datetime": {"datetime": "2021-03-24 00:30:03", "elapsed": 28.648245, "delta": 0.759718}}
{"target": -0.34190358968666307, "params": {"model__colsample_bylevel": 0.991081140091284, "model__colsample_bynode": 0.9906817634405392, "model__colsample_bytree": 0.7023326391215177, "model__learning_rate": 0.2919082435286712, "model__max_depth": 3.3878968078952134, "model__n_estimators": 27.926447452639913, "model__reg_lambda": 0.11502386352302496}, "datetime": {"datetime": "2021-03-24 00:30:04", "elapsed": 29.479097, "delta": 0.830852}}
{"target": -0.373903220999932, "params": {"model__colsample_bylevel": 0.3, "model__colsample_bynode": 0.4182636824003748, "model__colsample_bytree": 1.0, "model__learning_rate": 0.3, "model__max_depth": 2.729036850922623, "model__n_estimators": 19.09987970779635, "model__reg_lambda": 10.0}, "datetime": {"datetime": "2021-03-24 00:30:05", "elapsed": 30.323271, "delta": 0.844174}}
{"target": -0.340821565296231, "params": {"model__colsample_bylevel": 0.3, "model__colsample_bynode": 0.3, "model__colsample_bytree": 1.0, "model__learning_rate": 0.3, "model__max_depth": 6.882239514378382, "model__n_estimators": 27.115630453057157, "model__reg_lambda": 9.437200994298754}, "datetime": {"datetime": "2021-03-24 00:30:06", "elapsed": 31.020631, "delta": 0.69736}}
{"target": -0.32812437932378197, "params": {"model__colsample_bylevel": 1.0, "model__colsample_bynode": 0.3, "model__colsample_bytree": 1.0, "model__learning_rate": 0.3, "model__max_depth": 3.950000534507985, "model__n_estimators": 21.657800419932112, "model__reg_lambda": 2.7220059118906916}, "datetime": {"datetime": "2021-03-24 00:30:06", "elapsed": 31.721347, "delta": 0.700716}}
{"target": -0.3739680347910178, "params": {"model__colsample_bylevel": 0.9598833865558272, "model__colsample_bynode": 0.4967552559456042, "model__colsample_bytree": 0.9196298848179145, "model__learning_rate": 0.2766409779033976, "model__max_depth": 5.083680020270314, "model__n_estimators": 15.0906777988625, "model__reg_lambda": 9.980095174278103}, "datetime": {"datetime": "2021-03-24 00:30:07", "elapsed": 32.444608, "delta": 0.723261}}
{"target": -0.35309185485989936, "params": {"model__colsample_bylevel": 1.0, "model__colsample_bynode": 1.0, "model__colsample_bytree": 1.0, "model__learning_rate": 0.3, "model__max_depth": 3.949139207963492, "model__n_estimators": 27.232918736132795, "model__reg_lambda": 10.0}, "datetime": {"datetime": "2021-03-24 00:30:08", "elapsed": 33.305215, "delta": 0.860607}}
{"target": -0.35612574908201183, "params": {"model__colsample_bylevel": 0.9999999993620529, "model__colsample_bynode": 1.0, "model__colsample_bytree": 1.0, "model__learning_rate": 0.3, "model__max_depth": 2.8953637455299677, "model__n_estimators": 30.0, "model__reg_lambda": 0.0}, "datetime": {"datetime": "2021-03-24 00:30:09", "elapsed": 34.200657, "delta": 0.895442}}
{"target": -0.39082550013752526, "params": {"model__colsample_bylevel": 1.0, "model__colsample_bynode": 0.3, "model__colsample_bytree": 1.0, "model__learning_rate": 0.3, "model__max_depth": 8.0, "model__n_estimators": 29.224760508774104, "model__reg_lambda": 2.2458165466191703e-09}, "datetime": {"datetime": "2021-03-24 00:30:10", "elapsed": 34.927615, "delta": 0.726958}}
{"target": -0.3951751460515273, "params": {"model__colsample_bylevel": 0.49152636767499613, "model__colsample_bynode": 0.7960918455689645, "model__colsample_bytree": 0.9949140832579961, "model__learning_rate": 0.2886002996072611, "model__max_depth": 7.830062881879844, "model__n_estimators": 15.297753238877231, "model__reg_lambda": 0.311134957181054}, "datetime": {"datetime": "2021-03-24 00:30:10", "elapsed": 35.685206, "delta": 0.757591}}
{"target": -0.3322505397064125, "params": {"model__colsample_bylevel": 0.3941677419883143, "model__colsample_bynode": 0.7026718974479732, "model__colsample_bytree": 0.9707517652051809, "model__learning_rate": 0.29407949209502365, "model__max_depth": 5.057777752633919, "model__n_estimators": 29.903368551656897, "model__reg_lambda": 3.899811377240546}, "datetime": {"datetime": "2021-03-24 00:30:11", "elapsed": 36.428235, "delta": 0.743029}}
{"target": -0.3329726304359518, "params": {"model__colsample_bylevel": 0.7645756887233347, "model__colsample_bynode": 0.7236924986920394, "model__colsample_bytree": 0.6140324796593024, "model__learning_rate": 0.29965817780223003, "model__max_depth": 7.956080967884862, "model__n_estimators": 25.37150216327332, "model__reg_lambda": 3.703874783519799}, "datetime": {"datetime": "2021-03-24 00:30:12", "elapsed": 37.239913, "delta": 0.811678}}
{"target": -0.35430774701408285, "params": {"model__colsample_bylevel": 1.0, "model__colsample_bynode": 1.0, "model__colsample_bytree": 0.8057865348686115, "model__learning_rate": 0.3, "model__max_depth": 3.962371859722169, "model__n_estimators": 20.41976347786964, "model__reg_lambda": 9.581743932163178}, "datetime": {"datetime": "2021-03-24 00:30:13", "elapsed": 38.164598, "delta": 0.924685}}
{"target": -0.3532480659992502, "params": {"model__colsample_bylevel": 0.3076137405611412, "model__colsample_bynode": 0.42248259268655486, "model__colsample_bytree": 0.6930968397235231, "model__learning_rate": 0.21756793857410117, "model__max_depth": 2.0871882516327203, "model__n_estimators": 29.83448294960522, "model__reg_lambda": 0.33552157552853346}, "datetime": {"datetime": "2021-03-24 00:30:14", "elapsed": 38.883858, "delta": 0.71926}}
{"target": -0.34750319874568747, "params": {"model__colsample_bylevel": 0.3, "model__colsample_bynode": 0.9999999808062912, "model__colsample_bytree": 1.0, "model__learning_rate": 0.3, "model__max_depth": 5.132440386384307, "model__n_estimators": 21.924032713959374, "model__reg_lambda": 9.012034698061736}, "datetime": {"datetime": "2021-03-24 00:30:15", "elapsed": 39.877965, "delta": 0.994107}}
{"target": -0.35478798004299184, "params": {"model__colsample_bylevel": 0.9237900195848436, "model__colsample_bynode": 0.35714861702683154, "model__colsample_bytree": 0.8975235252492593, "model__learning_rate": 0.21407666743156073, "model__max_depth": 2.079230691085069, "model__n_estimators": 29.885349497807525, "model__reg_lambda": 4.446108409779236}, "datetime": {"datetime": "2021-03-24 00:30:16", "elapsed": 40.948883, "delta": 1.070918}}
{"target": -0.3637317246784443, "params": {"model__colsample_bylevel": 0.3, "model__colsample_bynode": 1.0, "model__colsample_bytree": 1.0, "model__learning_rate": 0.3, "model__max_depth": 5.459215066060065, "model__n_estimators": 15.481403658413209, "model__reg_lambda": 8.309917140977205}, "datetime": {"datetime": "2021-03-24 00:30:17", "elapsed": 41.945154, "delta": 0.996271}}
{"target": -0.34714271961913806, "params": {"model__colsample_bylevel": 0.7779314845048553, "model__colsample_bynode": 0.3700125999851554, "model__colsample_bytree": 0.3590608773179752, "model__learning_rate": 0.2995439691223508, "model__max_depth": 7.973203948188985, "model__n_estimators": 28.044422533386253, "model__reg_lambda": 6.94536866185516}, "datetime": {"datetime": "2021-03-24 00:30:18", "elapsed": 43.261791, "delta": 1.316637}}
{"target": -0.3360706312916802, "params": {"model__colsample_bylevel": 0.9034299088195401, "model__colsample_bynode": 0.3686989404381235, "model__colsample_bytree": 0.3179536635043755, "model__learning_rate": 0.277958648229369, "model__max_depth": 4.968909799091646, "model__n_estimators": 29.72818907755407, "model__reg_lambda": 1.8994961611550332}, "datetime": {"datetime": "2021-03-24 00:30:19", "elapsed": 44.534148, "delta": 1.272357}}
{"target": -0.33283083322727924, "params": {"model__colsample_bylevel": 0.35024654976303304, "model__colsample_bynode": 0.9464635393700602, "model__colsample_bytree": 0.36710735665555383, "model__learning_rate": 0.2895663497672182, "model__max_depth": 7.44757426462885, "model__n_estimators": 28.106745777958793, "model__reg_lambda": 1.0857104568632314}, "datetime": {"datetime": "2021-03-24 00:30:20", "elapsed": 45.606608, "delta": 1.07246}}
{"target": -0.3160520822386783, "params": {"model__colsample_bylevel": 0.32109225961009513, "model__colsample_bynode": 0.4174144628936594, "model__colsample_bytree": 0.9273894932675966, "model__learning_rate": 0.29531501433161433, "model__max_depth": 4.919668057984409, "model__n_estimators": 22.86727256791545, "model__reg_lambda": 2.4618210459982883}, "datetime": {"datetime": "2021-03-24 00:30:21", "elapsed": 46.697389, "delta": 1.090781}}
{"target": -0.324724181076559, "params": {"model__colsample_bylevel": 0.8372818469641539, "model__colsample_bynode": 0.4042691550582962, "model__colsample_bytree": 0.3675485250678422, "model__learning_rate": 0.2775383456051329, "model__max_depth": 5.091579579445686, "model__n_estimators": 27.34165880827056, "model__reg_lambda": 0.03719984125087672}, "datetime": {"datetime": "2021-03-24 00:30:22", "elapsed": 47.777713, "delta": 1.080324}}
