{"target": -0.33405924558072636, "params": {"model__colsample_bylevel": 0.41854437435364444, "model__colsample_bynode": 0.9848967406132205, "model__colsample_bytree": 0.5398640391581031, "model__learning_rate": 0.21652547810525152, "model__max_depth": 7.972313870338684, "model__n_estimators": 26.209043356960716, "model__reg_lambda": 1.3008883423711481}, "datetime": {"datetime": "2021-03-24 00:32:32", "elapsed": 177.411616, "delta": 1.17235}}
{"target": -0.3476467477650368, "params": {"model__colsample_bylevel": 0.45142134771870346, "model__colsample_bynode": 0.4323154622746888, "model__colsample_bytree": 0.45324500800325246, "model__learning_rate": 0.2975289916913517, "model__max_depth": 7.803717371314114, "model__n_estimators": 26.95733012010296, "model__reg_lambda": 4.611382815506709}, "datetime": {"datetime": "2021-03-24 00:32:34", "elapsed": 178.920704, "delta": 1.509088}}
{"target": -0.3724013579307475, "params": {"model__colsample_bylevel": 0.3, "model__colsample_bynode": 1.0, "model__colsample_bytree": 0.3, "model__learning_rate": 0.3, "model__max_depth": 2.0, "model__n_estimators": 15.0, "model__reg_lambda": 0.0}, "datetime": {"datetime": "2021-03-24 00:32:35", "elapsed": 180.297611, "delta": 1.376907}}
{"target": -0.3266691746261051, "params": {"model__colsample_bylevel": 0.8706250009329164, "model__colsample_bynode": 0.32951140205545115, "model__colsample_bytree": 0.7231838213233209, "model__learning_rate": 0.2974969141228903, "model__max_depth": 6.8422019738774065, "model__n_estimators": 28.061544579001556, "model__reg_lambda": 5.942434286828084}, "datetime": {"datetime": "2021-03-24 00:32:36", "elapsed": 181.69427, "delta": 1.396659}}
{"target": -0.3365304504228887, "params": {"model__colsample_bylevel": 0.5604151984564897, "model__colsample_bynode": 0.7159495972968308, "model__colsample_bytree": 0.989445979926193, "model__learning_rate": 0.2986223266875513, "model__max_depth": 6.292717790682847, "model__n_estimators": 26.95238553505272, "model__reg_lambda": 0.30768372101593666}, "datetime": {"datetime": "2021-03-24 00:32:38", "elapsed": 183.162227, "delta": 1.467957}}
{"target": -0.34108257484672916, "params": {"model__colsample_bylevel": 0.9064342588017653, "model__colsample_bynode": 0.545475441213048, "model__colsample_bytree": 0.37512151495335927, "model__learning_rate": 0.2795337942133024, "model__max_depth": 7.883498083990835, "model__n_estimators": 22.28633143483932, "model__reg_lambda": 0.1366081931680163}, "datetime": {"datetime": "2021-03-24 00:32:39", "elapsed": 184.407029, "delta": 1.244802}}
{"target": -0.3519500178149969, "params": {"model__colsample_bylevel": 1.0, "model__colsample_bynode": 0.3, "model__colsample_bytree": 1.0, "model__learning_rate": 0.3, "model__max_depth": 4.534399219871801, "model__n_estimators": 19.22414126399234, "model__reg_lambda": 8.481268468668873}, "datetime": {"datetime": "2021-03-24 00:32:40", "elapsed": 185.830509, "delta": 1.42348}}
{"target": -0.3418257084297205, "params": {"model__colsample_bylevel": 0.31685447662620636, "model__colsample_bynode": 0.9062959509570583, "model__colsample_bytree": 0.9944488552473254, "model__learning_rate": 0.18467771991102952, "model__max_depth": 7.870882946151245, "model__n_estimators": 29.568324159014523, "model__reg_lambda": 6.4192761302436505}, "datetime": {"datetime": "2021-03-24 00:32:42", "elapsed": 186.948532, "delta": 1.118023}}
{"target": -0.3484168703804481, "params": {"model__colsample_bylevel": 0.7946060478929253, "model__colsample_bynode": 0.9175868876735205, "model__colsample_bytree": 0.31962820677145404, "model__learning_rate": 0.2964931252384957, "model__max_depth": 5.9482776213596935, "model__n_estimators": 21.029962042275823, "model__reg_lambda": 0.05286306482976122}, "datetime": {"datetime": "2021-03-24 00:32:43", "elapsed": 188.427088, "delta": 1.478556}}
{"target": -0.3429714683348826, "params": {"model__colsample_bylevel": 0.9941144568390112, "model__colsample_bynode": 0.32916178949794794, "model__colsample_bytree": 0.6587789132479199, "model__learning_rate": 0.29679222263133254, "model__max_depth": 4.082476979223755, "model__n_estimators": 27.649340145650257, "model__reg_lambda": 7.529792223818194}, "datetime": {"datetime": "2021-03-24 00:32:45", "elapsed": 189.958636, "delta": 1.531548}}
{"target": -0.338105168937962, "params": {"model__colsample_bylevel": 0.7633925504651118, "model__colsample_bynode": 0.9601921488653613, "model__colsample_bytree": 0.9418028928853717, "model__learning_rate": 0.2582741491548013, "model__max_depth": 3.3628065826131697, "model__n_estimators": 22.033039313000042, "model__reg_lambda": 2.6910403306037676}, "datetime": {"datetime": "2021-03-24 00:32:46", "elapsed": 191.147837, "delta": 1.189201}}
{"target": -0.3520927612734722, "params": {"model__colsample_bylevel": 0.9999999933208268, "model__colsample_bynode": 0.3824189595088534, "model__colsample_bytree": 0.999999995169835, "model__learning_rate": 0.2999999963202264, "model__max_depth": 5.033743515158835, "model__n_estimators": 29.968281710587885, "model__reg_lambda": 0.7669089475414828}, "datetime": {"datetime": "2021-03-24 00:32:47", "elapsed": 192.756733, "delta": 1.608896}}
{"target": -0.3656913882688336, "params": {"model__colsample_bylevel": 1.0, "model__colsample_bynode": 0.3, "model__colsample_bytree": 1.0, "model__learning_rate": 0.3, "model__max_depth": 2.9293557708257336, "model__n_estimators": 15.00000000122611, "model__reg_lambda": 4.829681284572101}, "datetime": {"datetime": "2021-03-24 00:32:49", "elapsed": 194.264692, "delta": 1.507959}}
{"target": -0.37753549232889994, "params": {"model__colsample_bylevel": 0.3, "model__colsample_bynode": 0.31854674656141757, "model__colsample_bytree": 0.45596974540835616, "model__learning_rate": 0.1000000003182443, "model__max_depth": 4.100104295348235, "model__n_estimators": 27.820560871377378, "model__reg_lambda": 5.925714464053942e-10}, "datetime": {"datetime": "2021-03-24 00:32:50", "elapsed": 195.726709, "delta": 1.462017}}
{"target": -0.31173977321448254, "params": {"model__colsample_bylevel": 0.7752757149611098, "model__colsample_bynode": 0.4059433810621111, "model__colsample_bytree": 0.99315163275007, "model__learning_rate": 0.29475366274905623, "model__max_depth": 2.2369597616524084, "model__n_estimators": 28.714277669137253, "model__reg_lambda": 0.07287841481967372}, "datetime": {"datetime": "2021-03-24 00:32:52", "elapsed": 197.137647, "delta": 1.410938}}
{"target": -0.34661500275681684, "params": {"model__colsample_bylevel": 0.9771077637057493, "model__colsample_bynode": 0.5726558875376782, "model__colsample_bytree": 0.8053200546230153, "model__learning_rate": 0.28705052605284437, "model__max_depth": 4.828039764135189, "model__n_estimators": 28.315957275215485, "model__reg_lambda": 2.4613508710693144}, "datetime": {"datetime": "2021-03-24 00:32:53", "elapsed": 198.651392, "delta": 1.513745}}
{"target": -0.33629340615825376, "params": {"model__colsample_bylevel": 0.9078753350634201, "model__colsample_bynode": 0.4155880561712144, "model__colsample_bytree": 0.9844453756684433, "model__learning_rate": 0.259335170580856, "model__max_depth": 7.772055805604796, "model__n_estimators": 26.336664354088512, "model__reg_lambda": 9.967265854124376}, "datetime": {"datetime": "2021-03-24 00:32:55", "elapsed": 200.019975, "delta": 1.368583}}
{"target": -0.38652721397187284, "params": {"model__colsample_bylevel": 0.3, "model__colsample_bynode": 0.9999999994512773, "model__colsample_bytree": 0.3000000005487228, "model__learning_rate": 0.3, "model__max_depth": 5.18213762727066, "model__n_estimators": 20.199096429928336, "model__reg_lambda": 3.852906014252985}, "datetime": {"datetime": "2021-03-24 00:32:56", "elapsed": 201.441984, "delta": 1.422009}}
{"target": -0.36029139592023773, "params": {"model__colsample_bylevel": 0.962618226061758, "model__colsample_bynode": 0.3, "model__colsample_bytree": 1.0, "model__learning_rate": 0.3, "model__max_depth": 3.8905110047935363, "model__n_estimators": 22.670656816067495, "model__reg_lambda": 1.506644681692524}, "datetime": {"datetime": "2021-03-24 00:32:57", "elapsed": 202.61749, "delta": 1.175506}}
{"target": -0.35142249249940927, "params": {"model__colsample_bylevel": 0.8228955849675521, "model__colsample_bynode": 0.38287223229058054, "model__colsample_bytree": 0.30912068976899376, "model__learning_rate": 0.2717138351540135, "model__max_depth": 7.859801336645217, "model__n_estimators": 15.154590452307257, "model__reg_lambda": 0.188374608322045}, "datetime": {"datetime": "2021-03-24 00:32:59", "elapsed": 204.092559, "delta": 1.475069}}
{"target": -0.31438362401980985, "params": {"model__colsample_bylevel": 0.5893413321023753, "model__colsample_bynode": 0.9645858923054438, "model__colsample_bytree": 0.9951239748716123, "model__learning_rate": 0.2569956654183335, "model__max_depth": 3.103880763344674, "model__n_estimators": 29.92364788013974, "model__reg_lambda": 5.145947015826801}, "datetime": {"datetime": "2021-03-24 00:33:00", "elapsed": 205.444057, "delta": 1.351498}}
{"target": -0.33214070908624027, "params": {"model__colsample_bylevel": 0.9992945972451288, "model__colsample_bynode": 0.9181486666110641, "model__colsample_bytree": 0.30008358788800255, "model__learning_rate": 0.2006753386017986, "model__max_depth": 7.445224521996328, "model__n_estimators": 28.569642098185398, "model__reg_lambda": 0.2958969809654466}, "datetime": {"datetime": "2021-03-24 00:33:01", "elapsed": 206.759866, "delta": 1.315809}}
{"target": -0.3223270684244462, "params": {"model__colsample_bylevel": 0.3, "model__colsample_bynode": 0.9999999990407537, "model__colsample_bytree": 1.0, "model__learning_rate": 0.3, "model__max_depth": 6.883300098240476, "model__n_estimators": 22.56811571704179, "model__reg_lambda": 6.190250215667634}, "datetime": {"datetime": "2021-03-24 00:33:03", "elapsed": 208.084977, "delta": 1.325111}}
{"target": -0.34829317422455475, "params": {"model__colsample_bylevel": 0.8188944001867737, "model__colsample_bynode": 0.9999999972611832, "model__colsample_bytree": 0.9848624860554143, "model__learning_rate": 0.3, "model__max_depth": 5.2714907413083605, "model__n_estimators": 16.75202765445852, "model__reg_lambda": 5.338051464428176}, "datetime": {"datetime": "2021-03-24 00:33:04", "elapsed": 209.339407, "delta": 1.25443}}
{"target": -0.3342886965573374, "params": {"model__colsample_bylevel": 0.9641720780837602, "model__colsample_bynode": 0.3524981097360912, "model__colsample_bytree": 0.9942366873822681, "model__learning_rate": 0.2973400047785091, "model__max_depth": 7.960276314578232, "model__n_estimators": 23.97213133681643, "model__reg_lambda": 4.449637559677095}, "datetime": {"datetime": "2021-03-24 00:33:05", "elapsed": 210.437815, "delta": 1.098408}}
{"target": -0.31539491872755354, "params": {"model__colsample_bylevel": 0.3109208509900693, "model__colsample_bynode": 0.9979409003054991, "model__colsample_bytree": 0.30084997063231816, "model__learning_rate": 0.2972651999951031, "model__max_depth": 4.793142733415416, "model__n_estimators": 29.836136556324767, "model__reg_lambda": 0.17815897079727083}, "datetime": {"datetime": "2021-03-24 00:33:06", "elapsed": 211.727583, "delta": 1.289768}}
{"target": -0.35062883081542245, "params": {"model__colsample_bylevel": 0.8878522244373115, "model__colsample_bynode": 0.9221390397523967, "model__colsample_bytree": 0.50439266297466, "model__learning_rate": 0.2761641509161758, "model__max_depth": 3.2895724984320633, "model__n_estimators": 29.955550294387756, "model__reg_lambda": 9.898630258278295}, "datetime": {"datetime": "2021-03-24 00:33:08", "elapsed": 213.116983, "delta": 1.3894}}
{"target": -0.3419297414882433, "params": {"model__colsample_bylevel": 0.9994711595101007, "model__colsample_bynode": 0.9693718127260624, "model__colsample_bytree": 0.9491571966306449, "model__learning_rate": 0.2977320218135363, "model__max_depth": 3.462793614904027, "model__n_estimators": 16.77328034822456, "model__reg_lambda": 2.687386668579191}, "datetime": {"datetime": "2021-03-24 00:33:09", "elapsed": 214.518259, "delta": 1.401276}}
{"target": -0.3316601960734208, "params": {"model__colsample_bylevel": 0.30000000006714345, "model__colsample_bynode": 0.9999999999328566, "model__colsample_bytree": 0.4028192142876179, "model__learning_rate": 0.3, "model__max_depth": 5.799284063003274, "model__n_estimators": 15.000000001253259, "model__reg_lambda": 1.268392322800767}, "datetime": {"datetime": "2021-03-24 00:33:11", "elapsed": 215.989785, "delta": 1.471526}}
{"target": -0.34467036837941384, "params": {"model__colsample_bylevel": 0.30000000045455755, "model__colsample_bynode": 1.0, "model__colsample_bytree": 0.3, "model__learning_rate": 0.1, "model__max_depth": 7.9999999999234985, "model__n_estimators": 30.0, "model__reg_lambda": 0.0}, "datetime": {"datetime": "2021-03-24 00:33:12", "elapsed": 217.355333, "delta": 1.365548}}
{"target": -0.3425304360788119, "params": {"model__colsample_bylevel": 0.3, "model__colsample_bynode": 0.3713062312329055, "model__colsample_bytree": 0.3, "model__learning_rate": 0.2878699176494854, "model__max_depth": 4.608574271468084, "model__n_estimators": 21.972558097442278, "model__reg_lambda": 0.01504096654934253}, "datetime": {"datetime": "2021-03-24 00:33:14", "elapsed": 218.907125, "delta": 1.551792}}
{"target": -0.3522106854616246, "params": {"model__colsample_bylevel": 1.0, "model__colsample_bynode": 1.0, "model__colsample_bytree": 0.3, "model__learning_rate": 0.3, "model__max_depth": 8.0, "model__n_estimators": 30.0, "model__reg_lambda": 10.0}, "datetime": {"datetime": "2021-03-24 00:33:15", "elapsed": 220.305984, "delta": 1.398859}}
{"target": -0.36267457025098626, "params": {"model__colsample_bylevel": 1.0, "model__colsample_bynode": 0.3, "model__colsample_bytree": 1.0, "model__learning_rate": 0.3, "model__max_depth": 7.999999999585591, "model__n_estimators": 18.45301877144515, "model__reg_lambda": 10.0}, "datetime": {"datetime": "2021-03-24 00:33:16", "elapsed": 221.614589, "delta": 1.308605}}
{"target": -0.34690962589558455, "params": {"model__colsample_bylevel": 0.998106997874411, "model__colsample_bynode": 0.911704869535259, "model__colsample_bytree": 0.9837831711683154, "model__learning_rate": 0.29939938005462774, "model__max_depth": 4.381736476690077, "model__n_estimators": 29.937520677667905, "model__reg_lambda": 4.2310815612986765}, "datetime": {"datetime": "2021-03-24 00:33:18", "elapsed": 223.145479, "delta": 1.53089}}
{"target": -0.34984586780107974, "params": {"model__colsample_bylevel": 0.4540099824154243, "model__colsample_bynode": 0.9721186700058189, "model__colsample_bytree": 0.9222456638419645, "model__learning_rate": 0.28711011882527254, "model__max_depth": 3.4258777928598025, "model__n_estimators": 21.207307084542173, "model__reg_lambda": 5.0864421966949145}, "datetime": {"datetime": "2021-03-24 00:33:20", "elapsed": 224.996151, "delta": 1.850672}}
{"target": -0.36994320795625835, "params": {"model__colsample_bylevel": 0.9987135151645725, "model__colsample_bynode": 0.8114311803508316, "model__colsample_bytree": 0.9704560885042817, "model__learning_rate": 0.25971856305565166, "model__max_depth": 4.971029272258679, "model__n_estimators": 26.895139773434444, "model__reg_lambda": 0.05595790497160302}, "datetime": {"datetime": "2021-03-24 00:33:21", "elapsed": 226.262693, "delta": 1.266542}}
{"target": -0.34988088689869323, "params": {"model__colsample_bylevel": 0.31023201314730486, "model__colsample_bynode": 0.9266346630657001, "model__colsample_bytree": 0.756281311845263, "model__learning_rate": 0.29270408506112633, "model__max_depth": 4.277890550587518, "model__n_estimators": 22.7265062376649, "model__reg_lambda": 3.529755923055223}, "datetime": {"datetime": "2021-03-24 00:33:23", "elapsed": 227.956062, "delta": 1.693369}}
{"target": -0.3029103650193513, "params": {"model__colsample_bylevel": 0.9256387942844915, "model__colsample_bynode": 0.34667241428459944, "model__colsample_bytree": 0.8440566853333173, "model__learning_rate": 0.2877854418352902, "model__max_depth": 6.422781881181779, "model__n_estimators": 24.72265353438954, "model__reg_lambda": 2.742187541553026}, "datetime": {"datetime": "2021-03-24 00:33:24", "elapsed": 229.310904, "delta": 1.354842}}
{"target": -0.3573355051904809, "params": {"model__colsample_bylevel": 0.6257243199562514, "model__colsample_bynode": 0.4304439348203202, "model__colsample_bytree": 0.3476294526903477, "model__learning_rate": 0.2970786799613058, "model__max_depth": 6.402671121848477, "model__n_estimators": 22.295156809102586, "model__reg_lambda": 1.8902283289690125}, "datetime": {"datetime": "2021-03-24 00:33:26", "elapsed": 230.899163, "delta": 1.588259}}
{"target": -0.3960917511927909, "params": {"model__colsample_bylevel": 0.8617104159166191, "model__colsample_bynode": 0.8996834477018774, "model__colsample_bytree": 0.32416644384070215, "model__learning_rate": 0.10557985152705573, "model__max_depth": 7.971196586283385, "model__n_estimators": 27.691488253489187, "model__reg_lambda": 5.255981963117985}, "datetime": {"datetime": "2021-03-24 00:33:27", "elapsed": 232.467073, "delta": 1.56791}}
{"target": -0.35134031165971596, "params": {"model__colsample_bylevel": 0.300000000000376, "model__colsample_bynode": 0.9999999999980814, "model__colsample_bytree": 1.0, "model__learning_rate": 0.3, "model__max_depth": 5.141884432740732, "model__n_estimators": 20.75992722287288, "model__reg_lambda": 10.0}, "datetime": {"datetime": "2021-03-24 00:33:29", "elapsed": 233.870021, "delta": 1.402948}}
{"target": -0.32782178502226167, "params": {"model__colsample_bylevel": 0.8519679622357343, "model__colsample_bynode": 0.3860073446489714, "model__colsample_bytree": 0.30573066878610194, "model__learning_rate": 0.2846182910648707, "model__max_depth": 2.7355149419769544, "model__n_estimators": 20.830012771790237, "model__reg_lambda": 2.7176345945618055}, "datetime": {"datetime": "2021-03-24 00:33:30", "elapsed": 235.4299, "delta": 1.559879}}
{"target": -0.37229924307582707, "params": {"model__colsample_bylevel": 0.3, "model__colsample_bynode": 1.0, "model__colsample_bytree": 0.3, "model__learning_rate": 0.3, "model__max_depth": 8.0, "model__n_estimators": 15.0, "model__reg_lambda": 0.7139828480528767}, "datetime": {"datetime": "2021-03-24 00:33:32", "elapsed": 237.15336, "delta": 1.72346}}
{"target": -0.34326346044469136, "params": {"model__colsample_bylevel": 0.5216860345425212, "model__colsample_bynode": 0.32741984614250985, "model__colsample_bytree": 0.9908915341190412, "model__learning_rate": 0.28844906576076357, "model__max_depth": 7.928918958306182, "model__n_estimators": 28.44050387893385, "model__reg_lambda": 8.46107189223262}, "datetime": {"datetime": "2021-03-24 00:33:33", "elapsed": 238.755369, "delta": 1.602009}}
{"target": -0.3818070406924285, "params": {"model__colsample_bylevel": 0.30000000022992523, "model__colsample_bynode": 0.3, "model__colsample_bytree": 0.9816135864259108, "model__learning_rate": 0.3, "model__max_depth": 3.918229182747192, "model__n_estimators": 21.588615455217564, "model__reg_lambda": 9.678837953358858}, "datetime": {"datetime": "2021-03-24 00:33:35", "elapsed": 240.360819, "delta": 1.60545}}
{"target": -0.3406629567005016, "params": {"model__colsample_bylevel": 1.0, "model__colsample_bynode": 1.0, "model__colsample_bytree": 0.9999999992790424, "model__learning_rate": 0.3, "model__max_depth": 2.0, "model__n_estimators": 18.87144276627305, "model__reg_lambda": 0.0}, "datetime": {"datetime": "2021-03-24 00:33:36", "elapsed": 241.790201, "delta": 1.429382}}
{"target": -0.34691567964990205, "params": {"model__colsample_bylevel": 0.6392763096989175, "model__colsample_bynode": 0.30717519969102314, "model__colsample_bytree": 0.9964046826830324, "model__learning_rate": 0.2991099326863935, "model__max_depth": 7.058397225542299, "model__n_estimators": 25.272487953493766, "model__reg_lambda": 3.158922515959363}, "datetime": {"datetime": "2021-03-24 00:33:38", "elapsed": 243.567656, "delta": 1.777455}}
{"target": -0.33607754799625095, "params": {"model__colsample_bylevel": 0.999999998778987, "model__colsample_bynode": 0.4645522440253097, "model__colsample_bytree": 0.9740020563812619, "model__learning_rate": 0.3, "model__max_depth": 5.864576100534961, "model__n_estimators": 23.371307025256794, "model__reg_lambda": 6.760758202253282}, "datetime": {"datetime": "2021-03-24 00:33:40", "elapsed": 245.446503, "delta": 1.878847}}
