{"target": -0.33657763217427383, "params": {"model__colsample_bylevel": 0.6173529449301774, "model__colsample_bynode": 0.3656352091501882, "model__colsample_bytree": 0.45305055880659917, "model__learning_rate": 0.20586849821836273, "model__max_depth": 5.173197962934258, "model__n_estimators": 25.696146745858105, "model__reg_lambda": 2.863925264426952}, "datetime": {"datetime": "2021-03-24 00:17:06", "elapsed": 7.053065, "delta": 0.109577}}
{"target": -0.4522441015565309, "params": {"model__colsample_bylevel": 0.3812502817792496, "model__colsample_bynode": 0.43107613084910207, "model__colsample_bytree": 0.6036033759584388, "model__learning_rate": 0.13710847453713484, "model__max_depth": 2.7407946095138094, "model__n_estimators": 25.875381462387566, "model__reg_lambda": 9.101677556132595}, "datetime": {"datetime": "2021-03-24 00:17:06", "elapsed": 7.152317, "delta": 0.099252}}
{"target": -0.4035992676284218, "params": {"model__colsample_bylevel": 0.3426383940311504, "model__colsample_bynode": 0.3292770968669983, "model__colsample_bytree": 0.49999974247633633, "model__learning_rate": 0.21592871225493404, "model__max_depth": 7.629568478689846, "model__n_estimators": 23.72527860523467, "model__reg_lambda": 6.7998375849329875}, "datetime": {"datetime": "2021-03-24 00:17:06", "elapsed": 7.250132, "delta": 0.097815}}
{"target": -0.35061467402746255, "params": {"model__colsample_bylevel": 0.3, "model__colsample_bynode": 0.3, "model__colsample_bytree": 1.0, "model__learning_rate": 0.3, "model__max_depth": 2.0, "model__n_estimators": 30.0, "model__reg_lambda": 0.0}, "datetime": {"datetime": "2021-03-24 00:17:06", "elapsed": 7.924709, "delta": 0.674577}}
{"target": -0.3815761546455863, "params": {"model__colsample_bylevel": 1.0, "model__colsample_bynode": 1.0, "model__colsample_bytree": 1.0, "model__learning_rate": 0.3, "model__max_depth": 8.0, "model__n_estimators": 15.0, "model__reg_lambda": 10.0}, "datetime": {"datetime": "2021-03-24 00:17:07", "elapsed": 8.811964, "delta": 0.887255}}
{"target": -0.34602658528011243, "params": {"model__colsample_bylevel": 0.3, "model__colsample_bynode": 1.0, "model__colsample_bytree": 0.3, "model__learning_rate": 0.3, "model__max_depth": 8.0, "model__n_estimators": 30.0, "model__reg_lambda": 10.0}, "datetime": {"datetime": "2021-03-24 00:17:08", "elapsed": 9.558776, "delta": 0.746812}}
{"target": -0.35069061880155156, "params": {"model__colsample_bylevel": 0.3, "model__colsample_bynode": 1.0, "model__colsample_bytree": 1.0, "model__learning_rate": 0.3, "model__max_depth": 2.0, "model__n_estimators": 30.0, "model__reg_lambda": 10.0}, "datetime": {"datetime": "2021-03-24 00:17:09", "elapsed": 10.283626, "delta": 0.72485}}
{"target": -0.3776571115786783, "params": {"model__colsample_bylevel": 1.0, "model__colsample_bynode": 0.3, "model__colsample_bytree": 1.0, "model__learning_rate": 0.3, "model__max_depth": 8.0, "model__n_estimators": 20.54162573959814, "model__reg_lambda": 0.0}, "datetime": {"datetime": "2021-03-24 00:17:10", "elapsed": 10.980129, "delta": 0.696503}}
{"target": -0.3688841575021059, "params": {"model__colsample_bylevel": 1.0, "model__colsample_bynode": 1.0, "model__colsample_bytree": 1.0, "model__learning_rate": 0.3, "model__max_depth": 7.999999999377349, "model__n_estimators": 21.456473994872844, "model__reg_lambda": 4.165513595904965}, "datetime": {"datetime": "2021-03-24 00:17:10", "elapsed": 11.83981, "delta": 0.859681}}
{"target": -0.31337039824959023, "params": {"model__colsample_bylevel": 0.3, "model__colsample_bynode": 1.0, "model__colsample_bytree": 1.0, "model__learning_rate": 0.3, "model__max_depth": 3.381618708343563, "model__n_estimators": 26.5028114873976, "model__reg_lambda": 0.0}, "datetime": {"datetime": "2021-03-24 00:17:11", "elapsed": 12.69583, "delta": 0.85602}}
{"target": -0.35899521526644357, "params": {"model__colsample_bylevel": 1.0, "model__colsample_bynode": 0.9999999996075943, "model__colsample_bytree": 1.0, "model__learning_rate": 0.3, "model__max_depth": 8.0, "model__n_estimators": 15.965326463604109, "model__reg_lambda": 6.811449080285557}, "datetime": {"datetime": "2021-03-24 00:17:12", "elapsed": 13.592563, "delta": 0.896733}}
{"target": -0.3606577048280641, "params": {"model__colsample_bylevel": 0.3, "model__colsample_bynode": 0.31041819708001056, "model__colsample_bytree": 1.0, "model__learning_rate": 0.3, "model__max_depth": 6.202965113174634, "model__n_estimators": 23.974861556241787, "model__reg_lambda": 0.0}, "datetime": {"datetime": "2021-03-24 00:17:13", "elapsed": 14.404465, "delta": 0.811902}}
{"target": -0.3352058568132528, "params": {"model__colsample_bylevel": 0.3, "model__colsample_bynode": 0.3, "model__colsample_bytree": 1.0, "model__learning_rate": 0.3, "model__max_depth": 5.259721795384808, "model__n_estimators": 30.0, "model__reg_lambda": 8.538268662775637}, "datetime": {"datetime": "2021-03-24 00:17:14", "elapsed": 15.091997, "delta": 0.687532}}
{"target": -0.3348331246701359, "params": {"model__colsample_bylevel": 1.0, "model__colsample_bynode": 1.0, "model__colsample_bytree": 1.0, "model__learning_rate": 0.3, "model__max_depth": 2.0, "model__n_estimators": 17.659045963157, "model__reg_lambda": 0.0}, "datetime": {"datetime": "2021-03-24 00:17:14", "elapsed": 15.776255, "delta": 0.684258}}
{"target": -0.32526070994351974, "params": {"model__colsample_bylevel": 0.5481892178422552, "model__colsample_bynode": 0.9299680099822962, "model__colsample_bytree": 0.8519902411292306, "model__learning_rate": 0.27895198767802515, "model__max_depth": 2.367617445898026, "model__n_estimators": 29.970824852954728, "model__reg_lambda": 4.657409232267948}, "datetime": {"datetime": "2021-03-24 00:17:15", "elapsed": 16.525179, "delta": 0.748924}}
{"target": -0.37234532509768464, "params": {"model__colsample_bylevel": 0.3, "model__colsample_bynode": 1.0, "model__colsample_bytree": 1.0, "model__learning_rate": 0.3, "model__max_depth": 8.0, "model__n_estimators": 15.0, "model__reg_lambda": 0.0}, "datetime": {"datetime": "2021-03-24 00:17:16", "elapsed": 17.192113, "delta": 0.666934}}
{"target": -0.3390029413359024, "params": {"model__colsample_bylevel": 0.3, "model__colsample_bynode": 1.0, "model__colsample_bytree": 0.3, "model__learning_rate": 0.3, "model__max_depth": 8.0, "model__n_estimators": 30.0, "model__reg_lambda": 5.206296093205156}, "datetime": {"datetime": "2021-03-24 00:17:16", "elapsed": 17.937688, "delta": 0.745575}}
{"target": -0.35957781820797596, "params": {"model__colsample_bylevel": 0.844148246663063, "model__colsample_bynode": 0.5022074478150271, "model__colsample_bytree": 0.9602877086142629, "model__learning_rate": 0.296351819389577, "model__max_depth": 4.35639609529071, "model__n_estimators": 15.154464312620107, "model__reg_lambda": 0.19660698261366183}, "datetime": {"datetime": "2021-03-24 00:17:17", "elapsed": 18.659081, "delta": 0.721393}}
{"target": -0.36116166398658056, "params": {"model__colsample_bylevel": 0.3, "model__colsample_bynode": 1.0, "model__colsample_bytree": 1.0, "model__learning_rate": 0.3, "model__max_depth": 3.1106834353111306, "model__n_estimators": 22.117389326853413, "model__reg_lambda": 9.71689042291374}, "datetime": {"datetime": "2021-03-24 00:17:18", "elapsed": 19.406819, "delta": 0.747738}}
{"target": -0.33848004382697566, "params": {"model__colsample_bylevel": 0.39881268454745994, "model__colsample_bynode": 1.0, "model__colsample_bytree": 1.0, "model__learning_rate": 0.3, "model__max_depth": 8.0, "model__n_estimators": 22.36701510621545, "model__reg_lambda": 10.0}, "datetime": {"datetime": "2021-03-24 00:17:19", "elapsed": 20.152553, "delta": 0.745734}}
{"target": -0.3454269390505995, "params": {"model__colsample_bylevel": 0.3605148702008386, "model__colsample_bynode": 0.9558573809160578, "model__colsample_bytree": 0.7466051331611885, "model__learning_rate": 0.28716907708031464, "model__max_depth": 7.644822919071371, "model__n_estimators": 28.12645780651139, "model__reg_lambda": 2.3555810121264917}, "datetime": {"datetime": "2021-03-24 00:17:19", "elapsed": 20.898006, "delta": 0.745453}}
{"target": -0.3859148527630537, "params": {"model__colsample_bylevel": 0.3, "model__colsample_bynode": 0.3, "model__colsample_bytree": 1.0, "model__learning_rate": 0.3, "model__max_depth": 8.0, "model__n_estimators": 15.0, "model__reg_lambda": 7.0767499275476}, "datetime": {"datetime": "2021-03-24 00:17:20", "elapsed": 21.624243, "delta": 0.726237}}
{"target": -0.33473384373317694, "params": {"model__colsample_bylevel": 1.0, "model__colsample_bynode": 1.0, "model__colsample_bytree": 0.3, "model__learning_rate": 0.3, "model__max_depth": 2.0, "model__n_estimators": 24.921136103805157, "model__reg_lambda": 0.0}, "datetime": {"datetime": "2021-03-24 00:17:21", "elapsed": 22.46021, "delta": 0.835967}}
{"target": -0.40154506262911455, "params": {"model__colsample_bylevel": 0.3, "model__colsample_bynode": 0.3, "model__colsample_bytree": 0.3009146339131811, "model__learning_rate": 0.3, "model__max_depth": 4.675283708234316, "model__n_estimators": 29.80059693921877, "model__reg_lambda": 1.5011965323844525}, "datetime": {"datetime": "2021-03-24 00:17:22", "elapsed": 23.209053, "delta": 0.748843}}
{"target": -0.38056321661696646, "params": {"model__colsample_bylevel": 1.0, "model__colsample_bynode": 0.3, "model__colsample_bytree": 0.3, "model__learning_rate": 0.3, "model__max_depth": 8.0, "model__n_estimators": 15.0, "model__reg_lambda": 0.0}, "datetime": {"datetime": "2021-03-24 00:17:23", "elapsed": 23.988144, "delta": 0.779091}}
{"target": -0.34330435383295554, "params": {"model__colsample_bylevel": 1.0, "model__colsample_bynode": 1.0, "model__colsample_bytree": 0.3, "model__learning_rate": 0.3, "model__max_depth": 5.079330473616143, "model__n_estimators": 30.0, "model__reg_lambda": 10.0}, "datetime": {"datetime": "2021-03-24 00:17:23", "elapsed": 24.787947, "delta": 0.799803}}
{"target": -0.37533010852006876, "params": {"model__colsample_bylevel": 1.0, "model__colsample_bynode": 0.3, "model__colsample_bytree": 1.0, "model__learning_rate": 0.3, "model__max_depth": 8.0, "model__n_estimators": 30.0, "model__reg_lambda": 0.0}, "datetime": {"datetime": "2021-03-24 00:17:24", "elapsed": 25.589565, "delta": 0.801618}}
{"target": -0.32762180337533897, "params": {"model__colsample_bylevel": 1.0, "model__colsample_bynode": 0.3, "model__colsample_bytree": 1.0, "model__learning_rate": 0.3, "model__max_depth": 8.0, "model__n_estimators": 30.0, "model__reg_lambda": 10.0}, "datetime": {"datetime": "2021-03-24 00:17:25", "elapsed": 26.471709, "delta": 0.882144}}
{"target": -0.40746830524033123, "params": {"model__colsample_bylevel": 0.3, "model__colsample_bynode": 0.3, "model__colsample_bytree": 0.3, "model__learning_rate": 0.3, "model__max_depth": 2.9749317080011934, "model__n_estimators": 18.09610583460671, "model__reg_lambda": 0.0}, "datetime": {"datetime": "2021-03-24 00:17:26", "elapsed": 27.182353, "delta": 0.710644}}
{"target": -0.33338461762506755, "params": {"model__colsample_bylevel": 0.3, "model__colsample_bynode": 1.0, "model__colsample_bytree": 1.0, "model__learning_rate": 0.3, "model__max_depth": 2.037485722049242, "model__n_estimators": 25.320736853066407, "model__reg_lambda": 1.8730871302897616}, "datetime": {"datetime": "2021-03-24 00:17:27", "elapsed": 28.012293, "delta": 0.82994}}
{"target": -0.366307853853357, "params": {"model__colsample_bylevel": 1.0, "model__colsample_bynode": 1.0, "model__colsample_bytree": 1.0, "model__learning_rate": 0.3, "model__max_depth": 8.0, "model__n_estimators": 18.787716200150438, "model__reg_lambda": 10.0}, "datetime": {"datetime": "2021-03-24 00:17:27", "elapsed": 28.951541, "delta": 0.939248}}
{"target": -0.3516880939047331, "params": {"model__colsample_bylevel": 1.0, "model__colsample_bynode": 1.0, "model__colsample_bytree": 1.0, "model__learning_rate": 0.3, "model__max_depth": 2.810568507565717, "model__n_estimators": 30.0, "model__reg_lambda": 0.0}, "datetime": {"datetime": "2021-03-24 00:17:28", "elapsed": 29.877115, "delta": 0.925574}}
{"target": -0.34943856447597665, "params": {"model__colsample_bylevel": 0.32262502121548375, "model__colsample_bynode": 0.692618131114816, "model__colsample_bytree": 0.9618445193692322, "model__learning_rate": 0.296716617827205, "model__max_depth": 2.9142753400433965, "model__n_estimators": 28.040421972399145, "model__reg_lambda": 5.650859737778216}, "datetime": {"datetime": "2021-03-24 00:17:29", "elapsed": 30.622311, "delta": 0.745196}}
{"target": -0.37682001327039616, "params": {"model__colsample_bylevel": 1.0, "model__colsample_bynode": 1.0, "model__colsample_bytree": 1.0, "model__learning_rate": 0.3, "model__max_depth": 6.351312834251367, "model__n_estimators": 18.100754297759757, "model__reg_lambda": 0.9699062383103401}, "datetime": {"datetime": "2021-03-24 00:17:30", "elapsed": 31.468165, "delta": 0.845854}}
{"target": -0.35891006128471076, "params": {"model__colsample_bylevel": 0.8205388364210882, "model__colsample_bynode": 0.9687066010252245, "model__colsample_bytree": 0.9636568637756269, "model__learning_rate": 0.19773206983536457, "model__max_depth": 7.857203097911441, "model__n_estimators": 29.599682647568663, "model__reg_lambda": 8.43473955815606}, "datetime": {"datetime": "2021-03-24 00:17:31", "elapsed": 32.486571, "delta": 1.018406}}
{"target": -0.34436395635517936, "params": {"model__colsample_bylevel": 0.9794284942449152, "model__colsample_bynode": 0.3, "model__colsample_bytree": 1.0, "model__learning_rate": 0.3, "model__max_depth": 8.0, "model__n_estimators": 16.489336192054296, "model__reg_lambda": 3.9774652559613424}, "datetime": {"datetime": "2021-03-24 00:17:32", "elapsed": 33.296748, "delta": 0.810177}}
{"target": -0.38891895366123996, "params": {"model__colsample_bylevel": 0.3, "model__colsample_bynode": 1.0, "model__colsample_bytree": 0.3, "model__learning_rate": 0.3, "model__max_depth": 8.0, "model__n_estimators": 20.7603164496779, "model__reg_lambda": 0.0}, "datetime": {"datetime": "2021-03-24 00:17:33", "elapsed": 33.985273, "delta": 0.688525}}
{"target": -0.36342264658204565, "params": {"model__colsample_bylevel": 0.9812694910345012, "model__colsample_bynode": 0.7824972388450724, "model__colsample_bytree": 0.8687808343437813, "model__learning_rate": 0.2814141303240397, "model__max_depth": 2.121389324276993, "model__n_estimators": 29.889367035427735, "model__reg_lambda": 8.077192413999962}, "datetime": {"datetime": "2021-03-24 00:17:33", "elapsed": 34.909266, "delta": 0.923993}}
{"target": -0.3411876292305364, "params": {"model__colsample_bylevel": 1.0, "model__colsample_bynode": 0.3000000021503626, "model__colsample_bytree": 1.0, "model__learning_rate": 0.3, "model__max_depth": 5.874705760096933, "model__n_estimators": 19.167784784706104, "model__reg_lambda": 5.404330695079634}, "datetime": {"datetime": "2021-03-24 00:17:34", "elapsed": 35.731958, "delta": 0.822692}}
{"target": -0.3551012204251373, "params": {"model__colsample_bylevel": 1.0, "model__colsample_bynode": 1.0, "model__colsample_bytree": 0.3, "model__learning_rate": 0.3, "model__max_depth": 3.790325918980054, "model__n_estimators": 22.632204520058, "model__reg_lambda": 10.0}, "datetime": {"datetime": "2021-03-24 00:17:35", "elapsed": 36.419108, "delta": 0.68715}}
{"target": -0.3933239945416352, "params": {"model__colsample_bylevel": 0.31073265593300475, "model__colsample_bynode": 1.0, "model__colsample_bytree": 1.0, "model__learning_rate": 0.3, "model__max_depth": 6.485561038878988, "model__n_estimators": 28.44634790492302, "model__reg_lambda": 0.0}, "datetime": {"datetime": "2021-03-24 00:17:36", "elapsed": 37.28012, "delta": 0.861012}}
{"target": -0.3719002203361225, "params": {"model__colsample_bylevel": 0.3, "model__colsample_bynode": 0.3, "model__colsample_bytree": 0.3, "model__learning_rate": 0.3, "model__max_depth": 7.895950441400915, "model__n_estimators": 30.0, "model__reg_lambda": 2.930819992115983}, "datetime": {"datetime": "2021-03-24 00:17:37", "elapsed": 38.111421, "delta": 0.831301}}
{"target": -0.3169205047971353, "params": {"model__colsample_bylevel": 0.3, "model__colsample_bynode": 1.0, "model__colsample_bytree": 1.0, "model__learning_rate": 0.3, "model__max_depth": 5.4302472772489265, "model__n_estimators": 29.179951751619406, "model__reg_lambda": 5.673015326885973}, "datetime": {"datetime": "2021-03-24 00:17:37", "elapsed": 38.925883, "delta": 0.814462}}
{"target": -0.4063087526749333, "params": {"model__colsample_bylevel": 0.3, "model__colsample_bynode": 1.0, "model__colsample_bytree": 0.3, "model__learning_rate": 0.1, "model__max_depth": 2.0, "model__n_estimators": 30.0, "model__reg_lambda": 0.0}, "datetime": {"datetime": "2021-03-24 00:17:38", "elapsed": 39.628406, "delta": 0.702523}}
{"target": -0.3600949068388402, "params": {"model__colsample_bylevel": 0.34539318056300466, "model__colsample_bynode": 0.3499179397400597, "model__colsample_bytree": 0.9136863552940848, "model__learning_rate": 0.2926062052127826, "model__max_depth": 7.468594375038925, "model__n_estimators": 22.515803842367546, "model__reg_lambda": 1.99111904785918}, "datetime": {"datetime": "2021-03-24 00:17:39", "elapsed": 40.433701, "delta": 0.805295}}
{"target": -0.334912737779677, "params": {"model__colsample_bylevel": 1.0, "model__colsample_bynode": 1.0, "model__colsample_bytree": 1.0, "model__learning_rate": 0.3, "model__max_depth": 2.000000042345199, "model__n_estimators": 21.14338755609639, "model__reg_lambda": 0.8347303549554695}, "datetime": {"datetime": "2021-03-24 00:17:40", "elapsed": 41.302854, "delta": 0.869153}}
{"target": -0.3245418523144705, "params": {"model__colsample_bylevel": 0.9853804507361539, "model__colsample_bynode": 0.6641995504754831, "model__colsample_bytree": 0.9883139657254985, "model__learning_rate": 0.21995002297742255, "model__max_depth": 2.1380697163215605, "model__n_estimators": 29.941883091387332, "model__reg_lambda": 1.6617789426337393}, "datetime": {"datetime": "2021-03-24 00:17:41", "elapsed": 42.582244, "delta": 1.27939}}
{"target": -0.39602054464765757, "params": {"model__colsample_bylevel": 0.8492734727923315, "model__colsample_bynode": 0.7864032369560862, "model__colsample_bytree": 0.7084642989497008, "model__learning_rate": 0.19404745711548818, "model__max_depth": 2.0040233211995533, "model__n_estimators": 15.194601211818359, "model__reg_lambda": 0.017812887421558843}, "datetime": {"datetime": "2021-03-24 00:17:42", "elapsed": 43.651688, "delta": 1.069444}}
{"target": -0.33976041145346036, "params": {"model__colsample_bylevel": 0.3149497888604302, "model__colsample_bynode": 0.69640057225618, "model__colsample_bytree": 0.9448402593162493, "model__learning_rate": 0.25320090365755454, "model__max_depth": 2.1207069615810887, "model__n_estimators": 25.623357085438492, "model__reg_lambda": 0.04212872342584495}, "datetime": {"datetime": "2021-03-24 00:17:43", "elapsed": 44.912089, "delta": 1.260401}}
{"target": -0.36387342062658135, "params": {"model__colsample_bylevel": 0.6838942936816218, "model__colsample_bynode": 0.8524665450634843, "model__colsample_bytree": 0.49864900225083786, "model__learning_rate": 0.2942072135950624, "model__max_depth": 4.270877145389291, "model__n_estimators": 24.06716697039824, "model__reg_lambda": 0.4911138166570894}, "datetime": {"datetime": "2021-03-24 00:17:45", "elapsed": 46.118113, "delta": 1.206024}}
{"target": -0.3610795413569102, "params": {"model__colsample_bylevel": 1.0, "model__colsample_bynode": 0.3, "model__colsample_bytree": 1.0, "model__learning_rate": 0.3, "model__max_depth": 3.221023533370575, "model__n_estimators": 19.345131408399816, "model__reg_lambda": 10.0}, "datetime": {"datetime": "2021-03-24 00:17:46", "elapsed": 47.342204, "delta": 1.224091}}
{"target": -0.39062700597105376, "params": {"model__colsample_bylevel": 1.0, "model__colsample_bynode": 0.3, "model__colsample_bytree": 0.3, "model__learning_rate": 0.3, "model__max_depth": 8.0, "model__n_estimators": 26.309271862198663, "model__reg_lambda": 0.0}, "datetime": {"datetime": "2021-03-24 00:17:47", "elapsed": 48.549236, "delta": 1.207032}}
{"target": -0.35675819754614024, "params": {"model__colsample_bylevel": 1.0, "model__colsample_bynode": 0.3, "model__colsample_bytree": 0.3, "model__learning_rate": 0.3, "model__max_depth": 8.0, "model__n_estimators": 27.300766686586137, "model__reg_lambda": 10.0}, "datetime": {"datetime": "2021-03-24 00:17:48", "elapsed": 49.850335, "delta": 1.301099}}
{"target": -0.32483093812572433, "params": {"model__colsample_bylevel": 0.8991483771732016, "model__colsample_bynode": 0.943875862765593, "model__colsample_bytree": 0.9723912969499806, "model__learning_rate": 0.29349091163813046, "model__max_depth": 2.010975256814608, "model__n_estimators": 27.537194287136025, "model__reg_lambda": 0.7220537468847488}, "datetime": {"datetime": "2021-03-24 00:17:50", "elapsed": 51.345444, "delta": 1.495109}}
{"target": -0.3406314916682659, "params": {"model__colsample_bylevel": 0.9131825314735746, "model__colsample_bynode": 0.40307131291878656, "model__colsample_bytree": 0.4408358947126211, "model__learning_rate": 0.2990657451691697, "model__max_depth": 7.3696701199497126, "model__n_estimators": 29.84445315263198, "model__reg_lambda": 7.602917947538853}, "datetime": {"datetime": "2021-03-24 00:17:51", "elapsed": 52.828739, "delta": 1.483295}}
{"target": -0.34672689673565055, "params": {"model__colsample_bylevel": 1.0, "model__colsample_bynode": 1.0, "model__colsample_bytree": 1.0, "model__learning_rate": 0.3, "model__max_depth": 8.0, "model__n_estimators": 24.84391163673389, "model__reg_lambda": 8.870662369035701}, "datetime": {"datetime": "2021-03-24 00:17:53", "elapsed": 54.183043, "delta": 1.354304}}
