{"target": -0.4078226668193288, "params": {"model__colsample_bylevel": 0.7266096309276803, "model__colsample_bynode": 0.43977347691741464, "model__colsample_bytree": 0.3386502049206077, "model__learning_rate": 0.2110381084629188, "model__max_depth": 2.0319865713768044, "model__n_estimators": 29.971740130711616, "model__reg_lambda": 9.865300064480316}, "datetime": {"datetime": "2021-03-24 00:17:54", "elapsed": 55.188618, "delta": 1.005575}}
{"target": -0.3486519650738362, "params": {"model__colsample_bylevel": 0.3, "model__colsample_bynode": 1.0, "model__colsample_bytree": 1.0, "model__learning_rate": 0.3, "model__max_depth": 4.856146061591818, "model__n_estimators": 15.0, "model__reg_lambda": 5.079797498567961}, "datetime": {"datetime": "2021-03-24 00:17:55", "elapsed": 56.316706, "delta": 1.128088}}
{"target": -0.3233629112650701, "params": {"model__colsample_bylevel": 0.8553962876304617, "model__colsample_bynode": 0.8072808309226134, "model__colsample_bytree": 0.9230715034612118, "model__learning_rate": 0.2976466363973519, "model__max_depth": 2.102913314415085, "model__n_estimators": 23.831825608743788, "model__reg_lambda": 0.030927952971122608}, "datetime": {"datetime": "2021-03-24 00:17:56", "elapsed": 57.446298, "delta": 1.129592}}
{"target": -0.3962165935950327, "params": {"model__colsample_bylevel": 0.3, "model__colsample_bynode": 0.3, "model__colsample_bytree": 1.0, "model__learning_rate": 0.3, "model__max_depth": 5.32782724605046, "model__n_estimators": 15.0, "model__reg_lambda": 10.0}, "datetime": {"datetime": "2021-03-24 00:17:57", "elapsed": 58.527789, "delta": 1.081491}}
{"target": -0.3461453964139092, "params": {"model__colsample_bylevel": 1.0, "model__colsample_bynode": 0.3, "model__colsample_bytree": 1.0, "model__learning_rate": 0.3, "model__max_depth": 3.8418712653125553, "model__n_estimators": 26.400218476193235, "model__reg_lambda": 0.7514535500136817}, "datetime": {"datetime": "2021-03-24 00:17:58", "elapsed": 59.784307, "delta": 1.256518}}
{"target": -0.3529288527171087, "params": {"model__colsample_bylevel": 0.3235326047818449, "model__colsample_bynode": 0.9650944068690033, "model__colsample_bytree": 0.997899765799817, "model__learning_rate": 0.1962054734533526, "model__max_depth": 3.7348549828878954, "model__n_estimators": 22.259452413985308, "model__reg_lambda": 2.5948449661421935}, "datetime": {"datetime": "2021-03-24 00:18:00", "elapsed": 61.021195, "delta": 1.236888}}
{"target": -0.31625609212366024, "params": {"model__colsample_bylevel": 0.41694206776114, "model__colsample_bynode": 0.8698814294013919, "model__colsample_bytree": 0.8295653958242608, "model__learning_rate": 0.29909143659382614, "model__max_depth": 7.082857762578321, "model__n_estimators": 25.301185338662485, "model__reg_lambda": 3.7111612381078194}, "datetime": {"datetime": "2021-03-24 00:18:01", "elapsed": 62.386562, "delta": 1.365367}}
{"target": -0.3851009453565854, "params": {"model__colsample_bylevel": 0.9297830065175665, "model__colsample_bynode": 0.904028728974474, "model__colsample_bytree": 0.9517320514385068, "model__learning_rate": 0.11972597287996059, "model__max_depth": 3.6776884235897285, "model__n_estimators": 21.493989774740985, "model__reg_lambda": 0.017803865756564896}, "datetime": {"datetime": "2021-03-24 00:18:02", "elapsed": 63.612852, "delta": 1.22629}}
{"target": -0.3274446481447397, "params": {"model__colsample_bylevel": 0.3, "model__colsample_bynode": 0.9999999999964305, "model__colsample_bytree": 1.0, "model__learning_rate": 0.3, "model__max_depth": 6.7140663729798336, "model__n_estimators": 28.54632463020466, "model__reg_lambda": 9.999999999963098}, "datetime": {"datetime": "2021-03-24 00:18:03", "elapsed": 64.920155, "delta": 1.307303}}
{"target": -0.34752849099577227, "params": {"model__colsample_bylevel": 1.0, "model__colsample_bynode": 1.0, "model__colsample_bytree": 1.0, "model__learning_rate": 0.3, "model__max_depth": 7.999999984094934, "model__n_estimators": 19.217587693195277, "model__reg_lambda": 7.173865246605002}, "datetime": {"datetime": "2021-03-24 00:18:05", "elapsed": 66.410814, "delta": 1.490659}}
{"target": -0.3509467478524354, "params": {"model__colsample_bylevel": 0.3, "model__colsample_bynode": 0.3, "model__colsample_bytree": 1.0, "model__learning_rate": 0.3, "model__max_depth": 7.966161558770451, "model__n_estimators": 26.88218746563373, "model__reg_lambda": 8.373825967797767}, "datetime": {"datetime": "2021-03-24 00:18:06", "elapsed": 67.531463, "delta": 1.120649}}
{"target": -0.33337103012422825, "params": {"model__colsample_bylevel": 0.3, "model__colsample_bynode": 1.0, "model__colsample_bytree": 1.0, "model__learning_rate": 0.3, "model__max_depth": 5.875547526448847, "model__n_estimators": 16.576731406796455, "model__reg_lambda": 5.830279762866403}, "datetime": {"datetime": "2021-03-24 00:18:07", "elapsed": 68.864258, "delta": 1.332795}}
{"target": -0.3427584146085344, "params": {"model__colsample_bylevel": 1.0, "model__colsample_bynode": 1.0, "model__colsample_bytree": 1.0, "model__learning_rate": 0.3, "model__max_depth": 3.1451995157247374, "model__n_estimators": 26.06294784901579, "model__reg_lambda": 10.0}, "datetime": {"datetime": "2021-03-24 00:18:09", "elapsed": 70.159858, "delta": 1.2956}}
{"target": -0.34792827289632483, "params": {"model__colsample_bylevel": 1.0, "model__colsample_bynode": 1.0, "model__colsample_bytree": 0.9260523211920271, "model__learning_rate": 0.3, "model__max_depth": 4.724468513295016, "model__n_estimators": 20.244893296843575, "model__reg_lambda": 9.143718012427597}, "datetime": {"datetime": "2021-03-24 00:18:10", "elapsed": 71.393758, "delta": 1.2339}}
{"target": -0.33545598500590446, "params": {"model__colsample_bylevel": 0.9772022044645101, "model__colsample_bynode": 0.5343451147606724, "model__colsample_bytree": 0.9726744313114588, "model__learning_rate": 0.23389912254819523, "model__max_depth": 4.197521593032764, "model__n_estimators": 28.580928140209974, "model__reg_lambda": 9.858956437729061}, "datetime": {"datetime": "2021-03-24 00:18:11", "elapsed": 72.813552, "delta": 1.419794}}
{"target": -0.3317649748938941, "params": {"model__colsample_bylevel": 0.4906961143889318, "model__colsample_bynode": 0.940485904220796, "model__colsample_bytree": 0.9319086699011494, "model__learning_rate": 0.2522594046825132, "model__max_depth": 2.1427010157259865, "model__n_estimators": 28.82396573296056, "model__reg_lambda": 3.1956276897505154}, "datetime": {"datetime": "2021-03-24 00:18:13", "elapsed": 74.158464, "delta": 1.344912}}
{"target": -0.39152424285809195, "params": {"model__colsample_bylevel": 0.3, "model__colsample_bynode": 0.3288246381444704, "model__colsample_bytree": 1.0, "model__learning_rate": 0.10000008954352842, "model__max_depth": 7.883339459060661, "model__n_estimators": 25.48254781849212, "model__reg_lambda": 1.3785885807017486}, "datetime": {"datetime": "2021-03-24 00:18:14", "elapsed": 75.308549, "delta": 1.150085}}
{"target": -0.325985446209223, "params": {"model__colsample_bylevel": 0.30560499968986565, "model__colsample_bynode": 0.6399253343281519, "model__colsample_bytree": 0.9041320557027734, "model__learning_rate": 0.27925771232946717, "model__max_depth": 5.3995283518862305, "model__n_estimators": 25.871104283902575, "model__reg_lambda": 2.872223793470919}, "datetime": {"datetime": "2021-03-24 00:18:15", "elapsed": 76.700084, "delta": 1.391535}}
{"target": -0.32134864320388007, "params": {"model__colsample_bylevel": 0.9487439551720958, "model__colsample_bynode": 0.30567603141844024, "model__colsample_bytree": 0.8504201895863406, "model__learning_rate": 0.2894965248818363, "model__max_depth": 7.9516604881072075, "model__n_estimators": 24.789166895375793, "model__reg_lambda": 3.474542123018367}, "datetime": {"datetime": "2021-03-24 00:18:16", "elapsed": 77.773141, "delta": 1.073057}}
{"target": -0.35422473707762747, "params": {"model__colsample_bylevel": 1.0, "model__colsample_bynode": 0.3, "model__colsample_bytree": 1.0, "model__learning_rate": 0.3, "model__max_depth": 5.964250963333016, "model__n_estimators": 15.254854759094092, "model__reg_lambda": 6.14626932279289}, "datetime": {"datetime": "2021-03-24 00:18:18", "elapsed": 78.959898, "delta": 1.186757}}
{"target": -0.3762129864314625, "params": {"model__colsample_bylevel": 0.9021890008436837, "model__colsample_bynode": 0.7437763530902473, "model__colsample_bytree": 0.3455937958864394, "model__learning_rate": 0.24732621757680268, "model__max_depth": 7.957748527780334, "model__n_estimators": 29.881743632271473, "model__reg_lambda": 0.26515189881181067}, "datetime": {"datetime": "2021-03-24 00:18:19", "elapsed": 80.141825, "delta": 1.181927}}
{"target": -0.35235297090873335, "params": {"model__colsample_bylevel": 0.3495450857810164, "model__colsample_bynode": 0.3, "model__colsample_bytree": 1.0, "model__learning_rate": 0.3, "model__max_depth": 4.593740888076095, "model__n_estimators": 26.225147648885084, "model__reg_lambda": 10.0}, "datetime": {"datetime": "2021-03-24 00:18:20", "elapsed": 81.298033, "delta": 1.156208}}
{"target": -0.3415034754304688, "params": {"model__colsample_bylevel": 0.9896597471260833, "model__colsample_bynode": 0.37620952010985914, "model__colsample_bytree": 0.9599544558595432, "model__learning_rate": 0.29238058339180106, "model__max_depth": 5.829037770978406, "model__n_estimators": 24.892104370382196, "model__reg_lambda": 4.351290014181113}, "datetime": {"datetime": "2021-03-24 00:18:21", "elapsed": 82.540369, "delta": 1.242336}}
{"target": -0.36866446677224196, "params": {"model__colsample_bylevel": 0.9104305575536602, "model__colsample_bynode": 0.3559832822189662, "model__colsample_bytree": 0.3875357811227207, "model__learning_rate": 0.2792467794660777, "model__max_depth": 7.9919464617847815, "model__n_estimators": 19.03583364064339, "model__reg_lambda": 2.157211799261216}, "datetime": {"datetime": "2021-03-24 00:18:22", "elapsed": 83.8283, "delta": 1.287931}}
{"target": -0.3226658079881167, "params": {"model__colsample_bylevel": 0.7328365515952231, "model__colsample_bynode": 1.0, "model__colsample_bytree": 0.9999999934313781, "model__learning_rate": 0.3, "model__max_depth": 5.347027728599201, "model__n_estimators": 25.82863587171066, "model__reg_lambda": 6.410986333869559}, "datetime": {"datetime": "2021-03-24 00:18:24", "elapsed": 84.995297, "delta": 1.166997}}
{"target": -0.37844693336494106, "params": {"model__colsample_bylevel": 0.3, "model__colsample_bynode": 0.3, "model__colsample_bytree": 0.9863422221744057, "model__learning_rate": 0.3, "model__max_depth": 8.0, "model__n_estimators": 15.219627708523939, "model__reg_lambda": 1.6859701340468445}, "datetime": {"datetime": "2021-03-24 00:18:25", "elapsed": 86.126907, "delta": 1.13161}}
{"target": -0.35860687079906894, "params": {"model__colsample_bylevel": 0.9999999959043084, "model__colsample_bynode": 1.0, "model__colsample_bytree": 1.0, "model__learning_rate": 0.3, "model__max_depth": 3.5614187344296417, "model__n_estimators": 19.93334043555992, "model__reg_lambda": 3.769877315841763}, "datetime": {"datetime": "2021-03-24 00:18:26", "elapsed": 87.441192, "delta": 1.314285}}
{"target": -0.3639162265607898, "params": {"model__colsample_bylevel": 0.9999999781472417, "model__colsample_bynode": 0.999999998876605, "model__colsample_bytree": 1.0, "model__learning_rate": 0.2999999937563548, "model__max_depth": 8.0, "model__n_estimators": 25.877647027641018, "model__reg_lambda": 3.388360994590516}, "datetime": {"datetime": "2021-03-24 00:18:27", "elapsed": 88.766245, "delta": 1.325053}}
{"target": -0.35068570839686564, "params": {"model__colsample_bylevel": 0.4238008378802339, "model__colsample_bynode": 0.9792313848836327, "model__colsample_bytree": 0.9811162351106717, "model__learning_rate": 0.2919784587152471, "model__max_depth": 3.540967559207445, "model__n_estimators": 23.515919362117565, "model__reg_lambda": 7.500184331418667}, "datetime": {"datetime": "2021-03-24 00:18:29", "elapsed": 90.05894, "delta": 1.292695}}
{"target": -0.3376842661757373, "params": {"model__colsample_bylevel": 0.3000000014088036, "model__colsample_bynode": 1.0, "model__colsample_bytree": 0.7495811838540184, "model__learning_rate": 0.3, "model__max_depth": 5.0075466910847055, "model__n_estimators": 27.743296113007016, "model__reg_lambda": 8.587072998199492}, "datetime": {"datetime": "2021-03-24 00:18:30", "elapsed": 91.348468, "delta": 1.289528}}
{"target": -0.3414143868118012, "params": {"model__colsample_bylevel": 1.0, "model__colsample_bynode": 0.8983968576069856, "model__colsample_bytree": 0.8902297063196154, "model__learning_rate": 0.3, "model__max_depth": 7.969243965646388, "model__n_estimators": 21.94636809900929, "model__reg_lambda": 8.669097782869871}, "datetime": {"datetime": "2021-03-24 00:18:31", "elapsed": 92.593975, "delta": 1.245507}}
{"target": -0.3738459432612349, "params": {"model__colsample_bylevel": 0.358687477408118, "model__colsample_bynode": 0.7901541546735453, "model__colsample_bytree": 0.3406480623407108, "model__learning_rate": 0.29799642092268347, "model__max_depth": 7.739546409693132, "model__n_estimators": 18.996017001108335, "model__reg_lambda": 4.058955828528389}, "datetime": {"datetime": "2021-03-24 00:18:32", "elapsed": 93.771545, "delta": 1.17757}}
{"target": -0.33836296578511543, "params": {"model__colsample_bylevel": 0.7077188339783229, "model__colsample_bynode": 0.9243812446490365, "model__colsample_bytree": 0.9951686322283355, "model__learning_rate": 0.29092723704635326, "model__max_depth": 4.9785765685100705, "model__n_estimators": 22.214634932815173, "model__reg_lambda": 6.400202568605389}, "datetime": {"datetime": "2021-03-24 00:18:34", "elapsed": 95.027812, "delta": 1.256267}}
{"target": -0.33991432157800655, "params": {"model__colsample_bylevel": 1.0, "model__colsample_bynode": 1.0, "model__colsample_bytree": 1.0, "model__learning_rate": 0.3, "model__max_depth": 3.3315330662529434, "model__n_estimators": 29.448756116627546, "model__reg_lambda": 5.004677192115398}, "datetime": {"datetime": "2021-03-24 00:18:35", "elapsed": 96.428002, "delta": 1.40019}}
{"target": -0.34219711259567603, "params": {"model__colsample_bylevel": 0.32775892218925307, "model__colsample_bynode": 0.3759695526651231, "model__colsample_bytree": 0.9262674907476203, "model__learning_rate": 0.29870598338044185, "model__max_depth": 5.279119235665917, "model__n_estimators": 25.949198639051502, "model__reg_lambda": 4.762707055784629}, "datetime": {"datetime": "2021-03-24 00:18:36", "elapsed": 97.439882, "delta": 1.01188}}
{"target": -0.3500579398422353, "params": {"model__colsample_bylevel": 0.9506014155341982, "model__colsample_bynode": 0.8826745670258582, "model__colsample_bytree": 0.8663188535734987, "model__learning_rate": 0.13338467906060356, "model__max_depth": 3.2353830259099583, "model__n_estimators": 25.603486130518117, "model__reg_lambda": 0.0105420229676223}, "datetime": {"datetime": "2021-03-24 00:18:37", "elapsed": 98.588953, "delta": 1.149071}}
{"target": -0.32478785574118996, "params": {"model__colsample_bylevel": 0.4318380171212106, "model__colsample_bynode": 0.9895107388125759, "model__colsample_bytree": 0.4385659413177058, "model__learning_rate": 0.28815087458142974, "model__max_depth": 7.630939657703813, "model__n_estimators": 26.89563510783826, "model__reg_lambda": 7.1041290309845255}, "datetime": {"datetime": "2021-03-24 00:18:39", "elapsed": 100.004154, "delta": 1.415201}}
{"target": -0.3460985810836723, "params": {"model__colsample_bylevel": 0.9434829991167013, "model__colsample_bynode": 0.3945865036398733, "model__colsample_bytree": 0.48507710152833783, "model__learning_rate": 0.26353602616703353, "model__max_depth": 6.708519291100144, "model__n_estimators": 24.890119696004774, "model__reg_lambda": 2.85030785185326}, "datetime": {"datetime": "2021-03-24 00:18:40", "elapsed": 101.274614, "delta": 1.27046}}
{"target": -0.3329776878019903, "params": {"model__colsample_bylevel": 0.6508270130265732, "model__colsample_bynode": 0.9896860941443875, "model__colsample_bytree": 0.8997224186693682, "model__learning_rate": 0.2874790006674441, "model__max_depth": 5.907205334638606, "model__n_estimators": 18.24237204524504, "model__reg_lambda": 3.7539242253084524}, "datetime": {"datetime": "2021-03-24 00:18:41", "elapsed": 102.776734, "delta": 1.50212}}
{"target": -0.33329336242421287, "params": {"model__colsample_bylevel": 0.9956251032349321, "model__colsample_bynode": 0.6091673916606661, "model__colsample_bytree": 0.975907096419177, "model__learning_rate": 0.290672899751386, "model__max_depth": 3.462490217693727, "model__n_estimators": 23.25014526290139, "model__reg_lambda": 1.6192483842740213}, "datetime": {"datetime": "2021-03-24 00:18:43", "elapsed": 104.182223, "delta": 1.405489}}
{"target": -0.3410549513843801, "params": {"model__colsample_bylevel": 0.6293409050605101, "model__colsample_bynode": 0.9075291822293516, "model__colsample_bytree": 0.3659612020051285, "model__learning_rate": 0.2899124039480506, "model__max_depth": 3.853670578017729, "model__n_estimators": 29.96668597114674, "model__reg_lambda": 6.77394138833845}, "datetime": {"datetime": "2021-03-24 00:18:44", "elapsed": 105.593628, "delta": 1.411405}}
{"target": -0.33495854685872634, "params": {"model__colsample_bylevel": 0.34384119032574206, "model__colsample_bynode": 0.9293170894394918, "model__colsample_bytree": 0.9683159831104999, "model__learning_rate": 0.2982610769270747, "model__max_depth": 7.406409762666779, "model__n_estimators": 24.70131255237362, "model__reg_lambda": 6.426578943019895}, "datetime": {"datetime": "2021-03-24 00:18:45", "elapsed": 106.864242, "delta": 1.270614}}
{"target": -0.4162372288091675, "params": {"model__colsample_bylevel": 0.3, "model__colsample_bynode": 1.0, "model__colsample_bytree": 0.3, "model__learning_rate": 0.3, "model__max_depth": 2.0, "model__n_estimators": 19.66367224047217, "model__reg_lambda": 10.0}, "datetime": {"datetime": "2021-03-24 00:18:47", "elapsed": 108.25073, "delta": 1.386488}}
{"target": -0.3105598533631512, "params": {"model__colsample_bylevel": 0.365945397308743, "model__colsample_bynode": 0.958248680035291, "model__colsample_bytree": 0.9526783831882388, "model__learning_rate": 0.25045884966060517, "model__max_depth": 2.942902890466696, "model__n_estimators": 28.813772613139054, "model__reg_lambda": 0.826523375302024}, "datetime": {"datetime": "2021-03-24 00:18:48", "elapsed": 109.351141, "delta": 1.100411}}
{"target": -0.3687568528928618, "params": {"model__colsample_bylevel": 0.927060110200385, "model__colsample_bynode": 0.3071554038372073, "model__colsample_bytree": 1.0, "model__learning_rate": 0.3, "model__max_depth": 7.821520058630326, "model__n_estimators": 16.341294772586835, "model__reg_lambda": 10.0}, "datetime": {"datetime": "2021-03-24 00:18:49", "elapsed": 110.63657, "delta": 1.285429}}
{"target": -0.34158073422006346, "params": {"model__colsample_bylevel": 0.4788550603736283, "model__colsample_bynode": 0.8441688545341071, "model__colsample_bytree": 0.36101429280761926, "model__learning_rate": 0.2947316100823434, "model__max_depth": 7.91128736969995, "model__n_estimators": 24.18276026809171, "model__reg_lambda": 4.384890376693123}, "datetime": {"datetime": "2021-03-24 00:18:51", "elapsed": 112.094365, "delta": 1.457795}}
{"target": -0.335523292267243, "params": {"model__colsample_bylevel": 0.8656315257396086, "model__colsample_bynode": 0.9790132118802577, "model__colsample_bytree": 0.4393183847728248, "model__learning_rate": 0.2950677578298091, "model__max_depth": 6.6031625945830426, "model__n_estimators": 29.793286254949642, "model__reg_lambda": 6.298952359099637}, "datetime": {"datetime": "2021-03-24 00:18:52", "elapsed": 113.341832, "delta": 1.247467}}
{"target": -0.35651828443456063, "params": {"model__colsample_bylevel": 0.5955807736394803, "model__colsample_bynode": 0.9904339029524818, "model__colsample_bytree": 0.9416438347766405, "model__learning_rate": 0.2953243859099512, "model__max_depth": 4.671978699895451, "model__n_estimators": 17.344700645358298, "model__reg_lambda": 6.116517086096418}, "datetime": {"datetime": "2021-03-24 00:18:53", "elapsed": 114.644609, "delta": 1.302777}}
{"target": -0.49138256460158286, "params": {"model__colsample_bylevel": 0.3, "model__colsample_bynode": 0.3, "model__colsample_bytree": 0.3, "model__learning_rate": 0.3, "model__max_depth": 2.0, "model__n_estimators": 15.0, "model__reg_lambda": 10.0}, "datetime": {"datetime": "2021-03-24 00:18:54", "elapsed": 115.720295, "delta": 1.075686}}
{"target": -0.3610864160143757, "params": {"model__colsample_bylevel": 0.3, "model__colsample_bynode": 0.9999999949965293, "model__colsample_bytree": 1.0, "model__learning_rate": 0.3, "model__max_depth": 5.187967307784928, "model__n_estimators": 17.903315014642093, "model__reg_lambda": 10.0}, "datetime": {"datetime": "2021-03-24 00:18:56", "elapsed": 117.160482, "delta": 1.440187}}
{"target": -0.34974292121706124, "params": {"model__colsample_bylevel": 0.4840334577944356, "model__colsample_bynode": 0.981805671755275, "model__colsample_bytree": 0.9705789193215042, "model__learning_rate": 0.2640364412820192, "model__max_depth": 5.801111782577263, "model__n_estimators": 23.249584055892164, "model__reg_lambda": 9.918491377741972}, "datetime": {"datetime": "2021-03-24 00:18:57", "elapsed": 118.224202, "delta": 1.06372}}
{"target": -0.30614991980162787, "params": {"model__colsample_bylevel": 0.48340990047238486, "model__colsample_bynode": 0.8928722725803, "model__colsample_bytree": 0.9622662537835329, "model__learning_rate": 0.2668928984734602, "model__max_depth": 3.1441082273261323, "model__n_estimators": 24.50558128790844, "model__reg_lambda": 1.1883932947584452}, "datetime": {"datetime": "2021-03-24 00:18:58", "elapsed": 119.565896, "delta": 1.341694}}
