{"target": -0.3376989971842968, "params": {"model__colsample_bylevel": 0.9597945081456476, "model__colsample_bynode": 0.9608230015699584, "model__colsample_bytree": 0.9986905358515618, "model__learning_rate": 0.3, "model__max_depth": 3.0496910499944976, "model__n_estimators": 17.05820230762497, "model__reg_lambda": 0.9677656851058568}, "datetime": {"datetime": "2021-03-24 00:20:05", "elapsed": 186.731345, "delta": 1.387021}}
{"target": -0.36823633332514083, "params": {"model__colsample_bylevel": 1.0, "model__colsample_bynode": 0.9999999991489384, "model__colsample_bytree": 1.0, "model__learning_rate": 0.3, "model__max_depth": 8.0, "model__n_estimators": 17.726860928679148, "model__reg_lambda": 4.7080793574395665}, "datetime": {"datetime": "2021-03-24 00:20:07", "elapsed": 188.164064, "delta": 1.432719}}
{"target": -0.3419816495317534, "params": {"model__colsample_bylevel": 1.0, "model__colsample_bynode": 0.8928920452809288, "model__colsample_bytree": 0.9781499180777895, "model__learning_rate": 0.3, "model__max_depth": 7.999999992067597, "model__n_estimators": 28.343573996438742, "model__reg_lambda": 9.640175218372448}, "datetime": {"datetime": "2021-03-24 00:20:08", "elapsed": 189.69923, "delta": 1.535166}}
{"target": -0.3298696164696383, "params": {"model__colsample_bylevel": 0.3000000000282707, "model__colsample_bynode": 0.9999999999472279, "model__colsample_bytree": 1.0, "model__learning_rate": 0.3, "model__max_depth": 3.5142494357537712, "model__n_estimators": 17.250581884881584, "model__reg_lambda": 2.7125768035053825}, "datetime": {"datetime": "2021-03-24 00:20:10", "elapsed": 191.127191, "delta": 1.427961}}
{"target": -0.32969275722879093, "params": {"model__colsample_bylevel": 0.7511151190329097, "model__colsample_bynode": 0.5414709012141562, "model__colsample_bytree": 1.0, "model__learning_rate": 0.2999999807044812, "model__max_depth": 5.782983026498864, "model__n_estimators": 24.321435313252167, "model__reg_lambda": 1.5660757375183938}, "datetime": {"datetime": "2021-03-24 00:20:11", "elapsed": 192.525006, "delta": 1.397815}}
{"target": -0.3547310373698617, "params": {"model__colsample_bylevel": 0.3, "model__colsample_bynode": 0.3000000010151448, "model__colsample_bytree": 1.0, "model__learning_rate": 0.1, "model__max_depth": 4.088873879127878, "model__n_estimators": 29.948509013808, "model__reg_lambda": 0.24945725661764095}, "datetime": {"datetime": "2021-03-24 00:20:12", "elapsed": 193.719873, "delta": 1.194867}}
{"target": -0.3289011660970046, "params": {"model__colsample_bylevel": 0.37401875713748595, "model__colsample_bynode": 0.9098326956809406, "model__colsample_bytree": 0.9438399945129441, "model__learning_rate": 0.29208268232626, "model__max_depth": 7.970228234654433, "model__n_estimators": 23.965263370436787, "model__reg_lambda": 2.479983128294}, "datetime": {"datetime": "2021-03-24 00:20:14", "elapsed": 195.132454, "delta": 1.412581}}
{"target": -0.3169973839430368, "params": {"model__colsample_bylevel": 0.7107223990236072, "model__colsample_bynode": 0.8984641376112497, "model__colsample_bytree": 0.9976824719034865, "model__learning_rate": 0.29094558257344316, "model__max_depth": 3.3544088079967143, "model__n_estimators": 23.169431326291875, "model__reg_lambda": 0.5738825412685522}, "datetime": {"datetime": "2021-03-24 00:20:15", "elapsed": 196.550034, "delta": 1.41758}}
{"target": -0.3537689260331968, "params": {"model__colsample_bylevel": 0.3269235878582327, "model__colsample_bynode": 0.9391095609059061, "model__colsample_bytree": 0.3231439582262356, "model__learning_rate": 0.27552797358538195, "model__max_depth": 6.8362622287902814, "model__n_estimators": 26.02512428410218, "model__reg_lambda": 5.760017943711347}, "datetime": {"datetime": "2021-03-24 00:20:17", "elapsed": 198.2083, "delta": 1.658266}}
{"target": -0.3575780960177814, "params": {"model__colsample_bylevel": 1.0, "model__colsample_bynode": 1.0, "model__colsample_bytree": 0.3, "model__learning_rate": 0.3, "model__max_depth": 2.0, "model__n_estimators": 30.0, "model__reg_lambda": 10.0}, "datetime": {"datetime": "2021-03-24 00:20:18", "elapsed": 199.585945, "delta": 1.377645}}
{"target": -0.32947090167427384, "params": {"model__colsample_bylevel": 0.3342145276493277, "model__colsample_bynode": 0.983384392336893, "model__colsample_bytree": 0.927589834917147, "model__learning_rate": 0.2670723591640224, "model__max_depth": 7.780844361205958, "model__n_estimators": 24.472023227312505, "model__reg_lambda": 4.393616339238062}, "datetime": {"datetime": "2021-03-24 00:20:20", "elapsed": 201.105683, "delta": 1.519738}}
{"target": -0.3610114513815421, "params": {"model__colsample_bylevel": 1.0, "model__colsample_bynode": 0.3, "model__colsample_bytree": 0.5192316798517729, "model__learning_rate": 0.3, "model__max_depth": 6.762063708232812, "model__n_estimators": 23.734699316876466, "model__reg_lambda": 10.0}, "datetime": {"datetime": "2021-03-24 00:20:21", "elapsed": 202.429571, "delta": 1.323888}}
{"target": -0.3686639217261657, "params": {"model__colsample_bylevel": 1.0, "model__colsample_bynode": 0.3, "model__colsample_bytree": 1.0, "model__learning_rate": 0.3, "model__max_depth": 5.260696755543729, "model__n_estimators": 18.241047417267566, "model__reg_lambda": 9.554183935497539}, "datetime": {"datetime": "2021-03-24 00:20:22", "elapsed": 203.686977, "delta": 1.257406}}
{"target": -0.3445493077343006, "params": {"model__colsample_bylevel": 0.9741911801836336, "model__colsample_bynode": 0.996012718073638, "model__colsample_bytree": 0.931923886032028, "model__learning_rate": 0.2934288368679608, "model__max_depth": 2.4475796114366446, "model__n_estimators": 27.23022709524367, "model__reg_lambda": 4.3192363254085295}, "datetime": {"datetime": "2021-03-24 00:20:24", "elapsed": 205.551779, "delta": 1.864802}}
{"target": -0.33911089157125496, "params": {"model__colsample_bylevel": 0.31792298397060853, "model__colsample_bynode": 1.0, "model__colsample_bytree": 0.45801568860671554, "model__learning_rate": 0.3, "model__max_depth": 8.0, "model__n_estimators": 16.0592859577905, "model__reg_lambda": 1.885841670633633}, "datetime": {"datetime": "2021-03-24 00:20:25", "elapsed": 206.799545, "delta": 1.247766}}
{"target": -0.32555881425353655, "params": {"model__colsample_bylevel": 0.9644190954407255, "model__colsample_bynode": 0.4987590708790608, "model__colsample_bytree": 0.9319972890214412, "model__learning_rate": 0.2744522272143072, "model__max_depth": 7.4750770719702775, "model__n_estimators": 27.681070315784172, "model__reg_lambda": 6.768078476280804}, "datetime": {"datetime": "2021-03-24 00:20:27", "elapsed": 208.099406, "delta": 1.299861}}
{"target": -0.3348792069807541, "params": {"model__colsample_bylevel": 0.34707852832882125, "model__colsample_bynode": 0.9610344008573033, "model__colsample_bytree": 0.9957778578225573, "model__learning_rate": 0.2929505747886002, "model__max_depth": 7.574000253928377, "model__n_estimators": 29.842846461654414, "model__reg_lambda": 4.231717126862975}, "datetime": {"datetime": "2021-03-24 00:20:28", "elapsed": 209.495044, "delta": 1.395638}}
{"target": -0.3344891352779772, "params": {"model__colsample_bylevel": 0.34131180446380016, "model__colsample_bynode": 0.9556835735060394, "model__colsample_bytree": 0.9313274899401314, "model__learning_rate": 0.298841782068336, "model__max_depth": 7.8559268162733, "model__n_estimators": 19.166021474833745, "model__reg_lambda": 0.5045008094386505}, "datetime": {"datetime": "2021-03-24 00:20:29", "elapsed": 210.830573, "delta": 1.335529}}
{"target": -0.3755643065904092, "params": {"model__colsample_bylevel": 0.3188044694623626, "model__colsample_bynode": 0.5124910309621177, "model__colsample_bytree": 0.983603703647739, "model__learning_rate": 0.11530821587934839, "model__max_depth": 4.634330011071828, "model__n_estimators": 25.504647580593645, "model__reg_lambda": 1.317818025165216}, "datetime": {"datetime": "2021-03-24 00:20:31", "elapsed": 212.162364, "delta": 1.331791}}
{"target": -0.334099341565625, "params": {"model__colsample_bylevel": 0.6571842183803359, "model__colsample_bynode": 0.6839407849675303, "model__colsample_bytree": 0.9068883432417858, "model__learning_rate": 0.2920790852458208, "model__max_depth": 2.9311943371373226, "model__n_estimators": 24.612775414450358, "model__reg_lambda": 0.00965499740896103}, "datetime": {"datetime": "2021-03-24 00:20:32", "elapsed": 213.483095, "delta": 1.320731}}
{"target": -0.35211315955123124, "params": {"model__colsample_bylevel": 0.8186328620278198, "model__colsample_bynode": 0.9259879811035907, "model__colsample_bytree": 0.9625888497164057, "model__learning_rate": 0.2859844327202089, "model__max_depth": 2.4778800224181805, "model__n_estimators": 26.277188973398246, "model__reg_lambda": 0.8266272138790876}, "datetime": {"datetime": "2021-03-24 00:20:33", "elapsed": 214.908346, "delta": 1.425251}}
{"target": -0.3189068304060999, "params": {"model__colsample_bylevel": 0.9238403688603354, "model__colsample_bynode": 0.3019284825369779, "model__colsample_bytree": 0.9982469784561219, "model__learning_rate": 0.2958685014850899, "model__max_depth": 5.253827976135878, "model__n_estimators": 27.70486970479753, "model__reg_lambda": 7.631062322911841}, "datetime": {"datetime": "2021-03-24 00:20:35", "elapsed": 216.12148, "delta": 1.213134}}
{"target": -0.37548580080392246, "params": {"model__colsample_bylevel": 0.4646195404042121, "model__colsample_bynode": 0.9640480981200845, "model__colsample_bytree": 0.8484961706678158, "model__learning_rate": 0.20532679202507043, "model__max_depth": 2.0171670197829616, "model__n_estimators": 23.917296288382722, "model__reg_lambda": 5.465080613477559}, "datetime": {"datetime": "2021-03-24 00:20:36", "elapsed": 217.517082, "delta": 1.395602}}
{"target": -0.36722482665124745, "params": {"model__colsample_bylevel": 0.7780617048853133, "model__colsample_bynode": 0.6906496865975882, "model__colsample_bytree": 0.9985010665617744, "model__learning_rate": 0.29278684235230507, "model__max_depth": 2.1470763478439094, "model__n_estimators": 28.015442116977983, "model__reg_lambda": 9.55453380051094}, "datetime": {"datetime": "2021-03-24 00:20:37", "elapsed": 218.798452, "delta": 1.28137}}
{"target": -0.3996176554703329, "params": {"model__colsample_bylevel": 0.8759151052366165, "model__colsample_bynode": 0.9980095193708904, "model__colsample_bytree": 0.35519972885128215, "model__learning_rate": 0.27462367504152013, "model__max_depth": 4.999372501470606, "model__n_estimators": 15.779401715648012, "model__reg_lambda": 0.5688371159706185}, "datetime": {"datetime": "2021-03-24 00:20:39", "elapsed": 220.174801, "delta": 1.376349}}
{"target": -0.35069061880155156, "params": {"model__colsample_bylevel": 1.0, "model__colsample_bynode": 0.3, "model__colsample_bytree": 1.0, "model__learning_rate": 0.3, "model__max_depth": 2.0, "model__n_estimators": 29.991385192342797, "model__reg_lambda": 10.0}, "datetime": {"datetime": "2021-03-24 00:20:40", "elapsed": 221.739628, "delta": 1.564827}}
{"target": -0.38554360504410623, "params": {"model__colsample_bylevel": 0.9106753950937199, "model__colsample_bynode": 0.9997235861524096, "model__colsample_bytree": 0.9725136400468701, "model__learning_rate": 0.29231036832287205, "model__max_depth": 6.09408651830574, "model__n_estimators": 24.015315976895117, "model__reg_lambda": 0.20793152759473577}, "datetime": {"datetime": "2021-03-24 00:20:42", "elapsed": 223.223952, "delta": 1.484324}}
{"target": -0.3247536635748448, "params": {"model__colsample_bylevel": 0.9864607241210017, "model__colsample_bynode": 0.3337121549809368, "model__colsample_bytree": 0.9397133092342835, "model__learning_rate": 0.24758041107503478, "model__max_depth": 2.602836662937766, "model__n_estimators": 22.93637316954091, "model__reg_lambda": 0.18500951354576078}, "datetime": {"datetime": "2021-03-24 00:20:43", "elapsed": 224.424124, "delta": 1.200172}}
{"target": -0.33286935268037454, "params": {"model__colsample_bylevel": 0.5187112259794592, "model__colsample_bynode": 0.9999999999399135, "model__colsample_bytree": 1.0, "model__learning_rate": 0.3, "model__max_depth": 7.999999997653003, "model__n_estimators": 28.844169088517887, "model__reg_lambda": 6.2832155750521155}, "datetime": {"datetime": "2021-03-24 00:20:45", "elapsed": 225.976487, "delta": 1.552363}}
{"target": -0.34218416742649793, "params": {"model__colsample_bylevel": 1.0, "model__colsample_bynode": 1.0, "model__colsample_bytree": 0.9999999700648576, "model__learning_rate": 0.3, "model__max_depth": 6.5744578227690535, "model__n_estimators": 24.399678903935104, "model__reg_lambda": 6.5355277754823655}, "datetime": {"datetime": "2021-03-24 00:20:46", "elapsed": 227.854342, "delta": 1.877855}}
{"target": -0.35912612277805217, "params": {"model__colsample_bylevel": 0.6994415867446973, "model__colsample_bynode": 0.3627168786136563, "model__colsample_bytree": 0.7407870697582606, "model__learning_rate": 0.2758780556745162, "model__max_depth": 7.044175463131569, "model__n_estimators": 29.14459544902249, "model__reg_lambda": 4.970428185578203}, "datetime": {"datetime": "2021-03-24 00:20:48", "elapsed": 229.060541, "delta": 1.206199}}
{"target": -0.35931845604900975, "params": {"model__colsample_bylevel": 0.3, "model__colsample_bynode": 1.0, "model__colsample_bytree": 0.39769883285653496, "model__learning_rate": 0.3, "model__max_depth": 7.936391364525082, "model__n_estimators": 26.479276398009702, "model__reg_lambda": 10.0}, "datetime": {"datetime": "2021-03-24 00:20:49", "elapsed": 230.891346, "delta": 1.830805}}
{"target": -0.3493467484921406, "params": {"model__colsample_bylevel": 0.8552231186447163, "model__colsample_bynode": 0.8612930159436365, "model__colsample_bytree": 0.8643847319158644, "model__learning_rate": 0.2893341996536256, "model__max_depth": 7.991668281924038, "model__n_estimators": 26.269566745530597, "model__reg_lambda": 5.81266209352214}, "datetime": {"datetime": "2021-03-24 00:20:51", "elapsed": 232.266327, "delta": 1.374981}}
{"target": -0.33049956831973104, "params": {"model__colsample_bylevel": 0.724414212776216, "model__colsample_bynode": 0.9844237842590906, "model__colsample_bytree": 0.822711750515289, "model__learning_rate": 0.28329726130248567, "model__max_depth": 7.852341730545297, "model__n_estimators": 21.795387244208236, "model__reg_lambda": 6.806796964669734}, "datetime": {"datetime": "2021-03-24 00:20:53", "elapsed": 234.135506, "delta": 1.869179}}
{"target": -0.3608821837933383, "params": {"model__colsample_bylevel": 0.3627221003624233, "model__colsample_bynode": 0.6662497751232961, "model__colsample_bytree": 0.9647311151613673, "model__learning_rate": 0.2690432738199773, "model__max_depth": 2.9770070907528425, "model__n_estimators": 29.777836804464243, "model__reg_lambda": 2.2273193783438083}, "datetime": {"datetime": "2021-03-24 00:20:54", "elapsed": 235.396437, "delta": 1.260931}}
{"target": -0.40329242510775076, "params": {"model__colsample_bylevel": 0.31969448922640104, "model__colsample_bynode": 0.8214830681456173, "model__colsample_bytree": 0.5022842327480537, "model__learning_rate": 0.27471030589425727, "model__max_depth": 7.948434642009908, "model__n_estimators": 16.430576561857457, "model__reg_lambda": 9.844914774538031}, "datetime": {"datetime": "2021-03-24 00:20:55", "elapsed": 236.673249, "delta": 1.276812}}
{"target": -0.3212529303850201, "params": {"model__colsample_bylevel": 0.30786972930366324, "model__colsample_bynode": 0.9286289205133751, "model__colsample_bytree": 0.9745434959144081, "model__learning_rate": 0.2950740761629429, "model__max_depth": 3.6245829457069796, "model__n_estimators": 26.14318964526297, "model__reg_lambda": 6.626461373929854}, "datetime": {"datetime": "2021-03-24 00:20:57", "elapsed": 238.061872, "delta": 1.388623}}
{"target": -0.35840652010680263, "params": {"model__colsample_bylevel": 0.9405436742244422, "model__colsample_bynode": 0.9095432614153462, "model__colsample_bytree": 0.9063744606923467, "model__learning_rate": 0.267757799265514, "model__max_depth": 3.9100974468628005, "model__n_estimators": 26.842341241169454, "model__reg_lambda": 8.181663060247612}, "datetime": {"datetime": "2021-03-24 00:20:58", "elapsed": 239.471056, "delta": 1.409184}}
{"target": -0.34878247121882133, "params": {"model__colsample_bylevel": 1.0, "model__colsample_bynode": 0.9607853503294234, "model__colsample_bytree": 1.0, "model__learning_rate": 0.3, "model__max_depth": 4.436225352474832, "model__n_estimators": 16.77842070609539, "model__reg_lambda": 3.881956885010883}, "datetime": {"datetime": "2021-03-24 00:21:00", "elapsed": 241.140304, "delta": 1.669248}}
{"target": -0.3447171563154383, "params": {"model__colsample_bylevel": 0.7228351123071268, "model__colsample_bynode": 0.99999989215304, "model__colsample_bytree": 0.9999999550835772, "model__learning_rate": 0.3, "model__max_depth": 4.369555732768774, "model__n_estimators": 21.326000334066638, "model__reg_lambda": 10.0}, "datetime": {"datetime": "2021-03-24 00:21:01", "elapsed": 242.577123, "delta": 1.436819}}
{"target": -0.3386894294647904, "params": {"model__colsample_bylevel": 0.38687315058606214, "model__colsample_bynode": 0.8550565030548585, "model__colsample_bytree": 0.9684237126692548, "model__learning_rate": 0.2874508689722209, "model__max_depth": 7.0641902709701885, "model__n_estimators": 29.913371934181164, "model__reg_lambda": 8.247757712186063}, "datetime": {"datetime": "2021-03-24 00:21:03", "elapsed": 243.981718, "delta": 1.404595}}
{"target": -0.34887042274216506, "params": {"model__colsample_bylevel": 0.915780027081674, "model__colsample_bynode": 0.31932874351267093, "model__colsample_bytree": 0.3234230508353575, "model__learning_rate": 0.29615746804836374, "model__max_depth": 6.902905486871488, "model__n_estimators": 29.3942385550151, "model__reg_lambda": 0.0624435413542801}, "datetime": {"datetime": "2021-03-24 00:21:04", "elapsed": 245.370005, "delta": 1.388287}}
{"target": -0.3970029171542737, "params": {"model__colsample_bylevel": 1.0, "model__colsample_bynode": 0.3, "model__colsample_bytree": 1.0, "model__learning_rate": 0.3, "model__max_depth": 2.0, "model__n_estimators": 15.0, "model__reg_lambda": 6.138472370651888}, "datetime": {"datetime": "2021-03-24 00:21:05", "elapsed": 246.906978, "delta": 1.536973}}
