{"target": -0.3519266761339985, "params": {"model__colsample_bylevel": 0.37511326943563417, "model__colsample_bynode": 0.4151947135582679, "model__colsample_bytree": 0.9945871229682903, "model__learning_rate": 0.2967142456471369, "model__max_depth": 7.911281972264119, "model__n_estimators": 17.887405661408287, "model__reg_lambda": 4.3824252402102095}, "datetime": {"datetime": "2021-03-24 00:18:59", "elapsed": 120.564129, "delta": 0.998233}}
{"target": -0.38663493169984525, "params": {"model__colsample_bylevel": 0.3, "model__colsample_bynode": 0.5812235569392017, "model__colsample_bytree": 0.3, "model__learning_rate": 0.3, "model__max_depth": 3.2674620411073434, "model__n_estimators": 21.692249012547638, "model__reg_lambda": 7.440883875562886}, "datetime": {"datetime": "2021-03-24 00:19:00", "elapsed": 121.662561, "delta": 1.098432}}
{"target": -0.3942146770197196, "params": {"model__colsample_bylevel": 1.0, "model__colsample_bynode": 0.3, "model__colsample_bytree": 0.3, "model__learning_rate": 0.3, "model__max_depth": 5.228004330963737, "model__n_estimators": 16.546824793027728, "model__reg_lambda": 10.0}, "datetime": {"datetime": "2021-03-24 00:19:02", "elapsed": 123.008761, "delta": 1.3462}}
{"target": -0.3516817835338441, "params": {"model__colsample_bylevel": 0.4010004320009911, "model__colsample_bynode": 0.956677527912642, "model__colsample_bytree": 0.9314043148450939, "model__learning_rate": 0.20407094662969288, "model__max_depth": 4.469559894362086, "model__n_estimators": 29.547688477726453, "model__reg_lambda": 3.822212680152525}, "datetime": {"datetime": "2021-03-24 00:19:03", "elapsed": 124.014793, "delta": 1.006032}}
{"target": -0.347799362393393, "params": {"model__colsample_bylevel": 0.30706215650417457, "model__colsample_bynode": 0.4739805887504794, "model__colsample_bytree": 0.8796125314083421, "model__learning_rate": 0.23303973947540807, "model__max_depth": 7.384008154804893, "model__n_estimators": 29.407107967865908, "model__reg_lambda": 6.834424437424596}, "datetime": {"datetime": "2021-03-24 00:19:04", "elapsed": 125.184248, "delta": 1.169455}}
{"target": -0.32835691792998406, "params": {"model__colsample_bylevel": 0.9276349769632466, "model__colsample_bynode": 0.3428523279461468, "model__colsample_bytree": 0.9798500267121937, "model__learning_rate": 0.12396363263542079, "model__max_depth": 2.597113996851683, "model__n_estimators": 28.182700226509247, "model__reg_lambda": 0.08429914721045373}, "datetime": {"datetime": "2021-03-24 00:19:05", "elapsed": 126.314219, "delta": 1.129971}}
{"target": -0.3629170007163497, "params": {"model__colsample_bylevel": 0.35124714684201047, "model__colsample_bynode": 0.8692404291184579, "model__colsample_bytree": 0.8953220529993688, "model__learning_rate": 0.29013564975571315, "model__max_depth": 4.171651155661488, "model__n_estimators": 28.73067232964274, "model__reg_lambda": 9.907481054667706}, "datetime": {"datetime": "2021-03-24 00:19:06", "elapsed": 127.559404, "delta": 1.245185}}
{"target": -0.3433049798632662, "params": {"model__colsample_bylevel": 0.9433654899809414, "model__colsample_bynode": 0.38284520498855923, "model__colsample_bytree": 0.3623022318664081, "model__learning_rate": 0.28359935625582133, "model__max_depth": 6.3101039303088395, "model__n_estimators": 28.205567513550037, "model__reg_lambda": 8.93474979946242}, "datetime": {"datetime": "2021-03-24 00:19:07", "elapsed": 128.911673, "delta": 1.352269}}
{"target": -0.33670451605449553, "params": {"model__colsample_bylevel": 0.3057544176978655, "model__colsample_bynode": 0.9662824021433267, "model__colsample_bytree": 0.30944283223123964, "model__learning_rate": 0.24443125151976638, "model__max_depth": 7.0077302047115015, "model__n_estimators": 28.453094378208718, "model__reg_lambda": 3.8251935714877936}, "datetime": {"datetime": "2021-03-24 00:19:08", "elapsed": 129.864869, "delta": 0.953196}}
{"target": -0.3602293454269217, "params": {"model__colsample_bylevel": 0.3222348968202111, "model__colsample_bynode": 0.6195303521075306, "model__colsample_bytree": 0.36052246737567867, "model__learning_rate": 0.2935705078167331, "model__max_depth": 2.239483692285276, "model__n_estimators": 27.422716108271054, "model__reg_lambda": 1.0903246468166827}, "datetime": {"datetime": "2021-03-24 00:19:10", "elapsed": 130.96965, "delta": 1.104781}}
{"target": -0.3359762394881766, "params": {"model__colsample_bylevel": 0.9509564430539663, "model__colsample_bynode": 0.7147609731130214, "model__colsample_bytree": 0.8718227660392857, "model__learning_rate": 0.26384681142675614, "model__max_depth": 4.880901806211049, "model__n_estimators": 29.112876287837626, "model__reg_lambda": 7.392055665380975}, "datetime": {"datetime": "2021-03-24 00:19:11", "elapsed": 132.546474, "delta": 1.576824}}
{"target": -0.34718929976326135, "params": {"model__colsample_bylevel": 0.6142338845946449, "model__colsample_bynode": 0.9555110752033755, "model__colsample_bytree": 0.7264957602920937, "model__learning_rate": 0.16419003486317102, "model__max_depth": 2.6370402987015416, "model__n_estimators": 23.741304853665007, "model__reg_lambda": 0.6062257874471944}, "datetime": {"datetime": "2021-03-24 00:19:12", "elapsed": 133.606252, "delta": 1.059778}}
{"target": -0.34253900263094056, "params": {"model__colsample_bylevel": 0.35860218425841384, "model__colsample_bynode": 1.0, "model__colsample_bytree": 0.3000000043326558, "model__learning_rate": 0.3, "model__max_depth": 7.9013765583205, "model__n_estimators": 29.28753834614849, "model__reg_lambda": 6.851415072029134}, "datetime": {"datetime": "2021-03-24 00:19:13", "elapsed": 134.686004, "delta": 1.079752}}
{"target": -0.3697061013963505, "params": {"model__colsample_bylevel": 0.3000000088658818, "model__colsample_bynode": 0.9535408600954551, "model__colsample_bytree": 1.0, "model__learning_rate": 0.3, "model__max_depth": 5.917126661602884, "model__n_estimators": 20.296607530093972, "model__reg_lambda": 4.5860312937954975}, "datetime": {"datetime": "2021-03-24 00:19:15", "elapsed": 136.01427, "delta": 1.328266}}
{"target": -0.3614325556670403, "params": {"model__colsample_bylevel": 0.9683075855591747, "model__colsample_bynode": 0.33823695271619714, "model__colsample_bytree": 0.9098736094349591, "model__learning_rate": 0.28993594161964953, "model__max_depth": 7.741545515600995, "model__n_estimators": 23.500225685971714, "model__reg_lambda": 0.3990331566051608}, "datetime": {"datetime": "2021-03-24 00:19:16", "elapsed": 137.115018, "delta": 1.100748}}
{"target": -0.3327747311949244, "params": {"model__colsample_bylevel": 0.39513624040548834, "model__colsample_bynode": 0.9751683417442958, "model__colsample_bytree": 0.958991819724867, "model__learning_rate": 0.2620596357044037, "model__max_depth": 2.3570540196207856, "model__n_estimators": 27.931528654676338, "model__reg_lambda": 0.0906019465976482}, "datetime": {"datetime": "2021-03-24 00:19:17", "elapsed": 138.440776, "delta": 1.325758}}
{"target": -0.365903385752893, "params": {"model__colsample_bylevel": 0.30308850503727597, "model__colsample_bynode": 0.30000000157585893, "model__colsample_bytree": 1.0, "model__learning_rate": 0.3, "model__max_depth": 2.00000003253117, "model__n_estimators": 20.018354696129737, "model__reg_lambda": 1.8045409397296241}, "datetime": {"datetime": "2021-03-24 00:19:18", "elapsed": 139.73522, "delta": 1.294444}}
{"target": -0.4074796073543637, "params": {"model__colsample_bylevel": 0.9493105158303097, "model__colsample_bynode": 0.43233491225651377, "model__colsample_bytree": 0.7050033637950253, "model__learning_rate": 0.12225298330208485, "model__max_depth": 5.82195191974941, "model__n_estimators": 29.910244439429512, "model__reg_lambda": 9.976870248617743}, "datetime": {"datetime": "2021-03-24 00:19:20", "elapsed": 141.189493, "delta": 1.454273}}
{"target": -0.3784693750478597, "params": {"model__colsample_bylevel": 0.3, "model__colsample_bynode": 1.0, "model__colsample_bytree": 0.3, "model__learning_rate": 0.3, "model__max_depth": 7.945737028086247, "model__n_estimators": 15.057670418805326, "model__reg_lambda": 5.123703895220784}, "datetime": {"datetime": "2021-03-24 00:19:21", "elapsed": 142.239048, "delta": 1.049555}}
{"target": -0.34528832372254353, "params": {"model__colsample_bylevel": 0.9429069305844924, "model__colsample_bynode": 0.39932185837073975, "model__colsample_bytree": 0.9227560727618227, "model__learning_rate": 0.271715615828245, "model__max_depth": 2.209504933643815, "model__n_estimators": 19.791246823413097, "model__reg_lambda": 0.13310126163970315}, "datetime": {"datetime": "2021-03-24 00:19:22", "elapsed": 143.5809, "delta": 1.341852}}
{"target": -0.3446511074195387, "params": {"model__colsample_bylevel": 0.9999999924396332, "model__colsample_bynode": 1.0, "model__colsample_bytree": 1.0, "model__learning_rate": 0.3, "model__max_depth": 5.466607038828627, "model__n_estimators": 29.422713629183477, "model__reg_lambda": 9.953555195270413}, "datetime": {"datetime": "2021-03-24 00:19:24", "elapsed": 145.164927, "delta": 1.584027}}
{"target": -0.32627681349758464, "params": {"model__colsample_bylevel": 0.6902041228250274, "model__colsample_bynode": 0.39678509259295136, "model__colsample_bytree": 0.9936645561808224, "model__learning_rate": 0.29566825038107825, "model__max_depth": 2.2730198774595936, "model__n_estimators": 29.137737826496874, "model__reg_lambda": 0.8390924978593939}, "datetime": {"datetime": "2021-03-24 00:19:25", "elapsed": 146.502363, "delta": 1.337436}}
{"target": -0.33844244513117394, "params": {"model__colsample_bylevel": 0.6581318813700905, "model__colsample_bynode": 0.31517426793559317, "model__colsample_bytree": 0.8262068744001054, "model__learning_rate": 0.2939146363902929, "model__max_depth": 3.157448596305913, "model__n_estimators": 24.15452370725314, "model__reg_lambda": 1.0559166103723572}, "datetime": {"datetime": "2021-03-24 00:19:26", "elapsed": 147.583645, "delta": 1.081282}}
{"target": -0.39054928638945346, "params": {"model__colsample_bylevel": 1.0, "model__colsample_bynode": 0.3, "model__colsample_bytree": 0.4397963278285367, "model__learning_rate": 0.3, "model__max_depth": 2.0, "model__n_estimators": 21.72349272974181, "model__reg_lambda": 10.0}, "datetime": {"datetime": "2021-03-24 00:19:27", "elapsed": 148.641035, "delta": 1.05739}}
{"target": -0.34757551683511156, "params": {"model__colsample_bylevel": 1.0, "model__colsample_bynode": 1.0, "model__colsample_bytree": 0.6540712912709733, "model__learning_rate": 0.3, "model__max_depth": 6.140750523057107, "model__n_estimators": 26.723016318351583, "model__reg_lambda": 10.0}, "datetime": {"datetime": "2021-03-24 00:19:28", "elapsed": 149.936504, "delta": 1.295469}}
{"target": -0.3737631556790565, "params": {"model__colsample_bylevel": 0.529735808281726, "model__colsample_bynode": 0.3, "model__colsample_bytree": 1.0, "model__learning_rate": 0.3, "model__max_depth": 3.7731275728293223, "model__n_estimators": 18.986460635888218, "model__reg_lambda": 7.643426107665114}, "datetime": {"datetime": "2021-03-24 00:19:30", "elapsed": 151.343506, "delta": 1.407002}}
{"target": -0.40536427483893933, "params": {"model__colsample_bylevel": 0.9566803606553755, "model__colsample_bynode": 0.41964058149855593, "model__colsample_bytree": 0.3105169242974057, "model__learning_rate": 0.28161633689802246, "model__max_depth": 2.129981364346074, "model__n_estimators": 20.08939570439647, "model__reg_lambda": 1.4365215130814246}, "datetime": {"datetime": "2021-03-24 00:19:31", "elapsed": 152.653978, "delta": 1.310472}}
{"target": -0.442852681748353, "params": {"model__colsample_bylevel": 0.3, "model__colsample_bynode": 0.3, "model__colsample_bytree": 0.3, "model__learning_rate": 0.3, "model__max_depth": 4.58380833981218, "model__n_estimators": 15.000000000351848, "model__reg_lambda": 6.333229619740902}, "datetime": {"datetime": "2021-03-24 00:19:32", "elapsed": 153.923483, "delta": 1.269505}}
{"target": -0.36040235949828675, "params": {"model__colsample_bylevel": 0.9999999989137247, "model__colsample_bynode": 0.30770669750558033, "model__colsample_bytree": 1.0, "model__learning_rate": 0.3, "model__max_depth": 6.092861383078077, "model__n_estimators": 16.139952950034576, "model__reg_lambda": 8.192029155186729}, "datetime": {"datetime": "2021-03-24 00:19:34", "elapsed": 155.2124, "delta": 1.288917}}
{"target": -0.3141651538008338, "params": {"model__colsample_bylevel": 0.3419266362553412, "model__colsample_bynode": 0.9097572180091633, "model__colsample_bytree": 0.9520914931287703, "model__learning_rate": 0.2979604853488117, "model__max_depth": 3.4229215108576785, "model__n_estimators": 28.047567034891436, "model__reg_lambda": 2.1415198127905413}, "datetime": {"datetime": "2021-03-24 00:19:35", "elapsed": 156.450943, "delta": 1.238543}}
{"target": -0.3262842931128377, "params": {"model__colsample_bylevel": 0.3, "model__colsample_bynode": 1.0, "model__colsample_bytree": 1.0, "model__learning_rate": 0.3, "model__max_depth": 4.000417152215832, "model__n_estimators": 15.928394395738875, "model__reg_lambda": 0.17859556491688058}, "datetime": {"datetime": "2021-03-24 00:19:36", "elapsed": 157.616537, "delta": 1.165594}}
{"target": -0.36693341640892196, "params": {"model__colsample_bylevel": 0.5293790131564579, "model__colsample_bynode": 0.9604738586842749, "model__colsample_bytree": 0.9975615067824328, "model__learning_rate": 0.29091450647067196, "model__max_depth": 7.141502361214855, "model__n_estimators": 20.658125076691743, "model__reg_lambda": 1.0846370847087428}, "datetime": {"datetime": "2021-03-24 00:19:38", "elapsed": 158.974133, "delta": 1.357596}}
{"target": -0.3255648801656629, "params": {"model__colsample_bylevel": 0.3238768237062061, "model__colsample_bynode": 0.9424329923916464, "model__colsample_bytree": 0.9070308489584167, "model__learning_rate": 0.28325325557281084, "model__max_depth": 3.9904157967542706, "model__n_estimators": 25.176978113517272, "model__reg_lambda": 2.90643385103333}, "datetime": {"datetime": "2021-03-24 00:19:39", "elapsed": 160.250151, "delta": 1.276018}}
{"target": -0.3349383871371358, "params": {"model__colsample_bylevel": 0.8114525350879898, "model__colsample_bynode": 0.7167793117165633, "model__colsample_bytree": 0.9780490762920697, "model__learning_rate": 0.2882116126088777, "model__max_depth": 7.968787310869418, "model__n_estimators": 29.24641496149561, "model__reg_lambda": 3.9815724816005837}, "datetime": {"datetime": "2021-03-24 00:19:40", "elapsed": 161.557816, "delta": 1.307665}}
{"target": -0.33536022300916335, "params": {"model__colsample_bylevel": 0.3000000076530604, "model__colsample_bynode": 0.9999998307460848, "model__colsample_bytree": 0.9999999922248316, "model__learning_rate": 0.3, "model__max_depth": 5.924349899652588, "model__n_estimators": 26.817217607351488, "model__reg_lambda": 7.2271711552166105}, "datetime": {"datetime": "2021-03-24 00:19:42", "elapsed": 162.987783, "delta": 1.429967}}
{"target": -0.3517414910334122, "params": {"model__colsample_bylevel": 1.0, "model__colsample_bynode": 1.0, "model__colsample_bytree": 1.0, "model__learning_rate": 0.3, "model__max_depth": 2.0000000333915846, "model__n_estimators": 25.68770939680911, "model__reg_lambda": 6.959049732312496}, "datetime": {"datetime": "2021-03-24 00:19:43", "elapsed": 164.176163, "delta": 1.18838}}
{"target": -0.3147325506832019, "params": {"model__colsample_bylevel": 0.3412459163339515, "model__colsample_bynode": 0.9355288769312426, "model__colsample_bytree": 0.9759416296942576, "model__learning_rate": 0.2926903223812548, "model__max_depth": 3.944129216787055, "model__n_estimators": 16.172827616173574, "model__reg_lambda": 2.081078865083088}, "datetime": {"datetime": "2021-03-24 00:19:44", "elapsed": 165.419243, "delta": 1.24308}}
{"target": -0.32023475851148253, "params": {"model__colsample_bylevel": 0.9555892926364273, "model__colsample_bynode": 0.4813336099408039, "model__colsample_bytree": 0.9349172170978179, "model__learning_rate": 0.279694440166836, "model__max_depth": 3.469930198213387, "model__n_estimators": 29.96994913941009, "model__reg_lambda": 9.429624436399157}, "datetime": {"datetime": "2021-03-24 00:19:45", "elapsed": 166.651417, "delta": 1.232174}}
{"target": -0.33266591455119293, "params": {"model__colsample_bylevel": 0.9999999179185352, "model__colsample_bynode": 1.0, "model__colsample_bytree": 0.9999998989182203, "model__learning_rate": 0.3, "model__max_depth": 2.0000000701773635, "model__n_estimators": 30.0, "model__reg_lambda": 2.7780731339715437}, "datetime": {"datetime": "2021-03-24 00:19:47", "elapsed": 168.13439, "delta": 1.482973}}
{"target": -0.37593392460822955, "params": {"model__colsample_bylevel": 0.37306001054776244, "model__colsample_bynode": 0.3163264791229123, "model__colsample_bytree": 1.0, "model__learning_rate": 0.3, "model__max_depth": 5.859140412942021, "model__n_estimators": 16.95459475569667, "model__reg_lambda": 2.8185705449850373}, "datetime": {"datetime": "2021-03-24 00:19:48", "elapsed": 169.322712, "delta": 1.188322}}
{"target": -0.32532345690103115, "params": {"model__colsample_bylevel": 0.6295002565793859, "model__colsample_bynode": 0.9999999951957216, "model__colsample_bytree": 0.9999999868668265, "model__learning_rate": 0.3, "model__max_depth": 7.429056900235351, "model__n_estimators": 28.216260918319385, "model__reg_lambda": 8.466975046997572}, "datetime": {"datetime": "2021-03-24 00:19:49", "elapsed": 170.931059, "delta": 1.608347}}
{"target": -0.32065400328365684, "params": {"model__colsample_bylevel": 0.4433077010326131, "model__colsample_bynode": 0.9587402207284994, "model__colsample_bytree": 0.5839041940506222, "model__learning_rate": 0.22317461287760318, "model__max_depth": 7.97271472825021, "model__n_estimators": 17.750407800135903, "model__reg_lambda": 0.019086761142874664}, "datetime": {"datetime": "2021-03-24 00:19:51", "elapsed": 172.165623, "delta": 1.234564}}
{"target": -0.40039727871113906, "params": {"model__colsample_bylevel": 0.400619715455534, "model__colsample_bynode": 0.34232722711735875, "model__colsample_bytree": 0.3666867324008034, "model__learning_rate": 0.2599060740077752, "model__max_depth": 7.76621167843582, "model__n_estimators": 17.60222363848481, "model__reg_lambda": 0.08294619107683587}, "datetime": {"datetime": "2021-03-24 00:19:52", "elapsed": 173.572756, "delta": 1.407133}}
{"target": -0.34990140946339, "params": {"model__colsample_bylevel": 0.3, "model__colsample_bynode": 1.0, "model__colsample_bytree": 1.0, "model__learning_rate": 0.3, "model__max_depth": 8.0, "model__n_estimators": 15.40303263611002, "model__reg_lambda": 4.145276131828989}, "datetime": {"datetime": "2021-03-24 00:19:53", "elapsed": 174.718427, "delta": 1.145671}}
{"target": -0.35345442383423575, "params": {"model__colsample_bylevel": 0.34311881492134433, "model__colsample_bynode": 1.0, "model__colsample_bytree": 1.0, "model__learning_rate": 0.3, "model__max_depth": 2.7927607790664424, "model__n_estimators": 19.275886056296475, "model__reg_lambda": 0.7701865085166122}, "datetime": {"datetime": "2021-03-24 00:19:54", "elapsed": 175.86465, "delta": 1.146223}}
{"target": -0.3678167465449972, "params": {"model__colsample_bylevel": 0.9560982799027453, "model__colsample_bynode": 0.902881404094787, "model__colsample_bytree": 0.7618366855173604, "model__learning_rate": 0.2309641148895938, "model__max_depth": 7.848641639775254, "model__n_estimators": 16.544312753407276, "model__reg_lambda": 0.6296567653820528}, "datetime": {"datetime": "2021-03-24 00:19:56", "elapsed": 177.037185, "delta": 1.172535}}
{"target": -0.3261418458054929, "params": {"model__colsample_bylevel": 0.9210658442559803, "model__colsample_bynode": 0.3218431761551727, "model__colsample_bytree": 0.3137186702300278, "model__learning_rate": 0.28378577904999097, "model__max_depth": 7.4930476638996115, "model__n_estimators": 29.073632847419688, "model__reg_lambda": 1.4990525438533753}, "datetime": {"datetime": "2021-03-24 00:19:57", "elapsed": 178.337639, "delta": 1.300454}}
{"target": -0.33178412888327313, "params": {"model__colsample_bylevel": 0.9725389060486667, "model__colsample_bynode": 1.0, "model__colsample_bytree": 0.3, "model__learning_rate": 0.3, "model__max_depth": 2.000000047837405, "model__n_estimators": 27.84752926973279, "model__reg_lambda": 4.238549058541332}, "datetime": {"datetime": "2021-03-24 00:19:58", "elapsed": 179.518089, "delta": 1.18045}}
{"target": -0.3265077840501402, "params": {"model__colsample_bylevel": 1.0, "model__colsample_bynode": 0.9519492834056065, "model__colsample_bytree": 1.0, "model__learning_rate": 0.3, "model__max_depth": 2.1838090359372053, "model__n_estimators": 24.266944956327904, "model__reg_lambda": 1.450490416491979}, "datetime": {"datetime": "2021-03-24 00:20:00", "elapsed": 181.049302, "delta": 1.531213}}
{"target": -0.3688950721874658, "params": {"model__colsample_bylevel": 0.9641552827466723, "model__colsample_bynode": 1.0, "model__colsample_bytree": 1.0, "model__learning_rate": 0.3, "model__max_depth": 4.176780061131861, "model__n_estimators": 27.862606440914252, "model__reg_lambda": 0.7236914407330924}, "datetime": {"datetime": "2021-03-24 00:20:01", "elapsed": 182.612973, "delta": 1.563671}}
{"target": -0.3471487375742256, "params": {"model__colsample_bylevel": 0.9999999992760524, "model__colsample_bynode": 1.0, "model__colsample_bytree": 1.0, "model__learning_rate": 0.3, "model__max_depth": 4.689057114850961, "model__n_estimators": 23.338760170191218, "model__reg_lambda": 8.390390779598361}, "datetime": {"datetime": "2021-03-24 00:20:03", "elapsed": 184.133256, "delta": 1.520283}}
{"target": -0.3763870378031625, "params": {"model__colsample_bylevel": 0.4286635379718488, "model__colsample_bynode": 0.5056310073180174, "model__colsample_bytree": 0.9463320848314687, "model__learning_rate": 0.2963112334804697, "model__max_depth": 4.177651163856943, "model__n_estimators": 15.26210036072738, "model__reg_lambda": 3.1057612163692294}, "datetime": {"datetime": "2021-03-24 00:20:04", "elapsed": 185.344324, "delta": 1.211068}}
