{"target": -0.34015716672706275, "params": {"model__colsample_bylevel": 0.916846634078581, "model__colsample_bynode": 0.9617556855869454, "model__colsample_bytree": 0.3229693323532479, "model__learning_rate": 0.28166262732751357, "model__max_depth": 6.144676200029904, "model__n_estimators": 21.7693718773248, "model__reg_lambda": 3.0032218361266585}, "datetime": {"datetime": "2021-03-24 09:45:44", "elapsed": 280.289425, "delta": 1.758321}}
{"target": -0.37816025676286735, "params": {"model__colsample_bylevel": 0.30000001437036383, "model__colsample_bynode": 0.3, "model__colsample_bytree": 1.0, "model__learning_rate": 0.3, "model__max_depth": 7.4970766833779034, "model__n_estimators": 15.697502605850287, "model__reg_lambda": 3.268372489059538}, "datetime": {"datetime": "2021-03-24 09:45:46", "elapsed": 282.257357, "delta": 1.967932}}
{"target": -0.329519520447576, "params": {"model__colsample_bylevel": 0.9692447120534542, "model__colsample_bynode": 0.9305918595030076, "model__colsample_bytree": 0.9906649146845534, "model__learning_rate": 0.293653718224937, "model__max_depth": 7.924375944135402, "model__n_estimators": 16.50564545329793, "model__reg_lambda": 2.752580421578762}, "datetime": {"datetime": "2021-03-24 09:45:48", "elapsed": 284.380372, "delta": 2.123015}}
{"target": -0.3407298997921896, "params": {"model__colsample_bylevel": 1.0, "model__colsample_bynode": 0.3547851987413585, "model__colsample_bytree": 0.30000000071040583, "model__learning_rate": 0.3, "model__max_depth": 3.9674278148436173, "model__n_estimators": 15.420154373688165, "model__reg_lambda": 0.005770982393519349}, "datetime": {"datetime": "2021-03-24 09:45:50", "elapsed": 285.876331, "delta": 1.495959}}
{"target": -0.34813508332244697, "params": {"model__colsample_bylevel": 0.308730481456771, "model__colsample_bynode": 0.7605729980551197, "model__colsample_bytree": 0.9902569511301191, "model__learning_rate": 0.2928773257623912, "model__max_depth": 3.6191581869154374, "model__n_estimators": 26.846604010949473, "model__reg_lambda": 3.2931759183008316}, "datetime": {"datetime": "2021-03-24 09:45:51", "elapsed": 287.481157, "delta": 1.604826}}
{"target": -0.37688482660273814, "params": {"model__colsample_bylevel": 0.5884103468353532, "model__colsample_bynode": 0.9938195259266001, "model__colsample_bytree": 0.4652075475315206, "model__learning_rate": 0.29277775692631725, "model__max_depth": 7.827877208477744, "model__n_estimators": 17.793011641247602, "model__reg_lambda": 5.296057017837889}, "datetime": {"datetime": "2021-03-24 09:45:53", "elapsed": 289.393257, "delta": 1.9121}}
