{"target": -0.31606263357191006, "params": {"model__colsample_bylevel": 0.9198827476258478, "model__colsample_bynode": 0.3, "model__colsample_bytree": 1.0, "model__learning_rate": 0.3, "model__max_depth": 8.0, "model__n_estimators": 27.061162539822014, "model__reg_lambda": 3.8119087503529085}, "datetime": {"datetime": "2021-03-24 09:43:06", "elapsed": 121.919648, "delta": 1.478573}}
{"target": -0.3242281100980978, "params": {"model__colsample_bylevel": 0.47638829026924967, "model__colsample_bynode": 0.37769927219383675, "model__colsample_bytree": 0.7151643032186703, "model__learning_rate": 0.26801359204547825, "model__max_depth": 5.6043196542739215, "model__n_estimators": 28.902106858743466, "model__reg_lambda": 2.3365923368431485}, "datetime": {"datetime": "2021-03-24 09:43:07", "elapsed": 123.061477, "delta": 1.141829}}
{"target": -0.32775548265941534, "params": {"model__colsample_bylevel": 0.9554043777162122, "model__colsample_bynode": 0.7809841508031191, "model__colsample_bytree": 0.31488115795496785, "model__learning_rate": 0.2896244036275965, "model__max_depth": 7.954031346663353, "model__n_estimators": 20.94034138422103, "model__reg_lambda": 0.41466753545969404}, "datetime": {"datetime": "2021-03-24 09:43:08", "elapsed": 124.523074, "delta": 1.461597}}
{"target": -0.4741960269736423, "params": {"model__colsample_bylevel": 0.3, "model__colsample_bynode": 0.3, "model__colsample_bytree": 0.3, "model__learning_rate": 0.3, "model__max_depth": 8.0, "model__n_estimators": 15.000000000011628, "model__reg_lambda": 10.0}, "datetime": {"datetime": "2021-03-24 09:43:10", "elapsed": 125.955959, "delta": 1.432885}}
{"target": -0.33313451595941856, "params": {"model__colsample_bylevel": 0.513428071683324, "model__colsample_bynode": 0.9999999977453944, "model__colsample_bytree": 0.9338411537935503, "model__learning_rate": 0.3, "model__max_depth": 7.289371729976067, "model__n_estimators": 15.012560044829952, "model__reg_lambda": 1.0634191278174785}, "datetime": {"datetime": "2021-03-24 09:43:11", "elapsed": 127.414005, "delta": 1.458046}}
{"target": -0.3279400161022078, "params": {"model__colsample_bylevel": 0.9999999927010177, "model__colsample_bynode": 0.9916327800631254, "model__colsample_bytree": 1.0, "model__learning_rate": 0.3, "model__max_depth": 6.3618027097318315, "model__n_estimators": 21.726904956754442, "model__reg_lambda": 8.408336854472834}, "datetime": {"datetime": "2021-03-24 09:43:13", "elapsed": 128.755307, "delta": 1.341302}}
{"target": -0.32487773693038446, "params": {"model__colsample_bylevel": 0.9982735701715195, "model__colsample_bynode": 0.8898815425270334, "model__colsample_bytree": 0.9244511543431324, "model__learning_rate": 0.2949909193858842, "model__max_depth": 7.804150284658375, "model__n_estimators": 16.83458221615154, "model__reg_lambda": 4.295023307020394}, "datetime": {"datetime": "2021-03-24 09:43:14", "elapsed": 129.984039, "delta": 1.228732}}
{"target": -0.31412180238656456, "params": {"model__colsample_bylevel": 0.9961344342675906, "model__colsample_bynode": 0.9497311252344771, "model__colsample_bytree": 0.8929423225021449, "model__learning_rate": 0.2964459338006742, "model__max_depth": 4.434622962889778, "model__n_estimators": 17.256999033703398, "model__reg_lambda": 2.2479402081570212}, "datetime": {"datetime": "2021-03-24 09:43:15", "elapsed": 131.35331, "delta": 1.369271}}
{"target": -0.3137126388075505, "params": {"model__colsample_bylevel": 0.9327675354290768, "model__colsample_bynode": 0.3495083534778437, "model__colsample_bytree": 0.9469930088801077, "model__learning_rate": 0.2904792301969769, "model__max_depth": 7.920291152296751, "model__n_estimators": 27.851656035550803, "model__reg_lambda": 6.576000512161202}, "datetime": {"datetime": "2021-03-24 09:43:17", "elapsed": 133.156726, "delta": 1.803416}}
{"target": -0.44757571372109045, "params": {"model__colsample_bylevel": 0.3, "model__colsample_bynode": 1.0, "model__colsample_bytree": 1.0, "model__learning_rate": 0.1, "model__max_depth": 2.3017093693920905, "model__n_estimators": 29.834676541954593, "model__reg_lambda": 9.999999996350574}, "datetime": {"datetime": "2021-03-24 09:43:18", "elapsed": 134.230832, "delta": 1.074106}}
{"target": -0.37885465995961987, "params": {"model__colsample_bylevel": 0.3, "model__colsample_bynode": 1.0, "model__colsample_bytree": 1.0, "model__learning_rate": 0.3, "model__max_depth": 2.0279146491906985, "model__n_estimators": 19.019588305804927, "model__reg_lambda": 10.0}, "datetime": {"datetime": "2021-03-24 09:43:20", "elapsed": 135.627369, "delta": 1.396537}}
{"target": -0.38003713116454685, "params": {"model__colsample_bylevel": 0.3241338066156363, "model__colsample_bynode": 0.7545409109423202, "model__colsample_bytree": 0.3311818043332947, "model__learning_rate": 0.29538363406650575, "model__max_depth": 4.685561820407034, "model__n_estimators": 23.390564210911492, "model__reg_lambda": 9.974568013354189}, "datetime": {"datetime": "2021-03-24 09:43:21", "elapsed": 137.182371, "delta": 1.555002}}
{"target": -0.3679052641345323, "params": {"model__colsample_bylevel": 0.3000000003802584, "model__colsample_bynode": 1.0, "model__colsample_bytree": 1.0, "model__learning_rate": 0.3, "model__max_depth": 6.0221325462127835, "model__n_estimators": 18.42236396859364, "model__reg_lambda": 10.0}, "datetime": {"datetime": "2021-03-24 09:43:23", "elapsed": 138.801702, "delta": 1.619331}}
{"target": -0.3031463516147662, "params": {"model__colsample_bylevel": 0.3, "model__colsample_bynode": 1.0, "model__colsample_bytree": 0.5260801861078108, "model__learning_rate": 0.3, "model__max_depth": 2.0, "model__n_estimators": 24.934519354732252, "model__reg_lambda": 0.0}, "datetime": {"datetime": "2021-03-24 09:43:24", "elapsed": 140.285635, "delta": 1.483933}}
{"target": -0.3281739410395951, "params": {"model__colsample_bylevel": 0.3, "model__colsample_bynode": 0.3, "model__colsample_bytree": 1.0, "model__learning_rate": 0.3, "model__max_depth": 7.6472706751771415, "model__n_estimators": 20.666573230151194, "model__reg_lambda": 0.8332895508353183}, "datetime": {"datetime": "2021-03-24 09:43:26", "elapsed": 141.597875, "delta": 1.31224}}
{"target": -0.33048467101475254, "params": {"model__colsample_bylevel": 0.4149964348488443, "model__colsample_bynode": 0.9752408043396332, "model__colsample_bytree": 0.7289162238004798, "model__learning_rate": 0.2567702574462071, "model__max_depth": 7.894259043464163, "model__n_estimators": 28.52864899361599, "model__reg_lambda": 6.069003310785742}, "datetime": {"datetime": "2021-03-24 09:43:27", "elapsed": 143.073791, "delta": 1.475916}}
{"target": -0.31846344708566277, "params": {"model__colsample_bylevel": 0.3635829066325517, "model__colsample_bynode": 0.9334194048977513, "model__colsample_bytree": 0.6106608306172642, "model__learning_rate": 0.29996181875063255, "model__max_depth": 4.214056402614413, "model__n_estimators": 16.86798707225512, "model__reg_lambda": 0.058577006926714414}, "datetime": {"datetime": "2021-03-24 09:43:28", "elapsed": 144.245804, "delta": 1.172013}}
{"target": -0.33231475747399625, "params": {"model__colsample_bylevel": 0.5514776429602539, "model__colsample_bynode": 0.945546092855599, "model__colsample_bytree": 0.8920338217937953, "model__learning_rate": 0.2927876359292967, "model__max_depth": 7.945061693239971, "model__n_estimators": 20.813667587151095, "model__reg_lambda": 5.850322247394755}, "datetime": {"datetime": "2021-03-24 09:43:29", "elapsed": 145.592557, "delta": 1.346753}}
{"target": -0.3177669483159359, "params": {"model__colsample_bylevel": 0.8045252727097728, "model__colsample_bynode": 0.999999990890905, "model__colsample_bytree": 1.0, "model__learning_rate": 0.3, "model__max_depth": 7.999999999379505, "model__n_estimators": 23.853028560526653, "model__reg_lambda": 4.973964140359598}, "datetime": {"datetime": "2021-03-24 09:43:31", "elapsed": 146.658086, "delta": 1.065529}}
{"target": -0.3230872830514378, "params": {"model__colsample_bylevel": 1.0, "model__colsample_bynode": 1.0, "model__colsample_bytree": 0.9690377890220822, "model__learning_rate": 0.3, "model__max_depth": 2.8700399119752094, "model__n_estimators": 28.8108907262808, "model__reg_lambda": 8.680167012968042}, "datetime": {"datetime": "2021-03-24 09:43:32", "elapsed": 148.189546, "delta": 1.53146}}
{"target": -0.377097987908654, "params": {"model__colsample_bylevel": 0.6415099606396268, "model__colsample_bynode": 0.9661295374937238, "model__colsample_bytree": 0.9597437381835312, "model__learning_rate": 0.2994977256132338, "model__max_depth": 4.086423744177118, "model__n_estimators": 15.052356407960751, "model__reg_lambda": 5.787998706953195}, "datetime": {"datetime": "2021-03-24 09:43:33", "elapsed": 149.497422, "delta": 1.307876}}
{"target": -0.36076978648661806, "params": {"model__colsample_bylevel": 1.0, "model__colsample_bynode": 1.0, "model__colsample_bytree": 1.0, "model__learning_rate": 0.3, "model__max_depth": 2.0, "model__n_estimators": 21.608116275480064, "model__reg_lambda": 10.0}, "datetime": {"datetime": "2021-03-24 09:43:35", "elapsed": 150.878606, "delta": 1.381184}}
{"target": -0.41096422209343675, "params": {"model__colsample_bylevel": 0.3248161534332757, "model__colsample_bynode": 0.9659832585363932, "model__colsample_bytree": 0.3261409059152954, "model__learning_rate": 0.2487330287871797, "model__max_depth": 2.234779489732406, "model__n_estimators": 20.34302875022626, "model__reg_lambda": 0.06660331905850359}, "datetime": {"datetime": "2021-03-24 09:43:36", "elapsed": 152.253635, "delta": 1.375029}}
{"target": -0.33944964395680777, "params": {"model__colsample_bylevel": 1.0, "model__colsample_bynode": 0.9438507629090109, "model__colsample_bytree": 1.0, "model__learning_rate": 0.3, "model__max_depth": 2.2555486539673337, "model__n_estimators": 23.421771461243182, "model__reg_lambda": 4.2673610464584515}, "datetime": {"datetime": "2021-03-24 09:43:38", "elapsed": 153.886886, "delta": 1.633251}}
{"target": -0.33144047267471805, "params": {"model__colsample_bylevel": 0.4916002746812223, "model__colsample_bynode": 0.33985985290204346, "model__colsample_bytree": 0.9608261319173881, "model__learning_rate": 0.29457078230767103, "model__max_depth": 5.58334676182927, "model__n_estimators": 16.963062288988553, "model__reg_lambda": 0.10673237270766411}, "datetime": {"datetime": "2021-03-24 09:43:39", "elapsed": 155.283563, "delta": 1.396677}}
{"target": -0.3149086216812197, "params": {"model__colsample_bylevel": 0.892075418546207, "model__colsample_bynode": 0.9184597798198932, "model__colsample_bytree": 0.8682204728627534, "model__learning_rate": 0.2949669173086439, "model__max_depth": 2.2344186419771734, "model__n_estimators": 16.409134009394336, "model__reg_lambda": 0.01637910340446469}, "datetime": {"datetime": "2021-03-24 09:43:41", "elapsed": 156.757066, "delta": 1.473503}}
{"target": -0.32278528456049765, "params": {"model__colsample_bylevel": 1.0, "model__colsample_bynode": 0.9999999999964528, "model__colsample_bytree": 0.9863416797752155, "model__learning_rate": 0.3, "model__max_depth": 8.0, "model__n_estimators": 21.037059994780936, "model__reg_lambda": 1.801285644995449}, "datetime": {"datetime": "2021-03-24 09:43:42", "elapsed": 158.11518, "delta": 1.358114}}
{"target": -0.36725685578649464, "params": {"model__colsample_bylevel": 1.0, "model__colsample_bynode": 1.0, "model__colsample_bytree": 0.3606638231481801, "model__learning_rate": 0.3, "model__max_depth": 6.380011173735681, "model__n_estimators": 21.405445494667582, "model__reg_lambda": 10.0}, "datetime": {"datetime": "2021-03-24 09:43:43", "elapsed": 159.505301, "delta": 1.390121}}
{"target": -0.3251745580287272, "params": {"model__colsample_bylevel": 0.8115253039182211, "model__colsample_bynode": 0.8685922160633748, "model__colsample_bytree": 0.9766652112048964, "model__learning_rate": 0.293752341804442, "model__max_depth": 3.373460456498365, "model__n_estimators": 20.463576578921277, "model__reg_lambda": 2.7024108987555397}, "datetime": {"datetime": "2021-03-24 09:43:45", "elapsed": 161.021846, "delta": 1.516545}}
{"target": -0.3165477598226879, "params": {"model__colsample_bylevel": 0.861605516408027, "model__colsample_bynode": 0.8015385039022767, "model__colsample_bytree": 0.41072968059758086, "model__learning_rate": 0.2974242722974396, "model__max_depth": 4.115603202800221, "model__n_estimators": 23.146331413963438, "model__reg_lambda": 0.051532786095658256}, "datetime": {"datetime": "2021-03-24 09:43:46", "elapsed": 162.407851, "delta": 1.386005}}
{"target": -0.3273264006242929, "params": {"model__colsample_bylevel": 0.3, "model__colsample_bynode": 1.0, "model__colsample_bytree": 1.0, "model__learning_rate": 0.3, "model__max_depth": 7.999999993836993, "model__n_estimators": 29.9999999993528, "model__reg_lambda": 0.0}, "datetime": {"datetime": "2021-03-24 09:43:48", "elapsed": 164.181439, "delta": 1.773588}}
{"target": -0.3036538175286968, "params": {"model__colsample_bylevel": 0.9715197099184598, "model__colsample_bynode": 0.3, "model__colsample_bytree": 0.9999999999993591, "model__learning_rate": 0.3, "model__max_depth": 5.407116406122083, "model__n_estimators": 23.554368294867775, "model__reg_lambda": 0.8953999600546995}, "datetime": {"datetime": "2021-03-24 09:43:50", "elapsed": 165.74384, "delta": 1.562401}}
{"target": -0.36600465206024435, "params": {"model__colsample_bylevel": 0.9599257802783892, "model__colsample_bynode": 0.3076747443222575, "model__colsample_bytree": 0.37734421086345504, "model__learning_rate": 0.2901595150891374, "model__max_depth": 2.306840796403045, "model__n_estimators": 28.431070202625932, "model__reg_lambda": 3.331860062766492}, "datetime": {"datetime": "2021-03-24 09:43:51", "elapsed": 167.178207, "delta": 1.434367}}
{"target": -0.35299160491676823, "params": {"model__colsample_bylevel": 0.3096590343582073, "model__colsample_bynode": 0.9022208096926116, "model__colsample_bytree": 0.4310017985756579, "model__learning_rate": 0.29691874235501714, "model__max_depth": 6.366070472618109, "model__n_estimators": 23.59975209476899, "model__reg_lambda": 0.5460913162421566}, "datetime": {"datetime": "2021-03-24 09:43:52", "elapsed": 168.461706, "delta": 1.283499}}
{"target": -0.3141719664463881, "params": {"model__colsample_bylevel": 1.0, "model__colsample_bynode": 0.3, "model__colsample_bytree": 1.0, "model__learning_rate": 0.3, "model__max_depth": 3.6703494846868154, "model__n_estimators": 29.173486233895172, "model__reg_lambda": 9.36518488595352}, "datetime": {"datetime": "2021-03-24 09:43:54", "elapsed": 169.869419, "delta": 1.407713}}
{"target": -0.32749448960167826, "params": {"model__colsample_bylevel": 1.0, "model__colsample_bynode": 0.3, "model__colsample_bytree": 1.0, "model__learning_rate": 0.3, "model__max_depth": 5.033625082032797, "model__n_estimators": 30.0, "model__reg_lambda": 9.99249775809077}, "datetime": {"datetime": "2021-03-24 09:43:55", "elapsed": 171.231327, "delta": 1.361908}}
{"target": -0.3281742150760324, "params": {"model__colsample_bylevel": 0.330094527688086, "model__colsample_bynode": 0.30308689219812746, "model__colsample_bytree": 0.9484655439192176, "model__learning_rate": 0.29601547020791286, "model__max_depth": 6.228231400617442, "model__n_estimators": 18.519533980158066, "model__reg_lambda": 2.8752551760379816}, "datetime": {"datetime": "2021-03-24 09:43:56", "elapsed": 172.361019, "delta": 1.129692}}
{"target": -0.3194958660267361, "params": {"model__colsample_bylevel": 0.527208809091104, "model__colsample_bynode": 1.0, "model__colsample_bytree": 0.9999999944497702, "model__learning_rate": 0.3, "model__max_depth": 4.1359646980308105, "model__n_estimators": 25.493164498856885, "model__reg_lambda": 6.544870070422173}, "datetime": {"datetime": "2021-03-24 09:43:58", "elapsed": 174.129249, "delta": 1.76823}}
{"target": -0.3391581681459144, "params": {"model__colsample_bylevel": 0.3, "model__colsample_bynode": 1.0, "model__colsample_bytree": 1.0, "model__learning_rate": 0.3, "model__max_depth": 8.0, "model__n_estimators": 22.365742150091503, "model__reg_lambda": 8.397651875510489}, "datetime": {"datetime": "2021-03-24 09:44:00", "elapsed": 175.912994, "delta": 1.783745}}
{"target": -0.33705212477243685, "params": {"model__colsample_bylevel": 0.9232181973020064, "model__colsample_bynode": 0.31496578876570147, "model__colsample_bytree": 0.9600400998609437, "model__learning_rate": 0.2716609914980562, "model__max_depth": 7.964548974662077, "model__n_estimators": 26.808006163842844, "model__reg_lambda": 9.48739252151052}, "datetime": {"datetime": "2021-03-24 09:44:01", "elapsed": 177.384391, "delta": 1.471397}}
{"target": -0.29640175979253347, "params": {"model__colsample_bylevel": 0.9999999930647344, "model__colsample_bynode": 1.0, "model__colsample_bytree": 0.9999999993783746, "model__learning_rate": 0.2999999970096312, "model__max_depth": 3.0928748841076668, "model__n_estimators": 24.629354764640095, "model__reg_lambda": 1.1729728819460428e-09}, "datetime": {"datetime": "2021-03-24 09:44:03", "elapsed": 178.772881, "delta": 1.38849}}
{"target": -0.3310657244458697, "params": {"model__colsample_bylevel": 0.96087681509998, "model__colsample_bynode": 0.3550499569128742, "model__colsample_bytree": 0.9315335570417689, "model__learning_rate": 0.29721610838624857, "model__max_depth": 3.514452216638114, "model__n_estimators": 25.396208963573912, "model__reg_lambda": 0.8976546351351866}, "datetime": {"datetime": "2021-03-24 09:44:04", "elapsed": 180.395895, "delta": 1.623014}}
{"target": -0.3362365182580265, "params": {"model__colsample_bylevel": 0.5392458856784904, "model__colsample_bynode": 0.9803965067335556, "model__colsample_bytree": 0.9921998409149899, "model__learning_rate": 0.2557347062353013, "model__max_depth": 4.493520031037228, "model__n_estimators": 22.438831146875092, "model__reg_lambda": 6.425735163409824}, "datetime": {"datetime": "2021-03-24 09:44:06", "elapsed": 181.715182, "delta": 1.319287}}
{"target": -0.3389059751419405, "params": {"model__colsample_bylevel": 0.9913359296578441, "model__colsample_bynode": 0.7416794013754363, "model__colsample_bytree": 0.9306725041500625, "model__learning_rate": 0.27827140186528865, "model__max_depth": 2.122495828883217, "model__n_estimators": 17.348890713494235, "model__reg_lambda": 1.8140508300025104}, "datetime": {"datetime": "2021-03-24 09:44:07", "elapsed": 183.449498, "delta": 1.734316}}
{"target": -0.32105411195071365, "params": {"model__colsample_bylevel": 0.987343650162561, "model__colsample_bynode": 0.999999990342055, "model__colsample_bytree": 0.9289734399015359, "model__learning_rate": 0.3, "model__max_depth": 5.663612674800106, "model__n_estimators": 18.167830577579167, "model__reg_lambda": 4.111148374315918}, "datetime": {"datetime": "2021-03-24 09:44:09", "elapsed": 184.730318, "delta": 1.28082}}
{"target": -0.3226071702795562, "params": {"model__colsample_bylevel": 1.0, "model__colsample_bynode": 0.3000000023093995, "model__colsample_bytree": 1.0, "model__learning_rate": 0.3, "model__max_depth": 8.0, "model__n_estimators": 15.0, "model__reg_lambda": 2.9763624348083293}, "datetime": {"datetime": "2021-03-24 09:44:10", "elapsed": 186.246357, "delta": 1.516039}}
{"target": -0.33811218594808296, "params": {"model__colsample_bylevel": 1.0, "model__colsample_bynode": 0.9992336839980924, "model__colsample_bytree": 0.670734732320692, "model__learning_rate": 0.3, "model__max_depth": 7.99914952282921, "model__n_estimators": 27.810644037636195, "model__reg_lambda": 10.0}, "datetime": {"datetime": "2021-03-24 09:44:11", "elapsed": 187.450335, "delta": 1.203978}}
{"target": -0.34926778685800947, "params": {"model__colsample_bylevel": 0.5879528355671364, "model__colsample_bynode": 0.9787052326354908, "model__colsample_bytree": 0.8447730884173699, "model__learning_rate": 0.16864223967897513, "model__max_depth": 2.001539186496872, "model__n_estimators": 22.08541910357251, "model__reg_lambda": 0.10080522655240176}, "datetime": {"datetime": "2021-03-24 09:44:13", "elapsed": 188.76188, "delta": 1.311545}}
{"target": -0.31910684425754987, "params": {"model__colsample_bylevel": 0.985511935021316, "model__colsample_bynode": 0.5387219320659938, "model__colsample_bytree": 0.9995790673848421, "model__learning_rate": 0.25614926990738507, "model__max_depth": 2.478133064090211, "model__n_estimators": 21.358685798989782, "model__reg_lambda": 1.193521820102953}, "datetime": {"datetime": "2021-03-24 09:44:14", "elapsed": 190.125815, "delta": 1.363935}}
{"target": -0.33488280259113273, "params": {"model__colsample_bylevel": 0.9917880874470291, "model__colsample_bynode": 0.7581494506115922, "model__colsample_bytree": 0.3223162487498403, "model__learning_rate": 0.28455616096485975, "model__max_depth": 4.265779917353882, "model__n_estimators": 15.112062813524776, "model__reg_lambda": 1.0331027549314509}, "datetime": {"datetime": "2021-03-24 09:44:15", "elapsed": 191.33328, "delta": 1.207465}}
{"target": -0.3075418976226659, "params": {"model__colsample_bylevel": 0.7876765319615846, "model__colsample_bynode": 0.9915602242563089, "model__colsample_bytree": 0.8864917273342767, "model__learning_rate": 0.11139146586383315, "model__max_depth": 5.809361554098436, "model__n_estimators": 29.640813421405007, "model__reg_lambda": 0.005441954476346211}, "datetime": {"datetime": "2021-03-24 09:44:17", "elapsed": 192.835423, "delta": 1.502143}}
{"target": -0.33199257266140825, "params": {"model__colsample_bylevel": 0.9398342448744004, "model__colsample_bynode": 0.9710458380308942, "model__colsample_bytree": 0.8620904374029572, "model__learning_rate": 0.29898620239908574, "model__max_depth": 6.721620301780144, "model__n_estimators": 28.493516336616928, "model__reg_lambda": 9.313888184756058}, "datetime": {"datetime": "2021-03-24 09:44:18", "elapsed": 194.351375, "delta": 1.515952}}
