{"target": -0.3397866945352702, "params": {"model__colsample_bylevel": 0.3046656032220544, "model__colsample_bynode": 0.32745238934970233, "model__colsample_bytree": 0.9855287959890324, "model__learning_rate": 0.2743635926098873, "model__max_depth": 3.5281978169876895, "model__n_estimators": 29.329842844908548, "model__reg_lambda": 4.969617111785966}, "datetime": {"datetime": "2021-03-24 09:41:59", "elapsed": 55.069749, "delta": 1.205181}}
{"target": -0.321258918659937, "params": {"model__colsample_bylevel": 0.9308990600055589, "model__colsample_bynode": 0.9818773846321993, "model__colsample_bytree": 0.9361824717265395, "model__learning_rate": 0.19711671531129138, "model__max_depth": 2.205779979540419, "model__n_estimators": 26.997232012381325, "model__reg_lambda": 1.1979458036889334}, "datetime": {"datetime": "2021-03-24 09:42:00", "elapsed": 56.322717, "delta": 1.252968}}
{"target": -0.37885465995961987, "params": {"model__colsample_bylevel": 1.0, "model__colsample_bynode": 0.3, "model__colsample_bytree": 1.0, "model__learning_rate": 0.3, "model__max_depth": 2.0, "model__n_estimators": 18.858611580535182, "model__reg_lambda": 10.0}, "datetime": {"datetime": "2021-03-24 09:42:02", "elapsed": 57.720129, "delta": 1.397412}}
{"target": -0.349503029335081, "params": {"model__colsample_bylevel": 0.6680827254448749, "model__colsample_bynode": 0.3074045296692437, "model__colsample_bytree": 0.9675378815083859, "model__learning_rate": 0.28596119427632216, "model__max_depth": 2.0109114702775424, "model__n_estimators": 19.373795269717235, "model__reg_lambda": 2.738849563164739}, "datetime": {"datetime": "2021-03-24 09:42:03", "elapsed": 58.667366, "delta": 0.947237}}
{"target": -0.32752288140903185, "params": {"model__colsample_bylevel": 0.4120228464498731, "model__colsample_bynode": 0.9910013979293546, "model__colsample_bytree": 0.33848169594337346, "model__learning_rate": 0.253027228314206, "model__max_depth": 4.7275938200967405, "model__n_estimators": 21.517087960469, "model__reg_lambda": 0.03843126514469386}, "datetime": {"datetime": "2021-03-24 09:42:04", "elapsed": 59.73727, "delta": 1.069904}}
{"target": -0.3074241322588405, "params": {"model__colsample_bylevel": 0.9785790116122479, "model__colsample_bynode": 0.7306147669542573, "model__colsample_bytree": 0.9650849535558537, "model__learning_rate": 0.26409063738047944, "model__max_depth": 7.960751467573668, "model__n_estimators": 28.586398754669766, "model__reg_lambda": 4.134248949394916}, "datetime": {"datetime": "2021-03-24 09:42:05", "elapsed": 60.838461, "delta": 1.101191}}
{"target": -0.31927945105244226, "params": {"model__colsample_bylevel": 1.0, "model__colsample_bynode": 1.0, "model__colsample_bytree": 1.0, "model__learning_rate": 0.3, "model__max_depth": 8.0, "model__n_estimators": 30.0, "model__reg_lambda": 10.0}, "datetime": {"datetime": "2021-03-24 09:42:06", "elapsed": 62.148456, "delta": 1.309995}}
{"target": -0.36870692848106446, "params": {"model__colsample_bylevel": 0.9965863937240809, "model__colsample_bynode": 0.97390195141612, "model__colsample_bytree": 0.9812419480527919, "model__learning_rate": 0.21248078299276846, "model__max_depth": 2.0620178469354506, "model__n_estimators": 26.511857441761162, "model__reg_lambda": 8.557687511041784}, "datetime": {"datetime": "2021-03-24 09:42:07", "elapsed": 63.429076, "delta": 1.28062}}
{"target": -0.33771999453876056, "params": {"model__colsample_bylevel": 0.3172044958793559, "model__colsample_bynode": 0.5235362993558778, "model__colsample_bytree": 0.9865869318556608, "model__learning_rate": 0.2954887754464244, "model__max_depth": 2.212619567198418, "model__n_estimators": 23.889271155514813, "model__reg_lambda": 5.229290710634515}, "datetime": {"datetime": "2021-03-24 09:42:09", "elapsed": 64.613791, "delta": 1.184715}}
{"target": -0.3420615215590089, "params": {"model__colsample_bylevel": 0.9875841953749549, "model__colsample_bynode": 0.885821778773122, "model__colsample_bytree": 0.9655827448950298, "model__learning_rate": 0.13599112834871327, "model__max_depth": 7.302985038557282, "model__n_estimators": 28.74829350803323, "model__reg_lambda": 1.0727401726444052}, "datetime": {"datetime": "2021-03-24 09:42:10", "elapsed": 65.813875, "delta": 1.200084}}
{"target": -0.36915043667836145, "params": {"model__colsample_bylevel": 1.0, "model__colsample_bynode": 0.3, "model__colsample_bytree": 1.0, "model__learning_rate": 0.3, "model__max_depth": 4.8372510182695, "model__n_estimators": 19.390919653288346, "model__reg_lambda": 10.0}, "datetime": {"datetime": "2021-03-24 09:42:11", "elapsed": 67.209208, "delta": 1.395333}}
{"target": -0.38070296051142655, "params": {"model__colsample_bylevel": 0.792117684980034, "model__colsample_bynode": 0.917090698689982, "model__colsample_bytree": 0.7065185541727297, "model__learning_rate": 0.2675656029083544, "model__max_depth": 7.041735317508991, "model__n_estimators": 15.145819260931768, "model__reg_lambda": 8.06335626058608}, "datetime": {"datetime": "2021-03-24 09:42:12", "elapsed": 68.404643, "delta": 1.195435}}
{"target": -0.34931467750339185, "params": {"model__colsample_bylevel": 0.35456076534282327, "model__colsample_bynode": 1.0, "model__colsample_bytree": 1.0, "model__learning_rate": 0.3, "model__max_depth": 6.370057666191186, "model__n_estimators": 16.77880385285212, "model__reg_lambda": 6.1097220957227965}, "datetime": {"datetime": "2021-03-24 09:42:14", "elapsed": 69.700279, "delta": 1.295636}}
{"target": -0.32235711461499983, "params": {"model__colsample_bylevel": 0.7402441089283369, "model__colsample_bynode": 0.8466616213499183, "model__colsample_bytree": 0.9483258323141741, "model__learning_rate": 0.2987335002154591, "model__max_depth": 4.8218481929551045, "model__n_estimators": 20.46853218872052, "model__reg_lambda": 3.8710760523156464}, "datetime": {"datetime": "2021-03-24 09:42:15", "elapsed": 70.849732, "delta": 1.149453}}
{"target": -0.31590806903263585, "params": {"model__colsample_bylevel": 1.0, "model__colsample_bynode": 1.0, "model__colsample_bytree": 1.0, "model__learning_rate": 0.3, "model__max_depth": 6.075979482142563, "model__n_estimators": 30.0, "model__reg_lambda": 7.661906998240479}, "datetime": {"datetime": "2021-03-24 09:42:16", "elapsed": 72.274235, "delta": 1.424503}}
{"target": -0.3486329067511943, "params": {"model__colsample_bylevel": 0.9414712670642569, "model__colsample_bynode": 0.731637795415681, "model__colsample_bytree": 0.7363316372362931, "model__learning_rate": 0.29265966987491776, "model__max_depth": 7.779186663520846, "model__n_estimators": 24.304459446711626, "model__reg_lambda": 9.87056294413486}, "datetime": {"datetime": "2021-03-24 09:42:18", "elapsed": 73.611098, "delta": 1.336863}}
{"target": -0.3468855268983305, "params": {"model__colsample_bylevel": 0.9324637690194955, "model__colsample_bynode": 0.9569048876283381, "model__colsample_bytree": 0.8661858766511015, "model__learning_rate": 0.28203047613874965, "model__max_depth": 7.842231917581222, "model__n_estimators": 20.82817306943286, "model__reg_lambda": 8.607565940184985}, "datetime": {"datetime": "2021-03-24 09:42:19", "elapsed": 75.031133, "delta": 1.420035}}
{"target": -0.3228458774775483, "params": {"model__colsample_bylevel": 0.9826408969870233, "model__colsample_bynode": 0.9582082470547209, "model__colsample_bytree": 0.8765881127270696, "model__learning_rate": 0.299841890125788, "model__max_depth": 5.403534794312383, "model__n_estimators": 23.688508419101375, "model__reg_lambda": 9.327432673439032}, "datetime": {"datetime": "2021-03-24 09:42:20", "elapsed": 76.160516, "delta": 1.129383}}
{"target": -0.36920864040308726, "params": {"model__colsample_bylevel": 1.0, "model__colsample_bynode": 1.0, "model__colsample_bytree": 0.3, "model__learning_rate": 0.3, "model__max_depth": 2.0, "model__n_estimators": 23.994470603093866, "model__reg_lambda": 10.0}, "datetime": {"datetime": "2021-03-24 09:42:21", "elapsed": 77.290376, "delta": 1.12986}}
{"target": -0.3355364098156249, "params": {"model__colsample_bylevel": 0.30000001002513027, "model__colsample_bynode": 0.3, "model__colsample_bytree": 0.9999999922213237, "model__learning_rate": 0.3, "model__max_depth": 4.757178705935306, "model__n_estimators": 15.854081746282585, "model__reg_lambda": 0.9017406509498092}, "datetime": {"datetime": "2021-03-24 09:42:23", "elapsed": 78.644779, "delta": 1.354403}}
{"target": -0.34663138077796796, "params": {"model__colsample_bylevel": 0.8228178367531429, "model__colsample_bynode": 0.45039725165579697, "model__colsample_bytree": 0.485601389230485, "model__learning_rate": 0.2523503380798968, "model__max_depth": 7.91260370343622, "model__n_estimators": 29.833079169051274, "model__reg_lambda": 4.229224467473066}, "datetime": {"datetime": "2021-03-24 09:42:24", "elapsed": 79.851271, "delta": 1.206492}}
{"target": -0.3453147679364875, "params": {"model__colsample_bylevel": 1.0, "model__colsample_bynode": 0.3, "model__colsample_bytree": 0.9570379029509071, "model__learning_rate": 0.3, "model__max_depth": 5.606077677994194, "model__n_estimators": 15.090565243998592, "model__reg_lambda": 5.707546697450832}, "datetime": {"datetime": "2021-03-24 09:42:25", "elapsed": 81.227261, "delta": 1.37599}}
{"target": -0.3523950816577543, "params": {"model__colsample_bylevel": 0.8776092735513459, "model__colsample_bynode": 0.33513436476984926, "model__colsample_bytree": 0.9902308280750669, "model__learning_rate": 0.25175284713968377, "model__max_depth": 2.084258682100259, "model__n_estimators": 29.55853593007608, "model__reg_lambda": 6.793211627022323}, "datetime": {"datetime": "2021-03-24 09:42:26", "elapsed": 82.426152, "delta": 1.198891}}
{"target": -0.3205227183233744, "params": {"model__colsample_bylevel": 0.9836588429925566, "model__colsample_bynode": 0.9998694941790749, "model__colsample_bytree": 0.95658006429837, "model__learning_rate": 0.286600590685009, "model__max_depth": 3.49402642689516, "model__n_estimators": 27.21416690734464, "model__reg_lambda": 6.117081255595664}, "datetime": {"datetime": "2021-03-24 09:42:28", "elapsed": 83.903181, "delta": 1.477029}}
{"target": -0.3177903048952272, "params": {"model__colsample_bylevel": 0.6819458731468646, "model__colsample_bynode": 0.4336205515162733, "model__colsample_bytree": 0.9552592933613655, "model__learning_rate": 0.29367082546380796, "model__max_depth": 2.1985535157248783, "model__n_estimators": 25.48672636694065, "model__reg_lambda": 1.3711792867437456}, "datetime": {"datetime": "2021-03-24 09:42:29", "elapsed": 85.124524, "delta": 1.221343}}
{"target": -0.3099031088533778, "params": {"model__colsample_bylevel": 0.9120774161719225, "model__colsample_bynode": 0.8402662816997204, "model__colsample_bytree": 0.9218585454808763, "model__learning_rate": 0.2960618306739945, "model__max_depth": 4.0848938956359, "model__n_estimators": 29.8625562442856, "model__reg_lambda": 0.2169216341990221}, "datetime": {"datetime": "2021-03-24 09:42:30", "elapsed": 86.470571, "delta": 1.346047}}
{"target": -0.3408061069085438, "params": {"model__colsample_bylevel": 0.9193663693248071, "model__colsample_bynode": 0.34292065893551765, "model__colsample_bytree": 0.36539645486716044, "model__learning_rate": 0.2618555350938684, "model__max_depth": 7.973809865400916, "model__n_estimators": 18.95484791963927, "model__reg_lambda": 1.1968565642516005}, "datetime": {"datetime": "2021-03-24 09:42:32", "elapsed": 87.69565, "delta": 1.225079}}
{"target": -0.29527745628864444, "params": {"model__colsample_bylevel": 0.7076634385783058, "model__colsample_bynode": 0.8118815149101752, "model__colsample_bytree": 0.9925186528930228, "model__learning_rate": 0.26663043854946356, "model__max_depth": 2.055794780950092, "model__n_estimators": 19.714080870794966, "model__reg_lambda": 0.028570018920084372}, "datetime": {"datetime": "2021-03-24 09:42:33", "elapsed": 89.18123, "delta": 1.48558}}
{"target": -0.3136245719079549, "params": {"model__colsample_bylevel": 0.320714095828494, "model__colsample_bynode": 0.8803622335518164, "model__colsample_bytree": 0.9062321144991574, "model__learning_rate": 0.2555875133855411, "model__max_depth": 7.987517335373534, "model__n_estimators": 26.159158766207966, "model__reg_lambda": 3.6112066529891473}, "datetime": {"datetime": "2021-03-24 09:42:34", "elapsed": 90.486801, "delta": 1.305571}}
{"target": -0.3141024383309675, "params": {"model__colsample_bylevel": 0.9440336693383201, "model__colsample_bynode": 0.999999998627832, "model__colsample_bytree": 0.941584673187753, "model__learning_rate": 0.3, "model__max_depth": 6.698078338229277, "model__n_estimators": 25.83561620102152, "model__reg_lambda": 6.76306761472231}, "datetime": {"datetime": "2021-03-24 09:42:36", "elapsed": 91.867671, "delta": 1.38087}}
{"target": -0.32721215366500606, "params": {"model__colsample_bylevel": 0.969184429663964, "model__colsample_bynode": 0.9563753288147556, "model__colsample_bytree": 0.7113860779749297, "model__learning_rate": 0.21443524074693152, "model__max_depth": 4.227286047491219, "model__n_estimators": 25.105017940940446, "model__reg_lambda": 0.37009826745523666}, "datetime": {"datetime": "2021-03-24 09:42:37", "elapsed": 93.279794, "delta": 1.412123}}
{"target": -0.337935541111949, "params": {"model__colsample_bylevel": 1.0, "model__colsample_bynode": 0.9981457119368654, "model__colsample_bytree": 0.3, "model__learning_rate": 0.3, "model__max_depth": 8.0, "model__n_estimators": 29.77113023597058, "model__reg_lambda": 8.014456545812884}, "datetime": {"datetime": "2021-03-24 09:42:38", "elapsed": 94.498523, "delta": 1.218729}}
{"target": -0.35529017176317135, "params": {"model__colsample_bylevel": 0.3224639317416286, "model__colsample_bynode": 0.9679548215945146, "model__colsample_bytree": 0.9374668392443535, "model__learning_rate": 0.28850751419966564, "model__max_depth": 2.241716918495289, "model__n_estimators": 27.528430526147645, "model__reg_lambda": 9.877460714995879}, "datetime": {"datetime": "2021-03-24 09:42:40", "elapsed": 95.866629, "delta": 1.368106}}
{"target": -0.4118430319390652, "params": {"model__colsample_bylevel": 0.8928075894819322, "model__colsample_bynode": 0.3, "model__colsample_bytree": 0.4302337240939039, "model__learning_rate": 0.1, "model__max_depth": 5.824368801671063, "model__n_estimators": 18.65112453388925, "model__reg_lambda": 0.0}, "datetime": {"datetime": "2021-03-24 09:42:41", "elapsed": 97.121892, "delta": 1.255263}}
{"target": -0.29127852211662464, "params": {"model__colsample_bylevel": 1.0, "model__colsample_bynode": 1.0, "model__colsample_bytree": 0.3, "model__learning_rate": 0.3, "model__max_depth": 6.4293134124496225, "model__n_estimators": 15.0, "model__reg_lambda": 0.0}, "datetime": {"datetime": "2021-03-24 09:42:42", "elapsed": 98.299078, "delta": 1.177186}}
{"target": -0.3741257546084892, "params": {"model__colsample_bylevel": 0.317611011515783, "model__colsample_bynode": 0.3063864089218419, "model__colsample_bytree": 0.9999999992617639, "model__learning_rate": 0.29993475016745447, "model__max_depth": 4.062678054322276, "model__n_estimators": 21.716794015176717, "model__reg_lambda": 4.883608724093948}, "datetime": {"datetime": "2021-03-24 09:42:44", "elapsed": 99.657858, "delta": 1.35878}}
{"target": -0.32497031880977933, "params": {"model__colsample_bylevel": 0.9875821113220644, "model__colsample_bynode": 0.9096559243514515, "model__colsample_bytree": 0.9573756809410641, "model__learning_rate": 0.27700736397136894, "model__max_depth": 6.068211639730655, "model__n_estimators": 21.937890215850878, "model__reg_lambda": 0.6775858602051721}, "datetime": {"datetime": "2021-03-24 09:42:45", "elapsed": 101.105081, "delta": 1.447223}}
{"target": -0.3424541538205011, "params": {"model__colsample_bylevel": 0.9297651112150578, "model__colsample_bynode": 0.9148304969707113, "model__colsample_bytree": 0.3920315630861395, "model__learning_rate": 0.2827201615757834, "model__max_depth": 3.303102963611943, "model__n_estimators": 29.96113430874866, "model__reg_lambda": 6.402642298064048}, "datetime": {"datetime": "2021-03-24 09:42:46", "elapsed": 102.365652, "delta": 1.260571}}
{"target": -0.34250936166339463, "params": {"model__colsample_bylevel": 0.8065863347060409, "model__colsample_bynode": 0.9891761289074672, "model__colsample_bytree": 0.9854407973757575, "model__learning_rate": 0.2685432794283414, "model__max_depth": 6.649603495723357, "model__n_estimators": 18.014149075392904, "model__reg_lambda": 1.251291973523131}, "datetime": {"datetime": "2021-03-24 09:42:48", "elapsed": 103.708897, "delta": 1.343245}}
{"target": -0.32037004374256156, "params": {"model__colsample_bylevel": 0.3298621935147092, "model__colsample_bynode": 0.9930196195228103, "model__colsample_bytree": 0.9546308431064463, "model__learning_rate": 0.24897521523624092, "model__max_depth": 4.173518842132692, "model__n_estimators": 19.01670460186449, "model__reg_lambda": 0.19874632055424613}, "datetime": {"datetime": "2021-03-24 09:42:49", "elapsed": 105.063739, "delta": 1.354842}}
{"target": -0.3690011893547531, "params": {"model__colsample_bylevel": 1.0, "model__colsample_bynode": 0.3, "model__colsample_bytree": 0.3, "model__learning_rate": 0.3, "model__max_depth": 7.651362705929223, "model__n_estimators": 15.0, "model__reg_lambda": 2.068943967109456}, "datetime": {"datetime": "2021-03-24 09:42:50", "elapsed": 106.243448, "delta": 1.179709}}
{"target": -0.35883762838852096, "params": {"model__colsample_bylevel": 1.0, "model__colsample_bynode": 1.0, "model__colsample_bytree": 0.9999999999787282, "model__learning_rate": 0.3, "model__max_depth": 2.0000000000535287, "model__n_estimators": 20.7453863426772, "model__reg_lambda": 7.357095823287081}, "datetime": {"datetime": "2021-03-24 09:42:51", "elapsed": 107.582272, "delta": 1.338824}}
{"target": -0.39453747609117323, "params": {"model__colsample_bylevel": 0.9785827247954051, "model__colsample_bynode": 0.3196844405003254, "model__colsample_bytree": 0.9840544830073463, "model__learning_rate": 0.2301028017013779, "model__max_depth": 7.839186023000346, "model__n_estimators": 16.77013725454994, "model__reg_lambda": 7.727218005385787}, "datetime": {"datetime": "2021-03-24 09:42:53", "elapsed": 108.679783, "delta": 1.097511}}
{"target": -0.35879798324481726, "params": {"model__colsample_bylevel": 1.0, "model__colsample_bynode": 1.0, "model__colsample_bytree": 0.33903712794407137, "model__learning_rate": 0.3, "model__max_depth": 2.921236586640659, "model__n_estimators": 19.849054372643028, "model__reg_lambda": 10.0}, "datetime": {"datetime": "2021-03-24 09:42:54", "elapsed": 110.108686, "delta": 1.428903}}
{"target": -0.33802263798053794, "params": {"model__colsample_bylevel": 0.4258140336509138, "model__colsample_bynode": 0.34178791107901885, "model__colsample_bytree": 0.8458356050340203, "model__learning_rate": 0.2685550824684322, "model__max_depth": 2.1982153364009354, "model__n_estimators": 20.62978236802144, "model__reg_lambda": 0.04233797099513881}, "datetime": {"datetime": "2021-03-24 09:42:55", "elapsed": 111.389826, "delta": 1.28114}}
{"target": -0.3365366728618687, "params": {"model__colsample_bylevel": 0.8459775583523512, "model__colsample_bynode": 0.3964450022682992, "model__colsample_bytree": 0.9861556220326582, "model__learning_rate": 0.29467123710069254, "model__max_depth": 4.98350665647844, "model__n_estimators": 18.19224990391139, "model__reg_lambda": 6.234750994299331}, "datetime": {"datetime": "2021-03-24 09:42:57", "elapsed": 112.626848, "delta": 1.237022}}
{"target": -0.33142811705635034, "params": {"model__colsample_bylevel": 0.3000000065343744, "model__colsample_bynode": 0.3, "model__colsample_bytree": 0.9999999775845815, "model__learning_rate": 0.3, "model__max_depth": 7.689453266254072, "model__n_estimators": 23.249735351811918, "model__reg_lambda": 2.9738301385813424}, "datetime": {"datetime": "2021-03-24 09:42:58", "elapsed": 113.804668, "delta": 1.17782}}
{"target": -0.3166772848432141, "params": {"model__colsample_bylevel": 0.7740900021203336, "model__colsample_bynode": 0.9792762167056985, "model__colsample_bytree": 0.8484658806756558, "model__learning_rate": 0.29210526078269755, "model__max_depth": 2.179622680580784, "model__n_estimators": 20.09551650229855, "model__reg_lambda": 1.5201565703204534}, "datetime": {"datetime": "2021-03-24 09:42:59", "elapsed": 115.260396, "delta": 1.455728}}
{"target": -0.3463544651970564, "params": {"model__colsample_bylevel": 0.3, "model__colsample_bynode": 1.0, "model__colsample_bytree": 1.0, "model__learning_rate": 0.3, "model__max_depth": 2.0000000000083555, "model__n_estimators": 26.004363732226118, "model__reg_lambda": 6.490563536611871}, "datetime": {"datetime": "2021-03-24 09:43:01", "elapsed": 116.816056, "delta": 1.55566}}
{"target": -0.3498671478041839, "params": {"model__colsample_bylevel": 0.8498887773312508, "model__colsample_bynode": 1.0, "model__colsample_bytree": 0.30000000616287464, "model__learning_rate": 0.3, "model__max_depth": 6.771992495997624, "model__n_estimators": 27.091067796211494, "model__reg_lambda": 10.0}, "datetime": {"datetime": "2021-03-24 09:43:02", "elapsed": 118.057431, "delta": 1.241375}}
{"target": -0.39154010378431686, "params": {"model__colsample_bylevel": 1.0, "model__colsample_bynode": 0.3, "model__colsample_bytree": 1.0, "model__learning_rate": 0.3, "model__max_depth": 2.0, "model__n_estimators": 15.0, "model__reg_lambda": 6.740462278066372}, "datetime": {"datetime": "2021-03-24 09:43:03", "elapsed": 119.167643, "delta": 1.110212}}
{"target": -0.3148468061734963, "params": {"model__colsample_bylevel": 0.9995531322533648, "model__colsample_bynode": 0.8044467320511584, "model__colsample_bytree": 0.9144052338602107, "model__learning_rate": 0.2881745693179012, "model__max_depth": 6.773022940856349, "model__n_estimators": 22.771307021967633, "model__reg_lambda": 3.819880718063141}, "datetime": {"datetime": "2021-03-24 09:43:04", "elapsed": 120.441075, "delta": 1.273432}}
