{"target": -0.33863288122195534, "params": {"model__colsample_bylevel": 0.38472058045866103, "model__colsample_bynode": 0.6189182754661343, "model__colsample_bytree": 0.47491716651278293, "model__learning_rate": 0.24904662090967875, "model__max_depth": 6.41552028192452, "model__n_estimators": 15.15307284998927, "model__reg_lambda": 0.029919695529196932}, "datetime": {"datetime": "2021-03-24 09:41:12", "elapsed": 7.623057, "delta": 0.068287}}
{"target": -0.368951922012628, "params": {"model__colsample_bylevel": 0.9426044924017256, "model__colsample_bynode": 0.5260125425777793, "model__colsample_bytree": 0.5074653319167783, "model__learning_rate": 0.15418522802672452, "model__max_depth": 3.474343666196627, "model__n_estimators": 26.630539663467353, "model__reg_lambda": 2.632384799456182}, "datetime": {"datetime": "2021-03-24 09:41:12", "elapsed": 7.692961, "delta": 0.069904}}
{"target": -0.3421098328772527, "params": {"model__colsample_bylevel": 0.8032909797610204, "model__colsample_bynode": 0.7713021432027297, "model__colsample_bytree": 0.6853736563856032, "model__learning_rate": 0.23655460523720243, "model__max_depth": 3.0441975506001606, "model__n_estimators": 21.967771044500967, "model__reg_lambda": 4.939589109277965}, "datetime": {"datetime": "2021-03-24 09:41:12", "elapsed": 7.76643, "delta": 0.073469}}
{"target": -0.3594673432693209, "params": {"model__colsample_bylevel": 0.3191878877624776, "model__colsample_bynode": 0.4527668367686508, "model__colsample_bytree": 0.9533861738476699, "model__learning_rate": 0.23172885748318614, "model__max_depth": 7.871974941466348, "model__n_estimators": 20.539710627919593, "model__reg_lambda": 7.6239037960184355}, "datetime": {"datetime": "2021-03-24 09:41:12", "elapsed": 7.839251, "delta": 0.072821}}
{"target": -0.40929878969285366, "params": {"model__colsample_bylevel": 0.7197656118669662, "model__colsample_bynode": 0.7214646750503465, "model__colsample_bytree": 0.37931534877147977, "model__learning_rate": 0.14444015703665763, "model__max_depth": 2.433575141809544, "model__n_estimators": 22.57954207818872, "model__reg_lambda": 3.4509917372173025}, "datetime": {"datetime": "2021-03-24 09:41:12", "elapsed": 7.903821, "delta": 0.06457}}
{"target": -0.35139183779517047, "params": {"model__colsample_bylevel": 0.43770438267170664, "model__colsample_bynode": 0.562288016838024, "model__colsample_bytree": 0.6684847059501842, "model__learning_rate": 0.24216538663414655, "model__max_depth": 5.53982800385271, "model__n_estimators": 24.586364893849456, "model__reg_lambda": 6.03761911116279}, "datetime": {"datetime": "2021-03-24 09:41:12", "elapsed": 7.976551, "delta": 0.07273}}
{"target": -0.32428755926042524, "params": {"model__colsample_bylevel": 0.5615024327662378, "model__colsample_bynode": 0.5278880157630303, "model__colsample_bytree": 0.6927994632423486, "model__learning_rate": 0.2499326997232081, "model__max_depth": 7.515144966264312, "model__n_estimators": 27.41503748405572, "model__reg_lambda": 5.537273620404508}, "datetime": {"datetime": "2021-03-24 09:41:12", "elapsed": 8.054729, "delta": 0.078178}}
{"target": -0.3446236935518412, "params": {"model__colsample_bylevel": 0.8773753442334304, "model__colsample_bynode": 0.3197624374107063, "model__colsample_bytree": 0.8582648079772404, "model__learning_rate": 0.1398977410305498, "model__max_depth": 6.115045756510598, "model__n_estimators": 27.377846347953547, "model__reg_lambda": 3.1496308071503187}, "datetime": {"datetime": "2021-03-24 09:41:12", "elapsed": 8.136599, "delta": 0.08187}}
{"target": -0.3812262992867255, "params": {"model__colsample_bylevel": 0.5798231824380045, "model__colsample_bynode": 0.9899122285696411, "model__colsample_bytree": 0.4774952834387126, "model__learning_rate": 0.25106786479472265, "model__max_depth": 4.436357453829759, "model__n_estimators": 19.72844903945682, "model__reg_lambda": 7.705159221072094}, "datetime": {"datetime": "2021-03-24 09:41:12", "elapsed": 8.21411, "delta": 0.077511}}
{"target": -0.3495256393702457, "params": {"model__colsample_bylevel": 0.6149024037576569, "model__colsample_bynode": 0.7970601762740899, "model__colsample_bytree": 0.4555403075808654, "model__learning_rate": 0.26476738246878556, "model__max_depth": 6.3006447069266285, "model__n_estimators": 22.48861984031197, "model__reg_lambda": 7.91551010046181}, "datetime": {"datetime": "2021-03-24 09:41:12", "elapsed": 8.287429, "delta": 0.073319}}
{"target": -0.35945580417688505, "params": {"model__colsample_bylevel": 0.9437937215686736, "model__colsample_bynode": 0.8511722448868555, "model__colsample_bytree": 0.5084857837350747, "model__learning_rate": 0.24346701302396254, "model__max_depth": 5.690340786662006, "model__n_estimators": 27.619845335231588, "model__reg_lambda": 4.0456797253845265}, "datetime": {"datetime": "2021-03-24 09:41:12", "elapsed": 8.388449, "delta": 0.10102}}
{"target": -0.3624088849129992, "params": {"model__colsample_bylevel": 0.6173529449301774, "model__colsample_bynode": 0.3656352091501882, "model__colsample_bytree": 0.45305055880659917, "model__learning_rate": 0.20586849821836273, "model__max_depth": 5.173197962934258, "model__n_estimators": 25.696146745858105, "model__reg_lambda": 2.863925264426952}, "datetime": {"datetime": "2021-03-24 09:41:12", "elapsed": 8.456691, "delta": 0.068242}}
{"target": -0.4367111804476682, "params": {"model__colsample_bylevel": 0.3812502817792496, "model__colsample_bynode": 0.43107613084910207, "model__colsample_bytree": 0.6036033759584388, "model__learning_rate": 0.13710847453713484, "model__max_depth": 2.7407946095138094, "model__n_estimators": 25.875381462387566, "model__reg_lambda": 9.101677556132595}, "datetime": {"datetime": "2021-03-24 09:41:12", "elapsed": 8.521038, "delta": 0.064347}}
{"target": -0.4266145044181874, "params": {"model__colsample_bylevel": 0.3426383940311504, "model__colsample_bynode": 0.3292770968669983, "model__colsample_bytree": 0.49999974247633633, "model__learning_rate": 0.21592871225493404, "model__max_depth": 7.629568478689846, "model__n_estimators": 23.72527860523467, "model__reg_lambda": 6.7998375849329875}, "datetime": {"datetime": "2021-03-24 09:41:12", "elapsed": 8.586914, "delta": 0.065876}}
{"target": -0.37144532087461457, "params": {"model__colsample_bylevel": 1.0, "model__colsample_bynode": 0.3, "model__colsample_bytree": 1.0, "model__learning_rate": 0.3, "model__max_depth": 8.0, "model__n_estimators": 15.0, "model__reg_lambda": 10.0}, "datetime": {"datetime": "2021-03-24 09:41:14", "elapsed": 9.757412, "delta": 1.170498}}
{"target": -0.3994891748480175, "params": {"model__colsample_bylevel": 0.8769771004504918, "model__colsample_bynode": 0.3195071132560355, "model__colsample_bytree": 0.3093451443788663, "model__learning_rate": 0.1735296872653984, "model__max_depth": 7.036951244860316, "model__n_estimators": 29.87114811570801, "model__reg_lambda": 9.668812386074263}, "datetime": {"datetime": "2021-03-24 09:41:15", "elapsed": 10.780421, "delta": 1.023009}}
{"target": -0.33755799105181694, "params": {"model__colsample_bylevel": 1.0, "model__colsample_bynode": 1.0, "model__colsample_bytree": 1.0, "model__learning_rate": 0.3, "model__max_depth": 2.0, "model__n_estimators": 30.0, "model__reg_lambda": 10.0}, "datetime": {"datetime": "2021-03-24 09:41:16", "elapsed": 11.813101, "delta": 1.03268}}
{"target": -0.35149767557968914, "params": {"model__colsample_bylevel": 1.0, "model__colsample_bynode": 0.3, "model__colsample_bytree": 1.0, "model__learning_rate": 0.3, "model__max_depth": 8.0, "model__n_estimators": 15.0, "model__reg_lambda": 6.182387132257661}, "datetime": {"datetime": "2021-03-24 09:41:17", "elapsed": 12.854797, "delta": 1.041696}}
{"target": -0.3914483342245491, "params": {"model__colsample_bylevel": 0.49763531111546316, "model__colsample_bynode": 0.5168282443394137, "model__colsample_bytree": 0.904445513217808, "model__learning_rate": 0.2622108131502011, "model__max_depth": 2.324507091474214, "model__n_estimators": 21.403024266429558, "model__reg_lambda": 9.94227719775823}, "datetime": {"datetime": "2021-03-24 09:41:18", "elapsed": 14.080197, "delta": 1.2254}}
{"target": -0.35601569933114924, "params": {"model__colsample_bylevel": 0.4500290850123726, "model__colsample_bynode": 0.8681859677691124, "model__colsample_bytree": 0.9766150118649499, "model__learning_rate": 0.2638370570596811, "model__max_depth": 7.92381120016441, "model__n_estimators": 20.883782828278427, "model__reg_lambda": 9.874611679072208}, "datetime": {"datetime": "2021-03-24 09:41:19", "elapsed": 15.240864, "delta": 1.160667}}
{"target": -0.34499231183604484, "params": {"model__colsample_bylevel": 0.31149830267158796, "model__colsample_bynode": 0.885254453118812, "model__colsample_bytree": 0.8160962300750083, "model__learning_rate": 0.24229868809774327, "model__max_depth": 2.1358065987027572, "model__n_estimators": 29.746228570730377, "model__reg_lambda": 6.900926984988878}, "datetime": {"datetime": "2021-03-24 09:41:20", "elapsed": 16.480787, "delta": 1.239923}}
{"target": -0.47520872505678646, "params": {"model__colsample_bylevel": 0.3, "model__colsample_bynode": 0.3, "model__colsample_bytree": 1.0, "model__learning_rate": 0.3, "model__max_depth": 2.0, "model__n_estimators": 15.0, "model__reg_lambda": 10.0}, "datetime": {"datetime": "2021-03-24 09:41:21", "elapsed": 17.5423, "delta": 1.061513}}
{"target": -0.43116648095268484, "params": {"model__colsample_bylevel": 0.3, "model__colsample_bynode": 0.3, "model__colsample_bytree": 1.0, "model__learning_rate": 0.3, "model__max_depth": 5.472752705054598, "model__n_estimators": 15.0, "model__reg_lambda": 10.0}, "datetime": {"datetime": "2021-03-24 09:41:23", "elapsed": 18.761745, "delta": 1.219445}}
{"target": -0.3290870255412723, "params": {"model__colsample_bylevel": 0.7640248910929935, "model__colsample_bynode": 0.9646743873316692, "model__colsample_bytree": 0.9775517645857796, "model__learning_rate": 0.28110128750420205, "model__max_depth": 7.968368833424672, "model__n_estimators": 27.431271256506122, "model__reg_lambda": 8.628786433468525}, "datetime": {"datetime": "2021-03-24 09:41:24", "elapsed": 20.060102, "delta": 1.298357}}
{"target": -0.3451291402967215, "params": {"model__colsample_bylevel": 1.0, "model__colsample_bynode": 0.48259933718065195, "model__colsample_bytree": 1.0, "model__learning_rate": 0.3, "model__max_depth": 7.500476219121701, "model__n_estimators": 19.559418159135724, "model__reg_lambda": 5.706770573843802}, "datetime": {"datetime": "2021-03-24 09:41:25", "elapsed": 21.353584, "delta": 1.293482}}
{"target": -0.31229240561909705, "params": {"model__colsample_bylevel": 0.9999999946846854, "model__colsample_bynode": 0.8987366730709829, "model__colsample_bytree": 0.9922135941894129, "model__learning_rate": 0.3, "model__max_depth": 8.0, "model__n_estimators": 30.0, "model__reg_lambda": 6.729418382843544}, "datetime": {"datetime": "2021-03-24 09:41:26", "elapsed": 22.493315, "delta": 1.139731}}
{"target": -0.3298969557407595, "params": {"model__colsample_bylevel": 0.6558599022491506, "model__colsample_bynode": 1.0, "model__colsample_bytree": 1.0, "model__learning_rate": 0.3, "model__max_depth": 2.0, "model__n_estimators": 26.801796340257262, "model__reg_lambda": 4.502638025176306}, "datetime": {"datetime": "2021-03-24 09:41:27", "elapsed": 23.555544, "delta": 1.062229}}
{"target": -0.3380124747604671, "params": {"model__colsample_bylevel": 0.5896192902336221, "model__colsample_bynode": 0.9505784499985794, "model__colsample_bytree": 0.6964467872260471, "model__learning_rate": 0.2428651924035025, "model__max_depth": 5.03374212863782, "model__n_estimators": 29.913689512198232, "model__reg_lambda": 9.815321303094395}, "datetime": {"datetime": "2021-03-24 09:41:29", "elapsed": 24.668416, "delta": 1.112872}}
{"target": -0.34412175427778097, "params": {"model__colsample_bylevel": 0.5727390121083106, "model__colsample_bynode": 0.8596963408972924, "model__colsample_bytree": 0.3331457368149942, "model__learning_rate": 0.29525564239321583, "model__max_depth": 7.959918034269519, "model__n_estimators": 15.873012882695704, "model__reg_lambda": 0.1945328840248428}, "datetime": {"datetime": "2021-03-24 09:41:30", "elapsed": 26.088824, "delta": 1.420408}}
{"target": -0.34920854288713493, "params": {"model__colsample_bylevel": 0.3, "model__colsample_bynode": 1.0, "model__colsample_bytree": 1.0, "model__learning_rate": 0.3, "model__max_depth": 2.000000019508544, "model__n_estimators": 22.890137556310385, "model__reg_lambda": 7.460150269935702}, "datetime": {"datetime": "2021-03-24 09:41:31", "elapsed": 27.12518, "delta": 1.036356}}
{"target": -0.3279651842576087, "params": {"model__colsample_bylevel": 0.9697095567179095, "model__colsample_bynode": 0.9734876031320501, "model__colsample_bytree": 0.9344331436609696, "model__learning_rate": 0.2806982535113485, "model__max_depth": 3.0344660387320523, "model__n_estimators": 23.42154888116719, "model__reg_lambda": 9.956516711353386}, "datetime": {"datetime": "2021-03-24 09:41:32", "elapsed": 28.31164, "delta": 1.18646}}
{"target": -0.3847947961002912, "params": {"model__colsample_bylevel": 0.30000000490578593, "model__colsample_bynode": 0.3, "model__colsample_bytree": 1.0, "model__learning_rate": 0.3, "model__max_depth": 6.127034824050583, "model__n_estimators": 15.0, "model__reg_lambda": 4.565041827257032}, "datetime": {"datetime": "2021-03-24 09:41:33", "elapsed": 29.427496, "delta": 1.115856}}
{"target": -0.3624846000642772, "params": {"model__colsample_bylevel": 0.3, "model__colsample_bynode": 0.3, "model__colsample_bytree": 1.0, "model__learning_rate": 0.3, "model__max_depth": 8.0, "model__n_estimators": 29.135220070391632, "model__reg_lambda": 8.89930466819521}, "datetime": {"datetime": "2021-03-24 09:41:34", "elapsed": 30.579942, "delta": 1.152446}}
{"target": -0.33329317194993435, "params": {"model__colsample_bylevel": 1.0, "model__colsample_bynode": 0.3, "model__colsample_bytree": 1.0, "model__learning_rate": 0.3, "model__max_depth": 2.0000000006341985, "model__n_estimators": 15.0, "model__reg_lambda": 0.0}, "datetime": {"datetime": "2021-03-24 09:41:36", "elapsed": 31.961445, "delta": 1.381503}}
{"target": -0.3494730108269099, "params": {"model__colsample_bylevel": 0.9665466522755484, "model__colsample_bynode": 0.9601596154077121, "model__colsample_bytree": 0.9973168093695688, "model__learning_rate": 0.15876772935529684, "model__max_depth": 5.432199744841692, "model__n_estimators": 15.684178691241994, "model__reg_lambda": 0.13610896883074486}, "datetime": {"datetime": "2021-03-24 09:41:37", "elapsed": 33.163087, "delta": 1.201642}}
{"target": -0.3206486118835924, "params": {"model__colsample_bylevel": 1.0, "model__colsample_bynode": 1.0, "model__colsample_bytree": 1.0, "model__learning_rate": 0.3, "model__max_depth": 4.808142925341283, "model__n_estimators": 27.76147203973245, "model__reg_lambda": 9.933404709593631}, "datetime": {"datetime": "2021-03-24 09:41:38", "elapsed": 34.476287, "delta": 1.3132}}
{"target": -0.3383681725062754, "params": {"model__colsample_bylevel": 0.4399377798197168, "model__colsample_bynode": 0.9965822563780935, "model__colsample_bytree": 0.9624760470705047, "model__learning_rate": 0.2660784321433748, "model__max_depth": 4.5173396966604695, "model__n_estimators": 21.419523659884405, "model__reg_lambda": 9.93499985272225}, "datetime": {"datetime": "2021-03-24 09:41:39", "elapsed": 35.546141, "delta": 1.069854}}
{"target": -0.33000449431803675, "params": {"model__colsample_bylevel": 0.9628622552400317, "model__colsample_bynode": 0.5461048350497614, "model__colsample_bytree": 0.9549797607866901, "model__learning_rate": 0.2972116510006704, "model__max_depth": 5.893387022595732, "model__n_estimators": 21.319016500397275, "model__reg_lambda": 6.078399497883536}, "datetime": {"datetime": "2021-03-24 09:41:41", "elapsed": 36.594223, "delta": 1.048082}}
{"target": -0.30366857215640664, "params": {"model__colsample_bylevel": 0.31613041397189834, "model__colsample_bynode": 0.43776091146929674, "model__colsample_bytree": 0.6809161507631043, "model__learning_rate": 0.2731720409409429, "model__max_depth": 5.239666478944578, "model__n_estimators": 18.157332282422, "model__reg_lambda": 0.4355746756115908}, "datetime": {"datetime": "2021-03-24 09:41:42", "elapsed": 37.902313, "delta": 1.30809}}
{"target": -0.3882862009189051, "params": {"model__colsample_bylevel": 0.5394631194935584, "model__colsample_bynode": 0.3950074261939433, "model__colsample_bytree": 0.4275089335149994, "model__learning_rate": 0.2401469677744359, "model__max_depth": 2.031709794088668, "model__n_estimators": 17.45361540342186, "model__reg_lambda": 0.05329365007495479}, "datetime": {"datetime": "2021-03-24 09:41:43", "elapsed": 38.920161, "delta": 1.017848}}
{"target": -0.3113343986294543, "params": {"model__colsample_bylevel": 0.8881186452301588, "model__colsample_bynode": 0.6338369651199774, "model__colsample_bytree": 0.9644551842205478, "model__learning_rate": 0.2727976935677626, "model__max_depth": 3.5733890046466996, "model__n_estimators": 29.816206648402172, "model__reg_lambda": 7.462708123542274}, "datetime": {"datetime": "2021-03-24 09:41:44", "elapsed": 40.263944, "delta": 1.343783}}
{"target": -0.35302291143199677, "params": {"model__colsample_bylevel": 1.0, "model__colsample_bynode": 1.0, "model__colsample_bytree": 1.0, "model__learning_rate": 0.3, "model__max_depth": 7.999999999783932, "model__n_estimators": 18.151067654645015, "model__reg_lambda": 9.318090837551495}, "datetime": {"datetime": "2021-03-24 09:41:46", "elapsed": 41.628439, "delta": 1.364495}}
{"target": -0.3476427886753167, "params": {"model__colsample_bylevel": 0.9084873307111314, "model__colsample_bynode": 0.944130080262557, "model__colsample_bytree": 0.9609665926514097, "model__learning_rate": 0.19231538003262583, "model__max_depth": 2.1078353288234926, "model__n_estimators": 29.23041821624403, "model__reg_lambda": 4.55372051231481}, "datetime": {"datetime": "2021-03-24 09:41:47", "elapsed": 42.889519, "delta": 1.26108}}
{"target": -0.3694256157729019, "params": {"model__colsample_bylevel": 0.7464156646609752, "model__colsample_bynode": 0.32585950275578146, "model__colsample_bytree": 0.3677031357563048, "model__learning_rate": 0.29947669206596317, "model__max_depth": 2.5208125503843206, "model__n_estimators": 29.819601763147457, "model__reg_lambda": 8.874921843934874}, "datetime": {"datetime": "2021-03-24 09:41:48", "elapsed": 43.95224, "delta": 1.062721}}
{"target": -0.3269956993711842, "params": {"model__colsample_bylevel": 0.9689692377727367, "model__colsample_bynode": 0.9975049903575259, "model__colsample_bytree": 1.0, "model__learning_rate": 0.3, "model__max_depth": 8.0, "model__n_estimators": 23.11019005788202, "model__reg_lambda": 7.447656396953489}, "datetime": {"datetime": "2021-03-24 09:41:49", "elapsed": 45.460132, "delta": 1.507892}}
{"target": -0.369485673757162, "params": {"model__colsample_bylevel": 0.3, "model__colsample_bynode": 1.0, "model__colsample_bytree": 0.3, "model__learning_rate": 0.3, "model__max_depth": 8.0, "model__n_estimators": 30.0, "model__reg_lambda": 10.0}, "datetime": {"datetime": "2021-03-24 09:41:51", "elapsed": 46.710998, "delta": 1.250866}}
{"target": -0.3284662317133684, "params": {"model__colsample_bylevel": 0.9708257535057403, "model__colsample_bynode": 0.32080165036832375, "model__colsample_bytree": 0.9738938548995892, "model__learning_rate": 0.2943429743640643, "model__max_depth": 7.7066814021316565, "model__n_estimators": 17.598480410104184, "model__reg_lambda": 1.2874802986853962}, "datetime": {"datetime": "2021-03-24 09:41:52", "elapsed": 47.85811, "delta": 1.147112}}
{"target": -0.3423883667516023, "params": {"model__colsample_bylevel": 0.8949131782038953, "model__colsample_bynode": 0.559267941399584, "model__colsample_bytree": 0.9456733488852225, "model__learning_rate": 0.2814866728618477, "model__max_depth": 3.898934899299759, "model__n_estimators": 23.12784893801552, "model__reg_lambda": 7.318256402525174}, "datetime": {"datetime": "2021-03-24 09:41:53", "elapsed": 49.399748, "delta": 1.541638}}
{"target": -0.3272020365951745, "params": {"model__colsample_bylevel": 0.30000001965513173, "model__colsample_bynode": 1.0, "model__colsample_bytree": 0.9184178287571677, "model__learning_rate": 0.3, "model__max_depth": 7.807566940686569, "model__n_estimators": 21.262660850911722, "model__reg_lambda": 4.176806606466289}, "datetime": {"datetime": "2021-03-24 09:41:55", "elapsed": 50.665666, "delta": 1.265918}}
{"target": -0.35368151740859377, "params": {"model__colsample_bylevel": 0.3392498359869383, "model__colsample_bynode": 0.9618111550469282, "model__colsample_bytree": 0.3083446586694419, "model__learning_rate": 0.29743755426999896, "model__max_depth": 5.053201313340645, "model__n_estimators": 28.970502731860208, "model__reg_lambda": 7.587756578033038}, "datetime": {"datetime": "2021-03-24 09:41:56", "elapsed": 51.755987, "delta": 1.090321}}
{"target": -0.3029822487844681, "params": {"model__colsample_bylevel": 0.7594807282071544, "model__colsample_bynode": 0.9534674625791977, "model__colsample_bytree": 0.8318143853057363, "model__learning_rate": 0.26600349080103636, "model__max_depth": 6.510460040781345, "model__n_estimators": 19.692020587669884, "model__reg_lambda": 0.13905776895408395}, "datetime": {"datetime": "2021-03-24 09:41:57", "elapsed": 52.807072, "delta": 1.051085}}
{"target": -0.2888125539524059, "params": {"model__colsample_bylevel": 0.9415417846504224, "model__colsample_bynode": 0.9926053446569116, "model__colsample_bytree": 0.31412320524517745, "model__learning_rate": 0.28401835169063644, "model__max_depth": 5.614585634288121, "model__n_estimators": 23.93142051000362, "model__reg_lambda": 0.18506961994801507}, "datetime": {"datetime": "2021-03-24 09:41:58", "elapsed": 53.864568, "delta": 1.057496}}
