{"target": -0.3177032793746785, "params": {"model__colsample_bylevel": 0.4884525291969753, "model__colsample_bynode": 0.31980089965965297, "model__colsample_bytree": 0.980755267171108, "model__learning_rate": 0.23439702615137264, "model__max_depth": 6.0, "model__n_estimators": 30.0, "model__reg_lambda": 0.0585324600436421}, "datetime": {"datetime": "2021-03-24 09:41:07", "elapsed": 2.611443, "delta": 0.00039}}
{"target": -0.3177032793746785, "params": {"model__colsample_bylevel": 0.4884525291969753, "model__colsample_bynode": 0.31980089965965297, "model__colsample_bytree": 0.980755267171108, "model__learning_rate": 0.23439702615137264, "model__max_depth": 6.0, "model__n_estimators": 30.0, "model__reg_lambda": 0.0585324600436421}, "datetime": {"datetime": "2021-03-24 09:41:07", "elapsed": 2.611684, "delta": 0.000241}}
{"target": -0.3177032793746785, "params": {"model__colsample_bylevel": 0.4884525291969753, "model__colsample_bynode": 0.31980089965965297, "model__colsample_bytree": 0.980755267171108, "model__learning_rate": 0.23439702615137264, "model__max_depth": 6.0, "model__n_estimators": 30.0, "model__reg_lambda": 0.0585324600436421}, "datetime": {"datetime": "2021-03-24 09:41:07", "elapsed": 2.611914, "delta": 0.00023}}
{"target": -0.3177032793746785, "params": {"model__colsample_bylevel": 0.4884525291969753, "model__colsample_bynode": 0.31980089965965297, "model__colsample_bytree": 0.980755267171108, "model__learning_rate": 0.23439702615137264, "model__max_depth": 6.0, "model__n_estimators": 30.0, "model__reg_lambda": 0.0585324600436421}, "datetime": {"datetime": "2021-03-24 09:41:07", "elapsed": 2.612139, "delta": 0.000225}}
{"target": -0.3177032793746785, "params": {"model__colsample_bylevel": 0.4884525291969753, "model__colsample_bynode": 0.31980089965965297, "model__colsample_bytree": 0.980755267171108, "model__learning_rate": 0.23439702615137264, "model__max_depth": 6.0, "model__n_estimators": 30.0, "model__reg_lambda": 0.0585324600436421}, "datetime": {"datetime": "2021-03-24 09:41:07", "elapsed": 2.612357, "delta": 0.000218}}
{"target": -0.32797624757547145, "params": {"model__colsample_bylevel": 1.0, "model__colsample_bynode": 1.0, "model__colsample_bytree": 0.3, "model__learning_rate": 0.3, "model__max_depth": 4.0, "model__n_estimators": 19.0, "model__reg_lambda": 0.318204857236932}, "datetime": {"datetime": "2021-03-24 09:41:07", "elapsed": 2.682143, "delta": 0.069786}}
{"target": -0.34247193154317934, "params": {"model__colsample_bylevel": 0.9863866447374559, "model__colsample_bynode": 0.3036539309395714, "model__colsample_bytree": 0.8436197081882266, "model__learning_rate": 0.21937190210074342, "model__max_depth": 8.0, "model__n_estimators": 30.0, "model__reg_lambda": 0.060681681592996695}, "datetime": {"datetime": "2021-03-24 09:41:07", "elapsed": 2.770652, "delta": 0.088509}}
{"target": -0.34247193154317934, "params": {"model__colsample_bylevel": 0.9863866447374559, "model__colsample_bynode": 0.3036539309395714, "model__colsample_bytree": 0.8436197081882266, "model__learning_rate": 0.21937190210074342, "model__max_depth": 8.0, "model__n_estimators": 30.0, "model__reg_lambda": 0.060681681592996695}, "datetime": {"datetime": "2021-03-24 09:41:07", "elapsed": 2.771051, "delta": 0.000399}}
{"target": -0.30996060549240206, "params": {"model__colsample_bylevel": 0.3747575169134865, "model__colsample_bynode": 0.9479460713739047, "model__colsample_bytree": 0.9431277513130145, "model__learning_rate": 0.2853523854162271, "model__max_depth": 4.0, "model__n_estimators": 24.0, "model__reg_lambda": 0.01696133270636002}, "datetime": {"datetime": "2021-03-24 09:41:07", "elapsed": 2.848276, "delta": 0.077225}}
{"target": -0.3038107283327575, "params": {"model__colsample_bylevel": 0.35169145946031455, "model__colsample_bynode": 0.9286130522956784, "model__colsample_bytree": 0.9835951082831629, "model__learning_rate": 0.2987984725827035, "model__max_depth": 3.0, "model__n_estimators": 28.0, "model__reg_lambda": 0.296879697057687}, "datetime": {"datetime": "2021-03-24 09:41:07", "elapsed": 2.920572, "delta": 0.072296}}
{"target": -0.2871759333391969, "params": {"model__colsample_bylevel": 1.0, "model__colsample_bynode": 1.0, "model__colsample_bytree": 0.3, "model__learning_rate": 0.3, "model__max_depth": 2.0, "model__n_estimators": 30.0, "model__reg_lambda": 0.0}, "datetime": {"datetime": "2021-03-24 09:41:07", "elapsed": 2.997773, "delta": 0.077201}}
{"target": -0.2871759333391969, "params": {"model__colsample_bylevel": 1.0, "model__colsample_bynode": 1.0, "model__colsample_bytree": 0.3, "model__learning_rate": 0.3, "model__max_depth": 2.0, "model__n_estimators": 30.0, "model__reg_lambda": 0.0}, "datetime": {"datetime": "2021-03-24 09:41:07", "elapsed": 2.998154, "delta": 0.000381}}
{"target": -0.2871759333391969, "params": {"model__colsample_bylevel": 1.0, "model__colsample_bynode": 1.0, "model__colsample_bytree": 0.3, "model__learning_rate": 0.3, "model__max_depth": 2.0, "model__n_estimators": 30.0, "model__reg_lambda": 0.0}, "datetime": {"datetime": "2021-03-24 09:41:07", "elapsed": 2.998408, "delta": 0.000254}}
{"target": -0.2871759333391969, "params": {"model__colsample_bylevel": 1.0, "model__colsample_bynode": 1.0, "model__colsample_bytree": 0.3, "model__learning_rate": 0.3, "model__max_depth": 2.0, "model__n_estimators": 30.0, "model__reg_lambda": 0.0}, "datetime": {"datetime": "2021-03-24 09:41:07", "elapsed": 2.998635, "delta": 0.000227}}
{"target": -0.3255683453925683, "params": {"model__colsample_bylevel": 0.7935815315814578, "model__colsample_bynode": 0.4412981046716803, "model__colsample_bytree": 0.9389353526613848, "model__learning_rate": 0.2860946097441848, "model__max_depth": 4.0, "model__n_estimators": 23.0, "model__reg_lambda": 0.2058529453048119}, "datetime": {"datetime": "2021-03-24 09:41:07", "elapsed": 3.070725, "delta": 0.07209}}
{"target": -0.3255683453925683, "params": {"model__colsample_bylevel": 0.7935815315814578, "model__colsample_bynode": 0.4412981046716803, "model__colsample_bytree": 0.9389353526613848, "model__learning_rate": 0.2860946097441848, "model__max_depth": 4.0, "model__n_estimators": 23.0, "model__reg_lambda": 0.2058529453048119}, "datetime": {"datetime": "2021-03-24 09:41:07", "elapsed": 3.071118, "delta": 0.000393}}
{"target": -0.3255683453925683, "params": {"model__colsample_bylevel": 0.7935815315814578, "model__colsample_bynode": 0.4412981046716803, "model__colsample_bytree": 0.9389353526613848, "model__learning_rate": 0.2860946097441848, "model__max_depth": 4.0, "model__n_estimators": 23.0, "model__reg_lambda": 0.2058529453048119}, "datetime": {"datetime": "2021-03-24 09:41:07", "elapsed": 3.071415, "delta": 0.000297}}
{"target": -0.2807053552071591, "params": {"model__colsample_bylevel": 0.8877692221146174, "model__colsample_bynode": 0.4757891156405968, "model__colsample_bytree": 0.9597975498812856, "model__learning_rate": 0.2942101393345069, "model__max_depth": 6.0, "model__n_estimators": 29.0, "model__reg_lambda": 1.0204062619693055}, "datetime": {"datetime": "2021-03-24 09:41:07", "elapsed": 3.173737, "delta": 0.102322}}
{"target": -0.2807053552071591, "params": {"model__colsample_bylevel": 0.8877692221146174, "model__colsample_bynode": 0.4757891156405968, "model__colsample_bytree": 0.9597975498812856, "model__learning_rate": 0.2942101393345069, "model__max_depth": 6.0, "model__n_estimators": 29.0, "model__reg_lambda": 1.0204062619693055}, "datetime": {"datetime": "2021-03-24 09:41:07", "elapsed": 3.174196, "delta": 0.000459}}
{"target": -0.28970305325591644, "params": {"model__colsample_bylevel": 1.0, "model__colsample_bynode": 1.0, "model__colsample_bytree": 0.3, "model__learning_rate": 0.3, "model__max_depth": 6.0, "model__n_estimators": 17.0, "model__reg_lambda": 0.0}, "datetime": {"datetime": "2021-03-24 09:41:07", "elapsed": 3.242838, "delta": 0.068642}}
{"target": -0.28970305325591644, "params": {"model__colsample_bylevel": 1.0, "model__colsample_bynode": 1.0, "model__colsample_bytree": 0.3, "model__learning_rate": 0.3, "model__max_depth": 6.0, "model__n_estimators": 17.0, "model__reg_lambda": 0.0}, "datetime": {"datetime": "2021-03-24 09:41:07", "elapsed": 3.243191, "delta": 0.000353}}
{"target": -0.29317731442034545, "params": {"model__colsample_bylevel": 0.45102308882398734, "model__colsample_bynode": 0.31060792977636337, "model__colsample_bytree": 0.9790978505260848, "model__learning_rate": 0.29871396209558154, "model__max_depth": 3.0, "model__n_estimators": 28.0, "model__reg_lambda": 2.0394290403333626}, "datetime": {"datetime": "2021-03-24 09:41:07", "elapsed": 3.309191, "delta": 0.066}}
{"target": -0.29317731442034545, "params": {"model__colsample_bylevel": 0.45102308882398734, "model__colsample_bynode": 0.31060792977636337, "model__colsample_bytree": 0.9790978505260848, "model__learning_rate": 0.29871396209558154, "model__max_depth": 3.0, "model__n_estimators": 28.0, "model__reg_lambda": 2.0394290403333626}, "datetime": {"datetime": "2021-03-24 09:41:07", "elapsed": 3.309603, "delta": 0.000412}}
{"target": -0.33368516801949255, "params": {"model__colsample_bylevel": 0.8439197015064559, "model__colsample_bynode": 0.39129964877222, "model__colsample_bytree": 0.9952632567476658, "model__learning_rate": 0.2976816432728172, "model__max_depth": 8.0, "model__n_estimators": 24.0, "model__reg_lambda": 0.292936890039176}, "datetime": {"datetime": "2021-03-24 09:41:07", "elapsed": 3.384992, "delta": 0.075389}}
{"target": -0.33368516801949255, "params": {"model__colsample_bylevel": 0.8439197015064559, "model__colsample_bynode": 0.39129964877222, "model__colsample_bytree": 0.9952632567476658, "model__learning_rate": 0.2976816432728172, "model__max_depth": 8.0, "model__n_estimators": 24.0, "model__reg_lambda": 0.292936890039176}, "datetime": {"datetime": "2021-03-24 09:41:07", "elapsed": 3.385371, "delta": 0.000379}}
{"target": -0.29612304542936635, "params": {"model__colsample_bylevel": 0.9962133504999264, "model__colsample_bynode": 0.9826091851993903, "model__colsample_bytree": 0.5282500943121311, "model__learning_rate": 0.29021999747645855, "model__max_depth": 3.0, "model__n_estimators": 23.0, "model__reg_lambda": 0.10693130307365406}, "datetime": {"datetime": "2021-03-24 09:41:07", "elapsed": 3.468632, "delta": 0.083261}}
{"target": -0.29612304542936635, "params": {"model__colsample_bylevel": 0.9962133504999264, "model__colsample_bynode": 0.9826091851993903, "model__colsample_bytree": 0.5282500943121311, "model__learning_rate": 0.29021999747645855, "model__max_depth": 3.0, "model__n_estimators": 23.0, "model__reg_lambda": 0.10693130307365406}, "datetime": {"datetime": "2021-03-24 09:41:07", "elapsed": 3.469005, "delta": 0.000373}}
{"target": -0.29612304542936635, "params": {"model__colsample_bylevel": 0.9962133504999264, "model__colsample_bynode": 0.9826091851993903, "model__colsample_bytree": 0.5282500943121311, "model__learning_rate": 0.29021999747645855, "model__max_depth": 3.0, "model__n_estimators": 23.0, "model__reg_lambda": 0.10693130307365406}, "datetime": {"datetime": "2021-03-24 09:41:07", "elapsed": 3.469264, "delta": 0.000259}}
{"target": -0.31467100017049443, "params": {"model__colsample_bylevel": 0.8617383570373642, "model__colsample_bynode": 0.39757888068825264, "model__colsample_bytree": 0.343977855560185, "model__learning_rate": 0.2947890705848357, "model__max_depth": 3.0, "model__n_estimators": 25.0, "model__reg_lambda": 0.04561150751861032}, "datetime": {"datetime": "2021-03-24 09:41:07", "elapsed": 3.537716, "delta": 0.068452}}
{"target": -0.3247120305948951, "params": {"model__colsample_bylevel": 0.43916442392872107, "model__colsample_bynode": 0.975379883116676, "model__colsample_bytree": 0.8260635515477359, "model__learning_rate": 0.29895543196205443, "model__max_depth": 4.0, "model__n_estimators": 24.0, "model__reg_lambda": 1.3379216727290366}, "datetime": {"datetime": "2021-03-24 09:41:08", "elapsed": 3.621708, "delta": 0.083992}}
{"target": -0.3206097603910535, "params": {"model__colsample_bylevel": 0.9200821231031391, "model__colsample_bynode": 0.35616344543935075, "model__colsample_bytree": 0.8625120529528605, "model__learning_rate": 0.23669407037870885, "model__max_depth": 5.0, "model__n_estimators": 25.0, "model__reg_lambda": 2.826662622956666}, "datetime": {"datetime": "2021-03-24 09:41:08", "elapsed": 3.70326, "delta": 0.081552}}
{"target": -0.3206097603910535, "params": {"model__colsample_bylevel": 0.9200821231031391, "model__colsample_bynode": 0.35616344543935075, "model__colsample_bytree": 0.8625120529528605, "model__learning_rate": 0.23669407037870885, "model__max_depth": 5.0, "model__n_estimators": 25.0, "model__reg_lambda": 2.826662622956666}, "datetime": {"datetime": "2021-03-24 09:41:08", "elapsed": 3.70363, "delta": 0.00037}}
{"target": -0.3206097603910535, "params": {"model__colsample_bylevel": 0.9200821231031391, "model__colsample_bynode": 0.35616344543935075, "model__colsample_bytree": 0.8625120529528605, "model__learning_rate": 0.23669407037870885, "model__max_depth": 5.0, "model__n_estimators": 25.0, "model__reg_lambda": 2.826662622956666}, "datetime": {"datetime": "2021-03-24 09:41:08", "elapsed": 3.703891, "delta": 0.000261}}
{"target": -0.2726590255579061, "params": {"model__colsample_bylevel": 0.8539852255783891, "model__colsample_bynode": 0.9943718521845815, "model__colsample_bytree": 0.910841780551815, "model__learning_rate": 0.25494085308239567, "model__max_depth": 2.0, "model__n_estimators": 29.0, "model__reg_lambda": 0.13009971202335713}, "datetime": {"datetime": "2021-03-24 09:41:08", "elapsed": 3.788813, "delta": 0.084922}}
{"target": -0.2793342335328909, "params": {"model__colsample_bylevel": 0.6571842183803359, "model__colsample_bynode": 0.6839407849675303, "model__colsample_bytree": 0.9068883432417858, "model__learning_rate": 0.2920790852458208, "model__max_depth": 3.0, "model__n_estimators": 25.0, "model__reg_lambda": 0.00965499740896103}, "datetime": {"datetime": "2021-03-24 09:41:08", "elapsed": 3.871219, "delta": 0.082406}}
{"target": -0.2793342335328909, "params": {"model__colsample_bylevel": 0.6571842183803359, "model__colsample_bynode": 0.6839407849675303, "model__colsample_bytree": 0.9068883432417858, "model__learning_rate": 0.2920790852458208, "model__max_depth": 3.0, "model__n_estimators": 25.0, "model__reg_lambda": 0.00965499740896103}, "datetime": {"datetime": "2021-03-24 09:41:08", "elapsed": 3.871597, "delta": 0.000378}}
{"target": -0.2793342335328909, "params": {"model__colsample_bylevel": 0.6571842183803359, "model__colsample_bynode": 0.6839407849675303, "model__colsample_bytree": 0.9068883432417858, "model__learning_rate": 0.2920790852458208, "model__max_depth": 3.0, "model__n_estimators": 25.0, "model__reg_lambda": 0.00965499740896103}, "datetime": {"datetime": "2021-03-24 09:41:08", "elapsed": 3.871858, "delta": 0.000261}}
{"target": -0.2793342335328909, "params": {"model__colsample_bylevel": 0.6571842183803359, "model__colsample_bynode": 0.6839407849675303, "model__colsample_bytree": 0.9068883432417858, "model__learning_rate": 0.2920790852458208, "model__max_depth": 3.0, "model__n_estimators": 25.0, "model__reg_lambda": 0.00965499740896103}, "datetime": {"datetime": "2021-03-24 09:41:08", "elapsed": 3.872122, "delta": 0.000264}}
{"target": -0.2923953737050423, "params": {"model__colsample_bylevel": 0.4634685245451294, "model__colsample_bynode": 1.0, "model__colsample_bytree": 0.9580409589562816, "model__learning_rate": 0.3, "model__max_depth": 2.0, "model__n_estimators": 27.0, "model__reg_lambda": 0.0}, "datetime": {"datetime": "2021-03-24 09:41:08", "elapsed": 3.942357, "delta": 0.070235}}
{"target": -0.2923953737050423, "params": {"model__colsample_bylevel": 0.4634685245451294, "model__colsample_bynode": 1.0, "model__colsample_bytree": 0.9580409589562816, "model__learning_rate": 0.3, "model__max_depth": 2.0, "model__n_estimators": 27.0, "model__reg_lambda": 0.0}, "datetime": {"datetime": "2021-03-24 09:41:08", "elapsed": 3.94275, "delta": 0.000393}}
{"target": -0.2923953737050423, "params": {"model__colsample_bylevel": 0.4634685245451294, "model__colsample_bynode": 1.0, "model__colsample_bytree": 0.9580409589562816, "model__learning_rate": 0.3, "model__max_depth": 2.0, "model__n_estimators": 27.0, "model__reg_lambda": 0.0}, "datetime": {"datetime": "2021-03-24 09:41:08", "elapsed": 3.943023, "delta": 0.000273}}
{"target": -0.2923953737050423, "params": {"model__colsample_bylevel": 0.4634685245451294, "model__colsample_bynode": 1.0, "model__colsample_bytree": 0.9580409589562816, "model__learning_rate": 0.3, "model__max_depth": 2.0, "model__n_estimators": 27.0, "model__reg_lambda": 0.0}, "datetime": {"datetime": "2021-03-24 09:41:08", "elapsed": 3.943272, "delta": 0.000249}}
{"target": -0.2923953737050423, "params": {"model__colsample_bylevel": 0.4634685245451294, "model__colsample_bynode": 1.0, "model__colsample_bytree": 0.9580409589562816, "model__learning_rate": 0.3, "model__max_depth": 2.0, "model__n_estimators": 27.0, "model__reg_lambda": 0.0}, "datetime": {"datetime": "2021-03-24 09:41:08", "elapsed": 3.943512, "delta": 0.00024}}
{"target": -0.28096317536492016, "params": {"model__colsample_bylevel": 0.49366837432835187, "model__colsample_bynode": 0.9563605721216693, "model__colsample_bytree": 0.9298612762705443, "model__learning_rate": 0.25525247792507844, "model__max_depth": 7.0, "model__n_estimators": 30.0, "model__reg_lambda": 0.12021066710812933}, "datetime": {"datetime": "2021-03-24 09:41:08", "elapsed": 4.033224, "delta": 0.089712}}
{"target": -0.28096317536492016, "params": {"model__colsample_bylevel": 0.49366837432835187, "model__colsample_bynode": 0.9563605721216693, "model__colsample_bytree": 0.9298612762705443, "model__learning_rate": 0.25525247792507844, "model__max_depth": 7.0, "model__n_estimators": 30.0, "model__reg_lambda": 0.12021066710812933}, "datetime": {"datetime": "2021-03-24 09:41:08", "elapsed": 4.033671, "delta": 0.000447}}
{"target": -0.28096317536492016, "params": {"model__colsample_bylevel": 0.49366837432835187, "model__colsample_bynode": 0.9563605721216693, "model__colsample_bytree": 0.9298612762705443, "model__learning_rate": 0.25525247792507844, "model__max_depth": 7.0, "model__n_estimators": 30.0, "model__reg_lambda": 0.12021066710812933}, "datetime": {"datetime": "2021-03-24 09:41:08", "elapsed": 4.034026, "delta": 0.000355}}
{"target": -0.30527823344142974, "params": {"model__colsample_bylevel": 0.816923983909474, "model__colsample_bynode": 0.7090153450298311, "model__colsample_bytree": 0.9184032582594783, "model__learning_rate": 0.21574992226411746, "model__max_depth": 3.0, "model__n_estimators": 24.0, "model__reg_lambda": 0.5387774367636355}, "datetime": {"datetime": "2021-03-24 09:41:08", "elapsed": 4.112855, "delta": 0.078829}}
{"target": -0.30527823344142974, "params": {"model__colsample_bylevel": 0.816923983909474, "model__colsample_bynode": 0.7090153450298311, "model__colsample_bytree": 0.9184032582594783, "model__learning_rate": 0.21574992226411746, "model__max_depth": 3.0, "model__n_estimators": 24.0, "model__reg_lambda": 0.5387774367636355}, "datetime": {"datetime": "2021-03-24 09:41:08", "elapsed": 4.113244, "delta": 0.000389}}
{"target": -0.3191704623516737, "params": {"model__colsample_bylevel": 0.45436492879971546, "model__colsample_bynode": 0.9194423895920918, "model__colsample_bytree": 0.8220071881411264, "model__learning_rate": 0.2847008774287463, "model__max_depth": 8.0, "model__n_estimators": 19.0, "model__reg_lambda": 0.12489345056967194}, "datetime": {"datetime": "2021-03-24 09:41:08", "elapsed": 4.19521, "delta": 0.081966}}
{"target": -0.3191704623516737, "params": {"model__colsample_bylevel": 0.45436492879971546, "model__colsample_bynode": 0.9194423895920918, "model__colsample_bytree": 0.8220071881411264, "model__learning_rate": 0.2847008774287463, "model__max_depth": 8.0, "model__n_estimators": 19.0, "model__reg_lambda": 0.12489345056967194}, "datetime": {"datetime": "2021-03-24 09:41:08", "elapsed": 4.195591, "delta": 0.000381}}
{"target": -0.3191704623516737, "params": {"model__colsample_bylevel": 0.45436492879971546, "model__colsample_bynode": 0.9194423895920918, "model__colsample_bytree": 0.8220071881411264, "model__learning_rate": 0.2847008774287463, "model__max_depth": 8.0, "model__n_estimators": 19.0, "model__reg_lambda": 0.12489345056967194}, "datetime": {"datetime": "2021-03-24 09:41:08", "elapsed": 4.195872, "delta": 0.000281}}
{"target": -0.3191704623516737, "params": {"model__colsample_bylevel": 0.45436492879971546, "model__colsample_bynode": 0.9194423895920918, "model__colsample_bytree": 0.8220071881411264, "model__learning_rate": 0.2847008774287463, "model__max_depth": 8.0, "model__n_estimators": 19.0, "model__reg_lambda": 0.12489345056967194}, "datetime": {"datetime": "2021-03-24 09:41:08", "elapsed": 4.196132, "delta": 0.00026}}
{"target": -0.3680354914940097, "params": {"model__colsample_bylevel": 0.5247989934046867, "model__colsample_bynode": 0.7026205307904858, "model__colsample_bytree": 0.46066423154538977, "model__learning_rate": 0.28452898615095856, "model__max_depth": 8.0, "model__n_estimators": 28.0, "model__reg_lambda": 0.24240134153131643}, "datetime": {"datetime": "2021-03-24 09:41:08", "elapsed": 4.272882, "delta": 0.07675}}
{"target": -0.30074165944900844, "params": {"model__colsample_bylevel": 0.7861070744351207, "model__colsample_bynode": 0.8774093251503836, "model__colsample_bytree": 0.6259679327570861, "model__learning_rate": 0.28810488190533123, "model__max_depth": 7.0, "model__n_estimators": 30.0, "model__reg_lambda": 1.696362575837671}, "datetime": {"datetime": "2021-03-24 09:41:08", "elapsed": 4.367962, "delta": 0.09508}}
