{"target": -0.30074165944900844, "params": {"model__colsample_bylevel": 0.7861070744351207, "model__colsample_bynode": 0.8774093251503836, "model__colsample_bytree": 0.6259679327570861, "model__learning_rate": 0.28810488190533123, "model__max_depth": 7.0, "model__n_estimators": 30.0, "model__reg_lambda": 1.696362575837671}, "datetime": {"datetime": "2021-03-24 09:41:08", "elapsed": 4.368357, "delta": 0.000395}}
{"target": -0.30074165944900844, "params": {"model__colsample_bylevel": 0.7861070744351207, "model__colsample_bynode": 0.8774093251503836, "model__colsample_bytree": 0.6259679327570861, "model__learning_rate": 0.28810488190533123, "model__max_depth": 7.0, "model__n_estimators": 30.0, "model__reg_lambda": 1.696362575837671}, "datetime": {"datetime": "2021-03-24 09:41:08", "elapsed": 4.368637, "delta": 0.00028}}
{"target": -0.30074165944900844, "params": {"model__colsample_bylevel": 0.7861070744351207, "model__colsample_bynode": 0.8774093251503836, "model__colsample_bytree": 0.6259679327570861, "model__learning_rate": 0.28810488190533123, "model__max_depth": 7.0, "model__n_estimators": 30.0, "model__reg_lambda": 1.696362575837671}, "datetime": {"datetime": "2021-03-24 09:41:08", "elapsed": 4.368909, "delta": 0.000272}}
{"target": -0.30074165944900844, "params": {"model__colsample_bylevel": 0.7861070744351207, "model__colsample_bynode": 0.8774093251503836, "model__colsample_bytree": 0.6259679327570861, "model__learning_rate": 0.28810488190533123, "model__max_depth": 7.0, "model__n_estimators": 30.0, "model__reg_lambda": 1.696362575837671}, "datetime": {"datetime": "2021-03-24 09:41:08", "elapsed": 4.36917, "delta": 0.000261}}
{"target": -0.30074165944900844, "params": {"model__colsample_bylevel": 0.7861070744351207, "model__colsample_bynode": 0.8774093251503836, "model__colsample_bytree": 0.6259679327570861, "model__learning_rate": 0.28810488190533123, "model__max_depth": 7.0, "model__n_estimators": 30.0, "model__reg_lambda": 1.696362575837671}, "datetime": {"datetime": "2021-03-24 09:41:08", "elapsed": 4.369443, "delta": 0.000273}}
{"target": -0.2853215274246843, "params": {"model__colsample_bylevel": 0.9461993009357694, "model__colsample_bynode": 0.9567283028471558, "model__colsample_bytree": 0.7946736891397577, "model__learning_rate": 0.23964408020492772, "model__max_depth": 3.0, "model__n_estimators": 30.0, "model__reg_lambda": 0.0968737560897448}, "datetime": {"datetime": "2021-03-24 09:41:08", "elapsed": 4.471797, "delta": 0.102354}}
{"target": -0.284547741650106, "params": {"model__colsample_bylevel": 0.8643929186815351, "model__colsample_bynode": 0.8376062157185853, "model__colsample_bytree": 0.937537305187915, "model__learning_rate": 0.2833795531077623, "model__max_depth": 2.0, "model__n_estimators": 29.0, "model__reg_lambda": 0.04358504250009165}, "datetime": {"datetime": "2021-03-24 09:41:08", "elapsed": 4.554713, "delta": 0.082916}}
{"target": -0.284547741650106, "params": {"model__colsample_bylevel": 0.8643929186815351, "model__colsample_bynode": 0.8376062157185853, "model__colsample_bytree": 0.937537305187915, "model__learning_rate": 0.2833795531077623, "model__max_depth": 2.0, "model__n_estimators": 29.0, "model__reg_lambda": 0.04358504250009165}, "datetime": {"datetime": "2021-03-24 09:41:08", "elapsed": 4.555111, "delta": 0.000398}}
{"target": -0.29388761861767343, "params": {"model__colsample_bylevel": 0.4608130502459562, "model__colsample_bynode": 0.9646866683484128, "model__colsample_bytree": 0.9008308536158041, "model__learning_rate": 0.2856096920204329, "model__max_depth": 3.0, "model__n_estimators": 29.0, "model__reg_lambda": 0.39558417506437515}, "datetime": {"datetime": "2021-03-24 09:41:09", "elapsed": 4.640905, "delta": 0.085794}}
{"target": -0.29388761861767343, "params": {"model__colsample_bylevel": 0.4608130502459562, "model__colsample_bynode": 0.9646866683484128, "model__colsample_bytree": 0.9008308536158041, "model__learning_rate": 0.2856096920204329, "model__max_depth": 3.0, "model__n_estimators": 29.0, "model__reg_lambda": 0.39558417506437515}, "datetime": {"datetime": "2021-03-24 09:41:09", "elapsed": 4.641316, "delta": 0.000411}}
{"target": -0.2744901025643322, "params": {"model__colsample_bylevel": 0.9571386642259887, "model__colsample_bynode": 0.5167983459185753, "model__colsample_bytree": 0.9457235838561733, "model__learning_rate": 0.29964971693350817, "model__max_depth": 4.0, "model__n_estimators": 24.0, "model__reg_lambda": 0.5607666556002022}, "datetime": {"datetime": "2021-03-24 09:41:09", "elapsed": 4.723874, "delta": 0.082558}}
{"target": -0.2744901025643322, "params": {"model__colsample_bylevel": 0.9571386642259887, "model__colsample_bynode": 0.5167983459185753, "model__colsample_bytree": 0.9457235838561733, "model__learning_rate": 0.29964971693350817, "model__max_depth": 4.0, "model__n_estimators": 24.0, "model__reg_lambda": 0.5607666556002022}, "datetime": {"datetime": "2021-03-24 09:41:09", "elapsed": 4.724282, "delta": 0.000408}}
{"target": -0.2744901025643322, "params": {"model__colsample_bylevel": 0.9571386642259887, "model__colsample_bynode": 0.5167983459185753, "model__colsample_bytree": 0.9457235838561733, "model__learning_rate": 0.29964971693350817, "model__max_depth": 4.0, "model__n_estimators": 24.0, "model__reg_lambda": 0.5607666556002022}, "datetime": {"datetime": "2021-03-24 09:41:09", "elapsed": 4.724571, "delta": 0.000289}}
{"target": -0.2744901025643322, "params": {"model__colsample_bylevel": 0.9571386642259887, "model__colsample_bynode": 0.5167983459185753, "model__colsample_bytree": 0.9457235838561733, "model__learning_rate": 0.29964971693350817, "model__max_depth": 4.0, "model__n_estimators": 24.0, "model__reg_lambda": 0.5607666556002022}, "datetime": {"datetime": "2021-03-24 09:41:09", "elapsed": 4.72484, "delta": 0.000269}}
{"target": -0.4244035330169119, "params": {"model__colsample_bylevel": 0.30726190771998996, "model__colsample_bynode": 0.651312214504117, "model__colsample_bytree": 0.6470413051939022, "model__learning_rate": 0.12676590579185532, "model__max_depth": 2.8526665127272315, "model__n_estimators": 18.278380134391174, "model__reg_lambda": 4.185081805104525}, "datetime": {"datetime": "2021-03-24 09:41:09", "elapsed": 4.788202, "delta": 0.063362}}
{"target": -0.35182701424304125, "params": {"model__colsample_bylevel": 0.4736708178894914, "model__colsample_bynode": 0.35884175581574507, "model__colsample_bytree": 0.54184904803528, "model__learning_rate": 0.1333552693064643, "model__max_depth": 7.271354513195954, "model__n_estimators": 29.26446047440075, "model__reg_lambda": 0.38748375832319826}, "datetime": {"datetime": "2021-03-24 09:41:09", "elapsed": 4.85834, "delta": 0.070138}}
{"target": -0.31825798557247914, "params": {"model__colsample_bylevel": 0.7893751739791326, "model__colsample_bynode": 0.7009318708985864, "model__colsample_bytree": 0.9286049827576046, "model__learning_rate": 0.23337979458392732, "model__max_depth": 5.28702669827889, "model__n_estimators": 25.53641136102083, "model__reg_lambda": 3.864771696146654}, "datetime": {"datetime": "2021-03-24 09:41:09", "elapsed": 4.954727, "delta": 0.096387}}
{"target": -0.30074165944900844, "params": {"model__colsample_bylevel": 0.7861070744351207, "model__colsample_bynode": 0.8774093251503836, "model__colsample_bytree": 0.6259679327570861, "model__learning_rate": 0.28810488190533123, "model__max_depth": 6.822438620073907, "model__n_estimators": 29.75038872336499, "model__reg_lambda": 1.696362575837671}, "datetime": {"datetime": "2021-03-24 09:41:09", "elapsed": 5.05308, "delta": 0.098353}}
{"target": -0.3418794114962625, "params": {"model__colsample_bylevel": 0.6647592980218581, "model__colsample_bynode": 0.9618621918833685, "model__colsample_bytree": 0.7546783242123333, "model__learning_rate": 0.2721663846451393, "model__max_depth": 7.825076072541351, "model__n_estimators": 17.78312530401691, "model__reg_lambda": 2.431156753134085}, "datetime": {"datetime": "2021-03-24 09:41:09", "elapsed": 5.134992, "delta": 0.081912}}
{"target": -0.3371012178769308, "params": {"model__colsample_bylevel": 0.9113805901707872, "model__colsample_bynode": 0.9343940938464552, "model__colsample_bytree": 0.8307945907576542, "model__learning_rate": 0.16938039075510394, "model__max_depth": 4.781208283904345, "model__n_estimators": 24.15806611272194, "model__reg_lambda": 4.96281717671187}, "datetime": {"datetime": "2021-03-24 09:41:09", "elapsed": 5.247047, "delta": 0.112055}}
{"target": -0.391713777590759, "params": {"model__colsample_bylevel": 0.6345818094768427, "model__colsample_bynode": 0.604888825336442, "model__colsample_bytree": 0.9092858074985717, "model__learning_rate": 0.1374717294122843, "model__max_depth": 6.126044559156051, "model__n_estimators": 25.552937607020823, "model__reg_lambda": 9.252000772711074}, "datetime": {"datetime": "2021-03-24 09:41:09", "elapsed": 5.337285, "delta": 0.090238}}
{"target": -0.4208942016181738, "params": {"model__colsample_bylevel": 0.32761837237198693, "model__colsample_bynode": 0.7529816994815779, "model__colsample_bytree": 0.7466377893021694, "model__learning_rate": 0.19233953249413938, "model__max_depth": 2.318356546912358, "model__n_estimators": 15.578563847435374, "model__reg_lambda": 1.6953141420787687}, "datetime": {"datetime": "2021-03-24 09:41:09", "elapsed": 5.403375, "delta": 0.06609}}
{"target": -0.4085863891408604, "params": {"model__colsample_bylevel": 0.8561835208849775, "model__colsample_bynode": 0.4138242325920566, "model__colsample_bytree": 0.3971170898456863, "model__learning_rate": 0.17058339064653638, "model__max_depth": 4.906990730916813, "model__n_estimators": 25.466045776856664, "model__reg_lambda": 8.011564316956859}, "datetime": {"datetime": "2021-03-24 09:41:09", "elapsed": 5.475206, "delta": 0.071831}}
{"target": -0.41105850234195807, "params": {"model__colsample_bylevel": 0.4867420639503589, "model__colsample_bynode": 0.936633346480775, "model__colsample_bytree": 0.3160068649787738, "model__learning_rate": 0.17502455249915477, "model__max_depth": 3.1977999718893484, "model__n_estimators": 20.142078437421155, "model__reg_lambda": 4.441122950440465}, "datetime": {"datetime": "2021-03-24 09:41:09", "elapsed": 5.537127, "delta": 0.061921}}
{"target": -0.3975991764713241, "params": {"model__colsample_bylevel": 0.6486977272532548, "model__colsample_bynode": 0.5900424273597351, "model__colsample_bytree": 0.4499791740194562, "model__learning_rate": 0.14332794254537243, "model__max_depth": 3.3938427634789914, "model__n_estimators": 25.93628430939619, "model__reg_lambda": 4.159186670147922}, "datetime": {"datetime": "2021-03-24 09:41:10", "elapsed": 5.603216, "delta": 0.066089}}
{"target": -0.37499615973388045, "params": {"model__colsample_bylevel": 0.7087287246096596, "model__colsample_bynode": 0.6460356235928947, "model__colsample_bytree": 0.6010327699478305, "model__learning_rate": 0.24695316340723392, "model__max_depth": 5.337298920821893, "model__n_estimators": 19.539459624900097, "model__reg_lambda": 9.70798194813456}, "datetime": {"datetime": "2021-03-24 09:41:10", "elapsed": 5.676014, "delta": 0.072798}}
{"target": -0.4256619786911145, "params": {"model__colsample_bylevel": 0.4573898284863129, "model__colsample_bynode": 0.39713840986827087, "model__colsample_bytree": 0.730452732753553, "model__learning_rate": 0.19838578785694924, "model__max_depth": 3.0989164019193227, "model__n_estimators": 16.639657727470496, "model__reg_lambda": 5.395755249234239}, "datetime": {"datetime": "2021-03-24 09:41:10", "elapsed": 5.744303, "delta": 0.068289}}
{"target": -0.3677388244699957, "params": {"model__colsample_bylevel": 0.5025094970837707, "model__colsample_bynode": 0.37213783629228636, "model__colsample_bytree": 0.6434210837220209, "model__learning_rate": 0.22641833694649102, "model__max_depth": 2.227815301561689, "model__n_estimators": 22.50161880662639, "model__reg_lambda": 0.835434299294453}, "datetime": {"datetime": "2021-03-24 09:41:10", "elapsed": 5.803223, "delta": 0.05892}}
{"target": -0.35083235382453365, "params": {"model__colsample_bylevel": 0.8539227643210632, "model__colsample_bynode": 0.8306252174459399, "model__colsample_bytree": 0.4835912545620663, "model__learning_rate": 0.12017171820904433, "model__max_depth": 7.503156236962601, "model__n_estimators": 22.761903626532458, "model__reg_lambda": 1.3353967592343363}, "datetime": {"datetime": "2021-03-24 09:41:10", "elapsed": 5.889804, "delta": 0.086581}}
{"target": -0.41356414704030187, "params": {"model__colsample_bylevel": 0.3787801798303496, "model__colsample_bynode": 0.8891488038898538, "model__colsample_bytree": 0.682252315571295, "model__learning_rate": 0.1522033166295056, "model__max_depth": 5.4549531069191834, "model__n_estimators": 19.707789101668837, "model__reg_lambda": 7.916231853067416}, "datetime": {"datetime": "2021-03-24 09:41:10", "elapsed": 5.960945, "delta": 0.071141}}
{"target": -0.3151334594361538, "params": {"model__colsample_bylevel": 0.6451635028820711, "model__colsample_bynode": 0.9756107284220326, "model__colsample_bytree": 0.6642183611480073, "model__learning_rate": 0.2806043190994539, "model__max_depth": 3.4988273636139016, "model__n_estimators": 22.822309547759104, "model__reg_lambda": 5.0574568339000425}, "datetime": {"datetime": "2021-03-24 09:41:10", "elapsed": 6.036098, "delta": 0.075153}}
{"target": -0.3619919250462798, "params": {"model__colsample_bylevel": 0.8691500365097846, "model__colsample_bynode": 0.35123595486158105, "model__colsample_bytree": 0.8853449005213216, "model__learning_rate": 0.26084712707576596, "model__max_depth": 4.4379276251183954, "model__n_estimators": 15.546768724832507, "model__reg_lambda": 7.672541069525759}, "datetime": {"datetime": "2021-03-24 09:41:10", "elapsed": 6.103812, "delta": 0.067714}}
{"target": -0.33690390285556676, "params": {"model__colsample_bylevel": 0.7752492983214213, "model__colsample_bynode": 0.9432502217801924, "model__colsample_bytree": 0.6921299356114399, "model__learning_rate": 0.2935437919451478, "model__max_depth": 3.850306106454099, "model__n_estimators": 20.083349491730285, "model__reg_lambda": 7.308818114469667}, "datetime": {"datetime": "2021-03-24 09:41:10", "elapsed": 6.191672, "delta": 0.08786}}
{"target": -0.31872862029847676, "params": {"model__colsample_bylevel": 0.7909589341540182, "model__colsample_bynode": 0.8077442453063763, "model__colsample_bytree": 0.9257599208468199, "model__learning_rate": 0.24332981747869467, "model__max_depth": 6.092916621028417, "model__n_estimators": 27.646752630781677, "model__reg_lambda": 6.451189984951728}, "datetime": {"datetime": "2021-03-24 09:41:10", "elapsed": 6.299471, "delta": 0.107799}}
{"target": -0.33401818410425943, "params": {"model__colsample_bylevel": 0.511889221690131, "model__colsample_bynode": 0.880146841574702, "model__colsample_bytree": 0.4713036833734444, "model__learning_rate": 0.24075613859849618, "model__max_depth": 5.215329445061823, "model__n_estimators": 20.712142781227694, "model__reg_lambda": 1.7861793515885238}, "datetime": {"datetime": "2021-03-24 09:41:10", "elapsed": 6.376182, "delta": 0.076711}}
{"target": -0.3206097603910535, "params": {"model__colsample_bylevel": 0.9200821231031391, "model__colsample_bynode": 0.35616344543935075, "model__colsample_bytree": 0.8625120529528605, "model__learning_rate": 0.23669407037870885, "model__max_depth": 4.772062647788025, "model__n_estimators": 24.96073964162097, "model__reg_lambda": 2.826662622956666}, "datetime": {"datetime": "2021-03-24 09:41:10", "elapsed": 6.457843, "delta": 0.081661}}
{"target": -0.3651734745480876, "params": {"model__colsample_bylevel": 0.9031023424555509, "model__colsample_bynode": 0.4249356891249156, "model__colsample_bytree": 0.7057975471157624, "model__learning_rate": 0.1927268764937271, "model__max_depth": 6.039330960316078, "model__n_estimators": 22.141866816168736, "model__reg_lambda": 9.525111535091707}, "datetime": {"datetime": "2021-03-24 09:41:10", "elapsed": 6.538525, "delta": 0.080682}}
{"target": -0.3888086677461431, "params": {"model__colsample_bylevel": 0.8972803412913453, "model__colsample_bynode": 0.9289549741797964, "model__colsample_bytree": 0.3178983723326505, "model__learning_rate": 0.13128458043568686, "model__max_depth": 4.861388901041763, "model__n_estimators": 26.020827615199973, "model__reg_lambda": 3.5630947732495777}, "datetime": {"datetime": "2021-03-24 09:41:11", "elapsed": 6.628302, "delta": 0.089777}}
{"target": -0.35377326234095335, "params": {"model__colsample_bylevel": 0.6951175428742368, "model__colsample_bynode": 0.3318286487069968, "model__colsample_bytree": 0.7483089139197432, "model__learning_rate": 0.23624127616156612, "model__max_depth": 4.373824850662889, "model__n_estimators": 17.05009515507337, "model__reg_lambda": 4.16457752159582}, "datetime": {"datetime": "2021-03-24 09:41:11", "elapsed": 6.699909, "delta": 0.071607}}
{"target": -0.30527823344142974, "params": {"model__colsample_bylevel": 0.816923983909474, "model__colsample_bynode": 0.7090153450298311, "model__colsample_bytree": 0.9184032582594783, "model__learning_rate": 0.21574992226411746, "model__max_depth": 3.0678227617515392, "model__n_estimators": 23.876275396014634, "model__reg_lambda": 0.5387774367636355}, "datetime": {"datetime": "2021-03-24 09:41:11", "elapsed": 6.783845, "delta": 0.083936}}
{"target": -0.38892959835331725, "params": {"model__colsample_bylevel": 0.8203891930140093, "model__colsample_bynode": 0.4407263630351047, "model__colsample_bytree": 0.9332727397304375, "model__learning_rate": 0.19471357604823214, "model__max_depth": 4.649919104965563, "model__n_estimators": 17.041195531585494, "model__reg_lambda": 8.076955975507973}, "datetime": {"datetime": "2021-03-24 09:41:11", "elapsed": 6.85892, "delta": 0.075075}}
{"target": -0.34930907268215483, "params": {"model__colsample_bylevel": 0.941920130237188, "model__colsample_bynode": 0.7862119444399247, "model__colsample_bytree": 0.7672811212479322, "model__learning_rate": 0.2413235529719557, "model__max_depth": 6.468881607544759, "model__n_estimators": 25.71892738561766, "model__reg_lambda": 1.4296252407525012}, "datetime": {"datetime": "2021-03-24 09:41:11", "elapsed": 6.956447, "delta": 0.097527}}
{"target": -0.40932347886939197, "params": {"model__colsample_bylevel": 0.7664505634998717, "model__colsample_bynode": 0.9372501752435591, "model__colsample_bytree": 0.3226974712037688, "model__learning_rate": 0.13696287496610304, "model__max_depth": 6.574112506330284, "model__n_estimators": 15.628001246231364, "model__reg_lambda": 2.789864730302046}, "datetime": {"datetime": "2021-03-24 09:41:11", "elapsed": 7.031271, "delta": 0.074824}}
{"target": -0.4298631571503221, "params": {"model__colsample_bylevel": 0.9005722896485118, "model__colsample_bynode": 0.5583279975276154, "model__colsample_bytree": 0.9292943127471143, "model__learning_rate": 0.1578195662504995, "model__max_depth": 4.281940885644073, "model__n_estimators": 16.640600890305116, "model__reg_lambda": 8.146246111896012}, "datetime": {"datetime": "2021-03-24 09:41:11", "elapsed": 7.105895, "delta": 0.074624}}
{"target": -0.4330459798780688, "params": {"model__colsample_bylevel": 0.9534398095322711, "model__colsample_bynode": 0.42817503247553923, "model__colsample_bytree": 0.5178389967922328, "model__learning_rate": 0.2349408086546986, "model__max_depth": 2.4746062530577846, "model__n_estimators": 15.490859914517099, "model__reg_lambda": 3.2657561880327557}, "datetime": {"datetime": "2021-03-24 09:41:11", "elapsed": 7.168404, "delta": 0.062509}}
{"target": -0.35796149170255637, "params": {"model__colsample_bylevel": 0.5706285360217014, "model__colsample_bynode": 0.6842771415696982, "model__colsample_bytree": 0.6870518207102555, "model__learning_rate": 0.16602543474194267, "model__max_depth": 4.553906607318516, "model__n_estimators": 18.777852885612205, "model__reg_lambda": 2.0263513230551347}, "datetime": {"datetime": "2021-03-24 09:41:11", "elapsed": 7.249812, "delta": 0.081408}}
{"target": -0.34170318298392754, "params": {"model__colsample_bylevel": 0.8442678591461368, "model__colsample_bynode": 0.3977149946980818, "model__colsample_bytree": 0.6158425941754111, "model__learning_rate": 0.1245045248421828, "model__max_depth": 6.897715409068526, "model__n_estimators": 27.65234893164894, "model__reg_lambda": 1.1477505735172433}, "datetime": {"datetime": "2021-03-24 09:41:11", "elapsed": 7.330769, "delta": 0.080957}}
{"target": -0.34631976826838556, "params": {"model__colsample_bylevel": 0.8046871964072875, "model__colsample_bynode": 0.9463208373893632, "model__colsample_bytree": 0.5702216525068842, "model__learning_rate": 0.25542256115422385, "model__max_depth": 7.543314227663024, "model__n_estimators": 15.074271146872483, "model__reg_lambda": 2.7258381373747875}, "datetime": {"datetime": "2021-03-24 09:41:11", "elapsed": 7.406618, "delta": 0.075849}}
{"target": -0.5194167572249105, "params": {"model__colsample_bylevel": 0.325563385911891, "model__colsample_bynode": 0.4394342284138872, "model__colsample_bytree": 0.3078454924320954, "model__learning_rate": 0.10977990666788635, "model__max_depth": 5.896055639118223, "model__n_estimators": 19.33085301818661, "model__reg_lambda": 8.44410233607059}, "datetime": {"datetime": "2021-03-24 09:41:11", "elapsed": 7.474673, "delta": 0.068055}}
{"target": -0.34809632237960136, "params": {"model__colsample_bylevel": 0.5333078077907257, "model__colsample_bynode": 0.9449148964303926, "model__colsample_bytree": 0.39197068792833056, "model__learning_rate": 0.2098009976534188, "model__max_depth": 3.7666070082368948, "model__n_estimators": 27.09229802758709, "model__reg_lambda": 3.376766038812906}, "datetime": {"datetime": "2021-03-24 09:41:11", "elapsed": 7.55477, "delta": 0.080097}}
