{"target": -0.3302634589623768, "params": {"model__colsample_bylevel": 0.9196430754896419, "model__colsample_bynode": 0.9877931423220279, "model__colsample_bytree": 0.6254419248547236, "model__learning_rate": 0.29283080577484366, "model__max_depth": 4.263891939475065, "model__n_estimators": 22.367902394998183, "model__reg_lambda": 8.861915653334563}, "datetime": {"datetime": "2021-03-24 09:44:20", "elapsed": 196.066804, "delta": 1.715429}}
{"target": -0.3485136113639084, "params": {"model__colsample_bylevel": 0.9156671711296489, "model__colsample_bynode": 0.9552927275787251, "model__colsample_bytree": 0.3273271338778987, "model__learning_rate": 0.2591630152022649, "model__max_depth": 3.7807044280400137, "model__n_estimators": 29.537140683137096, "model__reg_lambda": 9.994194876009546}, "datetime": {"datetime": "2021-03-24 09:44:22", "elapsed": 197.743725, "delta": 1.676921}}
{"target": -0.33750416432457564, "params": {"model__colsample_bylevel": 0.8075708997032194, "model__colsample_bynode": 0.9629009812122566, "model__colsample_bytree": 0.997626612231832, "model__learning_rate": 0.27960775133477755, "model__max_depth": 7.783153801634626, "model__n_estimators": 25.571803305738918, "model__reg_lambda": 0.15562822570037604}, "datetime": {"datetime": "2021-03-24 09:44:23", "elapsed": 198.982055, "delta": 1.23833}}
{"target": -0.3609042020261531, "params": {"model__colsample_bylevel": 1.0, "model__colsample_bynode": 1.0, "model__colsample_bytree": 1.0, "model__learning_rate": 0.3, "model__max_depth": 2.0, "model__n_estimators": 18.48853900069326, "model__reg_lambda": 5.993288515422242}, "datetime": {"datetime": "2021-03-24 09:44:25", "elapsed": 200.625545, "delta": 1.64349}}
{"target": -0.30004935341877054, "params": {"model__colsample_bylevel": 0.9766438326767648, "model__colsample_bynode": 0.3491036980888906, "model__colsample_bytree": 0.9539500201653748, "model__learning_rate": 0.29808274373936017, "model__max_depth": 5.608601063290403, "model__n_estimators": 29.813529508347354, "model__reg_lambda": 2.0049834072350468}, "datetime": {"datetime": "2021-03-24 09:44:26", "elapsed": 201.940148, "delta": 1.314603}}
{"target": -0.3696941907780812, "params": {"model__colsample_bylevel": 0.36307520879226857, "model__colsample_bynode": 0.98183993547508, "model__colsample_bytree": 0.3615926973759398, "model__learning_rate": 0.2812255852903245, "model__max_depth": 5.379536907905349, "model__n_estimators": 18.073149261358214, "model__reg_lambda": 1.4437939328919758}, "datetime": {"datetime": "2021-03-24 09:44:27", "elapsed": 203.539691, "delta": 1.599543}}
{"target": -0.33297803551026117, "params": {"model__colsample_bylevel": 0.3, "model__colsample_bynode": 1.0, "model__colsample_bytree": 1.0, "model__learning_rate": 0.3, "model__max_depth": 8.0, "model__n_estimators": 15.553579536209885, "model__reg_lambda": 3.966961875703432}, "datetime": {"datetime": "2021-03-24 09:44:29", "elapsed": 204.878092, "delta": 1.338401}}
{"target": -0.32807322593331606, "params": {"model__colsample_bylevel": 0.8903888005843412, "model__colsample_bynode": 0.4134142650100327, "model__colsample_bytree": 0.9508553484339459, "model__learning_rate": 0.27294177566354105, "model__max_depth": 5.006253551514422, "model__n_estimators": 20.286916809726577, "model__reg_lambda": 1.690287570119554}, "datetime": {"datetime": "2021-03-24 09:44:30", "elapsed": 206.228394, "delta": 1.350302}}
{"target": -0.33909922882043964, "params": {"model__colsample_bylevel": 1.0, "model__colsample_bynode": 0.5882951419631565, "model__colsample_bytree": 1.0, "model__learning_rate": 0.3, "model__max_depth": 5.087659713168545, "model__n_estimators": 15.45425208972682, "model__reg_lambda": 2.412951261993794}, "datetime": {"datetime": "2021-03-24 09:44:31", "elapsed": 207.547689, "delta": 1.319295}}
{"target": -0.3485810992415941, "params": {"model__colsample_bylevel": 0.9945731519634717, "model__colsample_bynode": 0.5301383525693656, "model__colsample_bytree": 0.37841089659453003, "model__learning_rate": 0.2892667359351536, "model__max_depth": 7.975761296393104, "model__n_estimators": 22.284670092311824, "model__reg_lambda": 4.567661658551051}, "datetime": {"datetime": "2021-03-24 09:44:33", "elapsed": 209.076658, "delta": 1.528969}}
{"target": -0.30857807151598693, "params": {"model__colsample_bylevel": 0.8837018149131193, "model__colsample_bynode": 0.6026342008224839, "model__colsample_bytree": 0.9801378016460831, "model__learning_rate": 0.29187562934561834, "model__max_depth": 3.408342599228308, "model__n_estimators": 29.047731400228827, "model__reg_lambda": 3.37379448016101}, "datetime": {"datetime": "2021-03-24 09:44:34", "elapsed": 210.569874, "delta": 1.493216}}
{"target": -0.2986853912476521, "params": {"model__colsample_bylevel": 0.4994790492747792, "model__colsample_bynode": 0.9868536167857109, "model__colsample_bytree": 0.5593556198951215, "model__learning_rate": 0.24298699131796475, "model__max_depth": 5.671803601362246, "model__n_estimators": 29.970648384429058, "model__reg_lambda": 0.39257916121218206}, "datetime": {"datetime": "2021-03-24 09:44:36", "elapsed": 212.116793, "delta": 1.546919}}
{"target": -0.3266960743993547, "params": {"model__colsample_bylevel": 0.3, "model__colsample_bynode": 0.622445490157131, "model__colsample_bytree": 0.9999999887473559, "model__learning_rate": 0.3, "model__max_depth": 7.999999997001452, "model__n_estimators": 18.998969246430434, "model__reg_lambda": 2.8197178254893163}, "datetime": {"datetime": "2021-03-24 09:44:38", "elapsed": 213.690874, "delta": 1.574081}}
{"target": -0.3446674879408354, "params": {"model__colsample_bylevel": 0.8399542235146102, "model__colsample_bynode": 0.7600412104705152, "model__colsample_bytree": 0.30851293080104075, "model__learning_rate": 0.2901165659701771, "model__max_depth": 2.035432420654775, "model__n_estimators": 15.104351785977535, "model__reg_lambda": 0.015220861323445023}, "datetime": {"datetime": "2021-03-24 09:44:39", "elapsed": 215.230042, "delta": 1.539168}}
{"target": -0.3304564184094172, "params": {"model__colsample_bylevel": 0.9999999985753978, "model__colsample_bynode": 0.9999999994267711, "model__colsample_bytree": 1.0, "model__learning_rate": 0.3, "model__max_depth": 3.8850786538095226, "model__n_estimators": 19.03575421740633, "model__reg_lambda": 3.9239175153555648}, "datetime": {"datetime": "2021-03-24 09:44:41", "elapsed": 216.681473, "delta": 1.451431}}
{"target": -0.3601798662534524, "params": {"model__colsample_bylevel": 1.0, "model__colsample_bynode": 1.0, "model__colsample_bytree": 1.0, "model__learning_rate": 0.3, "model__max_depth": 8.0, "model__n_estimators": 15.0, "model__reg_lambda": 0.0}, "datetime": {"datetime": "2021-03-24 09:44:42", "elapsed": 218.230162, "delta": 1.548689}}
{"target": -0.3111612722490227, "params": {"model__colsample_bylevel": 0.4238801582615784, "model__colsample_bynode": 0.8526401699649298, "model__colsample_bytree": 0.34358992320703974, "model__learning_rate": 0.2904949968833314, "model__max_depth": 7.860449460625913, "model__n_estimators": 27.848657205486536, "model__reg_lambda": 2.9154885937467725}, "datetime": {"datetime": "2021-03-24 09:44:44", "elapsed": 219.691455, "delta": 1.461293}}
{"target": -0.3118194706275708, "params": {"model__colsample_bylevel": 0.30479749740429596, "model__colsample_bynode": 0.6477442922612393, "model__colsample_bytree": 1.0, "model__learning_rate": 0.3, "model__max_depth": 7.165062751367806, "model__n_estimators": 28.707056301044766, "model__reg_lambda": 4.932528540581763}, "datetime": {"datetime": "2021-03-24 09:44:45", "elapsed": 220.921482, "delta": 1.230027}}
{"target": -0.33617559191028495, "params": {"model__colsample_bylevel": 1.0, "model__colsample_bynode": 0.3, "model__colsample_bytree": 1.0, "model__learning_rate": 0.3, "model__max_depth": 2.9981201820775705, "model__n_estimators": 27.611689544370645, "model__reg_lambda": 10.0}, "datetime": {"datetime": "2021-03-24 09:44:47", "elapsed": 222.817632, "delta": 1.89615}}
{"target": -0.2916504739273333, "params": {"model__colsample_bylevel": 0.8405969957809554, "model__colsample_bynode": 0.9826995825298299, "model__colsample_bytree": 0.8914300112583937, "model__learning_rate": 0.23005391246740126, "model__max_depth": 3.089973302104105, "model__n_estimators": 21.592640394278988, "model__reg_lambda": 0.0037841608690258877}, "datetime": {"datetime": "2021-03-24 09:44:48", "elapsed": 224.400913, "delta": 1.583281}}
{"target": -0.2839487421760788, "params": {"model__colsample_bylevel": 0.9550000109131984, "model__colsample_bynode": 0.7244420454978167, "model__colsample_bytree": 0.5812293881697495, "model__learning_rate": 0.26543630121876133, "model__max_depth": 2.0006081780706024, "model__n_estimators": 25.954590759662036, "model__reg_lambda": 0.07803892151304281}, "datetime": {"datetime": "2021-03-24 09:44:50", "elapsed": 225.746648, "delta": 1.345735}}
{"target": -0.3942098095986074, "params": {"model__colsample_bylevel": 0.3730145055439256, "model__colsample_bynode": 0.4074195242249271, "model__colsample_bytree": 0.932453630858471, "model__learning_rate": 0.2908316648203706, "model__max_depth": 2.142957709584567, "model__n_estimators": 18.62448844346607, "model__reg_lambda": 7.619820152170078}, "datetime": {"datetime": "2021-03-24 09:44:51", "elapsed": 227.443777, "delta": 1.697129}}
{"target": -0.3687379090884781, "params": {"model__colsample_bylevel": 1.0, "model__colsample_bynode": 0.3, "model__colsample_bytree": 1.0, "model__learning_rate": 0.3, "model__max_depth": 5.583864350417662, "model__n_estimators": 15.0, "model__reg_lambda": 8.097992930996899}, "datetime": {"datetime": "2021-03-24 09:44:53", "elapsed": 229.259814, "delta": 1.816037}}
{"target": -0.2977546619510352, "params": {"model__colsample_bylevel": 0.9078836682984723, "model__colsample_bynode": 0.9723290886576126, "model__colsample_bytree": 0.9907167660325542, "model__learning_rate": 0.28822855409149484, "model__max_depth": 2.012036876477471, "model__n_estimators": 28.250493422073053, "model__reg_lambda": 1.1318776027877209}, "datetime": {"datetime": "2021-03-24 09:44:55", "elapsed": 230.702483, "delta": 1.442669}}
{"target": -0.3207456388806019, "params": {"model__colsample_bylevel": 0.9877821394169946, "model__colsample_bynode": 0.3832918859414568, "model__colsample_bytree": 0.9580166095892046, "model__learning_rate": 0.2904436436333373, "model__max_depth": 4.112184762773175, "model__n_estimators": 27.702107309342107, "model__reg_lambda": 6.016072747259429}, "datetime": {"datetime": "2021-03-24 09:44:56", "elapsed": 232.519905, "delta": 1.817422}}
{"target": -0.31346196312528185, "params": {"model__colsample_bylevel": 0.47958969641245075, "model__colsample_bynode": 0.34490895135809324, "model__colsample_bytree": 0.9983110646956617, "model__learning_rate": 0.28555218157053563, "model__max_depth": 3.2733441044565112, "model__n_estimators": 19.876683549750748, "model__reg_lambda": 1.400727476752227}, "datetime": {"datetime": "2021-03-24 09:44:58", "elapsed": 234.118476, "delta": 1.598571}}
{"target": -0.3080894348975878, "params": {"model__colsample_bylevel": 0.787987553405282, "model__colsample_bynode": 0.789640210748399, "model__colsample_bytree": 0.9999999965536353, "model__learning_rate": 0.3, "model__max_depth": 3.7060868000890568, "model__n_estimators": 29.999999998592774, "model__reg_lambda": 9.153350437382702}, "datetime": {"datetime": "2021-03-24 09:45:00", "elapsed": 235.658349, "delta": 1.539873}}
{"target": -0.3599004195226977, "params": {"model__colsample_bylevel": 0.9529818681000735, "model__colsample_bynode": 0.9281293610245192, "model__colsample_bytree": 0.33974040301124986, "model__learning_rate": 0.28725940639970293, "model__max_depth": 2.046929927023535, "model__n_estimators": 22.652029944322884, "model__reg_lambda": 5.790969477153727}, "datetime": {"datetime": "2021-03-24 09:45:01", "elapsed": 237.142583, "delta": 1.484234}}
{"target": -0.33284878032214504, "params": {"model__colsample_bylevel": 0.5892167494087153, "model__colsample_bynode": 0.30233211676999694, "model__colsample_bytree": 0.9855042714963906, "model__learning_rate": 0.29704406759780977, "model__max_depth": 6.924673459653364, "model__n_estimators": 28.03861092781824, "model__reg_lambda": 2.4194570990126794}, "datetime": {"datetime": "2021-03-24 09:45:02", "elapsed": 238.459093, "delta": 1.31651}}
{"target": -0.30570199729510306, "params": {"model__colsample_bylevel": 0.9489362022629124, "model__colsample_bynode": 0.31543959671255856, "model__colsample_bytree": 0.9589840028274574, "model__learning_rate": 0.12435937686692818, "model__max_depth": 4.7704010184998245, "model__n_estimators": 29.48366870971325, "model__reg_lambda": 0.5827607983257233}, "datetime": {"datetime": "2021-03-24 09:45:04", "elapsed": 239.72242, "delta": 1.263327}}
{"target": -0.39842945724266804, "params": {"model__colsample_bylevel": 0.3, "model__colsample_bynode": 0.30000000293562684, "model__colsample_bytree": 1.0, "model__learning_rate": 0.3, "model__max_depth": 6.105048357282105, "model__n_estimators": 15.758960935828368, "model__reg_lambda": 7.65945899358716}, "datetime": {"datetime": "2021-03-24 09:45:05", "elapsed": 241.124128, "delta": 1.401708}}
{"target": -0.322820846517604, "params": {"model__colsample_bylevel": 0.9999999989614246, "model__colsample_bynode": 1.0, "model__colsample_bytree": 1.0, "model__learning_rate": 0.3, "model__max_depth": 2.0, "model__n_estimators": 15.0, "model__reg_lambda": 0.0}, "datetime": {"datetime": "2021-03-24 09:45:07", "elapsed": 242.730374, "delta": 1.606246}}
{"target": -0.42286489687563067, "params": {"model__colsample_bylevel": 0.9811275523693286, "model__colsample_bynode": 0.904533065354991, "model__colsample_bytree": 0.9785317416759691, "model__learning_rate": 0.13691625479170114, "model__max_depth": 7.978374518082203, "model__n_estimators": 15.06625179554238, "model__reg_lambda": 4.765924434132228}, "datetime": {"datetime": "2021-03-24 09:45:09", "elapsed": 244.605598, "delta": 1.875224}}
{"target": -0.35924240706717947, "params": {"model__colsample_bylevel": 1.0, "model__colsample_bynode": 1.0, "model__colsample_bytree": 1.0, "model__learning_rate": 0.3, "model__max_depth": 6.721985502370801, "model__n_estimators": 16.970968473798447, "model__reg_lambda": 10.0}, "datetime": {"datetime": "2021-03-24 09:45:10", "elapsed": 246.520664, "delta": 1.915066}}
{"target": -0.32131676200348747, "params": {"model__colsample_bylevel": 0.9999999911068446, "model__colsample_bynode": 0.6249484143440336, "model__colsample_bytree": 1.0, "model__learning_rate": 0.3, "model__max_depth": 2.394499866966458, "model__n_estimators": 19.52220928569021, "model__reg_lambda": 1.0845876791458322}, "datetime": {"datetime": "2021-03-24 09:45:12", "elapsed": 248.102469, "delta": 1.581805}}
{"target": -0.29622058648843, "params": {"model__colsample_bylevel": 1.0, "model__colsample_bynode": 1.0, "model__colsample_bytree": 0.3, "model__learning_rate": 0.3, "model__max_depth": 8.0, "model__n_estimators": 30.0, "model__reg_lambda": 0.0}, "datetime": {"datetime": "2021-03-24 09:45:14", "elapsed": 249.621306, "delta": 1.518837}}
{"target": -0.348230926576408, "params": {"model__colsample_bylevel": 0.31623206586766467, "model__colsample_bynode": 0.9767919465640063, "model__colsample_bytree": 0.9848031597216815, "model__learning_rate": 0.2707542379988178, "model__max_depth": 2.727467378869079, "model__n_estimators": 22.68767303465347, "model__reg_lambda": 5.391516533286388}, "datetime": {"datetime": "2021-03-24 09:45:15", "elapsed": 251.20149, "delta": 1.580184}}
{"target": -0.3619894292785962, "params": {"model__colsample_bylevel": 0.843343134069664, "model__colsample_bynode": 0.4907874918107772, "model__colsample_bytree": 0.9670350956001192, "model__learning_rate": 0.2905051189545885, "model__max_depth": 2.1928225023474908, "model__n_estimators": 25.73714581720811, "model__reg_lambda": 9.943327998635926}, "datetime": {"datetime": "2021-03-24 09:45:17", "elapsed": 253.231472, "delta": 2.029982}}
{"target": -0.32090757814053766, "params": {"model__colsample_bylevel": 0.9905989329259819, "model__colsample_bynode": 0.9606172093460243, "model__colsample_bytree": 0.9492135328427167, "model__learning_rate": 0.2955453877193903, "model__max_depth": 5.933422729905708, "model__n_estimators": 23.69114817023205, "model__reg_lambda": 6.687142842932702}, "datetime": {"datetime": "2021-03-24 09:45:19", "elapsed": 254.948313, "delta": 1.716841}}
{"target": -0.3142365960691097, "params": {"model__colsample_bylevel": 0.9990840284968914, "model__colsample_bynode": 0.9359686790508615, "model__colsample_bytree": 0.9947165865721246, "model__learning_rate": 0.2992873541729002, "model__max_depth": 5.090775347111741, "model__n_estimators": 25.849709933288807, "model__reg_lambda": 5.50506859128445}, "datetime": {"datetime": "2021-03-24 09:45:21", "elapsed": 256.763821, "delta": 1.815508}}
{"target": -0.30209941618023034, "params": {"model__colsample_bylevel": 0.627331248262428, "model__colsample_bynode": 0.9979609377116034, "model__colsample_bytree": 0.9494586602347852, "model__learning_rate": 0.2965908076571617, "model__max_depth": 3.729438913538111, "model__n_estimators": 25.70831071423612, "model__reg_lambda": 9.751270434094337}, "datetime": {"datetime": "2021-03-24 09:45:23", "elapsed": 258.920455, "delta": 2.156634}}
{"target": -0.3830146507319549, "params": {"model__colsample_bylevel": 1.0, "model__colsample_bynode": 1.0, "model__colsample_bytree": 0.3, "model__learning_rate": 0.3, "model__max_depth": 3.6926201868062227, "model__n_estimators": 15.0, "model__reg_lambda": 7.314984555934234}, "datetime": {"datetime": "2021-03-24 09:45:24", "elapsed": 260.406648, "delta": 1.486193}}
{"target": -0.33525352417930043, "params": {"model__colsample_bylevel": 1.0, "model__colsample_bynode": 0.3, "model__colsample_bytree": 1.0, "model__learning_rate": 0.3, "model__max_depth": 8.0, "model__n_estimators": 23.005790146719868, "model__reg_lambda": 9.295478706922674}, "datetime": {"datetime": "2021-03-24 09:45:26", "elapsed": 261.909332, "delta": 1.502684}}
{"target": -0.3135964254043875, "params": {"model__colsample_bylevel": 0.9605155903795832, "model__colsample_bynode": 0.45461373802454563, "model__colsample_bytree": 0.9380314308127082, "model__learning_rate": 0.2811297844961196, "model__max_depth": 2.002905719497303, "model__n_estimators": 29.997086448799806, "model__reg_lambda": 3.0426905848680494}, "datetime": {"datetime": "2021-03-24 09:45:28", "elapsed": 263.74454, "delta": 1.835208}}
{"target": -0.31465312814393986, "params": {"model__colsample_bylevel": 0.9651749196023087, "model__colsample_bynode": 0.8947018484753337, "model__colsample_bytree": 0.9987604208224368, "model__learning_rate": 0.2957044834665681, "model__max_depth": 2.987465254066203, "model__n_estimators": 24.710384496366068, "model__reg_lambda": 6.230435582224658}, "datetime": {"datetime": "2021-03-24 09:45:30", "elapsed": 265.856932, "delta": 2.112392}}
{"target": -0.3078513202098859, "params": {"model__colsample_bylevel": 0.7465297448367427, "model__colsample_bynode": 0.9529528582000792, "model__colsample_bytree": 0.9836436050888797, "model__learning_rate": 0.29630346671901164, "model__max_depth": 5.553433692184253, "model__n_estimators": 20.26259401620144, "model__reg_lambda": 0.32293577810289076}, "datetime": {"datetime": "2021-03-24 09:45:32", "elapsed": 267.75129, "delta": 1.894358}}
{"target": -0.3506128606653901, "params": {"model__colsample_bylevel": 0.9984778687636169, "model__colsample_bynode": 0.969098671523291, "model__colsample_bytree": 0.9255466779719879, "model__learning_rate": 0.27267357459820996, "model__max_depth": 6.567470666515664, "model__n_estimators": 24.24991271590753, "model__reg_lambda": 0.01642959689366008}, "datetime": {"datetime": "2021-03-24 09:45:33", "elapsed": 269.564426, "delta": 1.813136}}
{"target": -0.3370127769322067, "params": {"model__colsample_bylevel": 0.9668493651927285, "model__colsample_bynode": 1.0, "model__colsample_bytree": 0.9999999992688071, "model__learning_rate": 0.3, "model__max_depth": 6.484407649159598, "model__n_estimators": 17.928326216287065, "model__reg_lambda": 7.401070108146232}, "datetime": {"datetime": "2021-03-24 09:45:35", "elapsed": 271.479845, "delta": 1.915419}}
{"target": -0.3177106088800086, "params": {"model__colsample_bylevel": 1.0, "model__colsample_bynode": 1.0, "model__colsample_bytree": 0.9976234762058571, "model__learning_rate": 0.3, "model__max_depth": 6.659027764253435, "model__n_estimators": 20.16654728769436, "model__reg_lambda": 4.202683794045832}, "datetime": {"datetime": "2021-03-24 09:45:38", "elapsed": 273.608977, "delta": 2.129132}}
{"target": -0.32987975010418913, "params": {"model__colsample_bylevel": 0.727139734258901, "model__colsample_bynode": 0.9944402042851341, "model__colsample_bytree": 0.3206852783386208, "model__learning_rate": 0.2905855631518252, "model__max_depth": 5.83733821339985, "model__n_estimators": 22.346632102941374, "model__reg_lambda": 4.989314757876381}, "datetime": {"datetime": "2021-03-24 09:45:39", "elapsed": 275.422593, "delta": 1.813616}}
{"target": -0.33371701063520776, "params": {"model__colsample_bylevel": 0.9335737116734577, "model__colsample_bynode": 0.39343412482985274, "model__colsample_bytree": 0.9786332538408786, "model__learning_rate": 0.2900136437339145, "model__max_depth": 6.16695997850144, "model__n_estimators": 24.166336623277644, "model__reg_lambda": 4.270190532803172}, "datetime": {"datetime": "2021-03-24 09:45:41", "elapsed": 277.042176, "delta": 1.619583}}
{"target": -0.31954337949628364, "params": {"model__colsample_bylevel": 1.0, "model__colsample_bynode": 0.3, "model__colsample_bytree": 0.9687512748434122, "model__learning_rate": 0.3, "model__max_depth": 7.328584972013736, "model__n_estimators": 30.0, "model__reg_lambda": 7.046759578084389}, "datetime": {"datetime": "2021-03-24 09:45:42", "elapsed": 278.531104, "delta": 1.488928}}
