{"target": -0.3249480244597299, "params": {"model__colsample_bylevel": 0.8598493484482015, "model__colsample_bynode": 0.6132215091574345, "model__colsample_bytree": 0.41608734450929086, "model__learning_rate": 0.28161769996720365, "model__max_depth": 4.0, "model__n_estimators": 29.0, "model__reg_lambda": 5.040994016933976}, "datetime": {"datetime": "2021-03-24 08:41:09", "elapsed": 0.0, "delta": 0.0}}
{"target": -0.3824289713505372, "params": {"model__colsample_bylevel": 0.3, "model__colsample_bynode": 1.0, "model__colsample_bytree": 0.3, "model__learning_rate": 0.3, "model__max_depth": 4.0, "model__n_estimators": 15.0, "model__reg_lambda": 0.0}, "datetime": {"datetime": "2021-03-24 08:41:09", "elapsed": 0.0659, "delta": 0.0659}}
{"target": -0.315256267692725, "params": {"model__colsample_bylevel": 0.985340210579901, "model__colsample_bynode": 0.38441417700016534, "model__colsample_bytree": 0.9854619264102267, "model__learning_rate": 0.2761061313985922, "model__max_depth": 5.0, "model__n_estimators": 30.0, "model__reg_lambda": 4.810998458551806}, "datetime": {"datetime": "2021-03-24 08:41:09", "elapsed": 0.173754, "delta": 0.107854}}
{"target": -0.322469704798794, "params": {"model__colsample_bylevel": 0.48340990047238486, "model__colsample_bynode": 0.8928722725803, "model__colsample_bytree": 0.9622662537835329, "model__learning_rate": 0.2668928984734602, "model__max_depth": 3.0, "model__n_estimators": 25.0, "model__reg_lambda": 1.1883932947584452}, "datetime": {"datetime": "2021-03-24 08:41:09", "elapsed": 0.259846, "delta": 0.086092}}
{"target": -0.3107944908126703, "params": {"model__colsample_bylevel": 1.0, "model__colsample_bynode": 0.3000000005053292, "model__colsample_bytree": 1.0, "model__learning_rate": 0.3, "model__max_depth": 8.0, "model__n_estimators": 21.0, "model__reg_lambda": 2.517719347582056}, "datetime": {"datetime": "2021-03-24 08:41:09", "elapsed": 0.342343, "delta": 0.082497}}
{"target": -0.32145654066428675, "params": {"model__colsample_bylevel": 0.30462006869763825, "model__colsample_bynode": 0.45533364241708574, "model__colsample_bytree": 0.9641743153665239, "model__learning_rate": 0.23693981248695023, "model__max_depth": 3.0, "model__n_estimators": 25.0, "model__reg_lambda": 0.04633818640440657}, "datetime": {"datetime": "2021-03-24 08:41:09", "elapsed": 0.407708, "delta": 0.065365}}
{"target": -0.32145654066428675, "params": {"model__colsample_bylevel": 0.30462006869763825, "model__colsample_bynode": 0.45533364241708574, "model__colsample_bytree": 0.9641743153665239, "model__learning_rate": 0.23693981248695023, "model__max_depth": 3.0, "model__n_estimators": 25.0, "model__reg_lambda": 0.04633818640440657}, "datetime": {"datetime": "2021-03-24 08:41:09", "elapsed": 0.407986, "delta": 0.000278}}
{"target": -0.32121910150635286, "params": {"model__colsample_bylevel": 0.3, "model__colsample_bynode": 1.0, "model__colsample_bytree": 1.0, "model__learning_rate": 0.3, "model__max_depth": 2.0, "model__n_estimators": 30.0, "model__reg_lambda": 0.0}, "datetime": {"datetime": "2021-03-24 08:41:09", "elapsed": 0.480339, "delta": 0.072353}}
{"target": -0.32121910150635286, "params": {"model__colsample_bylevel": 0.3, "model__colsample_bynode": 1.0, "model__colsample_bytree": 1.0, "model__learning_rate": 0.3, "model__max_depth": 2.0, "model__n_estimators": 30.0, "model__reg_lambda": 0.0}, "datetime": {"datetime": "2021-03-24 08:41:09", "elapsed": 0.480613, "delta": 0.000274}}
{"target": -0.32454435557558914, "params": {"model__colsample_bylevel": 0.9858848418768023, "model__colsample_bynode": 0.4201902719466195, "model__colsample_bytree": 0.6859789922529281, "model__learning_rate": 0.2944844983841013, "model__max_depth": 4.0, "model__n_estimators": 30.0, "model__reg_lambda": 2.905779908114364}, "datetime": {"datetime": "2021-03-24 08:41:09", "elapsed": 0.579658, "delta": 0.099045}}
{"target": -0.32900759592480233, "params": {"model__colsample_bylevel": 0.875874218410341, "model__colsample_bynode": 0.3476635884432162, "model__colsample_bytree": 0.9646731094677288, "model__learning_rate": 0.27494240824886007, "model__max_depth": 3.0, "model__n_estimators": 18.0, "model__reg_lambda": 0.345457323222067}, "datetime": {"datetime": "2021-03-24 08:41:09", "elapsed": 0.647412, "delta": 0.067754}}
{"target": -0.3271844509504803, "params": {"model__colsample_bylevel": 0.4145201528272396, "model__colsample_bynode": 0.9391046572012895, "model__colsample_bytree": 0.5296394790416012, "model__learning_rate": 0.26355714256507956, "model__max_depth": 8.0, "model__n_estimators": 25.0, "model__reg_lambda": 1.4805356108521806}, "datetime": {"datetime": "2021-03-24 08:41:10", "elapsed": 0.738465, "delta": 0.091053}}
{"target": -0.33324221673609683, "params": {"model__colsample_bylevel": 0.30000000042136993, "model__colsample_bynode": 1.0, "model__colsample_bytree": 1.0, "model__learning_rate": 0.3, "model__max_depth": 3.0, "model__n_estimators": 21.0, "model__reg_lambda": 0.0}, "datetime": {"datetime": "2021-03-24 08:41:10", "elapsed": 0.8127, "delta": 0.074235}}
{"target": -0.36031366639843965, "params": {"model__colsample_bylevel": 0.9586162980221284, "model__colsample_bynode": 0.3269135894260423, "model__colsample_bytree": 0.30360734650089816, "model__learning_rate": 0.2920641235136413, "model__max_depth": 6.0, "model__n_estimators": 30.0, "model__reg_lambda": 0.1295340269267753}, "datetime": {"datetime": "2021-03-24 08:41:10", "elapsed": 0.890794, "delta": 0.078094}}
{"target": -0.3442817673370566, "params": {"model__colsample_bylevel": 1.0, "model__colsample_bynode": 0.30000000408756433, "model__colsample_bytree": 0.3, "model__learning_rate": 0.23111808557260663, "model__max_depth": 8.0, "model__n_estimators": 25.0, "model__reg_lambda": 0.3406563547812967}, "datetime": {"datetime": "2021-03-24 08:41:10", "elapsed": 0.968265, "delta": 0.077471}}
{"target": -0.31339590150054775, "params": {"model__colsample_bylevel": 0.32703279873598284, "model__colsample_bynode": 0.7650161415882953, "model__colsample_bytree": 0.9283168181950918, "model__learning_rate": 0.25165491767187675, "model__max_depth": 8.0, "model__n_estimators": 25.0, "model__reg_lambda": 0.01537093939344425}, "datetime": {"datetime": "2021-03-24 08:41:10", "elapsed": 1.051134, "delta": 0.082869}}
{"target": -0.31339590150054775, "params": {"model__colsample_bylevel": 0.32703279873598284, "model__colsample_bynode": 0.7650161415882953, "model__colsample_bytree": 0.9283168181950918, "model__learning_rate": 0.25165491767187675, "model__max_depth": 8.0, "model__n_estimators": 25.0, "model__reg_lambda": 0.01537093939344425}, "datetime": {"datetime": "2021-03-24 08:41:10", "elapsed": 1.051428, "delta": 0.000294}}
{"target": -0.32691949205085014, "params": {"model__colsample_bylevel": 0.9606600259009006, "model__colsample_bynode": 0.40342695468650597, "model__colsample_bytree": 0.9271705955724225, "model__learning_rate": 0.286225941410727, "model__max_depth": 4.0, "model__n_estimators": 27.0, "model__reg_lambda": 3.1766411789295312}, "datetime": {"datetime": "2021-03-24 08:41:10", "elapsed": 1.144078, "delta": 0.09265}}
{"target": -0.32691949205085014, "params": {"model__colsample_bylevel": 0.9606600259009006, "model__colsample_bynode": 0.40342695468650597, "model__colsample_bytree": 0.9271705955724225, "model__learning_rate": 0.286225941410727, "model__max_depth": 4.0, "model__n_estimators": 27.0, "model__reg_lambda": 3.1766411789295312}, "datetime": {"datetime": "2021-03-24 08:41:10", "elapsed": 1.144388, "delta": 0.00031}}
{"target": -0.29669899770009767, "params": {"model__colsample_bylevel": 0.5678287253499291, "model__colsample_bynode": 0.4966456469923308, "model__colsample_bytree": 0.4459938429678439, "model__learning_rate": 0.2911044378712101, "model__max_depth": 3.0, "model__n_estimators": 27.0, "model__reg_lambda": 0.01936184458506407}, "datetime": {"datetime": "2021-03-24 08:41:10", "elapsed": 1.21374, "delta": 0.069352}}
{"target": -0.3002412548884277, "params": {"model__colsample_bylevel": 0.5997782571373891, "model__colsample_bynode": 0.334493174563118, "model__colsample_bytree": 0.9188705785118891, "model__learning_rate": 0.24068083865957007, "model__max_depth": 5.0, "model__n_estimators": 30.0, "model__reg_lambda": 0.04198215316259413}, "datetime": {"datetime": "2021-03-24 08:41:10", "elapsed": 1.292998, "delta": 0.079258}}
{"target": -0.30927783953046184, "params": {"model__colsample_bylevel": 0.8042463908051236, "model__colsample_bynode": 0.3482271609762252, "model__colsample_bytree": 0.9227486115579644, "model__learning_rate": 0.29440401322132126, "model__max_depth": 2.0, "model__n_estimators": 27.0, "model__reg_lambda": 0.6282977234671627}, "datetime": {"datetime": "2021-03-24 08:41:10", "elapsed": 1.366591, "delta": 0.073593}}
{"target": -0.30927783953046184, "params": {"model__colsample_bylevel": 0.8042463908051236, "model__colsample_bynode": 0.3482271609762252, "model__colsample_bytree": 0.9227486115579644, "model__learning_rate": 0.29440401322132126, "model__max_depth": 2.0, "model__n_estimators": 27.0, "model__reg_lambda": 0.6282977234671627}, "datetime": {"datetime": "2021-03-24 08:41:10", "elapsed": 1.3669, "delta": 0.000309}}
{"target": -0.30927783953046184, "params": {"model__colsample_bylevel": 0.8042463908051236, "model__colsample_bynode": 0.3482271609762252, "model__colsample_bytree": 0.9227486115579644, "model__learning_rate": 0.29440401322132126, "model__max_depth": 2.0, "model__n_estimators": 27.0, "model__reg_lambda": 0.6282977234671627}, "datetime": {"datetime": "2021-03-24 08:41:10", "elapsed": 1.368645, "delta": 0.001745}}
{"target": -0.3120768856158922, "params": {"model__colsample_bylevel": 0.9714179322561098, "model__colsample_bynode": 0.35830559707667364, "model__colsample_bytree": 0.9612375104161934, "model__learning_rate": 0.2965256808321166, "model__max_depth": 3.0, "model__n_estimators": 27.0, "model__reg_lambda": 0.20450508870581863}, "datetime": {"datetime": "2021-03-24 08:41:10", "elapsed": 1.453667, "delta": 0.085022}}
{"target": -0.36745710772128126, "params": {"model__colsample_bylevel": 0.34986853271330365, "model__colsample_bynode": 0.6535964000576462, "model__colsample_bytree": 0.974791668935183, "model__learning_rate": 0.2828318435124024, "model__max_depth": 5.0, "model__n_estimators": 28.0, "model__reg_lambda": 0.6085542863560367}, "datetime": {"datetime": "2021-03-24 08:41:10", "elapsed": 1.540792, "delta": 0.087125}}
{"target": -0.2964681410281312, "params": {"model__colsample_bylevel": 1.0, "model__colsample_bynode": 0.8396708848425268, "model__colsample_bytree": 0.9607210657008314, "model__learning_rate": 0.3, "model__max_depth": 2.0, "model__n_estimators": 30.0, "model__reg_lambda": 0.9039629268942795}, "datetime": {"datetime": "2021-03-24 08:41:10", "elapsed": 1.6369, "delta": 0.096108}}
{"target": -0.3811481238309078, "params": {"model__colsample_bylevel": 0.31605955123801327, "model__colsample_bynode": 0.6657876925360169, "model__colsample_bytree": 0.34412212999747605, "model__learning_rate": 0.29258356851134515, "model__max_depth": 4.0, "model__n_estimators": 29.0, "model__reg_lambda": 0.40770144613460735}, "datetime": {"datetime": "2021-03-24 08:41:11", "elapsed": 1.704924, "delta": 0.068024}}
{"target": -0.32516377019709436, "params": {"model__colsample_bylevel": 0.30133478766162886, "model__colsample_bynode": 0.4063449260744055, "model__colsample_bytree": 0.9189235712942687, "model__learning_rate": 0.28820284761962106, "model__max_depth": 8.0, "model__n_estimators": 29.0, "model__reg_lambda": 1.9096394305561648}, "datetime": {"datetime": "2021-03-24 08:41:11", "elapsed": 1.780396, "delta": 0.075472}}
{"target": -0.32516377019709436, "params": {"model__colsample_bylevel": 0.30133478766162886, "model__colsample_bynode": 0.4063449260744055, "model__colsample_bytree": 0.9189235712942687, "model__learning_rate": 0.28820284761962106, "model__max_depth": 8.0, "model__n_estimators": 29.0, "model__reg_lambda": 1.9096394305561648}, "datetime": {"datetime": "2021-03-24 08:41:11", "elapsed": 1.780714, "delta": 0.000318}}
{"target": -0.32516377019709436, "params": {"model__colsample_bylevel": 0.30133478766162886, "model__colsample_bynode": 0.4063449260744055, "model__colsample_bytree": 0.9189235712942687, "model__learning_rate": 0.28820284761962106, "model__max_depth": 8.0, "model__n_estimators": 29.0, "model__reg_lambda": 1.9096394305561648}, "datetime": {"datetime": "2021-03-24 08:41:11", "elapsed": 1.780926, "delta": 0.000212}}
{"target": -0.32516377019709436, "params": {"model__colsample_bylevel": 0.30133478766162886, "model__colsample_bynode": 0.4063449260744055, "model__colsample_bytree": 0.9189235712942687, "model__learning_rate": 0.28820284761962106, "model__max_depth": 8.0, "model__n_estimators": 29.0, "model__reg_lambda": 1.9096394305561648}, "datetime": {"datetime": "2021-03-24 08:41:11", "elapsed": 1.781151, "delta": 0.000225}}
{"target": -0.33600682692578654, "params": {"model__colsample_bylevel": 0.8282478678731651, "model__colsample_bynode": 0.3356214543082744, "model__colsample_bytree": 0.8223246075864992, "model__learning_rate": 0.2960634172598706, "model__max_depth": 3.0, "model__n_estimators": 30.0, "model__reg_lambda": 4.689257759612926}, "datetime": {"datetime": "2021-03-24 08:41:11", "elapsed": 1.869037, "delta": 0.087886}}
{"target": -0.33720303908769933, "params": {"model__colsample_bylevel": 1.0, "model__colsample_bynode": 0.45987587653477113, "model__colsample_bytree": 0.9999999999994132, "model__learning_rate": 0.2999999999999649, "model__max_depth": 8.0, "model__n_estimators": 25.0, "model__reg_lambda": 4.8058592621997285}, "datetime": {"datetime": "2021-03-24 08:41:11", "elapsed": 1.97029, "delta": 0.101253}}
{"target": -0.33720303908769933, "params": {"model__colsample_bylevel": 1.0, "model__colsample_bynode": 0.45987587653477113, "model__colsample_bytree": 0.9999999999994132, "model__learning_rate": 0.2999999999999649, "model__max_depth": 8.0, "model__n_estimators": 25.0, "model__reg_lambda": 4.8058592621997285}, "datetime": {"datetime": "2021-03-24 08:41:11", "elapsed": 1.970635, "delta": 0.000345}}
{"target": -0.33720303908769933, "params": {"model__colsample_bylevel": 1.0, "model__colsample_bynode": 0.45987587653477113, "model__colsample_bytree": 0.9999999999994132, "model__learning_rate": 0.2999999999999649, "model__max_depth": 8.0, "model__n_estimators": 25.0, "model__reg_lambda": 4.8058592621997285}, "datetime": {"datetime": "2021-03-24 08:41:11", "elapsed": 1.970851, "delta": 0.000216}}
{"target": -0.33720303908769933, "params": {"model__colsample_bylevel": 1.0, "model__colsample_bynode": 0.45987587653477113, "model__colsample_bytree": 0.9999999999994132, "model__learning_rate": 0.2999999999999649, "model__max_depth": 8.0, "model__n_estimators": 25.0, "model__reg_lambda": 4.8058592621997285}, "datetime": {"datetime": "2021-03-24 08:41:11", "elapsed": 1.971042, "delta": 0.000191}}
{"target": -0.31199223909120455, "params": {"model__colsample_bylevel": 0.31548590622000583, "model__colsample_bynode": 0.9547007549892765, "model__colsample_bytree": 0.9610682915488082, "model__learning_rate": 0.29024606360028127, "model__max_depth": 8.0, "model__n_estimators": 30.0, "model__reg_lambda": 1.870063812444096}, "datetime": {"datetime": "2021-03-24 08:41:11", "elapsed": 2.063136, "delta": 0.092094}}
{"target": -0.3193285228909783, "params": {"model__colsample_bylevel": 0.3408500869148628, "model__colsample_bynode": 0.9599509033943245, "model__colsample_bytree": 0.9983213814014924, "model__learning_rate": 0.23351771762386672, "model__max_depth": 5.0, "model__n_estimators": 30.0, "model__reg_lambda": 1.2416722419324555}, "datetime": {"datetime": "2021-03-24 08:41:11", "elapsed": 2.156137, "delta": 0.093001}}
{"target": -0.3193285228909783, "params": {"model__colsample_bylevel": 0.3408500869148628, "model__colsample_bynode": 0.9599509033943245, "model__colsample_bytree": 0.9983213814014924, "model__learning_rate": 0.23351771762386672, "model__max_depth": 5.0, "model__n_estimators": 30.0, "model__reg_lambda": 1.2416722419324555}, "datetime": {"datetime": "2021-03-24 08:41:11", "elapsed": 2.156457, "delta": 0.00032}}
{"target": -0.3422919606708962, "params": {"model__colsample_bylevel": 0.744154481084352, "model__colsample_bynode": 0.3501376978524085, "model__colsample_bytree": 0.8988278974433255, "model__learning_rate": 0.29859597929000764, "model__max_depth": 7.0, "model__n_estimators": 15.0, "model__reg_lambda": 0.7902387818513013}, "datetime": {"datetime": "2021-03-24 08:41:11", "elapsed": 2.225991, "delta": 0.069534}}
{"target": -0.3422919606708962, "params": {"model__colsample_bylevel": 0.744154481084352, "model__colsample_bynode": 0.3501376978524085, "model__colsample_bytree": 0.8988278974433255, "model__learning_rate": 0.29859597929000764, "model__max_depth": 7.0, "model__n_estimators": 15.0, "model__reg_lambda": 0.7902387818513013}, "datetime": {"datetime": "2021-03-24 08:41:11", "elapsed": 2.22633, "delta": 0.000339}}
{"target": -0.3422919606708962, "params": {"model__colsample_bylevel": 0.744154481084352, "model__colsample_bynode": 0.3501376978524085, "model__colsample_bytree": 0.8988278974433255, "model__learning_rate": 0.29859597929000764, "model__max_depth": 7.0, "model__n_estimators": 15.0, "model__reg_lambda": 0.7902387818513013}, "datetime": {"datetime": "2021-03-24 08:41:11", "elapsed": 2.226558, "delta": 0.000228}}
{"target": -0.3098015372776358, "params": {"model__colsample_bylevel": 0.4948431142868819, "model__colsample_bynode": 0.99207562690352, "model__colsample_bytree": 0.48011083592144776, "model__learning_rate": 0.23083578816454672, "model__max_depth": 4.0, "model__n_estimators": 23.0, "model__reg_lambda": 0.12797560327084234}, "datetime": {"datetime": "2021-03-24 08:41:11", "elapsed": 2.298704, "delta": 0.072146}}
{"target": -0.3007021892826373, "params": {"model__colsample_bylevel": 0.36946444889060526, "model__colsample_bynode": 0.9582718992793242, "model__colsample_bytree": 0.8682911265076569, "model__learning_rate": 0.27237440514528977, "model__max_depth": 8.0, "model__n_estimators": 23.0, "model__reg_lambda": 0.0013215828799628682}, "datetime": {"datetime": "2021-03-24 08:41:11", "elapsed": 2.381215, "delta": 0.082511}}
{"target": -0.3168852480945845, "params": {"model__colsample_bylevel": 0.843242372312118, "model__colsample_bynode": 0.9999999991326228, "model__colsample_bytree": 0.4529809870920354, "model__learning_rate": 0.3, "model__max_depth": 3.0, "model__n_estimators": 23.0, "model__reg_lambda": 0.6701071093600021}, "datetime": {"datetime": "2021-03-24 08:41:11", "elapsed": 2.461925, "delta": 0.08071}}
{"target": -0.32800604310375975, "params": {"model__colsample_bylevel": 0.4124644192395269, "model__colsample_bynode": 0.9811486114790016, "model__colsample_bytree": 0.3159486513861515, "model__learning_rate": 0.2871120191762554, "model__max_depth": 2.0, "model__n_estimators": 30.0, "model__reg_lambda": 0.5431474545515302}, "datetime": {"datetime": "2021-03-24 08:41:11", "elapsed": 2.527974, "delta": 0.066049}}
{"target": -0.32800604310375975, "params": {"model__colsample_bylevel": 0.4124644192395269, "model__colsample_bynode": 0.9811486114790016, "model__colsample_bytree": 0.3159486513861515, "model__learning_rate": 0.2871120191762554, "model__max_depth": 2.0, "model__n_estimators": 30.0, "model__reg_lambda": 0.5431474545515302}, "datetime": {"datetime": "2021-03-24 08:41:11", "elapsed": 2.528308, "delta": 0.000334}}
{"target": -0.32800604310375975, "params": {"model__colsample_bylevel": 0.4124644192395269, "model__colsample_bynode": 0.9811486114790016, "model__colsample_bytree": 0.3159486513861515, "model__learning_rate": 0.2871120191762554, "model__max_depth": 2.0, "model__n_estimators": 30.0, "model__reg_lambda": 0.5431474545515302}, "datetime": {"datetime": "2021-03-24 08:41:11", "elapsed": 2.528545, "delta": 0.000237}}
{"target": -0.32800604310375975, "params": {"model__colsample_bylevel": 0.4124644192395269, "model__colsample_bynode": 0.9811486114790016, "model__colsample_bytree": 0.3159486513861515, "model__learning_rate": 0.2871120191762554, "model__max_depth": 2.0, "model__n_estimators": 30.0, "model__reg_lambda": 0.5431474545515302}, "datetime": {"datetime": "2021-03-24 08:41:11", "elapsed": 2.528757, "delta": 0.000212}}
{"target": -0.30427755151341324, "params": {"model__colsample_bylevel": 1.0, "model__colsample_bynode": 0.3, "model__colsample_bytree": 1.0, "model__learning_rate": 0.3, "model__max_depth": 5.0, "model__n_estimators": 21.0, "model__reg_lambda": 0.0}, "datetime": {"datetime": "2021-03-24 08:41:11", "elapsed": 2.613706, "delta": 0.084949}}
{"target": -0.30427755151341324, "params": {"model__colsample_bylevel": 1.0, "model__colsample_bynode": 0.3, "model__colsample_bytree": 1.0, "model__learning_rate": 0.3, "model__max_depth": 5.0, "model__n_estimators": 21.0, "model__reg_lambda": 0.0}, "datetime": {"datetime": "2021-03-24 08:41:11", "elapsed": 2.614072, "delta": 0.000366}}
{"target": -0.3232553276179385, "params": {"model__colsample_bylevel": 0.511889221690131, "model__colsample_bynode": 0.880146841574702, "model__colsample_bytree": 0.4713036833734444, "model__learning_rate": 0.24075613859849618, "model__max_depth": 5.0, "model__n_estimators": 21.0, "model__reg_lambda": 1.7861793515885238}, "datetime": {"datetime": "2021-03-24 08:41:11", "elapsed": 2.688334, "delta": 0.074262}}
{"target": -0.3176635736308526, "params": {"model__colsample_bylevel": 0.4884525291969753, "model__colsample_bynode": 0.31980089965965297, "model__colsample_bytree": 0.980755267171108, "model__learning_rate": 0.23439702615137264, "model__max_depth": 6.0, "model__n_estimators": 30.0, "model__reg_lambda": 0.0585324600436421}, "datetime": {"datetime": "2021-03-24 08:41:12", "elapsed": 2.778267, "delta": 0.089933}}
