{"target": -0.35864052707599337, "params": {"model__colsample_bylevel": 0.6173529449301774, "model__colsample_bynode": 0.3656352091501882, "model__colsample_bytree": 0.45305055880659917, "model__learning_rate": 0.20586849821836273, "model__max_depth": 5.173197962934258, "model__n_estimators": 25.696146745858105, "model__reg_lambda": 2.863925264426952}, "datetime": {"datetime": "2021-03-24 08:41:18", "elapsed": 8.696263, "delta": 0.08204}}
{"target": -0.4294902444506684, "params": {"model__colsample_bylevel": 0.3812502817792496, "model__colsample_bynode": 0.43107613084910207, "model__colsample_bytree": 0.6036033759584388, "model__learning_rate": 0.13710847453713484, "model__max_depth": 2.7407946095138094, "model__n_estimators": 25.875381462387566, "model__reg_lambda": 9.101677556132595}, "datetime": {"datetime": "2021-03-24 08:41:18", "elapsed": 8.770437, "delta": 0.074174}}
{"target": -0.395572702448977, "params": {"model__colsample_bylevel": 0.3426383940311504, "model__colsample_bynode": 0.3292770968669983, "model__colsample_bytree": 0.49999974247633633, "model__learning_rate": 0.21592871225493404, "model__max_depth": 7.629568478689846, "model__n_estimators": 23.72527860523467, "model__reg_lambda": 6.7998375849329875}, "datetime": {"datetime": "2021-03-24 08:41:18", "elapsed": 8.838489, "delta": 0.068052}}
{"target": -0.4226641436633856, "params": {"model__colsample_bylevel": 0.6482295256949429, "model__colsample_bynode": 0.579523550686974, "model__colsample_bytree": 0.8271859803347001, "model__learning_rate": 0.1785368001701141, "model__max_depth": 7.757328490749194, "model__n_estimators": 15.042412577282471, "model__reg_lambda": 9.465835997964604}, "datetime": {"datetime": "2021-03-24 08:41:19", "elapsed": 10.130456, "delta": 1.291967}}
{"target": -0.36867542850204565, "params": {"model__colsample_bylevel": 0.32016579235889747, "model__colsample_bynode": 0.41841899965659446, "model__colsample_bytree": 0.4293978727281257, "model__learning_rate": 0.2806807881340946, "model__max_depth": 6.953682608588992, "model__n_estimators": 29.760867233195874, "model__reg_lambda": 9.684082128830472}, "datetime": {"datetime": "2021-03-24 08:41:20", "elapsed": 11.338757, "delta": 1.208301}}
{"target": -0.4243645984949409, "params": {"model__colsample_bylevel": 0.3523114539078621, "model__colsample_bynode": 0.44631102429471625, "model__colsample_bytree": 0.3637037689714473, "model__learning_rate": 0.21588445559969277, "model__max_depth": 2.1137321966693046, "model__n_estimators": 29.95196271925455, "model__reg_lambda": 9.445737787763663}, "datetime": {"datetime": "2021-03-24 08:41:22", "elapsed": 12.7177, "delta": 1.378943}}
{"target": -0.366788891652275, "params": {"model__colsample_bylevel": 0.796487829285921, "model__colsample_bynode": 0.3172390218312845, "model__colsample_bytree": 0.5603065141747056, "model__learning_rate": 0.2686032517691631, "model__max_depth": 7.693422332911641, "model__n_estimators": 15.136223855094029, "model__reg_lambda": 5.63266293441676}, "datetime": {"datetime": "2021-03-24 08:41:23", "elapsed": 13.976607, "delta": 1.258907}}
{"target": -0.3387527594842233, "params": {"model__colsample_bylevel": 0.9847642136119064, "model__colsample_bynode": 0.8256160468099905, "model__colsample_bytree": 0.9525557306236483, "model__learning_rate": 0.2846567470093815, "model__max_depth": 7.1967452235226474, "model__n_estimators": 19.54844729401347, "model__reg_lambda": 5.074135568085552}, "datetime": {"datetime": "2021-03-24 08:41:24", "elapsed": 15.302099, "delta": 1.325492}}
{"target": -0.39650228736496973, "params": {"model__colsample_bylevel": 0.3070857629836426, "model__colsample_bynode": 0.3, "model__colsample_bytree": 0.3, "model__learning_rate": 0.2999999999543837, "model__max_depth": 7.95569575669953, "model__n_estimators": 16.893159476155642, "model__reg_lambda": 0.4407898880163857}, "datetime": {"datetime": "2021-03-24 08:41:25", "elapsed": 16.61984, "delta": 1.317741}}
{"target": -0.33098938161611857, "params": {"model__colsample_bylevel": 0.9064762652128209, "model__colsample_bynode": 0.9554877916725544, "model__colsample_bytree": 0.9234261081393209, "model__learning_rate": 0.2553948203250235, "model__max_depth": 7.860748262802039, "model__n_estimators": 29.87697494654134, "model__reg_lambda": 5.97059149088232}, "datetime": {"datetime": "2021-03-24 08:41:27", "elapsed": 18.267285, "delta": 1.647445}}
{"target": -0.4422564273119728, "params": {"model__colsample_bylevel": 0.3025282400213813, "model__colsample_bynode": 0.32538177608478014, "model__colsample_bytree": 0.8659369297390609, "model__learning_rate": 0.26384758990491397, "model__max_depth": 2.3155165713749235, "model__n_estimators": 21.34993082917604, "model__reg_lambda": 9.985336996508837}, "datetime": {"datetime": "2021-03-24 08:41:28", "elapsed": 19.45426, "delta": 1.186975}}
{"target": -0.3515052267748431, "params": {"model__colsample_bylevel": 0.48068261697169945, "model__colsample_bynode": 0.8332414858476949, "model__colsample_bytree": 0.5894557902643335, "model__learning_rate": 0.2664346654074593, "model__max_depth": 7.917480329499438, "model__n_estimators": 23.929209395301093, "model__reg_lambda": 9.996804014759372}, "datetime": {"datetime": "2021-03-24 08:41:30", "elapsed": 20.728816, "delta": 1.274556}}
{"target": -0.35902878018231066, "params": {"model__colsample_bylevel": 0.7027725619953986, "model__colsample_bynode": 0.9721913936201134, "model__colsample_bytree": 0.8349475889279694, "model__learning_rate": 0.2710242950211794, "model__max_depth": 6.306711913593791, "model__n_estimators": 15.85175849604693, "model__reg_lambda": 6.565341494954153}, "datetime": {"datetime": "2021-03-24 08:41:31", "elapsed": 21.891208, "delta": 1.162392}}
{"target": -0.3857150297645695, "params": {"model__colsample_bylevel": 1.0, "model__colsample_bynode": 0.3, "model__colsample_bytree": 0.3000000000334686, "model__learning_rate": 0.3, "model__max_depth": 2.0000000001001084, "model__n_estimators": 15.070709416154369, "model__reg_lambda": 0.0}, "datetime": {"datetime": "2021-03-24 08:41:32", "elapsed": 23.397201, "delta": 1.505993}}
{"target": -0.34423068518736877, "params": {"model__colsample_bylevel": 0.3212345157662755, "model__colsample_bynode": 0.9152423086380899, "model__colsample_bytree": 0.3839793881177398, "model__learning_rate": 0.23887787853668144, "model__max_depth": 5.666372662080233, "model__n_estimators": 29.850966150429542, "model__reg_lambda": 7.43727460549604}, "datetime": {"datetime": "2021-03-24 08:41:33", "elapsed": 24.673734, "delta": 1.276533}}
{"target": -0.3287192507571055, "params": {"model__colsample_bylevel": 0.9304539311953113, "model__colsample_bynode": 0.4389378402614801, "model__colsample_bytree": 0.9984945390540914, "model__learning_rate": 0.2993134236557895, "model__max_depth": 4.769114059585199, "model__n_estimators": 21.175953386265867, "model__reg_lambda": 3.923635105547756}, "datetime": {"datetime": "2021-03-24 08:41:35", "elapsed": 26.109712, "delta": 1.435978}}
{"target": -0.32749181492456597, "params": {"model__colsample_bylevel": 0.6096332002987876, "model__colsample_bynode": 0.9270214993859796, "model__colsample_bytree": 0.7481882844105008, "model__learning_rate": 0.2504337400448923, "model__max_depth": 7.811837329356795, "model__n_estimators": 15.230798633587261, "model__reg_lambda": 0.020338808418057797}, "datetime": {"datetime": "2021-03-24 08:41:36", "elapsed": 27.35167, "delta": 1.241958}}
{"target": -0.35941520022916734, "params": {"model__colsample_bylevel": 0.33017286349991315, "model__colsample_bynode": 0.3131205910845443, "model__colsample_bytree": 0.9283396238174915, "model__learning_rate": 0.29973895094212755, "model__max_depth": 5.000563391969566, "model__n_estimators": 15.167671525776232, "model__reg_lambda": 4.752952320451143}, "datetime": {"datetime": "2021-03-24 08:41:38", "elapsed": 28.731337, "delta": 1.379667}}
{"target": -0.3705521375352544, "params": {"model__colsample_bylevel": 0.9412940702688459, "model__colsample_bynode": 0.33268448812910173, "model__colsample_bytree": 0.8175271893156781, "model__learning_rate": 0.12301859094250177, "model__max_depth": 2.0277502680756285, "model__n_estimators": 28.865044072590926, "model__reg_lambda": 0.10268744422463061}, "datetime": {"datetime": "2021-03-24 08:41:39", "elapsed": 30.437018, "delta": 1.705681}}
{"target": -0.35627103304554564, "params": {"model__colsample_bylevel": 0.38756101673063986, "model__colsample_bynode": 0.9337829301517642, "model__colsample_bytree": 0.7668225488350858, "model__learning_rate": 0.27514058657125096, "model__max_depth": 2.036120075635119, "model__n_estimators": 28.12665924566801, "model__reg_lambda": 5.674820396495668}, "datetime": {"datetime": "2021-03-24 08:41:41", "elapsed": 32.04416, "delta": 1.607142}}
{"target": -0.48216866649201384, "params": {"model__colsample_bylevel": 0.3, "model__colsample_bynode": 0.3, "model__colsample_bytree": 0.3, "model__learning_rate": 0.3, "model__max_depth": 2.0, "model__n_estimators": 15.0, "model__reg_lambda": 10.0}, "datetime": {"datetime": "2021-03-24 08:41:42", "elapsed": 33.571683, "delta": 1.527523}}
{"target": -0.3618648513665666, "params": {"model__colsample_bylevel": 0.999999997157601, "model__colsample_bynode": 1.0, "model__colsample_bytree": 1.0, "model__learning_rate": 0.3, "model__max_depth": 7.26273937695909, "model__n_estimators": 21.13761117608631, "model__reg_lambda": 9.992133058241361}, "datetime": {"datetime": "2021-03-24 08:41:44", "elapsed": 34.78168, "delta": 1.209997}}
{"target": -0.3284452467289605, "params": {"model__colsample_bylevel": 0.8408441857514366, "model__colsample_bynode": 0.9745278318732731, "model__colsample_bytree": 0.3293693481629791, "model__learning_rate": 0.17859856288430248, "model__max_depth": 7.876252477896173, "model__n_estimators": 20.711534335141174, "model__reg_lambda": 0.016165305602966473}, "datetime": {"datetime": "2021-03-24 08:41:45", "elapsed": 35.957949, "delta": 1.176269}}
{"target": -0.3310734292262392, "params": {"model__colsample_bylevel": 1.0, "model__colsample_bynode": 0.9999999938300257, "model__colsample_bytree": 0.9999999935106076, "model__learning_rate": 0.3, "model__max_depth": 7.003571797986091, "model__n_estimators": 21.962716398511308, "model__reg_lambda": 0.0}, "datetime": {"datetime": "2021-03-24 08:41:46", "elapsed": 37.476455, "delta": 1.518506}}
{"target": -0.34794544738521666, "params": {"model__colsample_bylevel": 0.4191893405023068, "model__colsample_bynode": 0.9463116172803614, "model__colsample_bytree": 0.3167206303625337, "model__learning_rate": 0.2996612317776543, "model__max_depth": 5.323911163819571, "model__n_estimators": 28.843382076726986, "model__reg_lambda": 9.839264612967787}, "datetime": {"datetime": "2021-03-24 08:41:48", "elapsed": 39.0332, "delta": 1.556745}}
{"target": -0.3755434031038127, "params": {"model__colsample_bylevel": 0.31353132195431777, "model__colsample_bynode": 0.7559503780592309, "model__colsample_bytree": 0.5043953867030737, "model__learning_rate": 0.297930477271665, "model__max_depth": 4.9095047572352195, "model__n_estimators": 22.81828484881587, "model__reg_lambda": 9.946097928013229}, "datetime": {"datetime": "2021-03-24 08:41:49", "elapsed": 40.305595, "delta": 1.272395}}
{"target": -0.3582972515273191, "params": {"model__colsample_bylevel": 0.7273352284285592, "model__colsample_bynode": 0.30869218830341044, "model__colsample_bytree": 0.48609124181977714, "model__learning_rate": 0.27039246514422877, "model__max_depth": 7.925034922495823, "model__n_estimators": 27.759755839815583, "model__reg_lambda": 9.65765794763371}, "datetime": {"datetime": "2021-03-24 08:41:50", "elapsed": 41.541482, "delta": 1.235887}}
{"target": -0.3614918932224206, "params": {"model__colsample_bylevel": 0.9999999991130405, "model__colsample_bynode": 0.9999999986654028, "model__colsample_bytree": 0.9999999994362201, "model__learning_rate": 0.3, "model__max_depth": 7.999999999223481, "model__n_estimators": 17.44050240867333, "model__reg_lambda": 5.982605611699884}, "datetime": {"datetime": "2021-03-24 08:41:52", "elapsed": 43.01106, "delta": 1.469578}}
{"target": -0.33510649716515306, "params": {"model__colsample_bylevel": 0.9283305976368674, "model__colsample_bynode": 0.8388433310153798, "model__colsample_bytree": 0.8400969449657243, "model__learning_rate": 0.26455869825927025, "model__max_depth": 7.9975367667451565, "model__n_estimators": 29.677476514423983, "model__reg_lambda": 9.89976216817797}, "datetime": {"datetime": "2021-03-24 08:41:53", "elapsed": 44.202688, "delta": 1.191628}}
{"target": -0.30994336476154705, "params": {"model__colsample_bylevel": 0.6082544419573579, "model__colsample_bynode": 0.9199655210101216, "model__colsample_bytree": 0.8223680449547133, "model__learning_rate": 0.29548661225708883, "model__max_depth": 2.340074859180258, "model__n_estimators": 28.78928247204589, "model__reg_lambda": 2.898414659822086}, "datetime": {"datetime": "2021-03-24 08:41:54", "elapsed": 45.418559, "delta": 1.215871}}
{"target": -0.2999883906733146, "params": {"model__colsample_bylevel": 0.8861997495259328, "model__colsample_bynode": 0.9268052550916062, "model__colsample_bytree": 0.9681527707290467, "model__learning_rate": 0.2765658146403359, "model__max_depth": 7.70622532412435, "model__n_estimators": 28.14875412955122, "model__reg_lambda": 0.021261393018214836}, "datetime": {"datetime": "2021-03-24 08:41:55", "elapsed": 46.516167, "delta": 1.097608}}
{"target": -0.41128436875921015, "params": {"model__colsample_bylevel": 1.0, "model__colsample_bynode": 0.3, "model__colsample_bytree": 0.30000000038036584, "model__learning_rate": 0.3, "model__max_depth": 5.322700857450655, "model__n_estimators": 15.0, "model__reg_lambda": 10.0}, "datetime": {"datetime": "2021-03-24 08:41:57", "elapsed": 47.764983, "delta": 1.248816}}
{"target": -0.3282249514796379, "params": {"model__colsample_bylevel": 0.9915298765210714, "model__colsample_bynode": 0.552205046438809, "model__colsample_bytree": 0.968378611239114, "model__learning_rate": 0.27711675225720633, "model__max_depth": 4.923884677590484, "model__n_estimators": 29.809646257017853, "model__reg_lambda": 9.057827758931527}, "datetime": {"datetime": "2021-03-24 08:41:58", "elapsed": 49.084115, "delta": 1.319132}}
{"target": -0.3230203908027075, "params": {"model__colsample_bylevel": 0.9439184590841663, "model__colsample_bynode": 0.8957885380891513, "model__colsample_bytree": 0.7813574966815938, "model__learning_rate": 0.2892110473311532, "model__max_depth": 7.965280347289309, "model__n_estimators": 27.508269592763433, "model__reg_lambda": 2.8503324218065327}, "datetime": {"datetime": "2021-03-24 08:41:59", "elapsed": 50.270229, "delta": 1.186114}}
{"target": -0.3164077408051631, "params": {"model__colsample_bylevel": 1.0, "model__colsample_bynode": 0.3, "model__colsample_bytree": 1.0, "model__learning_rate": 0.3, "model__max_depth": 8.0, "model__n_estimators": 29.980026358452886, "model__reg_lambda": 8.312173349597456}, "datetime": {"datetime": "2021-03-24 08:42:00", "elapsed": 51.584976, "delta": 1.314747}}
{"target": -0.32355729196662675, "params": {"model__colsample_bylevel": 0.3568144106792857, "model__colsample_bynode": 0.3305779040327303, "model__colsample_bytree": 0.9142835871546942, "model__learning_rate": 0.2849182955773648, "model__max_depth": 6.824507777871546, "model__n_estimators": 19.923857852337665, "model__reg_lambda": 0.16339866683885207}, "datetime": {"datetime": "2021-03-24 08:42:02", "elapsed": 52.814511, "delta": 1.229535}}
{"target": -0.3210470996942182, "params": {"model__colsample_bylevel": 0.9999999939895166, "model__colsample_bynode": 0.9945992408219909, "model__colsample_bytree": 0.9999999970405278, "model__learning_rate": 0.3, "model__max_depth": 7.999999989897787, "model__n_estimators": 21.69144182759017, "model__reg_lambda": 4.326497156303884}, "datetime": {"datetime": "2021-03-24 08:42:03", "elapsed": 54.127317, "delta": 1.312806}}
{"target": -0.3528139795777321, "params": {"model__colsample_bylevel": 0.3009959130094578, "model__colsample_bynode": 0.3859007485589926, "model__colsample_bytree": 0.46362737205726756, "model__learning_rate": 0.29542773659253974, "model__max_depth": 3.5531852955290244, "model__n_estimators": 28.29707869354327, "model__reg_lambda": 6.334745559312753}, "datetime": {"datetime": "2021-03-24 08:42:04", "elapsed": 55.563406, "delta": 1.436089}}
{"target": -0.3391630409481139, "params": {"model__colsample_bylevel": 0.4738253729975608, "model__colsample_bynode": 0.9530308096170339, "model__colsample_bytree": 0.9987524509931431, "model__learning_rate": 0.2916827054266471, "model__max_depth": 7.8680947696358485, "model__n_estimators": 15.116710590316716, "model__reg_lambda": 5.288472992386665}, "datetime": {"datetime": "2021-03-24 08:42:06", "elapsed": 56.778384, "delta": 1.214978}}
{"target": -0.3823740107209786, "params": {"model__colsample_bylevel": 0.3524577904538839, "model__colsample_bynode": 0.30180021254439393, "model__colsample_bytree": 0.8332283350033818, "model__learning_rate": 0.29270707009723596, "model__max_depth": 3.687143414577985, "model__n_estimators": 23.41366467491011, "model__reg_lambda": 7.271266276600981}, "datetime": {"datetime": "2021-03-24 08:42:07", "elapsed": 57.975661, "delta": 1.197277}}
{"target": -0.3208591929306209, "params": {"model__colsample_bylevel": 1.0, "model__colsample_bynode": 1.0, "model__colsample_bytree": 0.6257070223206348, "model__learning_rate": 0.3, "model__max_depth": 3.5503702694666694, "model__n_estimators": 25.853196793635327, "model__reg_lambda": 9.935807808287317}, "datetime": {"datetime": "2021-03-24 08:42:08", "elapsed": 59.261711, "delta": 1.28605}}
{"target": -0.3754244923071962, "params": {"model__colsample_bylevel": 0.8374256641684894, "model__colsample_bynode": 0.9985875291883812, "model__colsample_bytree": 0.3993362773903153, "model__learning_rate": 0.25125023008375985, "model__max_depth": 2.0420129349673273, "model__n_estimators": 23.728248733370577, "model__reg_lambda": 9.8659578255819}, "datetime": {"datetime": "2021-03-24 08:42:09", "elapsed": 60.439015, "delta": 1.177304}}
{"target": -0.3417654156745614, "params": {"model__colsample_bylevel": 0.3182967375963658, "model__colsample_bynode": 0.8077560063791962, "model__colsample_bytree": 0.8950886850416597, "model__learning_rate": 0.29237825803328704, "model__max_depth": 7.721447302078317, "model__n_estimators": 20.691252076235905, "model__reg_lambda": 2.724865435098888}, "datetime": {"datetime": "2021-03-24 08:42:11", "elapsed": 62.235308, "delta": 1.796293}}
{"target": -0.34029004209897606, "params": {"model__colsample_bylevel": 0.9692670721811671, "model__colsample_bynode": 0.9411295806655511, "model__colsample_bytree": 0.9720733209758228, "model__learning_rate": 0.28728799028669244, "model__max_depth": 7.7692451110802025, "model__n_estimators": 25.583803711018604, "model__reg_lambda": 9.113830596468652}, "datetime": {"datetime": "2021-03-24 08:42:12", "elapsed": 63.543932, "delta": 1.308624}}
{"target": -0.34546183048767726, "params": {"model__colsample_bylevel": 0.8487522542177963, "model__colsample_bynode": 0.9814759936917568, "model__colsample_bytree": 0.30232840619374635, "model__learning_rate": 0.2973563542572579, "model__max_depth": 2.683894542741771, "model__n_estimators": 29.876617675390797, "model__reg_lambda": 7.481900843566894}, "datetime": {"datetime": "2021-03-24 08:42:13", "elapsed": 64.662374, "delta": 1.118442}}
{"target": -0.33992878610548305, "params": {"model__colsample_bylevel": 0.9999999934907685, "model__colsample_bynode": 1.0, "model__colsample_bytree": 0.9999999904488444, "model__learning_rate": 0.3, "model__max_depth": 3.118629169950284, "model__n_estimators": 27.98141462697349, "model__reg_lambda": 8.985839322159844}, "datetime": {"datetime": "2021-03-24 08:42:15", "elapsed": 65.953298, "delta": 1.290924}}
{"target": -0.38351535236570927, "params": {"model__colsample_bylevel": 0.6865049666070746, "model__colsample_bynode": 0.9760794557511547, "model__colsample_bytree": 0.3292202812230164, "model__learning_rate": 0.12692686919837273, "model__max_depth": 2.2502850525290428, "model__n_estimators": 26.059154008348038, "model__reg_lambda": 0.058098988343302516}, "datetime": {"datetime": "2021-03-24 08:42:16", "elapsed": 67.147341, "delta": 1.194043}}
{"target": -0.30824398903194744, "params": {"model__colsample_bylevel": 0.8656394106201901, "model__colsample_bynode": 0.8963097486844185, "model__colsample_bytree": 0.34889945645322923, "model__learning_rate": 0.23640757638611343, "model__max_depth": 5.510019628208189, "model__n_estimators": 20.068612084577165, "model__reg_lambda": 0.032880221766752316}, "datetime": {"datetime": "2021-03-24 08:42:18", "elapsed": 68.720674, "delta": 1.573333}}
{"target": -0.3234951516857162, "params": {"model__colsample_bylevel": 0.5990281604653085, "model__colsample_bynode": 0.8666929263518128, "model__colsample_bytree": 0.4269849144931464, "model__learning_rate": 0.2893893973914039, "model__max_depth": 6.436468619897762, "model__n_estimators": 23.906284260290064, "model__reg_lambda": 0.07897820639025332}, "datetime": {"datetime": "2021-03-24 08:42:19", "elapsed": 70.193402, "delta": 1.472728}}
{"target": -0.355782870735224, "params": {"model__colsample_bylevel": 0.8396699694302261, "model__colsample_bynode": 0.36584478528615705, "model__colsample_bytree": 0.3545301773555386, "model__learning_rate": 0.2634927915415376, "model__max_depth": 2.5677933164033493, "model__n_estimators": 19.374281690515755, "model__reg_lambda": 0.24706581448267873}, "datetime": {"datetime": "2021-03-24 08:42:20", "elapsed": 71.592742, "delta": 1.39934}}
