{"target": -0.31441060768463985, "params": {"model__colsample_bylevel": 0.41419925801945906, "model__colsample_bynode": 0.9002339259337098, "model__colsample_bytree": 0.8831290393227289, "model__learning_rate": 0.28312128536796966, "model__max_depth": 5.940625262914725, "model__n_estimators": 29.58328044974485, "model__reg_lambda": 3.606085431402305}, "datetime": {"datetime": "2021-03-24 08:42:22", "elapsed": 73.042435, "delta": 1.449693}}
{"target": -0.3664010648885607, "params": {"model__colsample_bylevel": 0.9348181313731241, "model__colsample_bynode": 0.9895948737043614, "model__colsample_bytree": 0.3023087795041058, "model__learning_rate": 0.23327755558841656, "model__max_depth": 2.4241031390193797, "model__n_estimators": 27.643700422513163, "model__reg_lambda": 9.920684578569292}, "datetime": {"datetime": "2021-03-24 08:42:23", "elapsed": 74.296246, "delta": 1.253811}}
{"target": -0.3207805914804972, "params": {"model__colsample_bylevel": 0.8815705035148362, "model__colsample_bynode": 0.9603498709416176, "model__colsample_bytree": 0.8282747277043572, "model__learning_rate": 0.2918952045608615, "model__max_depth": 4.316134651415241, "model__n_estimators": 29.84659589777087, "model__reg_lambda": 0.04262276116779873}, "datetime": {"datetime": "2021-03-24 08:42:25", "elapsed": 75.710503, "delta": 1.414257}}
{"target": -0.3243959600342087, "params": {"model__colsample_bylevel": 0.3278552440381522, "model__colsample_bynode": 0.9487070302600258, "model__colsample_bytree": 0.9425954091784483, "model__learning_rate": 0.29967473974729963, "model__max_depth": 4.454427119296161, "model__n_estimators": 29.90522480638021, "model__reg_lambda": 5.541120030132776}, "datetime": {"datetime": "2021-03-24 08:42:26", "elapsed": 76.871805, "delta": 1.161302}}
{"target": -0.3716780364449285, "params": {"model__colsample_bylevel": 0.9840395857476001, "model__colsample_bynode": 0.9162140803224514, "model__colsample_bytree": 0.9540179851548773, "model__learning_rate": 0.292081929488779, "model__max_depth": 4.792038612339191, "model__n_estimators": 15.198899100580872, "model__reg_lambda": 0.880903815822659}, "datetime": {"datetime": "2021-03-24 08:42:27", "elapsed": 78.034637, "delta": 1.162832}}
{"target": -0.34367369642676077, "params": {"model__colsample_bylevel": 0.6997755359229619, "model__colsample_bynode": 0.37974731517168986, "model__colsample_bytree": 0.9642786711547171, "model__learning_rate": 0.29954250394541093, "model__max_depth": 4.58256584146154, "model__n_estimators": 18.678149918976775, "model__reg_lambda": 0.1300828397235021}, "datetime": {"datetime": "2021-03-24 08:42:29", "elapsed": 79.751787, "delta": 1.71715}}
{"target": -0.32224301330608557, "params": {"model__colsample_bylevel": 0.6612515516765518, "model__colsample_bynode": 0.985992589513089, "model__colsample_bytree": 0.7756171959020339, "model__learning_rate": 0.29146680841216444, "model__max_depth": 2.3132968325504724, "model__n_estimators": 17.597268319520914, "model__reg_lambda": 0.009609312488343402}, "datetime": {"datetime": "2021-03-24 08:42:30", "elapsed": 81.122736, "delta": 1.370949}}
{"target": -0.355646372800423, "params": {"model__colsample_bylevel": 0.9860927441183236, "model__colsample_bynode": 0.7768131440250874, "model__colsample_bytree": 0.3427441182699709, "model__learning_rate": 0.28801617158688325, "model__max_depth": 7.313293553670221, "model__n_estimators": 29.506309101461603, "model__reg_lambda": 8.410108910039861}, "datetime": {"datetime": "2021-03-24 08:42:32", "elapsed": 82.747018, "delta": 1.624282}}
{"target": -0.3516108197595357, "params": {"model__colsample_bylevel": 0.9424962663719785, "model__colsample_bynode": 0.837765149901724, "model__colsample_bytree": 0.8052817400057288, "model__learning_rate": 0.27944729418522984, "model__max_depth": 2.065579393922458, "model__n_estimators": 19.925289728656047, "model__reg_lambda": 2.4501631593463635}, "datetime": {"datetime": "2021-03-24 08:42:33", "elapsed": 83.938394, "delta": 1.191376}}
{"target": -0.34935032528879095, "params": {"model__colsample_bylevel": 0.9999999967409793, "model__colsample_bynode": 1.0, "model__colsample_bytree": 0.8380845397970601, "model__learning_rate": 0.3, "model__max_depth": 2.1768528848681137, "model__n_estimators": 25.153180678279565, "model__reg_lambda": 6.193341085140201}, "datetime": {"datetime": "2021-03-24 08:42:34", "elapsed": 85.130964, "delta": 1.19257}}
{"target": -0.377170567413576, "params": {"model__colsample_bylevel": 0.3, "model__colsample_bynode": 1.0, "model__colsample_bytree": 1.0, "model__learning_rate": 0.3, "model__max_depth": 5.710623228700616, "model__n_estimators": 15.886247633379698, "model__reg_lambda": 9.960188819477676}, "datetime": {"datetime": "2021-03-24 08:42:35", "elapsed": 86.638614, "delta": 1.50765}}
{"target": -0.3756410016954971, "params": {"model__colsample_bylevel": 0.9832091343396396, "model__colsample_bynode": 0.8155542080685731, "model__colsample_bytree": 0.3435968194868013, "model__learning_rate": 0.29443149560165705, "model__max_depth": 3.297720787443623, "model__n_estimators": 20.095877897345957, "model__reg_lambda": 9.89898142259669}, "datetime": {"datetime": "2021-03-24 08:42:37", "elapsed": 88.278779, "delta": 1.640165}}
{"target": -0.36207578946107427, "params": {"model__colsample_bylevel": 0.9770155430007021, "model__colsample_bynode": 0.37232936748456164, "model__colsample_bytree": 0.9985181286569869, "model__learning_rate": 0.2922202332038837, "model__max_depth": 7.764070811529959, "model__n_estimators": 15.949782292425052, "model__reg_lambda": 4.048524298812208}, "datetime": {"datetime": "2021-03-24 08:42:39", "elapsed": 89.872203, "delta": 1.593424}}
{"target": -0.32737623331216303, "params": {"model__colsample_bylevel": 0.8941891859321578, "model__colsample_bynode": 0.8839094859671903, "model__colsample_bytree": 0.8789252654859179, "model__learning_rate": 0.29945980625581514, "model__max_depth": 7.709705430026277, "model__n_estimators": 26.55185070139499, "model__reg_lambda": 1.3450051636432392}, "datetime": {"datetime": "2021-03-24 08:42:40", "elapsed": 91.040005, "delta": 1.167802}}
{"target": -0.35358340704857466, "params": {"model__colsample_bylevel": 0.9904565045958164, "model__colsample_bynode": 1.0, "model__colsample_bytree": 1.0, "model__learning_rate": 0.3, "model__max_depth": 4.584732213827279, "model__n_estimators": 24.820966398547014, "model__reg_lambda": 7.522148406791111}, "datetime": {"datetime": "2021-03-24 08:42:41", "elapsed": 92.454576, "delta": 1.414571}}
{"target": -0.33486501575629835, "params": {"model__colsample_bylevel": 0.6884387883934442, "model__colsample_bynode": 0.3201653909717156, "model__colsample_bytree": 0.49193614896389004, "model__learning_rate": 0.2817164382248116, "model__max_depth": 7.767997307140681, "model__n_estimators": 29.967898495516287, "model__reg_lambda": 4.802632405993059}, "datetime": {"datetime": "2021-03-24 08:42:43", "elapsed": 93.839448, "delta": 1.384872}}
{"target": -0.31964319969453187, "params": {"model__colsample_bylevel": 0.9655425471167935, "model__colsample_bynode": 0.6636179759235707, "model__colsample_bytree": 0.9708813672558754, "model__learning_rate": 0.2444982696565905, "model__max_depth": 7.979967322542303, "model__n_estimators": 18.499896420991952, "model__reg_lambda": 0.16654944223019386}, "datetime": {"datetime": "2021-03-24 08:42:44", "elapsed": 95.059582, "delta": 1.220134}}
{"target": -0.33576745583736545, "params": {"model__colsample_bylevel": 0.9221550530033611, "model__colsample_bynode": 0.8613393618780232, "model__colsample_bytree": 0.9667234977013028, "model__learning_rate": 0.28946159893348156, "model__max_depth": 6.246451330902547, "model__n_estimators": 23.713044901916877, "model__reg_lambda": 3.258631330394517}, "datetime": {"datetime": "2021-03-24 08:42:45", "elapsed": 96.18995, "delta": 1.130368}}
{"target": -0.2927810908276655, "params": {"model__colsample_bylevel": 0.6329365982996992, "model__colsample_bynode": 0.9472823869488574, "model__colsample_bytree": 0.44975566547458457, "model__learning_rate": 0.298243689429052, "model__max_depth": 6.055687676644952, "model__n_estimators": 25.594637294776064, "model__reg_lambda": 0.10266879984452859}, "datetime": {"datetime": "2021-03-24 08:42:46", "elapsed": 97.548694, "delta": 1.358744}}
{"target": -0.3110831964645868, "params": {"model__colsample_bylevel": 0.3, "model__colsample_bynode": 1.0, "model__colsample_bytree": 1.0, "model__learning_rate": 0.3, "model__max_depth": 8.0, "model__n_estimators": 30.0, "model__reg_lambda": 0.0}, "datetime": {"datetime": "2021-03-24 08:42:48", "elapsed": 98.851337, "delta": 1.302643}}
{"target": -0.3687241622793448, "params": {"model__colsample_bylevel": 0.9926984311563471, "model__colsample_bynode": 0.9762482782359678, "model__colsample_bytree": 0.8607005984375751, "model__learning_rate": 0.14909739123162052, "model__max_depth": 3.6979695184710986, "model__n_estimators": 29.930746886447178, "model__reg_lambda": 9.80135847147491}, "datetime": {"datetime": "2021-03-24 08:42:49", "elapsed": 100.382601, "delta": 1.531264}}
{"target": -0.3472014494924857, "params": {"model__colsample_bylevel": 0.30000005846644134, "model__colsample_bynode": 0.9999999823350654, "model__colsample_bytree": 0.9999998714798011, "model__learning_rate": 0.3, "model__max_depth": 2.0, "model__n_estimators": 22.535325323650532, "model__reg_lambda": 0.17518729982762107}, "datetime": {"datetime": "2021-03-24 08:42:51", "elapsed": 102.1107, "delta": 1.728099}}
{"target": -0.372047568229238, "params": {"model__colsample_bylevel": 0.7547398033906835, "model__colsample_bynode": 0.8671965220427156, "model__colsample_bytree": 0.4722437733620932, "model__learning_rate": 0.2947510513123472, "model__max_depth": 4.67374005491172, "model__n_estimators": 21.63817059917593, "model__reg_lambda": 0.052946928201292875}, "datetime": {"datetime": "2021-03-24 08:42:52", "elapsed": 103.241311, "delta": 1.130611}}
{"target": -0.3505265633940049, "params": {"model__colsample_bylevel": 0.9650648217772437, "model__colsample_bynode": 0.8992383339401999, "model__colsample_bytree": 0.7525210038486301, "model__learning_rate": 0.21768253813050847, "model__max_depth": 6.008266885084824, "model__n_estimators": 19.293832924193406, "model__reg_lambda": 0.5903358172515483}, "datetime": {"datetime": "2021-03-24 08:42:53", "elapsed": 104.477541, "delta": 1.23623}}
{"target": -0.33077732784761305, "params": {"model__colsample_bylevel": 0.317908452830712, "model__colsample_bynode": 0.40434182667574764, "model__colsample_bytree": 0.8874517526272294, "model__learning_rate": 0.25970429466038686, "model__max_depth": 2.8851938646178956, "model__n_estimators": 21.113234892833848, "model__reg_lambda": 3.251832850361817}, "datetime": {"datetime": "2021-03-24 08:42:54", "elapsed": 105.66093, "delta": 1.183389}}
{"target": -0.3426774239677099, "params": {"model__colsample_bylevel": 0.8800703140226324, "model__colsample_bynode": 0.3, "model__colsample_bytree": 0.9474761120119846, "model__learning_rate": 0.3, "model__max_depth": 7.633672367180268, "model__n_estimators": 21.32103985186657, "model__reg_lambda": 6.154142184481264}, "datetime": {"datetime": "2021-03-24 08:42:56", "elapsed": 106.761668, "delta": 1.100738}}
{"target": -0.35981546104750667, "params": {"model__colsample_bylevel": 1.0, "model__colsample_bynode": 0.3, "model__colsample_bytree": 0.3, "model__learning_rate": 0.3, "model__max_depth": 4.4589752448777915, "model__n_estimators": 29.999225171548535, "model__reg_lambda": 10.0}, "datetime": {"datetime": "2021-03-24 08:42:57", "elapsed": 108.310631, "delta": 1.548963}}
{"target": -0.403419237944257, "params": {"model__colsample_bylevel": 0.3, "model__colsample_bynode": 0.3, "model__colsample_bytree": 1.0, "model__learning_rate": 0.3, "model__max_depth": 5.457974460830938, "model__n_estimators": 15.0, "model__reg_lambda": 9.561457531871687}, "datetime": {"datetime": "2021-03-24 08:42:58", "elapsed": 109.559271, "delta": 1.24864}}
{"target": -0.3546001046241355, "params": {"model__colsample_bylevel": 0.849033052841524, "model__colsample_bynode": 0.367984035694441, "model__colsample_bytree": 0.9940892539604591, "model__learning_rate": 0.2783379131146386, "model__max_depth": 7.879730162225085, "model__n_estimators": 23.011711606544257, "model__reg_lambda": 8.972915672074063}, "datetime": {"datetime": "2021-03-24 08:43:00", "elapsed": 111.075971, "delta": 1.5167}}
{"target": -0.37754050381481646, "params": {"model__colsample_bylevel": 1.0, "model__colsample_bynode": 1.0, "model__colsample_bytree": 1.0, "model__learning_rate": 0.3, "model__max_depth": 6.324132546212139, "model__n_estimators": 15.00000000008471, "model__reg_lambda": 8.480269704308064}, "datetime": {"datetime": "2021-03-24 08:43:01", "elapsed": 112.499379, "delta": 1.423408}}
{"target": -0.31911306583248356, "params": {"model__colsample_bylevel": 0.3861186223863802, "model__colsample_bynode": 0.9938565138590871, "model__colsample_bytree": 0.6769066048085277, "model__learning_rate": 0.27490871377678083, "model__max_depth": 2.194280039948329, "model__n_estimators": 27.102378186286288, "model__reg_lambda": 3.4178841580245156}, "datetime": {"datetime": "2021-03-24 08:43:02", "elapsed": 113.63254, "delta": 1.133161}}
{"target": -0.32708647672594793, "params": {"model__colsample_bylevel": 0.9999999979786709, "model__colsample_bynode": 0.9999999994401316, "model__colsample_bytree": 0.9999999983475931, "model__learning_rate": 0.3, "model__max_depth": 3.1149148124840256, "model__n_estimators": 28.10473865750164, "model__reg_lambda": 4.841494346744973}, "datetime": {"datetime": "2021-03-24 08:43:04", "elapsed": 114.932782, "delta": 1.300242}}
{"target": -0.3394108744996155, "params": {"model__colsample_bylevel": 1.0, "model__colsample_bynode": 0.9999999999888639, "model__colsample_bytree": 0.3472198178574145, "model__learning_rate": 0.3, "model__max_depth": 7.9999999999910525, "model__n_estimators": 19.76236510341613, "model__reg_lambda": 6.14016334784163}, "datetime": {"datetime": "2021-03-24 08:43:05", "elapsed": 116.368568, "delta": 1.435786}}
{"target": -0.41103765318116203, "params": {"model__colsample_bylevel": 0.30613830915765666, "model__colsample_bynode": 0.8817846104305924, "model__colsample_bytree": 0.3030243551813722, "model__learning_rate": 0.27744864251291645, "model__max_depth": 4.466374143506696, "model__n_estimators": 15.203742735403818, "model__reg_lambda": 6.494481117082954}, "datetime": {"datetime": "2021-03-24 08:43:06", "elapsed": 117.600797, "delta": 1.232229}}
{"target": -0.33173012207549035, "params": {"model__colsample_bylevel": 0.3922057653135094, "model__colsample_bynode": 0.923979646842905, "model__colsample_bytree": 0.7695833974263986, "model__learning_rate": 0.3, "model__max_depth": 7.995315849453678, "model__n_estimators": 28.672398927372086, "model__reg_lambda": 8.064239316520766}, "datetime": {"datetime": "2021-03-24 08:43:08", "elapsed": 119.058472, "delta": 1.457675}}
{"target": -0.3244248022610471, "params": {"model__colsample_bylevel": 0.5175514724593594, "model__colsample_bynode": 0.945975559456188, "model__colsample_bytree": 0.4886532536433831, "model__learning_rate": 0.29865492792286674, "model__max_depth": 2.1013955278736045, "model__n_estimators": 28.031427958335016, "model__reg_lambda": 1.213265827942236}, "datetime": {"datetime": "2021-03-24 08:43:09", "elapsed": 120.592297, "delta": 1.533825}}
{"target": -0.34869787525436235, "params": {"model__colsample_bylevel": 0.9712058809947375, "model__colsample_bynode": 0.3010363997410615, "model__colsample_bytree": 0.9997202130343013, "model__learning_rate": 0.2672316966619185, "model__max_depth": 3.279953801817662, "model__n_estimators": 20.953206370362587, "model__reg_lambda": 2.5224232848561345}, "datetime": {"datetime": "2021-03-24 08:43:11", "elapsed": 121.751047, "delta": 1.15875}}
{"target": -0.32993390948850787, "params": {"model__colsample_bylevel": 0.9797704101620559, "model__colsample_bynode": 0.3123570332241626, "model__colsample_bytree": 0.9586565223031502, "model__learning_rate": 0.2763533801961596, "model__max_depth": 7.930177714279198, "model__n_estimators": 29.441175451259003, "model__reg_lambda": 3.0781207425717683}, "datetime": {"datetime": "2021-03-24 08:43:12", "elapsed": 123.052527, "delta": 1.30148}}
{"target": -0.3358541993088548, "params": {"model__colsample_bylevel": 0.9999999998192515, "model__colsample_bynode": 0.30000000068446175, "model__colsample_bytree": 0.9999999998985561, "model__learning_rate": 0.3, "model__max_depth": 2.0, "model__n_estimators": 21.4514444216247, "model__reg_lambda": 1.7919911633045662e-09}, "datetime": {"datetime": "2021-03-24 08:43:13", "elapsed": 124.583608, "delta": 1.531081}}
{"target": -0.3513335349733361, "params": {"model__colsample_bylevel": 0.9901290020146445, "model__colsample_bynode": 0.9859160197642993, "model__colsample_bytree": 0.8693652549564419, "model__learning_rate": 0.2769425342291824, "model__max_depth": 4.975186703994998, "model__n_estimators": 25.384372813610106, "model__reg_lambda": 1.4929816376603822}, "datetime": {"datetime": "2021-03-24 08:43:15", "elapsed": 126.024465, "delta": 1.440857}}
{"target": -0.3768009415598236, "params": {"model__colsample_bylevel": 0.9862464775582269, "model__colsample_bynode": 0.8815539756509869, "model__colsample_bytree": 0.8664512680497944, "model__learning_rate": 0.2863539184205048, "model__max_depth": 7.971961226112476, "model__n_estimators": 16.842461125769685, "model__reg_lambda": 9.777991803797633}, "datetime": {"datetime": "2021-03-24 08:43:16", "elapsed": 127.503129, "delta": 1.478664}}
{"target": -0.41435138986553943, "params": {"model__colsample_bylevel": 1.0, "model__colsample_bynode": 0.3, "model__colsample_bytree": 1.0, "model__learning_rate": 0.3, "model__max_depth": 2.0, "model__n_estimators": 15.0, "model__reg_lambda": 6.39163379162437}, "datetime": {"datetime": "2021-03-24 08:43:18", "elapsed": 128.777202, "delta": 1.274073}}
{"target": -0.41907181879572997, "params": {"model__colsample_bylevel": 0.30000000486997475, "model__colsample_bynode": 0.3, "model__colsample_bytree": 0.3000000070771793, "model__learning_rate": 0.3, "model__max_depth": 4.413080404629534, "model__n_estimators": 21.81571599469138, "model__reg_lambda": 4.164864395584053}, "datetime": {"datetime": "2021-03-24 08:43:19", "elapsed": 130.261092, "delta": 1.48389}}
{"target": -0.3428851287326087, "params": {"model__colsample_bylevel": 0.5503872285007072, "model__colsample_bynode": 0.9234873309864315, "model__colsample_bytree": 0.9517840777868551, "model__learning_rate": 0.28116370724918827, "model__max_depth": 2.260954589937221, "model__n_estimators": 21.66572541561817, "model__reg_lambda": 5.839375722082188}, "datetime": {"datetime": "2021-03-24 08:43:20", "elapsed": 131.615384, "delta": 1.354292}}
{"target": -0.3253037949251281, "params": {"model__colsample_bylevel": 0.3277279308608794, "model__colsample_bynode": 0.38846599293614564, "model__colsample_bytree": 0.9924573062957531, "model__learning_rate": 0.29562822482446627, "model__max_depth": 6.702782174498158, "model__n_estimators": 25.300221408078244, "model__reg_lambda": 0.4164402927821764}, "datetime": {"datetime": "2021-03-24 08:43:22", "elapsed": 133.006076, "delta": 1.390692}}
{"target": -0.3530759338437971, "params": {"model__colsample_bylevel": 0.9476336639255281, "model__colsample_bynode": 0.9630799820372489, "model__colsample_bytree": 0.4366568766126858, "model__learning_rate": 0.23359778794618233, "model__max_depth": 7.925729853781448, "model__n_estimators": 24.07003080961377, "model__reg_lambda": 8.209878838849617}, "datetime": {"datetime": "2021-03-24 08:43:23", "elapsed": 134.357547, "delta": 1.351471}}
{"target": -0.3273822456709636, "params": {"model__colsample_bylevel": 0.8407166353925746, "model__colsample_bynode": 0.6434279351571719, "model__colsample_bytree": 0.9963860913141118, "model__learning_rate": 0.29605642388279085, "model__max_depth": 4.810872868110804, "model__n_estimators": 17.999044351649314, "model__reg_lambda": 5.99566236018941}, "datetime": {"datetime": "2021-03-24 08:43:24", "elapsed": 135.620627, "delta": 1.26308}}
{"target": -0.33453487310781266, "params": {"model__colsample_bylevel": 0.3369823859156315, "model__colsample_bynode": 0.3855465214453559, "model__colsample_bytree": 0.9967143961079048, "model__learning_rate": 0.2882163063094808, "model__max_depth": 7.925706373584795, "model__n_estimators": 29.596814144219124, "model__reg_lambda": 5.603902216696377}, "datetime": {"datetime": "2021-03-24 08:43:26", "elapsed": 137.208722, "delta": 1.588095}}
{"target": -0.3320257493726693, "params": {"model__colsample_bylevel": 0.9989934725637352, "model__colsample_bynode": 1.0, "model__colsample_bytree": 0.9950953387979363, "model__learning_rate": 0.3, "model__max_depth": 4.058705961147347, "model__n_estimators": 17.642337639713766, "model__reg_lambda": 4.052724552145271}, "datetime": {"datetime": "2021-03-24 08:43:27", "elapsed": 138.593666, "delta": 1.384944}}
{"target": -0.35201594958932186, "params": {"model__colsample_bylevel": 0.9505124770796909, "model__colsample_bynode": 0.9427332582648589, "model__colsample_bytree": 0.4293589899277589, "model__learning_rate": 0.1539831049532247, "model__max_depth": 7.182411781933944, "model__n_estimators": 15.067801855497644, "model__reg_lambda": 0.005152480982906216}, "datetime": {"datetime": "2021-03-24 08:43:29", "elapsed": 139.736494, "delta": 1.142828}}
{"target": -0.3363212843938474, "params": {"model__colsample_bylevel": 0.999999996882409, "model__colsample_bynode": 0.4864121530825165, "model__colsample_bytree": 0.9179616698373328, "model__learning_rate": 0.3, "model__max_depth": 6.078232285576024, "model__n_estimators": 28.311877531747246, "model__reg_lambda": 9.941370564477413}, "datetime": {"datetime": "2021-03-24 08:43:30", "elapsed": 140.794562, "delta": 1.058068}}
