{"target": -0.3652055723808599, "params": {"model__colsample_bylevel": 0.3225886277715347, "model__colsample_bynode": 0.9999999948599514, "model__colsample_bytree": 0.9999999762837933, "model__learning_rate": 0.2999999934248217, "model__max_depth": 2.000000015984105, "model__n_estimators": 23.178346935308607, "model__reg_lambda": 4.5516033604380235}, "datetime": {"datetime": "2021-03-24 08:43:31", "elapsed": 142.235754, "delta": 1.441192}}
{"target": -0.29577291911084924, "params": {"model__colsample_bylevel": 0.9487620797790417, "model__colsample_bynode": 0.8888470280525673, "model__colsample_bytree": 0.3505453423812968, "model__learning_rate": 0.18393782744195342, "model__max_depth": 7.18876930934598, "model__n_estimators": 26.79430006993506, "model__reg_lambda": 0.09227716190355562}, "datetime": {"datetime": "2021-03-24 08:43:32", "elapsed": 143.63966, "delta": 1.403906}}
{"target": -0.3174385286423891, "params": {"model__colsample_bylevel": 0.34269038558144227, "model__colsample_bynode": 0.8469425859198527, "model__colsample_bytree": 0.9888046163500501, "model__learning_rate": 0.2846727860121644, "model__max_depth": 4.273676551549637, "model__n_estimators": 22.00299894839202, "model__reg_lambda": 2.7544887060729053}, "datetime": {"datetime": "2021-03-24 08:43:34", "elapsed": 145.456051, "delta": 1.816391}}
{"target": -0.35156570461855363, "params": {"model__colsample_bylevel": 0.35627551603490115, "model__colsample_bynode": 0.8702186108488028, "model__colsample_bytree": 0.3217506351129399, "model__learning_rate": 0.286532709934454, "model__max_depth": 7.9765984567264, "model__n_estimators": 26.309806948857258, "model__reg_lambda": 7.112222064265127}, "datetime": {"datetime": "2021-03-24 08:43:36", "elapsed": 147.028144, "delta": 1.572093}}
{"target": -0.35454785892287727, "params": {"model__colsample_bylevel": 0.33298448019671134, "model__colsample_bynode": 0.37358539842578475, "model__colsample_bytree": 0.6923157596053012, "model__learning_rate": 0.2983805132778232, "model__max_depth": 3.7374540286269804, "model__n_estimators": 28.673045567664595, "model__reg_lambda": 3.7432135775278805}, "datetime": {"datetime": "2021-03-24 08:43:37", "elapsed": 148.51819, "delta": 1.490046}}
{"target": -0.31713504630345113, "params": {"model__colsample_bylevel": 0.3574079510950497, "model__colsample_bynode": 0.9796305693875926, "model__colsample_bytree": 0.4160489564216916, "model__learning_rate": 0.2928120158821884, "model__max_depth": 6.445913816889071, "model__n_estimators": 25.60336267053976, "model__reg_lambda": 1.1686532929493088}, "datetime": {"datetime": "2021-03-24 08:43:39", "elapsed": 149.83909, "delta": 1.3209}}
{"target": -0.3200598366295352, "params": {"model__colsample_bylevel": 0.9648565083315528, "model__colsample_bynode": 0.9157880244856156, "model__colsample_bytree": 0.30246576188105073, "model__learning_rate": 0.27631933203228387, "model__max_depth": 2.1383278569163497, "model__n_estimators": 29.737604924152894, "model__reg_lambda": 3.057916791545882}, "datetime": {"datetime": "2021-03-24 08:43:40", "elapsed": 151.496901, "delta": 1.657811}}
{"target": -0.34905474897966704, "params": {"model__colsample_bylevel": 0.9048054359470019, "model__colsample_bynode": 0.5184781977369498, "model__colsample_bytree": 0.9707203590663249, "model__learning_rate": 0.2964695123697427, "model__max_depth": 2.1610056746271664, "model__n_estimators": 16.951877956140862, "model__reg_lambda": 1.4681317077669498}, "datetime": {"datetime": "2021-03-24 08:43:42", "elapsed": 152.736914, "delta": 1.240013}}
{"target": -0.3276300348162624, "params": {"model__colsample_bylevel": 0.3, "model__colsample_bynode": 1.0, "model__colsample_bytree": 1.0, "model__learning_rate": 0.3, "model__max_depth": 8.0, "model__n_estimators": 29.999999996964107, "model__reg_lambda": 10.0}, "datetime": {"datetime": "2021-03-24 08:43:43", "elapsed": 153.807112, "delta": 1.070198}}
{"target": -0.36005113804038025, "params": {"model__colsample_bylevel": 0.35367711696015236, "model__colsample_bynode": 0.7077437421443191, "model__colsample_bytree": 0.9994255987554459, "model__learning_rate": 0.26089787029916345, "model__max_depth": 7.935595553462585, "model__n_estimators": 15.181761943285021, "model__reg_lambda": 2.2460489923958638}, "datetime": {"datetime": "2021-03-24 08:43:44", "elapsed": 155.308362, "delta": 1.50125}}
{"target": -0.34323099298888576, "params": {"model__colsample_bylevel": 0.9116740902433931, "model__colsample_bynode": 0.9975939921570962, "model__colsample_bytree": 0.8904749913666141, "model__learning_rate": 0.29913888021737345, "model__max_depth": 4.465065287118554, "model__n_estimators": 21.679056609893067, "model__reg_lambda": 8.989342143497298}, "datetime": {"datetime": "2021-03-24 08:43:46", "elapsed": 156.724044, "delta": 1.415682}}
{"target": -0.34747583830789863, "params": {"model__colsample_bylevel": 0.34856667054394097, "model__colsample_bynode": 0.9964958265882402, "model__colsample_bytree": 0.9784701451383393, "model__learning_rate": 0.2934813871622152, "model__max_depth": 4.669455097207225, "model__n_estimators": 19.965782483048855, "model__reg_lambda": 3.7260349587675567}, "datetime": {"datetime": "2021-03-24 08:43:47", "elapsed": 158.086368, "delta": 1.362324}}
{"target": -0.35988409122168696, "params": {"model__colsample_bylevel": 0.9915140632552037, "model__colsample_bynode": 0.8764247449196414, "model__colsample_bytree": 0.9741215490839044, "model__learning_rate": 0.233887422568093, "model__max_depth": 7.8381891303931654, "model__n_estimators": 21.472721524284516, "model__reg_lambda": 6.989898935138728}, "datetime": {"datetime": "2021-03-24 08:43:48", "elapsed": 159.410388, "delta": 1.32402}}
{"target": -0.32408562952963016, "params": {"model__colsample_bylevel": 1.0, "model__colsample_bynode": 1.0, "model__colsample_bytree": 1.0, "model__learning_rate": 0.2999999865677664, "model__max_depth": 8.0, "model__n_estimators": 20.117137034325395, "model__reg_lambda": 3.5148570699962627}, "datetime": {"datetime": "2021-03-24 08:43:50", "elapsed": 160.776667, "delta": 1.366279}}
{"target": -0.3233737841926759, "params": {"model__colsample_bylevel": 0.8759303740419784, "model__colsample_bynode": 0.3214017735845074, "model__colsample_bytree": 0.9815027258018572, "model__learning_rate": 0.29631245369366177, "model__max_depth": 2.0890275826538334, "model__n_estimators": 27.582519477044485, "model__reg_lambda": 3.186569483900874}, "datetime": {"datetime": "2021-03-24 08:43:51", "elapsed": 162.430611, "delta": 1.653944}}
{"target": -0.325804626190549, "params": {"model__colsample_bylevel": 0.9729669757315917, "model__colsample_bynode": 0.9900316434493832, "model__colsample_bytree": 0.39326534185023293, "model__learning_rate": 0.2659144925158845, "model__max_depth": 3.8882621777319706, "model__n_estimators": 28.471937311008617, "model__reg_lambda": 7.300663955292189}, "datetime": {"datetime": "2021-03-24 08:43:52", "elapsed": 163.677757, "delta": 1.247146}}
{"target": -0.32602342434102616, "params": {"model__colsample_bylevel": 0.3921940729186791, "model__colsample_bynode": 0.6430995985876993, "model__colsample_bytree": 0.9682392751897839, "model__learning_rate": 0.2048113787638065, "model__max_depth": 7.823384046911039, "model__n_estimators": 20.83972680035496, "model__reg_lambda": 0.09705664320366791}, "datetime": {"datetime": "2021-03-24 08:43:54", "elapsed": 165.302624, "delta": 1.624867}}
{"target": -0.37026867600245594, "params": {"model__colsample_bylevel": 0.9511737753002631, "model__colsample_bynode": 0.3949405392861459, "model__colsample_bytree": 0.3003986868512063, "model__learning_rate": 0.2912450930349187, "model__max_depth": 7.303144248130989, "model__n_estimators": 25.767643339005325, "model__reg_lambda": 9.957548040682648}, "datetime": {"datetime": "2021-03-24 08:43:56", "elapsed": 166.772977, "delta": 1.470353}}
{"target": -0.3565432285296096, "params": {"model__colsample_bylevel": 1.0, "model__colsample_bynode": 0.37529830031932093, "model__colsample_bytree": 1.0, "model__learning_rate": 0.3, "model__max_depth": 2.0, "model__n_estimators": 28.490630386773447, "model__reg_lambda": 9.999999995716049}, "datetime": {"datetime": "2021-03-24 08:43:57", "elapsed": 167.950054, "delta": 1.177077}}
{"target": -0.3325548734122371, "params": {"model__colsample_bylevel": 0.9875324557176559, "model__colsample_bynode": 0.8603302380451414, "model__colsample_bytree": 0.5097481410218048, "model__learning_rate": 0.2964056826142827, "model__max_depth": 7.989737838761489, "model__n_estimators": 18.89604017450724, "model__reg_lambda": 0.030981711273868617}, "datetime": {"datetime": "2021-03-24 08:43:58", "elapsed": 169.261381, "delta": 1.311327}}
{"target": -0.318794813701559, "params": {"model__colsample_bylevel": 0.9941516051896993, "model__colsample_bynode": 0.8058997151323168, "model__colsample_bytree": 0.36880627516020476, "model__learning_rate": 0.2879752039546597, "model__max_depth": 4.285350473660021, "model__n_estimators": 29.917182072912667, "model__reg_lambda": 6.298605570026149}, "datetime": {"datetime": "2021-03-24 08:43:59", "elapsed": 170.563707, "delta": 1.302326}}
{"target": -0.36878482056241757, "params": {"model__colsample_bylevel": 1.0, "model__colsample_bynode": 1.0, "model__colsample_bytree": 1.0, "model__learning_rate": 0.3, "model__max_depth": 6.015149893800283, "model__n_estimators": 17.884895908487692, "model__reg_lambda": 9.858933490850212}, "datetime": {"datetime": "2021-03-24 08:44:01", "elapsed": 171.965673, "delta": 1.401966}}
{"target": -0.3176236953292033, "params": {"model__colsample_bylevel": 0.9999999948537072, "model__colsample_bynode": 0.9999999948537072, "model__colsample_bytree": 0.9999999948537072, "model__learning_rate": 0.2999999985296306, "model__max_depth": 7.999999971834726, "model__n_estimators": 29.99999994233118, "model__reg_lambda": 9.426538867048266e-10}, "datetime": {"datetime": "2021-03-24 08:44:02", "elapsed": 173.599828, "delta": 1.634155}}
{"target": -0.35338303505281066, "params": {"model__colsample_bylevel": 0.9688044730183616, "model__colsample_bynode": 0.3362038095343368, "model__colsample_bytree": 0.8832839474971117, "model__learning_rate": 0.2991737088025196, "model__max_depth": 4.677666072419353, "model__n_estimators": 15.192557434696514, "model__reg_lambda": 5.646352369977151}, "datetime": {"datetime": "2021-03-24 08:44:04", "elapsed": 175.120326, "delta": 1.520498}}
{"target": -0.3237128227311389, "params": {"model__colsample_bylevel": 0.3052205466649746, "model__colsample_bynode": 0.9993110104518705, "model__colsample_bytree": 0.7584139637680122, "model__learning_rate": 0.29594164705754367, "model__max_depth": 7.486997705630216, "model__n_estimators": 17.18833330336334, "model__reg_lambda": 0.3899364177144893}, "datetime": {"datetime": "2021-03-24 08:44:05", "elapsed": 176.375133, "delta": 1.254807}}
{"target": -0.31458544950093736, "params": {"model__colsample_bylevel": 0.9935742328729522, "model__colsample_bynode": 0.3935961658796838, "model__colsample_bytree": 0.9356725702594593, "model__learning_rate": 0.29122735436104386, "model__max_depth": 6.441136025686551, "model__n_estimators": 25.657583549569637, "model__reg_lambda": 2.8809689354915333}, "datetime": {"datetime": "2021-03-24 08:44:06", "elapsed": 177.487009, "delta": 1.111876}}
{"target": -0.3241836227152658, "params": {"model__colsample_bylevel": 0.4677686331113338, "model__colsample_bynode": 1.0, "model__colsample_bytree": 0.997992075667265, "model__learning_rate": 0.3, "model__max_depth": 7.881182956612678, "model__n_estimators": 26.37545360567528, "model__reg_lambda": 9.977566283432555}, "datetime": {"datetime": "2021-03-24 08:44:08", "elapsed": 179.056878, "delta": 1.569869}}
{"target": -0.34942140697988355, "params": {"model__colsample_bylevel": 0.9046406546270442, "model__colsample_bynode": 0.9479669328442084, "model__colsample_bytree": 0.5705765670929315, "model__learning_rate": 0.27740747263632104, "model__max_depth": 6.9952550317292665, "model__n_estimators": 26.174727672228713, "model__reg_lambda": 0.19802696517974838}, "datetime": {"datetime": "2021-03-24 08:44:09", "elapsed": 180.653074, "delta": 1.596196}}
{"target": -0.3596924861137202, "params": {"model__colsample_bylevel": 0.345377065757725, "model__colsample_bynode": 0.7032660479999202, "model__colsample_bytree": 0.9914769323529715, "model__learning_rate": 0.14529170708115918, "model__max_depth": 7.8888450691602365, "model__n_estimators": 26.851663905005754, "model__reg_lambda": 2.5774514654558334}, "datetime": {"datetime": "2021-03-24 08:44:11", "elapsed": 181.846608, "delta": 1.193534}}
{"target": -0.32572322566082457, "params": {"model__colsample_bylevel": 0.4152059756262102, "model__colsample_bynode": 0.8710794442558678, "model__colsample_bytree": 0.37498941580753226, "model__learning_rate": 0.19896299081708035, "model__max_depth": 5.124472454960923, "model__n_estimators": 25.85458874151528, "model__reg_lambda": 0.11855652596174604}, "datetime": {"datetime": "2021-03-24 08:44:12", "elapsed": 183.307713, "delta": 1.461105}}
{"target": -0.3340632541132146, "params": {"model__colsample_bylevel": 0.9915303702752298, "model__colsample_bynode": 0.3282826665402294, "model__colsample_bytree": 0.843086850482506, "model__learning_rate": 0.28613764799226554, "model__max_depth": 7.038177969984141, "model__n_estimators": 24.944971303122877, "model__reg_lambda": 6.941672378169922}, "datetime": {"datetime": "2021-03-24 08:44:14", "elapsed": 184.747084, "delta": 1.439371}}
{"target": -0.36545268528136443, "params": {"model__colsample_bylevel": 0.519796152240486, "model__colsample_bynode": 1.0, "model__colsample_bytree": 1.0, "model__learning_rate": 0.3, "model__max_depth": 4.168653999596086, "model__n_estimators": 19.34800972131207, "model__reg_lambda": 9.734148411952111}, "datetime": {"datetime": "2021-03-24 08:44:15", "elapsed": 185.98649, "delta": 1.239406}}
{"target": -0.4095483518192086, "params": {"model__colsample_bylevel": 0.3, "model__colsample_bynode": 1.0, "model__colsample_bytree": 0.3, "model__learning_rate": 0.3, "model__max_depth": 8.0, "model__n_estimators": 15.342775796474243, "model__reg_lambda": 8.940570277380528}, "datetime": {"datetime": "2021-03-24 08:44:16", "elapsed": 187.335618, "delta": 1.349128}}
{"target": -0.3274036410136445, "params": {"model__colsample_bylevel": 0.9276644168413422, "model__colsample_bynode": 0.811472941325897, "model__colsample_bytree": 0.40430307340632937, "model__learning_rate": 0.10009404791233645, "model__max_depth": 7.865987062756946, "model__n_estimators": 27.232220378261353, "model__reg_lambda": 0.05296424414239165}, "datetime": {"datetime": "2021-03-24 08:44:17", "elapsed": 188.589354, "delta": 1.253736}}
{"target": -0.3807016613724493, "params": {"model__colsample_bylevel": 1.0, "model__colsample_bynode": 0.3, "model__colsample_bytree": 0.3, "model__learning_rate": 0.3, "model__max_depth": 8.0, "model__n_estimators": 21.139983951356598, "model__reg_lambda": 10.0}, "datetime": {"datetime": "2021-03-24 08:44:19", "elapsed": 190.375879, "delta": 1.786525}}
{"target": -0.3149664229805332, "params": {"model__colsample_bylevel": 0.6322299153520132, "model__colsample_bynode": 0.9568799927179297, "model__colsample_bytree": 0.40601904789962223, "model__learning_rate": 0.23488755195176064, "model__max_depth": 6.197976419619679, "model__n_estimators": 28.115042214638265, "model__reg_lambda": 0.06395565476060461}, "datetime": {"datetime": "2021-03-24 08:44:20", "elapsed": 191.687396, "delta": 1.311517}}
{"target": -0.34902133008066993, "params": {"model__colsample_bylevel": 0.9544162983729054, "model__colsample_bynode": 0.593482541970979, "model__colsample_bytree": 0.3234972968720793, "model__learning_rate": 0.29517602059184267, "model__max_depth": 6.0247210922681775, "model__n_estimators": 26.24844344770036, "model__reg_lambda": 0.3452702329081203}, "datetime": {"datetime": "2021-03-24 08:44:22", "elapsed": 192.921985, "delta": 1.234589}}
{"target": -0.3428154962818962, "params": {"model__colsample_bylevel": 0.4635545364263156, "model__colsample_bynode": 0.3000000086511865, "model__colsample_bytree": 1.0, "model__learning_rate": 0.3, "model__max_depth": 3.946032614518853, "model__n_estimators": 29.999999980056256, "model__reg_lambda": 10.0}, "datetime": {"datetime": "2021-03-24 08:44:23", "elapsed": 194.475159, "delta": 1.553174}}
{"target": -0.317729864038689, "params": {"model__colsample_bylevel": 0.31500946248624795, "model__colsample_bynode": 0.8635866465360491, "model__colsample_bytree": 0.40605965214193895, "model__learning_rate": 0.2843557102039781, "model__max_depth": 3.7904451307599167, "model__n_estimators": 17.498512708520085, "model__reg_lambda": 0.02651607691073643}, "datetime": {"datetime": "2021-03-24 08:44:24", "elapsed": 195.584715, "delta": 1.109556}}
{"target": -0.33923244907983, "params": {"model__colsample_bylevel": 0.9479401640346503, "model__colsample_bynode": 0.9673206926205273, "model__colsample_bytree": 0.41629417471770286, "model__learning_rate": 0.2955959129714294, "model__max_depth": 2.0641919703545257, "model__n_estimators": 29.86357726561485, "model__reg_lambda": 5.478372264656884}, "datetime": {"datetime": "2021-03-24 08:44:26", "elapsed": 196.829262, "delta": 1.244547}}
{"target": -0.3318860063018898, "params": {"model__colsample_bylevel": 1.0, "model__colsample_bynode": 1.0, "model__colsample_bytree": 1.0, "model__learning_rate": 0.2683067133320539, "model__max_depth": 8.0, "model__n_estimators": 24.169211309797085, "model__reg_lambda": 2.377316820228162}, "datetime": {"datetime": "2021-03-24 08:44:27", "elapsed": 198.21118, "delta": 1.381918}}
{"target": -0.36661491831410264, "params": {"model__colsample_bylevel": 0.9180936220121614, "model__colsample_bynode": 0.30393903652589305, "model__colsample_bytree": 0.3483519816212834, "model__learning_rate": 0.2625842646293191, "model__max_depth": 3.6598665139534767, "model__n_estimators": 16.92305495017051, "model__reg_lambda": 0.026683678972274638}, "datetime": {"datetime": "2021-03-24 08:44:29", "elapsed": 199.762538, "delta": 1.551358}}
{"target": -0.3269880716854275, "params": {"model__colsample_bylevel": 1.0, "model__colsample_bynode": 1.0, "model__colsample_bytree": 1.0, "model__learning_rate": 0.3, "model__max_depth": 4.435905334746706, "model__n_estimators": 27.43625302445396, "model__reg_lambda": 10.0}, "datetime": {"datetime": "2021-03-24 08:44:30", "elapsed": 201.014542, "delta": 1.252004}}
{"target": -0.32954815838054036, "params": {"model__colsample_bylevel": 0.5590121492494224, "model__colsample_bynode": 0.39396023851626794, "model__colsample_bytree": 0.9967435984464315, "model__learning_rate": 0.24469149615477195, "model__max_depth": 5.608148709113813, "model__n_estimators": 21.729058450554113, "model__reg_lambda": 1.95041699708551}, "datetime": {"datetime": "2021-03-24 08:44:31", "elapsed": 202.367429, "delta": 1.352887}}
{"target": -0.39145479262334065, "params": {"model__colsample_bylevel": 0.3, "model__colsample_bynode": 0.3, "model__colsample_bytree": 1.0, "model__learning_rate": 0.3, "model__max_depth": 8.0, "model__n_estimators": 17.53889292691191, "model__reg_lambda": 10.0}, "datetime": {"datetime": "2021-03-24 08:44:33", "elapsed": 203.915359, "delta": 1.54793}}
{"target": -0.3555789579239174, "params": {"model__colsample_bylevel": 0.34778355816660156, "model__colsample_bynode": 1.0, "model__colsample_bytree": 0.3065820127286546, "model__learning_rate": 0.26480439029646924, "model__max_depth": 3.136830106389781, "model__n_estimators": 26.020612950167326, "model__reg_lambda": 6.596514364563073}, "datetime": {"datetime": "2021-03-24 08:44:34", "elapsed": 205.51927, "delta": 1.603911}}
{"target": -0.31793606416491005, "params": {"model__colsample_bylevel": 0.9638158018937995, "model__colsample_bynode": 0.9840885922226239, "model__colsample_bytree": 0.566794856199045, "model__learning_rate": 0.2983264984199477, "model__max_depth": 3.6691392524395314, "model__n_estimators": 29.99345193127318, "model__reg_lambda": 4.425789443436589}, "datetime": {"datetime": "2021-03-24 08:44:36", "elapsed": 207.185527, "delta": 1.666257}}
{"target": -0.3507741437232851, "params": {"model__colsample_bylevel": 1.0, "model__colsample_bynode": 0.9999999973622217, "model__colsample_bytree": 0.8897325906362855, "model__learning_rate": 0.3, "model__max_depth": 2.0, "model__n_estimators": 20.56978745554949, "model__reg_lambda": 4.5284204734438465}, "datetime": {"datetime": "2021-03-24 08:44:38", "elapsed": 208.9169, "delta": 1.731373}}
{"target": -0.3374511469270278, "params": {"model__colsample_bylevel": 0.30764505671014336, "model__colsample_bynode": 0.8596496448903899, "model__colsample_bytree": 0.4958569413859974, "model__learning_rate": 0.19854761325933562, "model__max_depth": 7.325139424715854, "model__n_estimators": 27.522658106606336, "model__reg_lambda": 0.02985496812949129}, "datetime": {"datetime": "2021-03-24 08:44:39", "elapsed": 210.227179, "delta": 1.310279}}
{"target": -0.3407001693955744, "params": {"model__colsample_bylevel": 0.8818195041326051, "model__colsample_bynode": 0.4769226062780634, "model__colsample_bytree": 0.9613110525323669, "model__learning_rate": 0.2973122202609003, "model__max_depth": 3.7731258598376067, "model__n_estimators": 23.903617753513174, "model__reg_lambda": 9.989809227254058}, "datetime": {"datetime": "2021-03-24 08:44:41", "elapsed": 211.763267, "delta": 1.536088}}
{"target": -0.34775310298714757, "params": {"model__colsample_bylevel": 0.6309516540326858, "model__colsample_bynode": 0.9850309769399617, "model__colsample_bytree": 0.9543498394017422, "model__learning_rate": 0.26110269716247936, "model__max_depth": 6.197253215884058, "model__n_estimators": 15.80292606804639, "model__reg_lambda": 0.10400477899443539}, "datetime": {"datetime": "2021-03-24 08:44:42", "elapsed": 213.14478, "delta": 1.381513}}
