{"target": -0.33834676059313873, "params": {"model__colsample_bylevel": 0.37084845102004155, "model__colsample_bynode": 0.30776123704229325, "model__colsample_bytree": 0.9716930215537124, "model__learning_rate": 0.3, "model__max_depth": 2.9250772077306797, "model__n_estimators": 25.578874960884868, "model__reg_lambda": 3.200220325109738}, "datetime": {"datetime": "2021-03-24 08:44:43", "elapsed": 214.453759, "delta": 1.308979}}
{"target": -0.35551811563377467, "params": {"model__colsample_bylevel": 0.9677823272316743, "model__colsample_bynode": 0.9860368659784395, "model__colsample_bytree": 0.501998363435217, "model__learning_rate": 0.2929938055798811, "model__max_depth": 2.2427922030860037, "model__n_estimators": 22.732181854279034, "model__reg_lambda": 8.029095391081311}, "datetime": {"datetime": "2021-03-24 08:44:45", "elapsed": 215.865304, "delta": 1.411545}}
{"target": -0.3253811568717736, "params": {"model__colsample_bylevel": 0.7589664965574257, "model__colsample_bynode": 0.9659859103120778, "model__colsample_bytree": 0.341163434249262, "model__learning_rate": 0.2840037843389276, "model__max_depth": 7.87890849256336, "model__n_estimators": 28.378471904553415, "model__reg_lambda": 1.5836138458309423}, "datetime": {"datetime": "2021-03-24 08:44:46", "elapsed": 217.675355, "delta": 1.810051}}
{"target": -0.376763939946566, "params": {"model__colsample_bylevel": 0.35358959465468676, "model__colsample_bynode": 0.31246518728817474, "model__colsample_bytree": 0.9596520391678758, "model__learning_rate": 0.10986218108320506, "model__max_depth": 7.418943785117171, "model__n_estimators": 24.10723340910365, "model__reg_lambda": 1.6217265722277774}, "datetime": {"datetime": "2021-03-24 08:44:48", "elapsed": 219.30928, "delta": 1.633925}}
{"target": -0.33732787230713424, "params": {"model__colsample_bylevel": 0.9640986841668926, "model__colsample_bynode": 0.9801726234104844, "model__colsample_bytree": 0.3268946784280738, "model__learning_rate": 0.2945935222434639, "model__max_depth": 5.769653593709784, "model__n_estimators": 18.510468654053255, "model__reg_lambda": 4.012140040026781}, "datetime": {"datetime": "2021-03-24 08:44:50", "elapsed": 220.822072, "delta": 1.512792}}
{"target": -0.35586405706531166, "params": {"model__colsample_bylevel": 0.8992808781021173, "model__colsample_bynode": 0.38008521774687354, "model__colsample_bytree": 0.5356741411513372, "model__learning_rate": 0.2926327861437799, "model__max_depth": 7.982708873575131, "model__n_estimators": 28.468064025104024, "model__reg_lambda": 6.751007053196997}, "datetime": {"datetime": "2021-03-24 08:44:52", "elapsed": 222.895848, "delta": 2.073776}}
{"target": -0.3466502133702886, "params": {"model__colsample_bylevel": 0.9934691113802333, "model__colsample_bynode": 0.9928980270462017, "model__colsample_bytree": 0.3, "model__learning_rate": 0.3, "model__max_depth": 4.574341295396594, "model__n_estimators": 23.297243578750635, "model__reg_lambda": 8.380570455168845}, "datetime": {"datetime": "2021-03-24 08:44:53", "elapsed": 224.279542, "delta": 1.383694}}
{"target": -0.3442996203430348, "params": {"model__colsample_bylevel": 0.6514321587529792, "model__colsample_bynode": 0.9908840004462056, "model__colsample_bytree": 0.991637503711243, "model__learning_rate": 0.2932336944866064, "model__max_depth": 5.3599581870501085, "model__n_estimators": 22.16969882097076, "model__reg_lambda": 5.978933538217569}, "datetime": {"datetime": "2021-03-24 08:44:54", "elapsed": 225.684244, "delta": 1.404702}}
{"target": -0.36154243519489204, "params": {"model__colsample_bylevel": 0.32391147519053526, "model__colsample_bynode": 0.9154631823009203, "model__colsample_bytree": 0.39581988217949576, "model__learning_rate": 0.2749203491554957, "model__max_depth": 3.275525801100767, "model__n_estimators": 17.559426412436803, "model__reg_lambda": 1.896024401389379}, "datetime": {"datetime": "2021-03-24 08:44:56", "elapsed": 227.301282, "delta": 1.617038}}
{"target": -0.37003099943470696, "params": {"model__colsample_bylevel": 0.3, "model__colsample_bynode": 1.0, "model__colsample_bytree": 0.3, "model__learning_rate": 0.3, "model__max_depth": 7.928632399035899, "model__n_estimators": 17.327559230317128, "model__reg_lambda": 4.4584415690824075}, "datetime": {"datetime": "2021-03-24 08:44:57", "elapsed": 228.672854, "delta": 1.371572}}
{"target": -0.33591849988636874, "params": {"model__colsample_bylevel": 0.9251651323920864, "model__colsample_bynode": 0.9745937932567914, "model__colsample_bytree": 0.3133925435172661, "model__learning_rate": 0.2515616141585581, "model__max_depth": 6.84966771153051, "model__n_estimators": 25.073262471374314, "model__reg_lambda": 5.778169318960006}, "datetime": {"datetime": "2021-03-24 08:44:59", "elapsed": 230.304283, "delta": 1.631429}}
{"target": -0.328100502311819, "params": {"model__colsample_bylevel": 0.6342493728490377, "model__colsample_bynode": 0.9841992364420973, "model__colsample_bytree": 0.9798853460203416, "model__learning_rate": 0.24985840401091008, "model__max_depth": 7.845819750873936, "model__n_estimators": 26.28595087063605, "model__reg_lambda": 5.668055089023363}, "datetime": {"datetime": "2021-03-24 08:45:01", "elapsed": 231.707084, "delta": 1.402801}}
{"target": -0.33064690331381785, "params": {"model__colsample_bylevel": 0.9089299686904391, "model__colsample_bynode": 0.4472299662395225, "model__colsample_bytree": 0.3814811500022939, "model__learning_rate": 0.2798727850961028, "model__max_depth": 2.0190365515670083, "model__n_estimators": 26.9899246917136, "model__reg_lambda": 5.900480451852822}, "datetime": {"datetime": "2021-03-24 08:45:02", "elapsed": 233.037539, "delta": 1.330455}}
{"target": -0.31152925653993896, "params": {"model__colsample_bylevel": 0.8977676991638199, "model__colsample_bynode": 0.9728084886222064, "model__colsample_bytree": 0.9675716200020528, "model__learning_rate": 0.29837370256078866, "model__max_depth": 6.325663435843956, "model__n_estimators": 29.478541012342557, "model__reg_lambda": 5.02962915432226}, "datetime": {"datetime": "2021-03-24 08:45:03", "elapsed": 234.512241, "delta": 1.474702}}
{"target": -0.32261873405389624, "params": {"model__colsample_bylevel": 0.9541839565474028, "model__colsample_bynode": 0.8630266856671656, "model__colsample_bytree": 0.3678473046208909, "model__learning_rate": 0.2900384050115925, "model__max_depth": 7.324203615376861, "model__n_estimators": 25.663958237297308, "model__reg_lambda": 1.888847093516065}, "datetime": {"datetime": "2021-03-24 08:45:05", "elapsed": 236.35192, "delta": 1.839679}}
{"target": -0.32299169748873907, "params": {"model__colsample_bylevel": 0.6604876518589753, "model__colsample_bynode": 0.9151733090043068, "model__colsample_bytree": 0.3529487021763707, "model__learning_rate": 0.29134359648067354, "model__max_depth": 7.908861349718571, "model__n_estimators": 24.50384300447907, "model__reg_lambda": 0.051883086101131015}, "datetime": {"datetime": "2021-03-24 08:45:07", "elapsed": 237.872123, "delta": 1.520203}}
{"target": -0.36196078733419595, "params": {"model__colsample_bylevel": 1.0, "model__colsample_bynode": 0.3, "model__colsample_bytree": 1.0, "model__learning_rate": 0.3, "model__max_depth": 4.237408228216884, "model__n_estimators": 19.9295301718554, "model__reg_lambda": 9.832944160231762}, "datetime": {"datetime": "2021-03-24 08:45:08", "elapsed": 239.377973, "delta": 1.50585}}
{"target": -0.3183106244585571, "params": {"model__colsample_bylevel": 0.9435852310833208, "model__colsample_bynode": 0.938505719557498, "model__colsample_bytree": 0.5021076646934524, "model__learning_rate": 0.27874992276069666, "model__max_depth": 6.399044117580825, "model__n_estimators": 20.732965504816434, "model__reg_lambda": 2.841972087583665}, "datetime": {"datetime": "2021-03-24 08:45:10", "elapsed": 240.782694, "delta": 1.404721}}
{"target": -0.381333824199923, "params": {"model__colsample_bylevel": 0.9600816351686272, "model__colsample_bynode": 0.5745644431100667, "model__colsample_bytree": 0.31256094357470254, "model__learning_rate": 0.29350693673813266, "model__max_depth": 7.695807893107563, "model__n_estimators": 27.918015603872494, "model__reg_lambda": 0.054474975984195595}, "datetime": {"datetime": "2021-03-24 08:45:11", "elapsed": 242.551363, "delta": 1.768669}}
{"target": -0.3685055216551637, "params": {"model__colsample_bylevel": 1.0, "model__colsample_bynode": 0.9999999997219554, "model__colsample_bytree": 1.0, "model__learning_rate": 0.1, "model__max_depth": 5.268842680274698, "model__n_estimators": 29.999999999875527, "model__reg_lambda": 2.4415350694907048}, "datetime": {"datetime": "2021-03-24 08:45:13", "elapsed": 243.982763, "delta": 1.4314}}
{"target": -0.3587182306461846, "params": {"model__colsample_bylevel": 1.0, "model__colsample_bynode": 0.3, "model__colsample_bytree": 1.0, "model__learning_rate": 0.3, "model__max_depth": 8.0, "model__n_estimators": 16.75965075429162, "model__reg_lambda": 7.803097157645174}, "datetime": {"datetime": "2021-03-24 08:45:14", "elapsed": 245.525113, "delta": 1.54235}}
{"target": -0.35040204956945353, "params": {"model__colsample_bylevel": 1.0, "model__colsample_bynode": 0.5332897135422574, "model__colsample_bytree": 0.6132701404407115, "model__learning_rate": 0.3, "model__max_depth": 2.000000000258179, "model__n_estimators": 28.478914361227062, "model__reg_lambda": 8.050844043340055}, "datetime": {"datetime": "2021-03-24 08:45:16", "elapsed": 246.929506, "delta": 1.404393}}
{"target": -0.3283201320993586, "params": {"model__colsample_bylevel": 0.7724650960650589, "model__colsample_bynode": 0.8863220541060621, "model__colsample_bytree": 0.8769354220638488, "model__learning_rate": 0.21851180662490194, "model__max_depth": 7.945269037082463, "model__n_estimators": 29.147496400281213, "model__reg_lambda": 0.9753500610413135}, "datetime": {"datetime": "2021-03-24 08:45:17", "elapsed": 248.666763, "delta": 1.737257}}
{"target": -0.3076654786345266, "params": {"model__colsample_bylevel": 0.3140123766142808, "model__colsample_bynode": 0.7206055300849302, "model__colsample_bytree": 0.4390882640401152, "model__learning_rate": 0.2989717954485608, "model__max_depth": 3.28158114666214, "model__n_estimators": 23.442975382956497, "model__reg_lambda": 0.015711965050151377}, "datetime": {"datetime": "2021-03-24 08:45:19", "elapsed": 249.998831, "delta": 1.332068}}
{"target": -0.3319123757598193, "params": {"model__colsample_bylevel": 0.34707852832882125, "model__colsample_bynode": 0.9610344008573033, "model__colsample_bytree": 0.9957778578225573, "model__learning_rate": 0.2929505747886002, "model__max_depth": 7.574000253928377, "model__n_estimators": 29.842846461654414, "model__reg_lambda": 4.231717126862975}, "datetime": {"datetime": "2021-03-24 08:45:21", "elapsed": 251.764448, "delta": 1.765617}}
{"target": -0.3513322809009233, "params": {"model__colsample_bylevel": 0.3, "model__colsample_bynode": 1.0, "model__colsample_bytree": 1.0, "model__learning_rate": 0.3, "model__max_depth": 8.0, "model__n_estimators": 19.705896277071638, "model__reg_lambda": 10.0}, "datetime": {"datetime": "2021-03-24 08:45:22", "elapsed": 253.302577, "delta": 1.538129}}
{"target": -0.3191735157161863, "params": {"model__colsample_bylevel": 0.99999999942257, "model__colsample_bynode": 1.0, "model__colsample_bytree": 1.0, "model__learning_rate": 0.3, "model__max_depth": 8.0, "model__n_estimators": 20.77047115253899, "model__reg_lambda": 1.1783047959076172}, "datetime": {"datetime": "2021-03-24 08:45:24", "elapsed": 255.012067, "delta": 1.70949}}
{"target": -0.3437316215620713, "params": {"model__colsample_bylevel": 0.9369863000460525, "model__colsample_bynode": 0.9246341242291483, "model__colsample_bytree": 0.3272255123447844, "model__learning_rate": 0.26176046810061304, "model__max_depth": 7.975453450709743, "model__n_estimators": 20.9664569591699, "model__reg_lambda": 3.2827529662373776}, "datetime": {"datetime": "2021-03-24 08:45:25", "elapsed": 256.256069, "delta": 1.244002}}
{"target": -0.2939855069361553, "params": {"model__colsample_bylevel": 0.969045759445047, "model__colsample_bynode": 0.9667100228307057, "model__colsample_bytree": 0.4405479729656506, "model__learning_rate": 0.2911240437361394, "model__max_depth": 6.3865269028552065, "model__n_estimators": 26.872038896881023, "model__reg_lambda": 1.781616159172682}, "datetime": {"datetime": "2021-03-24 08:45:27", "elapsed": 257.857989, "delta": 1.60192}}
{"target": -0.3324559608886046, "params": {"model__colsample_bylevel": 0.3499827680144358, "model__colsample_bynode": 0.3378315165673862, "model__colsample_bytree": 0.9485507316060007, "model__learning_rate": 0.29941561672401246, "model__max_depth": 6.440480152786047, "model__n_estimators": 29.657450121088136, "model__reg_lambda": 7.013082097952237}, "datetime": {"datetime": "2021-03-24 08:45:29", "elapsed": 259.755456, "delta": 1.897467}}
{"target": -0.33375915286360663, "params": {"model__colsample_bylevel": 0.9829590393942818, "model__colsample_bynode": 0.9438466527460256, "model__colsample_bytree": 0.3260038580039103, "model__learning_rate": 0.29438545619273615, "model__max_depth": 2.8741185634985253, "model__n_estimators": 27.486967701871787, "model__reg_lambda": 4.951107719924278}, "datetime": {"datetime": "2021-03-24 08:45:30", "elapsed": 261.535475, "delta": 1.780019}}
{"target": -0.38478315851576894, "params": {"model__colsample_bylevel": 0.3, "model__colsample_bynode": 0.3, "model__colsample_bytree": 1.0, "model__learning_rate": 0.3, "model__max_depth": 3.468353612837319, "model__n_estimators": 15.0, "model__reg_lambda": 0.6253253844905473}, "datetime": {"datetime": "2021-03-24 08:45:32", "elapsed": 263.138282, "delta": 1.602807}}
{"target": -0.32648338689401313, "params": {"model__colsample_bylevel": 0.8100658458860459, "model__colsample_bynode": 0.460098791100787, "model__colsample_bytree": 0.7104942245517173, "model__learning_rate": 0.11287029715109194, "model__max_depth": 6.168700818321504, "model__n_estimators": 24.85122147796191, "model__reg_lambda": 0.07594093552471204}, "datetime": {"datetime": "2021-03-24 08:45:33", "elapsed": 264.612582, "delta": 1.4743}}
{"target": -0.37018987614917903, "params": {"model__colsample_bylevel": 0.31813591804964053, "model__colsample_bynode": 0.8630867635169925, "model__colsample_bytree": 0.35378982882162463, "model__learning_rate": 0.11079169926012561, "model__max_depth": 7.993747513366669, "model__n_estimators": 23.922431690284782, "model__reg_lambda": 0.05269203993300442}, "datetime": {"datetime": "2021-03-24 08:45:35", "elapsed": 266.268001, "delta": 1.655419}}
{"target": -0.36848824630606164, "params": {"model__colsample_bylevel": 0.9998221694646727, "model__colsample_bynode": 0.36551268004211745, "model__colsample_bytree": 0.9842980540460577, "model__learning_rate": 0.29378705073519695, "model__max_depth": 2.1284986439858202, "model__n_estimators": 24.968371333407337, "model__reg_lambda": 9.615758246859048}, "datetime": {"datetime": "2021-03-24 08:45:36", "elapsed": 267.522821, "delta": 1.25482}}
{"target": -0.37586493279406985, "params": {"model__colsample_bylevel": 1.0, "model__colsample_bynode": 1.0, "model__colsample_bytree": 1.0, "model__learning_rate": 0.3, "model__max_depth": 2.6304635381959356, "model__n_estimators": 15.0, "model__reg_lambda": 10.0}, "datetime": {"datetime": "2021-03-24 08:45:38", "elapsed": 269.009528, "delta": 1.486707}}
{"target": -0.33038942557514944, "params": {"model__colsample_bylevel": 0.9605155903795832, "model__colsample_bynode": 0.45461373802454563, "model__colsample_bytree": 0.9380314308127082, "model__learning_rate": 0.2811297844961196, "model__max_depth": 2.002905719497303, "model__n_estimators": 29.997086448799806, "model__reg_lambda": 3.0426905848680494}, "datetime": {"datetime": "2021-03-24 08:45:40", "elapsed": 270.818868, "delta": 1.80934}}
{"target": -0.3935196869028057, "params": {"model__colsample_bylevel": 1.0, "model__colsample_bynode": 0.3, "model__colsample_bytree": 1.0, "model__learning_rate": 0.3, "model__max_depth": 2.0, "model__n_estimators": 18.70785869773017, "model__reg_lambda": 10.0}, "datetime": {"datetime": "2021-03-24 08:45:42", "elapsed": 272.733892, "delta": 1.915024}}
{"target": -0.4432244584234296, "params": {"model__colsample_bylevel": 0.3135831295145435, "model__colsample_bynode": 0.402469052512615, "model__colsample_bytree": 0.3499280744667793, "model__learning_rate": 0.2921579323467931, "model__max_depth": 2.074672091029621, "model__n_estimators": 17.37634752447089, "model__reg_lambda": 0.12431887330233926}, "datetime": {"datetime": "2021-03-24 08:45:43", "elapsed": 273.961427, "delta": 1.227535}}
{"target": -0.3605491936483515, "params": {"model__colsample_bylevel": 0.6889729019978577, "model__colsample_bynode": 0.9592738131168301, "model__colsample_bytree": 0.9788404540260154, "model__learning_rate": 0.25344390675141826, "model__max_depth": 2.5644060053648143, "model__n_estimators": 15.02936793069933, "model__reg_lambda": 3.3585229025492236}, "datetime": {"datetime": "2021-03-24 08:45:45", "elapsed": 275.855603, "delta": 1.894176}}
{"target": -0.3332082827474274, "params": {"model__colsample_bylevel": 1.0, "model__colsample_bynode": 1.0, "model__colsample_bytree": 0.9999999975653833, "model__learning_rate": 0.3, "model__max_depth": 7.999999991920138, "model__n_estimators": 28.2506192083393, "model__reg_lambda": 8.444273637320158}, "datetime": {"datetime": "2021-03-24 08:45:46", "elapsed": 277.500361, "delta": 1.644758}}
{"target": -0.30719105374807004, "params": {"model__colsample_bylevel": 0.4346473454130232, "model__colsample_bynode": 0.9870180447160872, "model__colsample_bytree": 0.994861993212034, "model__learning_rate": 0.24844242207790374, "model__max_depth": 7.149293865293353, "model__n_estimators": 18.51352425616151, "model__reg_lambda": 0.011957936664247493}, "datetime": {"datetime": "2021-03-24 08:45:49", "elapsed": 280.040899, "delta": 2.540538}}
{"target": -0.3497989451360848, "params": {"model__colsample_bylevel": 0.9967463996082326, "model__colsample_bynode": 0.32843389434850395, "model__colsample_bytree": 0.42581319803264095, "model__learning_rate": 0.2693143937304472, "model__max_depth": 4.404253200304904, "model__n_estimators": 25.760720356518505, "model__reg_lambda": 5.843939554189862}, "datetime": {"datetime": "2021-03-24 08:45:50", "elapsed": 281.614975, "delta": 1.574076}}
{"target": -0.3398349455615128, "params": {"model__colsample_bylevel": 1.0, "model__colsample_bynode": 1.0, "model__colsample_bytree": 0.3, "model__learning_rate": 0.3, "model__max_depth": 5.22378927295349, "model__n_estimators": 19.8609043778753, "model__reg_lambda": 5.343141344800732}, "datetime": {"datetime": "2021-03-24 08:45:52", "elapsed": 283.291783, "delta": 1.676808}}
{"target": -0.3592600573255829, "params": {"model__colsample_bylevel": 0.9328759371368189, "model__colsample_bynode": 0.3384051405051756, "model__colsample_bytree": 0.6281468773762342, "model__learning_rate": 0.2873866059137884, "model__max_depth": 4.634297080979103, "model__n_estimators": 27.677780950241768, "model__reg_lambda": 9.220052075033022}, "datetime": {"datetime": "2021-03-24 08:45:53", "elapsed": 284.672345, "delta": 1.380562}}
{"target": -0.3359543866383425, "params": {"model__colsample_bylevel": 1.0, "model__colsample_bynode": 1.0, "model__colsample_bytree": 0.3, "model__learning_rate": 0.3, "model__max_depth": 8.0, "model__n_estimators": 27.601733172283755, "model__reg_lambda": 10.0}, "datetime": {"datetime": "2021-03-24 08:45:55", "elapsed": 286.493553, "delta": 1.821208}}
{"target": -0.4397315858579848, "params": {"model__colsample_bylevel": 0.3, "model__colsample_bynode": 0.3049194716894173, "model__colsample_bytree": 0.3, "model__learning_rate": 0.3, "model__max_depth": 7.996599436057275, "model__n_estimators": 15.0, "model__reg_lambda": 3.291037205785796}, "datetime": {"datetime": "2021-03-24 08:45:57", "elapsed": 288.104429, "delta": 1.610876}}
{"target": -0.35225366463182844, "params": {"model__colsample_bylevel": 0.52415648036814, "model__colsample_bynode": 0.7869189809662414, "model__colsample_bytree": 0.32349863613110835, "model__learning_rate": 0.2595005869250104, "model__max_depth": 5.500626298040894, "model__n_estimators": 29.996931233846304, "model__reg_lambda": 5.130638162109071}, "datetime": {"datetime": "2021-03-24 08:45:59", "elapsed": 290.219895, "delta": 2.115466}}
{"target": -0.35318150714451474, "params": {"model__colsample_bylevel": 1.0, "model__colsample_bynode": 0.9713922312385714, "model__colsample_bytree": 1.0, "model__learning_rate": 0.3, "model__max_depth": 8.0, "model__n_estimators": 19.539638431325006, "model__reg_lambda": 8.806965551050023}, "datetime": {"datetime": "2021-03-24 08:46:01", "elapsed": 291.701837, "delta": 1.481942}}
{"target": -0.3129225867358374, "params": {"model__colsample_bylevel": 0.9054060796146493, "model__colsample_bynode": 0.7130283431369622, "model__colsample_bytree": 0.9991363894811722, "model__learning_rate": 0.2914895464359084, "model__max_depth": 4.338267384817317, "model__n_estimators": 29.56265343073673, "model__reg_lambda": 7.151251320962274}, "datetime": {"datetime": "2021-03-24 08:46:02", "elapsed": 293.383103, "delta": 1.681266}}
{"target": -0.373433427947263, "params": {"model__colsample_bylevel": 0.9086812113406142, "model__colsample_bynode": 0.992123917030149, "model__colsample_bytree": 0.9497413126529779, "model__learning_rate": 0.12625803393619434, "model__max_depth": 3.7444908482547614, "model__n_estimators": 17.65236338969695, "model__reg_lambda": 0.12749529357803713}, "datetime": {"datetime": "2021-03-24 08:46:04", "elapsed": 295.239504, "delta": 1.856401}}
