{"target": -0.3176635736308526, "params": {"model__colsample_bylevel": 0.4884525291969753, "model__colsample_bynode": 0.31980089965965297, "model__colsample_bytree": 0.980755267171108, "model__learning_rate": 0.23439702615137264, "model__max_depth": 6.0, "model__n_estimators": 30.0, "model__reg_lambda": 0.0585324600436421}, "datetime": {"datetime": "2021-03-24 08:41:12", "elapsed": 2.778613, "delta": 0.000346}}
{"target": -0.3176635736308526, "params": {"model__colsample_bylevel": 0.4884525291969753, "model__colsample_bynode": 0.31980089965965297, "model__colsample_bytree": 0.980755267171108, "model__learning_rate": 0.23439702615137264, "model__max_depth": 6.0, "model__n_estimators": 30.0, "model__reg_lambda": 0.0585324600436421}, "datetime": {"datetime": "2021-03-24 08:41:12", "elapsed": 2.778844, "delta": 0.000231}}
{"target": -0.3176635736308526, "params": {"model__colsample_bylevel": 0.4884525291969753, "model__colsample_bynode": 0.31980089965965297, "model__colsample_bytree": 0.980755267171108, "model__learning_rate": 0.23439702615137264, "model__max_depth": 6.0, "model__n_estimators": 30.0, "model__reg_lambda": 0.0585324600436421}, "datetime": {"datetime": "2021-03-24 08:41:12", "elapsed": 2.779069, "delta": 0.000225}}
{"target": -0.3176635736308526, "params": {"model__colsample_bylevel": 0.4884525291969753, "model__colsample_bynode": 0.31980089965965297, "model__colsample_bytree": 0.980755267171108, "model__learning_rate": 0.23439702615137264, "model__max_depth": 6.0, "model__n_estimators": 30.0, "model__reg_lambda": 0.0585324600436421}, "datetime": {"datetime": "2021-03-24 08:41:12", "elapsed": 2.77928, "delta": 0.000211}}
{"target": -0.3176635736308526, "params": {"model__colsample_bylevel": 0.4884525291969753, "model__colsample_bynode": 0.31980089965965297, "model__colsample_bytree": 0.980755267171108, "model__learning_rate": 0.23439702615137264, "model__max_depth": 6.0, "model__n_estimators": 30.0, "model__reg_lambda": 0.0585324600436421}, "datetime": {"datetime": "2021-03-24 08:41:12", "elapsed": 2.779483, "delta": 0.000203}}
{"target": -0.3125544674274431, "params": {"model__colsample_bylevel": 1.0, "model__colsample_bynode": 1.0, "model__colsample_bytree": 0.3, "model__learning_rate": 0.3, "model__max_depth": 4.0, "model__n_estimators": 19.0, "model__reg_lambda": 0.318204857236932}, "datetime": {"datetime": "2021-03-24 08:41:12", "elapsed": 2.850225, "delta": 0.070742}}
{"target": -0.3212794996784119, "params": {"model__colsample_bylevel": 0.9863866447374559, "model__colsample_bynode": 0.3036539309395714, "model__colsample_bytree": 0.8436197081882266, "model__learning_rate": 0.21937190210074342, "model__max_depth": 8.0, "model__n_estimators": 30.0, "model__reg_lambda": 0.060681681592996695}, "datetime": {"datetime": "2021-03-24 08:41:12", "elapsed": 2.939808, "delta": 0.089583}}
{"target": -0.3212794996784119, "params": {"model__colsample_bylevel": 0.9863866447374559, "model__colsample_bynode": 0.3036539309395714, "model__colsample_bytree": 0.8436197081882266, "model__learning_rate": 0.21937190210074342, "model__max_depth": 8.0, "model__n_estimators": 30.0, "model__reg_lambda": 0.060681681592996695}, "datetime": {"datetime": "2021-03-24 08:41:12", "elapsed": 2.940194, "delta": 0.000386}}
{"target": -0.31302595033421704, "params": {"model__colsample_bylevel": 0.3747575169134865, "model__colsample_bynode": 0.9479460713739047, "model__colsample_bytree": 0.9431277513130145, "model__learning_rate": 0.2853523854162271, "model__max_depth": 4.0, "model__n_estimators": 24.0, "model__reg_lambda": 0.01696133270636002}, "datetime": {"datetime": "2021-03-24 08:41:12", "elapsed": 3.019772, "delta": 0.079578}}
{"target": -0.32862609929356223, "params": {"model__colsample_bylevel": 0.35169145946031455, "model__colsample_bynode": 0.9286130522956784, "model__colsample_bytree": 0.9835951082831629, "model__learning_rate": 0.2987984725827035, "model__max_depth": 3.0, "model__n_estimators": 28.0, "model__reg_lambda": 0.296879697057687}, "datetime": {"datetime": "2021-03-24 08:41:12", "elapsed": 3.097733, "delta": 0.077961}}
{"target": -0.2908231392966759, "params": {"model__colsample_bylevel": 1.0, "model__colsample_bynode": 1.0, "model__colsample_bytree": 0.3, "model__learning_rate": 0.3, "model__max_depth": 2.0, "model__n_estimators": 30.0, "model__reg_lambda": 0.0}, "datetime": {"datetime": "2021-03-24 08:41:12", "elapsed": 3.1717, "delta": 0.073967}}
{"target": -0.2908231392966759, "params": {"model__colsample_bylevel": 1.0, "model__colsample_bynode": 1.0, "model__colsample_bytree": 0.3, "model__learning_rate": 0.3, "model__max_depth": 2.0, "model__n_estimators": 30.0, "model__reg_lambda": 0.0}, "datetime": {"datetime": "2021-03-24 08:41:12", "elapsed": 3.172067, "delta": 0.000367}}
{"target": -0.2908231392966759, "params": {"model__colsample_bylevel": 1.0, "model__colsample_bynode": 1.0, "model__colsample_bytree": 0.3, "model__learning_rate": 0.3, "model__max_depth": 2.0, "model__n_estimators": 30.0, "model__reg_lambda": 0.0}, "datetime": {"datetime": "2021-03-24 08:41:12", "elapsed": 3.17231, "delta": 0.000243}}
{"target": -0.2908231392966759, "params": {"model__colsample_bylevel": 1.0, "model__colsample_bynode": 1.0, "model__colsample_bytree": 0.3, "model__learning_rate": 0.3, "model__max_depth": 2.0, "model__n_estimators": 30.0, "model__reg_lambda": 0.0}, "datetime": {"datetime": "2021-03-24 08:41:12", "elapsed": 3.172533, "delta": 0.000223}}
{"target": -0.3299237627295636, "params": {"model__colsample_bylevel": 0.7935815315814578, "model__colsample_bynode": 0.4412981046716803, "model__colsample_bytree": 0.9389353526613848, "model__learning_rate": 0.2860946097441848, "model__max_depth": 4.0, "model__n_estimators": 23.0, "model__reg_lambda": 0.2058529453048119}, "datetime": {"datetime": "2021-03-24 08:41:12", "elapsed": 3.256115, "delta": 0.083582}}
{"target": -0.3299237627295636, "params": {"model__colsample_bylevel": 0.7935815315814578, "model__colsample_bynode": 0.4412981046716803, "model__colsample_bytree": 0.9389353526613848, "model__learning_rate": 0.2860946097441848, "model__max_depth": 4.0, "model__n_estimators": 23.0, "model__reg_lambda": 0.2058529453048119}, "datetime": {"datetime": "2021-03-24 08:41:12", "elapsed": 3.256477, "delta": 0.000362}}
{"target": -0.3299237627295636, "params": {"model__colsample_bylevel": 0.7935815315814578, "model__colsample_bynode": 0.4412981046716803, "model__colsample_bytree": 0.9389353526613848, "model__learning_rate": 0.2860946097441848, "model__max_depth": 4.0, "model__n_estimators": 23.0, "model__reg_lambda": 0.2058529453048119}, "datetime": {"datetime": "2021-03-24 08:41:12", "elapsed": 3.256723, "delta": 0.000246}}
{"target": -0.33613281298257525, "params": {"model__colsample_bylevel": 0.8877692221146174, "model__colsample_bynode": 0.4757891156405968, "model__colsample_bytree": 0.9597975498812856, "model__learning_rate": 0.2942101393345069, "model__max_depth": 6.0, "model__n_estimators": 29.0, "model__reg_lambda": 1.0204062619693055}, "datetime": {"datetime": "2021-03-24 08:41:12", "elapsed": 3.353461, "delta": 0.096738}}
{"target": -0.33613281298257525, "params": {"model__colsample_bylevel": 0.8877692221146174, "model__colsample_bynode": 0.4757891156405968, "model__colsample_bytree": 0.9597975498812856, "model__learning_rate": 0.2942101393345069, "model__max_depth": 6.0, "model__n_estimators": 29.0, "model__reg_lambda": 1.0204062619693055}, "datetime": {"datetime": "2021-03-24 08:41:12", "elapsed": 3.353836, "delta": 0.000375}}
{"target": -0.32195448404527266, "params": {"model__colsample_bylevel": 1.0, "model__colsample_bynode": 1.0, "model__colsample_bytree": 0.3, "model__learning_rate": 0.3, "model__max_depth": 6.0, "model__n_estimators": 17.0, "model__reg_lambda": 0.0}, "datetime": {"datetime": "2021-03-24 08:41:12", "elapsed": 3.437864, "delta": 0.084028}}
{"target": -0.32195448404527266, "params": {"model__colsample_bylevel": 1.0, "model__colsample_bynode": 1.0, "model__colsample_bytree": 0.3, "model__learning_rate": 0.3, "model__max_depth": 6.0, "model__n_estimators": 17.0, "model__reg_lambda": 0.0}, "datetime": {"datetime": "2021-03-24 08:41:12", "elapsed": 3.438222, "delta": 0.000358}}
{"target": -0.3079860267656234, "params": {"model__colsample_bylevel": 0.45102308882398734, "model__colsample_bynode": 0.31060792977636337, "model__colsample_bytree": 0.9790978505260848, "model__learning_rate": 0.29871396209558154, "model__max_depth": 3.0, "model__n_estimators": 28.0, "model__reg_lambda": 2.0394290403333626}, "datetime": {"datetime": "2021-03-24 08:41:12", "elapsed": 3.508123, "delta": 0.069901}}
{"target": -0.3079860267656234, "params": {"model__colsample_bylevel": 0.45102308882398734, "model__colsample_bynode": 0.31060792977636337, "model__colsample_bytree": 0.9790978505260848, "model__learning_rate": 0.29871396209558154, "model__max_depth": 3.0, "model__n_estimators": 28.0, "model__reg_lambda": 2.0394290403333626}, "datetime": {"datetime": "2021-03-24 08:41:12", "elapsed": 3.508482, "delta": 0.000359}}
{"target": -0.32579164725970444, "params": {"model__colsample_bylevel": 0.8439197015064559, "model__colsample_bynode": 0.39129964877222, "model__colsample_bytree": 0.9952632567476658, "model__learning_rate": 0.2976816432728172, "model__max_depth": 8.0, "model__n_estimators": 24.0, "model__reg_lambda": 0.292936890039176}, "datetime": {"datetime": "2021-03-24 08:41:12", "elapsed": 3.593266, "delta": 0.084784}}
{"target": -0.32579164725970444, "params": {"model__colsample_bylevel": 0.8439197015064559, "model__colsample_bynode": 0.39129964877222, "model__colsample_bytree": 0.9952632567476658, "model__learning_rate": 0.2976816432728172, "model__max_depth": 8.0, "model__n_estimators": 24.0, "model__reg_lambda": 0.292936890039176}, "datetime": {"datetime": "2021-03-24 08:41:12", "elapsed": 3.593642, "delta": 0.000376}}
{"target": -0.30021899102556865, "params": {"model__colsample_bylevel": 0.9962133504999264, "model__colsample_bynode": 0.9826091851993903, "model__colsample_bytree": 0.5282500943121311, "model__learning_rate": 0.29021999747645855, "model__max_depth": 3.0, "model__n_estimators": 23.0, "model__reg_lambda": 0.10693130307365406}, "datetime": {"datetime": "2021-03-24 08:41:12", "elapsed": 3.676006, "delta": 0.082364}}
{"target": -0.30021899102556865, "params": {"model__colsample_bylevel": 0.9962133504999264, "model__colsample_bynode": 0.9826091851993903, "model__colsample_bytree": 0.5282500943121311, "model__learning_rate": 0.29021999747645855, "model__max_depth": 3.0, "model__n_estimators": 23.0, "model__reg_lambda": 0.10693130307365406}, "datetime": {"datetime": "2021-03-24 08:41:12", "elapsed": 3.676393, "delta": 0.000387}}
{"target": -0.30021899102556865, "params": {"model__colsample_bylevel": 0.9962133504999264, "model__colsample_bynode": 0.9826091851993903, "model__colsample_bytree": 0.5282500943121311, "model__learning_rate": 0.29021999747645855, "model__max_depth": 3.0, "model__n_estimators": 23.0, "model__reg_lambda": 0.10693130307365406}, "datetime": {"datetime": "2021-03-24 08:41:12", "elapsed": 3.676648, "delta": 0.000255}}
{"target": -0.32955594121578036, "params": {"model__colsample_bylevel": 0.8617383570373642, "model__colsample_bynode": 0.39757888068825264, "model__colsample_bytree": 0.343977855560185, "model__learning_rate": 0.2947890705848357, "model__max_depth": 3.0, "model__n_estimators": 25.0, "model__reg_lambda": 0.04561150751861032}, "datetime": {"datetime": "2021-03-24 08:41:13", "elapsed": 3.750626, "delta": 0.073978}}
{"target": -0.3103573938376149, "params": {"model__colsample_bylevel": 0.43916442392872107, "model__colsample_bynode": 0.975379883116676, "model__colsample_bytree": 0.8260635515477359, "model__learning_rate": 0.29895543196205443, "model__max_depth": 4.0, "model__n_estimators": 24.0, "model__reg_lambda": 1.3379216727290366}, "datetime": {"datetime": "2021-03-24 08:41:13", "elapsed": 3.831931, "delta": 0.081305}}
{"target": -0.31948868655498425, "params": {"model__colsample_bylevel": 0.9200821231031391, "model__colsample_bynode": 0.35616344543935075, "model__colsample_bytree": 0.8625120529528605, "model__learning_rate": 0.23669407037870885, "model__max_depth": 5.0, "model__n_estimators": 25.0, "model__reg_lambda": 2.826662622956666}, "datetime": {"datetime": "2021-03-24 08:41:13", "elapsed": 3.927798, "delta": 0.095867}}
{"target": -0.31948868655498425, "params": {"model__colsample_bylevel": 0.9200821231031391, "model__colsample_bynode": 0.35616344543935075, "model__colsample_bytree": 0.8625120529528605, "model__learning_rate": 0.23669407037870885, "model__max_depth": 5.0, "model__n_estimators": 25.0, "model__reg_lambda": 2.826662622956666}, "datetime": {"datetime": "2021-03-24 08:41:13", "elapsed": 3.928191, "delta": 0.000393}}
{"target": -0.31948868655498425, "params": {"model__colsample_bylevel": 0.9200821231031391, "model__colsample_bynode": 0.35616344543935075, "model__colsample_bytree": 0.8625120529528605, "model__learning_rate": 0.23669407037870885, "model__max_depth": 5.0, "model__n_estimators": 25.0, "model__reg_lambda": 2.826662622956666}, "datetime": {"datetime": "2021-03-24 08:41:13", "elapsed": 3.928465, "delta": 0.000274}}
{"target": -0.2858081324365954, "params": {"model__colsample_bylevel": 0.8539852255783891, "model__colsample_bynode": 0.9943718521845815, "model__colsample_bytree": 0.910841780551815, "model__learning_rate": 0.25494085308239567, "model__max_depth": 2.0, "model__n_estimators": 29.0, "model__reg_lambda": 0.13009971202335713}, "datetime": {"datetime": "2021-03-24 08:41:13", "elapsed": 4.021609, "delta": 0.093144}}
{"target": -0.29654140860747896, "params": {"model__colsample_bylevel": 0.6571842183803359, "model__colsample_bynode": 0.6839407849675303, "model__colsample_bytree": 0.9068883432417858, "model__learning_rate": 0.2920790852458208, "model__max_depth": 3.0, "model__n_estimators": 25.0, "model__reg_lambda": 0.00965499740896103}, "datetime": {"datetime": "2021-03-24 08:41:13", "elapsed": 4.11002, "delta": 0.088411}}
{"target": -0.29654140860747896, "params": {"model__colsample_bylevel": 0.6571842183803359, "model__colsample_bynode": 0.6839407849675303, "model__colsample_bytree": 0.9068883432417858, "model__learning_rate": 0.2920790852458208, "model__max_depth": 3.0, "model__n_estimators": 25.0, "model__reg_lambda": 0.00965499740896103}, "datetime": {"datetime": "2021-03-24 08:41:13", "elapsed": 4.110398, "delta": 0.000378}}
{"target": -0.29654140860747896, "params": {"model__colsample_bylevel": 0.6571842183803359, "model__colsample_bynode": 0.6839407849675303, "model__colsample_bytree": 0.9068883432417858, "model__learning_rate": 0.2920790852458208, "model__max_depth": 3.0, "model__n_estimators": 25.0, "model__reg_lambda": 0.00965499740896103}, "datetime": {"datetime": "2021-03-24 08:41:13", "elapsed": 4.110681, "delta": 0.000283}}
{"target": -0.29654140860747896, "params": {"model__colsample_bylevel": 0.6571842183803359, "model__colsample_bynode": 0.6839407849675303, "model__colsample_bytree": 0.9068883432417858, "model__learning_rate": 0.2920790852458208, "model__max_depth": 3.0, "model__n_estimators": 25.0, "model__reg_lambda": 0.00965499740896103}, "datetime": {"datetime": "2021-03-24 08:41:13", "elapsed": 4.110926, "delta": 0.000245}}
{"target": -0.28645882814316137, "params": {"model__colsample_bylevel": 0.4634685245451294, "model__colsample_bynode": 1.0, "model__colsample_bytree": 0.9580409589562816, "model__learning_rate": 0.3, "model__max_depth": 2.0, "model__n_estimators": 27.0, "model__reg_lambda": 0.0}, "datetime": {"datetime": "2021-03-24 08:41:13", "elapsed": 4.196303, "delta": 0.085377}}
{"target": -0.28645882814316137, "params": {"model__colsample_bylevel": 0.4634685245451294, "model__colsample_bynode": 1.0, "model__colsample_bytree": 0.9580409589562816, "model__learning_rate": 0.3, "model__max_depth": 2.0, "model__n_estimators": 27.0, "model__reg_lambda": 0.0}, "datetime": {"datetime": "2021-03-24 08:41:13", "elapsed": 4.196694, "delta": 0.000391}}
{"target": -0.28645882814316137, "params": {"model__colsample_bylevel": 0.4634685245451294, "model__colsample_bynode": 1.0, "model__colsample_bytree": 0.9580409589562816, "model__learning_rate": 0.3, "model__max_depth": 2.0, "model__n_estimators": 27.0, "model__reg_lambda": 0.0}, "datetime": {"datetime": "2021-03-24 08:41:13", "elapsed": 4.196963, "delta": 0.000269}}
{"target": -0.28645882814316137, "params": {"model__colsample_bylevel": 0.4634685245451294, "model__colsample_bynode": 1.0, "model__colsample_bytree": 0.9580409589562816, "model__learning_rate": 0.3, "model__max_depth": 2.0, "model__n_estimators": 27.0, "model__reg_lambda": 0.0}, "datetime": {"datetime": "2021-03-24 08:41:13", "elapsed": 4.197226, "delta": 0.000263}}
{"target": -0.28645882814316137, "params": {"model__colsample_bylevel": 0.4634685245451294, "model__colsample_bynode": 1.0, "model__colsample_bytree": 0.9580409589562816, "model__learning_rate": 0.3, "model__max_depth": 2.0, "model__n_estimators": 27.0, "model__reg_lambda": 0.0}, "datetime": {"datetime": "2021-03-24 08:41:13", "elapsed": 4.197481, "delta": 0.000255}}
{"target": -0.3037344094185729, "params": {"model__colsample_bylevel": 0.49366837432835187, "model__colsample_bynode": 0.9563605721216693, "model__colsample_bytree": 0.9298612762705443, "model__learning_rate": 0.25525247792507844, "model__max_depth": 7.0, "model__n_estimators": 30.0, "model__reg_lambda": 0.12021066710812933}, "datetime": {"datetime": "2021-03-24 08:41:13", "elapsed": 4.298157, "delta": 0.100676}}
{"target": -0.3037344094185729, "params": {"model__colsample_bylevel": 0.49366837432835187, "model__colsample_bynode": 0.9563605721216693, "model__colsample_bytree": 0.9298612762705443, "model__learning_rate": 0.25525247792507844, "model__max_depth": 7.0, "model__n_estimators": 30.0, "model__reg_lambda": 0.12021066710812933}, "datetime": {"datetime": "2021-03-24 08:41:13", "elapsed": 4.298591, "delta": 0.000434}}
{"target": -0.3037344094185729, "params": {"model__colsample_bylevel": 0.49366837432835187, "model__colsample_bynode": 0.9563605721216693, "model__colsample_bytree": 0.9298612762705443, "model__learning_rate": 0.25525247792507844, "model__max_depth": 7.0, "model__n_estimators": 30.0, "model__reg_lambda": 0.12021066710812933}, "datetime": {"datetime": "2021-03-24 08:41:13", "elapsed": 4.298928, "delta": 0.000337}}
{"target": -0.3300193455213667, "params": {"model__colsample_bylevel": 0.816923983909474, "model__colsample_bynode": 0.7090153450298311, "model__colsample_bytree": 0.9184032582594783, "model__learning_rate": 0.21574992226411746, "model__max_depth": 3.0, "model__n_estimators": 24.0, "model__reg_lambda": 0.5387774367636355}, "datetime": {"datetime": "2021-03-24 08:41:13", "elapsed": 4.386902, "delta": 0.087974}}
{"target": -0.3300193455213667, "params": {"model__colsample_bylevel": 0.816923983909474, "model__colsample_bynode": 0.7090153450298311, "model__colsample_bytree": 0.9184032582594783, "model__learning_rate": 0.21574992226411746, "model__max_depth": 3.0, "model__n_estimators": 24.0, "model__reg_lambda": 0.5387774367636355}, "datetime": {"datetime": "2021-03-24 08:41:13", "elapsed": 4.387293, "delta": 0.000391}}
{"target": -0.294422112187865, "params": {"model__colsample_bylevel": 0.45436492879971546, "model__colsample_bynode": 0.9194423895920918, "model__colsample_bytree": 0.8220071881411264, "model__learning_rate": 0.2847008774287463, "model__max_depth": 8.0, "model__n_estimators": 19.0, "model__reg_lambda": 0.12489345056967194}, "datetime": {"datetime": "2021-03-24 08:41:13", "elapsed": 4.466083, "delta": 0.07879}}
{"target": -0.294422112187865, "params": {"model__colsample_bylevel": 0.45436492879971546, "model__colsample_bynode": 0.9194423895920918, "model__colsample_bytree": 0.8220071881411264, "model__learning_rate": 0.2847008774287463, "model__max_depth": 8.0, "model__n_estimators": 19.0, "model__reg_lambda": 0.12489345056967194}, "datetime": {"datetime": "2021-03-24 08:41:13", "elapsed": 4.466457, "delta": 0.000374}}
{"target": -0.294422112187865, "params": {"model__colsample_bylevel": 0.45436492879971546, "model__colsample_bynode": 0.9194423895920918, "model__colsample_bytree": 0.8220071881411264, "model__learning_rate": 0.2847008774287463, "model__max_depth": 8.0, "model__n_estimators": 19.0, "model__reg_lambda": 0.12489345056967194}, "datetime": {"datetime": "2021-03-24 08:41:13", "elapsed": 4.466725, "delta": 0.000268}}
{"target": -0.294422112187865, "params": {"model__colsample_bylevel": 0.45436492879971546, "model__colsample_bynode": 0.9194423895920918, "model__colsample_bytree": 0.8220071881411264, "model__learning_rate": 0.2847008774287463, "model__max_depth": 8.0, "model__n_estimators": 19.0, "model__reg_lambda": 0.12489345056967194}, "datetime": {"datetime": "2021-03-24 08:41:13", "elapsed": 4.466986, "delta": 0.000261}}
{"target": -0.3085013959004689, "params": {"model__colsample_bylevel": 0.5247989934046867, "model__colsample_bynode": 0.7026205307904858, "model__colsample_bytree": 0.46066423154538977, "model__learning_rate": 0.28452898615095856, "model__max_depth": 8.0, "model__n_estimators": 28.0, "model__reg_lambda": 0.24240134153131643}, "datetime": {"datetime": "2021-03-24 08:41:13", "elapsed": 4.552032, "delta": 0.085046}}
{"target": -0.32073820851679113, "params": {"model__colsample_bylevel": 0.7861070744351207, "model__colsample_bynode": 0.8774093251503836, "model__colsample_bytree": 0.6259679327570861, "model__learning_rate": 0.28810488190533123, "model__max_depth": 7.0, "model__n_estimators": 30.0, "model__reg_lambda": 1.696362575837671}, "datetime": {"datetime": "2021-03-24 08:41:13", "elapsed": 4.654221, "delta": 0.102189}}
