{"target": -0.35080010555144675, "params": {"model__colsample_bylevel": 0.8739802984628233, "model__colsample_bynode": 0.9980932683340227, "model__colsample_bytree": 0.3140716235738399, "model__learning_rate": 0.2827524405758425, "model__max_depth": 4.225148268095677, "model__n_estimators": 29.165697951929197, "model__reg_lambda": 9.667517550546568}, "datetime": {"datetime": "2021-03-24 08:01:22", "elapsed": 231.182078, "delta": 1.528708}}
{"target": -0.32984331316838505, "params": {"model__colsample_bylevel": 0.9706124752499703, "model__colsample_bynode": 0.8298532496675528, "model__colsample_bytree": 0.5981195386891257, "model__learning_rate": 0.26467271539679293, "model__max_depth": 3.5482088035560375, "model__n_estimators": 24.037430599889014, "model__reg_lambda": 0.1814955072763791}, "datetime": {"datetime": "2021-03-24 08:01:23", "elapsed": 232.853914, "delta": 1.671836}}
{"target": -0.38709728625886464, "params": {"model__colsample_bylevel": 0.31241951422710423, "model__colsample_bynode": 0.42553299130668587, "model__colsample_bytree": 0.8896602824862505, "model__learning_rate": 0.294353333607711, "model__max_depth": 7.972599405354569, "model__n_estimators": 25.095818791261756, "model__reg_lambda": 9.81650056541049}, "datetime": {"datetime": "2021-03-24 08:01:25", "elapsed": 234.38879, "delta": 1.534876}}
{"target": -0.33187427652592305, "params": {"model__colsample_bylevel": 0.9974444676217455, "model__colsample_bynode": 0.46924629467672124, "model__colsample_bytree": 0.8407935450420108, "model__learning_rate": 0.2929898415274951, "model__max_depth": 6.690026949251979, "model__n_estimators": 28.82406004810701, "model__reg_lambda": 0.07151836759670349}, "datetime": {"datetime": "2021-03-24 08:01:27", "elapsed": 236.199225, "delta": 1.810435}}
{"target": -0.32707380280809717, "params": {"model__colsample_bylevel": 0.9764791905281365, "model__colsample_bynode": 0.3095402647622623, "model__colsample_bytree": 0.48185923985410845, "model__learning_rate": 0.2999433949812488, "model__max_depth": 6.389607399798469, "model__n_estimators": 29.051759138113667, "model__reg_lambda": 5.62309755230376}, "datetime": {"datetime": "2021-03-24 08:01:28", "elapsed": 237.591092, "delta": 1.391867}}
{"target": -0.3036755548031711, "params": {"model__colsample_bylevel": 0.4016546987979582, "model__colsample_bynode": 0.9952019468509936, "model__colsample_bytree": 0.9423578648769586, "model__learning_rate": 0.2478517444122051, "model__max_depth": 2.7697593075714746, "model__n_estimators": 29.900360285536195, "model__reg_lambda": 0.10285295807362704}, "datetime": {"datetime": "2021-03-24 08:01:30", "elapsed": 239.292508, "delta": 1.701416}}
{"target": -0.34223806494222686, "params": {"model__colsample_bylevel": 1.0, "model__colsample_bynode": 1.0, "model__colsample_bytree": 0.30000000070102695, "model__learning_rate": 0.3, "model__max_depth": 8.0, "model__n_estimators": 15.0, "model__reg_lambda": 0.0}, "datetime": {"datetime": "2021-03-24 08:01:32", "elapsed": 241.589144, "delta": 2.296636}}
{"target": -0.3411502921484761, "params": {"model__colsample_bylevel": 0.7128813604550245, "model__colsample_bynode": 0.37703586282113155, "model__colsample_bytree": 0.9679172988557658, "model__learning_rate": 0.28832733315552794, "model__max_depth": 4.607938299734355, "model__n_estimators": 29.928846916313336, "model__reg_lambda": 7.707112601301997}, "datetime": {"datetime": "2021-03-24 08:01:34", "elapsed": 243.28122, "delta": 1.692076}}
{"target": -0.31612029632037186, "params": {"model__colsample_bylevel": 0.3396445219604571, "model__colsample_bynode": 0.9971463168351626, "model__colsample_bytree": 0.7910701733234009, "model__learning_rate": 0.19811954237878554, "model__max_depth": 2.7268839847012507, "model__n_estimators": 22.839587450172672, "model__reg_lambda": 0.02567700461893141}, "datetime": {"datetime": "2021-03-24 08:01:35", "elapsed": 244.924178, "delta": 1.642958}}
{"target": -0.3379262415931789, "params": {"model__colsample_bylevel": 0.9990549340871278, "model__colsample_bynode": 0.6682247823498754, "model__colsample_bytree": 0.9002643425530996, "model__learning_rate": 0.29834050388748534, "model__max_depth": 4.9905992018302605, "model__n_estimators": 27.794176878244222, "model__reg_lambda": 9.046486133580709}, "datetime": {"datetime": "2021-03-24 08:01:37", "elapsed": 246.463225, "delta": 1.539047}}
{"target": -0.33084890452421106, "params": {"model__colsample_bylevel": 0.9741367445022675, "model__colsample_bynode": 0.9481641557947129, "model__colsample_bytree": 0.5667135042550253, "model__learning_rate": 0.29261135395696825, "model__max_depth": 2.1231431219441066, "model__n_estimators": 21.751284183646774, "model__reg_lambda": 0.049808979138064036}, "datetime": {"datetime": "2021-03-24 08:01:38", "elapsed": 247.720593, "delta": 1.257368}}
{"target": -0.37669252352772176, "params": {"model__colsample_bylevel": 0.9083532374664745, "model__colsample_bynode": 0.9718873444536402, "model__colsample_bytree": 0.925181817098603, "model__learning_rate": 0.28586965249132396, "model__max_depth": 4.061847264755811, "model__n_estimators": 15.000867694349225, "model__reg_lambda": 0.07225448096877529}, "datetime": {"datetime": "2021-03-24 08:01:39", "elapsed": 248.956692, "delta": 1.236099}}
{"target": -0.33981277173371527, "params": {"model__colsample_bylevel": 0.9821493784606987, "model__colsample_bynode": 0.9318818523873809, "model__colsample_bytree": 0.8456645278407766, "model__learning_rate": 0.2745449777096238, "model__max_depth": 2.0101698793047102, "model__n_estimators": 29.750741765893657, "model__reg_lambda": 5.607468976039099}, "datetime": {"datetime": "2021-03-24 08:01:41", "elapsed": 250.117887, "delta": 1.161195}}
{"target": -0.3285242103602049, "params": {"model__colsample_bylevel": 0.8513015840015283, "model__colsample_bynode": 0.40006661710308716, "model__colsample_bytree": 0.9908143971837915, "model__learning_rate": 0.29719992365533165, "model__max_depth": 3.402960181720737, "model__n_estimators": 22.044094309100146, "model__reg_lambda": 2.9592244402777332}, "datetime": {"datetime": "2021-03-24 08:01:42", "elapsed": 251.699878, "delta": 1.581991}}
{"target": -0.3724542806761852, "params": {"model__colsample_bylevel": 1.0, "model__colsample_bynode": 1.0, "model__colsample_bytree": 1.0, "model__learning_rate": 0.3, "model__max_depth": 2.0, "model__n_estimators": 22.213006763730487, "model__reg_lambda": 10.0}, "datetime": {"datetime": "2021-03-24 08:01:44", "elapsed": 253.344262, "delta": 1.644384}}
{"target": -0.38173808558317635, "params": {"model__colsample_bylevel": 1.0, "model__colsample_bynode": 0.3, "model__colsample_bytree": 1.0, "model__learning_rate": 0.1, "model__max_depth": 5.776414338169056, "model__n_estimators": 15.863562136289243, "model__reg_lambda": 0.0}, "datetime": {"datetime": "2021-03-24 08:01:45", "elapsed": 254.810244, "delta": 1.465982}}
{"target": -0.3440531352990429, "params": {"model__colsample_bylevel": 0.6860773663646036, "model__colsample_bynode": 0.37950745751670495, "model__colsample_bytree": 0.9809242547740429, "model__learning_rate": 0.28513055216964145, "model__max_depth": 4.247680334363462, "model__n_estimators": 24.359837742335696, "model__reg_lambda": 3.9417206479368128}, "datetime": {"datetime": "2021-03-24 08:01:47", "elapsed": 256.484623, "delta": 1.674379}}
{"target": -0.35786390598488815, "params": {"model__colsample_bylevel": 0.9812320804705206, "model__colsample_bynode": 0.4005906416698095, "model__colsample_bytree": 0.3046935342386681, "model__learning_rate": 0.2568828844128814, "model__max_depth": 2.7110167550222153, "model__n_estimators": 27.1907764871464, "model__reg_lambda": 0.15533011251903095}, "datetime": {"datetime": "2021-03-24 08:01:49", "elapsed": 258.24381, "delta": 1.759187}}
{"target": -0.32865879740127346, "params": {"model__colsample_bylevel": 0.37905051424503244, "model__colsample_bynode": 0.9169059201291994, "model__colsample_bytree": 0.42357073730999184, "model__learning_rate": 0.26756915643800655, "model__max_depth": 2.4403600281953697, "model__n_estimators": 25.76339220251358, "model__reg_lambda": 0.6050518393754811}, "datetime": {"datetime": "2021-03-24 08:01:50", "elapsed": 259.941557, "delta": 1.697747}}
{"target": -0.3339252891170833, "params": {"model__colsample_bylevel": 0.9985999315313978, "model__colsample_bynode": 1.0, "model__colsample_bytree": 0.6147901723900295, "model__learning_rate": 0.3, "model__max_depth": 5.202752416938433, "model__n_estimators": 24.907706644392977, "model__reg_lambda": 10.0}, "datetime": {"datetime": "2021-03-24 08:01:52", "elapsed": 261.894119, "delta": 1.952562}}
{"target": -0.3307772925140445, "params": {"model__colsample_bylevel": 0.994007593554038, "model__colsample_bynode": 0.9590378411709286, "model__colsample_bytree": 0.3248850811311369, "model__learning_rate": 0.28325336181557936, "model__max_depth": 7.956795984162152, "model__n_estimators": 23.220090240669553, "model__reg_lambda": 2.463142448403314}, "datetime": {"datetime": "2021-03-24 08:01:54", "elapsed": 263.66785, "delta": 1.773731}}
{"target": -0.3266376697215373, "params": {"model__colsample_bylevel": 1.0, "model__colsample_bynode": 0.6305643752125754, "model__colsample_bytree": 1.0, "model__learning_rate": 0.3, "model__max_depth": 2.267996740555609, "model__n_estimators": 22.798309004916394, "model__reg_lambda": 4.58506055648709}, "datetime": {"datetime": "2021-03-24 08:01:56", "elapsed": 265.408392, "delta": 1.740542}}
{"target": -0.33661673555270416, "params": {"model__colsample_bylevel": 0.9765406381443227, "model__colsample_bynode": 0.3612842428856124, "model__colsample_bytree": 0.9391266288139164, "model__learning_rate": 0.2935595621973829, "model__max_depth": 2.102556772802707, "model__n_estimators": 26.039442784769502, "model__reg_lambda": 3.651889673209924}, "datetime": {"datetime": "2021-03-24 08:01:58", "elapsed": 267.809633, "delta": 2.401241}}
{"target": -0.40014326763001906, "params": {"model__colsample_bylevel": 0.7299350671503515, "model__colsample_bynode": 1.0, "model__colsample_bytree": 0.3, "model__learning_rate": 0.3, "model__max_depth": 3.2834301053254356, "model__n_estimators": 15.0, "model__reg_lambda": 7.371541619009635}, "datetime": {"datetime": "2021-03-24 08:02:00", "elapsed": 269.289508, "delta": 1.479875}}
{"target": -0.32469068446181426, "params": {"model__colsample_bylevel": 1.0, "model__colsample_bynode": 0.9999999971908622, "model__colsample_bytree": 1.0, "model__learning_rate": 0.3, "model__max_depth": 2.0, "model__n_estimators": 20.06878364378408, "model__reg_lambda": 0.0}, "datetime": {"datetime": "2021-03-24 08:02:01", "elapsed": 270.856328, "delta": 1.56682}}
{"target": -0.3370533009597093, "params": {"model__colsample_bylevel": 0.9726453377448439, "model__colsample_bynode": 0.9844498431530198, "model__colsample_bytree": 0.8911745148666979, "model__learning_rate": 0.2704445628086458, "model__max_depth": 7.962905014273212, "model__n_estimators": 27.08030373010498, "model__reg_lambda": 2.227335860096449}, "datetime": {"datetime": "2021-03-24 08:02:03", "elapsed": 272.892239, "delta": 2.035911}}
{"target": -0.3135499226521579, "params": {"model__colsample_bylevel": 0.4383402649134353, "model__colsample_bynode": 0.45813451960111373, "model__colsample_bytree": 0.58691236685611, "model__learning_rate": 0.2805014974620303, "model__max_depth": 3.714255443470896, "model__n_estimators": 27.150729056759026, "model__reg_lambda": 0.005123647988134472}, "datetime": {"datetime": "2021-03-24 08:02:05", "elapsed": 274.710274, "delta": 1.818035}}
{"target": -0.33196573433486504, "params": {"model__colsample_bylevel": 0.92683426932307, "model__colsample_bynode": 0.9224310305392875, "model__colsample_bytree": 0.9308031898300806, "model__learning_rate": 0.29947702804996323, "model__max_depth": 6.420128427701117, "model__n_estimators": 26.20921111035883, "model__reg_lambda": 2.819399966779379}, "datetime": {"datetime": "2021-03-24 08:02:07", "elapsed": 276.297886, "delta": 1.587612}}
{"target": -0.3329011838572721, "params": {"model__colsample_bylevel": 0.9544666564263438, "model__colsample_bynode": 0.996873479296666, "model__colsample_bytree": 0.9737572899051941, "model__learning_rate": 0.28385904899507663, "model__max_depth": 5.231294128297797, "model__n_estimators": 23.807982132987732, "model__reg_lambda": 7.573437385161629}, "datetime": {"datetime": "2021-03-24 08:02:09", "elapsed": 278.518039, "delta": 2.220153}}
{"target": -0.3564856489273328, "params": {"model__colsample_bylevel": 0.9410974121363829, "model__colsample_bynode": 0.3179291757382209, "model__colsample_bytree": 0.9830936667723809, "model__learning_rate": 0.28437540299355357, "model__max_depth": 5.049803600315559, "model__n_estimators": 17.539194299590225, "model__reg_lambda": 2.905319942436364}, "datetime": {"datetime": "2021-03-24 08:02:11", "elapsed": 280.349684, "delta": 1.831645}}
{"target": -0.3347410484444876, "params": {"model__colsample_bylevel": 0.9463846599525836, "model__colsample_bynode": 0.40281266889566025, "model__colsample_bytree": 0.3251543729568673, "model__learning_rate": 0.2834206333612438, "model__max_depth": 7.999129630358892, "model__n_estimators": 25.917998226717135, "model__reg_lambda": 1.9367602829323527}, "datetime": {"datetime": "2021-03-24 08:02:13", "elapsed": 282.525216, "delta": 2.175532}}
{"target": -0.3645107858689448, "params": {"model__colsample_bylevel": 0.9967197707023523, "model__colsample_bynode": 0.811031425655186, "model__colsample_bytree": 0.31937197923671895, "model__learning_rate": 0.24256230409164073, "model__max_depth": 7.71301946270001, "model__n_estimators": 22.518345194741155, "model__reg_lambda": 5.10860897864858}, "datetime": {"datetime": "2021-03-24 08:02:15", "elapsed": 284.296977, "delta": 1.771761}}
{"target": -0.37408919902180954, "params": {"model__colsample_bylevel": 0.9734855718620468, "model__colsample_bynode": 0.8209973976154945, "model__colsample_bytree": 0.3340447442557257, "model__learning_rate": 0.1621040935242121, "model__max_depth": 7.848451005479233, "model__n_estimators": 27.751179826620245, "model__reg_lambda": 4.017591200738279}, "datetime": {"datetime": "2021-03-24 08:02:17", "elapsed": 286.101945, "delta": 1.804968}}
{"target": -0.3041049264483803, "params": {"model__colsample_bylevel": 0.815225781908038, "model__colsample_bynode": 0.5091335337502959, "model__colsample_bytree": 0.910093875865809, "model__learning_rate": 0.29762592159151513, "model__max_depth": 2.9511302824280152, "model__n_estimators": 29.84521720749037, "model__reg_lambda": 0.16296355337970692}, "datetime": {"datetime": "2021-03-24 08:02:18", "elapsed": 287.289016, "delta": 1.187071}}
{"target": -0.3446471956064182, "params": {"model__colsample_bylevel": 0.4884840351613917, "model__colsample_bynode": 0.5072725542493286, "model__colsample_bytree": 0.4008186985313056, "model__learning_rate": 0.2953558484063775, "model__max_depth": 5.127917820044621, "model__n_estimators": 29.75953998484421, "model__reg_lambda": 3.840233835472877}, "datetime": {"datetime": "2021-03-24 08:02:20", "elapsed": 289.109436, "delta": 1.82042}}
{"target": -0.33973512224704566, "params": {"model__colsample_bylevel": 0.7740853640160248, "model__colsample_bynode": 0.9585066488257388, "model__colsample_bytree": 0.5165039298164849, "model__learning_rate": 0.2892945269471243, "model__max_depth": 2.0640082634219095, "model__n_estimators": 26.85980587625891, "model__reg_lambda": 1.7258798382543894}, "datetime": {"datetime": "2021-03-24 08:02:22", "elapsed": 291.243262, "delta": 2.133826}}
{"target": -0.39109810339151946, "params": {"model__colsample_bylevel": 0.9863139260717977, "model__colsample_bynode": 0.30469392428472236, "model__colsample_bytree": 0.915559975381558, "model__learning_rate": 0.2357102267488607, "model__max_depth": 2.9631127210080646, "model__n_estimators": 19.016219794247853, "model__reg_lambda": 6.030705486285488}, "datetime": {"datetime": "2021-03-24 08:02:23", "elapsed": 292.871146, "delta": 1.627884}}
{"target": -0.34403814864640153, "params": {"model__colsample_bylevel": 0.5857596765358607, "model__colsample_bynode": 0.4275125819109513, "model__colsample_bytree": 0.3594143076015549, "model__learning_rate": 0.2928567749521769, "model__max_depth": 7.929320822974626, "model__n_estimators": 22.313284735788365, "model__reg_lambda": 0.08013584716715316}, "datetime": {"datetime": "2021-03-24 08:02:25", "elapsed": 294.336159, "delta": 1.465013}}
{"target": -0.3368117696824956, "params": {"model__colsample_bylevel": 0.30000000074770633, "model__colsample_bynode": 1.0, "model__colsample_bytree": 0.6915577201241944, "model__learning_rate": 0.3, "model__max_depth": 5.4879723692106035, "model__n_estimators": 28.206627620795935, "model__reg_lambda": 5.470580012923666}, "datetime": {"datetime": "2021-03-24 08:02:26", "elapsed": 295.8758, "delta": 1.539641}}
{"target": -0.2901448188751364, "params": {"model__colsample_bylevel": 0.40485307764879264, "model__colsample_bynode": 0.685283628378752, "model__colsample_bytree": 0.9070924604614639, "model__learning_rate": 0.2971597444050205, "model__max_depth": 2.6352789702659862, "model__n_estimators": 29.470630098567646, "model__reg_lambda": 0.013109895231918633}, "datetime": {"datetime": "2021-03-24 08:02:28", "elapsed": 297.717021, "delta": 1.841221}}
