{"target": -0.34771192284651853, "params": {"model__colsample_bylevel": 0.5586870256192957, "model__colsample_bynode": 0.9601109451030423, "model__colsample_bytree": 0.9598210316818581, "model__learning_rate": 0.29461535688591356, "model__max_depth": 2.918078294302254, "model__n_estimators": 15.189385367198128, "model__reg_lambda": 3.507703297674193}, "datetime": {"datetime": "2021-03-24 07:58:56", "elapsed": 85.897425, "delta": 1.439213}}
{"target": -0.35106597708646153, "params": {"model__colsample_bylevel": 0.3, "model__colsample_bynode": 0.30000000434427976, "model__colsample_bytree": 1.0, "model__learning_rate": 0.3, "model__max_depth": 4.922192865004847, "model__n_estimators": 20.18531074266938, "model__reg_lambda": 2.2866732083522208}, "datetime": {"datetime": "2021-03-24 07:58:58", "elapsed": 87.195825, "delta": 1.2984}}
{"target": -0.38087802816560307, "params": {"model__colsample_bylevel": 0.8214403869886966, "model__colsample_bynode": 0.9999999764887677, "model__colsample_bytree": 0.3245295066458453, "model__learning_rate": 0.3, "model__max_depth": 7.997684767514385, "model__n_estimators": 22.49714601972063, "model__reg_lambda": 9.552468392971537}, "datetime": {"datetime": "2021-03-24 07:58:59", "elapsed": 88.601168, "delta": 1.405343}}
{"target": -0.32009756923045807, "params": {"model__colsample_bylevel": 0.9885592821352622, "model__colsample_bynode": 0.7788428614470704, "model__colsample_bytree": 0.3402384465792727, "model__learning_rate": 0.2911272147952091, "model__max_depth": 2.5020389361068593, "model__n_estimators": 26.663209024320913, "model__reg_lambda": 0.6493290979202537}, "datetime": {"datetime": "2021-03-24 07:59:00", "elapsed": 90.011244, "delta": 1.410076}}
{"target": -0.3276544157562413, "params": {"model__colsample_bylevel": 0.987225512615526, "model__colsample_bynode": 0.44882402166266905, "model__colsample_bytree": 0.3423257808283736, "model__learning_rate": 0.2465477084164918, "model__max_depth": 5.357173665094483, "model__n_estimators": 26.26653082490107, "model__reg_lambda": 0.14668050447609438}, "datetime": {"datetime": "2021-03-24 07:59:01", "elapsed": 91.043834, "delta": 1.03259}}
{"target": -0.32693211781097226, "params": {"model__colsample_bylevel": 0.983267389860351, "model__colsample_bynode": 0.9795988399783366, "model__colsample_bytree": 0.9530115015112905, "model__learning_rate": 0.28858785014566146, "model__max_depth": 7.9436793488411706, "model__n_estimators": 28.034725305516947, "model__reg_lambda": 8.067365800179207}, "datetime": {"datetime": "2021-03-24 07:59:03", "elapsed": 92.221836, "delta": 1.178002}}
{"target": -0.32094530208134164, "params": {"model__colsample_bylevel": 0.8962105197521184, "model__colsample_bynode": 0.9843340315724609, "model__colsample_bytree": 0.9908222692335513, "model__learning_rate": 0.27391181815609333, "model__max_depth": 6.779754125328394, "model__n_estimators": 25.433716355570027, "model__reg_lambda": 5.908690714563641}, "datetime": {"datetime": "2021-03-24 07:59:04", "elapsed": 93.43047, "delta": 1.208634}}
{"target": -0.33429821453991926, "params": {"model__colsample_bylevel": 0.9854896982106007, "model__colsample_bynode": 0.8791828850540329, "model__colsample_bytree": 0.9616457326552919, "model__learning_rate": 0.29922976656000305, "model__max_depth": 3.034934302022761, "model__n_estimators": 17.941296102381617, "model__reg_lambda": 1.0762246880698012}, "datetime": {"datetime": "2021-03-24 07:59:05", "elapsed": 94.634, "delta": 1.20353}}
{"target": -0.35403944068500587, "params": {"model__colsample_bylevel": 0.9686250814531319, "model__colsample_bynode": 0.3011795171928013, "model__colsample_bytree": 0.990488839834365, "model__learning_rate": 0.24511705471728298, "model__max_depth": 2.2012431043943037, "model__n_estimators": 28.707930814371096, "model__reg_lambda": 7.43420427806512}, "datetime": {"datetime": "2021-03-24 07:59:06", "elapsed": 95.797989, "delta": 1.163989}}
{"target": -0.37436571767202753, "params": {"model__colsample_bylevel": 0.594413572358387, "model__colsample_bynode": 0.9950932922789955, "model__colsample_bytree": 0.9829829153176604, "model__learning_rate": 0.16157517657270043, "model__max_depth": 6.9175048513915245, "model__n_estimators": 15.167782253884385, "model__reg_lambda": 0.23368782872580152}, "datetime": {"datetime": "2021-03-24 07:59:08", "elapsed": 97.190574, "delta": 1.392585}}
{"target": -0.3720230081685535, "params": {"model__colsample_bylevel": 0.9638047568261943, "model__colsample_bynode": 0.3016860005129058, "model__colsample_bytree": 0.9951279124419301, "model__learning_rate": 0.23181545931777667, "model__max_depth": 7.529998068296315, "model__n_estimators": 15.527934731225345, "model__reg_lambda": 7.396300175075994}, "datetime": {"datetime": "2021-03-24 07:59:09", "elapsed": 98.589581, "delta": 1.399007}}
{"target": -0.34575461318439704, "params": {"model__colsample_bylevel": 0.9958519435340445, "model__colsample_bynode": 0.9069889507646676, "model__colsample_bytree": 0.5123969605803611, "model__learning_rate": 0.2725552382940356, "model__max_depth": 7.981302136197098, "model__n_estimators": 18.050058949881002, "model__reg_lambda": 0.32962795637829223}, "datetime": {"datetime": "2021-03-24 07:59:10", "elapsed": 99.71453, "delta": 1.124949}}
{"target": -0.3650705621108764, "params": {"model__colsample_bylevel": 0.8830883334049302, "model__colsample_bynode": 0.9004822526493101, "model__colsample_bytree": 0.44880624457893886, "model__learning_rate": 0.2871879842113998, "model__max_depth": 6.036373684424557, "model__n_estimators": 23.73661788485991, "model__reg_lambda": 0.14380193783009698}, "datetime": {"datetime": "2021-03-24 07:59:11", "elapsed": 101.049637, "delta": 1.335107}}
{"target": -0.33816859252359455, "params": {"model__colsample_bylevel": 1.0, "model__colsample_bynode": 0.9999999928074194, "model__colsample_bytree": 0.6283442543955569, "model__learning_rate": 0.3, "model__max_depth": 6.126402219135065, "model__n_estimators": 29.99999999994517, "model__reg_lambda": 8.975380514079403}, "datetime": {"datetime": "2021-03-24 07:59:13", "elapsed": 102.093956, "delta": 1.044319}}
{"target": -0.3469577636778949, "params": {"model__colsample_bylevel": 0.9555076245055569, "model__colsample_bynode": 0.7767738195819494, "model__colsample_bytree": 0.3476635191846888, "model__learning_rate": 0.2631441210835571, "model__max_depth": 3.672431387866563, "model__n_estimators": 29.78316806575855, "model__reg_lambda": 6.552779532738231}, "datetime": {"datetime": "2021-03-24 07:59:14", "elapsed": 103.490636, "delta": 1.39668}}
{"target": -0.3319588432220094, "params": {"model__colsample_bylevel": 0.9921436472912624, "model__colsample_bynode": 0.9512266051408422, "model__colsample_bytree": 0.8759332663821977, "model__learning_rate": 0.28503300404675747, "model__max_depth": 7.845120369189175, "model__n_estimators": 21.510275961462046, "model__reg_lambda": 6.569250358515807}, "datetime": {"datetime": "2021-03-24 07:59:15", "elapsed": 104.644778, "delta": 1.154142}}
{"target": -0.41437062188254103, "params": {"model__colsample_bylevel": 0.36584162034639417, "model__colsample_bynode": 0.3503775743872192, "model__colsample_bytree": 0.6899333293428831, "model__learning_rate": 0.18741220687087462, "model__max_depth": 2.385635650214563, "model__n_estimators": 29.95928398882808, "model__reg_lambda": 8.962214958206786}, "datetime": {"datetime": "2021-03-24 07:59:16", "elapsed": 105.807706, "delta": 1.162928}}
{"target": -0.36331642035232936, "params": {"model__colsample_bylevel": 1.0, "model__colsample_bynode": 1.0, "model__colsample_bytree": 1.0, "model__learning_rate": 0.3, "model__max_depth": 5.616644916660863, "model__n_estimators": 15.0, "model__reg_lambda": 8.477681131823507}, "datetime": {"datetime": "2021-03-24 07:59:18", "elapsed": 107.211019, "delta": 1.403313}}
{"target": -0.355562834818915, "params": {"model__colsample_bylevel": 0.5883299177708012, "model__colsample_bynode": 0.9257656294461023, "model__colsample_bytree": 0.9311170126572821, "model__learning_rate": 0.281148300869037, "model__max_depth": 2.0246662859128026, "model__n_estimators": 27.824086380931455, "model__reg_lambda": 9.654232229748294}, "datetime": {"datetime": "2021-03-24 07:59:19", "elapsed": 108.453926, "delta": 1.242907}}
{"target": -0.3950938803272025, "params": {"model__colsample_bylevel": 0.5172777931953267, "model__colsample_bynode": 0.9948131679766088, "model__colsample_bytree": 0.3237725365801876, "model__learning_rate": 0.2966799716914627, "model__max_depth": 2.1521864126399275, "model__n_estimators": 23.60052057865989, "model__reg_lambda": 9.537189241016813}, "datetime": {"datetime": "2021-03-24 07:59:20", "elapsed": 109.916896, "delta": 1.46297}}
{"target": -0.33060991759749425, "params": {"model__colsample_bylevel": 0.3964363819268312, "model__colsample_bynode": 0.9873822161360348, "model__colsample_bytree": 0.943815111453189, "model__learning_rate": 0.2829959478593308, "model__max_depth": 3.6097175242683655, "model__n_estimators": 27.890666870351986, "model__reg_lambda": 7.382634567713852}, "datetime": {"datetime": "2021-03-24 07:59:22", "elapsed": 111.336363, "delta": 1.419467}}
{"target": -0.33226665180291226, "params": {"model__colsample_bylevel": 0.9333677552129289, "model__colsample_bynode": 1.0, "model__colsample_bytree": 0.39235176667461297, "model__learning_rate": 0.3, "model__max_depth": 8.0, "model__n_estimators": 25.73469239925783, "model__reg_lambda": 6.694149243430454}, "datetime": {"datetime": "2021-03-24 07:59:23", "elapsed": 112.79917, "delta": 1.462807}}
{"target": -0.33996854319550984, "params": {"model__colsample_bylevel": 0.9992365665404608, "model__colsample_bynode": 0.8527683681634901, "model__colsample_bytree": 0.9916149977349705, "model__learning_rate": 0.3, "model__max_depth": 4.381569933477991, "model__n_estimators": 21.679981514938316, "model__reg_lambda": 3.6169635546013983}, "datetime": {"datetime": "2021-03-24 07:59:24", "elapsed": 114.037907, "delta": 1.238737}}
{"target": -0.31524505325191504, "params": {"model__colsample_bylevel": 0.9342613320416817, "model__colsample_bynode": 0.5236669916204253, "model__colsample_bytree": 0.4364148456999881, "model__learning_rate": 0.2781978804508982, "model__max_depth": 6.752177827855594, "model__n_estimators": 25.583036331262683, "model__reg_lambda": 3.0583327306108865}, "datetime": {"datetime": "2021-03-24 07:59:26", "elapsed": 115.699697, "delta": 1.66179}}
{"target": -0.3216089990169681, "params": {"model__colsample_bylevel": 1.0, "model__colsample_bynode": 0.3, "model__colsample_bytree": 1.0, "model__learning_rate": 0.3, "model__max_depth": 3.74446768241851, "model__n_estimators": 15.0, "model__reg_lambda": 0.0}, "datetime": {"datetime": "2021-03-24 07:59:27", "elapsed": 117.039629, "delta": 1.339932}}
{"target": -0.3467890720811092, "params": {"model__colsample_bylevel": 0.4095980988779688, "model__colsample_bynode": 0.9607734424920407, "model__colsample_bytree": 0.9790020484112865, "model__learning_rate": 0.2831007445486031, "model__max_depth": 3.321877898932022, "model__n_estimators": 28.77845353204314, "model__reg_lambda": 9.523425176680327}, "datetime": {"datetime": "2021-03-24 07:59:29", "elapsed": 118.450154, "delta": 1.410525}}
{"target": -0.34888045854134264, "params": {"model__colsample_bylevel": 0.9860111555055431, "model__colsample_bynode": 0.8134899518722194, "model__colsample_bytree": 0.9110121163147895, "model__learning_rate": 0.29754036806840445, "model__max_depth": 2.0839682924844647, "model__n_estimators": 27.30179799006946, "model__reg_lambda": 5.293325378919667}, "datetime": {"datetime": "2021-03-24 07:59:31", "elapsed": 120.099806, "delta": 1.649652}}
{"target": -0.31012639958205623, "params": {"model__colsample_bylevel": 0.30681628192617405, "model__colsample_bynode": 0.6062452042074622, "model__colsample_bytree": 0.7952990714060331, "model__learning_rate": 0.29086605422389267, "model__max_depth": 4.250135346947517, "model__n_estimators": 19.84076255842159, "model__reg_lambda": 0.23960722557391345}, "datetime": {"datetime": "2021-03-24 07:59:32", "elapsed": 121.440681, "delta": 1.340875}}
{"target": -0.32923241596216796, "params": {"model__colsample_bylevel": 0.6053327273548958, "model__colsample_bynode": 0.3170822359601409, "model__colsample_bytree": 1.0, "model__learning_rate": 0.3, "model__max_depth": 7.985297988543271, "model__n_estimators": 29.95980953813403, "model__reg_lambda": 6.962828302631118}, "datetime": {"datetime": "2021-03-24 07:59:33", "elapsed": 122.798169, "delta": 1.357488}}
{"target": -0.3705032361671329, "params": {"model__colsample_bylevel": 0.3, "model__colsample_bynode": 0.67579004270942, "model__colsample_bytree": 1.0, "model__learning_rate": 0.3, "model__max_depth": 2.0000000640697713, "model__n_estimators": 23.359143833466543, "model__reg_lambda": 4.324622351592566}, "datetime": {"datetime": "2021-03-24 07:59:34", "elapsed": 123.867517, "delta": 1.069348}}
{"target": -0.3332460147593562, "params": {"model__colsample_bylevel": 1.0, "model__colsample_bynode": 1.0, "model__colsample_bytree": 1.0, "model__learning_rate": 0.3, "model__max_depth": 2.982551242081382, "model__n_estimators": 30.0, "model__reg_lambda": 7.667293844359662}, "datetime": {"datetime": "2021-03-24 07:59:36", "elapsed": 125.510404, "delta": 1.642887}}
{"target": -0.3335151706248576, "params": {"model__colsample_bylevel": 0.9829060971719941, "model__colsample_bynode": 0.545463437895084, "model__colsample_bytree": 0.487120604474662, "model__learning_rate": 0.29706826186441426, "model__max_depth": 3.645910032086333, "model__n_estimators": 28.049244009459, "model__reg_lambda": 9.97325545428297}, "datetime": {"datetime": "2021-03-24 07:59:37", "elapsed": 126.906062, "delta": 1.395658}}
{"target": -0.3037352504789917, "params": {"model__colsample_bylevel": 0.7978459467504744, "model__colsample_bynode": 0.8935390121332976, "model__colsample_bytree": 0.9843106661750891, "model__learning_rate": 0.26719918118056774, "model__max_depth": 2.0683505789381993, "model__n_estimators": 23.015546811425928, "model__reg_lambda": 0.10176649932681414}, "datetime": {"datetime": "2021-03-24 07:59:38", "elapsed": 128.004765, "delta": 1.098703}}
{"target": -0.31570940325306596, "params": {"model__colsample_bylevel": 0.9574791468978412, "model__colsample_bynode": 0.3083616516840489, "model__colsample_bytree": 0.9534190294567213, "model__learning_rate": 0.29056690316147904, "model__max_depth": 2.647446580533487, "model__n_estimators": 18.8899939352664, "model__reg_lambda": 0.4948507922878276}, "datetime": {"datetime": "2021-03-24 07:59:40", "elapsed": 129.36447, "delta": 1.359705}}
{"target": -0.3424641051924403, "params": {"model__colsample_bylevel": 0.819771683643487, "model__colsample_bynode": 0.9183954858747272, "model__colsample_bytree": 0.3441251117355221, "model__learning_rate": 0.2857840317545486, "model__max_depth": 3.4068688458367524, "model__n_estimators": 26.928460648929125, "model__reg_lambda": 0.050791873970056356}, "datetime": {"datetime": "2021-03-24 07:59:41", "elapsed": 130.990121, "delta": 1.625651}}
{"target": -0.3635143004087866, "params": {"model__colsample_bylevel": 0.9991357051555041, "model__colsample_bynode": 1.0, "model__colsample_bytree": 1.0, "model__learning_rate": 0.3, "model__max_depth": 7.9610245553753405, "model__n_estimators": 17.15183680310612, "model__reg_lambda": 8.164471868614498}, "datetime": {"datetime": "2021-03-24 07:59:43", "elapsed": 132.491821, "delta": 1.5017}}
{"target": -0.3606423140071548, "params": {"model__colsample_bylevel": 0.7047743033284597, "model__colsample_bynode": 0.9500782045299796, "model__colsample_bytree": 0.3179322494200033, "model__learning_rate": 0.2791547966918345, "model__max_depth": 7.801456078768528, "model__n_estimators": 19.566940492621384, "model__reg_lambda": 2.913372367466691}, "datetime": {"datetime": "2021-03-24 07:59:44", "elapsed": 133.840833, "delta": 1.349012}}
{"target": -0.32322272879908376, "params": {"model__colsample_bylevel": 0.7182308203583815, "model__colsample_bynode": 0.9579456431355662, "model__colsample_bytree": 0.9015913761553722, "model__learning_rate": 0.2990544868445322, "model__max_depth": 4.2548480447763195, "model__n_estimators": 19.045604507651888, "model__reg_lambda": 0.07466097585431264}, "datetime": {"datetime": "2021-03-24 07:59:46", "elapsed": 135.173593, "delta": 1.33276}}
{"target": -0.34226206358070016, "params": {"model__colsample_bylevel": 0.31169547223347177, "model__colsample_bynode": 1.0, "model__colsample_bytree": 1.0, "model__learning_rate": 0.3, "model__max_depth": 4.897612419935599, "model__n_estimators": 19.120478530478504, "model__reg_lambda": 5.315194548516763}, "datetime": {"datetime": "2021-03-24 07:59:47", "elapsed": 136.547836, "delta": 1.374243}}
{"target": -0.34630563596459246, "params": {"model__colsample_bylevel": 0.48256556207525036, "model__colsample_bynode": 0.3717934306577563, "model__colsample_bytree": 0.6570883623229846, "model__learning_rate": 0.2981351166135649, "model__max_depth": 6.532010968042068, "model__n_estimators": 26.09740178566758, "model__reg_lambda": 0.3018693170413467}, "datetime": {"datetime": "2021-03-24 07:59:48", "elapsed": 137.985223, "delta": 1.437387}}
{"target": -0.3535205003987674, "params": {"model__colsample_bylevel": 0.8981630175660646, "model__colsample_bynode": 0.9939832576251968, "model__colsample_bytree": 0.5195123298996848, "model__learning_rate": 0.2759378290265766, "model__max_depth": 4.868039369029549, "model__n_estimators": 20.73346627993766, "model__reg_lambda": 9.966568183927464}, "datetime": {"datetime": "2021-03-24 07:59:50", "elapsed": 139.372918, "delta": 1.387695}}
{"target": -0.3646792056403406, "params": {"model__colsample_bylevel": 0.9473037718465127, "model__colsample_bynode": 0.9855142471365557, "model__colsample_bytree": 0.9926111750617979, "model__learning_rate": 0.2644754068836324, "model__max_depth": 7.986481400592643, "model__n_estimators": 15.521838658463825, "model__reg_lambda": 5.389696298970797}, "datetime": {"datetime": "2021-03-24 07:59:52", "elapsed": 141.278437, "delta": 1.905519}}
{"target": -0.4284546511760657, "params": {"model__colsample_bylevel": 0.3, "model__colsample_bynode": 0.3, "model__colsample_bytree": 1.0, "model__learning_rate": 0.3, "model__max_depth": 2.0000000005734258, "model__n_estimators": 15.0, "model__reg_lambda": 6.139208481602866}, "datetime": {"datetime": "2021-03-24 07:59:53", "elapsed": 142.756813, "delta": 1.478376}}
{"target": -0.40693816001918437, "params": {"model__colsample_bylevel": 0.309136462339606, "model__colsample_bynode": 0.8855256572968337, "model__colsample_bytree": 0.41495631476410216, "model__learning_rate": 0.2814417306783673, "model__max_depth": 7.702176801999469, "model__n_estimators": 15.008150317284073, "model__reg_lambda": 9.30666578223979}, "datetime": {"datetime": "2021-03-24 07:59:54", "elapsed": 143.963799, "delta": 1.206986}}
{"target": -0.3305122980734915, "params": {"model__colsample_bylevel": 0.7461707522708572, "model__colsample_bynode": 0.44550754791123165, "model__colsample_bytree": 0.6935080771118525, "model__learning_rate": 0.2937775521161314, "model__max_depth": 3.3876244052614437, "model__n_estimators": 26.101231498940734, "model__reg_lambda": 1.1466225103885208}, "datetime": {"datetime": "2021-03-24 07:59:56", "elapsed": 145.225973, "delta": 1.262174}}
{"target": -0.4426696292988524, "params": {"model__colsample_bylevel": 0.3, "model__colsample_bynode": 0.3, "model__colsample_bytree": 0.3, "model__learning_rate": 0.3, "model__max_depth": 3.900135675552434, "model__n_estimators": 21.244090058330364, "model__reg_lambda": 0.0}, "datetime": {"datetime": "2021-03-24 07:59:57", "elapsed": 146.49335, "delta": 1.267377}}
{"target": -0.3165916131550372, "params": {"model__colsample_bylevel": 0.3624172154828751, "model__colsample_bynode": 0.9582164562232839, "model__colsample_bytree": 1.0, "model__learning_rate": 0.3, "model__max_depth": 3.7473287796094477, "model__n_estimators": 19.876581674563067, "model__reg_lambda": 1.3043321744144925}, "datetime": {"datetime": "2021-03-24 07:59:58", "elapsed": 147.791723, "delta": 1.298373}}
{"target": -0.338175420230845, "params": {"model__colsample_bylevel": 0.3399990947097726, "model__colsample_bynode": 0.8225119062764212, "model__colsample_bytree": 0.926926267317546, "model__learning_rate": 0.27124513310928833, "model__max_depth": 6.409744687391108, "model__n_estimators": 20.968221893400045, "model__reg_lambda": 0.2394202203112472}, "datetime": {"datetime": "2021-03-24 07:59:59", "elapsed": 148.943075, "delta": 1.151352}}
{"target": -0.33840044998273633, "params": {"model__colsample_bylevel": 0.5912002280899895, "model__colsample_bynode": 0.9530266997402319, "model__colsample_bytree": 0.9057395465724223, "model__learning_rate": 0.27530066247311424, "model__max_depth": 7.705851270478854, "model__n_estimators": 25.95502284776253, "model__reg_lambda": 3.9239963359247634}, "datetime": {"datetime": "2021-03-24 08:00:01", "elapsed": 150.174023, "delta": 1.230948}}
{"target": -0.3307524748129662, "params": {"model__colsample_bylevel": 0.7826474772627156, "model__colsample_bynode": 0.310482704624163, "model__colsample_bytree": 0.8537097170506776, "model__learning_rate": 0.2857390690472351, "model__max_depth": 6.429659405867376, "model__n_estimators": 18.372198057354, "model__reg_lambda": 1.1476740618830394}, "datetime": {"datetime": "2021-03-24 08:00:02", "elapsed": 151.442602, "delta": 1.268579}}
{"target": -0.34686070163936716, "params": {"model__colsample_bylevel": 0.3849781055125892, "model__colsample_bynode": 0.9726176770498811, "model__colsample_bytree": 0.718835452585555, "model__learning_rate": 0.29991385865716713, "model__max_depth": 7.872787752192906, "model__n_estimators": 29.3894848804767, "model__reg_lambda": 7.288820179873294}, "datetime": {"datetime": "2021-03-24 08:00:03", "elapsed": 152.756197, "delta": 1.313595}}
