{"target": -0.3401146829296984, "params": {"model__colsample_bylevel": 0.5701707486314295, "model__colsample_bynode": 0.9655210167342709, "model__colsample_bytree": 0.7827061084360869, "model__learning_rate": 0.2858236753088961, "model__max_depth": 7.803412802772526, "model__n_estimators": 15.099021350884696, "model__reg_lambda": 5.853496409812081}, "datetime": {"datetime": "2021-03-24 07:57:49", "elapsed": 18.553528, "delta": 1.327762}}
{"target": -0.37050022121073434, "params": {"model__colsample_bylevel": 0.8922037483782557, "model__colsample_bynode": 0.8930342646354394, "model__colsample_bytree": 0.9713778224803797, "model__learning_rate": 0.25120807302504533, "model__max_depth": 7.665721706174811, "model__n_estimators": 19.24541759100085, "model__reg_lambda": 9.890362751844627}, "datetime": {"datetime": "2021-03-24 07:57:50", "elapsed": 19.835869, "delta": 1.282341}}
{"target": -0.40750452860906394, "params": {"model__colsample_bylevel": 0.3358234330818575, "model__colsample_bynode": 0.3, "model__colsample_bytree": 1.0, "model__learning_rate": 0.3, "model__max_depth": 2.2474337447250936, "model__n_estimators": 15.0, "model__reg_lambda": 0.0}, "datetime": {"datetime": "2021-03-24 07:57:51", "elapsed": 20.748262, "delta": 0.912393}}
{"target": -0.3369661855849647, "params": {"model__colsample_bylevel": 0.7068571213266516, "model__colsample_bynode": 0.7880059895567644, "model__colsample_bytree": 0.9944155952881845, "model__learning_rate": 0.3, "model__max_depth": 2.000000011946694, "model__n_estimators": 17.888385012523557, "model__reg_lambda": 0.0}, "datetime": {"datetime": "2021-03-24 07:57:52", "elapsed": 21.996851, "delta": 1.248589}}
{"target": -0.34022359039054073, "params": {"model__colsample_bylevel": 0.31192759245806134, "model__colsample_bynode": 0.5670017024980671, "model__colsample_bytree": 0.692028535027577, "model__learning_rate": 0.24450049272111882, "model__max_depth": 5.604866697140458, "model__n_estimators": 29.820086224425026, "model__reg_lambda": 9.995814706487424}, "datetime": {"datetime": "2021-03-24 07:57:54", "elapsed": 23.407311, "delta": 1.41046}}
{"target": -0.34085819657784017, "params": {"model__colsample_bylevel": 0.3296005988662438, "model__colsample_bynode": 0.84819288604147, "model__colsample_bytree": 0.8818310012318966, "model__learning_rate": 0.16887497306167026, "model__max_depth": 7.986446913102437, "model__n_estimators": 18.04470007755007, "model__reg_lambda": 0.2470668090444783}, "datetime": {"datetime": "2021-03-24 07:57:55", "elapsed": 24.693563, "delta": 1.286252}}
{"target": -0.3316706104470633, "params": {"model__colsample_bylevel": 1.0, "model__colsample_bynode": 1.0, "model__colsample_bytree": 1.0, "model__learning_rate": 0.3, "model__max_depth": 5.777634272809867, "model__n_estimators": 28.28398576252521, "model__reg_lambda": 9.854199500137241}, "datetime": {"datetime": "2021-03-24 07:57:56", "elapsed": 25.775939, "delta": 1.082376}}
{"target": -0.3360308865635265, "params": {"model__colsample_bylevel": 0.3000000009892887, "model__colsample_bynode": 1.0, "model__colsample_bytree": 0.9999999984336831, "model__learning_rate": 0.3, "model__max_depth": 2.0946985139159255, "model__n_estimators": 29.999999997502336, "model__reg_lambda": 7.116937848875639}, "datetime": {"datetime": "2021-03-24 07:57:58", "elapsed": 27.103659, "delta": 1.32772}}
{"target": -0.3444240417169488, "params": {"model__colsample_bylevel": 0.9364119706401552, "model__colsample_bynode": 0.907173442239009, "model__colsample_bytree": 0.3779041853374481, "model__learning_rate": 0.2588608818395734, "model__max_depth": 7.773398910281882, "model__n_estimators": 29.778333850049968, "model__reg_lambda": 7.3581077280151375}, "datetime": {"datetime": "2021-03-24 07:57:59", "elapsed": 28.295643, "delta": 1.191984}}
{"target": -0.34997964646478275, "params": {"model__colsample_bylevel": 0.9697095567179095, "model__colsample_bynode": 0.9734876031320501, "model__colsample_bytree": 0.9344331436609696, "model__learning_rate": 0.2806982535113485, "model__max_depth": 3.0344660387320523, "model__n_estimators": 23.42154888116719, "model__reg_lambda": 9.956516711353386}, "datetime": {"datetime": "2021-03-24 07:58:00", "elapsed": 29.676528, "delta": 1.380885}}
{"target": -0.3797754823091858, "params": {"model__colsample_bylevel": 0.3, "model__colsample_bynode": 0.9183469336447216, "model__colsample_bytree": 1.0, "model__learning_rate": 0.3, "model__max_depth": 5.9033535985377235, "model__n_estimators": 21.285170053163505, "model__reg_lambda": 10.0}, "datetime": {"datetime": "2021-03-24 07:58:01", "elapsed": 30.782511, "delta": 1.105983}}
{"target": -0.342679998611667, "params": {"model__colsample_bylevel": 0.9437827972559436, "model__colsample_bynode": 0.8546430825671574, "model__colsample_bytree": 0.9985865224532409, "model__learning_rate": 0.29308941758698603, "model__max_depth": 4.584186254495343, "model__n_estimators": 15.982532403123466, "model__reg_lambda": 0.7216678918739439}, "datetime": {"datetime": "2021-03-24 07:58:03", "elapsed": 32.065531, "delta": 1.28302}}
{"target": -0.35573405332633873, "params": {"model__colsample_bylevel": 1.0, "model__colsample_bynode": 0.30000000067780225, "model__colsample_bytree": 0.9829600598495198, "model__learning_rate": 0.2999999971174689, "model__max_depth": 5.525919962411336, "model__n_estimators": 22.9311244531849, "model__reg_lambda": 5.409220606026421}, "datetime": {"datetime": "2021-03-24 07:58:04", "elapsed": 33.30775, "delta": 1.242219}}
{"target": -0.3641236716888143, "params": {"model__colsample_bylevel": 0.8920771389708937, "model__colsample_bynode": 0.9716818770594771, "model__colsample_bytree": 0.9990875876384562, "model__learning_rate": 0.2625581600241143, "model__max_depth": 2.98046128325315, "model__n_estimators": 19.134234641347582, "model__reg_lambda": 9.993360453806439}, "datetime": {"datetime": "2021-03-24 07:58:05", "elapsed": 34.649849, "delta": 1.342099}}
{"target": -0.3788692708997785, "params": {"model__colsample_bylevel": 0.9804010389195474, "model__colsample_bynode": 0.9301180722183668, "model__colsample_bytree": 0.932304037488608, "model__learning_rate": 0.18498376141692324, "model__max_depth": 7.963316062228741, "model__n_estimators": 17.565423325101342, "model__reg_lambda": 5.868119770847461}, "datetime": {"datetime": "2021-03-24 07:58:06", "elapsed": 35.984364, "delta": 1.334515}}
{"target": -0.34142094229354747, "params": {"model__colsample_bylevel": 0.30602502195026143, "model__colsample_bynode": 0.9652144326465202, "model__colsample_bytree": 0.5239552613338758, "model__learning_rate": 0.29470018770437556, "model__max_depth": 5.886767802850227, "model__n_estimators": 29.90174260648517, "model__reg_lambda": 5.259444076585607}, "datetime": {"datetime": "2021-03-24 07:58:08", "elapsed": 37.136846, "delta": 1.152482}}
{"target": -0.32782790800286593, "params": {"model__colsample_bylevel": 0.9941067766827887, "model__colsample_bynode": 0.9182942564227712, "model__colsample_bytree": 0.8232845535419739, "model__learning_rate": 0.29849730352157844, "model__max_depth": 7.906004279649167, "model__n_estimators": 25.396230477915612, "model__reg_lambda": 9.016145804012648}, "datetime": {"datetime": "2021-03-24 07:58:09", "elapsed": 38.361432, "delta": 1.224586}}
{"target": -0.363692131299404, "params": {"model__colsample_bylevel": 0.7513685916049011, "model__colsample_bynode": 0.3618414737291179, "model__colsample_bytree": 0.9464375759959114, "model__learning_rate": 0.29695869052936974, "model__max_depth": 4.57043543762913, "model__n_estimators": 15.065999347066755, "model__reg_lambda": 4.592206993025166}, "datetime": {"datetime": "2021-03-24 07:58:10", "elapsed": 39.776008, "delta": 1.414576}}
{"target": -0.45227779537925256, "params": {"model__colsample_bylevel": 0.39680653444693537, "model__colsample_bynode": 0.35642195267233745, "model__colsample_bytree": 0.3106525456024038, "model__learning_rate": 0.23308102305621012, "model__max_depth": 7.9634518531252825, "model__n_estimators": 15.081679835551727, "model__reg_lambda": 3.941500301971489}, "datetime": {"datetime": "2021-03-24 07:58:12", "elapsed": 41.056356, "delta": 1.280348}}
{"target": -0.35654966632896307, "params": {"model__colsample_bylevel": 0.6565077999726389, "model__colsample_bynode": 0.9169470767470931, "model__colsample_bytree": 0.6188451003219915, "model__learning_rate": 0.29482567820286887, "model__max_depth": 7.841242926493978, "model__n_estimators": 15.78614812456951, "model__reg_lambda": 0.15352206702934357}, "datetime": {"datetime": "2021-03-24 07:58:13", "elapsed": 42.278983, "delta": 1.222627}}
{"target": -0.3564875110045777, "params": {"model__colsample_bylevel": 1.0, "model__colsample_bynode": 1.0, "model__colsample_bytree": 1.0, "model__learning_rate": 0.3, "model__max_depth": 2.6945517242184436, "model__n_estimators": 15.0, "model__reg_lambda": 6.520750237956606}, "datetime": {"datetime": "2021-03-24 07:58:14", "elapsed": 43.323013, "delta": 1.04403}}
{"target": -0.3279713406855159, "params": {"model__colsample_bylevel": 0.9951726502089362, "model__colsample_bynode": 0.5369444157140263, "model__colsample_bytree": 0.49424016251221936, "model__learning_rate": 0.2846385894118988, "model__max_depth": 4.052059267088166, "model__n_estimators": 29.86264567414559, "model__reg_lambda": 8.76719483514723}, "datetime": {"datetime": "2021-03-24 07:58:15", "elapsed": 44.690522, "delta": 1.367509}}
{"target": -0.3639948031935922, "params": {"model__colsample_bylevel": 0.9520163436694502, "model__colsample_bynode": 0.859923359439926, "model__colsample_bytree": 0.914410487921931, "model__learning_rate": 0.26549267249836456, "model__max_depth": 2.4614165305007467, "model__n_estimators": 23.561580900448796, "model__reg_lambda": 7.498625425301913}, "datetime": {"datetime": "2021-03-24 07:58:16", "elapsed": 45.850494, "delta": 1.159972}}
{"target": -0.41466964500267867, "params": {"model__colsample_bylevel": 0.929529402191519, "model__colsample_bynode": 0.30458825717355525, "model__colsample_bytree": 0.31691923163835267, "model__learning_rate": 0.11821354670259164, "model__max_depth": 7.701774781369011, "model__n_estimators": 29.93288801629793, "model__reg_lambda": 9.531980560216443}, "datetime": {"datetime": "2021-03-24 07:58:17", "elapsed": 46.976508, "delta": 1.126014}}
{"target": -0.3451740236298276, "params": {"model__colsample_bylevel": 0.9890215636267743, "model__colsample_bynode": 0.9345738266331653, "model__colsample_bytree": 0.8961846945646863, "model__learning_rate": 0.28066199094472466, "model__max_depth": 4.624758741612283, "model__n_estimators": 22.31488601313304, "model__reg_lambda": 8.171852185894647}, "datetime": {"datetime": "2021-03-24 07:58:19", "elapsed": 48.132324, "delta": 1.155816}}
{"target": -0.3389516432943376, "params": {"model__colsample_bylevel": 0.35344246673069263, "model__colsample_bynode": 0.9244547060395885, "model__colsample_bytree": 0.3168674928931245, "model__learning_rate": 0.2765862123068282, "model__max_depth": 7.760745366199585, "model__n_estimators": 20.557017179013787, "model__reg_lambda": 0.5191210346041186}, "datetime": {"datetime": "2021-03-24 07:58:20", "elapsed": 49.279122, "delta": 1.146798}}
{"target": -0.36628589171610865, "params": {"model__colsample_bylevel": 0.4107881563388987, "model__colsample_bynode": 0.5781359309435319, "model__colsample_bytree": 0.905947601569401, "model__learning_rate": 0.277790060233031, "model__max_depth": 4.794966673720956, "model__n_estimators": 17.51437385591477, "model__reg_lambda": 0.1981037845130984}, "datetime": {"datetime": "2021-03-24 07:58:21", "elapsed": 50.61374, "delta": 1.334618}}
{"target": -0.326650572196324, "params": {"model__colsample_bylevel": 0.8933219670215486, "model__colsample_bynode": 0.7690821258544187, "model__colsample_bytree": 0.945958419577233, "model__learning_rate": 0.2671886610650259, "model__max_depth": 2.7935386055640965, "model__n_estimators": 20.81450420200113, "model__reg_lambda": 2.6430635665412128}, "datetime": {"datetime": "2021-03-24 07:58:22", "elapsed": 51.757599, "delta": 1.143859}}
{"target": -0.34788985744091694, "params": {"model__colsample_bylevel": 1.0, "model__colsample_bynode": 1.0, "model__colsample_bytree": 0.9005574105483869, "model__learning_rate": 0.3, "model__max_depth": 6.827611863117517, "model__n_estimators": 23.820621970884357, "model__reg_lambda": 9.857677362674316}, "datetime": {"datetime": "2021-03-24 07:58:24", "elapsed": 53.370619, "delta": 1.61302}}
{"target": -0.3468312043607221, "params": {"model__colsample_bylevel": 0.826705862085357, "model__colsample_bynode": 0.9999999958226875, "model__colsample_bytree": 0.9999999943829114, "model__learning_rate": 0.29999999760760365, "model__max_depth": 7.999999994283475, "model__n_estimators": 21.06152194985984, "model__reg_lambda": 1.2636953905203983}, "datetime": {"datetime": "2021-03-24 07:58:25", "elapsed": 54.871581, "delta": 1.500962}}
{"target": -0.3706598714574415, "params": {"model__colsample_bylevel": 0.9999999998696447, "model__colsample_bynode": 0.3000000002115278, "model__colsample_bytree": 0.9999999999633521, "model__learning_rate": 0.3, "model__max_depth": 4.185571796211406, "model__n_estimators": 19.66172645261195, "model__reg_lambda": 9.679309854075058}, "datetime": {"datetime": "2021-03-24 07:58:27", "elapsed": 56.190352, "delta": 1.318771}}
{"target": -0.3879736297925853, "params": {"model__colsample_bylevel": 0.9062891816892253, "model__colsample_bynode": 0.9782163815351923, "model__colsample_bytree": 0.683431356273557, "model__learning_rate": 0.23270759362107374, "model__max_depth": 4.593789465602277, "model__n_estimators": 15.33196646693643, "model__reg_lambda": 9.935606153150653}, "datetime": {"datetime": "2021-03-24 07:58:28", "elapsed": 57.845052, "delta": 1.6547}}
{"target": -0.3552222435234411, "params": {"model__colsample_bylevel": 0.8999222536006701, "model__colsample_bynode": 0.9573460434482546, "model__colsample_bytree": 0.9606130108429323, "model__learning_rate": 0.2815662809713571, "model__max_depth": 5.589325279114227, "model__n_estimators": 15.981608166696237, "model__reg_lambda": 6.625377562989633}, "datetime": {"datetime": "2021-03-24 07:58:30", "elapsed": 59.100622, "delta": 1.25557}}
{"target": -0.3286459983269131, "params": {"model__colsample_bylevel": 1.0, "model__colsample_bynode": 1.0, "model__colsample_bytree": 1.0, "model__learning_rate": 0.3, "model__max_depth": 3.5183789994452397, "model__n_estimators": 30.0, "model__reg_lambda": 3.8866152709763324}, "datetime": {"datetime": "2021-03-24 07:58:31", "elapsed": 60.675378, "delta": 1.574756}}
{"target": -0.3710005935949638, "params": {"model__colsample_bylevel": 1.0, "model__colsample_bynode": 1.0, "model__colsample_bytree": 1.0, "model__learning_rate": 0.3, "model__max_depth": 2.0, "model__n_estimators": 19.951798520185925, "model__reg_lambda": 6.63322674010539}, "datetime": {"datetime": "2021-03-24 07:58:33", "elapsed": 62.398729, "delta": 1.723351}}
{"target": -0.38097592631516897, "params": {"model__colsample_bylevel": 0.950123099409151, "model__colsample_bynode": 0.8620246192963437, "model__colsample_bytree": 0.9928359472699799, "model__learning_rate": 0.10239833445296898, "model__max_depth": 3.1942388382673395, "model__n_estimators": 20.924776446853173, "model__reg_lambda": 0.12622408846039712}, "datetime": {"datetime": "2021-03-24 07:58:34", "elapsed": 63.688845, "delta": 1.290116}}
{"target": -0.32017019330422675, "params": {"model__colsample_bylevel": 0.3086802755209054, "model__colsample_bynode": 0.963249829712544, "model__colsample_bytree": 0.7840512786232187, "model__learning_rate": 0.2897571521249255, "model__max_depth": 4.339740682518849, "model__n_estimators": 29.77294897513169, "model__reg_lambda": 7.963261725287731}, "datetime": {"datetime": "2021-03-24 07:58:36", "elapsed": 65.109364, "delta": 1.420519}}
{"target": -0.3722356982866599, "params": {"model__colsample_bylevel": 1.0, "model__colsample_bynode": 1.0, "model__colsample_bytree": 0.3183230252079786, "model__learning_rate": 0.3, "model__max_depth": 7.999999995446684, "model__n_estimators": 29.947283443945757, "model__reg_lambda": 9.983222433192633}, "datetime": {"datetime": "2021-03-24 07:58:37", "elapsed": 66.484298, "delta": 1.374934}}
{"target": -0.3275316172836187, "params": {"model__colsample_bylevel": 0.8723435331558727, "model__colsample_bynode": 0.9216363092515114, "model__colsample_bytree": 0.8757206099604542, "model__learning_rate": 0.2930356747033801, "model__max_depth": 2.094990114223137, "model__n_estimators": 24.22403221154808, "model__reg_lambda": 1.8009866703361432}, "datetime": {"datetime": "2021-03-24 07:58:38", "elapsed": 67.763637, "delta": 1.279339}}
{"target": -0.5235285413815923, "params": {"model__colsample_bylevel": 0.3, "model__colsample_bynode": 0.30000001734863474, "model__colsample_bytree": 0.3, "model__learning_rate": 0.2999999981923102, "model__max_depth": 2.9979499935761105, "model__n_estimators": 17.19223961881475, "model__reg_lambda": 0.45766411898040144}, "datetime": {"datetime": "2021-03-24 07:58:40", "elapsed": 69.277609, "delta": 1.513972}}
{"target": -0.3485341450749505, "params": {"model__colsample_bylevel": 1.0, "model__colsample_bynode": 0.9999999919047906, "model__colsample_bytree": 1.0, "model__learning_rate": 0.3, "model__max_depth": 2.981049805149671, "model__n_estimators": 17.55289290246557, "model__reg_lambda": 4.736658811147121}, "datetime": {"datetime": "2021-03-24 07:58:41", "elapsed": 70.381478, "delta": 1.103869}}
{"target": -0.3576651278285957, "params": {"model__colsample_bylevel": 0.3326893214769096, "model__colsample_bynode": 0.7106157124065429, "model__colsample_bytree": 0.9823820507803618, "model__learning_rate": 0.28773865424643297, "model__max_depth": 7.973516799954876, "model__n_estimators": 23.07632200604495, "model__reg_lambda": 3.7552440035082277}, "datetime": {"datetime": "2021-03-24 07:58:43", "elapsed": 72.114439, "delta": 1.732961}}
{"target": -0.3632352297403512, "params": {"model__colsample_bylevel": 0.34073932229526255, "model__colsample_bynode": 0.3180847997225702, "model__colsample_bytree": 0.7461190748592875, "model__learning_rate": 0.16539951682214643, "model__max_depth": 2.0043953633296545, "model__n_estimators": 28.779139412786584, "model__reg_lambda": 0.1315227672893693}, "datetime": {"datetime": "2021-03-24 07:58:44", "elapsed": 73.24595, "delta": 1.131511}}
{"target": -0.3445601523627756, "params": {"model__colsample_bylevel": 1.0, "model__colsample_bynode": 1.0, "model__colsample_bytree": 1.0, "model__learning_rate": 0.3, "model__max_depth": 2.0, "model__n_estimators": 15.0, "model__reg_lambda": 0.0}, "datetime": {"datetime": "2021-03-24 07:58:45", "elapsed": 74.477118, "delta": 1.231168}}
{"target": -0.33654649040283824, "params": {"model__colsample_bylevel": 1.0, "model__colsample_bynode": 0.8710287078811869, "model__colsample_bytree": 1.0, "model__learning_rate": 0.3, "model__max_depth": 7.09349781881151, "model__n_estimators": 21.00339103588958, "model__reg_lambda": 7.996365567277768}, "datetime": {"datetime": "2021-03-24 07:58:46", "elapsed": 75.716016, "delta": 1.238898}}
{"target": -0.371882688647568, "params": {"model__colsample_bylevel": 0.4234859729550064, "model__colsample_bynode": 0.49917007387745566, "model__colsample_bytree": 0.33629636886501185, "model__learning_rate": 0.2963791517339436, "model__max_depth": 2.037787168075084, "model__n_estimators": 29.7279612370948, "model__reg_lambda": 4.413895047669492}, "datetime": {"datetime": "2021-03-24 07:58:47", "elapsed": 76.988486, "delta": 1.27247}}
{"target": -0.3450180829160145, "params": {"model__colsample_bylevel": 0.9999999980205942, "model__colsample_bynode": 0.3, "model__colsample_bytree": 1.0, "model__learning_rate": 0.3, "model__max_depth": 4.31805516236573, "model__n_estimators": 30.0, "model__reg_lambda": 9.999999999112777}, "datetime": {"datetime": "2021-03-24 07:58:49", "elapsed": 78.109029, "delta": 1.120543}}
{"target": -0.34006286711580513, "params": {"model__colsample_bylevel": 0.8692444746129803, "model__colsample_bynode": 0.3820526170732792, "model__colsample_bytree": 0.9989555450879509, "model__learning_rate": 0.3, "model__max_depth": 5.294685666239256, "model__n_estimators": 19.632511528542018, "model__reg_lambda": 4.755928175714255}, "datetime": {"datetime": "2021-03-24 07:58:50", "elapsed": 79.325638, "delta": 1.216609}}
{"target": -0.33209474728800414, "params": {"model__colsample_bylevel": 0.8453956505169535, "model__colsample_bynode": 0.976751070251459, "model__colsample_bytree": 0.9357789523359272, "model__learning_rate": 0.27218713456264165, "model__max_depth": 7.658267468687403, "model__n_estimators": 29.99041919143537, "model__reg_lambda": 5.055817922696382}, "datetime": {"datetime": "2021-03-24 07:58:51", "elapsed": 80.551743, "delta": 1.226105}}
{"target": -0.37798572374926204, "params": {"model__colsample_bylevel": 0.3, "model__colsample_bynode": 1.0, "model__colsample_bytree": 1.0, "model__learning_rate": 0.3, "model__max_depth": 5.958271948483674, "model__n_estimators": 16.009440926426898, "model__reg_lambda": 10.0}, "datetime": {"datetime": "2021-03-24 07:58:52", "elapsed": 81.754816, "delta": 1.203073}}
{"target": -0.34812745651925336, "params": {"model__colsample_bylevel": 0.3, "model__colsample_bynode": 1.0, "model__colsample_bytree": 1.0, "model__learning_rate": 0.3, "model__max_depth": 7.990118933443798, "model__n_estimators": 15.0, "model__reg_lambda": 2.2498336888645056}, "datetime": {"datetime": "2021-03-24 07:58:54", "elapsed": 83.188023, "delta": 1.433207}}
{"target": -0.35883314389544807, "params": {"model__colsample_bylevel": 0.9247097057362539, "model__colsample_bynode": 0.8129887371087214, "model__colsample_bytree": 0.7551923893314929, "model__learning_rate": 0.2908112249262824, "model__max_depth": 7.8088526026817515, "model__n_estimators": 27.299176740703473, "model__reg_lambda": 0.040158221151004314}, "datetime": {"datetime": "2021-03-24 07:58:55", "elapsed": 84.458212, "delta": 1.270189}}
