{"target": -0.33106195061109905, "params": {"model__colsample_bylevel": 0.8598493484482015, "model__colsample_bynode": 0.6132215091574345, "model__colsample_bytree": 0.41608734450929086, "model__learning_rate": 0.28161769996720365, "model__max_depth": 4.0, "model__n_estimators": 29.0, "model__reg_lambda": 5.040994016933976}, "datetime": {"datetime": "2021-03-24 07:57:30", "elapsed": 0.0, "delta": 0.0}}
{"target": -0.36303254450111233, "params": {"model__colsample_bylevel": 0.3, "model__colsample_bynode": 1.0, "model__colsample_bytree": 0.3, "model__learning_rate": 0.3, "model__max_depth": 4.0, "model__n_estimators": 15.0, "model__reg_lambda": 0.0}, "datetime": {"datetime": "2021-03-24 07:57:31", "elapsed": 0.075402, "delta": 0.075402}}
{"target": -0.33092736272222323, "params": {"model__colsample_bylevel": 0.985340210579901, "model__colsample_bynode": 0.38441417700016534, "model__colsample_bytree": 0.9854619264102267, "model__learning_rate": 0.2761061313985922, "model__max_depth": 5.0, "model__n_estimators": 30.0, "model__reg_lambda": 4.810998458551806}, "datetime": {"datetime": "2021-03-24 07:57:31", "elapsed": 0.180369, "delta": 0.104967}}
{"target": -0.3079175105772278, "params": {"model__colsample_bylevel": 0.48340990047238486, "model__colsample_bynode": 0.8928722725803, "model__colsample_bytree": 0.9622662537835329, "model__learning_rate": 0.2668928984734602, "model__max_depth": 3.0, "model__n_estimators": 25.0, "model__reg_lambda": 1.1883932947584452}, "datetime": {"datetime": "2021-03-24 07:57:31", "elapsed": 0.267074, "delta": 0.086705}}
{"target": -0.34285615264384106, "params": {"model__colsample_bylevel": 1.0, "model__colsample_bynode": 0.3000000005053292, "model__colsample_bytree": 1.0, "model__learning_rate": 0.3, "model__max_depth": 8.0, "model__n_estimators": 21.0, "model__reg_lambda": 2.517719347582056}, "datetime": {"datetime": "2021-03-24 07:57:31", "elapsed": 0.358257, "delta": 0.091183}}
{"target": -0.35483231645008295, "params": {"model__colsample_bylevel": 0.30462006869763825, "model__colsample_bynode": 0.45533364241708574, "model__colsample_bytree": 0.9641743153665239, "model__learning_rate": 0.23693981248695023, "model__max_depth": 3.0, "model__n_estimators": 25.0, "model__reg_lambda": 0.04633818640440657}, "datetime": {"datetime": "2021-03-24 07:57:31", "elapsed": 0.42962, "delta": 0.071363}}
{"target": -0.35483231645008295, "params": {"model__colsample_bylevel": 0.30462006869763825, "model__colsample_bynode": 0.45533364241708574, "model__colsample_bytree": 0.9641743153665239, "model__learning_rate": 0.23693981248695023, "model__max_depth": 3.0, "model__n_estimators": 25.0, "model__reg_lambda": 0.04633818640440657}, "datetime": {"datetime": "2021-03-24 07:57:31", "elapsed": 0.429905, "delta": 0.000285}}
{"target": -0.29429972533257237, "params": {"model__colsample_bylevel": 0.3, "model__colsample_bynode": 1.0, "model__colsample_bytree": 1.0, "model__learning_rate": 0.3, "model__max_depth": 2.0, "model__n_estimators": 30.0, "model__reg_lambda": 0.0}, "datetime": {"datetime": "2021-03-24 07:57:31", "elapsed": 0.508715, "delta": 0.07881}}
{"target": -0.29429972533257237, "params": {"model__colsample_bylevel": 0.3, "model__colsample_bynode": 1.0, "model__colsample_bytree": 1.0, "model__learning_rate": 0.3, "model__max_depth": 2.0, "model__n_estimators": 30.0, "model__reg_lambda": 0.0}, "datetime": {"datetime": "2021-03-24 07:57:31", "elapsed": 0.508996, "delta": 0.000281}}
{"target": -0.3298367616369564, "params": {"model__colsample_bylevel": 0.9858848418768023, "model__colsample_bynode": 0.4201902719466195, "model__colsample_bytree": 0.6859789922529281, "model__learning_rate": 0.2944844983841013, "model__max_depth": 4.0, "model__n_estimators": 30.0, "model__reg_lambda": 2.905779908114364}, "datetime": {"datetime": "2021-03-24 07:57:31", "elapsed": 0.600253, "delta": 0.091257}}
{"target": -0.3040403586231928, "params": {"model__colsample_bylevel": 0.875874218410341, "model__colsample_bynode": 0.3476635884432162, "model__colsample_bytree": 0.9646731094677288, "model__learning_rate": 0.27494240824886007, "model__max_depth": 3.0, "model__n_estimators": 18.0, "model__reg_lambda": 0.345457323222067}, "datetime": {"datetime": "2021-03-24 07:57:31", "elapsed": 0.671641, "delta": 0.071388}}
{"target": -0.33881948133711226, "params": {"model__colsample_bylevel": 0.4145201528272396, "model__colsample_bynode": 0.9391046572012895, "model__colsample_bytree": 0.5296394790416012, "model__learning_rate": 0.26355714256507956, "model__max_depth": 8.0, "model__n_estimators": 25.0, "model__reg_lambda": 1.4805356108521806}, "datetime": {"datetime": "2021-03-24 07:57:31", "elapsed": 0.759726, "delta": 0.088085}}
{"target": -0.2832147218408046, "params": {"model__colsample_bylevel": 0.30000000042136993, "model__colsample_bynode": 1.0, "model__colsample_bytree": 1.0, "model__learning_rate": 0.3, "model__max_depth": 3.0, "model__n_estimators": 21.0, "model__reg_lambda": 0.0}, "datetime": {"datetime": "2021-03-24 07:57:31", "elapsed": 0.83349, "delta": 0.073764}}
{"target": -0.35336186041038115, "params": {"model__colsample_bylevel": 0.9586162980221284, "model__colsample_bynode": 0.3269135894260423, "model__colsample_bytree": 0.30360734650089816, "model__learning_rate": 0.2920641235136413, "model__max_depth": 6.0, "model__n_estimators": 30.0, "model__reg_lambda": 0.1295340269267753}, "datetime": {"datetime": "2021-03-24 07:57:31", "elapsed": 0.906063, "delta": 0.072573}}
{"target": -0.3375547699788855, "params": {"model__colsample_bylevel": 1.0, "model__colsample_bynode": 0.30000000408756433, "model__colsample_bytree": 0.3, "model__learning_rate": 0.23111808557260663, "model__max_depth": 8.0, "model__n_estimators": 25.0, "model__reg_lambda": 0.3406563547812967}, "datetime": {"datetime": "2021-03-24 07:57:31", "elapsed": 0.985452, "delta": 0.079389}}
{"target": -0.332885727484751, "params": {"model__colsample_bylevel": 0.32703279873598284, "model__colsample_bynode": 0.7650161415882953, "model__colsample_bytree": 0.9283168181950918, "model__learning_rate": 0.25165491767187675, "model__max_depth": 8.0, "model__n_estimators": 25.0, "model__reg_lambda": 0.01537093939344425}, "datetime": {"datetime": "2021-03-24 07:57:32", "elapsed": 1.069457, "delta": 0.084005}}
{"target": -0.332885727484751, "params": {"model__colsample_bylevel": 0.32703279873598284, "model__colsample_bynode": 0.7650161415882953, "model__colsample_bytree": 0.9283168181950918, "model__learning_rate": 0.25165491767187675, "model__max_depth": 8.0, "model__n_estimators": 25.0, "model__reg_lambda": 0.01537093939344425}, "datetime": {"datetime": "2021-03-24 07:57:32", "elapsed": 1.069766, "delta": 0.000309}}
{"target": -0.33569660466839224, "params": {"model__colsample_bylevel": 0.9606600259009006, "model__colsample_bynode": 0.40342695468650597, "model__colsample_bytree": 0.9271705955724225, "model__learning_rate": 0.286225941410727, "model__max_depth": 4.0, "model__n_estimators": 27.0, "model__reg_lambda": 3.1766411789295312}, "datetime": {"datetime": "2021-03-24 07:57:32", "elapsed": 1.173569, "delta": 0.103803}}
{"target": -0.33569660466839224, "params": {"model__colsample_bylevel": 0.9606600259009006, "model__colsample_bynode": 0.40342695468650597, "model__colsample_bytree": 0.9271705955724225, "model__learning_rate": 0.286225941410727, "model__max_depth": 4.0, "model__n_estimators": 27.0, "model__reg_lambda": 3.1766411789295312}, "datetime": {"datetime": "2021-03-24 07:57:32", "elapsed": 1.173921, "delta": 0.000352}}
{"target": -0.28830591977115866, "params": {"model__colsample_bylevel": 0.5678287253499291, "model__colsample_bynode": 0.4966456469923308, "model__colsample_bytree": 0.4459938429678439, "model__learning_rate": 0.2911044378712101, "model__max_depth": 3.0, "model__n_estimators": 27.0, "model__reg_lambda": 0.01936184458506407}, "datetime": {"datetime": "2021-03-24 07:57:32", "elapsed": 1.255726, "delta": 0.081805}}
{"target": -0.31800582101606545, "params": {"model__colsample_bylevel": 0.5997782571373891, "model__colsample_bynode": 0.334493174563118, "model__colsample_bytree": 0.9188705785118891, "model__learning_rate": 0.24068083865957007, "model__max_depth": 5.0, "model__n_estimators": 30.0, "model__reg_lambda": 0.04198215316259413}, "datetime": {"datetime": "2021-03-24 07:57:32", "elapsed": 1.343144, "delta": 0.087418}}
{"target": -0.3211167464838819, "params": {"model__colsample_bylevel": 0.8042463908051236, "model__colsample_bynode": 0.3482271609762252, "model__colsample_bytree": 0.9227486115579644, "model__learning_rate": 0.29440401322132126, "model__max_depth": 2.0, "model__n_estimators": 27.0, "model__reg_lambda": 0.6282977234671627}, "datetime": {"datetime": "2021-03-24 07:57:32", "elapsed": 1.417592, "delta": 0.074448}}
{"target": -0.3211167464838819, "params": {"model__colsample_bylevel": 0.8042463908051236, "model__colsample_bynode": 0.3482271609762252, "model__colsample_bytree": 0.9227486115579644, "model__learning_rate": 0.29440401322132126, "model__max_depth": 2.0, "model__n_estimators": 27.0, "model__reg_lambda": 0.6282977234671627}, "datetime": {"datetime": "2021-03-24 07:57:32", "elapsed": 1.417908, "delta": 0.000316}}
{"target": -0.3211167464838819, "params": {"model__colsample_bylevel": 0.8042463908051236, "model__colsample_bynode": 0.3482271609762252, "model__colsample_bytree": 0.9227486115579644, "model__learning_rate": 0.29440401322132126, "model__max_depth": 2.0, "model__n_estimators": 27.0, "model__reg_lambda": 0.6282977234671627}, "datetime": {"datetime": "2021-03-24 07:57:32", "elapsed": 1.41811, "delta": 0.000202}}
{"target": -0.3026088824212648, "params": {"model__colsample_bylevel": 0.9714179322561098, "model__colsample_bynode": 0.35830559707667364, "model__colsample_bytree": 0.9612375104161934, "model__learning_rate": 0.2965256808321166, "model__max_depth": 3.0, "model__n_estimators": 27.0, "model__reg_lambda": 0.20450508870581863}, "datetime": {"datetime": "2021-03-24 07:57:32", "elapsed": 1.50909, "delta": 0.09098}}
{"target": -0.3474702194319579, "params": {"model__colsample_bylevel": 0.34986853271330365, "model__colsample_bynode": 0.6535964000576462, "model__colsample_bytree": 0.974791668935183, "model__learning_rate": 0.2828318435124024, "model__max_depth": 5.0, "model__n_estimators": 28.0, "model__reg_lambda": 0.6085542863560367}, "datetime": {"datetime": "2021-03-24 07:57:32", "elapsed": 1.596605, "delta": 0.087515}}
{"target": -0.3381397048150193, "params": {"model__colsample_bylevel": 1.0, "model__colsample_bynode": 0.8396708848425268, "model__colsample_bytree": 0.9607210657008314, "model__learning_rate": 0.3, "model__max_depth": 2.0, "model__n_estimators": 30.0, "model__reg_lambda": 0.9039629268942795}, "datetime": {"datetime": "2021-03-24 07:57:32", "elapsed": 1.706114, "delta": 0.109509}}
{"target": -0.36585934626042294, "params": {"model__colsample_bylevel": 0.31605955123801327, "model__colsample_bynode": 0.6657876925360169, "model__colsample_bytree": 0.34412212999747605, "model__learning_rate": 0.29258356851134515, "model__max_depth": 4.0, "model__n_estimators": 29.0, "model__reg_lambda": 0.40770144613460735}, "datetime": {"datetime": "2021-03-24 07:57:32", "elapsed": 1.78019, "delta": 0.074076}}
{"target": -0.36693940287223087, "params": {"model__colsample_bylevel": 0.30133478766162886, "model__colsample_bynode": 0.4063449260744055, "model__colsample_bytree": 0.9189235712942687, "model__learning_rate": 0.28820284761962106, "model__max_depth": 8.0, "model__n_estimators": 29.0, "model__reg_lambda": 1.9096394305561648}, "datetime": {"datetime": "2021-03-24 07:57:32", "elapsed": 1.858007, "delta": 0.077817}}
{"target": -0.36693940287223087, "params": {"model__colsample_bylevel": 0.30133478766162886, "model__colsample_bynode": 0.4063449260744055, "model__colsample_bytree": 0.9189235712942687, "model__learning_rate": 0.28820284761962106, "model__max_depth": 8.0, "model__n_estimators": 29.0, "model__reg_lambda": 1.9096394305561648}, "datetime": {"datetime": "2021-03-24 07:57:32", "elapsed": 1.858332, "delta": 0.000325}}
{"target": -0.36693940287223087, "params": {"model__colsample_bylevel": 0.30133478766162886, "model__colsample_bynode": 0.4063449260744055, "model__colsample_bytree": 0.9189235712942687, "model__learning_rate": 0.28820284761962106, "model__max_depth": 8.0, "model__n_estimators": 29.0, "model__reg_lambda": 1.9096394305561648}, "datetime": {"datetime": "2021-03-24 07:57:32", "elapsed": 1.858545, "delta": 0.000213}}
{"target": -0.36693940287223087, "params": {"model__colsample_bylevel": 0.30133478766162886, "model__colsample_bynode": 0.4063449260744055, "model__colsample_bytree": 0.9189235712942687, "model__learning_rate": 0.28820284761962106, "model__max_depth": 8.0, "model__n_estimators": 29.0, "model__reg_lambda": 1.9096394305561648}, "datetime": {"datetime": "2021-03-24 07:57:32", "elapsed": 1.858783, "delta": 0.000238}}
{"target": -0.31694123202300484, "params": {"model__colsample_bylevel": 0.8282478678731651, "model__colsample_bynode": 0.3356214543082744, "model__colsample_bytree": 0.8223246075864992, "model__learning_rate": 0.2960634172598706, "model__max_depth": 3.0, "model__n_estimators": 30.0, "model__reg_lambda": 4.689257759612926}, "datetime": {"datetime": "2021-03-24 07:57:32", "elapsed": 1.946432, "delta": 0.087649}}
{"target": -0.3303961742088955, "params": {"model__colsample_bylevel": 1.0, "model__colsample_bynode": 0.45987587653477113, "model__colsample_bytree": 0.9999999999994132, "model__learning_rate": 0.2999999999999649, "model__max_depth": 8.0, "model__n_estimators": 25.0, "model__reg_lambda": 4.8058592621997285}, "datetime": {"datetime": "2021-03-24 07:57:33", "elapsed": 2.055075, "delta": 0.108643}}
{"target": -0.3303961742088955, "params": {"model__colsample_bylevel": 1.0, "model__colsample_bynode": 0.45987587653477113, "model__colsample_bytree": 0.9999999999994132, "model__learning_rate": 0.2999999999999649, "model__max_depth": 8.0, "model__n_estimators": 25.0, "model__reg_lambda": 4.8058592621997285}, "datetime": {"datetime": "2021-03-24 07:57:33", "elapsed": 2.055405, "delta": 0.00033}}
{"target": -0.3303961742088955, "params": {"model__colsample_bylevel": 1.0, "model__colsample_bynode": 0.45987587653477113, "model__colsample_bytree": 0.9999999999994132, "model__learning_rate": 0.2999999999999649, "model__max_depth": 8.0, "model__n_estimators": 25.0, "model__reg_lambda": 4.8058592621997285}, "datetime": {"datetime": "2021-03-24 07:57:33", "elapsed": 2.055626, "delta": 0.000221}}
{"target": -0.3303961742088955, "params": {"model__colsample_bylevel": 1.0, "model__colsample_bynode": 0.45987587653477113, "model__colsample_bytree": 0.9999999999994132, "model__learning_rate": 0.2999999999999649, "model__max_depth": 8.0, "model__n_estimators": 25.0, "model__reg_lambda": 4.8058592621997285}, "datetime": {"datetime": "2021-03-24 07:57:33", "elapsed": 2.055817, "delta": 0.000191}}
{"target": -0.3378493987814274, "params": {"model__colsample_bylevel": 0.31548590622000583, "model__colsample_bynode": 0.9547007549892765, "model__colsample_bytree": 0.9610682915488082, "model__learning_rate": 0.29024606360028127, "model__max_depth": 8.0, "model__n_estimators": 30.0, "model__reg_lambda": 1.870063812444096}, "datetime": {"datetime": "2021-03-24 07:57:33", "elapsed": 2.154854, "delta": 0.099037}}
{"target": -0.3306210603420724, "params": {"model__colsample_bylevel": 0.3408500869148628, "model__colsample_bynode": 0.9599509033943245, "model__colsample_bytree": 0.9983213814014924, "model__learning_rate": 0.23351771762386672, "model__max_depth": 5.0, "model__n_estimators": 30.0, "model__reg_lambda": 1.2416722419324555}, "datetime": {"datetime": "2021-03-24 07:57:33", "elapsed": 2.255649, "delta": 0.100795}}
{"target": -0.3306210603420724, "params": {"model__colsample_bylevel": 0.3408500869148628, "model__colsample_bynode": 0.9599509033943245, "model__colsample_bytree": 0.9983213814014924, "model__learning_rate": 0.23351771762386672, "model__max_depth": 5.0, "model__n_estimators": 30.0, "model__reg_lambda": 1.2416722419324555}, "datetime": {"datetime": "2021-03-24 07:57:33", "elapsed": 2.256031, "delta": 0.000382}}
{"target": -0.3628916781523899, "params": {"model__colsample_bylevel": 0.744154481084352, "model__colsample_bynode": 0.3501376978524085, "model__colsample_bytree": 0.8988278974433255, "model__learning_rate": 0.29859597929000764, "model__max_depth": 7.0, "model__n_estimators": 15.0, "model__reg_lambda": 0.7902387818513013}, "datetime": {"datetime": "2021-03-24 07:57:33", "elapsed": 2.332342, "delta": 0.076311}}
{"target": -0.3628916781523899, "params": {"model__colsample_bylevel": 0.744154481084352, "model__colsample_bynode": 0.3501376978524085, "model__colsample_bytree": 0.8988278974433255, "model__learning_rate": 0.29859597929000764, "model__max_depth": 7.0, "model__n_estimators": 15.0, "model__reg_lambda": 0.7902387818513013}, "datetime": {"datetime": "2021-03-24 07:57:33", "elapsed": 2.332704, "delta": 0.000362}}
{"target": -0.3628916781523899, "params": {"model__colsample_bylevel": 0.744154481084352, "model__colsample_bynode": 0.3501376978524085, "model__colsample_bytree": 0.8988278974433255, "model__learning_rate": 0.29859597929000764, "model__max_depth": 7.0, "model__n_estimators": 15.0, "model__reg_lambda": 0.7902387818513013}, "datetime": {"datetime": "2021-03-24 07:57:33", "elapsed": 2.332935, "delta": 0.000231}}
{"target": -0.3102896089014341, "params": {"model__colsample_bylevel": 0.4948431142868819, "model__colsample_bynode": 0.99207562690352, "model__colsample_bytree": 0.48011083592144776, "model__learning_rate": 0.23083578816454672, "model__max_depth": 4.0, "model__n_estimators": 23.0, "model__reg_lambda": 0.12797560327084234}, "datetime": {"datetime": "2021-03-24 07:57:33", "elapsed": 2.415551, "delta": 0.082616}}
{"target": -0.3146354163547242, "params": {"model__colsample_bylevel": 0.36946444889060526, "model__colsample_bynode": 0.9582718992793242, "model__colsample_bytree": 0.8682911265076569, "model__learning_rate": 0.27237440514528977, "model__max_depth": 8.0, "model__n_estimators": 23.0, "model__reg_lambda": 0.0013215828799628682}, "datetime": {"datetime": "2021-03-24 07:57:33", "elapsed": 2.505123, "delta": 0.089572}}
{"target": -0.31475535707819896, "params": {"model__colsample_bylevel": 0.843242372312118, "model__colsample_bynode": 0.9999999991326228, "model__colsample_bytree": 0.4529809870920354, "model__learning_rate": 0.3, "model__max_depth": 3.0, "model__n_estimators": 23.0, "model__reg_lambda": 0.6701071093600021}, "datetime": {"datetime": "2021-03-24 07:57:33", "elapsed": 2.590771, "delta": 0.085648}}
{"target": -0.3283032624435652, "params": {"model__colsample_bylevel": 0.4124644192395269, "model__colsample_bynode": 0.9811486114790016, "model__colsample_bytree": 0.3159486513861515, "model__learning_rate": 0.2871120191762554, "model__max_depth": 2.0, "model__n_estimators": 30.0, "model__reg_lambda": 0.5431474545515302}, "datetime": {"datetime": "2021-03-24 07:57:33", "elapsed": 2.65844, "delta": 0.067669}}
{"target": -0.3283032624435652, "params": {"model__colsample_bylevel": 0.4124644192395269, "model__colsample_bynode": 0.9811486114790016, "model__colsample_bytree": 0.3159486513861515, "model__learning_rate": 0.2871120191762554, "model__max_depth": 2.0, "model__n_estimators": 30.0, "model__reg_lambda": 0.5431474545515302}, "datetime": {"datetime": "2021-03-24 07:57:33", "elapsed": 2.658794, "delta": 0.000354}}
{"target": -0.3283032624435652, "params": {"model__colsample_bylevel": 0.4124644192395269, "model__colsample_bynode": 0.9811486114790016, "model__colsample_bytree": 0.3159486513861515, "model__learning_rate": 0.2871120191762554, "model__max_depth": 2.0, "model__n_estimators": 30.0, "model__reg_lambda": 0.5431474545515302}, "datetime": {"datetime": "2021-03-24 07:57:33", "elapsed": 2.659041, "delta": 0.000247}}
{"target": -0.3283032624435652, "params": {"model__colsample_bylevel": 0.4124644192395269, "model__colsample_bynode": 0.9811486114790016, "model__colsample_bytree": 0.3159486513861515, "model__learning_rate": 0.2871120191762554, "model__max_depth": 2.0, "model__n_estimators": 30.0, "model__reg_lambda": 0.5431474545515302}, "datetime": {"datetime": "2021-03-24 07:57:33", "elapsed": 2.659261, "delta": 0.00022}}
{"target": -0.35693703527972304, "params": {"model__colsample_bylevel": 1.0, "model__colsample_bynode": 0.3, "model__colsample_bytree": 1.0, "model__learning_rate": 0.3, "model__max_depth": 5.0, "model__n_estimators": 21.0, "model__reg_lambda": 0.0}, "datetime": {"datetime": "2021-03-24 07:57:33", "elapsed": 2.741634, "delta": 0.082373}}
{"target": -0.35693703527972304, "params": {"model__colsample_bylevel": 1.0, "model__colsample_bynode": 0.3, "model__colsample_bytree": 1.0, "model__learning_rate": 0.3, "model__max_depth": 5.0, "model__n_estimators": 21.0, "model__reg_lambda": 0.0}, "datetime": {"datetime": "2021-03-24 07:57:33", "elapsed": 2.741976, "delta": 0.000342}}
{"target": -0.32582519901241513, "params": {"model__colsample_bylevel": 0.511889221690131, "model__colsample_bynode": 0.880146841574702, "model__colsample_bytree": 0.4713036833734444, "model__learning_rate": 0.24075613859849618, "model__max_depth": 5.0, "model__n_estimators": 21.0, "model__reg_lambda": 1.7861793515885238}, "datetime": {"datetime": "2021-03-24 07:57:33", "elapsed": 2.81931, "delta": 0.077334}}
{"target": -0.31166811948553563, "params": {"model__colsample_bylevel": 0.4884525291969753, "model__colsample_bynode": 0.31980089965965297, "model__colsample_bytree": 0.980755267171108, "model__learning_rate": 0.23439702615137264, "model__max_depth": 6.0, "model__n_estimators": 30.0, "model__reg_lambda": 0.0585324600436421}, "datetime": {"datetime": "2021-03-24 07:57:33", "elapsed": 2.897261, "delta": 0.077951}}
