{"target": -0.3520766204209539, "params": {"model__colsample_bylevel": 0.7766595949099203, "model__colsample_bynode": 0.4166974448222593, "model__colsample_bytree": 0.32789121719453596, "model__learning_rate": 0.2941504016570317, "model__max_depth": 7.783365121572372, "model__n_estimators": 29.84993746793824, "model__reg_lambda": 4.211684485288407}, "datetime": {"datetime": "2021-03-24 08:00:05", "elapsed": 154.133551, "delta": 1.377354}}
{"target": -0.3492212492768464, "params": {"model__colsample_bylevel": 0.925530470893247, "model__colsample_bynode": 0.6329554087265307, "model__colsample_bytree": 0.9035620246884704, "model__learning_rate": 0.2978971629235876, "model__max_depth": 3.3240578183800666, "model__n_estimators": 15.095955314790203, "model__reg_lambda": 2.1015751362322845}, "datetime": {"datetime": "2021-03-24 08:00:06", "elapsed": 155.562772, "delta": 1.429221}}
{"target": -0.351970365266923, "params": {"model__colsample_bylevel": 0.9310364194023673, "model__colsample_bynode": 0.9894676827537863, "model__colsample_bytree": 0.9011826425432965, "model__learning_rate": 0.2582190031512405, "model__max_depth": 4.116232149135015, "model__n_estimators": 20.39260579508463, "model__reg_lambda": 5.936811974691691}, "datetime": {"datetime": "2021-03-24 08:00:08", "elapsed": 157.120312, "delta": 1.55754}}
{"target": -0.3528178277479458, "params": {"model__colsample_bylevel": 1.0, "model__colsample_bynode": 1.0, "model__colsample_bytree": 1.0, "model__learning_rate": 0.3, "model__max_depth": 6.31723826109077, "model__n_estimators": 18.42376086331558, "model__reg_lambda": 9.389064451860483}, "datetime": {"datetime": "2021-03-24 08:00:09", "elapsed": 158.362309, "delta": 1.241997}}
{"target": -0.37754475146775013, "params": {"model__colsample_bylevel": 0.4669374242035188, "model__colsample_bynode": 0.8763149282572571, "model__colsample_bytree": 0.9905420091452604, "model__learning_rate": 0.28857920596700615, "model__max_depth": 2.74282183164266, "model__n_estimators": 20.538094968916827, "model__reg_lambda": 7.591582274664555}, "datetime": {"datetime": "2021-03-24 08:00:10", "elapsed": 159.781219, "delta": 1.41891}}
{"target": -0.36067649067204066, "params": {"model__colsample_bylevel": 0.9511737753002631, "model__colsample_bynode": 0.3949405392861459, "model__colsample_bytree": 0.3003986868512063, "model__learning_rate": 0.2912450930349187, "model__max_depth": 7.303144248130989, "model__n_estimators": 25.767643339005325, "model__reg_lambda": 9.957548040682648}, "datetime": {"datetime": "2021-03-24 08:00:12", "elapsed": 161.542158, "delta": 1.760939}}
{"target": -0.3543647325361498, "params": {"model__colsample_bylevel": 0.9701312241883613, "model__colsample_bynode": 0.3148104880628314, "model__colsample_bytree": 0.9276615963559247, "model__learning_rate": 0.2535173357496102, "model__max_depth": 7.935097067284887, "model__n_estimators": 23.64836159220348, "model__reg_lambda": 8.416897924255132}, "datetime": {"datetime": "2021-03-24 08:00:14", "elapsed": 163.071452, "delta": 1.529294}}
{"target": -0.36189823071607324, "params": {"model__colsample_bylevel": 1.0, "model__colsample_bynode": 0.3, "model__colsample_bytree": 1.0, "model__learning_rate": 0.3, "model__max_depth": 2.0, "model__n_estimators": 24.93530883661768, "model__reg_lambda": 10.0}, "datetime": {"datetime": "2021-03-24 08:00:15", "elapsed": 164.599001, "delta": 1.527549}}
{"target": -0.420124416862466, "params": {"model__colsample_bylevel": 1.0, "model__colsample_bynode": 1.0, "model__colsample_bytree": 0.3, "model__learning_rate": 0.3, "model__max_depth": 2.0, "model__n_estimators": 16.943280159966132, "model__reg_lambda": 10.0}, "datetime": {"datetime": "2021-03-24 08:00:17", "elapsed": 166.111097, "delta": 1.512096}}
{"target": -0.33437941588555875, "params": {"model__colsample_bylevel": 0.9972624811069879, "model__colsample_bynode": 0.9894095988259883, "model__colsample_bytree": 0.9327471938007688, "model__learning_rate": 0.2524305377374143, "model__max_depth": 3.6873353378851785, "model__n_estimators": 26.033277597809043, "model__reg_lambda": 9.746526931643807}, "datetime": {"datetime": "2021-03-24 08:00:18", "elapsed": 167.545144, "delta": 1.434047}}
{"target": -0.3544989494195181, "params": {"model__colsample_bylevel": 0.3733368153259298, "model__colsample_bynode": 0.9973566106455232, "model__colsample_bytree": 0.8940360952226052, "model__learning_rate": 0.29050079189136235, "model__max_depth": 7.853975807923339, "model__n_estimators": 20.380593597701683, "model__reg_lambda": 5.321625501638331}, "datetime": {"datetime": "2021-03-24 08:00:19", "elapsed": 168.957582, "delta": 1.412438}}
{"target": -0.41205812875262415, "params": {"model__colsample_bylevel": 0.998677477265445, "model__colsample_bynode": 0.8392487324513376, "model__colsample_bytree": 0.9326657938742762, "model__learning_rate": 0.1140691605612218, "model__max_depth": 7.990721309259034, "model__n_estimators": 26.40411387321587, "model__reg_lambda": 9.90694619586328}, "datetime": {"datetime": "2021-03-24 08:00:21", "elapsed": 170.533367, "delta": 1.575785}}
{"target": -0.3400442809414834, "params": {"model__colsample_bylevel": 0.7468340016444357, "model__colsample_bynode": 0.46886724112400113, "model__colsample_bytree": 0.6017766422521063, "model__learning_rate": 0.29980970792304146, "model__max_depth": 5.4150729053245765, "model__n_estimators": 28.60168680778109, "model__reg_lambda": 7.772359975339194}, "datetime": {"datetime": "2021-03-24 08:00:22", "elapsed": 171.864704, "delta": 1.331337}}
{"target": -0.3380127758357971, "params": {"model__colsample_bylevel": 1.0, "model__colsample_bynode": 0.3, "model__colsample_bytree": 1.0, "model__learning_rate": 0.3, "model__max_depth": 3.5951848516581792, "model__n_estimators": 26.39885296639638, "model__reg_lambda": 6.420843113145781}, "datetime": {"datetime": "2021-03-24 08:00:23", "elapsed": 172.959203, "delta": 1.094499}}
{"target": -0.3472601442267119, "params": {"model__colsample_bylevel": 0.8488985471999766, "model__colsample_bynode": 0.9914601826273677, "model__colsample_bytree": 0.9902265736427012, "model__learning_rate": 0.28809691282630945, "model__max_depth": 6.037268455709547, "model__n_estimators": 17.89540425659242, "model__reg_lambda": 4.319278272855089}, "datetime": {"datetime": "2021-03-24 08:00:25", "elapsed": 174.40703, "delta": 1.447827}}
{"target": -0.36171266690733417, "params": {"model__colsample_bylevel": 0.3, "model__colsample_bynode": 1.0, "model__colsample_bytree": 1.0, "model__learning_rate": 0.3, "model__max_depth": 5.227708804339697, "model__n_estimators": 15.0, "model__reg_lambda": 6.010893884042418}, "datetime": {"datetime": "2021-03-24 08:00:26", "elapsed": 175.984147, "delta": 1.577117}}
{"target": -0.31810700881153176, "params": {"model__colsample_bylevel": 0.36098479746182616, "model__colsample_bynode": 0.5808835709406672, "model__colsample_bytree": 0.9890589516403374, "model__learning_rate": 0.2626184561110476, "model__max_depth": 5.713211740011237, "model__n_estimators": 29.985211761968053, "model__reg_lambda": 2.4885312277146134}, "datetime": {"datetime": "2021-03-24 08:00:28", "elapsed": 177.148415, "delta": 1.164268}}
{"target": -0.29917624742745935, "params": {"model__colsample_bylevel": 0.48546272973789867, "model__colsample_bynode": 0.7776353475617428, "model__colsample_bytree": 0.9655259272614745, "model__learning_rate": 0.25746016792289883, "model__max_depth": 3.618243269506495, "model__n_estimators": 23.112815273813496, "model__reg_lambda": 0.05365827990574612}, "datetime": {"datetime": "2021-03-24 08:00:29", "elapsed": 178.515427, "delta": 1.367012}}
{"target": -0.3746926804712595, "params": {"model__colsample_bylevel": 0.3514987498525707, "model__colsample_bynode": 0.3799189203399859, "model__colsample_bytree": 0.8666327399643308, "model__learning_rate": 0.24663574378539313, "model__max_depth": 7.9136062398402105, "model__n_estimators": 19.614386871886552, "model__reg_lambda": 0.02289202987528771}, "datetime": {"datetime": "2021-03-24 08:00:31", "elapsed": 180.271857, "delta": 1.75643}}
{"target": -0.3436558307199132, "params": {"model__colsample_bylevel": 0.9533876240553655, "model__colsample_bynode": 1.0, "model__colsample_bytree": 1.0, "model__learning_rate": 0.3, "model__max_depth": 7.648417456646363, "model__n_estimators": 23.61229305023724, "model__reg_lambda": 7.42302459783259}, "datetime": {"datetime": "2021-03-24 08:00:33", "elapsed": 182.075253, "delta": 1.803396}}
{"target": -0.3453169333691155, "params": {"model__colsample_bylevel": 0.8472369617241111, "model__colsample_bynode": 0.36836967957279776, "model__colsample_bytree": 0.929832743945153, "model__learning_rate": 0.28463935726547207, "model__max_depth": 7.9362128024000445, "model__n_estimators": 26.01556032571427, "model__reg_lambda": 7.719088534369795}, "datetime": {"datetime": "2021-03-24 08:00:34", "elapsed": 183.65459, "delta": 1.579337}}
{"target": -0.357057579782238, "params": {"model__colsample_bylevel": 0.9948100153027786, "model__colsample_bynode": 0.9565149927885608, "model__colsample_bytree": 0.8639199074788451, "model__learning_rate": 0.27903505027085346, "model__max_depth": 2.235457268988326, "model__n_estimators": 27.316188928737724, "model__reg_lambda": 7.2197607395436245}, "datetime": {"datetime": "2021-03-24 08:00:36", "elapsed": 185.810823, "delta": 2.156233}}
{"target": -0.3335948817678255, "params": {"model__colsample_bylevel": 1.0, "model__colsample_bynode": 0.9999999952302836, "model__colsample_bytree": 0.8653629160979264, "model__learning_rate": 0.2999999840389016, "model__max_depth": 7.999999999998333, "model__n_estimators": 25.198140234187978, "model__reg_lambda": 0.9314617038872527}, "datetime": {"datetime": "2021-03-24 08:00:38", "elapsed": 187.757614, "delta": 1.946791}}
{"target": -0.32476183100640643, "params": {"model__colsample_bylevel": 0.9410146170074425, "model__colsample_bynode": 0.3627445832985695, "model__colsample_bytree": 0.8884233243711013, "model__learning_rate": 0.2978016165361885, "model__max_depth": 6.177170525598418, "model__n_estimators": 25.26834844042891, "model__reg_lambda": 4.791443421853154}, "datetime": {"datetime": "2021-03-24 08:00:40", "elapsed": 189.195656, "delta": 1.438042}}
{"target": -0.36736892614635114, "params": {"model__colsample_bylevel": 0.5973789829811675, "model__colsample_bynode": 0.9848829951229763, "model__colsample_bytree": 0.9397319064074847, "model__learning_rate": 0.29041692439534883, "model__max_depth": 4.130162576362024, "model__n_estimators": 21.465141097784908, "model__reg_lambda": 0.0035850972661044533}, "datetime": {"datetime": "2021-03-24 08:00:41", "elapsed": 190.63389, "delta": 1.438234}}
{"target": -0.335281236128092, "params": {"model__colsample_bylevel": 0.37117708807642386, "model__colsample_bynode": 0.9173278095293991, "model__colsample_bytree": 0.8998262978636695, "model__learning_rate": 0.20988030873242763, "model__max_depth": 2.840138265190275, "model__n_estimators": 19.354131215637466, "model__reg_lambda": 0.15176341124948256}, "datetime": {"datetime": "2021-03-24 08:00:43", "elapsed": 192.317599, "delta": 1.683709}}
{"target": -0.33257845310912726, "params": {"model__colsample_bylevel": 0.3038652869506819, "model__colsample_bynode": 0.9700941327581925, "model__colsample_bytree": 0.935113228618115, "model__learning_rate": 0.25911607797392155, "model__max_depth": 2.3300897139839614, "model__n_estimators": 21.94139459180486, "model__reg_lambda": 1.3120555995594085}, "datetime": {"datetime": "2021-03-24 08:00:44", "elapsed": 193.568651, "delta": 1.251052}}
{"target": -0.3689934751983948, "params": {"model__colsample_bylevel": 0.3208541609754448, "model__colsample_bynode": 0.31089572317402003, "model__colsample_bytree": 0.9517166485999748, "model__learning_rate": 0.28208168920593624, "model__max_depth": 2.7259033131701225, "model__n_estimators": 28.851031152434444, "model__reg_lambda": 5.6180170047277205}, "datetime": {"datetime": "2021-03-24 08:00:45", "elapsed": 194.941895, "delta": 1.373244}}
{"target": -0.33553754745938724, "params": {"model__colsample_bylevel": 0.3394256310062471, "model__colsample_bynode": 0.9726892297561112, "model__colsample_bytree": 0.9269715701572498, "model__learning_rate": 0.2997118042440239, "model__max_depth": 2.1081718399482283, "model__n_estimators": 26.54670089303186, "model__reg_lambda": 2.0348083616269896}, "datetime": {"datetime": "2021-03-24 08:00:47", "elapsed": 196.463118, "delta": 1.521223}}
{"target": -0.31599107453754793, "params": {"model__colsample_bylevel": 0.902507868961067, "model__colsample_bynode": 0.48505573280052766, "model__colsample_bytree": 0.8714841734367511, "model__learning_rate": 0.28332376993729647, "model__max_depth": 4.916060224214768, "model__n_estimators": 19.384727233141668, "model__reg_lambda": 0.8678141526205374}, "datetime": {"datetime": "2021-03-24 08:00:48", "elapsed": 197.932313, "delta": 1.469195}}
{"target": -0.36740182152362133, "params": {"model__colsample_bylevel": 0.9115681051466928, "model__colsample_bynode": 0.3121805425435891, "model__colsample_bytree": 0.30986966480039374, "model__learning_rate": 0.284079024756973, "model__max_depth": 6.023081181668118, "model__n_estimators": 21.83638808757985, "model__reg_lambda": 2.5769890662683013}, "datetime": {"datetime": "2021-03-24 08:00:49", "elapsed": 199.028123, "delta": 1.09581}}
{"target": -0.3389171149827999, "params": {"model__colsample_bylevel": 0.7265625872775419, "model__colsample_bynode": 0.8533220677181443, "model__colsample_bytree": 0.9927061843271123, "model__learning_rate": 0.29383753540539126, "model__max_depth": 3.8486104367563225, "model__n_estimators": 24.642751104252703, "model__reg_lambda": 5.536338865932225}, "datetime": {"datetime": "2021-03-24 08:00:51", "elapsed": 200.67859, "delta": 1.650467}}
{"target": -0.39158851590203253, "params": {"model__colsample_bylevel": 1.0, "model__colsample_bynode": 1.0, "model__colsample_bytree": 1.0, "model__learning_rate": 0.3, "model__max_depth": 2.0, "model__n_estimators": 15.0, "model__reg_lambda": 3.850646888992502}, "datetime": {"datetime": "2021-03-24 08:00:53", "elapsed": 202.239474, "delta": 1.560884}}
{"target": -0.33093605263064196, "params": {"model__colsample_bylevel": 0.437412397716637, "model__colsample_bynode": 0.9420356736288702, "model__colsample_bytree": 0.4945424488910134, "model__learning_rate": 0.2999566607377108, "model__max_depth": 6.819161541426176, "model__n_estimators": 19.194494331194164, "model__reg_lambda": 0.9330743205120395}, "datetime": {"datetime": "2021-03-24 08:00:54", "elapsed": 203.584736, "delta": 1.345262}}
{"target": -0.3304499669125357, "params": {"model__colsample_bylevel": 0.9641207443459625, "model__colsample_bynode": 0.88639276106827, "model__colsample_bytree": 0.9678385465571104, "model__learning_rate": 0.2983119127231819, "model__max_depth": 4.2609104505101705, "model__n_estimators": 18.282569308786368, "model__reg_lambda": 6.658785386309587}, "datetime": {"datetime": "2021-03-24 08:00:56", "elapsed": 205.321576, "delta": 1.73684}}
{"target": -0.33881875746934065, "params": {"model__colsample_bylevel": 0.9882931304827256, "model__colsample_bynode": 0.9637398305529914, "model__colsample_bytree": 0.6520629160328213, "model__learning_rate": 0.28464721996689035, "model__max_depth": 6.459387660723763, "model__n_estimators": 29.4413653041425, "model__reg_lambda": 3.923254672411711}, "datetime": {"datetime": "2021-03-24 08:00:58", "elapsed": 207.296384, "delta": 1.974808}}
{"target": -0.3465206607879288, "params": {"model__colsample_bylevel": 0.325838309941465, "model__colsample_bynode": 0.9762822407552276, "model__colsample_bytree": 0.6445253427705864, "model__learning_rate": 0.29106181916836665, "model__max_depth": 6.4316850115876605, "model__n_estimators": 25.985343368728117, "model__reg_lambda": 7.853265526738218}, "datetime": {"datetime": "2021-03-24 08:01:00", "elapsed": 209.084702, "delta": 1.788318}}
{"target": -0.30207662919187833, "params": {"model__colsample_bylevel": 0.7656927593492058, "model__colsample_bynode": 0.37134791213983553, "model__colsample_bytree": 0.4530665838969046, "model__learning_rate": 0.2946023029828232, "model__max_depth": 3.1570204534102784, "model__n_estimators": 27.90368563902042, "model__reg_lambda": 0.06349788009126112}, "datetime": {"datetime": "2021-03-24 08:01:01", "elapsed": 210.600629, "delta": 1.515927}}
{"target": -0.3478474572496623, "params": {"model__colsample_bylevel": 1.0, "model__colsample_bynode": 0.9729185147646016, "model__colsample_bytree": 1.0, "model__learning_rate": 0.3, "model__max_depth": 6.8790156147854775, "model__n_estimators": 19.2037813928779, "model__reg_lambda": 5.614870584850476}, "datetime": {"datetime": "2021-03-24 08:01:03", "elapsed": 212.367168, "delta": 1.766539}}
{"target": -0.3419416653363547, "params": {"model__colsample_bylevel": 0.31426636320015333, "model__colsample_bynode": 0.9935671629668219, "model__colsample_bytree": 0.5155697062616198, "model__learning_rate": 0.2918706357325239, "model__max_depth": 6.3633126127724315, "model__n_estimators": 24.40932976284774, "model__reg_lambda": 5.024820250589867}, "datetime": {"datetime": "2021-03-24 08:01:04", "elapsed": 214.047514, "delta": 1.680346}}
{"target": -0.31610835193955017, "params": {"model__colsample_bylevel": 0.9410039471242948, "model__colsample_bynode": 0.49691204315362225, "model__colsample_bytree": 0.9129564408957858, "model__learning_rate": 0.28577101337383054, "model__max_depth": 6.832916684168575, "model__n_estimators": 29.90795724070845, "model__reg_lambda": 0.7537570616597988}, "datetime": {"datetime": "2021-03-24 08:01:06", "elapsed": 215.503645, "delta": 1.456131}}
{"target": -0.31798171604025194, "params": {"model__colsample_bylevel": 0.9872328534297006, "model__colsample_bynode": 0.9881555437774079, "model__colsample_bytree": 0.7417541921040676, "model__learning_rate": 0.2385369535240265, "model__max_depth": 7.978268678958765, "model__n_estimators": 28.662999618063644, "model__reg_lambda": 5.47792505418321}, "datetime": {"datetime": "2021-03-24 08:01:08", "elapsed": 217.104981, "delta": 1.601336}}
{"target": -0.3468139401559408, "params": {"model__colsample_bylevel": 0.9910564053995132, "model__colsample_bynode": 0.3917755195973493, "model__colsample_bytree": 0.932300424834408, "model__learning_rate": 0.2912880702014945, "model__max_depth": 2.0332140778793475, "model__n_estimators": 20.292468412771914, "model__reg_lambda": 3.8624863692750777}, "datetime": {"datetime": "2021-03-24 08:01:09", "elapsed": 218.480953, "delta": 1.375972}}
{"target": -0.33988951860582867, "params": {"model__colsample_bylevel": 0.8162339661291795, "model__colsample_bynode": 0.9753128007920431, "model__colsample_bytree": 0.9267593348712109, "model__learning_rate": 0.2987109247019778, "model__max_depth": 5.31159311028804, "model__n_estimators": 26.166869878159815, "model__reg_lambda": 5.662247446342002}, "datetime": {"datetime": "2021-03-24 08:01:10", "elapsed": 220.022071, "delta": 1.541118}}
{"target": -0.30549999892684643, "params": {"model__colsample_bylevel": 0.9616409666227905, "model__colsample_bynode": 0.45714320999292196, "model__colsample_bytree": 0.9400685828314943, "model__learning_rate": 0.2969117867742944, "model__max_depth": 2.8994255567370155, "model__n_estimators": 23.745644061322587, "model__reg_lambda": 4.017651111915741}, "datetime": {"datetime": "2021-03-24 08:01:12", "elapsed": 221.821736, "delta": 1.799665}}
{"target": -0.4171044641619791, "params": {"model__colsample_bylevel": 1.0, "model__colsample_bynode": 0.3, "model__colsample_bytree": 0.3801996810054779, "model__learning_rate": 0.3, "model__max_depth": 2.038443055890281, "model__n_estimators": 21.72321237530941, "model__reg_lambda": 6.469965047997663}, "datetime": {"datetime": "2021-03-24 08:01:14", "elapsed": 223.382859, "delta": 1.561123}}
{"target": -0.30738335945930306, "params": {"model__colsample_bylevel": 0.9888228392096994, "model__colsample_bynode": 0.5704598494277213, "model__colsample_bytree": 0.9426650245965591, "model__learning_rate": 0.2797476922239896, "model__max_depth": 2.717026115816236, "model__n_estimators": 25.077944737760237, "model__reg_lambda": 1.7356029835312226}, "datetime": {"datetime": "2021-03-24 08:01:15", "elapsed": 224.648868, "delta": 1.266009}}
{"target": -0.3650400222903388, "params": {"model__colsample_bylevel": 0.9335964310592615, "model__colsample_bynode": 0.953864722609413, "model__colsample_bytree": 0.30494784622002485, "model__learning_rate": 0.2897774888777803, "model__max_depth": 6.94634090882599, "model__n_estimators": 15.089054764571683, "model__reg_lambda": 1.0957436504690166}, "datetime": {"datetime": "2021-03-24 08:01:17", "elapsed": 226.447775, "delta": 1.798907}}
{"target": -0.37096624735108435, "params": {"model__colsample_bylevel": 0.6596280318989286, "model__colsample_bynode": 0.998678307404453, "model__colsample_bytree": 0.8411704152194814, "model__learning_rate": 0.245624483872811, "model__max_depth": 7.972583751835478, "model__n_estimators": 15.056192457857437, "model__reg_lambda": 7.547739094224758}, "datetime": {"datetime": "2021-03-24 08:01:19", "elapsed": 228.183691, "delta": 1.735916}}
{"target": -0.40771743269718214, "params": {"model__colsample_bylevel": 0.919609904547213, "model__colsample_bynode": 0.307052274517492, "model__colsample_bytree": 0.5729712900900357, "model__learning_rate": 0.2536315335161604, "model__max_depth": 7.4079008227255585, "model__n_estimators": 16.293139575105926, "model__reg_lambda": 9.956534573772858}, "datetime": {"datetime": "2021-03-24 08:01:20", "elapsed": 229.65337, "delta": 1.469679}}
