{"target": -0.3224513627455462, "params": {"model__colsample_bylevel": 0.39208014680958714, "model__colsample_bynode": 0.9221938266151231, "model__colsample_bytree": 0.999784269804993, "model__learning_rate": 0.23568612880993697, "model__max_depth": 6.306688836859395, "model__n_estimators": 29.785766844048652, "model__reg_lambda": 3.6032182855746786}, "datetime": {"datetime": "2021-03-24 07:39:48", "elapsed": 90.534548, "delta": 1.106054}}
{"target": -0.379467968236439, "params": {"model__colsample_bylevel": 0.35948489736647166, "model__colsample_bynode": 0.43285169348808034, "model__colsample_bytree": 0.30238444037200674, "model__learning_rate": 0.24723301855702254, "model__max_depth": 7.810732940199941, "model__n_estimators": 21.744701915039087, "model__reg_lambda": 0.011160562479110014}, "datetime": {"datetime": "2021-03-24 07:39:50", "elapsed": 91.744147, "delta": 1.209599}}
{"target": -0.3449544476470032, "params": {"model__colsample_bylevel": 0.47300891039633053, "model__colsample_bynode": 0.9816543566403422, "model__colsample_bytree": 0.47713894526542194, "model__learning_rate": 0.22964435283597334, "model__max_depth": 7.913039209282624, "model__n_estimators": 26.954114176482552, "model__reg_lambda": 3.3774845746961435}, "datetime": {"datetime": "2021-03-24 07:39:51", "elapsed": 93.184908, "delta": 1.440761}}
{"target": -0.34629641781810777, "params": {"model__colsample_bylevel": 0.3, "model__colsample_bynode": 0.30000000302017926, "model__colsample_bytree": 1.0, "model__learning_rate": 0.3, "model__max_depth": 5.2678425491640475, "model__n_estimators": 29.598187266743032, "model__reg_lambda": 7.138925926779533}, "datetime": {"datetime": "2021-03-24 07:39:53", "elapsed": 94.664158, "delta": 1.47925}}
{"target": -0.3559097491521928, "params": {"model__colsample_bylevel": 0.3, "model__colsample_bynode": 1.0, "model__colsample_bytree": 1.0, "model__learning_rate": 0.3, "model__max_depth": 4.9695453682019615, "model__n_estimators": 21.53098905795449, "model__reg_lambda": 9.893642108133774}, "datetime": {"datetime": "2021-03-24 07:39:54", "elapsed": 95.774454, "delta": 1.110296}}
{"target": -0.3772074224501578, "params": {"model__colsample_bylevel": 0.3, "model__colsample_bynode": 1.0, "model__colsample_bytree": 0.3, "model__learning_rate": 0.3, "model__max_depth": 8.0, "model__n_estimators": 28.791475937557195, "model__reg_lambda": 7.94802333984904}, "datetime": {"datetime": "2021-03-24 07:39:55", "elapsed": 97.133055, "delta": 1.358601}}
{"target": -0.3405855421695615, "params": {"model__colsample_bylevel": 0.9904407419929762, "model__colsample_bynode": 0.9106068928902582, "model__colsample_bytree": 0.9902340991740923, "model__learning_rate": 0.2833759036510045, "model__max_depth": 6.988863278311777, "model__n_estimators": 24.631568120785396, "model__reg_lambda": 6.9454116290831225}, "datetime": {"datetime": "2021-03-24 07:39:56", "elapsed": 98.41021, "delta": 1.277155}}
{"target": -0.3201249402930852, "params": {"model__colsample_bylevel": 0.715587734397044, "model__colsample_bynode": 0.9915479613454574, "model__colsample_bytree": 0.3990543074489429, "model__learning_rate": 0.27081799197157586, "model__max_depth": 7.981272868273113, "model__n_estimators": 27.277622801649674, "model__reg_lambda": 0.9349119435025388}, "datetime": {"datetime": "2021-03-24 07:39:57", "elapsed": 99.512619, "delta": 1.102409}}
{"target": -0.311942070372153, "params": {"model__colsample_bylevel": 0.8037003486467957, "model__colsample_bynode": 0.9679156143456877, "model__colsample_bytree": 0.7215985468905379, "model__learning_rate": 0.2895664256296888, "model__max_depth": 2.7432583237356365, "model__n_estimators": 26.396718804595388, "model__reg_lambda": 0.7104829764618648}, "datetime": {"datetime": "2021-03-24 07:39:59", "elapsed": 100.980033, "delta": 1.467414}}
{"target": -0.3238370882283957, "params": {"model__colsample_bylevel": 0.3, "model__colsample_bynode": 1.0, "model__colsample_bytree": 0.9999999874980469, "model__learning_rate": 0.3, "model__max_depth": 2.5440434173056325, "model__n_estimators": 22.799251744622815, "model__reg_lambda": 0.6774814105531093}, "datetime": {"datetime": "2021-03-24 07:40:00", "elapsed": 102.205773, "delta": 1.22574}}
{"target": -0.34657695534558075, "params": {"model__colsample_bylevel": 0.8853825505580186, "model__colsample_bynode": 0.49985168016183057, "model__colsample_bytree": 0.9647507179433727, "model__learning_rate": 0.2601562230903011, "model__max_depth": 7.800312216804491, "model__n_estimators": 25.10304148232809, "model__reg_lambda": 9.812875709057021}, "datetime": {"datetime": "2021-03-24 07:40:01", "elapsed": 103.551158, "delta": 1.345385}}
{"target": -0.3451112778114992, "params": {"model__colsample_bylevel": 0.43580906149841314, "model__colsample_bynode": 0.33881595208409593, "model__colsample_bytree": 0.9173135558611565, "model__learning_rate": 0.2634209480331009, "model__max_depth": 3.874171178980408, "model__n_estimators": 19.79250830775777, "model__reg_lambda": 0.7672252321287931}, "datetime": {"datetime": "2021-03-24 07:40:03", "elapsed": 104.744915, "delta": 1.193757}}
{"target": -0.2889389738217384, "params": {"model__colsample_bylevel": 0.49366837432835187, "model__colsample_bynode": 0.9563605721216693, "model__colsample_bytree": 0.9298612762705443, "model__learning_rate": 0.25525247792507844, "model__max_depth": 7.472868524849726, "model__n_estimators": 29.835870192140646, "model__reg_lambda": 0.12021066710812933}, "datetime": {"datetime": "2021-03-24 07:40:04", "elapsed": 105.897521, "delta": 1.152606}}
{"target": -0.33696299783035133, "params": {"model__colsample_bylevel": 0.9681901817499301, "model__colsample_bynode": 0.998494412957261, "model__colsample_bytree": 0.8728155784884943, "model__learning_rate": 0.206775090481437, "model__max_depth": 2.0889042433243743, "model__n_estimators": 19.458386287105448, "model__reg_lambda": 0.17390393465079312}, "datetime": {"datetime": "2021-03-24 07:40:05", "elapsed": 107.30537, "delta": 1.407849}}
{"target": -0.3581691677164138, "params": {"model__colsample_bylevel": 0.9999999936606375, "model__colsample_bynode": 0.3, "model__colsample_bytree": 1.0, "model__learning_rate": 0.3, "model__max_depth": 4.08417225876173, "model__n_estimators": 17.076991224154998, "model__reg_lambda": 2.1141936154267205}, "datetime": {"datetime": "2021-03-24 07:40:06", "elapsed": 108.545059, "delta": 1.239689}}
{"target": -0.30869978631431555, "params": {"model__colsample_bylevel": 0.3367059826115928, "model__colsample_bynode": 0.4186417938080182, "model__colsample_bytree": 0.9991329500153443, "model__learning_rate": 0.2843115753483179, "model__max_depth": 7.914118182048211, "model__n_estimators": 17.134128630850682, "model__reg_lambda": 0.08540542331328838}, "datetime": {"datetime": "2021-03-24 07:40:07", "elapsed": 109.517518, "delta": 0.972459}}
{"target": -0.3599215260548247, "params": {"model__colsample_bylevel": 0.7379391357819878, "model__colsample_bynode": 1.0, "model__colsample_bytree": 1.0, "model__learning_rate": 0.3, "model__max_depth": 2.0, "model__n_estimators": 24.920561938720915, "model__reg_lambda": 7.717233548289618}, "datetime": {"datetime": "2021-03-24 07:40:09", "elapsed": 110.808571, "delta": 1.291053}}
{"target": -0.3328803746090473, "params": {"model__colsample_bylevel": 0.9787976876957101, "model__colsample_bynode": 0.984610226221849, "model__colsample_bytree": 0.8909961970899327, "model__learning_rate": 0.292942924813132, "model__max_depth": 6.247784294543236, "model__n_estimators": 20.720695909115083, "model__reg_lambda": 6.718623087063916}, "datetime": {"datetime": "2021-03-24 07:40:10", "elapsed": 112.008292, "delta": 1.199721}}
{"target": -0.43597568493261357, "params": {"model__colsample_bylevel": 0.3, "model__colsample_bynode": 0.9999999998316408, "model__colsample_bytree": 0.3, "model__learning_rate": 0.3, "model__max_depth": 6.414270647353593, "model__n_estimators": 24.958650502721284, "model__reg_lambda": 0.0}, "datetime": {"datetime": "2021-03-24 07:40:11", "elapsed": 113.203589, "delta": 1.195297}}
{"target": -0.3587217904358218, "params": {"model__colsample_bylevel": 0.786836282280054, "model__colsample_bynode": 0.8795068007243214, "model__colsample_bytree": 0.9936898102010925, "model__learning_rate": 0.28059845463505595, "model__max_depth": 7.8550238233274525, "model__n_estimators": 28.729613044018937, "model__reg_lambda": 0.2626664896428166}, "datetime": {"datetime": "2021-03-24 07:40:12", "elapsed": 114.48147, "delta": 1.277881}}
{"target": -0.30163954276552735, "params": {"model__colsample_bylevel": 0.32381019166135744, "model__colsample_bynode": 0.9560261550473901, "model__colsample_bytree": 0.9633623342139848, "model__learning_rate": 0.28574376526275236, "model__max_depth": 6.41769228255397, "model__n_estimators": 27.866732467552723, "model__reg_lambda": 1.5356219177788455}, "datetime": {"datetime": "2021-03-24 07:40:14", "elapsed": 115.826591, "delta": 1.345121}}
{"target": -0.3524289151616529, "params": {"model__colsample_bylevel": 0.8390247442687113, "model__colsample_bynode": 0.3969165319010423, "model__colsample_bytree": 0.9028897212429987, "model__learning_rate": 0.2984233752950034, "model__max_depth": 2.234627770104646, "model__n_estimators": 29.98534009599841, "model__reg_lambda": 8.20118146199962}, "datetime": {"datetime": "2021-03-24 07:40:15", "elapsed": 117.200465, "delta": 1.373874}}
{"target": -0.3615631867395849, "params": {"model__colsample_bylevel": 0.9980594592859523, "model__colsample_bynode": 0.39280553939939755, "model__colsample_bytree": 0.9968299469047615, "model__learning_rate": 0.3, "model__max_depth": 3.8778839313442792, "model__n_estimators": 18.91577545899647, "model__reg_lambda": 6.19344800784701}, "datetime": {"datetime": "2021-03-24 07:40:17", "elapsed": 118.620123, "delta": 1.419658}}
{"target": -0.3613113392886801, "params": {"model__colsample_bylevel": 0.9963188056416985, "model__colsample_bynode": 0.8907110773917652, "model__colsample_bytree": 0.4810633585058833, "model__learning_rate": 0.2963297438783273, "model__max_depth": 2.0109917550358967, "model__n_estimators": 21.00303381634179, "model__reg_lambda": 7.452728365278029}, "datetime": {"datetime": "2021-03-24 07:40:18", "elapsed": 120.027625, "delta": 1.407502}}
{"target": -0.326329325257836, "params": {"model__colsample_bylevel": 0.44421578742223244, "model__colsample_bynode": 0.9777001152705755, "model__colsample_bytree": 0.8578771631178606, "model__learning_rate": 0.25908526443048885, "model__max_depth": 7.946328132222428, "model__n_estimators": 26.822893910805938, "model__reg_lambda": 0.4864755908917018}, "datetime": {"datetime": "2021-03-24 07:40:19", "elapsed": 121.242193, "delta": 1.214568}}
{"target": -0.37439554311327494, "params": {"model__colsample_bylevel": 0.31871831080003077, "model__colsample_bynode": 0.5653806901442571, "model__colsample_bytree": 0.3681025192645425, "model__learning_rate": 0.28113022852861924, "model__max_depth": 7.557661818902237, "model__n_estimators": 27.760703253041854, "model__reg_lambda": 0.20230057325851591}, "datetime": {"datetime": "2021-03-24 07:40:20", "elapsed": 122.438395, "delta": 1.196202}}
{"target": -0.4201378671303931, "params": {"model__colsample_bylevel": 0.9848309377055262, "model__colsample_bynode": 0.327279433960536, "model__colsample_bytree": 0.6059616380288628, "model__learning_rate": 0.22857830480654712, "model__max_depth": 7.87189102514705, "model__n_estimators": 15.059226950652313, "model__reg_lambda": 8.289590425118059}, "datetime": {"datetime": "2021-03-24 07:40:21", "elapsed": 123.570077, "delta": 1.131682}}
{"target": -0.3424355076582076, "params": {"model__colsample_bylevel": 0.9999999999991409, "model__colsample_bynode": 1.0, "model__colsample_bytree": 0.999999999242478, "model__learning_rate": 0.3, "model__max_depth": 4.828243255747697, "model__n_estimators": 22.859202939396017, "model__reg_lambda": 6.874688449537732}, "datetime": {"datetime": "2021-03-24 07:40:23", "elapsed": 124.823471, "delta": 1.253394}}
{"target": -0.3335280736638368, "params": {"model__colsample_bylevel": 0.3218769221057788, "model__colsample_bynode": 0.9950349522425446, "model__colsample_bytree": 0.9719822617573468, "model__learning_rate": 0.24195313230027318, "model__max_depth": 7.791305159277575, "model__n_estimators": 23.288667794727274, "model__reg_lambda": 4.9176574077752}, "datetime": {"datetime": "2021-03-24 07:40:24", "elapsed": 126.130761, "delta": 1.30729}}
{"target": -0.45651180008021386, "params": {"model__colsample_bylevel": 1.0, "model__colsample_bynode": 0.3, "model__colsample_bytree": 0.3, "model__learning_rate": 0.3, "model__max_depth": 2.0, "model__n_estimators": 17.16434332754068, "model__reg_lambda": 10.0}, "datetime": {"datetime": "2021-03-24 07:40:25", "elapsed": 127.407375, "delta": 1.276614}}
{"target": -0.42596303215722786, "params": {"model__colsample_bylevel": 0.3, "model__colsample_bynode": 1.0, "model__colsample_bytree": 0.3, "model__learning_rate": 0.3, "model__max_depth": 2.485661899275511, "model__n_estimators": 22.824230871676065, "model__reg_lambda": 7.571960735877228}, "datetime": {"datetime": "2021-03-24 07:40:27", "elapsed": 128.841629, "delta": 1.434254}}
{"target": -0.39671621706768656, "params": {"model__colsample_bylevel": 0.3, "model__colsample_bynode": 1.0, "model__colsample_bytree": 0.3, "model__learning_rate": 0.3, "model__max_depth": 7.780997536460314, "model__n_estimators": 15.0, "model__reg_lambda": 4.489774075136668}, "datetime": {"datetime": "2021-03-24 07:40:28", "elapsed": 130.309115, "delta": 1.467486}}
{"target": -0.3674960307196538, "params": {"model__colsample_bylevel": 0.9559710727444757, "model__colsample_bynode": 0.857086597915981, "model__colsample_bytree": 0.31501730868049677, "model__learning_rate": 0.12728912200184997, "model__max_depth": 7.686727087709817, "model__n_estimators": 29.949532034117773, "model__reg_lambda": 3.5210046511220083}, "datetime": {"datetime": "2021-03-24 07:40:29", "elapsed": 131.51999, "delta": 1.210875}}
{"target": -0.36576046275980506, "params": {"model__colsample_bylevel": 1.0, "model__colsample_bynode": 0.3133828440275962, "model__colsample_bytree": 1.0, "model__learning_rate": 0.3, "model__max_depth": 6.9338303371493035, "model__n_estimators": 15.0, "model__reg_lambda": 2.4804277898198532}, "datetime": {"datetime": "2021-03-24 07:40:31", "elapsed": 133.164496, "delta": 1.644506}}
{"target": -0.3139961274980189, "params": {"model__colsample_bylevel": 0.9593017974097395, "model__colsample_bynode": 0.9884141947300826, "model__colsample_bytree": 0.7816246353315952, "model__learning_rate": 0.22466832540214204, "model__max_depth": 2.039837022590187, "model__n_estimators": 25.30437398131033, "model__reg_lambda": 0.2096726960489914}, "datetime": {"datetime": "2021-03-24 07:40:33", "elapsed": 134.621464, "delta": 1.456968}}
{"target": -0.3544805336385911, "params": {"model__colsample_bylevel": 0.3019242565798101, "model__colsample_bynode": 0.9307825823577935, "model__colsample_bytree": 0.999518687668816, "model__learning_rate": 0.2975364603789117, "model__max_depth": 5.597204594169097, "model__n_estimators": 20.469013569284208, "model__reg_lambda": 3.299564923198448}, "datetime": {"datetime": "2021-03-24 07:40:34", "elapsed": 136.032382, "delta": 1.410918}}
{"target": -0.4151521170471349, "params": {"model__colsample_bylevel": 0.3, "model__colsample_bynode": 0.3, "model__colsample_bytree": 1.0, "model__learning_rate": 0.3, "model__max_depth": 2.0, "model__n_estimators": 15.0, "model__reg_lambda": 7.161489209398035}, "datetime": {"datetime": "2021-03-24 07:40:35", "elapsed": 137.548046, "delta": 1.515664}}
{"target": -0.36760351840082717, "params": {"model__colsample_bylevel": 0.827664756182708, "model__colsample_bynode": 0.9875517094962429, "model__colsample_bytree": 0.9913816649990372, "model__learning_rate": 0.11148676287664938, "model__max_depth": 3.336749422456328, "model__n_estimators": 21.854283421778348, "model__reg_lambda": 0.5427171043963197}, "datetime": {"datetime": "2021-03-24 07:40:37", "elapsed": 139.118233, "delta": 1.570187}}
{"target": -0.3823384918097029, "params": {"model__colsample_bylevel": 0.9913388200885644, "model__colsample_bynode": 0.37415158768576023, "model__colsample_bytree": 0.31990664780892103, "model__learning_rate": 0.2953571186432784, "model__max_depth": 4.0641609129864165, "model__n_estimators": 21.609968670938443, "model__reg_lambda": 5.294991465929295}, "datetime": {"datetime": "2021-03-24 07:40:39", "elapsed": 140.575049, "delta": 1.456816}}
{"target": -0.3496232556992386, "params": {"model__colsample_bylevel": 0.48588299292321135, "model__colsample_bynode": 0.3279269388190444, "model__colsample_bytree": 0.9204259297090476, "model__learning_rate": 0.28269524252514966, "model__max_depth": 6.643294807267176, "model__n_estimators": 22.482855252995055, "model__reg_lambda": 5.581990055295158}, "datetime": {"datetime": "2021-03-24 07:40:40", "elapsed": 142.198088, "delta": 1.623039}}
{"target": -0.3472799209965582, "params": {"model__colsample_bylevel": 0.9900855625228919, "model__colsample_bynode": 0.4718180924785876, "model__colsample_bytree": 1.0, "model__learning_rate": 0.3, "model__max_depth": 6.343337570919812, "model__n_estimators": 17.723006138841267, "model__reg_lambda": 5.380171583420727}, "datetime": {"datetime": "2021-03-24 07:40:41", "elapsed": 143.433491, "delta": 1.235403}}
{"target": -0.36210501190288447, "params": {"model__colsample_bylevel": 0.8220815731459545, "model__colsample_bynode": 0.46124504311768366, "model__colsample_bytree": 0.9999999979826334, "model__learning_rate": 0.3, "model__max_depth": 2.0, "model__n_estimators": 20.899594396074598, "model__reg_lambda": 5.990540310752346}, "datetime": {"datetime": "2021-03-24 07:40:43", "elapsed": 144.783947, "delta": 1.350456}}
{"target": -0.3887351454211993, "params": {"model__colsample_bylevel": 1.0, "model__colsample_bynode": 1.0, "model__colsample_bytree": 0.3, "model__learning_rate": 0.3, "model__max_depth": 7.9999999999999565, "model__n_estimators": 15.0, "model__reg_lambda": 0.0}, "datetime": {"datetime": "2021-03-24 07:40:44", "elapsed": 146.166461, "delta": 1.382514}}
{"target": -0.37387883898775104, "params": {"model__colsample_bylevel": 0.9176133411350244, "model__colsample_bynode": 1.0, "model__colsample_bytree": 0.9999999976456904, "model__learning_rate": 0.1, "model__max_depth": 7.025743412703779, "model__n_estimators": 30.0, "model__reg_lambda": 0.6902773921707857}, "datetime": {"datetime": "2021-03-24 07:40:46", "elapsed": 147.754918, "delta": 1.588457}}
{"target": -0.35001158931147497, "params": {"model__colsample_bylevel": 0.8715735248375891, "model__colsample_bynode": 0.9353134102770708, "model__colsample_bytree": 0.4054307462898259, "model__learning_rate": 0.29975375637388735, "model__max_depth": 7.653727421351595, "model__n_estimators": 23.42446842146493, "model__reg_lambda": 3.486413382407656}, "datetime": {"datetime": "2021-03-24 07:40:47", "elapsed": 149.173126, "delta": 1.418208}}
{"target": -0.3777619374193845, "params": {"model__colsample_bylevel": 0.3830209245642217, "model__colsample_bynode": 0.32672122224767175, "model__colsample_bytree": 0.3566691331452834, "model__learning_rate": 0.28834222545435717, "model__max_depth": 5.339305953912409, "model__n_estimators": 29.85157633170652, "model__reg_lambda": 4.864438674454527}, "datetime": {"datetime": "2021-03-24 07:40:48", "elapsed": 150.441189, "delta": 1.268063}}
{"target": -0.33842591494169977, "params": {"model__colsample_bylevel": 0.9467853517397873, "model__colsample_bynode": 0.5791241402738522, "model__colsample_bytree": 0.8706038101517808, "model__learning_rate": 0.2878104280694729, "model__max_depth": 4.184962314310548, "model__n_estimators": 26.466446664312485, "model__reg_lambda": 6.110603447288353}, "datetime": {"datetime": "2021-03-24 07:40:50", "elapsed": 151.787414, "delta": 1.346225}}
{"target": -0.3928816424682737, "params": {"model__colsample_bylevel": 0.7104238988461408, "model__colsample_bynode": 0.31429559988288014, "model__colsample_bytree": 0.9281561872588762, "model__learning_rate": 0.28090886737017917, "model__max_depth": 7.87540626890298, "model__n_estimators": 17.054901811936126, "model__reg_lambda": 9.847112895740354}, "datetime": {"datetime": "2021-03-24 07:40:51", "elapsed": 153.298821, "delta": 1.511407}}
{"target": -0.35494228798225, "params": {"model__colsample_bylevel": 0.4102424084046205, "model__colsample_bynode": 0.7699516975048573, "model__colsample_bytree": 0.3312669948820917, "model__learning_rate": 0.2782868881606959, "model__max_depth": 7.9873878833444545, "model__n_estimators": 29.73690996509586, "model__reg_lambda": 0.05877602202850274}, "datetime": {"datetime": "2021-03-24 07:40:52", "elapsed": 154.465863, "delta": 1.167042}}
{"target": -0.34998408269771525, "params": {"model__colsample_bylevel": 1.0, "model__colsample_bynode": 0.3, "model__colsample_bytree": 0.9999999987453573, "model__learning_rate": 0.3, "model__max_depth": 2.048967475310589, "model__n_estimators": 26.713261709301456, "model__reg_lambda": 6.293107638723086}, "datetime": {"datetime": "2021-03-24 07:40:54", "elapsed": 155.589741, "delta": 1.123878}}
{"target": -0.33661895576354955, "params": {"model__colsample_bylevel": 0.9877333159604733, "model__colsample_bynode": 0.34286107957269873, "model__colsample_bytree": 0.7017337203295243, "model__learning_rate": 0.298888550116697, "model__max_depth": 2.077303295158819, "model__n_estimators": 28.602192133813944, "model__reg_lambda": 2.3176508024151676}, "datetime": {"datetime": "2021-03-24 07:40:55", "elapsed": 157.051781, "delta": 1.46204}}
