{"target": -0.3311146988104894, "params": {"model__colsample_bylevel": 0.8598493484482015, "model__colsample_bynode": 0.6132215091574345, "model__colsample_bytree": 0.41608734450929086, "model__learning_rate": 0.28161769996720365, "model__max_depth": 4.0, "model__n_estimators": 29.0, "model__reg_lambda": 5.040994016933976}, "datetime": {"datetime": "2021-03-24 07:38:18", "elapsed": 0.0, "delta": 0.0}}
{"target": -0.41582697433591614, "params": {"model__colsample_bylevel": 0.3, "model__colsample_bynode": 1.0, "model__colsample_bytree": 0.3, "model__learning_rate": 0.3, "model__max_depth": 4.0, "model__n_estimators": 15.0, "model__reg_lambda": 0.0}, "datetime": {"datetime": "2021-03-24 07:38:18", "elapsed": 0.072182, "delta": 0.072182}}
{"target": -0.3156944857749993, "params": {"model__colsample_bylevel": 0.985340210579901, "model__colsample_bynode": 0.38441417700016534, "model__colsample_bytree": 0.9854619264102267, "model__learning_rate": 0.2761061313985922, "model__max_depth": 5.0, "model__n_estimators": 30.0, "model__reg_lambda": 4.810998458551806}, "datetime": {"datetime": "2021-03-24 07:38:18", "elapsed": 0.190582, "delta": 0.1184}}
{"target": -0.3235790182337792, "params": {"model__colsample_bylevel": 0.48340990047238486, "model__colsample_bynode": 0.8928722725803, "model__colsample_bytree": 0.9622662537835329, "model__learning_rate": 0.2668928984734602, "model__max_depth": 3.0, "model__n_estimators": 25.0, "model__reg_lambda": 1.1883932947584452}, "datetime": {"datetime": "2021-03-24 07:38:18", "elapsed": 0.277411, "delta": 0.086829}}
{"target": -0.35874677220126616, "params": {"model__colsample_bylevel": 1.0, "model__colsample_bynode": 0.3000000005053292, "model__colsample_bytree": 1.0, "model__learning_rate": 0.3, "model__max_depth": 8.0, "model__n_estimators": 21.0, "model__reg_lambda": 2.517719347582056}, "datetime": {"datetime": "2021-03-24 07:38:18", "elapsed": 0.374762, "delta": 0.097351}}
{"target": -0.35438952011602887, "params": {"model__colsample_bylevel": 0.30462006869763825, "model__colsample_bynode": 0.45533364241708574, "model__colsample_bytree": 0.9641743153665239, "model__learning_rate": 0.23693981248695023, "model__max_depth": 3.0, "model__n_estimators": 25.0, "model__reg_lambda": 0.04633818640440657}, "datetime": {"datetime": "2021-03-24 07:38:18", "elapsed": 0.447802, "delta": 0.07304}}
{"target": -0.35438952011602887, "params": {"model__colsample_bylevel": 0.30462006869763825, "model__colsample_bynode": 0.45533364241708574, "model__colsample_bytree": 0.9641743153665239, "model__learning_rate": 0.23693981248695023, "model__max_depth": 3.0, "model__n_estimators": 25.0, "model__reg_lambda": 0.04633818640440657}, "datetime": {"datetime": "2021-03-24 07:38:18", "elapsed": 0.448116, "delta": 0.000314}}
{"target": -0.31203213517243666, "params": {"model__colsample_bylevel": 0.3, "model__colsample_bynode": 1.0, "model__colsample_bytree": 1.0, "model__learning_rate": 0.3, "model__max_depth": 2.0, "model__n_estimators": 30.0, "model__reg_lambda": 0.0}, "datetime": {"datetime": "2021-03-24 07:38:18", "elapsed": 0.533945, "delta": 0.085829}}
{"target": -0.31203213517243666, "params": {"model__colsample_bylevel": 0.3, "model__colsample_bynode": 1.0, "model__colsample_bytree": 1.0, "model__learning_rate": 0.3, "model__max_depth": 2.0, "model__n_estimators": 30.0, "model__reg_lambda": 0.0}, "datetime": {"datetime": "2021-03-24 07:38:18", "elapsed": 0.534221, "delta": 0.000276}}
{"target": -0.3263866764061369, "params": {"model__colsample_bylevel": 0.9858848418768023, "model__colsample_bynode": 0.4201902719466195, "model__colsample_bytree": 0.6859789922529281, "model__learning_rate": 0.2944844983841013, "model__max_depth": 4.0, "model__n_estimators": 30.0, "model__reg_lambda": 2.905779908114364}, "datetime": {"datetime": "2021-03-24 07:38:19", "elapsed": 0.626613, "delta": 0.092392}}
{"target": -0.3171770793165627, "params": {"model__colsample_bylevel": 0.875874218410341, "model__colsample_bynode": 0.3476635884432162, "model__colsample_bytree": 0.9646731094677288, "model__learning_rate": 0.27494240824886007, "model__max_depth": 3.0, "model__n_estimators": 18.0, "model__reg_lambda": 0.345457323222067}, "datetime": {"datetime": "2021-03-24 07:38:19", "elapsed": 0.707705, "delta": 0.081092}}
{"target": -0.33603773813752086, "params": {"model__colsample_bylevel": 0.4145201528272396, "model__colsample_bynode": 0.9391046572012895, "model__colsample_bytree": 0.5296394790416012, "model__learning_rate": 0.26355714256507956, "model__max_depth": 8.0, "model__n_estimators": 25.0, "model__reg_lambda": 1.4805356108521806}, "datetime": {"datetime": "2021-03-24 07:38:19", "elapsed": 0.795013, "delta": 0.087308}}
{"target": -0.30639756684376274, "params": {"model__colsample_bylevel": 0.30000000042136993, "model__colsample_bynode": 1.0, "model__colsample_bytree": 1.0, "model__learning_rate": 0.3, "model__max_depth": 3.0, "model__n_estimators": 21.0, "model__reg_lambda": 0.0}, "datetime": {"datetime": "2021-03-24 07:38:19", "elapsed": 0.874679, "delta": 0.079666}}
{"target": -0.3557505229291881, "params": {"model__colsample_bylevel": 0.9586162980221284, "model__colsample_bynode": 0.3269135894260423, "model__colsample_bytree": 0.30360734650089816, "model__learning_rate": 0.2920641235136413, "model__max_depth": 6.0, "model__n_estimators": 30.0, "model__reg_lambda": 0.1295340269267753}, "datetime": {"datetime": "2021-03-24 07:38:19", "elapsed": 0.962278, "delta": 0.087599}}
{"target": -0.3781993948810639, "params": {"model__colsample_bylevel": 1.0, "model__colsample_bynode": 0.30000000408756433, "model__colsample_bytree": 0.3, "model__learning_rate": 0.23111808557260663, "model__max_depth": 8.0, "model__n_estimators": 25.0, "model__reg_lambda": 0.3406563547812967}, "datetime": {"datetime": "2021-03-24 07:38:19", "elapsed": 1.048518, "delta": 0.08624}}
{"target": -0.3287947070069081, "params": {"model__colsample_bylevel": 0.32703279873598284, "model__colsample_bynode": 0.7650161415882953, "model__colsample_bytree": 0.9283168181950918, "model__learning_rate": 0.25165491767187675, "model__max_depth": 8.0, "model__n_estimators": 25.0, "model__reg_lambda": 0.01537093939344425}, "datetime": {"datetime": "2021-03-24 07:38:19", "elapsed": 1.134167, "delta": 0.085649}}
{"target": -0.3287947070069081, "params": {"model__colsample_bylevel": 0.32703279873598284, "model__colsample_bynode": 0.7650161415882953, "model__colsample_bytree": 0.9283168181950918, "model__learning_rate": 0.25165491767187675, "model__max_depth": 8.0, "model__n_estimators": 25.0, "model__reg_lambda": 0.01537093939344425}, "datetime": {"datetime": "2021-03-24 07:38:19", "elapsed": 1.134472, "delta": 0.000305}}
{"target": -0.33865917127535583, "params": {"model__colsample_bylevel": 0.9606600259009006, "model__colsample_bynode": 0.40342695468650597, "model__colsample_bytree": 0.9271705955724225, "model__learning_rate": 0.286225941410727, "model__max_depth": 4.0, "model__n_estimators": 27.0, "model__reg_lambda": 3.1766411789295312}, "datetime": {"datetime": "2021-03-24 07:38:19", "elapsed": 1.238832, "delta": 0.10436}}
{"target": -0.33865917127535583, "params": {"model__colsample_bylevel": 0.9606600259009006, "model__colsample_bynode": 0.40342695468650597, "model__colsample_bytree": 0.9271705955724225, "model__learning_rate": 0.286225941410727, "model__max_depth": 4.0, "model__n_estimators": 27.0, "model__reg_lambda": 3.1766411789295312}, "datetime": {"datetime": "2021-03-24 07:38:19", "elapsed": 1.239145, "delta": 0.000313}}
{"target": -0.3149629648652542, "params": {"model__colsample_bylevel": 0.5678287253499291, "model__colsample_bynode": 0.4966456469923308, "model__colsample_bytree": 0.4459938429678439, "model__learning_rate": 0.2911044378712101, "model__max_depth": 3.0, "model__n_estimators": 27.0, "model__reg_lambda": 0.01936184458506407}, "datetime": {"datetime": "2021-03-24 07:38:19", "elapsed": 1.322362, "delta": 0.083217}}
{"target": -0.31466709645836194, "params": {"model__colsample_bylevel": 0.5997782571373891, "model__colsample_bynode": 0.334493174563118, "model__colsample_bytree": 0.9188705785118891, "model__learning_rate": 0.24068083865957007, "model__max_depth": 5.0, "model__n_estimators": 30.0, "model__reg_lambda": 0.04198215316259413}, "datetime": {"datetime": "2021-03-24 07:38:19", "elapsed": 1.404006, "delta": 0.081644}}
{"target": -0.33495534537208227, "params": {"model__colsample_bylevel": 0.8042463908051236, "model__colsample_bynode": 0.3482271609762252, "model__colsample_bytree": 0.9227486115579644, "model__learning_rate": 0.29440401322132126, "model__max_depth": 2.0, "model__n_estimators": 27.0, "model__reg_lambda": 0.6282977234671627}, "datetime": {"datetime": "2021-03-24 07:38:19", "elapsed": 1.482407, "delta": 0.078401}}
{"target": -0.33495534537208227, "params": {"model__colsample_bylevel": 0.8042463908051236, "model__colsample_bynode": 0.3482271609762252, "model__colsample_bytree": 0.9227486115579644, "model__learning_rate": 0.29440401322132126, "model__max_depth": 2.0, "model__n_estimators": 27.0, "model__reg_lambda": 0.6282977234671627}, "datetime": {"datetime": "2021-03-24 07:38:19", "elapsed": 1.482758, "delta": 0.000351}}
{"target": -0.33495534537208227, "params": {"model__colsample_bylevel": 0.8042463908051236, "model__colsample_bynode": 0.3482271609762252, "model__colsample_bytree": 0.9227486115579644, "model__learning_rate": 0.29440401322132126, "model__max_depth": 2.0, "model__n_estimators": 27.0, "model__reg_lambda": 0.6282977234671627}, "datetime": {"datetime": "2021-03-24 07:38:19", "elapsed": 1.48297, "delta": 0.000212}}
{"target": -0.3236656382310447, "params": {"model__colsample_bylevel": 0.9714179322561098, "model__colsample_bynode": 0.35830559707667364, "model__colsample_bytree": 0.9612375104161934, "model__learning_rate": 0.2965256808321166, "model__max_depth": 3.0, "model__n_estimators": 27.0, "model__reg_lambda": 0.20450508870581863}, "datetime": {"datetime": "2021-03-24 07:38:19", "elapsed": 1.570729, "delta": 0.087759}}
{"target": -0.32927409319242507, "params": {"model__colsample_bylevel": 0.34986853271330365, "model__colsample_bynode": 0.6535964000576462, "model__colsample_bytree": 0.974791668935183, "model__learning_rate": 0.2828318435124024, "model__max_depth": 5.0, "model__n_estimators": 28.0, "model__reg_lambda": 0.6085542863560367}, "datetime": {"datetime": "2021-03-24 07:38:20", "elapsed": 1.66037, "delta": 0.089641}}
{"target": -0.29898402738103147, "params": {"model__colsample_bylevel": 1.0, "model__colsample_bynode": 0.8396708848425268, "model__colsample_bytree": 0.9607210657008314, "model__learning_rate": 0.3, "model__max_depth": 2.0, "model__n_estimators": 30.0, "model__reg_lambda": 0.9039629268942795}, "datetime": {"datetime": "2021-03-24 07:38:20", "elapsed": 1.772286, "delta": 0.111916}}
{"target": -0.38089918509993337, "params": {"model__colsample_bylevel": 0.31605955123801327, "model__colsample_bynode": 0.6657876925360169, "model__colsample_bytree": 0.34412212999747605, "model__learning_rate": 0.29258356851134515, "model__max_depth": 4.0, "model__n_estimators": 29.0, "model__reg_lambda": 0.40770144613460735}, "datetime": {"datetime": "2021-03-24 07:38:20", "elapsed": 1.85221, "delta": 0.079924}}
{"target": -0.3550622666878896, "params": {"model__colsample_bylevel": 0.30133478766162886, "model__colsample_bynode": 0.4063449260744055, "model__colsample_bytree": 0.9189235712942687, "model__learning_rate": 0.28820284761962106, "model__max_depth": 8.0, "model__n_estimators": 29.0, "model__reg_lambda": 1.9096394305561648}, "datetime": {"datetime": "2021-03-24 07:38:20", "elapsed": 1.934599, "delta": 0.082389}}
{"target": -0.3550622666878896, "params": {"model__colsample_bylevel": 0.30133478766162886, "model__colsample_bynode": 0.4063449260744055, "model__colsample_bytree": 0.9189235712942687, "model__learning_rate": 0.28820284761962106, "model__max_depth": 8.0, "model__n_estimators": 29.0, "model__reg_lambda": 1.9096394305561648}, "datetime": {"datetime": "2021-03-24 07:38:20", "elapsed": 1.934919, "delta": 0.00032}}
{"target": -0.3550622666878896, "params": {"model__colsample_bylevel": 0.30133478766162886, "model__colsample_bynode": 0.4063449260744055, "model__colsample_bytree": 0.9189235712942687, "model__learning_rate": 0.28820284761962106, "model__max_depth": 8.0, "model__n_estimators": 29.0, "model__reg_lambda": 1.9096394305561648}, "datetime": {"datetime": "2021-03-24 07:38:20", "elapsed": 1.935125, "delta": 0.000206}}
{"target": -0.3550622666878896, "params": {"model__colsample_bylevel": 0.30133478766162886, "model__colsample_bynode": 0.4063449260744055, "model__colsample_bytree": 0.9189235712942687, "model__learning_rate": 0.28820284761962106, "model__max_depth": 8.0, "model__n_estimators": 29.0, "model__reg_lambda": 1.9096394305561648}, "datetime": {"datetime": "2021-03-24 07:38:20", "elapsed": 1.935341, "delta": 0.000216}}
{"target": -0.33406067987974813, "params": {"model__colsample_bylevel": 0.8282478678731651, "model__colsample_bynode": 0.3356214543082744, "model__colsample_bytree": 0.8223246075864992, "model__learning_rate": 0.2960634172598706, "model__max_depth": 3.0, "model__n_estimators": 30.0, "model__reg_lambda": 4.689257759612926}, "datetime": {"datetime": "2021-03-24 07:38:20", "elapsed": 2.022202, "delta": 0.086861}}
{"target": -0.3424891447199616, "params": {"model__colsample_bylevel": 1.0, "model__colsample_bynode": 0.45987587653477113, "model__colsample_bytree": 0.9999999999994132, "model__learning_rate": 0.2999999999999649, "model__max_depth": 8.0, "model__n_estimators": 25.0, "model__reg_lambda": 4.8058592621997285}, "datetime": {"datetime": "2021-03-24 07:38:20", "elapsed": 2.136083, "delta": 0.113881}}
{"target": -0.3424891447199616, "params": {"model__colsample_bylevel": 1.0, "model__colsample_bynode": 0.45987587653477113, "model__colsample_bytree": 0.9999999999994132, "model__learning_rate": 0.2999999999999649, "model__max_depth": 8.0, "model__n_estimators": 25.0, "model__reg_lambda": 4.8058592621997285}, "datetime": {"datetime": "2021-03-24 07:38:20", "elapsed": 2.13642, "delta": 0.000337}}
{"target": -0.3424891447199616, "params": {"model__colsample_bylevel": 1.0, "model__colsample_bynode": 0.45987587653477113, "model__colsample_bytree": 0.9999999999994132, "model__learning_rate": 0.2999999999999649, "model__max_depth": 8.0, "model__n_estimators": 25.0, "model__reg_lambda": 4.8058592621997285}, "datetime": {"datetime": "2021-03-24 07:38:20", "elapsed": 2.136638, "delta": 0.000218}}
{"target": -0.3424891447199616, "params": {"model__colsample_bylevel": 1.0, "model__colsample_bynode": 0.45987587653477113, "model__colsample_bytree": 0.9999999999994132, "model__learning_rate": 0.2999999999999649, "model__max_depth": 8.0, "model__n_estimators": 25.0, "model__reg_lambda": 4.8058592621997285}, "datetime": {"datetime": "2021-03-24 07:38:20", "elapsed": 2.136881, "delta": 0.000243}}
{"target": -0.30851156097858723, "params": {"model__colsample_bylevel": 0.31548590622000583, "model__colsample_bynode": 0.9547007549892765, "model__colsample_bytree": 0.9610682915488082, "model__learning_rate": 0.29024606360028127, "model__max_depth": 8.0, "model__n_estimators": 30.0, "model__reg_lambda": 1.870063812444096}, "datetime": {"datetime": "2021-03-24 07:38:20", "elapsed": 2.244378, "delta": 0.107497}}
{"target": -0.31001466277099304, "params": {"model__colsample_bylevel": 0.3408500869148628, "model__colsample_bynode": 0.9599509033943245, "model__colsample_bytree": 0.9983213814014924, "model__learning_rate": 0.23351771762386672, "model__max_depth": 5.0, "model__n_estimators": 30.0, "model__reg_lambda": 1.2416722419324555}, "datetime": {"datetime": "2021-03-24 07:38:20", "elapsed": 2.355793, "delta": 0.111415}}
{"target": -0.31001466277099304, "params": {"model__colsample_bylevel": 0.3408500869148628, "model__colsample_bynode": 0.9599509033943245, "model__colsample_bytree": 0.9983213814014924, "model__learning_rate": 0.23351771762386672, "model__max_depth": 5.0, "model__n_estimators": 30.0, "model__reg_lambda": 1.2416722419324555}, "datetime": {"datetime": "2021-03-24 07:38:20", "elapsed": 2.356174, "delta": 0.000381}}
{"target": -0.33631559558030544, "params": {"model__colsample_bylevel": 0.744154481084352, "model__colsample_bynode": 0.3501376978524085, "model__colsample_bytree": 0.8988278974433255, "model__learning_rate": 0.29859597929000764, "model__max_depth": 7.0, "model__n_estimators": 15.0, "model__reg_lambda": 0.7902387818513013}, "datetime": {"datetime": "2021-03-24 07:38:20", "elapsed": 2.438637, "delta": 0.082463}}
{"target": -0.33631559558030544, "params": {"model__colsample_bylevel": 0.744154481084352, "model__colsample_bynode": 0.3501376978524085, "model__colsample_bytree": 0.8988278974433255, "model__learning_rate": 0.29859597929000764, "model__max_depth": 7.0, "model__n_estimators": 15.0, "model__reg_lambda": 0.7902387818513013}, "datetime": {"datetime": "2021-03-24 07:38:20", "elapsed": 2.438983, "delta": 0.000346}}
{"target": -0.33631559558030544, "params": {"model__colsample_bylevel": 0.744154481084352, "model__colsample_bynode": 0.3501376978524085, "model__colsample_bytree": 0.8988278974433255, "model__learning_rate": 0.29859597929000764, "model__max_depth": 7.0, "model__n_estimators": 15.0, "model__reg_lambda": 0.7902387818513013}, "datetime": {"datetime": "2021-03-24 07:38:20", "elapsed": 2.4392, "delta": 0.000217}}
{"target": -0.3134144933319792, "params": {"model__colsample_bylevel": 0.4948431142868819, "model__colsample_bynode": 0.99207562690352, "model__colsample_bytree": 0.48011083592144776, "model__learning_rate": 0.23083578816454672, "model__max_depth": 4.0, "model__n_estimators": 23.0, "model__reg_lambda": 0.12797560327084234}, "datetime": {"datetime": "2021-03-24 07:38:20", "elapsed": 2.520727, "delta": 0.081527}}
{"target": -0.31002431867890523, "params": {"model__colsample_bylevel": 0.36946444889060526, "model__colsample_bynode": 0.9582718992793242, "model__colsample_bytree": 0.8682911265076569, "model__learning_rate": 0.27237440514528977, "model__max_depth": 8.0, "model__n_estimators": 23.0, "model__reg_lambda": 0.0013215828799628682}, "datetime": {"datetime": "2021-03-24 07:38:21", "elapsed": 2.609831, "delta": 0.089104}}
{"target": -0.30429049457652846, "params": {"model__colsample_bylevel": 0.843242372312118, "model__colsample_bynode": 0.9999999991326228, "model__colsample_bytree": 0.4529809870920354, "model__learning_rate": 0.3, "model__max_depth": 3.0, "model__n_estimators": 23.0, "model__reg_lambda": 0.6701071093600021}, "datetime": {"datetime": "2021-03-24 07:38:21", "elapsed": 2.697363, "delta": 0.087532}}
{"target": -0.3697944485897914, "params": {"model__colsample_bylevel": 0.4124644192395269, "model__colsample_bynode": 0.9811486114790016, "model__colsample_bytree": 0.3159486513861515, "model__learning_rate": 0.2871120191762554, "model__max_depth": 2.0, "model__n_estimators": 30.0, "model__reg_lambda": 0.5431474545515302}, "datetime": {"datetime": "2021-03-24 07:38:21", "elapsed": 2.770061, "delta": 0.072698}}
{"target": -0.3697944485897914, "params": {"model__colsample_bylevel": 0.4124644192395269, "model__colsample_bynode": 0.9811486114790016, "model__colsample_bytree": 0.3159486513861515, "model__learning_rate": 0.2871120191762554, "model__max_depth": 2.0, "model__n_estimators": 30.0, "model__reg_lambda": 0.5431474545515302}, "datetime": {"datetime": "2021-03-24 07:38:21", "elapsed": 2.770404, "delta": 0.000343}}
{"target": -0.3697944485897914, "params": {"model__colsample_bylevel": 0.4124644192395269, "model__colsample_bynode": 0.9811486114790016, "model__colsample_bytree": 0.3159486513861515, "model__learning_rate": 0.2871120191762554, "model__max_depth": 2.0, "model__n_estimators": 30.0, "model__reg_lambda": 0.5431474545515302}, "datetime": {"datetime": "2021-03-24 07:38:21", "elapsed": 2.770645, "delta": 0.000241}}
{"target": -0.3697944485897914, "params": {"model__colsample_bylevel": 0.4124644192395269, "model__colsample_bynode": 0.9811486114790016, "model__colsample_bytree": 0.3159486513861515, "model__learning_rate": 0.2871120191762554, "model__max_depth": 2.0, "model__n_estimators": 30.0, "model__reg_lambda": 0.5431474545515302}, "datetime": {"datetime": "2021-03-24 07:38:21", "elapsed": 2.770859, "delta": 0.000214}}
{"target": -0.34990320685015913, "params": {"model__colsample_bylevel": 1.0, "model__colsample_bynode": 0.3, "model__colsample_bytree": 1.0, "model__learning_rate": 0.3, "model__max_depth": 5.0, "model__n_estimators": 21.0, "model__reg_lambda": 0.0}, "datetime": {"datetime": "2021-03-24 07:38:21", "elapsed": 2.860424, "delta": 0.089565}}
{"target": -0.34990320685015913, "params": {"model__colsample_bylevel": 1.0, "model__colsample_bynode": 0.3, "model__colsample_bytree": 1.0, "model__learning_rate": 0.3, "model__max_depth": 5.0, "model__n_estimators": 21.0, "model__reg_lambda": 0.0}, "datetime": {"datetime": "2021-03-24 07:38:21", "elapsed": 2.860784, "delta": 0.00036}}
{"target": -0.3263817547597801, "params": {"model__colsample_bylevel": 0.511889221690131, "model__colsample_bynode": 0.880146841574702, "model__colsample_bytree": 0.4713036833734444, "model__learning_rate": 0.24075613859849618, "model__max_depth": 5.0, "model__n_estimators": 21.0, "model__reg_lambda": 1.7861793515885238}, "datetime": {"datetime": "2021-03-24 07:38:21", "elapsed": 2.939941, "delta": 0.079157}}
{"target": -0.31162113583076445, "params": {"model__colsample_bylevel": 0.4884525291969753, "model__colsample_bynode": 0.31980089965965297, "model__colsample_bytree": 0.980755267171108, "model__learning_rate": 0.23439702615137264, "model__max_depth": 6.0, "model__n_estimators": 30.0, "model__reg_lambda": 0.0585324600436421}, "datetime": {"datetime": "2021-03-24 07:38:21", "elapsed": 3.032928, "delta": 0.092987}}
