{"target": -0.35295954354721515, "params": {"model__colsample_bylevel": 0.9945579391262453, "model__colsample_bynode": 0.5002787533396004, "model__colsample_bytree": 0.9385499264662718, "model__learning_rate": 0.19957711325596877, "model__max_depth": 4.487968877266906, "model__n_estimators": 29.890792257168115, "model__reg_lambda": 9.688325688963296}, "datetime": {"datetime": "2021-03-24 07:38:42", "elapsed": 24.119666, "delta": 1.126835}}
{"target": -0.39288950337609946, "params": {"model__colsample_bylevel": 0.3, "model__colsample_bynode": 1.0, "model__colsample_bytree": 0.3, "model__learning_rate": 0.3, "model__max_depth": 5.074254911307434, "model__n_estimators": 27.95400673669787, "model__reg_lambda": 10.0}, "datetime": {"datetime": "2021-03-24 07:38:43", "elapsed": 25.268811, "delta": 1.149145}}
{"target": -0.2971126604595802, "params": {"model__colsample_bylevel": 0.5209275854071809, "model__colsample_bynode": 0.9837468025631171, "model__colsample_bytree": 0.7621171716364203, "model__learning_rate": 0.2432387037200117, "model__max_depth": 7.519984643893601, "model__n_estimators": 28.014323120614467, "model__reg_lambda": 0.3481721242977365}, "datetime": {"datetime": "2021-03-24 07:38:44", "elapsed": 26.482087, "delta": 1.213276}}
{"target": -0.33668006163839576, "params": {"model__colsample_bylevel": 0.9774205441363013, "model__colsample_bynode": 0.9460861008241859, "model__colsample_bytree": 0.8542548990360941, "model__learning_rate": 0.280243168936188, "model__max_depth": 7.919175478726356, "model__n_estimators": 20.921939636026096, "model__reg_lambda": 5.066828846640293}, "datetime": {"datetime": "2021-03-24 07:38:46", "elapsed": 27.70442, "delta": 1.222333}}
{"target": -0.3387504572581932, "params": {"model__colsample_bylevel": 0.3513008087338624, "model__colsample_bynode": 0.9584419681294574, "model__colsample_bytree": 0.9878191840828159, "model__learning_rate": 0.28790271634973685, "model__max_depth": 6.439690054302383, "model__n_estimators": 15.535721507560206, "model__reg_lambda": 3.2492292218801078}, "datetime": {"datetime": "2021-03-24 07:38:47", "elapsed": 29.006704, "delta": 1.302284}}
{"target": -0.3586389390869822, "params": {"model__colsample_bylevel": 1.0, "model__colsample_bynode": 1.0, "model__colsample_bytree": 1.0, "model__learning_rate": 0.3, "model__max_depth": 8.0, "model__n_estimators": 20.803686936355614, "model__reg_lambda": 9.896982676599455}, "datetime": {"datetime": "2021-03-24 07:38:48", "elapsed": 30.121425, "delta": 1.114721}}
{"target": -0.35101356688023044, "params": {"model__colsample_bylevel": 0.3, "model__colsample_bynode": 1.0, "model__colsample_bytree": 1.0, "model__learning_rate": 0.3, "model__max_depth": 6.103847233658528, "model__n_estimators": 30.0, "model__reg_lambda": 10.0}, "datetime": {"datetime": "2021-03-24 07:38:50", "elapsed": 31.67466, "delta": 1.553235}}
{"target": -0.361651814699281, "params": {"model__colsample_bylevel": 1.0, "model__colsample_bynode": 1.0, "model__colsample_bytree": 0.3, "model__learning_rate": 0.3, "model__max_depth": 2.0, "model__n_estimators": 30.0, "model__reg_lambda": 10.0}, "datetime": {"datetime": "2021-03-24 07:38:51", "elapsed": 32.828001, "delta": 1.153341}}
{"target": -0.35063185894733595, "params": {"model__colsample_bylevel": 0.3694741846482475, "model__colsample_bynode": 0.9559934270236261, "model__colsample_bytree": 0.9905354704179876, "model__learning_rate": 0.2795936433125632, "model__max_depth": 7.968579610247695, "model__n_estimators": 25.37693738659851, "model__reg_lambda": 8.694554052360784}, "datetime": {"datetime": "2021-03-24 07:38:52", "elapsed": 34.098845, "delta": 1.270844}}
{"target": -0.3874503536433305, "params": {"model__colsample_bylevel": 0.3, "model__colsample_bynode": 0.3, "model__colsample_bytree": 1.0, "model__learning_rate": 0.3, "model__max_depth": 2.960424169994461, "model__n_estimators": 17.575954005461462, "model__reg_lambda": 10.0}, "datetime": {"datetime": "2021-03-24 07:38:53", "elapsed": 35.547761, "delta": 1.448916}}
{"target": -0.3645231749413643, "params": {"model__colsample_bylevel": 1.0, "model__colsample_bynode": 1.0, "model__colsample_bytree": 1.0, "model__learning_rate": 0.3, "model__max_depth": 4.8109208325493125, "model__n_estimators": 15.0, "model__reg_lambda": 4.544571746899087}, "datetime": {"datetime": "2021-03-24 07:38:55", "elapsed": 36.683109, "delta": 1.135348}}
{"target": -0.3543887772027106, "params": {"model__colsample_bylevel": 0.8700874258213223, "model__colsample_bynode": 0.4350842476823192, "model__colsample_bytree": 0.9345486626508805, "model__learning_rate": 0.2833050772203757, "model__max_depth": 2.133065536000588, "model__n_estimators": 15.563379770580063, "model__reg_lambda": 0.02624657048077239}, "datetime": {"datetime": "2021-03-24 07:38:56", "elapsed": 37.684012, "delta": 1.000903}}
{"target": -0.3562546868653347, "params": {"model__colsample_bylevel": 0.7208764134502572, "model__colsample_bynode": 0.9067952881679187, "model__colsample_bytree": 0.9238355384851236, "model__learning_rate": 0.29034931041910356, "model__max_depth": 2.2369214035338807, "model__n_estimators": 28.79219117859884, "model__reg_lambda": 7.676947794353137}, "datetime": {"datetime": "2021-03-24 07:38:57", "elapsed": 38.964756, "delta": 1.280744}}
{"target": -0.3244118665409126, "params": {"model__colsample_bylevel": 0.9101365918413111, "model__colsample_bynode": 0.9787495116680724, "model__colsample_bytree": 0.5242125849314629, "model__learning_rate": 0.273977421501309, "model__max_depth": 5.513695093391001, "model__n_estimators": 29.965373016010435, "model__reg_lambda": 7.339544853728903}, "datetime": {"datetime": "2021-03-24 07:38:58", "elapsed": 40.157373, "delta": 1.192617}}
{"target": -0.3374531774608708, "params": {"model__colsample_bylevel": 0.32292371753148313, "model__colsample_bynode": 0.9939751918502016, "model__colsample_bytree": 0.910507261861923, "model__learning_rate": 0.2866659393105063, "model__max_depth": 7.883964371144239, "model__n_estimators": 20.81318189923533, "model__reg_lambda": 0.7484292607140242}, "datetime": {"datetime": "2021-03-24 07:38:59", "elapsed": 41.270593, "delta": 1.11322}}
{"target": -0.3628398518422214, "params": {"model__colsample_bylevel": 0.6206820123104029, "model__colsample_bynode": 0.8326416172771203, "model__colsample_bytree": 0.9662714209393795, "model__learning_rate": 0.2839498469232662, "model__max_depth": 5.818389189671004, "model__n_estimators": 17.110362603921907, "model__reg_lambda": 9.918229985319766}, "datetime": {"datetime": "2021-03-24 07:39:01", "elapsed": 42.740076, "delta": 1.469483}}
{"target": -0.3305426529730144, "params": {"model__colsample_bylevel": 0.8187196872047615, "model__colsample_bynode": 0.9287088599456619, "model__colsample_bytree": 0.9620041521497653, "model__learning_rate": 0.2928792455837407, "model__max_depth": 4.578307402178919, "model__n_estimators": 23.183235381273406, "model__reg_lambda": 9.975129548026993}, "datetime": {"datetime": "2021-03-24 07:39:02", "elapsed": 44.009868, "delta": 1.269792}}
{"target": -0.3888092984202439, "params": {"model__colsample_bylevel": 1.0, "model__colsample_bynode": 0.3, "model__colsample_bytree": 1.0, "model__learning_rate": 0.3, "model__max_depth": 4.356460453061771, "model__n_estimators": 15.0, "model__reg_lambda": 10.0}, "datetime": {"datetime": "2021-03-24 07:39:03", "elapsed": 45.267054, "delta": 1.257186}}
{"target": -0.38675503718491266, "params": {"model__colsample_bylevel": 0.9695388590787439, "model__colsample_bynode": 0.32749856949788153, "model__colsample_bytree": 0.9398913156755033, "model__learning_rate": 0.26769872946141027, "model__max_depth": 2.465960662218338, "model__n_estimators": 19.932025432031423, "model__reg_lambda": 2.8569092712037114}, "datetime": {"datetime": "2021-03-24 07:39:04", "elapsed": 46.501013, "delta": 1.233959}}
{"target": -0.35420529146989194, "params": {"model__colsample_bylevel": 0.9963487275989491, "model__colsample_bynode": 0.9629226370021713, "model__colsample_bytree": 0.9220161501626754, "model__learning_rate": 0.27545471024584595, "model__max_depth": 7.903978908891081, "model__n_estimators": 15.238655544099847, "model__reg_lambda": 3.5537443730292875}, "datetime": {"datetime": "2021-03-24 07:39:06", "elapsed": 47.791286, "delta": 1.290273}}
{"target": -0.3216633879718796, "params": {"model__colsample_bylevel": 0.8129050719270119, "model__colsample_bynode": 0.9352715554062916, "model__colsample_bytree": 0.9698695444273029, "model__learning_rate": 0.2880129783593638, "model__max_depth": 7.929575038827449, "model__n_estimators": 28.759050980531306, "model__reg_lambda": 3.457335624180601}, "datetime": {"datetime": "2021-03-24 07:39:07", "elapsed": 49.088292, "delta": 1.297006}}
{"target": -0.3838719158858547, "params": {"model__colsample_bylevel": 1.0, "model__colsample_bynode": 1.0, "model__colsample_bytree": 1.0, "model__learning_rate": 0.3, "model__max_depth": 5.606984980088365, "model__n_estimators": 15.0, "model__reg_lambda": 0.0}, "datetime": {"datetime": "2021-03-24 07:39:08", "elapsed": 50.245155, "delta": 1.156863}}
{"target": -0.3198764458786278, "params": {"model__colsample_bylevel": 0.9990150814442398, "model__colsample_bynode": 0.7171555192766317, "model__colsample_bytree": 0.9924745056016071, "model__learning_rate": 0.2807862156377934, "model__max_depth": 7.734398276063528, "model__n_estimators": 29.660272120814838, "model__reg_lambda": 7.914168824186047}, "datetime": {"datetime": "2021-03-24 07:39:09", "elapsed": 51.455767, "delta": 1.210612}}
{"target": -0.3639905131344373, "params": {"model__colsample_bylevel": 1.0, "model__colsample_bynode": 1.0, "model__colsample_bytree": 0.3, "model__learning_rate": 0.3, "model__max_depth": 8.0, "model__n_estimators": 30.0, "model__reg_lambda": 10.0}, "datetime": {"datetime": "2021-03-24 07:39:10", "elapsed": 52.563644, "delta": 1.107877}}
{"target": -0.41857010279377194, "params": {"model__colsample_bylevel": 0.3260182589964793, "model__colsample_bynode": 0.3154496749603595, "model__colsample_bytree": 0.972070915251646, "model__learning_rate": 0.24666732439495465, "model__max_depth": 2.3671455318075347, "model__n_estimators": 17.190937801507946, "model__reg_lambda": 0.2195136023142774}, "datetime": {"datetime": "2021-03-24 07:39:12", "elapsed": 53.749097, "delta": 1.185453}}
{"target": -0.35352449135962816, "params": {"model__colsample_bylevel": 1.0, "model__colsample_bynode": 1.0, "model__colsample_bytree": 1.0, "model__learning_rate": 0.3, "model__max_depth": 3.5187982066429044, "model__n_estimators": 18.76327019640279, "model__reg_lambda": 10.0}, "datetime": {"datetime": "2021-03-24 07:39:13", "elapsed": 55.017753, "delta": 1.268656}}
{"target": -0.3385822627203289, "params": {"model__colsample_bylevel": 0.9251084553356386, "model__colsample_bynode": 0.9690112860050897, "model__colsample_bytree": 0.8787496502752334, "model__learning_rate": 0.28807956080248864, "model__max_depth": 2.0286495639759767, "model__n_estimators": 29.92111971800859, "model__reg_lambda": 3.7274911845952428}, "datetime": {"datetime": "2021-03-24 07:39:14", "elapsed": 56.331129, "delta": 1.313376}}
{"target": -0.3813301203320262, "params": {"model__colsample_bylevel": 0.3, "model__colsample_bynode": 1.0, "model__colsample_bytree": 1.0, "model__learning_rate": 0.3, "model__max_depth": 6.208546963976758, "model__n_estimators": 15.0, "model__reg_lambda": 7.064677403977258}, "datetime": {"datetime": "2021-03-24 07:39:16", "elapsed": 57.716741, "delta": 1.385612}}
{"target": -0.33286931059134284, "params": {"model__colsample_bylevel": 0.533472909480138, "model__colsample_bynode": 0.9759246564839348, "model__colsample_bytree": 0.9533282703159449, "model__learning_rate": 0.2870880511195031, "model__max_depth": 7.6823692045345595, "model__n_estimators": 21.24921095137328, "model__reg_lambda": 4.12617258208819}, "datetime": {"datetime": "2021-03-24 07:39:17", "elapsed": 58.999431, "delta": 1.28269}}
{"target": -0.35428245065268127, "params": {"model__colsample_bylevel": 1.0, "model__colsample_bynode": 1.0, "model__colsample_bytree": 1.0, "model__learning_rate": 0.3, "model__max_depth": 3.0245147411074345, "model__n_estimators": 27.11525549716505, "model__reg_lambda": 10.0}, "datetime": {"datetime": "2021-03-24 07:39:18", "elapsed": 60.170339, "delta": 1.170908}}
{"target": -0.353931767582232, "params": {"model__colsample_bylevel": 0.9055074860204302, "model__colsample_bynode": 0.32012408213985993, "model__colsample_bytree": 0.8621662565919321, "model__learning_rate": 0.24886865690808677, "model__max_depth": 3.17349100882745, "model__n_estimators": 15.096865227885454, "model__reg_lambda": 1.0748628536143612}, "datetime": {"datetime": "2021-03-24 07:39:19", "elapsed": 61.382034, "delta": 1.211695}}
{"target": -0.36057207809349495, "params": {"model__colsample_bylevel": 1.0, "model__colsample_bynode": 0.3, "model__colsample_bytree": 1.0, "model__learning_rate": 0.3, "model__max_depth": 2.0, "model__n_estimators": 27.946025943313714, "model__reg_lambda": 10.0}, "datetime": {"datetime": "2021-03-24 07:39:21", "elapsed": 62.617454, "delta": 1.23542}}
{"target": -0.343766218323625, "params": {"model__colsample_bylevel": 0.3603087131342661, "model__colsample_bynode": 0.9999999997813958, "model__colsample_bytree": 1.0, "model__learning_rate": 0.3, "model__max_depth": 4.404760703580735, "model__n_estimators": 17.683550557609287, "model__reg_lambda": 4.910061096095778}, "datetime": {"datetime": "2021-03-24 07:39:22", "elapsed": 63.921304, "delta": 1.30385}}
{"target": -0.3404275077164841, "params": {"model__colsample_bylevel": 0.6852705850386123, "model__colsample_bynode": 0.9942234878206353, "model__colsample_bytree": 0.9682666469538999, "model__learning_rate": 0.19495841430428146, "model__max_depth": 5.898490618217919, "model__n_estimators": 29.033302121269845, "model__reg_lambda": 0.23384236830575555}, "datetime": {"datetime": "2021-03-24 07:39:23", "elapsed": 65.27543, "delta": 1.354126}}
{"target": -0.3267446749030437, "params": {"model__colsample_bylevel": 0.6055412004241127, "model__colsample_bynode": 0.9999999807527311, "model__colsample_bytree": 0.995416182577997, "model__learning_rate": 0.3, "model__max_depth": 4.57166582476598, "model__n_estimators": 29.991221952336936, "model__reg_lambda": 5.308757539679137}, "datetime": {"datetime": "2021-03-24 07:39:24", "elapsed": 66.547245, "delta": 1.271815}}
{"target": -0.3576037246781144, "params": {"model__colsample_bylevel": 0.8939643004019338, "model__colsample_bynode": 0.30998216513978627, "model__colsample_bytree": 0.9445807754044, "model__learning_rate": 0.28189983679201935, "model__max_depth": 2.9385091537317836, "model__n_estimators": 23.229577388771894, "model__reg_lambda": 6.937367393315661}, "datetime": {"datetime": "2021-03-24 07:39:26", "elapsed": 67.82647, "delta": 1.279225}}
{"target": -0.3481022234570802, "params": {"model__colsample_bylevel": 0.3, "model__colsample_bynode": 1.0, "model__colsample_bytree": 1.0, "model__learning_rate": 0.3, "model__max_depth": 7.236944492619116, "model__n_estimators": 15.154919901576218, "model__reg_lambda": 1.662776078033916}, "datetime": {"datetime": "2021-03-24 07:39:27", "elapsed": 69.158936, "delta": 1.332466}}
{"target": -0.37388136857796617, "params": {"model__colsample_bylevel": 0.3, "model__colsample_bynode": 0.3, "model__colsample_bytree": 1.0, "model__learning_rate": 0.3, "model__max_depth": 4.1665182863945835, "model__n_estimators": 15.093188940713729, "model__reg_lambda": 4.278197677413398}, "datetime": {"datetime": "2021-03-24 07:39:28", "elapsed": 70.142739, "delta": 0.983803}}
{"target": -0.4499146194170242, "params": {"model__colsample_bylevel": 0.3, "model__colsample_bynode": 1.0, "model__colsample_bytree": 0.3, "model__learning_rate": 0.3, "model__max_depth": 2.718084629561103, "model__n_estimators": 15.0, "model__reg_lambda": 10.0}, "datetime": {"datetime": "2021-03-24 07:39:29", "elapsed": 71.390794, "delta": 1.248055}}
{"target": -0.35688729101110356, "params": {"model__colsample_bylevel": 1.0, "model__colsample_bynode": 1.0, "model__colsample_bytree": 1.0, "model__learning_rate": 0.3, "model__max_depth": 8.0, "model__n_estimators": 18.710018613583387, "model__reg_lambda": 7.514861692116432}, "datetime": {"datetime": "2021-03-24 07:39:31", "elapsed": 72.851277, "delta": 1.460483}}
{"target": -0.3569114361982455, "params": {"model__colsample_bylevel": 0.8780971670906423, "model__colsample_bynode": 0.9705157610496324, "model__colsample_bytree": 0.9158789248686641, "model__learning_rate": 0.283018923042786, "model__max_depth": 6.588976215598089, "model__n_estimators": 19.135734237515187, "model__reg_lambda": 2.014174696096276}, "datetime": {"datetime": "2021-03-24 07:39:32", "elapsed": 74.240482, "delta": 1.389205}}
{"target": -0.3424144483743357, "params": {"model__colsample_bylevel": 0.9684620366552921, "model__colsample_bynode": 0.8418682475991106, "model__colsample_bytree": 0.9112687691279304, "model__learning_rate": 0.2816676359087175, "model__max_depth": 2.112273346317611, "model__n_estimators": 27.348680297036342, "model__reg_lambda": 4.194374707892593}, "datetime": {"datetime": "2021-03-24 07:39:33", "elapsed": 75.292955, "delta": 1.052473}}
{"target": -0.42701816356578925, "params": {"model__colsample_bylevel": 1.0, "model__colsample_bynode": 0.3, "model__colsample_bytree": 0.3, "model__learning_rate": 0.3, "model__max_depth": 2.0, "model__n_estimators": 15.0, "model__reg_lambda": 0.0}, "datetime": {"datetime": "2021-03-24 07:39:35", "elapsed": 76.611195, "delta": 1.31824}}
{"target": -0.33602994138212955, "params": {"model__colsample_bylevel": 0.9830792758545119, "model__colsample_bynode": 0.697838211961072, "model__colsample_bytree": 0.8427467746692572, "model__learning_rate": 0.29412389873412814, "model__max_depth": 7.715207622795079, "model__n_estimators": 29.97786953535978, "model__reg_lambda": 5.739356142891232}, "datetime": {"datetime": "2021-03-24 07:39:36", "elapsed": 77.988829, "delta": 1.377634}}
{"target": -0.36789236677290893, "params": {"model__colsample_bylevel": 0.4135771367355873, "model__colsample_bynode": 0.8645624363223396, "model__colsample_bytree": 0.3307184379286723, "model__learning_rate": 0.27162376835554025, "model__max_depth": 7.664035023883691, "model__n_estimators": 19.525717206489343, "model__reg_lambda": 4.121883948825533}, "datetime": {"datetime": "2021-03-24 07:39:37", "elapsed": 79.265118, "delta": 1.276289}}
{"target": -0.33136649140092694, "params": {"model__colsample_bylevel": 0.3, "model__colsample_bynode": 0.3, "model__colsample_bytree": 1.0, "model__learning_rate": 0.3, "model__max_depth": 2.0, "model__n_estimators": 30.0, "model__reg_lambda": 0.0}, "datetime": {"datetime": "2021-03-24 07:39:39", "elapsed": 80.661523, "delta": 1.396405}}
{"target": -0.34738046777083714, "params": {"model__colsample_bylevel": 0.3, "model__colsample_bynode": 1.0, "model__colsample_bytree": 1.0, "model__learning_rate": 0.3, "model__max_depth": 8.0, "model__n_estimators": 30.0, "model__reg_lambda": 9.999999946655127}, "datetime": {"datetime": "2021-03-24 07:39:40", "elapsed": 81.905231, "delta": 1.243708}}
{"target": -0.34525272253819783, "params": {"model__colsample_bylevel": 0.36474093814891373, "model__colsample_bynode": 0.3007600588319743, "model__colsample_bytree": 0.8151807356512044, "model__learning_rate": 0.2634868224791259, "model__max_depth": 6.072312501644227, "model__n_estimators": 18.524966385848145, "model__reg_lambda": 0.1901855913124051}, "datetime": {"datetime": "2021-03-24 07:39:41", "elapsed": 83.195225, "delta": 1.289994}}
{"target": -0.3393227582696177, "params": {"model__colsample_bylevel": 0.9815522495586959, "model__colsample_bynode": 0.3138789824596703, "model__colsample_bytree": 0.9299885845608431, "model__learning_rate": 0.2888556324738487, "model__max_depth": 4.927733026474815, "model__n_estimators": 21.98491030829276, "model__reg_lambda": 4.597107126327691}, "datetime": {"datetime": "2021-03-24 07:39:42", "elapsed": 84.417243, "delta": 1.222018}}
{"target": -0.33287671636385113, "params": {"model__colsample_bylevel": 0.8270307108050019, "model__colsample_bynode": 1.0, "model__colsample_bytree": 1.0, "model__learning_rate": 0.3, "model__max_depth": 7.992047324118015, "model__n_estimators": 22.749915863023045, "model__reg_lambda": 8.219696273548253}, "datetime": {"datetime": "2021-03-24 07:39:44", "elapsed": 85.696293, "delta": 1.27905}}
{"target": -0.33178140252619387, "params": {"model__colsample_bylevel": 0.9100282247190461, "model__colsample_bynode": 0.799665494909264, "model__colsample_bytree": 0.6286445653480865, "model__learning_rate": 0.272470420332897, "model__max_depth": 7.999323107992822, "model__n_estimators": 18.160385349984914, "model__reg_lambda": 0.3801144204564755}, "datetime": {"datetime": "2021-03-24 07:39:45", "elapsed": 86.829718, "delta": 1.133425}}
{"target": -0.37231869368503495, "params": {"model__colsample_bylevel": 1.0, "model__colsample_bynode": 1.0, "model__colsample_bytree": 0.3, "model__learning_rate": 0.3, "model__max_depth": 2.0, "model__n_estimators": 24.402815367333297, "model__reg_lambda": 9.8770633227882}, "datetime": {"datetime": "2021-03-24 07:39:46", "elapsed": 88.156651, "delta": 1.326933}}
{"target": -0.3524508978962726, "params": {"model__colsample_bylevel": 1.0, "model__colsample_bynode": 1.0, "model__colsample_bytree": 1.0, "model__learning_rate": 0.3, "model__max_depth": 6.8254271459324505, "model__n_estimators": 27.19642162215023, "model__reg_lambda": 0.2594462335383573}, "datetime": {"datetime": "2021-03-24 07:39:47", "elapsed": 89.428494, "delta": 1.271843}}
