{"target": -0.31162113583076445, "params": {"model__colsample_bylevel": 0.4884525291969753, "model__colsample_bynode": 0.31980089965965297, "model__colsample_bytree": 0.980755267171108, "model__learning_rate": 0.23439702615137264, "model__max_depth": 6.0, "model__n_estimators": 30.0, "model__reg_lambda": 0.0585324600436421}, "datetime": {"datetime": "2021-03-24 07:38:21", "elapsed": 3.033341, "delta": 0.000413}}
{"target": -0.31162113583076445, "params": {"model__colsample_bylevel": 0.4884525291969753, "model__colsample_bynode": 0.31980089965965297, "model__colsample_bytree": 0.980755267171108, "model__learning_rate": 0.23439702615137264, "model__max_depth": 6.0, "model__n_estimators": 30.0, "model__reg_lambda": 0.0585324600436421}, "datetime": {"datetime": "2021-03-24 07:38:21", "elapsed": 3.033645, "delta": 0.000304}}
{"target": -0.31162113583076445, "params": {"model__colsample_bylevel": 0.4884525291969753, "model__colsample_bynode": 0.31980089965965297, "model__colsample_bytree": 0.980755267171108, "model__learning_rate": 0.23439702615137264, "model__max_depth": 6.0, "model__n_estimators": 30.0, "model__reg_lambda": 0.0585324600436421}, "datetime": {"datetime": "2021-03-24 07:38:21", "elapsed": 3.033919, "delta": 0.000274}}
{"target": -0.31162113583076445, "params": {"model__colsample_bylevel": 0.4884525291969753, "model__colsample_bynode": 0.31980089965965297, "model__colsample_bytree": 0.980755267171108, "model__learning_rate": 0.23439702615137264, "model__max_depth": 6.0, "model__n_estimators": 30.0, "model__reg_lambda": 0.0585324600436421}, "datetime": {"datetime": "2021-03-24 07:38:21", "elapsed": 3.034178, "delta": 0.000259}}
{"target": -0.31162113583076445, "params": {"model__colsample_bylevel": 0.4884525291969753, "model__colsample_bynode": 0.31980089965965297, "model__colsample_bytree": 0.980755267171108, "model__learning_rate": 0.23439702615137264, "model__max_depth": 6.0, "model__n_estimators": 30.0, "model__reg_lambda": 0.0585324600436421}, "datetime": {"datetime": "2021-03-24 07:38:21", "elapsed": 3.034435, "delta": 0.000257}}
{"target": -0.37299431921885534, "params": {"model__colsample_bylevel": 1.0, "model__colsample_bynode": 1.0, "model__colsample_bytree": 0.3, "model__learning_rate": 0.3, "model__max_depth": 4.0, "model__n_estimators": 19.0, "model__reg_lambda": 0.318204857236932}, "datetime": {"datetime": "2021-03-24 07:38:21", "elapsed": 3.113663, "delta": 0.079228}}
{"target": -0.3306703838599049, "params": {"model__colsample_bylevel": 0.9863866447374559, "model__colsample_bynode": 0.3036539309395714, "model__colsample_bytree": 0.8436197081882266, "model__learning_rate": 0.21937190210074342, "model__max_depth": 8.0, "model__n_estimators": 30.0, "model__reg_lambda": 0.060681681592996695}, "datetime": {"datetime": "2021-03-24 07:38:21", "elapsed": 3.22055, "delta": 0.106887}}
{"target": -0.3306703838599049, "params": {"model__colsample_bylevel": 0.9863866447374559, "model__colsample_bynode": 0.3036539309395714, "model__colsample_bytree": 0.8436197081882266, "model__learning_rate": 0.21937190210074342, "model__max_depth": 8.0, "model__n_estimators": 30.0, "model__reg_lambda": 0.060681681592996695}, "datetime": {"datetime": "2021-03-24 07:38:21", "elapsed": 3.220941, "delta": 0.000391}}
{"target": -0.3253551949509436, "params": {"model__colsample_bylevel": 0.3747575169134865, "model__colsample_bynode": 0.9479460713739047, "model__colsample_bytree": 0.9431277513130145, "model__learning_rate": 0.2853523854162271, "model__max_depth": 4.0, "model__n_estimators": 24.0, "model__reg_lambda": 0.01696133270636002}, "datetime": {"datetime": "2021-03-24 07:38:21", "elapsed": 3.308745, "delta": 0.087804}}
{"target": -0.3169461356827726, "params": {"model__colsample_bylevel": 0.35169145946031455, "model__colsample_bynode": 0.9286130522956784, "model__colsample_bytree": 0.9835951082831629, "model__learning_rate": 0.2987984725827035, "model__max_depth": 3.0, "model__n_estimators": 28.0, "model__reg_lambda": 0.296879697057687}, "datetime": {"datetime": "2021-03-24 07:38:21", "elapsed": 3.392314, "delta": 0.083569}}
{"target": -0.3131392576022704, "params": {"model__colsample_bylevel": 1.0, "model__colsample_bynode": 1.0, "model__colsample_bytree": 0.3, "model__learning_rate": 0.3, "model__max_depth": 2.0, "model__n_estimators": 30.0, "model__reg_lambda": 0.0}, "datetime": {"datetime": "2021-03-24 07:38:21", "elapsed": 3.474564, "delta": 0.08225}}
{"target": -0.3131392576022704, "params": {"model__colsample_bylevel": 1.0, "model__colsample_bynode": 1.0, "model__colsample_bytree": 0.3, "model__learning_rate": 0.3, "model__max_depth": 2.0, "model__n_estimators": 30.0, "model__reg_lambda": 0.0}, "datetime": {"datetime": "2021-03-24 07:38:21", "elapsed": 3.474946, "delta": 0.000382}}
{"target": -0.3131392576022704, "params": {"model__colsample_bylevel": 1.0, "model__colsample_bynode": 1.0, "model__colsample_bytree": 0.3, "model__learning_rate": 0.3, "model__max_depth": 2.0, "model__n_estimators": 30.0, "model__reg_lambda": 0.0}, "datetime": {"datetime": "2021-03-24 07:38:21", "elapsed": 3.475213, "delta": 0.000267}}
{"target": -0.3131392576022704, "params": {"model__colsample_bylevel": 1.0, "model__colsample_bynode": 1.0, "model__colsample_bytree": 0.3, "model__learning_rate": 0.3, "model__max_depth": 2.0, "model__n_estimators": 30.0, "model__reg_lambda": 0.0}, "datetime": {"datetime": "2021-03-24 07:38:21", "elapsed": 3.475447, "delta": 0.000234}}
{"target": -0.3242082878088906, "params": {"model__colsample_bylevel": 0.7935815315814578, "model__colsample_bynode": 0.4412981046716803, "model__colsample_bytree": 0.9389353526613848, "model__learning_rate": 0.2860946097441848, "model__max_depth": 4.0, "model__n_estimators": 23.0, "model__reg_lambda": 0.2058529453048119}, "datetime": {"datetime": "2021-03-24 07:38:21", "elapsed": 3.561819, "delta": 0.086372}}
{"target": -0.3242082878088906, "params": {"model__colsample_bylevel": 0.7935815315814578, "model__colsample_bynode": 0.4412981046716803, "model__colsample_bytree": 0.9389353526613848, "model__learning_rate": 0.2860946097441848, "model__max_depth": 4.0, "model__n_estimators": 23.0, "model__reg_lambda": 0.2058529453048119}, "datetime": {"datetime": "2021-03-24 07:38:21", "elapsed": 3.562185, "delta": 0.000366}}
{"target": -0.3242082878088906, "params": {"model__colsample_bylevel": 0.7935815315814578, "model__colsample_bynode": 0.4412981046716803, "model__colsample_bytree": 0.9389353526613848, "model__learning_rate": 0.2860946097441848, "model__max_depth": 4.0, "model__n_estimators": 23.0, "model__reg_lambda": 0.2058529453048119}, "datetime": {"datetime": "2021-03-24 07:38:21", "elapsed": 3.562428, "delta": 0.000243}}
{"target": -0.32419677311693745, "params": {"model__colsample_bylevel": 0.8877692221146174, "model__colsample_bynode": 0.4757891156405968, "model__colsample_bytree": 0.9597975498812856, "model__learning_rate": 0.2942101393345069, "model__max_depth": 6.0, "model__n_estimators": 29.0, "model__reg_lambda": 1.0204062619693055}, "datetime": {"datetime": "2021-03-24 07:38:22", "elapsed": 3.669827, "delta": 0.107399}}
{"target": -0.32419677311693745, "params": {"model__colsample_bylevel": 0.8877692221146174, "model__colsample_bynode": 0.4757891156405968, "model__colsample_bytree": 0.9597975498812856, "model__learning_rate": 0.2942101393345069, "model__max_depth": 6.0, "model__n_estimators": 29.0, "model__reg_lambda": 1.0204062619693055}, "datetime": {"datetime": "2021-03-24 07:38:22", "elapsed": 3.67028, "delta": 0.000453}}
{"target": -0.40088310630070856, "params": {"model__colsample_bylevel": 1.0, "model__colsample_bynode": 1.0, "model__colsample_bytree": 0.3, "model__learning_rate": 0.3, "model__max_depth": 6.0, "model__n_estimators": 17.0, "model__reg_lambda": 0.0}, "datetime": {"datetime": "2021-03-24 07:38:22", "elapsed": 3.759882, "delta": 0.089602}}
{"target": -0.40088310630070856, "params": {"model__colsample_bylevel": 1.0, "model__colsample_bynode": 1.0, "model__colsample_bytree": 0.3, "model__learning_rate": 0.3, "model__max_depth": 6.0, "model__n_estimators": 17.0, "model__reg_lambda": 0.0}, "datetime": {"datetime": "2021-03-24 07:38:22", "elapsed": 3.760251, "delta": 0.000369}}
{"target": -0.3203099810072909, "params": {"model__colsample_bylevel": 0.45102308882398734, "model__colsample_bynode": 0.31060792977636337, "model__colsample_bytree": 0.9790978505260848, "model__learning_rate": 0.29871396209558154, "model__max_depth": 3.0, "model__n_estimators": 28.0, "model__reg_lambda": 2.0394290403333626}, "datetime": {"datetime": "2021-03-24 07:38:22", "elapsed": 3.835038, "delta": 0.074787}}
{"target": -0.3203099810072909, "params": {"model__colsample_bylevel": 0.45102308882398734, "model__colsample_bynode": 0.31060792977636337, "model__colsample_bytree": 0.9790978505260848, "model__learning_rate": 0.29871396209558154, "model__max_depth": 3.0, "model__n_estimators": 28.0, "model__reg_lambda": 2.0394290403333626}, "datetime": {"datetime": "2021-03-24 07:38:22", "elapsed": 3.835421, "delta": 0.000383}}
{"target": -0.35326090678977573, "params": {"model__colsample_bylevel": 0.8439197015064559, "model__colsample_bynode": 0.39129964877222, "model__colsample_bytree": 0.9952632567476658, "model__learning_rate": 0.2976816432728172, "model__max_depth": 8.0, "model__n_estimators": 24.0, "model__reg_lambda": 0.292936890039176}, "datetime": {"datetime": "2021-03-24 07:38:22", "elapsed": 3.939695, "delta": 0.104274}}
{"target": -0.35326090678977573, "params": {"model__colsample_bylevel": 0.8439197015064559, "model__colsample_bynode": 0.39129964877222, "model__colsample_bytree": 0.9952632567476658, "model__learning_rate": 0.2976816432728172, "model__max_depth": 8.0, "model__n_estimators": 24.0, "model__reg_lambda": 0.292936890039176}, "datetime": {"datetime": "2021-03-24 07:38:22", "elapsed": 3.940146, "delta": 0.000451}}
{"target": -0.31543608467884204, "params": {"model__colsample_bylevel": 0.9962133504999264, "model__colsample_bynode": 0.9826091851993903, "model__colsample_bytree": 0.5282500943121311, "model__learning_rate": 0.29021999747645855, "model__max_depth": 3.0, "model__n_estimators": 23.0, "model__reg_lambda": 0.10693130307365406}, "datetime": {"datetime": "2021-03-24 07:38:22", "elapsed": 4.033249, "delta": 0.093103}}
{"target": -0.31543608467884204, "params": {"model__colsample_bylevel": 0.9962133504999264, "model__colsample_bynode": 0.9826091851993903, "model__colsample_bytree": 0.5282500943121311, "model__learning_rate": 0.29021999747645855, "model__max_depth": 3.0, "model__n_estimators": 23.0, "model__reg_lambda": 0.10693130307365406}, "datetime": {"datetime": "2021-03-24 07:38:22", "elapsed": 4.033621, "delta": 0.000372}}
{"target": -0.31543608467884204, "params": {"model__colsample_bylevel": 0.9962133504999264, "model__colsample_bynode": 0.9826091851993903, "model__colsample_bytree": 0.5282500943121311, "model__learning_rate": 0.29021999747645855, "model__max_depth": 3.0, "model__n_estimators": 23.0, "model__reg_lambda": 0.10693130307365406}, "datetime": {"datetime": "2021-03-24 07:38:22", "elapsed": 4.033896, "delta": 0.000275}}
{"target": -0.3418145127545543, "params": {"model__colsample_bylevel": 0.8617383570373642, "model__colsample_bynode": 0.39757888068825264, "model__colsample_bytree": 0.343977855560185, "model__learning_rate": 0.2947890705848357, "model__max_depth": 3.0, "model__n_estimators": 25.0, "model__reg_lambda": 0.04561150751861032}, "datetime": {"datetime": "2021-03-24 07:38:22", "elapsed": 4.105814, "delta": 0.071918}}
{"target": -0.3407056043094085, "params": {"model__colsample_bylevel": 0.43916442392872107, "model__colsample_bynode": 0.975379883116676, "model__colsample_bytree": 0.8260635515477359, "model__learning_rate": 0.29895543196205443, "model__max_depth": 4.0, "model__n_estimators": 24.0, "model__reg_lambda": 1.3379216727290366}, "datetime": {"datetime": "2021-03-24 07:38:22", "elapsed": 4.197078, "delta": 0.091264}}
{"target": -0.3282185890053845, "params": {"model__colsample_bylevel": 0.9200821231031391, "model__colsample_bynode": 0.35616344543935075, "model__colsample_bytree": 0.8625120529528605, "model__learning_rate": 0.23669407037870885, "model__max_depth": 5.0, "model__n_estimators": 25.0, "model__reg_lambda": 2.826662622956666}, "datetime": {"datetime": "2021-03-24 07:38:22", "elapsed": 4.297229, "delta": 0.100151}}
{"target": -0.3282185890053845, "params": {"model__colsample_bylevel": 0.9200821231031391, "model__colsample_bynode": 0.35616344543935075, "model__colsample_bytree": 0.8625120529528605, "model__learning_rate": 0.23669407037870885, "model__max_depth": 5.0, "model__n_estimators": 25.0, "model__reg_lambda": 2.826662622956666}, "datetime": {"datetime": "2021-03-24 07:38:22", "elapsed": 4.29761, "delta": 0.000381}}
{"target": -0.3282185890053845, "params": {"model__colsample_bylevel": 0.9200821231031391, "model__colsample_bynode": 0.35616344543935075, "model__colsample_bytree": 0.8625120529528605, "model__learning_rate": 0.23669407037870885, "model__max_depth": 5.0, "model__n_estimators": 25.0, "model__reg_lambda": 2.826662622956666}, "datetime": {"datetime": "2021-03-24 07:38:22", "elapsed": 4.297875, "delta": 0.000265}}
{"target": -0.3127396704017461, "params": {"model__colsample_bylevel": 0.8539852255783891, "model__colsample_bynode": 0.9943718521845815, "model__colsample_bytree": 0.910841780551815, "model__learning_rate": 0.25494085308239567, "model__max_depth": 2.0, "model__n_estimators": 29.0, "model__reg_lambda": 0.13009971202335713}, "datetime": {"datetime": "2021-03-24 07:38:22", "elapsed": 4.400786, "delta": 0.102911}}
{"target": -0.3066942124294735, "params": {"model__colsample_bylevel": 0.6571842183803359, "model__colsample_bynode": 0.6839407849675303, "model__colsample_bytree": 0.9068883432417858, "model__learning_rate": 0.2920790852458208, "model__max_depth": 3.0, "model__n_estimators": 25.0, "model__reg_lambda": 0.00965499740896103}, "datetime": {"datetime": "2021-03-24 07:38:22", "elapsed": 4.498178, "delta": 0.097392}}
{"target": -0.3066942124294735, "params": {"model__colsample_bylevel": 0.6571842183803359, "model__colsample_bynode": 0.6839407849675303, "model__colsample_bytree": 0.9068883432417858, "model__learning_rate": 0.2920790852458208, "model__max_depth": 3.0, "model__n_estimators": 25.0, "model__reg_lambda": 0.00965499740896103}, "datetime": {"datetime": "2021-03-24 07:38:22", "elapsed": 4.498557, "delta": 0.000379}}
{"target": -0.3066942124294735, "params": {"model__colsample_bylevel": 0.6571842183803359, "model__colsample_bynode": 0.6839407849675303, "model__colsample_bytree": 0.9068883432417858, "model__learning_rate": 0.2920790852458208, "model__max_depth": 3.0, "model__n_estimators": 25.0, "model__reg_lambda": 0.00965499740896103}, "datetime": {"datetime": "2021-03-24 07:38:22", "elapsed": 4.498829, "delta": 0.000272}}
{"target": -0.3066942124294735, "params": {"model__colsample_bylevel": 0.6571842183803359, "model__colsample_bynode": 0.6839407849675303, "model__colsample_bytree": 0.9068883432417858, "model__learning_rate": 0.2920790852458208, "model__max_depth": 3.0, "model__n_estimators": 25.0, "model__reg_lambda": 0.00965499740896103}, "datetime": {"datetime": "2021-03-24 07:38:22", "elapsed": 4.499076, "delta": 0.000247}}
{"target": -0.3097118129207587, "params": {"model__colsample_bylevel": 0.4634685245451294, "model__colsample_bynode": 1.0, "model__colsample_bytree": 0.9580409589562816, "model__learning_rate": 0.3, "model__max_depth": 2.0, "model__n_estimators": 27.0, "model__reg_lambda": 0.0}, "datetime": {"datetime": "2021-03-24 07:38:23", "elapsed": 4.582628, "delta": 0.083552}}
{"target": -0.3097118129207587, "params": {"model__colsample_bylevel": 0.4634685245451294, "model__colsample_bynode": 1.0, "model__colsample_bytree": 0.9580409589562816, "model__learning_rate": 0.3, "model__max_depth": 2.0, "model__n_estimators": 27.0, "model__reg_lambda": 0.0}, "datetime": {"datetime": "2021-03-24 07:38:23", "elapsed": 4.58303, "delta": 0.000402}}
{"target": -0.3097118129207587, "params": {"model__colsample_bylevel": 0.4634685245451294, "model__colsample_bynode": 1.0, "model__colsample_bytree": 0.9580409589562816, "model__learning_rate": 0.3, "model__max_depth": 2.0, "model__n_estimators": 27.0, "model__reg_lambda": 0.0}, "datetime": {"datetime": "2021-03-24 07:38:23", "elapsed": 4.584764, "delta": 0.001734}}
{"target": -0.3097118129207587, "params": {"model__colsample_bylevel": 0.4634685245451294, "model__colsample_bynode": 1.0, "model__colsample_bytree": 0.9580409589562816, "model__learning_rate": 0.3, "model__max_depth": 2.0, "model__n_estimators": 27.0, "model__reg_lambda": 0.0}, "datetime": {"datetime": "2021-03-24 07:38:23", "elapsed": 4.585082, "delta": 0.000318}}
{"target": -0.3097118129207587, "params": {"model__colsample_bylevel": 0.4634685245451294, "model__colsample_bynode": 1.0, "model__colsample_bytree": 0.9580409589562816, "model__learning_rate": 0.3, "model__max_depth": 2.0, "model__n_estimators": 27.0, "model__reg_lambda": 0.0}, "datetime": {"datetime": "2021-03-24 07:38:23", "elapsed": 4.585348, "delta": 0.000266}}
{"target": -0.4353234388690064, "params": {"model__colsample_bylevel": 0.30726190771998996, "model__colsample_bynode": 0.651312214504117, "model__colsample_bytree": 0.6470413051939022, "model__learning_rate": 0.12676590579185532, "model__max_depth": 2.8526665127272315, "model__n_estimators": 18.278380134391174, "model__reg_lambda": 4.185081805104525}, "datetime": {"datetime": "2021-03-24 07:38:23", "elapsed": 4.661994, "delta": 0.076646}}
{"target": -0.36761758841736164, "params": {"model__colsample_bylevel": 0.4736708178894914, "model__colsample_bynode": 0.35884175581574507, "model__colsample_bytree": 0.54184904803528, "model__learning_rate": 0.1333552693064643, "model__max_depth": 7.271354513195954, "model__n_estimators": 29.26446047440075, "model__reg_lambda": 0.38748375832319826}, "datetime": {"datetime": "2021-03-24 07:38:23", "elapsed": 4.747349, "delta": 0.085355}}
{"target": -0.32819851724316185, "params": {"model__colsample_bylevel": 0.7893751739791326, "model__colsample_bynode": 0.7009318708985864, "model__colsample_bytree": 0.9286049827576046, "model__learning_rate": 0.23337979458392732, "model__max_depth": 5.28702669827889, "model__n_estimators": 25.53641136102083, "model__reg_lambda": 3.864771696146654}, "datetime": {"datetime": "2021-03-24 07:38:23", "elapsed": 4.867258, "delta": 0.119909}}
{"target": -0.32471923980181966, "params": {"model__colsample_bylevel": 0.7861070744351207, "model__colsample_bynode": 0.8774093251503836, "model__colsample_bytree": 0.6259679327570861, "model__learning_rate": 0.28810488190533123, "model__max_depth": 6.822438620073907, "model__n_estimators": 29.75038872336499, "model__reg_lambda": 1.696362575837671}, "datetime": {"datetime": "2021-03-24 07:38:23", "elapsed": 4.991589, "delta": 0.124331}}
{"target": -0.33700997609395433, "params": {"model__colsample_bylevel": 0.6647592980218581, "model__colsample_bynode": 0.9618621918833685, "model__colsample_bytree": 0.7546783242123333, "model__learning_rate": 0.2721663846451393, "model__max_depth": 7.825076072541351, "model__n_estimators": 17.78312530401691, "model__reg_lambda": 2.431156753134085}, "datetime": {"datetime": "2021-03-24 07:38:23", "elapsed": 5.092856, "delta": 0.101267}}
{"target": -0.35632252219079086, "params": {"model__colsample_bylevel": 0.9113805901707872, "model__colsample_bynode": 0.9343940938464552, "model__colsample_bytree": 0.8307945907576542, "model__learning_rate": 0.16938039075510394, "model__max_depth": 4.781208283904345, "model__n_estimators": 24.15806611272194, "model__reg_lambda": 4.96281717671187}, "datetime": {"datetime": "2021-03-24 07:38:23", "elapsed": 5.231381, "delta": 0.138525}}
{"target": -0.38599413442492914, "params": {"model__colsample_bylevel": 0.6345818094768427, "model__colsample_bynode": 0.604888825336442, "model__colsample_bytree": 0.9092858074985717, "model__learning_rate": 0.1374717294122843, "model__max_depth": 6.126044559156051, "model__n_estimators": 25.552937607020823, "model__reg_lambda": 9.252000772711074}, "datetime": {"datetime": "2021-03-24 07:38:23", "elapsed": 5.350675, "delta": 0.119294}}
{"target": -0.41974041992528494, "params": {"model__colsample_bylevel": 0.32761837237198693, "model__colsample_bynode": 0.7529816994815779, "model__colsample_bytree": 0.7466377893021694, "model__learning_rate": 0.19233953249413938, "model__max_depth": 2.318356546912358, "model__n_estimators": 15.578563847435374, "model__reg_lambda": 1.6953141420787687}, "datetime": {"datetime": "2021-03-24 07:38:23", "elapsed": 5.414248, "delta": 0.063573}}
{"target": -0.4049596003857374, "params": {"model__colsample_bylevel": 0.8561835208849775, "model__colsample_bynode": 0.4138242325920566, "model__colsample_bytree": 0.3971170898456863, "model__learning_rate": 0.17058339064653638, "model__max_depth": 4.906990730916813, "model__n_estimators": 25.466045776856664, "model__reg_lambda": 8.011564316956859}, "datetime": {"datetime": "2021-03-24 07:38:23", "elapsed": 5.499611, "delta": 0.085363}}
{"target": -0.39418544822332, "params": {"model__colsample_bylevel": 0.4867420639503589, "model__colsample_bynode": 0.936633346480775, "model__colsample_bytree": 0.3160068649787738, "model__learning_rate": 0.17502455249915477, "model__max_depth": 3.1977999718893484, "model__n_estimators": 20.142078437421155, "model__reg_lambda": 4.441122950440465}, "datetime": {"datetime": "2021-03-24 07:38:24", "elapsed": 5.583271, "delta": 0.08366}}
{"target": -0.3835985524863329, "params": {"model__colsample_bylevel": 0.6486977272532548, "model__colsample_bynode": 0.5900424273597351, "model__colsample_bytree": 0.4499791740194562, "model__learning_rate": 0.14332794254537243, "model__max_depth": 3.3938427634789914, "model__n_estimators": 25.93628430939619, "model__reg_lambda": 4.159186670147922}, "datetime": {"datetime": "2021-03-24 07:38:24", "elapsed": 5.665519, "delta": 0.082248}}
