{"target": -0.33358701019091497, "params": {"model__colsample_bylevel": 0.31413464832269816, "model__colsample_bynode": 0.9284315776026908, "model__colsample_bytree": 0.8008281610247372, "model__learning_rate": 0.2631918604068544, "model__max_depth": 6.949742124917261, "model__n_estimators": 29.897388935754634, "model__reg_lambda": 0.35183677197233365}, "datetime": {"datetime": "2021-03-24 07:42:20", "elapsed": 241.859322, "delta": 1.47553}}
{"target": -0.34497406445671397, "params": {"model__colsample_bylevel": 0.35660357786735225, "model__colsample_bynode": 0.9812720025216579, "model__colsample_bytree": 0.8630558435821327, "model__learning_rate": 0.2644708945864065, "model__max_depth": 7.110070703666311, "model__n_estimators": 28.105980439294754, "model__reg_lambda": 1.659537159970469}, "datetime": {"datetime": "2021-03-24 07:42:21", "elapsed": 243.170304, "delta": 1.310982}}
{"target": -0.34258698022576806, "params": {"model__colsample_bylevel": 0.8138446822282455, "model__colsample_bynode": 0.967424431804067, "model__colsample_bytree": 0.6447690881490575, "model__learning_rate": 0.2795797192443209, "model__max_depth": 5.630177279513736, "model__n_estimators": 27.123285586648024, "model__reg_lambda": 1.699418744836938}, "datetime": {"datetime": "2021-03-24 07:42:23", "elapsed": 244.674641, "delta": 1.504337}}
{"target": -0.3566057717623324, "params": {"model__colsample_bylevel": 0.3, "model__colsample_bynode": 0.3, "model__colsample_bytree": 1.0, "model__learning_rate": 0.3, "model__max_depth": 8.0, "model__n_estimators": 26.803644291147844, "model__reg_lambda": 10.0}, "datetime": {"datetime": "2021-03-24 07:42:24", "elapsed": 246.245715, "delta": 1.571074}}
{"target": -0.3694688111597645, "params": {"model__colsample_bylevel": 0.3, "model__colsample_bynode": 1.0, "model__colsample_bytree": 1.0, "model__learning_rate": 0.3, "model__max_depth": 8.0, "model__n_estimators": 18.66905564072384, "model__reg_lambda": 10.0}, "datetime": {"datetime": "2021-03-24 07:42:26", "elapsed": 247.943748, "delta": 1.698033}}
{"target": -0.33615679651384067, "params": {"model__colsample_bylevel": 0.9999999990037123, "model__colsample_bynode": 0.6523375606975494, "model__colsample_bytree": 0.9999999992030987, "model__learning_rate": 0.3, "model__max_depth": 5.331170945110508, "model__n_estimators": 28.789118667275158, "model__reg_lambda": 5.773716456832321}, "datetime": {"datetime": "2021-03-24 07:42:28", "elapsed": 249.773633, "delta": 1.829885}}
{"target": -0.3458093100797682, "params": {"model__colsample_bylevel": 0.3, "model__colsample_bynode": 1.0, "model__colsample_bytree": 1.0, "model__learning_rate": 0.3, "model__max_depth": 5.005032564651807, "model__n_estimators": 19.600932867847327, "model__reg_lambda": 0.0}, "datetime": {"datetime": "2021-03-24 07:42:29", "elapsed": 251.246502, "delta": 1.472869}}
{"target": -0.356941352079393, "params": {"model__colsample_bylevel": 0.36641435397822325, "model__colsample_bynode": 1.0, "model__colsample_bytree": 0.30000000284807943, "model__learning_rate": 0.3, "model__max_depth": 6.499111677721451, "model__n_estimators": 28.099727325395968, "model__reg_lambda": 0.36536256041970333}, "datetime": {"datetime": "2021-03-24 07:42:31", "elapsed": 252.856814, "delta": 1.610312}}
{"target": -0.3803387109146359, "params": {"model__colsample_bylevel": 1.0, "model__colsample_bynode": 1.0, "model__colsample_bytree": 0.3, "model__learning_rate": 0.3, "model__max_depth": 8.0, "model__n_estimators": 21.848111661879226, "model__reg_lambda": 6.474975232189116}, "datetime": {"datetime": "2021-03-24 07:42:32", "elapsed": 254.311422, "delta": 1.454608}}
{"target": -0.37695062513517186, "params": {"model__colsample_bylevel": 0.3, "model__colsample_bynode": 1.0, "model__colsample_bytree": 1.0, "model__learning_rate": 0.3, "model__max_depth": 3.5354183909419024, "model__n_estimators": 18.526903703074485, "model__reg_lambda": 8.27160369899469}, "datetime": {"datetime": "2021-03-24 07:42:34", "elapsed": 256.226633, "delta": 1.915211}}
{"target": -0.3739947715315266, "params": {"model__colsample_bylevel": 0.3, "model__colsample_bynode": 1.0, "model__colsample_bytree": 1.0, "model__learning_rate": 0.3, "model__max_depth": 4.633125451095806, "model__n_estimators": 18.390870371172074, "model__reg_lambda": 10.0}, "datetime": {"datetime": "2021-03-24 07:42:36", "elapsed": 258.018323, "delta": 1.79169}}
{"target": -0.33773048912365644, "params": {"model__colsample_bylevel": 0.3397251464612413, "model__colsample_bynode": 1.0, "model__colsample_bytree": 1.0, "model__learning_rate": 0.3, "model__max_depth": 2.7939826350399057, "model__n_estimators": 19.579906953276737, "model__reg_lambda": 1.4046214572345788}, "datetime": {"datetime": "2021-03-24 07:42:38", "elapsed": 259.863458, "delta": 1.845135}}
{"target": -0.3571088535461467, "params": {"model__colsample_bylevel": 1.0, "model__colsample_bynode": 1.0, "model__colsample_bytree": 0.3, "model__learning_rate": 0.3, "model__max_depth": 2.7897200468256136, "model__n_estimators": 27.27340203022039, "model__reg_lambda": 6.188248683397435}, "datetime": {"datetime": "2021-03-24 07:42:40", "elapsed": 261.674889, "delta": 1.811431}}
{"target": -0.3406972953391707, "params": {"model__colsample_bylevel": 0.3, "model__colsample_bynode": 0.3, "model__colsample_bytree": 1.0, "model__learning_rate": 0.3, "model__max_depth": 6.1644157629026, "model__n_estimators": 21.549182212881668, "model__reg_lambda": 1.4852582167426658}, "datetime": {"datetime": "2021-03-24 07:42:41", "elapsed": 263.467924, "delta": 1.793035}}
{"target": -0.41338657995591455, "params": {"model__colsample_bylevel": 0.3, "model__colsample_bynode": 1.0, "model__colsample_bytree": 0.3, "model__learning_rate": 0.3, "model__max_depth": 2.0, "model__n_estimators": 21.189657352889075, "model__reg_lambda": 0.0}, "datetime": {"datetime": "2021-03-24 07:42:43", "elapsed": 265.109623, "delta": 1.641699}}
{"target": -0.3606731105101484, "params": {"model__colsample_bylevel": 0.30000001287824013, "model__colsample_bynode": 1.0, "model__colsample_bytree": 1.0, "model__learning_rate": 0.3, "model__max_depth": 8.0, "model__n_estimators": 30.0, "model__reg_lambda": 3.7997163745207856}, "datetime": {"datetime": "2021-03-24 07:42:45", "elapsed": 267.134235, "delta": 2.024612}}
{"target": -0.35195731517480877, "params": {"model__colsample_bylevel": 1.0, "model__colsample_bynode": 1.0, "model__colsample_bytree": 1.0, "model__learning_rate": 0.3, "model__max_depth": 3.4037264075662543, "model__n_estimators": 17.033506905958628, "model__reg_lambda": 3.9246313631494005}, "datetime": {"datetime": "2021-03-24 07:42:47", "elapsed": 269.510747, "delta": 2.376512}}
{"target": -0.36172125712205805, "params": {"model__colsample_bylevel": 1.0, "model__colsample_bynode": 1.0, "model__colsample_bytree": 1.0, "model__learning_rate": 0.3, "model__max_depth": 2.0, "model__n_estimators": 22.35565766240138, "model__reg_lambda": 5.82702177793098}, "datetime": {"datetime": "2021-03-24 07:42:49", "elapsed": 271.058737, "delta": 1.54799}}
{"target": -0.32875261096742714, "params": {"model__colsample_bylevel": 0.4599487365618858, "model__colsample_bynode": 0.3497838434029175, "model__colsample_bytree": 0.9750979365822552, "model__learning_rate": 0.2859320621469674, "model__max_depth": 4.423307483140737, "model__n_estimators": 23.489123197695832, "model__reg_lambda": 3.618591815687501}, "datetime": {"datetime": "2021-03-24 07:42:51", "elapsed": 273.018739, "delta": 1.960002}}
{"target": -0.3738427153086641, "params": {"model__colsample_bylevel": 0.3, "model__colsample_bynode": 0.3, "model__colsample_bytree": 1.0, "model__learning_rate": 0.3, "model__max_depth": 8.0, "model__n_estimators": 22.293569901999206, "model__reg_lambda": 10.0}, "datetime": {"datetime": "2021-03-24 07:42:53", "elapsed": 275.176024, "delta": 2.157285}}
{"target": -0.3560299244727872, "params": {"model__colsample_bylevel": 0.6971434941537011, "model__colsample_bynode": 0.391839095164759, "model__colsample_bytree": 0.39103708766978196, "model__learning_rate": 0.29395618957204367, "model__max_depth": 7.965074265140679, "model__n_estimators": 28.943865255939553, "model__reg_lambda": 4.583307743252538}, "datetime": {"datetime": "2021-03-24 07:42:55", "elapsed": 277.556488, "delta": 2.380464}}
{"target": -0.3545533152928144, "params": {"model__colsample_bylevel": 1.0, "model__colsample_bynode": 0.3, "model__colsample_bytree": 1.0, "model__learning_rate": 0.3, "model__max_depth": 5.967334285055482, "model__n_estimators": 28.05903102412287, "model__reg_lambda": 10.0}, "datetime": {"datetime": "2021-03-24 07:42:57", "elapsed": 279.462111, "delta": 1.905623}}
{"target": -0.3689579241328697, "params": {"model__colsample_bylevel": 1.0, "model__colsample_bynode": 1.0, "model__colsample_bytree": 1.0, "model__learning_rate": 0.3, "model__max_depth": 6.805960999386827, "model__n_estimators": 16.39821968051355, "model__reg_lambda": 6.527145924007587}, "datetime": {"datetime": "2021-03-24 07:42:59", "elapsed": 281.425987, "delta": 1.963876}}
{"target": -0.34154385891877986, "params": {"model__colsample_bylevel": 0.3799589627035043, "model__colsample_bynode": 0.8045207379454127, "model__colsample_bytree": 0.976169205222724, "model__learning_rate": 0.1426889249105142, "model__max_depth": 3.1619208509876273, "model__n_estimators": 29.992106222155044, "model__reg_lambda": 2.489411970258455}, "datetime": {"datetime": "2021-03-24 07:43:01", "elapsed": 282.906051, "delta": 1.480064}}
{"target": -0.3786706396297592, "params": {"model__colsample_bylevel": 0.3, "model__colsample_bynode": 1.0, "model__colsample_bytree": 1.0, "model__learning_rate": 0.1, "model__max_depth": 7.989288934123477, "model__n_estimators": 17.775127284115285, "model__reg_lambda": 0.6120223270772475}, "datetime": {"datetime": "2021-03-24 07:43:03", "elapsed": 284.906244, "delta": 2.000193}}
{"target": -0.3775301511844863, "params": {"model__colsample_bylevel": 0.3, "model__colsample_bynode": 0.3, "model__colsample_bytree": 1.0, "model__learning_rate": 0.3, "model__max_depth": 2.00000000126688, "model__n_estimators": 15.0, "model__reg_lambda": 0.0}, "datetime": {"datetime": "2021-03-24 07:43:05", "elapsed": 286.896057, "delta": 1.989813}}
{"target": -0.35489753899738136, "params": {"model__colsample_bylevel": 0.3, "model__colsample_bynode": 1.0, "model__colsample_bytree": 1.0, "model__learning_rate": 0.3, "model__max_depth": 4.371462625512805, "model__n_estimators": 15.0, "model__reg_lambda": 2.613109364361018}, "datetime": {"datetime": "2021-03-24 07:43:07", "elapsed": 288.982323, "delta": 2.086266}}
{"target": -0.4189312031264822, "params": {"model__colsample_bylevel": 0.3, "model__colsample_bynode": 0.3, "model__colsample_bytree": 0.3, "model__learning_rate": 0.3, "model__max_depth": 8.0, "model__n_estimators": 18.08924028266234, "model__reg_lambda": 0.0}, "datetime": {"datetime": "2021-03-24 07:43:08", "elapsed": 290.572855, "delta": 1.590532}}
{"target": -0.3337481921447603, "params": {"model__colsample_bylevel": 0.6392763096989175, "model__colsample_bynode": 0.30717519969102314, "model__colsample_bytree": 0.9964046826830324, "model__learning_rate": 0.2991099326863935, "model__max_depth": 7.058397225542299, "model__n_estimators": 25.272487953493766, "model__reg_lambda": 3.158922515959363}, "datetime": {"datetime": "2021-03-24 07:43:11", "elapsed": 292.608971, "delta": 2.036116}}
{"target": -0.37812046828963186, "params": {"model__colsample_bylevel": 1.0, "model__colsample_bynode": 0.3, "model__colsample_bytree": 1.0, "model__learning_rate": 0.3, "model__max_depth": 2.0, "model__n_estimators": 18.873191615393463, "model__reg_lambda": 8.597427490467515}, "datetime": {"datetime": "2021-03-24 07:43:12", "elapsed": 294.261087, "delta": 1.652116}}
