{"target": -0.3398249241660528, "params": {"model__colsample_bylevel": 0.3726220089695756, "model__colsample_bynode": 0.9999999983442982, "model__colsample_bytree": 1.0, "model__learning_rate": 0.3, "model__max_depth": 7.999999996701596, "model__n_estimators": 29.9999999935996, "model__reg_lambda": 4.6049093945302633e-10}, "datetime": {"datetime": "2021-03-24 07:40:56", "elapsed": 158.35351, "delta": 1.301729}}
{"target": -0.36950179071611033, "params": {"model__colsample_bylevel": 1.0, "model__colsample_bynode": 0.3, "model__colsample_bytree": 1.0, "model__learning_rate": 0.3, "model__max_depth": 2.00000000023111, "model__n_estimators": 22.815952557571865, "model__reg_lambda": 10.0}, "datetime": {"datetime": "2021-03-24 07:40:57", "elapsed": 159.450088, "delta": 1.096578}}
{"target": -0.3543544522277417, "params": {"model__colsample_bylevel": 1.0, "model__colsample_bynode": 1.0, "model__colsample_bytree": 1.0, "model__learning_rate": 0.3, "model__max_depth": 3.8304799385344257, "model__n_estimators": 21.441673957875928, "model__reg_lambda": 8.6569001425456}, "datetime": {"datetime": "2021-03-24 07:40:59", "elapsed": 161.165124, "delta": 1.715036}}
{"target": -0.34738046777083714, "params": {"model__colsample_bylevel": 1.0, "model__colsample_bynode": 0.3, "model__colsample_bytree": 1.0, "model__learning_rate": 0.3, "model__max_depth": 8.0, "model__n_estimators": 30.0, "model__reg_lambda": 10.0}, "datetime": {"datetime": "2021-03-24 07:41:00", "elapsed": 162.470349, "delta": 1.305225}}
{"target": -0.30455814012683985, "params": {"model__colsample_bylevel": 0.3454848947723636, "model__colsample_bynode": 0.9810963744596382, "model__colsample_bytree": 0.8952448461138465, "model__learning_rate": 0.29500208780228954, "model__max_depth": 7.167545034973952, "model__n_estimators": 26.13365622133462, "model__reg_lambda": 5.497996835712011}, "datetime": {"datetime": "2021-03-24 07:41:02", "elapsed": 164.10569, "delta": 1.635341}}
{"target": -0.35294957089202433, "params": {"model__colsample_bylevel": 0.3, "model__colsample_bynode": 1.0, "model__colsample_bytree": 1.0, "model__learning_rate": 0.3, "model__max_depth": 7.9999999956769745, "model__n_estimators": 19.497412695406904, "model__reg_lambda": 0.0}, "datetime": {"datetime": "2021-03-24 07:41:04", "elapsed": 166.059588, "delta": 1.953898}}
{"target": -0.3198753699071476, "params": {"model__colsample_bylevel": 0.30000000109258146, "model__colsample_bynode": 0.3000000103940353, "model__colsample_bytree": 1.0, "model__learning_rate": 0.3, "model__max_depth": 7.830042671336627, "model__n_estimators": 30.0, "model__reg_lambda": 3.811145897929038}, "datetime": {"datetime": "2021-03-24 07:41:06", "elapsed": 167.599556, "delta": 1.539968}}
{"target": -0.3890036164769444, "params": {"model__colsample_bylevel": 0.8990745175972823, "model__colsample_bynode": 0.34820084410871266, "model__colsample_bytree": 0.33161337806951957, "model__learning_rate": 0.269303280150163, "model__max_depth": 2.4790144103814358, "model__n_estimators": 20.286319146516036, "model__reg_lambda": 0.19735189189618696}, "datetime": {"datetime": "2021-03-24 07:41:07", "elapsed": 168.7693, "delta": 1.169744}}
{"target": -0.37512254122361216, "params": {"model__colsample_bylevel": 1.0, "model__colsample_bynode": 1.0, "model__colsample_bytree": 0.3, "model__learning_rate": 0.3, "model__max_depth": 8.0, "model__n_estimators": 25.87984537433983, "model__reg_lambda": 10.0}, "datetime": {"datetime": "2021-03-24 07:41:09", "elapsed": 170.689679, "delta": 1.920379}}
{"target": -0.3498446424110401, "params": {"model__colsample_bylevel": 1.0, "model__colsample_bynode": 0.3, "model__colsample_bytree": 1.0, "model__learning_rate": 0.3, "model__max_depth": 2.0, "model__n_estimators": 24.62975302050936, "model__reg_lambda": 5.259863715724334}, "datetime": {"datetime": "2021-03-24 07:41:10", "elapsed": 172.14957, "delta": 1.459891}}
{"target": -0.3618263121437876, "params": {"model__colsample_bylevel": 1.0, "model__colsample_bynode": 0.3, "model__colsample_bytree": 1.0, "model__learning_rate": 0.3, "model__max_depth": 4.60742141350496, "model__n_estimators": 19.912064161933472, "model__reg_lambda": 10.0}, "datetime": {"datetime": "2021-03-24 07:41:11", "elapsed": 173.266355, "delta": 1.116785}}
{"target": -0.3573458713131782, "params": {"model__colsample_bylevel": 0.3, "model__colsample_bynode": 1.0, "model__colsample_bytree": 1.0, "model__learning_rate": 0.3, "model__max_depth": 7.807840583749211, "model__n_estimators": 19.66044673305737, "model__reg_lambda": 5.143328445824575}, "datetime": {"datetime": "2021-03-24 07:41:13", "elapsed": 174.997773, "delta": 1.731418}}
{"target": -0.33684182012710123, "params": {"model__colsample_bylevel": 0.9222555563410908, "model__colsample_bynode": 0.6547481233363162, "model__colsample_bytree": 0.8987438303324298, "model__learning_rate": 0.2691995602439928, "model__max_depth": 7.9312680489834975, "model__n_estimators": 16.67702382358503, "model__reg_lambda": 0.0044983883786720025}, "datetime": {"datetime": "2021-03-24 07:41:14", "elapsed": 176.454112, "delta": 1.456339}}
{"target": -0.35725191204717544, "params": {"model__colsample_bylevel": 1.0, "model__colsample_bynode": 1.0, "model__colsample_bytree": 1.0, "model__learning_rate": 0.3, "model__max_depth": 2.0, "model__n_estimators": 16.969255970498406, "model__reg_lambda": 1.3385187257483506}, "datetime": {"datetime": "2021-03-24 07:41:16", "elapsed": 178.194483, "delta": 1.740371}}
{"target": -0.34182001913330806, "params": {"model__colsample_bylevel": 0.7155846355783949, "model__colsample_bynode": 0.3, "model__colsample_bytree": 1.0, "model__learning_rate": 0.3, "model__max_depth": 4.223637530947431, "model__n_estimators": 16.670537420633455, "model__reg_lambda": 0.0}, "datetime": {"datetime": "2021-03-24 07:41:18", "elapsed": 179.722253, "delta": 1.52777}}
{"target": -0.3587900260389121, "params": {"model__colsample_bylevel": 1.0, "model__colsample_bynode": 1.0, "model__colsample_bytree": 1.0, "model__learning_rate": 0.3, "model__max_depth": 5.685541468779578, "model__n_estimators": 19.020882707311394, "model__reg_lambda": 8.276781488002683}, "datetime": {"datetime": "2021-03-24 07:41:19", "elapsed": 181.127429, "delta": 1.405176}}
{"target": -0.35122080482441287, "params": {"model__colsample_bylevel": 1.0, "model__colsample_bynode": 1.0, "model__colsample_bytree": 1.0, "model__learning_rate": 0.3, "model__max_depth": 2.0, "model__n_estimators": 30.0, "model__reg_lambda": 10.0}, "datetime": {"datetime": "2021-03-24 07:41:21", "elapsed": 183.019776, "delta": 1.892347}}
{"target": -0.34023081399567856, "params": {"model__colsample_bylevel": 0.9410146170074425, "model__colsample_bynode": 0.3627445832985695, "model__colsample_bytree": 0.8884233243711013, "model__learning_rate": 0.2978016165361885, "model__max_depth": 6.177170525598418, "model__n_estimators": 25.26834844042891, "model__reg_lambda": 4.791443421853154}, "datetime": {"datetime": "2021-03-24 07:41:22", "elapsed": 184.564789, "delta": 1.545013}}
{"target": -0.4047672749712955, "params": {"model__colsample_bylevel": 0.3, "model__colsample_bynode": 0.3, "model__colsample_bytree": 1.0, "model__learning_rate": 0.3, "model__max_depth": 8.0, "model__n_estimators": 15.0, "model__reg_lambda": 10.0}, "datetime": {"datetime": "2021-03-24 07:41:24", "elapsed": 186.081946, "delta": 1.517157}}
{"target": -0.32975618056025, "params": {"model__colsample_bylevel": 0.9882402348490775, "model__colsample_bynode": 0.978468861826262, "model__colsample_bytree": 0.9323492145128931, "model__learning_rate": 0.26368590285412363, "model__max_depth": 4.366467760434211, "model__n_estimators": 28.664767462978126, "model__reg_lambda": 7.862594795831224}, "datetime": {"datetime": "2021-03-24 07:41:25", "elapsed": 187.52582, "delta": 1.443874}}
{"target": -0.3469689150299941, "params": {"model__colsample_bylevel": 0.8579561941311307, "model__colsample_bynode": 0.7539501799950162, "model__colsample_bytree": 0.9503735545646836, "model__learning_rate": 0.29775252420914083, "model__max_depth": 3.554967261359268, "model__n_estimators": 29.95866509024423, "model__reg_lambda": 0.5065888555866915}, "datetime": {"datetime": "2021-03-24 07:41:27", "elapsed": 188.946529, "delta": 1.420709}}
{"target": -0.3659834726875567, "params": {"model__colsample_bylevel": 0.3, "model__colsample_bynode": 1.0, "model__colsample_bytree": 1.0, "model__learning_rate": 0.3, "model__max_depth": 8.0, "model__n_estimators": 16.299216980018326, "model__reg_lambda": 7.902580017200079}, "datetime": {"datetime": "2021-03-24 07:41:28", "elapsed": 190.233767, "delta": 1.287238}}
{"target": -0.3253824550435757, "params": {"model__colsample_bylevel": 0.3108623828067848, "model__colsample_bynode": 0.9007461361017335, "model__colsample_bytree": 0.896920713910913, "model__learning_rate": 0.2520604734482251, "model__max_depth": 4.68215742306924, "model__n_estimators": 28.572359208468907, "model__reg_lambda": 3.4611607958638935}, "datetime": {"datetime": "2021-03-24 07:41:30", "elapsed": 191.663784, "delta": 1.430017}}
{"target": -0.36537410314869734, "params": {"model__colsample_bylevel": 0.30000000097267004, "model__colsample_bynode": 1.0, "model__colsample_bytree": 1.0, "model__learning_rate": 0.3, "model__max_depth": 2.0, "model__n_estimators": 24.57306451359781, "model__reg_lambda": 10.0}, "datetime": {"datetime": "2021-03-24 07:41:31", "elapsed": 193.240195, "delta": 1.576411}}
{"target": -0.3437343523496816, "params": {"model__colsample_bylevel": 0.4112095062319363, "model__colsample_bynode": 0.9354368936976268, "model__colsample_bytree": 0.3, "model__learning_rate": 0.3, "model__max_depth": 5.386751567988423, "model__n_estimators": 21.36744548245106, "model__reg_lambda": 0.43780122922181375}, "datetime": {"datetime": "2021-03-24 07:41:32", "elapsed": 194.485753, "delta": 1.245558}}
{"target": -0.37969893050933445, "params": {"model__colsample_bylevel": 1.0, "model__colsample_bynode": 1.0, "model__colsample_bytree": 1.0, "model__learning_rate": 0.3, "model__max_depth": 2.0, "model__n_estimators": 15.0, "model__reg_lambda": 3.289711149503115}, "datetime": {"datetime": "2021-03-24 07:41:34", "elapsed": 195.836124, "delta": 1.350371}}
{"target": -0.38218631929468255, "params": {"model__colsample_bylevel": 1.0, "model__colsample_bynode": 1.0, "model__colsample_bytree": 1.0, "model__learning_rate": 0.3, "model__max_depth": 2.0, "model__n_estimators": 18.335096919722105, "model__reg_lambda": 6.561094557215612}, "datetime": {"datetime": "2021-03-24 07:41:35", "elapsed": 197.463022, "delta": 1.626898}}
{"target": -0.36002522317314706, "params": {"model__colsample_bylevel": 0.30137935634013385, "model__colsample_bynode": 0.3, "model__colsample_bytree": 1.0, "model__learning_rate": 0.3, "model__max_depth": 4.6298841278565686, "model__n_estimators": 24.623369318869845, "model__reg_lambda": 10.0}, "datetime": {"datetime": "2021-03-24 07:41:37", "elapsed": 199.10515, "delta": 1.642128}}
{"target": -0.3376774458788282, "params": {"model__colsample_bylevel": 0.3, "model__colsample_bynode": 1.0, "model__colsample_bytree": 0.9999999993967391, "model__learning_rate": 0.3, "model__max_depth": 4.253874351633374, "model__n_estimators": 27.482933952088292, "model__reg_lambda": 5.400822455033479}, "datetime": {"datetime": "2021-03-24 07:41:38", "elapsed": 200.542471, "delta": 1.437321}}
{"target": -0.3553985579239637, "params": {"model__colsample_bylevel": 0.4162001159553218, "model__colsample_bynode": 1.0, "model__colsample_bytree": 1.0, "model__learning_rate": 0.3, "model__max_depth": 6.557643762355317, "model__n_estimators": 23.619365604354844, "model__reg_lambda": 9.004880765891693}, "datetime": {"datetime": "2021-03-24 07:41:40", "elapsed": 202.407463, "delta": 1.864992}}
{"target": -0.3492103410974159, "params": {"model__colsample_bylevel": 0.467262250396277, "model__colsample_bynode": 0.9895690399342965, "model__colsample_bytree": 0.9437510880396915, "model__learning_rate": 0.29634120039215006, "model__max_depth": 7.971568555651765, "model__n_estimators": 28.368168387608183, "model__reg_lambda": 6.506622996005664}, "datetime": {"datetime": "2021-03-24 07:41:42", "elapsed": 203.749904, "delta": 1.342441}}
{"target": -0.33409275203804906, "params": {"model__colsample_bylevel": 0.9999999990881606, "model__colsample_bynode": 0.7538078605766333, "model__colsample_bytree": 1.0, "model__learning_rate": 0.3, "model__max_depth": 6.19674922683503, "model__n_estimators": 29.395435651685773, "model__reg_lambda": 8.66576178675732}, "datetime": {"datetime": "2021-03-24 07:41:43", "elapsed": 205.450514, "delta": 1.70061}}
{"target": -0.3342672065431859, "params": {"model__colsample_bylevel": 0.45976237592959074, "model__colsample_bynode": 0.9719800992774481, "model__colsample_bytree": 0.6657604320804348, "model__learning_rate": 0.2877881967419207, "model__max_depth": 7.028512559745553, "model__n_estimators": 28.556376641121464, "model__reg_lambda": 3.862458900492589}, "datetime": {"datetime": "2021-03-24 07:41:45", "elapsed": 207.195067, "delta": 1.744553}}
{"target": -0.39283403874293943, "params": {"model__colsample_bylevel": 1.0, "model__colsample_bynode": 1.0, "model__colsample_bytree": 0.3, "model__learning_rate": 0.3, "model__max_depth": 5.080207550816799, "model__n_estimators": 20.643507580650404, "model__reg_lambda": 10.0}, "datetime": {"datetime": "2021-03-24 07:41:47", "elapsed": 208.787436, "delta": 1.592369}}
{"target": -0.3156342237364446, "params": {"model__colsample_bylevel": 1.0, "model__colsample_bynode": 1.0, "model__colsample_bytree": 1.0, "model__learning_rate": 0.3, "model__max_depth": 2.0, "model__n_estimators": 15.0, "model__reg_lambda": 0.0}, "datetime": {"datetime": "2021-03-24 07:41:48", "elapsed": 210.146833, "delta": 1.359397}}
{"target": -0.3527115551697468, "params": {"model__colsample_bylevel": 0.30000000511607516, "model__colsample_bynode": 0.9999999947718665, "model__colsample_bytree": 0.9999999972363679, "model__learning_rate": 0.3, "model__max_depth": 5.7993076661905665, "model__n_estimators": 21.922991137234177, "model__reg_lambda": 5.231907922500661}, "datetime": {"datetime": "2021-03-24 07:41:50", "elapsed": 211.7643, "delta": 1.617467}}
{"target": -0.3383198225322395, "params": {"model__colsample_bylevel": 0.5690830182331047, "model__colsample_bynode": 0.30350357305697806, "model__colsample_bytree": 0.920295235069247, "model__learning_rate": 0.2963609611870851, "model__max_depth": 7.914071069433948, "model__n_estimators": 18.57348730652217, "model__reg_lambda": 1.4621360842689102}, "datetime": {"datetime": "2021-03-24 07:41:51", "elapsed": 213.377118, "delta": 1.612818}}
{"target": -0.3392932110658401, "params": {"model__colsample_bylevel": 0.8603034614152139, "model__colsample_bynode": 0.9735857144955242, "model__colsample_bytree": 0.47380604879638577, "model__learning_rate": 0.28966622020849103, "model__max_depth": 7.898676953000801, "model__n_estimators": 20.421752955942193, "model__reg_lambda": 2.6969502364559537}, "datetime": {"datetime": "2021-03-24 07:41:53", "elapsed": 214.856238, "delta": 1.47912}}
{"target": -0.351144284083157, "params": {"model__colsample_bylevel": 0.6668693494881384, "model__colsample_bynode": 0.9979658046592859, "model__colsample_bytree": 0.5123372533630498, "model__learning_rate": 0.2800734935316323, "model__max_depth": 7.951425483996042, "model__n_estimators": 26.35179105346674, "model__reg_lambda": 5.475998622331316}, "datetime": {"datetime": "2021-03-24 07:41:55", "elapsed": 217.247555, "delta": 2.391317}}
{"target": -0.3787356662074698, "params": {"model__colsample_bylevel": 1.0, "model__colsample_bynode": 0.3, "model__colsample_bytree": 0.30000000371135305, "model__learning_rate": 0.3, "model__max_depth": 5.304568289854166, "model__n_estimators": 20.354525553910808, "model__reg_lambda": 2.6825251788328353}, "datetime": {"datetime": "2021-03-24 07:41:57", "elapsed": 218.674836, "delta": 1.427281}}
{"target": -0.3384481096949827, "params": {"model__colsample_bylevel": 0.9921553017976207, "model__colsample_bynode": 0.9999999993441855, "model__colsample_bytree": 0.999706595637597, "model__learning_rate": 0.3, "model__max_depth": 7.053917184661683, "model__n_estimators": 26.3570583559797, "model__reg_lambda": 4.144477174264586}, "datetime": {"datetime": "2021-03-24 07:41:58", "elapsed": 220.313859, "delta": 1.639023}}
{"target": -0.3537700433081583, "params": {"model__colsample_bylevel": 0.9671149968347534, "model__colsample_bynode": 0.9462999792163054, "model__colsample_bytree": 0.6769402239229785, "model__learning_rate": 0.16419756168084662, "model__max_depth": 2.8116029984327984, "model__n_estimators": 29.883493007067173, "model__reg_lambda": 6.833610974029702}, "datetime": {"datetime": "2021-03-24 07:42:00", "elapsed": 221.619888, "delta": 1.306029}}
{"target": -0.3617200153441155, "params": {"model__colsample_bylevel": 0.9857994803672394, "model__colsample_bynode": 0.3402794790660494, "model__colsample_bytree": 0.45040787463461507, "model__learning_rate": 0.2941805892629774, "model__max_depth": 3.8672155232216214, "model__n_estimators": 29.45511058389237, "model__reg_lambda": 7.427971751425835}, "datetime": {"datetime": "2021-03-24 07:42:01", "elapsed": 222.878481, "delta": 1.258593}}
{"target": -0.40421160071197415, "params": {"model__colsample_bylevel": 0.36555961832751604, "model__colsample_bynode": 0.9803593581227388, "model__colsample_bytree": 0.859289892409359, "model__learning_rate": 0.1002634704242642, "model__max_depth": 7.197498812100383, "model__n_estimators": 29.751834160263932, "model__reg_lambda": 8.190131441753524}, "datetime": {"datetime": "2021-03-24 07:42:02", "elapsed": 224.559765, "delta": 1.681284}}
{"target": -0.3462212787616316, "params": {"model__colsample_bylevel": 0.3, "model__colsample_bynode": 0.3, "model__colsample_bytree": 1.0, "model__learning_rate": 0.3, "model__max_depth": 6.573199322936322, "model__n_estimators": 16.26542664018367, "model__reg_lambda": 0.0}, "datetime": {"datetime": "2021-03-24 07:42:04", "elapsed": 225.965541, "delta": 1.405776}}
{"target": -0.33119287286578014, "params": {"model__colsample_bylevel": 1.0, "model__colsample_bynode": 1.0, "model__colsample_bytree": 1.0, "model__learning_rate": 0.3, "model__max_depth": 2.514326896455048, "model__n_estimators": 17.77840893370493, "model__reg_lambda": 0.0}, "datetime": {"datetime": "2021-03-24 07:42:05", "elapsed": 227.497332, "delta": 1.531791}}
{"target": -0.3941808649939417, "params": {"model__colsample_bylevel": 0.30278789033398457, "model__colsample_bynode": 0.35799211108634543, "model__colsample_bytree": 0.9529661601554833, "model__learning_rate": 0.29508935874679754, "model__max_depth": 7.0321038529414395, "model__n_estimators": 26.120054874736887, "model__reg_lambda": 7.147349352562187}, "datetime": {"datetime": "2021-03-24 07:42:07", "elapsed": 229.386774, "delta": 1.889442}}
{"target": -0.31970628106087595, "params": {"model__colsample_bylevel": 0.7303778947109415, "model__colsample_bynode": 0.37787121443307925, "model__colsample_bytree": 0.9395422993332436, "model__learning_rate": 0.2901877514733661, "model__max_depth": 5.315816783663555, "model__n_estimators": 29.684683511492615, "model__reg_lambda": 2.4655097667831907}, "datetime": {"datetime": "2021-03-24 07:42:09", "elapsed": 230.970048, "delta": 1.583274}}
{"target": -0.33059289508576817, "params": {"model__colsample_bylevel": 0.951236289576409, "model__colsample_bynode": 0.4020129461667732, "model__colsample_bytree": 0.9860275366574316, "model__learning_rate": 0.2979152145291649, "model__max_depth": 2.177496839185154, "model__n_estimators": 24.413881401189652, "model__reg_lambda": 1.7742847313130483}, "datetime": {"datetime": "2021-03-24 07:42:11", "elapsed": 232.686686, "delta": 1.716638}}
{"target": -0.35921119399895163, "params": {"model__colsample_bylevel": 0.31812725978718914, "model__colsample_bynode": 0.9289129341172828, "model__colsample_bytree": 0.9244724076382747, "model__learning_rate": 0.1623607113304069, "model__max_depth": 7.847195507231545, "model__n_estimators": 22.825727602739022, "model__reg_lambda": 2.34016781856989}, "datetime": {"datetime": "2021-03-24 07:42:12", "elapsed": 234.281745, "delta": 1.595059}}
{"target": -0.2991827149236021, "params": {"model__colsample_bylevel": 0.3687662785661801, "model__colsample_bynode": 0.8961564645990445, "model__colsample_bytree": 0.5474671446986898, "model__learning_rate": 0.29022746911307484, "model__max_depth": 6.872253096240334, "model__n_estimators": 29.009636043315304, "model__reg_lambda": 0.9937160115470178}, "datetime": {"datetime": "2021-03-24 07:42:14", "elapsed": 235.857345, "delta": 1.5756}}
{"target": -0.350945741602935, "params": {"model__colsample_bylevel": 0.4896485201207005, "model__colsample_bynode": 1.0, "model__colsample_bytree": 1.0, "model__learning_rate": 0.27461596439365155, "model__max_depth": 5.488157529651146, "model__n_estimators": 25.68237222353974, "model__reg_lambda": 5.630513327920052}, "datetime": {"datetime": "2021-03-24 07:42:16", "elapsed": 237.601907, "delta": 1.744562}}
{"target": -0.35490490081720055, "params": {"model__colsample_bylevel": 0.9873463199124517, "model__colsample_bynode": 0.4505565925826719, "model__colsample_bytree": 0.955727678613792, "model__learning_rate": 0.2895860400581548, "model__max_depth": 3.327068921404573, "model__n_estimators": 25.273280850501806, "model__reg_lambda": 9.869127080341526}, "datetime": {"datetime": "2021-03-24 07:42:17", "elapsed": 239.138007, "delta": 1.5361}}
{"target": -0.32294636500334584, "params": {"model__colsample_bylevel": 0.5442085569351128, "model__colsample_bynode": 0.9591745604450408, "model__colsample_bytree": 0.8269484772789921, "model__learning_rate": 0.27153745565456006, "model__max_depth": 2.0215791215872727, "model__n_estimators": 24.55877723247177, "model__reg_lambda": 0.02568792461567604}, "datetime": {"datetime": "2021-03-24 07:42:18", "elapsed": 240.383792, "delta": 1.245785}}
