{"target": -0.3773097214828907, "params": {"model__colsample_bylevel": 0.7087287246096596, "model__colsample_bynode": 0.6460356235928947, "model__colsample_bytree": 0.6010327699478305, "model__learning_rate": 0.24695316340723392, "model__max_depth": 5.337298920821893, "model__n_estimators": 19.539459624900097, "model__reg_lambda": 9.70798194813456}, "datetime": {"datetime": "2021-03-24 07:38:24", "elapsed": 5.757054, "delta": 0.091535}}
{"target": -0.41797109975520036, "params": {"model__colsample_bylevel": 0.4573898284863129, "model__colsample_bynode": 0.39713840986827087, "model__colsample_bytree": 0.730452732753553, "model__learning_rate": 0.19838578785694924, "model__max_depth": 3.0989164019193227, "model__n_estimators": 16.639657727470496, "model__reg_lambda": 5.395755249234239}, "datetime": {"datetime": "2021-03-24 07:38:24", "elapsed": 5.825331, "delta": 0.068277}}
{"target": -0.360485910103265, "params": {"model__colsample_bylevel": 0.5025094970837707, "model__colsample_bynode": 0.37213783629228636, "model__colsample_bytree": 0.6434210837220209, "model__learning_rate": 0.22641833694649102, "model__max_depth": 2.227815301561689, "model__n_estimators": 22.50161880662639, "model__reg_lambda": 0.835434299294453}, "datetime": {"datetime": "2021-03-24 07:38:24", "elapsed": 5.898177, "delta": 0.072846}}
{"target": -0.36590860365835975, "params": {"model__colsample_bylevel": 0.8539227643210632, "model__colsample_bynode": 0.8306252174459399, "model__colsample_bytree": 0.4835912545620663, "model__learning_rate": 0.12017171820904433, "model__max_depth": 7.503156236962601, "model__n_estimators": 22.761903626532458, "model__reg_lambda": 1.3353967592343363}, "datetime": {"datetime": "2021-03-24 07:38:24", "elapsed": 6.004799, "delta": 0.106622}}
{"target": -0.4080138705603347, "params": {"model__colsample_bylevel": 0.3787801798303496, "model__colsample_bynode": 0.8891488038898538, "model__colsample_bytree": 0.682252315571295, "model__learning_rate": 0.1522033166295056, "model__max_depth": 5.4549531069191834, "model__n_estimators": 19.707789101668837, "model__reg_lambda": 7.916231853067416}, "datetime": {"datetime": "2021-03-24 07:38:24", "elapsed": 6.089073, "delta": 0.084274}}
{"target": -0.34710095667320745, "params": {"model__colsample_bylevel": 0.6451635028820711, "model__colsample_bynode": 0.9756107284220326, "model__colsample_bytree": 0.6642183611480073, "model__learning_rate": 0.2806043190994539, "model__max_depth": 3.4988273636139016, "model__n_estimators": 22.822309547759104, "model__reg_lambda": 5.0574568339000425}, "datetime": {"datetime": "2021-03-24 07:38:24", "elapsed": 6.177121, "delta": 0.088048}}
{"target": -0.4009301700831756, "params": {"model__colsample_bylevel": 0.8691500365097846, "model__colsample_bynode": 0.35123595486158105, "model__colsample_bytree": 0.8853449005213216, "model__learning_rate": 0.26084712707576596, "model__max_depth": 4.4379276251183954, "model__n_estimators": 15.546768724832507, "model__reg_lambda": 7.672541069525759}, "datetime": {"datetime": "2021-03-24 07:38:24", "elapsed": 6.258928, "delta": 0.081807}}
{"target": -0.3447623732951942, "params": {"model__colsample_bylevel": 0.7752492983214213, "model__colsample_bynode": 0.9432502217801924, "model__colsample_bytree": 0.6921299356114399, "model__learning_rate": 0.2935437919451478, "model__max_depth": 3.850306106454099, "model__n_estimators": 20.083349491730285, "model__reg_lambda": 7.308818114469667}, "datetime": {"datetime": "2021-03-24 07:38:24", "elapsed": 6.36199, "delta": 0.103062}}
{"target": -0.3421465454771575, "params": {"model__colsample_bylevel": 0.7909589341540182, "model__colsample_bynode": 0.8077442453063763, "model__colsample_bytree": 0.9257599208468199, "model__learning_rate": 0.24332981747869467, "model__max_depth": 6.092916621028417, "model__n_estimators": 27.646752630781677, "model__reg_lambda": 6.451189984951728}, "datetime": {"datetime": "2021-03-24 07:38:24", "elapsed": 6.503853, "delta": 0.141863}}
{"target": -0.3263817547597801, "params": {"model__colsample_bylevel": 0.511889221690131, "model__colsample_bynode": 0.880146841574702, "model__colsample_bytree": 0.4713036833734444, "model__learning_rate": 0.24075613859849618, "model__max_depth": 5.215329445061823, "model__n_estimators": 20.712142781227694, "model__reg_lambda": 1.7861793515885238}, "datetime": {"datetime": "2021-03-24 07:38:25", "elapsed": 6.586554, "delta": 0.082701}}
{"target": -0.3282185890053845, "params": {"model__colsample_bylevel": 0.9200821231031391, "model__colsample_bynode": 0.35616344543935075, "model__colsample_bytree": 0.8625120529528605, "model__learning_rate": 0.23669407037870885, "model__max_depth": 4.772062647788025, "model__n_estimators": 24.96073964162097, "model__reg_lambda": 2.826662622956666}, "datetime": {"datetime": "2021-03-24 07:38:25", "elapsed": 6.6807, "delta": 0.094146}}
{"target": -0.39690752994215145, "params": {"model__colsample_bylevel": 0.9031023424555509, "model__colsample_bynode": 0.4249356891249156, "model__colsample_bytree": 0.7057975471157624, "model__learning_rate": 0.1927268764937271, "model__max_depth": 6.039330960316078, "model__n_estimators": 22.141866816168736, "model__reg_lambda": 9.525111535091707}, "datetime": {"datetime": "2021-03-24 07:38:25", "elapsed": 6.783879, "delta": 0.103179}}
{"target": -0.37549166808080303, "params": {"model__colsample_bylevel": 0.8972803412913453, "model__colsample_bynode": 0.9289549741797964, "model__colsample_bytree": 0.3178983723326505, "model__learning_rate": 0.13128458043568686, "model__max_depth": 4.861388901041763, "model__n_estimators": 26.020827615199973, "model__reg_lambda": 3.5630947732495777}, "datetime": {"datetime": "2021-03-24 07:38:25", "elapsed": 6.87835, "delta": 0.094471}}
{"target": -0.3607668536586984, "params": {"model__colsample_bylevel": 0.6951175428742368, "model__colsample_bynode": 0.3318286487069968, "model__colsample_bytree": 0.7483089139197432, "model__learning_rate": 0.23624127616156612, "model__max_depth": 4.373824850662889, "model__n_estimators": 17.05009515507337, "model__reg_lambda": 4.16457752159582}, "datetime": {"datetime": "2021-03-24 07:38:25", "elapsed": 6.956442, "delta": 0.078092}}
{"target": -0.3132942127586896, "params": {"model__colsample_bylevel": 0.816923983909474, "model__colsample_bynode": 0.7090153450298311, "model__colsample_bytree": 0.9184032582594783, "model__learning_rate": 0.21574992226411746, "model__max_depth": 3.0678227617515392, "model__n_estimators": 23.876275396014634, "model__reg_lambda": 0.5387774367636355}, "datetime": {"datetime": "2021-03-24 07:38:25", "elapsed": 7.054169, "delta": 0.097727}}
{"target": -0.3863619208862276, "params": {"model__colsample_bylevel": 0.8203891930140093, "model__colsample_bynode": 0.4407263630351047, "model__colsample_bytree": 0.9332727397304375, "model__learning_rate": 0.19471357604823214, "model__max_depth": 4.649919104965563, "model__n_estimators": 17.041195531585494, "model__reg_lambda": 8.076955975507973}, "datetime": {"datetime": "2021-03-24 07:38:25", "elapsed": 7.136607, "delta": 0.082438}}
{"target": -0.34688082021210626, "params": {"model__colsample_bylevel": 0.941920130237188, "model__colsample_bynode": 0.7862119444399247, "model__colsample_bytree": 0.7672811212479322, "model__learning_rate": 0.2413235529719557, "model__max_depth": 6.468881607544759, "model__n_estimators": 25.71892738561766, "model__reg_lambda": 1.4296252407525012}, "datetime": {"datetime": "2021-03-24 07:38:25", "elapsed": 7.263876, "delta": 0.127269}}
{"target": -0.4225250047995992, "params": {"model__colsample_bylevel": 0.7664505634998717, "model__colsample_bynode": 0.9372501752435591, "model__colsample_bytree": 0.3226974712037688, "model__learning_rate": 0.13696287496610304, "model__max_depth": 6.574112506330284, "model__n_estimators": 15.628001246231364, "model__reg_lambda": 2.789864730302046}, "datetime": {"datetime": "2021-03-24 07:38:25", "elapsed": 7.342181, "delta": 0.078305}}
{"target": -0.4090144502822364, "params": {"model__colsample_bylevel": 0.9005722896485118, "model__colsample_bynode": 0.5583279975276154, "model__colsample_bytree": 0.9292943127471143, "model__learning_rate": 0.1578195662504995, "model__max_depth": 4.281940885644073, "model__n_estimators": 16.640600890305116, "model__reg_lambda": 8.146246111896012}, "datetime": {"datetime": "2021-03-24 07:38:25", "elapsed": 7.429229, "delta": 0.087048}}
{"target": -0.41387327777329774, "params": {"model__colsample_bylevel": 0.9534398095322711, "model__colsample_bynode": 0.42817503247553923, "model__colsample_bytree": 0.5178389967922328, "model__learning_rate": 0.2349408086546986, "model__max_depth": 2.4746062530577846, "model__n_estimators": 15.490859914517099, "model__reg_lambda": 3.2657561880327557}, "datetime": {"datetime": "2021-03-24 07:38:25", "elapsed": 7.500912, "delta": 0.071683}}
{"target": -0.3692857860688768, "params": {"model__colsample_bylevel": 0.5706285360217014, "model__colsample_bynode": 0.6842771415696982, "model__colsample_bytree": 0.6870518207102555, "model__learning_rate": 0.16602543474194267, "model__max_depth": 4.553906607318516, "model__n_estimators": 18.777852885612205, "model__reg_lambda": 2.0263513230551347}, "datetime": {"datetime": "2021-03-24 07:38:26", "elapsed": 7.58341, "delta": 0.082498}}
{"target": -0.34824584283312593, "params": {"model__colsample_bylevel": 0.8442678591461368, "model__colsample_bynode": 0.3977149946980818, "model__colsample_bytree": 0.6158425941754111, "model__learning_rate": 0.1245045248421828, "model__max_depth": 6.897715409068526, "model__n_estimators": 27.65234893164894, "model__reg_lambda": 1.1477505735172433}, "datetime": {"datetime": "2021-03-24 07:38:26", "elapsed": 7.681395, "delta": 0.097985}}
{"target": -0.3182751895070238, "params": {"model__colsample_bylevel": 0.8046871964072875, "model__colsample_bynode": 0.9463208373893632, "model__colsample_bytree": 0.5702216525068842, "model__learning_rate": 0.25542256115422385, "model__max_depth": 7.543314227663024, "model__n_estimators": 15.074271146872483, "model__reg_lambda": 2.7258381373747875}, "datetime": {"datetime": "2021-03-24 07:38:26", "elapsed": 7.774491, "delta": 0.093096}}
{"target": -0.5146130321142467, "params": {"model__colsample_bylevel": 0.325563385911891, "model__colsample_bynode": 0.4394342284138872, "model__colsample_bytree": 0.3078454924320954, "model__learning_rate": 0.10977990666788635, "model__max_depth": 5.896055639118223, "model__n_estimators": 19.33085301818661, "model__reg_lambda": 8.44410233607059}, "datetime": {"datetime": "2021-03-24 07:38:26", "elapsed": 7.846578, "delta": 0.072087}}
{"target": -0.3496906914012642, "params": {"model__colsample_bylevel": 0.5333078077907257, "model__colsample_bynode": 0.9449148964303926, "model__colsample_bytree": 0.39197068792833056, "model__learning_rate": 0.2098009976534188, "model__max_depth": 3.7666070082368948, "model__n_estimators": 27.09229802758709, "model__reg_lambda": 3.376766038812906}, "datetime": {"datetime": "2021-03-24 07:38:26", "elapsed": 7.938, "delta": 0.091422}}
{"target": -0.36273174146662696, "params": {"model__colsample_bylevel": 0.38472058045866103, "model__colsample_bynode": 0.6189182754661343, "model__colsample_bytree": 0.47491716651278293, "model__learning_rate": 0.24904662090967875, "model__max_depth": 6.41552028192452, "model__n_estimators": 15.15307284998927, "model__reg_lambda": 0.029919695529196932}, "datetime": {"datetime": "2021-03-24 07:38:26", "elapsed": 8.013874, "delta": 0.075874}}
{"target": -0.35382609200272436, "params": {"model__colsample_bylevel": 0.9426044924017256, "model__colsample_bynode": 0.5260125425777793, "model__colsample_bytree": 0.5074653319167783, "model__learning_rate": 0.15418522802672452, "model__max_depth": 3.474343666196627, "model__n_estimators": 26.630539663467353, "model__reg_lambda": 2.632384799456182}, "datetime": {"datetime": "2021-03-24 07:38:26", "elapsed": 8.104156, "delta": 0.090282}}
{"target": -0.3419415378909342, "params": {"model__colsample_bylevel": 0.8032909797610204, "model__colsample_bynode": 0.7713021432027297, "model__colsample_bytree": 0.6853736563856032, "model__learning_rate": 0.23655460523720243, "model__max_depth": 3.0441975506001606, "model__n_estimators": 21.967771044500967, "model__reg_lambda": 4.939589109277965}, "datetime": {"datetime": "2021-03-24 07:38:26", "elapsed": 8.191934, "delta": 0.087778}}
{"target": -0.3993963283149229, "params": {"model__colsample_bylevel": 0.3191878877624776, "model__colsample_bynode": 0.4527668367686508, "model__colsample_bytree": 0.9533861738476699, "model__learning_rate": 0.23172885748318614, "model__max_depth": 7.871974941466348, "model__n_estimators": 20.539710627919593, "model__reg_lambda": 7.6239037960184355}, "datetime": {"datetime": "2021-03-24 07:38:26", "elapsed": 8.269598, "delta": 0.077664}}
{"target": -0.4196696050789046, "params": {"model__colsample_bylevel": 0.7197656118669662, "model__colsample_bynode": 0.7214646750503465, "model__colsample_bytree": 0.37931534877147977, "model__learning_rate": 0.14444015703665763, "model__max_depth": 2.433575141809544, "model__n_estimators": 22.57954207818872, "model__reg_lambda": 3.4509917372173025}, "datetime": {"datetime": "2021-03-24 07:38:26", "elapsed": 8.348478, "delta": 0.07888}}
{"target": -0.34252362648713525, "params": {"model__colsample_bylevel": 0.43770438267170664, "model__colsample_bynode": 0.562288016838024, "model__colsample_bytree": 0.6684847059501842, "model__learning_rate": 0.24216538663414655, "model__max_depth": 5.53982800385271, "model__n_estimators": 24.586364893849456, "model__reg_lambda": 6.03761911116279}, "datetime": {"datetime": "2021-03-24 07:38:26", "elapsed": 8.43139, "delta": 0.082912}}
{"target": -0.346523371700238, "params": {"model__colsample_bylevel": 0.5615024327662378, "model__colsample_bynode": 0.5278880157630303, "model__colsample_bytree": 0.6927994632423486, "model__learning_rate": 0.2499326997232081, "model__max_depth": 7.515144966264312, "model__n_estimators": 27.41503748405572, "model__reg_lambda": 5.537273620404508}, "datetime": {"datetime": "2021-03-24 07:38:26", "elapsed": 8.534119, "delta": 0.102729}}
{"target": -0.3563753135610318, "params": {"model__colsample_bylevel": 0.8773753442334304, "model__colsample_bynode": 0.3197624374107063, "model__colsample_bytree": 0.8582648079772404, "model__learning_rate": 0.1398977410305498, "model__max_depth": 6.115045756510598, "model__n_estimators": 27.377846347953547, "model__reg_lambda": 3.1496308071503187}, "datetime": {"datetime": "2021-03-24 07:38:27", "elapsed": 8.630438, "delta": 0.096319}}
{"target": -0.36505808085473124, "params": {"model__colsample_bylevel": 0.5798231824380045, "model__colsample_bynode": 0.9899122285696411, "model__colsample_bytree": 0.4774952834387126, "model__learning_rate": 0.25106786479472265, "model__max_depth": 4.436357453829759, "model__n_estimators": 19.72844903945682, "model__reg_lambda": 7.705159221072094}, "datetime": {"datetime": "2021-03-24 07:38:27", "elapsed": 8.721413, "delta": 0.090975}}
{"target": -0.36443188599972187, "params": {"model__colsample_bylevel": 0.6149024037576569, "model__colsample_bynode": 0.7970601762740899, "model__colsample_bytree": 0.4555403075808654, "model__learning_rate": 0.26476738246878556, "model__max_depth": 6.3006447069266285, "model__n_estimators": 22.48861984031197, "model__reg_lambda": 7.91551010046181}, "datetime": {"datetime": "2021-03-24 07:38:27", "elapsed": 8.803117, "delta": 0.081704}}
{"target": -0.3262620099012038, "params": {"model__colsample_bylevel": 0.9437937215686736, "model__colsample_bynode": 0.8511722448868555, "model__colsample_bytree": 0.5084857837350747, "model__learning_rate": 0.24346701302396254, "model__max_depth": 5.690340786662006, "model__n_estimators": 27.619845335231588, "model__reg_lambda": 4.0456797253845265}, "datetime": {"datetime": "2021-03-24 07:38:27", "elapsed": 8.919618, "delta": 0.116501}}
{"target": -0.3647101865045429, "params": {"model__colsample_bylevel": 0.6173529449301774, "model__colsample_bynode": 0.3656352091501882, "model__colsample_bytree": 0.45305055880659917, "model__learning_rate": 0.20586849821836273, "model__max_depth": 5.173197962934258, "model__n_estimators": 25.696146745858105, "model__reg_lambda": 2.863925264426952}, "datetime": {"datetime": "2021-03-24 07:38:27", "elapsed": 8.999007, "delta": 0.079389}}
{"target": -0.42047241457292567, "params": {"model__colsample_bylevel": 0.3812502817792496, "model__colsample_bynode": 0.43107613084910207, "model__colsample_bytree": 0.6036033759584388, "model__learning_rate": 0.13710847453713484, "model__max_depth": 2.7407946095138094, "model__n_estimators": 25.875381462387566, "model__reg_lambda": 9.101677556132595}, "datetime": {"datetime": "2021-03-24 07:38:27", "elapsed": 9.073876, "delta": 0.074869}}
{"target": -0.38380140536194796, "params": {"model__colsample_bylevel": 0.3426383940311504, "model__colsample_bynode": 0.3292770968669983, "model__colsample_bytree": 0.49999974247633633, "model__learning_rate": 0.21592871225493404, "model__max_depth": 7.629568478689846, "model__n_estimators": 23.72527860523467, "model__reg_lambda": 6.7998375849329875}, "datetime": {"datetime": "2021-03-24 07:38:27", "elapsed": 9.146847, "delta": 0.072971}}
{"target": -0.3813499671049362, "params": {"model__colsample_bylevel": 1.0, "model__colsample_bynode": 1.0, "model__colsample_bytree": 1.0, "model__learning_rate": 0.3, "model__max_depth": 8.0, "model__n_estimators": 15.0, "model__reg_lambda": 10.0}, "datetime": {"datetime": "2021-03-24 07:38:28", "elapsed": 10.290781, "delta": 1.143934}}
{"target": -0.381157820870209, "params": {"model__colsample_bylevel": 0.32016579235889747, "model__colsample_bynode": 0.41841899965659446, "model__colsample_bytree": 0.4293978727281257, "model__learning_rate": 0.2806807881340946, "model__max_depth": 6.953682608588992, "model__n_estimators": 29.760867233195874, "model__reg_lambda": 9.684082128830472}, "datetime": {"datetime": "2021-03-24 07:38:29", "elapsed": 11.461674, "delta": 1.170893}}
{"target": -0.3617797786096597, "params": {"model__colsample_bylevel": 0.3, "model__colsample_bynode": 1.0, "model__colsample_bytree": 1.0, "model__learning_rate": 0.3, "model__max_depth": 2.0, "model__n_estimators": 30.0, "model__reg_lambda": 10.0}, "datetime": {"datetime": "2021-03-24 07:38:31", "elapsed": 12.591409, "delta": 1.129735}}
{"target": -0.3583259090868945, "params": {"model__colsample_bylevel": 1.0, "model__colsample_bynode": 1.0, "model__colsample_bytree": 1.0, "model__learning_rate": 0.3, "model__max_depth": 8.0, "model__n_estimators": 15.0, "model__reg_lambda": 5.727928976716746}, "datetime": {"datetime": "2021-03-24 07:38:32", "elapsed": 13.871288, "delta": 1.279879}}
{"target": -0.34550536134317383, "params": {"model__colsample_bylevel": 0.3, "model__colsample_bynode": 1.0, "model__colsample_bytree": 1.0, "model__learning_rate": 0.3, "model__max_depth": 8.0, "model__n_estimators": 15.0, "model__reg_lambda": 0.0}, "datetime": {"datetime": "2021-03-24 07:38:33", "elapsed": 15.016616, "delta": 1.145328}}
{"target": -0.4494339825733957, "params": {"model__colsample_bylevel": 0.42706993956770767, "model__colsample_bynode": 0.9969162159832119, "model__colsample_bytree": 0.9976679547397105, "model__learning_rate": 0.1412125894472488, "model__max_depth": 2.267162275583882, "model__n_estimators": 20.72677971638237, "model__reg_lambda": 9.912122923034822}, "datetime": {"datetime": "2021-03-24 07:38:34", "elapsed": 16.127584, "delta": 1.110968}}
{"target": -0.3987919480728822, "params": {"model__colsample_bylevel": 1.0, "model__colsample_bynode": 0.30000000000000004, "model__colsample_bytree": 1.0, "model__learning_rate": 0.3, "model__max_depth": 2.0, "model__n_estimators": 15.0, "model__reg_lambda": 10.0}, "datetime": {"datetime": "2021-03-24 07:38:35", "elapsed": 17.331181, "delta": 1.203597}}
{"target": -0.3568247822565499, "params": {"model__colsample_bylevel": 0.8673086326170463, "model__colsample_bynode": 0.9468731452049457, "model__colsample_bytree": 0.9244180458375848, "model__learning_rate": 0.17218912973604658, "model__max_depth": 7.942284420473673, "model__n_estimators": 28.39713035902335, "model__reg_lambda": 9.759320477977964}, "datetime": {"datetime": "2021-03-24 07:38:36", "elapsed": 18.506242, "delta": 1.175061}}
{"target": -0.3497484745936927, "params": {"model__colsample_bylevel": 0.48068261697169945, "model__colsample_bynode": 0.8332414858476949, "model__colsample_bytree": 0.5894557902643335, "model__learning_rate": 0.2664346654074593, "model__max_depth": 7.917480329499438, "model__n_estimators": 23.929209395301093, "model__reg_lambda": 9.996804014759372}, "datetime": {"datetime": "2021-03-24 07:38:38", "elapsed": 19.742883, "delta": 1.236641}}
{"target": -0.32198656289399585, "params": {"model__colsample_bylevel": 0.3239090008297329, "model__colsample_bynode": 0.9260642614961248, "model__colsample_bytree": 0.6870883041226359, "model__learning_rate": 0.2652215679288311, "model__max_depth": 7.720376239130148, "model__n_estimators": 29.736111436921146, "model__reg_lambda": 5.3686051753762705}, "datetime": {"datetime": "2021-03-24 07:38:39", "elapsed": 20.749934, "delta": 1.007051}}
{"target": -0.3346826966689981, "params": {"model__colsample_bylevel": 0.6652315278344436, "model__colsample_bynode": 0.3000000076511556, "model__colsample_bytree": 1.0, "model__learning_rate": 0.3, "model__max_depth": 5.499049805424878, "model__n_estimators": 20.469044614515845, "model__reg_lambda": 4.920432327229572}, "datetime": {"datetime": "2021-03-24 07:38:40", "elapsed": 21.841607, "delta": 1.091673}}
{"target": -0.4495760764629728, "params": {"model__colsample_bylevel": 0.3, "model__colsample_bynode": 0.3, "model__colsample_bytree": 0.3, "model__learning_rate": 0.3, "model__max_depth": 8.0, "model__n_estimators": 15.0, "model__reg_lambda": 1.0167286854881117}, "datetime": {"datetime": "2021-03-24 07:38:41", "elapsed": 22.992831, "delta": 1.151224}}
