{"target": -0.3753907976395356, "params": {"model__colsample_bylevel": 0.5025094970837707, "model__colsample_bynode": 0.37213783629228636, "model__colsample_bytree": 0.6434210837220209, "model__learning_rate": 0.22641833694649102, "model__max_depth": 2.227815301561689, "model__n_estimators": 22.50161880662639, "model__reg_lambda": 0.835434299294453}, "datetime": {"datetime": "2021-03-24 07:23:34", "elapsed": 5.980266, "delta": 0.075449}}
{"target": -0.37766409781963933, "params": {"model__colsample_bylevel": 0.8539227643210632, "model__colsample_bynode": 0.8306252174459399, "model__colsample_bytree": 0.4835912545620663, "model__learning_rate": 0.12017171820904433, "model__max_depth": 7.503156236962601, "model__n_estimators": 22.761903626532458, "model__reg_lambda": 1.3353967592343363}, "datetime": {"datetime": "2021-03-24 07:23:34", "elapsed": 6.084916, "delta": 0.10465}}
{"target": -0.4113207846744985, "params": {"model__colsample_bylevel": 0.3787801798303496, "model__colsample_bynode": 0.8891488038898538, "model__colsample_bytree": 0.682252315571295, "model__learning_rate": 0.1522033166295056, "model__max_depth": 5.4549531069191834, "model__n_estimators": 19.707789101668837, "model__reg_lambda": 7.916231853067416}, "datetime": {"datetime": "2021-03-24 07:23:34", "elapsed": 6.172059, "delta": 0.087143}}
{"target": -0.32637145463276007, "params": {"model__colsample_bylevel": 0.6451635028820711, "model__colsample_bynode": 0.9756107284220326, "model__colsample_bytree": 0.6642183611480073, "model__learning_rate": 0.2806043190994539, "model__max_depth": 3.4988273636139016, "model__n_estimators": 22.822309547759104, "model__reg_lambda": 5.0574568339000425}, "datetime": {"datetime": "2021-03-24 07:23:34", "elapsed": 6.271494, "delta": 0.099435}}
{"target": -0.3842961802498262, "params": {"model__colsample_bylevel": 0.8691500365097846, "model__colsample_bynode": 0.35123595486158105, "model__colsample_bytree": 0.8853449005213216, "model__learning_rate": 0.26084712707576596, "model__max_depth": 4.4379276251183954, "model__n_estimators": 15.546768724832507, "model__reg_lambda": 7.672541069525759}, "datetime": {"datetime": "2021-03-24 07:23:34", "elapsed": 6.350296, "delta": 0.078802}}
{"target": -0.3469036511621316, "params": {"model__colsample_bylevel": 0.7752492983214213, "model__colsample_bynode": 0.9432502217801924, "model__colsample_bytree": 0.6921299356114399, "model__learning_rate": 0.2935437919451478, "model__max_depth": 3.850306106454099, "model__n_estimators": 20.083349491730285, "model__reg_lambda": 7.308818114469667}, "datetime": {"datetime": "2021-03-24 07:23:34", "elapsed": 6.452356, "delta": 0.10206}}
{"target": -0.3538890547270927, "params": {"model__colsample_bylevel": 0.7909589341540182, "model__colsample_bynode": 0.8077442453063763, "model__colsample_bytree": 0.9257599208468199, "model__learning_rate": 0.24332981747869467, "model__max_depth": 6.092916621028417, "model__n_estimators": 27.646752630781677, "model__reg_lambda": 6.451189984951728}, "datetime": {"datetime": "2021-03-24 07:23:34", "elapsed": 6.597277, "delta": 0.144921}}
{"target": -0.35123844812016775, "params": {"model__colsample_bylevel": 0.511889221690131, "model__colsample_bynode": 0.880146841574702, "model__colsample_bytree": 0.4713036833734444, "model__learning_rate": 0.24075613859849618, "model__max_depth": 5.215329445061823, "model__n_estimators": 20.712142781227694, "model__reg_lambda": 1.7861793515885238}, "datetime": {"datetime": "2021-03-24 07:23:34", "elapsed": 6.67639, "delta": 0.079113}}
{"target": -0.3473189592506548, "params": {"model__colsample_bylevel": 0.9200821231031391, "model__colsample_bynode": 0.35616344543935075, "model__colsample_bytree": 0.8625120529528605, "model__learning_rate": 0.23669407037870885, "model__max_depth": 4.772062647788025, "model__n_estimators": 24.96073964162097, "model__reg_lambda": 2.826662622956666}, "datetime": {"datetime": "2021-03-24 07:23:34", "elapsed": 6.773853, "delta": 0.097463}}
{"target": -0.3788789510814662, "params": {"model__colsample_bylevel": 0.9031023424555509, "model__colsample_bynode": 0.4249356891249156, "model__colsample_bytree": 0.7057975471157624, "model__learning_rate": 0.1927268764937271, "model__max_depth": 6.039330960316078, "model__n_estimators": 22.141866816168736, "model__reg_lambda": 9.525111535091707}, "datetime": {"datetime": "2021-03-24 07:23:35", "elapsed": 6.877682, "delta": 0.103829}}
{"target": -0.3763839875253431, "params": {"model__colsample_bylevel": 0.8972803412913453, "model__colsample_bynode": 0.9289549741797964, "model__colsample_bytree": 0.3178983723326505, "model__learning_rate": 0.13128458043568686, "model__max_depth": 4.861388901041763, "model__n_estimators": 26.020827615199973, "model__reg_lambda": 3.5630947732495777}, "datetime": {"datetime": "2021-03-24 07:23:35", "elapsed": 6.981825, "delta": 0.104143}}
{"target": -0.3656145946345414, "params": {"model__colsample_bylevel": 0.6951175428742368, "model__colsample_bynode": 0.3318286487069968, "model__colsample_bytree": 0.7483089139197432, "model__learning_rate": 0.23624127616156612, "model__max_depth": 4.373824850662889, "model__n_estimators": 17.05009515507337, "model__reg_lambda": 4.16457752159582}, "datetime": {"datetime": "2021-03-24 07:23:35", "elapsed": 7.055816, "delta": 0.073991}}
{"target": -0.32018201899448195, "params": {"model__colsample_bylevel": 0.816923983909474, "model__colsample_bynode": 0.7090153450298311, "model__colsample_bytree": 0.9184032582594783, "model__learning_rate": 0.21574992226411746, "model__max_depth": 3.0678227617515392, "model__n_estimators": 23.876275396014634, "model__reg_lambda": 0.5387774367636355}, "datetime": {"datetime": "2021-03-24 07:23:35", "elapsed": 7.150068, "delta": 0.094252}}
{"target": -0.4054343271595629, "params": {"model__colsample_bylevel": 0.8203891930140093, "model__colsample_bynode": 0.4407263630351047, "model__colsample_bytree": 0.9332727397304375, "model__learning_rate": 0.19471357604823214, "model__max_depth": 4.649919104965563, "model__n_estimators": 17.041195531585494, "model__reg_lambda": 8.076955975507973}, "datetime": {"datetime": "2021-03-24 07:23:35", "elapsed": 7.234063, "delta": 0.083995}}
{"target": -0.35010554605683286, "params": {"model__colsample_bylevel": 0.941920130237188, "model__colsample_bynode": 0.7862119444399247, "model__colsample_bytree": 0.7672811212479322, "model__learning_rate": 0.2413235529719557, "model__max_depth": 6.468881607544759, "model__n_estimators": 25.71892738561766, "model__reg_lambda": 1.4296252407525012}, "datetime": {"datetime": "2021-03-24 07:23:35", "elapsed": 7.361706, "delta": 0.127643}}
{"target": -0.4034958222867462, "params": {"model__colsample_bylevel": 0.7664505634998717, "model__colsample_bynode": 0.9372501752435591, "model__colsample_bytree": 0.3226974712037688, "model__learning_rate": 0.13696287496610304, "model__max_depth": 6.574112506330284, "model__n_estimators": 15.628001246231364, "model__reg_lambda": 2.789864730302046}, "datetime": {"datetime": "2021-03-24 07:23:35", "elapsed": 7.440984, "delta": 0.079278}}
{"target": -0.4119752220580003, "params": {"model__colsample_bylevel": 0.9005722896485118, "model__colsample_bynode": 0.5583279975276154, "model__colsample_bytree": 0.9292943127471143, "model__learning_rate": 0.1578195662504995, "model__max_depth": 4.281940885644073, "model__n_estimators": 16.640600890305116, "model__reg_lambda": 8.146246111896012}, "datetime": {"datetime": "2021-03-24 07:23:35", "elapsed": 7.532248, "delta": 0.091264}}
{"target": -0.3960468522461968, "params": {"model__colsample_bylevel": 0.9534398095322711, "model__colsample_bynode": 0.42817503247553923, "model__colsample_bytree": 0.5178389967922328, "model__learning_rate": 0.2349408086546986, "model__max_depth": 2.4746062530577846, "model__n_estimators": 15.490859914517099, "model__reg_lambda": 3.2657561880327557}, "datetime": {"datetime": "2021-03-24 07:23:35", "elapsed": 7.602313, "delta": 0.070065}}
{"target": -0.36339792418563605, "params": {"model__colsample_bylevel": 0.5706285360217014, "model__colsample_bynode": 0.6842771415696982, "model__colsample_bytree": 0.6870518207102555, "model__learning_rate": 0.16602543474194267, "model__max_depth": 4.553906607318516, "model__n_estimators": 18.777852885612205, "model__reg_lambda": 2.0263513230551347}, "datetime": {"datetime": "2021-03-24 07:23:35", "elapsed": 7.681509, "delta": 0.079196}}
{"target": -0.33664365173148775, "params": {"model__colsample_bylevel": 0.8442678591461368, "model__colsample_bynode": 0.3977149946980818, "model__colsample_bytree": 0.6158425941754111, "model__learning_rate": 0.1245045248421828, "model__max_depth": 6.897715409068526, "model__n_estimators": 27.65234893164894, "model__reg_lambda": 1.1477505735172433}, "datetime": {"datetime": "2021-03-24 07:23:35", "elapsed": 7.787522, "delta": 0.106013}}
{"target": -0.36211141647865486, "params": {"model__colsample_bylevel": 0.8046871964072875, "model__colsample_bynode": 0.9463208373893632, "model__colsample_bytree": 0.5702216525068842, "model__learning_rate": 0.25542256115422385, "model__max_depth": 7.543314227663024, "model__n_estimators": 15.074271146872483, "model__reg_lambda": 2.7258381373747875}, "datetime": {"datetime": "2021-03-24 07:23:36", "elapsed": 7.888297, "delta": 0.100775}}
{"target": -0.522337981791276, "params": {"model__colsample_bylevel": 0.325563385911891, "model__colsample_bynode": 0.4394342284138872, "model__colsample_bytree": 0.3078454924320954, "model__learning_rate": 0.10977990666788635, "model__max_depth": 5.896055639118223, "model__n_estimators": 19.33085301818661, "model__reg_lambda": 8.44410233607059}, "datetime": {"datetime": "2021-03-24 07:23:36", "elapsed": 7.957692, "delta": 0.069395}}
{"target": -0.34069365755776343, "params": {"model__colsample_bylevel": 0.5333078077907257, "model__colsample_bynode": 0.9449148964303926, "model__colsample_bytree": 0.39197068792833056, "model__learning_rate": 0.2098009976534188, "model__max_depth": 3.7666070082368948, "model__n_estimators": 27.09229802758709, "model__reg_lambda": 3.376766038812906}, "datetime": {"datetime": "2021-03-24 07:23:36", "elapsed": 8.03859, "delta": 0.080898}}
{"target": -0.3805489945066823, "params": {"model__colsample_bylevel": 0.38472058045866103, "model__colsample_bynode": 0.6189182754661343, "model__colsample_bytree": 0.47491716651278293, "model__learning_rate": 0.24904662090967875, "model__max_depth": 6.41552028192452, "model__n_estimators": 15.15307284998927, "model__reg_lambda": 0.029919695529196932}, "datetime": {"datetime": "2021-03-24 07:23:36", "elapsed": 8.110682, "delta": 0.072092}}
{"target": -0.35848834077571184, "params": {"model__colsample_bylevel": 0.9426044924017256, "model__colsample_bynode": 0.5260125425777793, "model__colsample_bytree": 0.5074653319167783, "model__learning_rate": 0.15418522802672452, "model__max_depth": 3.474343666196627, "model__n_estimators": 26.630539663467353, "model__reg_lambda": 2.632384799456182}, "datetime": {"datetime": "2021-03-24 07:23:36", "elapsed": 8.193583, "delta": 0.082901}}
{"target": -0.3510489465780151, "params": {"model__colsample_bylevel": 0.8032909797610204, "model__colsample_bynode": 0.7713021432027297, "model__colsample_bytree": 0.6853736563856032, "model__learning_rate": 0.23655460523720243, "model__max_depth": 3.0441975506001606, "model__n_estimators": 21.967771044500967, "model__reg_lambda": 4.939589109277965}, "datetime": {"datetime": "2021-03-24 07:23:36", "elapsed": 8.282723, "delta": 0.08914}}
{"target": -0.376672077158034, "params": {"model__colsample_bylevel": 0.3191878877624776, "model__colsample_bynode": 0.4527668367686508, "model__colsample_bytree": 0.9533861738476699, "model__learning_rate": 0.23172885748318614, "model__max_depth": 7.871974941466348, "model__n_estimators": 20.539710627919593, "model__reg_lambda": 7.6239037960184355}, "datetime": {"datetime": "2021-03-24 07:23:36", "elapsed": 8.371468, "delta": 0.088745}}
{"target": -0.44107064931262013, "params": {"model__colsample_bylevel": 0.7197656118669662, "model__colsample_bynode": 0.7214646750503465, "model__colsample_bytree": 0.37931534877147977, "model__learning_rate": 0.14444015703665763, "model__max_depth": 2.433575141809544, "model__n_estimators": 22.57954207818872, "model__reg_lambda": 3.4509917372173025}, "datetime": {"datetime": "2021-03-24 07:23:36", "elapsed": 8.450775, "delta": 0.079307}}
{"target": -0.3565239122474863, "params": {"model__colsample_bylevel": 0.43770438267170664, "model__colsample_bynode": 0.562288016838024, "model__colsample_bytree": 0.6684847059501842, "model__learning_rate": 0.24216538663414655, "model__max_depth": 5.53982800385271, "model__n_estimators": 24.586364893849456, "model__reg_lambda": 6.03761911116279}, "datetime": {"datetime": "2021-03-24 07:23:36", "elapsed": 8.534756, "delta": 0.083981}}
{"target": -0.3281008069130147, "params": {"model__colsample_bylevel": 0.5615024327662378, "model__colsample_bynode": 0.5278880157630303, "model__colsample_bytree": 0.6927994632423486, "model__learning_rate": 0.2499326997232081, "model__max_depth": 7.515144966264312, "model__n_estimators": 27.41503748405572, "model__reg_lambda": 5.537273620404508}, "datetime": {"datetime": "2021-03-24 07:23:36", "elapsed": 8.628551, "delta": 0.093795}}
{"target": -0.359099494294007, "params": {"model__colsample_bylevel": 0.8773753442334304, "model__colsample_bynode": 0.3197624374107063, "model__colsample_bytree": 0.8582648079772404, "model__learning_rate": 0.1398977410305498, "model__max_depth": 6.115045756510598, "model__n_estimators": 27.377846347953547, "model__reg_lambda": 3.1496308071503187}, "datetime": {"datetime": "2021-03-24 07:23:36", "elapsed": 8.729757, "delta": 0.101206}}
{"target": -0.36435589966080756, "params": {"model__colsample_bylevel": 0.5798231824380045, "model__colsample_bynode": 0.9899122285696411, "model__colsample_bytree": 0.4774952834387126, "model__learning_rate": 0.25106786479472265, "model__max_depth": 4.436357453829759, "model__n_estimators": 19.72844903945682, "model__reg_lambda": 7.705159221072094}, "datetime": {"datetime": "2021-03-24 07:23:36", "elapsed": 8.813786, "delta": 0.084029}}
{"target": -0.3751315218281756, "params": {"model__colsample_bylevel": 0.6149024037576569, "model__colsample_bynode": 0.7970601762740899, "model__colsample_bytree": 0.4555403075808654, "model__learning_rate": 0.26476738246878556, "model__max_depth": 6.3006447069266285, "model__n_estimators": 22.48861984031197, "model__reg_lambda": 7.91551010046181}, "datetime": {"datetime": "2021-03-24 07:23:37", "elapsed": 8.900483, "delta": 0.086697}}
{"target": -0.33194370573265075, "params": {"model__colsample_bylevel": 0.9437937215686736, "model__colsample_bynode": 0.8511722448868555, "model__colsample_bytree": 0.5084857837350747, "model__learning_rate": 0.24346701302396254, "model__max_depth": 5.690340786662006, "model__n_estimators": 27.619845335231588, "model__reg_lambda": 4.0456797253845265}, "datetime": {"datetime": "2021-03-24 07:23:37", "elapsed": 9.018667, "delta": 0.118184}}
{"target": -0.36557615741250526, "params": {"model__colsample_bylevel": 0.6173529449301774, "model__colsample_bynode": 0.3656352091501882, "model__colsample_bytree": 0.45305055880659917, "model__learning_rate": 0.20586849821836273, "model__max_depth": 5.173197962934258, "model__n_estimators": 25.696146745858105, "model__reg_lambda": 2.863925264426952}, "datetime": {"datetime": "2021-03-24 07:23:37", "elapsed": 9.095867, "delta": 0.0772}}
{"target": -0.4256797856259821, "params": {"model__colsample_bylevel": 0.3812502817792496, "model__colsample_bynode": 0.43107613084910207, "model__colsample_bytree": 0.6036033759584388, "model__learning_rate": 0.13710847453713484, "model__max_depth": 2.7407946095138094, "model__n_estimators": 25.875381462387566, "model__reg_lambda": 9.101677556132595}, "datetime": {"datetime": "2021-03-24 07:23:37", "elapsed": 9.169987, "delta": 0.07412}}
{"target": -0.40032196414886395, "params": {"model__colsample_bylevel": 0.3426383940311504, "model__colsample_bynode": 0.3292770968669983, "model__colsample_bytree": 0.49999974247633633, "model__learning_rate": 0.21592871225493404, "model__max_depth": 7.629568478689846, "model__n_estimators": 23.72527860523467, "model__reg_lambda": 6.7998375849329875}, "datetime": {"datetime": "2021-03-24 07:23:37", "elapsed": 9.245386, "delta": 0.075399}}
{"target": -0.38134883131049035, "params": {"model__colsample_bylevel": 0.801353917282859, "model__colsample_bynode": 0.35469515081031955, "model__colsample_bytree": 0.5673813463348754, "model__learning_rate": 0.20581310315024626, "model__max_depth": 7.65982455217641, "model__n_estimators": 29.735694125971033, "model__reg_lambda": 9.89301788917711}, "datetime": {"datetime": "2021-03-24 07:23:38", "elapsed": 10.613608, "delta": 1.368222}}
{"target": -0.3765159095630751, "params": {"model__colsample_bylevel": 1.0, "model__colsample_bynode": 1.0, "model__colsample_bytree": 1.0, "model__learning_rate": 0.3, "model__max_depth": 8.0, "model__n_estimators": 15.0, "model__reg_lambda": 10.0}, "datetime": {"datetime": "2021-03-24 07:23:39", "elapsed": 11.766507, "delta": 1.152899}}
{"target": -0.3655704240766827, "params": {"model__colsample_bylevel": 0.3, "model__colsample_bynode": 1.0, "model__colsample_bytree": 1.0, "model__learning_rate": 0.3, "model__max_depth": 2.0, "model__n_estimators": 30.0, "model__reg_lambda": 10.0}, "datetime": {"datetime": "2021-03-24 07:23:41", "elapsed": 12.929791, "delta": 1.163284}}
{"target": -0.43330748523518015, "params": {"model__colsample_bylevel": 0.3, "model__colsample_bynode": 0.8609960119862643, "model__colsample_bytree": 1.0, "model__learning_rate": 0.3, "model__max_depth": 2.0, "model__n_estimators": 15.0, "model__reg_lambda": 10.0}, "datetime": {"datetime": "2021-03-24 07:23:42", "elapsed": 14.293683, "delta": 1.363892}}
{"target": -0.40348086143452405, "params": {"model__colsample_bylevel": 0.49763531111546316, "model__colsample_bynode": 0.5168282443394137, "model__colsample_bytree": 0.904445513217808, "model__learning_rate": 0.2622108131502011, "model__max_depth": 2.324507091474214, "model__n_estimators": 21.403024266429558, "model__reg_lambda": 9.94227719775823}, "datetime": {"datetime": "2021-03-24 07:23:43", "elapsed": 15.298591, "delta": 1.004908}}
{"target": -0.3602795196562142, "params": {"model__colsample_bylevel": 0.4500290850123726, "model__colsample_bynode": 0.8681859677691124, "model__colsample_bytree": 0.9766150118649499, "model__learning_rate": 0.2638370570596811, "model__max_depth": 7.92381120016441, "model__n_estimators": 20.883782828278427, "model__reg_lambda": 9.874611679072208}, "datetime": {"datetime": "2021-03-24 07:23:44", "elapsed": 16.566011, "delta": 1.26742}}
{"target": -0.33703793086452355, "params": {"model__colsample_bylevel": 0.9064762652128209, "model__colsample_bynode": 0.9554877916725544, "model__colsample_bytree": 0.9234261081393209, "model__learning_rate": 0.2553948203250235, "model__max_depth": 7.860748262802039, "model__n_estimators": 29.87697494654134, "model__reg_lambda": 5.97059149088232}, "datetime": {"datetime": "2021-03-24 07:23:45", "elapsed": 17.813129, "delta": 1.247118}}
{"target": -0.3546388190772817, "params": {"model__colsample_bylevel": 0.6567681233135093, "model__colsample_bynode": 0.9370675290925499, "model__colsample_bytree": 0.9718486928214216, "model__learning_rate": 0.22908241961639977, "model__max_depth": 7.764070219115859, "model__n_estimators": 16.51607739623463, "model__reg_lambda": 6.112736374850823}, "datetime": {"datetime": "2021-03-24 07:23:47", "elapsed": 18.92653, "delta": 1.113401}}
{"target": -0.3429517322780052, "params": {"model__colsample_bylevel": 1.0, "model__colsample_bynode": 1.0, "model__colsample_bytree": 1.0, "model__learning_rate": 0.3, "model__max_depth": 6.369998008886075, "model__n_estimators": 19.72071599806296, "model__reg_lambda": 5.691350944639755}, "datetime": {"datetime": "2021-03-24 07:23:48", "elapsed": 20.113612, "delta": 1.187082}}
{"target": -0.34166317205079766, "params": {"model__colsample_bylevel": 0.3, "model__colsample_bynode": 1.0, "model__colsample_bytree": 0.9999999999999941, "model__learning_rate": 0.3, "model__max_depth": 4.27778330531986, "model__n_estimators": 30.0, "model__reg_lambda": 10.0}, "datetime": {"datetime": "2021-03-24 07:23:49", "elapsed": 21.145767, "delta": 1.032155}}
{"target": -0.454755213778412, "params": {"model__colsample_bylevel": 0.7090336442001557, "model__colsample_bynode": 0.5641909087137558, "model__colsample_bytree": 0.7378053726578688, "model__learning_rate": 0.10526900603126388, "model__max_depth": 2.078652055530909, "model__n_estimators": 15.0023789721897, "model__reg_lambda": 0.01989145100124934}, "datetime": {"datetime": "2021-03-24 07:23:50", "elapsed": 22.274259, "delta": 1.128492}}
{"target": -0.34905775007420636, "params": {"model__colsample_bylevel": 0.9429188900032595, "model__colsample_bynode": 1.0, "model__colsample_bytree": 1.0, "model__learning_rate": 0.3, "model__max_depth": 4.244217685460288, "model__n_estimators": 15.261498904900273, "model__reg_lambda": 3.3295907304971797}, "datetime": {"datetime": "2021-03-24 07:23:51", "elapsed": 23.268239, "delta": 0.99398}}
{"target": -0.32672256601449656, "params": {"model__colsample_bylevel": 0.8288839143052713, "model__colsample_bynode": 0.43202930191393796, "model__colsample_bytree": 0.9791386171842809, "model__learning_rate": 0.26370339154247013, "model__max_depth": 7.862996983765081, "model__n_estimators": 17.793266310937796, "model__reg_lambda": 0.008138482162426408}, "datetime": {"datetime": "2021-03-24 07:23:52", "elapsed": 24.474651, "delta": 1.206412}}
