{"target": -0.3354716216468765, "params": {"model__colsample_bylevel": 0.6459678472456012, "model__colsample_bynode": 0.9377451317673291, "model__colsample_bytree": 0.9949492527324753, "model__learning_rate": 0.29734181343659893, "model__max_depth": 7.8596283887534275, "model__n_estimators": 16.67770600520221, "model__reg_lambda": 0.6185733653367365}, "datetime": {"datetime": "2021-03-24 07:24:56", "elapsed": 88.702478, "delta": 1.084831}}
{"target": -0.38734213771042075, "params": {"model__colsample_bylevel": 0.609404686965028, "model__colsample_bynode": 0.3017656356749925, "model__colsample_bytree": 0.8784571602317577, "model__learning_rate": 0.2871451261845359, "model__max_depth": 5.325080294981818, "model__n_estimators": 15.039047245449199, "model__reg_lambda": 3.7784320527252824}, "datetime": {"datetime": "2021-03-24 07:24:58", "elapsed": 89.850714, "delta": 1.148236}}
{"target": -0.3622324478977859, "params": {"model__colsample_bylevel": 0.3231385602351094, "model__colsample_bynode": 0.32295942045044934, "model__colsample_bytree": 0.9483953958419802, "model__learning_rate": 0.14702692733045067, "model__max_depth": 5.8380073371647425, "model__n_estimators": 25.33678811694824, "model__reg_lambda": 0.11776880023615766}, "datetime": {"datetime": "2021-03-24 07:24:59", "elapsed": 91.076423, "delta": 1.225709}}
{"target": -0.3380623730047998, "params": {"model__colsample_bylevel": 0.3, "model__colsample_bynode": 1.0, "model__colsample_bytree": 1.0, "model__learning_rate": 0.3, "model__max_depth": 8.0, "model__n_estimators": 16.015532209831616, "model__reg_lambda": 4.18679194917936}, "datetime": {"datetime": "2021-03-24 07:25:00", "elapsed": 92.446411, "delta": 1.369988}}
{"target": -0.39417905326311786, "params": {"model__colsample_bylevel": 1.0, "model__colsample_bynode": 1.0, "model__colsample_bytree": 0.3, "model__learning_rate": 0.3, "model__max_depth": 2.0, "model__n_estimators": 15.0, "model__reg_lambda": 7.194568316939661}, "datetime": {"datetime": "2021-03-24 07:25:01", "elapsed": 93.51216, "delta": 1.065749}}
{"target": -0.3601738622506568, "params": {"model__colsample_bylevel": 0.8303686460636974, "model__colsample_bynode": 0.9147327908213398, "model__colsample_bytree": 0.9648258449383638, "model__learning_rate": 0.2960583297342721, "model__max_depth": 4.981812409389468, "model__n_estimators": 16.696383626713004, "model__reg_lambda": 6.6019275462188745}, "datetime": {"datetime": "2021-03-24 07:25:02", "elapsed": 94.790417, "delta": 1.278257}}
{"target": -0.35415123775027746, "params": {"model__colsample_bylevel": 0.32679496211216935, "model__colsample_bynode": 0.872188658658712, "model__colsample_bytree": 0.9716880665732814, "model__learning_rate": 0.27056437671617956, "model__max_depth": 5.404670803793445, "model__n_estimators": 20.871695495158136, "model__reg_lambda": 3.6819210330513377}, "datetime": {"datetime": "2021-03-24 07:25:04", "elapsed": 95.937337, "delta": 1.14692}}
{"target": -0.33877269143636835, "params": {"model__colsample_bylevel": 0.9981097072955696, "model__colsample_bynode": 0.3902326691059431, "model__colsample_bytree": 0.9980750207517577, "model__learning_rate": 0.28506981597602, "model__max_depth": 7.6301919714100235, "model__n_estimators": 26.468601166288543, "model__reg_lambda": 5.721560266332012}, "datetime": {"datetime": "2021-03-24 07:25:05", "elapsed": 97.281453, "delta": 1.344116}}
{"target": -0.3474245865336633, "params": {"model__colsample_bylevel": 0.3582157405641206, "model__colsample_bynode": 0.7735885728430588, "model__colsample_bytree": 0.8579457551633594, "model__learning_rate": 0.26625405679422, "model__max_depth": 7.621567104957692, "model__n_estimators": 29.38362052373044, "model__reg_lambda": 8.373264915664741}, "datetime": {"datetime": "2021-03-24 07:25:07", "elapsed": 98.921944, "delta": 1.640491}}
{"target": -0.34703295488463903, "params": {"model__colsample_bylevel": 0.31111518932858434, "model__colsample_bynode": 0.9975446541069408, "model__colsample_bytree": 0.51310838307569, "model__learning_rate": 0.285132489277941, "model__max_depth": 6.792376234335375, "model__n_estimators": 26.643790204094174, "model__reg_lambda": 5.861836609632931}, "datetime": {"datetime": "2021-03-24 07:25:08", "elapsed": 100.054086, "delta": 1.132142}}
{"target": -0.33213415066880325, "params": {"model__colsample_bylevel": 0.9999999962710832, "model__colsample_bynode": 0.9444413768283376, "model__colsample_bytree": 0.9999999932380454, "model__learning_rate": 0.3, "model__max_depth": 6.90119156946124, "model__n_estimators": 24.546593550737796, "model__reg_lambda": 6.615445441820349}, "datetime": {"datetime": "2021-03-24 07:25:09", "elapsed": 101.588299, "delta": 1.534213}}
{"target": -0.3496901785069064, "params": {"model__colsample_bylevel": 0.9999999949523741, "model__colsample_bynode": 0.9745817317391935, "model__colsample_bytree": 1.0, "model__learning_rate": 0.3, "model__max_depth": 4.0991084106278395, "model__n_estimators": 17.50449643669146, "model__reg_lambda": 2.614053447017394}, "datetime": {"datetime": "2021-03-24 07:25:10", "elapsed": 102.752692, "delta": 1.164393}}
{"target": -0.3731252539754454, "params": {"model__colsample_bylevel": 0.9353668172272773, "model__colsample_bynode": 0.3259629780080116, "model__colsample_bytree": 0.3180304301956374, "model__learning_rate": 0.26056719742302525, "model__max_depth": 7.844981703016481, "model__n_estimators": 19.58043543711638, "model__reg_lambda": 0.1559960507512148}, "datetime": {"datetime": "2021-03-24 07:25:12", "elapsed": 103.849419, "delta": 1.096727}}
{"target": -0.35006304326993615, "params": {"model__colsample_bylevel": 1.0, "model__colsample_bynode": 0.3, "model__colsample_bytree": 0.999999998703012, "model__learning_rate": 0.3, "model__max_depth": 2.019173019896531, "model__n_estimators": 30.0, "model__reg_lambda": 7.462243280686685}, "datetime": {"datetime": "2021-03-24 07:25:13", "elapsed": 104.993237, "delta": 1.143818}}
{"target": -0.3561035936867035, "params": {"model__colsample_bylevel": 0.9735400421809328, "model__colsample_bynode": 0.47873177444361925, "model__colsample_bytree": 0.5425092425907816, "model__learning_rate": 0.12812944432602374, "model__max_depth": 7.777019971783498, "model__n_estimators": 29.96394248210408, "model__reg_lambda": 2.3019807021541694}, "datetime": {"datetime": "2021-03-24 07:25:14", "elapsed": 106.2423, "delta": 1.249063}}
{"target": -0.3805893266234425, "params": {"model__colsample_bylevel": 0.32480929785017615, "model__colsample_bynode": 0.7296242140859819, "model__colsample_bytree": 0.4652975444828242, "model__learning_rate": 0.2871406904640433, "model__max_depth": 6.929585145518422, "model__n_estimators": 29.950944566352902, "model__reg_lambda": 1.9781167342443695}, "datetime": {"datetime": "2021-03-24 07:25:15", "elapsed": 107.625781, "delta": 1.383481}}
{"target": -0.3513490168384506, "params": {"model__colsample_bylevel": 0.8583864003036223, "model__colsample_bynode": 0.9885303107116485, "model__colsample_bytree": 0.9739821697044939, "model__learning_rate": 0.13499510357531483, "model__max_depth": 7.424564484443714, "model__n_estimators": 29.35868342822703, "model__reg_lambda": 3.7343010606589155}, "datetime": {"datetime": "2021-03-24 07:25:17", "elapsed": 108.997454, "delta": 1.371673}}
{"target": -0.35518566246116634, "params": {"model__colsample_bylevel": 0.9738947241713523, "model__colsample_bynode": 0.957691131050465, "model__colsample_bytree": 0.9070374616496675, "model__learning_rate": 0.20852157328992815, "model__max_depth": 5.514700047959681, "model__n_estimators": 29.594571564931872, "model__reg_lambda": 0.04325877098574016}, "datetime": {"datetime": "2021-03-24 07:25:18", "elapsed": 110.297484, "delta": 1.30003}}
{"target": -0.37473261434301414, "params": {"model__colsample_bylevel": 0.3, "model__colsample_bynode": 0.3, "model__colsample_bytree": 0.9433383774915416, "model__learning_rate": 0.3, "model__max_depth": 7.616484662765198, "model__n_estimators": 24.985187203375887, "model__reg_lambda": 8.569687509642833}, "datetime": {"datetime": "2021-03-24 07:25:19", "elapsed": 111.41153, "delta": 1.114046}}
{"target": -0.3278268855333369, "params": {"model__colsample_bylevel": 1.0, "model__colsample_bynode": 1.0, "model__colsample_bytree": 1.0, "model__learning_rate": 0.3, "model__max_depth": 4.220335019074196, "model__n_estimators": 29.99999996868177, "model__reg_lambda": 8.611540549918802}, "datetime": {"datetime": "2021-03-24 07:25:20", "elapsed": 112.605378, "delta": 1.193848}}
{"target": -0.3279256171830322, "params": {"model__colsample_bylevel": 0.9160994881964831, "model__colsample_bynode": 0.3000000003418105, "model__colsample_bytree": 0.9999999979718792, "model__learning_rate": 0.3, "model__max_depth": 7.99578560424277, "model__n_estimators": 23.141894823936525, "model__reg_lambda": 5.262984498528856}, "datetime": {"datetime": "2021-03-24 07:25:22", "elapsed": 113.89725, "delta": 1.291872}}
{"target": -0.3620304868057154, "params": {"model__colsample_bylevel": 0.8787634861780367, "model__colsample_bynode": 0.9513175435813437, "model__colsample_bytree": 0.33115439997460216, "model__learning_rate": 0.2832178913830268, "model__max_depth": 3.3651650455524105, "model__n_estimators": 22.93608685029713, "model__reg_lambda": 7.353272283432368}, "datetime": {"datetime": "2021-03-24 07:25:23", "elapsed": 115.270193, "delta": 1.372943}}
{"target": -0.39637853875216367, "params": {"model__colsample_bylevel": 0.5607869272098442, "model__colsample_bynode": 0.3986875520602742, "model__colsample_bytree": 0.8430175007610099, "model__learning_rate": 0.10765288147930048, "model__max_depth": 2.1302483872607256, "model__n_estimators": 29.01338541033649, "model__reg_lambda": 0.034390255703907746}, "datetime": {"datetime": "2021-03-24 07:25:24", "elapsed": 116.429929, "delta": 1.159736}}
{"target": -0.3180409967102974, "params": {"model__colsample_bylevel": 0.5531218146519405, "model__colsample_bynode": 0.37709839011931495, "model__colsample_bytree": 0.9718690390399816, "model__learning_rate": 0.20146368075337245, "model__max_depth": 3.772870246932235, "model__n_estimators": 19.80108993291097, "model__reg_lambda": 0.08088100658672381}, "datetime": {"datetime": "2021-03-24 07:25:25", "elapsed": 117.63113, "delta": 1.201201}}
{"target": -0.3268564018242034, "params": {"model__colsample_bylevel": 0.3485845656575525, "model__colsample_bynode": 0.7828163886489663, "model__colsample_bytree": 0.872159427713832, "model__learning_rate": 0.2593562981267283, "model__max_depth": 7.953089852670074, "model__n_estimators": 29.441249276795606, "model__reg_lambda": 5.175203597741152}, "datetime": {"datetime": "2021-03-24 07:25:27", "elapsed": 118.891636, "delta": 1.260506}}
{"target": -0.3309185158466394, "params": {"model__colsample_bylevel": 0.3615076867804062, "model__colsample_bynode": 0.9546874807944765, "model__colsample_bytree": 0.9910908709119688, "model__learning_rate": 0.29952392704780667, "model__max_depth": 2.2111260789298406, "model__n_estimators": 26.46735349941993, "model__reg_lambda": 1.9184284059744605}, "datetime": {"datetime": "2021-03-24 07:25:28", "elapsed": 120.128972, "delta": 1.237336}}
{"target": -0.35903448085924883, "params": {"model__colsample_bylevel": 0.37778583899901963, "model__colsample_bynode": 0.36712642835188175, "model__colsample_bytree": 0.8638106537481973, "model__learning_rate": 0.2544194160559524, "model__max_depth": 7.5496198387514415, "model__n_estimators": 26.435030333901025, "model__reg_lambda": 1.4537059934366792}, "datetime": {"datetime": "2021-03-24 07:25:29", "elapsed": 121.396419, "delta": 1.267447}}
{"target": -0.3173485262866935, "params": {"model__colsample_bylevel": 0.4033327280424143, "model__colsample_bynode": 0.8637930864567389, "model__colsample_bytree": 0.9304036004349472, "model__learning_rate": 0.2726045458099514, "model__max_depth": 3.417600144751296, "model__n_estimators": 16.869967085011123, "model__reg_lambda": 0.0023004983487318054}, "datetime": {"datetime": "2021-03-24 07:25:30", "elapsed": 122.564538, "delta": 1.168119}}
{"target": -0.3692454674841323, "params": {"model__colsample_bylevel": 0.3255602848007728, "model__colsample_bynode": 0.7328277273612358, "model__colsample_bytree": 0.9507430191101924, "model__learning_rate": 0.26052783373727306, "model__max_depth": 7.9650390868591145, "model__n_estimators": 15.051535350426391, "model__reg_lambda": 1.7317186633122084}, "datetime": {"datetime": "2021-03-24 07:25:32", "elapsed": 123.99726, "delta": 1.432722}}
{"target": -0.40553573800277887, "params": {"model__colsample_bylevel": 1.0, "model__colsample_bynode": 1.0, "model__colsample_bytree": 0.3, "model__learning_rate": 0.3, "model__max_depth": 8.0, "model__n_estimators": 15.0, "model__reg_lambda": 7.833394839453022}, "datetime": {"datetime": "2021-03-24 07:25:33", "elapsed": 125.399936, "delta": 1.402676}}
{"target": -0.3678624325033709, "params": {"model__colsample_bylevel": 1.0, "model__colsample_bynode": 1.0, "model__colsample_bytree": 1.0, "model__learning_rate": 0.3, "model__max_depth": 6.986062967852043, "model__n_estimators": 15.0, "model__reg_lambda": 5.424415009284452}, "datetime": {"datetime": "2021-03-24 07:25:34", "elapsed": 126.68336, "delta": 1.283424}}
{"target": -0.3604763215745164, "params": {"model__colsample_bylevel": 0.3, "model__colsample_bynode": 1.0, "model__colsample_bytree": 1.0, "model__learning_rate": 0.3, "model__max_depth": 8.0, "model__n_estimators": 16.55229658674367, "model__reg_lambda": 10.0}, "datetime": {"datetime": "2021-03-24 07:25:36", "elapsed": 128.390205, "delta": 1.706845}}
{"target": -0.32400590441614874, "params": {"model__colsample_bylevel": 1.0, "model__colsample_bynode": 0.6387640044812943, "model__colsample_bytree": 1.0, "model__learning_rate": 0.3, "model__max_depth": 5.45828512917307, "model__n_estimators": 28.16738163000705, "model__reg_lambda": 10.0}, "datetime": {"datetime": "2021-03-24 07:25:37", "elapsed": 129.786344, "delta": 1.396139}}
{"target": -0.3804149129259251, "params": {"model__colsample_bylevel": 0.8819955922650662, "model__colsample_bynode": 1.0, "model__colsample_bytree": 0.3, "model__learning_rate": 0.3, "model__max_depth": 2.0, "model__n_estimators": 22.864444839243063, "model__reg_lambda": 10.0}, "datetime": {"datetime": "2021-03-24 07:25:39", "elapsed": 131.428358, "delta": 1.642014}}
{"target": -0.38002689733453426, "params": {"model__colsample_bylevel": 0.8943415363521154, "model__colsample_bynode": 0.3067276503498818, "model__colsample_bytree": 0.9892360793713659, "model__learning_rate": 0.28004991158456816, "model__max_depth": 7.069467916432122, "model__n_estimators": 15.77251784308989, "model__reg_lambda": 9.887615330753889}, "datetime": {"datetime": "2021-03-24 07:25:40", "elapsed": 132.620814, "delta": 1.192456}}
{"target": -0.36585839409988535, "params": {"model__colsample_bylevel": 0.9999999995519713, "model__colsample_bynode": 0.30000000135510024, "model__colsample_bytree": 1.0, "model__learning_rate": 0.3, "model__max_depth": 3.853208937968044, "model__n_estimators": 18.72929331607449, "model__reg_lambda": 10.0}, "datetime": {"datetime": "2021-03-24 07:25:42", "elapsed": 134.065793, "delta": 1.444979}}
{"target": -0.32995034835986337, "params": {"model__colsample_bylevel": 0.7703161670104947, "model__colsample_bynode": 0.4571514139716909, "model__colsample_bytree": 0.9289141460342047, "model__learning_rate": 0.2310332769072214, "model__max_depth": 2.2215914310667326, "model__n_estimators": 23.189439771229903, "model__reg_lambda": 8.62840516802077e-05}, "datetime": {"datetime": "2021-03-24 07:25:43", "elapsed": 135.281339, "delta": 1.215546}}
{"target": -0.3503561012014963, "params": {"model__colsample_bylevel": 0.3, "model__colsample_bynode": 1.0, "model__colsample_bytree": 1.0, "model__learning_rate": 0.3, "model__max_depth": 5.006108896157478, "model__n_estimators": 19.836019262350156, "model__reg_lambda": 10.0}, "datetime": {"datetime": "2021-03-24 07:25:45", "elapsed": 137.022626, "delta": 1.741287}}
{"target": -0.4050884612795452, "params": {"model__colsample_bylevel": 0.3, "model__colsample_bynode": 0.3, "model__colsample_bytree": 0.3, "model__learning_rate": 0.3, "model__max_depth": 2.976991969737212, "model__n_estimators": 17.373187997092835, "model__reg_lambda": 0.0}, "datetime": {"datetime": "2021-03-24 07:25:46", "elapsed": 138.177234, "delta": 1.154608}}
{"target": -0.44671052878020684, "params": {"model__colsample_bylevel": 1.0, "model__colsample_bynode": 1.0, "model__colsample_bytree": 1.0, "model__learning_rate": 0.1, "model__max_depth": 2.1033265341547702, "model__n_estimators": 17.220577265042973, "model__reg_lambda": 0.0}, "datetime": {"datetime": "2021-03-24 07:25:47", "elapsed": 139.570842, "delta": 1.393608}}
{"target": -0.3534506061094124, "params": {"model__colsample_bylevel": 1.0, "model__colsample_bynode": 0.3, "model__colsample_bytree": 0.930341757726309, "model__learning_rate": 0.3, "model__max_depth": 2.0, "model__n_estimators": 30.0, "model__reg_lambda": 10.0}, "datetime": {"datetime": "2021-03-24 07:25:49", "elapsed": 140.877844, "delta": 1.307002}}
{"target": -0.35224412422951146, "params": {"model__colsample_bylevel": 0.768791755604532, "model__colsample_bynode": 0.9733302580106777, "model__colsample_bytree": 0.30719775915472636, "model__learning_rate": 0.25374384343020173, "model__max_depth": 2.004804014245104, "model__n_estimators": 29.941876426792394, "model__reg_lambda": 4.055365641457608}, "datetime": {"datetime": "2021-03-24 07:25:50", "elapsed": 141.992498, "delta": 1.114654}}
{"target": -0.3411759871193141, "params": {"model__colsample_bylevel": 0.5514776429602539, "model__colsample_bynode": 0.945546092855599, "model__colsample_bytree": 0.8920338217937953, "model__learning_rate": 0.2927876359292967, "model__max_depth": 7.945061693239971, "model__n_estimators": 20.813667587151095, "model__reg_lambda": 5.850322247394755}, "datetime": {"datetime": "2021-03-24 07:25:51", "elapsed": 143.616239, "delta": 1.623741}}
{"target": -0.3096135123110667, "params": {"model__colsample_bylevel": 0.9855600973014578, "model__colsample_bynode": 0.42430810485717896, "model__colsample_bytree": 0.9857802246095304, "model__learning_rate": 0.2332754522340239, "model__max_depth": 2.608368095223163, "model__n_estimators": 20.072058931611416, "model__reg_lambda": 0.10322781930768077}, "datetime": {"datetime": "2021-03-24 07:25:53", "elapsed": 144.836064, "delta": 1.219825}}
{"target": -0.3449800703293252, "params": {"model__colsample_bylevel": 1.0, "model__colsample_bynode": 1.0, "model__colsample_bytree": 1.0, "model__learning_rate": 0.3, "model__max_depth": 8.0, "model__n_estimators": 30.0, "model__reg_lambda": 9.346200204306683}, "datetime": {"datetime": "2021-03-24 07:25:54", "elapsed": 146.133662, "delta": 1.297598}}
{"target": -0.32727624995741944, "params": {"model__colsample_bylevel": 0.872488026000221, "model__colsample_bynode": 0.3438072902127733, "model__colsample_bytree": 0.9985510145341663, "model__learning_rate": 0.2805330541998904, "model__max_depth": 3.3391246183014394, "model__n_estimators": 15.072419676361669, "model__reg_lambda": 0.7394101965128452}, "datetime": {"datetime": "2021-03-24 07:25:55", "elapsed": 147.568213, "delta": 1.434551}}
{"target": -0.34070437959111904, "params": {"model__colsample_bylevel": 0.9866108404637206, "model__colsample_bynode": 0.8195992763379254, "model__colsample_bytree": 0.33218710692710846, "model__learning_rate": 0.29872851725947686, "model__max_depth": 5.3490096780702, "model__n_estimators": 29.783413267281865, "model__reg_lambda": 3.31152167096163}, "datetime": {"datetime": "2021-03-24 07:25:57", "elapsed": 148.85268, "delta": 1.284467}}
{"target": -0.413558832956208, "params": {"model__colsample_bylevel": 0.3, "model__colsample_bynode": 1.0, "model__colsample_bytree": 0.3000000021107954, "model__learning_rate": 0.3, "model__max_depth": 3.6917711508470816, "model__n_estimators": 15.0, "model__reg_lambda": 5.577636908968311}, "datetime": {"datetime": "2021-03-24 07:25:58", "elapsed": 150.464752, "delta": 1.612072}}
{"target": -0.35838040155156153, "params": {"model__colsample_bylevel": 0.3661936847688874, "model__colsample_bynode": 0.38302373888466895, "model__colsample_bytree": 0.989700089260743, "model__learning_rate": 0.24671153946475557, "model__max_depth": 7.918276268877669, "model__n_estimators": 29.925286127373433, "model__reg_lambda": 5.902720994818295}, "datetime": {"datetime": "2021-03-24 07:25:59", "elapsed": 151.782921, "delta": 1.318169}}
{"target": -0.3320775572968094, "params": {"model__colsample_bylevel": 0.5317226634984403, "model__colsample_bynode": 0.827514417342647, "model__colsample_bytree": 0.9951867116913382, "model__learning_rate": 0.2489126517823276, "model__max_depth": 4.255839355901698, "model__n_estimators": 15.744497391322989, "model__reg_lambda": 0.03867175011291968}, "datetime": {"datetime": "2021-03-24 07:26:01", "elapsed": 153.160845, "delta": 1.377924}}
{"target": -0.3394537753034113, "params": {"model__colsample_bylevel": 1.0, "model__colsample_bynode": 1.0, "model__colsample_bytree": 0.3, "model__learning_rate": 0.3, "model__max_depth": 8.0, "model__n_estimators": 30.0, "model__reg_lambda": 2.291966370125093}, "datetime": {"datetime": "2021-03-24 07:26:03", "elapsed": 155.00877, "delta": 1.847925}}
{"target": -0.4173509857495842, "params": {"model__colsample_bylevel": 0.6798367746764062, "model__colsample_bynode": 0.35371607506578173, "model__colsample_bytree": 0.9923945657477549, "model__learning_rate": 0.2790593729618739, "model__max_depth": 2.460338562689152, "model__n_estimators": 15.119920215920486, "model__reg_lambda": 4.876520810037005}, "datetime": {"datetime": "2021-03-24 07:26:04", "elapsed": 156.329934, "delta": 1.321164}}
