{"target": -0.3428730763596199, "params": {"model__colsample_bylevel": 1.0, "model__colsample_bynode": 0.3614329581940668, "model__colsample_bytree": 1.0, "model__learning_rate": 0.3, "model__max_depth": 5.727317491449104, "model__n_estimators": 23.751475445253885, "model__reg_lambda": 9.999999994317996}, "datetime": {"datetime": "2021-03-24 07:27:22", "elapsed": 234.69404, "delta": 1.435546}}
{"target": -0.3604150128733043, "params": {"model__colsample_bylevel": 0.4536722545643851, "model__colsample_bynode": 0.9770481067822996, "model__colsample_bytree": 0.971495338921351, "model__learning_rate": 0.2664750261496802, "model__max_depth": 4.588550468386225, "model__n_estimators": 18.65930518637928, "model__reg_lambda": 6.243390124534995}, "datetime": {"datetime": "2021-03-24 07:27:24", "elapsed": 235.936488, "delta": 1.242448}}
{"target": -0.3435870890561289, "params": {"model__colsample_bylevel": 1.0, "model__colsample_bynode": 1.0, "model__colsample_bytree": 0.9889151945816946, "model__learning_rate": 0.3, "model__max_depth": 2.0, "model__n_estimators": 30.0, "model__reg_lambda": 8.475032141295307}, "datetime": {"datetime": "2021-03-24 07:27:25", "elapsed": 237.442922, "delta": 1.506434}}
{"target": -0.35581979312448075, "params": {"model__colsample_bylevel": 0.32532955677522196, "model__colsample_bynode": 0.620712706186183, "model__colsample_bytree": 0.9043958136406667, "model__learning_rate": 0.28976728520578576, "model__max_depth": 6.4403070080842735, "model__n_estimators": 28.14638749460339, "model__reg_lambda": 5.126135260677365}, "datetime": {"datetime": "2021-03-24 07:27:27", "elapsed": 239.024202, "delta": 1.58128}}
{"target": -0.3322158923463734, "params": {"model__colsample_bylevel": 0.575968373125097, "model__colsample_bynode": 0.9319610380717263, "model__colsample_bytree": 0.985002103834649, "model__learning_rate": 0.28117273144573385, "model__max_depth": 6.566963322166119, "model__n_estimators": 17.101363499729285, "model__reg_lambda": 2.4670989479371697}, "datetime": {"datetime": "2021-03-24 07:27:28", "elapsed": 240.357093, "delta": 1.332891}}
{"target": -0.33378804389562833, "params": {"model__colsample_bylevel": 0.3, "model__colsample_bynode": 0.9999999996474815, "model__colsample_bytree": 1.0, "model__learning_rate": 0.3, "model__max_depth": 6.575375022293659, "model__n_estimators": 28.476293170835433, "model__reg_lambda": 10.0}, "datetime": {"datetime": "2021-03-24 07:27:30", "elapsed": 241.90771, "delta": 1.550617}}
{"target": -0.31986883392201504, "params": {"model__colsample_bylevel": 0.9771872954714671, "model__colsample_bynode": 0.9363007385159021, "model__colsample_bytree": 0.8026341638542958, "model__learning_rate": 0.2936477098965825, "model__max_depth": 2.01487387074647, "model__n_estimators": 26.980963892939123, "model__reg_lambda": 0.0704852474853701}, "datetime": {"datetime": "2021-03-24 07:27:31", "elapsed": 243.73998, "delta": 1.83227}}
{"target": -0.39041587226025326, "params": {"model__colsample_bylevel": 0.3556804809523364, "model__colsample_bynode": 0.30832204868248414, "model__colsample_bytree": 0.9687033866314105, "model__learning_rate": 0.2036110755516792, "model__max_depth": 7.757783979827357, "model__n_estimators": 18.11650014501596, "model__reg_lambda": 2.03749912275091}, "datetime": {"datetime": "2021-03-24 07:27:33", "elapsed": 245.250281, "delta": 1.510301}}
{"target": -0.3292133508671912, "params": {"model__colsample_bylevel": 0.4771007305189143, "model__colsample_bynode": 0.9916952707908387, "model__colsample_bytree": 0.9999999993836834, "model__learning_rate": 0.3, "model__max_depth": 6.734296451127385, "model__n_estimators": 18.6410104584292, "model__reg_lambda": 3.5907947500027997}, "datetime": {"datetime": "2021-03-24 07:27:34", "elapsed": 246.624617, "delta": 1.374336}}
{"target": -0.34473603017513466, "params": {"model__colsample_bylevel": 0.5824465168707595, "model__colsample_bynode": 0.3298808003942371, "model__colsample_bytree": 0.9911444577784223, "model__learning_rate": 0.2939126972337899, "model__max_depth": 6.625106266572185, "model__n_estimators": 21.59492432232834, "model__reg_lambda": 2.0741568334178684}, "datetime": {"datetime": "2021-03-24 07:27:36", "elapsed": 248.3642, "delta": 1.739583}}
{"target": -0.3254730863682251, "params": {"model__colsample_bylevel": 0.5861391371833752, "model__colsample_bynode": 0.6211372821321819, "model__colsample_bytree": 0.9860622499206542, "model__learning_rate": 0.2713858998604879, "model__max_depth": 7.993318090129033, "model__n_estimators": 24.783389223232355, "model__reg_lambda": 6.157471308453701}, "datetime": {"datetime": "2021-03-24 07:27:37", "elapsed": 249.762723, "delta": 1.398523}}
{"target": -0.32468039856293995, "params": {"model__colsample_bylevel": 1.0, "model__colsample_bynode": 0.661386235552775, "model__colsample_bytree": 1.0, "model__learning_rate": 0.2999999949381464, "model__max_depth": 3.901197957041499, "model__n_estimators": 20.2657129543604, "model__reg_lambda": 0.06489107315708}, "datetime": {"datetime": "2021-03-24 07:27:40", "elapsed": 251.939566, "delta": 2.176843}}
{"target": -0.3805813497715238, "params": {"model__colsample_bylevel": 1.0, "model__colsample_bynode": 0.9141312671918123, "model__colsample_bytree": 1.0, "model__learning_rate": 0.3, "model__max_depth": 2.15296653500999, "model__n_estimators": 18.848958741483315, "model__reg_lambda": 7.844161171367828}, "datetime": {"datetime": "2021-03-24 07:27:42", "elapsed": 253.873834, "delta": 1.934268}}
{"target": -0.3538467965761969, "params": {"model__colsample_bylevel": 0.9522207385799577, "model__colsample_bynode": 0.918249777646015, "model__colsample_bytree": 0.711566425345352, "model__learning_rate": 0.29941582127908034, "model__max_depth": 6.2225357405361565, "model__n_estimators": 18.028952070163424, "model__reg_lambda": 2.353284707479124}, "datetime": {"datetime": "2021-03-24 07:27:43", "elapsed": 255.479452, "delta": 1.605618}}
{"target": -0.3375582699400737, "params": {"model__colsample_bylevel": 0.9574315210363, "model__colsample_bynode": 0.3419068745311615, "model__colsample_bytree": 0.7209407439849027, "model__learning_rate": 0.29202879105595725, "model__max_depth": 2.5229607292260257, "model__n_estimators": 24.330989830618755, "model__reg_lambda": 6.58907877828306}, "datetime": {"datetime": "2021-03-24 07:27:45", "elapsed": 257.318555, "delta": 1.839103}}
{"target": -0.3615349030621566, "params": {"model__colsample_bylevel": 0.3057484092443491, "model__colsample_bynode": 0.33771373261410975, "model__colsample_bytree": 1.0, "model__learning_rate": 0.3, "model__max_depth": 4.848420028035486, "model__n_estimators": 16.934595568786044, "model__reg_lambda": 1.7693374826476986}, "datetime": {"datetime": "2021-03-24 07:27:46", "elapsed": 258.595249, "delta": 1.276694}}
{"target": -0.316864706792673, "params": {"model__colsample_bylevel": 0.9197545496443074, "model__colsample_bynode": 0.3645870894372186, "model__colsample_bytree": 0.9942187711185857, "model__learning_rate": 0.2032647590173371, "model__max_depth": 7.729634876597489, "model__n_estimators": 21.17936655726312, "model__reg_lambda": 0.007899807174159834}, "datetime": {"datetime": "2021-03-24 07:27:48", "elapsed": 260.025907, "delta": 1.430658}}
{"target": -0.3565789613758038, "params": {"model__colsample_bylevel": 0.3787451336302302, "model__colsample_bynode": 0.9879312359112455, "model__colsample_bytree": 0.5970947931692027, "model__learning_rate": 0.16466239099808824, "model__max_depth": 2.489752139905873, "model__n_estimators": 23.249371016820827, "model__reg_lambda": 0.10217612875086046}, "datetime": {"datetime": "2021-03-24 07:27:49", "elapsed": 261.499601, "delta": 1.473694}}
{"target": -0.3147754851264704, "params": {"model__colsample_bylevel": 0.9496840509139775, "model__colsample_bynode": 0.4452485981476231, "model__colsample_bytree": 0.9710284560836477, "model__learning_rate": 0.2649844340516041, "model__max_depth": 4.503723275163827, "model__n_estimators": 18.122989642611653, "model__reg_lambda": 0.041906512633683723}, "datetime": {"datetime": "2021-03-24 07:27:51", "elapsed": 263.621388, "delta": 2.121787}}
{"target": -0.3391863995270493, "params": {"model__colsample_bylevel": 0.3777891657041111, "model__colsample_bynode": 0.7859216201076082, "model__colsample_bytree": 0.9723220294472568, "model__learning_rate": 0.29097597547496035, "model__max_depth": 6.903412317922874, "model__n_estimators": 24.852397152673547, "model__reg_lambda": 4.6965417182906855}, "datetime": {"datetime": "2021-03-24 07:27:53", "elapsed": 264.975094, "delta": 1.353706}}
{"target": -0.37835934073259325, "params": {"model__colsample_bylevel": 0.9739817400514139, "model__colsample_bynode": 0.43233301108096633, "model__colsample_bytree": 0.3811565915346061, "model__learning_rate": 0.22516176839329174, "model__max_depth": 2.4782938609483156, "model__n_estimators": 21.184589046811674, "model__reg_lambda": 0.010367977863137146}, "datetime": {"datetime": "2021-03-24 07:27:55", "elapsed": 267.328388, "delta": 2.353294}}
{"target": -0.33217154870288906, "params": {"model__colsample_bylevel": 0.43279130230033785, "model__colsample_bynode": 0.47963105103963577, "model__colsample_bytree": 0.986753852714241, "model__learning_rate": 0.28412077394685464, "model__max_depth": 2.6043564921847713, "model__n_estimators": 24.723232695035144, "model__reg_lambda": 1.6990335732012896}, "datetime": {"datetime": "2021-03-24 07:27:56", "elapsed": 268.821526, "delta": 1.493138}}
{"target": -0.34720576975116696, "params": {"model__colsample_bylevel": 0.7922634645223181, "model__colsample_bynode": 0.39059138060343945, "model__colsample_bytree": 0.9155609090906593, "model__learning_rate": 0.299333533095391, "model__max_depth": 2.304661450384763, "model__n_estimators": 20.629224459224936, "model__reg_lambda": 1.3320341537645508}, "datetime": {"datetime": "2021-03-24 07:27:59", "elapsed": 270.965117, "delta": 2.143591}}
{"target": -0.3287213823116938, "params": {"model__colsample_bylevel": 0.9289782079824975, "model__colsample_bynode": 0.9502635894603708, "model__colsample_bytree": 0.9152622728888562, "model__learning_rate": 0.2938347092091811, "model__max_depth": 4.169096192539241, "model__n_estimators": 25.464705822684405, "model__reg_lambda": 7.159074552370245}, "datetime": {"datetime": "2021-03-24 07:28:00", "elapsed": 272.796929, "delta": 1.831812}}
{"target": -0.32942775017075726, "params": {"model__colsample_bylevel": 0.9729644483209632, "model__colsample_bynode": 0.35986592691542524, "model__colsample_bytree": 0.4552532112106889, "model__learning_rate": 0.2997010828938744, "model__max_depth": 4.036981190247503, "model__n_estimators": 29.818581912600578, "model__reg_lambda": 6.638044682730905}, "datetime": {"datetime": "2021-03-24 07:28:02", "elapsed": 274.193773, "delta": 1.396844}}
{"target": -0.35662119393135705, "params": {"model__colsample_bylevel": 0.9650909262446352, "model__colsample_bynode": 0.8477888905272919, "model__colsample_bytree": 0.9676653405183089, "model__learning_rate": 0.29845729997924536, "model__max_depth": 7.552112336063878, "model__n_estimators": 19.384383547722802, "model__reg_lambda": 2.897679870003258}, "datetime": {"datetime": "2021-03-24 07:28:04", "elapsed": 275.84931, "delta": 1.655537}}
{"target": -0.3444401253841521, "params": {"model__colsample_bylevel": 0.9502238454686804, "model__colsample_bynode": 0.34241968504345044, "model__colsample_bytree": 0.9069513360128658, "model__learning_rate": 0.28545829606904183, "model__max_depth": 4.736511357694427, "model__n_estimators": 19.75431436935063, "model__reg_lambda": 6.237006398144278}, "datetime": {"datetime": "2021-03-24 07:28:05", "elapsed": 277.535413, "delta": 1.686103}}
{"target": -0.35267885346910444, "params": {"model__colsample_bylevel": 0.35918941575969665, "model__colsample_bynode": 0.9901741235751498, "model__colsample_bytree": 0.8343995340581838, "model__learning_rate": 0.27060720266506283, "model__max_depth": 3.8433209405694253, "model__n_estimators": 24.47487293252775, "model__reg_lambda": 5.8682969953852195}, "datetime": {"datetime": "2021-03-24 07:28:07", "elapsed": 279.501269, "delta": 1.965856}}
{"target": -0.3535263963747243, "params": {"model__colsample_bylevel": 0.34391340067469833, "model__colsample_bynode": 0.709468811413735, "model__colsample_bytree": 0.8502976911632205, "model__learning_rate": 0.2885375435323052, "model__max_depth": 7.976664452643371, "model__n_estimators": 21.35753375272339, "model__reg_lambda": 2.1711214971629076}, "datetime": {"datetime": "2021-03-24 07:28:09", "elapsed": 281.268061, "delta": 1.766792}}
{"target": -0.3255882910294189, "params": {"model__colsample_bylevel": 0.36859982868016294, "model__colsample_bynode": 0.9433438434606265, "model__colsample_bytree": 0.943040423920176, "model__learning_rate": 0.2861537950690832, "model__max_depth": 6.175893460663424, "model__n_estimators": 19.40206482410399, "model__reg_lambda": 2.047881867992248}, "datetime": {"datetime": "2021-03-24 07:28:11", "elapsed": 283.01139, "delta": 1.743329}}
{"target": -0.3282106511254349, "params": {"model__colsample_bylevel": 0.9999999993242452, "model__colsample_bynode": 0.5630913853818823, "model__colsample_bytree": 0.9999999976254976, "model__learning_rate": 0.3, "model__max_depth": 3.059246541517549, "model__n_estimators": 24.51124979539094, "model__reg_lambda": 7.910228489661009}, "datetime": {"datetime": "2021-03-24 07:28:12", "elapsed": 284.480905, "delta": 1.469515}}
{"target": -0.37451389591155604, "params": {"model__colsample_bylevel": 0.4279875739657133, "model__colsample_bynode": 0.9386725486383356, "model__colsample_bytree": 0.31168605746943356, "model__learning_rate": 0.2977881653726647, "model__max_depth": 7.824518681380541, "model__n_estimators": 16.860105060875107, "model__reg_lambda": 3.86240408624529}, "datetime": {"datetime": "2021-03-24 07:28:14", "elapsed": 286.090802, "delta": 1.609897}}
