{"target": -0.3376040423002121, "params": {"model__colsample_bylevel": 0.8777180019342447, "model__colsample_bynode": 1.0, "model__colsample_bytree": 1.0, "model__learning_rate": 0.3, "model__max_depth": 2.6490379054316735, "model__n_estimators": 29.937317724770278, "model__reg_lambda": 6.788956534870794}, "datetime": {"datetime": "2021-03-24 07:23:53", "elapsed": 25.62411, "delta": 1.149459}}
{"target": -0.3705773941038743, "params": {"model__colsample_bylevel": 0.3, "model__colsample_bynode": 1.0, "model__colsample_bytree": 1.0, "model__learning_rate": 0.3, "model__max_depth": 2.267133107614818, "model__n_estimators": 23.559464840561947, "model__reg_lambda": 7.2110816397018365}, "datetime": {"datetime": "2021-03-24 07:23:54", "elapsed": 26.596304, "delta": 0.972194}}
{"target": -0.3535027969385619, "params": {"model__colsample_bylevel": 0.7295709697877466, "model__colsample_bynode": 0.9463831148200235, "model__colsample_bytree": 0.6368799946019917, "model__learning_rate": 0.27953535331840895, "model__max_depth": 4.1067661694523325, "model__n_estimators": 22.72480933797624, "model__reg_lambda": 9.888999932433698}, "datetime": {"datetime": "2021-03-24 07:23:55", "elapsed": 27.761575, "delta": 1.165271}}
{"target": -0.33019792090062106, "params": {"model__colsample_bylevel": 0.9825182985514007, "model__colsample_bynode": 0.39848123401145036, "model__colsample_bytree": 0.8501406507148201, "model__learning_rate": 0.272073043019439, "model__max_depth": 3.779537926904492, "model__n_estimators": 29.671906230219104, "model__reg_lambda": 9.861621735194344}, "datetime": {"datetime": "2021-03-24 07:23:57", "elapsed": 28.885388, "delta": 1.123813}}
{"target": -0.32834108478517904, "params": {"model__colsample_bylevel": 0.3, "model__colsample_bynode": 0.8195479307434201, "model__colsample_bytree": 1.0, "model__learning_rate": 0.3, "model__max_depth": 5.13779176457921, "model__n_estimators": 21.78333265363629, "model__reg_lambda": 5.632452426111783}, "datetime": {"datetime": "2021-03-24 07:23:57", "elapsed": 29.805492, "delta": 0.920104}}
{"target": -0.36569458909899644, "params": {"model__colsample_bylevel": 0.9030023636203646, "model__colsample_bynode": 0.37249302002261336, "model__colsample_bytree": 0.7172182978795674, "model__learning_rate": 0.2810101940528203, "model__max_depth": 7.998133099571545, "model__n_estimators": 15.242156746596367, "model__reg_lambda": 4.724921530785137}, "datetime": {"datetime": "2021-03-24 07:23:59", "elapsed": 31.036771, "delta": 1.231279}}
{"target": -0.3742806203298919, "params": {"model__colsample_bylevel": 0.357625202547312, "model__colsample_bynode": 0.3822726369505819, "model__colsample_bytree": 0.41194329853480505, "model__learning_rate": 0.2825128093340309, "model__max_depth": 3.0454278447625454, "model__n_estimators": 29.948790887924737, "model__reg_lambda": 8.029011556846813}, "datetime": {"datetime": "2021-03-24 07:24:00", "elapsed": 32.182307, "delta": 1.145536}}
{"target": -0.37117009981589366, "params": {"model__colsample_bylevel": 0.8920771389708937, "model__colsample_bynode": 0.9716818770594771, "model__colsample_bytree": 0.9990875876384562, "model__learning_rate": 0.2625581600241143, "model__max_depth": 2.98046128325315, "model__n_estimators": 19.134234641347582, "model__reg_lambda": 9.993360453806439}, "datetime": {"datetime": "2021-03-24 07:24:01", "elapsed": 33.206864, "delta": 1.024557}}
{"target": -0.33188311595543946, "params": {"model__colsample_bylevel": 0.9841668160837316, "model__colsample_bynode": 0.7925213654247043, "model__colsample_bytree": 0.8688224107166713, "model__learning_rate": 0.28745153939880885, "model__max_depth": 7.978644746629261, "model__n_estimators": 25.210559782503417, "model__reg_lambda": 7.97999558242584}, "datetime": {"datetime": "2021-03-24 07:24:02", "elapsed": 34.714534, "delta": 1.50767}}
{"target": -0.3422699664779298, "params": {"model__colsample_bylevel": 0.3272486600878681, "model__colsample_bynode": 0.8820174368062688, "model__colsample_bytree": 0.9456557185460799, "model__learning_rate": 0.2917083718540049, "model__max_depth": 5.639374147719307, "model__n_estimators": 18.40531686168594, "model__reg_lambda": 0.3174277343708354}, "datetime": {"datetime": "2021-03-24 07:24:04", "elapsed": 36.075042, "delta": 1.360508}}
{"target": -0.35223327345531974, "params": {"model__colsample_bylevel": 0.3253165276056675, "model__colsample_bynode": 0.8926668461670979, "model__colsample_bytree": 0.9849628943886342, "model__learning_rate": 0.20393287684962422, "model__max_depth": 3.959319804974457, "model__n_estimators": 29.74738765781595, "model__reg_lambda": 4.994322853055535}, "datetime": {"datetime": "2021-03-24 07:24:05", "elapsed": 37.327312, "delta": 1.25227}}
{"target": -0.3439543127605314, "params": {"model__colsample_bylevel": 1.0, "model__colsample_bynode": 1.0, "model__colsample_bytree": 1.0, "model__learning_rate": 0.3, "model__max_depth": 7.999999950691434, "model__n_estimators": 27.994433767471406, "model__reg_lambda": 10.0}, "datetime": {"datetime": "2021-03-24 07:24:06", "elapsed": 38.611441, "delta": 1.284129}}
{"target": -0.37247289382378934, "params": {"model__colsample_bylevel": 0.8174164793283882, "model__colsample_bynode": 0.8956121273373294, "model__colsample_bytree": 0.6058648789195638, "model__learning_rate": 0.2597030582064568, "model__max_depth": 7.961555523676334, "model__n_estimators": 29.35563630579877, "model__reg_lambda": 0.022288737083434595}, "datetime": {"datetime": "2021-03-24 07:24:08", "elapsed": 39.866997, "delta": 1.255556}}
{"target": -0.3273174475699636, "params": {"model__colsample_bylevel": 0.7137407845388051, "model__colsample_bynode": 0.5952287997250776, "model__colsample_bytree": 0.3663409413544195, "model__learning_rate": 0.2186470288259751, "model__max_depth": 7.819624287167942, "model__n_estimators": 29.909241565816334, "model__reg_lambda": 3.4834693473138656}, "datetime": {"datetime": "2021-03-24 07:24:09", "elapsed": 40.891928, "delta": 1.024931}}
{"target": -0.36965569949951826, "params": {"model__colsample_bylevel": 1.0, "model__colsample_bynode": 1.0, "model__colsample_bytree": 1.0, "model__learning_rate": 0.3, "model__max_depth": 7.33922365096704, "model__n_estimators": 18.367949611761112, "model__reg_lambda": 9.115243017409835}, "datetime": {"datetime": "2021-03-24 07:24:10", "elapsed": 42.212412, "delta": 1.320484}}
{"target": -0.3978553225009608, "params": {"model__colsample_bylevel": 0.8993082869075417, "model__colsample_bynode": 0.9521820788897273, "model__colsample_bytree": 0.9706223256577888, "model__learning_rate": 0.13088006388851578, "model__max_depth": 2.3869380942682885, "model__n_estimators": 28.324331227019968, "model__reg_lambda": 4.168710416793374}, "datetime": {"datetime": "2021-03-24 07:24:11", "elapsed": 43.273652, "delta": 1.06124}}
{"target": -0.3811851370580278, "params": {"model__colsample_bylevel": 0.7993296213053799, "model__colsample_bynode": 0.999192579308972, "model__colsample_bytree": 0.9701791606184733, "model__learning_rate": 0.27255699340693107, "model__max_depth": 5.695452403762745, "model__n_estimators": 15.187735935598607, "model__reg_lambda": 9.962244440205511}, "datetime": {"datetime": "2021-03-24 07:24:12", "elapsed": 44.450897, "delta": 1.177245}}
{"target": -0.3554367036707159, "params": {"model__colsample_bylevel": 1.0, "model__colsample_bynode": 1.0, "model__colsample_bytree": 0.3, "model__learning_rate": 0.3, "model__max_depth": 4.227773050140806, "model__n_estimators": 29.97281064012044, "model__reg_lambda": 9.932422804015701}, "datetime": {"datetime": "2021-03-24 07:24:13", "elapsed": 45.647839, "delta": 1.196942}}
{"target": -0.39619816904482635, "params": {"model__colsample_bylevel": 0.9999999995979704, "model__colsample_bynode": 1.0, "model__colsample_bytree": 0.3, "model__learning_rate": 0.15989486685075258, "model__max_depth": 8.0, "model__n_estimators": 27.482910426650594, "model__reg_lambda": 5.718361244649659}, "datetime": {"datetime": "2021-03-24 07:24:15", "elapsed": 46.904878, "delta": 1.257039}}
{"target": -0.34145622312924756, "params": {"model__colsample_bylevel": 1.0, "model__colsample_bynode": 0.7197056185095498, "model__colsample_bytree": 1.0, "model__learning_rate": 0.3, "model__max_depth": 7.6595803983055575, "model__n_estimators": 16.558211905028426, "model__reg_lambda": 2.5516252489019857}, "datetime": {"datetime": "2021-03-24 07:24:16", "elapsed": 48.166827, "delta": 1.261949}}
{"target": -0.34819402904823366, "params": {"model__colsample_bylevel": 0.3141152120344041, "model__colsample_bynode": 0.9733515641502237, "model__colsample_bytree": 0.9554424430199735, "model__learning_rate": 0.25478462281013925, "model__max_depth": 7.666993864839287, "model__n_estimators": 23.51811188825062, "model__reg_lambda": 5.237704985318689}, "datetime": {"datetime": "2021-03-24 07:24:17", "elapsed": 49.206451, "delta": 1.039624}}
{"target": -0.34287943581044944, "params": {"model__colsample_bylevel": 0.7984581708959435, "model__colsample_bynode": 0.777999308185045, "model__colsample_bytree": 0.9132376123401795, "model__learning_rate": 0.2935366017389782, "model__max_depth": 7.775324347067262, "model__n_estimators": 23.548532615964795, "model__reg_lambda": 9.945504891915734}, "datetime": {"datetime": "2021-03-24 07:24:18", "elapsed": 50.571045, "delta": 1.364594}}
{"target": -0.32913541104239613, "params": {"model__colsample_bylevel": 1.0, "model__colsample_bynode": 0.3, "model__colsample_bytree": 1.0, "model__learning_rate": 0.3, "model__max_depth": 6.3969673688357185, "model__n_estimators": 30.0, "model__reg_lambda": 9.999999998422453}, "datetime": {"datetime": "2021-03-24 07:24:19", "elapsed": 51.791999, "delta": 1.220954}}
{"target": -0.3802810119842921, "params": {"model__colsample_bylevel": 0.3, "model__colsample_bynode": 0.6244460050826812, "model__colsample_bytree": 1.0, "model__learning_rate": 0.3, "model__max_depth": 7.3566363083336626, "model__n_estimators": 15.0, "model__reg_lambda": 6.598940902882716}, "datetime": {"datetime": "2021-03-24 07:24:21", "elapsed": 52.857508, "delta": 1.065509}}
{"target": -0.3477365289642678, "params": {"model__colsample_bylevel": 0.38614919143514304, "model__colsample_bynode": 0.47576687396205325, "model__colsample_bytree": 0.8609572084491706, "model__learning_rate": 0.17381511496158583, "model__max_depth": 7.927514477365865, "model__n_estimators": 20.401905721933346, "model__reg_lambda": 0.5136181556765207}, "datetime": {"datetime": "2021-03-24 07:24:21", "elapsed": 53.805203, "delta": 0.947695}}
{"target": -0.34569407976569905, "params": {"model__colsample_bylevel": 1.0, "model__colsample_bynode": 0.9999999996100629, "model__colsample_bytree": 1.0, "model__learning_rate": 0.3, "model__max_depth": 4.694974792146139, "model__n_estimators": 20.504349081753485, "model__reg_lambda": 9.569898382595708}, "datetime": {"datetime": "2021-03-24 07:24:23", "elapsed": 55.183671, "delta": 1.378468}}
{"target": -0.34567777163094326, "params": {"model__colsample_bylevel": 0.6955565845598803, "model__colsample_bynode": 0.9517347978200377, "model__colsample_bytree": 0.9845032790798769, "model__learning_rate": 0.2862151140891944, "model__max_depth": 7.870258652880242, "model__n_estimators": 19.836829080773228, "model__reg_lambda": 1.0692660673784393}, "datetime": {"datetime": "2021-03-24 07:24:24", "elapsed": 56.567685, "delta": 1.384014}}
{"target": -0.3470322543532466, "params": {"model__colsample_bylevel": 0.9743598805822316, "model__colsample_bynode": 0.33399229362679544, "model__colsample_bytree": 0.9065778827005708, "model__learning_rate": 0.23532398515183398, "model__max_depth": 4.6522584871292185, "model__n_estimators": 16.58657392685265, "model__reg_lambda": 0.7195071082990512}, "datetime": {"datetime": "2021-03-24 07:24:25", "elapsed": 57.766969, "delta": 1.199284}}
{"target": -0.3505988053052915, "params": {"model__colsample_bylevel": 0.4733192548131717, "model__colsample_bynode": 0.3535147789750198, "model__colsample_bytree": 0.9715037580353991, "model__learning_rate": 0.28820880561981127, "model__max_depth": 4.265628555276242, "model__n_estimators": 23.092589621314758, "model__reg_lambda": 7.116615523695612}, "datetime": {"datetime": "2021-03-24 07:24:27", "elapsed": 58.840454, "delta": 1.073485}}
{"target": -0.32773560084996445, "params": {"model__colsample_bylevel": 1.0, "model__colsample_bynode": 0.3, "model__colsample_bytree": 1.0, "model__learning_rate": 0.3, "model__max_depth": 8.0, "model__n_estimators": 30.0, "model__reg_lambda": 9.999999999986665}, "datetime": {"datetime": "2021-03-24 07:24:28", "elapsed": 60.192773, "delta": 1.352319}}
{"target": -0.3215630364084643, "params": {"model__colsample_bylevel": 0.3554681322395503, "model__colsample_bynode": 0.35273019486408774, "model__colsample_bytree": 0.8987821189350191, "model__learning_rate": 0.25694079952740456, "model__max_depth": 7.957057310307897, "model__n_estimators": 15.51222289391173, "model__reg_lambda": 0.23483046830844234}, "datetime": {"datetime": "2021-03-24 07:24:29", "elapsed": 61.293257, "delta": 1.100484}}
{"target": -0.3309414126184782, "params": {"model__colsample_bylevel": 0.7679759829151358, "model__colsample_bynode": 0.9988324498764538, "model__colsample_bytree": 0.8362104461781235, "model__learning_rate": 0.18169774395128419, "model__max_depth": 2.0839926780674523, "model__n_estimators": 24.384752615832458, "model__reg_lambda": 0.07460790980344689}, "datetime": {"datetime": "2021-03-24 07:24:30", "elapsed": 62.786446, "delta": 1.493189}}
{"target": -0.3617935227746468, "params": {"model__colsample_bylevel": 0.6872692184063084, "model__colsample_bynode": 0.39507313350838674, "model__colsample_bytree": 0.8565220292202149, "model__learning_rate": 0.28227623718233186, "model__max_depth": 7.988027441730528, "model__n_estimators": 26.955121170102, "model__reg_lambda": 8.763080147245718}, "datetime": {"datetime": "2021-03-24 07:24:32", "elapsed": 63.933032, "delta": 1.146586}}
{"target": -0.35379505763673963, "params": {"model__colsample_bylevel": 0.5304756765313916, "model__colsample_bynode": 0.56200574228556, "model__colsample_bytree": 0.9639561412334843, "model__learning_rate": 0.2926202306915212, "model__max_depth": 7.940307168199415, "model__n_estimators": 17.9488386901209, "model__reg_lambda": 4.423538910315672}, "datetime": {"datetime": "2021-03-24 07:24:33", "elapsed": 65.339717, "delta": 1.406685}}
{"target": -0.32877499584422404, "params": {"model__colsample_bylevel": 0.41419925801945906, "model__colsample_bynode": 0.9002339259337098, "model__colsample_bytree": 0.8831290393227289, "model__learning_rate": 0.28312128536796966, "model__max_depth": 5.940625262914725, "model__n_estimators": 29.58328044974485, "model__reg_lambda": 3.606085431402305}, "datetime": {"datetime": "2021-03-24 07:24:34", "elapsed": 66.723526, "delta": 1.383809}}
{"target": -0.3738302072103513, "params": {"model__colsample_bylevel": 1.0, "model__colsample_bynode": 0.3, "model__colsample_bytree": 1.0, "model__learning_rate": 0.3, "model__max_depth": 8.0, "model__n_estimators": 15.0, "model__reg_lambda": 0.0}, "datetime": {"datetime": "2021-03-24 07:24:36", "elapsed": 68.016279, "delta": 1.292753}}
{"target": -0.382504235321413, "params": {"model__colsample_bylevel": 0.3231870559207171, "model__colsample_bynode": 0.9861509825851038, "model__colsample_bytree": 0.9637343634858071, "model__learning_rate": 0.298405382304044, "model__max_depth": 3.6991125932832007, "model__n_estimators": 17.279007554793314, "model__reg_lambda": 9.921769425155746}, "datetime": {"datetime": "2021-03-24 07:24:37", "elapsed": 69.146343, "delta": 1.130064}}
{"target": -0.36439805584757223, "params": {"model__colsample_bylevel": 0.9988086439538166, "model__colsample_bynode": 0.3251404501228957, "model__colsample_bytree": 0.6906745873553736, "model__learning_rate": 0.2935338794000222, "model__max_depth": 2.1710737596448824, "model__n_estimators": 24.317793739714656, "model__reg_lambda": 9.921183166865324}, "datetime": {"datetime": "2021-03-24 07:24:38", "elapsed": 70.500235, "delta": 1.353892}}
{"target": -0.35870872097650025, "params": {"model__colsample_bylevel": 1.0, "model__colsample_bynode": 1.0, "model__colsample_bytree": 0.9999999952696766, "model__learning_rate": 0.3, "model__max_depth": 8.0, "model__n_estimators": 21.758977564281313, "model__reg_lambda": 8.449246783692544}, "datetime": {"datetime": "2021-03-24 07:24:39", "elapsed": 71.714603, "delta": 1.214368}}
{"target": -0.3433155212956278, "params": {"model__colsample_bylevel": 0.33651609469396854, "model__colsample_bynode": 0.5710727740451197, "model__colsample_bytree": 0.9439174054106272, "model__learning_rate": 0.2683376268263121, "model__max_depth": 7.977428162475112, "model__n_estimators": 23.66271388862068, "model__reg_lambda": 2.4310200645323974}, "datetime": {"datetime": "2021-03-24 07:24:41", "elapsed": 72.948664, "delta": 1.234061}}
{"target": -0.3443888684009215, "params": {"model__colsample_bylevel": 0.5511062240435283, "model__colsample_bynode": 0.33132693016833625, "model__colsample_bytree": 0.6769793904726622, "model__learning_rate": 0.29931949342921926, "model__max_depth": 7.897197891950508, "model__n_estimators": 15.972032207352454, "model__reg_lambda": 1.495320688533227}, "datetime": {"datetime": "2021-03-24 07:24:42", "elapsed": 74.118305, "delta": 1.169641}}
{"target": -0.3456411278651406, "params": {"model__colsample_bylevel": 0.7437155244321061, "model__colsample_bynode": 0.4190775153497192, "model__colsample_bytree": 0.8306577462116109, "model__learning_rate": 0.2298312103765914, "model__max_depth": 2.1802250181278655, "model__n_estimators": 18.975820288333104, "model__reg_lambda": 0.006442211419848132}, "datetime": {"datetime": "2021-03-24 07:24:43", "elapsed": 75.690355, "delta": 1.57205}}
{"target": -0.32425975146976743, "params": {"model__colsample_bylevel": 0.9597544936732773, "model__colsample_bynode": 0.3000000354797495, "model__colsample_bytree": 1.0, "model__learning_rate": 0.3, "model__max_depth": 4.288984356229918, "model__n_estimators": 20.780495147022087, "model__reg_lambda": 2.216215143240627}, "datetime": {"datetime": "2021-03-24 07:24:44", "elapsed": 76.806963, "delta": 1.116608}}
{"target": -0.41861605690252307, "params": {"model__colsample_bylevel": 1.0, "model__colsample_bynode": 0.3, "model__colsample_bytree": 0.3, "model__learning_rate": 0.3, "model__max_depth": 3.3683637384057388, "model__n_estimators": 15.69794841058056, "model__reg_lambda": 10.0}, "datetime": {"datetime": "2021-03-24 07:24:46", "elapsed": 77.970046, "delta": 1.163083}}
{"target": -0.36644824690327205, "params": {"model__colsample_bylevel": 0.30121882016510815, "model__colsample_bynode": 0.3035581307818605, "model__colsample_bytree": 0.831732446619756, "model__learning_rate": 0.2789511125246972, "model__max_depth": 4.291978117443907, "model__n_estimators": 27.02007998765711, "model__reg_lambda": 4.574347364739192}, "datetime": {"datetime": "2021-03-24 07:24:47", "elapsed": 79.164302, "delta": 1.194256}}
{"target": -0.3123224152360057, "params": {"model__colsample_bylevel": 0.5192263887841849, "model__colsample_bynode": 0.6385258379876732, "model__colsample_bytree": 0.98906178227791, "model__learning_rate": 0.2797208768280427, "model__max_depth": 7.738935050152945, "model__n_estimators": 26.07382279533926, "model__reg_lambda": 6.250239588338703}, "datetime": {"datetime": "2021-03-24 07:24:48", "elapsed": 80.606913, "delta": 1.442611}}
{"target": -0.3716482013470722, "params": {"model__colsample_bylevel": 0.6183415534691103, "model__colsample_bynode": 0.9802258941725523, "model__colsample_bytree": 0.553543370660693, "model__learning_rate": 0.26980115589059195, "model__max_depth": 2.4059741282011142, "model__n_estimators": 27.785502442216156, "model__reg_lambda": 9.970663790478511}, "datetime": {"datetime": "2021-03-24 07:24:49", "elapsed": 81.777747, "delta": 1.170834}}
{"target": -0.35960745671561556, "params": {"model__colsample_bylevel": 0.3, "model__colsample_bynode": 0.8807001529666855, "model__colsample_bytree": 1.0, "model__learning_rate": 0.3, "model__max_depth": 3.9905191552914343, "model__n_estimators": 25.774623086630292, "model__reg_lambda": 10.0}, "datetime": {"datetime": "2021-03-24 07:24:51", "elapsed": 82.997664, "delta": 1.219917}}
{"target": -0.35426790524894997, "params": {"model__colsample_bylevel": 0.8903780692269587, "model__colsample_bynode": 0.5463470576866248, "model__colsample_bytree": 0.3456079064580097, "model__learning_rate": 0.2951262466566026, "model__max_depth": 6.811704746839928, "model__n_estimators": 29.982312040960473, "model__reg_lambda": 5.4904524970314945}, "datetime": {"datetime": "2021-03-24 07:24:52", "elapsed": 84.104542, "delta": 1.106878}}
{"target": -0.3782426192404945, "params": {"model__colsample_bylevel": 1.0, "model__colsample_bynode": 0.3, "model__colsample_bytree": 0.3, "model__learning_rate": 0.3, "model__max_depth": 5.583415586832083, "model__n_estimators": 24.43939514521896, "model__reg_lambda": 10.0}, "datetime": {"datetime": "2021-03-24 07:24:53", "elapsed": 85.234696, "delta": 1.130154}}
{"target": -0.3481628944152507, "params": {"model__colsample_bylevel": 0.40383243706831273, "model__colsample_bynode": 0.8732996358460724, "model__colsample_bytree": 1.0, "model__learning_rate": 0.28505064272025243, "model__max_depth": 7.987746048290332, "model__n_estimators": 27.239050816413805, "model__reg_lambda": 4.037580470472025}, "datetime": {"datetime": "2021-03-24 07:24:54", "elapsed": 86.555305, "delta": 1.320609}}
{"target": -0.3402092955154502, "params": {"model__colsample_bylevel": 0.5455930639946154, "model__colsample_bynode": 0.9773845505550669, "model__colsample_bytree": 0.9029679070582697, "model__learning_rate": 0.28462715708789144, "model__max_depth": 4.631812442417286, "model__n_estimators": 27.84376948945647, "model__reg_lambda": 2.2498366396560576}, "datetime": {"datetime": "2021-03-24 07:24:55", "elapsed": 87.617647, "delta": 1.062342}}
