{"target": -0.3318602855639546, "params": {"model__colsample_bylevel": 0.4884525291969753, "model__colsample_bynode": 0.31980089965965297, "model__colsample_bytree": 0.980755267171108, "model__learning_rate": 0.23439702615137264, "model__max_depth": 6.0, "model__n_estimators": 30.0, "model__reg_lambda": 0.0585324600436421}, "datetime": {"datetime": "2021-03-24 07:23:31", "elapsed": 3.033497, "delta": 0.000413}}
{"target": -0.3318602855639546, "params": {"model__colsample_bylevel": 0.4884525291969753, "model__colsample_bynode": 0.31980089965965297, "model__colsample_bytree": 0.980755267171108, "model__learning_rate": 0.23439702615137264, "model__max_depth": 6.0, "model__n_estimators": 30.0, "model__reg_lambda": 0.0585324600436421}, "datetime": {"datetime": "2021-03-24 07:23:31", "elapsed": 3.033785, "delta": 0.000288}}
{"target": -0.3318602855639546, "params": {"model__colsample_bylevel": 0.4884525291969753, "model__colsample_bynode": 0.31980089965965297, "model__colsample_bytree": 0.980755267171108, "model__learning_rate": 0.23439702615137264, "model__max_depth": 6.0, "model__n_estimators": 30.0, "model__reg_lambda": 0.0585324600436421}, "datetime": {"datetime": "2021-03-24 07:23:31", "elapsed": 3.034049, "delta": 0.000264}}
{"target": -0.3318602855639546, "params": {"model__colsample_bylevel": 0.4884525291969753, "model__colsample_bynode": 0.31980089965965297, "model__colsample_bytree": 0.980755267171108, "model__learning_rate": 0.23439702615137264, "model__max_depth": 6.0, "model__n_estimators": 30.0, "model__reg_lambda": 0.0585324600436421}, "datetime": {"datetime": "2021-03-24 07:23:31", "elapsed": 3.034304, "delta": 0.000255}}
{"target": -0.3318602855639546, "params": {"model__colsample_bylevel": 0.4884525291969753, "model__colsample_bynode": 0.31980089965965297, "model__colsample_bytree": 0.980755267171108, "model__learning_rate": 0.23439702615137264, "model__max_depth": 6.0, "model__n_estimators": 30.0, "model__reg_lambda": 0.0585324600436421}, "datetime": {"datetime": "2021-03-24 07:23:31", "elapsed": 3.034576, "delta": 0.000272}}
{"target": -0.36294143959555936, "params": {"model__colsample_bylevel": 1.0, "model__colsample_bynode": 1.0, "model__colsample_bytree": 0.3, "model__learning_rate": 0.3, "model__max_depth": 4.0, "model__n_estimators": 19.0, "model__reg_lambda": 0.318204857236932}, "datetime": {"datetime": "2021-03-24 07:23:31", "elapsed": 3.127829, "delta": 0.093253}}
{"target": -0.31069585988449905, "params": {"model__colsample_bylevel": 0.9863866447374559, "model__colsample_bynode": 0.3036539309395714, "model__colsample_bytree": 0.8436197081882266, "model__learning_rate": 0.21937190210074342, "model__max_depth": 8.0, "model__n_estimators": 30.0, "model__reg_lambda": 0.060681681592996695}, "datetime": {"datetime": "2021-03-24 07:23:31", "elapsed": 3.245163, "delta": 0.117334}}
{"target": -0.31069585988449905, "params": {"model__colsample_bylevel": 0.9863866447374559, "model__colsample_bynode": 0.3036539309395714, "model__colsample_bytree": 0.8436197081882266, "model__learning_rate": 0.21937190210074342, "model__max_depth": 8.0, "model__n_estimators": 30.0, "model__reg_lambda": 0.060681681592996695}, "datetime": {"datetime": "2021-03-24 07:23:31", "elapsed": 3.245594, "delta": 0.000431}}
{"target": -0.30580269553465766, "params": {"model__colsample_bylevel": 0.3747575169134865, "model__colsample_bynode": 0.9479460713739047, "model__colsample_bytree": 0.9431277513130145, "model__learning_rate": 0.2853523854162271, "model__max_depth": 4.0, "model__n_estimators": 24.0, "model__reg_lambda": 0.01696133270636002}, "datetime": {"datetime": "2021-03-24 07:23:31", "elapsed": 3.342696, "delta": 0.097102}}
{"target": -0.33286475978797614, "params": {"model__colsample_bylevel": 0.35169145946031455, "model__colsample_bynode": 0.9286130522956784, "model__colsample_bytree": 0.9835951082831629, "model__learning_rate": 0.2987984725827035, "model__max_depth": 3.0, "model__n_estimators": 28.0, "model__reg_lambda": 0.296879697057687}, "datetime": {"datetime": "2021-03-24 07:23:31", "elapsed": 3.453971, "delta": 0.111275}}
{"target": -0.3045670941633179, "params": {"model__colsample_bylevel": 1.0, "model__colsample_bynode": 1.0, "model__colsample_bytree": 0.3, "model__learning_rate": 0.3, "model__max_depth": 2.0, "model__n_estimators": 30.0, "model__reg_lambda": 0.0}, "datetime": {"datetime": "2021-03-24 07:23:31", "elapsed": 3.544937, "delta": 0.090966}}
{"target": -0.3045670941633179, "params": {"model__colsample_bylevel": 1.0, "model__colsample_bynode": 1.0, "model__colsample_bytree": 0.3, "model__learning_rate": 0.3, "model__max_depth": 2.0, "model__n_estimators": 30.0, "model__reg_lambda": 0.0}, "datetime": {"datetime": "2021-03-24 07:23:31", "elapsed": 3.5455, "delta": 0.000563}}
{"target": -0.3045670941633179, "params": {"model__colsample_bylevel": 1.0, "model__colsample_bynode": 1.0, "model__colsample_bytree": 0.3, "model__learning_rate": 0.3, "model__max_depth": 2.0, "model__n_estimators": 30.0, "model__reg_lambda": 0.0}, "datetime": {"datetime": "2021-03-24 07:23:31", "elapsed": 3.545918, "delta": 0.000418}}
{"target": -0.3045670941633179, "params": {"model__colsample_bylevel": 1.0, "model__colsample_bynode": 1.0, "model__colsample_bytree": 0.3, "model__learning_rate": 0.3, "model__max_depth": 2.0, "model__n_estimators": 30.0, "model__reg_lambda": 0.0}, "datetime": {"datetime": "2021-03-24 07:23:31", "elapsed": 3.546304, "delta": 0.000386}}
{"target": -0.3390399780266993, "params": {"model__colsample_bylevel": 0.7935815315814578, "model__colsample_bynode": 0.4412981046716803, "model__colsample_bytree": 0.9389353526613848, "model__learning_rate": 0.2860946097441848, "model__max_depth": 4.0, "model__n_estimators": 23.0, "model__reg_lambda": 0.2058529453048119}, "datetime": {"datetime": "2021-03-24 07:23:31", "elapsed": 3.639057, "delta": 0.092753}}
{"target": -0.3390399780266993, "params": {"model__colsample_bylevel": 0.7935815315814578, "model__colsample_bynode": 0.4412981046716803, "model__colsample_bytree": 0.9389353526613848, "model__learning_rate": 0.2860946097441848, "model__max_depth": 4.0, "model__n_estimators": 23.0, "model__reg_lambda": 0.2058529453048119}, "datetime": {"datetime": "2021-03-24 07:23:31", "elapsed": 3.639472, "delta": 0.000415}}
{"target": -0.3390399780266993, "params": {"model__colsample_bylevel": 0.7935815315814578, "model__colsample_bynode": 0.4412981046716803, "model__colsample_bytree": 0.9389353526613848, "model__learning_rate": 0.2860946097441848, "model__max_depth": 4.0, "model__n_estimators": 23.0, "model__reg_lambda": 0.2058529453048119}, "datetime": {"datetime": "2021-03-24 07:23:31", "elapsed": 3.641145, "delta": 0.001673}}
{"target": -0.3436349787944219, "params": {"model__colsample_bylevel": 0.8877692221146174, "model__colsample_bynode": 0.4757891156405968, "model__colsample_bytree": 0.9597975498812856, "model__learning_rate": 0.2942101393345069, "model__max_depth": 6.0, "model__n_estimators": 29.0, "model__reg_lambda": 1.0204062619693055}, "datetime": {"datetime": "2021-03-24 07:23:31", "elapsed": 3.761821, "delta": 0.120676}}
{"target": -0.3436349787944219, "params": {"model__colsample_bylevel": 0.8877692221146174, "model__colsample_bynode": 0.4757891156405968, "model__colsample_bytree": 0.9597975498812856, "model__learning_rate": 0.2942101393345069, "model__max_depth": 6.0, "model__n_estimators": 29.0, "model__reg_lambda": 1.0204062619693055}, "datetime": {"datetime": "2021-03-24 07:23:31", "elapsed": 3.762212, "delta": 0.000391}}
{"target": -0.36742358946273496, "params": {"model__colsample_bylevel": 1.0, "model__colsample_bynode": 1.0, "model__colsample_bytree": 0.3, "model__learning_rate": 0.3, "model__max_depth": 6.0, "model__n_estimators": 17.0, "model__reg_lambda": 0.0}, "datetime": {"datetime": "2021-03-24 07:23:32", "elapsed": 3.85201, "delta": 0.089798}}
{"target": -0.36742358946273496, "params": {"model__colsample_bylevel": 1.0, "model__colsample_bynode": 1.0, "model__colsample_bytree": 0.3, "model__learning_rate": 0.3, "model__max_depth": 6.0, "model__n_estimators": 17.0, "model__reg_lambda": 0.0}, "datetime": {"datetime": "2021-03-24 07:23:32", "elapsed": 3.852369, "delta": 0.000359}}
{"target": -0.3129455319086117, "params": {"model__colsample_bylevel": 0.45102308882398734, "model__colsample_bynode": 0.31060792977636337, "model__colsample_bytree": 0.9790978505260848, "model__learning_rate": 0.29871396209558154, "model__max_depth": 3.0, "model__n_estimators": 28.0, "model__reg_lambda": 2.0394290403333626}, "datetime": {"datetime": "2021-03-24 07:23:32", "elapsed": 3.929324, "delta": 0.076955}}
{"target": -0.3129455319086117, "params": {"model__colsample_bylevel": 0.45102308882398734, "model__colsample_bynode": 0.31060792977636337, "model__colsample_bytree": 0.9790978505260848, "model__learning_rate": 0.29871396209558154, "model__max_depth": 3.0, "model__n_estimators": 28.0, "model__reg_lambda": 2.0394290403333626}, "datetime": {"datetime": "2021-03-24 07:23:32", "elapsed": 3.929711, "delta": 0.000387}}
{"target": -0.34364662904716664, "params": {"model__colsample_bylevel": 0.8439197015064559, "model__colsample_bynode": 0.39129964877222, "model__colsample_bytree": 0.9952632567476658, "model__learning_rate": 0.2976816432728172, "model__max_depth": 8.0, "model__n_estimators": 24.0, "model__reg_lambda": 0.292936890039176}, "datetime": {"datetime": "2021-03-24 07:23:32", "elapsed": 4.033442, "delta": 0.103731}}
{"target": -0.34364662904716664, "params": {"model__colsample_bylevel": 0.8439197015064559, "model__colsample_bynode": 0.39129964877222, "model__colsample_bytree": 0.9952632567476658, "model__learning_rate": 0.2976816432728172, "model__max_depth": 8.0, "model__n_estimators": 24.0, "model__reg_lambda": 0.292936890039176}, "datetime": {"datetime": "2021-03-24 07:23:32", "elapsed": 4.033832, "delta": 0.00039}}
{"target": -0.3211321289727019, "params": {"model__colsample_bylevel": 0.9962133504999264, "model__colsample_bynode": 0.9826091851993903, "model__colsample_bytree": 0.5282500943121311, "model__learning_rate": 0.29021999747645855, "model__max_depth": 3.0, "model__n_estimators": 23.0, "model__reg_lambda": 0.10693130307365406}, "datetime": {"datetime": "2021-03-24 07:23:32", "elapsed": 4.130018, "delta": 0.096186}}
{"target": -0.3211321289727019, "params": {"model__colsample_bylevel": 0.9962133504999264, "model__colsample_bynode": 0.9826091851993903, "model__colsample_bytree": 0.5282500943121311, "model__learning_rate": 0.29021999747645855, "model__max_depth": 3.0, "model__n_estimators": 23.0, "model__reg_lambda": 0.10693130307365406}, "datetime": {"datetime": "2021-03-24 07:23:32", "elapsed": 4.130388, "delta": 0.00037}}
{"target": -0.3211321289727019, "params": {"model__colsample_bylevel": 0.9962133504999264, "model__colsample_bynode": 0.9826091851993903, "model__colsample_bytree": 0.5282500943121311, "model__learning_rate": 0.29021999747645855, "model__max_depth": 3.0, "model__n_estimators": 23.0, "model__reg_lambda": 0.10693130307365406}, "datetime": {"datetime": "2021-03-24 07:23:32", "elapsed": 4.13065, "delta": 0.000262}}
{"target": -0.34232764672732613, "params": {"model__colsample_bylevel": 0.8617383570373642, "model__colsample_bynode": 0.39757888068825264, "model__colsample_bytree": 0.343977855560185, "model__learning_rate": 0.2947890705848357, "model__max_depth": 3.0, "model__n_estimators": 25.0, "model__reg_lambda": 0.04561150751861032}, "datetime": {"datetime": "2021-03-24 07:23:32", "elapsed": 4.206642, "delta": 0.075992}}
{"target": -0.329877290007088, "params": {"model__colsample_bylevel": 0.43916442392872107, "model__colsample_bynode": 0.975379883116676, "model__colsample_bytree": 0.8260635515477359, "model__learning_rate": 0.29895543196205443, "model__max_depth": 4.0, "model__n_estimators": 24.0, "model__reg_lambda": 1.3379216727290366}, "datetime": {"datetime": "2021-03-24 07:23:32", "elapsed": 4.296936, "delta": 0.090294}}
{"target": -0.3473189592506548, "params": {"model__colsample_bylevel": 0.9200821231031391, "model__colsample_bynode": 0.35616344543935075, "model__colsample_bytree": 0.8625120529528605, "model__learning_rate": 0.23669407037870885, "model__max_depth": 5.0, "model__n_estimators": 25.0, "model__reg_lambda": 2.826662622956666}, "datetime": {"datetime": "2021-03-24 07:23:32", "elapsed": 4.402582, "delta": 0.105646}}
{"target": -0.3473189592506548, "params": {"model__colsample_bylevel": 0.9200821231031391, "model__colsample_bynode": 0.35616344543935075, "model__colsample_bytree": 0.8625120529528605, "model__learning_rate": 0.23669407037870885, "model__max_depth": 5.0, "model__n_estimators": 25.0, "model__reg_lambda": 2.826662622956666}, "datetime": {"datetime": "2021-03-24 07:23:32", "elapsed": 4.402967, "delta": 0.000385}}
{"target": -0.3473189592506548, "params": {"model__colsample_bylevel": 0.9200821231031391, "model__colsample_bynode": 0.35616344543935075, "model__colsample_bytree": 0.8625120529528605, "model__learning_rate": 0.23669407037870885, "model__max_depth": 5.0, "model__n_estimators": 25.0, "model__reg_lambda": 2.826662622956666}, "datetime": {"datetime": "2021-03-24 07:23:32", "elapsed": 4.403231, "delta": 0.000264}}
{"target": -0.2928840251061627, "params": {"model__colsample_bylevel": 0.8539852255783891, "model__colsample_bynode": 0.9943718521845815, "model__colsample_bytree": 0.910841780551815, "model__learning_rate": 0.25494085308239567, "model__max_depth": 2.0, "model__n_estimators": 29.0, "model__reg_lambda": 0.13009971202335713}, "datetime": {"datetime": "2021-03-24 07:23:32", "elapsed": 4.505207, "delta": 0.101976}}
{"target": -0.334441484436494, "params": {"model__colsample_bylevel": 0.6571842183803359, "model__colsample_bynode": 0.6839407849675303, "model__colsample_bytree": 0.9068883432417858, "model__learning_rate": 0.2920790852458208, "model__max_depth": 3.0, "model__n_estimators": 25.0, "model__reg_lambda": 0.00965499740896103}, "datetime": {"datetime": "2021-03-24 07:23:32", "elapsed": 4.603999, "delta": 0.098792}}
{"target": -0.334441484436494, "params": {"model__colsample_bylevel": 0.6571842183803359, "model__colsample_bynode": 0.6839407849675303, "model__colsample_bytree": 0.9068883432417858, "model__learning_rate": 0.2920790852458208, "model__max_depth": 3.0, "model__n_estimators": 25.0, "model__reg_lambda": 0.00965499740896103}, "datetime": {"datetime": "2021-03-24 07:23:32", "elapsed": 4.604384, "delta": 0.000385}}
{"target": -0.334441484436494, "params": {"model__colsample_bylevel": 0.6571842183803359, "model__colsample_bynode": 0.6839407849675303, "model__colsample_bytree": 0.9068883432417858, "model__learning_rate": 0.2920790852458208, "model__max_depth": 3.0, "model__n_estimators": 25.0, "model__reg_lambda": 0.00965499740896103}, "datetime": {"datetime": "2021-03-24 07:23:32", "elapsed": 4.604667, "delta": 0.000283}}
{"target": -0.334441484436494, "params": {"model__colsample_bylevel": 0.6571842183803359, "model__colsample_bynode": 0.6839407849675303, "model__colsample_bytree": 0.9068883432417858, "model__learning_rate": 0.2920790852458208, "model__max_depth": 3.0, "model__n_estimators": 25.0, "model__reg_lambda": 0.00965499740896103}, "datetime": {"datetime": "2021-03-24 07:23:32", "elapsed": 4.604917, "delta": 0.00025}}
{"target": -0.3053452200104442, "params": {"model__colsample_bylevel": 0.4634685245451294, "model__colsample_bynode": 1.0, "model__colsample_bytree": 0.9580409589562816, "model__learning_rate": 0.3, "model__max_depth": 2.0, "model__n_estimators": 27.0, "model__reg_lambda": 0.0}, "datetime": {"datetime": "2021-03-24 07:23:32", "elapsed": 4.686883, "delta": 0.081966}}
{"target": -0.3053452200104442, "params": {"model__colsample_bylevel": 0.4634685245451294, "model__colsample_bynode": 1.0, "model__colsample_bytree": 0.9580409589562816, "model__learning_rate": 0.3, "model__max_depth": 2.0, "model__n_estimators": 27.0, "model__reg_lambda": 0.0}, "datetime": {"datetime": "2021-03-24 07:23:32", "elapsed": 4.687305, "delta": 0.000422}}
{"target": -0.4550103914343577, "params": {"model__colsample_bylevel": 0.30726190771998996, "model__colsample_bynode": 0.651312214504117, "model__colsample_bytree": 0.6470413051939022, "model__learning_rate": 0.12676590579185532, "model__max_depth": 2.8526665127272315, "model__n_estimators": 18.278380134391174, "model__reg_lambda": 4.185081805104525}, "datetime": {"datetime": "2021-03-24 07:23:32", "elapsed": 4.765813, "delta": 0.078508}}
{"target": -0.3477947308354592, "params": {"model__colsample_bylevel": 0.4736708178894914, "model__colsample_bynode": 0.35884175581574507, "model__colsample_bytree": 0.54184904803528, "model__learning_rate": 0.1333552693064643, "model__max_depth": 7.271354513195954, "model__n_estimators": 29.26446047440075, "model__reg_lambda": 0.38748375832319826}, "datetime": {"datetime": "2021-03-24 07:23:33", "elapsed": 4.847235, "delta": 0.081422}}
{"target": -0.33243227031527334, "params": {"model__colsample_bylevel": 0.7893751739791326, "model__colsample_bynode": 0.7009318708985864, "model__colsample_bytree": 0.9286049827576046, "model__learning_rate": 0.23337979458392732, "model__max_depth": 5.28702669827889, "model__n_estimators": 25.53641136102083, "model__reg_lambda": 3.864771696146654}, "datetime": {"datetime": "2021-03-24 07:23:33", "elapsed": 4.970057, "delta": 0.122822}}
{"target": -0.31717769353974445, "params": {"model__colsample_bylevel": 0.7861070744351207, "model__colsample_bynode": 0.8774093251503836, "model__colsample_bytree": 0.6259679327570861, "model__learning_rate": 0.28810488190533123, "model__max_depth": 6.822438620073907, "model__n_estimators": 29.75038872336499, "model__reg_lambda": 1.696362575837671}, "datetime": {"datetime": "2021-03-24 07:23:33", "elapsed": 5.090204, "delta": 0.120147}}
{"target": -0.33549211483610714, "params": {"model__colsample_bylevel": 0.6647592980218581, "model__colsample_bynode": 0.9618621918833685, "model__colsample_bytree": 0.7546783242123333, "model__learning_rate": 0.2721663846451393, "model__max_depth": 7.825076072541351, "model__n_estimators": 17.78312530401691, "model__reg_lambda": 2.431156753134085}, "datetime": {"datetime": "2021-03-24 07:23:33", "elapsed": 5.192376, "delta": 0.102172}}
{"target": -0.3635581375423657, "params": {"model__colsample_bylevel": 0.9113805901707872, "model__colsample_bynode": 0.9343940938464552, "model__colsample_bytree": 0.8307945907576542, "model__learning_rate": 0.16938039075510394, "model__max_depth": 4.781208283904345, "model__n_estimators": 24.15806611272194, "model__reg_lambda": 4.96281717671187}, "datetime": {"datetime": "2021-03-24 07:23:33", "elapsed": 5.331992, "delta": 0.139616}}
{"target": -0.393167265034888, "params": {"model__colsample_bylevel": 0.6345818094768427, "model__colsample_bynode": 0.604888825336442, "model__colsample_bytree": 0.9092858074985717, "model__learning_rate": 0.1374717294122843, "model__max_depth": 6.126044559156051, "model__n_estimators": 25.552937607020823, "model__reg_lambda": 9.252000772711074}, "datetime": {"datetime": "2021-03-24 07:23:33", "elapsed": 5.446794, "delta": 0.114802}}
{"target": -0.4285852872334637, "params": {"model__colsample_bylevel": 0.32761837237198693, "model__colsample_bynode": 0.7529816994815779, "model__colsample_bytree": 0.7466377893021694, "model__learning_rate": 0.19233953249413938, "model__max_depth": 2.318356546912358, "model__n_estimators": 15.578563847435374, "model__reg_lambda": 1.6953141420787687}, "datetime": {"datetime": "2021-03-24 07:23:33", "elapsed": 5.51588, "delta": 0.069086}}
{"target": -0.4075227947986645, "params": {"model__colsample_bylevel": 0.8561835208849775, "model__colsample_bynode": 0.4138242325920566, "model__colsample_bytree": 0.3971170898456863, "model__learning_rate": 0.17058339064653638, "model__max_depth": 4.906990730916813, "model__n_estimators": 25.466045776856664, "model__reg_lambda": 8.011564316956859}, "datetime": {"datetime": "2021-03-24 07:23:33", "elapsed": 5.604385, "delta": 0.088505}}
{"target": -0.4294049048296891, "params": {"model__colsample_bylevel": 0.4867420639503589, "model__colsample_bynode": 0.936633346480775, "model__colsample_bytree": 0.3160068649787738, "model__learning_rate": 0.17502455249915477, "model__max_depth": 3.1977999718893484, "model__n_estimators": 20.142078437421155, "model__reg_lambda": 4.441122950440465}, "datetime": {"datetime": "2021-03-24 07:23:33", "elapsed": 5.676056, "delta": 0.071671}}
{"target": -0.3865135586537097, "params": {"model__colsample_bylevel": 0.6486977272532548, "model__colsample_bynode": 0.5900424273597351, "model__colsample_bytree": 0.4499791740194562, "model__learning_rate": 0.14332794254537243, "model__max_depth": 3.3938427634789914, "model__n_estimators": 25.93628430939619, "model__reg_lambda": 4.159186670147922}, "datetime": {"datetime": "2021-03-24 07:23:33", "elapsed": 5.752665, "delta": 0.076609}}
{"target": -0.3748116013539982, "params": {"model__colsample_bylevel": 0.7087287246096596, "model__colsample_bynode": 0.6460356235928947, "model__colsample_bytree": 0.6010327699478305, "model__learning_rate": 0.24695316340723392, "model__max_depth": 5.337298920821893, "model__n_estimators": 19.539459624900097, "model__reg_lambda": 9.70798194813456}, "datetime": {"datetime": "2021-03-24 07:23:34", "elapsed": 5.838237, "delta": 0.085572}}
{"target": -0.4147113684186901, "params": {"model__colsample_bylevel": 0.4573898284863129, "model__colsample_bynode": 0.39713840986827087, "model__colsample_bytree": 0.730452732753553, "model__learning_rate": 0.19838578785694924, "model__max_depth": 3.0989164019193227, "model__n_estimators": 16.639657727470496, "model__reg_lambda": 5.395755249234239}, "datetime": {"datetime": "2021-03-24 07:23:34", "elapsed": 5.904817, "delta": 0.06658}}
