{"target": -0.3612591495840351, "params": {"model__colsample_bylevel": 0.5644067072273591, "model__colsample_bynode": 0.3910416186876352, "model__colsample_bytree": 0.38567076178623777, "model__learning_rate": 0.2133820921895382, "model__max_depth": 6.200846270045501, "model__n_estimators": 27.461084107235983, "model__reg_lambda": 0.06268861904229261}, "datetime": {"datetime": "2021-03-24 07:26:05", "elapsed": 157.443459, "delta": 1.113525}}
{"target": -0.4468368882623811, "params": {"model__colsample_bylevel": 0.30266902946170055, "model__colsample_bynode": 0.32906571387765304, "model__colsample_bytree": 0.3, "model__learning_rate": 0.3, "model__max_depth": 2.0, "model__n_estimators": 19.19368747333155, "model__reg_lambda": 9.414834646685206}, "datetime": {"datetime": "2021-03-24 07:26:07", "elapsed": 159.0928, "delta": 1.649341}}
{"target": -0.3572422745435134, "params": {"model__colsample_bylevel": 1.0, "model__colsample_bynode": 1.0, "model__colsample_bytree": 1.0, "model__learning_rate": 0.3, "model__max_depth": 6.098445882988839, "model__n_estimators": 17.15261770116579, "model__reg_lambda": 10.0}, "datetime": {"datetime": "2021-03-24 07:26:08", "elapsed": 160.447232, "delta": 1.354432}}
{"target": -0.37249288442544637, "params": {"model__colsample_bylevel": 0.308890822005554, "model__colsample_bynode": 0.30844520949387144, "model__colsample_bytree": 0.7097088835284732, "model__learning_rate": 0.2949361394275802, "model__max_depth": 7.988913155722797, "model__n_estimators": 24.634529479262323, "model__reg_lambda": 4.187520348447346}, "datetime": {"datetime": "2021-03-24 07:26:10", "elapsed": 161.891543, "delta": 1.444311}}
{"target": -0.3410380536649862, "params": {"model__colsample_bylevel": 0.3500909700961833, "model__colsample_bynode": 0.3737919820623219, "model__colsample_bytree": 0.9608645931491111, "model__learning_rate": 0.2970822926258223, "model__max_depth": 2.695349931701367, "model__n_estimators": 22.778534496663916, "model__reg_lambda": 5.724842634977118}, "datetime": {"datetime": "2021-03-24 07:26:11", "elapsed": 163.563713, "delta": 1.67217}}
{"target": -0.3297865900749246, "params": {"model__colsample_bylevel": 0.9796157494750535, "model__colsample_bynode": 0.940833619990779, "model__colsample_bytree": 0.9332600130684687, "model__learning_rate": 0.28885305461612953, "model__max_depth": 7.955494813452283, "model__n_estimators": 24.644273386617904, "model__reg_lambda": 3.5884994458531327}, "datetime": {"datetime": "2021-03-24 07:26:13", "elapsed": 165.047287, "delta": 1.483574}}
{"target": -0.33546440848385567, "params": {"model__colsample_bylevel": 0.3172061474823868, "model__colsample_bynode": 0.5682656203424856, "model__colsample_bytree": 0.9362695856094487, "model__learning_rate": 0.2920440402246065, "model__max_depth": 7.872996406511737, "model__n_estimators": 27.06732675322923, "model__reg_lambda": 6.578220779161517}, "datetime": {"datetime": "2021-03-24 07:26:14", "elapsed": 166.65475, "delta": 1.607463}}
{"target": -0.36207686140525924, "params": {"model__colsample_bylevel": 0.433377129996619, "model__colsample_bynode": 0.6966055420004097, "model__colsample_bytree": 0.3310701476764531, "model__learning_rate": 0.24382560381576482, "model__max_depth": 7.99989603400314, "model__n_estimators": 17.30233335384499, "model__reg_lambda": 0.05460660577957466}, "datetime": {"datetime": "2021-03-24 07:26:16", "elapsed": 168.036469, "delta": 1.381719}}
{"target": -0.32896951415214987, "params": {"model__colsample_bylevel": 0.5526976797400877, "model__colsample_bynode": 0.7273323368368767, "model__colsample_bytree": 0.9999999937738736, "model__learning_rate": 0.3, "model__max_depth": 3.014369567369749, "model__n_estimators": 19.148161172783002, "model__reg_lambda": 1.372893063637209}, "datetime": {"datetime": "2021-03-24 07:26:17", "elapsed": 169.213315, "delta": 1.176846}}
{"target": -0.3372676415662484, "params": {"model__colsample_bylevel": 0.8792770224140947, "model__colsample_bynode": 0.4144541646118667, "model__colsample_bytree": 0.375329515655669, "model__learning_rate": 0.3, "model__max_depth": 7.721322357703973, "model__n_estimators": 28.09730036801333, "model__reg_lambda": 4.057038528273974}, "datetime": {"datetime": "2021-03-24 07:26:18", "elapsed": 170.496999, "delta": 1.283684}}
{"target": -0.31141411687628756, "params": {"model__colsample_bylevel": 0.5731690936619336, "model__colsample_bynode": 0.3212288698456247, "model__colsample_bytree": 0.9777128557600281, "model__learning_rate": 0.28566240938222226, "model__max_depth": 6.499841662262708, "model__n_estimators": 18.462082365934613, "model__reg_lambda": 2.1957471006113316}, "datetime": {"datetime": "2021-03-24 07:26:20", "elapsed": 171.985855, "delta": 1.488856}}
{"target": -0.32946007853859793, "params": {"model__colsample_bylevel": 0.3561324636007785, "model__colsample_bynode": 0.8860796272962901, "model__colsample_bytree": 0.9993904410809415, "model__learning_rate": 0.27924473845233255, "model__max_depth": 3.6951004977562047, "model__n_estimators": 22.002740515481165, "model__reg_lambda": 4.073595635163995}, "datetime": {"datetime": "2021-03-24 07:26:21", "elapsed": 173.353256, "delta": 1.367401}}
{"target": -0.3211236274430015, "params": {"model__colsample_bylevel": 0.8322693987306882, "model__colsample_bynode": 0.8365104568715094, "model__colsample_bytree": 0.7669691747360085, "model__learning_rate": 0.29939778950337054, "model__max_depth": 7.762155901696747, "model__n_estimators": 29.79721393488851, "model__reg_lambda": 4.1007249177142775}, "datetime": {"datetime": "2021-03-24 07:26:22", "elapsed": 174.7764, "delta": 1.423144}}
{"target": -0.3357675899400551, "params": {"model__colsample_bylevel": 0.9585244960414696, "model__colsample_bynode": 0.8884981561935714, "model__colsample_bytree": 0.9892257345588369, "model__learning_rate": 0.2774730422530847, "model__max_depth": 4.836928821734841, "model__n_estimators": 29.555141273133998, "model__reg_lambda": 5.809710932732806}, "datetime": {"datetime": "2021-03-24 07:26:24", "elapsed": 176.405897, "delta": 1.629497}}
{"target": -0.35187269481189165, "params": {"model__colsample_bylevel": 0.4993398465277335, "model__colsample_bynode": 0.9389613068848366, "model__colsample_bytree": 0.9981541809537804, "model__learning_rate": 0.27703791231739383, "model__max_depth": 3.750235666370456, "model__n_estimators": 22.29128120442679, "model__reg_lambda": 6.2437587222226085}, "datetime": {"datetime": "2021-03-24 07:26:25", "elapsed": 177.788505, "delta": 1.382608}}
{"target": -0.35277088423313546, "params": {"model__colsample_bylevel": 0.7563199427412627, "model__colsample_bynode": 0.39625724853676014, "model__colsample_bytree": 0.9644780027714708, "model__learning_rate": 0.27921060187105634, "model__max_depth": 4.2521073144422825, "model__n_estimators": 22.579763091348234, "model__reg_lambda": 4.505326619145775}, "datetime": {"datetime": "2021-03-24 07:26:27", "elapsed": 179.43494, "delta": 1.646435}}
{"target": -0.3529034985593803, "params": {"model__colsample_bylevel": 1.0, "model__colsample_bynode": 0.3, "model__colsample_bytree": 1.0, "model__learning_rate": 0.3, "model__max_depth": 8.0, "model__n_estimators": 19.865709314672173, "model__reg_lambda": 10.0}, "datetime": {"datetime": "2021-03-24 07:26:28", "elapsed": 180.818269, "delta": 1.383329}}
{"target": -0.34109336011557995, "params": {"model__colsample_bylevel": 0.30000000229579005, "model__colsample_bynode": 0.6233604975777924, "model__colsample_bytree": 0.8690109871616062, "model__learning_rate": 0.29806579609604106, "model__max_depth": 4.504973940351066, "model__n_estimators": 25.88190780072074, "model__reg_lambda": 0.9855499707490524}, "datetime": {"datetime": "2021-03-24 07:26:30", "elapsed": 182.276392, "delta": 1.458123}}
{"target": -0.35941879195836035, "params": {"model__colsample_bylevel": 0.9279202809262894, "model__colsample_bynode": 0.31286859782897597, "model__colsample_bytree": 0.683969563980805, "model__learning_rate": 0.2808539703397849, "model__max_depth": 7.998667266131247, "model__n_estimators": 18.932070669568652, "model__reg_lambda": 1.774749332355916}, "datetime": {"datetime": "2021-03-24 07:26:31", "elapsed": 183.686706, "delta": 1.410314}}
{"target": -0.35723645437367096, "params": {"model__colsample_bylevel": 0.9504228180242944, "model__colsample_bynode": 0.43963734044628455, "model__colsample_bytree": 0.9982520789898668, "model__learning_rate": 0.2993703277737232, "model__max_depth": 5.655505230960143, "model__n_estimators": 18.984937342211758, "model__reg_lambda": 3.396643770846828}, "datetime": {"datetime": "2021-03-24 07:26:33", "elapsed": 185.205143, "delta": 1.518437}}
{"target": -0.3243871239687154, "params": {"model__colsample_bylevel": 0.4291311423345313, "model__colsample_bynode": 0.39912120688806485, "model__colsample_bytree": 0.967200265240894, "model__learning_rate": 0.2992829852423088, "model__max_depth": 5.775295338023179, "model__n_estimators": 16.889184393507442, "model__reg_lambda": 0.009968737088040802}, "datetime": {"datetime": "2021-03-24 07:26:34", "elapsed": 186.510435, "delta": 1.305292}}
{"target": -0.3303496412217509, "params": {"model__colsample_bylevel": 0.5990154214352157, "model__colsample_bynode": 0.9848783588315733, "model__colsample_bytree": 0.9305601380173789, "model__learning_rate": 0.2991283327306764, "model__max_depth": 2.7342981632000436, "model__n_estimators": 24.20026072550663, "model__reg_lambda": 4.377176028436784}, "datetime": {"datetime": "2021-03-24 07:26:35", "elapsed": 187.736483, "delta": 1.226048}}
{"target": -0.31629878056026406, "params": {"model__colsample_bylevel": 0.3520781517161178, "model__colsample_bynode": 0.35443905533927844, "model__colsample_bytree": 0.9051082696951718, "model__learning_rate": 0.2994438125009282, "model__max_depth": 7.5807009790174185, "model__n_estimators": 16.321834483857092, "model__reg_lambda": 0.20767013114096344}, "datetime": {"datetime": "2021-03-24 07:26:37", "elapsed": 189.019314, "delta": 1.282831}}
{"target": -0.34657606181799966, "params": {"model__colsample_bylevel": 0.48556783267292114, "model__colsample_bynode": 0.8895683316488143, "model__colsample_bytree": 0.9940497087542359, "model__learning_rate": 0.2662016965031756, "model__max_depth": 5.499029130234936, "model__n_estimators": 21.030340482623508, "model__reg_lambda": 0.8695147887643817}, "datetime": {"datetime": "2021-03-24 07:26:38", "elapsed": 190.329116, "delta": 1.309802}}
{"target": -0.3169921252790474, "params": {"model__colsample_bylevel": 0.3243291655651734, "model__colsample_bynode": 0.990221054833093, "model__colsample_bytree": 0.9225505184889007, "model__learning_rate": 0.29773168785247595, "model__max_depth": 4.15893562002966, "model__n_estimators": 24.647386542159268, "model__reg_lambda": 3.610623887847245}, "datetime": {"datetime": "2021-03-24 07:26:39", "elapsed": 191.732922, "delta": 1.403806}}
{"target": -0.3838301777239025, "params": {"model__colsample_bylevel": 0.3, "model__colsample_bynode": 0.3, "model__colsample_bytree": 1.0, "model__learning_rate": 0.3, "model__max_depth": 3.0290803049589763, "model__n_estimators": 15.311068882151282, "model__reg_lambda": 0.0}, "datetime": {"datetime": "2021-03-24 07:26:41", "elapsed": 193.25579, "delta": 1.522868}}
{"target": -0.35702949904202336, "params": {"model__colsample_bylevel": 0.3477641269699613, "model__colsample_bynode": 0.9037034092268279, "model__colsample_bytree": 0.9981688941178926, "model__learning_rate": 0.2692533541716609, "model__max_depth": 7.643622376466351, "model__n_estimators": 26.64966905978366, "model__reg_lambda": 9.982146131749742}, "datetime": {"datetime": "2021-03-24 07:26:43", "elapsed": 194.895746, "delta": 1.639956}}
{"target": -0.3213074987841959, "params": {"model__colsample_bylevel": 0.9638158018937995, "model__colsample_bynode": 0.9840885922226239, "model__colsample_bytree": 0.566794856199045, "model__learning_rate": 0.2983264984199477, "model__max_depth": 3.6691392524395314, "model__n_estimators": 29.99345193127318, "model__reg_lambda": 4.425789443436589}, "datetime": {"datetime": "2021-03-24 07:26:44", "elapsed": 196.294946, "delta": 1.3992}}
{"target": -0.34154938364610665, "params": {"model__colsample_bylevel": 0.9739087439523539, "model__colsample_bynode": 0.8517129640432379, "model__colsample_bytree": 0.3192877821343077, "model__learning_rate": 0.2894088091462535, "model__max_depth": 2.4565820583818434, "model__n_estimators": 28.308512656712487, "model__reg_lambda": 1.7743765300319414}, "datetime": {"datetime": "2021-03-24 07:26:46", "elapsed": 197.982872, "delta": 1.687926}}
{"target": -0.3581974123132186, "params": {"model__colsample_bylevel": 1.0, "model__colsample_bynode": 1.0, "model__colsample_bytree": 1.0, "model__learning_rate": 0.3, "model__max_depth": 8.0, "model__n_estimators": 19.009265961989374, "model__reg_lambda": 7.412155250908679}, "datetime": {"datetime": "2021-03-24 07:26:47", "elapsed": 199.487122, "delta": 1.50425}}
{"target": -0.3235629827577108, "params": {"model__colsample_bylevel": 1.0, "model__colsample_bynode": 0.3, "model__colsample_bytree": 0.9999999895670318, "model__learning_rate": 0.3, "model__max_depth": 5.65905008888319, "model__n_estimators": 29.18828268552188, "model__reg_lambda": 8.60760398406839}, "datetime": {"datetime": "2021-03-24 07:26:49", "elapsed": 201.052099, "delta": 1.564977}}
{"target": -0.34637481869751774, "params": {"model__colsample_bylevel": 0.3334171481722013, "model__colsample_bynode": 0.3064691859193599, "model__colsample_bytree": 0.7808471131778474, "model__learning_rate": 0.2954790396548932, "model__max_depth": 4.805665901992784, "model__n_estimators": 19.798890096932066, "model__reg_lambda": 1.6429471505024762}, "datetime": {"datetime": "2021-03-24 07:26:50", "elapsed": 202.384074, "delta": 1.331975}}
{"target": -0.34602297952599437, "params": {"model__colsample_bylevel": 0.9946169328199312, "model__colsample_bynode": 1.0, "model__colsample_bytree": 1.0, "model__learning_rate": 0.3, "model__max_depth": 2.396859133862484, "model__n_estimators": 30.0, "model__reg_lambda": 2.402535649589064}, "datetime": {"datetime": "2021-03-24 07:26:52", "elapsed": 204.087783, "delta": 1.703709}}
{"target": -0.33105136873578045, "params": {"model__colsample_bylevel": 0.9427200952501456, "model__colsample_bynode": 0.9728026451280083, "model__colsample_bytree": 0.9491180185179804, "model__learning_rate": 0.27789204627821723, "model__max_depth": 3.173573688630186, "model__n_estimators": 29.992231651072814, "model__reg_lambda": 0.2805027449965858}, "datetime": {"datetime": "2021-03-24 07:26:53", "elapsed": 205.60873, "delta": 1.520947}}
{"target": -0.3363594793476269, "params": {"model__colsample_bylevel": 0.9952958684920787, "model__colsample_bynode": 0.5809337002888357, "model__colsample_bytree": 0.997697791446803, "model__learning_rate": 0.2415099862150604, "model__max_depth": 7.370480422035704, "model__n_estimators": 29.910712657871457, "model__reg_lambda": 0.2713775255622741}, "datetime": {"datetime": "2021-03-24 07:26:55", "elapsed": 207.236754, "delta": 1.628024}}
{"target": -0.33625292504860926, "params": {"model__colsample_bylevel": 0.9457610044332145, "model__colsample_bynode": 0.47410220493106636, "model__colsample_bytree": 0.9509793961538453, "model__learning_rate": 0.2834619193612927, "model__max_depth": 6.175727374065635, "model__n_estimators": 20.965064648558606, "model__reg_lambda": 6.766573046452914}, "datetime": {"datetime": "2021-03-24 07:26:56", "elapsed": 208.82795, "delta": 1.591196}}
{"target": -0.32773560084996445, "params": {"model__colsample_bylevel": 0.3, "model__colsample_bynode": 0.9999999998527933, "model__colsample_bytree": 1.0, "model__learning_rate": 0.3, "model__max_depth": 8.0, "model__n_estimators": 29.999999999661593, "model__reg_lambda": 10.0}, "datetime": {"datetime": "2021-03-24 07:26:58", "elapsed": 210.399313, "delta": 1.571363}}
{"target": -0.32206104139154573, "params": {"model__colsample_bylevel": 0.44981490384695944, "model__colsample_bynode": 0.9877784459643151, "model__colsample_bytree": 0.8926159791000574, "model__learning_rate": 0.29234811383236403, "model__max_depth": 3.3554994253737567, "model__n_estimators": 18.439070396793756, "model__reg_lambda": 0.1356852639404882}, "datetime": {"datetime": "2021-03-24 07:27:00", "elapsed": 212.121875, "delta": 1.722562}}
{"target": -0.3254073267428042, "params": {"model__colsample_bylevel": 0.9477041776186512, "model__colsample_bynode": 0.9905822646220064, "model__colsample_bytree": 0.920108897317534, "model__learning_rate": 0.28658878837564344, "model__max_depth": 5.135788391839101, "model__n_estimators": 28.89891962077529, "model__reg_lambda": 4.210962238953443}, "datetime": {"datetime": "2021-03-24 07:27:01", "elapsed": 213.783616, "delta": 1.661741}}
{"target": -0.3296429622331229, "params": {"model__colsample_bylevel": 0.988400901652251, "model__colsample_bynode": 0.9202098455141028, "model__colsample_bytree": 0.9539190508980799, "model__learning_rate": 0.2953443076218881, "model__max_depth": 3.5555921129372408, "model__n_estimators": 26.627632097112762, "model__reg_lambda": 8.867832833950416}, "datetime": {"datetime": "2021-03-24 07:27:03", "elapsed": 215.252203, "delta": 1.468587}}
{"target": -0.35033434409651554, "params": {"model__colsample_bylevel": 0.8812263165798271, "model__colsample_bynode": 0.9323253390759687, "model__colsample_bytree": 0.7073926783196807, "model__learning_rate": 0.29978437765216814, "model__max_depth": 3.4788883264141255, "model__n_estimators": 15.057689828102134, "model__reg_lambda": 1.7819087253862442}, "datetime": {"datetime": "2021-03-24 07:27:04", "elapsed": 216.815836, "delta": 1.563633}}
{"target": -0.36365106318996326, "params": {"model__colsample_bylevel": 0.9385961817124673, "model__colsample_bynode": 0.6400235309061078, "model__colsample_bytree": 0.6360161355856859, "model__learning_rate": 0.2976110366004592, "model__max_depth": 2.0757859246787174, "model__n_estimators": 28.168587881893423, "model__reg_lambda": 8.03601056856164}, "datetime": {"datetime": "2021-03-24 07:27:06", "elapsed": 218.283658, "delta": 1.467822}}
{"target": -0.35272901398332224, "params": {"model__colsample_bylevel": 0.30102071116154905, "model__colsample_bynode": 1.0, "model__colsample_bytree": 1.0, "model__learning_rate": 0.3, "model__max_depth": 7.119480104041623, "model__n_estimators": 20.681855195284648, "model__reg_lambda": 6.6489944836743495}, "datetime": {"datetime": "2021-03-24 07:27:08", "elapsed": 219.89007, "delta": 1.606412}}
{"target": -0.3492425641166451, "params": {"model__colsample_bylevel": 1.0, "model__colsample_bynode": 0.3, "model__colsample_bytree": 1.0, "model__learning_rate": 0.3, "model__max_depth": 3.3738356966030434, "model__n_estimators": 27.605389156418326, "model__reg_lambda": 9.842673994828484}, "datetime": {"datetime": "2021-03-24 07:27:09", "elapsed": 221.514515, "delta": 1.624445}}
{"target": -0.3568509355666575, "params": {"model__colsample_bylevel": 0.8753279063298895, "model__colsample_bynode": 0.9784374705976069, "model__colsample_bytree": 0.34264326007363544, "model__learning_rate": 0.2877152558764998, "model__max_depth": 2.7609463115670376, "model__n_estimators": 25.48947271802907, "model__reg_lambda": 7.200279141901502}, "datetime": {"datetime": "2021-03-24 07:27:11", "elapsed": 223.094174, "delta": 1.579659}}
{"target": -0.33461703072518, "params": {"model__colsample_bylevel": 0.5997795140899775, "model__colsample_bynode": 0.9278827265150551, "model__colsample_bytree": 0.8460911670846492, "model__learning_rate": 0.29581167489895405, "model__max_depth": 4.430977065309017, "model__n_estimators": 27.604403351684475, "model__reg_lambda": 8.560410963044397}, "datetime": {"datetime": "2021-03-24 07:27:12", "elapsed": 224.457813, "delta": 1.363639}}
{"target": -0.3246077497935166, "params": {"model__colsample_bylevel": 0.368405879377673, "model__colsample_bynode": 0.9867780687761956, "model__colsample_bytree": 0.9694183901774593, "model__learning_rate": 0.21508782118708897, "model__max_depth": 7.647911258478365, "model__n_estimators": 19.822026042390597, "model__reg_lambda": 2.419424349827316}, "datetime": {"datetime": "2021-03-24 07:27:14", "elapsed": 226.321634, "delta": 1.863821}}
{"target": -0.33128344032388735, "params": {"model__colsample_bylevel": 0.3956074162365217, "model__colsample_bynode": 0.9554572293949144, "model__colsample_bytree": 0.9993978579767109, "model__learning_rate": 0.29707970444042286, "model__max_depth": 3.209397933880647, "model__n_estimators": 26.30696844350257, "model__reg_lambda": 3.0703162510771733}, "datetime": {"datetime": "2021-03-24 07:27:16", "elapsed": 228.131535, "delta": 1.809901}}
{"target": -0.3606446550804717, "params": {"model__colsample_bylevel": 0.8741750213520572, "model__colsample_bynode": 0.9825224241975394, "model__colsample_bytree": 0.9175789901670677, "model__learning_rate": 0.2992963599740134, "model__max_depth": 7.963055841891481, "model__n_estimators": 20.999972148318356, "model__reg_lambda": 3.792304983157533}, "datetime": {"datetime": "2021-03-24 07:27:18", "elapsed": 229.930727, "delta": 1.799192}}
{"target": -0.3741485431101983, "params": {"model__colsample_bylevel": 0.7804613400020037, "model__colsample_bynode": 0.30559287902007376, "model__colsample_bytree": 0.9561397898200334, "model__learning_rate": 0.10534710965530013, "model__max_depth": 6.933199037096569, "model__n_estimators": 18.817315764211024, "model__reg_lambda": 0.778920030486302}, "datetime": {"datetime": "2021-03-24 07:27:19", "elapsed": 231.440646, "delta": 1.509919}}
{"target": -0.3387894466796053, "params": {"model__colsample_bylevel": 0.3, "model__colsample_bynode": 1.0, "model__colsample_bytree": 0.3, "model__learning_rate": 0.29999999979630343, "model__max_depth": 8.0, "model__n_estimators": 29.99999998472276, "model__reg_lambda": 4.842474254265004}, "datetime": {"datetime": "2021-03-24 07:27:21", "elapsed": 233.258494, "delta": 1.817848}}
