{"target": -0.3512538020762251, "params": {"model__colsample_bylevel": 0.4884525291969753, "model__colsample_bynode": 0.31980089965965297, "model__colsample_bytree": 0.980755267171108, "model__learning_rate": 0.23439702615137264, "model__max_depth": 6.0, "model__n_estimators": 30.0, "model__reg_lambda": 0.0585324600436421}, "datetime": {"datetime": "2021-03-24 07:13:54", "elapsed": 3.086747, "delta": 0.000366}}
{"target": -0.3512538020762251, "params": {"model__colsample_bylevel": 0.4884525291969753, "model__colsample_bynode": 0.31980089965965297, "model__colsample_bytree": 0.980755267171108, "model__learning_rate": 0.23439702615137264, "model__max_depth": 6.0, "model__n_estimators": 30.0, "model__reg_lambda": 0.0585324600436421}, "datetime": {"datetime": "2021-03-24 07:13:54", "elapsed": 3.086984, "delta": 0.000237}}
{"target": -0.3512538020762251, "params": {"model__colsample_bylevel": 0.4884525291969753, "model__colsample_bynode": 0.31980089965965297, "model__colsample_bytree": 0.980755267171108, "model__learning_rate": 0.23439702615137264, "model__max_depth": 6.0, "model__n_estimators": 30.0, "model__reg_lambda": 0.0585324600436421}, "datetime": {"datetime": "2021-03-24 07:13:54", "elapsed": 3.087213, "delta": 0.000229}}
{"target": -0.3512538020762251, "params": {"model__colsample_bylevel": 0.4884525291969753, "model__colsample_bynode": 0.31980089965965297, "model__colsample_bytree": 0.980755267171108, "model__learning_rate": 0.23439702615137264, "model__max_depth": 6.0, "model__n_estimators": 30.0, "model__reg_lambda": 0.0585324600436421}, "datetime": {"datetime": "2021-03-24 07:13:54", "elapsed": 3.087431, "delta": 0.000218}}
{"target": -0.3512538020762251, "params": {"model__colsample_bylevel": 0.4884525291969753, "model__colsample_bynode": 0.31980089965965297, "model__colsample_bytree": 0.980755267171108, "model__learning_rate": 0.23439702615137264, "model__max_depth": 6.0, "model__n_estimators": 30.0, "model__reg_lambda": 0.0585324600436421}, "datetime": {"datetime": "2021-03-24 07:13:54", "elapsed": 3.087659, "delta": 0.000228}}
{"target": -0.3593544049683682, "params": {"model__colsample_bylevel": 1.0, "model__colsample_bynode": 1.0, "model__colsample_bytree": 0.3, "model__learning_rate": 0.3, "model__max_depth": 4.0, "model__n_estimators": 19.0, "model__reg_lambda": 0.318204857236932}, "datetime": {"datetime": "2021-03-24 07:13:54", "elapsed": 3.176312, "delta": 0.088653}}
{"target": -0.32388194679026155, "params": {"model__colsample_bylevel": 0.9863866447374559, "model__colsample_bynode": 0.3036539309395714, "model__colsample_bytree": 0.8436197081882266, "model__learning_rate": 0.21937190210074342, "model__max_depth": 8.0, "model__n_estimators": 30.0, "model__reg_lambda": 0.060681681592996695}, "datetime": {"datetime": "2021-03-24 07:13:54", "elapsed": 3.284999, "delta": 0.108687}}
{"target": -0.32388194679026155, "params": {"model__colsample_bylevel": 0.9863866447374559, "model__colsample_bynode": 0.3036539309395714, "model__colsample_bytree": 0.8436197081882266, "model__learning_rate": 0.21937190210074342, "model__max_depth": 8.0, "model__n_estimators": 30.0, "model__reg_lambda": 0.060681681592996695}, "datetime": {"datetime": "2021-03-24 07:13:54", "elapsed": 3.285377, "delta": 0.000378}}
{"target": -0.333185018190694, "params": {"model__colsample_bylevel": 0.3747575169134865, "model__colsample_bynode": 0.9479460713739047, "model__colsample_bytree": 0.9431277513130145, "model__learning_rate": 0.2853523854162271, "model__max_depth": 4.0, "model__n_estimators": 24.0, "model__reg_lambda": 0.01696133270636002}, "datetime": {"datetime": "2021-03-24 07:13:55", "elapsed": 3.374906, "delta": 0.089529}}
{"target": -0.3176710924407825, "params": {"model__colsample_bylevel": 0.35169145946031455, "model__colsample_bynode": 0.9286130522956784, "model__colsample_bytree": 0.9835951082831629, "model__learning_rate": 0.2987984725827035, "model__max_depth": 3.0, "model__n_estimators": 28.0, "model__reg_lambda": 0.296879697057687}, "datetime": {"datetime": "2021-03-24 07:13:55", "elapsed": 3.473922, "delta": 0.099016}}
{"target": -0.3205876529700143, "params": {"model__colsample_bylevel": 1.0, "model__colsample_bynode": 1.0, "model__colsample_bytree": 0.3, "model__learning_rate": 0.3, "model__max_depth": 2.0, "model__n_estimators": 30.0, "model__reg_lambda": 0.0}, "datetime": {"datetime": "2021-03-24 07:13:55", "elapsed": 3.553972, "delta": 0.08005}}
{"target": -0.3205876529700143, "params": {"model__colsample_bylevel": 1.0, "model__colsample_bynode": 1.0, "model__colsample_bytree": 0.3, "model__learning_rate": 0.3, "model__max_depth": 2.0, "model__n_estimators": 30.0, "model__reg_lambda": 0.0}, "datetime": {"datetime": "2021-03-24 07:13:55", "elapsed": 3.55433, "delta": 0.000358}}
{"target": -0.3205876529700143, "params": {"model__colsample_bylevel": 1.0, "model__colsample_bynode": 1.0, "model__colsample_bytree": 0.3, "model__learning_rate": 0.3, "model__max_depth": 2.0, "model__n_estimators": 30.0, "model__reg_lambda": 0.0}, "datetime": {"datetime": "2021-03-24 07:13:55", "elapsed": 3.554594, "delta": 0.000264}}
{"target": -0.3205876529700143, "params": {"model__colsample_bylevel": 1.0, "model__colsample_bynode": 1.0, "model__colsample_bytree": 0.3, "model__learning_rate": 0.3, "model__max_depth": 2.0, "model__n_estimators": 30.0, "model__reg_lambda": 0.0}, "datetime": {"datetime": "2021-03-24 07:13:55", "elapsed": 3.554845, "delta": 0.000251}}
{"target": -0.36022041782688696, "params": {"model__colsample_bylevel": 0.7935815315814578, "model__colsample_bynode": 0.4412981046716803, "model__colsample_bytree": 0.9389353526613848, "model__learning_rate": 0.2860946097441848, "model__max_depth": 4.0, "model__n_estimators": 23.0, "model__reg_lambda": 0.2058529453048119}, "datetime": {"datetime": "2021-03-24 07:13:55", "elapsed": 3.643559, "delta": 0.088714}}
{"target": -0.36022041782688696, "params": {"model__colsample_bylevel": 0.7935815315814578, "model__colsample_bynode": 0.4412981046716803, "model__colsample_bytree": 0.9389353526613848, "model__learning_rate": 0.2860946097441848, "model__max_depth": 4.0, "model__n_estimators": 23.0, "model__reg_lambda": 0.2058529453048119}, "datetime": {"datetime": "2021-03-24 07:13:55", "elapsed": 3.643927, "delta": 0.000368}}
{"target": -0.36022041782688696, "params": {"model__colsample_bylevel": 0.7935815315814578, "model__colsample_bynode": 0.4412981046716803, "model__colsample_bytree": 0.9389353526613848, "model__learning_rate": 0.2860946097441848, "model__max_depth": 4.0, "model__n_estimators": 23.0, "model__reg_lambda": 0.2058529453048119}, "datetime": {"datetime": "2021-03-24 07:13:55", "elapsed": 3.644174, "delta": 0.000247}}
{"target": -0.36081537312205436, "params": {"model__colsample_bylevel": 0.8877692221146174, "model__colsample_bynode": 0.4757891156405968, "model__colsample_bytree": 0.9597975498812856, "model__learning_rate": 0.2942101393345069, "model__max_depth": 6.0, "model__n_estimators": 29.0, "model__reg_lambda": 1.0204062619693055}, "datetime": {"datetime": "2021-03-24 07:13:55", "elapsed": 3.764397, "delta": 0.120223}}
{"target": -0.36081537312205436, "params": {"model__colsample_bylevel": 0.8877692221146174, "model__colsample_bynode": 0.4757891156405968, "model__colsample_bytree": 0.9597975498812856, "model__learning_rate": 0.2942101393345069, "model__max_depth": 6.0, "model__n_estimators": 29.0, "model__reg_lambda": 1.0204062619693055}, "datetime": {"datetime": "2021-03-24 07:13:55", "elapsed": 3.764782, "delta": 0.000385}}
{"target": -0.3685737208837805, "params": {"model__colsample_bylevel": 1.0, "model__colsample_bynode": 1.0, "model__colsample_bytree": 0.3, "model__learning_rate": 0.3, "model__max_depth": 6.0, "model__n_estimators": 17.0, "model__reg_lambda": 0.0}, "datetime": {"datetime": "2021-03-24 07:13:55", "elapsed": 3.84376, "delta": 0.078978}}
{"target": -0.3685737208837805, "params": {"model__colsample_bylevel": 1.0, "model__colsample_bynode": 1.0, "model__colsample_bytree": 0.3, "model__learning_rate": 0.3, "model__max_depth": 6.0, "model__n_estimators": 17.0, "model__reg_lambda": 0.0}, "datetime": {"datetime": "2021-03-24 07:13:55", "elapsed": 3.844142, "delta": 0.000382}}
{"target": -0.3180510940951417, "params": {"model__colsample_bylevel": 0.45102308882398734, "model__colsample_bynode": 0.31060792977636337, "model__colsample_bytree": 0.9790978505260848, "model__learning_rate": 0.29871396209558154, "model__max_depth": 3.0, "model__n_estimators": 28.0, "model__reg_lambda": 2.0394290403333626}, "datetime": {"datetime": "2021-03-24 07:13:55", "elapsed": 3.929395, "delta": 0.085253}}
{"target": -0.3180510940951417, "params": {"model__colsample_bylevel": 0.45102308882398734, "model__colsample_bynode": 0.31060792977636337, "model__colsample_bytree": 0.9790978505260848, "model__learning_rate": 0.29871396209558154, "model__max_depth": 3.0, "model__n_estimators": 28.0, "model__reg_lambda": 2.0394290403333626}, "datetime": {"datetime": "2021-03-24 07:13:55", "elapsed": 3.92979, "delta": 0.000395}}
{"target": -0.3444552008504642, "params": {"model__colsample_bylevel": 0.8439197015064559, "model__colsample_bynode": 0.39129964877222, "model__colsample_bytree": 0.9952632567476658, "model__learning_rate": 0.2976816432728172, "model__max_depth": 8.0, "model__n_estimators": 24.0, "model__reg_lambda": 0.292936890039176}, "datetime": {"datetime": "2021-03-24 07:13:55", "elapsed": 4.025333, "delta": 0.095543}}
{"target": -0.3444552008504642, "params": {"model__colsample_bylevel": 0.8439197015064559, "model__colsample_bynode": 0.39129964877222, "model__colsample_bytree": 0.9952632567476658, "model__learning_rate": 0.2976816432728172, "model__max_depth": 8.0, "model__n_estimators": 24.0, "model__reg_lambda": 0.292936890039176}, "datetime": {"datetime": "2021-03-24 07:13:55", "elapsed": 4.025736, "delta": 0.000403}}
{"target": -0.30340333437349687, "params": {"model__colsample_bylevel": 0.9962133504999264, "model__colsample_bynode": 0.9826091851993903, "model__colsample_bytree": 0.5282500943121311, "model__learning_rate": 0.29021999747645855, "model__max_depth": 3.0, "model__n_estimators": 23.0, "model__reg_lambda": 0.10693130307365406}, "datetime": {"datetime": "2021-03-24 07:13:55", "elapsed": 4.127497, "delta": 0.101761}}
{"target": -0.30340333437349687, "params": {"model__colsample_bylevel": 0.9962133504999264, "model__colsample_bynode": 0.9826091851993903, "model__colsample_bytree": 0.5282500943121311, "model__learning_rate": 0.29021999747645855, "model__max_depth": 3.0, "model__n_estimators": 23.0, "model__reg_lambda": 0.10693130307365406}, "datetime": {"datetime": "2021-03-24 07:13:55", "elapsed": 4.127926, "delta": 0.000429}}
{"target": -0.30340333437349687, "params": {"model__colsample_bylevel": 0.9962133504999264, "model__colsample_bynode": 0.9826091851993903, "model__colsample_bytree": 0.5282500943121311, "model__learning_rate": 0.29021999747645855, "model__max_depth": 3.0, "model__n_estimators": 23.0, "model__reg_lambda": 0.10693130307365406}, "datetime": {"datetime": "2021-03-24 07:13:55", "elapsed": 4.128238, "delta": 0.000312}}
{"target": -0.3236843361140084, "params": {"model__colsample_bylevel": 0.8617383570373642, "model__colsample_bynode": 0.39757888068825264, "model__colsample_bytree": 0.343977855560185, "model__learning_rate": 0.2947890705848357, "model__max_depth": 3.0, "model__n_estimators": 25.0, "model__reg_lambda": 0.04561150751861032}, "datetime": {"datetime": "2021-03-24 07:13:55", "elapsed": 4.199561, "delta": 0.071323}}
{"target": -0.3185278283836206, "params": {"model__colsample_bylevel": 0.43916442392872107, "model__colsample_bynode": 0.975379883116676, "model__colsample_bytree": 0.8260635515477359, "model__learning_rate": 0.29895543196205443, "model__max_depth": 4.0, "model__n_estimators": 24.0, "model__reg_lambda": 1.3379216727290366}, "datetime": {"datetime": "2021-03-24 07:13:56", "elapsed": 4.292062, "delta": 0.092501}}
{"target": -0.30875585739723527, "params": {"model__colsample_bylevel": 0.9200821231031391, "model__colsample_bynode": 0.35616344543935075, "model__colsample_bytree": 0.8625120529528605, "model__learning_rate": 0.23669407037870885, "model__max_depth": 5.0, "model__n_estimators": 25.0, "model__reg_lambda": 2.826662622956666}, "datetime": {"datetime": "2021-03-24 07:13:56", "elapsed": 4.394879, "delta": 0.102817}}
{"target": -0.30875585739723527, "params": {"model__colsample_bylevel": 0.9200821231031391, "model__colsample_bynode": 0.35616344543935075, "model__colsample_bytree": 0.8625120529528605, "model__learning_rate": 0.23669407037870885, "model__max_depth": 5.0, "model__n_estimators": 25.0, "model__reg_lambda": 2.826662622956666}, "datetime": {"datetime": "2021-03-24 07:13:56", "elapsed": 4.395263, "delta": 0.000384}}
{"target": -0.30875585739723527, "params": {"model__colsample_bylevel": 0.9200821231031391, "model__colsample_bynode": 0.35616344543935075, "model__colsample_bytree": 0.8625120529528605, "model__learning_rate": 0.23669407037870885, "model__max_depth": 5.0, "model__n_estimators": 25.0, "model__reg_lambda": 2.826662622956666}, "datetime": {"datetime": "2021-03-24 07:13:56", "elapsed": 4.395532, "delta": 0.000269}}
{"target": -0.301639497224697, "params": {"model__colsample_bylevel": 0.8539852255783891, "model__colsample_bynode": 0.9943718521845815, "model__colsample_bytree": 0.910841780551815, "model__learning_rate": 0.25494085308239567, "model__max_depth": 2.0, "model__n_estimators": 29.0, "model__reg_lambda": 0.13009971202335713}, "datetime": {"datetime": "2021-03-24 07:13:56", "elapsed": 4.517202, "delta": 0.12167}}
{"target": -0.3037625621582898, "params": {"model__colsample_bylevel": 0.6571842183803359, "model__colsample_bynode": 0.6839407849675303, "model__colsample_bytree": 0.9068883432417858, "model__learning_rate": 0.2920790852458208, "model__max_depth": 3.0, "model__n_estimators": 25.0, "model__reg_lambda": 0.00965499740896103}, "datetime": {"datetime": "2021-03-24 07:13:56", "elapsed": 4.60821, "delta": 0.091008}}
{"target": -0.3037625621582898, "params": {"model__colsample_bylevel": 0.6571842183803359, "model__colsample_bynode": 0.6839407849675303, "model__colsample_bytree": 0.9068883432417858, "model__learning_rate": 0.2920790852458208, "model__max_depth": 3.0, "model__n_estimators": 25.0, "model__reg_lambda": 0.00965499740896103}, "datetime": {"datetime": "2021-03-24 07:13:56", "elapsed": 4.608645, "delta": 0.000435}}
{"target": -0.3037625621582898, "params": {"model__colsample_bylevel": 0.6571842183803359, "model__colsample_bynode": 0.6839407849675303, "model__colsample_bytree": 0.9068883432417858, "model__learning_rate": 0.2920790852458208, "model__max_depth": 3.0, "model__n_estimators": 25.0, "model__reg_lambda": 0.00965499740896103}, "datetime": {"datetime": "2021-03-24 07:13:56", "elapsed": 4.608979, "delta": 0.000334}}
{"target": -0.3037625621582898, "params": {"model__colsample_bylevel": 0.6571842183803359, "model__colsample_bynode": 0.6839407849675303, "model__colsample_bytree": 0.9068883432417858, "model__learning_rate": 0.2920790852458208, "model__max_depth": 3.0, "model__n_estimators": 25.0, "model__reg_lambda": 0.00965499740896103}, "datetime": {"datetime": "2021-03-24 07:13:56", "elapsed": 4.609282, "delta": 0.000303}}
{"target": -0.450673659912486, "params": {"model__colsample_bylevel": 0.30726190771998996, "model__colsample_bynode": 0.651312214504117, "model__colsample_bytree": 0.6470413051939022, "model__learning_rate": 0.12676590579185532, "model__max_depth": 2.8526665127272315, "model__n_estimators": 18.278380134391174, "model__reg_lambda": 4.185081805104525}, "datetime": {"datetime": "2021-03-24 07:13:56", "elapsed": 4.67923, "delta": 0.069948}}
{"target": -0.3343895113659159, "params": {"model__colsample_bylevel": 0.4736708178894914, "model__colsample_bynode": 0.35884175581574507, "model__colsample_bytree": 0.54184904803528, "model__learning_rate": 0.1333552693064643, "model__max_depth": 7.271354513195954, "model__n_estimators": 29.26446047440075, "model__reg_lambda": 0.38748375832319826}, "datetime": {"datetime": "2021-03-24 07:13:56", "elapsed": 4.774421, "delta": 0.095191}}
{"target": -0.3437120198255297, "params": {"model__colsample_bylevel": 0.7893751739791326, "model__colsample_bynode": 0.7009318708985864, "model__colsample_bytree": 0.9286049827576046, "model__learning_rate": 0.23337979458392732, "model__max_depth": 5.28702669827889, "model__n_estimators": 25.53641136102083, "model__reg_lambda": 3.864771696146654}, "datetime": {"datetime": "2021-03-24 07:13:56", "elapsed": 4.895887, "delta": 0.121466}}
{"target": -0.3634234277138392, "params": {"model__colsample_bylevel": 0.7861070744351207, "model__colsample_bynode": 0.8774093251503836, "model__colsample_bytree": 0.6259679327570861, "model__learning_rate": 0.28810488190533123, "model__max_depth": 6.822438620073907, "model__n_estimators": 29.75038872336499, "model__reg_lambda": 1.696362575837671}, "datetime": {"datetime": "2021-03-24 07:13:56", "elapsed": 5.018437, "delta": 0.12255}}
{"target": -0.3257971039848348, "params": {"model__colsample_bylevel": 0.6647592980218581, "model__colsample_bynode": 0.9618621918833685, "model__colsample_bytree": 0.7546783242123333, "model__learning_rate": 0.2721663846451393, "model__max_depth": 7.825076072541351, "model__n_estimators": 17.78312530401691, "model__reg_lambda": 2.431156753134085}, "datetime": {"datetime": "2021-03-24 07:13:56", "elapsed": 5.122095, "delta": 0.103658}}
{"target": -0.35347311323765074, "params": {"model__colsample_bylevel": 0.9113805901707872, "model__colsample_bynode": 0.9343940938464552, "model__colsample_bytree": 0.8307945907576542, "model__learning_rate": 0.16938039075510394, "model__max_depth": 4.781208283904345, "model__n_estimators": 24.15806611272194, "model__reg_lambda": 4.96281717671187}, "datetime": {"datetime": "2021-03-24 07:13:56", "elapsed": 5.269065, "delta": 0.14697}}
{"target": -0.4098680415825135, "params": {"model__colsample_bylevel": 0.6345818094768427, "model__colsample_bynode": 0.604888825336442, "model__colsample_bytree": 0.9092858074985717, "model__learning_rate": 0.1374717294122843, "model__max_depth": 6.126044559156051, "model__n_estimators": 25.552937607020823, "model__reg_lambda": 9.252000772711074}, "datetime": {"datetime": "2021-03-24 07:13:57", "elapsed": 5.3804, "delta": 0.111335}}
{"target": -0.41572235800136903, "params": {"model__colsample_bylevel": 0.32761837237198693, "model__colsample_bynode": 0.7529816994815779, "model__colsample_bytree": 0.7466377893021694, "model__learning_rate": 0.19233953249413938, "model__max_depth": 2.318356546912358, "model__n_estimators": 15.578563847435374, "model__reg_lambda": 1.6953141420787687}, "datetime": {"datetime": "2021-03-24 07:13:57", "elapsed": 5.45203, "delta": 0.07163}}
{"target": -0.3972504894762044, "params": {"model__colsample_bylevel": 0.8561835208849775, "model__colsample_bynode": 0.4138242325920566, "model__colsample_bytree": 0.3971170898456863, "model__learning_rate": 0.17058339064653638, "model__max_depth": 4.906990730916813, "model__n_estimators": 25.466045776856664, "model__reg_lambda": 8.011564316956859}, "datetime": {"datetime": "2021-03-24 07:13:57", "elapsed": 5.530361, "delta": 0.078331}}
{"target": -0.4285915382192943, "params": {"model__colsample_bylevel": 0.4867420639503589, "model__colsample_bynode": 0.936633346480775, "model__colsample_bytree": 0.3160068649787738, "model__learning_rate": 0.17502455249915477, "model__max_depth": 3.1977999718893484, "model__n_estimators": 20.142078437421155, "model__reg_lambda": 4.441122950440465}, "datetime": {"datetime": "2021-03-24 07:13:57", "elapsed": 5.608931, "delta": 0.07857}}
{"target": -0.367677929321223, "params": {"model__colsample_bylevel": 0.6486977272532548, "model__colsample_bynode": 0.5900424273597351, "model__colsample_bytree": 0.4499791740194562, "model__learning_rate": 0.14332794254537243, "model__max_depth": 3.3938427634789914, "model__n_estimators": 25.93628430939619, "model__reg_lambda": 4.159186670147922}, "datetime": {"datetime": "2021-03-24 07:13:57", "elapsed": 5.689422, "delta": 0.080491}}
{"target": -0.3696135821347327, "params": {"model__colsample_bylevel": 0.7087287246096596, "model__colsample_bynode": 0.6460356235928947, "model__colsample_bytree": 0.6010327699478305, "model__learning_rate": 0.24695316340723392, "model__max_depth": 5.337298920821893, "model__n_estimators": 19.539459624900097, "model__reg_lambda": 9.70798194813456}, "datetime": {"datetime": "2021-03-24 07:13:57", "elapsed": 5.779849, "delta": 0.090427}}
{"target": -0.4162376139299485, "params": {"model__colsample_bylevel": 0.4573898284863129, "model__colsample_bynode": 0.39713840986827087, "model__colsample_bytree": 0.730452732753553, "model__learning_rate": 0.19838578785694924, "model__max_depth": 3.0989164019193227, "model__n_estimators": 16.639657727470496, "model__reg_lambda": 5.395755249234239}, "datetime": {"datetime": "2021-03-24 07:13:57", "elapsed": 5.846978, "delta": 0.067129}}
{"target": -0.35201700915872675, "params": {"model__colsample_bylevel": 0.5025094970837707, "model__colsample_bynode": 0.37213783629228636, "model__colsample_bytree": 0.6434210837220209, "model__learning_rate": 0.22641833694649102, "model__max_depth": 2.227815301561689, "model__n_estimators": 22.50161880662639, "model__reg_lambda": 0.835434299294453}, "datetime": {"datetime": "2021-03-24 07:13:57", "elapsed": 5.914448, "delta": 0.06747}}
{"target": -0.3758653862077905, "params": {"model__colsample_bylevel": 0.8539227643210632, "model__colsample_bynode": 0.8306252174459399, "model__colsample_bytree": 0.4835912545620663, "model__learning_rate": 0.12017171820904433, "model__max_depth": 7.503156236962601, "model__n_estimators": 22.761903626532458, "model__reg_lambda": 1.3353967592343363}, "datetime": {"datetime": "2021-03-24 07:13:57", "elapsed": 6.021764, "delta": 0.107316}}
