{"target": -0.3852659829377629, "params": {"model__colsample_bylevel": 0.3, "model__colsample_bynode": 1.0, "model__colsample_bytree": 1.0, "model__learning_rate": 0.3, "model__max_depth": 8.0, "model__n_estimators": 15.0, "model__reg_lambda": 0.0}, "datetime": {"datetime": "2021-03-24 07:14:19", "elapsed": 27.569037, "delta": 1.06589}}
{"target": -0.4067311929997758, "params": {"model__colsample_bylevel": 0.41489122706050374, "model__colsample_bynode": 0.8240157345019774, "model__colsample_bytree": 0.8736008917183062, "model__learning_rate": 0.26900092513740553, "model__max_depth": 4.2788017415011455, "model__n_estimators": 15.373184731211582, "model__reg_lambda": 9.993059059242656}, "datetime": {"datetime": "2021-03-24 07:14:20", "elapsed": 28.53698, "delta": 0.967943}}
{"target": -0.3308995088015724, "params": {"model__colsample_bylevel": 0.9747137865836191, "model__colsample_bynode": 1.0, "model__colsample_bytree": 1.0, "model__learning_rate": 0.3, "model__max_depth": 7.947802261399801, "model__n_estimators": 26.489593918386586, "model__reg_lambda": 8.837870613772816}, "datetime": {"datetime": "2021-03-24 07:14:21", "elapsed": 29.458999, "delta": 0.922019}}
{"target": -0.33333549755422964, "params": {"model__colsample_bylevel": 1.0, "model__colsample_bynode": 1.0, "model__colsample_bytree": 1.0, "model__learning_rate": 0.3, "model__max_depth": 3.651909583633706, "model__n_estimators": 28.018739003625928, "model__reg_lambda": 10.0}, "datetime": {"datetime": "2021-03-24 07:14:22", "elapsed": 30.697004, "delta": 1.238005}}
{"target": -0.34069169588231796, "params": {"model__colsample_bylevel": 1.0, "model__colsample_bynode": 1.0, "model__colsample_bytree": 1.0, "model__learning_rate": 0.3, "model__max_depth": 3.747175229806927, "model__n_estimators": 22.75370685267945, "model__reg_lambda": 9.999999999872134}, "datetime": {"datetime": "2021-03-24 07:14:23", "elapsed": 31.866783, "delta": 1.169779}}
{"target": -0.35696696059384375, "params": {"model__colsample_bylevel": 1.0, "model__colsample_bynode": 0.9879807313299437, "model__colsample_bytree": 1.0, "model__learning_rate": 0.2791920903227211, "model__max_depth": 7.999999998596627, "model__n_estimators": 28.06688377406762, "model__reg_lambda": 0.0}, "datetime": {"datetime": "2021-03-24 07:14:24", "elapsed": 33.108933, "delta": 1.24215}}
{"target": -0.34634227156166686, "params": {"model__colsample_bylevel": 0.4191893405023068, "model__colsample_bynode": 0.9463116172803614, "model__colsample_bytree": 0.3167206303625337, "model__learning_rate": 0.2996612317776543, "model__max_depth": 5.323911163819571, "model__n_estimators": 28.843382076726986, "model__reg_lambda": 9.839264612967787}, "datetime": {"datetime": "2021-03-24 07:14:26", "elapsed": 34.585441, "delta": 1.476508}}
{"target": -0.3259540118034119, "params": {"model__colsample_bylevel": 0.9403892270924418, "model__colsample_bynode": 0.8168710526564976, "model__colsample_bytree": 1.0, "model__learning_rate": 0.3, "model__max_depth": 4.2819244479082865, "model__n_estimators": 15.0, "model__reg_lambda": 4.8710970795740485}, "datetime": {"datetime": "2021-03-24 07:14:27", "elapsed": 35.864386, "delta": 1.278945}}
{"target": -0.35786025477708255, "params": {"model__colsample_bylevel": 0.33245372924779604, "model__colsample_bynode": 0.37840283735114705, "model__colsample_bytree": 0.9055609604409067, "model__learning_rate": 0.2971855591829021, "model__max_depth": 5.007427558885219, "model__n_estimators": 21.829700359751875, "model__reg_lambda": 4.724760210119619}, "datetime": {"datetime": "2021-03-24 07:14:28", "elapsed": 37.095261, "delta": 1.230875}}
{"target": -0.3630854438325606, "params": {"model__colsample_bylevel": 0.32715768760911534, "model__colsample_bynode": 0.936522297199905, "model__colsample_bytree": 0.9947315301944344, "model__learning_rate": 0.23512829000318605, "model__max_depth": 2.034118639474145, "model__n_estimators": 26.29998993289679, "model__reg_lambda": 6.45476167313738}, "datetime": {"datetime": "2021-03-24 07:14:29", "elapsed": 38.26917, "delta": 1.173909}}
{"target": -0.3345745901671656, "params": {"model__colsample_bylevel": 0.7760783443817167, "model__colsample_bynode": 0.6862981709680416, "model__colsample_bytree": 0.9842283152449982, "model__learning_rate": 0.27983258455643645, "model__max_depth": 7.999320063284458, "model__n_estimators": 19.015942630100202, "model__reg_lambda": 4.367578027633392}, "datetime": {"datetime": "2021-03-24 07:14:31", "elapsed": 39.525106, "delta": 1.255936}}
{"target": -0.39234253463733515, "params": {"model__colsample_bylevel": 0.39004940702656804, "model__colsample_bynode": 0.5826528948959613, "model__colsample_bytree": 0.36998374903446174, "model__learning_rate": 0.28070719247599746, "model__max_depth": 2.1984325997842515, "model__n_estimators": 18.82858503718881, "model__reg_lambda": 0.010631506654240619}, "datetime": {"datetime": "2021-03-24 07:14:32", "elapsed": 40.553383, "delta": 1.028277}}
{"target": -0.3422272443744368, "params": {"model__colsample_bylevel": 0.4052992670642602, "model__colsample_bynode": 0.9606068744195002, "model__colsample_bytree": 0.9489649358818872, "model__learning_rate": 0.2723074876285392, "model__max_depth": 3.3349651517827725, "model__n_estimators": 29.715818979377737, "model__reg_lambda": 4.005835118538909}, "datetime": {"datetime": "2021-03-24 07:14:33", "elapsed": 41.524567, "delta": 0.971184}}
{"target": -0.3281587300967236, "params": {"model__colsample_bylevel": 0.9951726502089362, "model__colsample_bynode": 0.5369444157140263, "model__colsample_bytree": 0.49424016251221936, "model__learning_rate": 0.2846385894118988, "model__max_depth": 4.052059267088166, "model__n_estimators": 29.86264567414559, "model__reg_lambda": 8.76719483514723}, "datetime": {"datetime": "2021-03-24 07:14:34", "elapsed": 42.5958, "delta": 1.071233}}
{"target": -0.32150905534348356, "params": {"model__colsample_bylevel": 0.6552404141833745, "model__colsample_bynode": 0.9510916878403304, "model__colsample_bytree": 0.6789734724212015, "model__learning_rate": 0.20715704046558897, "model__max_depth": 2.0127482780437385, "model__n_estimators": 25.03677120049347, "model__reg_lambda": 0.08982653009187214}, "datetime": {"datetime": "2021-03-24 07:14:35", "elapsed": 43.567172, "delta": 0.971372}}
{"target": -0.3606015570245791, "params": {"model__colsample_bylevel": 0.999251484197645, "model__colsample_bynode": 0.8808376720707083, "model__colsample_bytree": 0.48645803550477174, "model__learning_rate": 0.2630314548588004, "model__max_depth": 7.986789622638892, "model__n_estimators": 20.8981346833247, "model__reg_lambda": 0.07468726958587024}, "datetime": {"datetime": "2021-03-24 07:14:36", "elapsed": 44.68023, "delta": 1.113058}}
{"target": -0.3344711170791635, "params": {"model__colsample_bylevel": 0.3525813480484725, "model__colsample_bynode": 0.3897521180984259, "model__colsample_bytree": 0.7270625577217447, "model__learning_rate": 0.1968112543345588, "model__max_depth": 7.972651119476412, "model__n_estimators": 29.931279262169348, "model__reg_lambda": 2.609744045479733}, "datetime": {"datetime": "2021-03-24 07:14:37", "elapsed": 46.202082, "delta": 1.521852}}
{"target": -0.34717315055406317, "params": {"model__colsample_bylevel": 0.9598104072326454, "model__colsample_bynode": 0.984017487082224, "model__colsample_bytree": 0.897763548190563, "model__learning_rate": 0.27844469706679453, "model__max_depth": 7.016700987194616, "model__n_estimators": 29.894320631020936, "model__reg_lambda": 7.881061213739995}, "datetime": {"datetime": "2021-03-24 07:14:39", "elapsed": 47.516064, "delta": 1.313982}}
{"target": -0.36235487571785874, "params": {"model__colsample_bylevel": 0.36997116529865876, "model__colsample_bynode": 0.9625277912231288, "model__colsample_bytree": 1.0, "model__learning_rate": 0.3, "model__max_depth": 4.882246390031416, "model__n_estimators": 15.23005421570021, "model__reg_lambda": 0.5853354631821284}, "datetime": {"datetime": "2021-03-24 07:14:40", "elapsed": 48.620177, "delta": 1.104113}}
{"target": -0.4212436562552508, "params": {"model__colsample_bylevel": 0.3754946050781819, "model__colsample_bynode": 0.37713193305005066, "model__colsample_bytree": 0.8262996087848073, "model__learning_rate": 0.21727665190635845, "model__max_depth": 7.881311839289307, "model__n_estimators": 15.051048097154872, "model__reg_lambda": 3.8533203531554716}, "datetime": {"datetime": "2021-03-24 07:14:41", "elapsed": 50.028391, "delta": 1.408214}}
{"target": -0.36291617462546494, "params": {"model__colsample_bylevel": 1.0, "model__colsample_bynode": 0.7063887433049724, "model__colsample_bytree": 0.3, "model__learning_rate": 0.3, "model__max_depth": 6.774560763234646, "model__n_estimators": 30.0, "model__reg_lambda": 9.993402895906963}, "datetime": {"datetime": "2021-03-24 07:14:42", "elapsed": 51.149897, "delta": 1.121506}}
{"target": -0.3446459750314176, "params": {"model__colsample_bylevel": 0.4383233859797617, "model__colsample_bynode": 0.3507242420204827, "model__colsample_bytree": 0.9500981921335276, "model__learning_rate": 0.2863648438187996, "model__max_depth": 4.2053370249937645, "model__n_estimators": 28.012888512415643, "model__reg_lambda": 8.438271925778619}, "datetime": {"datetime": "2021-03-24 07:14:44", "elapsed": 52.412476, "delta": 1.262579}}
{"target": -0.396611377109598, "params": {"model__colsample_bylevel": 0.9782740459232466, "model__colsample_bynode": 0.3092560178190534, "model__colsample_bytree": 0.9987381336213221, "model__learning_rate": 0.21502517056092046, "model__max_depth": 2.0277354202050564, "model__n_estimators": 20.00828366489359, "model__reg_lambda": 1.963674427162635}, "datetime": {"datetime": "2021-03-24 07:14:45", "elapsed": 53.535913, "delta": 1.123437}}
{"target": -0.3563719433988782, "params": {"model__colsample_bylevel": 1.0, "model__colsample_bynode": 1.0, "model__colsample_bytree": 1.0, "model__learning_rate": 0.3, "model__max_depth": 6.06877277776331, "model__n_estimators": 19.729564295567165, "model__reg_lambda": 6.635725149571517}, "datetime": {"datetime": "2021-03-24 07:14:46", "elapsed": 54.840073, "delta": 1.30416}}
{"target": -0.3678122342975837, "params": {"model__colsample_bylevel": 1.0, "model__colsample_bynode": 1.0, "model__colsample_bytree": 1.0, "model__learning_rate": 0.3, "model__max_depth": 6.4004821958662745, "model__n_estimators": 15.15474556433874, "model__reg_lambda": 7.316631698880933}, "datetime": {"datetime": "2021-03-24 07:14:48", "elapsed": 56.353506, "delta": 1.513433}}
{"target": -0.37435453361764115, "params": {"model__colsample_bylevel": 0.8567743620189385, "model__colsample_bynode": 0.32719336561616363, "model__colsample_bytree": 0.7612465099383358, "model__learning_rate": 0.2569592281172375, "model__max_depth": 2.039521911835796, "model__n_estimators": 29.203926341676762, "model__reg_lambda": 9.674083919511606}, "datetime": {"datetime": "2021-03-24 07:14:49", "elapsed": 57.515846, "delta": 1.16234}}
{"target": -0.3305911352450072, "params": {"model__colsample_bylevel": 0.3, "model__colsample_bynode": 0.3095935597434043, "model__colsample_bytree": 1.0, "model__learning_rate": 0.3, "model__max_depth": 5.092630893957641, "model__n_estimators": 17.7558837961361, "model__reg_lambda": 0.010201369866970348}, "datetime": {"datetime": "2021-03-24 07:14:50", "elapsed": 58.576, "delta": 1.060154}}
{"target": -0.3477228391854821, "params": {"model__colsample_bylevel": 0.9474676681521041, "model__colsample_bynode": 0.8539074058296141, "model__colsample_bytree": 0.3218610954990161, "model__learning_rate": 0.10814479224224263, "model__max_depth": 3.793737286152215, "model__n_estimators": 25.857211160269333, "model__reg_lambda": 0.14577910296337593}, "datetime": {"datetime": "2021-03-24 07:14:51", "elapsed": 59.74101, "delta": 1.16501}}
{"target": -0.3306113632475161, "params": {"model__colsample_bylevel": 0.9999999951426557, "model__colsample_bynode": 0.9999999951426557, "model__colsample_bytree": 0.9999999999772945, "model__learning_rate": 0.3, "model__max_depth": 4.243919657546333, "model__n_estimators": 28.699502846188, "model__reg_lambda": 7.433959414550373}, "datetime": {"datetime": "2021-03-24 07:14:52", "elapsed": 60.915049, "delta": 1.174039}}
{"target": -0.36032506873547704, "params": {"model__colsample_bylevel": 0.9220257702822174, "model__colsample_bynode": 0.9160126604766854, "model__colsample_bytree": 0.8288878648452662, "model__learning_rate": 0.26825275320231046, "model__max_depth": 3.877926911858327, "model__n_estimators": 19.322932782853204, "model__reg_lambda": 9.882473469824113}, "datetime": {"datetime": "2021-03-24 07:14:53", "elapsed": 62.279015, "delta": 1.363966}}
{"target": -0.3289578246047629, "params": {"model__colsample_bylevel": 0.3256522677496994, "model__colsample_bynode": 0.5985429561358855, "model__colsample_bytree": 0.8462209094813855, "model__learning_rate": 0.28792691284318395, "model__max_depth": 7.994899531779165, "model__n_estimators": 29.920928032219773, "model__reg_lambda": 0.033073828558134455}, "datetime": {"datetime": "2021-03-24 07:14:55", "elapsed": 63.546604, "delta": 1.267589}}
{"target": -0.37395818785669793, "params": {"model__colsample_bylevel": 0.3889486436735482, "model__colsample_bynode": 0.3155253837490134, "model__colsample_bytree": 0.9033263915185092, "model__learning_rate": 0.2698073026721177, "model__max_depth": 3.018142985042906, "model__n_estimators": 23.277986356638337, "model__reg_lambda": 6.4347263687347365}, "datetime": {"datetime": "2021-03-24 07:14:56", "elapsed": 64.757703, "delta": 1.211099}}
{"target": -0.39935325862919113, "params": {"model__colsample_bylevel": 0.3000000009404292, "model__colsample_bynode": 0.3000000010701128, "model__colsample_bytree": 0.38405325253952416, "model__learning_rate": 0.3, "model__max_depth": 7.601435796296504, "model__n_estimators": 21.39164934602984, "model__reg_lambda": 0.3447438917380356}, "datetime": {"datetime": "2021-03-24 07:14:57", "elapsed": 65.792501, "delta": 1.034798}}
{"target": -0.3463489734068297, "params": {"model__colsample_bylevel": 0.31155307847624164, "model__colsample_bynode": 0.3424239785944143, "model__colsample_bytree": 0.5558141250545987, "model__learning_rate": 0.25861670858775365, "model__max_depth": 5.77063468378537, "model__n_estimators": 29.535114295591512, "model__reg_lambda": 5.7369930270355285}, "datetime": {"datetime": "2021-03-24 07:14:58", "elapsed": 67.073745, "delta": 1.281244}}
{"target": -0.32863467491233544, "params": {"model__colsample_bylevel": 0.9698244619746319, "model__colsample_bynode": 0.8117136680329535, "model__colsample_bytree": 0.931395812237765, "model__learning_rate": 0.28961495524180586, "model__max_depth": 2.0550522401568077, "model__n_estimators": 23.352349631024353, "model__reg_lambda": 0.15736246562439993}, "datetime": {"datetime": "2021-03-24 07:15:00", "elapsed": 68.404127, "delta": 1.330382}}
{"target": -0.3632175440883999, "params": {"model__colsample_bylevel": 0.6442832086582725, "model__colsample_bynode": 0.9862778933670564, "model__colsample_bytree": 0.9800281631886967, "model__learning_rate": 0.28077449312358976, "model__max_depth": 6.3137646387999595, "model__n_estimators": 19.673246564594024, "model__reg_lambda": 0.2803601708111292}, "datetime": {"datetime": "2021-03-24 07:15:01", "elapsed": 69.544268, "delta": 1.140141}}
{"target": -0.37774324722965985, "params": {"model__colsample_bylevel": 0.8385089237158114, "model__colsample_bynode": 0.31762194386535486, "model__colsample_bytree": 0.6904103670107068, "model__learning_rate": 0.25005643575251846, "model__max_depth": 4.00337537667348, "model__n_estimators": 15.216067729697786, "model__reg_lambda": 0.00694651245976341}, "datetime": {"datetime": "2021-03-24 07:15:02", "elapsed": 70.65078, "delta": 1.106512}}
{"target": -0.36215803077565906, "params": {"model__colsample_bylevel": 0.3, "model__colsample_bynode": 1.0, "model__colsample_bytree": 1.0, "model__learning_rate": 0.3, "model__max_depth": 6.817599315361577, "model__n_estimators": 20.169878894785946, "model__reg_lambda": 10.0}, "datetime": {"datetime": "2021-03-24 07:15:03", "elapsed": 71.98076, "delta": 1.32998}}
{"target": -0.3274347147902649, "params": {"model__colsample_bylevel": 0.4661482671399976, "model__colsample_bynode": 0.31408903123274456, "model__colsample_bytree": 0.7466096858239853, "model__learning_rate": 0.2418000542076813, "model__max_depth": 2.1594329085358748, "model__n_estimators": 29.41586978978338, "model__reg_lambda": 0.3505777337519689}, "datetime": {"datetime": "2021-03-24 07:15:04", "elapsed": 73.265031, "delta": 1.284271}}
{"target": -0.32968460751808776, "params": {"model__colsample_bylevel": 0.7944099034752434, "model__colsample_bynode": 1.0, "model__colsample_bytree": 1.0, "model__learning_rate": 0.3, "model__max_depth": 8.0, "model__n_estimators": 28.767895233797343, "model__reg_lambda": 4.450422451866128}, "datetime": {"datetime": "2021-03-24 07:15:06", "elapsed": 74.468538, "delta": 1.203507}}
{"target": -0.41153438291444944, "params": {"model__colsample_bylevel": 0.3432149048190365, "model__colsample_bynode": 0.4633509180725603, "model__colsample_bytree": 0.9139170408820194, "model__learning_rate": 0.2882927854248014, "model__max_depth": 2.7475789353065823, "model__n_estimators": 15.012908890396798, "model__reg_lambda": 6.911220141202453}, "datetime": {"datetime": "2021-03-24 07:15:07", "elapsed": 75.682421, "delta": 1.213883}}
{"target": -0.3442539760728191, "params": {"model__colsample_bylevel": 0.3191562266374676, "model__colsample_bynode": 0.9471865940449049, "model__colsample_bytree": 0.7795959990265675, "model__learning_rate": 0.2911999757691449, "model__max_depth": 3.896401687757196, "model__n_estimators": 26.84102650003208, "model__reg_lambda": 5.488839707725707}, "datetime": {"datetime": "2021-03-24 07:15:08", "elapsed": 76.787572, "delta": 1.105151}}
{"target": -0.3511010420081827, "params": {"model__colsample_bylevel": 0.9628908452642819, "model__colsample_bynode": 0.9207480291474058, "model__colsample_bytree": 0.9903886286971124, "model__learning_rate": 0.3, "model__max_depth": 5.665059607767914, "model__n_estimators": 23.01923157445084, "model__reg_lambda": 3.212486166837353}, "datetime": {"datetime": "2021-03-24 07:15:10", "elapsed": 78.322627, "delta": 1.535055}}
{"target": -0.33314500365885436, "params": {"model__colsample_bylevel": 0.963021246031663, "model__colsample_bynode": 0.9909466003802769, "model__colsample_bytree": 0.7167327482212067, "model__learning_rate": 0.2965580853454298, "model__max_depth": 7.972283137951518, "model__n_estimators": 23.602968051629844, "model__reg_lambda": 8.031286951171024}, "datetime": {"datetime": "2021-03-24 07:15:11", "elapsed": 79.564399, "delta": 1.241772}}
{"target": -0.35356652571860214, "params": {"model__colsample_bylevel": 1.0, "model__colsample_bynode": 0.3, "model__colsample_bytree": 1.0, "model__learning_rate": 0.3, "model__max_depth": 8.0, "model__n_estimators": 22.300859269036277, "model__reg_lambda": 8.791586454595972}, "datetime": {"datetime": "2021-03-24 07:15:12", "elapsed": 80.87589, "delta": 1.311491}}
{"target": -0.3615564101581475, "params": {"model__colsample_bylevel": 0.970629374895047, "model__colsample_bynode": 0.8122157351626123, "model__colsample_bytree": 0.9433333470887149, "model__learning_rate": 0.29871924598193844, "model__max_depth": 7.805130083682997, "model__n_estimators": 16.958875685202823, "model__reg_lambda": 3.5398838837800484}, "datetime": {"datetime": "2021-03-24 07:15:13", "elapsed": 82.004217, "delta": 1.128327}}
{"target": -0.39130219694672397, "params": {"model__colsample_bylevel": 0.9978986860304526, "model__colsample_bynode": 0.48240453422005897, "model__colsample_bytree": 0.432480482604512, "model__learning_rate": 0.19873437384258885, "model__max_depth": 2.017638782256533, "model__n_estimators": 29.95907799031113, "model__reg_lambda": 7.585179814674925}, "datetime": {"datetime": "2021-03-24 07:15:15", "elapsed": 83.489817, "delta": 1.4856}}
{"target": -0.35466488711603417, "params": {"model__colsample_bylevel": 0.3, "model__colsample_bynode": 0.3, "model__colsample_bytree": 1.0, "model__learning_rate": 0.3, "model__max_depth": 8.0, "model__n_estimators": 30.0, "model__reg_lambda": 10.0}, "datetime": {"datetime": "2021-03-24 07:15:16", "elapsed": 84.542467, "delta": 1.05265}}
{"target": -0.3455048977083567, "params": {"model__colsample_bylevel": 0.30000001164530765, "model__colsample_bynode": 0.999999987264338, "model__colsample_bytree": 0.9840208151180768, "model__learning_rate": 0.3, "model__max_depth": 7.72886757377955, "model__n_estimators": 27.42915872477049, "model__reg_lambda": 8.10988103570084}, "datetime": {"datetime": "2021-03-24 07:15:17", "elapsed": 85.625899, "delta": 1.083432}}
{"target": -0.32210336849173576, "params": {"model__colsample_bylevel": 0.31806349889806595, "model__colsample_bynode": 0.48058607263703623, "model__colsample_bytree": 0.6299136565318251, "model__learning_rate": 0.25764489091526355, "model__max_depth": 7.9027175964166725, "model__n_estimators": 27.190730004763985, "model__reg_lambda": 0.006635945734837501}, "datetime": {"datetime": "2021-03-24 07:15:18", "elapsed": 86.739484, "delta": 1.113585}}
{"target": -0.3455552602767188, "params": {"model__colsample_bylevel": 0.40180412076188043, "model__colsample_bynode": 0.9953010399777029, "model__colsample_bytree": 0.40584858415447156, "model__learning_rate": 0.2523629416311026, "model__max_depth": 7.989850066777166, "model__n_estimators": 27.518519223208987, "model__reg_lambda": 2.9021785251508803}, "datetime": {"datetime": "2021-03-24 07:15:19", "elapsed": 87.849354, "delta": 1.10987}}
