{"target": -0.36126404841113297, "params": {"model__colsample_bylevel": 1.0, "model__colsample_bynode": 0.9974515213539237, "model__colsample_bytree": 0.9954867666220272, "model__learning_rate": 0.29913002672191286, "model__max_depth": 7.4734965471826085, "model__n_estimators": 21.02311519577524, "model__reg_lambda": 8.101667032918092}, "datetime": {"datetime": "2021-03-24 07:15:20", "elapsed": 89.250483, "delta": 1.401129}}
{"target": -0.3290567406321593, "params": {"model__colsample_bylevel": 0.9999999999951428, "model__colsample_bynode": 0.7562357685980436, "model__colsample_bytree": 0.9999999997264215, "model__learning_rate": 0.3, "model__max_depth": 7.999999997908029, "model__n_estimators": 29.71315899618385, "model__reg_lambda": 9.999999996860925}, "datetime": {"datetime": "2021-03-24 07:15:22", "elapsed": 90.636176, "delta": 1.385693}}
{"target": -0.36565460434598523, "params": {"model__colsample_bylevel": 0.3973485923493426, "model__colsample_bynode": 0.60943931283273, "model__colsample_bytree": 0.43160627301909493, "model__learning_rate": 0.296598126601266, "model__max_depth": 2.0417085835104407, "model__n_estimators": 29.618813844547006, "model__reg_lambda": 3.250901223944168}, "datetime": {"datetime": "2021-03-24 07:15:23", "elapsed": 91.85814, "delta": 1.221964}}
{"target": -0.3438218930634953, "params": {"model__colsample_bylevel": 0.9999999932114363, "model__colsample_bynode": 0.9501156383735291, "model__colsample_bytree": 0.7800702106069699, "model__learning_rate": 0.3, "model__max_depth": 7.99999998947847, "model__n_estimators": 25.22543195797715, "model__reg_lambda": 10.0}, "datetime": {"datetime": "2021-03-24 07:15:24", "elapsed": 93.028441, "delta": 1.170301}}
{"target": -0.3816747465160797, "params": {"model__colsample_bylevel": 0.5711628261702527, "model__colsample_bynode": 0.33138151437412766, "model__colsample_bytree": 0.4184615311035497, "model__learning_rate": 0.2752627139957653, "model__max_depth": 3.26072480041938, "model__n_estimators": 20.383368324060683, "model__reg_lambda": 0.06148856563813587}, "datetime": {"datetime": "2021-03-24 07:15:26", "elapsed": 94.331505, "delta": 1.303064}}
{"target": -0.3410028298307831, "params": {"model__colsample_bylevel": 0.34778089085978897, "model__colsample_bynode": 1.0, "model__colsample_bytree": 0.9999999995408505, "model__learning_rate": 0.3, "model__max_depth": 7.9999999964779995, "model__n_estimators": 20.91209983117637, "model__reg_lambda": 6.2127354831067}, "datetime": {"datetime": "2021-03-24 07:15:27", "elapsed": 95.446281, "delta": 1.114776}}
{"target": -0.34629489342898023, "params": {"model__colsample_bylevel": 0.9135857306219661, "model__colsample_bynode": 0.8697202885226165, "model__colsample_bytree": 0.36307939686083485, "model__learning_rate": 0.28034896449652247, "model__max_depth": 7.6833771843390295, "model__n_estimators": 28.36858812286753, "model__reg_lambda": 7.206057485894347}, "datetime": {"datetime": "2021-03-24 07:15:28", "elapsed": 96.637348, "delta": 1.191067}}
{"target": -0.3716271259578998, "params": {"model__colsample_bylevel": 0.3122008084958525, "model__colsample_bynode": 0.9393179290557363, "model__colsample_bytree": 0.892930308983191, "model__learning_rate": 0.27181352287172744, "model__max_depth": 4.147085223022608, "model__n_estimators": 21.303202762393873, "model__reg_lambda": 9.902131138819492}, "datetime": {"datetime": "2021-03-24 07:15:29", "elapsed": 97.804941, "delta": 1.167593}}
{"target": -0.37126894714648195, "params": {"model__colsample_bylevel": 1.0, "model__colsample_bynode": 1.0, "model__colsample_bytree": 1.0, "model__learning_rate": 0.3, "model__max_depth": 5.798863737354047, "model__n_estimators": 15.0, "model__reg_lambda": 10.0}, "datetime": {"datetime": "2021-03-24 07:15:30", "elapsed": 99.184937, "delta": 1.379996}}
{"target": -0.3437361856418041, "params": {"model__colsample_bylevel": 0.3051805635777606, "model__colsample_bynode": 0.8115309317821691, "model__colsample_bytree": 0.9606430286954626, "model__learning_rate": 0.2880562840849775, "model__max_depth": 7.647970319215512, "model__n_estimators": 20.191106888939935, "model__reg_lambda": 3.350379794583268}, "datetime": {"datetime": "2021-03-24 07:15:32", "elapsed": 100.519954, "delta": 1.335017}}
{"target": -0.35439352178541217, "params": {"model__colsample_bylevel": 0.9104305575536602, "model__colsample_bynode": 0.3559832822189662, "model__colsample_bytree": 0.3875357811227207, "model__learning_rate": 0.2792467794660777, "model__max_depth": 7.9919464617847815, "model__n_estimators": 19.03583364064339, "model__reg_lambda": 2.157211799261216}, "datetime": {"datetime": "2021-03-24 07:15:33", "elapsed": 101.702055, "delta": 1.182101}}
{"target": -0.3398686058606709, "params": {"model__colsample_bylevel": 0.32777205882894284, "model__colsample_bynode": 0.6355200145017825, "model__colsample_bytree": 0.78731464343631, "model__learning_rate": 0.28878464335645526, "model__max_depth": 3.3787990286452425, "model__n_estimators": 29.99079342673511, "model__reg_lambda": 7.649935962200903}, "datetime": {"datetime": "2021-03-24 07:15:34", "elapsed": 102.885935, "delta": 1.18388}}
{"target": -0.3728003254902644, "params": {"model__colsample_bylevel": 1.0, "model__colsample_bynode": 0.3024781822346091, "model__colsample_bytree": 0.3, "model__learning_rate": 0.3, "model__max_depth": 8.0, "model__n_estimators": 15.029150065576546, "model__reg_lambda": 2.101235762319559}, "datetime": {"datetime": "2021-03-24 07:15:35", "elapsed": 104.023429, "delta": 1.137494}}
{"target": -0.34247249057263385, "params": {"model__colsample_bylevel": 1.0, "model__colsample_bynode": 1.0, "model__colsample_bytree": 1.0, "model__learning_rate": 0.3, "model__max_depth": 2.0, "model__n_estimators": 30.0, "model__reg_lambda": 10.0}, "datetime": {"datetime": "2021-03-24 07:15:37", "elapsed": 105.327914, "delta": 1.304485}}
{"target": -0.32367145271205844, "params": {"model__colsample_bylevel": 0.9999999999979939, "model__colsample_bynode": 1.0, "model__colsample_bytree": 0.40026511714693297, "model__learning_rate": 0.3, "model__max_depth": 8.0, "model__n_estimators": 26.03990526403164, "model__reg_lambda": 6.721325749692533}, "datetime": {"datetime": "2021-03-24 07:15:38", "elapsed": 106.464176, "delta": 1.136262}}
{"target": -0.36456799279220153, "params": {"model__colsample_bylevel": 0.4430883116563066, "model__colsample_bynode": 0.40947734185834483, "model__colsample_bytree": 0.31152132236997643, "model__learning_rate": 0.2670957966534966, "model__max_depth": 7.903413697895064, "model__n_estimators": 29.238841548112, "model__reg_lambda": 0.7684093991204155}, "datetime": {"datetime": "2021-03-24 07:15:39", "elapsed": 107.532642, "delta": 1.068466}}
{"target": -0.33707367105517483, "params": {"model__colsample_bylevel": 0.8263149452118947, "model__colsample_bynode": 0.9417804387791546, "model__colsample_bytree": 0.8934948821319952, "model__learning_rate": 0.12917478464609097, "model__max_depth": 3.3332240864512173, "model__n_estimators": 29.97151291614003, "model__reg_lambda": 1.3158167208855387}, "datetime": {"datetime": "2021-03-24 07:15:40", "elapsed": 109.172472, "delta": 1.63983}}
{"target": -0.3509866514583996, "params": {"model__colsample_bylevel": 0.32627882473917125, "model__colsample_bynode": 0.526192973106574, "model__colsample_bytree": 0.8939234629215198, "model__learning_rate": 0.16919685355249842, "model__max_depth": 5.42807496726592, "model__n_estimators": 29.952577435763363, "model__reg_lambda": 2.939267326237255}, "datetime": {"datetime": "2021-03-24 07:15:42", "elapsed": 110.540351, "delta": 1.367879}}
{"target": -0.38111650377167794, "params": {"model__colsample_bylevel": 0.30735973417449625, "model__colsample_bynode": 0.8191546523779458, "model__colsample_bytree": 0.8118954086850976, "model__learning_rate": 0.2975825508949228, "model__max_depth": 7.959355137878927, "model__n_estimators": 15.882622836090109, "model__reg_lambda": 1.7722522374535643}, "datetime": {"datetime": "2021-03-24 07:15:43", "elapsed": 111.767718, "delta": 1.227367}}
{"target": -0.35434341363784305, "params": {"model__colsample_bylevel": 0.3533798747142163, "model__colsample_bynode": 0.42831122318456594, "model__colsample_bytree": 0.9765241887450531, "model__learning_rate": 0.29713616807603477, "model__max_depth": 3.758977148690657, "model__n_estimators": 23.24511445391262, "model__reg_lambda": 3.760824840379927}, "datetime": {"datetime": "2021-03-24 07:15:44", "elapsed": 112.997352, "delta": 1.229634}}
{"target": -0.3438413933513389, "params": {"model__colsample_bylevel": 0.9137575774749198, "model__colsample_bynode": 0.983818423712612, "model__colsample_bytree": 0.9898106922499255, "model__learning_rate": 0.29634327660846893, "model__max_depth": 4.242450248858611, "model__n_estimators": 17.653737281580614, "model__reg_lambda": 4.911017704397638}, "datetime": {"datetime": "2021-03-24 07:15:46", "elapsed": 114.313229, "delta": 1.315877}}
{"target": -0.3555947002705079, "params": {"model__colsample_bylevel": 0.43236621629615113, "model__colsample_bynode": 0.5006320062929478, "model__colsample_bytree": 0.9577004355229952, "model__learning_rate": 0.10193850530570686, "model__max_depth": 7.99734942249192, "model__n_estimators": 28.416361673228423, "model__reg_lambda": 1.392142485438027}, "datetime": {"datetime": "2021-03-24 07:15:47", "elapsed": 115.532963, "delta": 1.219734}}
{"target": -0.3788652748220425, "params": {"model__colsample_bylevel": 0.7043070356529118, "model__colsample_bynode": 0.9064004670083361, "model__colsample_bytree": 0.36802251560785837, "model__learning_rate": 0.27819386445175026, "model__max_depth": 2.144020022566284, "model__n_estimators": 23.619054363155776, "model__reg_lambda": 9.48781150815719}, "datetime": {"datetime": "2021-03-24 07:15:48", "elapsed": 117.001167, "delta": 1.468204}}
{"target": -0.35587734668076954, "params": {"model__colsample_bylevel": 0.988403252157819, "model__colsample_bynode": 0.984884812437983, "model__colsample_bytree": 0.9428576795351502, "model__learning_rate": 0.2999425343648102, "model__max_depth": 2.211691195249294, "model__n_estimators": 23.568108126301013, "model__reg_lambda": 6.763190115125407}, "datetime": {"datetime": "2021-03-24 07:15:50", "elapsed": 118.457205, "delta": 1.456038}}
{"target": -0.35497186749421084, "params": {"model__colsample_bylevel": 0.5373436063095671, "model__colsample_bynode": 0.3773865414602288, "model__colsample_bytree": 0.9605967271360798, "model__learning_rate": 0.29567299878878406, "model__max_depth": 2.0010779348957453, "model__n_estimators": 27.640561849450197, "model__reg_lambda": 4.173901306786951}, "datetime": {"datetime": "2021-03-24 07:15:51", "elapsed": 119.673586, "delta": 1.216381}}
{"target": -0.3898398015621132, "params": {"model__colsample_bylevel": 1.0, "model__colsample_bynode": 1.0, "model__colsample_bytree": 0.3, "model__learning_rate": 0.3, "model__max_depth": 3.908852307973311, "model__n_estimators": 15.0, "model__reg_lambda": 6.5211312426980985}, "datetime": {"datetime": "2021-03-24 07:15:52", "elapsed": 120.948924, "delta": 1.275338}}
{"target": -0.3219080189663066, "params": {"model__colsample_bylevel": 0.4033327280424143, "model__colsample_bynode": 0.8637930864567389, "model__colsample_bytree": 0.9304036004349472, "model__learning_rate": 0.2726045458099514, "model__max_depth": 3.417600144751296, "model__n_estimators": 16.869967085011123, "model__reg_lambda": 0.0023004983487318054}, "datetime": {"datetime": "2021-03-24 07:15:54", "elapsed": 122.319901, "delta": 1.370977}}
{"target": -0.3247759591332515, "params": {"model__colsample_bylevel": 0.98835931825854, "model__colsample_bynode": 0.9788141885898738, "model__colsample_bytree": 0.7229406076717875, "model__learning_rate": 0.2882700651497787, "model__max_depth": 6.820771942274506, "model__n_estimators": 25.401651382489703, "model__reg_lambda": 6.42622905581695}, "datetime": {"datetime": "2021-03-24 07:15:55", "elapsed": 123.636484, "delta": 1.316583}}
{"target": -0.41346980794400406, "params": {"model__colsample_bylevel": 1.0, "model__colsample_bynode": 0.3, "model__colsample_bytree": 0.3, "model__learning_rate": 0.3, "model__max_depth": 2.0, "model__n_estimators": 15.956335485927209, "model__reg_lambda": 10.0}, "datetime": {"datetime": "2021-03-24 07:15:56", "elapsed": 125.1451, "delta": 1.508616}}
{"target": -0.36399496004518556, "params": {"model__colsample_bylevel": 0.6359742117085503, "model__colsample_bynode": 0.8059013712670173, "model__colsample_bytree": 0.3210976547766508, "model__learning_rate": 0.2941801088270947, "model__max_depth": 7.6988519517913305, "model__n_estimators": 23.916626734316274, "model__reg_lambda": 3.931379921412541}, "datetime": {"datetime": "2021-03-24 07:15:58", "elapsed": 126.335042, "delta": 1.189942}}
{"target": -0.35664425997967847, "params": {"model__colsample_bylevel": 1.0, "model__colsample_bynode": 0.3, "model__colsample_bytree": 1.0, "model__learning_rate": 0.3, "model__max_depth": 8.0, "model__n_estimators": 15.0, "model__reg_lambda": 6.517601647570705}, "datetime": {"datetime": "2021-03-24 07:15:59", "elapsed": 127.572639, "delta": 1.237597}}
{"target": -0.34268699033165595, "params": {"model__colsample_bylevel": 0.7366868418781454, "model__colsample_bynode": 0.8287983486762991, "model__colsample_bytree": 0.9929541138774094, "model__learning_rate": 0.2988860418247826, "model__max_depth": 4.747666325074148, "model__n_estimators": 22.990312535581197, "model__reg_lambda": 6.952012347546233}, "datetime": {"datetime": "2021-03-24 07:16:00", "elapsed": 128.902472, "delta": 1.329833}}
{"target": -0.3414043356397483, "params": {"model__colsample_bylevel": 0.3852873844634139, "model__colsample_bynode": 0.9880182912585229, "model__colsample_bytree": 0.632567088983606, "model__learning_rate": 0.26379616591974453, "model__max_depth": 6.797821456702916, "model__n_estimators": 25.140413242978717, "model__reg_lambda": 0.08229839811538797}, "datetime": {"datetime": "2021-03-24 07:16:02", "elapsed": 130.309172, "delta": 1.4067}}
{"target": -0.3413989599910564, "params": {"model__colsample_bylevel": 0.9869296853460161, "model__colsample_bynode": 0.7905717078735139, "model__colsample_bytree": 0.9531626416740171, "model__learning_rate": 0.2846205957789158, "model__max_depth": 5.606570117721015, "model__n_estimators": 19.654047853904252, "model__reg_lambda": 3.4823976413864566}, "datetime": {"datetime": "2021-03-24 07:16:03", "elapsed": 131.419733, "delta": 1.110561}}
{"target": -0.36002300559084166, "params": {"model__colsample_bylevel": 1.0, "model__colsample_bynode": 0.3, "model__colsample_bytree": 1.0, "model__learning_rate": 0.3, "model__max_depth": 4.87247063887591, "model__n_estimators": 19.609536822761086, "model__reg_lambda": 9.550028753912203}, "datetime": {"datetime": "2021-03-24 07:16:04", "elapsed": 132.915815, "delta": 1.496082}}
{"target": -0.31297000097819483, "params": {"model__colsample_bylevel": 0.770837429706936, "model__colsample_bynode": 0.9509733548569685, "model__colsample_bytree": 0.3316249897064813, "model__learning_rate": 0.22353195911627632, "model__max_depth": 2.2526278353296076, "model__n_estimators": 27.20202956108973, "model__reg_lambda": 0.04204588946054688}, "datetime": {"datetime": "2021-03-24 07:16:06", "elapsed": 134.452303, "delta": 1.536488}}
{"target": -0.3611277563578409, "params": {"model__colsample_bylevel": 1.0, "model__colsample_bynode": 1.0, "model__colsample_bytree": 1.0, "model__learning_rate": 0.3, "model__max_depth": 5.334540891137659, "model__n_estimators": 18.15685365502235, "model__reg_lambda": 9.984209094484404}, "datetime": {"datetime": "2021-03-24 07:16:07", "elapsed": 135.907799, "delta": 1.455496}}
{"target": -0.3849733978273698, "params": {"model__colsample_bylevel": 1.0, "model__colsample_bynode": 1.0, "model__colsample_bytree": 0.3000000038801392, "model__learning_rate": 0.3, "model__max_depth": 8.0, "model__n_estimators": 27.893749140941487, "model__reg_lambda": 10.0}, "datetime": {"datetime": "2021-03-24 07:16:08", "elapsed": 137.284293, "delta": 1.376494}}
{"target": -0.35572467958757087, "params": {"model__colsample_bylevel": 0.9783554429528687, "model__colsample_bynode": 0.3083495324211846, "model__colsample_bytree": 0.39360812150464886, "model__learning_rate": 0.2967609545629045, "model__max_depth": 4.685539851785192, "model__n_estimators": 26.890432119616378, "model__reg_lambda": 5.729330451929097}, "datetime": {"datetime": "2021-03-24 07:16:10", "elapsed": 138.749261, "delta": 1.464968}}
{"target": -0.3311911610994434, "params": {"model__colsample_bylevel": 0.9412929968613462, "model__colsample_bynode": 0.3, "model__colsample_bytree": 1.0, "model__learning_rate": 0.3, "model__max_depth": 7.787146557144309, "model__n_estimators": 25.617964917366482, "model__reg_lambda": 7.0374117920080534}, "datetime": {"datetime": "2021-03-24 07:16:11", "elapsed": 139.909851, "delta": 1.16059}}
{"target": -0.31382119976088707, "params": {"model__colsample_bylevel": 0.33090164839198655, "model__colsample_bynode": 0.9413676195083471, "model__colsample_bytree": 0.9669584460966865, "model__learning_rate": 0.2816315776158203, "model__max_depth": 7.0607242765322535, "model__n_estimators": 27.70891944116186, "model__reg_lambda": 4.575550445833266}, "datetime": {"datetime": "2021-03-24 07:16:12", "elapsed": 141.218571, "delta": 1.30872}}
{"target": -0.37270609499900137, "params": {"model__colsample_bylevel": 0.8692971413515125, "model__colsample_bynode": 0.9800530219686299, "model__colsample_bytree": 0.38263327958490156, "model__learning_rate": 0.26320816677440856, "model__max_depth": 2.0959681471881626, "model__n_estimators": 27.370297637401478, "model__reg_lambda": 8.706192879887732}, "datetime": {"datetime": "2021-03-24 07:16:14", "elapsed": 142.353085, "delta": 1.134514}}
{"target": -0.336010727222226, "params": {"model__colsample_bylevel": 0.5806162579590075, "model__colsample_bynode": 0.9920524124785317, "model__colsample_bytree": 0.9815073220469412, "model__learning_rate": 0.2725174287392845, "model__max_depth": 5.214609801202233, "model__n_estimators": 24.64121237103281, "model__reg_lambda": 2.5157452992592058}, "datetime": {"datetime": "2021-03-24 07:16:15", "elapsed": 143.713734, "delta": 1.360649}}
{"target": -0.37159337239285956, "params": {"model__colsample_bylevel": 0.9942925411078138, "model__colsample_bynode": 0.7930695933291869, "model__colsample_bytree": 0.3431294345159122, "model__learning_rate": 0.2850766298265028, "model__max_depth": 4.251534465700244, "model__n_estimators": 21.423202744895484, "model__reg_lambda": 9.94734968506814}, "datetime": {"datetime": "2021-03-24 07:16:17", "elapsed": 145.535869, "delta": 1.822135}}
{"target": -0.33355990625492743, "params": {"model__colsample_bylevel": 0.9969224080633672, "model__colsample_bynode": 0.7165523409583233, "model__colsample_bytree": 0.9867477366907795, "model__learning_rate": 0.2990694443115405, "model__max_depth": 5.868375538723336, "model__n_estimators": 27.58537797138638, "model__reg_lambda": 8.974223613897331}, "datetime": {"datetime": "2021-03-24 07:16:18", "elapsed": 146.765019, "delta": 1.22915}}
{"target": -0.3171502640211037, "params": {"model__colsample_bylevel": 0.4194525174198478, "model__colsample_bynode": 0.9199696972828741, "model__colsample_bytree": 0.9903044698897154, "model__learning_rate": 0.295915645219227, "model__max_depth": 6.297179215754834, "model__n_estimators": 28.012925546716918, "model__reg_lambda": 5.312738461359467}, "datetime": {"datetime": "2021-03-24 07:16:20", "elapsed": 148.343465, "delta": 1.578446}}
{"target": -0.3423884772083155, "params": {"model__colsample_bylevel": 0.35537132183548636, "model__colsample_bynode": 0.8783845481315617, "model__colsample_bytree": 0.7819439458033184, "model__learning_rate": 0.2986265107814632, "model__max_depth": 7.473734128442042, "model__n_estimators": 28.922434291530294, "model__reg_lambda": 3.290202179974612}, "datetime": {"datetime": "2021-03-24 07:16:21", "elapsed": 149.837842, "delta": 1.494377}}
{"target": -0.33876345587178963, "params": {"model__colsample_bylevel": 0.3661936847688874, "model__colsample_bynode": 0.38302373888466895, "model__colsample_bytree": 0.989700089260743, "model__learning_rate": 0.24671153946475557, "model__max_depth": 7.918276268877669, "model__n_estimators": 29.925286127373433, "model__reg_lambda": 5.902720994818295}, "datetime": {"datetime": "2021-03-24 07:16:22", "elapsed": 151.145092, "delta": 1.30725}}
{"target": -0.3277918655661516, "params": {"model__colsample_bylevel": 0.5210536077789636, "model__colsample_bynode": 0.30145482610489754, "model__colsample_bytree": 0.854160085405588, "model__learning_rate": 0.2550247621366672, "model__max_depth": 6.361818374684573, "model__n_estimators": 26.966730477092753, "model__reg_lambda": 0.1009660356631703}, "datetime": {"datetime": "2021-03-24 07:16:24", "elapsed": 152.293104, "delta": 1.148012}}
{"target": -0.3588686014450513, "params": {"model__colsample_bylevel": 0.9669092084034896, "model__colsample_bynode": 0.9069716014100213, "model__colsample_bytree": 0.9888254654489022, "model__learning_rate": 0.28940932290053584, "model__max_depth": 4.656108820724015, "model__n_estimators": 25.046577759837938, "model__reg_lambda": 1.3313638483812906}, "datetime": {"datetime": "2021-03-24 07:16:25", "elapsed": 154.14211, "delta": 1.849006}}
{"target": -0.3290975594545539, "params": {"model__colsample_bylevel": 0.5367343919537754, "model__colsample_bynode": 0.5582017083195215, "model__colsample_bytree": 0.9785829573004645, "model__learning_rate": 0.2961529081324705, "model__max_depth": 7.440336066291588, "model__n_estimators": 26.453174012813427, "model__reg_lambda": 2.32231440382347}, "datetime": {"datetime": "2021-03-24 07:16:26", "elapsed": 155.251724, "delta": 1.109614}}
