{"target": -0.33208784483039105, "params": {"model__colsample_bylevel": 0.43066341956163356, "model__colsample_bynode": 0.8520275451572255, "model__colsample_bytree": 0.7433610508327921, "model__learning_rate": 0.1995020366399974, "model__max_depth": 2.000229459139689, "model__n_estimators": 27.655016999444896, "model__reg_lambda": 0.015241156845909876}, "datetime": {"datetime": "2021-03-24 07:17:43", "elapsed": 231.842423, "delta": 1.421495}}
{"target": -0.3367417174104628, "params": {"model__colsample_bylevel": 0.6726595411113943, "model__colsample_bynode": 0.881855570331886, "model__colsample_bytree": 0.9986577695244239, "model__learning_rate": 0.2959000742561846, "model__max_depth": 6.346874591014075, "model__n_estimators": 28.906924426693422, "model__reg_lambda": 9.769767077837283}, "datetime": {"datetime": "2021-03-24 07:17:44", "elapsed": 233.250879, "delta": 1.408456}}
{"target": -0.3356929962651507, "params": {"model__colsample_bylevel": 0.9741367445022675, "model__colsample_bynode": 0.9481641557947129, "model__colsample_bytree": 0.5667135042550253, "model__learning_rate": 0.29261135395696825, "model__max_depth": 2.1231431219441066, "model__n_estimators": 21.751284183646774, "model__reg_lambda": 0.049808979138064036}, "datetime": {"datetime": "2021-03-24 07:17:46", "elapsed": 234.940935, "delta": 1.690056}}
{"target": -0.40095946879085637, "params": {"model__colsample_bylevel": 0.3, "model__colsample_bynode": 1.0, "model__colsample_bytree": 0.3, "model__learning_rate": 0.3, "model__max_depth": 2.0, "model__n_estimators": 17.852208144961267, "model__reg_lambda": 10.0}, "datetime": {"datetime": "2021-03-24 07:17:48", "elapsed": 236.45392, "delta": 1.512985}}
{"target": -0.34790127219774, "params": {"model__colsample_bylevel": 0.9242519570811352, "model__colsample_bynode": 0.42951718657295823, "model__colsample_bytree": 0.9908414657652806, "model__learning_rate": 0.24064762567481032, "model__max_depth": 4.654304933327303, "model__n_estimators": 20.648678362058305, "model__reg_lambda": 1.9731337478802613}, "datetime": {"datetime": "2021-03-24 07:17:49", "elapsed": 237.75436, "delta": 1.30044}}
{"target": -0.34370274838225484, "params": {"model__colsample_bylevel": 0.9659541950507775, "model__colsample_bynode": 0.6443846254150114, "model__colsample_bytree": 0.8585720021583594, "model__learning_rate": 0.2881945797272459, "model__max_depth": 7.988230783866521, "model__n_estimators": 23.13215716013375, "model__reg_lambda": 2.968149552852605}, "datetime": {"datetime": "2021-03-24 07:17:50", "elapsed": 239.273418, "delta": 1.519058}}
{"target": -0.34119432804966016, "params": {"model__colsample_bylevel": 0.8943835057975775, "model__colsample_bynode": 0.31466162873636305, "model__colsample_bytree": 0.9684563255043097, "model__learning_rate": 0.2194787044123862, "model__max_depth": 3.6490371211829995, "model__n_estimators": 29.79883884040028, "model__reg_lambda": 1.2710825058526554}, "datetime": {"datetime": "2021-03-24 07:17:52", "elapsed": 240.876695, "delta": 1.603277}}
{"target": -0.3513594954316774, "params": {"model__colsample_bylevel": 0.7066067375438043, "model__colsample_bynode": 0.8370287336030686, "model__colsample_bytree": 0.36310532445420846, "model__learning_rate": 0.27196550914457124, "model__max_depth": 4.813176974819282, "model__n_estimators": 29.957241457719654, "model__reg_lambda": 3.5619524066267427}, "datetime": {"datetime": "2021-03-24 07:17:54", "elapsed": 242.439698, "delta": 1.563003}}
{"target": -0.3476552841476286, "params": {"model__colsample_bylevel": 0.9545884612045317, "model__colsample_bynode": 0.4004710911673087, "model__colsample_bytree": 0.9913682964562933, "model__learning_rate": 0.2578145669334795, "model__max_depth": 6.040773131469249, "model__n_estimators": 18.456128128039936, "model__reg_lambda": 1.4333218459479002}, "datetime": {"datetime": "2021-03-24 07:17:55", "elapsed": 243.798446, "delta": 1.358748}}
{"target": -0.3419278976470367, "params": {"model__colsample_bylevel": 0.938654237130988, "model__colsample_bynode": 0.9794862894091357, "model__colsample_bytree": 1.0, "model__learning_rate": 0.3, "model__max_depth": 7.828793662167456, "model__n_estimators": 23.52509025039546, "model__reg_lambda": 6.001943095377425}, "datetime": {"datetime": "2021-03-24 07:17:57", "elapsed": 245.574079, "delta": 1.775633}}
{"target": -0.3367524649640815, "params": {"model__colsample_bylevel": 0.9117097694726211, "model__colsample_bynode": 0.3146981413057051, "model__colsample_bytree": 0.701703924031907, "model__learning_rate": 0.2866486667789515, "model__max_depth": 4.492926712225891, "model__n_estimators": 27.797245866739473, "model__reg_lambda": 9.847901198864875}, "datetime": {"datetime": "2021-03-24 07:17:58", "elapsed": 246.906235, "delta": 1.332156}}
{"target": -0.3325493998941965, "params": {"model__colsample_bylevel": 0.9994711595101007, "model__colsample_bynode": 0.9693718127260624, "model__colsample_bytree": 0.9491571966306449, "model__learning_rate": 0.2977320218135363, "model__max_depth": 3.462793614904027, "model__n_estimators": 16.77328034822456, "model__reg_lambda": 2.687386668579191}, "datetime": {"datetime": "2021-03-24 07:18:00", "elapsed": 248.674002, "delta": 1.767767}}
{"target": -0.32350695407873464, "params": {"model__colsample_bylevel": 0.9713274235600033, "model__colsample_bynode": 0.5507724814313304, "model__colsample_bytree": 0.37013358263597357, "model__learning_rate": 0.28159017227584876, "model__max_depth": 6.684024872969694, "model__n_estimators": 27.410094238890075, "model__reg_lambda": 0.11156765063999541}, "datetime": {"datetime": "2021-03-24 07:18:02", "elapsed": 250.420205, "delta": 1.746203}}
{"target": -0.32465480538068237, "params": {"model__colsample_bylevel": 0.9217312785290173, "model__colsample_bynode": 0.9682551066018854, "model__colsample_bytree": 0.8608059328271915, "model__learning_rate": 0.2819414871747953, "model__max_depth": 2.3092942532898846, "model__n_estimators": 17.769262871961995, "model__reg_lambda": 0.5556613299459101}, "datetime": {"datetime": "2021-03-24 07:18:04", "elapsed": 252.453602, "delta": 2.033397}}
{"target": -0.3355121381126135, "params": {"model__colsample_bylevel": 0.9974103703938741, "model__colsample_bynode": 0.7023444734260098, "model__colsample_bytree": 0.8703098870866346, "model__learning_rate": 0.2911895476310692, "model__max_depth": 2.61548239446014, "model__n_estimators": 28.83156413065307, "model__reg_lambda": 2.990574467496142}, "datetime": {"datetime": "2021-03-24 07:18:06", "elapsed": 254.86303, "delta": 2.409428}}
{"target": -0.36300270702838355, "params": {"model__colsample_bylevel": 0.8183240594107266, "model__colsample_bynode": 0.30071490070093015, "model__colsample_bytree": 0.3930176306433072, "model__learning_rate": 0.2867409562999139, "model__max_depth": 7.816800585791921, "model__n_estimators": 25.489687773616847, "model__reg_lambda": 9.027137255782863}, "datetime": {"datetime": "2021-03-24 07:18:07", "elapsed": 256.231492, "delta": 1.368462}}
{"target": -0.3367481702970732, "params": {"model__colsample_bylevel": 0.8813713375211178, "model__colsample_bynode": 0.37440336296401033, "model__colsample_bytree": 0.9958333977917655, "model__learning_rate": 0.29429367519772753, "model__max_depth": 3.419323811850979, "model__n_estimators": 24.724457759183114, "model__reg_lambda": 4.3635195627368715}, "datetime": {"datetime": "2021-03-24 07:18:09", "elapsed": 257.492132, "delta": 1.26064}}
{"target": -0.3485760127008636, "params": {"model__colsample_bylevel": 0.41339236323613726, "model__colsample_bynode": 0.9380318531478011, "model__colsample_bytree": 0.4278216715126517, "model__learning_rate": 0.29726803070653807, "model__max_depth": 6.456383185474343, "model__n_estimators": 28.09104719647629, "model__reg_lambda": 6.439436387095382}, "datetime": {"datetime": "2021-03-24 07:18:10", "elapsed": 258.855901, "delta": 1.363769}}
{"target": -0.3400966223653244, "params": {"model__colsample_bylevel": 0.39966753004780964, "model__colsample_bynode": 0.9175762200367641, "model__colsample_bytree": 0.9836517515576773, "model__learning_rate": 0.2991780868698696, "model__max_depth": 2.046400543563356, "model__n_estimators": 17.339537705373797, "model__reg_lambda": 0.24646218583716295}, "datetime": {"datetime": "2021-03-24 07:18:12", "elapsed": 261.104605, "delta": 2.248704}}
{"target": -0.35486160261772465, "params": {"model__colsample_bylevel": 0.9999999996506065, "model__colsample_bynode": 0.3, "model__colsample_bytree": 1.0, "model__learning_rate": 0.3, "model__max_depth": 6.2099355068263735, "model__n_estimators": 15.0, "model__reg_lambda": 4.3594224034104405}, "datetime": {"datetime": "2021-03-24 07:18:14", "elapsed": 262.522816, "delta": 1.418211}}
{"target": -0.353307862102351, "params": {"model__colsample_bylevel": 0.9700274367059198, "model__colsample_bynode": 0.9160340944191583, "model__colsample_bytree": 0.819023959781779, "model__learning_rate": 0.16956107731801093, "model__max_depth": 3.5590595969508962, "model__n_estimators": 17.541810650446305, "model__reg_lambda": 0.011408627778987102}, "datetime": {"datetime": "2021-03-24 07:18:16", "elapsed": 264.561154, "delta": 2.038338}}
{"target": -0.3543722523700284, "params": {"model__colsample_bylevel": 0.928046627089387, "model__colsample_bynode": 0.9828809129637073, "model__colsample_bytree": 0.4439936907911675, "model__learning_rate": 0.28456917892915323, "model__max_depth": 6.044546768177709, "model__n_estimators": 20.97649302637621, "model__reg_lambda": 4.167600726508285}, "datetime": {"datetime": "2021-03-24 07:18:17", "elapsed": 266.071129, "delta": 1.509975}}
{"target": -0.3489160143490206, "params": {"model__colsample_bylevel": 0.8896353454017918, "model__colsample_bynode": 0.9480356660678548, "model__colsample_bytree": 0.919227148165507, "model__learning_rate": 0.27432305825685765, "model__max_depth": 5.962625556345882, "model__n_estimators": 23.54042699375305, "model__reg_lambda": 9.955983186767165}, "datetime": {"datetime": "2021-03-24 07:18:20", "elapsed": 268.453009, "delta": 2.38188}}
{"target": -0.3778551904378337, "params": {"model__colsample_bylevel": 0.8884762310125074, "model__colsample_bynode": 0.3837797180266772, "model__colsample_bytree": 0.9730275861311188, "model__learning_rate": 0.29838553140586477, "model__max_depth": 7.916076590032449, "model__n_estimators": 18.04023097818137, "model__reg_lambda": 1.9646059656886605}, "datetime": {"datetime": "2021-03-24 07:18:21", "elapsed": 270.095828, "delta": 1.642819}}
{"target": -0.3535589880671055, "params": {"model__colsample_bylevel": 0.9695122425335256, "model__colsample_bynode": 0.8069186334331131, "model__colsample_bytree": 0.44388474727518545, "model__learning_rate": 0.29783552276077196, "model__max_depth": 7.270397338962534, "model__n_estimators": 18.261268104301543, "model__reg_lambda": 3.7778764272313072}, "datetime": {"datetime": "2021-03-24 07:18:23", "elapsed": 271.68515, "delta": 1.589322}}
{"target": -0.3956127442321673, "params": {"model__colsample_bylevel": 0.3264525858410219, "model__colsample_bynode": 0.9111073419001436, "model__colsample_bytree": 0.329295361191568, "model__learning_rate": 0.29838269309417165, "model__max_depth": 7.085967249568792, "model__n_estimators": 18.50487587998617, "model__reg_lambda": 2.075836715296293}, "datetime": {"datetime": "2021-03-24 07:18:24", "elapsed": 272.989136, "delta": 1.303986}}
{"target": -0.39234502975832325, "params": {"model__colsample_bylevel": 0.9537283797365975, "model__colsample_bynode": 1.0, "model__colsample_bytree": 0.3, "model__learning_rate": 0.3, "model__max_depth": 8.0, "model__n_estimators": 15.02634627730209, "model__reg_lambda": 0.07819418900790562}, "datetime": {"datetime": "2021-03-24 07:18:26", "elapsed": 274.817784, "delta": 1.828648}}
{"target": -0.33603461834507575, "params": {"model__colsample_bylevel": 0.9999999996246896, "model__colsample_bynode": 0.3000000001280551, "model__colsample_bytree": 1.0, "model__learning_rate": 0.3, "model__max_depth": 7.999999999380056, "model__n_estimators": 26.517960573041247, "model__reg_lambda": 9.998968697474087}, "datetime": {"datetime": "2021-03-24 07:18:28", "elapsed": 276.660192, "delta": 1.842408}}
{"target": -0.37873187310187195, "params": {"model__colsample_bylevel": 0.3405233883051821, "model__colsample_bynode": 0.5178947287922484, "model__colsample_bytree": 0.344036096752985, "model__learning_rate": 0.2894746342717597, "model__max_depth": 6.7030334534685885, "model__n_estimators": 25.975993417002385, "model__reg_lambda": 1.0557687560375728}, "datetime": {"datetime": "2021-03-24 07:18:30", "elapsed": 278.471873, "delta": 1.811681}}
{"target": -0.3915206088934201, "params": {"model__colsample_bylevel": 0.300000001456741, "model__colsample_bynode": 1.0, "model__colsample_bytree": 1.0, "model__learning_rate": 0.3, "model__max_depth": 2.1132024765267547, "model__n_estimators": 22.506165799698344, "model__reg_lambda": 8.017128833142385}, "datetime": {"datetime": "2021-03-24 07:18:31", "elapsed": 279.897284, "delta": 1.425411}}
{"target": -0.3358491421278998, "params": {"model__colsample_bylevel": 0.7488771635864035, "model__colsample_bynode": 0.508802036805049, "model__colsample_bytree": 0.9142722365559723, "model__learning_rate": 0.19185468422155416, "model__max_depth": 7.9770348056039575, "model__n_estimators": 25.085608692903456, "model__reg_lambda": 2.8589152346589044}, "datetime": {"datetime": "2021-03-24 07:18:33", "elapsed": 281.494794, "delta": 1.59751}}
{"target": -0.357092495477738, "params": {"model__colsample_bylevel": 0.9955536280118709, "model__colsample_bynode": 0.37064423406493785, "model__colsample_bytree": 0.5360717764167511, "model__learning_rate": 0.29188216237605374, "model__max_depth": 5.404911186628439, "model__n_estimators": 20.18307834281681, "model__reg_lambda": 0.10779850864700236}, "datetime": {"datetime": "2021-03-24 07:18:35", "elapsed": 283.387881, "delta": 1.893087}}
