{"target": -0.3490983103273734, "params": {"model__colsample_bylevel": 0.5653949576075261, "model__colsample_bynode": 0.9821767130807368, "model__colsample_bytree": 0.9243143773267404, "model__learning_rate": 0.20196603919474665, "model__max_depth": 3.1441163368048013, "model__n_estimators": 29.03948721866762, "model__reg_lambda": 9.240587585144452}, "datetime": {"datetime": "2021-03-24 07:16:28", "elapsed": 156.662246, "delta": 1.410522}}
{"target": -0.35519640501116173, "params": {"model__colsample_bylevel": 0.9742809792459564, "model__colsample_bynode": 0.9904243521158138, "model__colsample_bytree": 0.7219815544196405, "model__learning_rate": 0.2182325198277727, "model__max_depth": 7.98905219108992, "model__n_estimators": 18.702749852348145, "model__reg_lambda": 2.3179358695707144}, "datetime": {"datetime": "2021-03-24 07:16:29", "elapsed": 158.113049, "delta": 1.450803}}
{"target": -0.33764541054336844, "params": {"model__colsample_bylevel": 0.35001964840718375, "model__colsample_bynode": 0.42950547158375174, "model__colsample_bytree": 0.9652966297492713, "model__learning_rate": 0.29134256568520267, "model__max_depth": 6.881704093752305, "model__n_estimators": 18.377861738324192, "model__reg_lambda": 2.8739679382267047}, "datetime": {"datetime": "2021-03-24 07:16:31", "elapsed": 159.543534, "delta": 1.430485}}
{"target": -0.3083806135215918, "params": {"model__colsample_bylevel": 0.8614298812162275, "model__colsample_bynode": 0.9608192688763675, "model__colsample_bytree": 0.7860329223666761, "model__learning_rate": 0.27903708221715406, "model__max_depth": 3.1603354483263097, "model__n_estimators": 26.09471509840552, "model__reg_lambda": 0.026210586215535958}, "datetime": {"datetime": "2021-03-24 07:16:32", "elapsed": 160.993379, "delta": 1.449845}}
{"target": -0.41509620461855895, "params": {"model__colsample_bylevel": 1.0, "model__colsample_bynode": 1.0, "model__colsample_bytree": 0.3, "model__learning_rate": 0.3, "model__max_depth": 8.0, "model__n_estimators": 15.0, "model__reg_lambda": 8.990610150638037}, "datetime": {"datetime": "2021-03-24 07:16:34", "elapsed": 162.499259, "delta": 1.50588}}
{"target": -0.3709355379441294, "params": {"model__colsample_bylevel": 0.35629731495181277, "model__colsample_bynode": 0.9935201589818083, "model__colsample_bytree": 0.6539839533675034, "model__learning_rate": 0.2974659256404273, "model__max_depth": 2.0143315215360946, "model__n_estimators": 22.823101807002953, "model__reg_lambda": 5.5531911092506006}, "datetime": {"datetime": "2021-03-24 07:16:35", "elapsed": 163.756241, "delta": 1.256982}}
{"target": -0.36500961943384025, "params": {"model__colsample_bylevel": 1.0, "model__colsample_bynode": 1.0, "model__colsample_bytree": 0.9999999999999968, "model__learning_rate": 0.2999999999999966, "model__max_depth": 7.999999999999993, "model__n_estimators": 24.076765315220648, "model__reg_lambda": 0.0}, "datetime": {"datetime": "2021-03-24 07:16:36", "elapsed": 165.085046, "delta": 1.328805}}
{"target": -0.3782083120527745, "params": {"model__colsample_bylevel": 1.0, "model__colsample_bynode": 1.0, "model__colsample_bytree": 1.0, "model__learning_rate": 0.3, "model__max_depth": 2.0, "model__n_estimators": 15.0, "model__reg_lambda": 4.764907914212488}, "datetime": {"datetime": "2021-03-24 07:16:38", "elapsed": 166.589021, "delta": 1.503975}}
{"target": -0.3299030733068703, "params": {"model__colsample_bylevel": 0.37153477995127726, "model__colsample_bynode": 0.32000077799682514, "model__colsample_bytree": 0.8909815321437613, "model__learning_rate": 0.29710488489741427, "model__max_depth": 6.992310874072901, "model__n_estimators": 24.276107259635182, "model__reg_lambda": 1.9795334240004536}, "datetime": {"datetime": "2021-03-24 07:16:39", "elapsed": 167.7917, "delta": 1.202679}}
{"target": -0.32292340154408655, "params": {"model__colsample_bylevel": 0.3, "model__colsample_bynode": 0.3, "model__colsample_bytree": 0.9519802116360235, "model__learning_rate": 0.3, "model__max_depth": 7.952885266703706, "model__n_estimators": 27.478028929797222, "model__reg_lambda": 3.62134467993287}, "datetime": {"datetime": "2021-03-24 07:16:40", "elapsed": 168.997847, "delta": 1.206147}}
{"target": -0.3696103463553405, "params": {"model__colsample_bylevel": 1.0, "model__colsample_bynode": 1.0, "model__colsample_bytree": 0.3000000072810094, "model__learning_rate": 0.3, "model__max_depth": 5.922101841113877, "model__n_estimators": 15.0, "model__reg_lambda": 0.0}, "datetime": {"datetime": "2021-03-24 07:16:42", "elapsed": 170.578124, "delta": 1.580277}}
{"target": -0.3587316210557575, "params": {"model__colsample_bylevel": 1.0, "model__colsample_bynode": 1.0, "model__colsample_bytree": 1.0, "model__learning_rate": 0.2999999999999979, "model__max_depth": 4.815189183195721, "model__n_estimators": 30.0, "model__reg_lambda": 0.0}, "datetime": {"datetime": "2021-03-24 07:16:43", "elapsed": 171.945733, "delta": 1.367609}}
{"target": -0.335641805022496, "params": {"model__colsample_bylevel": 0.4789535599591246, "model__colsample_bynode": 0.9288016880383247, "model__colsample_bytree": 0.8756159878507399, "model__learning_rate": 0.2985695343470979, "model__max_depth": 7.780832806636555, "model__n_estimators": 25.88575750497861, "model__reg_lambda": 5.654810821894934}, "datetime": {"datetime": "2021-03-24 07:16:45", "elapsed": 173.470112, "delta": 1.524379}}
{"target": -0.3242715387222141, "params": {"model__colsample_bylevel": 0.32966872428885285, "model__colsample_bynode": 0.39046424935060875, "model__colsample_bytree": 0.8465885602046297, "model__learning_rate": 0.25478525537330543, "model__max_depth": 3.485507165166913, "model__n_estimators": 29.980579205780195, "model__reg_lambda": 2.3965875949468263}, "datetime": {"datetime": "2021-03-24 07:16:46", "elapsed": 174.947291, "delta": 1.477179}}
{"target": -0.3412054669928561, "params": {"model__colsample_bylevel": 1.0, "model__colsample_bynode": 0.9999999998031444, "model__colsample_bytree": 0.5114558782826003, "model__learning_rate": 0.3, "model__max_depth": 4.049700013607071, "model__n_estimators": 25.31523666699268, "model__reg_lambda": 9.999999996978426}, "datetime": {"datetime": "2021-03-24 07:16:48", "elapsed": 176.38217, "delta": 1.434879}}
{"target": -0.3400003914090305, "params": {"model__colsample_bylevel": 0.9353519316887007, "model__colsample_bynode": 0.36980405776641545, "model__colsample_bytree": 0.8830047775062149, "model__learning_rate": 0.275195909272048, "model__max_depth": 5.767668743525967, "model__n_estimators": 29.002531150727926, "model__reg_lambda": 7.121863289386557}, "datetime": {"datetime": "2021-03-24 07:16:49", "elapsed": 177.969321, "delta": 1.587151}}
{"target": -0.32290774194854377, "params": {"model__colsample_bylevel": 0.91242445814223, "model__colsample_bynode": 0.5207057360004989, "model__colsample_bytree": 0.8101404130493797, "model__learning_rate": 0.28828005678605867, "model__max_depth": 7.886793911200629, "model__n_estimators": 21.350120562779715, "model__reg_lambda": 5.031263951898958}, "datetime": {"datetime": "2021-03-24 07:16:51", "elapsed": 179.67816, "delta": 1.708839}}
{"target": -0.35607187482899566, "params": {"model__colsample_bylevel": 0.8387032363620863, "model__colsample_bynode": 0.34449424027364295, "model__colsample_bytree": 0.31636579300586015, "model__learning_rate": 0.29267492848640353, "model__max_depth": 5.12228497157051, "model__n_estimators": 24.06771614504762, "model__reg_lambda": 3.291320966803686}, "datetime": {"datetime": "2021-03-24 07:16:52", "elapsed": 180.773973, "delta": 1.095813}}
{"target": -0.3493910507373242, "params": {"model__colsample_bylevel": 0.32170793711035867, "model__colsample_bynode": 0.8059790098733124, "model__colsample_bytree": 0.35026042641026217, "model__learning_rate": 0.28840872892301483, "model__max_depth": 5.051137081783599, "model__n_estimators": 28.552058848350587, "model__reg_lambda": 7.751741771002391}, "datetime": {"datetime": "2021-03-24 07:16:53", "elapsed": 181.942622, "delta": 1.168649}}
{"target": -0.32048121327981416, "params": {"model__colsample_bylevel": 0.999666546051089, "model__colsample_bynode": 0.3703308976858112, "model__colsample_bytree": 0.989127837580841, "model__learning_rate": 0.2958061977561802, "model__max_depth": 3.5590017909557243, "model__n_estimators": 19.75701447356731, "model__reg_lambda": 0.10743881698968782}, "datetime": {"datetime": "2021-03-24 07:16:55", "elapsed": 183.360277, "delta": 1.417655}}
{"target": -0.3304498715788477, "params": {"model__colsample_bylevel": 0.3, "model__colsample_bynode": 0.3, "model__colsample_bytree": 0.9823207927108956, "model__learning_rate": 0.3, "model__max_depth": 7.999999993155805, "model__n_estimators": 29.999999993011794, "model__reg_lambda": 2.2174536305194628}, "datetime": {"datetime": "2021-03-24 07:16:56", "elapsed": 184.553122, "delta": 1.192845}}
{"target": -0.32784860630779517, "params": {"model__colsample_bylevel": 0.9549731546659963, "model__colsample_bynode": 1.0, "model__colsample_bytree": 1.0, "model__learning_rate": 0.3, "model__max_depth": 4.36273976962216, "model__n_estimators": 24.65235518869039, "model__reg_lambda": 7.177631989111478}, "datetime": {"datetime": "2021-03-24 07:16:58", "elapsed": 186.327537, "delta": 1.774415}}
{"target": -0.39601103859697134, "params": {"model__colsample_bylevel": 0.9581339681868393, "model__colsample_bynode": 0.350670494289319, "model__colsample_bytree": 0.9719223637160335, "model__learning_rate": 0.12149209539165406, "model__max_depth": 7.829476810716138, "model__n_estimators": 29.192737859304366, "model__reg_lambda": 8.81838445024138}, "datetime": {"datetime": "2021-03-24 07:16:59", "elapsed": 187.921995, "delta": 1.594458}}
{"target": -0.3329960091021823, "params": {"model__colsample_bylevel": 0.46441348572595653, "model__colsample_bynode": 0.8767929558458323, "model__colsample_bytree": 0.9071012078451148, "model__learning_rate": 0.29730924226776334, "model__max_depth": 2.7960482558864763, "model__n_estimators": 25.303958805634423, "model__reg_lambda": 3.0740072057814762}, "datetime": {"datetime": "2021-03-24 07:17:00", "elapsed": 189.283157, "delta": 1.361162}}
{"target": -0.32440213129157197, "params": {"model__colsample_bylevel": 0.4718920696735287, "model__colsample_bynode": 0.9561920745109622, "model__colsample_bytree": 0.669970148088282, "model__learning_rate": 0.296597846458141, "model__max_depth": 2.034243741365768, "model__n_estimators": 28.648808429626563, "model__reg_lambda": 1.584506575005874}, "datetime": {"datetime": "2021-03-24 07:17:02", "elapsed": 190.679464, "delta": 1.396307}}
{"target": -0.3469947264958308, "params": {"model__colsample_bylevel": 0.8402799279697817, "model__colsample_bynode": 0.9301627600720699, "model__colsample_bytree": 0.34627264692950416, "model__learning_rate": 0.2874730749484805, "model__max_depth": 5.654308505031591, "model__n_estimators": 29.8196247751576, "model__reg_lambda": 6.148035713410467}, "datetime": {"datetime": "2021-03-24 07:17:04", "elapsed": 192.368559, "delta": 1.689095}}
{"target": -0.39809813303333047, "params": {"model__colsample_bylevel": 0.9900233058817127, "model__colsample_bynode": 0.5065821741654203, "model__colsample_bytree": 0.3175049547297223, "model__learning_rate": 0.25709029168910713, "model__max_depth": 7.712179280434007, "model__n_estimators": 21.17223857899521, "model__reg_lambda": 9.996392271608403}, "datetime": {"datetime": "2021-03-24 07:17:05", "elapsed": 193.794181, "delta": 1.425622}}
{"target": -0.31889355191399943, "params": {"model__colsample_bylevel": 0.6160214175589069, "model__colsample_bynode": 0.8892340574836031, "model__colsample_bytree": 0.7280894416697334, "model__learning_rate": 0.26850546923006124, "model__max_depth": 3.0618371156721054, "model__n_estimators": 24.161212365246442, "model__reg_lambda": 0.15004007550236897}, "datetime": {"datetime": "2021-03-24 07:17:07", "elapsed": 195.299744, "delta": 1.505563}}
{"target": -0.3323484986934447, "params": {"model__colsample_bylevel": 0.951578778002452, "model__colsample_bynode": 0.8777912958695913, "model__colsample_bytree": 0.9365825846572113, "model__learning_rate": 0.2576188225661605, "model__max_depth": 2.359069534806228, "model__n_estimators": 20.300929318085203, "model__reg_lambda": 0.006019888630396375}, "datetime": {"datetime": "2021-03-24 07:17:08", "elapsed": 196.856622, "delta": 1.556878}}
{"target": -0.33705491363796386, "params": {"model__colsample_bylevel": 0.467262250396277, "model__colsample_bynode": 0.9895690399342965, "model__colsample_bytree": 0.9437510880396915, "model__learning_rate": 0.29634120039215006, "model__max_depth": 7.971568555651765, "model__n_estimators": 28.368168387608183, "model__reg_lambda": 6.506622996005664}, "datetime": {"datetime": "2021-03-24 07:17:09", "elapsed": 198.033547, "delta": 1.176925}}
{"target": -0.3566761185145141, "params": {"model__colsample_bylevel": 0.44753477381761547, "model__colsample_bynode": 0.9259210362615753, "model__colsample_bytree": 0.9243079898783884, "model__learning_rate": 0.28624849466484836, "model__max_depth": 4.561918796864131, "model__n_estimators": 19.569462212276427, "model__reg_lambda": 5.799001647147808}, "datetime": {"datetime": "2021-03-24 07:17:11", "elapsed": 199.556643, "delta": 1.523096}}
{"target": -0.34959365790743596, "params": {"model__colsample_bylevel": 1.0, "model__colsample_bynode": 0.9999999958374818, "model__colsample_bytree": 1.0, "model__learning_rate": 0.3, "model__max_depth": 7.999999997582913, "model__n_estimators": 15.0, "model__reg_lambda": 3.9378976303491755}, "datetime": {"datetime": "2021-03-24 07:17:12", "elapsed": 201.022232, "delta": 1.465589}}
{"target": -0.3254593954404708, "params": {"model__colsample_bylevel": 0.9651719336387785, "model__colsample_bynode": 0.8060611021698203, "model__colsample_bytree": 0.9642580021211451, "model__learning_rate": 0.17200676737901321, "model__max_depth": 2.8001074595358175, "model__n_estimators": 21.408186631685766, "model__reg_lambda": 0.23957762539561167}, "datetime": {"datetime": "2021-03-24 07:17:14", "elapsed": 202.784168, "delta": 1.761936}}
{"target": -0.34816320417921287, "params": {"model__colsample_bylevel": 0.9730976286901065, "model__colsample_bynode": 0.9744712175597219, "model__colsample_bytree": 0.9158691198264306, "model__learning_rate": 0.2827887290618386, "model__max_depth": 7.378806249260837, "model__n_estimators": 26.461638883951167, "model__reg_lambda": 7.627375935044479}, "datetime": {"datetime": "2021-03-24 07:17:15", "elapsed": 204.192734, "delta": 1.408566}}
{"target": -0.34448702169642986, "params": {"model__colsample_bylevel": 1.0, "model__colsample_bynode": 0.9315948946300061, "model__colsample_bytree": 1.0, "model__learning_rate": 0.3, "model__max_depth": 6.324422288573803, "model__n_estimators": 26.954992626149508, "model__reg_lambda": 5.567423959929536}, "datetime": {"datetime": "2021-03-24 07:17:17", "elapsed": 205.514081, "delta": 1.321347}}
{"target": -0.33380261696841346, "params": {"model__colsample_bylevel": 0.9442091850601162, "model__colsample_bynode": 0.9058843347503143, "model__colsample_bytree": 0.4186205702357553, "model__learning_rate": 0.2723969694406171, "model__max_depth": 3.4067999080657776, "model__n_estimators": 29.86112442572999, "model__reg_lambda": 9.798484660197749}, "datetime": {"datetime": "2021-03-24 07:17:18", "elapsed": 207.247821, "delta": 1.73374}}
{"target": -0.30775047987176485, "params": {"model__colsample_bylevel": 0.9955544766836832, "model__colsample_bynode": 0.7791885810570645, "model__colsample_bytree": 0.8423061678965678, "model__learning_rate": 0.2976741471687333, "model__max_depth": 2.4006516221162357, "model__n_estimators": 25.632902472641177, "model__reg_lambda": 0.15296559365211126}, "datetime": {"datetime": "2021-03-24 07:17:20", "elapsed": 208.583092, "delta": 1.335271}}
{"target": -0.36054546631589207, "params": {"model__colsample_bylevel": 0.434570229235276, "model__colsample_bynode": 0.9982268851592855, "model__colsample_bytree": 0.5008657518142684, "model__learning_rate": 0.26796527656099534, "model__max_depth": 3.4769025278515993, "model__n_estimators": 23.874775503615425, "model__reg_lambda": 7.173657565999402}, "datetime": {"datetime": "2021-03-24 07:17:22", "elapsed": 210.513479, "delta": 1.930387}}
{"target": -0.3397887372482649, "params": {"model__colsample_bylevel": 0.3599870513970616, "model__colsample_bynode": 0.3528020484706502, "model__colsample_bytree": 0.9193832413710539, "model__learning_rate": 0.29311346430250546, "model__max_depth": 4.423364538954958, "model__n_estimators": 28.59234255494333, "model__reg_lambda": 3.9416948856107425}, "datetime": {"datetime": "2021-03-24 07:17:23", "elapsed": 211.842883, "delta": 1.329404}}
{"target": -0.3520505257079081, "params": {"model__colsample_bylevel": 0.30000000145372685, "model__colsample_bynode": 1.0, "model__colsample_bytree": 1.0, "model__learning_rate": 0.3, "model__max_depth": 8.0, "model__n_estimators": 18.295576521083852, "model__reg_lambda": 6.701811118305023}, "datetime": {"datetime": "2021-03-24 07:17:25", "elapsed": 213.42849, "delta": 1.585607}}
{"target": -0.38737028953011915, "params": {"model__colsample_bylevel": 0.7156142828377856, "model__colsample_bynode": 0.8225092936237559, "model__colsample_bytree": 0.8417842041754022, "model__learning_rate": 0.2219267467908121, "model__max_depth": 2.0338270122622806, "model__n_estimators": 25.50298317547258, "model__reg_lambda": 9.993152326212158}, "datetime": {"datetime": "2021-03-24 07:17:26", "elapsed": 214.630994, "delta": 1.202504}}
{"target": -0.33394682235624373, "params": {"model__colsample_bylevel": 0.9179574041260634, "model__colsample_bynode": 0.9803524158857451, "model__colsample_bytree": 0.8075926748495554, "model__learning_rate": 0.1261055067941616, "model__max_depth": 2.9080222355897325, "model__n_estimators": 24.405446802043773, "model__reg_lambda": 0.005625777140655375}, "datetime": {"datetime": "2021-03-24 07:17:27", "elapsed": 216.091701, "delta": 1.460707}}
{"target": -0.37829911001397815, "params": {"model__colsample_bylevel": 0.9739321849876821, "model__colsample_bynode": 0.3152379634504125, "model__colsample_bytree": 0.9113974766910498, "model__learning_rate": 0.19524682842207675, "model__max_depth": 2.199451635844831, "model__n_estimators": 24.307819282350323, "model__reg_lambda": 2.5678007897307875}, "datetime": {"datetime": "2021-03-24 07:17:29", "elapsed": 217.468601, "delta": 1.3769}}
{"target": -0.33888055298146724, "params": {"model__colsample_bylevel": 1.0, "model__colsample_bynode": 1.0, "model__colsample_bytree": 0.9999999955461149, "model__learning_rate": 0.3, "model__max_depth": 5.433729758475854, "model__n_estimators": 20.9012200191781, "model__reg_lambda": 8.954312967750944}, "datetime": {"datetime": "2021-03-24 07:17:30", "elapsed": 219.110824, "delta": 1.642223}}
{"target": -0.35241771557273854, "params": {"model__colsample_bylevel": 1.0, "model__colsample_bynode": 0.568957760377902, "model__colsample_bytree": 0.3775769168001544, "model__learning_rate": 0.3, "model__max_depth": 2.0117969911763853, "model__n_estimators": 17.182624240943383, "model__reg_lambda": 0.0}, "datetime": {"datetime": "2021-03-24 07:17:32", "elapsed": 220.497538, "delta": 1.386714}}
{"target": -0.3669489904661137, "params": {"model__colsample_bylevel": 0.9137686457311931, "model__colsample_bynode": 0.9203131506147233, "model__colsample_bytree": 0.9390690750295467, "model__learning_rate": 0.2791978708610021, "model__max_depth": 4.885864623827001, "model__n_estimators": 21.674607559390036, "model__reg_lambda": 0.030162884843940585}, "datetime": {"datetime": "2021-03-24 07:17:33", "elapsed": 221.973369, "delta": 1.475831}}
{"target": -0.2892070865500685, "params": {"model__colsample_bylevel": 0.4634685245451294, "model__colsample_bynode": 1.0, "model__colsample_bytree": 0.9580409589562816, "model__learning_rate": 0.3, "model__max_depth": 2.294346939488675, "model__n_estimators": 26.747339045512312, "model__reg_lambda": 0.0}, "datetime": {"datetime": "2021-03-24 07:17:35", "elapsed": 223.70926, "delta": 1.735891}}
{"target": -0.3808279178267263, "params": {"model__colsample_bylevel": 1.0, "model__colsample_bynode": 0.3, "model__colsample_bytree": 1.0, "model__learning_rate": 0.3, "model__max_depth": 4.445419108870344, "model__n_estimators": 15.0, "model__reg_lambda": 10.0}, "datetime": {"datetime": "2021-03-24 07:17:37", "elapsed": 225.29107, "delta": 1.58181}}
{"target": -0.3617989429313203, "params": {"model__colsample_bylevel": 0.9928651180170578, "model__colsample_bynode": 0.33042229352710867, "model__colsample_bytree": 0.8861799198527842, "model__learning_rate": 0.26654288197267306, "model__max_depth": 6.453405699843204, "model__n_estimators": 22.9706572628306, "model__reg_lambda": 5.431765874478084}, "datetime": {"datetime": "2021-03-24 07:17:38", "elapsed": 227.15096, "delta": 1.85989}}
{"target": -0.36689617667765606, "params": {"model__colsample_bylevel": 0.5875367596410283, "model__colsample_bynode": 1.0, "model__colsample_bytree": 1.0, "model__learning_rate": 0.3, "model__max_depth": 2.0, "model__n_estimators": 18.436347266882727, "model__reg_lambda": 6.9936644792558615}, "datetime": {"datetime": "2021-03-24 07:17:40", "elapsed": 228.810402, "delta": 1.659442}}
{"target": -0.3533803241151939, "params": {"model__colsample_bylevel": 0.30000017756967007, "model__colsample_bynode": 1.0, "model__colsample_bytree": 1.0, "model__learning_rate": 0.3, "model__max_depth": 3.8012682082391502, "model__n_estimators": 15.00000027109781, "model__reg_lambda": 3.556671618448449}, "datetime": {"datetime": "2021-03-24 07:17:42", "elapsed": 230.420928, "delta": 1.610526}}
