{"target": -0.4196013815593028, "params": {"model__colsample_bylevel": 0.3787801798303496, "model__colsample_bynode": 0.8891488038898538, "model__colsample_bytree": 0.682252315571295, "model__learning_rate": 0.1522033166295056, "model__max_depth": 5.4549531069191834, "model__n_estimators": 19.707789101668837, "model__reg_lambda": 7.916231853067416}, "datetime": {"datetime": "2021-03-24 07:13:57", "elapsed": 6.103023, "delta": 0.081259}}
{"target": -0.3365856582427101, "params": {"model__colsample_bylevel": 0.6451635028820711, "model__colsample_bynode": 0.9756107284220326, "model__colsample_bytree": 0.6642183611480073, "model__learning_rate": 0.2806043190994539, "model__max_depth": 3.4988273636139016, "model__n_estimators": 22.822309547759104, "model__reg_lambda": 5.0574568339000425}, "datetime": {"datetime": "2021-03-24 07:13:57", "elapsed": 6.194549, "delta": 0.091526}}
{"target": -0.3783142317113453, "params": {"model__colsample_bylevel": 0.8691500365097846, "model__colsample_bynode": 0.35123595486158105, "model__colsample_bytree": 0.8853449005213216, "model__learning_rate": 0.26084712707576596, "model__max_depth": 4.4379276251183954, "model__n_estimators": 15.546768724832507, "model__reg_lambda": 7.672541069525759}, "datetime": {"datetime": "2021-03-24 07:13:57", "elapsed": 6.273763, "delta": 0.079214}}
{"target": -0.36182579105497215, "params": {"model__colsample_bylevel": 0.7752492983214213, "model__colsample_bynode": 0.9432502217801924, "model__colsample_bytree": 0.6921299356114399, "model__learning_rate": 0.2935437919451478, "model__max_depth": 3.850306106454099, "model__n_estimators": 20.083349491730285, "model__reg_lambda": 7.308818114469667}, "datetime": {"datetime": "2021-03-24 07:13:58", "elapsed": 6.375161, "delta": 0.101398}}
{"target": -0.3188307962022668, "params": {"model__colsample_bylevel": 0.7909589341540182, "model__colsample_bynode": 0.8077442453063763, "model__colsample_bytree": 0.9257599208468199, "model__learning_rate": 0.24332981747869467, "model__max_depth": 6.092916621028417, "model__n_estimators": 27.646752630781677, "model__reg_lambda": 6.451189984951728}, "datetime": {"datetime": "2021-03-24 07:13:58", "elapsed": 6.530702, "delta": 0.155541}}
{"target": -0.3568459800657128, "params": {"model__colsample_bylevel": 0.511889221690131, "model__colsample_bynode": 0.880146841574702, "model__colsample_bytree": 0.4713036833734444, "model__learning_rate": 0.24075613859849618, "model__max_depth": 5.215329445061823, "model__n_estimators": 20.712142781227694, "model__reg_lambda": 1.7861793515885238}, "datetime": {"datetime": "2021-03-24 07:13:58", "elapsed": 6.610803, "delta": 0.080101}}
{"target": -0.30875585739723527, "params": {"model__colsample_bylevel": 0.9200821231031391, "model__colsample_bynode": 0.35616344543935075, "model__colsample_bytree": 0.8625120529528605, "model__learning_rate": 0.23669407037870885, "model__max_depth": 4.772062647788025, "model__n_estimators": 24.96073964162097, "model__reg_lambda": 2.826662622956666}, "datetime": {"datetime": "2021-03-24 07:13:58", "elapsed": 6.706313, "delta": 0.09551}}
{"target": -0.3889478159879428, "params": {"model__colsample_bylevel": 0.9031023424555509, "model__colsample_bynode": 0.4249356891249156, "model__colsample_bytree": 0.7057975471157624, "model__learning_rate": 0.1927268764937271, "model__max_depth": 6.039330960316078, "model__n_estimators": 22.141866816168736, "model__reg_lambda": 9.525111535091707}, "datetime": {"datetime": "2021-03-24 07:13:58", "elapsed": 6.803193, "delta": 0.09688}}
{"target": -0.38012347455352435, "params": {"model__colsample_bylevel": 0.8972803412913453, "model__colsample_bynode": 0.9289549741797964, "model__colsample_bytree": 0.3178983723326505, "model__learning_rate": 0.13128458043568686, "model__max_depth": 4.861388901041763, "model__n_estimators": 26.020827615199973, "model__reg_lambda": 3.5630947732495777}, "datetime": {"datetime": "2021-03-24 07:13:58", "elapsed": 6.903166, "delta": 0.099973}}
{"target": -0.37440460098610406, "params": {"model__colsample_bylevel": 0.6951175428742368, "model__colsample_bynode": 0.3318286487069968, "model__colsample_bytree": 0.7483089139197432, "model__learning_rate": 0.23624127616156612, "model__max_depth": 4.373824850662889, "model__n_estimators": 17.05009515507337, "model__reg_lambda": 4.16457752159582}, "datetime": {"datetime": "2021-03-24 07:13:58", "elapsed": 6.978281, "delta": 0.075115}}
{"target": -0.31753025727845946, "params": {"model__colsample_bylevel": 0.816923983909474, "model__colsample_bynode": 0.7090153450298311, "model__colsample_bytree": 0.9184032582594783, "model__learning_rate": 0.21574992226411746, "model__max_depth": 3.0678227617515392, "model__n_estimators": 23.876275396014634, "model__reg_lambda": 0.5387774367636355}, "datetime": {"datetime": "2021-03-24 07:13:58", "elapsed": 7.07703, "delta": 0.098749}}
{"target": -0.4087189888176711, "params": {"model__colsample_bylevel": 0.8203891930140093, "model__colsample_bynode": 0.4407263630351047, "model__colsample_bytree": 0.9332727397304375, "model__learning_rate": 0.19471357604823214, "model__max_depth": 4.649919104965563, "model__n_estimators": 17.041195531585494, "model__reg_lambda": 8.076955975507973}, "datetime": {"datetime": "2021-03-24 07:13:58", "elapsed": 7.174411, "delta": 0.097381}}
{"target": -0.3342645474976144, "params": {"model__colsample_bylevel": 0.941920130237188, "model__colsample_bynode": 0.7862119444399247, "model__colsample_bytree": 0.7672811212479322, "model__learning_rate": 0.2413235529719557, "model__max_depth": 6.468881607544759, "model__n_estimators": 25.71892738561766, "model__reg_lambda": 1.4296252407525012}, "datetime": {"datetime": "2021-03-24 07:13:59", "elapsed": 7.31096, "delta": 0.136549}}
{"target": -0.42942831934956105, "params": {"model__colsample_bylevel": 0.7664505634998717, "model__colsample_bynode": 0.9372501752435591, "model__colsample_bytree": 0.3226974712037688, "model__learning_rate": 0.13696287496610304, "model__max_depth": 6.574112506330284, "model__n_estimators": 15.628001246231364, "model__reg_lambda": 2.789864730302046}, "datetime": {"datetime": "2021-03-24 07:13:59", "elapsed": 7.401234, "delta": 0.090274}}
{"target": -0.4079069713737978, "params": {"model__colsample_bylevel": 0.9005722896485118, "model__colsample_bynode": 0.5583279975276154, "model__colsample_bytree": 0.9292943127471143, "model__learning_rate": 0.1578195662504995, "model__max_depth": 4.281940885644073, "model__n_estimators": 16.640600890305116, "model__reg_lambda": 8.146246111896012}, "datetime": {"datetime": "2021-03-24 07:13:59", "elapsed": 7.492555, "delta": 0.091321}}
{"target": -0.39790756199508903, "params": {"model__colsample_bylevel": 0.9534398095322711, "model__colsample_bynode": 0.42817503247553923, "model__colsample_bytree": 0.5178389967922328, "model__learning_rate": 0.2349408086546986, "model__max_depth": 2.4746062530577846, "model__n_estimators": 15.490859914517099, "model__reg_lambda": 3.2657561880327557}, "datetime": {"datetime": "2021-03-24 07:13:59", "elapsed": 7.5586, "delta": 0.066045}}
{"target": -0.38968056954875374, "params": {"model__colsample_bylevel": 0.5706285360217014, "model__colsample_bynode": 0.6842771415696982, "model__colsample_bytree": 0.6870518207102555, "model__learning_rate": 0.16602543474194267, "model__max_depth": 4.553906607318516, "model__n_estimators": 18.777852885612205, "model__reg_lambda": 2.0263513230551347}, "datetime": {"datetime": "2021-03-24 07:13:59", "elapsed": 7.647252, "delta": 0.088652}}
{"target": -0.3608384930225008, "params": {"model__colsample_bylevel": 0.8442678591461368, "model__colsample_bynode": 0.3977149946980818, "model__colsample_bytree": 0.6158425941754111, "model__learning_rate": 0.1245045248421828, "model__max_depth": 6.897715409068526, "model__n_estimators": 27.65234893164894, "model__reg_lambda": 1.1477505735172433}, "datetime": {"datetime": "2021-03-24 07:13:59", "elapsed": 7.749852, "delta": 0.1026}}
{"target": -0.35430851931602736, "params": {"model__colsample_bylevel": 0.8046871964072875, "model__colsample_bynode": 0.9463208373893632, "model__colsample_bytree": 0.5702216525068842, "model__learning_rate": 0.25542256115422385, "model__max_depth": 7.543314227663024, "model__n_estimators": 15.074271146872483, "model__reg_lambda": 2.7258381373747875}, "datetime": {"datetime": "2021-03-24 07:13:59", "elapsed": 7.842156, "delta": 0.092304}}
{"target": -0.5184177030471788, "params": {"model__colsample_bylevel": 0.325563385911891, "model__colsample_bynode": 0.4394342284138872, "model__colsample_bytree": 0.3078454924320954, "model__learning_rate": 0.10977990666788635, "model__max_depth": 5.896055639118223, "model__n_estimators": 19.33085301818661, "model__reg_lambda": 8.44410233607059}, "datetime": {"datetime": "2021-03-24 07:13:59", "elapsed": 7.917022, "delta": 0.074866}}
{"target": -0.3551844484253746, "params": {"model__colsample_bylevel": 0.5333078077907257, "model__colsample_bynode": 0.9449148964303926, "model__colsample_bytree": 0.39197068792833056, "model__learning_rate": 0.2098009976534188, "model__max_depth": 3.7666070082368948, "model__n_estimators": 27.09229802758709, "model__reg_lambda": 3.376766038812906}, "datetime": {"datetime": "2021-03-24 07:13:59", "elapsed": 8.01789, "delta": 0.100868}}
{"target": -0.36532606430523823, "params": {"model__colsample_bylevel": 0.38472058045866103, "model__colsample_bynode": 0.6189182754661343, "model__colsample_bytree": 0.47491716651278293, "model__learning_rate": 0.24904662090967875, "model__max_depth": 6.41552028192452, "model__n_estimators": 15.15307284998927, "model__reg_lambda": 0.029919695529196932}, "datetime": {"datetime": "2021-03-24 07:13:59", "elapsed": 8.09212, "delta": 0.07423}}
{"target": -0.3729776484534091, "params": {"model__colsample_bylevel": 0.9426044924017256, "model__colsample_bynode": 0.5260125425777793, "model__colsample_bytree": 0.5074653319167783, "model__learning_rate": 0.15418522802672452, "model__max_depth": 3.474343666196627, "model__n_estimators": 26.630539663467353, "model__reg_lambda": 2.632384799456182}, "datetime": {"datetime": "2021-03-24 07:13:59", "elapsed": 8.178942, "delta": 0.086822}}
{"target": -0.36969835186593125, "params": {"model__colsample_bylevel": 0.8032909797610204, "model__colsample_bynode": 0.7713021432027297, "model__colsample_bytree": 0.6853736563856032, "model__learning_rate": 0.23655460523720243, "model__max_depth": 3.0441975506001606, "model__n_estimators": 21.967771044500967, "model__reg_lambda": 4.939589109277965}, "datetime": {"datetime": "2021-03-24 07:13:59", "elapsed": 8.278847, "delta": 0.099905}}
{"target": -0.3760076950857605, "params": {"model__colsample_bylevel": 0.3191878877624776, "model__colsample_bynode": 0.4527668367686508, "model__colsample_bytree": 0.9533861738476699, "model__learning_rate": 0.23172885748318614, "model__max_depth": 7.871974941466348, "model__n_estimators": 20.539710627919593, "model__reg_lambda": 7.6239037960184355}, "datetime": {"datetime": "2021-03-24 07:14:00", "elapsed": 8.360315, "delta": 0.081468}}
{"target": -0.4258414475092044, "params": {"model__colsample_bylevel": 0.7197656118669662, "model__colsample_bynode": 0.7214646750503465, "model__colsample_bytree": 0.37931534877147977, "model__learning_rate": 0.14444015703665763, "model__max_depth": 2.433575141809544, "model__n_estimators": 22.57954207818872, "model__reg_lambda": 3.4509917372173025}, "datetime": {"datetime": "2021-03-24 07:14:00", "elapsed": 8.432706, "delta": 0.072391}}
{"target": -0.3595280067364186, "params": {"model__colsample_bylevel": 0.43770438267170664, "model__colsample_bynode": 0.562288016838024, "model__colsample_bytree": 0.6684847059501842, "model__learning_rate": 0.24216538663414655, "model__max_depth": 5.53982800385271, "model__n_estimators": 24.586364893849456, "model__reg_lambda": 6.03761911116279}, "datetime": {"datetime": "2021-03-24 07:14:00", "elapsed": 8.520259, "delta": 0.087553}}
{"target": -0.3509078275942095, "params": {"model__colsample_bylevel": 0.5615024327662378, "model__colsample_bynode": 0.5278880157630303, "model__colsample_bytree": 0.6927994632423486, "model__learning_rate": 0.2499326997232081, "model__max_depth": 7.515144966264312, "model__n_estimators": 27.41503748405572, "model__reg_lambda": 5.537273620404508}, "datetime": {"datetime": "2021-03-24 07:14:00", "elapsed": 8.621444, "delta": 0.101185}}
{"target": -0.37286274939559505, "params": {"model__colsample_bylevel": 0.8773753442334304, "model__colsample_bynode": 0.3197624374107063, "model__colsample_bytree": 0.8582648079772404, "model__learning_rate": 0.1398977410305498, "model__max_depth": 6.115045756510598, "model__n_estimators": 27.377846347953547, "model__reg_lambda": 3.1496308071503187}, "datetime": {"datetime": "2021-03-24 07:14:00", "elapsed": 8.725292, "delta": 0.103848}}
{"target": -0.38551492369733753, "params": {"model__colsample_bylevel": 0.5798231824380045, "model__colsample_bynode": 0.9899122285696411, "model__colsample_bytree": 0.4774952834387126, "model__learning_rate": 0.25106786479472265, "model__max_depth": 4.436357453829759, "model__n_estimators": 19.72844903945682, "model__reg_lambda": 7.705159221072094}, "datetime": {"datetime": "2021-03-24 07:14:00", "elapsed": 8.819566, "delta": 0.094274}}
{"target": -0.38861010755965675, "params": {"model__colsample_bylevel": 0.6149024037576569, "model__colsample_bynode": 0.7970601762740899, "model__colsample_bytree": 0.4555403075808654, "model__learning_rate": 0.26476738246878556, "model__max_depth": 6.3006447069266285, "model__n_estimators": 22.48861984031197, "model__reg_lambda": 7.91551010046181}, "datetime": {"datetime": "2021-03-24 07:14:00", "elapsed": 8.914846, "delta": 0.09528}}
{"target": -0.3382150980927374, "params": {"model__colsample_bylevel": 0.9437937215686736, "model__colsample_bynode": 0.8511722448868555, "model__colsample_bytree": 0.5084857837350747, "model__learning_rate": 0.24346701302396254, "model__max_depth": 5.690340786662006, "model__n_estimators": 27.619845335231588, "model__reg_lambda": 4.0456797253845265}, "datetime": {"datetime": "2021-03-24 07:14:00", "elapsed": 9.036157, "delta": 0.121311}}
{"target": -0.34828601912527846, "params": {"model__colsample_bylevel": 0.6173529449301774, "model__colsample_bynode": 0.3656352091501882, "model__colsample_bytree": 0.45305055880659917, "model__learning_rate": 0.20586849821836273, "model__max_depth": 5.173197962934258, "model__n_estimators": 25.696146745858105, "model__reg_lambda": 2.863925264426952}, "datetime": {"datetime": "2021-03-24 07:14:00", "elapsed": 9.114007, "delta": 0.07785}}
{"target": -0.43043365612140166, "params": {"model__colsample_bylevel": 0.3812502817792496, "model__colsample_bynode": 0.43107613084910207, "model__colsample_bytree": 0.6036033759584388, "model__learning_rate": 0.13710847453713484, "model__max_depth": 2.7407946095138094, "model__n_estimators": 25.875381462387566, "model__reg_lambda": 9.101677556132595}, "datetime": {"datetime": "2021-03-24 07:14:00", "elapsed": 9.196902, "delta": 0.082895}}
{"target": -0.3935574858422405, "params": {"model__colsample_bylevel": 0.3426383940311504, "model__colsample_bynode": 0.3292770968669983, "model__colsample_bytree": 0.49999974247633633, "model__learning_rate": 0.21592871225493404, "model__max_depth": 7.629568478689846, "model__n_estimators": 23.72527860523467, "model__reg_lambda": 6.7998375849329875}, "datetime": {"datetime": "2021-03-24 07:14:00", "elapsed": 9.268942, "delta": 0.07204}}
{"target": -0.4130330585267233, "params": {"model__colsample_bylevel": 0.6482295256949429, "model__colsample_bynode": 0.579523550686974, "model__colsample_bytree": 0.8271859803347001, "model__learning_rate": 0.1785368001701141, "model__max_depth": 7.757328490749194, "model__n_estimators": 15.042412577282471, "model__reg_lambda": 9.465835997964604}, "datetime": {"datetime": "2021-03-24 07:14:02", "elapsed": 10.296555, "delta": 1.027613}}
{"target": -0.41211776798321065, "params": {"model__colsample_bylevel": 0.3, "model__colsample_bynode": 1.0, "model__colsample_bytree": 1.0, "model__learning_rate": 0.3, "model__max_depth": 2.0, "model__n_estimators": 20.491079388186936, "model__reg_lambda": 10.0}, "datetime": {"datetime": "2021-03-24 07:14:03", "elapsed": 11.585275, "delta": 1.28872}}
{"target": -0.33977320247626713, "params": {"model__colsample_bylevel": 0.5192526715223238, "model__colsample_bynode": 0.8839234438651011, "model__colsample_bytree": 0.9964828490505062, "model__learning_rate": 0.2463435694290639, "model__max_depth": 7.680547043545273, "model__n_estimators": 29.918223617723072, "model__reg_lambda": 9.723594686404965}, "datetime": {"datetime": "2021-03-24 07:14:04", "elapsed": 12.748099, "delta": 1.162824}}
{"target": -0.36557974293693035, "params": {"model__colsample_bylevel": 0.3, "model__colsample_bynode": 1.0, "model__colsample_bytree": 0.3, "model__learning_rate": 0.3, "model__max_depth": 2.0, "model__n_estimators": 30.0, "model__reg_lambda": 10.0}, "datetime": {"datetime": "2021-03-24 07:14:05", "elapsed": 13.836397, "delta": 1.088298}}
{"target": -0.3948136766353433, "params": {"model__colsample_bylevel": 1.0, "model__colsample_bynode": 1.0, "model__colsample_bytree": 1.0, "model__learning_rate": 0.3, "model__max_depth": 2.0, "model__n_estimators": 15.0, "model__reg_lambda": 10.0}, "datetime": {"datetime": "2021-03-24 07:14:06", "elapsed": 14.969602, "delta": 1.133205}}
{"target": -0.35582189878054044, "params": {"model__colsample_bylevel": 0.3, "model__colsample_bynode": 0.37593839539263874, "model__colsample_bytree": 1.0, "model__learning_rate": 0.3, "model__max_depth": 8.0, "model__n_estimators": 17.56242650532308, "model__reg_lambda": 0.0}, "datetime": {"datetime": "2021-03-24 07:14:07", "elapsed": 16.114924, "delta": 1.145322}}
{"target": -0.39757858962495474, "params": {"model__colsample_bylevel": 0.9885703279723104, "model__colsample_bynode": 0.893789990728378, "model__colsample_bytree": 0.9844326624494766, "model__learning_rate": 0.19577628436046113, "model__max_depth": 7.891015670208473, "model__n_estimators": 18.63282960042451, "model__reg_lambda": 9.82183374120889}, "datetime": {"datetime": "2021-03-24 07:14:09", "elapsed": 17.363293, "delta": 1.248369}}
{"target": -0.37890672192004493, "params": {"model__colsample_bylevel": 0.5701707486314295, "model__colsample_bynode": 0.9655210167342709, "model__colsample_bytree": 0.7827061084360869, "model__learning_rate": 0.2858236753088961, "model__max_depth": 7.803412802772526, "model__n_estimators": 15.099021350884696, "model__reg_lambda": 5.853496409812081}, "datetime": {"datetime": "2021-03-24 07:14:10", "elapsed": 18.740471, "delta": 1.377178}}
{"target": -0.34874463376211196, "params": {"model__colsample_bylevel": 0.43260111583609145, "model__colsample_bynode": 0.5392577001646703, "model__colsample_bytree": 0.9773495952489064, "model__learning_rate": 0.21729533435434983, "model__max_depth": 5.040814786562084, "model__n_estimators": 29.719416243156914, "model__reg_lambda": 9.987272805460474}, "datetime": {"datetime": "2021-03-24 07:14:11", "elapsed": 19.804367, "delta": 1.063896}}
{"target": -0.35094618213707174, "params": {"model__colsample_bylevel": 0.3376157582920399, "model__colsample_bynode": 0.7252727240393715, "model__colsample_bytree": 0.48947221752333897, "model__learning_rate": 0.2424714486745503, "model__max_depth": 7.737555767271406, "model__n_estimators": 29.74315296516027, "model__reg_lambda": 6.165775326774722}, "datetime": {"datetime": "2021-03-24 07:14:12", "elapsed": 20.95027, "delta": 1.145903}}
{"target": -0.4467562109231949, "params": {"model__colsample_bylevel": 0.7090336442001557, "model__colsample_bynode": 0.5641909087137558, "model__colsample_bytree": 0.7378053726578688, "model__learning_rate": 0.10526900603126388, "model__max_depth": 2.078652055530909, "model__n_estimators": 15.0023789721897, "model__reg_lambda": 0.01989145100124934}, "datetime": {"datetime": "2021-03-24 07:14:13", "elapsed": 21.983856, "delta": 1.033586}}
{"target": -0.3389066607070466, "params": {"model__colsample_bylevel": 0.5339079842662198, "model__colsample_bynode": 0.9513670464259705, "model__colsample_bytree": 0.9669555667046716, "model__learning_rate": 0.28889094184473385, "model__max_depth": 7.588374814480078, "model__n_estimators": 21.873908899207294, "model__reg_lambda": 4.6411475672725775}, "datetime": {"datetime": "2021-03-24 07:14:14", "elapsed": 23.128126, "delta": 1.14427}}
{"target": -0.34843500981350306, "params": {"model__colsample_bylevel": 0.9422921920880476, "model__colsample_bynode": 0.4115507548328511, "model__colsample_bytree": 0.554705757588658, "model__learning_rate": 0.28426737199857866, "model__max_depth": 7.354853055894439, "model__n_estimators": 28.415843813248763, "model__reg_lambda": 9.805989552678978}, "datetime": {"datetime": "2021-03-24 07:14:15", "elapsed": 24.179072, "delta": 1.050946}}
{"target": -0.3611267935137089, "params": {"model__colsample_bylevel": 0.5835294938856171, "model__colsample_bynode": 0.9469002019057073, "model__colsample_bytree": 0.9152532014138113, "model__learning_rate": 0.26666048542551646, "model__max_depth": 7.865762770110264, "model__n_estimators": 22.48544373694552, "model__reg_lambda": 9.757213870746178}, "datetime": {"datetime": "2021-03-24 07:14:17", "elapsed": 25.482675, "delta": 1.303603}}
{"target": -0.3359365100720965, "params": {"model__colsample_bylevel": 0.3, "model__colsample_bynode": 0.9542668301468797, "model__colsample_bytree": 1.0, "model__learning_rate": 0.3, "model__max_depth": 2.5175558982012354, "model__n_estimators": 28.90901303656127, "model__reg_lambda": 6.8572965945989495}, "datetime": {"datetime": "2021-03-24 07:14:18", "elapsed": 26.503147, "delta": 1.020472}}
