{"target": -0.31518936625165545, "params": {"model__colsample_bylevel": 0.9784993536208226, "model__colsample_bynode": 0.387907707787489, "model__colsample_bytree": 0.9628310116720935, "model__learning_rate": 0.2979073825920343, "model__max_depth": 4.462259894125282, "model__n_estimators": 28.605842520849375, "model__reg_lambda": 3.6275884555383655}, "datetime": {"datetime": "2021-03-24 06:47:46", "elapsed": 165.755196, "delta": 1.300701}}
{"target": -0.3604615403184047, "params": {"model__colsample_bylevel": 0.775518138289657, "model__colsample_bynode": 0.4082439646568866, "model__colsample_bytree": 0.36087539303093763, "model__learning_rate": 0.29661592067614995, "model__max_depth": 7.985338694602375, "model__n_estimators": 25.615539068627278, "model__reg_lambda": 2.7643792982251614}, "datetime": {"datetime": "2021-03-24 06:47:48", "elapsed": 167.248641, "delta": 1.493445}}
{"target": -0.33486448686698156, "params": {"model__colsample_bylevel": 0.6883861117883606, "model__colsample_bynode": 0.9968414464845392, "model__colsample_bytree": 0.9746068753645345, "model__learning_rate": 0.27006115823346954, "model__max_depth": 5.888309850673261, "model__n_estimators": 25.70161650066231, "model__reg_lambda": 6.838323992126583}, "datetime": {"datetime": "2021-03-24 06:47:50", "elapsed": 169.172701, "delta": 1.92406}}
{"target": -0.3406147617747184, "params": {"model__colsample_bylevel": 0.3417808025449052, "model__colsample_bynode": 1.0, "model__colsample_bytree": 0.7962430302050874, "model__learning_rate": 0.29999999952455736, "model__max_depth": 7.999999996922977, "model__n_estimators": 28.862211198240058, "model__reg_lambda": 3.9234099140324217}, "datetime": {"datetime": "2021-03-24 06:47:51", "elapsed": 170.388949, "delta": 1.216248}}
{"target": -0.34305956568298995, "params": {"model__colsample_bylevel": 0.7313916023036044, "model__colsample_bynode": 0.3329246374378263, "model__colsample_bytree": 0.8262233198947826, "model__learning_rate": 0.2886284840105432, "model__max_depth": 7.987755324202368, "model__n_estimators": 15.016667798203017, "model__reg_lambda": 0.31647548039930196}, "datetime": {"datetime": "2021-03-24 06:47:52", "elapsed": 171.957878, "delta": 1.568929}}
{"target": -0.3287698768431901, "params": {"model__colsample_bylevel": 0.948667323761359, "model__colsample_bynode": 0.3342271894105418, "model__colsample_bytree": 0.9955125028028693, "model__learning_rate": 0.25473988044268514, "model__max_depth": 2.9641226710554873, "model__n_estimators": 24.366723735252982, "model__reg_lambda": 1.5897732091239458}, "datetime": {"datetime": "2021-03-24 06:47:54", "elapsed": 173.432734, "delta": 1.474856}}
{"target": -0.3841084337239896, "params": {"model__colsample_bylevel": 0.7393649240080202, "model__colsample_bynode": 0.4443687050621446, "model__colsample_bytree": 0.3325730315724981, "model__learning_rate": 0.299542118353165, "model__max_depth": 6.147381048912161, "model__n_estimators": 28.419308909239277, "model__reg_lambda": 0.15110856548969265}, "datetime": {"datetime": "2021-03-24 06:47:55", "elapsed": 174.929258, "delta": 1.496524}}
{"target": -0.33031424380352964, "params": {"model__colsample_bylevel": 0.7884638822393437, "model__colsample_bynode": 0.9838271202649911, "model__colsample_bytree": 0.7790931635364015, "model__learning_rate": 0.1225130521208937, "model__max_depth": 4.551860228223656, "model__n_estimators": 29.098794850485202, "model__reg_lambda": 0.0006243525003690742}, "datetime": {"datetime": "2021-03-24 06:47:57", "elapsed": 176.337106, "delta": 1.407848}}
{"target": -0.3314894564652248, "params": {"model__colsample_bylevel": 0.9924080051689435, "model__colsample_bynode": 0.9993674217126447, "model__colsample_bytree": 0.8479085582403154, "model__learning_rate": 0.2752042191948561, "model__max_depth": 3.6881006502404574, "model__n_estimators": 21.837421004301866, "model__reg_lambda": 6.313139813408971}, "datetime": {"datetime": "2021-03-24 06:47:58", "elapsed": 177.623435, "delta": 1.286329}}
{"target": -0.37311396445755074, "params": {"model__colsample_bylevel": 1.0, "model__colsample_bynode": 0.3, "model__colsample_bytree": 1.0, "model__learning_rate": 0.3, "model__max_depth": 2.89448322961802, "model__n_estimators": 15.0, "model__reg_lambda": 5.554148063273102}, "datetime": {"datetime": "2021-03-24 06:48:00", "elapsed": 179.078784, "delta": 1.455349}}
{"target": -0.35745037270008007, "params": {"model__colsample_bylevel": 0.9444738388565084, "model__colsample_bynode": 0.36187335005700705, "model__colsample_bytree": 0.8481946707782346, "model__learning_rate": 0.1092188606870168, "model__max_depth": 4.3409888421401694, "model__n_estimators": 27.95845704859672, "model__reg_lambda": 0.8148148976373415}, "datetime": {"datetime": "2021-03-24 06:48:01", "elapsed": 180.640529, "delta": 1.561745}}
{"target": -0.3698262127305286, "params": {"model__colsample_bylevel": 1.0, "model__colsample_bynode": 1.0, "model__colsample_bytree": 1.0, "model__learning_rate": 0.3, "model__max_depth": 6.816422202666102, "model__n_estimators": 15.0, "model__reg_lambda": 8.03841416736009}, "datetime": {"datetime": "2021-03-24 06:48:02", "elapsed": 181.857258, "delta": 1.216729}}
{"target": -0.36231290635204044, "params": {"model__colsample_bylevel": 0.988420710949703, "model__colsample_bynode": 0.7248578902206192, "model__colsample_bytree": 0.5687568011602708, "model__learning_rate": 0.29504744342043787, "model__max_depth": 4.945590757741088, "model__n_estimators": 23.564700963613312, "model__reg_lambda": 1.4244250420692661}, "datetime": {"datetime": "2021-03-24 06:48:04", "elapsed": 183.188959, "delta": 1.331701}}
{"target": -0.3769181557816278, "params": {"model__colsample_bylevel": 0.3000000011239862, "model__colsample_bynode": 1.0, "model__colsample_bytree": 0.36886724650375013, "model__learning_rate": 0.1, "model__max_depth": 8.0, "model__n_estimators": 30.0, "model__reg_lambda": 0.12557831853643056}, "datetime": {"datetime": "2021-03-24 06:48:05", "elapsed": 184.661415, "delta": 1.472456}}
{"target": -0.3362198239310469, "params": {"model__colsample_bylevel": 0.6814881359394813, "model__colsample_bynode": 0.5683822101015633, "model__colsample_bytree": 0.963177186855033, "model__learning_rate": 0.22427519389435313, "model__max_depth": 7.986663119694443, "model__n_estimators": 28.29312167570931, "model__reg_lambda": 0.4351338722831277}, "datetime": {"datetime": "2021-03-24 06:48:06", "elapsed": 185.874622, "delta": 1.213207}}
{"target": -0.36476914660222287, "params": {"model__colsample_bylevel": 0.31878420225033477, "model__colsample_bynode": 0.35080877218542095, "model__colsample_bytree": 0.9333893803856108, "model__learning_rate": 0.28309676875955214, "model__max_depth": 2.137225694431664, "model__n_estimators": 29.941189711623792, "model__reg_lambda": 9.841146944880823}, "datetime": {"datetime": "2021-03-24 06:48:08", "elapsed": 187.251504, "delta": 1.376882}}
{"target": -0.3598012583401135, "params": {"model__colsample_bylevel": 1.0, "model__colsample_bynode": 1.0, "model__colsample_bytree": 1.0, "model__learning_rate": 0.3, "model__max_depth": 8.0, "model__n_estimators": 17.138885145410843, "model__reg_lambda": 6.480577930123995}, "datetime": {"datetime": "2021-03-24 06:48:09", "elapsed": 188.870867, "delta": 1.619363}}
{"target": -0.3533703732503362, "params": {"model__colsample_bylevel": 1.0, "model__colsample_bynode": 0.9999999938127693, "model__colsample_bytree": 1.0, "model__learning_rate": 0.3, "model__max_depth": 2.327801006797513, "model__n_estimators": 24.73617295958585, "model__reg_lambda": 8.059540980953045}, "datetime": {"datetime": "2021-03-24 06:48:11", "elapsed": 190.092415, "delta": 1.221548}}
{"target": -0.35130577541961994, "params": {"model__colsample_bylevel": 1.0, "model__colsample_bynode": 0.9792068436000809, "model__colsample_bytree": 0.9840132412339477, "model__learning_rate": 0.3, "model__max_depth": 3.6361224273742954, "model__n_estimators": 15.0, "model__reg_lambda": 1.7959235764033432}, "datetime": {"datetime": "2021-03-24 06:48:12", "elapsed": 191.874334, "delta": 1.781919}}
{"target": -0.3989147916901857, "params": {"model__colsample_bylevel": 1.0, "model__colsample_bynode": 0.3, "model__colsample_bytree": 1.0, "model__learning_rate": 0.3, "model__max_depth": 6.178860228805436, "model__n_estimators": 15.0, "model__reg_lambda": 10.0}, "datetime": {"datetime": "2021-03-24 06:48:14", "elapsed": 193.438533, "delta": 1.564199}}
{"target": -0.33678509058005623, "params": {"model__colsample_bylevel": 0.3477641269699613, "model__colsample_bynode": 0.9037034092268279, "model__colsample_bytree": 0.9981688941178926, "model__learning_rate": 0.2692533541716609, "model__max_depth": 7.643622376466351, "model__n_estimators": 26.64966905978366, "model__reg_lambda": 9.982146131749742}, "datetime": {"datetime": "2021-03-24 06:48:16", "elapsed": 195.189977, "delta": 1.751444}}
{"target": -0.3762975562546078, "params": {"model__colsample_bylevel": 0.34838133097277246, "model__colsample_bynode": 0.3016197678870935, "model__colsample_bytree": 0.8380978692556094, "model__learning_rate": 0.11413140997816525, "model__max_depth": 6.917193911050805, "model__n_estimators": 21.888721257336975, "model__reg_lambda": 0.03439703117393611}, "datetime": {"datetime": "2021-03-24 06:48:17", "elapsed": 196.667861, "delta": 1.477884}}
{"target": -0.36526272357374, "params": {"model__colsample_bylevel": 0.9919287366932252, "model__colsample_bynode": 0.4492504104375012, "model__colsample_bytree": 0.9680850726163066, "model__learning_rate": 0.2285006503442011, "model__max_depth": 7.992618276763823, "model__n_estimators": 25.809467232030833, "model__reg_lambda": 9.853635939350822}, "datetime": {"datetime": "2021-03-24 06:48:19", "elapsed": 198.409847, "delta": 1.741986}}
{"target": -0.38613712129274225, "params": {"model__colsample_bylevel": 0.9885743492838779, "model__colsample_bynode": 0.956617575208252, "model__colsample_bytree": 0.38573869859490595, "model__learning_rate": 0.2956712822821076, "model__max_depth": 6.64695578893241, "model__n_estimators": 15.129597295214932, "model__reg_lambda": 0.13819796360661663}, "datetime": {"datetime": "2021-03-24 06:48:20", "elapsed": 199.674515, "delta": 1.264668}}
{"target": -0.37546568160701166, "params": {"model__colsample_bylevel": 0.9374993408484391, "model__colsample_bynode": 0.97069256501451, "model__colsample_bytree": 0.9748285788216571, "model__learning_rate": 0.23676913743077274, "model__max_depth": 7.797596955309912, "model__n_estimators": 16.43400004425598, "model__reg_lambda": 4.412490700570125}, "datetime": {"datetime": "2021-03-24 06:48:22", "elapsed": 201.196282, "delta": 1.521767}}
{"target": -0.35435955048238427, "params": {"model__colsample_bylevel": 0.8475427453051187, "model__colsample_bynode": 0.3255304537060801, "model__colsample_bytree": 0.8494093650135597, "model__learning_rate": 0.29626761978371685, "model__max_depth": 5.731126191453124, "model__n_estimators": 29.752783249729063, "model__reg_lambda": 7.403296807301202}, "datetime": {"datetime": "2021-03-24 06:48:23", "elapsed": 202.81887, "delta": 1.622588}}
{"target": -0.3416290284650724, "params": {"model__colsample_bylevel": 0.7424284162433555, "model__colsample_bynode": 1.0, "model__colsample_bytree": 1.0, "model__learning_rate": 0.3, "model__max_depth": 2.36306746893264, "model__n_estimators": 26.114330557105774, "model__reg_lambda": 3.0431769898861187}, "datetime": {"datetime": "2021-03-24 06:48:25", "elapsed": 204.286275, "delta": 1.467405}}
{"target": -0.32741923181886745, "params": {"model__colsample_bylevel": 0.9551321136988926, "model__colsample_bynode": 0.8705927283143251, "model__colsample_bytree": 0.9371516087482699, "model__learning_rate": 0.26848533601556623, "model__max_depth": 2.816629140228618, "model__n_estimators": 29.956009742462147, "model__reg_lambda": 8.953983248339929}, "datetime": {"datetime": "2021-03-24 06:48:26", "elapsed": 205.613346, "delta": 1.327071}}
{"target": -0.3835996204467517, "params": {"model__colsample_bylevel": 0.9244489412408478, "model__colsample_bynode": 0.39360586572923256, "model__colsample_bytree": 0.9713444398975132, "model__learning_rate": 0.3, "model__max_depth": 2.0698639544518813, "model__n_estimators": 19.450922686222686, "model__reg_lambda": 6.262421655488702}, "datetime": {"datetime": "2021-03-24 06:48:27", "elapsed": 207.024467, "delta": 1.411121}}
{"target": -0.3873529718122512, "params": {"model__colsample_bylevel": 0.3980850750830003, "model__colsample_bynode": 0.6982565849574934, "model__colsample_bytree": 0.9691305233438587, "model__learning_rate": 0.1388059401563099, "model__max_depth": 7.864678334219613, "model__n_estimators": 15.021566690014502, "model__reg_lambda": 1.4194613723792726}, "datetime": {"datetime": "2021-03-24 06:48:29", "elapsed": 208.64036, "delta": 1.615893}}
{"target": -0.3985405094401938, "params": {"model__colsample_bylevel": 0.46011008839290646, "model__colsample_bynode": 0.875657519114964, "model__colsample_bytree": 0.3443129246089186, "model__learning_rate": 0.29840345394647105, "model__max_depth": 7.989490920345791, "model__n_estimators": 15.355158467841745, "model__reg_lambda": 5.648000043337139}, "datetime": {"datetime": "2021-03-24 06:48:31", "elapsed": 210.077336, "delta": 1.436976}}
{"target": -0.38902064588906216, "params": {"model__colsample_bylevel": 0.32750715842721906, "model__colsample_bynode": 0.9669390137648373, "model__colsample_bytree": 0.821403066392056, "model__learning_rate": 0.1759323845181828, "model__max_depth": 7.917597075905409, "model__n_estimators": 28.52638125025269, "model__reg_lambda": 9.94111637443742}, "datetime": {"datetime": "2021-03-24 06:48:32", "elapsed": 211.959607, "delta": 1.882271}}
{"target": -0.34503340713639297, "params": {"model__colsample_bylevel": 0.3, "model__colsample_bynode": 0.3, "model__colsample_bytree": 1.0, "model__learning_rate": 0.3, "model__max_depth": 2.0, "model__n_estimators": 19.424926953920888, "model__reg_lambda": 0.4117094671028873}, "datetime": {"datetime": "2021-03-24 06:48:34", "elapsed": 213.31533, "delta": 1.355723}}
{"target": -0.36132064741104847, "params": {"model__colsample_bylevel": 1.0, "model__colsample_bynode": 0.30346113844906386, "model__colsample_bytree": 0.3066359828523953, "model__learning_rate": 0.3, "model__max_depth": 3.558191500013264, "model__n_estimators": 18.27430301729961, "model__reg_lambda": 2.0166369329422076}, "datetime": {"datetime": "2021-03-24 06:48:35", "elapsed": 214.774218, "delta": 1.458888}}
{"target": -0.315114590330758, "params": {"model__colsample_bylevel": 0.4431605847802218, "model__colsample_bynode": 0.6906717410156207, "model__colsample_bytree": 0.9897064800697417, "model__learning_rate": 0.2814091208250515, "model__max_depth": 7.143806403682849, "model__n_estimators": 15.891389825755228, "model__reg_lambda": 0.1837808741766489}, "datetime": {"datetime": "2021-03-24 06:48:37", "elapsed": 216.073685, "delta": 1.299467}}
{"target": -0.3339371410937494, "params": {"model__colsample_bylevel": 0.30214248422422246, "model__colsample_bynode": 0.8944092735946898, "model__colsample_bytree": 0.96739710504318, "model__learning_rate": 0.21317130165346332, "model__max_depth": 7.983770302013448, "model__n_estimators": 23.45156627498583, "model__reg_lambda": 1.1396007692852994}, "datetime": {"datetime": "2021-03-24 06:48:38", "elapsed": 217.440798, "delta": 1.367113}}
{"target": -0.343649671070001, "params": {"model__colsample_bylevel": 0.3392055347388305, "model__colsample_bynode": 0.9999999968540275, "model__colsample_bytree": 0.9999999981333222, "model__learning_rate": 0.3, "model__max_depth": 6.043293887086504, "model__n_estimators": 28.63142921432606, "model__reg_lambda": 4.684971672149973}, "datetime": {"datetime": "2021-03-24 06:48:39", "elapsed": 218.947109, "delta": 1.506311}}
{"target": -0.3195256273167721, "params": {"model__colsample_bylevel": 0.37119528504000776, "model__colsample_bynode": 0.8994230437555426, "model__colsample_bytree": 0.9784049835160837, "model__learning_rate": 0.29136913622583394, "model__max_depth": 2.5335157354640625, "model__n_estimators": 23.626192358285298, "model__reg_lambda": 1.2686354254897847}, "datetime": {"datetime": "2021-03-24 06:48:41", "elapsed": 220.702101, "delta": 1.754992}}
{"target": -0.35196797700119675, "params": {"model__colsample_bylevel": 0.809445935708416, "model__colsample_bynode": 0.8204853265996928, "model__colsample_bytree": 0.999999980797042, "model__learning_rate": 0.3, "model__max_depth": 2.583576235831357, "model__n_estimators": 18.32578965912483, "model__reg_lambda": 5.293895326160623e-08}, "datetime": {"datetime": "2021-03-24 06:48:43", "elapsed": 222.280452, "delta": 1.578351}}
{"target": -0.35543602436453614, "params": {"model__colsample_bylevel": 0.31130118065933565, "model__colsample_bynode": 0.5703157853115144, "model__colsample_bytree": 0.848943208092112, "model__learning_rate": 0.2998713663321789, "model__max_depth": 7.991049947500953, "model__n_estimators": 22.048468161943394, "model__reg_lambda": 4.024860012909219}, "datetime": {"datetime": "2021-03-24 06:48:44", "elapsed": 223.601831, "delta": 1.321379}}
{"target": -0.3684856523071295, "params": {"model__colsample_bylevel": 0.8875237242258631, "model__colsample_bynode": 0.8130273034762978, "model__colsample_bytree": 0.36655282893260405, "model__learning_rate": 0.29376910671455125, "model__max_depth": 7.916966198248499, "model__n_estimators": 29.97759242949335, "model__reg_lambda": 3.524856947865571}, "datetime": {"datetime": "2021-03-24 06:48:46", "elapsed": 225.657948, "delta": 2.056117}}
{"target": -0.35657500584771773, "params": {"model__colsample_bylevel": 0.9898313741995519, "model__colsample_bynode": 0.9982779926670788, "model__colsample_bytree": 0.9553932684756472, "model__learning_rate": 0.29696388342622676, "model__max_depth": 2.7353655711438734, "model__n_estimators": 19.982593784766273, "model__reg_lambda": 3.6503501833255116}, "datetime": {"datetime": "2021-03-24 06:48:48", "elapsed": 227.208324, "delta": 1.550376}}
{"target": -0.3767479604838983, "params": {"model__colsample_bylevel": 0.3, "model__colsample_bynode": 0.3, "model__colsample_bytree": 1.0, "model__learning_rate": 0.3, "model__max_depth": 4.45738221411281, "model__n_estimators": 15.198591766126698, "model__reg_lambda": 0.7623286438798519}, "datetime": {"datetime": "2021-03-24 06:48:49", "elapsed": 228.801552, "delta": 1.593228}}
{"target": -0.3627984464694949, "params": {"model__colsample_bylevel": 1.0, "model__colsample_bynode": 1.0, "model__colsample_bytree": 1.0, "model__learning_rate": 0.3, "model__max_depth": 2.4355597349828133, "model__n_estimators": 17.491515805341525, "model__reg_lambda": 5.889904601857878}, "datetime": {"datetime": "2021-03-24 06:48:51", "elapsed": 230.37618, "delta": 1.574628}}
{"target": -0.36895032070435424, "params": {"model__colsample_bylevel": 0.8973045415109915, "model__colsample_bynode": 0.3736068442446524, "model__colsample_bytree": 0.9197423506788305, "model__learning_rate": 0.26750045553556334, "model__max_depth": 4.3456144298495545, "model__n_estimators": 29.27874196659957, "model__reg_lambda": 0.014381947161579145}, "datetime": {"datetime": "2021-03-24 06:48:53", "elapsed": 232.124823, "delta": 1.748643}}
{"target": -0.36014801245283984, "params": {"model__colsample_bylevel": 0.3, "model__colsample_bynode": 1.0, "model__colsample_bytree": 1.0, "model__learning_rate": 0.3, "model__max_depth": 3.884921012192787, "model__n_estimators": 24.820632259800938, "model__reg_lambda": 9.999999998580034}, "datetime": {"datetime": "2021-03-24 06:48:54", "elapsed": 233.783086, "delta": 1.658263}}
{"target": -0.3457443112040114, "params": {"model__colsample_bylevel": 0.9201251592380726, "model__colsample_bynode": 0.6191255867333192, "model__colsample_bytree": 0.668005610104375, "model__learning_rate": 0.13404587229702516, "model__max_depth": 4.879750888213916, "model__n_estimators": 29.965274478193024, "model__reg_lambda": 0.5038707690081268}, "datetime": {"datetime": "2021-03-24 06:48:56", "elapsed": 235.203128, "delta": 1.420042}}
{"target": -0.38864650242064364, "params": {"model__colsample_bylevel": 0.8178614794685528, "model__colsample_bynode": 0.994558001696874, "model__colsample_bytree": 0.3115119451494659, "model__learning_rate": 0.28906451918586956, "model__max_depth": 5.159131585474812, "model__n_estimators": 28.49923642057512, "model__reg_lambda": 0.2662238317020982}, "datetime": {"datetime": "2021-03-24 06:48:57", "elapsed": 236.860012, "delta": 1.656884}}
{"target": -0.32786357752081224, "params": {"model__colsample_bylevel": 0.30969001502577154, "model__colsample_bynode": 0.9281035335506098, "model__colsample_bytree": 0.9823971823588182, "model__learning_rate": 0.24152351794130436, "model__max_depth": 6.458451292956863, "model__n_estimators": 24.660628446442843, "model__reg_lambda": 2.034177523654498}, "datetime": {"datetime": "2021-03-24 06:48:59", "elapsed": 238.411509, "delta": 1.551497}}
{"target": -0.34871879603065875, "params": {"model__colsample_bylevel": 0.3, "model__colsample_bynode": 0.3, "model__colsample_bytree": 1.0, "model__learning_rate": 0.3, "model__max_depth": 7.937411986611339, "model__n_estimators": 25.73753728100174, "model__reg_lambda": 7.103608310087655}, "datetime": {"datetime": "2021-03-24 06:49:00", "elapsed": 239.769003, "delta": 1.357494}}
{"target": -0.3939371972871215, "params": {"model__colsample_bylevel": 1.0, "model__colsample_bynode": 1.0, "model__colsample_bytree": 0.3, "model__learning_rate": 0.3, "model__max_depth": 5.948369732756844, "model__n_estimators": 17.746485863716764, "model__reg_lambda": 10.0}, "datetime": {"datetime": "2021-03-24 06:49:02", "elapsed": 241.192896, "delta": 1.423893}}
