{"target": -0.3730539942011777, "params": {"model__colsample_bylevel": 0.511889221690131, "model__colsample_bynode": 0.880146841574702, "model__colsample_bytree": 0.4713036833734444, "model__learning_rate": 0.24075613859849618, "model__max_depth": 5.215329445061823, "model__n_estimators": 20.712142781227694, "model__reg_lambda": 1.7861793515885238}, "datetime": {"datetime": "2021-03-24 06:45:07", "elapsed": 6.693094, "delta": 0.083069}}
{"target": -0.32730300233115617, "params": {"model__colsample_bylevel": 0.9200821231031391, "model__colsample_bynode": 0.35616344543935075, "model__colsample_bytree": 0.8625120529528605, "model__learning_rate": 0.23669407037870885, "model__max_depth": 4.772062647788025, "model__n_estimators": 24.96073964162097, "model__reg_lambda": 2.826662622956666}, "datetime": {"datetime": "2021-03-24 06:45:07", "elapsed": 6.800432, "delta": 0.107338}}
{"target": -0.38755023824995843, "params": {"model__colsample_bylevel": 0.9031023424555509, "model__colsample_bynode": 0.4249356891249156, "model__colsample_bytree": 0.7057975471157624, "model__learning_rate": 0.1927268764937271, "model__max_depth": 6.039330960316078, "model__n_estimators": 22.141866816168736, "model__reg_lambda": 9.525111535091707}, "datetime": {"datetime": "2021-03-24 06:45:07", "elapsed": 6.897922, "delta": 0.09749}}
{"target": -0.385045340978473, "params": {"model__colsample_bylevel": 0.8972803412913453, "model__colsample_bynode": 0.9289549741797964, "model__colsample_bytree": 0.3178983723326505, "model__learning_rate": 0.13128458043568686, "model__max_depth": 4.861388901041763, "model__n_estimators": 26.020827615199973, "model__reg_lambda": 3.5630947732495777}, "datetime": {"datetime": "2021-03-24 06:45:07", "elapsed": 6.995869, "delta": 0.097947}}
{"target": -0.40013645356588495, "params": {"model__colsample_bylevel": 0.6951175428742368, "model__colsample_bynode": 0.3318286487069968, "model__colsample_bytree": 0.7483089139197432, "model__learning_rate": 0.23624127616156612, "model__max_depth": 4.373824850662889, "model__n_estimators": 17.05009515507337, "model__reg_lambda": 4.16457752159582}, "datetime": {"datetime": "2021-03-24 06:45:08", "elapsed": 7.073953, "delta": 0.078084}}
{"target": -0.32219839045302134, "params": {"model__colsample_bylevel": 0.816923983909474, "model__colsample_bynode": 0.7090153450298311, "model__colsample_bytree": 0.9184032582594783, "model__learning_rate": 0.21574992226411746, "model__max_depth": 3.0678227617515392, "model__n_estimators": 23.876275396014634, "model__reg_lambda": 0.5387774367636355}, "datetime": {"datetime": "2021-03-24 06:45:08", "elapsed": 7.178189, "delta": 0.104236}}
{"target": -0.375489774685137, "params": {"model__colsample_bylevel": 0.8203891930140093, "model__colsample_bynode": 0.4407263630351047, "model__colsample_bytree": 0.9332727397304375, "model__learning_rate": 0.19471357604823214, "model__max_depth": 4.649919104965563, "model__n_estimators": 17.041195531585494, "model__reg_lambda": 8.076955975507973}, "datetime": {"datetime": "2021-03-24 06:45:08", "elapsed": 7.283854, "delta": 0.105665}}
{"target": -0.3404507372717278, "params": {"model__colsample_bylevel": 0.941920130237188, "model__colsample_bynode": 0.7862119444399247, "model__colsample_bytree": 0.7672811212479322, "model__learning_rate": 0.2413235529719557, "model__max_depth": 6.468881607544759, "model__n_estimators": 25.71892738561766, "model__reg_lambda": 1.4296252407525012}, "datetime": {"datetime": "2021-03-24 06:45:08", "elapsed": 7.416485, "delta": 0.132631}}
{"target": -0.41942840686229904, "params": {"model__colsample_bylevel": 0.7664505634998717, "model__colsample_bynode": 0.9372501752435591, "model__colsample_bytree": 0.3226974712037688, "model__learning_rate": 0.13696287496610304, "model__max_depth": 6.574112506330284, "model__n_estimators": 15.628001246231364, "model__reg_lambda": 2.789864730302046}, "datetime": {"datetime": "2021-03-24 06:45:08", "elapsed": 7.498137, "delta": 0.081652}}
{"target": -0.4026950048795645, "params": {"model__colsample_bylevel": 0.9005722896485118, "model__colsample_bynode": 0.5583279975276154, "model__colsample_bytree": 0.9292943127471143, "model__learning_rate": 0.1578195662504995, "model__max_depth": 4.281940885644073, "model__n_estimators": 16.640600890305116, "model__reg_lambda": 8.146246111896012}, "datetime": {"datetime": "2021-03-24 06:45:08", "elapsed": 7.603091, "delta": 0.104954}}
{"target": -0.4166251355060039, "params": {"model__colsample_bylevel": 0.9534398095322711, "model__colsample_bynode": 0.42817503247553923, "model__colsample_bytree": 0.5178389967922328, "model__learning_rate": 0.2349408086546986, "model__max_depth": 2.4746062530577846, "model__n_estimators": 15.490859914517099, "model__reg_lambda": 3.2657561880327557}, "datetime": {"datetime": "2021-03-24 06:45:08", "elapsed": 7.679632, "delta": 0.076541}}
{"target": -0.3680501580494793, "params": {"model__colsample_bylevel": 0.5706285360217014, "model__colsample_bynode": 0.6842771415696982, "model__colsample_bytree": 0.6870518207102555, "model__learning_rate": 0.16602543474194267, "model__max_depth": 4.553906607318516, "model__n_estimators": 18.777852885612205, "model__reg_lambda": 2.0263513230551347}, "datetime": {"datetime": "2021-03-24 06:45:08", "elapsed": 7.767108, "delta": 0.087476}}
{"target": -0.35326380356943804, "params": {"model__colsample_bylevel": 0.8442678591461368, "model__colsample_bynode": 0.3977149946980818, "model__colsample_bytree": 0.6158425941754111, "model__learning_rate": 0.1245045248421828, "model__max_depth": 6.897715409068526, "model__n_estimators": 27.65234893164894, "model__reg_lambda": 1.1477505735172433}, "datetime": {"datetime": "2021-03-24 06:45:08", "elapsed": 7.868794, "delta": 0.101686}}
{"target": -0.3724770887815596, "params": {"model__colsample_bylevel": 0.8046871964072875, "model__colsample_bynode": 0.9463208373893632, "model__colsample_bytree": 0.5702216525068842, "model__learning_rate": 0.25542256115422385, "model__max_depth": 7.543314227663024, "model__n_estimators": 15.074271146872483, "model__reg_lambda": 2.7258381373747875}, "datetime": {"datetime": "2021-03-24 06:45:08", "elapsed": 7.964422, "delta": 0.095628}}
{"target": -0.507563438012764, "params": {"model__colsample_bylevel": 0.325563385911891, "model__colsample_bynode": 0.4394342284138872, "model__colsample_bytree": 0.3078454924320954, "model__learning_rate": 0.10977990666788635, "model__max_depth": 5.896055639118223, "model__n_estimators": 19.33085301818661, "model__reg_lambda": 8.44410233607059}, "datetime": {"datetime": "2021-03-24 06:45:09", "elapsed": 8.04424, "delta": 0.079818}}
{"target": -0.3664035664544022, "params": {"model__colsample_bylevel": 0.5333078077907257, "model__colsample_bynode": 0.9449148964303926, "model__colsample_bytree": 0.39197068792833056, "model__learning_rate": 0.2098009976534188, "model__max_depth": 3.7666070082368948, "model__n_estimators": 27.09229802758709, "model__reg_lambda": 3.376766038812906}, "datetime": {"datetime": "2021-03-24 06:45:09", "elapsed": 8.134538, "delta": 0.090298}}
{"target": -0.36266451415646334, "params": {"model__colsample_bylevel": 0.38472058045866103, "model__colsample_bynode": 0.6189182754661343, "model__colsample_bytree": 0.47491716651278293, "model__learning_rate": 0.24904662090967875, "model__max_depth": 6.41552028192452, "model__n_estimators": 15.15307284998927, "model__reg_lambda": 0.029919695529196932}, "datetime": {"datetime": "2021-03-24 06:45:09", "elapsed": 8.208075, "delta": 0.073537}}
{"target": -0.35705733681772506, "params": {"model__colsample_bylevel": 0.9426044924017256, "model__colsample_bynode": 0.5260125425777793, "model__colsample_bytree": 0.5074653319167783, "model__learning_rate": 0.15418522802672452, "model__max_depth": 3.474343666196627, "model__n_estimators": 26.630539663467353, "model__reg_lambda": 2.632384799456182}, "datetime": {"datetime": "2021-03-24 06:45:09", "elapsed": 8.296901, "delta": 0.088826}}
{"target": -0.3445105602718431, "params": {"model__colsample_bylevel": 0.8032909797610204, "model__colsample_bynode": 0.7713021432027297, "model__colsample_bytree": 0.6853736563856032, "model__learning_rate": 0.23655460523720243, "model__max_depth": 3.0441975506001606, "model__n_estimators": 21.967771044500967, "model__reg_lambda": 4.939589109277965}, "datetime": {"datetime": "2021-03-24 06:45:09", "elapsed": 8.390955, "delta": 0.094054}}
{"target": -0.38856154564511625, "params": {"model__colsample_bylevel": 0.3191878877624776, "model__colsample_bynode": 0.4527668367686508, "model__colsample_bytree": 0.9533861738476699, "model__learning_rate": 0.23172885748318614, "model__max_depth": 7.871974941466348, "model__n_estimators": 20.539710627919593, "model__reg_lambda": 7.6239037960184355}, "datetime": {"datetime": "2021-03-24 06:45:09", "elapsed": 8.47836, "delta": 0.087405}}
{"target": -0.43296919955561564, "params": {"model__colsample_bylevel": 0.7197656118669662, "model__colsample_bynode": 0.7214646750503465, "model__colsample_bytree": 0.37931534877147977, "model__learning_rate": 0.14444015703665763, "model__max_depth": 2.433575141809544, "model__n_estimators": 22.57954207818872, "model__reg_lambda": 3.4509917372173025}, "datetime": {"datetime": "2021-03-24 06:45:09", "elapsed": 8.548964, "delta": 0.070604}}
{"target": -0.36448226531940525, "params": {"model__colsample_bylevel": 0.43770438267170664, "model__colsample_bynode": 0.562288016838024, "model__colsample_bytree": 0.6684847059501842, "model__learning_rate": 0.24216538663414655, "model__max_depth": 5.53982800385271, "model__n_estimators": 24.586364893849456, "model__reg_lambda": 6.03761911116279}, "datetime": {"datetime": "2021-03-24 06:45:09", "elapsed": 8.647886, "delta": 0.098922}}
{"target": -0.3536604873616708, "params": {"model__colsample_bylevel": 0.5615024327662378, "model__colsample_bynode": 0.5278880157630303, "model__colsample_bytree": 0.6927994632423486, "model__learning_rate": 0.2499326997232081, "model__max_depth": 7.515144966264312, "model__n_estimators": 27.41503748405572, "model__reg_lambda": 5.537273620404508}, "datetime": {"datetime": "2021-03-24 06:45:09", "elapsed": 8.746282, "delta": 0.098396}}
{"target": -0.35326925500741474, "params": {"model__colsample_bylevel": 0.8773753442334304, "model__colsample_bynode": 0.3197624374107063, "model__colsample_bytree": 0.8582648079772404, "model__learning_rate": 0.1398977410305498, "model__max_depth": 6.115045756510598, "model__n_estimators": 27.377846347953547, "model__reg_lambda": 3.1496308071503187}, "datetime": {"datetime": "2021-03-24 06:45:09", "elapsed": 8.852548, "delta": 0.106266}}
{"target": -0.3921028765849769, "params": {"model__colsample_bylevel": 0.5798231824380045, "model__colsample_bynode": 0.9899122285696411, "model__colsample_bytree": 0.4774952834387126, "model__learning_rate": 0.25106786479472265, "model__max_depth": 4.436357453829759, "model__n_estimators": 19.72844903945682, "model__reg_lambda": 7.705159221072094}, "datetime": {"datetime": "2021-03-24 06:45:09", "elapsed": 8.946611, "delta": 0.094063}}
{"target": -0.3606465949332746, "params": {"model__colsample_bylevel": 0.6149024037576569, "model__colsample_bynode": 0.7970601762740899, "model__colsample_bytree": 0.4555403075808654, "model__learning_rate": 0.26476738246878556, "model__max_depth": 6.3006447069266285, "model__n_estimators": 22.48861984031197, "model__reg_lambda": 7.91551010046181}, "datetime": {"datetime": "2021-03-24 06:45:10", "elapsed": 9.050353, "delta": 0.103742}}
{"target": -0.34988309135964224, "params": {"model__colsample_bylevel": 0.9437937215686736, "model__colsample_bynode": 0.8511722448868555, "model__colsample_bytree": 0.5084857837350747, "model__learning_rate": 0.24346701302396254, "model__max_depth": 5.690340786662006, "model__n_estimators": 27.619845335231588, "model__reg_lambda": 4.0456797253845265}, "datetime": {"datetime": "2021-03-24 06:45:10", "elapsed": 9.182322, "delta": 0.131969}}
{"target": -0.36783629577215493, "params": {"model__colsample_bylevel": 0.6173529449301774, "model__colsample_bynode": 0.3656352091501882, "model__colsample_bytree": 0.45305055880659917, "model__learning_rate": 0.20586849821836273, "model__max_depth": 5.173197962934258, "model__n_estimators": 25.696146745858105, "model__reg_lambda": 2.863925264426952}, "datetime": {"datetime": "2021-03-24 06:45:10", "elapsed": 9.270961, "delta": 0.088639}}
{"target": -0.43853170767669447, "params": {"model__colsample_bylevel": 0.3812502817792496, "model__colsample_bynode": 0.43107613084910207, "model__colsample_bytree": 0.6036033759584388, "model__learning_rate": 0.13710847453713484, "model__max_depth": 2.7407946095138094, "model__n_estimators": 25.875381462387566, "model__reg_lambda": 9.101677556132595}, "datetime": {"datetime": "2021-03-24 06:45:10", "elapsed": 9.343089, "delta": 0.072128}}
{"target": -0.399863973421895, "params": {"model__colsample_bylevel": 0.3426383940311504, "model__colsample_bynode": 0.3292770968669983, "model__colsample_bytree": 0.49999974247633633, "model__learning_rate": 0.21592871225493404, "model__max_depth": 7.629568478689846, "model__n_estimators": 23.72527860523467, "model__reg_lambda": 6.7998375849329875}, "datetime": {"datetime": "2021-03-24 06:45:10", "elapsed": 9.429981, "delta": 0.086892}}
{"target": -0.3962335790838183, "params": {"model__colsample_bylevel": 0.3, "model__colsample_bynode": 1.0, "model__colsample_bytree": 1.0, "model__learning_rate": 0.3, "model__max_depth": 8.0, "model__n_estimators": 15.0, "model__reg_lambda": 10.0}, "datetime": {"datetime": "2021-03-24 06:45:11", "elapsed": 10.666941, "delta": 1.23696}}
{"target": -0.38242608191836897, "params": {"model__colsample_bylevel": 0.32016579235889747, "model__colsample_bynode": 0.41841899965659446, "model__colsample_bytree": 0.4293978727281257, "model__learning_rate": 0.2806807881340946, "model__max_depth": 6.953682608588992, "model__n_estimators": 29.760867233195874, "model__reg_lambda": 9.684082128830472}, "datetime": {"datetime": "2021-03-24 06:45:12", "elapsed": 11.792795, "delta": 1.125854}}
{"target": -0.37722184582667395, "params": {"model__colsample_bylevel": 1.0, "model__colsample_bynode": 1.0, "model__colsample_bytree": 0.3, "model__learning_rate": 0.3, "model__max_depth": 2.0, "model__n_estimators": 30.0, "model__reg_lambda": 10.0}, "datetime": {"datetime": "2021-03-24 06:45:13", "elapsed": 12.997163, "delta": 1.204368}}
{"target": -0.4518842263417183, "params": {"model__colsample_bylevel": 0.3, "model__colsample_bynode": 0.3, "model__colsample_bytree": 1.0, "model__learning_rate": 0.3, "model__max_depth": 2.0, "model__n_estimators": 15.0, "model__reg_lambda": 10.0}, "datetime": {"datetime": "2021-03-24 06:45:14", "elapsed": 13.9516, "delta": 0.954437}}
{"target": -0.34555291584490433, "params": {"model__colsample_bylevel": 0.9608344241398283, "model__colsample_bynode": 0.9816839328555236, "model__colsample_bytree": 0.9613932938467891, "model__learning_rate": 0.28189476837457683, "model__max_depth": 2.636020852568113, "model__n_estimators": 23.376745295837033, "model__reg_lambda": 9.942907792523377}, "datetime": {"datetime": "2021-03-24 06:45:16", "elapsed": 15.200783, "delta": 1.249183}}
{"target": -0.3939462215821866, "params": {"model__colsample_bylevel": 0.307373996546665, "model__colsample_bynode": 0.6123943575309428, "model__colsample_bytree": 0.3967360496697401, "model__learning_rate": 0.18437845783602444, "model__max_depth": 7.916915533869914, "model__n_estimators": 29.91940727457108, "model__reg_lambda": 6.5597040737737355}, "datetime": {"datetime": "2021-03-24 06:45:17", "elapsed": 16.310222, "delta": 1.109439}}
{"target": -0.39321685668917883, "params": {"model__colsample_bylevel": 0.9885703279723104, "model__colsample_bynode": 0.893789990728378, "model__colsample_bytree": 0.9844326624494766, "model__learning_rate": 0.19577628436046113, "model__max_depth": 7.891015670208473, "model__n_estimators": 18.63282960042451, "model__reg_lambda": 9.82183374120889}, "datetime": {"datetime": "2021-03-24 06:45:18", "elapsed": 17.595959, "delta": 1.285737}}
{"target": -0.4128210958457836, "params": {"model__colsample_bylevel": 0.3, "model__colsample_bynode": 1.0, "model__colsample_bytree": 1.0, "model__learning_rate": 0.3, "model__max_depth": 2.0, "model__n_estimators": 20.065686100558132, "model__reg_lambda": 10.0}, "datetime": {"datetime": "2021-03-24 06:45:19", "elapsed": 18.766684, "delta": 1.170725}}
{"target": -0.34090864483918326, "params": {"model__colsample_bylevel": 1.0, "model__colsample_bynode": 1.0, "model__colsample_bytree": 1.0, "model__learning_rate": 0.3, "model__max_depth": 8.0, "model__n_estimators": 30.0, "model__reg_lambda": 10.0}, "datetime": {"datetime": "2021-03-24 06:45:20", "elapsed": 19.849782, "delta": 1.083098}}
{"target": -0.33613530497869776, "params": {"model__colsample_bylevel": 0.9829904189103296, "model__colsample_bynode": 1.0, "model__colsample_bytree": 1.0, "model__learning_rate": 0.3, "model__max_depth": 4.940953872024835, "model__n_estimators": 30.0, "model__reg_lambda": 8.866389155478723}, "datetime": {"datetime": "2021-03-24 06:45:22", "elapsed": 21.069229, "delta": 1.219447}}
{"target": -0.3613416914364148, "params": {"model__colsample_bylevel": 0.3, "model__colsample_bynode": 1.0, "model__colsample_bytree": 1.0, "model__learning_rate": 0.3, "model__max_depth": 5.155916003461971, "model__n_estimators": 19.170329720743613, "model__reg_lambda": 0.0007627957693274507}, "datetime": {"datetime": "2021-03-24 06:45:23", "elapsed": 22.251987, "delta": 1.182758}}
{"target": -0.35208383970269663, "params": {"model__colsample_bylevel": 1.0, "model__colsample_bynode": 1.0, "model__colsample_bytree": 1.0, "model__learning_rate": 0.3, "model__max_depth": 2.0, "model__n_estimators": 23.068853073484004, "model__reg_lambda": 6.26394246763685}, "datetime": {"datetime": "2021-03-24 06:45:24", "elapsed": 23.336909, "delta": 1.084922}}
{"target": -0.38254776141957203, "params": {"model__colsample_bylevel": 0.9393909011958884, "model__colsample_bynode": 0.3, "model__colsample_bytree": 0.3, "model__learning_rate": 0.3, "model__max_depth": 8.0, "model__n_estimators": 18.62945230409695, "model__reg_lambda": 0.011121909250282539}, "datetime": {"datetime": "2021-03-24 06:45:25", "elapsed": 24.419155, "delta": 1.082246}}
{"target": -0.40888418762445233, "params": {"model__colsample_bylevel": 0.7847201034157254, "model__colsample_bynode": 0.42834396879642334, "model__colsample_bytree": 0.9664170976130666, "model__learning_rate": 0.21029138480385298, "model__max_depth": 7.814639076983131, "model__n_estimators": 15.020753655454048, "model__reg_lambda": 6.999473869108062}, "datetime": {"datetime": "2021-03-24 06:45:26", "elapsed": 25.673354, "delta": 1.254199}}
{"target": -0.3485522871931502, "params": {"model__colsample_bylevel": 0.42642442744338005, "model__colsample_bynode": 0.9544343872574579, "model__colsample_bytree": 0.5941241304154502, "model__learning_rate": 0.2800256090021156, "model__max_depth": 2.3231275709739077, "model__n_estimators": 29.937839312886418, "model__reg_lambda": 7.0671812579564985}, "datetime": {"datetime": "2021-03-24 06:45:27", "elapsed": 26.831449, "delta": 1.158095}}
{"target": -0.3472491557450047, "params": {"model__colsample_bylevel": 0.9774205441363013, "model__colsample_bynode": 0.9460861008241859, "model__colsample_bytree": 0.8542548990360941, "model__learning_rate": 0.280243168936188, "model__max_depth": 7.919175478726356, "model__n_estimators": 20.921939636026096, "model__reg_lambda": 5.066828846640293}, "datetime": {"datetime": "2021-03-24 06:45:29", "elapsed": 28.065892, "delta": 1.234443}}
{"target": -0.3470310747238767, "params": {"model__colsample_bylevel": 0.4648286916593925, "model__colsample_bynode": 1.0, "model__colsample_bytree": 1.0, "model__learning_rate": 0.3, "model__max_depth": 8.0, "model__n_estimators": 24.282979763453522, "model__reg_lambda": 8.840451605517018}, "datetime": {"datetime": "2021-03-24 06:45:30", "elapsed": 29.192315, "delta": 1.126423}}
{"target": -0.35862011198440324, "params": {"model__colsample_bylevel": 0.40907777918891813, "model__colsample_bynode": 1.0, "model__colsample_bytree": 1.0, "model__learning_rate": 0.3, "model__max_depth": 5.418197669259535, "model__n_estimators": 22.008125712948377, "model__reg_lambda": 9.659918915936563}, "datetime": {"datetime": "2021-03-24 06:45:31", "elapsed": 30.369847, "delta": 1.177532}}
{"target": -0.35536703553415194, "params": {"model__colsample_bylevel": 0.9468200132602904, "model__colsample_bynode": 0.553973227508743, "model__colsample_bytree": 0.8655712506536428, "model__learning_rate": 0.2904371045389199, "model__max_depth": 3.8986495446980203, "model__n_estimators": 23.14320496327968, "model__reg_lambda": 6.806651806845333}, "datetime": {"datetime": "2021-03-24 06:45:32", "elapsed": 31.723928, "delta": 1.354081}}
{"target": -0.36749863975944563, "params": {"model__colsample_bylevel": 0.945190020077358, "model__colsample_bynode": 0.7852770072926898, "model__colsample_bytree": 0.6962564107246874, "model__learning_rate": 0.18620240470270022, "model__max_depth": 7.83193961745982, "model__n_estimators": 15.657525930449856, "model__reg_lambda": 0.008482293221430126}, "datetime": {"datetime": "2021-03-24 06:45:33", "elapsed": 33.011038, "delta": 1.28711}}
{"target": -0.3557361490795038, "params": {"model__colsample_bylevel": 1.0, "model__colsample_bynode": 0.9999999967389124, "model__colsample_bytree": 1.0, "model__learning_rate": 0.3, "model__max_depth": 5.7061957050431635, "model__n_estimators": 20.327342287853053, "model__reg_lambda": 6.011342022864867}, "datetime": {"datetime": "2021-03-24 06:45:35", "elapsed": 34.057212, "delta": 1.046174}}
