{"target": -0.3408758523282629, "params": {"model__colsample_bylevel": 0.9908120839933876, "model__colsample_bynode": 0.3446817405720908, "model__colsample_bytree": 0.9819795725083347, "model__learning_rate": 0.2762400509293569, "model__max_depth": 6.744180088176189, "model__n_estimators": 29.353599846412173, "model__reg_lambda": 2.621940163368437}, "datetime": {"datetime": "2021-03-24 06:49:03", "elapsed": 242.844689, "delta": 1.651793}}
{"target": -0.37511589455053856, "params": {"model__colsample_bylevel": 0.3, "model__colsample_bynode": 1.0, "model__colsample_bytree": 0.3000000006041206, "model__learning_rate": 0.3, "model__max_depth": 8.0, "model__n_estimators": 19.34051213133808, "model__reg_lambda": 5.653603666670031}, "datetime": {"datetime": "2021-03-24 06:49:05", "elapsed": 244.718413, "delta": 1.873724}}
{"target": -0.4104235461987285, "params": {"model__colsample_bylevel": 0.5068176971990088, "model__colsample_bynode": 0.9971319894428734, "model__colsample_bytree": 0.8851016897122375, "model__learning_rate": 0.14081864299289085, "model__max_depth": 2.0380558795134194, "model__n_estimators": 21.371001700022454, "model__reg_lambda": 1.0280590073789186}, "datetime": {"datetime": "2021-03-24 06:49:07", "elapsed": 246.143465, "delta": 1.425052}}
{"target": -0.4175984082568059, "params": {"model__colsample_bylevel": 0.3, "model__colsample_bynode": 0.3, "model__colsample_bytree": 1.0, "model__learning_rate": 0.3, "model__max_depth": 3.1751838540828117, "model__n_estimators": 17.68636847706242, "model__reg_lambda": 10.0}, "datetime": {"datetime": "2021-03-24 06:49:08", "elapsed": 247.953399, "delta": 1.809934}}
{"target": -0.3800103003692314, "params": {"model__colsample_bylevel": 0.3, "model__colsample_bynode": 1.0, "model__colsample_bytree": 1.0, "model__learning_rate": 0.3, "model__max_depth": 4.529917076782308, "model__n_estimators": 18.94991907599033, "model__reg_lambda": 10.0}, "datetime": {"datetime": "2021-03-24 06:49:10", "elapsed": 249.490401, "delta": 1.537002}}
{"target": -0.2915358986245364, "params": {"model__colsample_bylevel": 1.0, "model__colsample_bynode": 0.3, "model__colsample_bytree": 1.0, "model__learning_rate": 0.3, "model__max_depth": 2.8519961423454006, "model__n_estimators": 20.87186862235709, "model__reg_lambda": 0.0}, "datetime": {"datetime": "2021-03-24 06:49:12", "elapsed": 251.637725, "delta": 2.147324}}
{"target": -0.4461139741218716, "params": {"model__colsample_bylevel": 1.0, "model__colsample_bynode": 1.0, "model__colsample_bytree": 0.3, "model__learning_rate": 0.3, "model__max_depth": 2.0, "model__n_estimators": 15.0, "model__reg_lambda": 10.0}, "datetime": {"datetime": "2021-03-24 06:49:14", "elapsed": 253.525424, "delta": 1.887699}}
{"target": -0.4283072889849976, "params": {"model__colsample_bylevel": 0.9760838455240612, "model__colsample_bynode": 0.37056032679963197, "model__colsample_bytree": 0.9233386937356411, "model__learning_rate": 0.13425076659599824, "model__max_depth": 2.2678519948635723, "model__n_estimators": 26.793047413193513, "model__reg_lambda": 9.95724835212842}, "datetime": {"datetime": "2021-03-24 06:49:16", "elapsed": 255.333828, "delta": 1.808404}}
{"target": -0.36935045149858936, "params": {"model__colsample_bylevel": 0.9941056129015344, "model__colsample_bynode": 0.3168694870044671, "model__colsample_bytree": 0.33732270580232254, "model__learning_rate": 0.29427626818678887, "model__max_depth": 5.820374608469319, "model__n_estimators": 27.675482253624565, "model__reg_lambda": 6.024069229133654}, "datetime": {"datetime": "2021-03-24 06:49:18", "elapsed": 257.265271, "delta": 1.931443}}
{"target": -0.4218112642640599, "params": {"model__colsample_bylevel": 1.0, "model__colsample_bynode": 1.0, "model__colsample_bytree": 0.3, "model__learning_rate": 0.3, "model__max_depth": 2.0, "model__n_estimators": 20.75157771828417, "model__reg_lambda": 7.9199323878860515}, "datetime": {"datetime": "2021-03-24 06:49:19", "elapsed": 258.902024, "delta": 1.636753}}
{"target": -0.33844264015552006, "params": {"model__colsample_bylevel": 0.9720948101795166, "model__colsample_bynode": 0.33358468552969045, "model__colsample_bytree": 0.938787153623909, "model__learning_rate": 0.24771689490509516, "model__max_depth": 4.046377726414886, "model__n_estimators": 21.096112995313163, "model__reg_lambda": 2.4524742691142745}, "datetime": {"datetime": "2021-03-24 06:49:21", "elapsed": 260.53612, "delta": 1.634096}}
{"target": -0.3445477479415865, "params": {"model__colsample_bylevel": 0.300000000000002, "model__colsample_bynode": 1.0, "model__colsample_bytree": 0.8934191133011884, "model__learning_rate": 0.3, "model__max_depth": 8.0, "model__n_estimators": 27.229655490714602, "model__reg_lambda": 6.780464114011509}, "datetime": {"datetime": "2021-03-24 06:49:22", "elapsed": 261.996024, "delta": 1.459904}}
{"target": -0.41318763313103013, "params": {"model__colsample_bylevel": 0.9768390869859491, "model__colsample_bynode": 0.3747458727756171, "model__colsample_bytree": 0.31661657662145154, "model__learning_rate": 0.2566293885621933, "model__max_depth": 5.0060410871132275, "model__n_estimators": 18.52842099356347, "model__reg_lambda": 0.3822594506778121}, "datetime": {"datetime": "2021-03-24 06:49:24", "elapsed": 264.032363, "delta": 2.036339}}
{"target": -0.40703870061231584, "params": {"model__colsample_bylevel": 0.9368062051350687, "model__colsample_bynode": 0.9180362416746106, "model__colsample_bytree": 0.31496892249561914, "model__learning_rate": 0.2787756854266318, "model__max_depth": 3.9275393353027974, "model__n_estimators": 15.624973111844694, "model__reg_lambda": 6.000335516760055}, "datetime": {"datetime": "2021-03-24 06:49:26", "elapsed": 265.375515, "delta": 1.343152}}
{"target": -0.3346147452734168, "params": {"model__colsample_bylevel": 0.9544666564263438, "model__colsample_bynode": 0.996873479296666, "model__colsample_bytree": 0.9737572899051941, "model__learning_rate": 0.28385904899507663, "model__max_depth": 5.231294128297797, "model__n_estimators": 23.807982132987732, "model__reg_lambda": 7.573437385161629}, "datetime": {"datetime": "2021-03-24 06:49:28", "elapsed": 267.80313, "delta": 2.427615}}
{"target": -0.3609021034756459, "params": {"model__colsample_bylevel": 0.7624197545491147, "model__colsample_bynode": 0.3, "model__colsample_bytree": 1.0, "model__learning_rate": 0.3, "model__max_depth": 8.0, "model__n_estimators": 22.745275365314182, "model__reg_lambda": 10.0}, "datetime": {"datetime": "2021-03-24 06:49:30", "elapsed": 269.638768, "delta": 1.835638}}
{"target": -0.37753944217456853, "params": {"model__colsample_bylevel": 1.0, "model__colsample_bynode": 1.0, "model__colsample_bytree": 1.0, "model__learning_rate": 0.3, "model__max_depth": 2.0, "model__n_estimators": 18.008548978502834, "model__reg_lambda": 10.0}, "datetime": {"datetime": "2021-03-24 06:49:32", "elapsed": 271.859189, "delta": 2.220421}}
{"target": -0.34792032905591086, "params": {"model__colsample_bylevel": 0.3, "model__colsample_bynode": 1.0, "model__colsample_bytree": 1.0, "model__learning_rate": 0.3, "model__max_depth": 4.898091621387486, "model__n_estimators": 28.622381118009045, "model__reg_lambda": 10.0}, "datetime": {"datetime": "2021-03-24 06:49:34", "elapsed": 273.805549, "delta": 1.94636}}
{"target": -0.3806303729789089, "params": {"model__colsample_bylevel": 0.3, "model__colsample_bynode": 0.3, "model__colsample_bytree": 1.0, "model__learning_rate": 0.3, "model__max_depth": 6.601588808859524, "model__n_estimators": 20.88144879264804, "model__reg_lambda": 10.0}, "datetime": {"datetime": "2021-03-24 06:49:36", "elapsed": 275.25031, "delta": 1.444761}}
{"target": -0.35186039558527454, "params": {"model__colsample_bylevel": 0.928405784598011, "model__colsample_bynode": 1.0, "model__colsample_bytree": 1.0, "model__learning_rate": 0.3, "model__max_depth": 3.197673456750683, "model__n_estimators": 22.87951043307236, "model__reg_lambda": 3.4036593512767004}, "datetime": {"datetime": "2021-03-24 06:49:37", "elapsed": 276.732197, "delta": 1.481887}}
{"target": -0.3729228840688702, "params": {"model__colsample_bylevel": 1.0, "model__colsample_bynode": 1.0, "model__colsample_bytree": 1.0, "model__learning_rate": 0.3, "model__max_depth": 2.0, "model__n_estimators": 16.316935205157836, "model__reg_lambda": 3.507214675542282}, "datetime": {"datetime": "2021-03-24 06:49:39", "elapsed": 278.529154, "delta": 1.796957}}
{"target": -0.34451934431099157, "params": {"model__colsample_bylevel": 0.33965815848306846, "model__colsample_bynode": 0.39380792339122994, "model__colsample_bytree": 0.49501307622489826, "model__learning_rate": 0.29906693429998454, "model__max_depth": 3.4749125149219875, "model__n_estimators": 29.96870079273927, "model__reg_lambda": 4.429589901545131}, "datetime": {"datetime": "2021-03-24 06:49:41", "elapsed": 280.562386, "delta": 2.033232}}
{"target": -0.3368741635439, "params": {"model__colsample_bylevel": 0.9922974086947568, "model__colsample_bynode": 0.9999999938434708, "model__colsample_bytree": 1.0, "model__learning_rate": 0.3, "model__max_depth": 5.9474792858470025, "model__n_estimators": 27.824326078387912, "model__reg_lambda": 8.203140689009864}, "datetime": {"datetime": "2021-03-24 06:49:43", "elapsed": 282.288301, "delta": 1.725915}}
{"target": -0.3268726221565832, "params": {"model__colsample_bylevel": 0.3, "model__colsample_bynode": 0.3, "model__colsample_bytree": 1.0, "model__learning_rate": 0.3, "model__max_depth": 8.0, "model__n_estimators": 19.302990325445577, "model__reg_lambda": 0.9852792452579754}, "datetime": {"datetime": "2021-03-24 06:49:44", "elapsed": 283.930422, "delta": 1.642121}}
{"target": -0.38902035644379157, "params": {"model__colsample_bylevel": 0.7011281392040736, "model__colsample_bynode": 0.9121254039261866, "model__colsample_bytree": 0.3721191674523785, "model__learning_rate": 0.29355041461326303, "model__max_depth": 2.0372349421655236, "model__n_estimators": 25.33556898215165, "model__reg_lambda": 5.619013798879774}, "datetime": {"datetime": "2021-03-24 06:49:47", "elapsed": 286.185455, "delta": 2.255033}}
{"target": -0.3460741758538896, "params": {"model__colsample_bylevel": 1.0, "model__colsample_bynode": 1.0, "model__colsample_bytree": 1.0, "model__learning_rate": 0.3, "model__max_depth": 6.690228360536082, "model__n_estimators": 24.087559906172608, "model__reg_lambda": 10.0}, "datetime": {"datetime": "2021-03-24 06:49:49", "elapsed": 288.076129, "delta": 1.890674}}
