{"target": -0.3736602552963988, "params": {"model__colsample_bylevel": 1.0, "model__colsample_bynode": 1.0, "model__colsample_bytree": 0.3, "model__learning_rate": 0.3, "model__max_depth": 4.668900535932878, "model__n_estimators": 27.785928492881343, "model__reg_lambda": 9.612504526280214}, "datetime": {"datetime": "2021-03-24 06:45:36", "elapsed": 35.378159, "delta": 1.320947}}
{"target": -0.34388561427991404, "params": {"model__colsample_bylevel": 0.9909785233827539, "model__colsample_bynode": 0.9749837985551913, "model__colsample_bytree": 1.0, "model__learning_rate": 0.3, "model__max_depth": 4.460283163392611, "model__n_estimators": 15.0, "model__reg_lambda": 4.466217226424408}, "datetime": {"datetime": "2021-03-24 06:45:37", "elapsed": 36.50852, "delta": 1.130361}}
{"target": -0.35002190002672157, "params": {"model__colsample_bylevel": 0.4213133886734247, "model__colsample_bynode": 0.30194878868536973, "model__colsample_bytree": 0.3987533415590757, "model__learning_rate": 0.13790374982361642, "model__max_depth": 2.680381900879115, "model__n_estimators": 29.927150638237915, "model__reg_lambda": 0.007308570647593937}, "datetime": {"datetime": "2021-03-24 06:45:38", "elapsed": 37.663501, "delta": 1.154981}}
{"target": -0.343138980927398, "params": {"model__colsample_bylevel": 1.0, "model__colsample_bynode": 0.9655973291542874, "model__colsample_bytree": 1.0, "model__learning_rate": 0.3, "model__max_depth": 7.999999999997778, "model__n_estimators": 27.946013803496253, "model__reg_lambda": 8.935542758856851}, "datetime": {"datetime": "2021-03-24 06:45:39", "elapsed": 38.876125, "delta": 1.212624}}
{"target": -0.33028690748176526, "params": {"model__colsample_bylevel": 0.3864769276169046, "model__colsample_bynode": 0.9563789118119255, "model__colsample_bytree": 0.6267406526294305, "model__learning_rate": 0.2976164363031434, "model__max_depth": 2.21518746429975, "model__n_estimators": 29.56709497899019, "model__reg_lambda": 4.563794501706308}, "datetime": {"datetime": "2021-03-24 06:45:41", "elapsed": 40.182246, "delta": 1.306121}}
{"target": -0.3602387208957225, "params": {"model__colsample_bylevel": 0.30000000029144935, "model__colsample_bynode": 0.3, "model__colsample_bytree": 1.0, "model__learning_rate": 0.3, "model__max_depth": 6.633602314675429, "model__n_estimators": 15.000000021426969, "model__reg_lambda": 2.811155117780909}, "datetime": {"datetime": "2021-03-24 06:45:42", "elapsed": 41.331365, "delta": 1.149119}}
{"target": -0.3133481986333103, "params": {"model__colsample_bylevel": 0.9812673265490761, "model__colsample_bynode": 0.3468979449379676, "model__colsample_bytree": 0.9815943970557566, "model__learning_rate": 0.27318325746696714, "model__max_depth": 4.971169104730251, "model__n_estimators": 15.699154367987086, "model__reg_lambda": 0.9751403624453048}, "datetime": {"datetime": "2021-03-24 06:45:43", "elapsed": 42.557357, "delta": 1.225992}}
{"target": -0.3651616666594223, "params": {"model__colsample_bylevel": 1.0, "model__colsample_bynode": 0.7908041233602711, "model__colsample_bytree": 1.0, "model__learning_rate": 0.3, "model__max_depth": 6.407747769648563, "model__n_estimators": 16.56908118625173, "model__reg_lambda": 10.0}, "datetime": {"datetime": "2021-03-24 06:45:44", "elapsed": 43.706265, "delta": 1.148908}}
{"target": -0.3247144091141282, "params": {"model__colsample_bylevel": 0.527596210841388, "model__colsample_bynode": 0.9531981979238009, "model__colsample_bytree": 0.9880010052312458, "model__learning_rate": 0.25907766775091834, "model__max_depth": 3.2471951616425865, "model__n_estimators": 21.590238294984996, "model__reg_lambda": 1.3287769639802904}, "datetime": {"datetime": "2021-03-24 06:45:45", "elapsed": 44.925348, "delta": 1.219083}}
{"target": -0.34547744732167895, "params": {"model__colsample_bylevel": 0.9439184590841663, "model__colsample_bynode": 0.8957885380891513, "model__colsample_bytree": 0.7813574966815938, "model__learning_rate": 0.2892110473311532, "model__max_depth": 7.965280347289309, "model__n_estimators": 27.508269592763433, "model__reg_lambda": 2.8503324218065327}, "datetime": {"datetime": "2021-03-24 06:45:47", "elapsed": 46.102546, "delta": 1.177198}}
{"target": -0.3510534459291417, "params": {"model__colsample_bylevel": 0.30598411383461854, "model__colsample_bynode": 0.9641014611726475, "model__colsample_bytree": 0.40903924282242754, "model__learning_rate": 0.2952051279606152, "model__max_depth": 3.64987930664003, "model__n_estimators": 20.967214154059917, "model__reg_lambda": 0.2550524754741923}, "datetime": {"datetime": "2021-03-24 06:45:48", "elapsed": 47.239779, "delta": 1.137233}}
{"target": -0.34907135129501315, "params": {"model__colsample_bylevel": 0.7074346550976118, "model__colsample_bynode": 0.9995939203156419, "model__colsample_bytree": 0.9877432990046242, "model__learning_rate": 0.275812012509452, "model__max_depth": 2.2358990697188252, "model__n_estimators": 18.436362755950185, "model__reg_lambda": 1.2842208326630566}, "datetime": {"datetime": "2021-03-24 06:45:49", "elapsed": 48.63594, "delta": 1.396161}}
{"target": -0.40297472969075476, "params": {"model__colsample_bylevel": 0.3, "model__colsample_bynode": 1.0, "model__colsample_bytree": 1.0, "model__learning_rate": 0.3, "model__max_depth": 5.068846042177937, "model__n_estimators": 15.0, "model__reg_lambda": 10.0}, "datetime": {"datetime": "2021-03-24 06:45:50", "elapsed": 49.840397, "delta": 1.204457}}
{"target": -0.3472611213700198, "params": {"model__colsample_bylevel": 0.8357841178146668, "model__colsample_bynode": 0.7158917497794289, "model__colsample_bytree": 0.7455337443321485, "model__learning_rate": 0.2722874258689032, "model__max_depth": 2.034591259739241, "model__n_estimators": 15.17384409091106, "model__reg_lambda": 0.29330172205688787}, "datetime": {"datetime": "2021-03-24 06:45:52", "elapsed": 51.204358, "delta": 1.363961}}
{"target": -0.36974418221608446, "params": {"model__colsample_bylevel": 0.9668380042586355, "model__colsample_bynode": 0.31701473877212455, "model__colsample_bytree": 0.8743908627515471, "model__learning_rate": 0.20224775161307507, "model__max_depth": 2.0855744526179834, "model__n_estimators": 29.731253799472356, "model__reg_lambda": 7.437330941699097}, "datetime": {"datetime": "2021-03-24 06:45:53", "elapsed": 52.266129, "delta": 1.061771}}
{"target": -0.3696079526346285, "params": {"model__colsample_bylevel": 0.9289915295856972, "model__colsample_bynode": 0.3458461594782013, "model__colsample_bytree": 0.9637935222166192, "model__learning_rate": 0.28891691250189694, "model__max_depth": 4.129388871284837, "model__n_estimators": 19.80713887053878, "model__reg_lambda": 9.375499860915937}, "datetime": {"datetime": "2021-03-24 06:45:54", "elapsed": 53.265734, "delta": 0.999605}}
{"target": -0.3460197752405741, "params": {"model__colsample_bylevel": 0.9739349735405158, "model__colsample_bynode": 0.9446542818607613, "model__colsample_bytree": 0.8684595663553121, "model__learning_rate": 0.27647468803827324, "model__max_depth": 7.888935420564107, "model__n_estimators": 21.643246607343666, "model__reg_lambda": 9.89381304268562}, "datetime": {"datetime": "2021-03-24 06:45:55", "elapsed": 54.543781, "delta": 1.278047}}
{"target": -0.3772359930889924, "params": {"model__colsample_bylevel": 0.36623849448264517, "model__colsample_bynode": 0.9406907733259293, "model__colsample_bytree": 0.9958860484440508, "model__learning_rate": 0.2365819803955083, "model__max_depth": 2.205795619555655, "model__n_estimators": 29.05720965953946, "model__reg_lambda": 9.940234086810309}, "datetime": {"datetime": "2021-03-24 06:45:56", "elapsed": 55.843535, "delta": 1.299754}}
{"target": -0.32153328872248665, "params": {"model__colsample_bylevel": 0.9999999595436667, "model__colsample_bynode": 1.0, "model__colsample_bytree": 1.0, "model__learning_rate": 0.29968106267907774, "model__max_depth": 3.1596875281775905, "model__n_estimators": 16.48786632720962, "model__reg_lambda": 0.4726466802600588}, "datetime": {"datetime": "2021-03-24 06:45:58", "elapsed": 57.13013, "delta": 1.286595}}
{"target": -0.34163027988709643, "params": {"model__colsample_bylevel": 0.5327316273438167, "model__colsample_bynode": 0.9928321603896864, "model__colsample_bytree": 0.38699964335120174, "model__learning_rate": 0.23981643181098392, "model__max_depth": 7.949924404225964, "model__n_estimators": 28.091834054033434, "model__reg_lambda": 0.039242839878004254}, "datetime": {"datetime": "2021-03-24 06:45:59", "elapsed": 58.583662, "delta": 1.453532}}
{"target": -0.33813775264037155, "params": {"model__colsample_bylevel": 0.9388539713598965, "model__colsample_bynode": 0.9610873775666506, "model__colsample_bytree": 0.8990376103636226, "model__learning_rate": 0.29592306078043745, "model__max_depth": 7.977806544305565, "model__n_estimators": 24.748040519716476, "model__reg_lambda": 7.042198327272111}, "datetime": {"datetime": "2021-03-24 06:46:00", "elapsed": 59.793434, "delta": 1.209772}}
{"target": -0.3421696176718705, "params": {"model__colsample_bylevel": 0.8356283582903374, "model__colsample_bynode": 0.989351650338566, "model__colsample_bytree": 0.9419105528158298, "model__learning_rate": 0.29902100616279936, "model__max_depth": 2.215355371139668, "model__n_estimators": 27.67829374706196, "model__reg_lambda": 6.697370966476987}, "datetime": {"datetime": "2021-03-24 06:46:01", "elapsed": 60.816496, "delta": 1.023062}}
{"target": -0.3816591132951873, "params": {"model__colsample_bylevel": 0.3, "model__colsample_bynode": 1.0, "model__colsample_bytree": 1.0, "model__learning_rate": 0.3, "model__max_depth": 6.172030450192465, "model__n_estimators": 16.59358287985188, "model__reg_lambda": 6.939188629863623}, "datetime": {"datetime": "2021-03-24 06:46:02", "elapsed": 61.826237, "delta": 1.009741}}
{"target": -0.36535721565191837, "params": {"model__colsample_bylevel": 0.9102264800049811, "model__colsample_bynode": 0.3382956139124798, "model__colsample_bytree": 0.9628369168632998, "model__learning_rate": 0.16912372245374013, "model__max_depth": 3.7586063817386157, "model__n_estimators": 15.074860168321988, "model__reg_lambda": 0.23778223394706477}, "datetime": {"datetime": "2021-03-24 06:46:04", "elapsed": 63.183407, "delta": 1.35717}}
{"target": -0.4092627147057405, "params": {"model__colsample_bylevel": 1.0, "model__colsample_bynode": 0.9999999998522172, "model__colsample_bytree": 0.31217476681963785, "model__learning_rate": 0.3, "model__max_depth": 2.1145724748278747, "model__n_estimators": 24.508097339647048, "model__reg_lambda": 9.764271749455684}, "datetime": {"datetime": "2021-03-24 06:46:05", "elapsed": 64.492893, "delta": 1.309486}}
{"target": -0.35940179307877584, "params": {"model__colsample_bylevel": 0.9990656407589062, "model__colsample_bynode": 0.3502933023011722, "model__colsample_bytree": 0.972085283127406, "model__learning_rate": 0.2814437816965621, "model__max_depth": 6.386135729008124, "model__n_estimators": 18.650348880849265, "model__reg_lambda": 1.919418557271657}, "datetime": {"datetime": "2021-03-24 06:46:06", "elapsed": 65.985098, "delta": 1.492205}}
{"target": -0.35334633253261694, "params": {"model__colsample_bylevel": 0.3, "model__colsample_bynode": 1.0, "model__colsample_bytree": 0.9999999998640098, "model__learning_rate": 0.3, "model__max_depth": 4.734920429221404, "model__n_estimators": 27.853967166201347, "model__reg_lambda": 7.412988571902187}, "datetime": {"datetime": "2021-03-24 06:46:08", "elapsed": 67.22283, "delta": 1.237732}}
{"target": -0.41627904705338825, "params": {"model__colsample_bylevel": 0.3, "model__colsample_bynode": 1.0, "model__colsample_bytree": 1.0, "model__learning_rate": 0.3, "model__max_depth": 2.0, "model__n_estimators": 15.0, "model__reg_lambda": 6.86275598685967}, "datetime": {"datetime": "2021-03-24 06:46:09", "elapsed": 68.281999, "delta": 1.059169}}
{"target": -0.3636859395733589, "params": {"model__colsample_bylevel": 0.4314113732836097, "model__colsample_bynode": 0.936239042521527, "model__colsample_bytree": 0.9916024195427211, "model__learning_rate": 0.29632654681531795, "model__max_depth": 3.3293989853325794, "model__n_estimators": 20.637561231241246, "model__reg_lambda": 6.7072073586163}, "datetime": {"datetime": "2021-03-24 06:46:10", "elapsed": 69.560882, "delta": 1.278883}}
{"target": -0.3576024622187369, "params": {"model__colsample_bylevel": 0.9168453941783892, "model__colsample_bynode": 0.8989440410918974, "model__colsample_bytree": 0.9433203156503478, "model__learning_rate": 0.29508300009251087, "model__max_depth": 5.405805730627948, "model__n_estimators": 19.807755681066155, "model__reg_lambda": 9.321374787521147}, "datetime": {"datetime": "2021-03-24 06:46:11", "elapsed": 70.852768, "delta": 1.291886}}
{"target": -0.31762164331351717, "params": {"model__colsample_bylevel": 0.3237210610765199, "model__colsample_bynode": 0.7964010550984499, "model__colsample_bytree": 0.8829674138855483, "model__learning_rate": 0.2403015205328106, "model__max_depth": 7.988542180472484, "model__n_estimators": 21.937765847189144, "model__reg_lambda": 2.988769080426449}, "datetime": {"datetime": "2021-03-24 06:46:12", "elapsed": 71.914507, "delta": 1.061739}}
{"target": -0.4010570158891758, "params": {"model__colsample_bylevel": 0.3, "model__colsample_bynode": 0.3, "model__colsample_bytree": 1.0, "model__learning_rate": 0.3, "model__max_depth": 6.1779189460224595, "model__n_estimators": 17.251831535698077, "model__reg_lambda": 10.0}, "datetime": {"datetime": "2021-03-24 06:46:14", "elapsed": 73.075763, "delta": 1.161256}}
{"target": -0.35178154185043137, "params": {"model__colsample_bylevel": 0.9684620366552921, "model__colsample_bynode": 0.8418682475991106, "model__colsample_bytree": 0.9112687691279304, "model__learning_rate": 0.2816676359087175, "model__max_depth": 2.112273346317611, "model__n_estimators": 27.348680297036342, "model__reg_lambda": 4.194374707892593}, "datetime": {"datetime": "2021-03-24 06:46:15", "elapsed": 74.589347, "delta": 1.513584}}
{"target": -0.3702545245230346, "params": {"model__colsample_bylevel": 0.9999999980561681, "model__colsample_bynode": 1.0, "model__colsample_bytree": 0.30000000194383186, "model__learning_rate": 0.3, "model__max_depth": 2.0000000166614162, "model__n_estimators": 30.0, "model__reg_lambda": 5.078439613548884}, "datetime": {"datetime": "2021-03-24 06:46:16", "elapsed": 75.755077, "delta": 1.16573}}
{"target": -0.36096756537849817, "params": {"model__colsample_bylevel": 0.9785053133297674, "model__colsample_bynode": 0.972981572211504, "model__colsample_bytree": 0.45396348030581835, "model__learning_rate": 0.26814272688374396, "model__max_depth": 7.42496243464774, "model__n_estimators": 25.904384203093652, "model__reg_lambda": 9.918817029130814}, "datetime": {"datetime": "2021-03-24 06:46:17", "elapsed": 76.942746, "delta": 1.187669}}
{"target": -0.32413212414358517, "params": {"model__colsample_bylevel": 0.5178297548611952, "model__colsample_bynode": 0.9933750814470497, "model__colsample_bytree": 0.917805717956307, "model__learning_rate": 0.29901894614755536, "model__max_depth": 7.47267291897859, "model__n_estimators": 25.72783215918376, "model__reg_lambda": 5.216074579684529}, "datetime": {"datetime": "2021-03-24 06:46:19", "elapsed": 78.259158, "delta": 1.316412}}
{"target": -0.36027096163319505, "params": {"model__colsample_bylevel": 0.7751578023350878, "model__colsample_bynode": 0.32989234945054335, "model__colsample_bytree": 0.6282453650356437, "model__learning_rate": 0.26878560294984893, "model__max_depth": 3.8931887218358003, "model__n_estimators": 29.982873357060946, "model__reg_lambda": 9.930096327239058}, "datetime": {"datetime": "2021-03-24 06:46:20", "elapsed": 79.385164, "delta": 1.126006}}
{"target": -0.40011589902291156, "params": {"model__colsample_bylevel": 0.9415236485018337, "model__colsample_bynode": 0.9528922848864643, "model__colsample_bytree": 0.30341884307348654, "model__learning_rate": 0.2641329856285862, "model__max_depth": 4.091581032483993, "model__n_estimators": 22.28357225232921, "model__reg_lambda": 9.8679016400036}, "datetime": {"datetime": "2021-03-24 06:46:21", "elapsed": 80.540334, "delta": 1.15517}}
{"target": -0.34152694145905904, "params": {"model__colsample_bylevel": 1.0, "model__colsample_bynode": 0.9201473653019508, "model__colsample_bytree": 0.96892153100247, "model__learning_rate": 0.3, "model__max_depth": 3.9528915346582605, "model__n_estimators": 19.085512263151156, "model__reg_lambda": 3.8743568474435803}, "datetime": {"datetime": "2021-03-24 06:46:22", "elapsed": 81.823182, "delta": 1.282848}}
{"target": -0.37559326504141205, "params": {"model__colsample_bylevel": 0.3595258858678584, "model__colsample_bynode": 0.5115955744139529, "model__colsample_bytree": 0.8243891051965411, "model__learning_rate": 0.2885766586704993, "model__max_depth": 7.989003523635156, "model__n_estimators": 16.244085024975877, "model__reg_lambda": 1.7573045791290653}, "datetime": {"datetime": "2021-03-24 06:46:23", "elapsed": 82.915483, "delta": 1.092301}}
{"target": -0.32358597527862104, "params": {"model__colsample_bylevel": 0.7544162285024328, "model__colsample_bynode": 0.9999999999257739, "model__colsample_bytree": 1.0, "model__learning_rate": 0.3, "model__max_depth": 3.2961006210607406, "model__n_estimators": 30.0, "model__reg_lambda": 4.679161380371111}, "datetime": {"datetime": "2021-03-24 06:46:25", "elapsed": 84.251153, "delta": 1.33567}}
{"target": -0.33762135038952057, "params": {"model__colsample_bylevel": 0.8294880685325818, "model__colsample_bynode": 0.9147676061560801, "model__colsample_bytree": 0.9437024484252841, "model__learning_rate": 0.29847279225767215, "model__max_depth": 7.908747871464223, "model__n_estimators": 29.902408334605653, "model__reg_lambda": 4.455342355797999}, "datetime": {"datetime": "2021-03-24 06:46:26", "elapsed": 85.802813, "delta": 1.55166}}
{"target": -0.3623584355943013, "params": {"model__colsample_bylevel": 1.0, "model__colsample_bynode": 1.0, "model__colsample_bytree": 0.3, "model__learning_rate": 0.3, "model__max_depth": 8.0, "model__n_estimators": 29.378658352406266, "model__reg_lambda": 7.21892622812713}, "datetime": {"datetime": "2021-03-24 06:46:27", "elapsed": 86.923432, "delta": 1.120619}}
{"target": -0.3504962757526748, "params": {"model__colsample_bylevel": 0.36717226774325834, "model__colsample_bynode": 0.9939801993966364, "model__colsample_bytree": 0.9707310453297484, "model__learning_rate": 0.2647218111037879, "model__max_depth": 5.822590272887652, "model__n_estimators": 15.103634847121764, "model__reg_lambda": 0.9883585346161461}, "datetime": {"datetime": "2021-03-24 06:46:29", "elapsed": 88.303457, "delta": 1.380025}}
{"target": -0.3252931970336974, "params": {"model__colsample_bylevel": 0.7076634385783058, "model__colsample_bynode": 0.8118815149101752, "model__colsample_bytree": 0.9925186528930228, "model__learning_rate": 0.26663043854946356, "model__max_depth": 2.055794780950092, "model__n_estimators": 19.714080870794966, "model__reg_lambda": 0.028570018920084372}, "datetime": {"datetime": "2021-03-24 06:46:30", "elapsed": 89.596506, "delta": 1.293049}}
{"target": -0.3565657702942743, "params": {"model__colsample_bylevel": 0.3144666644513468, "model__colsample_bynode": 0.9422854773803331, "model__colsample_bytree": 0.8920721088721244, "model__learning_rate": 0.2691520879406383, "model__max_depth": 7.934433852006784, "model__n_estimators": 22.434759426604835, "model__reg_lambda": 6.009937199157082}, "datetime": {"datetime": "2021-03-24 06:46:31", "elapsed": 90.597475, "delta": 1.000969}}
{"target": -0.3338467448673117, "params": {"model__colsample_bylevel": 0.47824444632795565, "model__colsample_bynode": 0.8751801806376531, "model__colsample_bytree": 0.9753221424841256, "model__learning_rate": 0.2297639325874027, "model__max_depth": 7.95755518797902, "model__n_estimators": 20.606327188441277, "model__reg_lambda": 0.30882789031182134}, "datetime": {"datetime": "2021-03-24 06:46:32", "elapsed": 91.785064, "delta": 1.187589}}
{"target": -0.37095667980712554, "params": {"model__colsample_bylevel": 0.5796803702438033, "model__colsample_bynode": 0.8031681834828988, "model__colsample_bytree": 0.9054191511771399, "model__learning_rate": 0.278409828277136, "model__max_depth": 7.993653466511757, "model__n_estimators": 19.769754837142557, "model__reg_lambda": 3.683739757409593}, "datetime": {"datetime": "2021-03-24 06:46:34", "elapsed": 93.344898, "delta": 1.559834}}
{"target": -0.3304974776218591, "params": {"model__colsample_bylevel": 0.916885591410971, "model__colsample_bynode": 0.8729388725288254, "model__colsample_bytree": 0.9603368422591534, "model__learning_rate": 0.29606014050681123, "model__max_depth": 2.47746250881384, "model__n_estimators": 24.366778288606582, "model__reg_lambda": 2.1074005171353383}, "datetime": {"datetime": "2021-03-24 06:46:35", "elapsed": 94.456217, "delta": 1.111319}}
{"target": -0.3595813845252227, "params": {"model__colsample_bylevel": 0.9692600860059455, "model__colsample_bynode": 0.5302060689136782, "model__colsample_bytree": 0.9670533964560992, "model__learning_rate": 0.2922157626972661, "model__max_depth": 3.984638996973392, "model__n_estimators": 26.960667766327223, "model__reg_lambda": 5.97996698834879}, "datetime": {"datetime": "2021-03-24 06:46:36", "elapsed": 96.028562, "delta": 1.572345}}
{"target": -0.37352511586850856, "params": {"model__colsample_bylevel": 0.7663580998985438, "model__colsample_bynode": 0.9565957071369096, "model__colsample_bytree": 0.4391339612997439, "model__learning_rate": 0.22115696112792044, "model__max_depth": 6.034064365353353, "model__n_estimators": 29.953325213256527, "model__reg_lambda": 9.964905917855834}, "datetime": {"datetime": "2021-03-24 06:46:38", "elapsed": 97.426786, "delta": 1.398224}}
