{"target": -0.3703628272796725, "params": {"model__colsample_bylevel": 1.0, "model__colsample_bynode": 0.3, "model__colsample_bytree": 1.0, "model__learning_rate": 0.3, "model__max_depth": 6.346344294721328, "model__n_estimators": 15.436464848015536, "model__reg_lambda": 5.531616944602238}, "datetime": {"datetime": "2021-03-24 06:46:39", "elapsed": 98.347575, "delta": 0.920789}}
{"target": -0.3205875314397154, "params": {"model__colsample_bylevel": 0.9690486520629145, "model__colsample_bynode": 0.39740399543821414, "model__colsample_bytree": 0.9700791438045899, "model__learning_rate": 0.267201258095913, "model__max_depth": 4.440605056666333, "model__n_estimators": 29.89859079664737, "model__reg_lambda": 0.2278698934088208}, "datetime": {"datetime": "2021-03-24 06:46:40", "elapsed": 99.510538, "delta": 1.162963}}
{"target": -0.350472246542357, "params": {"model__colsample_bylevel": 0.4714846186604732, "model__colsample_bynode": 0.35463569559612984, "model__colsample_bytree": 0.9560989855886997, "model__learning_rate": 0.20074099824210356, "model__max_depth": 2.2592823318006006, "model__n_estimators": 29.958517307342127, "model__reg_lambda": 2.7423364431915234}, "datetime": {"datetime": "2021-03-24 06:46:41", "elapsed": 100.902237, "delta": 1.391699}}
{"target": -0.3416607583329702, "params": {"model__colsample_bylevel": 0.3657335625844761, "model__colsample_bynode": 0.9650214350071344, "model__colsample_bytree": 0.9754030777772327, "model__learning_rate": 0.2990973572094666, "model__max_depth": 5.260248446391268, "model__n_estimators": 29.961515526691322, "model__reg_lambda": 6.246324551772186}, "datetime": {"datetime": "2021-03-24 06:46:43", "elapsed": 102.302866, "delta": 1.400629}}
{"target": -0.33745043005429853, "params": {"model__colsample_bylevel": 0.30090824359524204, "model__colsample_bynode": 0.34457890043575, "model__colsample_bytree": 0.9669298348217197, "model__learning_rate": 0.22144596614560852, "model__max_depth": 5.210405952800817, "model__n_estimators": 29.982936729697695, "model__reg_lambda": 3.3765900980305763}, "datetime": {"datetime": "2021-03-24 06:46:44", "elapsed": 103.63888, "delta": 1.336014}}
{"target": -0.34705716680289933, "params": {"model__colsample_bylevel": 0.7911694698818899, "model__colsample_bynode": 0.9613830916039376, "model__colsample_bytree": 0.9305498249930608, "model__learning_rate": 0.28834470387821487, "model__max_depth": 7.749315842662084, "model__n_estimators": 24.117396705338827, "model__reg_lambda": 3.855071506964831}, "datetime": {"datetime": "2021-03-24 06:46:45", "elapsed": 104.825846, "delta": 1.186966}}
{"target": -0.4022709537675415, "params": {"model__colsample_bylevel": 1.0, "model__colsample_bynode": 0.3078551149579652, "model__colsample_bytree": 1.0, "model__learning_rate": 0.3, "model__max_depth": 2.033067519401696, "model__n_estimators": 22.09311384540229, "model__reg_lambda": 10.0}, "datetime": {"datetime": "2021-03-24 06:46:46", "elapsed": 105.938421, "delta": 1.112575}}
{"target": -0.32585598018342643, "params": {"model__colsample_bylevel": 0.999999999961196, "model__colsample_bynode": 0.3000000017765589, "model__colsample_bytree": 0.9999999999979066, "model__learning_rate": 0.29999999996903937, "model__max_depth": 2.0000000152276476, "model__n_estimators": 29.19710693418769, "model__reg_lambda": 2.5379412659645325e-08}, "datetime": {"datetime": "2021-03-24 06:46:48", "elapsed": 107.072739, "delta": 1.134318}}
{"target": -0.3801930867277248, "params": {"model__colsample_bylevel": 0.4170513293001089, "model__colsample_bynode": 0.99250284282895, "model__colsample_bytree": 0.34488276743521307, "model__learning_rate": 0.22500584867258494, "model__max_depth": 7.951153419996132, "model__n_estimators": 21.29908852222303, "model__reg_lambda": 1.5574495131573307}, "datetime": {"datetime": "2021-03-24 06:46:49", "elapsed": 108.354183, "delta": 1.281444}}
{"target": -0.35455174267973644, "params": {"model__colsample_bylevel": 1.0, "model__colsample_bynode": 0.9999999984742044, "model__colsample_bytree": 1.0, "model__learning_rate": 0.3, "model__max_depth": 7.618665149503134, "model__n_estimators": 21.43872995751204, "model__reg_lambda": 3.217543443298335}, "datetime": {"datetime": "2021-03-24 06:46:50", "elapsed": 109.553185, "delta": 1.199002}}
{"target": -0.3327967085381227, "params": {"model__colsample_bylevel": 0.318063911269907, "model__colsample_bynode": 0.48864492320396885, "model__colsample_bytree": 0.8575183293990063, "model__learning_rate": 0.2863299898808923, "model__max_depth": 6.516605603328382, "model__n_estimators": 22.714802320655302, "model__reg_lambda": 0.7501656697342474}, "datetime": {"datetime": "2021-03-24 06:46:51", "elapsed": 110.729214, "delta": 1.176029}}
{"target": -0.34773893274157647, "params": {"model__colsample_bylevel": 0.9884709147892156, "model__colsample_bynode": 0.9913740617561733, "model__colsample_bytree": 0.9999999770889596, "model__learning_rate": 0.29999999991561593, "model__max_depth": 7.999999993885036, "model__n_estimators": 22.277527626685075, "model__reg_lambda": 7.96313210641592}, "datetime": {"datetime": "2021-03-24 06:46:53", "elapsed": 112.214556, "delta": 1.485342}}
{"target": -0.3273325701090642, "params": {"model__colsample_bylevel": 0.8141415294424441, "model__colsample_bynode": 0.3198373521851854, "model__colsample_bytree": 0.9998383429069075, "model__learning_rate": 0.2264722692741789, "model__max_depth": 5.175695652106615, "model__n_estimators": 26.33981751067506, "model__reg_lambda": 0.12160661720999721}, "datetime": {"datetime": "2021-03-24 06:46:54", "elapsed": 113.35983, "delta": 1.145274}}
{"target": -0.3321785480863806, "params": {"model__colsample_bylevel": 0.32273008147648274, "model__colsample_bynode": 0.9915311463912622, "model__colsample_bytree": 0.8574857820883368, "model__learning_rate": 0.26278022727539746, "model__max_depth": 2.1929017703818685, "model__n_estimators": 16.998486122681047, "model__reg_lambda": 0.028455487241798583}, "datetime": {"datetime": "2021-03-24 06:46:55", "elapsed": 114.652399, "delta": 1.292569}}
{"target": -0.3304423250025138, "params": {"model__colsample_bylevel": 1.0, "model__colsample_bynode": 1.0, "model__colsample_bytree": 1.0, "model__learning_rate": 0.3, "model__max_depth": 4.318542702176941, "model__n_estimators": 25.6843602782902, "model__reg_lambda": 10.0}, "datetime": {"datetime": "2021-03-24 06:46:57", "elapsed": 116.089799, "delta": 1.4374}}
{"target": -0.31774703450382863, "params": {"model__colsample_bylevel": 0.6919205020727397, "model__colsample_bynode": 0.470420035382461, "model__colsample_bytree": 0.9911400153084791, "model__learning_rate": 0.2552978865945339, "model__max_depth": 7.684742271845719, "model__n_estimators": 24.96325403327711, "model__reg_lambda": 2.6735362918577508}, "datetime": {"datetime": "2021-03-24 06:46:58", "elapsed": 117.536874, "delta": 1.447075}}
{"target": -0.35444002223059373, "params": {"model__colsample_bylevel": 0.8608726458021843, "model__colsample_bynode": 0.9945675291342788, "model__colsample_bytree": 0.389335555006155, "model__learning_rate": 0.29142471197013087, "model__max_depth": 7.36184749087834, "model__n_estimators": 26.229236057207103, "model__reg_lambda": 7.707865316620776}, "datetime": {"datetime": "2021-03-24 06:46:59", "elapsed": 118.795699, "delta": 1.258825}}
{"target": -0.34983538831280464, "params": {"model__colsample_bylevel": 0.9873088938905363, "model__colsample_bynode": 0.42976640239134006, "model__colsample_bytree": 0.9755282794904905, "model__learning_rate": 0.29478327782237956, "model__max_depth": 7.232885332485032, "model__n_estimators": 29.314118829764823, "model__reg_lambda": 8.279655722254347}, "datetime": {"datetime": "2021-03-24 06:47:01", "elapsed": 120.206354, "delta": 1.410655}}
{"target": -0.3660364315011606, "params": {"model__colsample_bylevel": 0.34779467688386034, "model__colsample_bynode": 0.39582447959799427, "model__colsample_bytree": 0.9392833804064311, "model__learning_rate": 0.2755420002927317, "model__max_depth": 7.569380392699393, "model__n_estimators": 22.891212013329913, "model__reg_lambda": 2.4747006009700714}, "datetime": {"datetime": "2021-03-24 06:47:02", "elapsed": 121.394782, "delta": 1.188428}}
{"target": -0.35496748468933115, "params": {"model__colsample_bylevel": 0.9977945508846526, "model__colsample_bynode": 0.7862856141400147, "model__colsample_bytree": 0.8882626918920424, "model__learning_rate": 0.28423977751186436, "model__max_depth": 4.252970574995572, "model__n_estimators": 19.03563110352963, "model__reg_lambda": 5.927652719510009}, "datetime": {"datetime": "2021-03-24 06:47:03", "elapsed": 122.670226, "delta": 1.275444}}
{"target": -0.3223479133580163, "params": {"model__colsample_bylevel": 0.30424852542431674, "model__colsample_bynode": 0.8755150776469935, "model__colsample_bytree": 0.9644504001682892, "model__learning_rate": 0.2638218652972909, "model__max_depth": 7.768327480481572, "model__n_estimators": 25.949925912807956, "model__reg_lambda": 3.0170545998412335}, "datetime": {"datetime": "2021-03-24 06:47:04", "elapsed": 123.880854, "delta": 1.210628}}
{"target": -0.33777424718887694, "params": {"model__colsample_bylevel": 0.9679165614070475, "model__colsample_bynode": 0.3274699315454927, "model__colsample_bytree": 0.9244786711229955, "model__learning_rate": 0.25981523715219756, "model__max_depth": 5.528778741146836, "model__n_estimators": 16.283887787146067, "model__reg_lambda": 0.01615576549469311}, "datetime": {"datetime": "2021-03-24 06:47:06", "elapsed": 125.360876, "delta": 1.480022}}
{"target": -0.32839478208722234, "params": {"model__colsample_bylevel": 0.9467438187540265, "model__colsample_bynode": 0.8797073709467707, "model__colsample_bytree": 0.9693193983765496, "model__learning_rate": 0.281667611153115, "model__max_depth": 3.610335999053393, "model__n_estimators": 19.811997886521738, "model__reg_lambda": 0.464383390577332}, "datetime": {"datetime": "2021-03-24 06:47:07", "elapsed": 126.561389, "delta": 1.200513}}
{"target": -0.3438087393742298, "params": {"model__colsample_bylevel": 0.46894580644713546, "model__colsample_bynode": 0.9539309216841845, "model__colsample_bytree": 0.9923216545355986, "model__learning_rate": 0.1296536990542265, "model__max_depth": 6.68947636657623, "model__n_estimators": 22.599406198693302, "model__reg_lambda": 0.057357261961612505}, "datetime": {"datetime": "2021-03-24 06:47:08", "elapsed": 127.868388, "delta": 1.306999}}
{"target": -0.355688812389322, "params": {"model__colsample_bylevel": 0.9545608129397141, "model__colsample_bynode": 0.8819582447435212, "model__colsample_bytree": 0.9598095159660043, "model__learning_rate": 0.24015278539896065, "model__max_depth": 4.849088455142464, "model__n_estimators": 16.931224147594023, "model__reg_lambda": 1.9528708990353327}, "datetime": {"datetime": "2021-03-24 06:47:10", "elapsed": 129.051114, "delta": 1.182726}}
{"target": -0.35405098770751847, "params": {"model__colsample_bylevel": 1.0, "model__colsample_bynode": 0.3000000330801905, "model__colsample_bytree": 1.0, "model__learning_rate": 0.3, "model__max_depth": 6.4692982372636685, "model__n_estimators": 28.573013524246225, "model__reg_lambda": 10.0}, "datetime": {"datetime": "2021-03-24 06:47:11", "elapsed": 130.368405, "delta": 1.317291}}
{"target": -0.3469426449094697, "params": {"model__colsample_bylevel": 1.0, "model__colsample_bynode": 0.3, "model__colsample_bytree": 0.9999999999943442, "model__learning_rate": 0.3, "model__max_depth": 6.089928446933923, "model__n_estimators": 15.141952566870675, "model__reg_lambda": 1.4566208328336738}, "datetime": {"datetime": "2021-03-24 06:47:12", "elapsed": 131.811879, "delta": 1.443474}}
{"target": -0.3990819501089931, "params": {"model__colsample_bylevel": 1.0, "model__colsample_bynode": 0.329468829859701, "model__colsample_bytree": 0.3423628152386625, "model__learning_rate": 0.3, "model__max_depth": 2.0000000192803378, "model__n_estimators": 16.72838013585651, "model__reg_lambda": 0.38994084023717196}, "datetime": {"datetime": "2021-03-24 06:47:13", "elapsed": 133.044049, "delta": 1.23217}}
{"target": -0.3547472031459725, "params": {"model__colsample_bylevel": 1.0, "model__colsample_bynode": 0.8292276548920128, "model__colsample_bytree": 1.0, "model__learning_rate": 0.3, "model__max_depth": 3.7399773441590862, "model__n_estimators": 18.681331301203276, "model__reg_lambda": 10.0}, "datetime": {"datetime": "2021-03-24 06:47:15", "elapsed": 134.647372, "delta": 1.603323}}
{"target": -0.4208182583239092, "params": {"model__colsample_bylevel": 1.0, "model__colsample_bynode": 0.3, "model__colsample_bytree": 0.3, "model__learning_rate": 0.1667137225931455, "model__max_depth": 8.0, "model__n_estimators": 29.99999999895752, "model__reg_lambda": 10.0}, "datetime": {"datetime": "2021-03-24 06:47:17", "elapsed": 136.074383, "delta": 1.427011}}
{"target": -0.339595049582388, "params": {"model__colsample_bylevel": 1.0, "model__colsample_bynode": 0.3000000028582327, "model__colsample_bytree": 1.0, "model__learning_rate": 0.3, "model__max_depth": 4.83907776133489, "model__n_estimators": 26.003694586390942, "model__reg_lambda": 1.9262850754051164}, "datetime": {"datetime": "2021-03-24 06:47:18", "elapsed": 137.23805, "delta": 1.163667}}
{"target": -0.3460914203107519, "params": {"model__colsample_bylevel": 0.3, "model__colsample_bynode": 0.9999999950804657, "model__colsample_bytree": 0.4298504511057334, "model__learning_rate": 0.29999999900154, "model__max_depth": 3.556705323035468, "model__n_estimators": 29.92244646488707, "model__reg_lambda": 3.173256529548578}, "datetime": {"datetime": "2021-03-24 06:47:19", "elapsed": 138.455172, "delta": 1.217122}}
{"target": -0.31839304894252773, "params": {"model__colsample_bylevel": 0.5921876266177193, "model__colsample_bynode": 0.9058138333319525, "model__colsample_bytree": 0.9233697725700636, "model__learning_rate": 0.2600435897900599, "model__max_depth": 7.800926093573062, "model__n_estimators": 15.020905659802548, "model__reg_lambda": 0.22836328895448288}, "datetime": {"datetime": "2021-03-24 06:47:20", "elapsed": 139.982397, "delta": 1.527225}}
{"target": -0.34250105424797617, "params": {"model__colsample_bylevel": 0.30792749424351906, "model__colsample_bynode": 0.37731464465008635, "model__colsample_bytree": 0.770615412964825, "model__learning_rate": 0.2788477699406092, "model__max_depth": 4.603881182491294, "model__n_estimators": 29.904283325351756, "model__reg_lambda": 1.2069143612353206}, "datetime": {"datetime": "2021-03-24 06:47:22", "elapsed": 141.194111, "delta": 1.211714}}
{"target": -0.3651082774536496, "params": {"model__colsample_bylevel": 0.30350208561945297, "model__colsample_bynode": 0.9284088349264508, "model__colsample_bytree": 0.9797025049044168, "model__learning_rate": 0.29544009341509603, "model__max_depth": 5.132261692319283, "model__n_estimators": 15.008879521075214, "model__reg_lambda": 4.956981094497332}, "datetime": {"datetime": "2021-03-24 06:47:23", "elapsed": 142.401524, "delta": 1.207413}}
{"target": -0.31611719426692236, "params": {"model__colsample_bylevel": 0.9843006614730287, "model__colsample_bynode": 0.8271275636845712, "model__colsample_bytree": 0.9451291755223987, "model__learning_rate": 0.2939074650716621, "model__max_depth": 3.9769764683898816, "model__n_estimators": 21.535703762527156, "model__reg_lambda": 4.647014143741889}, "datetime": {"datetime": "2021-03-24 06:47:24", "elapsed": 143.637311, "delta": 1.235787}}
{"target": -0.3377144525391117, "params": {"model__colsample_bylevel": 0.9999999902495387, "model__colsample_bynode": 1.0, "model__colsample_bytree": 1.0, "model__learning_rate": 0.3, "model__max_depth": 8.0, "model__n_estimators": 29.99999998738527, "model__reg_lambda": 7.539475228006525}, "datetime": {"datetime": "2021-03-24 06:47:26", "elapsed": 145.059106, "delta": 1.421795}}
{"target": -0.37250985167718126, "params": {"model__colsample_bylevel": 0.7583121446778043, "model__colsample_bynode": 0.8508386395361842, "model__colsample_bytree": 0.888963193396725, "model__learning_rate": 0.10320551774199244, "model__max_depth": 7.9558490051648825, "model__n_estimators": 25.92687445285421, "model__reg_lambda": 1.3328028643558554}, "datetime": {"datetime": "2021-03-24 06:47:27", "elapsed": 146.320523, "delta": 1.261417}}
{"target": -0.3389832073191613, "params": {"model__colsample_bylevel": 0.9693077516032549, "model__colsample_bynode": 0.40698617074192445, "model__colsample_bytree": 0.7154946066806376, "model__learning_rate": 0.28959470498808804, "model__max_depth": 2.786289587406343, "model__n_estimators": 28.853583496976874, "model__reg_lambda": 2.9583325955859916}, "datetime": {"datetime": "2021-03-24 06:47:28", "elapsed": 147.396273, "delta": 1.07575}}
{"target": -0.376445464503047, "params": {"model__colsample_bylevel": 0.4352152335688889, "model__colsample_bynode": 0.3312871379841869, "model__colsample_bytree": 0.8556285177699035, "model__learning_rate": 0.28668318084520605, "model__max_depth": 2.4283701070809105, "model__n_estimators": 28.931226696238358, "model__reg_lambda": 6.224910945591043}, "datetime": {"datetime": "2021-03-24 06:47:29", "elapsed": 148.910909, "delta": 1.514636}}
{"target": -0.3590861062188565, "params": {"model__colsample_bylevel": 1.0, "model__colsample_bynode": 0.9999999977128088, "model__colsample_bytree": 1.0, "model__learning_rate": 0.3, "model__max_depth": 8.0, "model__n_estimators": 18.305649253608856, "model__reg_lambda": 0.6120658468349329}, "datetime": {"datetime": "2021-03-24 06:47:31", "elapsed": 150.537395, "delta": 1.626486}}
{"target": -0.3014497574611965, "params": {"model__colsample_bylevel": 0.9835872802257986, "model__colsample_bynode": 0.33694698888520147, "model__colsample_bytree": 0.5409505922108753, "model__learning_rate": 0.2429558732475693, "model__max_depth": 4.891589712725967, "model__n_estimators": 28.665972541300732, "model__reg_lambda": 0.021986720618748512}, "datetime": {"datetime": "2021-03-24 06:47:32", "elapsed": 151.673346, "delta": 1.135951}}
{"target": -0.32816488552868933, "params": {"model__colsample_bylevel": 0.3264674200696519, "model__colsample_bynode": 0.8604199869874072, "model__colsample_bytree": 0.9772270184130414, "model__learning_rate": 0.21287635480132983, "model__max_depth": 3.292655559210042, "model__n_estimators": 22.848244187106836, "model__reg_lambda": 0.5095434328796844}, "datetime": {"datetime": "2021-03-24 06:47:33", "elapsed": 152.85568, "delta": 1.182334}}
{"target": -0.3410929335126033, "params": {"model__colsample_bylevel": 0.3356899672281414, "model__colsample_bynode": 0.4468557548844736, "model__colsample_bytree": 0.5741498744879775, "model__learning_rate": 0.2807045473292903, "model__max_depth": 6.327459264802032, "model__n_estimators": 24.09717011643088, "model__reg_lambda": 0.04434015209009434}, "datetime": {"datetime": "2021-03-24 06:47:35", "elapsed": 154.571438, "delta": 1.715758}}
{"target": -0.3295496665643177, "params": {"model__colsample_bylevel": 0.8443573791026524, "model__colsample_bynode": 0.9703956935322506, "model__colsample_bytree": 0.9865183145337884, "model__learning_rate": 0.286063818967506, "model__max_depth": 3.6238898964323223, "model__n_estimators": 24.631051718431728, "model__reg_lambda": 6.909767341426055}, "datetime": {"datetime": "2021-03-24 06:47:37", "elapsed": 156.106468, "delta": 1.53503}}
{"target": -0.3580129849609744, "params": {"model__colsample_bylevel": 0.383538102795702, "model__colsample_bynode": 0.6794792500777913, "model__colsample_bytree": 0.9895963941123136, "model__learning_rate": 0.29736925941370906, "model__max_depth": 4.027639053849242, "model__n_estimators": 17.406673974504947, "model__reg_lambda": 0.3307593267333153}, "datetime": {"datetime": "2021-03-24 06:47:38", "elapsed": 157.366659, "delta": 1.260191}}
{"target": -0.3790293048473372, "params": {"model__colsample_bylevel": 0.4952156223614998, "model__colsample_bynode": 0.9543546832528746, "model__colsample_bytree": 0.4853851984433276, "model__learning_rate": 0.28213820822827107, "model__max_depth": 7.975253039027121, "model__n_estimators": 22.43450180397883, "model__reg_lambda": 9.825740471794866}, "datetime": {"datetime": "2021-03-24 06:47:39", "elapsed": 158.725345, "delta": 1.358686}}
{"target": -0.3359572206264062, "params": {"model__colsample_bylevel": 0.8226857578387916, "model__colsample_bynode": 0.9548281349507273, "model__colsample_bytree": 0.9063620076609507, "model__learning_rate": 0.2517314691659258, "model__max_depth": 5.790410019353104, "model__n_estimators": 28.306798813675783, "model__reg_lambda": 0.061320264759761045}, "datetime": {"datetime": "2021-03-24 06:47:40", "elapsed": 159.976286, "delta": 1.250941}}
{"target": -0.42527059170323006, "params": {"model__colsample_bylevel": 0.909075167051778, "model__colsample_bynode": 0.4235352680796511, "model__colsample_bytree": 0.3388037762237932, "model__learning_rate": 0.263327288793874, "model__max_depth": 7.334378678808474, "model__n_estimators": 15.015952556716186, "model__reg_lambda": 9.886011985845538}, "datetime": {"datetime": "2021-03-24 06:47:42", "elapsed": 161.463936, "delta": 1.48765}}
{"target": -0.3448620699744239, "params": {"model__colsample_bylevel": 0.9548205588200132, "model__colsample_bynode": 0.9944905917767168, "model__colsample_bytree": 0.946634223628501, "model__learning_rate": 0.26484317558846693, "model__max_depth": 2.8463102782503578, "model__n_estimators": 26.922328275849676, "model__reg_lambda": 8.117779599912495}, "datetime": {"datetime": "2021-03-24 06:47:43", "elapsed": 163.014262, "delta": 1.550326}}
{"target": -0.3349168008259174, "params": {"model__colsample_bylevel": 1.0, "model__colsample_bynode": 1.0, "model__colsample_bytree": 0.9560780820496376, "model__learning_rate": 0.3, "model__max_depth": 7.282509289821557, "model__n_estimators": 28.42376533035755, "model__reg_lambda": 6.318650629952728}, "datetime": {"datetime": "2021-03-24 06:47:45", "elapsed": 164.454495, "delta": 1.440233}}
