{"target": -0.4221399261427206, "params": {"model__colsample_bylevel": 0.7664505634998717, "model__colsample_bynode": 0.9372501752435591, "model__colsample_bytree": 0.3226974712037688, "model__learning_rate": 0.13696287496610304, "model__max_depth": 6.574112506330284, "model__n_estimators": 15.628001246231364, "model__reg_lambda": 2.789864730302046}, "datetime": {"datetime": "2021-03-24 06:06:00", "elapsed": 7.390687, "delta": 0.086938}}
{"target": -0.42354630105926294, "params": {"model__colsample_bylevel": 0.9005722896485118, "model__colsample_bynode": 0.5583279975276154, "model__colsample_bytree": 0.9292943127471143, "model__learning_rate": 0.1578195662504995, "model__max_depth": 4.281940885644073, "model__n_estimators": 16.640600890305116, "model__reg_lambda": 8.146246111896012}, "datetime": {"datetime": "2021-03-24 06:06:00", "elapsed": 7.496357, "delta": 0.10567}}
{"target": -0.3991981480864511, "params": {"model__colsample_bylevel": 0.9534398095322711, "model__colsample_bynode": 0.42817503247553923, "model__colsample_bytree": 0.5178389967922328, "model__learning_rate": 0.2349408086546986, "model__max_depth": 2.4746062530577846, "model__n_estimators": 15.490859914517099, "model__reg_lambda": 3.2657561880327557}, "datetime": {"datetime": "2021-03-24 06:06:00", "elapsed": 7.565712, "delta": 0.069355}}
{"target": -0.39207252733935805, "params": {"model__colsample_bylevel": 0.5706285360217014, "model__colsample_bynode": 0.6842771415696982, "model__colsample_bytree": 0.6870518207102555, "model__learning_rate": 0.16602543474194267, "model__max_depth": 4.553906607318516, "model__n_estimators": 18.777852885612205, "model__reg_lambda": 2.0263513230551347}, "datetime": {"datetime": "2021-03-24 06:06:00", "elapsed": 7.666062, "delta": 0.10035}}
{"target": -0.34841660955900566, "params": {"model__colsample_bylevel": 0.8442678591461368, "model__colsample_bynode": 0.3977149946980818, "model__colsample_bytree": 0.6158425941754111, "model__learning_rate": 0.1245045248421828, "model__max_depth": 6.897715409068526, "model__n_estimators": 27.65234893164894, "model__reg_lambda": 1.1477505735172433}, "datetime": {"datetime": "2021-03-24 06:06:00", "elapsed": 7.776597, "delta": 0.110535}}
{"target": -0.35705565883832024, "params": {"model__colsample_bylevel": 0.8046871964072875, "model__colsample_bynode": 0.9463208373893632, "model__colsample_bytree": 0.5702216525068842, "model__learning_rate": 0.25542256115422385, "model__max_depth": 7.543314227663024, "model__n_estimators": 15.074271146872483, "model__reg_lambda": 2.7258381373747875}, "datetime": {"datetime": "2021-03-24 06:06:00", "elapsed": 7.877273, "delta": 0.100676}}
{"target": -0.523414001127948, "params": {"model__colsample_bylevel": 0.325563385911891, "model__colsample_bynode": 0.4394342284138872, "model__colsample_bytree": 0.3078454924320954, "model__learning_rate": 0.10977990666788635, "model__max_depth": 5.896055639118223, "model__n_estimators": 19.33085301818661, "model__reg_lambda": 8.44410233607059}, "datetime": {"datetime": "2021-03-24 06:06:00", "elapsed": 7.952145, "delta": 0.074872}}
{"target": -0.3373706261500838, "params": {"model__colsample_bylevel": 0.5333078077907257, "model__colsample_bynode": 0.9449148964303926, "model__colsample_bytree": 0.39197068792833056, "model__learning_rate": 0.2098009976534188, "model__max_depth": 3.7666070082368948, "model__n_estimators": 27.09229802758709, "model__reg_lambda": 3.376766038812906}, "datetime": {"datetime": "2021-03-24 06:06:01", "elapsed": 8.045759, "delta": 0.093614}}
{"target": -0.35073762673655173, "params": {"model__colsample_bylevel": 0.38472058045866103, "model__colsample_bynode": 0.6189182754661343, "model__colsample_bytree": 0.47491716651278293, "model__learning_rate": 0.24904662090967875, "model__max_depth": 6.41552028192452, "model__n_estimators": 15.15307284998927, "model__reg_lambda": 0.029919695529196932}, "datetime": {"datetime": "2021-03-24 06:06:01", "elapsed": 8.126455, "delta": 0.080696}}
{"target": -0.35265480496286267, "params": {"model__colsample_bylevel": 0.9426044924017256, "model__colsample_bynode": 0.5260125425777793, "model__colsample_bytree": 0.5074653319167783, "model__learning_rate": 0.15418522802672452, "model__max_depth": 3.474343666196627, "model__n_estimators": 26.630539663467353, "model__reg_lambda": 2.632384799456182}, "datetime": {"datetime": "2021-03-24 06:06:01", "elapsed": 8.214371, "delta": 0.087916}}
{"target": -0.3552265689033421, "params": {"model__colsample_bylevel": 0.8032909797610204, "model__colsample_bynode": 0.7713021432027297, "model__colsample_bytree": 0.6853736563856032, "model__learning_rate": 0.23655460523720243, "model__max_depth": 3.0441975506001606, "model__n_estimators": 21.967771044500967, "model__reg_lambda": 4.939589109277965}, "datetime": {"datetime": "2021-03-24 06:06:01", "elapsed": 8.310021, "delta": 0.09565}}
{"target": -0.3663669605165774, "params": {"model__colsample_bylevel": 0.3191878877624776, "model__colsample_bynode": 0.4527668367686508, "model__colsample_bytree": 0.9533861738476699, "model__learning_rate": 0.23172885748318614, "model__max_depth": 7.871974941466348, "model__n_estimators": 20.539710627919593, "model__reg_lambda": 7.6239037960184355}, "datetime": {"datetime": "2021-03-24 06:06:01", "elapsed": 8.401598, "delta": 0.091577}}
{"target": -0.40992446964660634, "params": {"model__colsample_bylevel": 0.7197656118669662, "model__colsample_bynode": 0.7214646750503465, "model__colsample_bytree": 0.37931534877147977, "model__learning_rate": 0.14444015703665763, "model__max_depth": 2.433575141809544, "model__n_estimators": 22.57954207818872, "model__reg_lambda": 3.4509917372173025}, "datetime": {"datetime": "2021-03-24 06:06:01", "elapsed": 8.476342, "delta": 0.074744}}
{"target": -0.35333516522499636, "params": {"model__colsample_bylevel": 0.43770438267170664, "model__colsample_bynode": 0.562288016838024, "model__colsample_bytree": 0.6684847059501842, "model__learning_rate": 0.24216538663414655, "model__max_depth": 5.53982800385271, "model__n_estimators": 24.586364893849456, "model__reg_lambda": 6.03761911116279}, "datetime": {"datetime": "2021-03-24 06:06:01", "elapsed": 8.567722, "delta": 0.09138}}
{"target": -0.3534532814492485, "params": {"model__colsample_bylevel": 0.5615024327662378, "model__colsample_bynode": 0.5278880157630303, "model__colsample_bytree": 0.6927994632423486, "model__learning_rate": 0.2499326997232081, "model__max_depth": 7.515144966264312, "model__n_estimators": 27.41503748405572, "model__reg_lambda": 5.537273620404508}, "datetime": {"datetime": "2021-03-24 06:06:01", "elapsed": 8.670574, "delta": 0.102852}}
{"target": -0.3608680831045722, "params": {"model__colsample_bylevel": 0.8773753442334304, "model__colsample_bynode": 0.3197624374107063, "model__colsample_bytree": 0.8582648079772404, "model__learning_rate": 0.1398977410305498, "model__max_depth": 6.115045756510598, "model__n_estimators": 27.377846347953547, "model__reg_lambda": 3.1496308071503187}, "datetime": {"datetime": "2021-03-24 06:06:01", "elapsed": 8.779174, "delta": 0.1086}}
{"target": -0.3762393730793796, "params": {"model__colsample_bylevel": 0.5798231824380045, "model__colsample_bynode": 0.9899122285696411, "model__colsample_bytree": 0.4774952834387126, "model__learning_rate": 0.25106786479472265, "model__max_depth": 4.436357453829759, "model__n_estimators": 19.72844903945682, "model__reg_lambda": 7.705159221072094}, "datetime": {"datetime": "2021-03-24 06:06:01", "elapsed": 8.866633, "delta": 0.087459}}
{"target": -0.3558249429158488, "params": {"model__colsample_bylevel": 0.6149024037576569, "model__colsample_bynode": 0.7970601762740899, "model__colsample_bytree": 0.4555403075808654, "model__learning_rate": 0.26476738246878556, "model__max_depth": 6.3006447069266285, "model__n_estimators": 22.48861984031197, "model__reg_lambda": 7.91551010046181}, "datetime": {"datetime": "2021-03-24 06:06:01", "elapsed": 8.961449, "delta": 0.094816}}
{"target": -0.3313888884119122, "params": {"model__colsample_bylevel": 0.9437937215686736, "model__colsample_bynode": 0.8511722448868555, "model__colsample_bytree": 0.5084857837350747, "model__learning_rate": 0.24346701302396254, "model__max_depth": 5.690340786662006, "model__n_estimators": 27.619845335231588, "model__reg_lambda": 4.0456797253845265}, "datetime": {"datetime": "2021-03-24 06:06:02", "elapsed": 9.089459, "delta": 0.12801}}
{"target": -0.36543672682272027, "params": {"model__colsample_bylevel": 0.6173529449301774, "model__colsample_bynode": 0.3656352091501882, "model__colsample_bytree": 0.45305055880659917, "model__learning_rate": 0.20586849821836273, "model__max_depth": 5.173197962934258, "model__n_estimators": 25.696146745858105, "model__reg_lambda": 2.863925264426952}, "datetime": {"datetime": "2021-03-24 06:06:02", "elapsed": 9.182456, "delta": 0.092997}}
{"target": -0.4442890462438589, "params": {"model__colsample_bylevel": 0.3812502817792496, "model__colsample_bynode": 0.43107613084910207, "model__colsample_bytree": 0.6036033759584388, "model__learning_rate": 0.13710847453713484, "model__max_depth": 2.7407946095138094, "model__n_estimators": 25.875381462387566, "model__reg_lambda": 9.101677556132595}, "datetime": {"datetime": "2021-03-24 06:06:02", "elapsed": 9.256786, "delta": 0.07433}}
{"target": -0.4093572475515521, "params": {"model__colsample_bylevel": 0.3426383940311504, "model__colsample_bynode": 0.3292770968669983, "model__colsample_bytree": 0.49999974247633633, "model__learning_rate": 0.21592871225493404, "model__max_depth": 7.629568478689846, "model__n_estimators": 23.72527860523467, "model__reg_lambda": 6.7998375849329875}, "datetime": {"datetime": "2021-03-24 06:06:02", "elapsed": 9.340717, "delta": 0.083931}}
{"target": -0.35940518698020685, "params": {"model__colsample_bylevel": 0.3, "model__colsample_bynode": 1.0, "model__colsample_bytree": 0.3011753748973801, "model__learning_rate": 0.3, "model__max_depth": 8.0, "model__n_estimators": 30.0, "model__reg_lambda": 10.0}, "datetime": {"datetime": "2021-03-24 06:06:03", "elapsed": 10.252198, "delta": 0.911481}}
{"target": -0.3737821514967937, "params": {"model__colsample_bylevel": 1.0, "model__colsample_bynode": 1.0, "model__colsample_bytree": 1.0, "model__learning_rate": 0.3, "model__max_depth": 8.0, "model__n_estimators": 15.0, "model__reg_lambda": 10.0}, "datetime": {"datetime": "2021-03-24 06:06:04", "elapsed": 11.504301, "delta": 1.252103}}
{"target": -0.3399668627408455, "params": {"model__colsample_bylevel": 1.0, "model__colsample_bynode": 1.0, "model__colsample_bytree": 1.0, "model__learning_rate": 0.3, "model__max_depth": 2.0, "model__n_estimators": 30.0, "model__reg_lambda": 10.0}, "datetime": {"datetime": "2021-03-24 06:06:05", "elapsed": 12.741807, "delta": 1.237506}}
{"target": -0.3651239330920836, "params": {"model__colsample_bylevel": 1.0, "model__colsample_bynode": 1.0, "model__colsample_bytree": 1.0, "model__learning_rate": 0.3, "model__max_depth": 7.123525802775403, "model__n_estimators": 15.573889034799217, "model__reg_lambda": 5.809838475781021}, "datetime": {"datetime": "2021-03-24 06:06:07", "elapsed": 14.288789, "delta": 1.546982}}
{"target": -0.3338957774790301, "params": {"model__colsample_bylevel": 0.3, "model__colsample_bynode": 1.0, "model__colsample_bytree": 1.0, "model__learning_rate": 0.3, "model__max_depth": 8.0, "model__n_estimators": 30.0, "model__reg_lambda": 5.9890750200197544}, "datetime": {"datetime": "2021-03-24 06:06:08", "elapsed": 15.586475, "delta": 1.297686}}
{"target": -0.4561664591691848, "params": {"model__colsample_bylevel": 0.42706993956770767, "model__colsample_bynode": 0.9969162159832119, "model__colsample_bytree": 0.9976679547397105, "model__learning_rate": 0.1412125894472488, "model__max_depth": 2.267162275583882, "model__n_estimators": 20.72677971638237, "model__reg_lambda": 9.912122923034822}, "datetime": {"datetime": "2021-03-24 06:06:09", "elapsed": 16.780381, "delta": 1.193906}}
{"target": -0.36537222403331077, "params": {"model__colsample_bylevel": 0.9829896883020381, "model__colsample_bynode": 0.7633910449303144, "model__colsample_bytree": 0.9011403114211927, "model__learning_rate": 0.2887804596688405, "model__max_depth": 7.826932078856334, "model__n_estimators": 19.686008541958685, "model__reg_lambda": 9.768925316319512}, "datetime": {"datetime": "2021-03-24 06:06:11", "elapsed": 18.195426, "delta": 1.415045}}
{"target": -0.4060113649781577, "params": {"model__colsample_bylevel": 1.0, "model__colsample_bynode": 0.3, "model__colsample_bytree": 1.0, "model__learning_rate": 0.3, "model__max_depth": 2.0, "model__n_estimators": 15.0, "model__reg_lambda": 10.0}, "datetime": {"datetime": "2021-03-24 06:06:12", "elapsed": 19.506716, "delta": 1.31129}}
{"target": -0.347627982300659, "params": {"model__colsample_bylevel": 1.0, "model__colsample_bynode": 1.0, "model__colsample_bytree": 1.0, "model__learning_rate": 0.3, "model__max_depth": 7.000177681750647, "model__n_estimators": 20.11167721886087, "model__reg_lambda": 5.124130653725081}, "datetime": {"datetime": "2021-03-24 06:06:13", "elapsed": 20.970352, "delta": 1.463636}}
{"target": -0.33438964041516833, "params": {"model__colsample_bylevel": 1.0, "model__colsample_bynode": 0.3, "model__colsample_bytree": 1.0, "model__learning_rate": 0.3, "model__max_depth": 5.241037598648695, "model__n_estimators": 30.0, "model__reg_lambda": 10.0}, "datetime": {"datetime": "2021-03-24 06:06:15", "elapsed": 22.390043, "delta": 1.419691}}
{"target": -0.38653608658266647, "params": {"model__colsample_bylevel": 0.3740072553923567, "model__colsample_bynode": 0.45913904626127167, "model__colsample_bytree": 0.32928002532084444, "model__learning_rate": 0.26756101682390443, "model__max_depth": 7.884935930609004, "model__n_estimators": 17.490815166783747, "model__reg_lambda": 0.226671900356763}, "datetime": {"datetime": "2021-03-24 06:06:16", "elapsed": 23.51463, "delta": 1.124587}}
{"target": -0.3627743417675526, "params": {"model__colsample_bylevel": 1.0, "model__colsample_bynode": 1.0, "model__colsample_bytree": 0.3, "model__learning_rate": 0.3, "model__max_depth": 8.0, "model__n_estimators": 26.916933728521837, "model__reg_lambda": 0.0}, "datetime": {"datetime": "2021-03-24 06:06:17", "elapsed": 24.859681, "delta": 1.345051}}
{"target": -0.3435763161513023, "params": {"model__colsample_bylevel": 1.0, "model__colsample_bynode": 1.0, "model__colsample_bytree": 1.0, "model__learning_rate": 0.3, "model__max_depth": 2.0, "model__n_estimators": 27.456525045081698, "model__reg_lambda": 5.5385242091836915}, "datetime": {"datetime": "2021-03-24 06:06:19", "elapsed": 26.224785, "delta": 1.365104}}
{"target": -0.38364798577394393, "params": {"model__colsample_bylevel": 0.3, "model__colsample_bynode": 1.0, "model__colsample_bytree": 0.3, "model__learning_rate": 0.3, "model__max_depth": 2.0, "model__n_estimators": 30.0, "model__reg_lambda": 7.971595867980557}, "datetime": {"datetime": "2021-03-24 06:06:20", "elapsed": 27.321276, "delta": 1.096491}}
{"target": -0.35296182627553474, "params": {"model__colsample_bylevel": 1.0, "model__colsample_bynode": 1.0, "model__colsample_bytree": 1.0, "model__learning_rate": 0.3, "model__max_depth": 5.422362246924309, "model__n_estimators": 23.203443954885984, "model__reg_lambda": 8.481071596621497}, "datetime": {"datetime": "2021-03-24 06:06:21", "elapsed": 28.633784, "delta": 1.312508}}
{"target": -0.33541607025815035, "params": {"model__colsample_bylevel": 0.9979194501604538, "model__colsample_bynode": 0.34375663732336026, "model__colsample_bytree": 0.7586067901999443, "model__learning_rate": 0.23027762856494896, "model__max_depth": 7.994732035655668, "model__n_estimators": 29.99524512812708, "model__reg_lambda": 9.807059581394135}, "datetime": {"datetime": "2021-03-24 06:06:22", "elapsed": 29.85672, "delta": 1.222936}}
{"target": -0.3423219213498406, "params": {"model__colsample_bylevel": 0.3, "model__colsample_bynode": 1.0, "model__colsample_bytree": 1.0, "model__learning_rate": 0.3, "model__max_depth": 8.0, "model__n_estimators": 22.355324704953613, "model__reg_lambda": 10.0}, "datetime": {"datetime": "2021-03-24 06:06:24", "elapsed": 31.101907, "delta": 1.245187}}
{"target": -0.3807170275018375, "params": {"model__colsample_bylevel": 0.3, "model__colsample_bynode": 1.0, "model__colsample_bytree": 1.0, "model__learning_rate": 0.3, "model__max_depth": 5.111719108553735, "model__n_estimators": 15.0, "model__reg_lambda": 10.0}, "datetime": {"datetime": "2021-03-24 06:06:25", "elapsed": 32.337013, "delta": 1.235106}}
{"target": -0.39389150878212054, "params": {"model__colsample_bylevel": 0.3, "model__colsample_bynode": 0.3, "model__colsample_bytree": 1.0, "model__learning_rate": 0.3, "model__max_depth": 8.0, "model__n_estimators": 15.0, "model__reg_lambda": 4.446000433885837}, "datetime": {"datetime": "2021-03-24 06:06:26", "elapsed": 33.496425, "delta": 1.159412}}
{"target": -0.36235948188054923, "params": {"model__colsample_bylevel": 1.0, "model__colsample_bynode": 1.0, "model__colsample_bytree": 1.0, "model__learning_rate": 0.3, "model__max_depth": 8.0, "model__n_estimators": 15.0, "model__reg_lambda": 0.0}, "datetime": {"datetime": "2021-03-24 06:06:27", "elapsed": 34.745408, "delta": 1.248983}}
{"target": -0.32994155192602614, "params": {"model__colsample_bylevel": 0.6226488814218176, "model__colsample_bynode": 0.9249032209932484, "model__colsample_bytree": 0.9619358521331616, "model__learning_rate": 0.24128901094939606, "model__max_depth": 2.0777996338744558, "model__n_estimators": 25.980898191291917, "model__reg_lambda": 0.035068132150403164}, "datetime": {"datetime": "2021-03-24 06:06:29", "elapsed": 36.123995, "delta": 1.378587}}
{"target": -0.3568600935422802, "params": {"model__colsample_bylevel": 1.0, "model__colsample_bynode": 1.0, "model__colsample_bytree": 1.0, "model__learning_rate": 0.3, "model__max_depth": 4.297452955644254, "model__n_estimators": 15.0, "model__reg_lambda": 4.588836308924622}, "datetime": {"datetime": "2021-03-24 06:06:30", "elapsed": 37.623777, "delta": 1.499782}}
{"target": -0.3376913695574225, "params": {"model__colsample_bylevel": 1.0, "model__colsample_bynode": 1.0, "model__colsample_bytree": 0.3, "model__learning_rate": 0.3, "model__max_depth": 4.415985747479016, "model__n_estimators": 30.0, "model__reg_lambda": 10.0}, "datetime": {"datetime": "2021-03-24 06:06:31", "elapsed": 38.765326, "delta": 1.141549}}
{"target": -0.3468452027418475, "params": {"model__colsample_bylevel": 0.8700874258213223, "model__colsample_bynode": 0.4350842476823192, "model__colsample_bytree": 0.9345486626508805, "model__learning_rate": 0.2833050772203757, "model__max_depth": 2.133065536000588, "model__n_estimators": 15.563379770580063, "model__reg_lambda": 0.02624657048077239}, "datetime": {"datetime": "2021-03-24 06:06:32", "elapsed": 39.958973, "delta": 1.193647}}
{"target": -0.3414551888194367, "params": {"model__colsample_bylevel": 0.6715191500916797, "model__colsample_bynode": 0.304687597280189, "model__colsample_bytree": 0.9638862816243086, "model__learning_rate": 0.29536545804878844, "model__max_depth": 5.235556900333162, "model__n_estimators": 21.59917574022804, "model__reg_lambda": 4.8769284868247285}, "datetime": {"datetime": "2021-03-24 06:06:34", "elapsed": 41.178075, "delta": 1.219102}}
{"target": -0.3259012033132013, "params": {"model__colsample_bylevel": 0.3887074091431341, "model__colsample_bynode": 0.9802707534834509, "model__colsample_bytree": 0.5322416765070854, "model__learning_rate": 0.1927523706205046, "model__max_depth": 7.98388237213957, "model__n_estimators": 20.34452089588923, "model__reg_lambda": 0.05635280414530319}, "datetime": {"datetime": "2021-03-24 06:06:35", "elapsed": 42.299877, "delta": 1.121802}}
{"target": -0.3539903554286761, "params": {"model__colsample_bylevel": 0.3, "model__colsample_bynode": 1.0, "model__colsample_bytree": 1.0, "model__learning_rate": 0.3, "model__max_depth": 5.30628564346176, "model__n_estimators": 18.100161451842215, "model__reg_lambda": 0.0}, "datetime": {"datetime": "2021-03-24 06:06:36", "elapsed": 43.388309, "delta": 1.088432}}
{"target": -0.3540886389661877, "params": {"model__colsample_bylevel": 0.9450376760122741, "model__colsample_bynode": 0.8022769727196515, "model__colsample_bytree": 0.32996914994359255, "model__learning_rate": 0.1840493179104906, "model__max_depth": 7.965966369585611, "model__n_estimators": 29.87045853022875, "model__reg_lambda": 4.242464365734888}, "datetime": {"datetime": "2021-03-24 06:06:37", "elapsed": 44.6137, "delta": 1.225391}}
{"target": -0.34776786572731816, "params": {"model__colsample_bylevel": 0.6596594045254448, "model__colsample_bynode": 0.6421000912351266, "model__colsample_bytree": 0.354169171019681, "model__learning_rate": 0.23286513673871176, "model__max_depth": 2.0136694920689977, "model__n_estimators": 18.155874208796952, "model__reg_lambda": 0.06941411765221894}, "datetime": {"datetime": "2021-03-24 06:06:38", "elapsed": 45.843777, "delta": 1.230077}}
{"target": -0.3519543034149388, "params": {"model__colsample_bylevel": 1.0, "model__colsample_bynode": 1.0, "model__colsample_bytree": 1.0, "model__learning_rate": 0.3, "model__max_depth": 7.752351625857795, "model__n_estimators": 30.0, "model__reg_lambda": 9.100995816312423}, "datetime": {"datetime": "2021-03-24 06:06:40", "elapsed": 47.132405, "delta": 1.288628}}
{"target": -0.34957570415293876, "params": {"model__colsample_bylevel": 0.3, "model__colsample_bynode": 1.0, "model__colsample_bytree": 1.0, "model__learning_rate": 0.3, "model__max_depth": 7.810834267069621, "model__n_estimators": 22.48933267319743, "model__reg_lambda": 6.21512378675354}, "datetime": {"datetime": "2021-03-24 06:06:41", "elapsed": 48.358949, "delta": 1.226544}}
