{"target": -0.3298997563109193, "params": {"model__colsample_bylevel": 0.6357671227369214, "model__colsample_bynode": 0.9686151141317014, "model__colsample_bytree": 0.994074186209764, "model__learning_rate": 0.2991206467668516, "model__max_depth": 5.669483291671932, "model__n_estimators": 27.732203401500207, "model__reg_lambda": 4.815289947642963}, "datetime": {"datetime": "2021-03-24 06:07:50", "elapsed": 117.955551, "delta": 1.151421}}
{"target": -0.34545524252251303, "params": {"model__colsample_bylevel": 1.0, "model__colsample_bynode": 1.0, "model__colsample_bytree": 1.0, "model__learning_rate": 0.3, "model__max_depth": 8.0, "model__n_estimators": 28.27979065107594, "model__reg_lambda": 6.902494912794964}, "datetime": {"datetime": "2021-03-24 06:07:52", "elapsed": 119.1857, "delta": 1.230149}}
{"target": -0.3351070356005263, "params": {"model__colsample_bylevel": 0.9496505389215417, "model__colsample_bynode": 0.6959088288412104, "model__colsample_bytree": 0.3410112823973069, "model__learning_rate": 0.264401785938585, "model__max_depth": 4.9390270477867935, "model__n_estimators": 29.738515264250537, "model__reg_lambda": 1.7665695677493765}, "datetime": {"datetime": "2021-03-24 06:07:53", "elapsed": 120.404876, "delta": 1.219176}}
{"target": -0.32647318061495173, "params": {"model__colsample_bylevel": 0.8883370834210398, "model__colsample_bynode": 0.882950906435678, "model__colsample_bytree": 0.40697069996450913, "model__learning_rate": 0.2934202483682793, "model__max_depth": 7.882914006049442, "model__n_estimators": 20.948325097456987, "model__reg_lambda": 1.2044731433745692}, "datetime": {"datetime": "2021-03-24 06:07:54", "elapsed": 121.564305, "delta": 1.159429}}
{"target": -0.3088653270657971, "params": {"model__colsample_bylevel": 0.9497764383490279, "model__colsample_bynode": 0.7884233774159968, "model__colsample_bytree": 0.47561129152524206, "model__learning_rate": 0.2925265156601018, "model__max_depth": 5.537540967432081, "model__n_estimators": 29.932601503058706, "model__reg_lambda": 5.786744420179895}, "datetime": {"datetime": "2021-03-24 06:07:55", "elapsed": 122.595428, "delta": 1.031123}}
{"target": -0.33707612004043347, "params": {"model__colsample_bylevel": 0.9831234434181142, "model__colsample_bynode": 0.46001607070763334, "model__colsample_bytree": 0.4188652023884035, "model__learning_rate": 0.2690192658282522, "model__max_depth": 4.891015552140859, "model__n_estimators": 29.775949228496504, "model__reg_lambda": 7.944721218573435}, "datetime": {"datetime": "2021-03-24 06:07:57", "elapsed": 124.153565, "delta": 1.558137}}
{"target": -0.327985861677798, "params": {"model__colsample_bylevel": 0.3551784718773954, "model__colsample_bynode": 0.9983073258008754, "model__colsample_bytree": 0.31966972822285655, "model__learning_rate": 0.28133112601432575, "model__max_depth": 7.694753318367934, "model__n_estimators": 20.124185678007052, "model__reg_lambda": 2.023382664242215}, "datetime": {"datetime": "2021-03-24 06:07:58", "elapsed": 125.38088, "delta": 1.227315}}
{"target": -0.3602952395872031, "params": {"model__colsample_bylevel": 1.0, "model__colsample_bynode": 0.3, "model__colsample_bytree": 1.0, "model__learning_rate": 0.3, "model__max_depth": 5.307615780772345, "model__n_estimators": 15.0, "model__reg_lambda": 0.0}, "datetime": {"datetime": "2021-03-24 06:07:59", "elapsed": 126.558532, "delta": 1.177652}}
{"target": -0.4042949063770904, "params": {"model__colsample_bylevel": 1.0, "model__colsample_bynode": 0.3, "model__colsample_bytree": 0.3, "model__learning_rate": 0.3, "model__max_depth": 2.0548249749341907, "model__n_estimators": 15.029136345889645, "model__reg_lambda": 0.0583424772381705}, "datetime": {"datetime": "2021-03-24 06:08:00", "elapsed": 127.768826, "delta": 1.210294}}
{"target": -0.34731146239395505, "params": {"model__colsample_bylevel": 0.9949308422396304, "model__colsample_bynode": 0.3790932833529465, "model__colsample_bytree": 0.30284655600102817, "model__learning_rate": 0.28799218911288205, "model__max_depth": 4.456953736950231, "model__n_estimators": 21.237656541274834, "model__reg_lambda": 2.837536627666386}, "datetime": {"datetime": "2021-03-24 06:08:02", "elapsed": 129.293105, "delta": 1.524279}}
{"target": -0.32292422168328005, "params": {"model__colsample_bylevel": 0.713269085554862, "model__colsample_bynode": 0.7707519481414261, "model__colsample_bytree": 0.3395689348152296, "model__learning_rate": 0.20501463796123504, "model__max_depth": 6.841186221585049, "model__n_estimators": 24.910871842587113, "model__reg_lambda": 0.09817240884264722}, "datetime": {"datetime": "2021-03-24 06:08:03", "elapsed": 130.57385, "delta": 1.280745}}
{"target": -0.351356587076283, "params": {"model__colsample_bylevel": 0.9999999981685251, "model__colsample_bynode": 1.0, "model__colsample_bytree": 0.3, "model__learning_rate": 0.3, "model__max_depth": 4.967978691456428, "model__n_estimators": 30.0, "model__reg_lambda": 5.0795493263647495}, "datetime": {"datetime": "2021-03-24 06:08:04", "elapsed": 131.896175, "delta": 1.322325}}
{"target": -0.35474295595363864, "params": {"model__colsample_bylevel": 0.3, "model__colsample_bynode": 1.0, "model__colsample_bytree": 1.0, "model__learning_rate": 0.3, "model__max_depth": 8.0, "model__n_estimators": 17.700901973473243, "model__reg_lambda": 10.0}, "datetime": {"datetime": "2021-03-24 06:08:06", "elapsed": 133.039011, "delta": 1.142836}}
{"target": -0.32791400164099194, "params": {"model__colsample_bylevel": 0.9950405147569792, "model__colsample_bynode": 0.5730820097822245, "model__colsample_bytree": 0.8810484581463065, "model__learning_rate": 0.26902575509024423, "model__max_depth": 6.622338791754264, "model__n_estimators": 29.855902876746917, "model__reg_lambda": 6.325131917522827}, "datetime": {"datetime": "2021-03-24 06:08:07", "elapsed": 134.563044, "delta": 1.524033}}
{"target": -0.37320728173438944, "params": {"model__colsample_bylevel": 0.37062004166843476, "model__colsample_bynode": 0.3144551547031743, "model__colsample_bytree": 0.850432679380283, "model__learning_rate": 0.2929883859164717, "model__max_depth": 5.373467903712281, "model__n_estimators": 29.372458849548742, "model__reg_lambda": 6.224597237344468}, "datetime": {"datetime": "2021-03-24 06:08:09", "elapsed": 136.061692, "delta": 1.498648}}
{"target": -0.45378387684164484, "params": {"model__colsample_bylevel": 0.3000000007493525, "model__colsample_bynode": 0.3, "model__colsample_bytree": 1.0, "model__learning_rate": 0.3, "model__max_depth": 2.0, "model__n_estimators": 15.0, "model__reg_lambda": 5.543987636115695}, "datetime": {"datetime": "2021-03-24 06:08:10", "elapsed": 137.170578, "delta": 1.108886}}
{"target": -0.35243934442059716, "params": {"model__colsample_bylevel": 0.3191039983010506, "model__colsample_bynode": 0.9416869619216974, "model__colsample_bytree": 0.44205255428309526, "model__learning_rate": 0.27805217943779253, "model__max_depth": 2.003200565638396, "model__n_estimators": 29.028539239212044, "model__reg_lambda": 3.5955083168113866}, "datetime": {"datetime": "2021-03-24 06:08:11", "elapsed": 138.460507, "delta": 1.289929}}
{"target": -0.35714070932750686, "params": {"model__colsample_bylevel": 0.6499289851054374, "model__colsample_bynode": 0.3, "model__colsample_bytree": 1.0, "model__learning_rate": 0.3, "model__max_depth": 4.007878898947014, "model__n_estimators": 19.399491034678825, "model__reg_lambda": 5.936873396378195}, "datetime": {"datetime": "2021-03-24 06:08:12", "elapsed": 139.657844, "delta": 1.197337}}
{"target": -0.3412863363400507, "params": {"model__colsample_bylevel": 0.4787653848380764, "model__colsample_bynode": 0.735162984387479, "model__colsample_bytree": 0.3551883535240492, "model__learning_rate": 0.13115688809484932, "model__max_depth": 7.959684497552563, "model__n_estimators": 24.42798780589724, "model__reg_lambda": 0.10951041892767188}, "datetime": {"datetime": "2021-03-24 06:08:13", "elapsed": 141.013818, "delta": 1.355974}}
{"target": -0.35409281842909973, "params": {"model__colsample_bylevel": 1.0, "model__colsample_bynode": 0.771957522365115, "model__colsample_bytree": 0.3, "model__learning_rate": 0.3, "model__max_depth": 2.0, "model__n_estimators": 27.937079682949083, "model__reg_lambda": 8.044725751660353}, "datetime": {"datetime": "2021-03-24 06:08:15", "elapsed": 142.202253, "delta": 1.188435}}
{"target": -0.3283319667582333, "params": {"model__colsample_bylevel": 0.38372949948164514, "model__colsample_bynode": 0.46064633010697054, "model__colsample_bytree": 0.979384916897406, "model__learning_rate": 0.17736571593998268, "model__max_depth": 6.642979185765699, "model__n_estimators": 29.967590598128854, "model__reg_lambda": 3.420223752588548}, "datetime": {"datetime": "2021-03-24 06:08:16", "elapsed": 143.849331, "delta": 1.647078}}
{"target": -0.3509650509159985, "params": {"model__colsample_bylevel": 0.9981809976144573, "model__colsample_bynode": 1.0, "model__colsample_bytree": 0.3, "model__learning_rate": 0.3, "model__max_depth": 5.582789786880175, "model__n_estimators": 27.673158105732963, "model__reg_lambda": 8.010259758957638}, "datetime": {"datetime": "2021-03-24 06:08:17", "elapsed": 145.009915, "delta": 1.160584}}
{"target": -0.3208144315833941, "params": {"model__colsample_bylevel": 0.3740570344366265, "model__colsample_bynode": 0.9008046291342269, "model__colsample_bytree": 0.9280853633900794, "model__learning_rate": 0.2513599057779876, "model__max_depth": 2.4509179814051203, "model__n_estimators": 24.287183519093688, "model__reg_lambda": 0.03394255178314931}, "datetime": {"datetime": "2021-03-24 06:08:18", "elapsed": 146.019937, "delta": 1.010022}}
{"target": -0.4481724757458204, "params": {"model__colsample_bylevel": 0.3, "model__colsample_bynode": 0.3, "model__colsample_bytree": 1.0, "model__learning_rate": 0.3, "model__max_depth": 2.0, "model__n_estimators": 17.535659650548624, "model__reg_lambda": 10.0}, "datetime": {"datetime": "2021-03-24 06:08:20", "elapsed": 147.303216, "delta": 1.283279}}
{"target": -0.3627149476474016, "params": {"model__colsample_bylevel": 1.0, "model__colsample_bynode": 0.3, "model__colsample_bytree": 1.0, "model__learning_rate": 0.3, "model__max_depth": 2.1049148020225066, "model__n_estimators": 16.89583800592885, "model__reg_lambda": 4.942698288166101}, "datetime": {"datetime": "2021-03-24 06:08:21", "elapsed": 148.5296, "delta": 1.226384}}
{"target": -0.39042599927499033, "params": {"model__colsample_bylevel": 0.9361952324748284, "model__colsample_bynode": 0.3186054009415556, "model__colsample_bytree": 0.9809215811310714, "model__learning_rate": 0.25277835955932626, "model__max_depth": 4.670129706596126, "model__n_estimators": 16.41930261173924, "model__reg_lambda": 5.498047197164108}, "datetime": {"datetime": "2021-03-24 06:08:22", "elapsed": 149.774827, "delta": 1.245227}}
{"target": -0.3468537851051171, "params": {"model__colsample_bylevel": 0.3391829689919723, "model__colsample_bynode": 0.9167516536013507, "model__colsample_bytree": 0.8883922107110109, "model__learning_rate": 0.29322804242226763, "model__max_depth": 5.400039852469128, "model__n_estimators": 21.02059659076891, "model__reg_lambda": 6.30005639149442}, "datetime": {"datetime": "2021-03-24 06:08:23", "elapsed": 150.891899, "delta": 1.117072}}
{"target": -0.32785535436148916, "params": {"model__colsample_bylevel": 1.0, "model__colsample_bynode": 0.30000000015949113, "model__colsample_bytree": 0.3, "model__learning_rate": 0.3, "model__max_depth": 6.225212132899182, "model__n_estimators": 28.28569795114603, "model__reg_lambda": 4.92661148472984e-11}, "datetime": {"datetime": "2021-03-24 06:08:25", "elapsed": 152.214981, "delta": 1.323082}}
{"target": -0.3816173735612909, "params": {"model__colsample_bylevel": 0.9620712720898874, "model__colsample_bynode": 0.8974175870273835, "model__colsample_bytree": 0.8582994639440629, "model__learning_rate": 0.3, "model__max_depth": 8.0, "model__n_estimators": 19.162868772811553, "model__reg_lambda": 0.0}, "datetime": {"datetime": "2021-03-24 06:08:26", "elapsed": 153.804769, "delta": 1.589788}}
{"target": -0.34753886365755193, "params": {"model__colsample_bylevel": 0.9130827584330303, "model__colsample_bynode": 0.725540827399347, "model__colsample_bytree": 0.9444045417527946, "model__learning_rate": 0.29684055313042157, "model__max_depth": 7.882613298612856, "model__n_estimators": 25.095085345960428, "model__reg_lambda": 0.43636048399689265}, "datetime": {"datetime": "2021-03-24 06:08:27", "elapsed": 154.957883, "delta": 1.153114}}
{"target": -0.3931885813626096, "params": {"model__colsample_bylevel": 0.8565157712135083, "model__colsample_bynode": 0.38470625622944393, "model__colsample_bytree": 0.44587887234544316, "model__learning_rate": 0.2984963154279957, "model__max_depth": 2.0707509970091014, "model__n_estimators": 21.51529737393336, "model__reg_lambda": 7.505716205820568}, "datetime": {"datetime": "2021-03-24 06:08:29", "elapsed": 156.13606, "delta": 1.178177}}
{"target": -0.3330524893277628, "params": {"model__colsample_bylevel": 1.0, "model__colsample_bynode": 0.30000000001627125, "model__colsample_bytree": 0.4276298694696377, "model__learning_rate": 0.3, "model__max_depth": 5.377693932075523, "model__n_estimators": 25.32201650167819, "model__reg_lambda": 0.6594882441806023}, "datetime": {"datetime": "2021-03-24 06:08:30", "elapsed": 157.405579, "delta": 1.269519}}
{"target": -0.36185841129053437, "params": {"model__colsample_bylevel": 0.9947395715731819, "model__colsample_bynode": 0.8421080185071097, "model__colsample_bytree": 0.3003680729399464, "model__learning_rate": 0.2993699100834833, "model__max_depth": 7.944633950341892, "model__n_estimators": 26.347657930888403, "model__reg_lambda": 6.996589975934072}, "datetime": {"datetime": "2021-03-24 06:08:31", "elapsed": 158.640167, "delta": 1.234588}}
{"target": -0.3390960230772127, "params": {"model__colsample_bylevel": 1.0, "model__colsample_bynode": 0.3, "model__colsample_bytree": 1.0, "model__learning_rate": 0.3, "model__max_depth": 8.0, "model__n_estimators": 23.518127010967643, "model__reg_lambda": 10.0}, "datetime": {"datetime": "2021-03-24 06:08:32", "elapsed": 159.788897, "delta": 1.14873}}
{"target": -0.35876220307258916, "params": {"model__colsample_bylevel": 0.3649113901902387, "model__colsample_bynode": 0.9534916667397477, "model__colsample_bytree": 0.31728635053400106, "model__learning_rate": 0.20846474770156337, "model__max_depth": 6.4540895741999655, "model__n_estimators": 29.981413745022927, "model__reg_lambda": 5.777590580828983}, "datetime": {"datetime": "2021-03-24 06:08:34", "elapsed": 161.335507, "delta": 1.54661}}
{"target": -0.3238496399555436, "params": {"model__colsample_bylevel": 0.9983908052378441, "model__colsample_bynode": 0.5353616997757584, "model__colsample_bytree": 0.9161163127613676, "model__learning_rate": 0.2991796663712589, "model__max_depth": 6.365698653486053, "model__n_estimators": 25.79007185521382, "model__reg_lambda": 5.217841091929727}, "datetime": {"datetime": "2021-03-24 06:08:35", "elapsed": 162.989193, "delta": 1.653686}}
{"target": -0.31877298184714375, "params": {"model__colsample_bylevel": 0.39513624040548834, "model__colsample_bynode": 0.9751683417442958, "model__colsample_bytree": 0.958991819724867, "model__learning_rate": 0.2620596357044037, "model__max_depth": 2.3570540196207856, "model__n_estimators": 27.931528654676338, "model__reg_lambda": 0.0906019465976482}, "datetime": {"datetime": "2021-03-24 06:08:37", "elapsed": 164.393467, "delta": 1.404274}}
{"target": -0.3514710892592489, "params": {"model__colsample_bylevel": 0.31244339776975355, "model__colsample_bynode": 0.31070617105918885, "model__colsample_bytree": 0.7646777728763654, "model__learning_rate": 0.28728206669826006, "model__max_depth": 3.1188285332165955, "model__n_estimators": 29.96622540805337, "model__reg_lambda": 0.12327130640269912}, "datetime": {"datetime": "2021-03-24 06:08:38", "elapsed": 166.006389, "delta": 1.612922}}
{"target": -0.3628422772990999, "params": {"model__colsample_bylevel": 0.3, "model__colsample_bynode": 1.0, "model__colsample_bytree": 1.0, "model__learning_rate": 0.3, "model__max_depth": 6.007473204371242, "model__n_estimators": 15.0, "model__reg_lambda": 6.90812875324045}, "datetime": {"datetime": "2021-03-24 06:08:40", "elapsed": 167.385062, "delta": 1.378673}}
{"target": -0.35654736492087713, "params": {"model__colsample_bylevel": 0.4549795209651394, "model__colsample_bynode": 0.3112570752577404, "model__colsample_bytree": 0.990926448797355, "model__learning_rate": 0.29940891399018643, "model__max_depth": 3.0503550606647445, "model__n_estimators": 24.816357420971094, "model__reg_lambda": 4.955130464295269}, "datetime": {"datetime": "2021-03-24 06:08:41", "elapsed": 168.63354, "delta": 1.248478}}
{"target": -0.32600096758333563, "params": {"model__colsample_bylevel": 1.0, "model__colsample_bynode": 0.3997259814661553, "model__colsample_bytree": 1.0, "model__learning_rate": 0.3, "model__max_depth": 3.7707876201395143, "model__n_estimators": 29.36395349180424, "model__reg_lambda": 9.476163046711132}, "datetime": {"datetime": "2021-03-24 06:08:43", "elapsed": 170.401881, "delta": 1.768341}}
{"target": -0.3488054746404236, "params": {"model__colsample_bylevel": 0.9809514046475092, "model__colsample_bynode": 1.0, "model__colsample_bytree": 1.0, "model__learning_rate": 0.3, "model__max_depth": 2.0, "model__n_estimators": 22.718611729157846, "model__reg_lambda": 6.449864907377242}, "datetime": {"datetime": "2021-03-24 06:08:44", "elapsed": 171.542039, "delta": 1.140158}}
{"target": -0.32936817649870004, "params": {"model__colsample_bylevel": 0.3, "model__colsample_bynode": 0.9999999999692486, "model__colsample_bytree": 0.9921213563150483, "model__learning_rate": 0.3, "model__max_depth": 7.999999999999228, "model__n_estimators": 28.57130916592536, "model__reg_lambda": 3.9437579677874446}, "datetime": {"datetime": "2021-03-24 06:08:45", "elapsed": 172.683561, "delta": 1.141522}}
{"target": -0.38240074976279903, "params": {"model__colsample_bylevel": 0.7339166029050284, "model__colsample_bynode": 0.9833919261122035, "model__colsample_bytree": 0.7731810754535563, "model__learning_rate": 0.2965202729117889, "model__max_depth": 7.919731332524062, "model__n_estimators": 15.104139955876509, "model__reg_lambda": 7.474786467604969}, "datetime": {"datetime": "2021-03-24 06:08:47", "elapsed": 174.273391, "delta": 1.58983}}
{"target": -0.36733676566391427, "params": {"model__colsample_bylevel": 1.0, "model__colsample_bynode": 1.0, "model__colsample_bytree": 0.3, "model__learning_rate": 0.3, "model__max_depth": 4.743685204048907, "model__n_estimators": 20.851908773143535, "model__reg_lambda": 9.964252629965664}, "datetime": {"datetime": "2021-03-24 06:08:48", "elapsed": 175.547491, "delta": 1.2741}}
{"target": -0.33972422717952344, "params": {"model__colsample_bylevel": 0.9836090220500937, "model__colsample_bynode": 0.6665905500828335, "model__colsample_bytree": 0.9660693111413576, "model__learning_rate": 0.2571721763504058, "model__max_depth": 3.9183995068849344, "model__n_estimators": 23.412534715548805, "model__reg_lambda": 2.005853584908568}, "datetime": {"datetime": "2021-03-24 06:08:49", "elapsed": 177.026736, "delta": 1.479245}}
{"target": -0.34107122690588965, "params": {"model__colsample_bylevel": 0.9676556043359814, "model__colsample_bynode": 0.36711886092062646, "model__colsample_bytree": 0.44352572663521705, "model__learning_rate": 0.2951356614986663, "model__max_depth": 5.462231362434554, "model__n_estimators": 28.693964014548744, "model__reg_lambda": 3.43033604422145}, "datetime": {"datetime": "2021-03-24 06:08:51", "elapsed": 178.405741, "delta": 1.379005}}
{"target": -0.3511198239168153, "params": {"model__colsample_bylevel": 0.993927935055616, "model__colsample_bynode": 0.4627231683939146, "model__colsample_bytree": 0.3834364879154662, "model__learning_rate": 0.259678735929474, "model__max_depth": 7.943147209546504, "model__n_estimators": 23.454439233505745, "model__reg_lambda": 3.1908702003833267}, "datetime": {"datetime": "2021-03-24 06:08:52", "elapsed": 179.653733, "delta": 1.247992}}
{"target": -0.33827394104977754, "params": {"model__colsample_bylevel": 0.9999999932102579, "model__colsample_bynode": 0.6189013119869354, "model__colsample_bytree": 0.6669619107894998, "model__learning_rate": 0.3, "model__max_depth": 3.4108138432514252, "model__n_estimators": 26.71074824447754, "model__reg_lambda": 6.049509572172819}, "datetime": {"datetime": "2021-03-24 06:08:53", "elapsed": 180.86489, "delta": 1.211157}}
{"target": -0.39880734944608115, "params": {"model__colsample_bylevel": 0.4897173076176923, "model__colsample_bynode": 0.6806473284743677, "model__colsample_bytree": 0.9497239365202539, "model__learning_rate": 0.12059126595453895, "model__max_depth": 2.019306531914844, "model__n_estimators": 29.968111266282897, "model__reg_lambda": 5.086469673676065}, "datetime": {"datetime": "2021-03-24 06:08:55", "elapsed": 182.482712, "delta": 1.617822}}
{"target": -0.38764010762080436, "params": {"model__colsample_bylevel": 1.0, "model__colsample_bynode": 1.0, "model__colsample_bytree": 1.0, "model__learning_rate": 0.3, "model__max_depth": 6.405407522315239, "model__n_estimators": 15.0, "model__reg_lambda": 8.892195071836058}, "datetime": {"datetime": "2021-03-24 06:08:56", "elapsed": 183.754424, "delta": 1.271712}}
{"target": -0.3685601052990103, "params": {"model__colsample_bylevel": 0.3522336654977617, "model__colsample_bynode": 0.9186179998758277, "model__colsample_bytree": 0.9982984943722124, "model__learning_rate": 0.29566529736199887, "model__max_depth": 6.045042118395379, "model__n_estimators": 19.795840355410654, "model__reg_lambda": 3.582988537325061}, "datetime": {"datetime": "2021-03-24 06:08:58", "elapsed": 185.049854, "delta": 1.29543}}
