{"target": -0.36470161302258136, "params": {"model__colsample_bylevel": 1.0, "model__colsample_bynode": 0.3, "model__colsample_bytree": 0.3224513682987524, "model__learning_rate": 0.3, "model__max_depth": 8.0, "model__n_estimators": 27.517808422224665, "model__reg_lambda": 10.0}, "datetime": {"datetime": "2021-03-24 06:06:42", "elapsed": 49.56368, "delta": 1.204731}}
{"target": -0.38561689816719, "params": {"model__colsample_bylevel": 0.4156088629441925, "model__colsample_bynode": 0.30500678007425436, "model__colsample_bytree": 0.4086075943015039, "model__learning_rate": 0.2189242854407034, "model__max_depth": 7.129949380478067, "model__n_estimators": 22.4358147840082, "model__reg_lambda": 0.003988352145396501}, "datetime": {"datetime": "2021-03-24 06:06:43", "elapsed": 50.806107, "delta": 1.242427}}
{"target": -0.3394532380581739, "params": {"model__colsample_bylevel": 0.9796335997680672, "model__colsample_bynode": 1.0, "model__colsample_bytree": 1.0, "model__learning_rate": 0.3, "model__max_depth": 3.0486273731380624, "model__n_estimators": 28.98901013517322, "model__reg_lambda": 4.191879435577874}, "datetime": {"datetime": "2021-03-24 06:06:45", "elapsed": 52.139715, "delta": 1.333608}}
{"target": -0.3630310927321999, "params": {"model__colsample_bylevel": 1.0, "model__colsample_bynode": 1.0, "model__colsample_bytree": 1.0, "model__learning_rate": 0.3, "model__max_depth": 4.765182389435919, "model__n_estimators": 18.07270721344739, "model__reg_lambda": 10.0}, "datetime": {"datetime": "2021-03-24 06:06:46", "elapsed": 53.403687, "delta": 1.263972}}
{"target": -0.3893234558194282, "params": {"model__colsample_bylevel": 0.30000000001018995, "model__colsample_bynode": 0.3, "model__colsample_bytree": 0.3, "model__learning_rate": 0.3, "model__max_depth": 8.0, "model__n_estimators": 30.0, "model__reg_lambda": 7.92943828096719}, "datetime": {"datetime": "2021-03-24 06:06:47", "elapsed": 54.704259, "delta": 1.300572}}
{"target": -0.3607982081799781, "params": {"model__colsample_bylevel": 0.8337851895267658, "model__colsample_bynode": 0.3367996225828147, "model__colsample_bytree": 0.6040390970721475, "model__learning_rate": 0.28457418322577754, "model__max_depth": 2.197180919632296, "model__n_estimators": 29.797477257234192, "model__reg_lambda": 9.96092914581474}, "datetime": {"datetime": "2021-03-24 06:06:48", "elapsed": 55.856767, "delta": 1.152508}}
{"target": -0.3586782471654748, "params": {"model__colsample_bylevel": 0.813899561632119, "model__colsample_bynode": 0.49248279769434844, "model__colsample_bytree": 0.3793545092606223, "model__learning_rate": 0.14109981503318128, "model__max_depth": 2.0459328337125418, "model__n_estimators": 29.22151360470221, "model__reg_lambda": 0.0935563976867404}, "datetime": {"datetime": "2021-03-24 06:06:50", "elapsed": 57.262575, "delta": 1.405808}}
{"target": -0.3515007742120466, "params": {"model__colsample_bylevel": 0.3, "model__colsample_bynode": 1.0, "model__colsample_bytree": 1.0, "model__learning_rate": 0.3, "model__max_depth": 4.78325462023973, "model__n_estimators": 21.53690276057249, "model__reg_lambda": 10.0}, "datetime": {"datetime": "2021-03-24 06:06:51", "elapsed": 58.732464, "delta": 1.469889}}
{"target": -0.34406852400827936, "params": {"model__colsample_bylevel": 0.977805245882531, "model__colsample_bynode": 0.300806705729751, "model__colsample_bytree": 0.9989878036984534, "model__learning_rate": 0.28080442592162125, "model__max_depth": 7.94849765284235, "model__n_estimators": 25.52853099283149, "model__reg_lambda": 7.278498024655855}, "datetime": {"datetime": "2021-03-24 06:06:52", "elapsed": 59.911027, "delta": 1.178563}}
{"target": -0.32904771018952156, "params": {"model__colsample_bylevel": 0.30386106868156554, "model__colsample_bynode": 1.0, "model__colsample_bytree": 0.9955336435457718, "model__learning_rate": 0.3, "model__max_depth": 7.999999991703493, "model__n_estimators": 21.568381021314817, "model__reg_lambda": 1.4956084445739828}, "datetime": {"datetime": "2021-03-24 06:06:53", "elapsed": 61.031229, "delta": 1.120202}}
{"target": -0.3495859220095883, "params": {"model__colsample_bylevel": 0.9999999939144537, "model__colsample_bynode": 1.0, "model__colsample_bytree": 0.9588065385568334, "model__learning_rate": 0.3, "model__max_depth": 5.715468131284442, "model__n_estimators": 20.362914992520487, "model__reg_lambda": 1.5502349610245494}, "datetime": {"datetime": "2021-03-24 06:06:55", "elapsed": 62.586449, "delta": 1.55522}}
{"target": -0.345471742697924, "params": {"model__colsample_bylevel": 0.3, "model__colsample_bynode": 1.0, "model__colsample_bytree": 1.0, "model__learning_rate": 0.3, "model__max_depth": 3.585916716858416, "model__n_estimators": 28.76568687816172, "model__reg_lambda": 10.0}, "datetime": {"datetime": "2021-03-24 06:06:56", "elapsed": 63.974129, "delta": 1.38768}}
{"target": -0.32143562689922967, "params": {"model__colsample_bylevel": 0.3, "model__colsample_bynode": 1.0, "model__colsample_bytree": 1.0, "model__learning_rate": 0.3, "model__max_depth": 3.7902975205941467, "model__n_estimators": 27.576092928659353, "model__reg_lambda": 6.538888448433021}, "datetime": {"datetime": "2021-03-24 06:06:58", "elapsed": 65.216738, "delta": 1.242609}}
{"target": -0.37703483239477636, "params": {"model__colsample_bylevel": 0.3, "model__colsample_bynode": 0.3, "model__colsample_bytree": 1.0, "model__learning_rate": 0.3, "model__max_depth": 8.0, "model__n_estimators": 28.803956262111505, "model__reg_lambda": 10.0}, "datetime": {"datetime": "2021-03-24 06:06:59", "elapsed": 66.327761, "delta": 1.111023}}
{"target": -0.35776399186933816, "params": {"model__colsample_bylevel": 0.8554110308163385, "model__colsample_bynode": 0.9897106963891014, "model__colsample_bytree": 0.9364792394087145, "model__learning_rate": 0.28996198192514777, "model__max_depth": 7.528996673529106, "model__n_estimators": 21.400926000999704, "model__reg_lambda": 9.35897223990217}, "datetime": {"datetime": "2021-03-24 06:07:00", "elapsed": 67.80855, "delta": 1.480789}}
{"target": -0.3604071447146598, "params": {"model__colsample_bylevel": 0.5495367930558358, "model__colsample_bynode": 0.3, "model__colsample_bytree": 0.3, "model__learning_rate": 0.3, "model__max_depth": 4.2891791507894945, "model__n_estimators": 17.431009718523136, "model__reg_lambda": 0.0}, "datetime": {"datetime": "2021-03-24 06:07:02", "elapsed": 69.201808, "delta": 1.393258}}
{"target": -0.35870534672800025, "params": {"model__colsample_bylevel": 1.0, "model__colsample_bynode": 0.3, "model__colsample_bytree": 1.0, "model__learning_rate": 0.3, "model__max_depth": 3.7949450305134667, "model__n_estimators": 19.40942142267824, "model__reg_lambda": 8.88891777512831}, "datetime": {"datetime": "2021-03-24 06:07:03", "elapsed": 70.566049, "delta": 1.364241}}
{"target": -0.3401742346537556, "params": {"model__colsample_bylevel": 0.8016582274279735, "model__colsample_bynode": 0.943857877707482, "model__colsample_bytree": 0.9356729735347316, "model__learning_rate": 0.11141923741216604, "model__max_depth": 3.697645778863456, "model__n_estimators": 29.98942147081385, "model__reg_lambda": 0.07279924540547267}, "datetime": {"datetime": "2021-03-24 06:07:05", "elapsed": 72.042873, "delta": 1.476824}}
{"target": -0.35155729798235646, "params": {"model__colsample_bylevel": 0.6717544647248985, "model__colsample_bynode": 0.32460939815414946, "model__colsample_bytree": 0.41519151126352594, "model__learning_rate": 0.29703908483496033, "model__max_depth": 2.7282965936839068, "model__n_estimators": 24.98836274372854, "model__reg_lambda": 0.32329871968502455}, "datetime": {"datetime": "2021-03-24 06:07:06", "elapsed": 73.246007, "delta": 1.203134}}
{"target": -0.3807170275018375, "params": {"model__colsample_bylevel": 1.0, "model__colsample_bynode": 0.3, "model__colsample_bytree": 1.0, "model__learning_rate": 0.3, "model__max_depth": 4.879507894165326, "model__n_estimators": 15.0, "model__reg_lambda": 10.0}, "datetime": {"datetime": "2021-03-24 06:07:07", "elapsed": 74.525329, "delta": 1.279322}}
{"target": -0.35898007902525964, "params": {"model__colsample_bylevel": 1.0, "model__colsample_bynode": 1.0, "model__colsample_bytree": 1.0, "model__learning_rate": 0.3, "model__max_depth": 8.0, "model__n_estimators": 17.883972884161746, "model__reg_lambda": 6.801665600245614}, "datetime": {"datetime": "2021-03-24 06:07:08", "elapsed": 75.761203, "delta": 1.235874}}
{"target": -0.31775630790541165, "params": {"model__colsample_bylevel": 1.0, "model__colsample_bynode": 0.3, "model__colsample_bytree": 1.0, "model__learning_rate": 0.3, "model__max_depth": 3.052433079518496, "model__n_estimators": 28.22739913438186, "model__reg_lambda": 8.480943916411047}, "datetime": {"datetime": "2021-03-24 06:07:10", "elapsed": 77.20104, "delta": 1.439837}}
{"target": -0.33368204558922815, "params": {"model__colsample_bylevel": 1.0, "model__colsample_bynode": 0.3, "model__colsample_bytree": 1.0, "model__learning_rate": 0.3, "model__max_depth": 2.0000000003225114, "model__n_estimators": 30.0, "model__reg_lambda": 7.6732750294191465}, "datetime": {"datetime": "2021-03-24 06:07:11", "elapsed": 78.37073, "delta": 1.16969}}
{"target": -0.33718667121003454, "params": {"model__colsample_bylevel": 1.0, "model__colsample_bynode": 1.0, "model__colsample_bytree": 0.9563942955327539, "model__learning_rate": 0.3, "model__max_depth": 4.417826414337982, "model__n_estimators": 18.539617284719956, "model__reg_lambda": 4.870566890216509}, "datetime": {"datetime": "2021-03-24 06:07:12", "elapsed": 79.799608, "delta": 1.428878}}
{"target": -0.35300581318096835, "params": {"model__colsample_bylevel": 0.9922818618471332, "model__colsample_bynode": 0.9986284312641913, "model__colsample_bytree": 0.8000452452050635, "model__learning_rate": 0.21174760653954877, "model__max_depth": 2.249820225433647, "model__n_estimators": 19.83256412315603, "model__reg_lambda": 0.15712116731273706}, "datetime": {"datetime": "2021-03-24 06:07:13", "elapsed": 80.922986, "delta": 1.123378}}
{"target": -0.3441905264179155, "params": {"model__colsample_bylevel": 1.0, "model__colsample_bynode": 0.3, "model__colsample_bytree": 1.0, "model__learning_rate": 0.3, "model__max_depth": 2.254656692369679, "model__n_estimators": 24.994511387970263, "model__reg_lambda": 6.678854193204607}, "datetime": {"datetime": "2021-03-24 06:07:15", "elapsed": 82.187706, "delta": 1.26472}}
{"target": -0.3284614878905721, "params": {"model__colsample_bylevel": 0.8585828821922588, "model__colsample_bynode": 0.3382282934640952, "model__colsample_bytree": 0.9677096611936842, "model__learning_rate": 0.26309298509894696, "model__max_depth": 4.767743647239838, "model__n_estimators": 26.916741422418852, "model__reg_lambda": 5.1696023468854815}, "datetime": {"datetime": "2021-03-24 06:07:16", "elapsed": 83.424679, "delta": 1.236973}}
{"target": -0.32198557551794993, "params": {"model__colsample_bylevel": 1.0, "model__colsample_bynode": 1.0, "model__colsample_bytree": 0.3, "model__learning_rate": 0.3, "model__max_depth": 2.0, "model__n_estimators": 30.0, "model__reg_lambda": 4.447017964393472}, "datetime": {"datetime": "2021-03-24 06:07:17", "elapsed": 84.897694, "delta": 1.473015}}
{"target": -0.31421912732387325, "params": {"model__colsample_bylevel": 0.5888293044476562, "model__colsample_bynode": 0.9692244599796309, "model__colsample_bytree": 0.3806857810505373, "model__learning_rate": 0.2518369138326454, "model__max_depth": 3.707799491521619, "model__n_estimators": 20.59148116772473, "model__reg_lambda": 0.009543929465177792}, "datetime": {"datetime": "2021-03-24 06:07:19", "elapsed": 86.095303, "delta": 1.197609}}
{"target": -0.37733867352666417, "params": {"model__colsample_bylevel": 0.9731394566350188, "model__colsample_bynode": 0.3, "model__colsample_bytree": 1.0, "model__learning_rate": 0.3, "model__max_depth": 4.552991225466298, "model__n_estimators": 22.224684561820403, "model__reg_lambda": 6.523195200357172}, "datetime": {"datetime": "2021-03-24 06:07:20", "elapsed": 87.220031, "delta": 1.124728}}
{"target": -0.33876082726376316, "params": {"model__colsample_bylevel": 0.30307258610921844, "model__colsample_bynode": 0.8494359072622357, "model__colsample_bytree": 0.447361200957709, "model__learning_rate": 0.29221375113468684, "model__max_depth": 7.780558071673773, "model__n_estimators": 21.357936396614907, "model__reg_lambda": 3.3980782433472734}, "datetime": {"datetime": "2021-03-24 06:07:21", "elapsed": 88.443103, "delta": 1.223072}}
{"target": -0.3615869318118211, "params": {"model__colsample_bylevel": 0.3, "model__colsample_bynode": 0.3, "model__colsample_bytree": 1.0, "model__learning_rate": 0.3, "model__max_depth": 7.999999984087124, "model__n_estimators": 18.53438926862001, "model__reg_lambda": 4.570844225817952}, "datetime": {"datetime": "2021-03-24 06:07:22", "elapsed": 89.55627, "delta": 1.113167}}
{"target": -0.33399629933874303, "params": {"model__colsample_bylevel": 0.7624754166262042, "model__colsample_bynode": 0.9515466414228897, "model__colsample_bytree": 0.9636019561164086, "model__learning_rate": 0.27368019997260806, "model__max_depth": 3.797766022401251, "model__n_estimators": 29.87273672301201, "model__reg_lambda": 7.477072895257893}, "datetime": {"datetime": "2021-03-24 06:07:23", "elapsed": 91.005856, "delta": 1.449586}}
{"target": -0.34609105170711174, "params": {"model__colsample_bylevel": 0.9221550530033611, "model__colsample_bynode": 0.8613393618780232, "model__colsample_bytree": 0.9667234977013028, "model__learning_rate": 0.28946159893348156, "model__max_depth": 6.246451330902547, "model__n_estimators": 23.713044901916877, "model__reg_lambda": 3.258631330394517}, "datetime": {"datetime": "2021-03-24 06:07:25", "elapsed": 92.308271, "delta": 1.302415}}
{"target": -0.3327066781161272, "params": {"model__colsample_bylevel": 1.0, "model__colsample_bynode": 1.0, "model__colsample_bytree": 0.6557476912548104, "model__learning_rate": 0.3, "model__max_depth": 2.980053409473401, "model__n_estimators": 28.191869571301794, "model__reg_lambda": 10.0}, "datetime": {"datetime": "2021-03-24 06:07:26", "elapsed": 93.560055, "delta": 1.251784}}
{"target": -0.3617663368488243, "params": {"model__colsample_bylevel": 0.3, "model__colsample_bynode": 1.0, "model__colsample_bytree": 1.0, "model__learning_rate": 0.3, "model__max_depth": 7.9999999998786535, "model__n_estimators": 15.49517600623329, "model__reg_lambda": 1.9344030547854676}, "datetime": {"datetime": "2021-03-24 06:07:27", "elapsed": 94.723049, "delta": 1.162994}}
{"target": -0.337206917872401, "params": {"model__colsample_bylevel": 0.3, "model__colsample_bynode": 1.0, "model__colsample_bytree": 0.3, "model__learning_rate": 0.3, "model__max_depth": 8.0, "model__n_estimators": 30.0, "model__reg_lambda": 0.0}, "datetime": {"datetime": "2021-03-24 06:07:28", "elapsed": 95.913293, "delta": 1.190244}}
{"target": -0.35308648947680343, "params": {"model__colsample_bylevel": 0.9428165138281674, "model__colsample_bynode": 1.0, "model__colsample_bytree": 0.3522539879982827, "model__learning_rate": 0.3, "model__max_depth": 7.524304698203515, "model__n_estimators": 24.304671530674383, "model__reg_lambda": 9.93318912448879}, "datetime": {"datetime": "2021-03-24 06:07:30", "elapsed": 97.374453, "delta": 1.46116}}
{"target": -0.32536205366638526, "params": {"model__colsample_bylevel": 0.5455100597431722, "model__colsample_bynode": 0.9704513912860193, "model__colsample_bytree": 0.36120470050794923, "model__learning_rate": 0.2781098149957928, "model__max_depth": 4.925593837786328, "model__n_estimators": 29.911042384459655, "model__reg_lambda": 3.940346533160902}, "datetime": {"datetime": "2021-03-24 06:07:31", "elapsed": 98.553948, "delta": 1.179495}}
{"target": -0.3234215905560868, "params": {"model__colsample_bylevel": 0.8495101876347801, "model__colsample_bynode": 0.9667566871048816, "model__colsample_bytree": 0.9961812723244732, "model__learning_rate": 0.2855109564025218, "model__max_depth": 7.519679765220333, "model__n_estimators": 25.822444356651474, "model__reg_lambda": 6.358754912523724}, "datetime": {"datetime": "2021-03-24 06:07:32", "elapsed": 99.840356, "delta": 1.286408}}
{"target": -0.34681019385419515, "params": {"model__colsample_bylevel": 1.0, "model__colsample_bynode": 1.0, "model__colsample_bytree": 1.0, "model__learning_rate": 0.299999999996753, "model__max_depth": 2.9185694076799336, "model__n_estimators": 17.314089889885675, "model__reg_lambda": 3.5822248014086024e-11}, "datetime": {"datetime": "2021-03-24 06:07:34", "elapsed": 101.32371, "delta": 1.483354}}
{"target": -0.322535122567754, "params": {"model__colsample_bylevel": 0.7870367709539307, "model__colsample_bynode": 0.9579259044221102, "model__colsample_bytree": 0.40717378035698326, "model__learning_rate": 0.27669004867597885, "model__max_depth": 5.466895827255178, "model__n_estimators": 20.30228115098023, "model__reg_lambda": 0.015432879959236256}, "datetime": {"datetime": "2021-03-24 06:07:35", "elapsed": 102.489573, "delta": 1.165863}}
{"target": -0.3491999962721425, "params": {"model__colsample_bylevel": 0.9999315978209224, "model__colsample_bynode": 0.30932943749651803, "model__colsample_bytree": 0.9738112487820345, "model__learning_rate": 0.29407244123472276, "model__max_depth": 3.8366282315800126, "model__n_estimators": 15.403344255299531, "model__reg_lambda": 2.8700922082298463}, "datetime": {"datetime": "2021-03-24 06:07:36", "elapsed": 103.673042, "delta": 1.183469}}
{"target": -0.35206455152567845, "params": {"model__colsample_bylevel": 0.8958301525752355, "model__colsample_bynode": 0.36165182201250246, "model__colsample_bytree": 0.3346574853872285, "model__learning_rate": 0.29241564918988605, "model__max_depth": 7.963850916208245, "model__n_estimators": 29.41020955722317, "model__reg_lambda": 1.1115290011027168}, "datetime": {"datetime": "2021-03-24 06:07:38", "elapsed": 105.290309, "delta": 1.617267}}
{"target": -0.4256784705364186, "params": {"model__colsample_bylevel": 0.3, "model__colsample_bynode": 0.30000000000000004, "model__colsample_bytree": 1.0, "model__learning_rate": 0.3, "model__max_depth": 8.0, "model__n_estimators": 15.0, "model__reg_lambda": 10.0}, "datetime": {"datetime": "2021-03-24 06:07:39", "elapsed": 106.467402, "delta": 1.177093}}
{"target": -0.3376473929237007, "params": {"model__colsample_bylevel": 0.968950321892251, "model__colsample_bynode": 0.9810132080719371, "model__colsample_bytree": 0.9964022937927448, "model__learning_rate": 0.24893958830004617, "model__max_depth": 3.1816803076638807, "model__n_estimators": 27.099189241062433, "model__reg_lambda": 7.3906625615778365}, "datetime": {"datetime": "2021-03-24 06:07:40", "elapsed": 107.652518, "delta": 1.185116}}
{"target": -0.3395530484161218, "params": {"model__colsample_bylevel": 0.9564233508578246, "model__colsample_bynode": 0.9990306364141999, "model__colsample_bytree": 0.9097146585863516, "model__learning_rate": 0.1639680984828447, "model__max_depth": 2.965985078808436, "model__n_estimators": 22.27975259402482, "model__reg_lambda": 0.06987172484867243}, "datetime": {"datetime": "2021-03-24 06:07:41", "elapsed": 108.874337, "delta": 1.221819}}
{"target": -0.37558354978901803, "params": {"model__colsample_bylevel": 1.0, "model__colsample_bynode": 0.3317639074781175, "model__colsample_bytree": 0.3, "model__learning_rate": 0.3, "model__max_depth": 8.0, "model__n_estimators": 15.0, "model__reg_lambda": 1.9052210147317756}, "datetime": {"datetime": "2021-03-24 06:07:43", "elapsed": 110.046493, "delta": 1.172156}}
{"target": -0.3453295755584765, "params": {"model__colsample_bylevel": 0.32103489343875524, "model__colsample_bynode": 0.3613748757278008, "model__colsample_bytree": 0.7233232213129774, "model__learning_rate": 0.2799995483815122, "model__max_depth": 7.889301338183504, "model__n_estimators": 26.0605705962761, "model__reg_lambda": 0.12458028867865956}, "datetime": {"datetime": "2021-03-24 06:07:44", "elapsed": 111.296529, "delta": 1.250036}}
{"target": -0.3422977351863612, "params": {"model__colsample_bylevel": 0.3, "model__colsample_bynode": 1.0, "model__colsample_bytree": 1.0, "model__learning_rate": 0.3, "model__max_depth": 2.0, "model__n_estimators": 24.85867970760906, "model__reg_lambda": 5.5356545109077855}, "datetime": {"datetime": "2021-03-24 06:07:45", "elapsed": 112.808942, "delta": 1.512413}}
{"target": -0.3499158297091777, "params": {"model__colsample_bylevel": 0.35311214188294904, "model__colsample_bynode": 0.6527271382552571, "model__colsample_bytree": 0.9991981492516235, "model__learning_rate": 0.2716596578203945, "model__max_depth": 3.695342410544776, "model__n_estimators": 21.99467352013074, "model__reg_lambda": 3.627868989750999}, "datetime": {"datetime": "2021-03-24 06:07:47", "elapsed": 114.164429, "delta": 1.355487}}
{"target": -0.3391519997094293, "params": {"model__colsample_bylevel": 0.9999998786857172, "model__colsample_bynode": 0.7609500529691638, "model__colsample_bytree": 1.0, "model__learning_rate": 0.3, "model__max_depth": 7.87007263738371, "model__n_estimators": 27.596091654575048, "model__reg_lambda": 3.584255219565702}, "datetime": {"datetime": "2021-03-24 06:07:48", "elapsed": 115.489822, "delta": 1.325393}}
{"target": -0.33048049584385414, "params": {"model__colsample_bylevel": 0.9190520862947931, "model__colsample_bynode": 0.8267733452308152, "model__colsample_bytree": 0.9927770170276782, "model__learning_rate": 0.2896625556180834, "model__max_depth": 2.469733217628001, "model__n_estimators": 25.01117922054155, "model__reg_lambda": 3.7766593540511098}, "datetime": {"datetime": "2021-03-24 06:07:49", "elapsed": 116.80413, "delta": 1.314308}}
