{"target": -0.33018397000176236, "params": {"model__colsample_bylevel": 0.7063159875643171, "model__colsample_bynode": 0.8597961844458621, "model__colsample_bytree": 0.3154119598698407, "model__learning_rate": 0.2918464895807663, "model__max_depth": 4.490160206943076, "model__n_estimators": 20.353986054450907, "model__reg_lambda": 1.0270660988570723}, "datetime": {"datetime": "2021-03-24 06:10:13", "elapsed": 260.397628, "delta": 1.448083}}
{"target": -0.3442830619739665, "params": {"model__colsample_bylevel": 1.0, "model__colsample_bynode": 1.0, "model__colsample_bytree": 1.0, "model__learning_rate": 0.3, "model__max_depth": 8.0, "model__n_estimators": 26.009330092621823, "model__reg_lambda": 10.0}, "datetime": {"datetime": "2021-03-24 06:10:15", "elapsed": 262.438251, "delta": 2.040623}}
{"target": -0.30557819319993557, "params": {"model__colsample_bylevel": 0.578368311324668, "model__colsample_bynode": 0.3685184376025342, "model__colsample_bytree": 0.9670574149768563, "model__learning_rate": 0.25993854464674315, "model__max_depth": 7.92793047584236, "model__n_estimators": 29.542269731309254, "model__reg_lambda": 2.9836362362799616}, "datetime": {"datetime": "2021-03-24 06:10:17", "elapsed": 264.174195, "delta": 1.735944}}
{"target": -0.358808430185393, "params": {"model__colsample_bylevel": 1.0, "model__colsample_bynode": 0.9703926412512704, "model__colsample_bytree": 1.0, "model__learning_rate": 0.3, "model__max_depth": 7.977374391287667, "model__n_estimators": 21.092821135075773, "model__reg_lambda": 7.457993588103315}, "datetime": {"datetime": "2021-03-24 06:10:19", "elapsed": 266.24007, "delta": 2.065875}}
{"target": -0.32548018619772456, "params": {"model__colsample_bylevel": 0.8079982855156238, "model__colsample_bynode": 0.38881760999046167, "model__colsample_bytree": 0.7406309210800908, "model__learning_rate": 0.29849186509010966, "model__max_depth": 6.249988649154386, "model__n_estimators": 21.96562398364081, "model__reg_lambda": 2.88810808825036}, "datetime": {"datetime": "2021-03-24 06:10:20", "elapsed": 267.968974, "delta": 1.728904}}
{"target": -0.30088389102264945, "params": {"model__colsample_bylevel": 0.9063113830695841, "model__colsample_bynode": 0.34112957166023056, "model__colsample_bytree": 0.8169888863752475, "model__learning_rate": 0.291211870890171, "model__max_depth": 4.900704112653219, "model__n_estimators": 18.891516863425984, "model__reg_lambda": 0.08063818757085617}, "datetime": {"datetime": "2021-03-24 06:10:22", "elapsed": 269.436325, "delta": 1.467351}}
{"target": -0.3412227919951176, "params": {"model__colsample_bylevel": 0.8689161755402985, "model__colsample_bynode": 0.9774010222859344, "model__colsample_bytree": 0.9078156194218305, "model__learning_rate": 0.295741771121274, "model__max_depth": 5.826599692451784, "model__n_estimators": 29.845962439049057, "model__reg_lambda": 6.27240219861159}, "datetime": {"datetime": "2021-03-24 06:10:23", "elapsed": 270.832138, "delta": 1.395813}}
{"target": -0.36007901229659445, "params": {"model__colsample_bylevel": 0.944190145923779, "model__colsample_bynode": 1.0, "model__colsample_bytree": 0.3, "model__learning_rate": 0.3, "model__max_depth": 7.9356680089472205, "model__n_estimators": 15.0, "model__reg_lambda": 0.0}, "datetime": {"datetime": "2021-03-24 06:10:25", "elapsed": 272.20787, "delta": 1.375732}}
{"target": -0.3367592860456975, "params": {"model__colsample_bylevel": 0.9582351966563702, "model__colsample_bynode": 0.641981255654175, "model__colsample_bytree": 0.6896517352413791, "model__learning_rate": 0.2799382336712032, "model__max_depth": 5.978313955416732, "model__n_estimators": 28.681332248699427, "model__reg_lambda": 5.416440866822462}, "datetime": {"datetime": "2021-03-24 06:10:26", "elapsed": 273.834817, "delta": 1.626947}}
{"target": -0.39912349354894155, "params": {"model__colsample_bylevel": 0.3, "model__colsample_bynode": 0.3, "model__colsample_bytree": 0.30000000202462107, "model__learning_rate": 0.3, "model__max_depth": 5.0752342603545575, "model__n_estimators": 19.258996466756862, "model__reg_lambda": 8.712177257291637e-09}, "datetime": {"datetime": "2021-03-24 06:10:28", "elapsed": 275.634976, "delta": 1.800159}}
{"target": -0.33897515401392636, "params": {"model__colsample_bylevel": 0.8416006569685435, "model__colsample_bynode": 0.33504972696164903, "model__colsample_bytree": 0.3182045932050442, "model__learning_rate": 0.2858423080484447, "model__max_depth": 6.812857333742764, "model__n_estimators": 20.79945593067392, "model__reg_lambda": 2.6221243110365258}, "datetime": {"datetime": "2021-03-24 06:10:30", "elapsed": 277.136197, "delta": 1.501221}}
{"target": -0.3521801391051259, "params": {"model__colsample_bylevel": 0.9767484926827692, "model__colsample_bynode": 0.3281835660753349, "model__colsample_bytree": 0.9961495364446393, "model__learning_rate": 0.209343843699905, "model__max_depth": 4.607298501608252, "model__n_estimators": 19.34272688745836, "model__reg_lambda": 0.031468194123027704}, "datetime": {"datetime": "2021-03-24 06:10:31", "elapsed": 278.970563, "delta": 1.834366}}
{"target": -0.34464880252962227, "params": {"model__colsample_bylevel": 0.8894838203850943, "model__colsample_bynode": 0.34975345915604866, "model__colsample_bytree": 0.9881907537371521, "model__learning_rate": 0.28568108355076105, "model__max_depth": 4.23485922893762, "model__n_estimators": 16.927131515048075, "model__reg_lambda": 0.864691626212134}, "datetime": {"datetime": "2021-03-24 06:10:33", "elapsed": 280.598151, "delta": 1.627588}}
