{"target": -0.3436888452094602, "params": {"model__colsample_bylevel": 0.9920806748572819, "model__colsample_bynode": 0.9539049267412882, "model__colsample_bytree": 0.5148844987750673, "model__learning_rate": 0.29689580412390404, "model__max_depth": 7.840567868690132, "model__n_estimators": 19.47845151981984, "model__reg_lambda": 3.3303389319302945}, "datetime": {"datetime": "2021-03-24 06:08:59", "elapsed": 186.539642, "delta": 1.489788}}
{"target": -0.3439336418714104, "params": {"model__colsample_bylevel": 0.3114665722273344, "model__colsample_bynode": 1.0, "model__colsample_bytree": 1.0, "model__learning_rate": 0.3, "model__max_depth": 7.656434086493764, "model__n_estimators": 20.144067158474666, "model__reg_lambda": 6.950202182804495}, "datetime": {"datetime": "2021-03-24 06:09:00", "elapsed": 187.683895, "delta": 1.144253}}
{"target": -0.34783337743466963, "params": {"model__colsample_bylevel": 1.0, "model__colsample_bynode": 0.3, "model__colsample_bytree": 1.0, "model__learning_rate": 0.3, "model__max_depth": 7.901857897799024, "model__n_estimators": 21.246246383119445, "model__reg_lambda": 5.962395383657492}, "datetime": {"datetime": "2021-03-24 06:09:02", "elapsed": 189.038443, "delta": 1.354548}}
{"target": -0.34108995902655725, "params": {"model__colsample_bylevel": 0.9355043837368484, "model__colsample_bynode": 0.34527679303578884, "model__colsample_bytree": 0.3749256624196915, "model__learning_rate": 0.2956840879004974, "model__max_depth": 2.166385288467829, "model__n_estimators": 29.944193636620497, "model__reg_lambda": 2.5619074014926237}, "datetime": {"datetime": "2021-03-24 06:09:03", "elapsed": 190.615561, "delta": 1.577118}}
{"target": -0.37821976101039434, "params": {"model__colsample_bylevel": 0.3176478242177038, "model__colsample_bynode": 0.34814692394292107, "model__colsample_bytree": 0.9617798868569218, "model__learning_rate": 0.25463204616042884, "model__max_depth": 2.4542049123704444, "model__n_estimators": 16.584484163023646, "model__reg_lambda": 0.07065009513161802}, "datetime": {"datetime": "2021-03-24 06:09:04", "elapsed": 191.893166, "delta": 1.277605}}
{"target": -0.3530255840345542, "params": {"model__colsample_bylevel": 1.0, "model__colsample_bynode": 1.0, "model__colsample_bytree": 1.0, "model__learning_rate": 0.3, "model__max_depth": 3.4869722314099696, "model__n_estimators": 15.274280412197735, "model__reg_lambda": 1.469597976755785}, "datetime": {"datetime": "2021-03-24 06:09:06", "elapsed": 193.422167, "delta": 1.529001}}
{"target": -0.35309557935857366, "params": {"model__colsample_bylevel": 0.9999999996567267, "model__colsample_bynode": 0.9999999992924969, "model__colsample_bytree": 1.0, "model__learning_rate": 0.3, "model__max_depth": 5.859332727671426, "model__n_estimators": 20.658112358313712, "model__reg_lambda": 9.495531695108767}, "datetime": {"datetime": "2021-03-24 06:09:07", "elapsed": 194.79713, "delta": 1.374963}}
{"target": -0.3493522053358375, "params": {"model__colsample_bylevel": 0.9489389893306703, "model__colsample_bynode": 0.9262048288367417, "model__colsample_bytree": 0.8730142138419219, "model__learning_rate": 0.2933816844664252, "model__max_depth": 2.158649705545181, "model__n_estimators": 18.145406598571657, "model__reg_lambda": 1.741684214458089}, "datetime": {"datetime": "2021-03-24 06:09:09", "elapsed": 196.248893, "delta": 1.451763}}
{"target": -0.32851838338445283, "params": {"model__colsample_bylevel": 0.5107689393430832, "model__colsample_bynode": 0.333342466501756, "model__colsample_bytree": 0.9697249518918232, "model__learning_rate": 0.2561474099875557, "model__max_depth": 7.901809601802901, "model__n_estimators": 29.958226412953813, "model__reg_lambda": 4.7373954604731345}, "datetime": {"datetime": "2021-03-24 06:09:10", "elapsed": 197.521849, "delta": 1.272956}}
{"target": -0.3735185053044309, "params": {"model__colsample_bylevel": 0.30616551427626004, "model__colsample_bynode": 0.8942117861598078, "model__colsample_bytree": 0.9418399536403175, "model__learning_rate": 0.28276224413457807, "model__max_depth": 7.748847574089233, "model__n_estimators": 23.780125710063075, "model__reg_lambda": 8.725021843715831}, "datetime": {"datetime": "2021-03-24 06:09:12", "elapsed": 199.041538, "delta": 1.519689}}
{"target": -0.3448057318777791, "params": {"model__colsample_bylevel": 0.9503690830816738, "model__colsample_bynode": 0.3787442042364706, "model__colsample_bytree": 0.41732841402693466, "model__learning_rate": 0.2982568651296843, "model__max_depth": 3.188268703183751, "model__n_estimators": 29.11556890040994, "model__reg_lambda": 6.745441707889338}, "datetime": {"datetime": "2021-03-24 06:09:13", "elapsed": 200.326038, "delta": 1.2845}}
{"target": -0.3585968542742826, "params": {"model__colsample_bylevel": 0.9079859926815053, "model__colsample_bynode": 0.9221840446332783, "model__colsample_bytree": 1.0, "model__learning_rate": 0.3, "model__max_depth": 3.208334824917624, "model__n_estimators": 16.640627997359676, "model__reg_lambda": 3.5721061913254344}, "datetime": {"datetime": "2021-03-24 06:09:14", "elapsed": 201.788216, "delta": 1.462178}}
{"target": -0.3593944464617854, "params": {"model__colsample_bylevel": 0.8895568630140465, "model__colsample_bynode": 0.5538707213645137, "model__colsample_bytree": 0.6638601735570252, "model__learning_rate": 0.2508271854343527, "model__max_depth": 2.0064243664322268, "model__n_estimators": 26.52772523328347, "model__reg_lambda": 3.8258257397714535}, "datetime": {"datetime": "2021-03-24 06:09:16", "elapsed": 203.341897, "delta": 1.553681}}
{"target": -0.35134508788494556, "params": {"model__colsample_bylevel": 0.42936910321476407, "model__colsample_bynode": 0.9933936926674096, "model__colsample_bytree": 0.469866060318349, "model__learning_rate": 0.2953331889087186, "model__max_depth": 5.7167938044329905, "model__n_estimators": 21.83929404752116, "model__reg_lambda": 0.7823282197804171}, "datetime": {"datetime": "2021-03-24 06:09:17", "elapsed": 204.546013, "delta": 1.204116}}
{"target": -0.3724830232199578, "params": {"model__colsample_bylevel": 0.9923462600129709, "model__colsample_bynode": 0.32513316536411063, "model__colsample_bytree": 0.4460266109129933, "model__learning_rate": 0.2817485920668984, "model__max_depth": 2.6352905381699485, "model__n_estimators": 19.02118517687709, "model__reg_lambda": 1.049653375631563}, "datetime": {"datetime": "2021-03-24 06:09:18", "elapsed": 205.992137, "delta": 1.446124}}
{"target": -0.35428855397833, "params": {"model__colsample_bylevel": 0.3, "model__colsample_bynode": 1.0, "model__colsample_bytree": 1.0, "model__learning_rate": 0.3, "model__max_depth": 2.0, "model__n_estimators": 20.215964267405038, "model__reg_lambda": 6.3611843179526195}, "datetime": {"datetime": "2021-03-24 06:09:20", "elapsed": 207.265998, "delta": 1.273861}}
{"target": -0.3669499255318626, "params": {"model__colsample_bylevel": 0.9943554953318665, "model__colsample_bynode": 0.8956696024897752, "model__colsample_bytree": 0.37365131826432596, "model__learning_rate": 0.29100664796774284, "model__max_depth": 2.3383345054854923, "model__n_estimators": 18.28919344403972, "model__reg_lambda": 6.667648803936741}, "datetime": {"datetime": "2021-03-24 06:09:21", "elapsed": 208.487219, "delta": 1.221221}}
{"target": -0.3385059143887307, "params": {"model__colsample_bylevel": 1.0, "model__colsample_bynode": 0.9999999989336812, "model__colsample_bytree": 0.9999999990794141, "model__learning_rate": 0.3, "model__max_depth": 2.9218783800918118, "model__n_estimators": 29.138320709591916, "model__reg_lambda": 8.097560076317967}, "datetime": {"datetime": "2021-03-24 06:09:22", "elapsed": 209.765452, "delta": 1.278233}}
{"target": -0.3291709383716807, "params": {"model__colsample_bylevel": 1.0, "model__colsample_bynode": 0.7758981529462126, "model__colsample_bytree": 1.0, "model__learning_rate": 0.3, "model__max_depth": 4.591984772215269, "model__n_estimators": 27.594758869974356, "model__reg_lambda": 9.840622006268593}, "datetime": {"datetime": "2021-03-24 06:09:24", "elapsed": 211.423469, "delta": 1.658017}}
{"target": -0.31657876648494726, "params": {"model__colsample_bylevel": 0.6167829745922131, "model__colsample_bynode": 0.4287384841471351, "model__colsample_bytree": 0.7203753800105563, "model__learning_rate": 0.2955933535761614, "model__max_depth": 4.446121993356098, "model__n_estimators": 19.69687143259824, "model__reg_lambda": 0.3123295660509151}, "datetime": {"datetime": "2021-03-24 06:09:25", "elapsed": 212.732517, "delta": 1.309048}}
{"target": -0.33972514873643433, "params": {"model__colsample_bylevel": 0.9979137229435195, "model__colsample_bynode": 0.6108134056515189, "model__colsample_bytree": 0.6053303327838899, "model__learning_rate": 0.2763306942465147, "model__max_depth": 5.1461652762391035, "model__n_estimators": 29.531608046996055, "model__reg_lambda": 0.19333792681703432}, "datetime": {"datetime": "2021-03-24 06:09:27", "elapsed": 214.146357, "delta": 1.41384}}
{"target": -0.3412038072410539, "params": {"model__colsample_bylevel": 0.37750983226179713, "model__colsample_bynode": 0.9495964010023399, "model__colsample_bytree": 0.9544746083902018, "model__learning_rate": 0.2890317874333335, "model__max_depth": 4.8149715377701305, "model__n_estimators": 25.830961061787864, "model__reg_lambda": 6.572021821029097}, "datetime": {"datetime": "2021-03-24 06:09:28", "elapsed": 215.544266, "delta": 1.397909}}
{"target": -0.3724234643979403, "params": {"model__colsample_bylevel": 0.9934271444032854, "model__colsample_bynode": 0.3674292288294837, "model__colsample_bytree": 0.9307778807733826, "model__learning_rate": 0.2848694730229544, "model__max_depth": 2.089151382615433, "model__n_estimators": 24.23521306296808, "model__reg_lambda": 9.9235835055834}, "datetime": {"datetime": "2021-03-24 06:09:29", "elapsed": 216.781026, "delta": 1.23676}}
{"target": -0.31262752659790943, "params": {"model__colsample_bylevel": 0.9878066370286007, "model__colsample_bynode": 0.3028753865048033, "model__colsample_bytree": 0.5716963211137747, "model__learning_rate": 0.2872175077318845, "model__max_depth": 6.864721057347701, "model__n_estimators": 25.027133936419574, "model__reg_lambda": 1.5057655562676964}, "datetime": {"datetime": "2021-03-24 06:09:30", "elapsed": 217.903177, "delta": 1.122151}}
{"target": -0.339319609105587, "params": {"model__colsample_bylevel": 1.0, "model__colsample_bynode": 0.6144774082527609, "model__colsample_bytree": 1.0, "model__learning_rate": 0.3, "model__max_depth": 6.2050314553401265, "model__n_estimators": 24.444806047807923, "model__reg_lambda": 7.26918745227341}, "datetime": {"datetime": "2021-03-24 06:09:32", "elapsed": 219.458288, "delta": 1.555111}}
{"target": -0.3565816257805293, "params": {"model__colsample_bylevel": 0.33886552742568216, "model__colsample_bynode": 0.9499542307109108, "model__colsample_bytree": 0.8818747714724335, "model__learning_rate": 0.18366582841224943, "model__max_depth": 3.3019085112169937, "model__n_estimators": 22.79559358676973, "model__reg_lambda": 0.7819333467061929}, "datetime": {"datetime": "2021-03-24 06:09:33", "elapsed": 220.828314, "delta": 1.370026}}
{"target": -0.3508576535049529, "params": {"model__colsample_bylevel": 0.3458680905267729, "model__colsample_bynode": 1.0, "model__colsample_bytree": 0.5825134881961996, "model__learning_rate": 0.3, "model__max_depth": 5.398610391644768, "model__n_estimators": 21.574394608549145, "model__reg_lambda": 3.7597590977374944}, "datetime": {"datetime": "2021-03-24 06:09:35", "elapsed": 222.149945, "delta": 1.321631}}
{"target": -0.3335364419406793, "params": {"model__colsample_bylevel": 0.3931860406289515, "model__colsample_bynode": 0.9273728274758639, "model__colsample_bytree": 0.4030042672685462, "model__learning_rate": 0.13499778701071985, "model__max_depth": 3.901945973882292, "model__n_estimators": 25.770443294540133, "model__reg_lambda": 0.0265813636408907}, "datetime": {"datetime": "2021-03-24 06:09:36", "elapsed": 223.970638, "delta": 1.820693}}
{"target": -0.36004188527501574, "params": {"model__colsample_bylevel": 0.951236289576409, "model__colsample_bynode": 0.4020129461667732, "model__colsample_bytree": 0.9860275366574316, "model__learning_rate": 0.2979152145291649, "model__max_depth": 2.177496839185154, "model__n_estimators": 24.413881401189652, "model__reg_lambda": 1.7742847313130483}, "datetime": {"datetime": "2021-03-24 06:09:38", "elapsed": 225.36718, "delta": 1.396542}}
{"target": -0.309990957597662, "params": {"model__colsample_bylevel": 0.32992990549498935, "model__colsample_bynode": 0.9080847554396607, "model__colsample_bytree": 0.9328959330070072, "model__learning_rate": 0.2681215504967128, "model__max_depth": 2.559247395741674, "model__n_estimators": 26.744891235127646, "model__reg_lambda": 1.1208764924359371}, "datetime": {"datetime": "2021-03-24 06:09:39", "elapsed": 226.941191, "delta": 1.574011}}
{"target": -0.33110344295113253, "params": {"model__colsample_bylevel": 0.8551308222315008, "model__colsample_bynode": 0.897596051313539, "model__colsample_bytree": 0.9618726232776025, "model__learning_rate": 0.24600744112274586, "model__max_depth": 3.426210743861593, "model__n_estimators": 27.027929087267587, "model__reg_lambda": 4.169093603842528}, "datetime": {"datetime": "2021-03-24 06:09:41", "elapsed": 228.472948, "delta": 1.531757}}
{"target": -0.3260722068205908, "params": {"model__colsample_bylevel": 0.5494888510242835, "model__colsample_bynode": 0.9513072289031015, "model__colsample_bytree": 0.6025684269443664, "model__learning_rate": 0.2762243005820545, "model__max_depth": 3.170293453688947, "model__n_estimators": 29.955532239425136, "model__reg_lambda": 3.2447779908974175}, "datetime": {"datetime": "2021-03-24 06:09:43", "elapsed": 230.537323, "delta": 2.064375}}
{"target": -0.35337188952919635, "params": {"model__colsample_bylevel": 0.8460508555340251, "model__colsample_bynode": 0.30407165004617104, "model__colsample_bytree": 0.36801773009760724, "model__learning_rate": 0.27394193677336376, "model__max_depth": 5.5489971399268105, "model__n_estimators": 29.972773253415674, "model__reg_lambda": 1.7116750658056379}, "datetime": {"datetime": "2021-03-24 06:09:44", "elapsed": 231.926849, "delta": 1.389526}}
{"target": -0.3605172306095061, "params": {"model__colsample_bylevel": 0.503706852731441, "model__colsample_bynode": 0.8689991253550053, "model__colsample_bytree": 0.8820288195682366, "model__learning_rate": 0.2355536364006983, "model__max_depth": 5.314816477459132, "model__n_estimators": 29.761734504465885, "model__reg_lambda": 2.9547691628564654}, "datetime": {"datetime": "2021-03-24 06:09:46", "elapsed": 233.413207, "delta": 1.486358}}
{"target": -0.3350333055945288, "params": {"model__colsample_bylevel": 0.831478599576901, "model__colsample_bynode": 0.8347846852382219, "model__colsample_bytree": 0.9725722103431356, "model__learning_rate": 0.2789434000032693, "model__max_depth": 6.494071310575411, "model__n_estimators": 29.936767783846534, "model__reg_lambda": 4.874744188686232}, "datetime": {"datetime": "2021-03-24 06:09:47", "elapsed": 234.861723, "delta": 1.448516}}
{"target": -0.35834808796222417, "params": {"model__colsample_bylevel": 0.8810128479150929, "model__colsample_bynode": 0.9988010592610814, "model__colsample_bytree": 0.9074757545753571, "model__learning_rate": 0.28581632884588726, "model__max_depth": 2.1174777602570076, "model__n_estimators": 21.131582612611137, "model__reg_lambda": 4.363225397408569}, "datetime": {"datetime": "2021-03-24 06:09:49", "elapsed": 236.243124, "delta": 1.381401}}
{"target": -0.30170160174193505, "params": {"model__colsample_bylevel": 0.9288835609071568, "model__colsample_bynode": 0.7960536778496773, "model__colsample_bytree": 0.3439619813729361, "model__learning_rate": 0.2897203592989467, "model__max_depth": 3.2288616236500554, "model__n_estimators": 23.543978221884224, "model__reg_lambda": 0.2272059034967655}, "datetime": {"datetime": "2021-03-24 06:09:50", "elapsed": 237.735033, "delta": 1.491909}}
{"target": -0.3213680673561875, "params": {"model__colsample_bylevel": 0.5449804288796138, "model__colsample_bynode": 1.0, "model__colsample_bytree": 0.39992717182612775, "model__learning_rate": 0.2999999946032411, "model__max_depth": 2.0903376432829996, "model__n_estimators": 27.733346498219806, "model__reg_lambda": 0.962120034580131}, "datetime": {"datetime": "2021-03-24 06:09:52", "elapsed": 239.093451, "delta": 1.358418}}
{"target": -0.3354988739095237, "params": {"model__colsample_bylevel": 0.9706989024234143, "model__colsample_bynode": 0.4671552383079663, "model__colsample_bytree": 0.9489923851156645, "model__learning_rate": 0.2970355867290847, "model__max_depth": 4.928952013266763, "model__n_estimators": 29.615845769111857, "model__reg_lambda": 7.073348608230602}, "datetime": {"datetime": "2021-03-24 06:09:53", "elapsed": 240.666002, "delta": 1.572551}}
{"target": -0.35773094042703724, "params": {"model__colsample_bylevel": 0.3, "model__colsample_bynode": 1.0, "model__colsample_bytree": 0.9999999981121486, "model__learning_rate": 0.3, "model__max_depth": 4.448447449948507, "model__n_estimators": 19.37382765240723, "model__reg_lambda": 9.039980434397233}, "datetime": {"datetime": "2021-03-24 06:09:55", "elapsed": 242.2638, "delta": 1.597798}}
{"target": -0.3413851061455005, "params": {"model__colsample_bylevel": 0.9999999999142548, "model__colsample_bynode": 0.49370109387409844, "model__colsample_bytree": 0.8415413082752787, "model__learning_rate": 0.3, "model__max_depth": 2.0, "model__n_estimators": 18.71416381207906, "model__reg_lambda": 0.0}, "datetime": {"datetime": "2021-03-24 06:09:56", "elapsed": 243.485854, "delta": 1.222054}}
{"target": -0.44237356317647986, "params": {"model__colsample_bylevel": 0.3, "model__colsample_bynode": 1.0, "model__colsample_bytree": 0.3, "model__learning_rate": 0.3, "model__max_depth": 2.0, "model__n_estimators": 15.0, "model__reg_lambda": 10.0}, "datetime": {"datetime": "2021-03-24 06:09:57", "elapsed": 244.88648, "delta": 1.400626}}
{"target": -0.36617328259702503, "params": {"model__colsample_bylevel": 1.0, "model__colsample_bynode": 0.9999999793656552, "model__colsample_bytree": 0.999999983537451, "model__learning_rate": 0.3, "model__max_depth": 4.059908358925112, "model__n_estimators": 27.484900231058713, "model__reg_lambda": 2.228172861638284}, "datetime": {"datetime": "2021-03-24 06:09:59", "elapsed": 246.173698, "delta": 1.287218}}
{"target": -0.3399673568094959, "params": {"model__colsample_bylevel": 1.0, "model__colsample_bynode": 1.0, "model__colsample_bytree": 0.601809010292508, "model__learning_rate": 0.3, "model__max_depth": 4.252815463901372, "model__n_estimators": 24.500470423226474, "model__reg_lambda": 10.0}, "datetime": {"datetime": "2021-03-24 06:10:00", "elapsed": 247.809144, "delta": 1.635446}}
{"target": -0.35739371124283825, "params": {"model__colsample_bylevel": 0.7780617048853133, "model__colsample_bynode": 0.6906496865975882, "model__colsample_bytree": 0.9985010665617744, "model__learning_rate": 0.29278684235230507, "model__max_depth": 2.1470763478439094, "model__n_estimators": 28.015442116977983, "model__reg_lambda": 9.55453380051094}, "datetime": {"datetime": "2021-03-24 06:10:02", "elapsed": 249.470391, "delta": 1.661247}}
{"target": -0.3554112263618584, "params": {"model__colsample_bylevel": 0.35810991677796716, "model__colsample_bynode": 0.889952581989299, "model__colsample_bytree": 0.5262875289693961, "model__learning_rate": 0.24570036874623483, "model__max_depth": 2.9616293286973665, "model__n_estimators": 18.930797738697244, "model__reg_lambda": 0.09151466965885868}, "datetime": {"datetime": "2021-03-24 06:10:04", "elapsed": 251.12909, "delta": 1.658699}}
{"target": -0.35260048819084966, "params": {"model__colsample_bylevel": 0.9710302701930473, "model__colsample_bynode": 0.3364897739806698, "model__colsample_bytree": 0.3285399798646836, "model__learning_rate": 0.2895842241632246, "model__max_depth": 4.774247272582285, "model__n_estimators": 29.93118012801821, "model__reg_lambda": 6.327721798398439}, "datetime": {"datetime": "2021-03-24 06:10:05", "elapsed": 252.83394, "delta": 1.70485}}
{"target": -0.3235441246677352, "params": {"model__colsample_bylevel": 0.9152005774452874, "model__colsample_bynode": 0.3061865024312422, "model__colsample_bytree": 0.6877397336903501, "model__learning_rate": 0.2935077165534482, "model__max_depth": 5.722876342040733, "model__n_estimators": 19.152964323351398, "model__reg_lambda": 1.0339195869987527}, "datetime": {"datetime": "2021-03-24 06:10:07", "elapsed": 254.209905, "delta": 1.375965}}
{"target": -0.3550595714703904, "params": {"model__colsample_bylevel": 0.3087692420749701, "model__colsample_bynode": 0.5363290035950407, "model__colsample_bytree": 0.9269572375727602, "model__learning_rate": 0.24262234988993822, "model__max_depth": 7.8201292473355, "model__n_estimators": 25.6225162459217, "model__reg_lambda": 3.7654173744131034}, "datetime": {"datetime": "2021-03-24 06:10:08", "elapsed": 255.60749, "delta": 1.397585}}
{"target": -0.3301069346512161, "params": {"model__colsample_bylevel": 0.9625074573272463, "model__colsample_bynode": 0.36692179325597823, "model__colsample_bytree": 0.36686423915374083, "model__learning_rate": 0.2941244730013804, "model__max_depth": 6.903918784684324, "model__n_estimators": 25.957644141654093, "model__reg_lambda": 0.11005091283523782}, "datetime": {"datetime": "2021-03-24 06:10:10", "elapsed": 257.046208, "delta": 1.438718}}
{"target": -0.3802887082983996, "params": {"model__colsample_bylevel": 0.9999999968930344, "model__colsample_bynode": 1.0, "model__colsample_bytree": 0.9999999968930344, "model__learning_rate": 0.10000000088770444, "model__max_depth": 2.0000000108666467, "model__n_estimators": 29.999999989584133, "model__reg_lambda": 0.0}, "datetime": {"datetime": "2021-03-24 06:10:11", "elapsed": 258.949545, "delta": 1.903337}}
