{"target": -0.29896356025272036, "params": {"model__colsample_bylevel": 0.9965706235832201, "model__colsample_bynode": 0.38304800986227366, "model__colsample_bytree": 0.9661957748623098, "model__learning_rate": 0.2890174691518804, "model__max_depth": 3.535940076816542, "model__n_estimators": 29.506564731019907, "model__reg_lambda": 9.842476629120549}, "datetime": {"datetime": "2021-03-24 19:01:50", "elapsed": 223.463043, "delta": 1.661472}}
{"target": -0.34734389995818665, "params": {"model__colsample_bylevel": 0.7782329526194658, "model__colsample_bynode": 0.7403786871435274, "model__colsample_bytree": 0.9653526805346748, "model__learning_rate": 0.26729731198711393, "model__max_depth": 2.2194577639030366, "model__n_estimators": 23.861092922441056, "model__reg_lambda": 9.97055427920264}, "datetime": {"datetime": "2021-03-24 19:01:51", "elapsed": 224.938581, "delta": 1.475538}}
{"target": -0.3135750032532825, "params": {"model__colsample_bylevel": 0.7733051455502367, "model__colsample_bynode": 0.978790277281262, "model__colsample_bytree": 0.9660834862262597, "model__learning_rate": 0.20854077260310938, "model__max_depth": 6.128529414528178, "model__n_estimators": 29.96283093963917, "model__reg_lambda": 6.3867887419734135}, "datetime": {"datetime": "2021-03-24 19:01:52", "elapsed": 226.357028, "delta": 1.418447}}
{"target": -0.31174839069287336, "params": {"model__colsample_bylevel": 0.8629852995214231, "model__colsample_bynode": 0.5032031734985393, "model__colsample_bytree": 0.4180932050843662, "model__learning_rate": 0.2990615353596978, "model__max_depth": 5.7473105986024535, "model__n_estimators": 26.50200601333717, "model__reg_lambda": 2.1322589509318046}, "datetime": {"datetime": "2021-03-24 19:01:54", "elapsed": 227.676507, "delta": 1.319479}}
{"target": -0.3154097211060234, "params": {"model__colsample_bylevel": 0.9697799431665546, "model__colsample_bynode": 0.3199325408102325, "model__colsample_bytree": 0.6985479210371327, "model__learning_rate": 0.29620161137238005, "model__max_depth": 7.817211955515643, "model__n_estimators": 25.760370747713708, "model__reg_lambda": 0.11176294630305228}, "datetime": {"datetime": "2021-03-24 19:01:55", "elapsed": 229.070664, "delta": 1.394157}}
{"target": -0.37678452874061424, "params": {"model__colsample_bylevel": 0.3, "model__colsample_bynode": 1.0, "model__colsample_bytree": 1.0, "model__learning_rate": 0.3, "model__max_depth": 2.0, "model__n_estimators": 15.0, "model__reg_lambda": 4.6483389474827765}, "datetime": {"datetime": "2021-03-24 19:01:57", "elapsed": 230.891053, "delta": 1.820389}}
{"target": -0.3218661397542008, "params": {"model__colsample_bylevel": 0.31605955123801327, "model__colsample_bynode": 0.6657876925360169, "model__colsample_bytree": 0.34412212999747605, "model__learning_rate": 0.29258356851134515, "model__max_depth": 4.146105933571299, "model__n_estimators": 28.644311095429813, "model__reg_lambda": 0.40770144613460735}, "datetime": {"datetime": "2021-03-24 19:01:59", "elapsed": 232.529946, "delta": 1.638893}}
{"target": -0.30042444584364797, "params": {"model__colsample_bylevel": 0.999999988324908, "model__colsample_bynode": 1.0, "model__colsample_bytree": 0.6652186864717057, "model__learning_rate": 0.3, "model__max_depth": 2.1455543130631325, "model__n_estimators": 16.79066306405174, "model__reg_lambda": 0.0}, "datetime": {"datetime": "2021-03-24 19:02:00", "elapsed": 233.926821, "delta": 1.396875}}
{"target": -0.27976714740347025, "params": {"model__colsample_bylevel": 0.915780027081674, "model__colsample_bynode": 0.31932874351267093, "model__colsample_bytree": 0.3234230508353575, "model__learning_rate": 0.29615746804836374, "model__max_depth": 6.902905486871488, "model__n_estimators": 29.3942385550151, "model__reg_lambda": 0.0624435413542801}, "datetime": {"datetime": "2021-03-24 19:02:01", "elapsed": 235.393864, "delta": 1.467043}}
{"target": -0.30297280025661694, "params": {"model__colsample_bylevel": 0.4146483359628696, "model__colsample_bynode": 0.7049600425892599, "model__colsample_bytree": 0.8688509410944982, "model__learning_rate": 0.2962539240448082, "model__max_depth": 2.0233626133341165, "model__n_estimators": 25.37409890528983, "model__reg_lambda": 0.06941392992740991}, "datetime": {"datetime": "2021-03-24 19:02:03", "elapsed": 236.997138, "delta": 1.603274}}
