{"target": -0.2928759252045141, "params": {"model__colsample_bylevel": 0.8896001520652015, "model__colsample_bynode": 1.0, "model__colsample_bytree": 0.9222357103861016, "model__learning_rate": 0.3, "model__max_depth": 4.030467112803646, "model__n_estimators": 30.0, "model__reg_lambda": 6.098375883108899}, "datetime": {"datetime": "2021-03-24 18:59:34", "elapsed": 87.738578, "delta": 1.346958}}
{"target": -0.32760379390261285, "params": {"model__colsample_bylevel": 0.9994993854959522, "model__colsample_bynode": 0.930589740805911, "model__colsample_bytree": 0.8756594437284462, "model__learning_rate": 0.2973656287944879, "model__max_depth": 4.0135711209607186, "model__n_estimators": 22.666748858198858, "model__reg_lambda": 0.062066963983463674}, "datetime": {"datetime": "2021-03-24 18:59:35", "elapsed": 89.12605, "delta": 1.387472}}
{"target": -0.3024633970334316, "params": {"model__colsample_bylevel": 1.0, "model__colsample_bynode": 0.3, "model__colsample_bytree": 0.9333867272168318, "model__learning_rate": 0.3, "model__max_depth": 4.37557866424981, "model__n_estimators": 21.20401452748695, "model__reg_lambda": 2.547211860305793}, "datetime": {"datetime": "2021-03-24 18:59:36", "elapsed": 90.200125, "delta": 1.074075}}
{"target": -0.32029125774211753, "params": {"model__colsample_bylevel": 0.988403252157819, "model__colsample_bynode": 0.984884812437983, "model__colsample_bytree": 0.9428576795351502, "model__learning_rate": 0.2999425343648102, "model__max_depth": 2.211691195249294, "model__n_estimators": 23.568108126301013, "model__reg_lambda": 6.763190115125407}, "datetime": {"datetime": "2021-03-24 18:59:38", "elapsed": 91.479953, "delta": 1.279828}}
{"target": -0.2976249780728603, "params": {"model__colsample_bylevel": 0.42329484767428316, "model__colsample_bynode": 0.8868454832342443, "model__colsample_bytree": 0.9869461399666126, "model__learning_rate": 0.298654249931809, "model__max_depth": 4.1917225561468445, "model__n_estimators": 22.768554023499842, "model__reg_lambda": 6.799543555221181}, "datetime": {"datetime": "2021-03-24 18:59:39", "elapsed": 92.647962, "delta": 1.168009}}
{"target": -0.3157869465465225, "params": {"model__colsample_bylevel": 0.3509195201710148, "model__colsample_bynode": 0.9109465260251235, "model__colsample_bytree": 0.44513914408982724, "model__learning_rate": 0.2744524594112493, "model__max_depth": 7.897736607622519, "model__n_estimators": 16.964304814998172, "model__reg_lambda": 0.6720232610122745}, "datetime": {"datetime": "2021-03-24 18:59:40", "elapsed": 94.055097, "delta": 1.407135}}
{"target": -0.3108853027918815, "params": {"model__colsample_bylevel": 0.38685834585719364, "model__colsample_bynode": 0.32608324349718926, "model__colsample_bytree": 0.8880137518280706, "model__learning_rate": 0.2748424452731325, "model__max_depth": 2.0770607685180225, "model__n_estimators": 26.787908874810334, "model__reg_lambda": 0.34450179818959703}, "datetime": {"datetime": "2021-03-24 18:59:41", "elapsed": 95.299398, "delta": 1.244301}}
{"target": -0.30002793101905983, "params": {"model__colsample_bylevel": 0.5480627399400089, "model__colsample_bynode": 1.0, "model__colsample_bytree": 0.3, "model__learning_rate": 0.3, "model__max_depth": 7.823187069431256, "model__n_estimators": 28.771701766293035, "model__reg_lambda": 0.5402511828490598}, "datetime": {"datetime": "2021-03-24 18:59:43", "elapsed": 96.621506, "delta": 1.322108}}
{"target": -0.29633379509820995, "params": {"model__colsample_bylevel": 0.8174980786773902, "model__colsample_bynode": 0.9935832013493506, "model__colsample_bytree": 0.9799770290494214, "model__learning_rate": 0.2816995047649019, "model__max_depth": 6.564466070290215, "model__n_estimators": 25.61437205856459, "model__reg_lambda": 7.427702552952268}, "datetime": {"datetime": "2021-03-24 18:59:44", "elapsed": 97.715844, "delta": 1.094338}}
{"target": -0.3409113435695569, "params": {"model__colsample_bylevel": 1.0, "model__colsample_bynode": 0.3, "model__colsample_bytree": 1.0, "model__learning_rate": 0.3, "model__max_depth": 8.0, "model__n_estimators": 15.0, "model__reg_lambda": 6.838541860015769}, "datetime": {"datetime": "2021-03-24 18:59:45", "elapsed": 99.014753, "delta": 1.298909}}
{"target": -0.3343194469404609, "params": {"model__colsample_bylevel": 1.0, "model__colsample_bynode": 1.0, "model__colsample_bytree": 1.0, "model__learning_rate": 0.3, "model__max_depth": 7.552049606977576, "model__n_estimators": 16.209595984390404, "model__reg_lambda": 4.046674079377921}, "datetime": {"datetime": "2021-03-24 18:59:46", "elapsed": 100.087666, "delta": 1.072913}}
{"target": -0.314050223022038, "params": {"model__colsample_bylevel": 1.0, "model__colsample_bynode": 1.0, "model__colsample_bytree": 1.0, "model__learning_rate": 0.3, "model__max_depth": 5.915420749859478, "model__n_estimators": 28.34982974831401, "model__reg_lambda": 9.999999940449047}, "datetime": {"datetime": "2021-03-24 18:59:47", "elapsed": 101.291327, "delta": 1.203661}}
{"target": -0.3516211356920447, "params": {"model__colsample_bylevel": 0.3196505216071946, "model__colsample_bynode": 0.5912636592748557, "model__colsample_bytree": 0.4506070247518462, "model__learning_rate": 0.2881762160561179, "model__max_depth": 7.849441804985997, "model__n_estimators": 19.73168044987291, "model__reg_lambda": 4.661711536715791}, "datetime": {"datetime": "2021-03-24 18:59:49", "elapsed": 102.652034, "delta": 1.360707}}
{"target": -0.3051557443663141, "params": {"model__colsample_bylevel": 0.9999999920669614, "model__colsample_bynode": 0.999999999007968, "model__colsample_bytree": 0.8731479063418204, "model__learning_rate": 0.3, "model__max_depth": 2.218071372630299, "model__n_estimators": 17.66042154860021, "model__reg_lambda": 1.3016478630459816}, "datetime": {"datetime": "2021-03-24 18:59:50", "elapsed": 103.923642, "delta": 1.271608}}
{"target": -0.33576724848817985, "params": {"model__colsample_bylevel": 1.0, "model__colsample_bynode": 1.0, "model__colsample_bytree": 0.8816960790827802, "model__learning_rate": 0.3, "model__max_depth": 3.144284000405173, "model__n_estimators": 19.796561450007083, "model__reg_lambda": 9.7322749243119}, "datetime": {"datetime": "2021-03-24 18:59:51", "elapsed": 105.064116, "delta": 1.140474}}
{"target": -0.2871669710765633, "params": {"model__colsample_bylevel": 0.9049131549313443, "model__colsample_bynode": 0.9999999999871233, "model__colsample_bytree": 1.0, "model__learning_rate": 0.3, "model__max_depth": 2.637395593125888, "model__n_estimators": 27.49822844056015, "model__reg_lambda": 5.204999676237253}, "datetime": {"datetime": "2021-03-24 18:59:52", "elapsed": 106.18252, "delta": 1.118404}}
{"target": -0.28995929804505727, "params": {"model__colsample_bylevel": 0.41772468920150735, "model__colsample_bynode": 0.9980860624121108, "model__colsample_bytree": 0.9056445921950347, "model__learning_rate": 0.2917125279203776, "model__max_depth": 6.192482887269669, "model__n_estimators": 27.49285301301827, "model__reg_lambda": 2.571773143220896}, "datetime": {"datetime": "2021-03-24 18:59:54", "elapsed": 107.68443, "delta": 1.50191}}
{"target": -0.3222502983495782, "params": {"model__colsample_bylevel": 0.9911114245922181, "model__colsample_bynode": 0.6297759762198779, "model__colsample_bytree": 1.0, "model__learning_rate": 0.3, "model__max_depth": 6.5716353492851445, "model__n_estimators": 23.699322044241445, "model__reg_lambda": 6.954217816008071}, "datetime": {"datetime": "2021-03-24 18:59:55", "elapsed": 108.731202, "delta": 1.046772}}
{"target": -0.30449685889778766, "params": {"model__colsample_bylevel": 0.4167366014175927, "model__colsample_bynode": 0.30997493946628446, "model__colsample_bytree": 0.9623779163562147, "model__learning_rate": 0.2619639288452169, "model__max_depth": 7.806814954732342, "model__n_estimators": 20.20207823186379, "model__reg_lambda": 0.49289103589261973}, "datetime": {"datetime": "2021-03-24 18:59:56", "elapsed": 109.994827, "delta": 1.263625}}
{"target": -0.34429971336090154, "params": {"model__colsample_bylevel": 0.3, "model__colsample_bynode": 0.3, "model__colsample_bytree": 1.0, "model__learning_rate": 0.3, "model__max_depth": 3.217818412989897, "model__n_estimators": 23.33995818217759, "model__reg_lambda": 5.497678904870042}, "datetime": {"datetime": "2021-03-24 18:59:57", "elapsed": 111.049252, "delta": 1.054425}}
{"target": -0.3177459698899284, "params": {"model__colsample_bylevel": 0.6845970065680341, "model__colsample_bynode": 0.8572006439656628, "model__colsample_bytree": 0.9721042937941882, "model__learning_rate": 0.3, "model__max_depth": 3.69279208480053, "model__n_estimators": 22.186230381235614, "model__reg_lambda": 8.733295035620158}, "datetime": {"datetime": "2021-03-24 18:59:58", "elapsed": 112.326164, "delta": 1.276912}}
{"target": -0.3208930772762961, "params": {"model__colsample_bylevel": 0.9720635955281862, "model__colsample_bynode": 0.9043145478427916, "model__colsample_bytree": 0.49878914030107685, "model__learning_rate": 0.2965779396799285, "model__max_depth": 2.154905831558935, "model__n_estimators": 29.70104889215872, "model__reg_lambda": 5.778780197692522}, "datetime": {"datetime": "2021-03-24 19:00:00", "elapsed": 113.468029, "delta": 1.141865}}
{"target": -0.3293425584704601, "params": {"model__colsample_bylevel": 0.31757884832364747, "model__colsample_bynode": 0.35224633241117786, "model__colsample_bytree": 0.9165846044165311, "model__learning_rate": 0.29495617577153144, "model__max_depth": 2.621458596359491, "model__n_estimators": 29.36280763741966, "model__reg_lambda": 9.712890882989033}, "datetime": {"datetime": "2021-03-24 19:00:01", "elapsed": 114.689461, "delta": 1.221432}}
{"target": -0.29771531157067344, "params": {"model__colsample_bylevel": 0.7155997935298809, "model__colsample_bynode": 1.0, "model__colsample_bytree": 1.0, "model__learning_rate": 0.3, "model__max_depth": 7.999999992502374, "model__n_estimators": 26.699631199567946, "model__reg_lambda": 7.391541603792706}, "datetime": {"datetime": "2021-03-24 19:00:02", "elapsed": 115.8025, "delta": 1.113039}}
{"target": -0.30623228989737244, "params": {"model__colsample_bylevel": 1.0, "model__colsample_bynode": 1.0, "model__colsample_bytree": 1.0, "model__learning_rate": 0.3, "model__max_depth": 7.999999993593595, "model__n_estimators": 30.0, "model__reg_lambda": 6.445770216112061}, "datetime": {"datetime": "2021-03-24 19:00:03", "elapsed": 116.847579, "delta": 1.045079}}
{"target": -0.32643168117408977, "params": {"model__colsample_bylevel": 0.7654894109768395, "model__colsample_bynode": 0.7279759687676789, "model__colsample_bytree": 0.3741887803459082, "model__learning_rate": 0.29833534019997276, "model__max_depth": 2.1711027066967112, "model__n_estimators": 18.953246118947586, "model__reg_lambda": 0.011000020265440336}, "datetime": {"datetime": "2021-03-24 19:00:04", "elapsed": 118.02376, "delta": 1.176181}}
{"target": -0.3091312531437523, "params": {"model__colsample_bylevel": 0.3, "model__colsample_bynode": 0.9999999929116417, "model__colsample_bytree": 1.0, "model__learning_rate": 0.3, "model__max_depth": 7.999999999735038, "model__n_estimators": 18.77641985005322, "model__reg_lambda": 0.9202689481621571}, "datetime": {"datetime": "2021-03-24 19:00:05", "elapsed": 119.150188, "delta": 1.126428}}
{"target": -0.35711319800938707, "params": {"model__colsample_bylevel": 0.8856184575780961, "model__colsample_bynode": 0.48708322409273963, "model__colsample_bytree": 0.3485223646501242, "model__learning_rate": 0.2608362835475504, "model__max_depth": 7.8367917740562945, "model__n_estimators": 29.97055679264945, "model__reg_lambda": 7.232805565426261}, "datetime": {"datetime": "2021-03-24 19:00:06", "elapsed": 120.436886, "delta": 1.286698}}
{"target": -0.3056718513406678, "params": {"model__colsample_bylevel": 0.999999950433982, "model__colsample_bynode": 0.7321769967547249, "model__colsample_bytree": 1.0, "model__learning_rate": 0.3, "model__max_depth": 6.494277796851987, "model__n_estimators": 29.804999108583697, "model__reg_lambda": 9.999999973169963}, "datetime": {"datetime": "2021-03-24 19:00:07", "elapsed": 121.40402, "delta": 0.967134}}
{"target": -0.31000214783969143, "params": {"model__colsample_bylevel": 0.8464092236686478, "model__colsample_bynode": 0.3, "model__colsample_bytree": 1.0, "model__learning_rate": 0.3, "model__max_depth": 2.7795209820022566, "model__n_estimators": 30.0, "model__reg_lambda": 1.424454673815298}, "datetime": {"datetime": "2021-03-24 19:00:09", "elapsed": 122.530796, "delta": 1.126776}}
{"target": -0.3028029151520678, "params": {"model__colsample_bylevel": 0.7152498603528512, "model__colsample_bynode": 0.9370913962928449, "model__colsample_bytree": 0.39369515418939405, "model__learning_rate": 0.2735226819588213, "model__max_depth": 7.974193297548652, "model__n_estimators": 27.94559167633798, "model__reg_lambda": 3.095808392770345}, "datetime": {"datetime": "2021-03-24 19:00:10", "elapsed": 123.830813, "delta": 1.300017}}
{"target": -0.2843304862960012, "params": {"model__colsample_bylevel": 0.6915452470725774, "model__colsample_bynode": 0.9547160055895122, "model__colsample_bytree": 0.9999999687994279, "model__learning_rate": 0.3, "model__max_depth": 3.4910774465433105, "model__n_estimators": 27.666301036318448, "model__reg_lambda": 2.3514249817036004}, "datetime": {"datetime": "2021-03-24 19:00:11", "elapsed": 124.865643, "delta": 1.03483}}
{"target": -0.31870619929395616, "params": {"model__colsample_bylevel": 0.9660648466326709, "model__colsample_bynode": 0.974910738561575, "model__colsample_bytree": 0.9833342475463642, "model__learning_rate": 0.2975515991610822, "model__max_depth": 7.833170313137732, "model__n_estimators": 22.064358276552092, "model__reg_lambda": 9.81593838438625}, "datetime": {"datetime": "2021-03-24 19:00:12", "elapsed": 126.141556, "delta": 1.275913}}
{"target": -0.391106411035888, "params": {"model__colsample_bylevel": 1.0, "model__colsample_bynode": 0.3, "model__colsample_bytree": 1.0, "model__learning_rate": 0.3, "model__max_depth": 2.0, "model__n_estimators": 15.0, "model__reg_lambda": 7.144822711302333}, "datetime": {"datetime": "2021-03-24 19:00:14", "elapsed": 127.652572, "delta": 1.511016}}
{"target": -0.3017072317180345, "params": {"model__colsample_bylevel": 0.30000002519033003, "model__colsample_bynode": 0.8324252167837376, "model__colsample_bytree": 0.7738996833253302, "model__learning_rate": 0.3, "model__max_depth": 2.5870770704831187, "model__n_estimators": 28.72914375629183, "model__reg_lambda": 3.9135192203672284}, "datetime": {"datetime": "2021-03-24 19:00:15", "elapsed": 128.694849, "delta": 1.042277}}
{"target": -0.3005099399116116, "params": {"model__colsample_bylevel": 0.6455817322114386, "model__colsample_bynode": 0.5203549601974978, "model__colsample_bytree": 0.5262706871615812, "model__learning_rate": 0.28344216966390007, "model__max_depth": 5.807798937493838, "model__n_estimators": 27.72419044973249, "model__reg_lambda": 0.09646125335453504}, "datetime": {"datetime": "2021-03-24 19:00:16", "elapsed": 129.965666, "delta": 1.270817}}
{"target": -0.35691387563457955, "params": {"model__colsample_bylevel": 1.0, "model__colsample_bynode": 0.3, "model__colsample_bytree": 0.3, "model__learning_rate": 0.3, "model__max_depth": 2.99189661466556, "model__n_estimators": 15.006515436603141, "model__reg_lambda": 0.0}, "datetime": {"datetime": "2021-03-24 19:00:17", "elapsed": 131.259384, "delta": 1.293718}}
{"target": -0.32541441356095124, "params": {"model__colsample_bylevel": 1.0, "model__colsample_bynode": 1.0, "model__colsample_bytree": 1.0, "model__learning_rate": 0.3, "model__max_depth": 3.8406373543640258, "model__n_estimators": 26.379026134896847, "model__reg_lambda": 6.531034734097749}, "datetime": {"datetime": "2021-03-24 19:00:19", "elapsed": 132.529378, "delta": 1.269994}}
{"target": -0.3019122974533736, "params": {"model__colsample_bylevel": 0.8026588978150635, "model__colsample_bynode": 0.9657053682703849, "model__colsample_bytree": 0.9042936577485647, "model__learning_rate": 0.29306247047627376, "model__max_depth": 6.796768897727677, "model__n_estimators": 28.156928938692563, "model__reg_lambda": 7.333639539219065}, "datetime": {"datetime": "2021-03-24 19:00:20", "elapsed": 134.27866, "delta": 1.749282}}
{"target": -0.33278309049057786, "params": {"model__colsample_bylevel": 1.0, "model__colsample_bynode": 1.0, "model__colsample_bytree": 1.0, "model__learning_rate": 0.3, "model__max_depth": 6.847032342017123, "model__n_estimators": 19.392412839882237, "model__reg_lambda": 4.1683701305469345}, "datetime": {"datetime": "2021-03-24 19:00:22", "elapsed": 135.467853, "delta": 1.189193}}
{"target": -0.3056163617198869, "params": {"model__colsample_bylevel": 0.38425845852331153, "model__colsample_bynode": 0.7932012812666518, "model__colsample_bytree": 0.6495389978460436, "model__learning_rate": 0.28250771953273524, "model__max_depth": 5.484750052125809, "model__n_estimators": 25.927963561427397, "model__reg_lambda": 1.9255817437560185}, "datetime": {"datetime": "2021-03-24 19:00:23", "elapsed": 136.485029, "delta": 1.017176}}
{"target": -0.3199516447443191, "params": {"model__colsample_bylevel": 0.9681283819564197, "model__colsample_bynode": 0.858679956195856, "model__colsample_bytree": 0.37324204059613125, "model__learning_rate": 0.29360586977315495, "model__max_depth": 4.320156302139854, "model__n_estimators": 22.33732388387318, "model__reg_lambda": 6.223013222513899}, "datetime": {"datetime": "2021-03-24 19:00:24", "elapsed": 137.848963, "delta": 1.363934}}
{"target": -0.3100061389455652, "params": {"model__colsample_bylevel": 1.0, "model__colsample_bynode": 1.0, "model__colsample_bytree": 1.0, "model__learning_rate": 0.3, "model__max_depth": 8.0, "model__n_estimators": 30.0, "model__reg_lambda": 10.0}, "datetime": {"datetime": "2021-03-24 19:00:25", "elapsed": 138.786122, "delta": 0.937159}}
{"target": -0.25816523067794905, "params": {"model__colsample_bylevel": 0.7313593074902257, "model__colsample_bynode": 0.42071638832739156, "model__colsample_bytree": 0.4591073604713768, "model__learning_rate": 0.2924907844599264, "model__max_depth": 7.7505378068847355, "model__n_estimators": 24.920337348364754, "model__reg_lambda": 0.22795688346788356}, "datetime": {"datetime": "2021-03-24 19:00:26", "elapsed": 139.93759, "delta": 1.151468}}
{"target": -0.3885904249789166, "params": {"model__colsample_bylevel": 1.0, "model__colsample_bynode": 1.0, "model__colsample_bytree": 0.3, "model__learning_rate": 0.3, "model__max_depth": 6.4611227693940885, "model__n_estimators": 15.0, "model__reg_lambda": 10.0}, "datetime": {"datetime": "2021-03-24 19:00:27", "elapsed": 141.231732, "delta": 1.294142}}
{"target": -0.3104091532913077, "params": {"model__colsample_bylevel": 0.9967180246490348, "model__colsample_bynode": 0.3113540937031792, "model__colsample_bytree": 0.9374490685266506, "model__learning_rate": 0.235311080195064, "model__max_depth": 6.707872593613647, "model__n_estimators": 24.893776824561698, "model__reg_lambda": 0.10557327302364583}, "datetime": {"datetime": "2021-03-24 19:00:29", "elapsed": 142.463699, "delta": 1.231967}}
{"target": -0.30686365117359415, "params": {"model__colsample_bylevel": 0.8611912852085566, "model__colsample_bynode": 0.8014451934373652, "model__colsample_bytree": 0.3179558459531147, "model__learning_rate": 0.2266849705691386, "model__max_depth": 7.736519730935402, "model__n_estimators": 25.3754577950576, "model__reg_lambda": 0.322730030835473}, "datetime": {"datetime": "2021-03-24 19:00:30", "elapsed": 143.937837, "delta": 1.474138}}
{"target": -0.3470985604625573, "params": {"model__colsample_bylevel": 1.0, "model__colsample_bynode": 1.0, "model__colsample_bytree": 1.0, "model__learning_rate": 0.3, "model__max_depth": 7.890116043162494, "model__n_estimators": 17.380023878142968, "model__reg_lambda": 9.629151612387266}, "datetime": {"datetime": "2021-03-24 19:00:31", "elapsed": 145.231847, "delta": 1.29401}}
{"target": -0.3216612291714663, "params": {"model__colsample_bylevel": 0.7611455775262761, "model__colsample_bynode": 0.31263190105838934, "model__colsample_bytree": 0.3787847837478223, "model__learning_rate": 0.14160673578576743, "model__max_depth": 7.9431208327600356, "model__n_estimators": 24.42627854495222, "model__reg_lambda": 0.19196643539228786}, "datetime": {"datetime": "2021-03-24 19:00:33", "elapsed": 146.512579, "delta": 1.280732}}
{"target": -0.31867906385897726, "params": {"model__colsample_bylevel": 0.35644296707206957, "model__colsample_bynode": 0.3, "model__colsample_bytree": 1.0, "model__learning_rate": 0.3, "model__max_depth": 3.110894639589365, "model__n_estimators": 18.97785625667253, "model__reg_lambda": 0.6847937059036447}, "datetime": {"datetime": "2021-03-24 19:00:34", "elapsed": 147.797211, "delta": 1.284632}}
{"target": -0.28537877572724, "params": {"model__colsample_bylevel": 0.3, "model__colsample_bynode": 0.9592328357097312, "model__colsample_bytree": 0.3090858586004833, "model__learning_rate": 0.3, "model__max_depth": 7.999999999999404, "model__n_estimators": 29.999999999999037, "model__reg_lambda": 1.2326125652670306}, "datetime": {"datetime": "2021-03-24 19:00:35", "elapsed": 148.913206, "delta": 1.115995}}
{"target": -0.3182570903995614, "params": {"model__colsample_bylevel": 0.954090135080828, "model__colsample_bynode": 0.9299811716999169, "model__colsample_bytree": 0.9786932053864426, "model__learning_rate": 0.27955129613483876, "model__max_depth": 7.8452465868228884, "model__n_estimators": 22.491104094572886, "model__reg_lambda": 2.7334447546391583}, "datetime": {"datetime": "2021-03-24 19:00:36", "elapsed": 150.219695, "delta": 1.306489}}
