{"target": -0.34316688211418794, "params": {"model__colsample_bylevel": 0.5706285360217014, "model__colsample_bynode": 0.6842771415696982, "model__colsample_bytree": 0.6870518207102555, "model__learning_rate": 0.16602543474194267, "model__max_depth": 4.553906607318516, "model__n_estimators": 18.777852885612205, "model__reg_lambda": 2.0263513230551347}, "datetime": {"datetime": "2021-03-24 18:58:09", "elapsed": 2.55787, "delta": 0.054815}}
{"target": -0.3166743631697381, "params": {"model__colsample_bylevel": 0.8442678591461368, "model__colsample_bynode": 0.3977149946980818, "model__colsample_bytree": 0.6158425941754111, "model__learning_rate": 0.1245045248421828, "model__max_depth": 6.897715409068526, "model__n_estimators": 27.65234893164894, "model__reg_lambda": 1.1477505735172433}, "datetime": {"datetime": "2021-03-24 18:58:09", "elapsed": 2.619665, "delta": 0.061795}}
{"target": -0.32828789640191025, "params": {"model__colsample_bylevel": 0.8046871964072875, "model__colsample_bynode": 0.9463208373893632, "model__colsample_bytree": 0.5702216525068842, "model__learning_rate": 0.25542256115422385, "model__max_depth": 7.543314227663024, "model__n_estimators": 15.074271146872483, "model__reg_lambda": 2.7258381373747875}, "datetime": {"datetime": "2021-03-24 18:58:09", "elapsed": 2.680574, "delta": 0.060909}}
{"target": -0.4735463902543204, "params": {"model__colsample_bylevel": 0.325563385911891, "model__colsample_bynode": 0.4394342284138872, "model__colsample_bytree": 0.3078454924320954, "model__learning_rate": 0.10977990666788635, "model__max_depth": 5.896055639118223, "model__n_estimators": 19.33085301818661, "model__reg_lambda": 8.44410233607059}, "datetime": {"datetime": "2021-03-24 18:58:09", "elapsed": 2.736096, "delta": 0.055522}}
{"target": -0.3176143250124448, "params": {"model__colsample_bylevel": 0.5333078077907257, "model__colsample_bynode": 0.9449148964303926, "model__colsample_bytree": 0.39197068792833056, "model__learning_rate": 0.2098009976534188, "model__max_depth": 3.7666070082368948, "model__n_estimators": 27.09229802758709, "model__reg_lambda": 3.376766038812906}, "datetime": {"datetime": "2021-03-24 18:58:09", "elapsed": 2.795669, "delta": 0.059573}}
{"target": -0.32941099032860893, "params": {"model__colsample_bylevel": 0.38472058045866103, "model__colsample_bynode": 0.6189182754661343, "model__colsample_bytree": 0.47491716651278293, "model__learning_rate": 0.24904662090967875, "model__max_depth": 6.41552028192452, "model__n_estimators": 15.15307284998927, "model__reg_lambda": 0.029919695529196932}, "datetime": {"datetime": "2021-03-24 18:58:09", "elapsed": 2.853229, "delta": 0.05756}}
{"target": -0.35151965951924957, "params": {"model__colsample_bylevel": 0.9426044924017256, "model__colsample_bynode": 0.5260125425777793, "model__colsample_bytree": 0.5074653319167783, "model__learning_rate": 0.15418522802672452, "model__max_depth": 3.474343666196627, "model__n_estimators": 26.630539663467353, "model__reg_lambda": 2.632384799456182}, "datetime": {"datetime": "2021-03-24 18:58:09", "elapsed": 2.912481, "delta": 0.059252}}
{"target": -0.3211550790256402, "params": {"model__colsample_bylevel": 0.8032909797610204, "model__colsample_bynode": 0.7713021432027297, "model__colsample_bytree": 0.6853736563856032, "model__learning_rate": 0.23655460523720243, "model__max_depth": 3.0441975506001606, "model__n_estimators": 21.967771044500967, "model__reg_lambda": 4.939589109277965}, "datetime": {"datetime": "2021-03-24 18:58:09", "elapsed": 2.97227, "delta": 0.059789}}
{"target": -0.3606886666888992, "params": {"model__colsample_bylevel": 0.3191878877624776, "model__colsample_bynode": 0.4527668367686508, "model__colsample_bytree": 0.9533861738476699, "model__learning_rate": 0.23172885748318614, "model__max_depth": 7.871974941466348, "model__n_estimators": 20.539710627919593, "model__reg_lambda": 7.6239037960184355}, "datetime": {"datetime": "2021-03-24 18:58:09", "elapsed": 3.029992, "delta": 0.057722}}
{"target": -0.4071302991508897, "params": {"model__colsample_bylevel": 0.7197656118669662, "model__colsample_bynode": 0.7214646750503465, "model__colsample_bytree": 0.37931534877147977, "model__learning_rate": 0.14444015703665763, "model__max_depth": 2.433575141809544, "model__n_estimators": 22.57954207818872, "model__reg_lambda": 3.4509917372173025}, "datetime": {"datetime": "2021-03-24 18:58:09", "elapsed": 3.081525, "delta": 0.051533}}
{"target": -0.3156054801874511, "params": {"model__colsample_bylevel": 0.43770438267170664, "model__colsample_bynode": 0.562288016838024, "model__colsample_bytree": 0.6684847059501842, "model__learning_rate": 0.24216538663414655, "model__max_depth": 5.53982800385271, "model__n_estimators": 24.586364893849456, "model__reg_lambda": 6.03761911116279}, "datetime": {"datetime": "2021-03-24 18:58:09", "elapsed": 3.138798, "delta": 0.057273}}
{"target": -0.3187738268399962, "params": {"model__colsample_bylevel": 0.5615024327662378, "model__colsample_bynode": 0.5278880157630303, "model__colsample_bytree": 0.6927994632423486, "model__learning_rate": 0.2499326997232081, "model__max_depth": 7.515144966264312, "model__n_estimators": 27.41503748405572, "model__reg_lambda": 5.537273620404508}, "datetime": {"datetime": "2021-03-24 18:58:09", "elapsed": 3.194966, "delta": 0.056168}}
{"target": -0.35098256775501946, "params": {"model__colsample_bylevel": 0.8773753442334304, "model__colsample_bynode": 0.3197624374107063, "model__colsample_bytree": 0.8582648079772404, "model__learning_rate": 0.1398977410305498, "model__max_depth": 6.115045756510598, "model__n_estimators": 27.377846347953547, "model__reg_lambda": 3.1496308071503187}, "datetime": {"datetime": "2021-03-24 18:58:09", "elapsed": 3.254296, "delta": 0.05933}}
{"target": -0.34507981622929057, "params": {"model__colsample_bylevel": 0.5798231824380045, "model__colsample_bynode": 0.9899122285696411, "model__colsample_bytree": 0.4774952834387126, "model__learning_rate": 0.25106786479472265, "model__max_depth": 4.436357453829759, "model__n_estimators": 19.72844903945682, "model__reg_lambda": 7.705159221072094}, "datetime": {"datetime": "2021-03-24 18:58:09", "elapsed": 3.306284, "delta": 0.051988}}
{"target": -0.3362567841534273, "params": {"model__colsample_bylevel": 0.6149024037576569, "model__colsample_bynode": 0.7970601762740899, "model__colsample_bytree": 0.4555403075808654, "model__learning_rate": 0.26476738246878556, "model__max_depth": 6.3006447069266285, "model__n_estimators": 22.48861984031197, "model__reg_lambda": 7.91551010046181}, "datetime": {"datetime": "2021-03-24 18:58:09", "elapsed": 3.363073, "delta": 0.056789}}
{"target": -0.30055357542233135, "params": {"model__colsample_bylevel": 0.9437937215686736, "model__colsample_bynode": 0.8511722448868555, "model__colsample_bytree": 0.5084857837350747, "model__learning_rate": 0.24346701302396254, "model__max_depth": 5.690340786662006, "model__n_estimators": 27.619845335231588, "model__reg_lambda": 4.0456797253845265}, "datetime": {"datetime": "2021-03-24 18:58:09", "elapsed": 3.427164, "delta": 0.064091}}
{"target": -0.3049429905860671, "params": {"model__colsample_bylevel": 0.6173529449301774, "model__colsample_bynode": 0.3656352091501882, "model__colsample_bytree": 0.45305055880659917, "model__learning_rate": 0.20586849821836273, "model__max_depth": 5.173197962934258, "model__n_estimators": 25.696146745858105, "model__reg_lambda": 2.863925264426952}, "datetime": {"datetime": "2021-03-24 18:58:10", "elapsed": 3.493966, "delta": 0.066802}}
{"target": -0.4265842050664883, "params": {"model__colsample_bylevel": 0.3812502817792496, "model__colsample_bynode": 0.43107613084910207, "model__colsample_bytree": 0.6036033759584388, "model__learning_rate": 0.13710847453713484, "model__max_depth": 2.7407946095138094, "model__n_estimators": 25.875381462387566, "model__reg_lambda": 9.101677556132595}, "datetime": {"datetime": "2021-03-24 18:58:10", "elapsed": 3.549847, "delta": 0.055881}}
{"target": -0.3611634248435714, "params": {"model__colsample_bylevel": 0.3426383940311504, "model__colsample_bynode": 0.3292770968669983, "model__colsample_bytree": 0.49999974247633633, "model__learning_rate": 0.21592871225493404, "model__max_depth": 7.629568478689846, "model__n_estimators": 23.72527860523467, "model__reg_lambda": 6.7998375849329875}, "datetime": {"datetime": "2021-03-24 18:58:10", "elapsed": 3.60406, "delta": 0.054213}}
{"target": -0.3664898148231694, "params": {"model__colsample_bylevel": 0.3, "model__colsample_bynode": 1.0, "model__colsample_bytree": 0.3, "model__learning_rate": 0.3, "model__max_depth": 2.0, "model__n_estimators": 30.0, "model__reg_lambda": 10.0}, "datetime": {"datetime": "2021-03-24 18:58:10", "elapsed": 4.32878, "delta": 0.72472}}
{"target": -0.3296286385108217, "params": {"model__colsample_bylevel": 0.3, "model__colsample_bynode": 1.0, "model__colsample_bytree": 0.3, "model__learning_rate": 0.3, "model__max_depth": 8.0, "model__n_estimators": 30.0, "model__reg_lambda": 10.0}, "datetime": {"datetime": "2021-03-24 18:58:11", "elapsed": 5.072443, "delta": 0.743663}}
{"target": -0.3701800442867629, "params": {"model__colsample_bylevel": 0.6724386171138148, "model__colsample_bynode": 0.7428579933557272, "model__colsample_bytree": 0.8200644165227717, "model__learning_rate": 0.26260468936650494, "model__max_depth": 7.8653299110532915, "model__n_estimators": 15.04876009549308, "model__reg_lambda": 8.706425973254312}, "datetime": {"datetime": "2021-03-24 18:58:12", "elapsed": 5.753791, "delta": 0.681348}}
{"target": -0.30100389162746616, "params": {"model__colsample_bylevel": 0.3, "model__colsample_bynode": 0.520432435026929, "model__colsample_bytree": 0.3, "model__learning_rate": 0.3, "model__max_depth": 3.713970538014542, "model__n_estimators": 30.0, "model__reg_lambda": 5.692149054802643}, "datetime": {"datetime": "2021-03-24 18:58:12", "elapsed": 6.369484, "delta": 0.615693}}
{"target": -0.3193048410137028, "params": {"model__colsample_bylevel": 1.0, "model__colsample_bynode": 0.3, "model__colsample_bytree": 1.0, "model__learning_rate": 0.3, "model__max_depth": 8.0, "model__n_estimators": 17.272828755808135, "model__reg_lambda": 0.0}, "datetime": {"datetime": "2021-03-24 18:58:13", "elapsed": 7.027296, "delta": 0.657812}}
{"target": -0.314742659797649, "params": {"model__colsample_bylevel": 1.0, "model__colsample_bynode": 0.3, "model__colsample_bytree": 1.0, "model__learning_rate": 0.3, "model__max_depth": 8.0, "model__n_estimators": 20.71191404826934, "model__reg_lambda": 2.939796194215918}, "datetime": {"datetime": "2021-03-24 18:58:14", "elapsed": 7.649399, "delta": 0.622103}}
{"target": -0.3584982121120328, "params": {"model__colsample_bylevel": 0.3, "model__colsample_bynode": 1.0, "model__colsample_bytree": 1.0, "model__learning_rate": 0.3, "model__max_depth": 2.0, "model__n_estimators": 21.288719096590068, "model__reg_lambda": 10.0}, "datetime": {"datetime": "2021-03-24 18:58:14", "elapsed": 8.397741, "delta": 0.748342}}
{"target": -0.30698865611372733, "params": {"model__colsample_bylevel": 1.0, "model__colsample_bynode": 1.0, "model__colsample_bytree": 1.0, "model__learning_rate": 0.3, "model__max_depth": 2.6070825252503247, "model__n_estimators": 15.0, "model__reg_lambda": 0.0}, "datetime": {"datetime": "2021-03-24 18:58:15", "elapsed": 9.031879, "delta": 0.634138}}
{"target": -0.4545435417807944, "params": {"model__colsample_bylevel": 0.3, "model__colsample_bynode": 0.3, "model__colsample_bytree": 0.3, "model__learning_rate": 0.3, "model__max_depth": 2.0, "model__n_estimators": 15.0, "model__reg_lambda": 10.0}, "datetime": {"datetime": "2021-03-24 18:58:16", "elapsed": 9.677673, "delta": 0.645794}}
{"target": -0.3036248422639472, "params": {"model__colsample_bylevel": 1.0, "model__colsample_bynode": 1.0, "model__colsample_bytree": 0.3, "model__learning_rate": 0.3, "model__max_depth": 5.964121354920822, "model__n_estimators": 30.0, "model__reg_lambda": 7.831737589320861}, "datetime": {"datetime": "2021-03-24 18:58:16", "elapsed": 10.283456, "delta": 0.605783}}
{"target": -0.29662278655012125, "params": {"model__colsample_bylevel": 1.0, "model__colsample_bynode": 0.3, "model__colsample_bytree": 1.0, "model__learning_rate": 0.3, "model__max_depth": 2.1369930321887542, "model__n_estimators": 17.895584773136328, "model__reg_lambda": 0.0}, "datetime": {"datetime": "2021-03-24 18:58:17", "elapsed": 10.879067, "delta": 0.595611}}
{"target": -0.34614598300726407, "params": {"model__colsample_bylevel": 0.5015341461103209, "model__colsample_bynode": 0.3679902183342635, "model__colsample_bytree": 0.8970138173214797, "model__learning_rate": 0.28806386819368734, "model__max_depth": 7.513910181602488, "model__n_estimators": 15.004164824724587, "model__reg_lambda": 5.044050535615431}, "datetime": {"datetime": "2021-03-24 18:58:18", "elapsed": 11.523889, "delta": 0.644822}}
{"target": -0.3509136810547847, "params": {"model__colsample_bylevel": 0.8445975085262842, "model__colsample_bynode": 0.9712761585382699, "model__colsample_bytree": 0.3364794812488609, "model__learning_rate": 0.24886901629671881, "model__max_depth": 7.711145251823169, "model__n_estimators": 24.50590973571039, "model__reg_lambda": 9.959056406400228}, "datetime": {"datetime": "2021-03-24 18:58:18", "elapsed": 12.230283, "delta": 0.706394}}
{"target": -0.31621807816917535, "params": {"model__colsample_bylevel": 0.724828261066765, "model__colsample_bynode": 0.43068017469502584, "model__colsample_bytree": 0.3903788194880461, "model__learning_rate": 0.2264501348356023, "model__max_depth": 2.159514273539048, "model__n_estimators": 29.78384459290334, "model__reg_lambda": 0.04077636347687985}, "datetime": {"datetime": "2021-03-24 18:58:19", "elapsed": 12.948532, "delta": 0.718249}}
{"target": -0.2875914858434808, "params": {"model__colsample_bylevel": 1.0, "model__colsample_bynode": 1.0, "model__colsample_bytree": 1.0, "model__learning_rate": 0.3, "model__max_depth": 2.0, "model__n_estimators": 29.5518270368235, "model__reg_lambda": 4.625798819501965}, "datetime": {"datetime": "2021-03-24 18:58:20", "elapsed": 13.529798, "delta": 0.581266}}
{"target": -0.30313480158110373, "params": {"model__colsample_bylevel": 0.3280884196427375, "model__colsample_bynode": 0.9523419668502964, "model__colsample_bytree": 0.9620127765949444, "model__learning_rate": 0.2873696398834483, "model__max_depth": 6.215025887673882, "model__n_estimators": 16.667664552877483, "model__reg_lambda": 0.701395034402188}, "datetime": {"datetime": "2021-03-24 18:58:20", "elapsed": 14.163372, "delta": 0.633574}}
{"target": -0.29513744254346835, "params": {"model__colsample_bylevel": 0.3, "model__colsample_bynode": 0.3, "model__colsample_bytree": 0.3, "model__learning_rate": 0.3, "model__max_depth": 7.967294071953163, "model__n_estimators": 27.289633149569134, "model__reg_lambda": 2.5150108488518765}, "datetime": {"datetime": "2021-03-24 18:58:21", "elapsed": 14.782716, "delta": 0.619344}}
{"target": -0.301455860431441, "params": {"model__colsample_bylevel": 0.43544639537751717, "model__colsample_bynode": 0.8930510738184856, "model__colsample_bytree": 0.5004401416110171, "model__learning_rate": 0.2683062689528959, "model__max_depth": 7.754557725962176, "model__n_estimators": 29.979800877015236, "model__reg_lambda": 5.3561162812733}, "datetime": {"datetime": "2021-03-24 18:58:21", "elapsed": 15.311787, "delta": 0.529071}}
{"target": -0.29346801546921925, "params": {"model__colsample_bylevel": 0.3, "model__colsample_bynode": 1.0, "model__colsample_bytree": 1.0, "model__learning_rate": 0.3, "model__max_depth": 5.551682168339141, "model__n_estimators": 29.999999998846082, "model__reg_lambda": 10.0}, "datetime": {"datetime": "2021-03-24 18:58:22", "elapsed": 16.065457, "delta": 0.75367}}
{"target": -0.2934505583816275, "params": {"model__colsample_bylevel": 0.99999999974318, "model__colsample_bynode": 1.0, "model__colsample_bytree": 1.0, "model__learning_rate": 0.3, "model__max_depth": 3.153418325348516, "model__n_estimators": 19.83074187090513, "model__reg_lambda": 0.7262093313706212}, "datetime": {"datetime": "2021-03-24 18:58:23", "elapsed": 16.685013, "delta": 0.619556}}
{"target": -0.317597291539246, "params": {"model__colsample_bylevel": 1.0, "model__colsample_bynode": 0.3, "model__colsample_bytree": 1.0, "model__learning_rate": 0.3, "model__max_depth": 4.965381497538725, "model__n_estimators": 21.64296340778237, "model__reg_lambda": 0.0}, "datetime": {"datetime": "2021-03-24 18:58:23", "elapsed": 17.306567, "delta": 0.621554}}
{"target": -0.3071814835311143, "params": {"model__colsample_bylevel": 0.31674908160919607, "model__colsample_bynode": 0.4342946854983774, "model__colsample_bytree": 0.6037247958282311, "model__learning_rate": 0.2968839077919606, "model__max_depth": 6.722627720964038, "model__n_estimators": 23.694507912266396, "model__reg_lambda": 1.9284320437090574}, "datetime": {"datetime": "2021-03-24 18:58:24", "elapsed": 17.995009, "delta": 0.688442}}
{"target": -0.3019691999870069, "params": {"model__colsample_bylevel": 0.8700995508533451, "model__colsample_bynode": 0.9577126678517263, "model__colsample_bytree": 0.37295484242332305, "model__learning_rate": 0.27046786285829383, "model__max_depth": 6.484881842959769, "model__n_estimators": 26.777231929283047, "model__reg_lambda": 0.10557660318595619}, "datetime": {"datetime": "2021-03-24 18:58:25", "elapsed": 18.601506, "delta": 0.606497}}
{"target": -0.31274866508033156, "params": {"model__colsample_bylevel": 0.626413294458915, "model__colsample_bynode": 1.0, "model__colsample_bytree": 0.3, "model__learning_rate": 0.3, "model__max_depth": 3.660264714665312, "model__n_estimators": 17.70354994993083, "model__reg_lambda": 0.0}, "datetime": {"datetime": "2021-03-24 18:58:25", "elapsed": 19.270557, "delta": 0.669051}}
{"target": -0.31186654802911196, "params": {"model__colsample_bylevel": 1.0, "model__colsample_bynode": 0.31757149132209006, "model__colsample_bytree": 1.0, "model__learning_rate": 0.3, "model__max_depth": 8.0, "model__n_estimators": 23.0222141047956, "model__reg_lambda": 8.432298463590135}, "datetime": {"datetime": "2021-03-24 18:58:26", "elapsed": 19.92632, "delta": 0.655763}}
{"target": -0.30164188842240225, "params": {"model__colsample_bylevel": 0.8120075162184397, "model__colsample_bynode": 0.7968179419444477, "model__colsample_bytree": 0.6188104941578976, "model__learning_rate": 0.28031378087064873, "model__max_depth": 3.6288357516308265, "model__n_estimators": 29.89572597020203, "model__reg_lambda": 2.257831238839949}, "datetime": {"datetime": "2021-03-24 18:58:27", "elapsed": 20.640969, "delta": 0.714649}}
{"target": -0.3236232639641326, "params": {"model__colsample_bylevel": 0.9241583643787532, "model__colsample_bynode": 0.9725984547580242, "model__colsample_bytree": 0.843686391136448, "model__learning_rate": 0.27865266157311985, "model__max_depth": 7.946937424162831, "model__n_estimators": 17.78358102169749, "model__reg_lambda": 6.184981067707389}, "datetime": {"datetime": "2021-03-24 18:58:27", "elapsed": 21.315896, "delta": 0.674927}}
{"target": -0.31642463018348355, "params": {"model__colsample_bylevel": 1.0, "model__colsample_bynode": 1.0, "model__colsample_bytree": 1.0, "model__learning_rate": 0.3, "model__max_depth": 8.0, "model__n_estimators": 20.585401913741222, "model__reg_lambda": 7.0488790394568355}, "datetime": {"datetime": "2021-03-24 18:58:28", "elapsed": 21.990975, "delta": 0.675079}}
{"target": -0.29935098985662223, "params": {"model__colsample_bylevel": 1.0, "model__colsample_bynode": 0.3, "model__colsample_bytree": 1.0, "model__learning_rate": 0.3, "model__max_depth": 5.88256126420265, "model__n_estimators": 15.000000001187166, "model__reg_lambda": 0.9666864747024596}, "datetime": {"datetime": "2021-03-24 18:58:29", "elapsed": 22.682703, "delta": 0.691728}}
{"target": -0.3130237704271154, "params": {"model__colsample_bylevel": 0.30198868940316675, "model__colsample_bynode": 0.9769997475972785, "model__colsample_bytree": 0.8028123993582819, "model__learning_rate": 0.2720876498080137, "model__max_depth": 4.64016718905935, "model__n_estimators": 28.03199693993475, "model__reg_lambda": 5.543790855194634}, "datetime": {"datetime": "2021-03-24 18:58:29", "elapsed": 23.293205, "delta": 0.610502}}
{"target": -0.33513910867395286, "params": {"model__colsample_bylevel": 1.0, "model__colsample_bynode": 0.3, "model__colsample_bytree": 0.33109485312753395, "model__learning_rate": 0.3, "model__max_depth": 5.787351520053529, "model__n_estimators": 29.678168710059484, "model__reg_lambda": 10.0}, "datetime": {"datetime": "2021-03-24 18:58:30", "elapsed": 23.951915, "delta": 0.65871}}
{"target": -0.31994280645520884, "params": {"model__colsample_bylevel": 1.0, "model__colsample_bynode": 0.8175596117510224, "model__colsample_bytree": 0.5051792800769991, "model__learning_rate": 0.3, "model__max_depth": 5.53927312903045, "model__n_estimators": 29.99999999970401, "model__reg_lambda": 4.61956676339284e-13}, "datetime": {"datetime": "2021-03-24 18:58:31", "elapsed": 24.566062, "delta": 0.614147}}
{"target": -0.3232833856298332, "params": {"model__colsample_bylevel": 0.9999999999999158, "model__colsample_bynode": 0.3, "model__colsample_bytree": 1.0, "model__learning_rate": 0.3, "model__max_depth": 2.807711926126759, "model__n_estimators": 22.47301043509889, "model__reg_lambda": 7.419375412240857}, "datetime": {"datetime": "2021-03-24 18:58:31", "elapsed": 25.242839, "delta": 0.676777}}
{"target": -0.3444739893633886, "params": {"model__colsample_bylevel": 1.0, "model__colsample_bynode": 1.0, "model__colsample_bytree": 1.0, "model__learning_rate": 0.3, "model__max_depth": 8.0, "model__n_estimators": 15.0, "model__reg_lambda": 0.0}, "datetime": {"datetime": "2021-03-24 18:58:32", "elapsed": 26.222832, "delta": 0.979993}}
