{"target": -0.300875204164987, "params": {"model__colsample_bylevel": 0.9857795884956342, "model__colsample_bynode": 0.43487928172453993, "model__colsample_bytree": 0.8630244811825312, "model__learning_rate": 0.2979608309200884, "model__max_depth": 7.276825096417966, "model__n_estimators": 23.5337112562338, "model__reg_lambda": 1.8345498291235085}, "datetime": {"datetime": "2021-03-24 19:00:37", "elapsed": 151.372815, "delta": 1.15312}}
{"target": -0.3013383694368067, "params": {"model__colsample_bylevel": 0.36527443281141314, "model__colsample_bynode": 0.5473981107277667, "model__colsample_bytree": 0.8700085128985295, "model__learning_rate": 0.29805088567171567, "model__max_depth": 7.869102672039721, "model__n_estimators": 26.06368857218238, "model__reg_lambda": 0.4603680400418031}, "datetime": {"datetime": "2021-03-24 19:00:39", "elapsed": 152.632631, "delta": 1.259816}}
{"target": -0.310306783753238, "params": {"model__colsample_bylevel": 0.41901682684249436, "model__colsample_bynode": 0.370364733652188, "model__colsample_bytree": 0.4362531003676543, "model__learning_rate": 0.2899077920075517, "model__max_depth": 7.321651640470126, "model__n_estimators": 22.13135007527125, "model__reg_lambda": 0.8637838010685939}, "datetime": {"datetime": "2021-03-24 19:00:40", "elapsed": 153.895076, "delta": 1.262445}}
{"target": -0.29096918318022474, "params": {"model__colsample_bylevel": 0.33629015762435727, "model__colsample_bynode": 0.9254342068005876, "model__colsample_bytree": 0.978339026782514, "model__learning_rate": 0.28244940156814957, "model__max_depth": 4.236213268074916, "model__n_estimators": 20.993824118172597, "model__reg_lambda": 4.079312413572691}, "datetime": {"datetime": "2021-03-24 19:00:41", "elapsed": 155.135492, "delta": 1.240416}}
{"target": -0.31444583797921843, "params": {"model__colsample_bylevel": 0.9999999953700371, "model__colsample_bynode": 0.3, "model__colsample_bytree": 1.0, "model__learning_rate": 0.3, "model__max_depth": 4.152820238499315, "model__n_estimators": 22.94308092244884, "model__reg_lambda": 10.0}, "datetime": {"datetime": "2021-03-24 19:00:43", "elapsed": 156.515027, "delta": 1.379535}}
{"target": -0.28899447174381765, "params": {"model__colsample_bylevel": 1.0, "model__colsample_bynode": 0.999999998691087, "model__colsample_bytree": 0.32947506074567817, "model__learning_rate": 0.3, "model__max_depth": 2.809184043913773, "model__n_estimators": 29.32549905162708, "model__reg_lambda": 0.8792674432213253}, "datetime": {"datetime": "2021-03-24 19:00:44", "elapsed": 157.838205, "delta": 1.323178}}
{"target": -0.3115011043612089, "params": {"model__colsample_bylevel": 0.9518149038076802, "model__colsample_bynode": 0.9999999876847975, "model__colsample_bytree": 0.9999999279514968, "model__learning_rate": 0.299999994012913, "model__max_depth": 6.595621980940861, "model__n_estimators": 28.220438637237883, "model__reg_lambda": 5.586193155798172}, "datetime": {"datetime": "2021-03-24 19:00:45", "elapsed": 159.170892, "delta": 1.332687}}
{"target": -0.26918044927786444, "params": {"model__colsample_bylevel": 1.0, "model__colsample_bynode": 1.0, "model__colsample_bytree": 0.8775192931932787, "model__learning_rate": 0.3, "model__max_depth": 2.0, "model__n_estimators": 28.054897210441702, "model__reg_lambda": 2.3822000144512376}, "datetime": {"datetime": "2021-03-24 19:00:47", "elapsed": 160.711205, "delta": 1.540313}}
{"target": -0.3103543871402929, "params": {"model__colsample_bylevel": 0.558570587509085, "model__colsample_bynode": 0.8638484731550298, "model__colsample_bytree": 0.7813301882683326, "model__learning_rate": 0.27884885258027253, "model__max_depth": 2.009639511490114, "model__n_estimators": 26.51924403339772, "model__reg_lambda": 4.094817404491986}, "datetime": {"datetime": "2021-03-24 19:00:48", "elapsed": 161.869107, "delta": 1.157902}}
{"target": -0.31663051092410055, "params": {"model__colsample_bylevel": 1.0, "model__colsample_bynode": 0.42482978388260995, "model__colsample_bytree": 1.0, "model__learning_rate": 0.3, "model__max_depth": 2.0, "model__n_estimators": 27.275181515929855, "model__reg_lambda": 8.868462007135452}, "datetime": {"datetime": "2021-03-24 19:00:49", "elapsed": 163.138467, "delta": 1.26936}}
{"target": -0.31800435288417817, "params": {"model__colsample_bylevel": 0.3052528927122745, "model__colsample_bynode": 0.8417443903563031, "model__colsample_bytree": 0.40840755222411396, "model__learning_rate": 0.2934722555849283, "model__max_depth": 5.952801619125264, "model__n_estimators": 26.52488314930044, "model__reg_lambda": 6.335931141137418}, "datetime": {"datetime": "2021-03-24 19:00:51", "elapsed": 164.449995, "delta": 1.311528}}
{"target": -0.3081611466398328, "params": {"model__colsample_bylevel": 0.9897621618875387, "model__colsample_bynode": 0.44382917971955615, "model__colsample_bytree": 0.8587766546306539, "model__learning_rate": 0.2827479546576949, "model__max_depth": 7.757348813700131, "model__n_estimators": 26.51946535498672, "model__reg_lambda": 8.223168010379258}, "datetime": {"datetime": "2021-03-24 19:00:52", "elapsed": 165.912967, "delta": 1.462972}}
{"target": -0.3117055760065525, "params": {"model__colsample_bylevel": 0.3, "model__colsample_bynode": 0.3, "model__colsample_bytree": 1.0, "model__learning_rate": 0.3, "model__max_depth": 8.0, "model__n_estimators": 15.0, "model__reg_lambda": 0.0}, "datetime": {"datetime": "2021-03-24 19:00:53", "elapsed": 167.11797, "delta": 1.205003}}
{"target": -0.2810522032014189, "params": {"model__colsample_bylevel": 0.9745080545518805, "model__colsample_bynode": 0.93526118300236, "model__colsample_bytree": 0.938022717701883, "model__learning_rate": 0.29818110484616256, "model__max_depth": 3.1819924411222376, "model__n_estimators": 22.573998614667403, "model__reg_lambda": 3.012477488733696}, "datetime": {"datetime": "2021-03-24 19:00:55", "elapsed": 168.491557, "delta": 1.373587}}
{"target": -0.3144224141262121, "params": {"model__colsample_bylevel": 0.3169075149249364, "model__colsample_bynode": 0.3076198345253278, "model__colsample_bytree": 0.9810245448124393, "model__learning_rate": 0.2956374380782877, "model__max_depth": 4.942870612011808, "model__n_estimators": 29.9226753154607, "model__reg_lambda": 7.644477402224363}, "datetime": {"datetime": "2021-03-24 19:00:56", "elapsed": 169.849913, "delta": 1.358356}}
{"target": -0.33527241069975344, "params": {"model__colsample_bylevel": 0.38777852883609665, "model__colsample_bynode": 0.35247871344430465, "model__colsample_bytree": 0.3473680447087449, "model__learning_rate": 0.2678448494563237, "model__max_depth": 7.637423295651528, "model__n_estimators": 25.8771550885755, "model__reg_lambda": 0.11149183960457276}, "datetime": {"datetime": "2021-03-24 19:00:57", "elapsed": 171.192999, "delta": 1.343086}}
{"target": -0.3164159871978631, "params": {"model__colsample_bylevel": 0.7640158858755397, "model__colsample_bynode": 0.41806287375002843, "model__colsample_bytree": 0.9860598306569479, "model__learning_rate": 0.2806591026718846, "model__max_depth": 7.958344092648662, "model__n_estimators": 23.6948499977167, "model__reg_lambda": 0.7347188034746122}, "datetime": {"datetime": "2021-03-24 19:00:59", "elapsed": 172.486719, "delta": 1.29372}}
{"target": -0.2818456987487625, "params": {"model__colsample_bylevel": 0.9517052213037271, "model__colsample_bynode": 0.4346174373626487, "model__colsample_bytree": 0.3454033999072516, "model__learning_rate": 0.29495267880903553, "model__max_depth": 5.92058475262508, "model__n_estimators": 28.648836915943743, "model__reg_lambda": 0.29451916497884256}, "datetime": {"datetime": "2021-03-24 19:01:00", "elapsed": 174.020646, "delta": 1.533927}}
{"target": -0.3144267519372448, "params": {"model__colsample_bylevel": 0.970919928780533, "model__colsample_bynode": 0.817959602575917, "model__colsample_bytree": 0.3863053220415936, "model__learning_rate": 0.28945237486047704, "model__max_depth": 7.969980910412826, "model__n_estimators": 24.603396567770034, "model__reg_lambda": 1.1283626170441852}, "datetime": {"datetime": "2021-03-24 19:01:02", "elapsed": 175.526817, "delta": 1.506171}}
{"target": -0.3249505585977349, "params": {"model__colsample_bylevel": 0.9328516472096695, "model__colsample_bynode": 0.9812156032937434, "model__colsample_bytree": 0.9571944398538412, "model__learning_rate": 0.2949473552522589, "model__max_depth": 2.056424671837778, "model__n_estimators": 21.330710862146685, "model__reg_lambda": 6.1053456632333685}, "datetime": {"datetime": "2021-03-24 19:01:03", "elapsed": 176.663565, "delta": 1.136748}}
{"target": -0.3209783940346561, "params": {"model__colsample_bylevel": 0.3, "model__colsample_bynode": 1.0, "model__colsample_bytree": 1.0, "model__learning_rate": 0.3, "model__max_depth": 8.0, "model__n_estimators": 17.500771990925696, "model__reg_lambda": 3.961445379671075}, "datetime": {"datetime": "2021-03-24 19:01:04", "elapsed": 177.929544, "delta": 1.265979}}
{"target": -0.29927297651808227, "params": {"model__colsample_bylevel": 0.973779672423541, "model__colsample_bynode": 1.0, "model__colsample_bytree": 0.41486254339908235, "model__learning_rate": 0.3, "model__max_depth": 8.0, "model__n_estimators": 28.139640616602616, "model__reg_lambda": 9.293740308474328}, "datetime": {"datetime": "2021-03-24 19:01:06", "elapsed": 179.480154, "delta": 1.55061}}
{"target": -0.3126551574089335, "params": {"model__colsample_bylevel": 0.400979645174924, "model__colsample_bynode": 1.0, "model__colsample_bytree": 1.0, "model__learning_rate": 0.3, "model__max_depth": 2.0, "model__n_estimators": 27.959113082614248, "model__reg_lambda": 10.0}, "datetime": {"datetime": "2021-03-24 19:01:07", "elapsed": 180.851955, "delta": 1.371801}}
{"target": -0.31105438154089543, "params": {"model__colsample_bylevel": 0.9311232742741384, "model__colsample_bynode": 0.9072151995376796, "model__colsample_bytree": 0.3964797883274262, "model__learning_rate": 0.28908509611258226, "model__max_depth": 6.277440638374872, "model__n_estimators": 22.166335936300452, "model__reg_lambda": 2.27161443511097}, "datetime": {"datetime": "2021-03-24 19:01:08", "elapsed": 182.381361, "delta": 1.529406}}
{"target": -0.30678746564468995, "params": {"model__colsample_bylevel": 0.4119444522327979, "model__colsample_bynode": 0.4436201914054602, "model__colsample_bytree": 0.4077521102693947, "model__learning_rate": 0.22910134987160183, "model__max_depth": 7.957960297219916, "model__n_estimators": 29.906409281856735, "model__reg_lambda": 3.4426917647598385}, "datetime": {"datetime": "2021-03-24 19:01:10", "elapsed": 183.647227, "delta": 1.265866}}
{"target": -0.2837157726076944, "params": {"model__colsample_bylevel": 0.9999999932036658, "model__colsample_bynode": 0.3000000073981447, "model__colsample_bytree": 0.3, "model__learning_rate": 0.3, "model__max_depth": 3.396222388172406, "model__n_estimators": 29.999999987469526, "model__reg_lambda": 0.0}, "datetime": {"datetime": "2021-03-24 19:01:11", "elapsed": 185.102418, "delta": 1.455191}}
{"target": -0.29142685771238164, "params": {"model__colsample_bylevel": 0.951236289576409, "model__colsample_bynode": 0.4020129461667732, "model__colsample_bytree": 0.9860275366574316, "model__learning_rate": 0.2979152145291649, "model__max_depth": 2.177496839185154, "model__n_estimators": 24.413881401189652, "model__reg_lambda": 1.7742847313130483}, "datetime": {"datetime": "2021-03-24 19:01:13", "elapsed": 186.598265, "delta": 1.495847}}
{"target": -0.3537356199737152, "params": {"model__colsample_bylevel": 0.3, "model__colsample_bynode": 0.3, "model__colsample_bytree": 0.9393096465594255, "model__learning_rate": 0.3, "model__max_depth": 3.6386573367231203, "model__n_estimators": 19.943337492331413, "model__reg_lambda": 10.0}, "datetime": {"datetime": "2021-03-24 19:01:14", "elapsed": 187.864178, "delta": 1.265913}}
{"target": -0.3721830920856176, "params": {"model__colsample_bylevel": 0.95335206414666, "model__colsample_bynode": 0.30457789608866925, "model__colsample_bytree": 0.9074240758511738, "model__learning_rate": 0.23977567239303577, "model__max_depth": 4.493061657181388, "model__n_estimators": 15.065636715497382, "model__reg_lambda": 5.324992887032175}, "datetime": {"datetime": "2021-03-24 19:01:15", "elapsed": 189.372853, "delta": 1.508675}}
{"target": -0.328798993736627, "params": {"model__colsample_bylevel": 1.0, "model__colsample_bynode": 1.0, "model__colsample_bytree": 1.0, "model__learning_rate": 0.3, "model__max_depth": 3.852275632585472, "model__n_estimators": 16.47377696811172, "model__reg_lambda": 2.2010775262331954}, "datetime": {"datetime": "2021-03-24 19:01:17", "elapsed": 190.943085, "delta": 1.570232}}
{"target": -0.3086055331768981, "params": {"model__colsample_bylevel": 0.9215322591270749, "model__colsample_bynode": 0.31343760080947597, "model__colsample_bytree": 0.6763495280239802, "model__learning_rate": 0.2993388161405237, "model__max_depth": 6.045214518083875, "model__n_estimators": 24.574556795134118, "model__reg_lambda": 3.0712171972780586}, "datetime": {"datetime": "2021-03-24 19:01:18", "elapsed": 192.149752, "delta": 1.206667}}
{"target": -0.29127177084219114, "params": {"model__colsample_bylevel": 0.36920744297935476, "model__colsample_bynode": 0.728313300992737, "model__colsample_bytree": 0.9176449204977726, "model__learning_rate": 0.2954477533186881, "model__max_depth": 7.737287710565837, "model__n_estimators": 26.34857311867807, "model__reg_lambda": 3.525093881617658}, "datetime": {"datetime": "2021-03-24 19:01:19", "elapsed": 193.270083, "delta": 1.120331}}
{"target": -0.2884693925480689, "params": {"model__colsample_bylevel": 0.8652578818018961, "model__colsample_bynode": 0.6116785912188845, "model__colsample_bytree": 0.6153029409780426, "model__learning_rate": 0.29939285103819735, "model__max_depth": 2.153924135033436, "model__n_estimators": 24.011146788002755, "model__reg_lambda": 0.030602743406493715}, "datetime": {"datetime": "2021-03-24 19:01:21", "elapsed": 194.655876, "delta": 1.385793}}
{"target": -0.294437008176802, "params": {"model__colsample_bylevel": 0.9999999992134203, "model__colsample_bynode": 0.6055124341928377, "model__colsample_bytree": 1.0, "model__learning_rate": 0.3, "model__max_depth": 2.0, "model__n_estimators": 27.967797735198346, "model__reg_lambda": 3.659122999172908}, "datetime": {"datetime": "2021-03-24 19:01:22", "elapsed": 195.91868, "delta": 1.262804}}
{"target": -0.2579160278504023, "params": {"model__colsample_bylevel": 0.3, "model__colsample_bynode": 0.3, "model__colsample_bytree": 0.3, "model__learning_rate": 0.3, "model__max_depth": 8.0, "model__n_estimators": 30.0, "model__reg_lambda": 0.0}, "datetime": {"datetime": "2021-03-24 19:01:23", "elapsed": 196.939754, "delta": 1.021074}}
{"target": -0.32284910243908893, "params": {"model__colsample_bylevel": 1.0, "model__colsample_bynode": 1.0, "model__colsample_bytree": 0.8203989892158072, "model__learning_rate": 0.3, "model__max_depth": 5.264255976970452, "model__n_estimators": 18.127704547817206, "model__reg_lambda": 6.129403259509312}, "datetime": {"datetime": "2021-03-24 19:01:25", "elapsed": 198.46654, "delta": 1.526786}}
{"target": -0.3146112980746219, "params": {"model__colsample_bylevel": 0.9943721296490222, "model__colsample_bynode": 0.32545110639301544, "model__colsample_bytree": 0.8746201191994005, "model__learning_rate": 0.29545769288492585, "model__max_depth": 5.881880093503799, "model__n_estimators": 25.918190594109923, "model__reg_lambda": 6.274001725514199}, "datetime": {"datetime": "2021-03-24 19:01:26", "elapsed": 199.954566, "delta": 1.488026}}
{"target": -0.39219866157576866, "params": {"model__colsample_bylevel": 0.3, "model__colsample_bynode": 0.3, "model__colsample_bytree": 0.3, "model__learning_rate": 0.3, "model__max_depth": 8.0, "model__n_estimators": 16.712797686315362, "model__reg_lambda": 10.0}, "datetime": {"datetime": "2021-03-24 19:01:27", "elapsed": 201.239882, "delta": 1.285316}}
{"target": -0.3136420462587578, "params": {"model__colsample_bylevel": 0.9756834555114708, "model__colsample_bynode": 0.938057264578561, "model__colsample_bytree": 0.9242350448259984, "model__learning_rate": 0.28971905772811773, "model__max_depth": 3.7042849981444337, "model__n_estimators": 22.00457763027048, "model__reg_lambda": 4.46010141206693}, "datetime": {"datetime": "2021-03-24 19:01:28", "elapsed": 202.424504, "delta": 1.184622}}
{"target": -0.29031043315054916, "params": {"model__colsample_bylevel": 0.6103524363272481, "model__colsample_bynode": 1.0, "model__colsample_bytree": 1.0, "model__learning_rate": 0.3, "model__max_depth": 2.0000000042132187, "model__n_estimators": 25.207231386354437, "model__reg_lambda": 1.8749532415228236}, "datetime": {"datetime": "2021-03-24 19:01:30", "elapsed": 203.866966, "delta": 1.442462}}
{"target": -0.34019226182346646, "params": {"model__colsample_bylevel": 0.3048888367479373, "model__colsample_bynode": 0.52889149112953, "model__colsample_bytree": 0.8721055172335452, "model__learning_rate": 0.2939208563717351, "model__max_depth": 4.740152129914948, "model__n_estimators": 19.030715277092625, "model__reg_lambda": 5.29843655653228}, "datetime": {"datetime": "2021-03-24 19:01:31", "elapsed": 205.242305, "delta": 1.375339}}
{"target": -0.30195967017038583, "params": {"model__colsample_bylevel": 0.8016635760622493, "model__colsample_bynode": 0.9107405789556742, "model__colsample_bytree": 0.9159990219525198, "model__learning_rate": 0.2977012664938136, "model__max_depth": 3.592248279979303, "model__n_estimators": 22.759237405206118, "model__reg_lambda": 2.135866710333393}, "datetime": {"datetime": "2021-03-24 19:01:33", "elapsed": 206.60277, "delta": 1.360465}}
{"target": -0.30192337599954144, "params": {"model__colsample_bylevel": 0.40939605325897577, "model__colsample_bynode": 0.580454734501436, "model__colsample_bytree": 1.0, "model__learning_rate": 0.3, "model__max_depth": 3.3537363998113, "model__n_estimators": 24.22753530569785, "model__reg_lambda": 3.438611224622435}, "datetime": {"datetime": "2021-03-24 19:01:34", "elapsed": 208.258046, "delta": 1.655276}}
{"target": -0.3343270416992406, "params": {"model__colsample_bylevel": 0.33041002565097205, "model__colsample_bynode": 0.6069590821754496, "model__colsample_bytree": 0.31737060653928895, "model__learning_rate": 0.2801905446370163, "model__max_depth": 7.083228047440124, "model__n_estimators": 19.999125126842756, "model__reg_lambda": 0.043105545231034714}, "datetime": {"datetime": "2021-03-24 19:01:36", "elapsed": 209.659021, "delta": 1.400975}}
{"target": -0.3211734219511593, "params": {"model__colsample_bylevel": 0.30953347987710156, "model__colsample_bynode": 0.9348291886959894, "model__colsample_bytree": 0.49604423799522496, "model__learning_rate": 0.2796284164053512, "model__max_depth": 7.751292249355164, "model__n_estimators": 21.108159916221293, "model__reg_lambda": 2.143102291367418}, "datetime": {"datetime": "2021-03-24 19:01:37", "elapsed": 211.230969, "delta": 1.571948}}
{"target": -0.40698610675939617, "params": {"model__colsample_bylevel": 1.0, "model__colsample_bynode": 0.3, "model__colsample_bytree": 0.3, "model__learning_rate": 0.3, "model__max_depth": 2.0, "model__n_estimators": 20.61349746907323, "model__reg_lambda": 9.562226818104591}, "datetime": {"datetime": "2021-03-24 19:01:38", "elapsed": 212.381316, "delta": 1.150347}}
{"target": -0.3117160480293999, "params": {"model__colsample_bylevel": 1.0, "model__colsample_bynode": 0.3, "model__colsample_bytree": 1.0, "model__learning_rate": 0.3, "model__max_depth": 8.0, "model__n_estimators": 19.175978866469006, "model__reg_lambda": 8.792968429368717}, "datetime": {"datetime": "2021-03-24 19:01:40", "elapsed": 213.956455, "delta": 1.575139}}
{"target": -0.30227393962635213, "params": {"model__colsample_bylevel": 0.5001397456350409, "model__colsample_bynode": 0.9306835910838633, "model__colsample_bytree": 0.9146427321366111, "model__learning_rate": 0.295462720185264, "model__max_depth": 2.8818258543614297, "model__n_estimators": 20.32044339447015, "model__reg_lambda": 2.8428150514780306}, "datetime": {"datetime": "2021-03-24 19:01:41", "elapsed": 215.234708, "delta": 1.278253}}
{"target": -0.2952785410929262, "params": {"model__colsample_bylevel": 0.8993899279999156, "model__colsample_bynode": 0.37533749874318334, "model__colsample_bytree": 0.9999218973538486, "model__learning_rate": 0.2972592628651962, "model__max_depth": 7.672458863624007, "model__n_estimators": 25.518173155502616, "model__reg_lambda": 1.0361539078407334}, "datetime": {"datetime": "2021-03-24 19:01:43", "elapsed": 217.336982, "delta": 2.102274}}
{"target": -0.28832045138199425, "params": {"model__colsample_bylevel": 0.8785597873561282, "model__colsample_bynode": 0.4592281061604439, "model__colsample_bytree": 0.3327132747335602, "model__learning_rate": 0.2929544798616293, "model__max_depth": 7.406909559622902, "model__n_estimators": 24.365041843246633, "model__reg_lambda": 0.3598439870660797}, "datetime": {"datetime": "2021-03-24 19:01:45", "elapsed": 218.615581, "delta": 1.278599}}
{"target": -0.3322873899841384, "params": {"model__colsample_bylevel": 0.996231563668329, "model__colsample_bynode": 1.0, "model__colsample_bytree": 0.3, "model__learning_rate": 0.3, "model__max_depth": 4.35517030246535, "model__n_estimators": 21.66236785311815, "model__reg_lambda": 10.0}, "datetime": {"datetime": "2021-03-24 19:01:46", "elapsed": 220.268279, "delta": 1.652698}}
{"target": -0.3038983357111937, "params": {"model__colsample_bylevel": 0.9999999989745303, "model__colsample_bynode": 0.3000000010254697, "model__colsample_bytree": 0.3, "model__learning_rate": 0.3, "model__max_depth": 8.0, "model__n_estimators": 19.36003386331451, "model__reg_lambda": 0.9309817781324222}, "datetime": {"datetime": "2021-03-24 19:01:48", "elapsed": 221.801571, "delta": 1.533292}}
