{"target": -0.29694129020832755, "params": {"model__colsample_bylevel": 0.9990150814442398, "model__colsample_bynode": 0.7171555192766317, "model__colsample_bytree": 0.9924745056016071, "model__learning_rate": 0.2807862156377934, "model__max_depth": 7.734398276063528, "model__n_estimators": 29.660272120814838, "model__reg_lambda": 7.914168824186047}, "datetime": {"datetime": "2021-03-24 18:58:33", "elapsed": 27.192682, "delta": 0.96985}}
{"target": -0.35581605211727024, "params": {"model__colsample_bylevel": 1.0, "model__colsample_bynode": 1.0, "model__colsample_bytree": 1.0, "model__learning_rate": 0.3, "model__max_depth": 4.761518705637626, "model__n_estimators": 17.331676533090235, "model__reg_lambda": 5.416166569862469e-09}, "datetime": {"datetime": "2021-03-24 18:58:35", "elapsed": 28.497095, "delta": 1.304413}}
{"target": -0.31886124548407785, "params": {"model__colsample_bylevel": 0.5172953176612453, "model__colsample_bynode": 0.340420468451202, "model__colsample_bytree": 0.8883100309158951, "model__learning_rate": 0.2691321287226608, "model__max_depth": 7.989381732821117, "model__n_estimators": 16.161190742486788, "model__reg_lambda": 2.1634887514329595}, "datetime": {"datetime": "2021-03-24 18:58:36", "elapsed": 29.529359, "delta": 1.032264}}
{"target": -0.30987164523128585, "params": {"model__colsample_bylevel": 1.0, "model__colsample_bynode": 1.0, "model__colsample_bytree": 1.0, "model__learning_rate": 0.3, "model__max_depth": 2.0, "model__n_estimators": 30.0, "model__reg_lambda": 10.0}, "datetime": {"datetime": "2021-03-24 18:58:37", "elapsed": 30.568456, "delta": 1.039097}}
{"target": -0.3180990921255822, "params": {"model__colsample_bylevel": 0.3, "model__colsample_bynode": 0.7805727987265232, "model__colsample_bytree": 0.9414706738396095, "model__learning_rate": 0.3, "model__max_depth": 2.017673243092024, "model__n_estimators": 18.379206818344556, "model__reg_lambda": 0.0}, "datetime": {"datetime": "2021-03-24 18:58:38", "elapsed": 31.777137, "delta": 1.208681}}
{"target": -0.3154131012408576, "params": {"model__colsample_bylevel": 0.3, "model__colsample_bynode": 0.3, "model__colsample_bytree": 1.0, "model__learning_rate": 0.3, "model__max_depth": 3.713331572385195, "model__n_estimators": 16.02510002184846, "model__reg_lambda": 0.12461360912202141}, "datetime": {"datetime": "2021-03-24 18:58:39", "elapsed": 32.958263, "delta": 1.181126}}
{"target": -0.34011132212936124, "params": {"model__colsample_bylevel": 0.4835027065055247, "model__colsample_bynode": 0.702382566708302, "model__colsample_bytree": 0.931909556648272, "model__learning_rate": 0.27664075970739277, "model__max_depth": 7.817027920064344, "model__n_estimators": 20.56744317252612, "model__reg_lambda": 9.900548726307761}, "datetime": {"datetime": "2021-03-24 18:58:40", "elapsed": 33.85301, "delta": 0.894747}}
{"target": -0.31544158790257176, "params": {"model__colsample_bylevel": 0.9539053147197616, "model__colsample_bynode": 0.7025856371994161, "model__colsample_bytree": 0.3202518328627797, "model__learning_rate": 0.2830600120923087, "model__max_depth": 7.919142356568109, "model__n_estimators": 21.23761613415182, "model__reg_lambda": 0.6343097004912346}, "datetime": {"datetime": "2021-03-24 18:58:41", "elapsed": 34.778928, "delta": 0.925918}}
{"target": -0.2894548759073613, "params": {"model__colsample_bylevel": 1.0, "model__colsample_bynode": 0.3, "model__colsample_bytree": 1.0, "model__learning_rate": 0.3, "model__max_depth": 6.292596816996512, "model__n_estimators": 30.0, "model__reg_lambda": 6.047726470049949}, "datetime": {"datetime": "2021-03-24 18:58:42", "elapsed": 35.968358, "delta": 1.18943}}
{"target": -0.3230175048834982, "params": {"model__colsample_bylevel": 0.9402505627392874, "model__colsample_bynode": 0.3, "model__colsample_bytree": 1.0, "model__learning_rate": 0.3, "model__max_depth": 2.0, "model__n_estimators": 29.71281326122579, "model__reg_lambda": 7.190090111474967}, "datetime": {"datetime": "2021-03-24 18:58:43", "elapsed": 37.234622, "delta": 1.266264}}
{"target": -0.30170851536871246, "params": {"model__colsample_bylevel": 0.9999999930369144, "model__colsample_bynode": 0.3, "model__colsample_bytree": 1.0, "model__learning_rate": 0.3, "model__max_depth": 4.636153587634552, "model__n_estimators": 21.283470779050333, "model__reg_lambda": 5.326367960702047}, "datetime": {"datetime": "2021-03-24 18:58:45", "elapsed": 38.462112, "delta": 1.22749}}
{"target": -0.32678187822558635, "params": {"model__colsample_bylevel": 1.0, "model__colsample_bynode": 1.0, "model__colsample_bytree": 0.362002868924339, "model__learning_rate": 0.3, "model__max_depth": 2.9811894747677297, "model__n_estimators": 23.739583399690762, "model__reg_lambda": 10.0}, "datetime": {"datetime": "2021-03-24 18:58:46", "elapsed": 39.589732, "delta": 1.12762}}
{"target": -0.3459564600882215, "params": {"model__colsample_bylevel": 0.3, "model__colsample_bynode": 1.0, "model__colsample_bytree": 1.0, "model__learning_rate": 0.3, "model__max_depth": 5.1991358568259765, "model__n_estimators": 15.0, "model__reg_lambda": 6.527281811909075}, "datetime": {"datetime": "2021-03-24 18:58:47", "elapsed": 40.847765, "delta": 1.258033}}
{"target": -0.29369944021817757, "params": {"model__colsample_bylevel": 0.8127108540086843, "model__colsample_bynode": 0.40274780410664407, "model__colsample_bytree": 0.510101051653763, "model__learning_rate": 0.29639065752227917, "model__max_depth": 5.106265861709482, "model__n_estimators": 27.601109791549845, "model__reg_lambda": 1.4156012089255399}, "datetime": {"datetime": "2021-03-24 18:58:48", "elapsed": 41.880401, "delta": 1.032636}}
{"target": -0.3014246020531889, "params": {"model__colsample_bylevel": 0.9823749775400354, "model__colsample_bynode": 0.4168429797178162, "model__colsample_bytree": 0.44961706607577834, "model__learning_rate": 0.2937470634122672, "model__max_depth": 7.916366146878199, "model__n_estimators": 25.31336088593671, "model__reg_lambda": 2.325594009720734}, "datetime": {"datetime": "2021-03-24 18:58:49", "elapsed": 43.042104, "delta": 1.161703}}
{"target": -0.3304596100110507, "params": {"model__colsample_bylevel": 0.4522965413353667, "model__colsample_bynode": 0.7933443294847076, "model__colsample_bytree": 0.31039386111790773, "model__learning_rate": 0.29650866510081886, "model__max_depth": 2.1802157027021876, "model__n_estimators": 29.771411004721514, "model__reg_lambda": 2.789338972654728}, "datetime": {"datetime": "2021-03-24 18:58:50", "elapsed": 44.09624, "delta": 1.054136}}
{"target": -0.29420490621916434, "params": {"model__colsample_bylevel": 0.9316913682433385, "model__colsample_bynode": 0.9169273012990355, "model__colsample_bytree": 0.8268527946434525, "model__learning_rate": 0.2897488046085998, "model__max_depth": 5.56154457971958, "model__n_estimators": 29.634522890433487, "model__reg_lambda": 4.738413728625749}, "datetime": {"datetime": "2021-03-24 18:58:51", "elapsed": 45.256984, "delta": 1.160744}}
{"target": -0.34986254991592325, "params": {"model__colsample_bylevel": 0.5264945077932259, "model__colsample_bynode": 0.3199125433586203, "model__colsample_bytree": 0.8378522642290069, "model__learning_rate": 0.2971742323980243, "model__max_depth": 2.000517548863063, "model__n_estimators": 15.14835598798103, "model__reg_lambda": 0.19574349725329232}, "datetime": {"datetime": "2021-03-24 18:58:52", "elapsed": 46.261558, "delta": 1.004574}}
{"target": -0.34391745958963166, "params": {"model__colsample_bylevel": 1.0, "model__colsample_bynode": 0.3, "model__colsample_bytree": 1.0, "model__learning_rate": 0.3, "model__max_depth": 7.768439796185255, "model__n_estimators": 15.90851141420353, "model__reg_lambda": 10.0}, "datetime": {"datetime": "2021-03-24 18:58:54", "elapsed": 47.455025, "delta": 1.193467}}
{"target": -0.305105181229537, "params": {"model__colsample_bylevel": 0.8802966142486996, "model__colsample_bynode": 0.5055789975883822, "model__colsample_bytree": 0.367123589114153, "model__learning_rate": 0.29847282638198036, "model__max_depth": 3.908038851642673, "model__n_estimators": 29.18410434742736, "model__reg_lambda": 4.041226697795287}, "datetime": {"datetime": "2021-03-24 18:58:55", "elapsed": 48.498322, "delta": 1.043297}}
{"target": -0.30573677252505677, "params": {"model__colsample_bylevel": 0.4708075270022134, "model__colsample_bynode": 0.9924983121930047, "model__colsample_bytree": 0.9087534539650732, "model__learning_rate": 0.29203392933008243, "model__max_depth": 5.313942319881267, "model__n_estimators": 22.685714693529317, "model__reg_lambda": 9.861452789278237}, "datetime": {"datetime": "2021-03-24 18:58:56", "elapsed": 49.826841, "delta": 1.328519}}
{"target": -0.29722084730654363, "params": {"model__colsample_bylevel": 0.37273483695160525, "model__colsample_bynode": 0.34895091577802867, "model__colsample_bytree": 0.40877574217577894, "model__learning_rate": 0.2959282388923402, "model__max_depth": 6.709793550557805, "model__n_estimators": 26.034900738231123, "model__reg_lambda": 1.181338136414739}, "datetime": {"datetime": "2021-03-24 18:58:57", "elapsed": 50.836016, "delta": 1.009175}}
{"target": -0.2967779814292663, "params": {"model__colsample_bylevel": 0.8805010294573365, "model__colsample_bynode": 0.6636157102930056, "model__colsample_bytree": 0.982656666766452, "model__learning_rate": 0.2963082746158967, "model__max_depth": 7.878389305342546, "model__n_estimators": 28.638395123107685, "model__reg_lambda": 9.983257484724273}, "datetime": {"datetime": "2021-03-24 18:58:58", "elapsed": 52.149125, "delta": 1.313109}}
{"target": -0.2902721890635144, "params": {"model__colsample_bylevel": 0.8744930287309245, "model__colsample_bynode": 0.7936676916276106, "model__colsample_bytree": 0.3402952255656435, "model__learning_rate": 0.2819755592041232, "model__max_depth": 7.980265312414012, "model__n_estimators": 29.624026375059557, "model__reg_lambda": 0.15407483125714605}, "datetime": {"datetime": "2021-03-24 18:58:59", "elapsed": 53.321898, "delta": 1.172773}}
{"target": -0.3024000734335446, "params": {"model__colsample_bylevel": 0.8057218609761304, "model__colsample_bynode": 0.9921853547558082, "model__colsample_bytree": 1.0, "model__learning_rate": 0.3, "model__max_depth": 2.682328080614038, "model__n_estimators": 26.008757552530415, "model__reg_lambda": 0.7453922696303534}, "datetime": {"datetime": "2021-03-24 18:59:01", "elapsed": 54.562242, "delta": 1.240344}}
{"target": -0.2893538924285035, "params": {"model__colsample_bylevel": 1.0, "model__colsample_bynode": 1.0, "model__colsample_bytree": 0.3871862458273099, "model__learning_rate": 0.3, "model__max_depth": 7.929867450121298, "model__n_estimators": 27.33527016820249, "model__reg_lambda": 7.523789217315771}, "datetime": {"datetime": "2021-03-24 18:59:02", "elapsed": 55.710918, "delta": 1.148676}}
{"target": -0.32718765905693814, "params": {"model__colsample_bylevel": 0.3, "model__colsample_bynode": 0.3, "model__colsample_bytree": 1.0, "model__learning_rate": 0.3, "model__max_depth": 7.788306972813983, "model__n_estimators": 29.15711203105526, "model__reg_lambda": 9.005166190988408}, "datetime": {"datetime": "2021-03-24 18:59:03", "elapsed": 56.981451, "delta": 1.270533}}
{"target": -0.2821557420194554, "params": {"model__colsample_bylevel": 0.763864592530482, "model__colsample_bynode": 1.0, "model__colsample_bytree": 0.9999999885880071, "model__learning_rate": 0.3, "model__max_depth": 3.415910450675116, "model__n_estimators": 30.0, "model__reg_lambda": 4.580095342007131}, "datetime": {"datetime": "2021-03-24 18:59:04", "elapsed": 58.19987, "delta": 1.218419}}
{"target": -0.29984978825306063, "params": {"model__colsample_bylevel": 0.3333493249805728, "model__colsample_bynode": 0.3364294580629302, "model__colsample_bytree": 0.8900669813245652, "model__learning_rate": 0.28474531533725683, "model__max_depth": 4.671439380294636, "model__n_estimators": 23.03369678317741, "model__reg_lambda": 3.028241664061011}, "datetime": {"datetime": "2021-03-24 18:59:05", "elapsed": 59.218082, "delta": 1.018212}}
{"target": -0.3022526193309771, "params": {"model__colsample_bylevel": 0.9376303946774938, "model__colsample_bynode": 0.34058042734198, "model__colsample_bytree": 0.49128085023904194, "model__learning_rate": 0.29167515617827444, "model__max_depth": 7.798752626636963, "model__n_estimators": 29.4150145849538, "model__reg_lambda": 1.429668043026936}, "datetime": {"datetime": "2021-03-24 18:59:06", "elapsed": 60.134022, "delta": 0.91594}}
{"target": -0.3280696125690947, "params": {"model__colsample_bylevel": 0.36717226774325834, "model__colsample_bynode": 0.9939801993966364, "model__colsample_bytree": 0.9707310453297484, "model__learning_rate": 0.2647218111037879, "model__max_depth": 5.822590272887652, "model__n_estimators": 15.103634847121764, "model__reg_lambda": 0.9883585346161461}, "datetime": {"datetime": "2021-03-24 18:59:07", "elapsed": 61.17512, "delta": 1.041098}}
{"target": -0.31819445556974496, "params": {"model__colsample_bylevel": 1.0, "model__colsample_bynode": 1.0, "model__colsample_bytree": 1.0, "model__learning_rate": 0.3, "model__max_depth": 3.3086889556026846, "model__n_estimators": 25.306943371461063, "model__reg_lambda": 10.0}, "datetime": {"datetime": "2021-03-24 18:59:08", "elapsed": 62.394165, "delta": 1.219045}}
{"target": -0.27356431523769875, "params": {"model__colsample_bylevel": 0.3, "model__colsample_bynode": 0.30000000870149374, "model__colsample_bytree": 0.3, "model__learning_rate": 0.3, "model__max_depth": 8.0, "model__n_estimators": 18.026607927194473, "model__reg_lambda": 0.0}, "datetime": {"datetime": "2021-03-24 18:59:10", "elapsed": 63.812704, "delta": 1.418539}}
{"target": -0.3349152584598599, "params": {"model__colsample_bylevel": 0.4959460069186954, "model__colsample_bynode": 0.4589294511367099, "model__colsample_bytree": 0.9219936472038157, "model__learning_rate": 0.2845762882408315, "model__max_depth": 7.995064719930636, "model__n_estimators": 28.980596562826463, "model__reg_lambda": 0.343446806381712}, "datetime": {"datetime": "2021-03-24 18:59:11", "elapsed": 65.124032, "delta": 1.311328}}
{"target": -0.2913992716120961, "params": {"model__colsample_bylevel": 0.9999999675218849, "model__colsample_bynode": 0.5080714965800612, "model__colsample_bytree": 1.0, "model__learning_rate": 0.3, "model__max_depth": 2.0, "model__n_estimators": 22.569707535432183, "model__reg_lambda": 0.21196129821750745}, "datetime": {"datetime": "2021-03-24 18:59:13", "elapsed": 66.46624, "delta": 1.342208}}
{"target": -0.3403683770630185, "params": {"model__colsample_bylevel": 0.8985411652358684, "model__colsample_bynode": 0.9304339495328784, "model__colsample_bytree": 0.9966539588285814, "model__learning_rate": 0.12318194190525511, "model__max_depth": 2.0596242208829794, "model__n_estimators": 28.879962652134616, "model__reg_lambda": 0.14079161416852504}, "datetime": {"datetime": "2021-03-24 18:59:13", "elapsed": 67.368725, "delta": 0.902485}}
{"target": -0.282675141910938, "params": {"model__colsample_bylevel": 0.6852979776166712, "model__colsample_bynode": 0.911864620456287, "model__colsample_bytree": 0.38190880208215977, "model__learning_rate": 0.29675911509534475, "model__max_depth": 2.1875768218016542, "model__n_estimators": 25.19499052794846, "model__reg_lambda": 0.09459000665307582}, "datetime": {"datetime": "2021-03-24 18:59:15", "elapsed": 68.482318, "delta": 1.113593}}
{"target": -0.30954016550862484, "params": {"model__colsample_bylevel": 0.3, "model__colsample_bynode": 1.0, "model__colsample_bytree": 1.0, "model__learning_rate": 0.3, "model__max_depth": 2.0, "model__n_estimators": 26.989331330859606, "model__reg_lambda": 6.827729688791425}, "datetime": {"datetime": "2021-03-24 18:59:16", "elapsed": 69.502201, "delta": 1.019883}}
{"target": -0.2913109735801708, "params": {"model__colsample_bylevel": 1.0, "model__colsample_bynode": 0.9999999999999926, "model__colsample_bytree": 1.0, "model__learning_rate": 0.3, "model__max_depth": 3.473147203529192, "model__n_estimators": 19.11747208084968, "model__reg_lambda": 2.5354731427262673}, "datetime": {"datetime": "2021-03-24 18:59:17", "elapsed": 70.64027, "delta": 1.138069}}
{"target": -0.32281832373093655, "params": {"model__colsample_bylevel": 0.30143060166367386, "model__colsample_bynode": 0.3546970813243556, "model__colsample_bytree": 0.5527595830686216, "model__learning_rate": 0.29005944429129366, "model__max_depth": 6.581805201876779, "model__n_estimators": 18.000687129958685, "model__reg_lambda": 0.781794142444634}, "datetime": {"datetime": "2021-03-24 18:59:18", "elapsed": 71.639603, "delta": 0.999333}}
{"target": -0.3912584110217142, "params": {"model__colsample_bylevel": 0.3, "model__colsample_bynode": 0.3, "model__colsample_bytree": 1.0, "model__learning_rate": 0.3, "model__max_depth": 4.9334565913340365, "model__n_estimators": 15.0, "model__reg_lambda": 10.0}, "datetime": {"datetime": "2021-03-24 18:59:19", "elapsed": 73.047243, "delta": 1.40764}}
{"target": -0.28048214769510527, "params": {"model__colsample_bylevel": 0.9999999999877777, "model__colsample_bynode": 0.3, "model__colsample_bytree": 0.39218363251774063, "model__learning_rate": 0.3, "model__max_depth": 5.911594472558869, "model__n_estimators": 24.061543219083074, "model__reg_lambda": 1.9628597439717068}, "datetime": {"datetime": "2021-03-24 18:59:20", "elapsed": 74.433256, "delta": 1.386013}}
{"target": -0.33327689996137677, "params": {"model__colsample_bylevel": 0.31576923130129037, "model__colsample_bynode": 0.374270599215746, "model__colsample_bytree": 0.3215825132251273, "model__learning_rate": 0.2896486113568598, "model__max_depth": 5.8756401588219935, "model__n_estimators": 28.9408601710733, "model__reg_lambda": 4.278526057129378}, "datetime": {"datetime": "2021-03-24 18:59:22", "elapsed": 75.617646, "delta": 1.18439}}
{"target": -0.30490832681889124, "params": {"model__colsample_bylevel": 1.0, "model__colsample_bynode": 1.0, "model__colsample_bytree": 1.0, "model__learning_rate": 0.3, "model__max_depth": 3.098974608169019, "model__n_estimators": 28.152362545526593, "model__reg_lambda": 8.969581178612145}, "datetime": {"datetime": "2021-03-24 18:59:23", "elapsed": 76.829836, "delta": 1.21219}}
{"target": -0.2906323679797925, "params": {"model__colsample_bylevel": 0.30629973368925106, "model__colsample_bynode": 0.9899053183361084, "model__colsample_bytree": 0.4583666128685681, "model__learning_rate": 0.29558577764833155, "model__max_depth": 3.2530792837510445, "model__n_estimators": 29.935470026377587, "model__reg_lambda": 0.1416207949263515}, "datetime": {"datetime": "2021-03-24 18:59:24", "elapsed": 77.932006, "delta": 1.10217}}
{"target": -0.31005551910358553, "params": {"model__colsample_bylevel": 0.8974261019985035, "model__colsample_bynode": 0.9280435170489991, "model__colsample_bytree": 0.3376991393071663, "model__learning_rate": 0.29728680973242727, "model__max_depth": 7.793546352844001, "model__n_estimators": 25.557605448286004, "model__reg_lambda": 5.94803141553879}, "datetime": {"datetime": "2021-03-24 18:59:25", "elapsed": 79.0595, "delta": 1.127494}}
{"target": -0.3016316563427529, "params": {"model__colsample_bylevel": 0.9516326778897388, "model__colsample_bynode": 0.8722185884439277, "model__colsample_bytree": 0.3740332099018058, "model__learning_rate": 0.25275511747805096, "model__max_depth": 7.85016832901031, "model__n_estimators": 29.921484328536543, "model__reg_lambda": 4.335514446568376}, "datetime": {"datetime": "2021-03-24 18:59:26", "elapsed": 80.268926, "delta": 1.209426}}
{"target": -0.30072941531703906, "params": {"model__colsample_bylevel": 0.30000000006791566, "model__colsample_bynode": 1.0, "model__colsample_bytree": 0.9999999990613162, "model__learning_rate": 0.3, "model__max_depth": 7.9711968438443614, "model__n_estimators": 27.74506782163858, "model__reg_lambda": 10.0}, "datetime": {"datetime": "2021-03-24 18:59:27", "elapsed": 81.259465, "delta": 0.990539}}
{"target": -0.2814089507053511, "params": {"model__colsample_bylevel": 0.9061681273199444, "model__colsample_bynode": 0.8849609761406683, "model__colsample_bytree": 0.3307743595803537, "model__learning_rate": 0.2901765158710239, "model__max_depth": 7.0176867667183735, "model__n_estimators": 26.800251249667344, "model__reg_lambda": 1.9864717085831396}, "datetime": {"datetime": "2021-03-24 18:59:29", "elapsed": 82.594119, "delta": 1.334654}}
{"target": -0.29447056526601634, "params": {"model__colsample_bylevel": 0.9534961470874965, "model__colsample_bynode": 0.8996353323175168, "model__colsample_bytree": 0.9115433182552637, "model__learning_rate": 0.29607570144793843, "model__max_depth": 4.411687031113065, "model__n_estimators": 29.90678960313603, "model__reg_lambda": 8.837653033351172}, "datetime": {"datetime": "2021-03-24 18:59:30", "elapsed": 83.747966, "delta": 1.153847}}
{"target": -0.3105691009700514, "params": {"model__colsample_bylevel": 0.9721396520087924, "model__colsample_bynode": 0.38909887910710006, "model__colsample_bytree": 0.31429892198235515, "model__learning_rate": 0.28629073607832634, "model__max_depth": 7.694634699121242, "model__n_estimators": 27.50006273996222, "model__reg_lambda": 1.4648363881813498}, "datetime": {"datetime": "2021-03-24 18:59:31", "elapsed": 84.791237, "delta": 1.043271}}
{"target": -0.3145851474670369, "params": {"model__colsample_bylevel": 0.4403465355236119, "model__colsample_bynode": 0.9372857513875803, "model__colsample_bytree": 0.35130908894265434, "model__learning_rate": 0.29615139538410323, "model__max_depth": 7.362049805887654, "model__n_estimators": 25.283014392569903, "model__reg_lambda": 3.9042957196519454}, "datetime": {"datetime": "2021-03-24 18:59:32", "elapsed": 86.39162, "delta": 1.600383}}
