{"target": -0.30406632970249203, "params": {"model__colsample_bylevel": 1.0, "model__colsample_bynode": 1.0, "model__colsample_bytree": 1.0, "model__learning_rate": 0.3, "model__max_depth": 2.0, "model__n_estimators": 17.264661422775685, "model__reg_lambda": 1.3257668984535786}, "datetime": {"datetime": "2021-03-24 18:54:04", "elapsed": 237.876824, "delta": 1.691489}}
{"target": -0.34777695915418805, "params": {"model__colsample_bylevel": 0.3, "model__colsample_bynode": 1.0, "model__colsample_bytree": 0.3, "model__learning_rate": 0.3, "model__max_depth": 8.0, "model__n_estimators": 15.32944749065039, "model__reg_lambda": 2.9981336252279447}, "datetime": {"datetime": "2021-03-24 18:54:06", "elapsed": 239.751727, "delta": 1.874903}}
{"target": -0.32751544798332927, "params": {"model__colsample_bylevel": 0.3825176843525387, "model__colsample_bynode": 0.4709106397886037, "model__colsample_bytree": 0.9931921705201281, "model__learning_rate": 0.29473283104978376, "model__max_depth": 5.786400028477953, "model__n_estimators": 18.52324298215455, "model__reg_lambda": 1.0113835865767573}, "datetime": {"datetime": "2021-03-24 18:54:07", "elapsed": 241.154291, "delta": 1.402564}}
{"target": -0.29161739216331206, "params": {"model__colsample_bylevel": 0.34729127959841183, "model__colsample_bynode": 0.876651513199838, "model__colsample_bytree": 0.9315123629398956, "model__learning_rate": 0.29760482478159356, "model__max_depth": 7.700622894598103, "model__n_estimators": 26.25424680458123, "model__reg_lambda": 3.983610636276792}, "datetime": {"datetime": "2021-03-24 18:54:09", "elapsed": 242.94376, "delta": 1.789469}}
{"target": -0.29942207757579303, "params": {"model__colsample_bylevel": 0.915780027081674, "model__colsample_bynode": 0.31932874351267093, "model__colsample_bytree": 0.3234230508353575, "model__learning_rate": 0.29615746804836374, "model__max_depth": 6.902905486871488, "model__n_estimators": 29.3942385550151, "model__reg_lambda": 0.0624435413542801}, "datetime": {"datetime": "2021-03-24 18:54:10", "elapsed": 244.531636, "delta": 1.587876}}
{"target": -0.26928969345247855, "params": {"model__colsample_bylevel": 0.31016500973114997, "model__colsample_bynode": 0.34977066125383616, "model__colsample_bytree": 0.7566778826288341, "model__learning_rate": 0.2905548276751967, "model__max_depth": 5.063466073141684, "model__n_estimators": 26.510274421753085, "model__reg_lambda": 0.9662851650043447}, "datetime": {"datetime": "2021-03-24 18:54:12", "elapsed": 245.931342, "delta": 1.399706}}
