{"target": -0.3259194032707508, "params": {"model__colsample_bylevel": 0.989249493074537, "model__colsample_bynode": 0.9326777857851036, "model__colsample_bytree": 0.943918413953412, "model__learning_rate": 0.2852219866280671, "model__max_depth": 7.9717528859856825, "model__n_estimators": 20.026225697199017, "model__reg_lambda": 8.771764596168076}, "datetime": {"datetime": "2021-03-24 18:50:39", "elapsed": 32.752522, "delta": 1.239816}}
{"target": -0.2992615166788354, "params": {"model__colsample_bylevel": 0.3, "model__colsample_bynode": 0.3, "model__colsample_bytree": 0.3, "model__learning_rate": 0.3, "model__max_depth": 7.999999999999769, "model__n_estimators": 29.96284810984054, "model__reg_lambda": 4.8512746912158065}, "datetime": {"datetime": "2021-03-24 18:50:40", "elapsed": 34.357169, "delta": 1.604647}}
{"target": -0.279201879552768, "params": {"model__colsample_bylevel": 1.0, "model__colsample_bynode": 0.8965958912097611, "model__colsample_bytree": 0.3, "model__learning_rate": 0.3, "model__max_depth": 4.361819298617781, "model__n_estimators": 30.0, "model__reg_lambda": 4.531592748965862}, "datetime": {"datetime": "2021-03-24 18:50:41", "elapsed": 35.564818, "delta": 1.207649}}
{"target": -0.3215376726139937, "params": {"model__colsample_bylevel": 0.3, "model__colsample_bynode": 0.3, "model__colsample_bytree": 1.0, "model__learning_rate": 0.3, "model__max_depth": 7.696691823649014, "model__n_estimators": 21.735541841471232, "model__reg_lambda": 1.3854086756507848}, "datetime": {"datetime": "2021-03-24 18:50:43", "elapsed": 36.667314, "delta": 1.102496}}
{"target": -0.33224566319984367, "params": {"model__colsample_bylevel": 1.0, "model__colsample_bynode": 0.3, "model__colsample_bytree": 0.3, "model__learning_rate": 0.3, "model__max_depth": 6.279528587208856, "model__n_estimators": 30.0, "model__reg_lambda": 10.0}, "datetime": {"datetime": "2021-03-24 18:50:44", "elapsed": 37.760871, "delta": 1.093557}}
{"target": -0.30539535874774193, "params": {"model__colsample_bylevel": 0.8356283582903374, "model__colsample_bynode": 0.989351650338566, "model__colsample_bytree": 0.9419105528158298, "model__learning_rate": 0.29902100616279936, "model__max_depth": 2.215355371139668, "model__n_estimators": 27.67829374706196, "model__reg_lambda": 6.697370966476987}, "datetime": {"datetime": "2021-03-24 18:50:45", "elapsed": 38.792509, "delta": 1.031638}}
{"target": -0.28884054739247544, "params": {"model__colsample_bylevel": 0.9853804507361539, "model__colsample_bynode": 0.6641995504754831, "model__colsample_bytree": 0.9883139657254985, "model__learning_rate": 0.21995002297742255, "model__max_depth": 2.1380697163215605, "model__n_estimators": 29.941883091387332, "model__reg_lambda": 1.6617789426337393}, "datetime": {"datetime": "2021-03-24 18:50:46", "elapsed": 39.939284, "delta": 1.146775}}
{"target": -0.29405331846125815, "params": {"model__colsample_bylevel": 0.9205584398546816, "model__colsample_bynode": 0.3848276792552289, "model__colsample_bytree": 0.34163329142538235, "model__learning_rate": 0.2999492797881407, "model__max_depth": 7.955984053791897, "model__n_estimators": 29.25420990091935, "model__reg_lambda": 1.9643138432529894}, "datetime": {"datetime": "2021-03-24 18:50:47", "elapsed": 41.168328, "delta": 1.229044}}
{"target": -0.28020957909521066, "params": {"model__colsample_bylevel": 0.9412787927251789, "model__colsample_bynode": 0.9820999621161952, "model__colsample_bytree": 0.9252227395048858, "model__learning_rate": 0.2737027993456174, "model__max_depth": 2.666710737454258, "model__n_estimators": 28.657629049474664, "model__reg_lambda": 3.686067759093512}, "datetime": {"datetime": "2021-03-24 18:50:48", "elapsed": 42.213798, "delta": 1.04547}}
{"target": -0.3044483481279567, "params": {"model__colsample_bylevel": 1.0, "model__colsample_bynode": 1.0, "model__colsample_bytree": 0.3, "model__learning_rate": 0.3, "model__max_depth": 3.4185337044007973, "model__n_estimators": 16.384501890292977, "model__reg_lambda": 0.032753337031424246}, "datetime": {"datetime": "2021-03-24 18:50:49", "elapsed": 43.449514, "delta": 1.235716}}
{"target": -0.31339686130699906, "params": {"model__colsample_bylevel": 0.9293611828090529, "model__colsample_bynode": 0.5681640624421243, "model__colsample_bytree": 0.7557552013233875, "model__learning_rate": 0.260265951241777, "model__max_depth": 2.0395431072849712, "model__n_estimators": 29.874744633095734, "model__reg_lambda": 7.015613315889295}, "datetime": {"datetime": "2021-03-24 18:50:51", "elapsed": 44.714178, "delta": 1.264664}}
{"target": -0.3605129743372833, "params": {"model__colsample_bylevel": 1.0, "model__colsample_bynode": 1.0, "model__colsample_bytree": 1.0, "model__learning_rate": 0.3, "model__max_depth": 5.3082442768798375, "model__n_estimators": 15.0, "model__reg_lambda": 10.0}, "datetime": {"datetime": "2021-03-24 18:50:52", "elapsed": 46.064024, "delta": 1.349846}}
{"target": -0.3081022166964207, "params": {"model__colsample_bylevel": 0.9999999999994511, "model__colsample_bynode": 1.0, "model__colsample_bytree": 1.0, "model__learning_rate": 0.3, "model__max_depth": 6.777786015559741, "model__n_estimators": 21.308184710235633, "model__reg_lambda": 6.878983910455227}, "datetime": {"datetime": "2021-03-24 18:50:53", "elapsed": 47.211081, "delta": 1.147057}}
{"target": -0.3220195951959307, "params": {"model__colsample_bylevel": 0.891765042751733, "model__colsample_bynode": 0.9199870896521603, "model__colsample_bytree": 0.31898841465429095, "model__learning_rate": 0.28395529425258287, "model__max_depth": 7.724428944006614, "model__n_estimators": 29.087387436604683, "model__reg_lambda": 9.27865456822447}, "datetime": {"datetime": "2021-03-24 18:50:54", "elapsed": 48.387314, "delta": 1.176233}}
{"target": -0.32434218567323647, "params": {"model__colsample_bylevel": 0.9021419537162808, "model__colsample_bynode": 1.0, "model__colsample_bytree": 1.0, "model__learning_rate": 0.3, "model__max_depth": 8.0, "model__n_estimators": 17.310905964715893, "model__reg_lambda": 5.943135415637814}, "datetime": {"datetime": "2021-03-24 18:50:55", "elapsed": 49.50763, "delta": 1.120316}}
{"target": -0.25998892352352787, "params": {"model__colsample_bylevel": 0.6504571160777408, "model__colsample_bynode": 0.31623220258404805, "model__colsample_bytree": 0.7253949704305531, "model__learning_rate": 0.2909211546921916, "model__max_depth": 7.765016385787286, "model__n_estimators": 25.08127863146174, "model__reg_lambda": 0.4285625211516564}, "datetime": {"datetime": "2021-03-24 18:50:57", "elapsed": 50.650696, "delta": 1.143066}}
{"target": -0.28647093652305533, "params": {"model__colsample_bylevel": 1.0, "model__colsample_bynode": 0.31493132858241774, "model__colsample_bytree": 1.0, "model__learning_rate": 0.3, "model__max_depth": 4.209284092984762, "model__n_estimators": 23.643453291813156, "model__reg_lambda": 0.0050920495093162285}, "datetime": {"datetime": "2021-03-24 18:50:58", "elapsed": 51.747165, "delta": 1.096469}}
{"target": -0.30328739694508633, "params": {"model__colsample_bylevel": 1.0, "model__colsample_bynode": 1.0, "model__colsample_bytree": 1.0, "model__learning_rate": 0.3, "model__max_depth": 2.2114157278236406, "model__n_estimators": 23.47116394987038, "model__reg_lambda": 5.582141447024009}, "datetime": {"datetime": "2021-03-24 18:50:59", "elapsed": 53.027096, "delta": 1.279931}}
{"target": -0.28846906423720575, "params": {"model__colsample_bylevel": 0.3, "model__colsample_bynode": 0.9999999998467126, "model__colsample_bytree": 1.0, "model__learning_rate": 0.3, "model__max_depth": 7.999999999600082, "model__n_estimators": 28.806619396832502, "model__reg_lambda": 6.117742203468878}, "datetime": {"datetime": "2021-03-24 18:51:00", "elapsed": 54.268075, "delta": 1.240979}}
{"target": -0.2805425094280298, "params": {"model__colsample_bylevel": 0.9150794554411708, "model__colsample_bynode": 0.3048028800283179, "model__colsample_bytree": 0.946549695600887, "model__learning_rate": 0.28091827039953765, "model__max_depth": 5.033866476725629, "model__n_estimators": 29.5933136242778, "model__reg_lambda": 3.1799415794152255}, "datetime": {"datetime": "2021-03-24 18:51:01", "elapsed": 55.499639, "delta": 1.231564}}
{"target": -0.2964751571214393, "params": {"model__colsample_bylevel": 0.350332179318806, "model__colsample_bynode": 0.95092255350984, "model__colsample_bytree": 0.3078937186277935, "model__learning_rate": 0.2963932160544348, "model__max_depth": 3.9663542368425926, "model__n_estimators": 23.162394175693812, "model__reg_lambda": 0.4104349112919603}, "datetime": {"datetime": "2021-03-24 18:51:03", "elapsed": 56.89697, "delta": 1.397331}}
{"target": -0.3030634218978736, "params": {"model__colsample_bylevel": 0.36061070203017354, "model__colsample_bynode": 0.419847391630532, "model__colsample_bytree": 0.30811084698240243, "model__learning_rate": 0.2948201725939418, "model__max_depth": 6.371079844641652, "model__n_estimators": 18.579820817991028, "model__reg_lambda": 0.2461576546350941}, "datetime": {"datetime": "2021-03-24 18:51:04", "elapsed": 58.031076, "delta": 1.134106}}
{"target": -0.3766762261062968, "params": {"model__colsample_bylevel": 0.4027913696666035, "model__colsample_bynode": 0.9079919365554558, "model__colsample_bytree": 0.9982691621114272, "model__learning_rate": 0.11270674581787424, "model__max_depth": 2.020356406397679, "model__n_estimators": 28.666303562209187, "model__reg_lambda": 0.3225670700756178}, "datetime": {"datetime": "2021-03-24 18:51:05", "elapsed": 59.171221, "delta": 1.140145}}
{"target": -0.32579263347180804, "params": {"model__colsample_bylevel": 1.0, "model__colsample_bynode": 1.0, "model__colsample_bytree": 1.0, "model__learning_rate": 0.3, "model__max_depth": 4.296231480689297, "model__n_estimators": 16.970118291915462, "model__reg_lambda": 1.7239740012365732}, "datetime": {"datetime": "2021-03-24 18:51:06", "elapsed": 60.542213, "delta": 1.370992}}
{"target": -0.29446201412061207, "params": {"model__colsample_bylevel": 0.47308009567955656, "model__colsample_bynode": 0.5909153835811705, "model__colsample_bytree": 0.978213103252493, "model__learning_rate": 0.2995163327670689, "model__max_depth": 7.808421685345465, "model__n_estimators": 25.285083253283418, "model__reg_lambda": 3.1044205268174405}, "datetime": {"datetime": "2021-03-24 18:51:08", "elapsed": 62.116633, "delta": 1.57442}}
{"target": -0.3366500780020125, "params": {"model__colsample_bylevel": 1.0, "model__colsample_bynode": 0.3, "model__colsample_bytree": 0.3, "model__learning_rate": 0.3, "model__max_depth": 8.0, "model__n_estimators": 19.19120651395345, "model__reg_lambda": 2.9194033845182035}, "datetime": {"datetime": "2021-03-24 18:51:09", "elapsed": 63.47422, "delta": 1.357587}}
{"target": -0.31159950606896125, "params": {"model__colsample_bylevel": 1.0, "model__colsample_bynode": 1.0, "model__colsample_bytree": 1.0, "model__learning_rate": 0.3, "model__max_depth": 4.588022327405348, "model__n_estimators": 28.011641566144085, "model__reg_lambda": 10.0}, "datetime": {"datetime": "2021-03-24 18:51:11", "elapsed": 64.696819, "delta": 1.222599}}
{"target": -0.32068839135809224, "params": {"model__colsample_bylevel": 0.9945485866993018, "model__colsample_bynode": 0.4974370175182498, "model__colsample_bytree": 0.4227907297266623, "model__learning_rate": 0.13328855706902681, "model__max_depth": 3.070725218989691, "model__n_estimators": 29.793553239065126, "model__reg_lambda": 0.1829547548312771}, "datetime": {"datetime": "2021-03-24 18:51:12", "elapsed": 65.718375, "delta": 1.021556}}
{"target": -0.2881735329499361, "params": {"model__colsample_bylevel": 0.5031044414139058, "model__colsample_bynode": 0.43357017743538917, "model__colsample_bytree": 0.9506289295667958, "model__learning_rate": 0.24934323755608537, "model__max_depth": 7.0801075334811605, "model__n_estimators": 29.81322767257929, "model__reg_lambda": 2.781440594629674}, "datetime": {"datetime": "2021-03-24 18:51:13", "elapsed": 66.680607, "delta": 0.962232}}
{"target": -0.30000657821006643, "params": {"model__colsample_bylevel": 0.30026570365809463, "model__colsample_bynode": 0.7653296601985152, "model__colsample_bytree": 0.8268448935121397, "model__learning_rate": 0.2998670059944325, "model__max_depth": 7.864509972525137, "model__n_estimators": 29.94036031072597, "model__reg_lambda": 0.9374042811982342}, "datetime": {"datetime": "2021-03-24 18:51:14", "elapsed": 67.948761, "delta": 1.268154}}
{"target": -0.29348565484970757, "params": {"model__colsample_bylevel": 0.32679938429071187, "model__colsample_bynode": 0.6565087797243083, "model__colsample_bytree": 0.4755715778348167, "model__learning_rate": 0.2987237163147979, "model__max_depth": 5.018392955003986, "model__n_estimators": 29.999545750993953, "model__reg_lambda": 1.6687971646388}, "datetime": {"datetime": "2021-03-24 18:51:15", "elapsed": 69.103694, "delta": 1.154933}}
{"target": -0.26424010701842804, "params": {"model__colsample_bylevel": 0.8283625049358542, "model__colsample_bynode": 0.9236839324839987, "model__colsample_bytree": 1.0, "model__learning_rate": 0.3, "model__max_depth": 3.164917933955043, "model__n_estimators": 25.732188345644204, "model__reg_lambda": 1.6235429292646022}, "datetime": {"datetime": "2021-03-24 18:51:16", "elapsed": 70.347564, "delta": 1.24387}}
{"target": -0.3244024152597547, "params": {"model__colsample_bylevel": 1.0, "model__colsample_bynode": 0.3, "model__colsample_bytree": 1.0, "model__learning_rate": 0.3, "model__max_depth": 3.7700181331240583, "model__n_estimators": 19.336658422829757, "model__reg_lambda": 10.0}, "datetime": {"datetime": "2021-03-24 18:51:18", "elapsed": 71.767741, "delta": 1.420177}}
{"target": -0.30051811096575654, "params": {"model__colsample_bylevel": 0.3581452917223197, "model__colsample_bynode": 0.3775653437849884, "model__colsample_bytree": 0.9431460834483709, "model__learning_rate": 0.2845903762269678, "model__max_depth": 4.672046321171134, "model__n_estimators": 28.803368516499535, "model__reg_lambda": 5.7642966211156565}, "datetime": {"datetime": "2021-03-24 18:51:19", "elapsed": 72.898403, "delta": 1.130662}}
{"target": -0.3026744721990089, "params": {"model__colsample_bylevel": 0.8461383697385678, "model__colsample_bynode": 0.8207404623295975, "model__colsample_bytree": 0.9351196397034831, "model__learning_rate": 0.295531343334132, "model__max_depth": 3.732252014518223, "model__n_estimators": 27.688125899313803, "model__reg_lambda": 1.2882354022355214}, "datetime": {"datetime": "2021-03-24 18:51:20", "elapsed": 74.206733, "delta": 1.30833}}
{"target": -0.32619072431900903, "params": {"model__colsample_bylevel": 0.3907505511744279, "model__colsample_bynode": 1.0, "model__colsample_bytree": 1.0, "model__learning_rate": 0.3, "model__max_depth": 2.0, "model__n_estimators": 27.541760075848526, "model__reg_lambda": 10.0}, "datetime": {"datetime": "2021-03-24 18:51:22", "elapsed": 75.668244, "delta": 1.461511}}
{"target": -0.29249433902719907, "params": {"model__colsample_bylevel": 0.3, "model__colsample_bynode": 0.9738400254194551, "model__colsample_bytree": 0.3037533102590707, "model__learning_rate": 0.3, "model__max_depth": 2.55437904663451, "model__n_estimators": 20.51947370348073, "model__reg_lambda": 0.0}, "datetime": {"datetime": "2021-03-24 18:51:23", "elapsed": 77.038488, "delta": 1.370244}}
{"target": -0.304227399754176, "params": {"model__colsample_bylevel": 0.45851375985409204, "model__colsample_bynode": 0.5413938891212831, "model__colsample_bytree": 0.8638378348555527, "model__learning_rate": 0.29496025526680575, "model__max_depth": 7.873539662981338, "model__n_estimators": 27.96317832631249, "model__reg_lambda": 9.905626587370943}, "datetime": {"datetime": "2021-03-24 18:51:24", "elapsed": 78.295283, "delta": 1.256795}}
{"target": -0.27309746831770226, "params": {"model__colsample_bylevel": 0.5449242111957144, "model__colsample_bynode": 0.3770507076290247, "model__colsample_bytree": 0.31405580837306873, "model__learning_rate": 0.29979780403080586, "model__max_depth": 6.382496769577505, "model__n_estimators": 26.235685073153448, "model__reg_lambda": 0.15056380384394386}, "datetime": {"datetime": "2021-03-24 18:51:26", "elapsed": 79.769648, "delta": 1.474365}}
{"target": -0.3139183661471917, "params": {"model__colsample_bylevel": 0.30000000003658067, "model__colsample_bynode": 0.33892452596734485, "model__colsample_bytree": 0.9999999999985095, "model__learning_rate": 0.3, "model__max_depth": 7.512784561725228, "model__n_estimators": 26.591817668832093, "model__reg_lambda": 1.0840932241528454}, "datetime": {"datetime": "2021-03-24 18:51:27", "elapsed": 81.157407, "delta": 1.387759}}
{"target": -0.3252839013846402, "params": {"model__colsample_bylevel": 1.0, "model__colsample_bynode": 1.0, "model__colsample_bytree": 0.3, "model__learning_rate": 0.3, "model__max_depth": 7.611521363219036, "model__n_estimators": 24.731950035114615, "model__reg_lambda": 10.0}, "datetime": {"datetime": "2021-03-24 18:51:28", "elapsed": 82.318534, "delta": 1.161127}}
{"target": -0.279811172031433, "params": {"model__colsample_bylevel": 0.8633754572397991, "model__colsample_bynode": 0.9046396293629313, "model__colsample_bytree": 0.37618518669822254, "model__learning_rate": 0.2337900763259091, "model__max_depth": 7.543757963908299, "model__n_estimators": 25.315136815174476, "model__reg_lambda": 0.10190617953848347}, "datetime": {"datetime": "2021-03-24 18:51:29", "elapsed": 83.547234, "delta": 1.2287}}
{"target": -0.2785183709804002, "params": {"model__colsample_bylevel": 0.8757513154076868, "model__colsample_bynode": 0.9970188234350967, "model__colsample_bytree": 0.9628393079499942, "model__learning_rate": 0.293280681704425, "model__max_depth": 3.35120433488923, "model__n_estimators": 29.60981144303843, "model__reg_lambda": 3.1820400291203255}, "datetime": {"datetime": "2021-03-24 18:51:31", "elapsed": 84.636331, "delta": 1.089097}}
{"target": -0.2826562807366313, "params": {"model__colsample_bylevel": 0.5940944875232597, "model__colsample_bynode": 0.49075268539655476, "model__colsample_bytree": 0.36807920650984627, "model__learning_rate": 0.2862688785011885, "model__max_depth": 7.67256350484833, "model__n_estimators": 24.413765277662993, "model__reg_lambda": 0.030607822611055102}, "datetime": {"datetime": "2021-03-24 18:51:32", "elapsed": 85.662977, "delta": 1.026646}}
{"target": -0.32239971009008855, "params": {"model__colsample_bylevel": 0.8923490431251992, "model__colsample_bynode": 0.5140157780680034, "model__colsample_bytree": 0.9821145162689855, "model__learning_rate": 0.23748605289949837, "model__max_depth": 7.786022900142475, "model__n_estimators": 24.161057456507656, "model__reg_lambda": 0.05595783673317811}, "datetime": {"datetime": "2021-03-24 18:51:33", "elapsed": 86.77475, "delta": 1.111773}}
{"target": -0.2939898590569087, "params": {"model__colsample_bylevel": 0.9798154827212977, "model__colsample_bynode": 0.30603484616752086, "model__colsample_bytree": 0.4882031124142081, "model__learning_rate": 0.2703802568614082, "model__max_depth": 7.955665336849049, "model__n_estimators": 24.398683729351042, "model__reg_lambda": 0.6061276571102825}, "datetime": {"datetime": "2021-03-24 18:51:34", "elapsed": 88.028763, "delta": 1.254013}}
{"target": -0.2870386115076236, "params": {"model__colsample_bylevel": 0.5876080829914155, "model__colsample_bynode": 0.9538034620849998, "model__colsample_bytree": 0.3356585420800325, "model__learning_rate": 0.2833432370387139, "model__max_depth": 6.8034339766049445, "model__n_estimators": 29.962099938065666, "model__reg_lambda": 3.6471770706591053}, "datetime": {"datetime": "2021-03-24 18:51:35", "elapsed": 89.520776, "delta": 1.492013}}
{"target": -0.3247291639399971, "params": {"model__colsample_bylevel": 1.0, "model__colsample_bynode": 0.3, "model__colsample_bytree": 0.3, "model__learning_rate": 0.3, "model__max_depth": 2.0, "model__n_estimators": 29.99999999147229, "model__reg_lambda": 3.896068666823303}, "datetime": {"datetime": "2021-03-24 18:51:36", "elapsed": 90.554352, "delta": 1.033576}}
{"target": -0.2892821293673479, "params": {"model__colsample_bylevel": 0.30000000240741825, "model__colsample_bynode": 0.3000000012487217, "model__colsample_bytree": 0.3152805356577413, "model__learning_rate": 0.3, "model__max_depth": 5.6094356350949175, "model__n_estimators": 21.754730796022173, "model__reg_lambda": 0.0}, "datetime": {"datetime": "2021-03-24 18:51:38", "elapsed": 91.76769, "delta": 1.213338}}
{"target": -0.30489888257090597, "params": {"model__colsample_bylevel": 1.0, "model__colsample_bynode": 0.3, "model__colsample_bytree": 1.0, "model__learning_rate": 0.3, "model__max_depth": 4.831739814525088, "model__n_estimators": 18.469854663442845, "model__reg_lambda": 5.790800139578534}, "datetime": {"datetime": "2021-03-24 18:51:39", "elapsed": 93.154099, "delta": 1.386409}}
{"target": -0.30439129138189924, "params": {"model__colsample_bylevel": 1.0, "model__colsample_bynode": 0.3, "model__colsample_bytree": 1.0, "model__learning_rate": 0.3, "model__max_depth": 7.999999998657429, "model__n_estimators": 28.22619797246366, "model__reg_lambda": 7.20822846298181}, "datetime": {"datetime": "2021-03-24 18:51:40", "elapsed": 94.396469, "delta": 1.24237}}
{"target": -0.2684464047306919, "params": {"model__colsample_bylevel": 0.3389560618532136, "model__colsample_bynode": 0.9436523420966327, "model__colsample_bytree": 0.6620445718023444, "model__learning_rate": 0.27082100157281586, "model__max_depth": 2.9802243304101275, "model__n_estimators": 25.16471691658313, "model__reg_lambda": 0.016449350758366288}, "datetime": {"datetime": "2021-03-24 18:51:42", "elapsed": 95.841848, "delta": 1.445379}}
