{"target": -0.33694568338898434, "params": {"model__colsample_bylevel": 0.3, "model__colsample_bynode": 0.9999999996093476, "model__colsample_bytree": 0.3, "model__learning_rate": 0.3, "model__max_depth": 2.5125993612315423, "model__n_estimators": 29.656996606011774, "model__reg_lambda": 8.038171430411978}, "datetime": {"datetime": "2021-03-24 18:51:43", "elapsed": 96.851247, "delta": 1.009399}}
{"target": -0.3013299337132712, "params": {"model__colsample_bylevel": 0.3000000046278327, "model__colsample_bynode": 1.0, "model__colsample_bytree": 1.0, "model__learning_rate": 0.3, "model__max_depth": 8.0, "model__n_estimators": 22.242792008976664, "model__reg_lambda": 5.376278800100867}, "datetime": {"datetime": "2021-03-24 18:51:44", "elapsed": 98.084881, "delta": 1.233634}}
{"target": -0.3383772777089768, "params": {"model__colsample_bylevel": 1.0, "model__colsample_bynode": 1.0, "model__colsample_bytree": 0.3, "model__learning_rate": 0.3, "model__max_depth": 4.467413191186286, "model__n_estimators": 23.71137022222044, "model__reg_lambda": 10.0}, "datetime": {"datetime": "2021-03-24 18:51:45", "elapsed": 99.194216, "delta": 1.109335}}
{"target": -0.32555013260689386, "params": {"model__colsample_bylevel": 1.0, "model__colsample_bynode": 1.0, "model__colsample_bytree": 1.0, "model__learning_rate": 0.3, "model__max_depth": 2.0, "model__n_estimators": 25.55688331136962, "model__reg_lambda": 9.999999998711912}, "datetime": {"datetime": "2021-03-24 18:51:46", "elapsed": 100.419459, "delta": 1.225243}}
{"target": -0.3140547360570265, "params": {"model__colsample_bylevel": 1.0, "model__colsample_bynode": 0.3, "model__colsample_bytree": 0.4202987492563558, "model__learning_rate": 0.3, "model__max_depth": 3.5363579849430873, "model__n_estimators": 22.24366903725125, "model__reg_lambda": 6.969168545204562}, "datetime": {"datetime": "2021-03-24 18:51:48", "elapsed": 101.68861, "delta": 1.269151}}
{"target": -0.29294401236364376, "params": {"model__colsample_bylevel": 0.9694897186865385, "model__colsample_bynode": 0.3322573353805233, "model__colsample_bytree": 0.9205289694214547, "model__learning_rate": 0.28850124008909184, "model__max_depth": 2.6581930475443176, "model__n_estimators": 29.81518431744712, "model__reg_lambda": 9.62359804129193}, "datetime": {"datetime": "2021-03-24 18:51:49", "elapsed": 102.955523, "delta": 1.266913}}
{"target": -0.28631361921290877, "params": {"model__colsample_bylevel": 0.9952949046150281, "model__colsample_bynode": 0.9117185025858985, "model__colsample_bytree": 0.7594438722156329, "model__learning_rate": 0.2998499599418875, "model__max_depth": 3.4532826847783213, "model__n_estimators": 29.774801059041664, "model__reg_lambda": 5.815170471127638}, "datetime": {"datetime": "2021-03-24 18:51:50", "elapsed": 104.286089, "delta": 1.330566}}
{"target": -0.32949404929683584, "params": {"model__colsample_bylevel": 1.0, "model__colsample_bynode": 1.0, "model__colsample_bytree": 1.0, "model__learning_rate": 0.3, "model__max_depth": 8.0, "model__n_estimators": 15.36672134327958, "model__reg_lambda": 4.261619286750856}, "datetime": {"datetime": "2021-03-24 18:51:51", "elapsed": 105.421248, "delta": 1.135159}}
{"target": -0.28035939075407046, "params": {"model__colsample_bylevel": 0.6165223121438812, "model__colsample_bynode": 0.8658117256218785, "model__colsample_bytree": 0.9937020480195327, "model__learning_rate": 0.29316905922953285, "model__max_depth": 2.2446914260339046, "model__n_estimators": 23.724113627956484, "model__reg_lambda": 0.12418166672599984}, "datetime": {"datetime": "2021-03-24 18:51:52", "elapsed": 106.538277, "delta": 1.117029}}
{"target": -0.35415434578663085, "params": {"model__colsample_bylevel": 0.3, "model__colsample_bynode": 0.3, "model__colsample_bytree": 1.0, "model__learning_rate": 0.3, "model__max_depth": 2.664330348318364, "model__n_estimators": 22.01026601256951, "model__reg_lambda": 5.629092632032287}, "datetime": {"datetime": "2021-03-24 18:51:54", "elapsed": 107.761956, "delta": 1.223679}}
{"target": -0.28032977276657156, "params": {"model__colsample_bylevel": 1.0, "model__colsample_bynode": 1.0, "model__colsample_bytree": 1.0, "model__learning_rate": 0.3, "model__max_depth": 2.0, "model__n_estimators": 17.393981783910753, "model__reg_lambda": 0.0}, "datetime": {"datetime": "2021-03-24 18:51:55", "elapsed": 108.958432, "delta": 1.196476}}
{"target": -0.31249206706517096, "params": {"model__colsample_bylevel": 0.9642102963417358, "model__colsample_bynode": 0.8423179380319243, "model__colsample_bytree": 0.9813645525172672, "model__learning_rate": 0.29527813323969465, "model__max_depth": 4.778615836333088, "model__n_estimators": 21.116742412393535, "model__reg_lambda": 9.074892075152354}, "datetime": {"datetime": "2021-03-24 18:51:56", "elapsed": 110.185641, "delta": 1.227209}}
{"target": -0.39862320214995867, "params": {"model__colsample_bylevel": 0.3, "model__colsample_bynode": 0.3, "model__colsample_bytree": 1.0, "model__learning_rate": 0.3, "model__max_depth": 7.909406189592248, "model__n_estimators": 15.0, "model__reg_lambda": 10.0}, "datetime": {"datetime": "2021-03-24 18:51:57", "elapsed": 111.482313, "delta": 1.296672}}
{"target": -0.2813789401302937, "params": {"model__colsample_bylevel": 0.9978682104315282, "model__colsample_bynode": 0.40694993823709125, "model__colsample_bytree": 0.9589625547923817, "model__learning_rate": 0.2936969168290716, "model__max_depth": 7.546739920100153, "model__n_estimators": 26.792584754125038, "model__reg_lambda": 4.090243117787994}, "datetime": {"datetime": "2021-03-24 18:51:59", "elapsed": 112.739452, "delta": 1.257139}}
{"target": -0.323129995812095, "params": {"model__colsample_bylevel": 1.0, "model__colsample_bynode": 0.3, "model__colsample_bytree": 1.0, "model__learning_rate": 0.3, "model__max_depth": 2.0, "model__n_estimators": 30.0, "model__reg_lambda": 9.32560699777158}, "datetime": {"datetime": "2021-03-24 18:52:00", "elapsed": 114.00299, "delta": 1.263538}}
{"target": -0.34479152363913973, "params": {"model__colsample_bylevel": 1.0, "model__colsample_bynode": 0.3, "model__colsample_bytree": 0.3, "model__learning_rate": 0.3, "model__max_depth": 2.211711831592931, "model__n_estimators": 17.705714384574723, "model__reg_lambda": 1.32240476010269e-09}, "datetime": {"datetime": "2021-03-24 18:52:01", "elapsed": 115.237561, "delta": 1.234571}}
{"target": -0.2837746239235233, "params": {"model__colsample_bylevel": 0.8985074039486654, "model__colsample_bynode": 0.5036955758176843, "model__colsample_bytree": 0.9745675859312815, "model__learning_rate": 0.29589056957918397, "model__max_depth": 6.421257278343014, "model__n_estimators": 29.59111554824122, "model__reg_lambda": 5.084296573673134}, "datetime": {"datetime": "2021-03-24 18:52:02", "elapsed": 116.495188, "delta": 1.257627}}
{"target": -0.29044303518957865, "params": {"model__colsample_bylevel": 1.0, "model__colsample_bynode": 0.3, "model__colsample_bytree": 0.3, "model__learning_rate": 0.3, "model__max_depth": 7.999999994883059, "model__n_estimators": 25.988678905850882, "model__reg_lambda": 0.0}, "datetime": {"datetime": "2021-03-24 18:52:03", "elapsed": 117.588281, "delta": 1.093093}}
{"target": -0.32762162287085167, "params": {"model__colsample_bylevel": 0.5002789264853267, "model__colsample_bynode": 1.0, "model__colsample_bytree": 1.0, "model__learning_rate": 0.3, "model__max_depth": 8.0, "model__n_estimators": 17.904112616551163, "model__reg_lambda": 10.0}, "datetime": {"datetime": "2021-03-24 18:52:05", "elapsed": 118.945675, "delta": 1.357394}}
{"target": -0.30229943303991974, "params": {"model__colsample_bylevel": 0.35601839738676605, "model__colsample_bynode": 0.9889825198674771, "model__colsample_bytree": 0.9634505636419277, "model__learning_rate": 0.28714066137531596, "model__max_depth": 7.975571488935405, "model__n_estimators": 19.530733787175365, "model__reg_lambda": 3.855756217675934}, "datetime": {"datetime": "2021-03-24 18:52:06", "elapsed": 120.221441, "delta": 1.275766}}
{"target": -0.303870344140054, "params": {"model__colsample_bylevel": 0.9999999982917397, "model__colsample_bynode": 0.9244503096776618, "model__colsample_bytree": 1.0, "model__learning_rate": 0.3, "model__max_depth": 5.54134950029248, "model__n_estimators": 23.418809058563262, "model__reg_lambda": 7.118526253885499}, "datetime": {"datetime": "2021-03-24 18:52:07", "elapsed": 121.436428, "delta": 1.214987}}
{"target": -0.3201462262605344, "params": {"model__colsample_bylevel": 0.3, "model__colsample_bynode": 0.3, "model__colsample_bytree": 1.0, "model__learning_rate": 0.3, "model__max_depth": 2.0000000003632645, "model__n_estimators": 29.999999999961762, "model__reg_lambda": 0.0}, "datetime": {"datetime": "2021-03-24 18:52:09", "elapsed": 122.653061, "delta": 1.216633}}
{"target": -0.3000868130188462, "params": {"model__colsample_bylevel": 0.9331917044223171, "model__colsample_bynode": 0.7667084342988372, "model__colsample_bytree": 1.0, "model__learning_rate": 0.3, "model__max_depth": 5.943907864803717, "model__n_estimators": 19.540134173198098, "model__reg_lambda": 2.126042255393317}, "datetime": {"datetime": "2021-03-24 18:52:10", "elapsed": 123.818691, "delta": 1.16563}}
{"target": -0.28796764232460376, "params": {"model__colsample_bylevel": 0.8977407466718392, "model__colsample_bynode": 0.848530815313943, "model__colsample_bytree": 0.992775441525316, "model__learning_rate": 0.29371314778098656, "model__max_depth": 2.1774988700785105, "model__n_estimators": 26.63226275495908, "model__reg_lambda": 1.9646470738650124}, "datetime": {"datetime": "2021-03-24 18:52:11", "elapsed": 125.208741, "delta": 1.39005}}
{"target": -0.2638372397838174, "params": {"model__colsample_bylevel": 1.0, "model__colsample_bynode": 1.0, "model__colsample_bytree": 1.0, "model__learning_rate": 0.3, "model__max_depth": 2.0, "model__n_estimators": 21.106442610715778, "model__reg_lambda": 0.0}, "datetime": {"datetime": "2021-03-24 18:52:12", "elapsed": 126.428709, "delta": 1.219968}}
{"target": -0.30055385203627144, "params": {"model__colsample_bylevel": 1.0, "model__colsample_bynode": 1.0, "model__colsample_bytree": 1.0, "model__learning_rate": 0.3, "model__max_depth": 2.872439443459919, "model__n_estimators": 21.8067789562134, "model__reg_lambda": 3.4279462833563215}, "datetime": {"datetime": "2021-03-24 18:52:14", "elapsed": 127.632765, "delta": 1.204056}}
{"target": -0.27336286085778416, "params": {"model__colsample_bylevel": 0.9841023862006886, "model__colsample_bynode": 0.35050765076682455, "model__colsample_bytree": 0.6946014062469172, "model__learning_rate": 0.29277270902747865, "model__max_depth": 2.188444400370197, "model__n_estimators": 28.249051679615334, "model__reg_lambda": 0.3254467095567859}, "datetime": {"datetime": "2021-03-24 18:52:15", "elapsed": 128.650364, "delta": 1.017599}}
{"target": -0.27193154292206445, "params": {"model__colsample_bylevel": 0.3072561940721312, "model__colsample_bynode": 0.795521251607076, "model__colsample_bytree": 0.9528717542701859, "model__learning_rate": 0.2929280219900871, "model__max_depth": 7.3013859244843236, "model__n_estimators": 24.920112564873648, "model__reg_lambda": 0.9023849518259841}, "datetime": {"datetime": "2021-03-24 18:52:16", "elapsed": 129.943111, "delta": 1.292747}}
{"target": -0.28432049753078587, "params": {"model__colsample_bylevel": 0.9528734582034264, "model__colsample_bynode": 0.7784718869365201, "model__colsample_bytree": 0.8529431548290385, "model__learning_rate": 0.2988950234448484, "model__max_depth": 2.9045125963257092, "model__n_estimators": 29.7784381940591, "model__reg_lambda": 0.5268841713051697}, "datetime": {"datetime": "2021-03-24 18:52:17", "elapsed": 131.012992, "delta": 1.069881}}
{"target": -0.3149267642141279, "params": {"model__colsample_bylevel": 0.8904060173731119, "model__colsample_bynode": 0.9870896561064375, "model__colsample_bytree": 0.5354784234943982, "model__learning_rate": 0.28049282155172484, "model__max_depth": 7.810898085130386, "model__n_estimators": 27.7848118182427, "model__reg_lambda": 4.131922483042967}, "datetime": {"datetime": "2021-03-24 18:52:18", "elapsed": 132.395169, "delta": 1.382177}}
{"target": -0.3371915690270185, "params": {"model__colsample_bylevel": 1.0, "model__colsample_bynode": 1.0, "model__colsample_bytree": 1.0, "model__learning_rate": 0.3, "model__max_depth": 5.978725997427335, "model__n_estimators": 17.561291810299483, "model__reg_lambda": 10.0}, "datetime": {"datetime": "2021-03-24 18:52:19", "elapsed": 133.58668, "delta": 1.191511}}
{"target": -0.2868084451731166, "params": {"model__colsample_bylevel": 0.6969528640353766, "model__colsample_bynode": 0.30254852898993834, "model__colsample_bytree": 0.7436195837342972, "model__learning_rate": 0.29488778201416554, "model__max_depth": 4.439718630188159, "model__n_estimators": 27.80410964990032, "model__reg_lambda": 0.14179459657742477}, "datetime": {"datetime": "2021-03-24 18:52:20", "elapsed": 134.549058, "delta": 0.962378}}
{"target": -0.2972629759430318, "params": {"model__colsample_bylevel": 0.547413159621379, "model__colsample_bynode": 0.9413887712734683, "model__colsample_bytree": 0.9278337550280542, "model__learning_rate": 0.29270328681025015, "model__max_depth": 7.001386730508925, "model__n_estimators": 26.481917938559903, "model__reg_lambda": 5.930956371438546}, "datetime": {"datetime": "2021-03-24 18:52:22", "elapsed": 136.186573, "delta": 1.637515}}
{"target": -0.38167409125067614, "params": {"model__colsample_bylevel": 0.3, "model__colsample_bynode": 1.0, "model__colsample_bytree": 0.3, "model__learning_rate": 0.3, "model__max_depth": 6.582898863403505, "model__n_estimators": 15.0, "model__reg_lambda": 7.558624735939132}, "datetime": {"datetime": "2021-03-24 18:52:23", "elapsed": 137.421032, "delta": 1.234459}}
{"target": -0.28632536955427484, "params": {"model__colsample_bylevel": 0.7637317290317363, "model__colsample_bynode": 0.9807643811577429, "model__colsample_bytree": 0.9373963437254325, "model__learning_rate": 0.29943115694787203, "model__max_depth": 4.689850584022987, "model__n_estimators": 28.607592457077036, "model__reg_lambda": 3.81909692895794}, "datetime": {"datetime": "2021-03-24 18:52:25", "elapsed": 138.64139, "delta": 1.220358}}
{"target": -0.33033225533916893, "params": {"model__colsample_bylevel": 0.8350640160224896, "model__colsample_bynode": 0.40485649966307946, "model__colsample_bytree": 0.3, "model__learning_rate": 0.3, "model__max_depth": 3.524653784962956, "model__n_estimators": 28.78005613070546, "model__reg_lambda": 9.799604090210233}, "datetime": {"datetime": "2021-03-24 18:52:26", "elapsed": 140.015828, "delta": 1.374438}}
{"target": -0.3273328477101724, "params": {"model__colsample_bylevel": 0.4071455578456551, "model__colsample_bynode": 0.3175193723721554, "model__colsample_bytree": 0.9990513230341552, "model__learning_rate": 0.3, "model__max_depth": 4.8359082726431435, "model__n_estimators": 30.0, "model__reg_lambda": 9.99885113221715}, "datetime": {"datetime": "2021-03-24 18:52:27", "elapsed": 141.243859, "delta": 1.228031}}
{"target": -0.30118653440301346, "params": {"model__colsample_bylevel": 0.6779899521223238, "model__colsample_bynode": 0.31957391288152054, "model__colsample_bytree": 0.9985735381202836, "model__learning_rate": 0.2964365463929084, "model__max_depth": 6.441006954126747, "model__n_estimators": 26.801622766705332, "model__reg_lambda": 5.722947862861345}, "datetime": {"datetime": "2021-03-24 18:52:28", "elapsed": 142.521346, "delta": 1.277487}}
{"target": -0.3188834776980397, "params": {"model__colsample_bylevel": 0.495051525082853, "model__colsample_bynode": 0.7721975591158912, "model__colsample_bytree": 0.30106397640726584, "model__learning_rate": 0.2950439926068884, "model__max_depth": 5.4895954982488355, "model__n_estimators": 29.976141527833114, "model__reg_lambda": 5.759666619282642}, "datetime": {"datetime": "2021-03-24 18:52:30", "elapsed": 144.123325, "delta": 1.601979}}
{"target": -0.3800017560245064, "params": {"model__colsample_bylevel": 0.3, "model__colsample_bynode": 0.3, "model__colsample_bytree": 1.0, "model__learning_rate": 0.3, "model__max_depth": 4.411378048787031, "model__n_estimators": 15.0, "model__reg_lambda": 4.568864898350561}, "datetime": {"datetime": "2021-03-24 18:52:31", "elapsed": 145.152178, "delta": 1.028853}}
{"target": -0.28868449006948377, "params": {"model__colsample_bylevel": 0.6008234496570954, "model__colsample_bynode": 0.8668981174587409, "model__colsample_bytree": 0.8974029594590107, "model__learning_rate": 0.2730399625810852, "model__max_depth": 2.738425744731739, "model__n_estimators": 22.078127233591122, "model__reg_lambda": 0.01863475799880998}, "datetime": {"datetime": "2021-03-24 18:52:32", "elapsed": 146.468671, "delta": 1.316493}}
{"target": -0.29307931759512806, "params": {"model__colsample_bylevel": 0.4282082167332204, "model__colsample_bynode": 0.850517798086472, "model__colsample_bytree": 0.9869586506676311, "model__learning_rate": 0.2628718933002261, "model__max_depth": 2.5004864297843374, "model__n_estimators": 20.25973080535664, "model__reg_lambda": 0.052203175425584725}, "datetime": {"datetime": "2021-03-24 18:52:34", "elapsed": 147.848021, "delta": 1.37935}}
{"target": -0.338109787085188, "params": {"model__colsample_bylevel": 1.0, "model__colsample_bynode": 0.5129204418647657, "model__colsample_bytree": 1.0, "model__learning_rate": 0.3, "model__max_depth": 7.208980888103124, "model__n_estimators": 15.0, "model__reg_lambda": 7.31733911547197}, "datetime": {"datetime": "2021-03-24 18:52:35", "elapsed": 148.953136, "delta": 1.105115}}
{"target": -0.3375449822000835, "params": {"model__colsample_bylevel": 0.904981424692872, "model__colsample_bynode": 0.8692360540820421, "model__colsample_bytree": 0.8896048310799691, "model__learning_rate": 0.16944460834961053, "model__max_depth": 2.8857311873183176, "model__n_estimators": 29.744662157826873, "model__reg_lambda": 9.971910479044835}, "datetime": {"datetime": "2021-03-24 18:52:36", "elapsed": 150.272187, "delta": 1.319051}}
{"target": -0.2722670222831674, "params": {"model__colsample_bylevel": 0.30592597558012147, "model__colsample_bynode": 0.3316055983388922, "model__colsample_bytree": 0.6066988710049683, "model__learning_rate": 0.24967599494503406, "model__max_depth": 6.099798745224758, "model__n_estimators": 24.88196725787625, "model__reg_lambda": 0.3215245887974272}, "datetime": {"datetime": "2021-03-24 18:52:38", "elapsed": 151.644378, "delta": 1.372191}}
{"target": -0.29966476115354246, "params": {"model__colsample_bylevel": 1.0, "model__colsample_bynode": 0.3459967336198211, "model__colsample_bytree": 0.9619214306057791, "model__learning_rate": 0.3, "model__max_depth": 5.759130597707036, "model__n_estimators": 23.249334167963198, "model__reg_lambda": 3.007291637750595}, "datetime": {"datetime": "2021-03-24 18:52:39", "elapsed": 152.89273, "delta": 1.248352}}
{"target": -0.3045540593658992, "params": {"model__colsample_bylevel": 0.3, "model__colsample_bynode": 1.0, "model__colsample_bytree": 0.3, "model__learning_rate": 0.3, "model__max_depth": 8.0, "model__n_estimators": 15.0, "model__reg_lambda": 0.00010403649331048651}, "datetime": {"datetime": "2021-03-24 18:52:40", "elapsed": 154.283856, "delta": 1.391126}}
{"target": -0.3362285488350081, "params": {"model__colsample_bylevel": 0.9816627939945199, "model__colsample_bynode": 0.9796534672771358, "model__colsample_bytree": 0.49153522691668877, "model__learning_rate": 0.2972477862074512, "model__max_depth": 6.8646165793471985, "model__n_estimators": 20.427542480352187, "model__reg_lambda": 0.07745900444584453}, "datetime": {"datetime": "2021-03-24 18:52:41", "elapsed": 155.590157, "delta": 1.306301}}
{"target": -0.3142594306874832, "params": {"model__colsample_bylevel": 0.37222910021707, "model__colsample_bynode": 0.9254608542860638, "model__colsample_bytree": 0.8970287250568949, "model__learning_rate": 0.29272019591401677, "model__max_depth": 5.752091190142201, "model__n_estimators": 21.59229847180864, "model__reg_lambda": 5.462200857231107}, "datetime": {"datetime": "2021-03-24 18:52:43", "elapsed": 156.68407, "delta": 1.093913}}
{"target": -0.30269691950837285, "params": {"model__colsample_bylevel": 0.3104484819239466, "model__colsample_bynode": 0.9020343892741043, "model__colsample_bytree": 0.46334133424286633, "model__learning_rate": 0.2936075010479434, "model__max_depth": 7.870148114435966, "model__n_estimators": 25.991855498725545, "model__reg_lambda": 0.8099867584781939}, "datetime": {"datetime": "2021-03-24 18:52:44", "elapsed": 158.046677, "delta": 1.362607}}
{"target": -0.3066226620389067, "params": {"model__colsample_bylevel": 0.4107070594752079, "model__colsample_bynode": 0.922490157417992, "model__colsample_bytree": 0.8309556138500573, "model__learning_rate": 0.2925223706973097, "model__max_depth": 6.75552192655529, "model__n_estimators": 28.108004997320577, "model__reg_lambda": 8.68577587677008}, "datetime": {"datetime": "2021-03-24 18:52:45", "elapsed": 159.527322, "delta": 1.480645}}
{"target": -0.34198395007195465, "params": {"model__colsample_bylevel": 0.3132322100049371, "model__colsample_bynode": 0.37176436272467794, "model__colsample_bytree": 0.8189111525592603, "model__learning_rate": 0.29268881896374693, "model__max_depth": 7.9027675359603204, "model__n_estimators": 17.087703967355715, "model__reg_lambda": 0.45337041812486434}, "datetime": {"datetime": "2021-03-24 18:52:47", "elapsed": 160.651209, "delta": 1.123887}}
{"target": -0.30560560435751805, "params": {"model__colsample_bylevel": 1.0, "model__colsample_bynode": 1.0, "model__colsample_bytree": 0.3021660900845301, "model__learning_rate": 0.3, "model__max_depth": 3.5143482191122395, "model__n_estimators": 15.0, "model__reg_lambda": 0.9530737660556928}, "datetime": {"datetime": "2021-03-24 18:52:48", "elapsed": 162.003055, "delta": 1.351846}}
