{"target": -0.29322870819006064, "params": {"model__colsample_bylevel": 0.6452702426268084, "model__colsample_bynode": 0.7292129304944103, "model__colsample_bytree": 0.40961980240520657, "model__learning_rate": 0.2672360240160132, "model__max_depth": 5.658005698222228, "model__n_estimators": 29.13020380718659, "model__reg_lambda": 0.0029214038015601407}, "datetime": {"datetime": "2021-03-24 18:52:49", "elapsed": 163.277874, "delta": 1.274819}}
{"target": -0.2980247906051522, "params": {"model__colsample_bylevel": 0.30000000018623874, "model__colsample_bynode": 1.0, "model__colsample_bytree": 1.0, "model__learning_rate": 0.3, "model__max_depth": 4.3516262366677605, "model__n_estimators": 26.760748781477396, "model__reg_lambda": 7.433467744518169}, "datetime": {"datetime": "2021-03-24 18:52:50", "elapsed": 164.608025, "delta": 1.330151}}
{"target": -0.31895380308725063, "params": {"model__colsample_bylevel": 0.33535016943076473, "model__colsample_bynode": 0.8574942129247991, "model__colsample_bytree": 0.8592209984849857, "model__learning_rate": 0.2871630327707299, "model__max_depth": 4.029490936215374, "model__n_estimators": 24.727576936110573, "model__reg_lambda": 0.013739319745250667}, "datetime": {"datetime": "2021-03-24 18:52:52", "elapsed": 165.717307, "delta": 1.109282}}
{"target": -0.33544246536288136, "params": {"model__colsample_bylevel": 0.9596080923814845, "model__colsample_bynode": 0.8487784997806891, "model__colsample_bytree": 0.48166276387083307, "model__learning_rate": 0.29777485167135, "model__max_depth": 2.006303075362572, "model__n_estimators": 22.255402601157396, "model__reg_lambda": 7.251600190007697}, "datetime": {"datetime": "2021-03-24 18:52:53", "elapsed": 167.261214, "delta": 1.543907}}
{"target": -0.33195591174975875, "params": {"model__colsample_bylevel": 1.0, "model__colsample_bynode": 1.0, "model__colsample_bytree": 0.9999999997552168, "model__learning_rate": 0.3, "model__max_depth": 8.0, "model__n_estimators": 29.99999999969978, "model__reg_lambda": 0.0}, "datetime": {"datetime": "2021-03-24 18:52:54", "elapsed": 168.444052, "delta": 1.182838}}
{"target": -0.31606829577172857, "params": {"model__colsample_bylevel": 0.5135606287080485, "model__colsample_bynode": 0.7467188278354422, "model__colsample_bytree": 0.3460488623995916, "model__learning_rate": 0.29360398063844, "model__max_depth": 2.489715684210651, "model__n_estimators": 24.745360196644917, "model__reg_lambda": 0.025402466397439483}, "datetime": {"datetime": "2021-03-24 18:52:56", "elapsed": 169.831768, "delta": 1.387716}}
{"target": -0.28983108867626245, "params": {"model__colsample_bylevel": 0.3, "model__colsample_bynode": 1.0, "model__colsample_bytree": 1.0, "model__learning_rate": 0.3, "model__max_depth": 8.0, "model__n_estimators": 19.746492063921075, "model__reg_lambda": 1.1975022446125827}, "datetime": {"datetime": "2021-03-24 18:52:57", "elapsed": 171.262739, "delta": 1.430971}}
{"target": -0.2909691221498297, "params": {"model__colsample_bylevel": 1.0, "model__colsample_bynode": 1.0, "model__colsample_bytree": 0.6907670840089482, "model__learning_rate": 0.3, "model__max_depth": 2.5287938737917615, "model__n_estimators": 19.28038805516742, "model__reg_lambda": 1.0062922489897075}, "datetime": {"datetime": "2021-03-24 18:52:59", "elapsed": 172.696961, "delta": 1.434222}}
{"target": -0.2863393079568767, "params": {"model__colsample_bylevel": 0.6353188121784742, "model__colsample_bynode": 1.0, "model__colsample_bytree": 1.0, "model__learning_rate": 0.3, "model__max_depth": 4.047106165892472, "model__n_estimators": 26.816641086539725, "model__reg_lambda": 4.801198961852446}, "datetime": {"datetime": "2021-03-24 18:53:00", "elapsed": 174.109774, "delta": 1.412813}}
{"target": -0.3335997458189672, "params": {"model__colsample_bylevel": 0.3, "model__colsample_bynode": 1.0, "model__colsample_bytree": 0.3, "model__learning_rate": 0.3, "model__max_depth": 8.0, "model__n_estimators": 27.106034013310797, "model__reg_lambda": 7.488662217944188}, "datetime": {"datetime": "2021-03-24 18:53:02", "elapsed": 175.762503, "delta": 1.652729}}
{"target": -0.31063425694929736, "params": {"model__colsample_bylevel": 1.0, "model__colsample_bynode": 0.3, "model__colsample_bytree": 0.3000000009474648, "model__learning_rate": 0.3, "model__max_depth": 5.014143490278479, "model__n_estimators": 20.27436273121787, "model__reg_lambda": 0.7064759639466394}, "datetime": {"datetime": "2021-03-24 18:53:03", "elapsed": 177.2227, "delta": 1.460197}}
{"target": -0.2961438181257952, "params": {"model__colsample_bylevel": 0.5010220386259325, "model__colsample_bynode": 0.3819074854111038, "model__colsample_bytree": 0.8464850334640994, "model__learning_rate": 0.2924678538430344, "model__max_depth": 3.358357063179138, "model__n_estimators": 26.77385643053388, "model__reg_lambda": 0.38282810442715864}, "datetime": {"datetime": "2021-03-24 18:53:05", "elapsed": 178.708485, "delta": 1.485785}}
{"target": -0.27778652222212097, "params": {"model__colsample_bylevel": 0.9974571742905558, "model__colsample_bynode": 0.6423787457395796, "model__colsample_bytree": 0.9304034543795328, "model__learning_rate": 0.2867398892314316, "model__max_depth": 2.761789763232696, "model__n_estimators": 25.599034004402665, "model__reg_lambda": 0.18590473221698933}, "datetime": {"datetime": "2021-03-24 18:53:06", "elapsed": 180.178819, "delta": 1.470334}}
{"target": -0.3307266513601054, "params": {"model__colsample_bylevel": 0.3, "model__colsample_bynode": 1.0, "model__colsample_bytree": 1.0, "model__learning_rate": 0.3, "model__max_depth": 5.462716453266852, "model__n_estimators": 16.511089216934806, "model__reg_lambda": 6.9652701220427975}, "datetime": {"datetime": "2021-03-24 18:53:07", "elapsed": 181.404825, "delta": 1.226006}}
{"target": -0.28502992915775816, "params": {"model__colsample_bylevel": 0.985340210579901, "model__colsample_bynode": 0.38441417700016534, "model__colsample_bytree": 0.9854619264102267, "model__learning_rate": 0.2761061313985922, "model__max_depth": 4.511145824861787, "model__n_estimators": 29.965372895326688, "model__reg_lambda": 4.810998458551806}, "datetime": {"datetime": "2021-03-24 18:53:09", "elapsed": 182.695125, "delta": 1.2903}}
{"target": -0.3057689807877161, "params": {"model__colsample_bylevel": 0.9779277277015834, "model__colsample_bynode": 0.4323374743298004, "model__colsample_bytree": 0.4607862404227424, "model__learning_rate": 0.12481619620652332, "model__max_depth": 6.219230737770853, "model__n_estimators": 25.52100023503496, "model__reg_lambda": 0.0374920887839314}, "datetime": {"datetime": "2021-03-24 18:53:10", "elapsed": 183.798484, "delta": 1.103359}}
{"target": -0.3183804798699187, "params": {"model__colsample_bylevel": 1.0, "model__colsample_bynode": 1.0, "model__colsample_bytree": 0.9999999999944458, "model__learning_rate": 0.3, "model__max_depth": 4.986591660447114, "model__n_estimators": 18.330824599915196, "model__reg_lambda": 3.964811287268223}, "datetime": {"datetime": "2021-03-24 18:53:11", "elapsed": 185.32813, "delta": 1.529646}}
{"target": -0.28265566912697343, "params": {"model__colsample_bylevel": 0.7623078668905697, "model__colsample_bynode": 0.3113231756202831, "model__colsample_bytree": 0.3544809486571009, "model__learning_rate": 0.29997352779746883, "model__max_depth": 6.249751074293721, "model__n_estimators": 23.986410789989907, "model__reg_lambda": 1.207428948852628}, "datetime": {"datetime": "2021-03-24 18:53:12", "elapsed": 186.607641, "delta": 1.279511}}
{"target": -0.28825744356288563, "params": {"model__colsample_bylevel": 0.35872245435441075, "model__colsample_bynode": 0.35482454554481646, "model__colsample_bytree": 0.30390904120009826, "model__learning_rate": 0.29330992256040095, "model__max_depth": 7.060621668678387, "model__n_estimators": 24.871190708005862, "model__reg_lambda": 0.43981980531847986}, "datetime": {"datetime": "2021-03-24 18:53:14", "elapsed": 187.944454, "delta": 1.336813}}
{"target": -0.32879116851659285, "params": {"model__colsample_bylevel": 0.972966590662981, "model__colsample_bynode": 0.9960671766672715, "model__colsample_bytree": 0.9478674892053842, "model__learning_rate": 0.29099022885344594, "model__max_depth": 7.488219049473687, "model__n_estimators": 28.632187485285634, "model__reg_lambda": 1.1118237773856365}, "datetime": {"datetime": "2021-03-24 18:53:15", "elapsed": 189.204635, "delta": 1.260181}}
{"target": -0.2718438850638146, "params": {"model__colsample_bylevel": 0.3, "model__colsample_bynode": 0.997967335535452, "model__colsample_bytree": 0.9999999992229794, "model__learning_rate": 0.3, "model__max_depth": 5.5181279403778625, "model__n_estimators": 27.78233421213135, "model__reg_lambda": 4.877117573942548}, "datetime": {"datetime": "2021-03-24 18:53:17", "elapsed": 190.824403, "delta": 1.619768}}
{"target": -0.3400772836032337, "params": {"model__colsample_bylevel": 1.0, "model__colsample_bynode": 1.0, "model__colsample_bytree": 0.3, "model__learning_rate": 0.3, "model__max_depth": 2.8451121460481064, "model__n_estimators": 20.916984614106, "model__reg_lambda": 10.0}, "datetime": {"datetime": "2021-03-24 18:53:18", "elapsed": 192.408453, "delta": 1.58405}}
{"target": -0.3009737842854626, "params": {"model__colsample_bylevel": 0.37344268939517833, "model__colsample_bynode": 0.733112905781049, "model__colsample_bytree": 0.8745220158796225, "model__learning_rate": 0.296143816543212, "model__max_depth": 7.923148056425205, "model__n_estimators": 25.21565867664802, "model__reg_lambda": 0.026539905726813418}, "datetime": {"datetime": "2021-03-24 18:53:20", "elapsed": 193.993118, "delta": 1.584665}}
{"target": -0.3525994897226169, "params": {"model__colsample_bylevel": 0.9889544966210757, "model__colsample_bynode": 0.9993187996696014, "model__colsample_bytree": 0.3109207304795837, "model__learning_rate": 0.27670675358394525, "model__max_depth": 7.0245783973135145, "model__n_estimators": 21.302360455562663, "model__reg_lambda": 9.998502048662333}, "datetime": {"datetime": "2021-03-24 18:53:21", "elapsed": 195.393003, "delta": 1.399885}}
{"target": -0.2783223558871912, "params": {"model__colsample_bylevel": 1.0, "model__colsample_bynode": 0.9999999997972805, "model__colsample_bytree": 1.0, "model__learning_rate": 0.3, "model__max_depth": 2.815225433724609, "model__n_estimators": 23.539075047943236, "model__reg_lambda": 1.1794761651564722}, "datetime": {"datetime": "2021-03-24 18:53:23", "elapsed": 197.117224, "delta": 1.724221}}
{"target": -0.2825233296450713, "params": {"model__colsample_bylevel": 1.0, "model__colsample_bynode": 0.5856507932670596, "model__colsample_bytree": 1.0, "model__learning_rate": 0.3, "model__max_depth": 2.8509824980614678, "model__n_estimators": 28.463646289674212, "model__reg_lambda": 8.696268810345044}, "datetime": {"datetime": "2021-03-24 18:53:24", "elapsed": 198.519008, "delta": 1.401784}}
{"target": -0.29229206014019643, "params": {"model__colsample_bylevel": 0.7057461001667963, "model__colsample_bynode": 0.5363871383667653, "model__colsample_bytree": 0.982704405788817, "model__learning_rate": 0.29548778333607617, "model__max_depth": 6.443046468822678, "model__n_estimators": 24.297220133101924, "model__reg_lambda": 1.2725728920456592}, "datetime": {"datetime": "2021-03-24 18:53:26", "elapsed": 199.812173, "delta": 1.293165}}
{"target": -0.3537921935785562, "params": {"model__colsample_bylevel": 0.40690575652407784, "model__colsample_bynode": 0.9214480837809911, "model__colsample_bytree": 0.3614892676663478, "model__learning_rate": 0.2787285252801316, "model__max_depth": 7.986415953604441, "model__n_estimators": 29.93911025133086, "model__reg_lambda": 9.887684533821293}, "datetime": {"datetime": "2021-03-24 18:53:27", "elapsed": 201.050662, "delta": 1.238489}}
{"target": -0.2873465258359025, "params": {"model__colsample_bylevel": 0.3265767934411023, "model__colsample_bynode": 0.9568592340950732, "model__colsample_bytree": 0.6467800899809548, "model__learning_rate": 0.2926878734391881, "model__max_depth": 5.8843739597451306, "model__n_estimators": 28.392229471842953, "model__reg_lambda": 2.302778697490627}, "datetime": {"datetime": "2021-03-24 18:53:28", "elapsed": 202.348076, "delta": 1.297414}}
{"target": -0.33922956564490675, "params": {"model__colsample_bylevel": 0.39608092024702546, "model__colsample_bynode": 0.955732398054427, "model__colsample_bytree": 0.9446675161270421, "model__learning_rate": 0.2885652827067031, "model__max_depth": 3.4794374479774413, "model__n_estimators": 21.456443944648683, "model__reg_lambda": 9.94415249688881}, "datetime": {"datetime": "2021-03-24 18:53:30", "elapsed": 203.88498, "delta": 1.536904}}
{"target": -0.32070979198535393, "params": {"model__colsample_bylevel": 1.0, "model__colsample_bynode": 0.3, "model__colsample_bytree": 1.0, "model__learning_rate": 0.3, "model__max_depth": 5.648017928828943, "model__n_estimators": 16.186410366986824, "model__reg_lambda": 6.03011303843846}, "datetime": {"datetime": "2021-03-24 18:53:31", "elapsed": 205.282704, "delta": 1.397724}}
{"target": -0.3390853377430281, "params": {"model__colsample_bylevel": 0.8465519540151374, "model__colsample_bynode": 0.3240268346131827, "model__colsample_bytree": 0.8139912419091904, "model__learning_rate": 0.2988349755703309, "model__max_depth": 7.783843002636227, "model__n_estimators": 24.389665410347334, "model__reg_lambda": 9.967921289926675}, "datetime": {"datetime": "2021-03-24 18:53:33", "elapsed": 206.814386, "delta": 1.531682}}
{"target": -0.333481274128797, "params": {"model__colsample_bylevel": 1.0, "model__colsample_bynode": 0.3, "model__colsample_bytree": 1.0, "model__learning_rate": 0.3, "model__max_depth": 7.799558782971386, "model__n_estimators": 19.453898668505115, "model__reg_lambda": 10.0}, "datetime": {"datetime": "2021-03-24 18:53:34", "elapsed": 208.216577, "delta": 1.402191}}
{"target": -0.30330681129176496, "params": {"model__colsample_bylevel": 0.3414958667532413, "model__colsample_bynode": 0.374638028592884, "model__colsample_bytree": 0.9290171240169136, "model__learning_rate": 0.2898231245402694, "model__max_depth": 7.461581629684784, "model__n_estimators": 27.64023890064699, "model__reg_lambda": 4.558627573960838}, "datetime": {"datetime": "2021-03-24 18:53:35", "elapsed": 209.479185, "delta": 1.262608}}
{"target": -0.2976971637238276, "params": {"model__colsample_bylevel": 1.0, "model__colsample_bynode": 0.4077712830297492, "model__colsample_bytree": 1.0, "model__learning_rate": 0.3, "model__max_depth": 8.0, "model__n_estimators": 19.861998825020592, "model__reg_lambda": 4.5967746577892035}, "datetime": {"datetime": "2021-03-24 18:53:36", "elapsed": 210.584117, "delta": 1.104932}}
{"target": -0.29525965026540146, "params": {"model__colsample_bylevel": 0.9046113343757389, "model__colsample_bynode": 0.9414738195769916, "model__colsample_bytree": 0.3751769510386821, "model__learning_rate": 0.2516315487376731, "model__max_depth": 7.935466526787339, "model__n_estimators": 29.96179290298535, "model__reg_lambda": 0.01450495194702972}, "datetime": {"datetime": "2021-03-24 18:53:38", "elapsed": 212.060492, "delta": 1.476375}}
{"target": -0.32962806070007494, "params": {"model__colsample_bylevel": 0.3, "model__colsample_bynode": 1.0, "model__colsample_bytree": 1.0, "model__learning_rate": 0.3, "model__max_depth": 4.379491368652058, "model__n_estimators": 18.064125574459215, "model__reg_lambda": 9.998901034255713}, "datetime": {"datetime": "2021-03-24 18:53:39", "elapsed": 213.368523, "delta": 1.308031}}
{"target": -0.29605329439231276, "params": {"model__colsample_bylevel": 0.9794453997947148, "model__colsample_bynode": 0.9647430500412484, "model__colsample_bytree": 0.8499331055345087, "model__learning_rate": 0.23445721158030253, "model__max_depth": 2.103366653714245, "model__n_estimators": 29.966167750791165, "model__reg_lambda": 3.217888160781728}, "datetime": {"datetime": "2021-03-24 18:53:41", "elapsed": 214.73473, "delta": 1.366207}}
{"target": -0.3629361789174162, "params": {"model__colsample_bylevel": 1.0, "model__colsample_bynode": 1.0, "model__colsample_bytree": 1.0, "model__learning_rate": 0.3, "model__max_depth": 2.0, "model__n_estimators": 19.47363084927784, "model__reg_lambda": 10.0}, "datetime": {"datetime": "2021-03-24 18:53:42", "elapsed": 216.050845, "delta": 1.316115}}
{"target": -0.3095948748769698, "params": {"model__colsample_bylevel": 0.8262214338365463, "model__colsample_bynode": 0.9875258799093649, "model__colsample_bytree": 0.33495853487539395, "model__learning_rate": 0.29388404429785986, "model__max_depth": 4.551033765509121, "model__n_estimators": 18.441541199566117, "model__reg_lambda": 0.20129166083440064}, "datetime": {"datetime": "2021-03-24 18:53:43", "elapsed": 217.415053, "delta": 1.364208}}
{"target": -0.2526457695239831, "params": {"model__colsample_bylevel": 0.4224933726008848, "model__colsample_bynode": 0.999558505643329, "model__colsample_bytree": 1.0, "model__learning_rate": 0.3, "model__max_depth": 3.8317724523632766, "model__n_estimators": 26.149052148189135, "model__reg_lambda": 2.6831221732325305}, "datetime": {"datetime": "2021-03-24 18:53:45", "elapsed": 219.22146, "delta": 1.806407}}
{"target": -0.3758132434099157, "params": {"model__colsample_bylevel": 1.0, "model__colsample_bynode": 1.0, "model__colsample_bytree": 0.3, "model__learning_rate": 0.3, "model__max_depth": 2.0, "model__n_estimators": 15.0, "model__reg_lambda": 7.032863978376099}, "datetime": {"datetime": "2021-03-24 18:53:47", "elapsed": 220.831522, "delta": 1.610062}}
{"target": -0.3179463720286562, "params": {"model__colsample_bylevel": 0.49554900126548856, "model__colsample_bynode": 0.34157415143810216, "model__colsample_bytree": 1.0, "model__learning_rate": 0.3, "model__max_depth": 6.952694234976105, "model__n_estimators": 18.549047799959986, "model__reg_lambda": 4.487532765434101}, "datetime": {"datetime": "2021-03-24 18:53:48", "elapsed": 222.180759, "delta": 1.349237}}
{"target": -0.2926137730526482, "params": {"model__colsample_bylevel": 0.9877010227366056, "model__colsample_bynode": 0.7192915221800926, "model__colsample_bytree": 0.9324468944665858, "model__learning_rate": 0.29368919484044964, "model__max_depth": 6.44940471780739, "model__n_estimators": 29.25021221435428, "model__reg_lambda": 9.927763583673766}, "datetime": {"datetime": "2021-03-24 18:53:50", "elapsed": 223.684627, "delta": 1.503868}}
{"target": -0.2961265206503162, "params": {"model__colsample_bylevel": 0.8993899279999156, "model__colsample_bynode": 0.37533749874318334, "model__colsample_bytree": 0.9999218973538486, "model__learning_rate": 0.2972592628651962, "model__max_depth": 7.672458863624007, "model__n_estimators": 25.518173155502616, "model__reg_lambda": 1.0361539078407334}, "datetime": {"datetime": "2021-03-24 18:53:52", "elapsed": 225.714693, "delta": 2.030066}}
{"target": -0.283202919388524, "params": {"model__colsample_bylevel": 0.4458739523500512, "model__colsample_bynode": 0.9441897354345348, "model__colsample_bytree": 0.9526570297082959, "model__learning_rate": 0.29416467388045603, "model__max_depth": 2.730447321258249, "model__n_estimators": 27.07365662149839, "model__reg_lambda": 3.885800524580103}, "datetime": {"datetime": "2021-03-24 18:53:53", "elapsed": 226.842302, "delta": 1.127609}}
{"target": -0.2980482518456984, "params": {"model__colsample_bylevel": 0.9362387394431335, "model__colsample_bynode": 0.39307996206652396, "model__colsample_bytree": 0.3046861221075581, "model__learning_rate": 0.27657300605643564, "model__max_depth": 4.281040725151105, "model__n_estimators": 22.708829886808413, "model__reg_lambda": 0.33141883775773207}, "datetime": {"datetime": "2021-03-24 18:53:54", "elapsed": 228.544119, "delta": 1.701817}}
{"target": -0.3100088133375444, "params": {"model__colsample_bylevel": 1.0, "model__colsample_bynode": 1.0, "model__colsample_bytree": 1.0, "model__learning_rate": 0.3, "model__max_depth": 8.0, "model__n_estimators": 22.008357830781865, "model__reg_lambda": 8.896057907356923}, "datetime": {"datetime": "2021-03-24 18:53:56", "elapsed": 230.361459, "delta": 1.81734}}
{"target": -0.301440832723418, "params": {"model__colsample_bylevel": 0.30000000817731626, "model__colsample_bynode": 1.0, "model__colsample_bytree": 0.9135598020971349, "model__learning_rate": 0.3, "model__max_depth": 7.126833364374553, "model__n_estimators": 23.22066325427782, "model__reg_lambda": 3.175501104210044}, "datetime": {"datetime": "2021-03-24 18:53:58", "elapsed": 232.044293, "delta": 1.682834}}
{"target": -0.31502313928381687, "params": {"model__colsample_bylevel": 1.0, "model__colsample_bynode": 1.0, "model__colsample_bytree": 1.0, "model__learning_rate": 0.3, "model__max_depth": 2.0000003801590673, "model__n_estimators": 24.67039218228392, "model__reg_lambda": 7.545079459633175}, "datetime": {"datetime": "2021-03-24 18:53:59", "elapsed": 233.506158, "delta": 1.461865}}
{"target": -0.3120330145953736, "params": {"model__colsample_bylevel": 0.923523874031613, "model__colsample_bynode": 0.962809261514161, "model__colsample_bytree": 0.893781679872242, "model__learning_rate": 0.21115914159384408, "model__max_depth": 7.994071654894211, "model__n_estimators": 24.911482395708376, "model__reg_lambda": 5.050996991192928}, "datetime": {"datetime": "2021-03-24 18:54:01", "elapsed": 234.944895, "delta": 1.438737}}
{"target": -0.31856031580524435, "params": {"model__colsample_bylevel": 0.33154047548011095, "model__colsample_bynode": 0.996009360536285, "model__colsample_bytree": 0.8610401689750014, "model__learning_rate": 0.2933967712965885, "model__max_depth": 2.1278784023890127, "model__n_estimators": 26.107507780705376, "model__reg_lambda": 0.3917807887914493}, "datetime": {"datetime": "2021-03-24 18:54:02", "elapsed": 236.185335, "delta": 1.24044}}
