{"target": -0.31839868760822965, "params": {"model__colsample_bylevel": 0.8442678591461368, "model__colsample_bynode": 0.3977149946980818, "model__colsample_bytree": 0.6158425941754111, "model__learning_rate": 0.1245045248421828, "model__max_depth": 6.897715409068526, "model__n_estimators": 27.65234893164894, "model__reg_lambda": 1.1477505735172433}, "datetime": {"datetime": "2021-03-24 18:50:09", "elapsed": 2.635265, "delta": 0.060188}}
{"target": -0.3149330016002868, "params": {"model__colsample_bylevel": 0.8046871964072875, "model__colsample_bynode": 0.9463208373893632, "model__colsample_bytree": 0.5702216525068842, "model__learning_rate": 0.25542256115422385, "model__max_depth": 7.543314227663024, "model__n_estimators": 15.074271146872483, "model__reg_lambda": 2.7258381373747875}, "datetime": {"datetime": "2021-03-24 18:50:09", "elapsed": 2.693432, "delta": 0.058167}}
{"target": -0.4810033033210514, "params": {"model__colsample_bylevel": 0.325563385911891, "model__colsample_bynode": 0.4394342284138872, "model__colsample_bytree": 0.3078454924320954, "model__learning_rate": 0.10977990666788635, "model__max_depth": 5.896055639118223, "model__n_estimators": 19.33085301818661, "model__reg_lambda": 8.44410233607059}, "datetime": {"datetime": "2021-03-24 18:50:09", "elapsed": 2.747616, "delta": 0.054184}}
{"target": -0.3279090464520066, "params": {"model__colsample_bylevel": 0.5333078077907257, "model__colsample_bynode": 0.9449148964303926, "model__colsample_bytree": 0.39197068792833056, "model__learning_rate": 0.2098009976534188, "model__max_depth": 3.7666070082368948, "model__n_estimators": 27.09229802758709, "model__reg_lambda": 3.376766038812906}, "datetime": {"datetime": "2021-03-24 18:50:09", "elapsed": 2.805076, "delta": 0.05746}}
{"target": -0.3382842533654816, "params": {"model__colsample_bylevel": 0.38472058045866103, "model__colsample_bynode": 0.6189182754661343, "model__colsample_bytree": 0.47491716651278293, "model__learning_rate": 0.24904662090967875, "model__max_depth": 6.41552028192452, "model__n_estimators": 15.15307284998927, "model__reg_lambda": 0.029919695529196932}, "datetime": {"datetime": "2021-03-24 18:50:09", "elapsed": 2.861408, "delta": 0.056332}}
{"target": -0.3437192291311541, "params": {"model__colsample_bylevel": 0.9426044924017256, "model__colsample_bynode": 0.5260125425777793, "model__colsample_bytree": 0.5074653319167783, "model__learning_rate": 0.15418522802672452, "model__max_depth": 3.474343666196627, "model__n_estimators": 26.630539663467353, "model__reg_lambda": 2.632384799456182}, "datetime": {"datetime": "2021-03-24 18:50:09", "elapsed": 2.918663, "delta": 0.057255}}
{"target": -0.31257156183727197, "params": {"model__colsample_bylevel": 0.8032909797610204, "model__colsample_bynode": 0.7713021432027297, "model__colsample_bytree": 0.6853736563856032, "model__learning_rate": 0.23655460523720243, "model__max_depth": 3.0441975506001606, "model__n_estimators": 21.967771044500967, "model__reg_lambda": 4.939589109277965}, "datetime": {"datetime": "2021-03-24 18:50:09", "elapsed": 2.974477, "delta": 0.055814}}
{"target": -0.3465803217540994, "params": {"model__colsample_bylevel": 0.3191878877624776, "model__colsample_bynode": 0.4527668367686508, "model__colsample_bytree": 0.9533861738476699, "model__learning_rate": 0.23172885748318614, "model__max_depth": 7.871974941466348, "model__n_estimators": 20.539710627919593, "model__reg_lambda": 7.6239037960184355}, "datetime": {"datetime": "2021-03-24 18:50:09", "elapsed": 3.029657, "delta": 0.05518}}
{"target": -0.41373181560657163, "params": {"model__colsample_bylevel": 0.7197656118669662, "model__colsample_bynode": 0.7214646750503465, "model__colsample_bytree": 0.37931534877147977, "model__learning_rate": 0.14444015703665763, "model__max_depth": 2.433575141809544, "model__n_estimators": 22.57954207818872, "model__reg_lambda": 3.4509917372173025}, "datetime": {"datetime": "2021-03-24 18:50:09", "elapsed": 3.086468, "delta": 0.056811}}
{"target": -0.3191049235400515, "params": {"model__colsample_bylevel": 0.43770438267170664, "model__colsample_bynode": 0.562288016838024, "model__colsample_bytree": 0.6684847059501842, "model__learning_rate": 0.24216538663414655, "model__max_depth": 5.53982800385271, "model__n_estimators": 24.586364893849456, "model__reg_lambda": 6.03761911116279}, "datetime": {"datetime": "2021-03-24 18:50:09", "elapsed": 3.139106, "delta": 0.052638}}
{"target": -0.29817086944754734, "params": {"model__colsample_bylevel": 0.5615024327662378, "model__colsample_bynode": 0.5278880157630303, "model__colsample_bytree": 0.6927994632423486, "model__learning_rate": 0.2499326997232081, "model__max_depth": 7.515144966264312, "model__n_estimators": 27.41503748405572, "model__reg_lambda": 5.537273620404508}, "datetime": {"datetime": "2021-03-24 18:50:09", "elapsed": 3.200532, "delta": 0.061426}}
{"target": -0.31691290684503276, "params": {"model__colsample_bylevel": 0.8773753442334304, "model__colsample_bynode": 0.3197624374107063, "model__colsample_bytree": 0.8582648079772404, "model__learning_rate": 0.1398977410305498, "model__max_depth": 6.115045756510598, "model__n_estimators": 27.377846347953547, "model__reg_lambda": 3.1496308071503187}, "datetime": {"datetime": "2021-03-24 18:50:09", "elapsed": 3.264459, "delta": 0.063927}}
{"target": -0.33913308792626085, "params": {"model__colsample_bylevel": 0.5798231824380045, "model__colsample_bynode": 0.9899122285696411, "model__colsample_bytree": 0.4774952834387126, "model__learning_rate": 0.25106786479472265, "model__max_depth": 4.436357453829759, "model__n_estimators": 19.72844903945682, "model__reg_lambda": 7.705159221072094}, "datetime": {"datetime": "2021-03-24 18:50:09", "elapsed": 3.316722, "delta": 0.052263}}
{"target": -0.32103562621413256, "params": {"model__colsample_bylevel": 0.6149024037576569, "model__colsample_bynode": 0.7970601762740899, "model__colsample_bytree": 0.4555403075808654, "model__learning_rate": 0.26476738246878556, "model__max_depth": 6.3006447069266285, "model__n_estimators": 22.48861984031197, "model__reg_lambda": 7.91551010046181}, "datetime": {"datetime": "2021-03-24 18:50:09", "elapsed": 3.369006, "delta": 0.052284}}
{"target": -0.30890533763213435, "params": {"model__colsample_bylevel": 0.9437937215686736, "model__colsample_bynode": 0.8511722448868555, "model__colsample_bytree": 0.5084857837350747, "model__learning_rate": 0.24346701302396254, "model__max_depth": 5.690340786662006, "model__n_estimators": 27.619845335231588, "model__reg_lambda": 4.0456797253845265}, "datetime": {"datetime": "2021-03-24 18:50:09", "elapsed": 3.428813, "delta": 0.059807}}
{"target": -0.3369967498992016, "params": {"model__colsample_bylevel": 0.6173529449301774, "model__colsample_bynode": 0.3656352091501882, "model__colsample_bytree": 0.45305055880659917, "model__learning_rate": 0.20586849821836273, "model__max_depth": 5.173197962934258, "model__n_estimators": 25.696146745858105, "model__reg_lambda": 2.863925264426952}, "datetime": {"datetime": "2021-03-24 18:50:09", "elapsed": 3.485728, "delta": 0.056915}}
{"target": -0.43102498797402866, "params": {"model__colsample_bylevel": 0.3812502817792496, "model__colsample_bynode": 0.43107613084910207, "model__colsample_bytree": 0.6036033759584388, "model__learning_rate": 0.13710847453713484, "model__max_depth": 2.7407946095138094, "model__n_estimators": 25.875381462387566, "model__reg_lambda": 9.101677556132595}, "datetime": {"datetime": "2021-03-24 18:50:09", "elapsed": 3.544986, "delta": 0.059258}}
{"target": -0.3815950397847464, "params": {"model__colsample_bylevel": 0.3426383940311504, "model__colsample_bynode": 0.3292770968669983, "model__colsample_bytree": 0.49999974247633633, "model__learning_rate": 0.21592871225493404, "model__max_depth": 7.629568478689846, "model__n_estimators": 23.72527860523467, "model__reg_lambda": 6.7998375849329875}, "datetime": {"datetime": "2021-03-24 18:50:09", "elapsed": 3.599369, "delta": 0.054383}}
{"target": -0.35309717502323507, "params": {"model__colsample_bylevel": 1.0, "model__colsample_bynode": 1.0, "model__colsample_bytree": 1.0, "model__learning_rate": 0.3, "model__max_depth": 8.0, "model__n_estimators": 15.0, "model__reg_lambda": 10.0}, "datetime": {"datetime": "2021-03-24 18:50:10", "elapsed": 4.226942, "delta": 0.627573}}
{"target": -0.3110511651326754, "params": {"model__colsample_bylevel": 0.3506048147031671, "model__colsample_bynode": 0.5944681761684876, "model__colsample_bytree": 0.9450959492833924, "model__learning_rate": 0.2913266094271702, "model__max_depth": 7.343868452997823, "model__n_estimators": 29.8886619873198, "model__reg_lambda": 9.20990250922239}, "datetime": {"datetime": "2021-03-24 18:50:11", "elapsed": 4.880274, "delta": 0.653332}}
{"target": -0.3095254060069936, "params": {"model__colsample_bylevel": 1.0, "model__colsample_bynode": 1.0, "model__colsample_bytree": 0.3, "model__learning_rate": 0.3, "model__max_depth": 2.0, "model__n_estimators": 30.0, "model__reg_lambda": 10.0}, "datetime": {"datetime": "2021-03-24 18:50:11", "elapsed": 5.529652, "delta": 0.649378}}
{"target": -0.30951731207146155, "params": {"model__colsample_bylevel": 0.3, "model__colsample_bynode": 0.6425155546419791, "model__colsample_bytree": 1.0, "model__learning_rate": 0.3, "model__max_depth": 2.0, "model__n_estimators": 30.0, "model__reg_lambda": 4.491823907522379}, "datetime": {"datetime": "2021-03-24 18:50:12", "elapsed": 6.124345, "delta": 0.594693}}
{"target": -0.3126364407179357, "params": {"model__colsample_bylevel": 1.0, "model__colsample_bynode": 0.3, "model__colsample_bytree": 1.0, "model__learning_rate": 0.3, "model__max_depth": 8.0, "model__n_estimators": 19.153466685196015, "model__reg_lambda": 0.0}, "datetime": {"datetime": "2021-03-24 18:50:13", "elapsed": 6.907886, "delta": 0.783541}}
{"target": -0.368303186358695, "params": {"model__colsample_bylevel": 0.3, "model__colsample_bynode": 0.3, "model__colsample_bytree": 1.0, "model__learning_rate": 0.3, "model__max_depth": 8.0, "model__n_estimators": 15.0, "model__reg_lambda": 5.453092795334323}, "datetime": {"datetime": "2021-03-24 18:50:13", "elapsed": 7.526015, "delta": 0.618129}}
{"target": -0.2794251807656584, "params": {"model__colsample_bylevel": 0.3, "model__colsample_bynode": 1.0, "model__colsample_bytree": 1.0, "model__learning_rate": 0.3, "model__max_depth": 5.5310549346117055, "model__n_estimators": 30.0, "model__reg_lambda": 5.030414782917769}, "datetime": {"datetime": "2021-03-24 18:50:14", "elapsed": 8.204693, "delta": 0.678678}}
{"target": -0.3009195693461494, "params": {"model__colsample_bylevel": 1.0, "model__colsample_bynode": 1.0, "model__colsample_bytree": 1.0, "model__learning_rate": 0.3, "model__max_depth": 2.000000008694021, "model__n_estimators": 15.0, "model__reg_lambda": 0.0}, "datetime": {"datetime": "2021-03-24 18:50:15", "elapsed": 8.868609, "delta": 0.663916}}
{"target": -0.31110334879730533, "params": {"model__colsample_bylevel": 1.0, "model__colsample_bynode": 0.4881770817681134, "model__colsample_bytree": 1.0, "model__learning_rate": 0.3, "model__max_depth": 3.59218795206715, "model__n_estimators": 18.97622522049906, "model__reg_lambda": 0.0}, "datetime": {"datetime": "2021-03-24 18:50:15", "elapsed": 9.558891, "delta": 0.690282}}
{"target": -0.3007954672431114, "params": {"model__colsample_bylevel": 1.0, "model__colsample_bynode": 0.3, "model__colsample_bytree": 1.0, "model__learning_rate": 0.3, "model__max_depth": 4.739069655785008, "model__n_estimators": 15.0, "model__reg_lambda": 1.0997296000058268}, "datetime": {"datetime": "2021-03-24 18:50:16", "elapsed": 10.366592, "delta": 0.807701}}
{"target": -0.30299459463356576, "params": {"model__colsample_bylevel": 1.0, "model__colsample_bynode": 0.9304081004818389, "model__colsample_bytree": 1.0, "model__learning_rate": 0.3, "model__max_depth": 6.460435334990598, "model__n_estimators": 19.984135892161714, "model__reg_lambda": 4.985193303878085}, "datetime": {"datetime": "2021-03-24 18:50:17", "elapsed": 11.097501, "delta": 0.730909}}
{"target": -0.3149049934635843, "params": {"model__colsample_bylevel": 0.3, "model__colsample_bynode": 1.0, "model__colsample_bytree": 1.0, "model__learning_rate": 0.3, "model__max_depth": 8.0, "model__n_estimators": 15.0, "model__reg_lambda": 0.0}, "datetime": {"datetime": "2021-03-24 18:50:18", "elapsed": 11.862736, "delta": 0.765235}}
{"target": -0.4310392822476401, "params": {"model__colsample_bylevel": 0.3, "model__colsample_bynode": 0.3, "model__colsample_bytree": 1.0, "model__learning_rate": 0.3, "model__max_depth": 2.0, "model__n_estimators": 15.0, "model__reg_lambda": 10.0}, "datetime": {"datetime": "2021-03-24 18:50:18", "elapsed": 12.598295, "delta": 0.735559}}
{"target": -0.30647401352298265, "params": {"model__colsample_bylevel": 1.0, "model__colsample_bynode": 1.0, "model__colsample_bytree": 0.3, "model__learning_rate": 0.3, "model__max_depth": 8.0, "model__n_estimators": 30.0, "model__reg_lambda": 5.9054848697950275}, "datetime": {"datetime": "2021-03-24 18:50:19", "elapsed": 13.358018, "delta": 0.759723}}
{"target": -0.3091159929906059, "params": {"model__colsample_bylevel": 0.9230257371070494, "model__colsample_bynode": 0.8856042400980564, "model__colsample_bytree": 0.7480519359389537, "model__learning_rate": 0.2981766603001301, "model__max_depth": 2.78876089164633, "model__n_estimators": 23.03225873195265, "model__reg_lambda": 9.971062356697486}, "datetime": {"datetime": "2021-03-24 18:50:20", "elapsed": 14.108191, "delta": 0.750173}}
{"target": -0.37146289434850865, "params": {"model__colsample_bylevel": 0.3, "model__colsample_bynode": 0.3, "model__colsample_bytree": 1.0, "model__learning_rate": 0.3, "model__max_depth": 2.0, "model__n_estimators": 15.0, "model__reg_lambda": 0.0}, "datetime": {"datetime": "2021-03-24 18:50:21", "elapsed": 14.893458, "delta": 0.785267}}
{"target": -0.2705239350489928, "params": {"model__colsample_bylevel": 0.3, "model__colsample_bynode": 0.8557222550252721, "model__colsample_bytree": 1.0, "model__learning_rate": 0.3, "model__max_depth": 8.0, "model__n_estimators": 27.90138365245778, "model__reg_lambda": 2.869494733747516}, "datetime": {"datetime": "2021-03-24 18:50:22", "elapsed": 15.684186, "delta": 0.790728}}
{"target": -0.2986588401034933, "params": {"model__colsample_bylevel": 1.0, "model__colsample_bynode": 1.0, "model__colsample_bytree": 1.0, "model__learning_rate": 0.3, "model__max_depth": 8.0, "model__n_estimators": 26.497602698493846, "model__reg_lambda": 9.073970415614795}, "datetime": {"datetime": "2021-03-24 18:50:22", "elapsed": 16.354785, "delta": 0.670599}}
{"target": -0.33224566319984367, "params": {"model__colsample_bylevel": 0.3, "model__colsample_bynode": 1.0, "model__colsample_bytree": 0.3, "model__learning_rate": 0.3, "model__max_depth": 5.780982532173788, "model__n_estimators": 30.0, "model__reg_lambda": 10.0}, "datetime": {"datetime": "2021-03-24 18:50:23", "elapsed": 17.059545, "delta": 0.70476}}
{"target": -0.31904962869779463, "params": {"model__colsample_bylevel": 0.3, "model__colsample_bynode": 1.0, "model__colsample_bytree": 1.0, "model__learning_rate": 0.3, "model__max_depth": 8.0, "model__n_estimators": 22.822995095892384, "model__reg_lambda": 10.0}, "datetime": {"datetime": "2021-03-24 18:50:24", "elapsed": 17.772809, "delta": 0.713264}}
{"target": -0.2946767279985817, "params": {"model__colsample_bylevel": 0.30000000019527656, "model__colsample_bynode": 1.0, "model__colsample_bytree": 1.0, "model__learning_rate": 0.3, "model__max_depth": 3.8197847514473784, "model__n_estimators": 29.384402218193166, "model__reg_lambda": 1.1599861851696787}, "datetime": {"datetime": "2021-03-24 18:50:24", "elapsed": 18.555699, "delta": 0.78289}}
{"target": -0.3077023839422813, "params": {"model__colsample_bylevel": 0.8007319737209293, "model__colsample_bynode": 0.9157733520166718, "model__colsample_bytree": 0.9764222721972728, "model__learning_rate": 0.28997346053211115, "model__max_depth": 4.92070046240658, "model__n_estimators": 20.965851646003223, "model__reg_lambda": 0.32573638263614146}, "datetime": {"datetime": "2021-03-24 18:50:25", "elapsed": 19.337034, "delta": 0.781335}}
{"target": -0.3035039342453946, "params": {"model__colsample_bylevel": 1.0, "model__colsample_bynode": 1.0, "model__colsample_bytree": 1.0, "model__learning_rate": 0.3, "model__max_depth": 8.0, "model__n_estimators": 30.0, "model__reg_lambda": 10.0}, "datetime": {"datetime": "2021-03-24 18:50:26", "elapsed": 20.047001, "delta": 0.709967}}
{"target": -0.29080892337926506, "params": {"model__colsample_bylevel": 0.5083034104415711, "model__colsample_bynode": 1.0, "model__colsample_bytree": 1.0, "model__learning_rate": 0.3, "model__max_depth": 4.21161146214061, "model__n_estimators": 26.053489432287872, "model__reg_lambda": 0.0}, "datetime": {"datetime": "2021-03-24 18:50:27", "elapsed": 20.78608, "delta": 0.739079}}
{"target": -0.29635170787493564, "params": {"model__colsample_bylevel": 0.5747145710197923, "model__colsample_bynode": 0.621446607780558, "model__colsample_bytree": 0.4021530405269014, "model__learning_rate": 0.2977995026907132, "model__max_depth": 2.0250847099456766, "model__n_estimators": 29.462012803915158, "model__reg_lambda": 0.6224690120387144}, "datetime": {"datetime": "2021-03-24 18:50:27", "elapsed": 21.528262, "delta": 0.742182}}
{"target": -0.29661433978320056, "params": {"model__colsample_bylevel": 1.0, "model__colsample_bynode": 1.0, "model__colsample_bytree": 1.0, "model__learning_rate": 0.3, "model__max_depth": 7.922257075437826, "model__n_estimators": 29.999999982590214, "model__reg_lambda": 3.232493784214502}, "datetime": {"datetime": "2021-03-24 18:50:28", "elapsed": 22.210498, "delta": 0.682236}}
{"target": -0.2949260190511215, "params": {"model__colsample_bylevel": 1.0, "model__colsample_bynode": 0.3000000018449903, "model__colsample_bytree": 0.9999999986003462, "model__learning_rate": 0.3, "model__max_depth": 5.210376902595177, "model__n_estimators": 30.0, "model__reg_lambda": 1.0478186289775723e-08}, "datetime": {"datetime": "2021-03-24 18:50:29", "elapsed": 22.823182, "delta": 0.612684}}
{"target": -0.34109977727580437, "params": {"model__colsample_bylevel": 0.3, "model__colsample_bynode": 0.3, "model__colsample_bytree": 1.0, "model__learning_rate": 0.3, "model__max_depth": 8.0, "model__n_estimators": 15.000000001083151, "model__reg_lambda": 2.0903344586406627}, "datetime": {"datetime": "2021-03-24 18:50:29", "elapsed": 23.579984, "delta": 0.756802}}
{"target": -0.30078435079768245, "params": {"model__colsample_bylevel": 1.0, "model__colsample_bynode": 1.0, "model__colsample_bytree": 1.0, "model__learning_rate": 0.3, "model__max_depth": 4.140291288996645, "model__n_estimators": 30.0, "model__reg_lambda": 8.375219139736798}, "datetime": {"datetime": "2021-03-24 18:50:30", "elapsed": 24.381342, "delta": 0.801358}}
{"target": -0.3215275920981514, "params": {"model__colsample_bylevel": 0.5657316251622027, "model__colsample_bynode": 0.9590057155203326, "model__colsample_bytree": 0.9493756000080082, "model__learning_rate": 0.2752822578884583, "model__max_depth": 4.060344229457692, "model__n_estimators": 22.566147806967706, "model__reg_lambda": 8.66453356924244}, "datetime": {"datetime": "2021-03-24 18:50:31", "elapsed": 25.040708, "delta": 0.659366}}
{"target": -0.29435381997744486, "params": {"model__colsample_bylevel": 1.0, "model__colsample_bynode": 0.3, "model__colsample_bytree": 1.0, "model__learning_rate": 0.3, "model__max_depth": 4.109065194194941, "model__n_estimators": 21.72148384357157, "model__reg_lambda": 3.8859471745974523}, "datetime": {"datetime": "2021-03-24 18:50:32", "elapsed": 25.800642, "delta": 0.759934}}
{"target": -0.3307400618983514, "params": {"model__colsample_bylevel": 1.0, "model__colsample_bynode": 1.0, "model__colsample_bytree": 1.0, "model__learning_rate": 0.3, "model__max_depth": 4.87181391176347, "model__n_estimators": 15.0, "model__reg_lambda": 5.327593340065024}, "datetime": {"datetime": "2021-03-24 18:50:32", "elapsed": 26.587977, "delta": 0.787335}}
{"target": -0.3524293573155655, "params": {"model__colsample_bylevel": 1.0, "model__colsample_bynode": 1.0, "model__colsample_bytree": 1.0, "model__learning_rate": 0.3, "model__max_depth": 7.772653000969349, "model__n_estimators": 15.0, "model__reg_lambda": 2.3535620533253266e-09}, "datetime": {"datetime": "2021-03-24 18:50:33", "elapsed": 27.330619, "delta": 0.742642}}
{"target": -0.2978685003914533, "params": {"model__colsample_bylevel": 0.3, "model__colsample_bynode": 1.0, "model__colsample_bytree": 0.3, "model__learning_rate": 0.3, "model__max_depth": 8.0, "model__n_estimators": 18.888587664850593, "model__reg_lambda": 0.0}, "datetime": {"datetime": "2021-03-24 18:50:34", "elapsed": 28.145925, "delta": 0.815306}}
{"target": -0.30569461060087266, "params": {"model__colsample_bylevel": 0.691184985711407, "model__colsample_bynode": 0.3, "model__colsample_bytree": 1.0, "model__learning_rate": 0.3, "model__max_depth": 8.0, "model__n_estimators": 22.506291296157034, "model__reg_lambda": 3.2779426610803872}, "datetime": {"datetime": "2021-03-24 18:50:35", "elapsed": 29.293981, "delta": 1.148056}}
{"target": -0.4033077568841585, "params": {"model__colsample_bylevel": 0.33972283766931893, "model__colsample_bynode": 0.5441698313237976, "model__colsample_bytree": 0.4590910713864348, "model__learning_rate": 0.2975282415877992, "model__max_depth": 2.1298735319763358, "model__n_estimators": 20.050518972076027, "model__reg_lambda": 9.980205870215006}, "datetime": {"datetime": "2021-03-24 18:50:36", "elapsed": 30.468886, "delta": 1.174905}}
{"target": -0.31439592160016255, "params": {"model__colsample_bylevel": 0.3, "model__colsample_bynode": 1.0, "model__colsample_bytree": 1.0, "model__learning_rate": 0.3, "model__max_depth": 4.231861055949559, "model__n_estimators": 15.0, "model__reg_lambda": 0.0}, "datetime": {"datetime": "2021-03-24 18:50:37", "elapsed": 31.512706, "delta": 1.04382}}
