{"target": -0.28807406902019667, "params": {"model__colsample_bylevel": 0.87436010278011, "model__colsample_bynode": 0.925947745912697, "model__colsample_bytree": 0.9787647761142151, "model__learning_rate": 0.27441773951027926, "model__max_depth": 4.001370542669389, "model__n_estimators": 27.50191407795328, "model__reg_lambda": 0.08725658364412525}, "datetime": {"datetime": "2021-03-24 18:30:06", "elapsed": 37.266362, "delta": 1.161152}}
{"target": -0.29082348579422745, "params": {"model__colsample_bylevel": 0.8057308244978996, "model__colsample_bynode": 0.9335728092369722, "model__colsample_bytree": 0.3171257454981108, "model__learning_rate": 0.25777106692074636, "model__max_depth": 2.0772233771503954, "model__n_estimators": 29.431893251583183, "model__reg_lambda": 1.1757676227072744}, "datetime": {"datetime": "2021-03-24 18:30:08", "elapsed": 38.66951, "delta": 1.403148}}
{"target": -0.2977234743390421, "params": {"model__colsample_bylevel": 1.0, "model__colsample_bynode": 1.0, "model__colsample_bytree": 1.0, "model__learning_rate": 0.3, "model__max_depth": 2.0963436643408855, "model__n_estimators": 30.0, "model__reg_lambda": 7.1041134939944035}, "datetime": {"datetime": "2021-03-24 18:30:09", "elapsed": 39.695877, "delta": 1.026367}}
{"target": -0.34198587051984186, "params": {"model__colsample_bylevel": 0.3, "model__colsample_bynode": 0.3, "model__colsample_bytree": 1.0, "model__learning_rate": 0.3, "model__max_depth": 8.0, "model__n_estimators": 28.14226163833457, "model__reg_lambda": 9.165914113694186}, "datetime": {"datetime": "2021-03-24 18:30:10", "elapsed": 40.985741, "delta": 1.289864}}
{"target": -0.3089236235878754, "params": {"model__colsample_bylevel": 0.874348223524827, "model__colsample_bynode": 0.35592599909960276, "model__colsample_bytree": 0.8335917081784485, "model__learning_rate": 0.2982331416691095, "model__max_depth": 7.8976715205159636, "model__n_estimators": 25.29541171909171, "model__reg_lambda": 0.5562214591205283}, "datetime": {"datetime": "2021-03-24 18:30:11", "elapsed": 42.315325, "delta": 1.329584}}
{"target": -0.2833949157242676, "params": {"model__colsample_bylevel": 0.6827259013593441, "model__colsample_bynode": 0.6657870291889485, "model__colsample_bytree": 0.9449586594985578, "model__learning_rate": 0.3, "model__max_depth": 4.5901155462551015, "model__n_estimators": 29.76352884207289, "model__reg_lambda": 4.908511850185861}, "datetime": {"datetime": "2021-03-24 18:30:13", "elapsed": 43.651307, "delta": 1.335982}}
{"target": -0.28815692879489035, "params": {"model__colsample_bylevel": 1.0, "model__colsample_bynode": 0.3294454121204769, "model__colsample_bytree": 1.0, "model__learning_rate": 0.3, "model__max_depth": 5.989072693650992, "model__n_estimators": 20.594041714483367, "model__reg_lambda": 5.222403467190941}, "datetime": {"datetime": "2021-03-24 18:30:14", "elapsed": 44.775762, "delta": 1.124455}}
{"target": -0.3250619476556481, "params": {"model__colsample_bylevel": 0.3, "model__colsample_bynode": 1.0, "model__colsample_bytree": 0.3, "model__learning_rate": 0.3, "model__max_depth": 8.0, "model__n_estimators": 15.0, "model__reg_lambda": 1.2924982574751431e-11}, "datetime": {"datetime": "2021-03-24 18:30:15", "elapsed": 46.035912, "delta": 1.26015}}
{"target": -0.35060852150929644, "params": {"model__colsample_bylevel": 1.0, "model__colsample_bynode": 1.0, "model__colsample_bytree": 1.0, "model__learning_rate": 0.3, "model__max_depth": 7.5154861672313125, "model__n_estimators": 24.75873670217538, "model__reg_lambda": 0.0}, "datetime": {"datetime": "2021-03-24 18:30:16", "elapsed": 47.137233, "delta": 1.101321}}
{"target": -0.29461616246819333, "params": {"model__colsample_bylevel": 1.0, "model__colsample_bynode": 1.0, "model__colsample_bytree": 1.0, "model__learning_rate": 0.3, "model__max_depth": 8.0, "model__n_estimators": 30.0, "model__reg_lambda": 7.215465208456505}, "datetime": {"datetime": "2021-03-24 18:30:17", "elapsed": 48.364359, "delta": 1.227126}}
{"target": -0.3390368536283411, "params": {"model__colsample_bylevel": 0.5264945077932259, "model__colsample_bynode": 0.3199125433586203, "model__colsample_bytree": 0.8378522642290069, "model__learning_rate": 0.2971742323980243, "model__max_depth": 2.000517548863063, "model__n_estimators": 15.14835598798103, "model__reg_lambda": 0.19574349725329232}, "datetime": {"datetime": "2021-03-24 18:30:19", "elapsed": 49.549982, "delta": 1.185623}}
{"target": -0.2827072928484151, "params": {"model__colsample_bylevel": 0.30000001547095884, "model__colsample_bynode": 0.30000001549846356, "model__colsample_bytree": 0.4832128507478447, "model__learning_rate": 0.3, "model__max_depth": 6.897076412792546, "model__n_estimators": 25.51321585836134, "model__reg_lambda": 2.247851608091934}, "datetime": {"datetime": "2021-03-24 18:30:20", "elapsed": 50.768701, "delta": 1.218719}}
{"target": -0.31343376588859206, "params": {"model__colsample_bylevel": 0.3, "model__colsample_bynode": 1.0, "model__colsample_bytree": 1.0, "model__learning_rate": 0.3, "model__max_depth": 4.212926314108876, "model__n_estimators": 22.377784535412335, "model__reg_lambda": 10.0}, "datetime": {"datetime": "2021-03-24 18:30:21", "elapsed": 51.973559, "delta": 1.204858}}
{"target": -0.2886600504261509, "params": {"model__colsample_bylevel": 0.35829169408708017, "model__colsample_bynode": 0.3454123569908917, "model__colsample_bytree": 0.3462047406210268, "model__learning_rate": 0.2673436429150664, "model__max_depth": 7.936725833974793, "model__n_estimators": 21.09559251038823, "model__reg_lambda": 0.31866717203029693}, "datetime": {"datetime": "2021-03-24 18:30:22", "elapsed": 53.333406, "delta": 1.359847}}
{"target": -0.29240744341050096, "params": {"model__colsample_bylevel": 0.6494904542152078, "model__colsample_bynode": 0.9224076650104269, "model__colsample_bytree": 0.9981749812064742, "model__learning_rate": 0.28113537079266826, "model__max_depth": 3.642391558647073, "model__n_estimators": 28.426585072769512, "model__reg_lambda": 4.379062903555171}, "datetime": {"datetime": "2021-03-24 18:30:24", "elapsed": 54.47357, "delta": 1.140164}}
{"target": -0.27286119821432475, "params": {"model__colsample_bylevel": 0.3521314666102379, "model__colsample_bynode": 0.9936099899078259, "model__colsample_bytree": 0.8348066188308083, "model__learning_rate": 0.2243470475522828, "model__max_depth": 3.2928198374611197, "model__n_estimators": 29.702045056376797, "model__reg_lambda": 0.03428626230748466}, "datetime": {"datetime": "2021-03-24 18:30:25", "elapsed": 55.767785, "delta": 1.294215}}
{"target": -0.29956912471528124, "params": {"model__colsample_bylevel": 0.9737195534064298, "model__colsample_bynode": 0.3151221298078319, "model__colsample_bytree": 0.9241004897425154, "model__learning_rate": 0.2892733172963283, "model__max_depth": 2.064658124670614, "model__n_estimators": 29.73971621967936, "model__reg_lambda": 4.649078486225317}, "datetime": {"datetime": "2021-03-24 18:30:26", "elapsed": 56.77284, "delta": 1.005055}}
{"target": -0.3066467092326924, "params": {"model__colsample_bylevel": 1.0, "model__colsample_bynode": 1.0, "model__colsample_bytree": 0.3, "model__learning_rate": 0.3, "model__max_depth": 2.0, "model__n_estimators": 30.0, "model__reg_lambda": 4.651762967161657}, "datetime": {"datetime": "2021-03-24 18:30:27", "elapsed": 58.049213, "delta": 1.276373}}
{"target": -0.37479535235038053, "params": {"model__colsample_bylevel": 0.3, "model__colsample_bynode": 0.3, "model__colsample_bytree": 0.3, "model__learning_rate": 0.3, "model__max_depth": 8.0, "model__n_estimators": 15.0, "model__reg_lambda": 3.9841475794598233}, "datetime": {"datetime": "2021-03-24 18:30:28", "elapsed": 59.232613, "delta": 1.1834}}
{"target": -0.34340703897313146, "params": {"model__colsample_bylevel": 0.3, "model__colsample_bynode": 0.3, "model__colsample_bytree": 1.0, "model__learning_rate": 0.3, "model__max_depth": 4.223319124579083, "model__n_estimators": 22.022708397676293, "model__reg_lambda": 4.735165832810648}, "datetime": {"datetime": "2021-03-24 18:30:29", "elapsed": 60.435716, "delta": 1.203103}}
{"target": -0.3169783169923323, "params": {"model__colsample_bylevel": 1.0, "model__colsample_bynode": 1.0, "model__colsample_bytree": 1.0, "model__learning_rate": 0.3, "model__max_depth": 2.0, "model__n_estimators": 23.54459999070475, "model__reg_lambda": 7.068357079418179}, "datetime": {"datetime": "2021-03-24 18:30:31", "elapsed": 61.801738, "delta": 1.366022}}
{"target": -0.33064852133460776, "params": {"model__colsample_bylevel": 1.0, "model__colsample_bynode": 1.0, "model__colsample_bytree": 1.0, "model__learning_rate": 0.3, "model__max_depth": 4.305786178983287, "model__n_estimators": 24.401788282781922, "model__reg_lambda": 10.0}, "datetime": {"datetime": "2021-03-24 18:30:32", "elapsed": 63.117535, "delta": 1.315797}}
{"target": -0.2811308555977345, "params": {"model__colsample_bylevel": 0.7747173993955117, "model__colsample_bynode": 0.8168614034436532, "model__colsample_bytree": 0.3085885680947653, "model__learning_rate": 0.2960161251642666, "model__max_depth": 2.0237658072499745, "model__n_estimators": 24.607093233478395, "model__reg_lambda": 0.10655003234806504}, "datetime": {"datetime": "2021-03-24 18:30:33", "elapsed": 64.091888, "delta": 0.974353}}
{"target": -0.3174099573696815, "params": {"model__colsample_bylevel": 1.0, "model__colsample_bynode": 1.0, "model__colsample_bytree": 1.0, "model__learning_rate": 0.3, "model__max_depth": 5.827897212114578, "model__n_estimators": 17.05749472552383, "model__reg_lambda": 5.311688860892199}, "datetime": {"datetime": "2021-03-24 18:30:34", "elapsed": 65.2434, "delta": 1.151512}}
{"target": -0.29178085041779056, "params": {"model__colsample_bylevel": 0.3, "model__colsample_bynode": 0.3, "model__colsample_bytree": 1.0, "model__learning_rate": 0.3, "model__max_depth": 5.087992768730742, "model__n_estimators": 30.0, "model__reg_lambda": 1.4054731181683002}, "datetime": {"datetime": "2021-03-24 18:30:36", "elapsed": 66.479023, "delta": 1.235623}}
{"target": -0.3109723834773067, "params": {"model__colsample_bylevel": 0.9513428231285286, "model__colsample_bynode": 0.9989620439465918, "model__colsample_bytree": 0.7103939851723, "model__learning_rate": 0.2455725409145847, "model__max_depth": 7.773616620124425, "model__n_estimators": 20.760449323587213, "model__reg_lambda": 4.902530380901845}, "datetime": {"datetime": "2021-03-24 18:30:37", "elapsed": 67.762743, "delta": 1.28372}}
{"target": -0.3003684834270076, "params": {"model__colsample_bylevel": 0.9431520615595848, "model__colsample_bynode": 0.5233788752503458, "model__colsample_bytree": 0.6947612372130703, "model__learning_rate": 0.29691722746976634, "model__max_depth": 6.347306046746786, "model__n_estimators": 24.27988386588131, "model__reg_lambda": 2.1885696811137745}, "datetime": {"datetime": "2021-03-24 18:30:38", "elapsed": 69.235758, "delta": 1.473015}}
{"target": -0.31780890672487894, "params": {"model__colsample_bylevel": 0.996872550124736, "model__colsample_bynode": 0.7044428555226058, "model__colsample_bytree": 0.35299771666542784, "model__learning_rate": 0.2997483641950757, "model__max_depth": 5.01644750312119, "model__n_estimators": 29.58801231505522, "model__reg_lambda": 7.642064798912869}, "datetime": {"datetime": "2021-03-24 18:30:40", "elapsed": 70.540172, "delta": 1.304414}}
{"target": -0.3500654012032285, "params": {"model__colsample_bylevel": 0.3, "model__colsample_bynode": 1.0, "model__colsample_bytree": 1.0, "model__learning_rate": 0.3, "model__max_depth": 5.4591277830951945, "model__n_estimators": 15.0, "model__reg_lambda": 10.0}, "datetime": {"datetime": "2021-03-24 18:30:41", "elapsed": 71.744056, "delta": 1.203884}}
{"target": -0.2611861343863352, "params": {"model__colsample_bylevel": 0.33389150808957296, "model__colsample_bynode": 0.7790988851519918, "model__colsample_bytree": 0.9356269012731318, "model__learning_rate": 0.298276606945585, "model__max_depth": 5.900322725983412, "model__n_estimators": 25.887226086776224, "model__reg_lambda": 0.9108519243711322}, "datetime": {"datetime": "2021-03-24 18:30:42", "elapsed": 73.102796, "delta": 1.35874}}
{"target": -0.3013794896768176, "params": {"model__colsample_bylevel": 1.0, "model__colsample_bynode": 0.3, "model__colsample_bytree": 1.0, "model__learning_rate": 0.3, "model__max_depth": 6.208446393410809, "model__n_estimators": 18.875919525012165, "model__reg_lambda": 0.3772065945651303}, "datetime": {"datetime": "2021-03-24 18:30:43", "elapsed": 74.306312, "delta": 1.203516}}
{"target": -0.3099797782886342, "params": {"model__colsample_bylevel": 0.8540277803904671, "model__colsample_bynode": 0.9999999961970334, "model__colsample_bytree": 0.9999999949496722, "model__learning_rate": 0.3, "model__max_depth": 6.414232455380428, "model__n_estimators": 19.726338500360114, "model__reg_lambda": 5.064240122724365}, "datetime": {"datetime": "2021-03-24 18:30:45", "elapsed": 75.465726, "delta": 1.159414}}
{"target": -0.23486954967881069, "params": {"model__colsample_bylevel": 0.3, "model__colsample_bynode": 1.0, "model__colsample_bytree": 0.9999999999999306, "model__learning_rate": 0.3, "model__max_depth": 2.0, "model__n_estimators": 30.0, "model__reg_lambda": 0.0}, "datetime": {"datetime": "2021-03-24 18:30:46", "elapsed": 76.622439, "delta": 1.156713}}
{"target": -0.2679699642951533, "params": {"model__colsample_bylevel": 0.5640600089780039, "model__colsample_bynode": 0.8863011619498631, "model__colsample_bytree": 0.43230177446079415, "model__learning_rate": 0.2749335091894328, "model__max_depth": 5.792884782899208, "model__n_estimators": 27.005575018349354, "model__reg_lambda": 0.0022549577120845044}, "datetime": {"datetime": "2021-03-24 18:30:47", "elapsed": 77.926774, "delta": 1.304335}}
{"target": -0.2822510649062072, "params": {"model__colsample_bylevel": 0.4354049358797703, "model__colsample_bynode": 0.3000000496975315, "model__colsample_bytree": 1.0, "model__learning_rate": 0.3, "model__max_depth": 4.930944365549298, "model__n_estimators": 25.43983802649434, "model__reg_lambda": 2.2017467125253014}, "datetime": {"datetime": "2021-03-24 18:30:48", "elapsed": 79.26124, "delta": 1.334466}}
{"target": -0.28201417523719696, "params": {"model__colsample_bylevel": 0.6921541446847916, "model__colsample_bynode": 0.7575145107736834, "model__colsample_bytree": 0.9680958515785572, "model__learning_rate": 0.27474528873655935, "model__max_depth": 7.991076747412325, "model__n_estimators": 20.33300521509902, "model__reg_lambda": 2.173489516129198}, "datetime": {"datetime": "2021-03-24 18:30:50", "elapsed": 80.641566, "delta": 1.380326}}
{"target": -0.30115896718495566, "params": {"model__colsample_bylevel": 0.6816166912730942, "model__colsample_bynode": 0.6332095913512661, "model__colsample_bytree": 0.35919410483286096, "model__learning_rate": 0.3, "model__max_depth": 2.0, "model__n_estimators": 27.701118341555595, "model__reg_lambda": 3.0054978506106385}, "datetime": {"datetime": "2021-03-24 18:30:51", "elapsed": 81.900426, "delta": 1.25886}}
{"target": -0.3090885083312574, "params": {"model__colsample_bylevel": 0.30745461741474345, "model__colsample_bynode": 0.8548017636956022, "model__colsample_bytree": 0.4399486981536286, "model__learning_rate": 0.19384724140408371, "model__max_depth": 2.3669841822310946, "model__n_estimators": 27.832306577690794, "model__reg_lambda": 0.021933019157233113}, "datetime": {"datetime": "2021-03-24 18:30:52", "elapsed": 82.959423, "delta": 1.058997}}
{"target": -0.2934332866525359, "params": {"model__colsample_bylevel": 0.3, "model__colsample_bynode": 1.0, "model__colsample_bytree": 0.9999999999587311, "model__learning_rate": 0.3, "model__max_depth": 7.032597847262545, "model__n_estimators": 20.65306061632424, "model__reg_lambda": 0.4402904094295019}, "datetime": {"datetime": "2021-03-24 18:30:53", "elapsed": 84.234721, "delta": 1.275298}}
{"target": -0.2659642675728495, "params": {"model__colsample_bylevel": 0.9795731535437053, "model__colsample_bynode": 0.4044904604158197, "model__colsample_bytree": 0.8006059858546819, "model__learning_rate": 0.2972464953210715, "model__max_depth": 4.521799294786633, "model__n_estimators": 21.346956869960266, "model__reg_lambda": 0.0566095669435529}, "datetime": {"datetime": "2021-03-24 18:30:55", "elapsed": 85.54135, "delta": 1.306629}}
{"target": -0.35245950986577224, "params": {"model__colsample_bylevel": 1.0, "model__colsample_bynode": 1.0, "model__colsample_bytree": 0.3, "model__learning_rate": 0.3, "model__max_depth": 3.953302519344363, "model__n_estimators": 21.772521555472814, "model__reg_lambda": 10.0}, "datetime": {"datetime": "2021-03-24 18:30:56", "elapsed": 86.760587, "delta": 1.219237}}
{"target": -0.3149710020705031, "params": {"model__colsample_bylevel": 1.0, "model__colsample_bynode": 0.32558350783607487, "model__colsample_bytree": 0.3, "model__learning_rate": 0.3, "model__max_depth": 4.620904630796823, "model__n_estimators": 19.208524715639935, "model__reg_lambda": 0.2423826779195398}, "datetime": {"datetime": "2021-03-24 18:30:57", "elapsed": 87.968749, "delta": 1.208162}}
{"target": -0.2555947717419232, "params": {"model__colsample_bylevel": 0.9678238764480509, "model__colsample_bynode": 0.9401401236303308, "model__colsample_bytree": 0.8594497628458495, "model__learning_rate": 0.26129203711040494, "model__max_depth": 3.106358068153548, "model__n_estimators": 21.582291634038796, "model__reg_lambda": 0.2417120638511827}, "datetime": {"datetime": "2021-03-24 18:30:58", "elapsed": 89.152502, "delta": 1.183753}}
{"target": -0.30222271603525386, "params": {"model__colsample_bylevel": 0.9455993666027884, "model__colsample_bynode": 0.864994974765597, "model__colsample_bytree": 0.9074646630292353, "model__learning_rate": 0.2973375428940096, "model__max_depth": 4.010852413673807, "model__n_estimators": 21.72087612934939, "model__reg_lambda": 0.6577067802877667}, "datetime": {"datetime": "2021-03-24 18:30:59", "elapsed": 90.25839, "delta": 1.105888}}
{"target": -0.3125855027164832, "params": {"model__colsample_bylevel": 1.0, "model__colsample_bynode": 1.0, "model__colsample_bytree": 1.0, "model__learning_rate": 0.3, "model__max_depth": 2.0, "model__n_estimators": 26.984974213576145, "model__reg_lambda": 7.950944978706933}, "datetime": {"datetime": "2021-03-24 18:31:01", "elapsed": 91.823209, "delta": 1.564819}}
{"target": -0.3685987147529596, "params": {"model__colsample_bylevel": 0.3, "model__colsample_bynode": 1.0, "model__colsample_bytree": 1.0, "model__learning_rate": 0.3, "model__max_depth": 2.0, "model__n_estimators": 19.23987904121982, "model__reg_lambda": 10.0}, "datetime": {"datetime": "2021-03-24 18:31:02", "elapsed": 93.1621, "delta": 1.338891}}
{"target": -0.3610447065715773, "params": {"model__colsample_bylevel": 0.3, "model__colsample_bynode": 1.0, "model__colsample_bytree": 0.3, "model__learning_rate": 0.3, "model__max_depth": 2.0, "model__n_estimators": 15.0, "model__reg_lambda": 0.0}, "datetime": {"datetime": "2021-03-24 18:31:03", "elapsed": 94.258577, "delta": 1.096477}}
{"target": -0.3466703945780983, "params": {"model__colsample_bylevel": 0.9993749868116166, "model__colsample_bynode": 0.5764742402206782, "model__colsample_bytree": 0.5205029488702684, "model__learning_rate": 0.19669956710928882, "model__max_depth": 2.134576552892299, "model__n_estimators": 20.531634404985883, "model__reg_lambda": 0.018140372543979932}, "datetime": {"datetime": "2021-03-24 18:31:05", "elapsed": 95.709286, "delta": 1.450709}}
{"target": -0.3116974743876093, "params": {"model__colsample_bylevel": 0.3, "model__colsample_bynode": 0.9999999996300701, "model__colsample_bytree": 0.3000000025794039, "model__learning_rate": 0.3, "model__max_depth": 2.0, "model__n_estimators": 30.0, "model__reg_lambda": 0.0}, "datetime": {"datetime": "2021-03-24 18:31:06", "elapsed": 97.045259, "delta": 1.335973}}
{"target": -0.3228898500794194, "params": {"model__colsample_bylevel": 1.0, "model__colsample_bynode": 0.3, "model__colsample_bytree": 0.3, "model__learning_rate": 0.3, "model__max_depth": 8.0, "model__n_estimators": 30.0, "model__reg_lambda": 5.892886224343156}, "datetime": {"datetime": "2021-03-24 18:31:07", "elapsed": 98.280776, "delta": 1.235517}}
{"target": -0.28283175705000757, "params": {"model__colsample_bylevel": 0.7978459467504744, "model__colsample_bynode": 0.8935390121332976, "model__colsample_bytree": 0.9843106661750891, "model__learning_rate": 0.26719918118056774, "model__max_depth": 2.0683505789381993, "model__n_estimators": 23.015546811425928, "model__reg_lambda": 0.10176649932681414}, "datetime": {"datetime": "2021-03-24 18:31:09", "elapsed": 99.897454, "delta": 1.616678}}
{"target": -0.2666083806005401, "params": {"model__colsample_bylevel": 1.0, "model__colsample_bynode": 1.0, "model__colsample_bytree": 1.0, "model__learning_rate": 0.3, "model__max_depth": 2.0, "model__n_estimators": 16.723518125616458, "model__reg_lambda": 0.0}, "datetime": {"datetime": "2021-03-24 18:31:10", "elapsed": 100.945336, "delta": 1.047882}}
{"target": -0.3601396211261011, "params": {"model__colsample_bylevel": 1.0, "model__colsample_bynode": 1.0, "model__colsample_bytree": 1.0, "model__learning_rate": 0.3, "model__max_depth": 6.75469430440869, "model__n_estimators": 15.0, "model__reg_lambda": 7.935382354804969}, "datetime": {"datetime": "2021-03-24 18:31:11", "elapsed": 102.196308, "delta": 1.250972}}
{"target": -0.31162937841094707, "params": {"model__colsample_bylevel": 0.3, "model__colsample_bynode": 1.0, "model__colsample_bytree": 1.0, "model__learning_rate": 0.3, "model__max_depth": 8.0, "model__n_estimators": 15.682851057838953, "model__reg_lambda": 1.6292615777580828}, "datetime": {"datetime": "2021-03-24 18:31:13", "elapsed": 103.511412, "delta": 1.315104}}
