{"target": -0.2974524201649794, "params": {"model__colsample_bylevel": 0.905764489959626, "model__colsample_bynode": 0.3340669234915924, "model__colsample_bytree": 0.9044807002996593, "model__learning_rate": 0.27913135267538924, "model__max_depth": 6.200203120500587, "model__n_estimators": 18.714097455336145, "model__reg_lambda": 3.227234980260266}, "datetime": {"datetime": "2021-03-24 18:31:14", "elapsed": 104.686318, "delta": 1.174906}}
{"target": -0.32471134828376597, "params": {"model__colsample_bylevel": 1.0, "model__colsample_bynode": 1.0, "model__colsample_bytree": 1.0, "model__learning_rate": 0.3, "model__max_depth": 8.0, "model__n_estimators": 16.39271182506929, "model__reg_lambda": 4.601086712920547}, "datetime": {"datetime": "2021-03-24 18:31:15", "elapsed": 105.821307, "delta": 1.134989}}
{"target": -0.2990850831962366, "params": {"model__colsample_bylevel": 1.0, "model__colsample_bynode": 0.32709087898407296, "model__colsample_bytree": 1.0, "model__learning_rate": 0.3, "model__max_depth": 4.306534974578557, "model__n_estimators": 28.310504373601958, "model__reg_lambda": 9.974317417130825}, "datetime": {"datetime": "2021-03-24 18:31:16", "elapsed": 107.159337, "delta": 1.33803}}
{"target": -0.2991372679896734, "params": {"model__colsample_bylevel": 0.3, "model__colsample_bynode": 1.0, "model__colsample_bytree": 1.0, "model__learning_rate": 0.3, "model__max_depth": 3.3446464571355436, "model__n_estimators": 28.81313531058043, "model__reg_lambda": 8.009673475537777}, "datetime": {"datetime": "2021-03-24 18:31:18", "elapsed": 108.566635, "delta": 1.407298}}
{"target": -0.34488793399211937, "params": {"model__colsample_bylevel": 1.0, "model__colsample_bynode": 1.0, "model__colsample_bytree": 1.0, "model__learning_rate": 0.3, "model__max_depth": 4.227306604438683, "model__n_estimators": 15.0, "model__reg_lambda": 5.308956230232754}, "datetime": {"datetime": "2021-03-24 18:31:19", "elapsed": 109.831658, "delta": 1.265023}}
{"target": -0.3177109396382086, "params": {"model__colsample_bylevel": 0.987780768003309, "model__colsample_bynode": 0.8991783660155359, "model__colsample_bytree": 0.3242059516542947, "model__learning_rate": 0.29767134131886064, "model__max_depth": 5.269797728867403, "model__n_estimators": 22.09606904329477, "model__reg_lambda": 5.820497861375559}, "datetime": {"datetime": "2021-03-24 18:31:20", "elapsed": 111.296295, "delta": 1.464637}}
{"target": -0.3208476756965957, "params": {"model__colsample_bylevel": 0.5464778268551727, "model__colsample_bynode": 0.9795630378294642, "model__colsample_bytree": 0.3846580990061226, "model__learning_rate": 0.2906476015605597, "model__max_depth": 7.755459160366105, "model__n_estimators": 20.852142684777995, "model__reg_lambda": 2.1333722726139257}, "datetime": {"datetime": "2021-03-24 18:31:22", "elapsed": 112.766639, "delta": 1.470344}}
{"target": -0.33203351329202235, "params": {"model__colsample_bylevel": 1.0, "model__colsample_bynode": 1.0, "model__colsample_bytree": 1.0, "model__learning_rate": 0.3, "model__max_depth": 7.880010766637071, "model__n_estimators": 21.72120129357853, "model__reg_lambda": 7.435267557960111}, "datetime": {"datetime": "2021-03-24 18:31:23", "elapsed": 114.064547, "delta": 1.297908}}
{"target": -0.2840226650450622, "params": {"model__colsample_bylevel": 1.0, "model__colsample_bynode": 1.0, "model__colsample_bytree": 1.0, "model__learning_rate": 0.3, "model__max_depth": 8.0, "model__n_estimators": 30.0, "model__reg_lambda": 3.9723325245771544}, "datetime": {"datetime": "2021-03-24 18:31:24", "elapsed": 115.289455, "delta": 1.224908}}
{"target": -0.3120632681843784, "params": {"model__colsample_bylevel": 0.35862542070727704, "model__colsample_bynode": 0.9270675189702384, "model__colsample_bytree": 0.8444283177435046, "model__learning_rate": 0.28555601134106423, "model__max_depth": 7.95898021442475, "model__n_estimators": 25.412705010501572, "model__reg_lambda": 4.864282374459395}, "datetime": {"datetime": "2021-03-24 18:31:26", "elapsed": 116.597621, "delta": 1.308166}}
{"target": -0.2789427810839539, "params": {"model__colsample_bylevel": 0.6663308107337051, "model__colsample_bynode": 0.9876608823754438, "model__colsample_bytree": 0.9308087462409598, "model__learning_rate": 0.2750227531173751, "model__max_depth": 2.0808232672949813, "model__n_estimators": 29.642991639893417, "model__reg_lambda": 1.2919410753764193}, "datetime": {"datetime": "2021-03-24 18:31:27", "elapsed": 117.770349, "delta": 1.172728}}
{"target": -0.31340091032502443, "params": {"model__colsample_bylevel": 0.993208697612654, "model__colsample_bynode": 0.9999999911366304, "model__colsample_bytree": 1.0, "model__learning_rate": 0.3, "model__max_depth": 4.070541516415073, "model__n_estimators": 22.58900441907083, "model__reg_lambda": 7.683753878622499}, "datetime": {"datetime": "2021-03-24 18:31:28", "elapsed": 118.879688, "delta": 1.109339}}
{"target": -0.3295275970065183, "params": {"model__colsample_bylevel": 0.9840975321806731, "model__colsample_bynode": 0.8319520349582112, "model__colsample_bytree": 0.9841919123548901, "model__learning_rate": 0.24500349246545064, "model__max_depth": 2.289695926165149, "model__n_estimators": 28.619344153718984, "model__reg_lambda": 9.977391848217273}, "datetime": {"datetime": "2021-03-24 18:31:29", "elapsed": 120.10926, "delta": 1.229572}}
{"target": -0.3096220325747761, "params": {"model__colsample_bylevel": 0.3972285884609238, "model__colsample_bynode": 0.3, "model__colsample_bytree": 1.0, "model__learning_rate": 0.3, "model__max_depth": 8.0, "model__n_estimators": 18.72529705307424, "model__reg_lambda": 1.2147458725590095}, "datetime": {"datetime": "2021-03-24 18:31:31", "elapsed": 121.514325, "delta": 1.405065}}
{"target": -0.3994145716769972, "params": {"model__colsample_bylevel": 0.3, "model__colsample_bynode": 0.3, "model__colsample_bytree": 1.0, "model__learning_rate": 0.3, "model__max_depth": 8.0, "model__n_estimators": 16.473146148987375, "model__reg_lambda": 10.0}, "datetime": {"datetime": "2021-03-24 18:31:32", "elapsed": 122.789433, "delta": 1.275108}}
{"target": -0.32854961832762575, "params": {"model__colsample_bylevel": 0.8763924461269128, "model__colsample_bynode": 0.38542978198610073, "model__colsample_bytree": 0.8075372202632487, "model__learning_rate": 0.27482423357577346, "model__max_depth": 7.960490406405537, "model__n_estimators": 19.17184113358986, "model__reg_lambda": 4.143666243865613}, "datetime": {"datetime": "2021-03-24 18:31:33", "elapsed": 123.822942, "delta": 1.033509}}
{"target": -0.29330294933271317, "params": {"model__colsample_bylevel": 0.9866108404637206, "model__colsample_bynode": 0.8195992763379254, "model__colsample_bytree": 0.33218710692710846, "model__learning_rate": 0.29872851725947686, "model__max_depth": 5.3490096780702, "model__n_estimators": 29.783413267281865, "model__reg_lambda": 3.31152167096163}, "datetime": {"datetime": "2021-03-24 18:31:34", "elapsed": 125.087365, "delta": 1.264423}}
{"target": -0.29766116431522843, "params": {"model__colsample_bylevel": 1.0, "model__colsample_bynode": 0.3, "model__colsample_bytree": 1.0, "model__learning_rate": 0.3, "model__max_depth": 2.5344611673485744, "model__n_estimators": 23.70205092250934, "model__reg_lambda": 5.231553998235084}, "datetime": {"datetime": "2021-03-24 18:31:36", "elapsed": 126.577222, "delta": 1.489857}}
{"target": -0.3057484096297454, "params": {"model__colsample_bylevel": 1.0, "model__colsample_bynode": 0.3000000039480171, "model__colsample_bytree": 1.0, "model__learning_rate": 0.3, "model__max_depth": 4.428243308378991, "model__n_estimators": 19.356539148698815, "model__reg_lambda": 4.696619287539463}, "datetime": {"datetime": "2021-03-24 18:31:37", "elapsed": 127.6404, "delta": 1.063178}}
{"target": -0.28710253423381854, "params": {"model__colsample_bylevel": 0.3854855792863621, "model__colsample_bynode": 0.9374301389724098, "model__colsample_bytree": 0.9807813382930515, "model__learning_rate": 0.27468230207777067, "model__max_depth": 7.109003237441253, "model__n_estimators": 26.986304932762316, "model__reg_lambda": 0.6769952479714414}, "datetime": {"datetime": "2021-03-24 18:31:38", "elapsed": 128.698275, "delta": 1.057875}}
{"target": -0.2874488330871353, "params": {"model__colsample_bylevel": 0.9981482164481115, "model__colsample_bynode": 0.33451232263359604, "model__colsample_bytree": 0.8124879672304077, "model__learning_rate": 0.29764173773175795, "model__max_depth": 4.211495093614182, "model__n_estimators": 28.903056626640883, "model__reg_lambda": 7.003564534145495}, "datetime": {"datetime": "2021-03-24 18:31:39", "elapsed": 129.817046, "delta": 1.118771}}
{"target": -0.307051849330141, "params": {"model__colsample_bylevel": 0.3851124789888225, "model__colsample_bynode": 0.30246910826736406, "model__colsample_bytree": 0.9513568663401359, "model__learning_rate": 0.16242509095288654, "model__max_depth": 7.86021838155464, "model__n_estimators": 22.868348274112833, "model__reg_lambda": 1.0954552680157381}, "datetime": {"datetime": "2021-03-24 18:31:40", "elapsed": 130.956313, "delta": 1.139267}}
{"target": -0.36444351469450026, "params": {"model__colsample_bylevel": 0.7391157582470147, "model__colsample_bynode": 0.41951264910856256, "model__colsample_bytree": 0.8497930509595635, "model__learning_rate": 0.1062748384513532, "model__max_depth": 2.2381558387967404, "model__n_estimators": 29.88601411271362, "model__reg_lambda": 0.049681535859350534}, "datetime": {"datetime": "2021-03-24 18:31:41", "elapsed": 132.308978, "delta": 1.352665}}
{"target": -0.29480635436341185, "params": {"model__colsample_bylevel": 0.9144010785527716, "model__colsample_bynode": 0.31212556311158685, "model__colsample_bytree": 0.35313978009516167, "model__learning_rate": 0.2768786859967396, "model__max_depth": 3.5528644161140726, "model__n_estimators": 22.59715694077336, "model__reg_lambda": 0.011540975039483481}, "datetime": {"datetime": "2021-03-24 18:31:43", "elapsed": 133.601552, "delta": 1.292574}}
{"target": -0.3500654012032285, "params": {"model__colsample_bylevel": 1.0, "model__colsample_bynode": 0.3, "model__colsample_bytree": 1.0, "model__learning_rate": 0.3, "model__max_depth": 5.366770349691645, "model__n_estimators": 15.0, "model__reg_lambda": 10.0}, "datetime": {"datetime": "2021-03-24 18:31:44", "elapsed": 134.875963, "delta": 1.274411}}
{"target": -0.3358114154617963, "params": {"model__colsample_bylevel": 1.0, "model__colsample_bynode": 0.3, "model__colsample_bytree": 1.0, "model__learning_rate": 0.3, "model__max_depth": 3.453592536669078, "model__n_estimators": 20.344692425085192, "model__reg_lambda": 10.0}, "datetime": {"datetime": "2021-03-24 18:31:45", "elapsed": 136.407251, "delta": 1.531288}}
{"target": -0.31413273202538805, "params": {"model__colsample_bylevel": 0.6833444503733823, "model__colsample_bynode": 0.30000000161662366, "model__colsample_bytree": 0.3, "model__learning_rate": 0.3, "model__max_depth": 4.261044521106513, "model__n_estimators": 28.218490997149864, "model__reg_lambda": 3.500720030474919}, "datetime": {"datetime": "2021-03-24 18:31:47", "elapsed": 137.600784, "delta": 1.193533}}
{"target": -0.2782153361426343, "params": {"model__colsample_bylevel": 0.7879369728220308, "model__colsample_bynode": 0.9818719657842281, "model__colsample_bytree": 0.5330550976062164, "model__learning_rate": 0.29548114199773623, "model__max_depth": 7.7254207593211905, "model__n_estimators": 27.789608447578033, "model__reg_lambda": 3.516575454058084}, "datetime": {"datetime": "2021-03-24 18:31:48", "elapsed": 139.111281, "delta": 1.510497}}
{"target": -0.2785861119104927, "params": {"model__colsample_bylevel": 0.30000000467255306, "model__colsample_bynode": 0.9999999975917224, "model__colsample_bytree": 0.9999999953274469, "model__learning_rate": 0.3, "model__max_depth": 4.395816335620043, "model__n_estimators": 28.177103917949594, "model__reg_lambda": 5.86295640513803}, "datetime": {"datetime": "2021-03-24 18:31:49", "elapsed": 140.3598, "delta": 1.248519}}
{"target": -0.3221617987784354, "params": {"model__colsample_bylevel": 1.0, "model__colsample_bynode": 0.3, "model__colsample_bytree": 0.571011527948522, "model__learning_rate": 0.3, "model__max_depth": 8.0, "model__n_estimators": 26.124113916758997, "model__reg_lambda": 10.0}, "datetime": {"datetime": "2021-03-24 18:31:51", "elapsed": 141.827864, "delta": 1.468064}}
{"target": -0.26843338005060835, "params": {"model__colsample_bylevel": 0.9661701402297156, "model__colsample_bynode": 0.9182619380644885, "model__colsample_bytree": 0.4042982725456861, "model__learning_rate": 0.2995081258457494, "model__max_depth": 3.2148912254967925, "model__n_estimators": 28.693937999747188, "model__reg_lambda": 1.8131675977207273}, "datetime": {"datetime": "2021-03-24 18:31:52", "elapsed": 142.946008, "delta": 1.118144}}
{"target": -0.2979873982367808, "params": {"model__colsample_bylevel": 0.36450954256236, "model__colsample_bynode": 0.9809580228663639, "model__colsample_bytree": 0.9716612519425694, "model__learning_rate": 0.26910371642508724, "model__max_depth": 3.7209118861987927, "model__n_estimators": 29.8239127974635, "model__reg_lambda": 3.302148790442465}, "datetime": {"datetime": "2021-03-24 18:31:53", "elapsed": 144.236119, "delta": 1.290111}}
{"target": -0.28799280002477, "params": {"model__colsample_bylevel": 0.897906285686005, "model__colsample_bynode": 0.80085480107309, "model__colsample_bytree": 0.9830212915145577, "model__learning_rate": 0.29912836405005905, "model__max_depth": 7.4840151864017805, "model__n_estimators": 26.495087896780248, "model__reg_lambda": 2.513069346221426}, "datetime": {"datetime": "2021-03-24 18:31:55", "elapsed": 145.507955, "delta": 1.271836}}
{"target": -0.30222699357562804, "params": {"model__colsample_bylevel": 1.0, "model__colsample_bynode": 0.3, "model__colsample_bytree": 0.4794095255654554, "model__learning_rate": 0.3, "model__max_depth": 2.5208036907125835, "model__n_estimators": 25.477053727648823, "model__reg_lambda": 1.1660959920913425}, "datetime": {"datetime": "2021-03-24 18:31:56", "elapsed": 146.895681, "delta": 1.387726}}
{"target": -0.28120226400391457, "params": {"model__colsample_bylevel": 0.7877184314354384, "model__colsample_bynode": 0.8631895176474826, "model__colsample_bytree": 0.9311076282293638, "model__learning_rate": 0.29136881274940596, "model__max_depth": 6.026235403352938, "model__n_estimators": 29.540597422746174, "model__reg_lambda": 5.4816495215825185}, "datetime": {"datetime": "2021-03-24 18:31:57", "elapsed": 148.139641, "delta": 1.24396}}
{"target": -0.2891851386595247, "params": {"model__colsample_bylevel": 0.9196735522353578, "model__colsample_bynode": 0.9788236430064285, "model__colsample_bytree": 0.9487085265570563, "model__learning_rate": 0.2894608699075071, "model__max_depth": 7.496839347934448, "model__n_estimators": 28.44884961838048, "model__reg_lambda": 5.62314937477654}, "datetime": {"datetime": "2021-03-24 18:31:59", "elapsed": 149.753514, "delta": 1.613873}}
{"target": -0.29438562960430564, "params": {"model__colsample_bylevel": 0.3084211626724182, "model__colsample_bynode": 0.34678879925219336, "model__colsample_bytree": 0.8701384297660137, "model__learning_rate": 0.28317213587410917, "model__max_depth": 5.2892825483697, "model__n_estimators": 29.68393013779516, "model__reg_lambda": 0.008621159475685758}, "datetime": {"datetime": "2021-03-24 18:32:00", "elapsed": 150.971098, "delta": 1.217584}}
{"target": -0.3260597952735185, "params": {"model__colsample_bylevel": 0.9982656256848462, "model__colsample_bynode": 0.9971533422648816, "model__colsample_bytree": 0.7440585898624594, "model__learning_rate": 0.29444980153076683, "model__max_depth": 3.5036078819123406, "model__n_estimators": 20.343808888197252, "model__reg_lambda": 9.490549614061889e-08}, "datetime": {"datetime": "2021-03-24 18:32:01", "elapsed": 152.311904, "delta": 1.340806}}
{"target": -0.3052905309472935, "params": {"model__colsample_bylevel": 0.33266184348506506, "model__colsample_bynode": 0.4294150041799079, "model__colsample_bytree": 0.9448866962589952, "model__learning_rate": 0.15093817959808536, "model__max_depth": 5.539734846827568, "model__n_estimators": 19.70844814279087, "model__reg_lambda": 0.05160291235038361}, "datetime": {"datetime": "2021-03-24 18:32:03", "elapsed": 154.067507, "delta": 1.755603}}
{"target": -0.35406181524588687, "params": {"model__colsample_bylevel": 1.0, "model__colsample_bynode": 1.0, "model__colsample_bytree": 1.0, "model__learning_rate": 0.3, "model__max_depth": 4.197283948753117, "model__n_estimators": 18.862247325490006, "model__reg_lambda": 10.0}, "datetime": {"datetime": "2021-03-24 18:32:05", "elapsed": 155.471944, "delta": 1.404437}}
{"target": -0.3691857736159548, "params": {"model__colsample_bylevel": 0.3, "model__colsample_bynode": 0.3, "model__colsample_bytree": 1.0, "model__learning_rate": 0.3, "model__max_depth": 2.0, "model__n_estimators": 30.0, "model__reg_lambda": 10.0}, "datetime": {"datetime": "2021-03-24 18:32:06", "elapsed": 156.809603, "delta": 1.337659}}
{"target": -0.2875557907824101, "params": {"model__colsample_bylevel": 0.4073338264479351, "model__colsample_bynode": 0.9652330065708439, "model__colsample_bytree": 0.7891870967360022, "model__learning_rate": 0.2911019691380121, "model__max_depth": 5.696526954854897, "model__n_estimators": 29.199755033198038, "model__reg_lambda": 0.6289919360070839}, "datetime": {"datetime": "2021-03-24 18:32:07", "elapsed": 157.951781, "delta": 1.142178}}
{"target": -0.2630942699656336, "params": {"model__colsample_bylevel": 0.8582506007305419, "model__colsample_bynode": 0.8777923952208062, "model__colsample_bytree": 0.6341502013360125, "model__learning_rate": 0.28317285428498296, "model__max_depth": 2.959196273888082, "model__n_estimators": 25.04540641417304, "model__reg_lambda": 0.0796560188911144}, "datetime": {"datetime": "2021-03-24 18:32:08", "elapsed": 159.194004, "delta": 1.242223}}
{"target": -0.321036133600021, "params": {"model__colsample_bylevel": 1.0, "model__colsample_bynode": 1.0, "model__colsample_bytree": 1.0, "model__learning_rate": 0.3, "model__max_depth": 2.0, "model__n_estimators": 21.429186938802413, "model__reg_lambda": 5.122796891099291}, "datetime": {"datetime": "2021-03-24 18:32:09", "elapsed": 160.288675, "delta": 1.094671}}
{"target": -0.28785924315106703, "params": {"model__colsample_bylevel": 0.9285652184527793, "model__colsample_bynode": 0.9313158401630661, "model__colsample_bytree": 0.4806008959261865, "model__learning_rate": 0.2650633698373349, "model__max_depth": 7.9637834865222565, "model__n_estimators": 29.51313679125876, "model__reg_lambda": 0.978242888027061}, "datetime": {"datetime": "2021-03-24 18:32:11", "elapsed": 161.922552, "delta": 1.633877}}
{"target": -0.26299526649594746, "params": {"model__colsample_bylevel": 0.9108550459747442, "model__colsample_bynode": 0.933821868226685, "model__colsample_bytree": 0.7254198203713654, "model__learning_rate": 0.2772894707064368, "model__max_depth": 2.1232141856244082, "model__n_estimators": 25.514187509782186, "model__reg_lambda": 0.168524618409992}, "datetime": {"datetime": "2021-03-24 18:32:12", "elapsed": 163.120239, "delta": 1.197687}}
{"target": -0.2806438872028831, "params": {"model__colsample_bylevel": 0.953318298928467, "model__colsample_bynode": 0.39483820144920556, "model__colsample_bytree": 0.8458264259172892, "model__learning_rate": 0.27861839242032704, "model__max_depth": 5.985888726372608, "model__n_estimators": 21.068622066234585, "model__reg_lambda": 1.9410894758772879}, "datetime": {"datetime": "2021-03-24 18:32:13", "elapsed": 164.192419, "delta": 1.07218}}
{"target": -0.3103093050931499, "params": {"model__colsample_bylevel": 1.0, "model__colsample_bynode": 0.3, "model__colsample_bytree": 1.0, "model__learning_rate": 0.3, "model__max_depth": 4.693917000089007, "model__n_estimators": 17.13750480828785, "model__reg_lambda": 2.1030004559982913}, "datetime": {"datetime": "2021-03-24 18:32:15", "elapsed": 165.721538, "delta": 1.529119}}
{"target": -0.2818230238736378, "params": {"model__colsample_bylevel": 0.9999999949939726, "model__colsample_bynode": 0.9729739006054797, "model__colsample_bytree": 0.4676808620535597, "model__learning_rate": 0.3, "model__max_depth": 7.728980920588191, "model__n_estimators": 26.12282120593081, "model__reg_lambda": 6.428258582002703}, "datetime": {"datetime": "2021-03-24 18:32:16", "elapsed": 167.015244, "delta": 1.293706}}
{"target": -0.2781700440338286, "params": {"model__colsample_bylevel": 0.9979322798128474, "model__colsample_bynode": 0.9038403591415964, "model__colsample_bytree": 0.9666905616576389, "model__learning_rate": 0.2944270863601517, "model__max_depth": 6.213163543671792, "model__n_estimators": 26.752319004512444, "model__reg_lambda": 5.162611153432556}, "datetime": {"datetime": "2021-03-24 18:32:17", "elapsed": 168.206034, "delta": 1.19079}}
{"target": -0.2720502905743332, "params": {"model__colsample_bylevel": 0.9856562237230448, "model__colsample_bynode": 0.3471357942314458, "model__colsample_bytree": 0.8118965343988422, "model__learning_rate": 0.28660325419321425, "model__max_depth": 3.150634161546193, "model__n_estimators": 21.08378812579825, "model__reg_lambda": 0.055779915637073074}, "datetime": {"datetime": "2021-03-24 18:32:19", "elapsed": 169.807248, "delta": 1.601214}}
{"target": -0.25923123169305273, "params": {"model__colsample_bylevel": 0.9315052155624954, "model__colsample_bynode": 0.9423470352398142, "model__colsample_bytree": 0.79963178724637, "model__learning_rate": 0.2863955492356167, "model__max_depth": 2.2526489001534857, "model__n_estimators": 29.22748861619123, "model__reg_lambda": 0.011628922049317092}, "datetime": {"datetime": "2021-03-24 18:32:20", "elapsed": 170.91471, "delta": 1.107462}}
