{"target": -0.2833399582056977, "params": {"model__colsample_bylevel": 0.7258452406247984, "model__colsample_bynode": 0.31739320661355575, "model__colsample_bytree": 0.7945082592472911, "model__learning_rate": 0.29219020338292856, "model__max_depth": 4.0, "model__n_estimators": 24.0, "model__reg_lambda": 1.6083633373996564}, "datetime": {"datetime": "2021-03-24 18:29:29", "elapsed": 0.0, "delta": 0.0}}
{"target": -0.2897915610385573, "params": {"model__colsample_bylevel": 0.9637266566698268, "model__colsample_bynode": 0.39517865891557463, "model__colsample_bytree": 0.41886691466145853, "model__learning_rate": 0.2563908092542515, "model__max_depth": 4.0, "model__n_estimators": 25.0, "model__reg_lambda": 0.0985146484840893}, "datetime": {"datetime": "2021-03-24 18:29:29", "elapsed": 0.056126, "delta": 0.056126}}
{"target": -0.25369564529965577, "params": {"model__colsample_bylevel": 1.0, "model__colsample_bynode": 0.3, "model__colsample_bytree": 1.0, "model__learning_rate": 0.3, "model__max_depth": 2.0, "model__n_estimators": 25.0, "model__reg_lambda": 0.0}, "datetime": {"datetime": "2021-03-24 18:29:29", "elapsed": 0.110629, "delta": 0.054503}}
{"target": -0.2667328567213743, "params": {"model__colsample_bylevel": 0.9999999951173367, "model__colsample_bynode": 0.9999999976044774, "model__colsample_bytree": 0.3, "model__learning_rate": 0.3, "model__max_depth": 3.0, "model__n_estimators": 27.0, "model__reg_lambda": 3.7480644660318284e-10}, "datetime": {"datetime": "2021-03-24 18:29:29", "elapsed": 0.170812, "delta": 0.060183}}
{"target": -0.30733857281865434, "params": {"model__colsample_bylevel": 0.6107052871942427, "model__colsample_bynode": 0.3729646937677923, "model__colsample_bytree": 0.42648167101928725, "model__learning_rate": 0.2760665068122475, "model__max_depth": 8.0, "model__n_estimators": 28.0, "model__reg_lambda": 0.284111854868625}, "datetime": {"datetime": "2021-03-24 18:29:29", "elapsed": 0.232654, "delta": 0.061842}}
{"target": -0.2756248378442884, "params": {"model__colsample_bylevel": 0.3860003430876819, "model__colsample_bynode": 0.7167845929961741, "model__colsample_bytree": 0.5701473585669706, "model__learning_rate": 0.2749061628079973, "model__max_depth": 8.0, "model__n_estimators": 23.0, "model__reg_lambda": 0.07241051153434652}, "datetime": {"datetime": "2021-03-24 18:29:29", "elapsed": 0.288641, "delta": 0.055987}}
{"target": -0.2756248378442884, "params": {"model__colsample_bylevel": 0.3860003430876819, "model__colsample_bynode": 0.7167845929961741, "model__colsample_bytree": 0.5701473585669706, "model__learning_rate": 0.2749061628079973, "model__max_depth": 8.0, "model__n_estimators": 23.0, "model__reg_lambda": 0.07241051153434652}, "datetime": {"datetime": "2021-03-24 18:29:29", "elapsed": 0.288943, "delta": 0.000302}}
{"target": -0.31684642856792156, "params": {"model__colsample_bylevel": 1.0, "model__colsample_bynode": 0.3, "model__colsample_bytree": 0.3, "model__learning_rate": 0.3, "model__max_depth": 6.0, "model__n_estimators": 23.0, "model__reg_lambda": 0.0}, "datetime": {"datetime": "2021-03-24 18:29:29", "elapsed": 0.347774, "delta": 0.058831}}
{"target": -0.31684642856792156, "params": {"model__colsample_bylevel": 1.0, "model__colsample_bynode": 0.3, "model__colsample_bytree": 0.3, "model__learning_rate": 0.3, "model__max_depth": 6.0, "model__n_estimators": 23.0, "model__reg_lambda": 0.0}, "datetime": {"datetime": "2021-03-24 18:29:29", "elapsed": 0.34805, "delta": 0.000276}}
{"target": -0.28480078069699005, "params": {"model__colsample_bylevel": 0.7861070744351207, "model__colsample_bynode": 0.8774093251503836, "model__colsample_bytree": 0.6259679327570861, "model__learning_rate": 0.28810488190533123, "model__max_depth": 7.0, "model__n_estimators": 30.0, "model__reg_lambda": 1.696362575837671}, "datetime": {"datetime": "2021-03-24 18:29:29", "elapsed": 0.413217, "delta": 0.065167}}
{"target": -0.29644760672469955, "params": {"model__colsample_bylevel": 0.30000000081354, "model__colsample_bynode": 0.3594234141837739, "model__colsample_bytree": 0.9673582781605067, "model__learning_rate": 0.3, "model__max_depth": 3.0, "model__n_estimators": 23.0, "model__reg_lambda": 0.0}, "datetime": {"datetime": "2021-03-24 18:29:30", "elapsed": 0.472337, "delta": 0.05912}}
{"target": -0.24470884880823746, "params": {"model__colsample_bylevel": 0.9771872954714671, "model__colsample_bynode": 0.9363007385159021, "model__colsample_bytree": 0.8026341638542958, "model__learning_rate": 0.2936477098965825, "model__max_depth": 2.0, "model__n_estimators": 27.0, "model__reg_lambda": 0.0704852474853701}, "datetime": {"datetime": "2021-03-24 18:29:30", "elapsed": 0.532537, "delta": 0.0602}}
{"target": -0.24470884880823746, "params": {"model__colsample_bylevel": 0.9771872954714671, "model__colsample_bynode": 0.9363007385159021, "model__colsample_bytree": 0.8026341638542958, "model__learning_rate": 0.2936477098965825, "model__max_depth": 2.0, "model__n_estimators": 27.0, "model__reg_lambda": 0.0704852474853701}, "datetime": {"datetime": "2021-03-24 18:29:30", "elapsed": 0.532821, "delta": 0.000284}}
{"target": -0.234049843570835, "params": {"model__colsample_bylevel": 1.0, "model__colsample_bynode": 1.0, "model__colsample_bytree": 1.0, "model__learning_rate": 0.3, "model__max_depth": 2.0, "model__n_estimators": 30.0, "model__reg_lambda": 0.0}, "datetime": {"datetime": "2021-03-24 18:29:30", "elapsed": 0.597238, "delta": 0.064417}}
{"target": -0.4348934109930111, "params": {"model__colsample_bylevel": 0.30726190771998996, "model__colsample_bynode": 0.651312214504117, "model__colsample_bytree": 0.6470413051939022, "model__learning_rate": 0.12676590579185532, "model__max_depth": 2.8526665127272315, "model__n_estimators": 18.278380134391174, "model__reg_lambda": 4.185081805104525}, "datetime": {"datetime": "2021-03-24 18:29:30", "elapsed": 0.6491, "delta": 0.051862}}
{"target": -0.3124433715078656, "params": {"model__colsample_bylevel": 0.4736708178894914, "model__colsample_bynode": 0.35884175581574507, "model__colsample_bytree": 0.54184904803528, "model__learning_rate": 0.1333552693064643, "model__max_depth": 7.271354513195954, "model__n_estimators": 29.26446047440075, "model__reg_lambda": 0.38748375832319826}, "datetime": {"datetime": "2021-03-24 18:29:30", "elapsed": 0.704543, "delta": 0.055443}}
{"target": -0.2942322059730203, "params": {"model__colsample_bylevel": 0.7893751739791326, "model__colsample_bynode": 0.7009318708985864, "model__colsample_bytree": 0.9286049827576046, "model__learning_rate": 0.23337979458392732, "model__max_depth": 5.28702669827889, "model__n_estimators": 25.53641136102083, "model__reg_lambda": 3.864771696146654}, "datetime": {"datetime": "2021-03-24 18:29:30", "elapsed": 0.768403, "delta": 0.06386}}
{"target": -0.28480078069699005, "params": {"model__colsample_bylevel": 0.7861070744351207, "model__colsample_bynode": 0.8774093251503836, "model__colsample_bytree": 0.6259679327570861, "model__learning_rate": 0.28810488190533123, "model__max_depth": 6.822438620073907, "model__n_estimators": 29.75038872336499, "model__reg_lambda": 1.696362575837671}, "datetime": {"datetime": "2021-03-24 18:29:30", "elapsed": 0.841397, "delta": 0.072994}}
{"target": -0.3034492935593901, "params": {"model__colsample_bylevel": 0.6647592980218581, "model__colsample_bynode": 0.9618621918833685, "model__colsample_bytree": 0.7546783242123333, "model__learning_rate": 0.2721663846451393, "model__max_depth": 7.825076072541351, "model__n_estimators": 17.78312530401691, "model__reg_lambda": 2.431156753134085}, "datetime": {"datetime": "2021-03-24 18:29:30", "elapsed": 0.907709, "delta": 0.066312}}
{"target": -0.339664517963926, "params": {"model__colsample_bylevel": 0.9113805901707872, "model__colsample_bynode": 0.9343940938464552, "model__colsample_bytree": 0.8307945907576542, "model__learning_rate": 0.16938039075510394, "model__max_depth": 4.781208283904345, "model__n_estimators": 24.15806611272194, "model__reg_lambda": 4.96281717671187}, "datetime": {"datetime": "2021-03-24 18:29:30", "elapsed": 0.985865, "delta": 0.078156}}
{"target": -0.376460357863402, "params": {"model__colsample_bylevel": 0.6345818094768427, "model__colsample_bynode": 0.604888825336442, "model__colsample_bytree": 0.9092858074985717, "model__learning_rate": 0.1374717294122843, "model__max_depth": 6.126044559156051, "model__n_estimators": 25.552937607020823, "model__reg_lambda": 9.252000772711074}, "datetime": {"datetime": "2021-03-24 18:29:30", "elapsed": 1.052443, "delta": 0.066578}}
{"target": -0.3981676915269075, "params": {"model__colsample_bylevel": 0.32761837237198693, "model__colsample_bynode": 0.7529816994815779, "model__colsample_bytree": 0.7466377893021694, "model__learning_rate": 0.19233953249413938, "model__max_depth": 2.318356546912358, "model__n_estimators": 15.578563847435374, "model__reg_lambda": 1.6953141420787687}, "datetime": {"datetime": "2021-03-24 18:29:30", "elapsed": 1.104356, "delta": 0.051913}}
{"target": -0.38346334010551586, "params": {"model__colsample_bylevel": 0.8561835208849775, "model__colsample_bynode": 0.4138242325920566, "model__colsample_bytree": 0.3971170898456863, "model__learning_rate": 0.17058339064653638, "model__max_depth": 4.906990730916813, "model__n_estimators": 25.466045776856664, "model__reg_lambda": 8.011564316956859}, "datetime": {"datetime": "2021-03-24 18:29:30", "elapsed": 1.160931, "delta": 0.056575}}
{"target": -0.3777948582180492, "params": {"model__colsample_bylevel": 0.4867420639503589, "model__colsample_bynode": 0.936633346480775, "model__colsample_bytree": 0.3160068649787738, "model__learning_rate": 0.17502455249915477, "model__max_depth": 3.1977999718893484, "model__n_estimators": 20.142078437421155, "model__reg_lambda": 4.441122950440465}, "datetime": {"datetime": "2021-03-24 18:29:30", "elapsed": 1.216286, "delta": 0.055355}}
{"target": -0.35578135783122716, "params": {"model__colsample_bylevel": 0.6486977272532548, "model__colsample_bynode": 0.5900424273597351, "model__colsample_bytree": 0.4499791740194562, "model__learning_rate": 0.14332794254537243, "model__max_depth": 3.3938427634789914, "model__n_estimators": 25.93628430939619, "model__reg_lambda": 4.159186670147922}, "datetime": {"datetime": "2021-03-24 18:29:30", "elapsed": 1.272287, "delta": 0.056001}}
{"target": -0.36307190127832734, "params": {"model__colsample_bylevel": 0.7087287246096596, "model__colsample_bynode": 0.6460356235928947, "model__colsample_bytree": 0.6010327699478305, "model__learning_rate": 0.24695316340723392, "model__max_depth": 5.337298920821893, "model__n_estimators": 19.539459624900097, "model__reg_lambda": 9.70798194813456}, "datetime": {"datetime": "2021-03-24 18:29:30", "elapsed": 1.330391, "delta": 0.058104}}
{"target": -0.4095809963342828, "params": {"model__colsample_bylevel": 0.4573898284863129, "model__colsample_bynode": 0.39713840986827087, "model__colsample_bytree": 0.730452732753553, "model__learning_rate": 0.19838578785694924, "model__max_depth": 3.0989164019193227, "model__n_estimators": 16.639657727470496, "model__reg_lambda": 5.395755249234239}, "datetime": {"datetime": "2021-03-24 18:29:30", "elapsed": 1.384212, "delta": 0.053821}}
{"target": -0.3644137252314502, "params": {"model__colsample_bylevel": 0.5025094970837707, "model__colsample_bynode": 0.37213783629228636, "model__colsample_bytree": 0.6434210837220209, "model__learning_rate": 0.22641833694649102, "model__max_depth": 2.227815301561689, "model__n_estimators": 22.50161880662639, "model__reg_lambda": 0.835434299294453}, "datetime": {"datetime": "2021-03-24 18:29:30", "elapsed": 1.439924, "delta": 0.055712}}
{"target": -0.32641256881162417, "params": {"model__colsample_bylevel": 0.8539227643210632, "model__colsample_bynode": 0.8306252174459399, "model__colsample_bytree": 0.4835912545620663, "model__learning_rate": 0.12017171820904433, "model__max_depth": 7.503156236962601, "model__n_estimators": 22.761903626532458, "model__reg_lambda": 1.3353967592343363}, "datetime": {"datetime": "2021-03-24 18:29:31", "elapsed": 1.503471, "delta": 0.063547}}
{"target": -0.3926927778923857, "params": {"model__colsample_bylevel": 0.3787801798303496, "model__colsample_bynode": 0.8891488038898538, "model__colsample_bytree": 0.682252315571295, "model__learning_rate": 0.1522033166295056, "model__max_depth": 5.4549531069191834, "model__n_estimators": 19.707789101668837, "model__reg_lambda": 7.916231853067416}, "datetime": {"datetime": "2021-03-24 18:29:31", "elapsed": 1.563425, "delta": 0.059954}}
{"target": -0.2972330763369151, "params": {"model__colsample_bylevel": 0.6451635028820711, "model__colsample_bynode": 0.9756107284220326, "model__colsample_bytree": 0.6642183611480073, "model__learning_rate": 0.2806043190994539, "model__max_depth": 3.4988273636139016, "model__n_estimators": 22.822309547759104, "model__reg_lambda": 5.0574568339000425}, "datetime": {"datetime": "2021-03-24 18:29:31", "elapsed": 1.619536, "delta": 0.056111}}
{"target": -0.3664832697776349, "params": {"model__colsample_bylevel": 0.8691500365097846, "model__colsample_bynode": 0.35123595486158105, "model__colsample_bytree": 0.8853449005213216, "model__learning_rate": 0.26084712707576596, "model__max_depth": 4.4379276251183954, "model__n_estimators": 15.546768724832507, "model__reg_lambda": 7.672541069525759}, "datetime": {"datetime": "2021-03-24 18:29:31", "elapsed": 1.678987, "delta": 0.059451}}
{"target": -0.3221864652401511, "params": {"model__colsample_bylevel": 0.7752492983214213, "model__colsample_bynode": 0.9432502217801924, "model__colsample_bytree": 0.6921299356114399, "model__learning_rate": 0.2935437919451478, "model__max_depth": 3.850306106454099, "model__n_estimators": 20.083349491730285, "model__reg_lambda": 7.308818114469667}, "datetime": {"datetime": "2021-03-24 18:29:31", "elapsed": 1.745805, "delta": 0.066818}}
{"target": -0.29981037220188783, "params": {"model__colsample_bylevel": 0.7909589341540182, "model__colsample_bynode": 0.8077442453063763, "model__colsample_bytree": 0.9257599208468199, "model__learning_rate": 0.24332981747869467, "model__max_depth": 6.092916621028417, "model__n_estimators": 27.646752630781677, "model__reg_lambda": 6.451189984951728}, "datetime": {"datetime": "2021-03-24 18:29:31", "elapsed": 1.814363, "delta": 0.068558}}
{"target": -0.3046253058873792, "params": {"model__colsample_bylevel": 0.511889221690131, "model__colsample_bynode": 0.880146841574702, "model__colsample_bytree": 0.4713036833734444, "model__learning_rate": 0.24075613859849618, "model__max_depth": 5.215329445061823, "model__n_estimators": 20.712142781227694, "model__reg_lambda": 1.7861793515885238}, "datetime": {"datetime": "2021-03-24 18:29:31", "elapsed": 1.875133, "delta": 0.06077}}
{"target": -0.2855205036126131, "params": {"model__colsample_bylevel": 0.9200821231031391, "model__colsample_bynode": 0.35616344543935075, "model__colsample_bytree": 0.8625120529528605, "model__learning_rate": 0.23669407037870885, "model__max_depth": 4.772062647788025, "model__n_estimators": 24.96073964162097, "model__reg_lambda": 2.826662622956666}, "datetime": {"datetime": "2021-03-24 18:29:31", "elapsed": 1.934185, "delta": 0.059052}}
{"target": -0.3719629800986445, "params": {"model__colsample_bylevel": 0.9031023424555509, "model__colsample_bynode": 0.4249356891249156, "model__colsample_bytree": 0.7057975471157624, "model__learning_rate": 0.1927268764937271, "model__max_depth": 6.039330960316078, "model__n_estimators": 22.141866816168736, "model__reg_lambda": 9.525111535091707}, "datetime": {"datetime": "2021-03-24 18:29:31", "elapsed": 1.993047, "delta": 0.058862}}
{"target": -0.3487678397851794, "params": {"model__colsample_bylevel": 0.8972803412913453, "model__colsample_bynode": 0.9289549741797964, "model__colsample_bytree": 0.3178983723326505, "model__learning_rate": 0.13128458043568686, "model__max_depth": 4.861388901041763, "model__n_estimators": 26.020827615199973, "model__reg_lambda": 3.5630947732495777}, "datetime": {"datetime": "2021-03-24 18:29:31", "elapsed": 2.057093, "delta": 0.064046}}
{"target": -0.336377757160074, "params": {"model__colsample_bylevel": 0.6951175428742368, "model__colsample_bynode": 0.3318286487069968, "model__colsample_bytree": 0.7483089139197432, "model__learning_rate": 0.23624127616156612, "model__max_depth": 4.373824850662889, "model__n_estimators": 17.05009515507337, "model__reg_lambda": 4.16457752159582}, "datetime": {"datetime": "2021-03-24 18:29:31", "elapsed": 2.111198, "delta": 0.054105}}
{"target": -0.28926755022983053, "params": {"model__colsample_bylevel": 0.816923983909474, "model__colsample_bynode": 0.7090153450298311, "model__colsample_bytree": 0.9184032582594783, "model__learning_rate": 0.21574992226411746, "model__max_depth": 3.0678227617515392, "model__n_estimators": 23.876275396014634, "model__reg_lambda": 0.5387774367636355}, "datetime": {"datetime": "2021-03-24 18:29:31", "elapsed": 2.176206, "delta": 0.065008}}
{"target": -0.38209363760399645, "params": {"model__colsample_bylevel": 0.8203891930140093, "model__colsample_bynode": 0.4407263630351047, "model__colsample_bytree": 0.9332727397304375, "model__learning_rate": 0.19471357604823214, "model__max_depth": 4.649919104965563, "model__n_estimators": 17.041195531585494, "model__reg_lambda": 8.076955975507973}, "datetime": {"datetime": "2021-03-24 18:29:31", "elapsed": 2.229525, "delta": 0.053319}}
{"target": -0.2660207182691986, "params": {"model__colsample_bylevel": 0.941920130237188, "model__colsample_bynode": 0.7862119444399247, "model__colsample_bytree": 0.7672811212479322, "model__learning_rate": 0.2413235529719557, "model__max_depth": 6.468881607544759, "model__n_estimators": 25.71892738561766, "model__reg_lambda": 1.4296252407525012}, "datetime": {"datetime": "2021-03-24 18:29:31", "elapsed": 2.302422, "delta": 0.072897}}
{"target": -0.39957112969587677, "params": {"model__colsample_bylevel": 0.7664505634998717, "model__colsample_bynode": 0.9372501752435591, "model__colsample_bytree": 0.3226974712037688, "model__learning_rate": 0.13696287496610304, "model__max_depth": 6.574112506330284, "model__n_estimators": 15.628001246231364, "model__reg_lambda": 2.789864730302046}, "datetime": {"datetime": "2021-03-24 18:29:31", "elapsed": 2.360724, "delta": 0.058302}}
{"target": -0.41090228335149037, "params": {"model__colsample_bylevel": 0.9005722896485118, "model__colsample_bynode": 0.5583279975276154, "model__colsample_bytree": 0.9292943127471143, "model__learning_rate": 0.1578195662504995, "model__max_depth": 4.281940885644073, "model__n_estimators": 16.640600890305116, "model__reg_lambda": 8.146246111896012}, "datetime": {"datetime": "2021-03-24 18:29:31", "elapsed": 2.42217, "delta": 0.061446}}
{"target": -0.3893948910730905, "params": {"model__colsample_bylevel": 0.9534398095322711, "model__colsample_bynode": 0.42817503247553923, "model__colsample_bytree": 0.5178389967922328, "model__learning_rate": 0.2349408086546986, "model__max_depth": 2.4746062530577846, "model__n_estimators": 15.490859914517099, "model__reg_lambda": 3.2657561880327557}, "datetime": {"datetime": "2021-03-24 18:29:32", "elapsed": 2.476228, "delta": 0.054058}}
{"target": -0.3243469379896271, "params": {"model__colsample_bylevel": 0.5706285360217014, "model__colsample_bynode": 0.6842771415696982, "model__colsample_bytree": 0.6870518207102555, "model__learning_rate": 0.16602543474194267, "model__max_depth": 4.553906607318516, "model__n_estimators": 18.777852885612205, "model__reg_lambda": 2.0263513230551347}, "datetime": {"datetime": "2021-03-24 18:29:32", "elapsed": 2.536462, "delta": 0.060234}}
{"target": -0.32475237741904417, "params": {"model__colsample_bylevel": 0.8442678591461368, "model__colsample_bynode": 0.3977149946980818, "model__colsample_bytree": 0.6158425941754111, "model__learning_rate": 0.1245045248421828, "model__max_depth": 6.897715409068526, "model__n_estimators": 27.65234893164894, "model__reg_lambda": 1.1477505735172433}, "datetime": {"datetime": "2021-03-24 18:29:32", "elapsed": 2.609202, "delta": 0.07274}}
{"target": -0.32268507514904804, "params": {"model__colsample_bylevel": 0.8046871964072875, "model__colsample_bynode": 0.9463208373893632, "model__colsample_bytree": 0.5702216525068842, "model__learning_rate": 0.25542256115422385, "model__max_depth": 7.543314227663024, "model__n_estimators": 15.074271146872483, "model__reg_lambda": 2.7258381373747875}, "datetime": {"datetime": "2021-03-24 18:29:32", "elapsed": 2.66774, "delta": 0.058538}}
{"target": -0.47209482362790817, "params": {"model__colsample_bylevel": 0.325563385911891, "model__colsample_bynode": 0.4394342284138872, "model__colsample_bytree": 0.3078454924320954, "model__learning_rate": 0.10977990666788635, "model__max_depth": 5.896055639118223, "model__n_estimators": 19.33085301818661, "model__reg_lambda": 8.44410233607059}, "datetime": {"datetime": "2021-03-24 18:29:32", "elapsed": 2.721583, "delta": 0.053843}}
{"target": -0.30008543239960417, "params": {"model__colsample_bylevel": 0.5333078077907257, "model__colsample_bynode": 0.9449148964303926, "model__colsample_bytree": 0.39197068792833056, "model__learning_rate": 0.2098009976534188, "model__max_depth": 3.7666070082368948, "model__n_estimators": 27.09229802758709, "model__reg_lambda": 3.376766038812906}, "datetime": {"datetime": "2021-03-24 18:29:32", "elapsed": 2.783417, "delta": 0.061834}}
{"target": -0.3122951968603403, "params": {"model__colsample_bylevel": 0.38472058045866103, "model__colsample_bynode": 0.6189182754661343, "model__colsample_bytree": 0.47491716651278293, "model__learning_rate": 0.24904662090967875, "model__max_depth": 6.41552028192452, "model__n_estimators": 15.15307284998927, "model__reg_lambda": 0.029919695529196932}, "datetime": {"datetime": "2021-03-24 18:29:32", "elapsed": 2.837738, "delta": 0.054321}}
