{"target": -0.327818553945711, "params": {"model__colsample_bylevel": 1.0, "model__colsample_bynode": 0.3, "model__colsample_bytree": 1.0, "model__learning_rate": 0.3, "model__max_depth": 2.363691299323284, "model__n_estimators": 28.10957661660143, "model__reg_lambda": 8.63310094564614}, "datetime": {"datetime": "2021-03-24 18:32:21", "elapsed": 172.167921, "delta": 1.253211}}
{"target": -0.26863980449801916, "params": {"model__colsample_bylevel": 0.3278103678768598, "model__colsample_bynode": 0.8865180742773446, "model__colsample_bytree": 0.9574052834722748, "model__learning_rate": 0.277181969645511, "model__max_depth": 7.954175171232999, "model__n_estimators": 21.240160373944885, "model__reg_lambda": 0.03336694330595469}, "datetime": {"datetime": "2021-03-24 18:32:23", "elapsed": 173.686709, "delta": 1.518788}}
{"target": -0.3042653055341941, "params": {"model__colsample_bylevel": 0.3791314315416396, "model__colsample_bynode": 0.9992532872363236, "model__colsample_bytree": 0.7836787446539581, "model__learning_rate": 0.29889260780711, "model__max_depth": 7.994669519069511, "model__n_estimators": 26.05980794665588, "model__reg_lambda": 7.311720499992632}, "datetime": {"datetime": "2021-03-24 18:32:24", "elapsed": 174.902215, "delta": 1.215506}}
{"target": -0.2699199642641031, "params": {"model__colsample_bylevel": 0.9427200952501456, "model__colsample_bynode": 0.9728026451280083, "model__colsample_bytree": 0.9491180185179804, "model__learning_rate": 0.27789204627821723, "model__max_depth": 3.173573688630186, "model__n_estimators": 29.992231651072814, "model__reg_lambda": 0.2805027449965858}, "datetime": {"datetime": "2021-03-24 18:32:25", "elapsed": 176.084691, "delta": 1.182476}}
{"target": -0.27903455650599246, "params": {"model__colsample_bylevel": 0.3, "model__colsample_bynode": 0.9999998888965324, "model__colsample_bytree": 0.48217441559236135, "model__learning_rate": 0.3, "model__max_depth": 6.626534150389753, "model__n_estimators": 25.9654869847514, "model__reg_lambda": 3.3616816509276615}, "datetime": {"datetime": "2021-03-24 18:32:27", "elapsed": 177.752436, "delta": 1.667745}}
{"target": -0.379987135624675, "params": {"model__colsample_bylevel": 0.30000003894803456, "model__colsample_bynode": 0.3, "model__colsample_bytree": 1.0, "model__learning_rate": 0.3, "model__max_depth": 5.6046980332433725, "model__n_estimators": 15.0, "model__reg_lambda": 5.419383572028555}, "datetime": {"datetime": "2021-03-24 18:32:28", "elapsed": 179.242634, "delta": 1.490198}}
{"target": -0.2636616327713811, "params": {"model__colsample_bylevel": 0.9922873684024784, "model__colsample_bynode": 0.8618421050786624, "model__colsample_bytree": 0.7897370020920125, "model__learning_rate": 0.27066538187816225, "model__max_depth": 2.673498447064067, "model__n_estimators": 22.420782454319323, "model__reg_lambda": 0.005618266403876193}, "datetime": {"datetime": "2021-03-24 18:32:30", "elapsed": 180.698536, "delta": 1.455902}}
{"target": -0.28115770511301336, "params": {"model__colsample_bylevel": 0.3, "model__colsample_bynode": 0.9999999945402491, "model__colsample_bytree": 0.6148786226320857, "model__learning_rate": 0.3, "model__max_depth": 3.8445074449480234, "model__n_estimators": 27.47049646449161, "model__reg_lambda": 0.0}, "datetime": {"datetime": "2021-03-24 18:32:31", "elapsed": 182.129309, "delta": 1.430773}}
{"target": -0.38813355967969354, "params": {"model__colsample_bylevel": 1.0, "model__colsample_bynode": 0.31493940982292434, "model__colsample_bytree": 0.3, "model__learning_rate": 0.3, "model__max_depth": 2.000000000316145, "model__n_estimators": 21.461213943314085, "model__reg_lambda": 6.559620786550984}, "datetime": {"datetime": "2021-03-24 18:32:32", "elapsed": 183.419394, "delta": 1.290085}}
{"target": -0.31381347551747846, "params": {"model__colsample_bylevel": 0.9039669109607198, "model__colsample_bynode": 0.8990891611783323, "model__colsample_bytree": 0.3024505944974536, "model__learning_rate": 0.2832613796460295, "model__max_depth": 6.820880461570484, "model__n_estimators": 26.36260389930166, "model__reg_lambda": 1.5042683388574274}, "datetime": {"datetime": "2021-03-24 18:32:34", "elapsed": 184.557991, "delta": 1.138597}}
{"target": -0.32066331452156915, "params": {"model__colsample_bylevel": 0.3000000002846582, "model__colsample_bynode": 1.0, "model__colsample_bytree": 1.0, "model__learning_rate": 0.3, "model__max_depth": 2.000000000584624, "model__n_estimators": 26.89020441644867, "model__reg_lambda": 5.982774802752857}, "datetime": {"datetime": "2021-03-24 18:32:35", "elapsed": 185.83276, "delta": 1.274769}}
{"target": -0.30013579425833903, "params": {"model__colsample_bylevel": 0.819087227845599, "model__colsample_bynode": 0.3492735979669008, "model__colsample_bytree": 0.4651959329080526, "model__learning_rate": 0.28056236964950404, "model__max_depth": 4.924031192635168, "model__n_estimators": 27.21892484088157, "model__reg_lambda": 0.1385777313883596}, "datetime": {"datetime": "2021-03-24 18:32:36", "elapsed": 187.177334, "delta": 1.344574}}
{"target": -0.27406297836780036, "params": {"model__colsample_bylevel": 0.8015996706675277, "model__colsample_bynode": 0.35611920633464994, "model__colsample_bytree": 0.6558214091572163, "model__learning_rate": 0.27354401101830517, "model__max_depth": 7.856310918544542, "model__n_estimators": 29.248627580620642, "model__reg_lambda": 2.5323576590602768}, "datetime": {"datetime": "2021-03-24 18:32:37", "elapsed": 188.4106, "delta": 1.233266}}
{"target": -0.2672836803094707, "params": {"model__colsample_bylevel": 0.33195614529707107, "model__colsample_bynode": 0.3344228135101843, "model__colsample_bytree": 0.9843169720890681, "model__learning_rate": 0.2687620556049478, "model__max_depth": 5.683273868612941, "model__n_estimators": 21.075593148317928, "model__reg_lambda": 0.020215070204241403}, "datetime": {"datetime": "2021-03-24 18:32:39", "elapsed": 189.945714, "delta": 1.535114}}
{"target": -0.25965953047869833, "params": {"model__colsample_bylevel": 0.8405969957809554, "model__colsample_bynode": 0.9826995825298299, "model__colsample_bytree": 0.8914300112583937, "model__learning_rate": 0.23005391246740126, "model__max_depth": 3.089973302104105, "model__n_estimators": 21.592640394278988, "model__reg_lambda": 0.0037841608690258877}, "datetime": {"datetime": "2021-03-24 18:32:40", "elapsed": 191.251831, "delta": 1.306117}}
{"target": -0.2979580314236059, "params": {"model__colsample_bylevel": 0.9999999978182538, "model__colsample_bynode": 0.9999999911187036, "model__colsample_bytree": 1.0, "model__learning_rate": 0.3, "model__max_depth": 6.6164504443339, "model__n_estimators": 30.0, "model__reg_lambda": 8.365693240110613}, "datetime": {"datetime": "2021-03-24 18:32:41", "elapsed": 192.375986, "delta": 1.124155}}
{"target": -0.29258876236331094, "params": {"model__colsample_bylevel": 0.9900582066654349, "model__colsample_bynode": 0.9742776773677062, "model__colsample_bytree": 0.9102361158998684, "model__learning_rate": 0.26939194384445897, "model__max_depth": 2.4093109614114034, "model__n_estimators": 21.771033657395314, "model__reg_lambda": 0.13665870782828105}, "datetime": {"datetime": "2021-03-24 18:32:43", "elapsed": 193.664787, "delta": 1.288801}}
{"target": -0.3414871759729568, "params": {"model__colsample_bylevel": 0.34672726575421753, "model__colsample_bynode": 0.5529020392839235, "model__colsample_bytree": 0.9312303529647223, "model__learning_rate": 0.2884450976625072, "model__max_depth": 2.2467010137166574, "model__n_estimators": 16.975843660500892, "model__reg_lambda": 0.17157894738783486}, "datetime": {"datetime": "2021-03-24 18:32:44", "elapsed": 195.017254, "delta": 1.352467}}
{"target": -0.3053430304943544, "params": {"model__colsample_bylevel": 1.0, "model__colsample_bynode": 1.0, "model__colsample_bytree": 0.9594876068721856, "model__learning_rate": 0.3, "model__max_depth": 5.107318663602537, "model__n_estimators": 27.992344257443584, "model__reg_lambda": 6.891073410441502}, "datetime": {"datetime": "2021-03-24 18:32:45", "elapsed": 196.360711, "delta": 1.343457}}
{"target": -0.4145629677408631, "params": {"model__colsample_bylevel": 0.8964771125427713, "model__colsample_bynode": 0.7238503683220381, "model__colsample_bytree": 0.33027483827848203, "model__learning_rate": 0.14209441420524174, "model__max_depth": 2.103033699428817, "model__n_estimators": 16.37369186039844, "model__reg_lambda": 0.1748575681116349}, "datetime": {"datetime": "2021-03-24 18:32:47", "elapsed": 197.785591, "delta": 1.42488}}
{"target": -0.2917356446523732, "params": {"model__colsample_bylevel": 0.7128813604550245, "model__colsample_bynode": 0.37703586282113155, "model__colsample_bytree": 0.9679172988557658, "model__learning_rate": 0.28832733315552794, "model__max_depth": 4.607938299734355, "model__n_estimators": 29.928846916313336, "model__reg_lambda": 7.707112601301997}, "datetime": {"datetime": "2021-03-24 18:32:48", "elapsed": 199.290474, "delta": 1.504883}}
{"target": -0.30243137564942024, "params": {"model__colsample_bylevel": 0.47537198945038606, "model__colsample_bynode": 0.4568774073395879, "model__colsample_bytree": 0.9564317263612196, "model__learning_rate": 0.26918562139334634, "model__max_depth": 5.208435894780035, "model__n_estimators": 17.18096205060554, "model__reg_lambda": 0.056139793139677874}, "datetime": {"datetime": "2021-03-24 18:32:50", "elapsed": 200.707144, "delta": 1.41667}}
{"target": -0.34528919145451403, "params": {"model__colsample_bylevel": 1.0, "model__colsample_bynode": 1.0, "model__colsample_bytree": 1.0, "model__learning_rate": 0.3, "model__max_depth": 8.0, "model__n_estimators": 17.17447003315631, "model__reg_lambda": 7.6623470276992975}, "datetime": {"datetime": "2021-03-24 18:32:51", "elapsed": 201.851794, "delta": 1.14465}}
{"target": -0.31116601747622635, "params": {"model__colsample_bylevel": 0.3008016431538633, "model__colsample_bynode": 0.4732860556697425, "model__colsample_bytree": 0.65347971675267, "model__learning_rate": 0.12829516494856513, "model__max_depth": 6.481039602118589, "model__n_estimators": 21.78624077015884, "model__reg_lambda": 0.06852443937886865}, "datetime": {"datetime": "2021-03-24 18:32:52", "elapsed": 203.007837, "delta": 1.156043}}
{"target": -0.27684716066831483, "params": {"model__colsample_bylevel": 0.3788805040969445, "model__colsample_bynode": 0.987800176910292, "model__colsample_bytree": 0.6001891124299463, "model__learning_rate": 0.26224976619488877, "model__max_depth": 4.665964020963036, "model__n_estimators": 24.656431200896264, "model__reg_lambda": 1.9495939546646956}, "datetime": {"datetime": "2021-03-24 18:32:53", "elapsed": 204.312842, "delta": 1.305005}}
{"target": -0.3704069602721627, "params": {"model__colsample_bylevel": 1.0, "model__colsample_bynode": 1.0, "model__colsample_bytree": 0.3, "model__learning_rate": 0.3, "model__max_depth": 8.0, "model__n_estimators": 15.0, "model__reg_lambda": 6.611012217644393}, "datetime": {"datetime": "2021-03-24 18:32:55", "elapsed": 205.485803, "delta": 1.172961}}
{"target": -0.2908482594719237, "params": {"model__colsample_bylevel": 0.3, "model__colsample_bynode": 1.0, "model__colsample_bytree": 1.0, "model__learning_rate": 0.3, "model__max_depth": 6.641060405190495, "model__n_estimators": 28.15207344640971, "model__reg_lambda": 10.0}, "datetime": {"datetime": "2021-03-24 18:32:56", "elapsed": 206.677212, "delta": 1.191409}}
{"target": -0.3227755919108977, "params": {"model__colsample_bylevel": 0.3, "model__colsample_bynode": 0.586960409205469, "model__colsample_bytree": 0.30000010714429687, "model__learning_rate": 0.3, "model__max_depth": 2.903577053488193, "model__n_estimators": 28.64006548082502, "model__reg_lambda": 1.896367804363403}, "datetime": {"datetime": "2021-03-24 18:32:57", "elapsed": 208.024137, "delta": 1.346925}}
{"target": -0.3116337677503538, "params": {"model__colsample_bylevel": 1.0, "model__colsample_bynode": 0.32482052175480847, "model__colsample_bytree": 0.9999999998565872, "model__learning_rate": 0.3, "model__max_depth": 8.0, "model__n_estimators": 21.149786913833914, "model__reg_lambda": 0.22244721886377228}, "datetime": {"datetime": "2021-03-24 18:32:59", "elapsed": 209.587894, "delta": 1.563757}}
{"target": -0.38660585027377026, "params": {"model__colsample_bylevel": 0.5114033999322595, "model__colsample_bynode": 0.8957444396004213, "model__colsample_bytree": 0.8688884086007524, "model__learning_rate": 0.2845268661469462, "model__max_depth": 2.05091428745832, "model__n_estimators": 15.013217419286322, "model__reg_lambda": 5.402709841520319}, "datetime": {"datetime": "2021-03-24 18:33:00", "elapsed": 210.998698, "delta": 1.410804}}
{"target": -0.297266922194504, "params": {"model__colsample_bylevel": 0.3246327984880671, "model__colsample_bynode": 0.30885785339473604, "model__colsample_bytree": 0.812350306411437, "model__learning_rate": 0.29617707308845403, "model__max_depth": 5.334749123801133, "model__n_estimators": 20.19884842797783, "model__reg_lambda": 2.2045901886998576}, "datetime": {"datetime": "2021-03-24 18:33:01", "elapsed": 212.428666, "delta": 1.429968}}
{"target": -0.29664736008777726, "params": {"model__colsample_bylevel": 0.3499827680144358, "model__colsample_bynode": 0.3378315165673862, "model__colsample_bytree": 0.9485507316060007, "model__learning_rate": 0.29941561672401246, "model__max_depth": 6.440480152786047, "model__n_estimators": 29.657450121088136, "model__reg_lambda": 7.013082097952237}, "datetime": {"datetime": "2021-03-24 18:33:03", "elapsed": 213.67558, "delta": 1.246914}}
{"target": -0.35989140086685834, "params": {"model__colsample_bylevel": 0.3, "model__colsample_bynode": 1.0, "model__colsample_bytree": 0.3, "model__learning_rate": 0.3, "model__max_depth": 6.652047999346543, "model__n_estimators": 24.62864986692908, "model__reg_lambda": 10.0}, "datetime": {"datetime": "2021-03-24 18:33:04", "elapsed": 215.103174, "delta": 1.427594}}
{"target": -0.29472055057758817, "params": {"model__colsample_bylevel": 0.8872495631521868, "model__colsample_bynode": 0.9991357007887913, "model__colsample_bytree": 0.8116000340010119, "model__learning_rate": 0.28094801230127847, "model__max_depth": 2.1191098276854836, "model__n_estimators": 25.078357507959346, "model__reg_lambda": 3.0877825432810466}, "datetime": {"datetime": "2021-03-24 18:33:06", "elapsed": 216.929793, "delta": 1.826619}}
{"target": -0.29209761179450466, "params": {"model__colsample_bylevel": 1.0, "model__colsample_bynode": 1.0, "model__colsample_bytree": 1.0, "model__learning_rate": 0.3, "model__max_depth": 2.177005957998876, "model__n_estimators": 17.579799797309708, "model__reg_lambda": 1.2001690868861195}, "datetime": {"datetime": "2021-03-24 18:33:08", "elapsed": 218.462481, "delta": 1.532688}}
{"target": -0.29134317667922005, "params": {"model__colsample_bylevel": 0.4163787040560532, "model__colsample_bynode": 0.8354514913968694, "model__colsample_bytree": 0.8914263443905339, "model__learning_rate": 0.2952060773980727, "model__max_depth": 4.677503533851501, "model__n_estimators": 29.953183748284907, "model__reg_lambda": 6.305681961333324}, "datetime": {"datetime": "2021-03-24 18:33:09", "elapsed": 220.149937, "delta": 1.687456}}
{"target": -0.3580257661802613, "params": {"model__colsample_bylevel": 0.3, "model__colsample_bynode": 1.0, "model__colsample_bytree": 0.3, "model__learning_rate": 0.3, "model__max_depth": 3.995608211650581, "model__n_estimators": 27.087730039243617, "model__reg_lambda": 10.0}, "datetime": {"datetime": "2021-03-24 18:33:11", "elapsed": 221.474446, "delta": 1.324509}}
{"target": -0.3454782764724308, "params": {"model__colsample_bylevel": 1.0, "model__colsample_bynode": 0.3, "model__colsample_bytree": 0.3, "model__learning_rate": 0.3, "model__max_depth": 4.199592612361582, "model__n_estimators": 19.561394380055628, "model__reg_lambda": 3.2558003764688945}, "datetime": {"datetime": "2021-03-24 18:33:12", "elapsed": 222.865644, "delta": 1.391198}}
{"target": -0.27243431377278615, "params": {"model__colsample_bylevel": 0.9242009695725697, "model__colsample_bynode": 0.876767548667388, "model__colsample_bytree": 0.4620876418954395, "model__learning_rate": 0.2992568979815756, "model__max_depth": 2.690598003207314, "model__n_estimators": 29.92114461089499, "model__reg_lambda": 3.3882986730400355}, "datetime": {"datetime": "2021-03-24 18:33:13", "elapsed": 224.378248, "delta": 1.512604}}
{"target": -0.3236188398127485, "params": {"model__colsample_bylevel": 0.3, "model__colsample_bynode": 1.0, "model__colsample_bytree": 1.0, "model__learning_rate": 0.3, "model__max_depth": 6.035802390340063, "model__n_estimators": 21.394632727945016, "model__reg_lambda": 9.995243800716064}, "datetime": {"datetime": "2021-03-24 18:33:15", "elapsed": 225.945116, "delta": 1.566868}}
{"target": -0.2727959798124241, "params": {"model__colsample_bylevel": 0.30611109443012585, "model__colsample_bynode": 0.7406367434432313, "model__colsample_bytree": 0.898700077471706, "model__learning_rate": 0.27835474915644653, "model__max_depth": 7.949585465822075, "model__n_estimators": 28.225765853418977, "model__reg_lambda": 2.8134217605911003}, "datetime": {"datetime": "2021-03-24 18:33:16", "elapsed": 227.387677, "delta": 1.442561}}
{"target": -0.30766864230019453, "params": {"model__colsample_bylevel": 1.0, "model__colsample_bynode": 1.0, "model__colsample_bytree": 1.0, "model__learning_rate": 0.3, "model__max_depth": 8.0, "model__n_estimators": 26.62448133717512, "model__reg_lambda": 10.0}, "datetime": {"datetime": "2021-03-24 18:33:18", "elapsed": 229.395156, "delta": 2.007479}}
{"target": -0.3520565625556839, "params": {"model__colsample_bylevel": 0.42807111825527266, "model__colsample_bynode": 0.3, "model__colsample_bytree": 1.0, "model__learning_rate": 0.3, "model__max_depth": 8.0, "model__n_estimators": 22.46410294643291, "model__reg_lambda": 10.0}, "datetime": {"datetime": "2021-03-24 18:33:20", "elapsed": 230.728961, "delta": 1.333805}}
{"target": -0.3243036731146276, "params": {"model__colsample_bylevel": 0.9878787515339422, "model__colsample_bynode": 0.9431306288960344, "model__colsample_bytree": 0.988044598768816, "model__learning_rate": 0.29296931960442485, "model__max_depth": 6.640681360628181, "model__n_estimators": 19.274018416365404, "model__reg_lambda": 1.8262299115812952}, "datetime": {"datetime": "2021-03-24 18:33:22", "elapsed": 232.477762, "delta": 1.748801}}
{"target": -0.28828614991718393, "params": {"model__colsample_bylevel": 0.5905639743192469, "model__colsample_bynode": 0.34041064073929467, "model__colsample_bytree": 0.9194804620782551, "model__learning_rate": 0.2882439215519831, "model__max_depth": 7.857284329239137, "model__n_estimators": 29.201566764781127, "model__reg_lambda": 1.2893606840692862}, "datetime": {"datetime": "2021-03-24 18:33:23", "elapsed": 234.064341, "delta": 1.586579}}
{"target": -0.2864732066991037, "params": {"model__colsample_bylevel": 0.4696560256502699, "model__colsample_bynode": 0.9196174662971235, "model__colsample_bytree": 0.39919882397232914, "model__learning_rate": 0.28558053293618296, "model__max_depth": 3.323027050554135, "model__n_estimators": 21.565095714903293, "model__reg_lambda": 0.12676600803923743}, "datetime": {"datetime": "2021-03-24 18:33:25", "elapsed": 235.533738, "delta": 1.469397}}
{"target": -0.29377139487938175, "params": {"model__colsample_bylevel": 0.3708075929561972, "model__colsample_bynode": 0.8009652363801456, "model__colsample_bytree": 0.8004906710121942, "model__learning_rate": 0.2961499646423549, "model__max_depth": 5.244640689291572, "model__n_estimators": 27.82461413834603, "model__reg_lambda": 5.130440094665789}, "datetime": {"datetime": "2021-03-24 18:33:26", "elapsed": 236.880789, "delta": 1.347051}}
{"target": -0.24714058165268069, "params": {"model__colsample_bylevel": 0.8804765868067879, "model__colsample_bynode": 0.9389613024567081, "model__colsample_bytree": 0.8152477510461531, "model__learning_rate": 0.29761674179991643, "model__max_depth": 2.2410212286520172, "model__n_estimators": 28.012471239825068, "model__reg_lambda": 0.3240312642836518}, "datetime": {"datetime": "2021-03-24 18:33:28", "elapsed": 238.559492, "delta": 1.678703}}
{"target": -0.30846404752818923, "params": {"model__colsample_bylevel": 0.309266208055805, "model__colsample_bynode": 0.8190364599480766, "model__colsample_bytree": 0.9419510030976996, "model__learning_rate": 0.2513854132477621, "model__max_depth": 3.8658718717465033, "model__n_estimators": 15.026266937799033, "model__reg_lambda": 0.035791325715326394}, "datetime": {"datetime": "2021-03-24 18:33:29", "elapsed": 240.03489, "delta": 1.475398}}
{"target": -0.3333322410211912, "params": {"model__colsample_bylevel": 1.0, "model__colsample_bynode": 0.9862447394031506, "model__colsample_bytree": 1.0, "model__learning_rate": 0.3, "model__max_depth": 2.321219171717561, "model__n_estimators": 16.4394475066598, "model__reg_lambda": 4.030476517798805}, "datetime": {"datetime": "2021-03-24 18:33:30", "elapsed": 241.405556, "delta": 1.370666}}
{"target": -0.28066945820608163, "params": {"model__colsample_bylevel": 0.35015187473402065, "model__colsample_bynode": 0.9904948831528084, "model__colsample_bytree": 0.8231397814784762, "model__learning_rate": 0.2809516780949727, "model__max_depth": 7.82275980885448, "model__n_estimators": 22.705510923415925, "model__reg_lambda": 1.133753722915244}, "datetime": {"datetime": "2021-03-24 18:33:32", "elapsed": 242.865069, "delta": 1.459513}}
{"target": -0.29422067784724515, "params": {"model__colsample_bylevel": 0.6329026858788815, "model__colsample_bynode": 0.6796114537561708, "model__colsample_bytree": 0.9501171433750144, "model__learning_rate": 0.27600420995644404, "model__max_depth": 6.368200315386195, "model__n_estimators": 27.471212062683918, "model__reg_lambda": 0.0016879355482724012}, "datetime": {"datetime": "2021-03-24 18:33:34", "elapsed": 244.570723, "delta": 1.705654}}
