{"target": -0.3256345889375855, "params": {"model__colsample_bylevel": 0.9426044924017256, "model__colsample_bynode": 0.5260125425777793, "model__colsample_bytree": 0.5074653319167783, "model__learning_rate": 0.15418522802672452, "model__max_depth": 3.474343666196627, "model__n_estimators": 26.630539663467353, "model__reg_lambda": 2.632384799456182}, "datetime": {"datetime": "2021-03-24 18:29:32", "elapsed": 2.894836, "delta": 0.057098}}
{"target": -0.3119558174568026, "params": {"model__colsample_bylevel": 0.8032909797610204, "model__colsample_bynode": 0.7713021432027297, "model__colsample_bytree": 0.6853736563856032, "model__learning_rate": 0.23655460523720243, "model__max_depth": 3.0441975506001606, "model__n_estimators": 21.967771044500967, "model__reg_lambda": 4.939589109277965}, "datetime": {"datetime": "2021-03-24 18:29:32", "elapsed": 2.953711, "delta": 0.058875}}
{"target": -0.36438008718921433, "params": {"model__colsample_bylevel": 0.3191878877624776, "model__colsample_bynode": 0.4527668367686508, "model__colsample_bytree": 0.9533861738476699, "model__learning_rate": 0.23172885748318614, "model__max_depth": 7.871974941466348, "model__n_estimators": 20.539710627919593, "model__reg_lambda": 7.6239037960184355}, "datetime": {"datetime": "2021-03-24 18:29:32", "elapsed": 3.01231, "delta": 0.058599}}
{"target": -0.3900376004355865, "params": {"model__colsample_bylevel": 0.7197656118669662, "model__colsample_bynode": 0.7214646750503465, "model__colsample_bytree": 0.37931534877147977, "model__learning_rate": 0.14444015703665763, "model__max_depth": 2.433575141809544, "model__n_estimators": 22.57954207818872, "model__reg_lambda": 3.4509917372173025}, "datetime": {"datetime": "2021-03-24 18:29:32", "elapsed": 3.070076, "delta": 0.057766}}
{"target": -0.3361683564193115, "params": {"model__colsample_bylevel": 0.43770438267170664, "model__colsample_bynode": 0.562288016838024, "model__colsample_bytree": 0.6684847059501842, "model__learning_rate": 0.24216538663414655, "model__max_depth": 5.53982800385271, "model__n_estimators": 24.586364893849456, "model__reg_lambda": 6.03761911116279}, "datetime": {"datetime": "2021-03-24 18:29:32", "elapsed": 3.126796, "delta": 0.05672}}
{"target": -0.3136587148042989, "params": {"model__colsample_bylevel": 0.5615024327662378, "model__colsample_bynode": 0.5278880157630303, "model__colsample_bytree": 0.6927994632423486, "model__learning_rate": 0.2499326997232081, "model__max_depth": 7.515144966264312, "model__n_estimators": 27.41503748405572, "model__reg_lambda": 5.537273620404508}, "datetime": {"datetime": "2021-03-24 18:29:32", "elapsed": 3.188148, "delta": 0.061352}}
{"target": -0.3459535369426822, "params": {"model__colsample_bylevel": 0.8773753442334304, "model__colsample_bynode": 0.3197624374107063, "model__colsample_bytree": 0.8582648079772404, "model__learning_rate": 0.1398977410305498, "model__max_depth": 6.115045756510598, "model__n_estimators": 27.377846347953547, "model__reg_lambda": 3.1496308071503187}, "datetime": {"datetime": "2021-03-24 18:29:32", "elapsed": 3.251874, "delta": 0.063726}}
{"target": -0.3466409956381751, "params": {"model__colsample_bylevel": 0.5798231824380045, "model__colsample_bynode": 0.9899122285696411, "model__colsample_bytree": 0.4774952834387126, "model__learning_rate": 0.25106786479472265, "model__max_depth": 4.436357453829759, "model__n_estimators": 19.72844903945682, "model__reg_lambda": 7.705159221072094}, "datetime": {"datetime": "2021-03-24 18:29:32", "elapsed": 3.306356, "delta": 0.054482}}
{"target": -0.33360569219280406, "params": {"model__colsample_bylevel": 0.6149024037576569, "model__colsample_bynode": 0.7970601762740899, "model__colsample_bytree": 0.4555403075808654, "model__learning_rate": 0.26476738246878556, "model__max_depth": 6.3006447069266285, "model__n_estimators": 22.48861984031197, "model__reg_lambda": 7.91551010046181}, "datetime": {"datetime": "2021-03-24 18:29:32", "elapsed": 3.374912, "delta": 0.068556}}
{"target": -0.29642955934649085, "params": {"model__colsample_bylevel": 0.9437937215686736, "model__colsample_bynode": 0.8511722448868555, "model__colsample_bytree": 0.5084857837350747, "model__learning_rate": 0.24346701302396254, "model__max_depth": 5.690340786662006, "model__n_estimators": 27.619845335231588, "model__reg_lambda": 4.0456797253845265}, "datetime": {"datetime": "2021-03-24 18:29:32", "elapsed": 3.439341, "delta": 0.064429}}
{"target": -0.2852079987390966, "params": {"model__colsample_bylevel": 0.6173529449301774, "model__colsample_bynode": 0.3656352091501882, "model__colsample_bytree": 0.45305055880659917, "model__learning_rate": 0.20586849821836273, "model__max_depth": 5.173197962934258, "model__n_estimators": 25.696146745858105, "model__reg_lambda": 2.863925264426952}, "datetime": {"datetime": "2021-03-24 18:29:33", "elapsed": 3.50268, "delta": 0.063339}}
{"target": -0.43747282306245266, "params": {"model__colsample_bylevel": 0.3812502817792496, "model__colsample_bynode": 0.43107613084910207, "model__colsample_bytree": 0.6036033759584388, "model__learning_rate": 0.13710847453713484, "model__max_depth": 2.7407946095138094, "model__n_estimators": 25.875381462387566, "model__reg_lambda": 9.101677556132595}, "datetime": {"datetime": "2021-03-24 18:29:33", "elapsed": 3.558807, "delta": 0.056127}}
{"target": -0.3498631327183566, "params": {"model__colsample_bylevel": 0.3426383940311504, "model__colsample_bynode": 0.3292770968669983, "model__colsample_bytree": 0.49999974247633633, "model__learning_rate": 0.21592871225493404, "model__max_depth": 7.629568478689846, "model__n_estimators": 23.72527860523467, "model__reg_lambda": 6.7998375849329875}, "datetime": {"datetime": "2021-03-24 18:29:33", "elapsed": 3.61966, "delta": 0.060853}}
{"target": -0.3691217645010708, "params": {"model__colsample_bylevel": 1.0, "model__colsample_bynode": 0.3189917122331255, "model__colsample_bytree": 0.3, "model__learning_rate": 0.3, "model__max_depth": 2.0, "model__n_estimators": 30.0, "model__reg_lambda": 10.0}, "datetime": {"datetime": "2021-03-24 18:29:33", "elapsed": 4.337437, "delta": 0.717777}}
{"target": -0.36305282728854515, "params": {"model__colsample_bylevel": 1.0, "model__colsample_bynode": 1.0, "model__colsample_bytree": 1.0, "model__learning_rate": 0.3, "model__max_depth": 8.0, "model__n_estimators": 15.0, "model__reg_lambda": 10.0}, "datetime": {"datetime": "2021-03-24 18:29:34", "elapsed": 5.015992, "delta": 0.678555}}
{"target": -0.34332788285083965, "params": {"model__colsample_bylevel": 0.3, "model__colsample_bynode": 1.0, "model__colsample_bytree": 0.3, "model__learning_rate": 0.3, "model__max_depth": 8.0, "model__n_estimators": 30.0, "model__reg_lambda": 10.0}, "datetime": {"datetime": "2021-03-24 18:29:35", "elapsed": 5.722146, "delta": 0.706154}}
{"target": -0.3317717620131114, "params": {"model__colsample_bylevel": 0.3, "model__colsample_bynode": 0.3, "model__colsample_bytree": 0.3, "model__learning_rate": 0.3, "model__max_depth": 3.2840904929992463, "model__n_estimators": 30.0, "model__reg_lambda": 4.842055071092262}, "datetime": {"datetime": "2021-03-24 18:29:35", "elapsed": 6.427376, "delta": 0.70523}}
{"target": -0.3565893023072377, "params": {"model__colsample_bylevel": 1.0, "model__colsample_bynode": 1.0, "model__colsample_bytree": 1.0, "model__learning_rate": 0.3, "model__max_depth": 5.381269155940197, "model__n_estimators": 15.0, "model__reg_lambda": 0.0}, "datetime": {"datetime": "2021-03-24 18:29:36", "elapsed": 7.101735, "delta": 0.674359}}
{"target": -0.30569088781637177, "params": {"model__colsample_bylevel": 0.3, "model__colsample_bynode": 0.3, "model__colsample_bytree": 1.0, "model__learning_rate": 0.3, "model__max_depth": 8.0, "model__n_estimators": 15.0, "model__reg_lambda": 0.0}, "datetime": {"datetime": "2021-03-24 18:29:37", "elapsed": 7.673437, "delta": 0.571702}}
{"target": -0.3434809081803036, "params": {"model__colsample_bylevel": 1.0, "model__colsample_bynode": 1.0, "model__colsample_bytree": 1.0, "model__learning_rate": 0.3, "model__max_depth": 2.0, "model__n_estimators": 22.186965541956294, "model__reg_lambda": 10.0}, "datetime": {"datetime": "2021-03-24 18:29:38", "elapsed": 8.503272, "delta": 0.829835}}
{"target": -0.32470960786998054, "params": {"model__colsample_bylevel": 1.0, "model__colsample_bynode": 0.3, "model__colsample_bytree": 1.0, "model__learning_rate": 0.3, "model__max_depth": 8.0, "model__n_estimators": 15.0, "model__reg_lambda": 5.794419769155201}, "datetime": {"datetime": "2021-03-24 18:29:38", "elapsed": 9.290348, "delta": 0.787076}}
{"target": -0.25660868521072844, "params": {"model__colsample_bylevel": 0.3339045591034516, "model__colsample_bynode": 0.8733489119111646, "model__colsample_bytree": 0.9117091875279415, "model__learning_rate": 0.2675447904998314, "model__max_depth": 5.347214090624149, "model__n_estimators": 27.648442527265118, "model__reg_lambda": 0.07865913871209385}, "datetime": {"datetime": "2021-03-24 18:29:39", "elapsed": 10.053229, "delta": 0.762881}}
{"target": -0.31825334320243015, "params": {"model__colsample_bylevel": 0.3, "model__colsample_bynode": 0.3639015390831296, "model__colsample_bytree": 1.0, "model__learning_rate": 0.3, "model__max_depth": 7.1406559091768, "model__n_estimators": 21.444030594409323, "model__reg_lambda": 3.6272130276386076}, "datetime": {"datetime": "2021-03-24 18:29:40", "elapsed": 10.839343, "delta": 0.786114}}
{"target": -0.33446290500435066, "params": {"model__colsample_bylevel": 0.5703911379274306, "model__colsample_bynode": 0.8613244430035891, "model__colsample_bytree": 0.48889446960613103, "model__learning_rate": 0.28179208329940975, "model__max_depth": 7.93752686495083, "model__n_estimators": 23.279257311919853, "model__reg_lambda": 9.90149130855886}, "datetime": {"datetime": "2021-03-24 18:29:41", "elapsed": 11.655164, "delta": 0.815821}}
{"target": -0.2826020999588882, "params": {"model__colsample_bylevel": 0.4462023037193389, "model__colsample_bynode": 0.33173276262773393, "model__colsample_bytree": 0.7163972738850463, "model__learning_rate": 0.2847837551659348, "model__max_depth": 2.6832819090090183, "model__n_estimators": 28.73124024143597, "model__reg_lambda": 0.26871055707005764}, "datetime": {"datetime": "2021-03-24 18:29:41", "elapsed": 12.344118, "delta": 0.688954}}
{"target": -0.32026108798496694, "params": {"model__colsample_bylevel": 0.5412667321767012, "model__colsample_bynode": 1.0, "model__colsample_bytree": 0.3, "model__learning_rate": 0.3, "model__max_depth": 8.0, "model__n_estimators": 19.147920533405433, "model__reg_lambda": 0.0}, "datetime": {"datetime": "2021-03-24 18:29:42", "elapsed": 13.107266, "delta": 0.763148}}
{"target": -0.30770011167041955, "params": {"model__colsample_bylevel": 1.0, "model__colsample_bynode": 1.0, "model__colsample_bytree": 1.0, "model__learning_rate": 0.3, "model__max_depth": 4.723659691768342, "model__n_estimators": 30.0, "model__reg_lambda": 10.0}, "datetime": {"datetime": "2021-03-24 18:29:43", "elapsed": 13.948194, "delta": 0.840928}}
{"target": -0.3228076376645165, "params": {"model__colsample_bylevel": 0.3, "model__colsample_bynode": 1.0, "model__colsample_bytree": 0.3, "model__learning_rate": 0.3, "model__max_depth": 7.2103456208545476, "model__n_estimators": 30.0, "model__reg_lambda": 4.308461385757121}, "datetime": {"datetime": "2021-03-24 18:29:44", "elapsed": 14.661884, "delta": 0.71369}}
{"target": -0.2825671799879089, "params": {"model__colsample_bylevel": 0.6449437835947499, "model__colsample_bynode": 0.9597035237053344, "model__colsample_bytree": 0.39257078966612113, "model__learning_rate": 0.2951669179640135, "model__max_depth": 5.560514624326668, "model__n_estimators": 29.87713567063354, "model__reg_lambda": 0.17779517365200337}, "datetime": {"datetime": "2021-03-24 18:29:44", "elapsed": 15.306211, "delta": 0.644327}}
{"target": -0.3205651105691989, "params": {"model__colsample_bylevel": 1.0, "model__colsample_bynode": 1.0, "model__colsample_bytree": 1.0, "model__learning_rate": 0.3, "model__max_depth": 8.0, "model__n_estimators": 24.19356767849351, "model__reg_lambda": 7.888775341929377}, "datetime": {"datetime": "2021-03-24 18:29:45", "elapsed": 16.112537, "delta": 0.806326}}
{"target": -0.4348782852953434, "params": {"model__colsample_bylevel": 0.3, "model__colsample_bynode": 0.3, "model__colsample_bytree": 1.0, "model__learning_rate": 0.3, "model__max_depth": 2.0, "model__n_estimators": 15.0, "model__reg_lambda": 10.0}, "datetime": {"datetime": "2021-03-24 18:29:46", "elapsed": 16.87233, "delta": 0.759793}}
{"target": -0.2798688969060279, "params": {"model__colsample_bylevel": 0.3, "model__colsample_bynode": 0.9999999995309565, "model__colsample_bytree": 0.9999999961309666, "model__learning_rate": 0.3, "model__max_depth": 6.664276093789336, "model__n_estimators": 23.369370609664788, "model__reg_lambda": 1.297317702975972}, "datetime": {"datetime": "2021-03-24 18:29:47", "elapsed": 17.586156, "delta": 0.713826}}
{"target": -0.29418151327510084, "params": {"model__colsample_bylevel": 0.9782818950398406, "model__colsample_bynode": 0.8602217071849725, "model__colsample_bytree": 0.7752928639515875, "model__learning_rate": 0.29762478926383135, "model__max_depth": 2.3239783896215163, "model__n_estimators": 28.537440144580422, "model__reg_lambda": 6.167238197120366}, "datetime": {"datetime": "2021-03-24 18:29:47", "elapsed": 18.255427, "delta": 0.669271}}
{"target": -0.28854855663207213, "params": {"model__colsample_bylevel": 0.5313925661320307, "model__colsample_bynode": 0.8344421953036754, "model__colsample_bytree": 0.726088248823243, "model__learning_rate": 0.26227589771211207, "model__max_depth": 2.1201428681942818, "model__n_estimators": 29.593196774406874, "model__reg_lambda": 2.7038527009670865}, "datetime": {"datetime": "2021-03-24 18:29:48", "elapsed": 19.040527, "delta": 0.7851}}
{"target": -0.30310864448783575, "params": {"model__colsample_bylevel": 0.34588131013729967, "model__colsample_bynode": 0.6871525815610813, "model__colsample_bytree": 0.9941550745853998, "model__learning_rate": 0.27232271240929207, "model__max_depth": 2.4014009142743027, "model__n_estimators": 26.451405295060056, "model__reg_lambda": 1.179158345533431}, "datetime": {"datetime": "2021-03-24 18:29:49", "elapsed": 19.889156, "delta": 0.848629}}
{"target": -0.32197707247906837, "params": {"model__colsample_bylevel": 0.8010428914143419, "model__colsample_bynode": 0.3484563317723013, "model__colsample_bytree": 0.7953192050103566, "model__learning_rate": 0.29895306446926306, "model__max_depth": 2.415649665534654, "model__n_estimators": 18.636133656161995, "model__reg_lambda": 0.083169556278051}, "datetime": {"datetime": "2021-03-24 18:29:50", "elapsed": 20.551193, "delta": 0.662037}}
{"target": -0.31094957904930676, "params": {"model__colsample_bylevel": 0.39363880634196996, "model__colsample_bynode": 0.7511330114201438, "model__colsample_bytree": 0.39222474766834614, "model__learning_rate": 0.2416347075029736, "model__max_depth": 7.998056836387945, "model__n_estimators": 24.51588070169617, "model__reg_lambda": 2.216457032510114}, "datetime": {"datetime": "2021-03-24 18:29:50", "elapsed": 21.302994, "delta": 0.751801}}
{"target": -0.3252219024816177, "params": {"model__colsample_bylevel": 1.0, "model__colsample_bynode": 1.0, "model__colsample_bytree": 0.3, "model__learning_rate": 0.3, "model__max_depth": 7.333605904883475, "model__n_estimators": 28.04661184682423, "model__reg_lambda": 9.48213440267155}, "datetime": {"datetime": "2021-03-24 18:29:51", "elapsed": 22.08875, "delta": 0.785756}}
{"target": -0.2921096057141793, "params": {"model__colsample_bylevel": 1.0, "model__colsample_bynode": 0.8822853040802566, "model__colsample_bytree": 1.0, "model__learning_rate": 0.3, "model__max_depth": 4.282493161159683, "model__n_estimators": 20.08758111061168, "model__reg_lambda": 2.84095824862562}, "datetime": {"datetime": "2021-03-24 18:29:52", "elapsed": 22.811058, "delta": 0.722308}}
{"target": -0.3485244440839396, "params": {"model__colsample_bylevel": 0.3, "model__colsample_bynode": 0.3, "model__colsample_bytree": 1.0, "model__learning_rate": 0.3, "model__max_depth": 5.956871460053505, "model__n_estimators": 15.0, "model__reg_lambda": 2.069815835933502}, "datetime": {"datetime": "2021-03-24 18:29:53", "elapsed": 23.464512, "delta": 0.653454}}
{"target": -0.3396562845081739, "params": {"model__colsample_bylevel": 1.0, "model__colsample_bynode": 1.0, "model__colsample_bytree": 1.0, "model__learning_rate": 0.3, "model__max_depth": 8.0, "model__n_estimators": 19.18418228226136, "model__reg_lambda": 10.0}, "datetime": {"datetime": "2021-03-24 18:29:53", "elapsed": 24.257177, "delta": 0.792665}}
{"target": -0.3069813278445087, "params": {"model__colsample_bylevel": 0.3, "model__colsample_bynode": 1.0, "model__colsample_bytree": 1.0, "model__learning_rate": 0.3, "model__max_depth": 8.0, "model__n_estimators": 30.0, "model__reg_lambda": 0.0}, "datetime": {"datetime": "2021-03-24 18:29:54", "elapsed": 25.020723, "delta": 0.763546}}
{"target": -0.27554908916725357, "params": {"model__colsample_bylevel": 0.9253313930315632, "model__colsample_bynode": 0.8919333589410561, "model__colsample_bytree": 0.659198326782781, "model__learning_rate": 0.29147222777299064, "model__max_depth": 3.8960230798510684, "model__n_estimators": 29.60227499957149, "model__reg_lambda": 1.8408008790633346}, "datetime": {"datetime": "2021-03-24 18:29:55", "elapsed": 25.685616, "delta": 0.664893}}
{"target": -0.3364464258498418, "params": {"model__colsample_bylevel": 1.0, "model__colsample_bynode": 0.3, "model__colsample_bytree": 0.3, "model__learning_rate": 0.3, "model__max_depth": 8.0, "model__n_estimators": 16.261461774336695, "model__reg_lambda": 0.9798840207902026}, "datetime": {"datetime": "2021-03-24 18:29:55", "elapsed": 26.375469, "delta": 0.689853}}
{"target": -0.33165146875249196, "params": {"model__colsample_bylevel": 0.3, "model__colsample_bynode": 0.3, "model__colsample_bytree": 0.3, "model__learning_rate": 0.3, "model__max_depth": 3.814726817383956, "model__n_estimators": 16.51087467702414, "model__reg_lambda": 0.0}, "datetime": {"datetime": "2021-03-24 18:29:56", "elapsed": 27.128593, "delta": 0.753124}}
{"target": -0.2821569378761089, "params": {"model__colsample_bylevel": 0.3962749342684352, "model__colsample_bynode": 0.927147254183649, "model__colsample_bytree": 0.30618215677952326, "model__learning_rate": 0.2929291795874823, "model__max_depth": 6.200551559505074, "model__n_estimators": 24.65824323131797, "model__reg_lambda": 0.46907155728077354}, "datetime": {"datetime": "2021-03-24 18:29:57", "elapsed": 27.800976, "delta": 0.672383}}
{"target": -0.32403172737905295, "params": {"model__colsample_bylevel": 1.0, "model__colsample_bynode": 1.0, "model__colsample_bytree": 0.6229406727204124, "model__learning_rate": 0.3, "model__max_depth": 7.999999978277929, "model__n_estimators": 18.569814235433142, "model__reg_lambda": 6.202693203267339}, "datetime": {"datetime": "2021-03-24 18:29:58", "elapsed": 28.486144, "delta": 0.685168}}
{"target": -0.31132833029032153, "params": {"model__colsample_bylevel": 0.3, "model__colsample_bynode": 1.0, "model__colsample_bytree": 1.0, "model__learning_rate": 0.3, "model__max_depth": 4.368963604429776, "model__n_estimators": 19.084181481896906, "model__reg_lambda": 0.0}, "datetime": {"datetime": "2021-03-24 18:29:58", "elapsed": 29.255653, "delta": 0.769509}}
{"target": -0.26492844558678624, "params": {"model__colsample_bylevel": 0.6539061665344799, "model__colsample_bynode": 0.4071178101245599, "model__colsample_bytree": 0.9290619056380625, "model__learning_rate": 0.2986949122135647, "model__max_depth": 5.509021527334775, "model__n_estimators": 25.793187117497304, "model__reg_lambda": 0.16879335437277265}, "datetime": {"datetime": "2021-03-24 18:29:59", "elapsed": 30.39615, "delta": 1.140497}}
{"target": -0.34493951696187153, "params": {"model__colsample_bylevel": 1.0, "model__colsample_bynode": 0.3, "model__colsample_bytree": 0.3, "model__learning_rate": 0.3, "model__max_depth": 6.051589982592925, "model__n_estimators": 29.996825180803075, "model__reg_lambda": 10.0}, "datetime": {"datetime": "2021-03-24 18:30:00", "elapsed": 31.441444, "delta": 1.045294}}
{"target": -0.30039006219771897, "params": {"model__colsample_bylevel": 1.0, "model__colsample_bynode": 1.0, "model__colsample_bytree": 1.0, "model__learning_rate": 0.3, "model__max_depth": 8.0, "model__n_estimators": 30.0, "model__reg_lambda": 10.0}, "datetime": {"datetime": "2021-03-24 18:30:02", "elapsed": 32.459626, "delta": 1.018182}}
{"target": -0.2933312431403834, "params": {"model__colsample_bylevel": 0.977408475057272, "model__colsample_bynode": 0.31967653532914164, "model__colsample_bytree": 0.9470812974692919, "model__learning_rate": 0.29151384842852746, "model__max_depth": 6.713540357080115, "model__n_estimators": 29.504420079056505, "model__reg_lambda": 0.009961075281388343}, "datetime": {"datetime": "2021-03-24 18:30:03", "elapsed": 33.760254, "delta": 1.300628}}
{"target": -0.32691718650900803, "params": {"model__colsample_bylevel": 0.3, "model__colsample_bynode": 1.0, "model__colsample_bytree": 1.0, "model__learning_rate": 0.3, "model__max_depth": 8.0, "model__n_estimators": 15.0, "model__reg_lambda": 5.547098159098378}, "datetime": {"datetime": "2021-03-24 18:30:04", "elapsed": 34.941189, "delta": 1.180935}}
{"target": -0.2757917528698707, "params": {"model__colsample_bylevel": 0.3430865970690964, "model__colsample_bynode": 0.5257772029842793, "model__colsample_bytree": 0.468098793919807, "model__learning_rate": 0.2942159364359944, "model__max_depth": 5.387946882660216, "model__n_estimators": 26.587655224661905, "model__reg_lambda": 1.5109580907172082}, "datetime": {"datetime": "2021-03-24 18:30:05", "elapsed": 36.10521, "delta": 1.164021}}
