{"target": -0.2861908223874786, "params": {"model__colsample_bylevel": 0.9744592491570234, "model__colsample_bynode": 0.36841217204329785, "model__colsample_bytree": 0.4324829280841459, "model__learning_rate": 0.20860688267911653, "model__max_depth": 7.827219889443476, "model__n_estimators": 29.81070950533968, "model__reg_lambda": 0.28560734203661897}, "datetime": {"datetime": "2021-03-24 18:33:35", "elapsed": 246.119922, "delta": 1.549199}}
