{"target": -0.46516956872158294, "params": {"model__colsample_bylevel": 0.42227770799669256, "model__colsample_bynode": 0.5128687597088988, "model__colsample_bytree": 0.33601086791084034, "model__learning_rate": 0.18440976069572373, "model__max_depth": 3.735812795789454, "model__n_estimators": 29.836134397454295, "model__reg_lambda": 3.9923367824256575}, "datetime": {"datetime": "2021-03-24 19:50:29", "elapsed": 222.880574, "delta": 1.691695}}
{"target": -0.44856807134600113, "params": {"model__colsample_bylevel": 0.5772073708982705, "model__colsample_bynode": 0.9558255392489876, "model__colsample_bytree": 0.9149503019770795, "model__learning_rate": 0.2612705037737265, "model__max_depth": 4.786311303455862, "model__n_estimators": 27.34184868189083, "model__reg_lambda": 9.172925428616537}, "datetime": {"datetime": "2021-03-24 19:50:31", "elapsed": 224.59193, "delta": 1.711356}}
{"target": -0.4845008700547835, "params": {"model__colsample_bylevel": 0.9778771945289642, "model__colsample_bynode": 0.3956992644012888, "model__colsample_bytree": 0.9965770867623986, "model__learning_rate": 0.274073303945672, "model__max_depth": 5.116173994737329, "model__n_estimators": 19.89971637275304, "model__reg_lambda": 0.14977706709964678}, "datetime": {"datetime": "2021-03-24 19:50:33", "elapsed": 226.140515, "delta": 1.548585}}
{"target": -0.44535906753246335, "params": {"model__colsample_bylevel": 0.9653288145262531, "model__colsample_bynode": 0.9836423329191168, "model__colsample_bytree": 0.5383369128832896, "model__learning_rate": 0.16080364396446725, "model__max_depth": 4.821989833455093, "model__n_estimators": 17.253001376133643, "model__reg_lambda": 0.1369434160289984}, "datetime": {"datetime": "2021-03-24 19:50:34", "elapsed": 227.475314, "delta": 1.334799}}
{"target": -0.4528636579219576, "params": {"model__colsample_bylevel": 0.31910287540985477, "model__colsample_bynode": 0.4538409652808967, "model__colsample_bytree": 0.9739191922419796, "model__learning_rate": 0.29692066207876633, "model__max_depth": 4.45185592850789, "model__n_estimators": 27.373414965452238, "model__reg_lambda": 7.730167231524882}, "datetime": {"datetime": "2021-03-24 19:50:36", "elapsed": 229.687362, "delta": 2.212048}}
{"target": -0.4526489050114068, "params": {"model__colsample_bylevel": 0.3818277936067495, "model__colsample_bynode": 0.6232808208211995, "model__colsample_bytree": 0.9491571784467809, "model__learning_rate": 0.2893110891515619, "model__max_depth": 5.663685681396134, "model__n_estimators": 16.49345410210341, "model__reg_lambda": 6.223120090601268}, "datetime": {"datetime": "2021-03-24 19:50:38", "elapsed": 231.130355, "delta": 1.442993}}
{"target": -0.454033954475291, "params": {"model__colsample_bylevel": 0.4313903577161324, "model__colsample_bynode": 0.4915802285620966, "model__colsample_bytree": 0.9768458042261765, "model__learning_rate": 0.2934273232791925, "model__max_depth": 6.065427277178678, "model__n_estimators": 15.01507253726713, "model__reg_lambda": 8.678659788491194}, "datetime": {"datetime": "2021-03-24 19:50:39", "elapsed": 232.811802, "delta": 1.681447}}
{"target": -0.44397992488482724, "params": {"model__colsample_bylevel": 0.5531646977152993, "model__colsample_bynode": 0.591516646144465, "model__colsample_bytree": 0.9833811554528054, "model__learning_rate": 0.1094992089277157, "model__max_depth": 7.698196934757714, "model__n_estimators": 16.63064429958362, "model__reg_lambda": 0.5150756030034154}, "datetime": {"datetime": "2021-03-24 19:50:41", "elapsed": 234.638064, "delta": 1.826262}}
{"target": -0.4444834006963756, "params": {"model__colsample_bylevel": 0.3773530422675717, "model__colsample_bynode": 0.3473487322858019, "model__colsample_bytree": 0.9407178748692053, "model__learning_rate": 0.25896863845188944, "model__max_depth": 7.7076846466573095, "model__n_estimators": 21.583615660128128, "model__reg_lambda": 4.859567667699945}, "datetime": {"datetime": "2021-03-24 19:50:43", "elapsed": 236.719194, "delta": 2.08113}}
{"target": -0.4556567637344309, "params": {"model__colsample_bylevel": 0.5428398408194761, "model__colsample_bynode": 0.310513230987004, "model__colsample_bytree": 0.9000996888032868, "model__learning_rate": 0.2591894569405482, "model__max_depth": 4.58014994399012, "model__n_estimators": 22.787096179604543, "model__reg_lambda": 4.8778294720204896}, "datetime": {"datetime": "2021-03-24 19:50:45", "elapsed": 238.496419, "delta": 1.777225}}
{"target": -0.4491696366615107, "params": {"model__colsample_bylevel": 0.9999999916150617, "model__colsample_bynode": 0.3000000077044308, "model__colsample_bytree": 0.9973064125273724, "model__learning_rate": 0.1, "model__max_depth": 2.000000014862851, "model__n_estimators": 27.33052409363435, "model__reg_lambda": 0.04795292116973799}, "datetime": {"datetime": "2021-03-24 19:50:47", "elapsed": 240.414725, "delta": 1.918306}}
{"target": -0.4556751470972339, "params": {"model__colsample_bylevel": 0.9606589487404138, "model__colsample_bynode": 0.4871574478752807, "model__colsample_bytree": 0.3403240284730716, "model__learning_rate": 0.2801464639458596, "model__max_depth": 2.031850404423277, "model__n_estimators": 26.896044211137642, "model__reg_lambda": 5.645224271349543}, "datetime": {"datetime": "2021-03-24 19:50:49", "elapsed": 242.141717, "delta": 1.726992}}
{"target": -0.4559969661575135, "params": {"model__colsample_bylevel": 0.9792263946948054, "model__colsample_bynode": 0.8933842070263747, "model__colsample_bytree": 0.9925521327456053, "model__learning_rate": 0.27921262209666253, "model__max_depth": 3.815760441207497, "model__n_estimators": 20.988278356124262, "model__reg_lambda": 9.05016185727038}, "datetime": {"datetime": "2021-03-24 19:50:51", "elapsed": 244.243648, "delta": 2.101931}}
{"target": -0.4566156747710446, "params": {"model__colsample_bylevel": 0.627331248262428, "model__colsample_bynode": 0.9979609377116034, "model__colsample_bytree": 0.9494586602347852, "model__learning_rate": 0.2965908076571617, "model__max_depth": 3.729438913538111, "model__n_estimators": 25.70831071423612, "model__reg_lambda": 9.751270434094337}, "datetime": {"datetime": "2021-03-24 19:50:53", "elapsed": 246.205098, "delta": 1.96145}}
{"target": -0.4356166348968079, "params": {"model__colsample_bylevel": 0.4845701078568705, "model__colsample_bynode": 0.8475228673321364, "model__colsample_bytree": 0.9895994000644457, "model__learning_rate": 0.10967857223825889, "model__max_depth": 5.6928202765538485, "model__n_estimators": 24.481610686142364, "model__reg_lambda": 0.9425099580600105}, "datetime": {"datetime": "2021-03-24 19:50:54", "elapsed": 247.615752, "delta": 1.410654}}
{"target": -0.44925672268238515, "params": {"model__colsample_bylevel": 0.5562015003122986, "model__colsample_bynode": 0.9502569321406822, "model__colsample_bytree": 0.9843219980122124, "model__learning_rate": 0.2300980325888668, "model__max_depth": 7.352394448490131, "model__n_estimators": 15.437482269373644, "model__reg_lambda": 0.32244947713484406}, "datetime": {"datetime": "2021-03-24 19:50:56", "elapsed": 249.483062, "delta": 1.86731}}
{"target": -0.44857231975546574, "params": {"model__colsample_bylevel": 0.3033987171544416, "model__colsample_bynode": 0.9914334902449657, "model__colsample_bytree": 0.8792852652170939, "model__learning_rate": 0.2933841084233366, "model__max_depth": 7.988933586009327, "model__n_estimators": 20.106787098550434, "model__reg_lambda": 3.6463542435355647}, "datetime": {"datetime": "2021-03-24 19:50:58", "elapsed": 251.249781, "delta": 1.766719}}
{"target": -0.43911716959918373, "params": {"model__colsample_bylevel": 0.39966753004780964, "model__colsample_bynode": 0.9175762200367641, "model__colsample_bytree": 0.9836517515576773, "model__learning_rate": 0.2991780868698696, "model__max_depth": 2.046400543563356, "model__n_estimators": 17.339537705373797, "model__reg_lambda": 0.24646218583716295}, "datetime": {"datetime": "2021-03-24 19:51:00", "elapsed": 253.155824, "delta": 1.906043}}
{"target": -0.45789876416261455, "params": {"model__colsample_bylevel": 0.3135831295145435, "model__colsample_bynode": 0.402469052512615, "model__colsample_bytree": 0.3499280744667793, "model__learning_rate": 0.2921579323467931, "model__max_depth": 2.074672091029621, "model__n_estimators": 17.37634752447089, "model__reg_lambda": 0.12431887330233926}, "datetime": {"datetime": "2021-03-24 19:51:01", "elapsed": 254.65225, "delta": 1.496426}}
{"target": -0.44210897335863636, "params": {"model__colsample_bylevel": 0.3000000210703955, "model__colsample_bynode": 0.3, "model__colsample_bytree": 1.0, "model__learning_rate": 0.3, "model__max_depth": 4.874688652104738, "model__n_estimators": 19.84821284518248, "model__reg_lambda": 7.111289196905773}, "datetime": {"datetime": "2021-03-24 19:51:03", "elapsed": 256.288114, "delta": 1.635864}}
{"target": -0.4498081952029758, "params": {"model__colsample_bylevel": 0.8492347256882555, "model__colsample_bynode": 0.3, "model__colsample_bytree": 0.999999999642129, "model__learning_rate": 0.29999999945862843, "model__max_depth": 7.999999999230406, "model__n_estimators": 22.63569149663857, "model__reg_lambda": 10.0}, "datetime": {"datetime": "2021-03-24 19:51:05", "elapsed": 258.087958, "delta": 1.799844}}
{"target": -0.4507316193138452, "params": {"model__colsample_bylevel": 0.8269770409472457, "model__colsample_bynode": 0.3470091982048046, "model__colsample_bytree": 0.9469356716071207, "model__learning_rate": 0.10711422877249328, "model__max_depth": 7.031125004399484, "model__n_estimators": 28.16256695689674, "model__reg_lambda": 1.3742007814400636}, "datetime": {"datetime": "2021-03-24 19:51:07", "elapsed": 260.195687, "delta": 2.107729}}
{"target": -0.4354751521734979, "params": {"model__colsample_bylevel": 0.3622157869923796, "model__colsample_bynode": 0.312888526212285, "model__colsample_bytree": 0.6851873036390612, "model__learning_rate": 0.1367100111933099, "model__max_depth": 6.447734504646817, "model__n_estimators": 26.87865658362756, "model__reg_lambda": 0.979241544557311}, "datetime": {"datetime": "2021-03-24 19:51:09", "elapsed": 262.096263, "delta": 1.900576}}
{"target": -0.4596961529378819, "params": {"model__colsample_bylevel": 0.4319600825895109, "model__colsample_bynode": 0.8661324404949517, "model__colsample_bytree": 0.9945175565639617, "model__learning_rate": 0.27880312054702827, "model__max_depth": 4.967513798422977, "model__n_estimators": 15.298967111751365, "model__reg_lambda": 1.3631709694043925}, "datetime": {"datetime": "2021-03-24 19:51:10", "elapsed": 263.635161, "delta": 1.538898}}
{"target": -0.45245722206309436, "params": {"model__colsample_bylevel": 0.8280301397192258, "model__colsample_bynode": 0.33109797757127174, "model__colsample_bytree": 0.9949762562229532, "model__learning_rate": 0.2982322506118218, "model__max_depth": 7.354434811870958, "model__n_estimators": 26.83722949712388, "model__reg_lambda": 7.8465825282139505}, "datetime": {"datetime": "2021-03-24 19:51:12", "elapsed": 265.951738, "delta": 2.316577}}
{"target": -0.4425925566382922, "params": {"model__colsample_bylevel": 0.904581057120226, "model__colsample_bynode": 0.7779239533749285, "model__colsample_bytree": 0.9717211035434337, "model__learning_rate": 0.289876597225849, "model__max_depth": 7.719631216382288, "model__n_estimators": 15.083464160822201, "model__reg_lambda": 1.3603232675675347}, "datetime": {"datetime": "2021-03-24 19:51:14", "elapsed": 267.950696, "delta": 1.998958}}
{"target": -0.4673322572777777, "params": {"model__colsample_bylevel": 0.9838429058744698, "model__colsample_bynode": 0.697237395625489, "model__colsample_bytree": 0.33125671617897845, "model__learning_rate": 0.28464013337776867, "model__max_depth": 4.426456634700103, "model__n_estimators": 28.63385109755753, "model__reg_lambda": 9.931048207746716}, "datetime": {"datetime": "2021-03-24 19:51:16", "elapsed": 269.44041, "delta": 1.489714}}
{"target": -0.44080195639255465, "params": {"model__colsample_bylevel": 0.3, "model__colsample_bynode": 0.30000000000000004, "model__colsample_bytree": 1.0, "model__learning_rate": 0.1, "model__max_depth": 2.0, "model__n_estimators": 30.0, "model__reg_lambda": 0.0}, "datetime": {"datetime": "2021-03-24 19:51:18", "elapsed": 271.617073, "delta": 2.176663}}
{"target": -0.45813877074641807, "params": {"model__colsample_bylevel": 0.40639365382306586, "model__colsample_bynode": 0.8774107120395149, "model__colsample_bytree": 0.9755067322289861, "model__learning_rate": 0.2989229500317879, "model__max_depth": 2.0408791644323987, "model__n_estimators": 17.1270260533305, "model__reg_lambda": 4.559583715740638}, "datetime": {"datetime": "2021-03-24 19:51:20", "elapsed": 273.535024, "delta": 1.917951}}
{"target": -0.4522411383607465, "params": {"model__colsample_bylevel": 0.41531175805446297, "model__colsample_bynode": 0.37467151735172566, "model__colsample_bytree": 0.9043424597211642, "model__learning_rate": 0.2828898701208662, "model__max_depth": 7.791368898670157, "model__n_estimators": 16.9742828703868, "model__reg_lambda": 7.253610437085517}, "datetime": {"datetime": "2021-03-24 19:51:22", "elapsed": 275.26692, "delta": 1.731896}}
{"target": -0.457953753505928, "params": {"model__colsample_bylevel": 0.3737955856628826, "model__colsample_bynode": 0.37114782226527715, "model__colsample_bytree": 0.5406485156182843, "model__learning_rate": 0.2746399269588661, "model__max_depth": 4.3677874719517344, "model__n_estimators": 23.28236979264323, "model__reg_lambda": 9.915689990172895}, "datetime": {"datetime": "2021-03-24 19:51:23", "elapsed": 276.708484, "delta": 1.441564}}
