{"target": -0.5012591171356767, "params": {"model__colsample_bylevel": 0.511889221690131, "model__colsample_bynode": 0.880146841574702, "model__colsample_bytree": 0.4713036833734444, "model__learning_rate": 0.24075613859849618, "model__max_depth": 5.215329445061823, "model__n_estimators": 20.712142781227694, "model__reg_lambda": 1.7861793515885238}, "datetime": {"datetime": "2021-03-24 19:46:49", "elapsed": 2.148107, "delta": 0.052205}}
{"target": -0.45601361969593857, "params": {"model__colsample_bylevel": 0.9200821231031391, "model__colsample_bynode": 0.35616344543935075, "model__colsample_bytree": 0.8625120529528605, "model__learning_rate": 0.23669407037870885, "model__max_depth": 4.772062647788025, "model__n_estimators": 24.96073964162097, "model__reg_lambda": 2.826662622956666}, "datetime": {"datetime": "2021-03-24 19:46:49", "elapsed": 2.204811, "delta": 0.056704}}
{"target": -0.46249514380604895, "params": {"model__colsample_bylevel": 0.9031023424555509, "model__colsample_bynode": 0.4249356891249156, "model__colsample_bytree": 0.7057975471157624, "model__learning_rate": 0.1927268764937271, "model__max_depth": 6.039330960316078, "model__n_estimators": 22.141866816168736, "model__reg_lambda": 9.525111535091707}, "datetime": {"datetime": "2021-03-24 19:46:49", "elapsed": 2.255697, "delta": 0.050886}}
{"target": -0.4845465674132541, "params": {"model__colsample_bylevel": 0.8972803412913453, "model__colsample_bynode": 0.9289549741797964, "model__colsample_bytree": 0.3178983723326505, "model__learning_rate": 0.13128458043568686, "model__max_depth": 4.861388901041763, "model__n_estimators": 26.020827615199973, "model__reg_lambda": 3.5630947732495777}, "datetime": {"datetime": "2021-03-24 19:46:49", "elapsed": 2.312523, "delta": 0.056826}}
{"target": -0.456315900672875, "params": {"model__colsample_bylevel": 0.6951175428742368, "model__colsample_bynode": 0.3318286487069968, "model__colsample_bytree": 0.7483089139197432, "model__learning_rate": 0.23624127616156612, "model__max_depth": 4.373824850662889, "model__n_estimators": 17.05009515507337, "model__reg_lambda": 4.16457752159582}, "datetime": {"datetime": "2021-03-24 19:46:49", "elapsed": 2.359611, "delta": 0.047088}}
{"target": -0.44890922000935385, "params": {"model__colsample_bylevel": 0.816923983909474, "model__colsample_bynode": 0.7090153450298311, "model__colsample_bytree": 0.9184032582594783, "model__learning_rate": 0.21574992226411746, "model__max_depth": 3.0678227617515392, "model__n_estimators": 23.876275396014634, "model__reg_lambda": 0.5387774367636355}, "datetime": {"datetime": "2021-03-24 19:46:49", "elapsed": 2.417753, "delta": 0.058142}}
{"target": -0.4614678921677388, "params": {"model__colsample_bylevel": 0.8203891930140093, "model__colsample_bynode": 0.4407263630351047, "model__colsample_bytree": 0.9332727397304375, "model__learning_rate": 0.19471357604823214, "model__max_depth": 4.649919104965563, "model__n_estimators": 17.041195531585494, "model__reg_lambda": 8.076955975507973}, "datetime": {"datetime": "2021-03-24 19:46:49", "elapsed": 2.467848, "delta": 0.050095}}
{"target": -0.44827963005535415, "params": {"model__colsample_bylevel": 0.941920130237188, "model__colsample_bynode": 0.7862119444399247, "model__colsample_bytree": 0.7672811212479322, "model__learning_rate": 0.2413235529719557, "model__max_depth": 6.468881607544759, "model__n_estimators": 25.71892738561766, "model__reg_lambda": 1.4296252407525012}, "datetime": {"datetime": "2021-03-24 19:46:49", "elapsed": 2.524428, "delta": 0.05658}}
{"target": -0.5072789151356488, "params": {"model__colsample_bylevel": 0.7664505634998717, "model__colsample_bynode": 0.9372501752435591, "model__colsample_bytree": 0.3226974712037688, "model__learning_rate": 0.13696287496610304, "model__max_depth": 6.574112506330284, "model__n_estimators": 15.628001246231364, "model__reg_lambda": 2.789864730302046}, "datetime": {"datetime": "2021-03-24 19:46:49", "elapsed": 2.574439, "delta": 0.050011}}
{"target": -0.4722310577829679, "params": {"model__colsample_bylevel": 0.9005722896485118, "model__colsample_bynode": 0.5583279975276154, "model__colsample_bytree": 0.9292943127471143, "model__learning_rate": 0.1578195662504995, "model__max_depth": 4.281940885644073, "model__n_estimators": 16.640600890305116, "model__reg_lambda": 8.146246111896012}, "datetime": {"datetime": "2021-03-24 19:46:49", "elapsed": 2.621068, "delta": 0.046629}}
{"target": -0.46885300279203534, "params": {"model__colsample_bylevel": 0.9534398095322711, "model__colsample_bynode": 0.42817503247553923, "model__colsample_bytree": 0.5178389967922328, "model__learning_rate": 0.2349408086546986, "model__max_depth": 2.4746062530577846, "model__n_estimators": 15.490859914517099, "model__reg_lambda": 3.2657561880327557}, "datetime": {"datetime": "2021-03-24 19:46:49", "elapsed": 2.670343, "delta": 0.049275}}
{"target": -0.45791705390168486, "params": {"model__colsample_bylevel": 0.5706285360217014, "model__colsample_bynode": 0.6842771415696982, "model__colsample_bytree": 0.6870518207102555, "model__learning_rate": 0.16602543474194267, "model__max_depth": 4.553906607318516, "model__n_estimators": 18.777852885612205, "model__reg_lambda": 2.0263513230551347}, "datetime": {"datetime": "2021-03-24 19:46:49", "elapsed": 2.72319, "delta": 0.052847}}
{"target": -0.4346295604934457, "params": {"model__colsample_bylevel": 0.8442678591461368, "model__colsample_bynode": 0.3977149946980818, "model__colsample_bytree": 0.6158425941754111, "model__learning_rate": 0.1245045248421828, "model__max_depth": 6.897715409068526, "model__n_estimators": 27.65234893164894, "model__reg_lambda": 1.1477505735172433}, "datetime": {"datetime": "2021-03-24 19:46:49", "elapsed": 2.7808, "delta": 0.05761}}
{"target": -0.45353008538376594, "params": {"model__colsample_bylevel": 0.8046871964072875, "model__colsample_bynode": 0.9463208373893632, "model__colsample_bytree": 0.5702216525068842, "model__learning_rate": 0.25542256115422385, "model__max_depth": 7.543314227663024, "model__n_estimators": 15.074271146872483, "model__reg_lambda": 2.7258381373747875}, "datetime": {"datetime": "2021-03-24 19:46:49", "elapsed": 2.840234, "delta": 0.059434}}
{"target": -0.5185471849947951, "params": {"model__colsample_bylevel": 0.325563385911891, "model__colsample_bynode": 0.4394342284138872, "model__colsample_bytree": 0.3078454924320954, "model__learning_rate": 0.10977990666788635, "model__max_depth": 5.896055639118223, "model__n_estimators": 19.33085301818661, "model__reg_lambda": 8.44410233607059}, "datetime": {"datetime": "2021-03-24 19:46:49", "elapsed": 2.891818, "delta": 0.051584}}
{"target": -0.46407071830151414, "params": {"model__colsample_bylevel": 0.5333078077907257, "model__colsample_bynode": 0.9449148964303926, "model__colsample_bytree": 0.39197068792833056, "model__learning_rate": 0.2098009976534188, "model__max_depth": 3.7666070082368948, "model__n_estimators": 27.09229802758709, "model__reg_lambda": 3.376766038812906}, "datetime": {"datetime": "2021-03-24 19:46:49", "elapsed": 2.947909, "delta": 0.056091}}
{"target": -0.5034468328824058, "params": {"model__colsample_bylevel": 0.38472058045866103, "model__colsample_bynode": 0.6189182754661343, "model__colsample_bytree": 0.47491716651278293, "model__learning_rate": 0.24904662090967875, "model__max_depth": 6.41552028192452, "model__n_estimators": 15.15307284998927, "model__reg_lambda": 0.029919695529196932}, "datetime": {"datetime": "2021-03-24 19:46:49", "elapsed": 2.99386, "delta": 0.045951}}
{"target": -0.4521308533091476, "params": {"model__colsample_bylevel": 0.9426044924017256, "model__colsample_bynode": 0.5260125425777793, "model__colsample_bytree": 0.5074653319167783, "model__learning_rate": 0.15418522802672452, "model__max_depth": 3.474343666196627, "model__n_estimators": 26.630539663467353, "model__reg_lambda": 2.632384799456182}, "datetime": {"datetime": "2021-03-24 19:46:50", "elapsed": 3.045008, "delta": 0.051148}}
{"target": -0.4569185430116519, "params": {"model__colsample_bylevel": 0.8032909797610204, "model__colsample_bynode": 0.7713021432027297, "model__colsample_bytree": 0.6853736563856032, "model__learning_rate": 0.23655460523720243, "model__max_depth": 3.0441975506001606, "model__n_estimators": 21.967771044500967, "model__reg_lambda": 4.939589109277965}, "datetime": {"datetime": "2021-03-24 19:46:50", "elapsed": 3.090562, "delta": 0.045554}}
{"target": -0.45155461899720245, "params": {"model__colsample_bylevel": 0.3191878877624776, "model__colsample_bynode": 0.4527668367686508, "model__colsample_bytree": 0.9533861738476699, "model__learning_rate": 0.23172885748318614, "model__max_depth": 7.871974941466348, "model__n_estimators": 20.539710627919593, "model__reg_lambda": 7.6239037960184355}, "datetime": {"datetime": "2021-03-24 19:46:50", "elapsed": 3.140022, "delta": 0.04946}}
{"target": -0.4704241614059909, "params": {"model__colsample_bylevel": 0.7197656118669662, "model__colsample_bynode": 0.7214646750503465, "model__colsample_bytree": 0.37931534877147977, "model__learning_rate": 0.14444015703665763, "model__max_depth": 2.433575141809544, "model__n_estimators": 22.57954207818872, "model__reg_lambda": 3.4509917372173025}, "datetime": {"datetime": "2021-03-24 19:46:50", "elapsed": 3.191576, "delta": 0.051554}}
{"target": -0.45283869533408155, "params": {"model__colsample_bylevel": 0.43770438267170664, "model__colsample_bynode": 0.562288016838024, "model__colsample_bytree": 0.6684847059501842, "model__learning_rate": 0.24216538663414655, "model__max_depth": 5.53982800385271, "model__n_estimators": 24.586364893849456, "model__reg_lambda": 6.03761911116279}, "datetime": {"datetime": "2021-03-24 19:46:50", "elapsed": 3.245574, "delta": 0.053998}}
{"target": -0.45517104309511147, "params": {"model__colsample_bylevel": 0.5615024327662378, "model__colsample_bynode": 0.5278880157630303, "model__colsample_bytree": 0.6927994632423486, "model__learning_rate": 0.2499326997232081, "model__max_depth": 7.515144966264312, "model__n_estimators": 27.41503748405572, "model__reg_lambda": 5.537273620404508}, "datetime": {"datetime": "2021-03-24 19:46:50", "elapsed": 3.29509, "delta": 0.049516}}
{"target": -0.4499000040301378, "params": {"model__colsample_bylevel": 0.8773753442334304, "model__colsample_bynode": 0.3197624374107063, "model__colsample_bytree": 0.8582648079772404, "model__learning_rate": 0.1398977410305498, "model__max_depth": 6.115045756510598, "model__n_estimators": 27.377846347953547, "model__reg_lambda": 3.1496308071503187}, "datetime": {"datetime": "2021-03-24 19:46:50", "elapsed": 3.349188, "delta": 0.054098}}
{"target": -0.4780489515459193, "params": {"model__colsample_bylevel": 0.5798231824380045, "model__colsample_bynode": 0.9899122285696411, "model__colsample_bytree": 0.4774952834387126, "model__learning_rate": 0.25106786479472265, "model__max_depth": 4.436357453829759, "model__n_estimators": 19.72844903945682, "model__reg_lambda": 7.705159221072094}, "datetime": {"datetime": "2021-03-24 19:46:50", "elapsed": 3.402166, "delta": 0.052978}}
{"target": -0.48089432404309085, "params": {"model__colsample_bylevel": 0.6149024037576569, "model__colsample_bynode": 0.7970601762740899, "model__colsample_bytree": 0.4555403075808654, "model__learning_rate": 0.26476738246878556, "model__max_depth": 6.3006447069266285, "model__n_estimators": 22.48861984031197, "model__reg_lambda": 7.91551010046181}, "datetime": {"datetime": "2021-03-24 19:46:50", "elapsed": 3.45514, "delta": 0.052974}}
{"target": -0.4561073152881547, "params": {"model__colsample_bylevel": 0.9437937215686736, "model__colsample_bynode": 0.8511722448868555, "model__colsample_bytree": 0.5084857837350747, "model__learning_rate": 0.24346701302396254, "model__max_depth": 5.690340786662006, "model__n_estimators": 27.619845335231588, "model__reg_lambda": 4.0456797253845265}, "datetime": {"datetime": "2021-03-24 19:46:50", "elapsed": 3.513371, "delta": 0.058231}}
{"target": -0.4801579208568792, "params": {"model__colsample_bylevel": 0.6173529449301774, "model__colsample_bynode": 0.3656352091501882, "model__colsample_bytree": 0.45305055880659917, "model__learning_rate": 0.20586849821836273, "model__max_depth": 5.173197962934258, "model__n_estimators": 25.696146745858105, "model__reg_lambda": 2.863925264426952}, "datetime": {"datetime": "2021-03-24 19:46:50", "elapsed": 3.566332, "delta": 0.052961}}
{"target": -0.4653611484294136, "params": {"model__colsample_bylevel": 0.3812502817792496, "model__colsample_bynode": 0.43107613084910207, "model__colsample_bytree": 0.6036033759584388, "model__learning_rate": 0.13710847453713484, "model__max_depth": 2.7407946095138094, "model__n_estimators": 25.875381462387566, "model__reg_lambda": 9.101677556132595}, "datetime": {"datetime": "2021-03-24 19:46:50", "elapsed": 3.617968, "delta": 0.051636}}
{"target": -0.4802163546553988, "params": {"model__colsample_bylevel": 0.3426383940311504, "model__colsample_bynode": 0.3292770968669983, "model__colsample_bytree": 0.49999974247633633, "model__learning_rate": 0.21592871225493404, "model__max_depth": 7.629568478689846, "model__n_estimators": 23.72527860523467, "model__reg_lambda": 6.7998375849329875}, "datetime": {"datetime": "2021-03-24 19:46:50", "elapsed": 3.674979, "delta": 0.057011}}
{"target": -0.4778455921057342, "params": {"model__colsample_bylevel": 0.6482295256949429, "model__colsample_bynode": 0.579523550686974, "model__colsample_bytree": 0.8271859803347001, "model__learning_rate": 0.1785368001701141, "model__max_depth": 7.757328490749194, "model__n_estimators": 15.042412577282471, "model__reg_lambda": 9.465835997964604}, "datetime": {"datetime": "2021-03-24 19:46:51", "elapsed": 4.389524, "delta": 0.714545}}
{"target": -0.4644309809458428, "params": {"model__colsample_bylevel": 0.9411684341167019, "model__colsample_bynode": 0.8731824462408571, "model__colsample_bytree": 0.48345449374796423, "model__learning_rate": 0.17039402375876883, "model__max_depth": 2.062881599316088, "model__n_estimators": 29.490532789137767, "model__reg_lambda": 9.894149146126878}, "datetime": {"datetime": "2021-03-24 19:46:52", "elapsed": 5.062817, "delta": 0.673293}}
{"target": -0.4504528501475959, "params": {"model__colsample_bylevel": 0.5192526715223238, "model__colsample_bynode": 0.8839234438651011, "model__colsample_bytree": 0.9964828490505062, "model__learning_rate": 0.2463435694290639, "model__max_depth": 7.680547043545273, "model__n_estimators": 29.918223617723072, "model__reg_lambda": 9.723594686404965}, "datetime": {"datetime": "2021-03-24 19:46:52", "elapsed": 5.758259, "delta": 0.695442}}
{"target": -0.4556586656935406, "params": {"model__colsample_bylevel": 0.3, "model__colsample_bynode": 0.3, "model__colsample_bytree": 1.0, "model__learning_rate": 0.3, "model__max_depth": 2.0, "model__n_estimators": 15.000000000294706, "model__reg_lambda": 10.0}, "datetime": {"datetime": "2021-03-24 19:46:53", "elapsed": 6.33883, "delta": 0.580571}}
{"target": -0.4613890382110316, "params": {"model__colsample_bylevel": 0.49763531111546316, "model__colsample_bynode": 0.5168282443394137, "model__colsample_bytree": 0.904445513217808, "model__learning_rate": 0.2622108131502011, "model__max_depth": 2.324507091474214, "model__n_estimators": 21.403024266429558, "model__reg_lambda": 9.94227719775823}, "datetime": {"datetime": "2021-03-24 19:46:53", "elapsed": 7.01259, "delta": 0.67376}}
{"target": -0.4490764921126158, "params": {"model__colsample_bylevel": 0.39345494505726913, "model__colsample_bynode": 0.7865809014437817, "model__colsample_bytree": 0.8347027014707971, "model__learning_rate": 0.2574102977895615, "model__max_depth": 2.010760991483479, "model__n_estimators": 29.97934326517494, "model__reg_lambda": 5.179122193465556}, "datetime": {"datetime": "2021-03-24 19:46:54", "elapsed": 7.555766, "delta": 0.543176}}
{"target": -0.4570052904313079, "params": {"model__colsample_bylevel": 0.7979760764459549, "model__colsample_bynode": 0.538554606996451, "model__colsample_bytree": 0.6937441576638244, "model__learning_rate": 0.16082505874333505, "model__max_depth": 2.167738837754438, "model__n_estimators": 16.85231702182543, "model__reg_lambda": 0.2522673299673561}, "datetime": {"datetime": "2021-03-24 19:46:55", "elapsed": 8.392956, "delta": 0.83719}}
{"target": -0.48195998047249045, "params": {"model__colsample_bylevel": 0.34623044817739784, "model__colsample_bynode": 0.8446929047425431, "model__colsample_bytree": 0.9586870832780368, "model__learning_rate": 0.12254915935138269, "model__max_depth": 7.989565883898896, "model__n_estimators": 15.703940779904443, "model__reg_lambda": 5.5114419419214356}, "datetime": {"datetime": "2021-03-24 19:46:56", "elapsed": 9.098529, "delta": 0.705573}}
{"target": -0.48744969334507343, "params": {"model__colsample_bylevel": 0.3670086646748418, "model__colsample_bynode": 0.7479004901330295, "model__colsample_bytree": 0.37228404563210515, "model__learning_rate": 0.12294041613059413, "model__max_depth": 5.172968362692199, "model__n_estimators": 29.81936507593612, "model__reg_lambda": 9.424895818331297}, "datetime": {"datetime": "2021-03-24 19:46:56", "elapsed": 9.872487, "delta": 0.773958}}
{"target": -0.44964964858128054, "params": {"model__colsample_bylevel": 0.7661699385168375, "model__colsample_bynode": 0.8226892800994134, "model__colsample_bytree": 0.9670936913758081, "model__learning_rate": 0.22077448384397455, "model__max_depth": 7.899521087092814, "model__n_estimators": 17.6792724046846, "model__reg_lambda": 0.05036578603164199}, "datetime": {"datetime": "2021-03-24 19:46:57", "elapsed": 10.683388, "delta": 0.810901}}
{"target": -0.48697275527469486, "params": {"model__colsample_bylevel": 1.0, "model__colsample_bynode": 0.9999999893411305, "model__colsample_bytree": 1.0, "model__learning_rate": 0.10000001237477536, "model__max_depth": 2.0, "model__n_estimators": 15.0, "model__reg_lambda": 5.6231693125013794e-09}, "datetime": {"datetime": "2021-03-24 19:46:58", "elapsed": 11.57653, "delta": 0.893142}}
{"target": -0.45314061915420967, "params": {"model__colsample_bylevel": 0.3242993299459839, "model__colsample_bynode": 0.91236349087136, "model__colsample_bytree": 0.7036670199023978, "model__learning_rate": 0.17801467920613365, "model__max_depth": 7.624261072391387, "model__n_estimators": 29.949289486801888, "model__reg_lambda": 5.431947508349596}, "datetime": {"datetime": "2021-03-24 19:46:59", "elapsed": 12.171158, "delta": 0.594628}}
{"target": -0.4759038199616624, "params": {"model__colsample_bylevel": 0.6385458159051254, "model__colsample_bynode": 0.9159913789255956, "model__colsample_bytree": 0.37714734570418046, "model__learning_rate": 0.21302490634405535, "model__max_depth": 7.77117669498414, "model__n_estimators": 26.28188327795119, "model__reg_lambda": 9.992441497397786}, "datetime": {"datetime": "2021-03-24 19:46:59", "elapsed": 13.006402, "delta": 0.835244}}
{"target": -0.4449394795152804, "params": {"model__colsample_bylevel": 0.6924625494352059, "model__colsample_bynode": 0.31090008353062487, "model__colsample_bytree": 0.9018521477949932, "model__learning_rate": 0.1983145412021291, "model__max_depth": 7.774542047255627, "model__n_estimators": 15.160441255256304, "model__reg_lambda": 1.4841027422456399}, "datetime": {"datetime": "2021-03-24 19:47:00", "elapsed": 13.613227, "delta": 0.606825}}
{"target": -0.45096019251892966, "params": {"model__colsample_bylevel": 0.7596136057118597, "model__colsample_bynode": 0.9754428185494681, "model__colsample_bytree": 0.9445303345975127, "model__learning_rate": 0.2916050467706331, "model__max_depth": 7.307222520552332, "model__n_estimators": 16.961521342653008, "model__reg_lambda": 9.999595430375347}, "datetime": {"datetime": "2021-03-24 19:47:01", "elapsed": 14.223272, "delta": 0.610045}}
{"target": -0.46804967503184863, "params": {"model__colsample_bylevel": 0.6598651166607143, "model__colsample_bynode": 0.8473970964549944, "model__colsample_bytree": 0.9837473317058409, "model__learning_rate": 0.10145787702118565, "model__max_depth": 2.005416491675045, "model__n_estimators": 28.324402326363085, "model__reg_lambda": 2.987027071592708}, "datetime": {"datetime": "2021-03-24 19:47:02", "elapsed": 15.231924, "delta": 1.008652}}
{"target": -0.45509501599801194, "params": {"model__colsample_bylevel": 0.9697095567179095, "model__colsample_bynode": 0.9734876031320501, "model__colsample_bytree": 0.9344331436609696, "model__learning_rate": 0.2806982535113485, "model__max_depth": 3.0344660387320523, "model__n_estimators": 23.42154888116719, "model__reg_lambda": 9.956516711353386}, "datetime": {"datetime": "2021-03-24 19:47:02", "elapsed": 15.968344, "delta": 0.73642}}
{"target": -0.45506446512038073, "params": {"model__colsample_bylevel": 0.4478912904179323, "model__colsample_bynode": 0.9080617794319368, "model__colsample_bytree": 0.9636845791307682, "model__learning_rate": 0.1088755187155171, "model__max_depth": 7.821400941832562, "model__n_estimators": 23.977951515895484, "model__reg_lambda": 3.802916491341656}, "datetime": {"datetime": "2021-03-24 19:47:03", "elapsed": 16.671276, "delta": 0.702932}}
{"target": -0.4548916223823376, "params": {"model__colsample_bylevel": 0.9052307728466005, "model__colsample_bynode": 0.8946754192892139, "model__colsample_bytree": 0.9023687681137822, "model__learning_rate": 0.12227423574086467, "model__max_depth": 2.3993437969292177, "model__n_estimators": 19.918530867488727, "model__reg_lambda": 0.5683241209868573}, "datetime": {"datetime": "2021-03-24 19:47:04", "elapsed": 17.289862, "delta": 0.618586}}
{"target": -0.4602681107738095, "params": {"model__colsample_bylevel": 0.33745766374223213, "model__colsample_bynode": 0.5089532212141119, "model__colsample_bytree": 0.9563015962896237, "model__learning_rate": 0.20156281956786387, "model__max_depth": 7.958971427983238, "model__n_estimators": 20.718802659483973, "model__reg_lambda": 9.914591907062277}, "datetime": {"datetime": "2021-03-24 19:47:05", "elapsed": 18.175295, "delta": 0.885433}}
