{"target": -0.4501012787776257, "params": {"model__colsample_bylevel": 0.987572691533948, "model__colsample_bynode": 0.9161026984326512, "model__colsample_bytree": 0.8821055442016124, "model__learning_rate": 0.264607291176985, "model__max_depth": 7.999400787930683, "model__n_estimators": 19.72893345836791, "model__reg_lambda": 8.127506156700946}, "datetime": {"datetime": "2021-03-24 19:49:17", "elapsed": 150.171968, "delta": 1.277838}}
{"target": -0.45050400842885485, "params": {"model__colsample_bylevel": 0.8750868388702193, "model__colsample_bynode": 0.9119719907062183, "model__colsample_bytree": 0.9630980455918232, "model__learning_rate": 0.2980623985570218, "model__max_depth": 6.3505779757943035, "model__n_estimators": 15.507255380683993, "model__reg_lambda": 0.6415959081155898}, "datetime": {"datetime": "2021-03-24 19:49:18", "elapsed": 151.755435, "delta": 1.583467}}
{"target": -0.44747484559935613, "params": {"model__colsample_bylevel": 0.3188393547676805, "model__colsample_bynode": 0.9521897767490004, "model__colsample_bytree": 0.9979165771305871, "model__learning_rate": 0.2647735145445975, "model__max_depth": 3.428417526924572, "model__n_estimators": 28.74538883709778, "model__reg_lambda": 6.1746800910096}, "datetime": {"datetime": "2021-03-24 19:49:20", "elapsed": 153.185347, "delta": 1.429912}}
{"target": -0.4523853833503697, "params": {"model__colsample_bylevel": 0.9755814507825238, "model__colsample_bynode": 0.39302087013559583, "model__colsample_bytree": 0.9966368332902744, "model__learning_rate": 0.27494693674463544, "model__max_depth": 5.857169632500447, "model__n_estimators": 29.71361940538817, "model__reg_lambda": 9.97755408929295}, "datetime": {"datetime": "2021-03-24 19:49:21", "elapsed": 154.648137, "delta": 1.46279}}
{"target": -0.44963478946693886, "params": {"model__colsample_bylevel": 0.8356631972833146, "model__colsample_bynode": 0.5663926618015109, "model__colsample_bytree": 0.9642905866729892, "model__learning_rate": 0.29808717913605093, "model__max_depth": 3.4198758539958614, "model__n_estimators": 25.639142311418677, "model__reg_lambda": 6.290898290559809}, "datetime": {"datetime": "2021-03-24 19:49:23", "elapsed": 156.143247, "delta": 1.49511}}
{"target": -0.45072416091418777, "params": {"model__colsample_bylevel": 0.38997490629915543, "model__colsample_bynode": 0.3170514738425964, "model__colsample_bytree": 0.6283601616599435, "model__learning_rate": 0.24667688139027358, "model__max_depth": 7.146041143528664, "model__n_estimators": 17.587153358338178, "model__reg_lambda": 2.5782831640588144}, "datetime": {"datetime": "2021-03-24 19:49:24", "elapsed": 157.886486, "delta": 1.743239}}
{"target": -0.45561610198363767, "params": {"model__colsample_bylevel": 0.993882893836991, "model__colsample_bynode": 0.40272940916554373, "model__colsample_bytree": 0.9849703268806334, "model__learning_rate": 0.283619111636375, "model__max_depth": 2.2874296713643405, "model__n_estimators": 19.10184658734121, "model__reg_lambda": 6.307583575349068}, "datetime": {"datetime": "2021-03-24 19:49:26", "elapsed": 159.1131, "delta": 1.226614}}
{"target": -0.45800782350107927, "params": {"model__colsample_bylevel": 0.9303190037913971, "model__colsample_bynode": 0.3498627923198769, "model__colsample_bytree": 0.47205861823457973, "model__learning_rate": 0.24309382864667695, "model__max_depth": 2.0535350593748167, "model__n_estimators": 23.776069975333883, "model__reg_lambda": 1.7456130283666882}, "datetime": {"datetime": "2021-03-24 19:49:27", "elapsed": 160.43539, "delta": 1.32229}}
{"target": -0.474763543822843, "params": {"model__colsample_bylevel": 0.3134356116674575, "model__colsample_bynode": 0.4270868705709863, "model__colsample_bytree": 0.9627235714508955, "model__learning_rate": 0.10544138969013649, "model__max_depth": 6.907784043235492, "model__n_estimators": 27.724537280805148, "model__reg_lambda": 9.991929264698259}, "datetime": {"datetime": "2021-03-24 19:49:28", "elapsed": 161.830773, "delta": 1.395383}}
{"target": -0.45548779067677875, "params": {"model__colsample_bylevel": 0.5641176189516048, "model__colsample_bynode": 0.3200561348014122, "model__colsample_bytree": 0.8932680040143692, "model__learning_rate": 0.2701718929611683, "model__max_depth": 2.225312197730811, "model__n_estimators": 15.073439705682768, "model__reg_lambda": 1.9922727290452946}, "datetime": {"datetime": "2021-03-24 19:49:30", "elapsed": 163.275044, "delta": 1.444271}}
{"target": -0.45016262394180384, "params": {"model__colsample_bylevel": 0.997612113486019, "model__colsample_bynode": 0.8706762093432778, "model__colsample_bytree": 0.9901139949769637, "model__learning_rate": 0.29773462745025525, "model__max_depth": 3.0211098173444766, "model__n_estimators": 29.650260985117196, "model__reg_lambda": 4.4339220041622625}, "datetime": {"datetime": "2021-03-24 19:49:31", "elapsed": 164.752966, "delta": 1.477922}}
{"target": -0.4568397093795415, "params": {"model__colsample_bylevel": 0.9296792901339734, "model__colsample_bynode": 0.8007624706273153, "model__colsample_bytree": 0.47736577681158815, "model__learning_rate": 0.295069912625858, "model__max_depth": 2.2300220870192113, "model__n_estimators": 21.4367728759753, "model__reg_lambda": 1.6346188947395168}, "datetime": {"datetime": "2021-03-24 19:49:33", "elapsed": 166.040282, "delta": 1.287316}}
{"target": -0.45566123876369746, "params": {"model__colsample_bylevel": 0.9536171509652727, "model__colsample_bynode": 0.3858960627174732, "model__colsample_bytree": 0.9462007593276713, "model__learning_rate": 0.2870875817092552, "model__max_depth": 2.0642802177789603, "model__n_estimators": 22.789835259468, "model__reg_lambda": 8.326697144296599}, "datetime": {"datetime": "2021-03-24 19:49:34", "elapsed": 167.521862, "delta": 1.48158}}
{"target": -0.4317223984808864, "params": {"model__colsample_bylevel": 0.3819675967108265, "model__colsample_bynode": 0.32005841699810805, "model__colsample_bytree": 0.967986725710227, "model__learning_rate": 0.13825099782667966, "model__max_depth": 5.500535513282157, "model__n_estimators": 25.66740909664228, "model__reg_lambda": 1.057138157850962}, "datetime": {"datetime": "2021-03-24 19:49:35", "elapsed": 168.71174, "delta": 1.189878}}
{"target": -0.43946555381964736, "params": {"model__colsample_bylevel": 0.8473652420274138, "model__colsample_bynode": 0.30489317149197653, "model__colsample_bytree": 0.9767338936541656, "model__learning_rate": 0.29560099967022835, "model__max_depth": 7.2380509194477, "model__n_estimators": 15.055299942508979, "model__reg_lambda": 1.7878901998692187}, "datetime": {"datetime": "2021-03-24 19:49:37", "elapsed": 170.140005, "delta": 1.428265}}
{"target": -0.4731467075291616, "params": {"model__colsample_bylevel": 0.5141337279618016, "model__colsample_bynode": 0.33574837042887956, "model__colsample_bytree": 1.0, "model__learning_rate": 0.29999999999586846, "model__max_depth": 3.5333964766366766, "model__n_estimators": 15.474756889811779, "model__reg_lambda": 7.225399471659917e-12}, "datetime": {"datetime": "2021-03-24 19:49:38", "elapsed": 171.590387, "delta": 1.450382}}
{"target": -0.44931215947035, "params": {"model__colsample_bylevel": 0.3439470792654191, "model__colsample_bynode": 0.3565759449930612, "model__colsample_bytree": 0.9166161441352061, "model__learning_rate": 0.24517983202791874, "model__max_depth": 2.027937656263004, "model__n_estimators": 21.006487442474576, "model__reg_lambda": 3.5264154124523825}, "datetime": {"datetime": "2021-03-24 19:49:39", "elapsed": 172.601337, "delta": 1.01095}}
{"target": -0.4504317836606525, "params": {"model__colsample_bylevel": 0.9138589496567389, "model__colsample_bynode": 0.46063557596566235, "model__colsample_bytree": 0.8371304643272424, "model__learning_rate": 0.2974275620837761, "model__max_depth": 3.1105937769810774, "model__n_estimators": 29.9447991782983, "model__reg_lambda": 8.836371098939154}, "datetime": {"datetime": "2021-03-24 19:49:40", "elapsed": 173.717388, "delta": 1.116051}}
{"target": -0.43455675803327376, "params": {"model__colsample_bylevel": 0.5094313734555456, "model__colsample_bynode": 0.3641822312333958, "model__colsample_bytree": 0.9412543564258278, "model__learning_rate": 0.13319684226574466, "model__max_depth": 6.214059193546035, "model__n_estimators": 27.6060432231457, "model__reg_lambda": 1.3691706831730022}, "datetime": {"datetime": "2021-03-24 19:49:42", "elapsed": 175.463241, "delta": 1.745853}}
{"target": -0.4822146363718354, "params": {"model__colsample_bylevel": 0.49829845272996903, "model__colsample_bynode": 1.0, "model__colsample_bytree": 0.37291752554120644, "model__learning_rate": 0.3, "model__max_depth": 7.999999999997697, "model__n_estimators": 17.325991486871747, "model__reg_lambda": 6.0578438225282145}, "datetime": {"datetime": "2021-03-24 19:49:43", "elapsed": 177.009377, "delta": 1.546136}}
{"target": -0.4522411749225812, "params": {"model__colsample_bylevel": 0.3838183799659779, "model__colsample_bynode": 0.3525052111568274, "model__colsample_bytree": 0.8846269402400724, "model__learning_rate": 0.28346292344065244, "model__max_depth": 2.287200868837589, "model__n_estimators": 20.60709347990379, "model__reg_lambda": 6.111066636097745}, "datetime": {"datetime": "2021-03-24 19:49:45", "elapsed": 178.199815, "delta": 1.190438}}
{"target": -0.45318880826369795, "params": {"model__colsample_bylevel": 0.9641710586431527, "model__colsample_bynode": 0.3188668256411041, "model__colsample_bytree": 0.8508544834340679, "model__learning_rate": 0.10255065105366723, "model__max_depth": 6.4400130710771695, "model__n_estimators": 24.553422625439907, "model__reg_lambda": 1.6757814213087097}, "datetime": {"datetime": "2021-03-24 19:49:46", "elapsed": 179.865506, "delta": 1.665691}}
{"target": -0.4428254808447716, "params": {"model__colsample_bylevel": 0.8922033394979982, "model__colsample_bynode": 0.982718931971893, "model__colsample_bytree": 0.963629336650585, "model__learning_rate": 0.23017266561925526, "model__max_depth": 3.868719029776231, "model__n_estimators": 15.110300383972035, "model__reg_lambda": 2.2590332188168705}, "datetime": {"datetime": "2021-03-24 19:49:48", "elapsed": 181.122597, "delta": 1.257091}}
{"target": -0.4410831042545159, "params": {"model__colsample_bylevel": 0.9999999964973745, "model__colsample_bynode": 0.3036381628752087, "model__colsample_bytree": 1.0, "model__learning_rate": 0.3, "model__max_depth": 7.60935548609673, "model__n_estimators": 23.444896424576136, "model__reg_lambda": 8.533178199034817}, "datetime": {"datetime": "2021-03-24 19:49:49", "elapsed": 182.567628, "delta": 1.445031}}
{"target": -0.4609042698679411, "params": {"model__colsample_bylevel": 0.9342960613988076, "model__colsample_bynode": 0.30548647635573745, "model__colsample_bytree": 0.8011081049976225, "model__learning_rate": 0.28323619556415464, "model__max_depth": 2.0933018032241724, "model__n_estimators": 15.46265507054454, "model__reg_lambda": 8.317814884237153}, "datetime": {"datetime": "2021-03-24 19:49:51", "elapsed": 184.42286, "delta": 1.855232}}
{"target": -0.46082097534360233, "params": {"model__colsample_bylevel": 0.3204858656774817, "model__colsample_bynode": 0.4705049565311197, "model__colsample_bytree": 0.9141483501531791, "model__learning_rate": 0.268065730558915, "model__max_depth": 6.045660021515507, "model__n_estimators": 16.433755784157956, "model__reg_lambda": 9.749211394064238}, "datetime": {"datetime": "2021-03-24 19:49:53", "elapsed": 186.070759, "delta": 1.647899}}
{"target": -0.4453244657269206, "params": {"model__colsample_bylevel": 0.3876907966338795, "model__colsample_bynode": 0.9554412384768449, "model__colsample_bytree": 0.9793401291153381, "model__learning_rate": 0.10040878551214005, "model__max_depth": 2.4788915214343925, "model__n_estimators": 29.288494853970185, "model__reg_lambda": 0.09958748615571555}, "datetime": {"datetime": "2021-03-24 19:49:54", "elapsed": 187.477691, "delta": 1.406932}}
{"target": -0.45473190809168135, "params": {"model__colsample_bylevel": 0.9854808520095268, "model__colsample_bynode": 0.3512010609641974, "model__colsample_bytree": 0.9571975770211125, "model__learning_rate": 0.1551297177559366, "model__max_depth": 7.925248870118437, "model__n_estimators": 29.36770282447887, "model__reg_lambda": 3.678284366710404}, "datetime": {"datetime": "2021-03-24 19:49:55", "elapsed": 188.898767, "delta": 1.421076}}
{"target": -0.4248033877826579, "params": {"model__colsample_bylevel": 0.3153919224304198, "model__colsample_bynode": 0.9761829714377317, "model__colsample_bytree": 0.8686133316004243, "model__learning_rate": 0.14181042469481853, "model__max_depth": 7.648583682191802, "model__n_estimators": 16.571080625150884, "model__reg_lambda": 0.06474228851669706}, "datetime": {"datetime": "2021-03-24 19:49:57", "elapsed": 190.405288, "delta": 1.506521}}
{"target": -0.46396046180575007, "params": {"model__colsample_bylevel": 0.96288157940023, "model__colsample_bynode": 0.8091008046969119, "model__colsample_bytree": 0.35741237922221325, "model__learning_rate": 0.10000000851099869, "model__max_depth": 2.0000000099943525, "model__n_estimators": 29.96548799985644, "model__reg_lambda": 2.5062970872837975}, "datetime": {"datetime": "2021-03-24 19:49:58", "elapsed": 191.723659, "delta": 1.318371}}
{"target": -0.44398456774517037, "params": {"model__colsample_bylevel": 0.3000000000054581, "model__colsample_bynode": 1.0, "model__colsample_bytree": 0.9999999999947266, "model__learning_rate": 0.3, "model__max_depth": 7.312935159964186, "model__n_estimators": 19.387308759149587, "model__reg_lambda": 7.484383660316538}, "datetime": {"datetime": "2021-03-24 19:50:00", "elapsed": 193.268521, "delta": 1.544862}}
{"target": -0.45476311326796265, "params": {"model__colsample_bylevel": 0.4616512776127443, "model__colsample_bynode": 0.30000000000090354, "model__colsample_bytree": 0.3380005946498764, "model__learning_rate": 0.29999999999945903, "model__max_depth": 2.4518576177355262, "model__n_estimators": 29.999999999998916, "model__reg_lambda": 8.373821609028937}, "datetime": {"datetime": "2021-03-24 19:50:01", "elapsed": 194.876103, "delta": 1.607582}}
{"target": -0.4578599440058747, "params": {"model__colsample_bylevel": 0.7824632082163524, "model__colsample_bynode": 0.9918318801780295, "model__colsample_bytree": 0.9984003995802788, "model__learning_rate": 0.29075757859635454, "model__max_depth": 5.78066991997929, "model__n_estimators": 29.89995921142335, "model__reg_lambda": 4.67122834523436}, "datetime": {"datetime": "2021-03-24 19:50:03", "elapsed": 196.509517, "delta": 1.633414}}
{"target": -0.44670301451806677, "params": {"model__colsample_bylevel": 0.7326221918354587, "model__colsample_bynode": 0.39176937292707126, "model__colsample_bytree": 0.9491339225905953, "model__learning_rate": 0.20944819831388647, "model__max_depth": 7.867029689907417, "model__n_estimators": 25.952863434884044, "model__reg_lambda": 4.382108100266039}, "datetime": {"datetime": "2021-03-24 19:50:05", "elapsed": 198.30082, "delta": 1.791303}}
{"target": -0.4483589696785624, "params": {"model__colsample_bylevel": 0.42415313010720224, "model__colsample_bynode": 0.3488512633735593, "model__colsample_bytree": 0.7794138753517093, "model__learning_rate": 0.12931335545300923, "model__max_depth": 2.0769124897421514, "model__n_estimators": 29.929250678016132, "model__reg_lambda": 0.586627000722133}, "datetime": {"datetime": "2021-03-24 19:50:06", "elapsed": 199.98754, "delta": 1.68672}}
{"target": -0.4550054562278093, "params": {"model__colsample_bylevel": 0.9684304511950115, "model__colsample_bynode": 0.9341391292411549, "model__colsample_bytree": 0.9974222227916636, "model__learning_rate": 0.21641010552950876, "model__max_depth": 5.54654288553672, "model__n_estimators": 23.985505685288857, "model__reg_lambda": 9.959731529330808}, "datetime": {"datetime": "2021-03-24 19:50:08", "elapsed": 201.400096, "delta": 1.412556}}
{"target": -0.4512085114430258, "params": {"model__colsample_bylevel": 0.3166524745046306, "model__colsample_bynode": 0.8428121647081026, "model__colsample_bytree": 0.9993023824858134, "model__learning_rate": 0.27092820244332116, "model__max_depth": 4.471588473592201, "model__n_estimators": 19.509186396159144, "model__reg_lambda": 9.734201693079498}, "datetime": {"datetime": "2021-03-24 19:50:09", "elapsed": 202.775833, "delta": 1.375737}}
{"target": -0.44564843692992256, "params": {"model__colsample_bylevel": 0.9347884740336521, "model__colsample_bynode": 0.8965737283426682, "model__colsample_bytree": 0.9674778344532435, "model__learning_rate": 0.28952471669013013, "model__max_depth": 2.2681065070758955, "model__n_estimators": 24.098494413849814, "model__reg_lambda": 5.008530543916224}, "datetime": {"datetime": "2021-03-24 19:50:11", "elapsed": 204.335155, "delta": 1.559322}}
{"target": -0.4517410847763329, "params": {"model__colsample_bylevel": 0.8414496012209312, "model__colsample_bynode": 0.3030780028143704, "model__colsample_bytree": 0.9824533768358235, "model__learning_rate": 0.2975013258411172, "model__max_depth": 7.32247762528907, "model__n_estimators": 20.854157631939827, "model__reg_lambda": 7.3989615619379006}, "datetime": {"datetime": "2021-03-24 19:50:12", "elapsed": 205.584162, "delta": 1.249007}}
{"target": -0.45559008452109995, "params": {"model__colsample_bylevel": 0.9798835465009161, "model__colsample_bynode": 0.3334854179371643, "model__colsample_bytree": 0.4159193787967739, "model__learning_rate": 0.23978359218209347, "model__max_depth": 2.439099544439922, "model__n_estimators": 29.855789114632763, "model__reg_lambda": 6.06895418457607}, "datetime": {"datetime": "2021-03-24 19:50:14", "elapsed": 207.106251, "delta": 1.522089}}
{"target": -0.4535652738024035, "params": {"model__colsample_bylevel": 0.9276388413850976, "model__colsample_bynode": 0.9559639008319081, "model__colsample_bytree": 0.9939920795294492, "model__learning_rate": 0.2973852685662289, "model__max_depth": 3.7846290293892264, "model__n_estimators": 25.81135792421155, "model__reg_lambda": 1.785256386976145}, "datetime": {"datetime": "2021-03-24 19:50:15", "elapsed": 208.754439, "delta": 1.648188}}
{"target": -0.446307620840768, "params": {"model__colsample_bylevel": 0.7585385136584373, "model__colsample_bynode": 0.3194129249966164, "model__colsample_bytree": 0.9347074652606211, "model__learning_rate": 0.29601799449942534, "model__max_depth": 6.44327785998422, "model__n_estimators": 25.77243654098123, "model__reg_lambda": 6.101067578491555}, "datetime": {"datetime": "2021-03-24 19:50:17", "elapsed": 210.252432, "delta": 1.497993}}
{"target": -0.43757589766823185, "params": {"model__colsample_bylevel": 0.3000000069919737, "model__colsample_bynode": 0.9999999961620134, "model__colsample_bytree": 0.9999999945265787, "model__learning_rate": 0.3, "model__max_depth": 7.999999999907622, "model__n_estimators": 27.216039353270364, "model__reg_lambda": 8.010505135328149}, "datetime": {"datetime": "2021-03-24 19:50:18", "elapsed": 211.854481, "delta": 1.602049}}
{"target": -0.4479430987978813, "params": {"model__colsample_bylevel": 0.904132413756616, "model__colsample_bynode": 0.39646260967355257, "model__colsample_bytree": 0.973919289628618, "model__learning_rate": 0.1736934369333833, "model__max_depth": 2.015484408547971, "model__n_estimators": 22.304879825643, "model__reg_lambda": 2.2568133319650707}, "datetime": {"datetime": "2021-03-24 19:50:20", "elapsed": 213.35661, "delta": 1.502129}}
{"target": -0.47098039627426136, "params": {"model__colsample_bylevel": 0.30021510624017755, "model__colsample_bynode": 0.9921318912476624, "model__colsample_bytree": 0.9082710859257312, "model__learning_rate": 0.278892546411853, "model__max_depth": 2.080175133374987, "model__n_estimators": 16.015621673561473, "model__reg_lambda": 9.593335346166912}, "datetime": {"datetime": "2021-03-24 19:50:21", "elapsed": 214.853295, "delta": 1.496685}}
{"target": -0.4505232162928829, "params": {"model__colsample_bylevel": 0.9628393807090714, "model__colsample_bynode": 0.8468416655606386, "model__colsample_bytree": 0.9398932714369064, "model__learning_rate": 0.2853011150496651, "model__max_depth": 3.637488626639173, "model__n_estimators": 27.509863922903786, "model__reg_lambda": 4.1763181136571434}, "datetime": {"datetime": "2021-03-24 19:50:23", "elapsed": 216.512405, "delta": 1.65911}}
{"target": -0.4577685490884966, "params": {"model__colsample_bylevel": 0.3213367707447627, "model__colsample_bynode": 0.8030713008692305, "model__colsample_bytree": 0.41223109601907737, "model__learning_rate": 0.24095382112076477, "model__max_depth": 2.0198110029948007, "model__n_estimators": 26.044149382258215, "model__reg_lambda": 9.942865855197452}, "datetime": {"datetime": "2021-03-24 19:50:25", "elapsed": 218.171417, "delta": 1.659012}}
{"target": -0.45289950410740965, "params": {"model__colsample_bylevel": 0.3, "model__colsample_bynode": 1.0, "model__colsample_bytree": 1.0, "model__learning_rate": 0.1, "model__max_depth": 6.452161944990458, "model__n_estimators": 18.641550399312237, "model__reg_lambda": 0.0}, "datetime": {"datetime": "2021-03-24 19:50:26", "elapsed": 219.974822, "delta": 1.803405}}
{"target": -0.4504818666712853, "params": {"model__colsample_bylevel": 0.9816117267904785, "model__colsample_bynode": 0.9550811941265942, "model__colsample_bytree": 0.8237145687494971, "model__learning_rate": 0.2719809870995459, "model__max_depth": 6.471298843296448, "model__n_estimators": 15.044060429291386, "model__reg_lambda": 4.199738797640572}, "datetime": {"datetime": "2021-03-24 19:50:28", "elapsed": 221.188879, "delta": 1.214057}}
