{"target": -0.44976680988742823, "params": {"model__colsample_bylevel": 0.4763284984430617, "model__colsample_bynode": 0.6046847756619481, "model__colsample_bytree": 0.9264072832281434, "model__learning_rate": 0.2808402736067356, "model__max_depth": 2.058247376392093, "model__n_estimators": 29.25215005378071, "model__reg_lambda": 7.737244593218286}, "datetime": {"datetime": "2021-03-24 19:47:05", "elapsed": 18.902063, "delta": 0.726768}}
{"target": -0.42016790299608875, "params": {"model__colsample_bylevel": 0.8799040450788347, "model__colsample_bynode": 0.9844422175792902, "model__colsample_bytree": 0.9864062713717252, "model__learning_rate": 0.18244874842023048, "model__max_depth": 7.930125212471003, "model__n_estimators": 15.139351153707185, "model__reg_lambda": 0.6130024783159194}, "datetime": {"datetime": "2021-03-24 19:47:06", "elapsed": 19.556698, "delta": 0.654635}}
{"target": -0.4487932727712652, "params": {"model__colsample_bylevel": 0.9570101562702695, "model__colsample_bynode": 0.43899032566351043, "model__colsample_bytree": 0.9853220365027044, "model__learning_rate": 0.2815566044522888, "model__max_depth": 6.0797603936108775, "model__n_estimators": 19.996709622142745, "model__reg_lambda": 5.39989001761744}, "datetime": {"datetime": "2021-03-24 19:47:07", "elapsed": 20.570838, "delta": 1.01414}}
{"target": -0.4589277559054502, "params": {"model__colsample_bylevel": 0.7932459798565631, "model__colsample_bynode": 1.0, "model__colsample_bytree": 1.0, "model__learning_rate": 0.1, "model__max_depth": 8.0, "model__n_estimators": 29.99999999986167, "model__reg_lambda": 1.5214467156837406}, "datetime": {"datetime": "2021-03-24 19:47:08", "elapsed": 21.273787, "delta": 0.702949}}
{"target": -0.4580335132062328, "params": {"model__colsample_bylevel": 0.5670339262277653, "model__colsample_bynode": 0.4261831595259457, "model__colsample_bytree": 0.9275711783546361, "model__learning_rate": 0.2809329098915725, "model__max_depth": 4.177796441045241, "model__n_estimators": 15.389389408684213, "model__reg_lambda": 9.926991161436868}, "datetime": {"datetime": "2021-03-24 19:47:09", "elapsed": 22.101779, "delta": 0.827992}}
{"target": -0.4563655757959393, "params": {"model__colsample_bylevel": 0.3227180951817042, "model__colsample_bynode": 0.38752526201569837, "model__colsample_bytree": 0.9924214548396004, "model__learning_rate": 0.2992811082831911, "model__max_depth": 4.0540403588576766, "model__n_estimators": 22.501585509862867, "model__reg_lambda": 7.357355247285496}, "datetime": {"datetime": "2021-03-24 19:47:09", "elapsed": 22.812639, "delta": 0.71086}}
{"target": -0.4745765086047459, "params": {"model__colsample_bylevel": 0.9531471078172784, "model__colsample_bynode": 0.9636066427318717, "model__colsample_bytree": 0.39785357792052634, "model__learning_rate": 0.22115750405341614, "model__max_depth": 7.932661338388639, "model__n_estimators": 29.825523180711855, "model__reg_lambda": 8.183958645776054}, "datetime": {"datetime": "2021-03-24 19:47:11", "elapsed": 24.227297, "delta": 1.414658}}
{"target": -0.45550897169277826, "params": {"model__colsample_bylevel": 0.9812673265490761, "model__colsample_bynode": 0.3468979449379676, "model__colsample_bytree": 0.9815943970557566, "model__learning_rate": 0.27318325746696714, "model__max_depth": 4.971169104730251, "model__n_estimators": 15.699154367987086, "model__reg_lambda": 0.9751403624453048}, "datetime": {"datetime": "2021-03-24 19:47:12", "elapsed": 25.60495, "delta": 1.377653}}
{"target": -0.46899443789776696, "params": {"model__colsample_bylevel": 0.4202099393795393, "model__colsample_bynode": 0.9180527457115919, "model__colsample_bytree": 0.9546675190466636, "model__learning_rate": 0.1020392478947712, "model__max_depth": 7.825533720753019, "model__n_estimators": 25.32993606459709, "model__reg_lambda": 6.762139001834838}, "datetime": {"datetime": "2021-03-24 19:47:13", "elapsed": 26.645491, "delta": 1.040541}}
{"target": -0.44947701635149623, "params": {"model__colsample_bylevel": 0.3058059921489843, "model__colsample_bynode": 0.9405822110316959, "model__colsample_bytree": 0.9685502912002313, "model__learning_rate": 0.2663278395886846, "model__max_depth": 7.77431808020715, "model__n_estimators": 16.018130787261953, "model__reg_lambda": 1.5412720817801429}, "datetime": {"datetime": "2021-03-24 19:47:14", "elapsed": 27.59224, "delta": 0.946749}}
{"target": -0.45969554802564827, "params": {"model__colsample_bylevel": 1.0, "model__colsample_bynode": 0.8057616038842331, "model__colsample_bytree": 1.0, "model__learning_rate": 0.3, "model__max_depth": 8.0, "model__n_estimators": 15.000099138219815, "model__reg_lambda": 6.811111591552538}, "datetime": {"datetime": "2021-03-24 19:47:15", "elapsed": 28.99076, "delta": 1.39852}}
{"target": -0.461389479238162, "params": {"model__colsample_bylevel": 0.3248329619399662, "model__colsample_bynode": 0.9891366723575377, "model__colsample_bytree": 0.8695475054055537, "model__learning_rate": 0.18202087949529483, "model__max_depth": 2.2528846269030636, "model__n_estimators": 29.796346536375943, "model__reg_lambda": 9.971680702422077}, "datetime": {"datetime": "2021-03-24 19:47:16", "elapsed": 29.949159, "delta": 0.958399}}
{"target": -0.4736748388401516, "params": {"model__colsample_bylevel": 0.32812259518359094, "model__colsample_bynode": 0.4707142134923365, "model__colsample_bytree": 0.37978711852780883, "model__learning_rate": 0.27855603891633807, "model__max_depth": 7.793915003733764, "model__n_estimators": 29.88940830249193, "model__reg_lambda": 9.928667987325028}, "datetime": {"datetime": "2021-03-24 19:47:18", "elapsed": 31.240721, "delta": 1.291562}}
{"target": -0.43352334962354677, "params": {"model__colsample_bylevel": 0.587944291908797, "model__colsample_bynode": 0.7724219759950367, "model__colsample_bytree": 0.7632463004325117, "model__learning_rate": 0.1029209158657408, "model__max_depth": 5.559793157355582, "model__n_estimators": 29.980549061035113, "model__reg_lambda": 0.01025449937663181}, "datetime": {"datetime": "2021-03-24 19:47:19", "elapsed": 32.721145, "delta": 1.480424}}
{"target": -0.45451274461018426, "params": {"model__colsample_bylevel": 0.9298336964779619, "model__colsample_bynode": 0.9012736592623549, "model__colsample_bytree": 0.9442153004186395, "model__learning_rate": 0.12832314891220814, "model__max_depth": 4.371723287750337, "model__n_estimators": 29.927578712739134, "model__reg_lambda": 5.477018557980655}, "datetime": {"datetime": "2021-03-24 19:47:20", "elapsed": 33.930661, "delta": 1.209516}}
{"target": -0.4515568029506644, "params": {"model__colsample_bylevel": 0.5609370176185362, "model__colsample_bynode": 0.3673979034986119, "model__colsample_bytree": 0.9723207927448467, "model__learning_rate": 0.28382675037222815, "model__max_depth": 2.7179374701446553, "model__n_estimators": 27.532334534051895, "model__reg_lambda": 9.965953877124457}, "datetime": {"datetime": "2021-03-24 19:47:22", "elapsed": 35.122804, "delta": 1.192143}}
{"target": -0.5017115830113112, "params": {"model__colsample_bylevel": 1.0, "model__colsample_bynode": 0.5160850877095801, "model__colsample_bytree": 1.0, "model__learning_rate": 0.3, "model__max_depth": 8.0, "model__n_estimators": 15.0, "model__reg_lambda": 0.0}, "datetime": {"datetime": "2021-03-24 19:47:23", "elapsed": 36.350289, "delta": 1.227485}}
{"target": -0.4514581494681214, "params": {"model__colsample_bylevel": 0.4686883136472002, "model__colsample_bynode": 0.6658443924814293, "model__colsample_bytree": 0.9948360798008904, "model__learning_rate": 0.12292978381636535, "model__max_depth": 7.5697046106394055, "model__n_estimators": 19.459731506343537, "model__reg_lambda": 2.1916833484899803}, "datetime": {"datetime": "2021-03-24 19:47:24", "elapsed": 37.404227, "delta": 1.053938}}
{"target": -0.4724004776608469, "params": {"model__colsample_bylevel": 0.44390875959812715, "model__colsample_bynode": 0.36199437068261503, "model__colsample_bytree": 0.9666920420786251, "model__learning_rate": 0.21609358906725706, "model__max_depth": 2.2852364466947734, "model__n_estimators": 15.05365011185751, "model__reg_lambda": 5.415896870203456}, "datetime": {"datetime": "2021-03-24 19:47:25", "elapsed": 38.917398, "delta": 1.513171}}
{"target": -0.4362934611245072, "params": {"model__colsample_bylevel": 0.3147678349652691, "model__colsample_bynode": 0.9334044171983344, "model__colsample_bytree": 0.8689330763342815, "model__learning_rate": 0.122342670602941, "model__max_depth": 6.674482958236297, "model__n_estimators": 28.700725876410896, "model__reg_lambda": 0.8603474144336476}, "datetime": {"datetime": "2021-03-24 19:47:27", "elapsed": 40.337725, "delta": 1.420327}}
{"target": -0.451577090209458, "params": {"model__colsample_bylevel": 0.5454385926700485, "model__colsample_bynode": 0.9989710148041107, "model__colsample_bytree": 0.9277638670013679, "model__learning_rate": 0.28077470753792333, "model__max_depth": 2.2555852586751124, "model__n_estimators": 26.410239057231905, "model__reg_lambda": 6.1994044721079895}, "datetime": {"datetime": "2021-03-24 19:47:28", "elapsed": 41.505581, "delta": 1.167856}}
{"target": -0.46138864274582136, "params": {"model__colsample_bylevel": 0.3194387592895521, "model__colsample_bynode": 0.9141395051022789, "model__colsample_bytree": 0.9057097864325232, "model__learning_rate": 0.10705886375275604, "model__max_depth": 2.0864850015848306, "model__n_estimators": 25.346102948902757, "model__reg_lambda": 1.3470766802774514}, "datetime": {"datetime": "2021-03-24 19:47:29", "elapsed": 42.586647, "delta": 1.081066}}
{"target": -0.45791619477685597, "params": {"model__colsample_bylevel": 0.7715134072915832, "model__colsample_bynode": 0.9319453714152863, "model__colsample_bytree": 0.30577678966142824, "model__learning_rate": 0.18718026520601957, "model__max_depth": 2.1219887229433168, "model__n_estimators": 29.225469625014988, "model__reg_lambda": 6.601705831945745}, "datetime": {"datetime": "2021-03-24 19:47:31", "elapsed": 44.128018, "delta": 1.541371}}
{"target": -0.4506584537998381, "params": {"model__colsample_bylevel": 1.0, "model__colsample_bynode": 0.7231976310833712, "model__colsample_bytree": 0.9999999997192401, "model__learning_rate": 0.3, "model__max_depth": 7.668175037220025, "model__n_estimators": 18.952693216858965, "model__reg_lambda": 9.999999999314332}, "datetime": {"datetime": "2021-03-24 19:47:32", "elapsed": 45.43067, "delta": 1.302652}}
{"target": -0.4617187729658748, "params": {"model__colsample_bylevel": 0.9807221879537815, "model__colsample_bynode": 0.8974463403658239, "model__colsample_bytree": 0.9369742166926001, "model__learning_rate": 0.28601115103718455, "model__max_depth": 2.053936588363391, "model__n_estimators": 18.766639297256035, "model__reg_lambda": 9.819626554290702}, "datetime": {"datetime": "2021-03-24 19:47:33", "elapsed": 46.9683, "delta": 1.53763}}
{"target": -0.47820777957584115, "params": {"model__colsample_bylevel": 0.953843157229918, "model__colsample_bynode": 0.8860792948764107, "model__colsample_bytree": 0.970112091121355, "model__learning_rate": 0.10818608910619013, "model__max_depth": 7.796375778185633, "model__n_estimators": 15.711795807541478, "model__reg_lambda": 2.607087941064248}, "datetime": {"datetime": "2021-03-24 19:47:35", "elapsed": 48.522285, "delta": 1.553985}}
{"target": -0.44464993558459626, "params": {"model__colsample_bylevel": 0.9235331465904353, "model__colsample_bynode": 0.3963271849231852, "model__colsample_bytree": 0.9270308922442816, "model__learning_rate": 0.23150405836482782, "model__max_depth": 2.6337102884609913, "model__n_estimators": 19.060645601623257, "model__reg_lambda": 2.2891599435106635}, "datetime": {"datetime": "2021-03-24 19:47:36", "elapsed": 49.706637, "delta": 1.184352}}
{"target": -0.45485037820805124, "params": {"model__colsample_bylevel": 0.7025161685002366, "model__colsample_bynode": 0.9931998665348802, "model__colsample_bytree": 0.9582488565014027, "model__learning_rate": 0.2773511914383141, "model__max_depth": 7.944066328599128, "model__n_estimators": 21.030472511673764, "model__reg_lambda": 5.761805438897056}, "datetime": {"datetime": "2021-03-24 19:47:37", "elapsed": 50.947896, "delta": 1.241259}}
{"target": -0.4657243049558441, "params": {"model__colsample_bylevel": 0.8669623080141216, "model__colsample_bynode": 0.3859537814876129, "model__colsample_bytree": 0.3838355267571, "model__learning_rate": 0.2576723951702308, "model__max_depth": 3.0898020979987812, "model__n_estimators": 15.074859495196614, "model__reg_lambda": 0.9018302253558641}, "datetime": {"datetime": "2021-03-24 19:47:39", "elapsed": 52.27389, "delta": 1.325994}}
{"target": -0.45845274273036185, "params": {"model__colsample_bylevel": 0.3231870559207171, "model__colsample_bynode": 0.9861509825851038, "model__colsample_bytree": 0.9637343634858071, "model__learning_rate": 0.298405382304044, "model__max_depth": 3.6991125932832007, "model__n_estimators": 17.279007554793314, "model__reg_lambda": 9.921769425155746}, "datetime": {"datetime": "2021-03-24 19:47:40", "elapsed": 53.372587, "delta": 1.098697}}
{"target": -0.518970392407188, "params": {"model__colsample_bylevel": 0.519410347713741, "model__colsample_bynode": 0.9033850764130522, "model__colsample_bytree": 0.3243822915056057, "model__learning_rate": 0.268055841146677, "model__max_depth": 7.956882310733184, "model__n_estimators": 18.298979383163626, "model__reg_lambda": 0.6094530387871144}, "datetime": {"datetime": "2021-03-24 19:47:41", "elapsed": 54.358411, "delta": 0.985824}}
{"target": -0.4510851997895625, "params": {"model__colsample_bylevel": 0.9497799316020807, "model__colsample_bynode": 0.5315494306853082, "model__colsample_bytree": 0.9219389485735439, "model__learning_rate": 0.20094509804215027, "model__max_depth": 7.758832553162402, "model__n_estimators": 27.738019634314035, "model__reg_lambda": 9.758664666376992}, "datetime": {"datetime": "2021-03-24 19:47:42", "elapsed": 55.526378, "delta": 1.167967}}
{"target": -0.4441599053776136, "params": {"model__colsample_bylevel": 0.9692433371665257, "model__colsample_bynode": 0.30100391459367715, "model__colsample_bytree": 0.9133613851939666, "model__learning_rate": 0.10548411608984498, "model__max_depth": 4.005690028861241, "model__n_estimators": 18.92724729673884, "model__reg_lambda": 0.028166584423593433}, "datetime": {"datetime": "2021-03-24 19:47:43", "elapsed": 56.575601, "delta": 1.049223}}
{"target": -0.4470688742922916, "params": {"model__colsample_bylevel": 0.9085618392292765, "model__colsample_bynode": 0.31927365302399385, "model__colsample_bytree": 0.9918871903586237, "model__learning_rate": 0.2361573585710552, "model__max_depth": 7.96681077637597, "model__n_estimators": 24.870429699009335, "model__reg_lambda": 9.455104847369851}, "datetime": {"datetime": "2021-03-24 19:47:44", "elapsed": 57.600153, "delta": 1.024552}}
{"target": -0.4528448335421474, "params": {"model__colsample_bylevel": 0.30515930901341554, "model__colsample_bynode": 0.9563773211898494, "model__colsample_bytree": 0.9891170459983918, "model__learning_rate": 0.29631852267286035, "model__max_depth": 4.537270200945719, "model__n_estimators": 15.281929470381884, "model__reg_lambda": 6.425836025858067}, "datetime": {"datetime": "2021-03-24 19:47:45", "elapsed": 58.958112, "delta": 1.357959}}
{"target": -0.4560279929551526, "params": {"model__colsample_bylevel": 1.0, "model__colsample_bynode": 0.4333360854348216, "model__colsample_bytree": 0.3, "model__learning_rate": 0.3, "model__max_depth": 2.0, "model__n_estimators": 24.41711292792253, "model__reg_lambda": 7.770510538338936}, "datetime": {"datetime": "2021-03-24 19:47:47", "elapsed": 60.600448, "delta": 1.642336}}
{"target": -0.48472864781573843, "params": {"model__colsample_bylevel": 0.3, "model__colsample_bynode": 1.0, "model__colsample_bytree": 0.3, "model__learning_rate": 0.3, "model__max_depth": 7.552595300639178, "model__n_estimators": 15.0, "model__reg_lambda": 8.457018003359588}, "datetime": {"datetime": "2021-03-24 19:47:48", "elapsed": 61.650573, "delta": 1.050125}}
{"target": -0.4484471441182457, "params": {"model__colsample_bylevel": 0.8986549974950843, "model__colsample_bynode": 0.3, "model__colsample_bytree": 0.9999999767627091, "model__learning_rate": 0.3, "model__max_depth": 3.5621613079987084, "model__n_estimators": 21.257604185110313, "model__reg_lambda": 2.0140985076467675}, "datetime": {"datetime": "2021-03-24 19:47:50", "elapsed": 63.069077, "delta": 1.418504}}
{"target": -0.44176638157282405, "params": {"model__colsample_bylevel": 0.3000000014025259, "model__colsample_bynode": 0.3000000012454183, "model__colsample_bytree": 0.9981206578417948, "model__learning_rate": 0.10000000108647202, "model__max_depth": 7.974192958476756, "model__n_estimators": 25.50008722198943, "model__reg_lambda": 1.551522059649476}, "datetime": {"datetime": "2021-03-24 19:47:51", "elapsed": 64.415477, "delta": 1.3464}}
{"target": -0.4568480220974247, "params": {"model__colsample_bylevel": 0.9009407258529658, "model__colsample_bynode": 0.8658604465637609, "model__colsample_bytree": 0.9827990439818606, "model__learning_rate": 0.2997138102037008, "model__max_depth": 2.092714313765298, "model__n_estimators": 27.043577479584915, "model__reg_lambda": 9.514756113475539}, "datetime": {"datetime": "2021-03-24 19:47:52", "elapsed": 65.730676, "delta": 1.315199}}
{"target": -0.4518874183330901, "params": {"model__colsample_bylevel": 0.9944302089172758, "model__colsample_bynode": 0.9225448683004238, "model__colsample_bytree": 0.9218768805047626, "model__learning_rate": 0.24580808496822548, "model__max_depth": 6.6586646098901054, "model__n_estimators": 19.079440460357755, "model__reg_lambda": 0.46800855851493184}, "datetime": {"datetime": "2021-03-24 19:47:54", "elapsed": 67.060404, "delta": 1.329728}}
{"target": -0.4472880933298796, "params": {"model__colsample_bylevel": 0.35409024494521385, "model__colsample_bynode": 0.5427290588322795, "model__colsample_bytree": 0.9721795040896675, "model__learning_rate": 0.2965339367402575, "model__max_depth": 6.542546351828041, "model__n_estimators": 23.929812734417585, "model__reg_lambda": 9.861317999856107}, "datetime": {"datetime": "2021-03-24 19:47:55", "elapsed": 68.319567, "delta": 1.259163}}
{"target": -0.4508385632160133, "params": {"model__colsample_bylevel": 0.9875910125850065, "model__colsample_bynode": 0.944888135623227, "model__colsample_bytree": 0.6699674900868368, "model__learning_rate": 0.2655274232513712, "model__max_depth": 3.4481523041301108, "model__n_estimators": 17.955246545231184, "model__reg_lambda": 1.011280954307966}, "datetime": {"datetime": "2021-03-24 19:47:56", "elapsed": 69.652171, "delta": 1.332604}}
{"target": -0.4527850862821915, "params": {"model__colsample_bylevel": 0.3208446199289271, "model__colsample_bynode": 0.5320755649798329, "model__colsample_bytree": 0.9997016987949878, "model__learning_rate": 0.25096011209056557, "model__max_depth": 3.994868678109171, "model__n_estimators": 15.012916349481637, "model__reg_lambda": 3.7626380718170473}, "datetime": {"datetime": "2021-03-24 19:47:57", "elapsed": 70.716715, "delta": 1.064544}}
{"target": -0.48322576106377485, "params": {"model__colsample_bylevel": 0.9898256362089533, "model__colsample_bynode": 0.5611636404021736, "model__colsample_bytree": 0.3006413058597394, "model__learning_rate": 0.12296372889625705, "model__max_depth": 7.234911049424686, "model__n_estimators": 29.96937020323621, "model__reg_lambda": 4.370520461564026}, "datetime": {"datetime": "2021-03-24 19:47:59", "elapsed": 72.173224, "delta": 1.456509}}
{"target": -0.45672579110343603, "params": {"model__colsample_bylevel": 0.5530399312417213, "model__colsample_bynode": 0.3568997094324156, "model__colsample_bytree": 0.9917448667629727, "model__learning_rate": 0.1290303489837818, "model__max_depth": 7.991229908712163, "model__n_estimators": 28.33220776166784, "model__reg_lambda": 7.871245814495465}, "datetime": {"datetime": "2021-03-24 19:48:00", "elapsed": 73.498718, "delta": 1.325494}}
{"target": -0.44694255069573074, "params": {"model__colsample_bylevel": 0.3655597584317535, "model__colsample_bynode": 0.9758238210240859, "model__colsample_bytree": 0.9599813946238347, "model__learning_rate": 0.14651189100043369, "model__max_depth": 7.979456014296864, "model__n_estimators": 27.905011083751575, "model__reg_lambda": 3.516602848690664}, "datetime": {"datetime": "2021-03-24 19:48:01", "elapsed": 74.757722, "delta": 1.259004}}
{"target": -0.4550044050467187, "params": {"model__colsample_bylevel": 0.9811896240632756, "model__colsample_bynode": 0.3268132916166234, "model__colsample_bytree": 0.9583207555007884, "model__learning_rate": 0.27265412704374503, "model__max_depth": 5.137018227408541, "model__n_estimators": 19.514605376808714, "model__reg_lambda": 9.984572469525496}, "datetime": {"datetime": "2021-03-24 19:48:03", "elapsed": 76.064408, "delta": 1.306686}}
{"target": -0.4461034696616665, "params": {"model__colsample_bylevel": 0.6652453988565923, "model__colsample_bynode": 0.9614582444489248, "model__colsample_bytree": 0.9942314894534396, "model__learning_rate": 0.21233999419163002, "model__max_depth": 7.554862407125431, "model__n_estimators": 18.13708957811341, "model__reg_lambda": 6.539635655563719}, "datetime": {"datetime": "2021-03-24 19:48:04", "elapsed": 77.613823, "delta": 1.549415}}
{"target": -0.45915109461200415, "params": {"model__colsample_bylevel": 0.3000000003920378, "model__colsample_bynode": 0.30000000020033446, "model__colsample_bytree": 1.0, "model__learning_rate": 0.1428134221686134, "model__max_depth": 2.0, "model__n_estimators": 29.999999999052086, "model__reg_lambda": 9.99999999885981}, "datetime": {"datetime": "2021-03-24 19:48:05", "elapsed": 78.804634, "delta": 1.190811}}
