{"target": -0.4518008179341753, "params": {"model__colsample_bylevel": 0.5531636944294068, "model__colsample_bynode": 0.9805624212233002, "model__colsample_bytree": 0.9508764562428929, "model__learning_rate": 0.29811129520609203, "model__max_depth": 5.968573404115573, "model__n_estimators": 21.17837022057121, "model__reg_lambda": 9.633002589516437}, "datetime": {"datetime": "2021-03-24 19:48:07", "elapsed": 80.577422, "delta": 1.772788}}
{"target": -0.45014343257197115, "params": {"model__colsample_bylevel": 0.8859075567338441, "model__colsample_bynode": 0.48950743098144156, "model__colsample_bytree": 0.9995839926962864, "model__learning_rate": 0.28223369429449774, "model__max_depth": 7.997870221013512, "model__n_estimators": 18.795396281526, "model__reg_lambda": 3.0946634106231627}, "datetime": {"datetime": "2021-03-24 19:48:09", "elapsed": 82.164613, "delta": 1.587191}}
{"target": -0.4557687382146285, "params": {"model__colsample_bylevel": 0.9771408221680253, "model__colsample_bynode": 0.34645369836364226, "model__colsample_bytree": 0.995309977010066, "model__learning_rate": 0.1030467752905647, "model__max_depth": 2.3637833579674985, "model__n_estimators": 20.96524912515552, "model__reg_lambda": 0.05953028119246806}, "datetime": {"datetime": "2021-03-24 19:48:10", "elapsed": 83.372521, "delta": 1.207908}}
{"target": -0.45470062950491047, "params": {"model__colsample_bylevel": 0.3417970951186651, "model__colsample_bynode": 0.7639393001538903, "model__colsample_bytree": 0.9944925751689406, "model__learning_rate": 0.23762449486660175, "model__max_depth": 4.7823268540723145, "model__n_estimators": 19.24555667850904, "model__reg_lambda": 5.387230079637791}, "datetime": {"datetime": "2021-03-24 19:48:11", "elapsed": 84.915499, "delta": 1.542978}}
{"target": -0.4618376317218054, "params": {"model__colsample_bylevel": 0.9566012399188419, "model__colsample_bynode": 0.4830141926533496, "model__colsample_bytree": 0.31473112277427645, "model__learning_rate": 0.25741618705739844, "model__max_depth": 2.2157759049652888, "model__n_estimators": 23.7518161813629, "model__reg_lambda": 9.961571102529145}, "datetime": {"datetime": "2021-03-24 19:48:13", "elapsed": 86.446867, "delta": 1.531368}}
{"target": -0.4563547354016075, "params": {"model__colsample_bylevel": 0.9650685872285989, "model__colsample_bynode": 0.9093783968327422, "model__colsample_bytree": 0.9651051859835287, "model__learning_rate": 0.27538572160473307, "model__max_depth": 2.2140692777725963, "model__n_estimators": 20.83434712721096, "model__reg_lambda": 6.648718103718955}, "datetime": {"datetime": "2021-03-24 19:48:14", "elapsed": 87.775196, "delta": 1.328329}}
{"target": -0.4463562487935027, "params": {"model__colsample_bylevel": 0.3407075616054128, "model__colsample_bynode": 0.32247950339830606, "model__colsample_bytree": 0.9905057683755414, "model__learning_rate": 0.2901070108860694, "model__max_depth": 2.1547537155770873, "model__n_estimators": 24.11467367919098, "model__reg_lambda": 5.737663336376476}, "datetime": {"datetime": "2021-03-24 19:48:16", "elapsed": 89.348089, "delta": 1.572893}}
{"target": -0.4729797232747618, "params": {"model__colsample_bylevel": 0.30210555074299894, "model__colsample_bynode": 0.34448540324498755, "model__colsample_bytree": 0.3616939487607607, "model__learning_rate": 0.2949173045948724, "model__max_depth": 2.150369139591594, "model__n_estimators": 15.248580619225006, "model__reg_lambda": 9.806712701019343}, "datetime": {"datetime": "2021-03-24 19:48:17", "elapsed": 90.858352, "delta": 1.510263}}
{"target": -0.46467410352728933, "params": {"model__colsample_bylevel": 0.9855338663642736, "model__colsample_bynode": 0.9431385112877948, "model__colsample_bytree": 0.9533987142842182, "model__learning_rate": 0.13542812602543605, "model__max_depth": 2.0813831250574824, "model__n_estimators": 29.797786080260686, "model__reg_lambda": 7.6692412286269125}, "datetime": {"datetime": "2021-03-24 19:48:19", "elapsed": 92.206787, "delta": 1.348435}}
{"target": -0.4489537853902827, "params": {"model__colsample_bylevel": 0.5604481752656322, "model__colsample_bynode": 0.3464276681880194, "model__colsample_bytree": 0.9508548848934739, "model__learning_rate": 0.22699213490701617, "model__max_depth": 3.261141579738738, "model__n_estimators": 27.702217344125465, "model__reg_lambda": 5.619402464576932}, "datetime": {"datetime": "2021-03-24 19:48:20", "elapsed": 93.385629, "delta": 1.178842}}
{"target": -0.45044391783683196, "params": {"model__colsample_bylevel": 0.8114821708637112, "model__colsample_bynode": 0.9376335115103158, "model__colsample_bytree": 0.8247090545374769, "model__learning_rate": 0.27200906620342946, "model__max_depth": 7.779038082033786, "model__n_estimators": 22.534875071989713, "model__reg_lambda": 9.956099332192736}, "datetime": {"datetime": "2021-03-24 19:48:21", "elapsed": 94.752387, "delta": 1.366758}}
{"target": -0.4565061629277425, "params": {"model__colsample_bylevel": 0.8016855107215266, "model__colsample_bynode": 0.9966068574517286, "model__colsample_bytree": 0.9858331481090068, "model__learning_rate": 0.2823989516281362, "model__max_depth": 6.7997941905951365, "model__n_estimators": 17.435021168659954, "model__reg_lambda": 8.210590967634017}, "datetime": {"datetime": "2021-03-24 19:48:23", "elapsed": 96.137401, "delta": 1.385014}}
{"target": -0.44851924513493646, "params": {"model__colsample_bylevel": 0.3, "model__colsample_bynode": 0.3003706365557833, "model__colsample_bytree": 1.0, "model__learning_rate": 0.3, "model__max_depth": 2.0, "model__n_estimators": 24.87329439805029, "model__reg_lambda": 9.999999972998785}, "datetime": {"datetime": "2021-03-24 19:48:24", "elapsed": 97.632498, "delta": 1.495097}}
{"target": -0.4722549507232464, "params": {"model__colsample_bylevel": 0.9988535280453341, "model__colsample_bynode": 0.3476939447242756, "model__colsample_bytree": 0.3931442516290856, "model__learning_rate": 0.12128614506443863, "model__max_depth": 2.0809290876923283, "model__n_estimators": 18.898310121363345, "model__reg_lambda": 0.8167315838314049}, "datetime": {"datetime": "2021-03-24 19:48:26", "elapsed": 99.077434, "delta": 1.444936}}
{"target": -0.47235302981124194, "params": {"model__colsample_bylevel": 0.30072136439928643, "model__colsample_bynode": 0.9417087108645055, "model__colsample_bytree": 0.32711850305092005, "model__learning_rate": 0.28192527735538375, "model__max_depth": 5.104950056770322, "model__n_estimators": 29.886736244641217, "model__reg_lambda": 6.39716468932535}, "datetime": {"datetime": "2021-03-24 19:48:27", "elapsed": 100.28941, "delta": 1.211976}}
{"target": -0.46390604314164835, "params": {"model__colsample_bylevel": 1.0, "model__colsample_bynode": 1.0, "model__colsample_bytree": 1.0, "model__learning_rate": 0.3, "model__max_depth": 2.0, "model__n_estimators": 15.0, "model__reg_lambda": 10.0}, "datetime": {"datetime": "2021-03-24 19:48:28", "elapsed": 101.697033, "delta": 1.407623}}
{"target": -0.4648186762378537, "params": {"model__colsample_bylevel": 0.9999999900200354, "model__colsample_bynode": 1.0, "model__colsample_bytree": 1.0, "model__learning_rate": 0.29999999043699876, "model__max_depth": 5.304825493812936, "model__n_estimators": 19.48776784237085, "model__reg_lambda": 6.727380791743849}, "datetime": {"datetime": "2021-03-24 19:48:30", "elapsed": 103.365528, "delta": 1.668495}}
{"target": -0.44382773102936, "params": {"model__colsample_bylevel": 0.9410726751637297, "model__colsample_bynode": 0.5239105002826596, "model__colsample_bytree": 0.9740175673074853, "model__learning_rate": 0.28271335185939095, "model__max_depth": 2.6299792718848414, "model__n_estimators": 24.974757033800085, "model__reg_lambda": 2.762586428751744}, "datetime": {"datetime": "2021-03-24 19:48:31", "elapsed": 104.657741, "delta": 1.292213}}
{"target": -0.448542757274286, "params": {"model__colsample_bylevel": 0.30000000094487, "model__colsample_bynode": 0.9999999958566782, "model__colsample_bytree": 1.0, "model__learning_rate": 0.1000000022702776, "model__max_depth": 4.686317367491794, "model__n_estimators": 18.922678838267867, "model__reg_lambda": 0.009116110932930402}, "datetime": {"datetime": "2021-03-24 19:48:33", "elapsed": 106.495161, "delta": 1.83742}}
{"target": -0.45251803080537834, "params": {"model__colsample_bylevel": 0.3043644482487556, "model__colsample_bynode": 0.3676033496004415, "model__colsample_bytree": 0.981294860563616, "model__learning_rate": 0.24424215775933802, "model__max_depth": 6.589193048684011, "model__n_estimators": 15.385009368676169, "model__reg_lambda": 6.784739731028839}, "datetime": {"datetime": "2021-03-24 19:48:34", "elapsed": 107.835127, "delta": 1.339966}}
{"target": -0.4525239628226753, "params": {"model__colsample_bylevel": 0.9927264432750535, "model__colsample_bynode": 0.3298798758991868, "model__colsample_bytree": 0.9765276662800766, "model__learning_rate": 0.16418538603300425, "model__max_depth": 6.804172376849575, "model__n_estimators": 23.843081313157008, "model__reg_lambda": 5.143082942360492}, "datetime": {"datetime": "2021-03-24 19:48:36", "elapsed": 109.166269, "delta": 1.331142}}
{"target": -0.453833092816606, "params": {"model__colsample_bylevel": 0.3532871052535379, "model__colsample_bynode": 0.5290142964352131, "model__colsample_bytree": 0.9915690481250294, "model__learning_rate": 0.26805684739793467, "model__max_depth": 2.21961280280636, "model__n_estimators": 18.73008406524031, "model__reg_lambda": 8.351421552425206}, "datetime": {"datetime": "2021-03-24 19:48:37", "elapsed": 110.464463, "delta": 1.298194}}
{"target": -0.4740406973746376, "params": {"model__colsample_bylevel": 0.33504193747090427, "model__colsample_bynode": 0.7532084895621509, "model__colsample_bytree": 0.9926544997637246, "model__learning_rate": 0.11025444468934818, "model__max_depth": 7.7159196099907685, "model__n_estimators": 18.754079943818844, "model__reg_lambda": 5.304330093493013}, "datetime": {"datetime": "2021-03-24 19:48:38", "elapsed": 111.888987, "delta": 1.424524}}
{"target": -0.4529574268038615, "params": {"model__colsample_bylevel": 0.9522355779379772, "model__colsample_bynode": 0.987185210020995, "model__colsample_bytree": 0.3414664552575811, "model__learning_rate": 0.17986773990255267, "model__max_depth": 2.0059526463286144, "model__n_estimators": 23.747739686935745, "model__reg_lambda": 0.1659028619368097}, "datetime": {"datetime": "2021-03-24 19:48:40", "elapsed": 113.619941, "delta": 1.730954}}
{"target": -0.4515499325050715, "params": {"model__colsample_bylevel": 0.5528443414945328, "model__colsample_bynode": 0.34202841254449046, "model__colsample_bytree": 0.964161428849051, "model__learning_rate": 0.22670855492395636, "model__max_depth": 3.4532375366459793, "model__n_estimators": 16.968843440116174, "model__reg_lambda": 1.3203279115625588}, "datetime": {"datetime": "2021-03-24 19:48:42", "elapsed": 115.057949, "delta": 1.438008}}
{"target": -0.457158726769621, "params": {"model__colsample_bylevel": 0.3518557174233683, "model__colsample_bynode": 0.9497034671259488, "model__colsample_bytree": 0.9773883601853401, "model__learning_rate": 0.2716162880482443, "model__max_depth": 7.849658644812834, "model__n_estimators": 17.314263099321145, "model__reg_lambda": 9.969735287768124}, "datetime": {"datetime": "2021-03-24 19:48:43", "elapsed": 116.19436, "delta": 1.136411}}
{"target": -0.4460073397862658, "params": {"model__colsample_bylevel": 0.9053113622195381, "model__colsample_bynode": 0.9894479349726104, "model__colsample_bytree": 0.9910153193969891, "model__learning_rate": 0.2801615472243538, "model__max_depth": 6.974131265940443, "model__n_estimators": 16.938947083347948, "model__reg_lambda": 1.020235451989363}, "datetime": {"datetime": "2021-03-24 19:48:44", "elapsed": 117.839201, "delta": 1.644841}}
{"target": -0.45244136305282945, "params": {"model__colsample_bylevel": 0.7642814443624428, "model__colsample_bynode": 0.9465973494129938, "model__colsample_bytree": 0.9805990397807816, "model__learning_rate": 0.1018030441270122, "model__max_depth": 6.71212147052756, "model__n_estimators": 26.138393789761952, "model__reg_lambda": 1.957100048633672}, "datetime": {"datetime": "2021-03-24 19:48:46", "elapsed": 119.082044, "delta": 1.242843}}
{"target": -0.45486764119857026, "params": {"model__colsample_bylevel": 1.0, "model__colsample_bynode": 0.3, "model__colsample_bytree": 0.6216713428927886, "model__learning_rate": 0.3, "model__max_depth": 5.147088610436537, "model__n_estimators": 25.611609552506906, "model__reg_lambda": 9.998761925565745}, "datetime": {"datetime": "2021-03-24 19:48:47", "elapsed": 120.433033, "delta": 1.350989}}
{"target": -0.4868430470366139, "params": {"model__colsample_bylevel": 0.493276664265805, "model__colsample_bynode": 1.0, "model__colsample_bytree": 0.30000000000607535, "model__learning_rate": 0.10000000376334131, "model__max_depth": 7.455131517439501, "model__n_estimators": 29.999999994202902, "model__reg_lambda": 1.466709237400443}, "datetime": {"datetime": "2021-03-24 19:48:48", "elapsed": 121.861825, "delta": 1.428792}}
{"target": -0.45243884753098423, "params": {"model__colsample_bylevel": 0.3457149909473923, "model__colsample_bynode": 0.8510646061775935, "model__colsample_bytree": 0.9925584119602278, "model__learning_rate": 0.28829332991566425, "model__max_depth": 5.8221630405340585, "model__n_estimators": 21.75047760083613, "model__reg_lambda": 5.473897850392331}, "datetime": {"datetime": "2021-03-24 19:48:50", "elapsed": 123.287141, "delta": 1.425316}}
{"target": -0.4577430054990817, "params": {"model__colsample_bylevel": 0.9838767373195763, "model__colsample_bynode": 0.9298035941513725, "model__colsample_bytree": 0.9983055129713971, "model__learning_rate": 0.11709681142914562, "model__max_depth": 7.939601603328899, "model__n_estimators": 29.045894993127504, "model__reg_lambda": 5.982134751433276}, "datetime": {"datetime": "2021-03-24 19:48:51", "elapsed": 124.657831, "delta": 1.37069}}
{"target": -0.4494764912806019, "params": {"model__colsample_bylevel": 1.0, "model__colsample_bynode": 0.3, "model__colsample_bytree": 0.9999999999998825, "model__learning_rate": 0.13117377011973935, "model__max_depth": 8.0, "model__n_estimators": 30.0, "model__reg_lambda": 9.999999999999499}, "datetime": {"datetime": "2021-03-24 19:48:52", "elapsed": 125.916432, "delta": 1.258601}}
{"target": -0.5475065543655429, "params": {"model__colsample_bylevel": 0.9999999735414213, "model__colsample_bynode": 0.999999991252611, "model__colsample_bytree": 0.9999999902580152, "model__learning_rate": 0.2999999897462132, "model__max_depth": 7.999999981490403, "model__n_estimators": 20.834875812626194, "model__reg_lambda": 0.0}, "datetime": {"datetime": "2021-03-24 19:48:54", "elapsed": 127.131155, "delta": 1.214723}}
{"target": -0.462512262368514, "params": {"model__colsample_bylevel": 0.9361343011709, "model__colsample_bynode": 0.754666043230551, "model__colsample_bytree": 0.9012976860125856, "model__learning_rate": 0.1663985023227827, "model__max_depth": 6.712394019717999, "model__n_estimators": 29.798180816976544, "model__reg_lambda": 0.05303197380670421}, "datetime": {"datetime": "2021-03-24 19:48:55", "elapsed": 128.50619, "delta": 1.375035}}
{"target": -0.4477922002251759, "params": {"model__colsample_bylevel": 0.5353269224323188, "model__colsample_bynode": 0.3012212698913933, "model__colsample_bytree": 0.9922839791253855, "model__learning_rate": 0.2928593354775805, "model__max_depth": 3.9617040953179665, "model__n_estimators": 19.548165817931537, "model__reg_lambda": 3.78940306337047}, "datetime": {"datetime": "2021-03-24 19:48:56", "elapsed": 129.898558, "delta": 1.392368}}
{"target": -0.44874675667615255, "params": {"model__colsample_bylevel": 0.4818494513006469, "model__colsample_bynode": 0.9525548904026844, "model__colsample_bytree": 0.9660142812581951, "model__learning_rate": 0.11203794842455506, "model__max_depth": 3.330731458651968, "model__n_estimators": 29.997235114748037, "model__reg_lambda": 1.2682391206996968}, "datetime": {"datetime": "2021-03-24 19:48:58", "elapsed": 131.031279, "delta": 1.132721}}
{"target": -0.43494194724759005, "params": {"model__colsample_bylevel": 0.3430503966186428, "model__colsample_bynode": 0.7956165484641009, "model__colsample_bytree": 0.9916364583554433, "model__learning_rate": 0.12886467556967582, "model__max_depth": 7.255971611944236, "model__n_estimators": 24.100758575770527, "model__reg_lambda": 1.029568710367037}, "datetime": {"datetime": "2021-03-24 19:48:59", "elapsed": 132.442724, "delta": 1.411445}}
{"target": -0.4760335719901259, "params": {"model__colsample_bylevel": 1.0, "model__colsample_bynode": 0.9999999987665362, "model__colsample_bytree": 1.0, "model__learning_rate": 0.3, "model__max_depth": 7.97456179225732, "model__n_estimators": 17.841130921097733, "model__reg_lambda": 1.615307925130197}, "datetime": {"datetime": "2021-03-24 19:49:00", "elapsed": 133.675462, "delta": 1.232738}}
{"target": -0.4435304487296178, "params": {"model__colsample_bylevel": 0.4467762816451532, "model__colsample_bynode": 0.6425319587828072, "model__colsample_bytree": 0.9449186372148228, "model__learning_rate": 0.183927360070777, "model__max_depth": 6.333675601467766, "model__n_estimators": 17.88594277324342, "model__reg_lambda": 0.04680531129659049}, "datetime": {"datetime": "2021-03-24 19:49:02", "elapsed": 135.155282, "delta": 1.47982}}
{"target": -0.45765275942445127, "params": {"model__colsample_bylevel": 0.7938822738592726, "model__colsample_bynode": 0.7248912830957606, "model__colsample_bytree": 0.9895405416296434, "model__learning_rate": 0.285480719803098, "model__max_depth": 6.575120595656882, "model__n_estimators": 18.987144244036156, "model__reg_lambda": 3.5041772501592137}, "datetime": {"datetime": "2021-03-24 19:49:03", "elapsed": 136.823746, "delta": 1.668464}}
{"target": -0.44678605951071865, "params": {"model__colsample_bylevel": 0.3628966949022699, "model__colsample_bynode": 0.30000000806946514, "model__colsample_bytree": 0.9715463545325228, "model__learning_rate": 0.1277096058261128, "model__max_depth": 7.55767298953218, "model__n_estimators": 22.73760108276673, "model__reg_lambda": 2.7833513453929526}, "datetime": {"datetime": "2021-03-24 19:49:05", "elapsed": 138.230402, "delta": 1.406656}}
{"target": -0.4369755052293286, "params": {"model__colsample_bylevel": 0.3739607451413329, "model__colsample_bynode": 0.8191480119026406, "model__colsample_bytree": 0.9432319222608139, "model__learning_rate": 0.20723659594295862, "model__max_depth": 7.137148054699345, "model__n_estimators": 15.047810431486637, "model__reg_lambda": 1.1533571824382072}, "datetime": {"datetime": "2021-03-24 19:49:06", "elapsed": 139.492723, "delta": 1.262321}}
{"target": -0.46880164253727896, "params": {"model__colsample_bylevel": 0.3167099876405859, "model__colsample_bynode": 0.9961625446262876, "model__colsample_bytree": 0.47977240127962323, "model__learning_rate": 0.19404602768428555, "model__max_depth": 2.0921440394512585, "model__n_estimators": 23.203341025667, "model__reg_lambda": 7.790282830639375}, "datetime": {"datetime": "2021-03-24 19:49:07", "elapsed": 140.904484, "delta": 1.411761}}
{"target": -0.5261455999201405, "params": {"model__colsample_bylevel": 0.3, "model__colsample_bynode": 1.0, "model__colsample_bytree": 0.489695457733727, "model__learning_rate": 0.1, "model__max_depth": 8.0, "model__n_estimators": 15.0, "model__reg_lambda": 1.8512625688595947}, "datetime": {"datetime": "2021-03-24 19:49:09", "elapsed": 142.088582, "delta": 1.184098}}
{"target": -0.45635508651561707, "params": {"model__colsample_bylevel": 0.9806723184561494, "model__colsample_bynode": 0.40973625866957764, "model__colsample_bytree": 0.7265293213888342, "model__learning_rate": 0.28967986686364483, "model__max_depth": 7.244755465867681, "model__n_estimators": 15.002210149878975, "model__reg_lambda": 4.877007400649893}, "datetime": {"datetime": "2021-03-24 19:49:10", "elapsed": 143.795842, "delta": 1.70726}}
{"target": -0.4530870336391356, "params": {"model__colsample_bylevel": 0.7163436129198708, "model__colsample_bynode": 0.3145099077611612, "model__colsample_bytree": 0.927608741587421, "model__learning_rate": 0.29426603324343237, "model__max_depth": 7.32283432460342, "model__n_estimators": 16.98780300325275, "model__reg_lambda": 5.950239123714985}, "datetime": {"datetime": "2021-03-24 19:49:12", "elapsed": 145.072193, "delta": 1.276351}}
{"target": -0.45802424520092166, "params": {"model__colsample_bylevel": 0.43912015661912573, "model__colsample_bynode": 0.8611043805099039, "model__colsample_bytree": 0.9181498736859497, "model__learning_rate": 0.274153296581983, "model__max_depth": 7.291165660616569, "model__n_estimators": 15.041355560883785, "model__reg_lambda": 9.981647108735064}, "datetime": {"datetime": "2021-03-24 19:49:13", "elapsed": 146.20569, "delta": 1.133497}}
{"target": -0.4627090981878017, "params": {"model__colsample_bylevel": 0.8537196446558258, "model__colsample_bynode": 0.3, "model__colsample_bytree": 0.8501557393850206, "model__learning_rate": 0.3, "model__max_depth": 2.000000003519349, "model__n_estimators": 16.212534062810036, "model__reg_lambda": 10.0}, "datetime": {"datetime": "2021-03-24 19:49:14", "elapsed": 147.694027, "delta": 1.488337}}
{"target": -0.4554857696048861, "params": {"model__colsample_bylevel": 0.820000779241064, "model__colsample_bynode": 0.3, "model__colsample_bytree": 0.979411912764066, "model__learning_rate": 0.2999999974696388, "model__max_depth": 7.719019732113003, "model__n_estimators": 29.99999994365149, "model__reg_lambda": 7.804095200137646}, "datetime": {"datetime": "2021-03-24 19:49:15", "elapsed": 148.89413, "delta": 1.200103}}
