{"target": -0.4450236924377311, "params": {"model__colsample_bylevel": 0.9641720780837602, "model__colsample_bynode": 0.3524981097360912, "model__colsample_bytree": 0.9942366873822681, "model__learning_rate": 0.2973400047785091, "model__max_depth": 7.960276314578232, "model__n_estimators": 23.97213133681643, "model__reg_lambda": 4.449637559677095}, "datetime": {"datetime": "2021-03-24 19:46:13", "elapsed": 201.94061, "delta": 1.126078}}
{"target": -0.4579390619274067, "params": {"model__colsample_bylevel": 0.9154727318982201, "model__colsample_bynode": 0.9772882177774422, "model__colsample_bytree": 0.8721214605942844, "model__learning_rate": 0.2992837318886059, "model__max_depth": 7.168740829752896, "model__n_estimators": 29.133554957054585, "model__reg_lambda": 4.205137174650413}, "datetime": {"datetime": "2021-03-24 19:46:14", "elapsed": 203.362453, "delta": 1.421843}}
{"target": -0.43844164793744034, "params": {"model__colsample_bylevel": 0.32782904913316185, "model__colsample_bynode": 0.31972939135275125, "model__colsample_bytree": 0.964711038545286, "model__learning_rate": 0.26371378804597545, "model__max_depth": 6.821478596284832, "model__n_estimators": 15.011777587731086, "model__reg_lambda": 3.5720387497861172}, "datetime": {"datetime": "2021-03-24 19:46:15", "elapsed": 204.625988, "delta": 1.263535}}
{"target": -0.4588914743631376, "params": {"model__colsample_bylevel": 0.3459446777149876, "model__colsample_bynode": 0.9530837305863809, "model__colsample_bytree": 0.38711777162316435, "model__learning_rate": 0.28051140192246843, "model__max_depth": 3.565064563712367, "model__n_estimators": 17.445972541470606, "model__reg_lambda": 3.2404731500918937}, "datetime": {"datetime": "2021-03-24 19:46:17", "elapsed": 205.955593, "delta": 1.329605}}
{"target": -0.496083011413398, "params": {"model__colsample_bylevel": 0.8187789544699446, "model__colsample_bynode": 0.35184899909484546, "model__colsample_bytree": 0.9506429302211585, "model__learning_rate": 0.10415183635868586, "model__max_depth": 2.0144501796784127, "model__n_estimators": 15.017286552192576, "model__reg_lambda": 1.786742939589785}, "datetime": {"datetime": "2021-03-24 19:46:18", "elapsed": 207.501474, "delta": 1.545881}}
{"target": -0.47728140820475773, "params": {"model__colsample_bylevel": 0.4688151455364724, "model__colsample_bynode": 0.39062121216865286, "model__colsample_bytree": 0.9887820511701744, "model__learning_rate": 0.2791778421165907, "model__max_depth": 5.184445146570949, "model__n_estimators": 17.85413420930271, "model__reg_lambda": 0.03931579540823793}, "datetime": {"datetime": "2021-03-24 19:46:19", "elapsed": 208.703438, "delta": 1.201964}}
{"target": -0.459431666718202, "params": {"model__colsample_bylevel": 0.3, "model__colsample_bynode": 1.0, "model__colsample_bytree": 1.0, "model__learning_rate": 0.29999999999995075, "model__max_depth": 4.120396993398115, "model__n_estimators": 29.505237331659007, "model__reg_lambda": 5.614185677159259}, "datetime": {"datetime": "2021-03-24 19:46:21", "elapsed": 210.62478, "delta": 1.921342}}
{"target": -0.4711208845691188, "params": {"model__colsample_bylevel": 0.9280896138988901, "model__colsample_bynode": 0.31327780586648385, "model__colsample_bytree": 0.3706191368273535, "model__learning_rate": 0.299992156680177, "model__max_depth": 7.840480042276237, "model__n_estimators": 15.092059497606197, "model__reg_lambda": 9.331607381645705}, "datetime": {"datetime": "2021-03-24 19:46:23", "elapsed": 211.966781, "delta": 1.342001}}
{"target": -0.46528881021599844, "params": {"model__colsample_bylevel": 0.4270333018972323, "model__colsample_bynode": 0.42699793285031973, "model__colsample_bytree": 0.3107551809118001, "model__learning_rate": 0.27859764087134453, "model__max_depth": 7.830193962453311, "model__n_estimators": 22.21519429087818, "model__reg_lambda": 9.861693466006848}, "datetime": {"datetime": "2021-03-24 19:46:24", "elapsed": 213.251263, "delta": 1.284482}}
{"target": -0.4359531308180126, "params": {"model__colsample_bylevel": 0.9605155903795832, "model__colsample_bynode": 0.45461373802454563, "model__colsample_bytree": 0.9380314308127082, "model__learning_rate": 0.2811297844961196, "model__max_depth": 2.002905719497303, "model__n_estimators": 29.997086448799806, "model__reg_lambda": 3.0426905848680494}, "datetime": {"datetime": "2021-03-24 19:46:25", "elapsed": 214.474908, "delta": 1.223645}}
{"target": -0.4387274505206101, "params": {"model__colsample_bylevel": 0.3893895326915834, "model__colsample_bynode": 0.536943964524508, "model__colsample_bytree": 0.9449832538397709, "model__learning_rate": 0.2969351060389621, "model__max_depth": 7.132456723793024, "model__n_estimators": 17.774147890195533, "model__reg_lambda": 9.886763227999172}, "datetime": {"datetime": "2021-03-24 19:46:27", "elapsed": 216.271655, "delta": 1.796747}}
{"target": -0.43989538603421785, "params": {"model__colsample_bylevel": 0.33788030441205036, "model__colsample_bynode": 0.8769567884470879, "model__colsample_bytree": 0.8776000057031406, "model__learning_rate": 0.1475564094645197, "model__max_depth": 4.413627095954903, "model__n_estimators": 24.31765558217021, "model__reg_lambda": 0.6179301236321721}, "datetime": {"datetime": "2021-03-24 19:46:28", "elapsed": 217.420852, "delta": 1.149197}}
{"target": -0.45371629064902674, "params": {"model__colsample_bylevel": 0.671500008857576, "model__colsample_bynode": 0.7904753998158809, "model__colsample_bytree": 0.9950136576624686, "model__learning_rate": 0.27939313178343217, "model__max_depth": 3.5910769525931436, "model__n_estimators": 15.11597843285392, "model__reg_lambda": 3.7953450146945036}, "datetime": {"datetime": "2021-03-24 19:46:30", "elapsed": 219.028816, "delta": 1.607964}}
{"target": -0.44791757401240906, "params": {"model__colsample_bylevel": 0.9821006348372552, "model__colsample_bynode": 0.8550782702041257, "model__colsample_bytree": 0.31326212840215656, "model__learning_rate": 0.2757746058691044, "model__max_depth": 2.2895601725623944, "model__n_estimators": 22.700970134313152, "model__reg_lambda": 7.2676163903565865}, "datetime": {"datetime": "2021-03-24 19:46:31", "elapsed": 220.366128, "delta": 1.337312}}
{"target": -0.44191734091365253, "params": {"model__colsample_bylevel": 0.4092646052014195, "model__colsample_bynode": 0.9018873429193066, "model__colsample_bytree": 0.7885740425617904, "model__learning_rate": 0.2879940453940798, "model__max_depth": 7.950928364202716, "model__n_estimators": 20.594293097473827, "model__reg_lambda": 8.94874781391096}, "datetime": {"datetime": "2021-03-24 19:46:33", "elapsed": 222.169031, "delta": 1.802903}}
{"target": -0.4562807698875827, "params": {"model__colsample_bylevel": 1.0, "model__colsample_bynode": 0.47144613398511587, "model__colsample_bytree": 0.9999999992828373, "model__learning_rate": 0.29854217025815594, "model__max_depth": 5.8018580008318565, "model__n_estimators": 16.59230157754148, "model__reg_lambda": 6.223583759826693}, "datetime": {"datetime": "2021-03-24 19:46:34", "elapsed": 223.819578, "delta": 1.650547}}
{"target": -0.44779509755215885, "params": {"model__colsample_bylevel": 0.5400587778981514, "model__colsample_bynode": 0.9427897929564859, "model__colsample_bytree": 0.32294908759150304, "model__learning_rate": 0.2946336344592393, "model__max_depth": 2.2808283585279527, "model__n_estimators": 16.098309580925957, "model__reg_lambda": 0.2275548012274642}, "datetime": {"datetime": "2021-03-24 19:46:36", "elapsed": 225.146125, "delta": 1.326547}}
{"target": -0.4860111133694864, "params": {"model__colsample_bylevel": 0.3408905507556957, "model__colsample_bynode": 0.37303569363684647, "model__colsample_bytree": 0.3696998155143357, "model__learning_rate": 0.10174679159457066, "model__max_depth": 4.9159765705230525, "model__n_estimators": 29.486333011533958, "model__reg_lambda": 2.6303797284805617}, "datetime": {"datetime": "2021-03-24 19:46:37", "elapsed": 226.41628, "delta": 1.270155}}
{"target": -0.4609331324750531, "params": {"model__colsample_bylevel": 0.8498987136345786, "model__colsample_bynode": 0.6471708153996326, "model__colsample_bytree": 0.3122967476587259, "model__learning_rate": 0.29419057316753705, "model__max_depth": 2.0478714257620156, "model__n_estimators": 16.40110615412931, "model__reg_lambda": 8.750309745049435}, "datetime": {"datetime": "2021-03-24 19:46:38", "elapsed": 227.719589, "delta": 1.303309}}
{"target": -0.4406074294429002, "params": {"model__colsample_bylevel": 0.3317910824752969, "model__colsample_bynode": 0.3098238805234165, "model__colsample_bytree": 0.9292081192140447, "model__learning_rate": 0.23644839026476044, "model__max_depth": 6.412923665934651, "model__n_estimators": 28.969688306311518, "model__reg_lambda": 6.557420400014022}, "datetime": {"datetime": "2021-03-24 19:46:40", "elapsed": 229.565733, "delta": 1.846144}}
{"target": -0.44718929445640987, "params": {"model__colsample_bylevel": 0.9881001768091708, "model__colsample_bynode": 0.3823581547591965, "model__colsample_bytree": 0.8641373698265327, "model__learning_rate": 0.14150035876726358, "model__max_depth": 7.952809577325165, "model__n_estimators": 22.500947378464588, "model__reg_lambda": 2.2997847509874605}, "datetime": {"datetime": "2021-03-24 19:46:42", "elapsed": 231.202678, "delta": 1.636945}}
{"target": -0.44181338586318103, "params": {"model__colsample_bylevel": 0.34359206504177353, "model__colsample_bynode": 0.5718402274871003, "model__colsample_bytree": 0.9999999972108594, "model__learning_rate": 0.3, "model__max_depth": 2.0000000035101273, "model__n_estimators": 23.143798474554636, "model__reg_lambda": 8.018876033620042}, "datetime": {"datetime": "2021-03-24 19:46:43", "elapsed": 232.643557, "delta": 1.440879}}
{"target": -0.44285236252269344, "params": {"model__colsample_bylevel": 0.8122125971647585, "model__colsample_bynode": 0.9206343869370095, "model__colsample_bytree": 0.9728234219460725, "model__learning_rate": 0.2402178253632602, "model__max_depth": 2.1711499711558324, "model__n_estimators": 26.803592023895533, "model__reg_lambda": 4.54617960798106}, "datetime": {"datetime": "2021-03-24 19:46:45", "elapsed": 234.194781, "delta": 1.551224}}
{"target": -0.453685907907514, "params": {"model__colsample_bylevel": 0.3565874837818339, "model__colsample_bynode": 0.30000000208191907, "model__colsample_bytree": 0.6522951452235405, "model__learning_rate": 0.3, "model__max_depth": 5.375244847002138, "model__n_estimators": 27.079143448292537, "model__reg_lambda": 4.665201340628439}, "datetime": {"datetime": "2021-03-24 19:46:46", "elapsed": 235.589063, "delta": 1.394282}}
