{"target": -0.4622702464893244, "params": {"model__colsample_bylevel": 0.8135090119226092, "model__colsample_bynode": 0.3504175516162152, "model__colsample_bytree": 0.34998122430365763, "model__learning_rate": 0.259693151720643, "model__max_depth": 7.868023408233127, "model__n_estimators": 27.148856441241655, "model__reg_lambda": 9.140168725855752}, "datetime": {"datetime": "2021-03-24 19:43:12", "elapsed": 21.660962, "delta": 0.726123}}
{"target": -0.4508008706103335, "params": {"model__colsample_bylevel": 0.3887074091431341, "model__colsample_bynode": 0.9802707534834509, "model__colsample_bytree": 0.5322416765070854, "model__learning_rate": 0.1927523706205046, "model__max_depth": 7.98388237213957, "model__n_estimators": 20.34452089588923, "model__reg_lambda": 0.05635280414530319}, "datetime": {"datetime": "2021-03-24 19:43:13", "elapsed": 22.361017, "delta": 0.700055}}
{"target": -0.465438591675374, "params": {"model__colsample_bylevel": 0.3093837235927117, "model__colsample_bynode": 0.3305964610707977, "model__colsample_bytree": 0.31356699641320124, "model__learning_rate": 0.15704665899141373, "model__max_depth": 4.378580613975831, "model__n_estimators": 28.58260719282949, "model__reg_lambda": 5.40312386277979}, "datetime": {"datetime": "2021-03-24 19:43:14", "elapsed": 23.103752, "delta": 0.742735}}
{"target": -0.4676423795197321, "params": {"model__colsample_bylevel": 1.0, "model__colsample_bynode": 1.0, "model__colsample_bytree": 1.0, "model__learning_rate": 0.3, "model__max_depth": 8.0, "model__n_estimators": 18.48867027925939, "model__reg_lambda": 10.0}, "datetime": {"datetime": "2021-03-24 19:43:15", "elapsed": 24.250639, "delta": 1.146887}}
{"target": -0.43960931749501525, "params": {"model__colsample_bylevel": 0.3, "model__colsample_bynode": 0.3, "model__colsample_bytree": 1.0, "model__learning_rate": 0.3, "model__max_depth": 5.540497742611313, "model__n_estimators": 15.0, "model__reg_lambda": 1.8481861007390608}, "datetime": {"datetime": "2021-03-24 19:43:16", "elapsed": 25.157588, "delta": 0.906949}}
{"target": -0.44758794200809104, "params": {"model__colsample_bylevel": 0.9596896126085825, "model__colsample_bynode": 0.5340612877752273, "model__colsample_bytree": 0.303156569910389, "model__learning_rate": 0.24826841925520157, "model__max_depth": 2.150519640700212, "model__n_estimators": 27.423436908005947, "model__reg_lambda": 9.99907589763213}, "datetime": {"datetime": "2021-03-24 19:43:17", "elapsed": 25.961267, "delta": 0.803679}}
{"target": -0.4974796908695008, "params": {"model__colsample_bylevel": 1.0, "model__colsample_bynode": 0.3, "model__colsample_bytree": 0.3, "model__learning_rate": 0.3, "model__max_depth": 8.0, "model__n_estimators": 15.0, "model__reg_lambda": 1.338995185238062}, "datetime": {"datetime": "2021-03-24 19:43:18", "elapsed": 27.159519, "delta": 1.198252}}
{"target": -0.45297015144260255, "params": {"model__colsample_bylevel": 0.3, "model__colsample_bynode": 0.3, "model__colsample_bytree": 0.3, "model__learning_rate": 0.3, "model__max_depth": 2.0, "model__n_estimators": 22.174900742777915, "model__reg_lambda": 10.0}, "datetime": {"datetime": "2021-03-24 19:43:19", "elapsed": 28.214679, "delta": 1.05516}}
{"target": -0.4401622834709891, "params": {"model__colsample_bylevel": 0.46746450552940255, "model__colsample_bynode": 0.41732432213011833, "model__colsample_bytree": 0.9884344320722065, "model__learning_rate": 0.15615964105027974, "model__max_depth": 2.2120491043417294, "model__n_estimators": 29.15543156739802, "model__reg_lambda": 2.712300422686985}, "datetime": {"datetime": "2021-03-24 19:43:20", "elapsed": 29.233571, "delta": 1.018892}}
{"target": -0.43969606537493355, "params": {"model__colsample_bylevel": 0.30000000000000004, "model__colsample_bynode": 1.0, "model__colsample_bytree": 1.0, "model__learning_rate": 0.1, "model__max_depth": 7.97460709032218, "model__n_estimators": 29.999999965625964, "model__reg_lambda": 0.0}, "datetime": {"datetime": "2021-03-24 19:43:21", "elapsed": 30.547602, "delta": 1.314031}}
{"target": -0.45517025596792876, "params": {"model__colsample_bylevel": 0.3, "model__colsample_bynode": 1.0, "model__colsample_bytree": 1.0, "model__learning_rate": 0.3, "model__max_depth": 6.4748298380329254, "model__n_estimators": 17.017802924123153, "model__reg_lambda": 0.9680958979755685}, "datetime": {"datetime": "2021-03-24 19:43:22", "elapsed": 31.464621, "delta": 0.917019}}
{"target": -0.44837739965473505, "params": {"model__colsample_bylevel": 1.0, "model__colsample_bynode": 0.3, "model__colsample_bytree": 1.0, "model__learning_rate": 0.3, "model__max_depth": 8.0, "model__n_estimators": 30.0, "model__reg_lambda": 10.0}, "datetime": {"datetime": "2021-03-24 19:43:23", "elapsed": 32.553783, "delta": 1.089162}}
{"target": -0.4617570055972623, "params": {"model__colsample_bylevel": 0.3395259576774063, "model__colsample_bynode": 0.3935992140068706, "model__colsample_bytree": 0.5180514444312845, "model__learning_rate": 0.15521513895529926, "model__max_depth": 2.001844936109233, "model__n_estimators": 15.02171632280278, "model__reg_lambda": 0.35754845619847986}, "datetime": {"datetime": "2021-03-24 19:43:24", "elapsed": 33.606335, "delta": 1.052552}}
{"target": -0.4387732480139729, "params": {"model__colsample_bylevel": 1.0, "model__colsample_bynode": 0.3, "model__colsample_bytree": 1.0, "model__learning_rate": 0.3, "model__max_depth": 2.0, "model__n_estimators": 25.154459464737602, "model__reg_lambda": 10.0}, "datetime": {"datetime": "2021-03-24 19:43:25", "elapsed": 34.701325, "delta": 1.09499}}
{"target": -0.4537011532166947, "params": {"model__colsample_bylevel": 1.0, "model__colsample_bynode": 0.30357929614759943, "model__colsample_bytree": 1.0, "model__learning_rate": 0.3, "model__max_depth": 6.372994977361178, "model__n_estimators": 20.276205336949364, "model__reg_lambda": 5.724457278933253}, "datetime": {"datetime": "2021-03-24 19:43:26", "elapsed": 35.855273, "delta": 1.153948}}
{"target": -0.4482140821863667, "params": {"model__colsample_bylevel": 0.3, "model__colsample_bynode": 0.30267255389609476, "model__colsample_bytree": 1.0, "model__learning_rate": 0.3, "model__max_depth": 4.145643369092553, "model__n_estimators": 15.00164888499892, "model__reg_lambda": 5.573585101914612}, "datetime": {"datetime": "2021-03-24 19:43:28", "elapsed": 37.092204, "delta": 1.236931}}
{"target": -0.4377091278996912, "params": {"model__colsample_bylevel": 0.4621370496300097, "model__colsample_bynode": 0.4101141200617537, "model__colsample_bytree": 0.9808642523229549, "model__learning_rate": 0.18892771269628425, "model__max_depth": 2.135206197019759, "model__n_estimators": 26.682750861133997, "model__reg_lambda": 2.9695298451667043}, "datetime": {"datetime": "2021-03-24 19:43:29", "elapsed": 38.365528, "delta": 1.273324}}
{"target": -0.44325869598871337, "params": {"model__colsample_bylevel": 0.3008430747407052, "model__colsample_bynode": 0.3, "model__colsample_bytree": 0.9999999955772418, "model__learning_rate": 0.1, "model__max_depth": 4.360995984031144, "model__n_estimators": 26.288113954308468, "model__reg_lambda": 0.8517636466338968}, "datetime": {"datetime": "2021-03-24 19:43:30", "elapsed": 39.276842, "delta": 0.911314}}
{"target": -0.4441869818669596, "params": {"model__colsample_bylevel": 0.9999999977642058, "model__colsample_bynode": 0.9999999997253173, "model__colsample_bytree": 0.3000000003066889, "model__learning_rate": 0.271705863554911, "model__max_depth": 2.0000000013711126, "model__n_estimators": 20.653707558989648, "model__reg_lambda": 1.5654073432390447}, "datetime": {"datetime": "2021-03-24 19:43:31", "elapsed": 40.38778, "delta": 1.110938}}
{"target": -0.4330535418772395, "params": {"model__colsample_bylevel": 0.3073609334364801, "model__colsample_bynode": 0.34177173131519334, "model__colsample_bytree": 0.9533501012527041, "model__learning_rate": 0.2898096209659531, "model__max_depth": 7.458783114713351, "model__n_estimators": 22.445366903064468, "model__reg_lambda": 9.137533740731872}, "datetime": {"datetime": "2021-03-24 19:43:32", "elapsed": 41.370324, "delta": 0.982544}}
{"target": -0.4499443667481883, "params": {"model__colsample_bylevel": 0.42238426264739787, "model__colsample_bynode": 0.7900447993661253, "model__colsample_bytree": 0.3124554337944229, "model__learning_rate": 0.12716408482483757, "model__max_depth": 2.153334815633814, "model__n_estimators": 24.739943214051387, "model__reg_lambda": 0.009341062489020002}, "datetime": {"datetime": "2021-03-24 19:43:33", "elapsed": 42.351693, "delta": 0.981369}}
{"target": -0.4809224536156524, "params": {"model__colsample_bylevel": 0.3087847806978443, "model__colsample_bynode": 0.9362941376011158, "model__colsample_bytree": 0.3645615832670788, "model__learning_rate": 0.13399463412905568, "model__max_depth": 7.967111949824921, "model__n_estimators": 28.965390084899077, "model__reg_lambda": 2.6121651784974587}, "datetime": {"datetime": "2021-03-24 19:43:34", "elapsed": 43.465134, "delta": 1.113441}}
{"target": -0.44691846762932297, "params": {"model__colsample_bylevel": 0.693348800646028, "model__colsample_bynode": 1.0, "model__colsample_bytree": 0.3, "model__learning_rate": 0.3, "model__max_depth": 2.0, "model__n_estimators": 24.917642187084308, "model__reg_lambda": 8.312051147874604}, "datetime": {"datetime": "2021-03-24 19:43:35", "elapsed": 44.634087, "delta": 1.168953}}
{"target": -0.449364306750046, "params": {"model__colsample_bylevel": 0.3, "model__colsample_bynode": 1.0, "model__colsample_bytree": 1.0, "model__learning_rate": 0.3, "model__max_depth": 6.701533392593538, "model__n_estimators": 17.785433054048394, "model__reg_lambda": 5.220084750647661}, "datetime": {"datetime": "2021-03-24 19:43:36", "elapsed": 45.716214, "delta": 1.082127}}
{"target": -0.4431516987298602, "params": {"model__colsample_bylevel": 0.3, "model__colsample_bynode": 1.0, "model__colsample_bytree": 1.0, "model__learning_rate": 0.3, "model__max_depth": 8.0, "model__n_estimators": 15.0, "model__reg_lambda": 2.344242694960566}, "datetime": {"datetime": "2021-03-24 19:43:37", "elapsed": 46.813795, "delta": 1.097581}}
{"target": -0.4647886430439742, "params": {"model__colsample_bylevel": 0.8725091293715053, "model__colsample_bynode": 0.785160940401471, "model__colsample_bytree": 0.9946632065009882, "model__learning_rate": 0.29028163015822084, "model__max_depth": 7.648842498101509, "model__n_estimators": 19.32210987150954, "model__reg_lambda": 1.3434720730776006}, "datetime": {"datetime": "2021-03-24 19:43:38", "elapsed": 47.881928, "delta": 1.068133}}
{"target": -0.4517752890259136, "params": {"model__colsample_bylevel": 1.0, "model__colsample_bynode": 0.3, "model__colsample_bytree": 1.0, "model__learning_rate": 0.3, "model__max_depth": 4.245513708098987, "model__n_estimators": 15.0, "model__reg_lambda": 10.0}, "datetime": {"datetime": "2021-03-24 19:43:40", "elapsed": 48.970163, "delta": 1.088235}}
{"target": -0.45074056870189316, "params": {"model__colsample_bylevel": 0.9600517930211784, "model__colsample_bynode": 0.3, "model__colsample_bytree": 1.0, "model__learning_rate": 0.3, "model__max_depth": 2.6461128640644036, "model__n_estimators": 19.50259685189845, "model__reg_lambda": 1.706819541925985}, "datetime": {"datetime": "2021-03-24 19:43:41", "elapsed": 50.135687, "delta": 1.165524}}
{"target": -0.4465146788584905, "params": {"model__colsample_bylevel": 0.9363676736576878, "model__colsample_bynode": 0.9522705095844379, "model__colsample_bytree": 0.8600692540854842, "model__learning_rate": 0.290294520173721, "model__max_depth": 2.496584231009328, "model__n_estimators": 29.944360946522437, "model__reg_lambda": 7.094094382712739}, "datetime": {"datetime": "2021-03-24 19:43:42", "elapsed": 51.373103, "delta": 1.237416}}
{"target": -0.4407356385722, "params": {"model__colsample_bylevel": 0.3228205763269297, "model__colsample_bynode": 0.43523993427288715, "model__colsample_bytree": 0.9959074118491185, "model__learning_rate": 0.2698159698257046, "model__max_depth": 2.0188573216061156, "model__n_estimators": 15.062534289589207, "model__reg_lambda": 2.8592773579308073}, "datetime": {"datetime": "2021-03-24 19:43:43", "elapsed": 52.575157, "delta": 1.202054}}
{"target": -0.4837577135275131, "params": {"model__colsample_bylevel": 1.0, "model__colsample_bynode": 1.0, "model__colsample_bytree": 1.0, "model__learning_rate": 0.3, "model__max_depth": 8.0, "model__n_estimators": 18.72083742540001, "model__reg_lambda": 5.452682212653354}, "datetime": {"datetime": "2021-03-24 19:43:45", "elapsed": 53.899274, "delta": 1.324117}}
{"target": -0.44124845741316676, "params": {"model__colsample_bylevel": 0.9308225801533785, "model__colsample_bynode": 0.9757598373312031, "model__colsample_bytree": 0.43539367621294817, "model__learning_rate": 0.14356616552751375, "model__max_depth": 2.1431992370166064, "model__n_estimators": 28.56372811351535, "model__reg_lambda": 3.075167102640063}, "datetime": {"datetime": "2021-03-24 19:43:46", "elapsed": 55.20287, "delta": 1.303596}}
{"target": -0.4490534147369149, "params": {"model__colsample_bylevel": 0.3, "model__colsample_bynode": 1.0, "model__colsample_bytree": 0.3, "model__learning_rate": 0.3, "model__max_depth": 2.00000000001211, "model__n_estimators": 24.685035673390693, "model__reg_lambda": 10.0}, "datetime": {"datetime": "2021-03-24 19:43:47", "elapsed": 56.315525, "delta": 1.112655}}
{"target": -0.4843108305592846, "params": {"model__colsample_bylevel": 1.0, "model__colsample_bynode": 1.0, "model__colsample_bytree": 1.0, "model__learning_rate": 0.3, "model__max_depth": 7.348458815682596, "model__n_estimators": 15.0, "model__reg_lambda": 1.7156831900986649}, "datetime": {"datetime": "2021-03-24 19:43:48", "elapsed": 57.363114, "delta": 1.047589}}
{"target": -0.4578657332751259, "params": {"model__colsample_bylevel": 0.30370296560434124, "model__colsample_bynode": 0.7545381974584986, "model__colsample_bytree": 0.3930483494032021, "model__learning_rate": 0.24802517646199684, "model__max_depth": 3.7453671166938576, "model__n_estimators": 18.52681365962856, "model__reg_lambda": 0.33323507285762943}, "datetime": {"datetime": "2021-03-24 19:43:49", "elapsed": 58.676536, "delta": 1.313422}}
{"target": -0.4458561267730767, "params": {"model__colsample_bylevel": 1.0, "model__colsample_bynode": 0.3, "model__colsample_bytree": 1.0, "model__learning_rate": 0.3, "model__max_depth": 8.0, "model__n_estimators": 24.602167158203805, "model__reg_lambda": 10.0}, "datetime": {"datetime": "2021-03-24 19:43:51", "elapsed": 59.955174, "delta": 1.278638}}
{"target": -0.44899025342656645, "params": {"model__colsample_bylevel": 0.3000000048224349, "model__colsample_bynode": 0.3, "model__colsample_bytree": 1.0, "model__learning_rate": 0.3, "model__max_depth": 8.0, "model__n_estimators": 15.518854907874694, "model__reg_lambda": 4.124286373079997}, "datetime": {"datetime": "2021-03-24 19:43:52", "elapsed": 61.027759, "delta": 1.072585}}
{"target": -0.43375714118929876, "params": {"model__colsample_bylevel": 0.32323194939943795, "model__colsample_bynode": 0.3634171913818077, "model__colsample_bytree": 0.9683628668471129, "model__learning_rate": 0.22331988090134308, "model__max_depth": 4.935985724401622, "model__n_estimators": 21.417140330844855, "model__reg_lambda": 4.017977002323444}, "datetime": {"datetime": "2021-03-24 19:43:53", "elapsed": 62.113352, "delta": 1.085593}}
{"target": -0.45904272828197124, "params": {"model__colsample_bylevel": 1.0, "model__colsample_bynode": 0.8838779370469596, "model__colsample_bytree": 0.3, "model__learning_rate": 0.3, "model__max_depth": 2.7961983338379923, "model__n_estimators": 19.22175659625637, "model__reg_lambda": 10.0}, "datetime": {"datetime": "2021-03-24 19:43:54", "elapsed": 63.527029, "delta": 1.413677}}
{"target": -0.44986587415138884, "params": {"model__colsample_bylevel": 0.981689615059185, "model__colsample_bynode": 0.738251545370366, "model__colsample_bytree": 0.7887286518276561, "model__learning_rate": 0.11372128293337286, "model__max_depth": 5.324324063501594, "model__n_estimators": 29.98297422794877, "model__reg_lambda": 4.369851117482328}, "datetime": {"datetime": "2021-03-24 19:43:55", "elapsed": 64.620632, "delta": 1.093603}}
{"target": -0.4673623130879486, "params": {"model__colsample_bylevel": 1.0, "model__colsample_bynode": 1.0, "model__colsample_bytree": 1.0, "model__learning_rate": 0.3, "model__max_depth": 7.997962389028483, "model__n_estimators": 28.704577456127385, "model__reg_lambda": 7.174227171826925}, "datetime": {"datetime": "2021-03-24 19:43:56", "elapsed": 65.626022, "delta": 1.00539}}
{"target": -0.4768799307965336, "params": {"model__colsample_bylevel": 0.3000000023772523, "model__colsample_bynode": 0.9999999999440542, "model__colsample_bytree": 0.3000000012868309, "model__learning_rate": 0.1, "model__max_depth": 4.5316362918294955, "model__n_estimators": 30.0, "model__reg_lambda": 0.7743339525369843}, "datetime": {"datetime": "2021-03-24 19:43:57", "elapsed": 66.739558, "delta": 1.113536}}
{"target": -0.4497174595556883, "params": {"model__colsample_bylevel": 0.9266203728462128, "model__colsample_bynode": 0.9796971356950039, "model__colsample_bytree": 0.9859448553686085, "model__learning_rate": 0.21079398984243486, "model__max_depth": 3.5995472223019185, "model__n_estimators": 21.301482615953606, "model__reg_lambda": 1.3491337247161461}, "datetime": {"datetime": "2021-03-24 19:43:59", "elapsed": 68.011526, "delta": 1.271968}}
{"target": -0.4363747326576191, "params": {"model__colsample_bylevel": 0.3582743541838263, "model__colsample_bynode": 0.33894861583761005, "model__colsample_bytree": 0.4935690966636773, "model__learning_rate": 0.2672298065868515, "model__max_depth": 2.0657151444433954, "model__n_estimators": 23.11518828721728, "model__reg_lambda": 6.582711504993847}, "datetime": {"datetime": "2021-03-24 19:44:00", "elapsed": 69.084615, "delta": 1.073089}}
{"target": -0.4730333655337007, "params": {"model__colsample_bylevel": 0.3855743534407474, "model__colsample_bynode": 0.9999999999822732, "model__colsample_bytree": 0.3000000064397219, "model__learning_rate": 0.3, "model__max_depth": 7.61815233864198, "model__n_estimators": 15.0, "model__reg_lambda": 4.6397051670821465}, "datetime": {"datetime": "2021-03-24 19:44:01", "elapsed": 70.695964, "delta": 1.611349}}
{"target": -0.45776331855821006, "params": {"model__colsample_bylevel": 0.3, "model__colsample_bynode": 0.3, "model__colsample_bytree": 0.3, "model__learning_rate": 0.3, "model__max_depth": 2.0, "model__n_estimators": 15.715634786224816, "model__reg_lambda": 7.0010926382996805}, "datetime": {"datetime": "2021-03-24 19:44:02", "elapsed": 71.78473, "delta": 1.088766}}
{"target": -0.43098635204352326, "params": {"model__colsample_bylevel": 0.37494332437707284, "model__colsample_bynode": 0.9015977556176749, "model__colsample_bytree": 0.9128474498922174, "model__learning_rate": 0.2823943969717592, "model__max_depth": 6.5168965725041055, "model__n_estimators": 21.836668335346115, "model__reg_lambda": 6.073208292832037}, "datetime": {"datetime": "2021-03-24 19:44:04", "elapsed": 73.239984, "delta": 1.455254}}
{"target": -0.4424718079585717, "params": {"model__colsample_bylevel": 0.32624679381618815, "model__colsample_bynode": 0.3237343323082655, "model__colsample_bytree": 0.544125929764861, "model__learning_rate": 0.16556555445812632, "model__max_depth": 7.639204854225561, "model__n_estimators": 16.779276123967396, "model__reg_lambda": 0.030628316723974036}, "datetime": {"datetime": "2021-03-24 19:44:05", "elapsed": 74.260375, "delta": 1.020391}}
{"target": -0.45982910375772185, "params": {"model__colsample_bylevel": 0.31601482019162597, "model__colsample_bynode": 0.3210695277935999, "model__colsample_bytree": 0.5172374679367939, "model__learning_rate": 0.1007171192626562, "model__max_depth": 4.014540786002749, "model__n_estimators": 15.501311018295462, "model__reg_lambda": 0.24730457119944593}, "datetime": {"datetime": "2021-03-24 19:44:06", "elapsed": 75.396558, "delta": 1.136183}}
{"target": -0.45491484055444065, "params": {"model__colsample_bylevel": 0.3, "model__colsample_bynode": 0.5290783804593014, "model__colsample_bytree": 1.0, "model__learning_rate": 0.3, "model__max_depth": 6.174004698279238, "model__n_estimators": 19.15177540206083, "model__reg_lambda": 3.2343736829192165}, "datetime": {"datetime": "2021-03-24 19:44:07", "elapsed": 76.464517, "delta": 1.067959}}
{"target": -0.45033625209488076, "params": {"model__colsample_bylevel": 0.984808945302664, "model__colsample_bynode": 0.8744994373582253, "model__colsample_bytree": 0.3747108958977977, "model__learning_rate": 0.1816988935603552, "model__max_depth": 2.6831405548748224, "model__n_estimators": 22.908450150539934, "model__reg_lambda": 0.43844691237779454}, "datetime": {"datetime": "2021-03-24 19:44:08", "elapsed": 77.56214, "delta": 1.097623}}
{"target": -0.4411642592089871, "params": {"model__colsample_bylevel": 0.4152726609288382, "model__colsample_bynode": 0.3567512771475947, "model__colsample_bytree": 0.9837099938367351, "model__learning_rate": 0.27773879114211175, "model__max_depth": 3.4740836404207456, "model__n_estimators": 23.579130192709627, "model__reg_lambda": 5.489006652778318}, "datetime": {"datetime": "2021-03-24 19:44:09", "elapsed": 78.728875, "delta": 1.166735}}
{"target": -0.430125562445112, "params": {"model__colsample_bylevel": 0.4122035410882296, "model__colsample_bynode": 0.3, "model__colsample_bytree": 1.0, "model__learning_rate": 0.3, "model__max_depth": 2.0, "model__n_estimators": 29.713025632177658, "model__reg_lambda": 8.618645484463322}, "datetime": {"datetime": "2021-03-24 19:44:11", "elapsed": 80.070414, "delta": 1.341539}}
