{"target": -0.46053986173946465, "params": {"model__colsample_bylevel": 0.9999999991276295, "model__colsample_bynode": 1.0, "model__colsample_bytree": 1.0, "model__learning_rate": 0.3, "model__max_depth": 7.999999998152542, "model__n_estimators": 22.59388139092293, "model__reg_lambda": 10.0}, "datetime": {"datetime": "2021-03-24 19:44:12", "elapsed": 81.037186, "delta": 0.966772}}
{"target": -0.4537417903286068, "params": {"model__colsample_bylevel": 0.9267594140495135, "model__colsample_bynode": 0.3594337545371901, "model__colsample_bytree": 0.7952733565971153, "model__learning_rate": 0.2971112055191661, "model__max_depth": 2.0191315603428976, "model__n_estimators": 18.648228548239093, "model__reg_lambda": 7.001914060732412}, "datetime": {"datetime": "2021-03-24 19:44:13", "elapsed": 82.074349, "delta": 1.037163}}
{"target": -0.4443770435679218, "params": {"model__colsample_bylevel": 0.3670673029370837, "model__colsample_bynode": 0.33822048587233317, "model__colsample_bytree": 0.6177281527310503, "model__learning_rate": 0.2643502884239336, "model__max_depth": 2.0488528945544813, "model__n_estimators": 17.249476721843962, "model__reg_lambda": 1.9836711535795881}, "datetime": {"datetime": "2021-03-24 19:44:14", "elapsed": 83.175652, "delta": 1.101303}}
{"target": -0.4396247848328473, "params": {"model__colsample_bylevel": 0.3429857534021845, "model__colsample_bynode": 0.43796640613428084, "model__colsample_bytree": 0.9136623650676785, "model__learning_rate": 0.1652508167263565, "model__max_depth": 6.864995420907477, "model__n_estimators": 29.875256874523828, "model__reg_lambda": 9.722447263822344}, "datetime": {"datetime": "2021-03-24 19:44:15", "elapsed": 84.321105, "delta": 1.145453}}
{"target": -0.45492034098943296, "params": {"model__colsample_bylevel": 0.32251999756658223, "model__colsample_bynode": 0.9727346807196495, "model__colsample_bytree": 0.9946577176969262, "model__learning_rate": 0.26660214026009676, "model__max_depth": 7.119731944521432, "model__n_estimators": 22.916590726819294, "model__reg_lambda": 1.7102976401243764}, "datetime": {"datetime": "2021-03-24 19:44:16", "elapsed": 85.380619, "delta": 1.059514}}
{"target": -0.43986545553079975, "params": {"model__colsample_bylevel": 0.3056060598913129, "model__colsample_bynode": 0.3136832425394466, "model__colsample_bytree": 0.48249306583788776, "model__learning_rate": 0.29654748508526724, "model__max_depth": 6.071433621411435, "model__n_estimators": 27.545683458483868, "model__reg_lambda": 9.959246870388325}, "datetime": {"datetime": "2021-03-24 19:44:17", "elapsed": 86.609967, "delta": 1.229348}}
{"target": -0.4361285928177877, "params": {"model__colsample_bylevel": 0.3742818213666936, "model__colsample_bynode": 0.8538516069944548, "model__colsample_bytree": 0.8521078005428495, "model__learning_rate": 0.2704324101446358, "model__max_depth": 7.577156035850866, "model__n_estimators": 25.56060602893489, "model__reg_lambda": 9.874526728414022}, "datetime": {"datetime": "2021-03-24 19:44:18", "elapsed": 87.80519, "delta": 1.195223}}
{"target": -0.4661128261207563, "params": {"model__colsample_bylevel": 0.4258491994102551, "model__colsample_bynode": 0.33412058817341994, "model__colsample_bytree": 0.3341783184818831, "model__learning_rate": 0.23188658885486194, "model__max_depth": 6.095329961934687, "model__n_estimators": 24.581718486919762, "model__reg_lambda": 9.996971441907093}, "datetime": {"datetime": "2021-03-24 19:44:20", "elapsed": 88.942808, "delta": 1.137618}}
{"target": -0.44441904062540205, "params": {"model__colsample_bylevel": 0.9854495787710338, "model__colsample_bynode": 0.4022766710171684, "model__colsample_bytree": 0.9446363892133949, "model__learning_rate": 0.13814549459820213, "model__max_depth": 2.169985606482049, "model__n_estimators": 28.316232034204575, "model__reg_lambda": 0.9923478777020411}, "datetime": {"datetime": "2021-03-24 19:44:21", "elapsed": 90.056186, "delta": 1.113378}}
{"target": -0.4415457434972505, "params": {"model__colsample_bylevel": 0.982381774179111, "model__colsample_bynode": 0.9479240220617733, "model__colsample_bytree": 0.9465937943806706, "model__learning_rate": 0.23452834841677112, "model__max_depth": 2.3347031183403546, "model__n_estimators": 29.883483144262847, "model__reg_lambda": 4.011434956678396}, "datetime": {"datetime": "2021-03-24 19:44:22", "elapsed": 91.110929, "delta": 1.054743}}
{"target": -0.43153721076719787, "params": {"model__colsample_bylevel": 0.3160562416482919, "model__colsample_bynode": 0.47930282355077, "model__colsample_bytree": 0.9996945611962218, "model__learning_rate": 0.27240337697900957, "model__max_depth": 7.531082019392801, "model__n_estimators": 25.803293329306097, "model__reg_lambda": 7.968523566976076}, "datetime": {"datetime": "2021-03-24 19:44:23", "elapsed": 92.157334, "delta": 1.046405}}
{"target": -0.4710407258213862, "params": {"model__colsample_bylevel": 0.3506182939053676, "model__colsample_bynode": 0.34348246299407204, "model__colsample_bytree": 0.39523145208654076, "model__learning_rate": 0.12434249819199186, "model__max_depth": 2.0367734551873617, "model__n_estimators": 20.591146245865183, "model__reg_lambda": 1.6901171971549556}, "datetime": {"datetime": "2021-03-24 19:44:24", "elapsed": 93.259429, "delta": 1.102095}}
{"target": -0.49746947859049484, "params": {"model__colsample_bylevel": 0.3440018672605451, "model__colsample_bynode": 0.9911170543837688, "model__colsample_bytree": 0.3203364825601729, "model__learning_rate": 0.14176709915878685, "model__max_depth": 7.986278793642913, "model__n_estimators": 19.290231521529314, "model__reg_lambda": 1.4792090275164105}, "datetime": {"datetime": "2021-03-24 19:44:25", "elapsed": 94.384297, "delta": 1.124868}}
{"target": -0.4494619073359754, "params": {"model__colsample_bylevel": 0.9927264432750535, "model__colsample_bynode": 0.3298798758991868, "model__colsample_bytree": 0.9765276662800766, "model__learning_rate": 0.16418538603300425, "model__max_depth": 6.804172376849575, "model__n_estimators": 23.843081313157008, "model__reg_lambda": 5.143082942360492}, "datetime": {"datetime": "2021-03-24 19:44:26", "elapsed": 95.60521, "delta": 1.220913}}
{"target": -0.42624825331436444, "params": {"model__colsample_bylevel": 0.7934771788369142, "model__colsample_bynode": 0.7682039138960278, "model__colsample_bytree": 0.7692637242584168, "model__learning_rate": 0.2808257992397414, "model__max_depth": 2.0294311704444543, "model__n_estimators": 25.88025653989674, "model__reg_lambda": 1.482955390634324}, "datetime": {"datetime": "2021-03-24 19:44:27", "elapsed": 96.684061, "delta": 1.078851}}
{"target": -0.4378628153347181, "params": {"model__colsample_bylevel": 0.9608723864968569, "model__colsample_bynode": 0.3833706973641599, "model__colsample_bytree": 0.9224795598116222, "model__learning_rate": 0.15431420258826203, "model__max_depth": 7.936923202059867, "model__n_estimators": 24.062921095380112, "model__reg_lambda": 1.1735382845717302}, "datetime": {"datetime": "2021-03-24 19:44:29", "elapsed": 97.948781, "delta": 1.26472}}
{"target": -0.4581962801070641, "params": {"model__colsample_bylevel": 0.7484082536192374, "model__colsample_bynode": 0.9975954606750348, "model__colsample_bytree": 0.9514330729499616, "model__learning_rate": 0.2911741309776783, "model__max_depth": 2.4446173556539823, "model__n_estimators": 17.184813273781117, "model__reg_lambda": 3.908658107760381}, "datetime": {"datetime": "2021-03-24 19:44:30", "elapsed": 99.188493, "delta": 1.239712}}
{"target": -0.4517975521854301, "params": {"model__colsample_bylevel": 0.3008460283719303, "model__colsample_bynode": 0.7025464062249187, "model__colsample_bytree": 1.0, "model__learning_rate": 0.3, "model__max_depth": 3.3954193043767282, "model__n_estimators": 18.144485529924246, "model__reg_lambda": 6.467386759038195}, "datetime": {"datetime": "2021-03-24 19:44:31", "elapsed": 100.416346, "delta": 1.227853}}
{"target": -0.4404501084471121, "params": {"model__colsample_bylevel": 0.4464519456060495, "model__colsample_bynode": 0.8863177372196791, "model__colsample_bytree": 0.9969812998240968, "model__learning_rate": 0.18330008936481465, "model__max_depth": 5.535130200847948, "model__n_estimators": 19.739279703897893, "model__reg_lambda": 0.13747569626750944}, "datetime": {"datetime": "2021-03-24 19:44:32", "elapsed": 101.539425, "delta": 1.123079}}
{"target": -0.4622596405028109, "params": {"model__colsample_bylevel": 1.0, "model__colsample_bynode": 0.9999999998602979, "model__colsample_bytree": 0.9999999964739349, "model__learning_rate": 0.3, "model__max_depth": 5.44728113415916, "model__n_estimators": 17.011136229883775, "model__reg_lambda": 10.0}, "datetime": {"datetime": "2021-03-24 19:44:34", "elapsed": 102.93971, "delta": 1.400285}}
{"target": -0.43972027325273855, "params": {"model__colsample_bylevel": 0.35221987214831296, "model__colsample_bynode": 0.9336338217876861, "model__colsample_bytree": 0.9967895847324852, "model__learning_rate": 0.22247127960120355, "model__max_depth": 2.28817496665219, "model__n_estimators": 28.11911969343631, "model__reg_lambda": 5.929057694204754}, "datetime": {"datetime": "2021-03-24 19:44:35", "elapsed": 103.99794, "delta": 1.05823}}
{"target": -0.4479986048310294, "params": {"model__colsample_bylevel": 0.9039708463162188, "model__colsample_bynode": 0.9258695562292953, "model__colsample_bytree": 0.8911778764023806, "model__learning_rate": 0.29305767200009936, "model__max_depth": 2.215773761166597, "model__n_estimators": 24.181825354151577, "model__reg_lambda": 5.955069142860242}, "datetime": {"datetime": "2021-03-24 19:44:36", "elapsed": 105.076572, "delta": 1.078632}}
{"target": -0.4929263547481294, "params": {"model__colsample_bylevel": 0.3, "model__colsample_bynode": 0.3, "model__colsample_bytree": 0.3, "model__learning_rate": 0.1, "model__max_depth": 7.465131309924552, "model__n_estimators": 26.23156659279328, "model__reg_lambda": 1.466467800282708}, "datetime": {"datetime": "2021-03-24 19:44:37", "elapsed": 106.386613, "delta": 1.310041}}
{"target": -0.46768469285503356, "params": {"model__colsample_bylevel": 0.7787910039710444, "model__colsample_bynode": 0.32524853425213845, "model__colsample_bytree": 0.38155137035754494, "model__learning_rate": 0.2986141461611804, "model__max_depth": 5.499424006307375, "model__n_estimators": 21.75294877589104, "model__reg_lambda": 4.614307113629865}, "datetime": {"datetime": "2021-03-24 19:44:38", "elapsed": 107.446897, "delta": 1.060284}}
{"target": -0.45778713136830407, "params": {"model__colsample_bylevel": 0.9222668519465698, "model__colsample_bynode": 0.9872878155747069, "model__colsample_bytree": 0.9254362689571274, "model__learning_rate": 0.2949337889356071, "model__max_depth": 7.968094627455279, "model__n_estimators": 15.745524190388496, "model__reg_lambda": 3.2995702525561965}, "datetime": {"datetime": "2021-03-24 19:44:39", "elapsed": 108.491376, "delta": 1.044479}}
{"target": -0.4504102221568641, "params": {"model__colsample_bylevel": 0.3954218188548096, "model__colsample_bynode": 0.456859511204585, "model__colsample_bytree": 0.9733265262930824, "model__learning_rate": 0.22740820038138912, "model__max_depth": 6.994436579995433, "model__n_estimators": 15.177065647244579, "model__reg_lambda": 8.549706975538019}, "datetime": {"datetime": "2021-03-24 19:44:40", "elapsed": 109.698641, "delta": 1.207265}}
{"target": -0.46188514539162107, "params": {"model__colsample_bylevel": 0.5466965972749217, "model__colsample_bynode": 0.9819400955175301, "model__colsample_bytree": 0.9577923598234284, "model__learning_rate": 0.2782127389339296, "model__max_depth": 2.013598342714088, "model__n_estimators": 20.81875779544051, "model__reg_lambda": 8.075740827432838}, "datetime": {"datetime": "2021-03-24 19:44:41", "elapsed": 110.708402, "delta": 1.009761}}
{"target": -0.44524836870909174, "params": {"model__colsample_bylevel": 1.0, "model__colsample_bynode": 0.3427292846897836, "model__colsample_bytree": 1.0, "model__learning_rate": 0.3, "model__max_depth": 2.3636183343310724, "model__n_estimators": 15.0, "model__reg_lambda": 9.445677375928625}, "datetime": {"datetime": "2021-03-24 19:44:43", "elapsed": 111.956031, "delta": 1.247629}}
{"target": -0.43341823398958945, "params": {"model__colsample_bylevel": 0.33989156709795343, "model__colsample_bynode": 0.3586746123882391, "model__colsample_bytree": 0.9732172239845955, "model__learning_rate": 0.2841881865923588, "model__max_depth": 7.777707858415827, "model__n_estimators": 28.046836731044742, "model__reg_lambda": 9.894499510566048}, "datetime": {"datetime": "2021-03-24 19:44:44", "elapsed": 113.168676, "delta": 1.212645}}
{"target": -0.44765100726061435, "params": {"model__colsample_bylevel": 0.4018550691921397, "model__colsample_bynode": 0.3013422183814033, "model__colsample_bytree": 0.38129747512309775, "model__learning_rate": 0.29478245830107597, "model__max_depth": 2.2103624865080254, "model__n_estimators": 26.092619396845024, "model__reg_lambda": 4.753922551250537}, "datetime": {"datetime": "2021-03-24 19:44:45", "elapsed": 114.238165, "delta": 1.069489}}
{"target": -0.4443999192063305, "params": {"model__colsample_bylevel": 0.6243238735032758, "model__colsample_bynode": 0.3689594737828319, "model__colsample_bytree": 0.9846882152664655, "model__learning_rate": 0.1569606789180268, "model__max_depth": 7.969013849644005, "model__n_estimators": 21.317711528870475, "model__reg_lambda": 0.4854602191348234}, "datetime": {"datetime": "2021-03-24 19:44:46", "elapsed": 115.258126, "delta": 1.019961}}
{"target": -0.4521085163578391, "params": {"model__colsample_bylevel": 0.8562365744792313, "model__colsample_bynode": 0.8805279783378477, "model__colsample_bytree": 0.9900274648787533, "model__learning_rate": 0.12564601808640802, "model__max_depth": 7.477097734789922, "model__n_estimators": 28.70521895536598, "model__reg_lambda": 0.7356446248526038}, "datetime": {"datetime": "2021-03-24 19:44:47", "elapsed": 116.346459, "delta": 1.088333}}
{"target": -0.4757664390853133, "params": {"model__colsample_bylevel": 0.7930764888421182, "model__colsample_bynode": 0.9999999997396578, "model__colsample_bytree": 0.7528754294139297, "model__learning_rate": 0.10000000077657557, "model__max_depth": 2.0, "model__n_estimators": 29.14060416314263, "model__reg_lambda": 8.924736246886466}, "datetime": {"datetime": "2021-03-24 19:44:48", "elapsed": 117.567091, "delta": 1.220632}}
{"target": -0.4339158378244526, "params": {"model__colsample_bylevel": 0.9695032829481203, "model__colsample_bynode": 0.34160672551838456, "model__colsample_bytree": 0.526295139770589, "model__learning_rate": 0.2952004392672538, "model__max_depth": 2.005516823368525, "model__n_estimators": 22.669919244499503, "model__reg_lambda": 8.343542961516343}, "datetime": {"datetime": "2021-03-24 19:44:49", "elapsed": 118.507176, "delta": 0.940085}}
{"target": -0.45113448015198215, "params": {"model__colsample_bylevel": 0.9676798487708753, "model__colsample_bynode": 0.8859237096087937, "model__colsample_bytree": 0.7920064467230776, "model__learning_rate": 0.1720370718200684, "model__max_depth": 7.987518337607971, "model__n_estimators": 22.6946710580185, "model__reg_lambda": 0.30247747756804055}, "datetime": {"datetime": "2021-03-24 19:44:50", "elapsed": 119.687791, "delta": 1.180615}}
{"target": -0.43980296945766256, "params": {"model__colsample_bylevel": 0.7555453180482636, "model__colsample_bynode": 0.3306018019967624, "model__colsample_bytree": 0.932929751416856, "model__learning_rate": 0.2655810500847756, "model__max_depth": 2.6955361806397935, "model__n_estimators": 28.18260321312152, "model__reg_lambda": 4.2211974422255665}, "datetime": {"datetime": "2021-03-24 19:44:52", "elapsed": 121.066129, "delta": 1.378338}}
{"target": -0.4393528182990849, "params": {"model__colsample_bylevel": 0.4648828380755575, "model__colsample_bynode": 0.4341565200612441, "model__colsample_bytree": 0.9788798866925157, "model__learning_rate": 0.20452463168290236, "model__max_depth": 4.685857561375433, "model__n_estimators": 29.974622008534574, "model__reg_lambda": 7.687826057987323}, "datetime": {"datetime": "2021-03-24 19:44:53", "elapsed": 122.120942, "delta": 1.054813}}
{"target": -0.4378203268297881, "params": {"model__colsample_bylevel": 0.3695475659547089, "model__colsample_bynode": 0.8308149548856816, "model__colsample_bytree": 0.9723911539683494, "model__learning_rate": 0.2963054001802708, "model__max_depth": 6.0828116408854935, "model__n_estimators": 29.44832461667116, "model__reg_lambda": 4.700057571179158}, "datetime": {"datetime": "2021-03-24 19:44:54", "elapsed": 123.149403, "delta": 1.028461}}
{"target": -0.43776404556372894, "params": {"model__colsample_bylevel": 0.47210602709007854, "model__colsample_bynode": 0.3300933129903838, "model__colsample_bytree": 0.839040575308871, "model__learning_rate": 0.2657580388536859, "model__max_depth": 4.180840709118677, "model__n_estimators": 27.994811019371397, "model__reg_lambda": 9.686427626522358}, "datetime": {"datetime": "2021-03-24 19:44:55", "elapsed": 124.337854, "delta": 1.188451}}
{"target": -0.4480159913230201, "params": {"model__colsample_bylevel": 0.331649973822759, "model__colsample_bynode": 0.5925767454385864, "model__colsample_bytree": 0.622670999356703, "model__learning_rate": 0.2532461404327316, "model__max_depth": 2.77157086471194, "model__n_estimators": 29.90324825943368, "model__reg_lambda": 9.853062898988036}, "datetime": {"datetime": "2021-03-24 19:44:56", "elapsed": 125.442679, "delta": 1.104825}}
{"target": -0.467322852140279, "params": {"model__colsample_bylevel": 0.9248073185127736, "model__colsample_bynode": 0.3422751931337495, "model__colsample_bytree": 0.30913869034610936, "model__learning_rate": 0.24863340731278638, "model__max_depth": 5.97275609800101, "model__n_estimators": 29.98272239178415, "model__reg_lambda": 6.223602974758573}, "datetime": {"datetime": "2021-03-24 19:44:57", "elapsed": 126.591972, "delta": 1.149293}}
{"target": -0.4340495145181194, "params": {"model__colsample_bylevel": 0.4446427487599599, "model__colsample_bynode": 0.3275450863145336, "model__colsample_bytree": 0.5022081635127102, "model__learning_rate": 0.28677131780989823, "model__max_depth": 2.1192051513888277, "model__n_estimators": 29.85193022521885, "model__reg_lambda": 0.5184738159959656}, "datetime": {"datetime": "2021-03-24 19:44:58", "elapsed": 127.842943, "delta": 1.250971}}
{"target": -0.44875478675669944, "params": {"model__colsample_bylevel": 0.3, "model__colsample_bynode": 0.3, "model__colsample_bytree": 1.0, "model__learning_rate": 0.3, "model__max_depth": 2.841442696846383, "model__n_estimators": 15.000000000035408, "model__reg_lambda": 8.38239025945833}, "datetime": {"datetime": "2021-03-24 19:45:00", "elapsed": 129.019921, "delta": 1.176978}}
{"target": -0.4357186427690845, "params": {"model__colsample_bylevel": 0.3285539984114397, "model__colsample_bynode": 0.9463874647120567, "model__colsample_bytree": 0.9375389123917581, "model__learning_rate": 0.2593284004662979, "model__max_depth": 5.779131844898285, "model__n_estimators": 23.0638026341032, "model__reg_lambda": 7.458069337063429}, "datetime": {"datetime": "2021-03-24 19:45:01", "elapsed": 130.076908, "delta": 1.056987}}
{"target": -0.4457674081231454, "params": {"model__colsample_bylevel": 0.5530189317869056, "model__colsample_bynode": 0.777332232528374, "model__colsample_bytree": 0.3238602707591003, "model__learning_rate": 0.29684679289423443, "model__max_depth": 2.205554210968673, "model__n_estimators": 29.963953798807214, "model__reg_lambda": 1.8650201997430904}, "datetime": {"datetime": "2021-03-24 19:45:02", "elapsed": 131.321038, "delta": 1.24413}}
{"target": -0.44889278928816756, "params": {"model__colsample_bylevel": 0.6189179921433621, "model__colsample_bynode": 0.9412862459181821, "model__colsample_bytree": 0.955217313910014, "model__learning_rate": 0.2990029132271389, "model__max_depth": 5.973389420454564, "model__n_estimators": 29.86025696988007, "model__reg_lambda": 8.591307747903455}, "datetime": {"datetime": "2021-03-24 19:45:03", "elapsed": 132.648388, "delta": 1.32735}}
{"target": -0.4622798107267506, "params": {"model__colsample_bylevel": 0.5109256504569455, "model__colsample_bynode": 0.30443376315426396, "model__colsample_bytree": 0.9707483312525402, "model__learning_rate": 0.19702933898904929, "model__max_depth": 2.466919819813386, "model__n_estimators": 28.709574702714, "model__reg_lambda": 9.91854899051731}, "datetime": {"datetime": "2021-03-24 19:45:04", "elapsed": 133.844519, "delta": 1.196131}}
{"target": -0.4463151850710637, "params": {"model__colsample_bylevel": 0.3923273951834654, "model__colsample_bynode": 0.3579617064118488, "model__colsample_bytree": 0.7633501676332246, "model__learning_rate": 0.2938206999759503, "model__max_depth": 7.9587316558554875, "model__n_estimators": 29.685350658302433, "model__reg_lambda": 7.972401072197951}, "datetime": {"datetime": "2021-03-24 19:45:06", "elapsed": 135.277848, "delta": 1.433329}}
{"target": -0.44853681065749534, "params": {"model__colsample_bylevel": 0.3, "model__colsample_bynode": 0.6107368745374578, "model__colsample_bytree": 1.0, "model__learning_rate": 0.3, "model__max_depth": 5.075109071413906, "model__n_estimators": 29.701169773541917, "model__reg_lambda": 9.997055617015683}, "datetime": {"datetime": "2021-03-24 19:45:07", "elapsed": 136.671705, "delta": 1.393857}}
{"target": -0.45319928701535084, "params": {"model__colsample_bylevel": 0.3, "model__colsample_bynode": 0.3, "model__colsample_bytree": 1.0, "model__learning_rate": 0.3, "model__max_depth": 8.0, "model__n_estimators": 15.0, "model__reg_lambda": 10.0}, "datetime": {"datetime": "2021-03-24 19:45:08", "elapsed": 137.846033, "delta": 1.174328}}
