{"target": -0.44190288260106697, "params": {"model__colsample_bylevel": 0.9200821231031391, "model__colsample_bynode": 0.35616344543935075, "model__colsample_bytree": 0.8625120529528605, "model__learning_rate": 0.23669407037870885, "model__max_depth": 4.772062647788025, "model__n_estimators": 24.96073964162097, "model__reg_lambda": 2.826662622956666}, "datetime": {"datetime": "2021-03-24 19:42:53", "elapsed": 2.168144, "delta": 0.057948}}
{"target": -0.45208462351744155, "params": {"model__colsample_bylevel": 0.9031023424555509, "model__colsample_bynode": 0.4249356891249156, "model__colsample_bytree": 0.7057975471157624, "model__learning_rate": 0.1927268764937271, "model__max_depth": 6.039330960316078, "model__n_estimators": 22.141866816168736, "model__reg_lambda": 9.525111535091707}, "datetime": {"datetime": "2021-03-24 19:42:53", "elapsed": 2.224436, "delta": 0.056292}}
{"target": -0.4799948916352098, "params": {"model__colsample_bylevel": 0.8972803412913453, "model__colsample_bynode": 0.9289549741797964, "model__colsample_bytree": 0.3178983723326505, "model__learning_rate": 0.13128458043568686, "model__max_depth": 4.861388901041763, "model__n_estimators": 26.020827615199973, "model__reg_lambda": 3.5630947732495777}, "datetime": {"datetime": "2021-03-24 19:42:53", "elapsed": 2.280099, "delta": 0.055663}}
{"target": -0.4494971246472087, "params": {"model__colsample_bylevel": 0.6951175428742368, "model__colsample_bynode": 0.3318286487069968, "model__colsample_bytree": 0.7483089139197432, "model__learning_rate": 0.23624127616156612, "model__max_depth": 4.373824850662889, "model__n_estimators": 17.05009515507337, "model__reg_lambda": 4.16457752159582}, "datetime": {"datetime": "2021-03-24 19:42:53", "elapsed": 2.333293, "delta": 0.053194}}
{"target": -0.42038444812962983, "params": {"model__colsample_bylevel": 0.816923983909474, "model__colsample_bynode": 0.7090153450298311, "model__colsample_bytree": 0.9184032582594783, "model__learning_rate": 0.21574992226411746, "model__max_depth": 3.0678227617515392, "model__n_estimators": 23.876275396014634, "model__reg_lambda": 0.5387774367636355}, "datetime": {"datetime": "2021-03-24 19:42:53", "elapsed": 2.382163, "delta": 0.04887}}
{"target": -0.46360216397468157, "params": {"model__colsample_bylevel": 0.8203891930140093, "model__colsample_bynode": 0.4407263630351047, "model__colsample_bytree": 0.9332727397304375, "model__learning_rate": 0.19471357604823214, "model__max_depth": 4.649919104965563, "model__n_estimators": 17.041195531585494, "model__reg_lambda": 8.076955975507973}, "datetime": {"datetime": "2021-03-24 19:42:53", "elapsed": 2.437081, "delta": 0.054918}}
{"target": -0.45481241703492364, "params": {"model__colsample_bylevel": 0.941920130237188, "model__colsample_bynode": 0.7862119444399247, "model__colsample_bytree": 0.7672811212479322, "model__learning_rate": 0.2413235529719557, "model__max_depth": 6.468881607544759, "model__n_estimators": 25.71892738561766, "model__reg_lambda": 1.4296252407525012}, "datetime": {"datetime": "2021-03-24 19:42:53", "elapsed": 2.488458, "delta": 0.051377}}
{"target": -0.5023357728739148, "params": {"model__colsample_bylevel": 0.7664505634998717, "model__colsample_bynode": 0.9372501752435591, "model__colsample_bytree": 0.3226974712037688, "model__learning_rate": 0.13696287496610304, "model__max_depth": 6.574112506330284, "model__n_estimators": 15.628001246231364, "model__reg_lambda": 2.789864730302046}, "datetime": {"datetime": "2021-03-24 19:42:53", "elapsed": 2.54268, "delta": 0.054222}}
{"target": -0.47798686179507904, "params": {"model__colsample_bylevel": 0.9005722896485118, "model__colsample_bynode": 0.5583279975276154, "model__colsample_bytree": 0.9292943127471143, "model__learning_rate": 0.1578195662504995, "model__max_depth": 4.281940885644073, "model__n_estimators": 16.640600890305116, "model__reg_lambda": 8.146246111896012}, "datetime": {"datetime": "2021-03-24 19:42:53", "elapsed": 2.597099, "delta": 0.054419}}
{"target": -0.44952981739669384, "params": {"model__colsample_bylevel": 0.9534398095322711, "model__colsample_bynode": 0.42817503247553923, "model__colsample_bytree": 0.5178389967922328, "model__learning_rate": 0.2349408086546986, "model__max_depth": 2.4746062530577846, "model__n_estimators": 15.490859914517099, "model__reg_lambda": 3.2657561880327557}, "datetime": {"datetime": "2021-03-24 19:42:53", "elapsed": 2.652274, "delta": 0.055175}}
{"target": -0.43572799358516934, "params": {"model__colsample_bylevel": 0.5706285360217014, "model__colsample_bynode": 0.6842771415696982, "model__colsample_bytree": 0.6870518207102555, "model__learning_rate": 0.16602543474194267, "model__max_depth": 4.553906607318516, "model__n_estimators": 18.777852885612205, "model__reg_lambda": 2.0263513230551347}, "datetime": {"datetime": "2021-03-24 19:42:53", "elapsed": 2.703097, "delta": 0.050823}}
{"target": -0.43846978139726145, "params": {"model__colsample_bylevel": 0.8442678591461368, "model__colsample_bynode": 0.3977149946980818, "model__colsample_bytree": 0.6158425941754111, "model__learning_rate": 0.1245045248421828, "model__max_depth": 6.897715409068526, "model__n_estimators": 27.65234893164894, "model__reg_lambda": 1.1477505735172433}, "datetime": {"datetime": "2021-03-24 19:42:53", "elapsed": 2.766549, "delta": 0.063452}}
{"target": -0.43723306215665153, "params": {"model__colsample_bylevel": 0.8046871964072875, "model__colsample_bynode": 0.9463208373893632, "model__colsample_bytree": 0.5702216525068842, "model__learning_rate": 0.25542256115422385, "model__max_depth": 7.543314227663024, "model__n_estimators": 15.074271146872483, "model__reg_lambda": 2.7258381373747875}, "datetime": {"datetime": "2021-03-24 19:42:53", "elapsed": 2.824511, "delta": 0.057962}}
{"target": -0.5201932543051848, "params": {"model__colsample_bylevel": 0.325563385911891, "model__colsample_bynode": 0.4394342284138872, "model__colsample_bytree": 0.3078454924320954, "model__learning_rate": 0.10977990666788635, "model__max_depth": 5.896055639118223, "model__n_estimators": 19.33085301818661, "model__reg_lambda": 8.44410233607059}, "datetime": {"datetime": "2021-03-24 19:42:53", "elapsed": 2.88245, "delta": 0.057939}}
{"target": -0.4486820606629539, "params": {"model__colsample_bylevel": 0.5333078077907257, "model__colsample_bynode": 0.9449148964303926, "model__colsample_bytree": 0.39197068792833056, "model__learning_rate": 0.2098009976534188, "model__max_depth": 3.7666070082368948, "model__n_estimators": 27.09229802758709, "model__reg_lambda": 3.376766038812906}, "datetime": {"datetime": "2021-03-24 19:42:54", "elapsed": 2.939561, "delta": 0.057111}}
{"target": -0.4439324374681851, "params": {"model__colsample_bylevel": 0.38472058045866103, "model__colsample_bynode": 0.6189182754661343, "model__colsample_bytree": 0.47491716651278293, "model__learning_rate": 0.24904662090967875, "model__max_depth": 6.41552028192452, "model__n_estimators": 15.15307284998927, "model__reg_lambda": 0.029919695529196932}, "datetime": {"datetime": "2021-03-24 19:42:54", "elapsed": 2.991985, "delta": 0.052424}}
{"target": -0.44080994301947996, "params": {"model__colsample_bylevel": 0.9426044924017256, "model__colsample_bynode": 0.5260125425777793, "model__colsample_bytree": 0.5074653319167783, "model__learning_rate": 0.15418522802672452, "model__max_depth": 3.474343666196627, "model__n_estimators": 26.630539663467353, "model__reg_lambda": 2.632384799456182}, "datetime": {"datetime": "2021-03-24 19:42:54", "elapsed": 3.044536, "delta": 0.052551}}
{"target": -0.4483285755917862, "params": {"model__colsample_bylevel": 0.8032909797610204, "model__colsample_bynode": 0.7713021432027297, "model__colsample_bytree": 0.6853736563856032, "model__learning_rate": 0.23655460523720243, "model__max_depth": 3.0441975506001606, "model__n_estimators": 21.967771044500967, "model__reg_lambda": 4.939589109277965}, "datetime": {"datetime": "2021-03-24 19:42:54", "elapsed": 3.0995, "delta": 0.054964}}
{"target": -0.44177403303835056, "params": {"model__colsample_bylevel": 0.3191878877624776, "model__colsample_bynode": 0.4527668367686508, "model__colsample_bytree": 0.9533861738476699, "model__learning_rate": 0.23172885748318614, "model__max_depth": 7.871974941466348, "model__n_estimators": 20.539710627919593, "model__reg_lambda": 7.6239037960184355}, "datetime": {"datetime": "2021-03-24 19:42:54", "elapsed": 3.158669, "delta": 0.059169}}
{"target": -0.4637850023941069, "params": {"model__colsample_bylevel": 0.7197656118669662, "model__colsample_bynode": 0.7214646750503465, "model__colsample_bytree": 0.37931534877147977, "model__learning_rate": 0.14444015703665763, "model__max_depth": 2.433575141809544, "model__n_estimators": 22.57954207818872, "model__reg_lambda": 3.4509917372173025}, "datetime": {"datetime": "2021-03-24 19:42:54", "elapsed": 3.210487, "delta": 0.051818}}
{"target": -0.4392369357747552, "params": {"model__colsample_bylevel": 0.43770438267170664, "model__colsample_bynode": 0.562288016838024, "model__colsample_bytree": 0.6684847059501842, "model__learning_rate": 0.24216538663414655, "model__max_depth": 5.53982800385271, "model__n_estimators": 24.586364893849456, "model__reg_lambda": 6.03761911116279}, "datetime": {"datetime": "2021-03-24 19:42:54", "elapsed": 3.266689, "delta": 0.056202}}
{"target": -0.441799035206761, "params": {"model__colsample_bylevel": 0.5615024327662378, "model__colsample_bynode": 0.5278880157630303, "model__colsample_bytree": 0.6927994632423486, "model__learning_rate": 0.2499326997232081, "model__max_depth": 7.515144966264312, "model__n_estimators": 27.41503748405572, "model__reg_lambda": 5.537273620404508}, "datetime": {"datetime": "2021-03-24 19:42:54", "elapsed": 3.325455, "delta": 0.058766}}
{"target": -0.45194429075480375, "params": {"model__colsample_bylevel": 0.8773753442334304, "model__colsample_bynode": 0.3197624374107063, "model__colsample_bytree": 0.8582648079772404, "model__learning_rate": 0.1398977410305498, "model__max_depth": 6.115045756510598, "model__n_estimators": 27.377846347953547, "model__reg_lambda": 3.1496308071503187}, "datetime": {"datetime": "2021-03-24 19:42:54", "elapsed": 3.378855, "delta": 0.0534}}
{"target": -0.4439687763691705, "params": {"model__colsample_bylevel": 0.5798231824380045, "model__colsample_bynode": 0.9899122285696411, "model__colsample_bytree": 0.4774952834387126, "model__learning_rate": 0.25106786479472265, "model__max_depth": 4.436357453829759, "model__n_estimators": 19.72844903945682, "model__reg_lambda": 7.705159221072094}, "datetime": {"datetime": "2021-03-24 19:42:54", "elapsed": 3.43545, "delta": 0.056595}}
{"target": -0.43820113941649164, "params": {"model__colsample_bylevel": 0.6149024037576569, "model__colsample_bynode": 0.7970601762740899, "model__colsample_bytree": 0.4555403075808654, "model__learning_rate": 0.26476738246878556, "model__max_depth": 6.3006447069266285, "model__n_estimators": 22.48861984031197, "model__reg_lambda": 7.91551010046181}, "datetime": {"datetime": "2021-03-24 19:42:54", "elapsed": 3.491933, "delta": 0.056483}}
{"target": -0.4419735507000292, "params": {"model__colsample_bylevel": 0.9437937215686736, "model__colsample_bynode": 0.8511722448868555, "model__colsample_bytree": 0.5084857837350747, "model__learning_rate": 0.24346701302396254, "model__max_depth": 5.690340786662006, "model__n_estimators": 27.619845335231588, "model__reg_lambda": 4.0456797253845265}, "datetime": {"datetime": "2021-03-24 19:42:54", "elapsed": 3.545138, "delta": 0.053205}}
{"target": -0.4328350389423523, "params": {"model__colsample_bylevel": 0.6173529449301774, "model__colsample_bynode": 0.3656352091501882, "model__colsample_bytree": 0.45305055880659917, "model__learning_rate": 0.20586849821836273, "model__max_depth": 5.173197962934258, "model__n_estimators": 25.696146745858105, "model__reg_lambda": 2.863925264426952}, "datetime": {"datetime": "2021-03-24 19:42:54", "elapsed": 3.602559, "delta": 0.057421}}
{"target": -0.4563803389155563, "params": {"model__colsample_bylevel": 0.3812502817792496, "model__colsample_bynode": 0.43107613084910207, "model__colsample_bytree": 0.6036033759584388, "model__learning_rate": 0.13710847453713484, "model__max_depth": 2.7407946095138094, "model__n_estimators": 25.875381462387566, "model__reg_lambda": 9.101677556132595}, "datetime": {"datetime": "2021-03-24 19:42:54", "elapsed": 3.657849, "delta": 0.05529}}
{"target": -0.4364460320130963, "params": {"model__colsample_bylevel": 0.3426383940311504, "model__colsample_bynode": 0.3292770968669983, "model__colsample_bytree": 0.49999974247633633, "model__learning_rate": 0.21592871225493404, "model__max_depth": 7.629568478689846, "model__n_estimators": 23.72527860523467, "model__reg_lambda": 6.7998375849329875}, "datetime": {"datetime": "2021-03-24 19:42:54", "elapsed": 3.71437, "delta": 0.056521}}
{"target": -0.44504906797808574, "params": {"model__colsample_bylevel": 1.0, "model__colsample_bynode": 0.3, "model__colsample_bytree": 0.3, "model__learning_rate": 0.3, "model__max_depth": 2.0, "model__n_estimators": 30.0, "model__reg_lambda": 10.0}, "datetime": {"datetime": "2021-03-24 19:42:55", "elapsed": 4.399598, "delta": 0.685228}}
{"target": -0.47005962530501944, "params": {"model__colsample_bylevel": 1.0, "model__colsample_bynode": 1.0, "model__colsample_bytree": 1.0, "model__learning_rate": 0.3, "model__max_depth": 8.0, "model__n_estimators": 15.0, "model__reg_lambda": 10.0}, "datetime": {"datetime": "2021-03-24 19:42:56", "elapsed": 5.023519, "delta": 0.623921}}
{"target": -0.46118926031285545, "params": {"model__colsample_bylevel": 0.3, "model__colsample_bynode": 1.0, "model__colsample_bytree": 0.3, "model__learning_rate": 0.3, "model__max_depth": 8.0, "model__n_estimators": 30.0, "model__reg_lambda": 10.0}, "datetime": {"datetime": "2021-03-24 19:42:56", "elapsed": 5.872555, "delta": 0.849036}}
{"target": -0.48026144822816486, "params": {"model__colsample_bylevel": 0.3, "model__colsample_bynode": 0.3, "model__colsample_bytree": 0.369712111632738, "model__learning_rate": 0.1, "model__max_depth": 2.0, "model__n_estimators": 30.0, "model__reg_lambda": 5.546270183941443}, "datetime": {"datetime": "2021-03-24 19:42:57", "elapsed": 6.568622, "delta": 0.696067}}
{"target": -0.48701512220491094, "params": {"model__colsample_bylevel": 1.0, "model__colsample_bynode": 1.0, "model__colsample_bytree": 1.0, "model__learning_rate": 0.1, "model__max_depth": 2.0, "model__n_estimators": 18.476256864004014, "model__reg_lambda": 0.0}, "datetime": {"datetime": "2021-03-24 19:42:58", "elapsed": 7.439867, "delta": 0.871245}}
{"target": -0.44755235059942666, "params": {"model__colsample_bylevel": 0.3, "model__colsample_bynode": 0.3, "model__colsample_bytree": 1.0, "model__learning_rate": 0.1, "model__max_depth": 8.0, "model__n_estimators": 15.0, "model__reg_lambda": 0.0}, "datetime": {"datetime": "2021-03-24 19:42:59", "elapsed": 8.190928, "delta": 0.751061}}
{"target": -0.454978600686308, "params": {"model__colsample_bylevel": 1.0, "model__colsample_bynode": 1.0, "model__colsample_bytree": 1.0, "model__learning_rate": 0.3, "model__max_depth": 2.0, "model__n_estimators": 21.862439036841472, "model__reg_lambda": 10.0}, "datetime": {"datetime": "2021-03-24 19:42:59", "elapsed": 8.886883, "delta": 0.695955}}
{"target": -0.4663764155753281, "params": {"model__colsample_bylevel": 0.3, "model__colsample_bynode": 0.3, "model__colsample_bytree": 0.3, "model__learning_rate": 0.3, "model__max_depth": 2.0, "model__n_estimators": 15.0, "model__reg_lambda": 10.0}, "datetime": {"datetime": "2021-03-24 19:43:00", "elapsed": 9.56735, "delta": 0.680467}}
{"target": -0.44555554297023814, "params": {"model__colsample_bylevel": 0.3, "model__colsample_bynode": 0.3, "model__colsample_bytree": 1.0, "model__learning_rate": 0.3, "model__max_depth": 8.0, "model__n_estimators": 20.97210789497471, "model__reg_lambda": 3.9057456064963922}, "datetime": {"datetime": "2021-03-24 19:43:01", "elapsed": 10.336832, "delta": 0.769482}}
{"target": -0.43926913839481446, "params": {"model__colsample_bylevel": 0.6256661081914743, "model__colsample_bynode": 0.825797198548335, "model__colsample_bytree": 0.5503484130842282, "model__learning_rate": 0.22243409259192787, "model__max_depth": 7.9292333392095715, "model__n_estimators": 23.430537290572097, "model__reg_lambda": 9.957624033480215}, "datetime": {"datetime": "2021-03-24 19:43:02", "elapsed": 11.036817, "delta": 0.699985}}
{"target": -0.47262383350103654, "params": {"model__colsample_bylevel": 1.0, "model__colsample_bynode": 1.0, "model__colsample_bytree": 1.0, "model__learning_rate": 0.3, "model__max_depth": 8.0, "model__n_estimators": 15.0, "model__reg_lambda": 6.209896149601007}, "datetime": {"datetime": "2021-03-24 19:43:02", "elapsed": 11.734661, "delta": 0.697844}}
{"target": -0.4897224813699722, "params": {"model__colsample_bylevel": 0.3, "model__colsample_bynode": 1.0, "model__colsample_bytree": 0.3, "model__learning_rate": 0.1, "model__max_depth": 8.0, "model__n_estimators": 30.0, "model__reg_lambda": 6.043904848034077}, "datetime": {"datetime": "2021-03-24 19:43:03", "elapsed": 12.416842, "delta": 0.682181}}
{"target": -0.43836935710269903, "params": {"model__colsample_bylevel": 1.0, "model__colsample_bynode": 0.3, "model__colsample_bytree": 1.0, "model__learning_rate": 0.3, "model__max_depth": 2.0, "model__n_estimators": 26.67819714815242, "model__reg_lambda": 6.478970219701125}, "datetime": {"datetime": "2021-03-24 19:43:04", "elapsed": 13.122937, "delta": 0.706095}}
{"target": -0.4641217546186585, "params": {"model__colsample_bylevel": 1.0, "model__colsample_bynode": 1.0, "model__colsample_bytree": 1.0, "model__learning_rate": 0.3, "model__max_depth": 3.69090415883921, "model__n_estimators": 30.0, "model__reg_lambda": 10.0}, "datetime": {"datetime": "2021-03-24 19:43:05", "elapsed": 13.946158, "delta": 0.823221}}
{"target": -0.4634869492228102, "params": {"model__colsample_bylevel": 1.0, "model__colsample_bynode": 0.3, "model__colsample_bytree": 0.3, "model__learning_rate": 0.3, "model__max_depth": 5.558182733475418, "model__n_estimators": 30.0, "model__reg_lambda": 10.0}, "datetime": {"datetime": "2021-03-24 19:43:05", "elapsed": 14.639045, "delta": 0.692887}}
{"target": -0.4407626337736197, "params": {"model__colsample_bylevel": 0.8562886902421809, "model__colsample_bynode": 0.9826315853858305, "model__colsample_bytree": 0.965731071502717, "model__learning_rate": 0.2478016184716835, "model__max_depth": 7.96581281252444, "model__n_estimators": 23.311427306090724, "model__reg_lambda": 7.608166901410595}, "datetime": {"datetime": "2021-03-24 19:43:06", "elapsed": 15.374292, "delta": 0.735247}}
{"target": -0.47215693202409614, "params": {"model__colsample_bylevel": 0.5141410206372251, "model__colsample_bynode": 0.9918224419126624, "model__colsample_bytree": 0.9683722707918414, "model__learning_rate": 0.2853079399364294, "model__max_depth": 2.3103346257381627, "model__n_estimators": 15.030290548739256, "model__reg_lambda": 5.935122864998048}, "datetime": {"datetime": "2021-03-24 19:43:07", "elapsed": 15.982671, "delta": 0.608379}}
{"target": -0.4434118691922935, "params": {"model__colsample_bylevel": 0.9149405205688568, "model__colsample_bynode": 0.9987973247838773, "model__colsample_bytree": 0.7668433917795059, "model__learning_rate": 0.20500202620497598, "model__max_depth": 7.962217452797392, "model__n_estimators": 16.76382096204793, "model__reg_lambda": 0.1382488475466559}, "datetime": {"datetime": "2021-03-24 19:43:07", "elapsed": 16.665577, "delta": 0.682906}}
{"target": -0.4378918748193731, "params": {"model__colsample_bylevel": 0.3, "model__colsample_bynode": 1.0, "model__colsample_bytree": 1.0, "model__learning_rate": 0.3, "model__max_depth": 2.0, "model__n_estimators": 27.73000324391371, "model__reg_lambda": 10.0}, "datetime": {"datetime": "2021-03-24 19:43:08", "elapsed": 17.395816, "delta": 0.730239}}
{"target": -0.44657262691931016, "params": {"model__colsample_bylevel": 0.40266658377776043, "model__colsample_bynode": 0.5935604648126824, "model__colsample_bytree": 0.976269259332956, "model__learning_rate": 0.2844066818401396, "model__max_depth": 2.207186543481283, "model__n_estimators": 18.536333133127766, "model__reg_lambda": 9.620020113273803}, "datetime": {"datetime": "2021-03-24 19:43:09", "elapsed": 18.078215, "delta": 0.682399}}
{"target": -0.4997437578531495, "params": {"model__colsample_bylevel": 0.35207889311363594, "model__colsample_bynode": 0.8978787428117476, "model__colsample_bytree": 0.37278160200892785, "model__learning_rate": 0.10455679636260531, "model__max_depth": 7.996860557604077, "model__n_estimators": 23.584405313409153, "model__reg_lambda": 3.3798666447031236}, "datetime": {"datetime": "2021-03-24 19:43:09", "elapsed": 18.700743, "delta": 0.622528}}
{"target": -0.45119773416604475, "params": {"model__colsample_bylevel": 0.3, "model__colsample_bynode": 1.0, "model__colsample_bytree": 1.0, "model__learning_rate": 0.3, "model__max_depth": 5.043079109210537, "model__n_estimators": 15.0, "model__reg_lambda": 10.0}, "datetime": {"datetime": "2021-03-24 19:43:10", "elapsed": 19.581205, "delta": 0.880462}}
{"target": -0.44642582521773877, "params": {"model__colsample_bylevel": 0.3, "model__colsample_bynode": 1.0, "model__colsample_bytree": 1.0, "model__learning_rate": 0.3, "model__max_depth": 4.189787124252306, "model__n_estimators": 21.34794064882546, "model__reg_lambda": 10.0}, "datetime": {"datetime": "2021-03-24 19:43:11", "elapsed": 20.267761, "delta": 0.686556}}
{"target": -0.470659153421234, "params": {"model__colsample_bylevel": 0.9725960575448029, "model__colsample_bynode": 0.6227609349421406, "model__colsample_bytree": 0.9144339530232377, "model__learning_rate": 0.29706632971141256, "model__max_depth": 3.895863233797108, "model__n_estimators": 15.190620062801246, "model__reg_lambda": 0.3085610469764166}, "datetime": {"datetime": "2021-03-24 19:43:12", "elapsed": 20.934839, "delta": 0.667078}}
