{"target": -0.4469858801343303, "params": {"model__colsample_bylevel": 0.7258452406247984, "model__colsample_bynode": 0.31739320661355575, "model__colsample_bytree": 0.7945082592472911, "model__learning_rate": 0.29219020338292856, "model__max_depth": 4.0, "model__n_estimators": 24.0, "model__reg_lambda": 1.6083633373996564}, "datetime": {"datetime": "2021-03-24 19:42:51", "elapsed": 0.0, "delta": 0.0}}
{"target": -0.4418597173610486, "params": {"model__colsample_bylevel": 0.9637266566698268, "model__colsample_bynode": 0.39517865891557463, "model__colsample_bytree": 0.41886691466145853, "model__learning_rate": 0.2563908092542515, "model__max_depth": 4.0, "model__n_estimators": 25.0, "model__reg_lambda": 0.0985146484840893}, "datetime": {"datetime": "2021-03-24 19:42:51", "elapsed": 0.062829, "delta": 0.062829}}
{"target": -0.44476756693633346, "params": {"model__colsample_bylevel": 1.0, "model__colsample_bynode": 0.3, "model__colsample_bytree": 1.0, "model__learning_rate": 0.3, "model__max_depth": 2.0, "model__n_estimators": 25.0, "model__reg_lambda": 0.0}, "datetime": {"datetime": "2021-03-24 19:42:51", "elapsed": 0.113883, "delta": 0.051054}}
{"target": -0.4771626217462851, "params": {"model__colsample_bylevel": 0.9999999951173367, "model__colsample_bynode": 0.9999999976044774, "model__colsample_bytree": 0.3, "model__learning_rate": 0.3, "model__max_depth": 3.0, "model__n_estimators": 27.0, "model__reg_lambda": 3.7480644660318284e-10}, "datetime": {"datetime": "2021-03-24 19:42:51", "elapsed": 0.166077, "delta": 0.052194}}
{"target": -0.4817670356446836, "params": {"model__colsample_bylevel": 0.6107052871942427, "model__colsample_bynode": 0.3729646937677923, "model__colsample_bytree": 0.42648167101928725, "model__learning_rate": 0.2760665068122475, "model__max_depth": 8.0, "model__n_estimators": 28.0, "model__reg_lambda": 0.284111854868625}, "datetime": {"datetime": "2021-03-24 19:42:51", "elapsed": 0.220568, "delta": 0.054491}}
{"target": -0.4683698025203067, "params": {"model__colsample_bylevel": 0.3860003430876819, "model__colsample_bynode": 0.7167845929961741, "model__colsample_bytree": 0.5701473585669706, "model__learning_rate": 0.2749061628079973, "model__max_depth": 8.0, "model__n_estimators": 23.0, "model__reg_lambda": 0.07241051153434652}, "datetime": {"datetime": "2021-03-24 19:42:51", "elapsed": 0.275563, "delta": 0.054995}}
{"target": -0.4683698025203067, "params": {"model__colsample_bylevel": 0.3860003430876819, "model__colsample_bynode": 0.7167845929961741, "model__colsample_bytree": 0.5701473585669706, "model__learning_rate": 0.2749061628079973, "model__max_depth": 8.0, "model__n_estimators": 23.0, "model__reg_lambda": 0.07241051153434652}, "datetime": {"datetime": "2021-03-24 19:42:51", "elapsed": 0.275842, "delta": 0.000279}}
{"target": -0.5228548567532899, "params": {"model__colsample_bylevel": 1.0, "model__colsample_bynode": 0.3, "model__colsample_bytree": 0.3, "model__learning_rate": 0.3, "model__max_depth": 6.0, "model__n_estimators": 23.0, "model__reg_lambda": 0.0}, "datetime": {"datetime": "2021-03-24 19:42:51", "elapsed": 0.328373, "delta": 0.052531}}
{"target": -0.5228548567532899, "params": {"model__colsample_bylevel": 1.0, "model__colsample_bynode": 0.3, "model__colsample_bytree": 0.3, "model__learning_rate": 0.3, "model__max_depth": 6.0, "model__n_estimators": 23.0, "model__reg_lambda": 0.0}, "datetime": {"datetime": "2021-03-24 19:42:51", "elapsed": 0.328639, "delta": 0.000266}}
{"target": -0.46411088043486404, "params": {"model__colsample_bylevel": 0.7861070744351207, "model__colsample_bynode": 0.8774093251503836, "model__colsample_bytree": 0.6259679327570861, "model__learning_rate": 0.28810488190533123, "model__max_depth": 7.0, "model__n_estimators": 30.0, "model__reg_lambda": 1.696362575837671}, "datetime": {"datetime": "2021-03-24 19:42:51", "elapsed": 0.391359, "delta": 0.06272}}
{"target": -0.4583925916293662, "params": {"model__colsample_bylevel": 0.30000000081354, "model__colsample_bynode": 0.3594234141837739, "model__colsample_bytree": 0.9673582781605067, "model__learning_rate": 0.3, "model__max_depth": 3.0, "model__n_estimators": 23.0, "model__reg_lambda": 0.0}, "datetime": {"datetime": "2021-03-24 19:42:51", "elapsed": 0.449035, "delta": 0.057676}}
{"target": -0.4298745167725112, "params": {"model__colsample_bylevel": 0.9771872954714671, "model__colsample_bynode": 0.9363007385159021, "model__colsample_bytree": 0.8026341638542958, "model__learning_rate": 0.2936477098965825, "model__max_depth": 2.0, "model__n_estimators": 27.0, "model__reg_lambda": 0.0704852474853701}, "datetime": {"datetime": "2021-03-24 19:42:51", "elapsed": 0.499338, "delta": 0.050303}}
{"target": -0.4298745167725112, "params": {"model__colsample_bylevel": 0.9771872954714671, "model__colsample_bynode": 0.9363007385159021, "model__colsample_bytree": 0.8026341638542958, "model__learning_rate": 0.2936477098965825, "model__max_depth": 2.0, "model__n_estimators": 27.0, "model__reg_lambda": 0.0704852474853701}, "datetime": {"datetime": "2021-03-24 19:42:51", "elapsed": 0.499623, "delta": 0.000285}}
{"target": -0.46653733975321493, "params": {"model__colsample_bylevel": 1.0, "model__colsample_bynode": 1.0, "model__colsample_bytree": 1.0, "model__learning_rate": 0.3, "model__max_depth": 2.0, "model__n_estimators": 30.0, "model__reg_lambda": 0.0}, "datetime": {"datetime": "2021-03-24 19:42:51", "elapsed": 0.552857, "delta": 0.053234}}
{"target": -0.46653733975321493, "params": {"model__colsample_bylevel": 1.0, "model__colsample_bynode": 1.0, "model__colsample_bytree": 1.0, "model__learning_rate": 0.3, "model__max_depth": 2.0, "model__n_estimators": 30.0, "model__reg_lambda": 0.0}, "datetime": {"datetime": "2021-03-24 19:42:51", "elapsed": 0.553207, "delta": 0.00035}}
{"target": -0.46804615390247434, "params": {"model__colsample_bylevel": 0.6485379941048326, "model__colsample_bynode": 0.4138610490450136, "model__colsample_bytree": 0.9291330609952522, "model__learning_rate": 0.2911851854611075, "model__max_depth": 3.0, "model__n_estimators": 29.0, "model__reg_lambda": 0.031312174631182854}, "datetime": {"datetime": "2021-03-24 19:42:51", "elapsed": 0.608422, "delta": 0.055215}}
{"target": -0.46804615390247434, "params": {"model__colsample_bylevel": 0.6485379941048326, "model__colsample_bynode": 0.4138610490450136, "model__colsample_bytree": 0.9291330609952522, "model__learning_rate": 0.2911851854611075, "model__max_depth": 3.0, "model__n_estimators": 29.0, "model__reg_lambda": 0.031312174631182854}, "datetime": {"datetime": "2021-03-24 19:42:51", "elapsed": 0.608716, "delta": 0.000294}}
{"target": -0.46804615390247434, "params": {"model__colsample_bylevel": 0.6485379941048326, "model__colsample_bynode": 0.4138610490450136, "model__colsample_bytree": 0.9291330609952522, "model__learning_rate": 0.2911851854611075, "model__max_depth": 3.0, "model__n_estimators": 29.0, "model__reg_lambda": 0.031312174631182854}, "datetime": {"datetime": "2021-03-24 19:42:51", "elapsed": 0.608899, "delta": 0.000183}}
{"target": -0.46804615390247434, "params": {"model__colsample_bylevel": 0.6485379941048326, "model__colsample_bynode": 0.4138610490450136, "model__colsample_bytree": 0.9291330609952522, "model__learning_rate": 0.2911851854611075, "model__max_depth": 3.0, "model__n_estimators": 29.0, "model__reg_lambda": 0.031312174631182854}, "datetime": {"datetime": "2021-03-24 19:42:51", "elapsed": 0.609061, "delta": 0.000162}}
{"target": -0.46804615390247434, "params": {"model__colsample_bylevel": 0.6485379941048326, "model__colsample_bynode": 0.4138610490450136, "model__colsample_bytree": 0.9291330609952522, "model__learning_rate": 0.2911851854611075, "model__max_depth": 3.0, "model__n_estimators": 29.0, "model__reg_lambda": 0.031312174631182854}, "datetime": {"datetime": "2021-03-24 19:42:51", "elapsed": 0.609215, "delta": 0.000154}}
{"target": -0.44712688749001456, "params": {"model__colsample_bylevel": 0.3, "model__colsample_bynode": 1.0, "model__colsample_bytree": 1.0, "model__learning_rate": 0.3, "model__max_depth": 2.0, "model__n_estimators": 28.0, "model__reg_lambda": 0.13683931084278453}, "datetime": {"datetime": "2021-03-24 19:42:51", "elapsed": 0.663402, "delta": 0.054187}}
{"target": -0.44712688749001456, "params": {"model__colsample_bylevel": 0.3, "model__colsample_bynode": 1.0, "model__colsample_bytree": 1.0, "model__learning_rate": 0.3, "model__max_depth": 2.0, "model__n_estimators": 28.0, "model__reg_lambda": 0.13683931084278453}, "datetime": {"datetime": "2021-03-24 19:42:51", "elapsed": 0.663709, "delta": 0.000307}}
{"target": -0.44712688749001456, "params": {"model__colsample_bylevel": 0.3, "model__colsample_bynode": 1.0, "model__colsample_bytree": 1.0, "model__learning_rate": 0.3, "model__max_depth": 2.0, "model__n_estimators": 28.0, "model__reg_lambda": 0.13683931084278453}, "datetime": {"datetime": "2021-03-24 19:42:51", "elapsed": 0.663901, "delta": 0.000192}}
{"target": -0.44712688749001456, "params": {"model__colsample_bylevel": 0.3, "model__colsample_bynode": 1.0, "model__colsample_bytree": 1.0, "model__learning_rate": 0.3, "model__max_depth": 2.0, "model__n_estimators": 28.0, "model__reg_lambda": 0.13683931084278453}, "datetime": {"datetime": "2021-03-24 19:42:51", "elapsed": 0.66407, "delta": 0.000169}}
{"target": -0.5037753850298401, "params": {"model__colsample_bylevel": 0.957994463502005, "model__colsample_bynode": 0.4649434470794409, "model__colsample_bytree": 0.5642434608294935, "model__learning_rate": 0.2995151344704168, "model__max_depth": 6.0, "model__n_estimators": 28.0, "model__reg_lambda": 0.002745557990490033}, "datetime": {"datetime": "2021-03-24 19:42:51", "elapsed": 0.720594, "delta": 0.056524}}
{"target": -0.4661301824402576, "params": {"model__colsample_bylevel": 0.5246146335015491, "model__colsample_bynode": 0.33582887101238096, "model__colsample_bytree": 0.47798245555775587, "model__learning_rate": 0.29349330869227963, "model__max_depth": 3.0, "model__n_estimators": 28.0, "model__reg_lambda": 0.24113059696639016}, "datetime": {"datetime": "2021-03-24 19:42:51", "elapsed": 0.774984, "delta": 0.05439}}
{"target": -0.4717208416960405, "params": {"model__colsample_bylevel": 0.3663613727309097, "model__colsample_bynode": 0.4534727077761826, "model__colsample_bytree": 0.7733923805185471, "model__learning_rate": 0.22883864583017202, "model__max_depth": 7.0, "model__n_estimators": 26.0, "model__reg_lambda": 0.012926042572849461}, "datetime": {"datetime": "2021-03-24 19:42:51", "elapsed": 0.832819, "delta": 0.057835}}
{"target": -0.5113295451496673, "params": {"model__colsample_bylevel": 0.8653317499824069, "model__colsample_bynode": 0.3571813795843582, "model__colsample_bytree": 0.30358511463469845, "model__learning_rate": 0.2809526011706397, "model__max_depth": 8.0, "model__n_estimators": 29.0, "model__reg_lambda": 0.02698592090720764}, "datetime": {"datetime": "2021-03-24 19:42:51", "elapsed": 0.886346, "delta": 0.053527}}
{"target": -0.5113295451496673, "params": {"model__colsample_bylevel": 0.8653317499824069, "model__colsample_bynode": 0.3571813795843582, "model__colsample_bytree": 0.30358511463469845, "model__learning_rate": 0.2809526011706397, "model__max_depth": 8.0, "model__n_estimators": 29.0, "model__reg_lambda": 0.02698592090720764}, "datetime": {"datetime": "2021-03-24 19:42:51", "elapsed": 0.886641, "delta": 0.000295}}
{"target": -0.45814708110309493, "params": {"model__colsample_bylevel": 0.34471660507766055, "model__colsample_bynode": 0.319341326103065, "model__colsample_bytree": 0.8787989798601867, "model__learning_rate": 0.21891295950350703, "model__max_depth": 7.0, "model__n_estimators": 30.0, "model__reg_lambda": 1.198131524031214}, "datetime": {"datetime": "2021-03-24 19:42:52", "elapsed": 0.941802, "delta": 0.055161}}
{"target": -0.45814708110309493, "params": {"model__colsample_bylevel": 0.34471660507766055, "model__colsample_bynode": 0.319341326103065, "model__colsample_bytree": 0.8787989798601867, "model__learning_rate": 0.21891295950350703, "model__max_depth": 7.0, "model__n_estimators": 30.0, "model__reg_lambda": 1.198131524031214}, "datetime": {"datetime": "2021-03-24 19:42:52", "elapsed": 0.942112, "delta": 0.00031}}
{"target": -0.4537050372925992, "params": {"model__colsample_bylevel": 0.8256094388390536, "model__colsample_bynode": 0.3129381597425411, "model__colsample_bytree": 0.34034752531555196, "model__learning_rate": 0.204483944922847, "model__max_depth": 4.0, "model__n_estimators": 22.0, "model__reg_lambda": 0.015557000447381508}, "datetime": {"datetime": "2021-03-24 19:42:52", "elapsed": 0.99698, "delta": 0.054868}}
{"target": -0.46069735834995906, "params": {"model__colsample_bylevel": 0.30726190771998996, "model__colsample_bynode": 0.651312214504117, "model__colsample_bytree": 0.6470413051939022, "model__learning_rate": 0.12676590579185532, "model__max_depth": 2.8526665127272315, "model__n_estimators": 18.278380134391174, "model__reg_lambda": 4.185081805104525}, "datetime": {"datetime": "2021-03-24 19:42:52", "elapsed": 1.053573, "delta": 0.056593}}
{"target": -0.4424411214810486, "params": {"model__colsample_bylevel": 0.4736708178894914, "model__colsample_bynode": 0.35884175581574507, "model__colsample_bytree": 0.54184904803528, "model__learning_rate": 0.1333552693064643, "model__max_depth": 7.271354513195954, "model__n_estimators": 29.26446047440075, "model__reg_lambda": 0.38748375832319826}, "datetime": {"datetime": "2021-03-24 19:42:52", "elapsed": 1.106664, "delta": 0.053091}}
{"target": -0.44600593590150595, "params": {"model__colsample_bylevel": 0.7893751739791326, "model__colsample_bynode": 0.7009318708985864, "model__colsample_bytree": 0.9286049827576046, "model__learning_rate": 0.23337979458392732, "model__max_depth": 5.28702669827889, "model__n_estimators": 25.53641136102083, "model__reg_lambda": 3.864771696146654}, "datetime": {"datetime": "2021-03-24 19:42:52", "elapsed": 1.159583, "delta": 0.052919}}
{"target": -0.46411088043486404, "params": {"model__colsample_bylevel": 0.7861070744351207, "model__colsample_bynode": 0.8774093251503836, "model__colsample_bytree": 0.6259679327570861, "model__learning_rate": 0.28810488190533123, "model__max_depth": 6.822438620073907, "model__n_estimators": 29.75038872336499, "model__reg_lambda": 1.696362575837671}, "datetime": {"datetime": "2021-03-24 19:42:52", "elapsed": 1.214397, "delta": 0.054814}}
{"target": -0.4375061475597592, "params": {"model__colsample_bylevel": 0.6647592980218581, "model__colsample_bynode": 0.9618621918833685, "model__colsample_bytree": 0.7546783242123333, "model__learning_rate": 0.2721663846451393, "model__max_depth": 7.825076072541351, "model__n_estimators": 17.78312530401691, "model__reg_lambda": 2.431156753134085}, "datetime": {"datetime": "2021-03-24 19:42:52", "elapsed": 1.261526, "delta": 0.047129}}
{"target": -0.4450876131100391, "params": {"model__colsample_bylevel": 0.9113805901707872, "model__colsample_bynode": 0.9343940938464552, "model__colsample_bytree": 0.8307945907576542, "model__learning_rate": 0.16938039075510394, "model__max_depth": 4.781208283904345, "model__n_estimators": 24.15806611272194, "model__reg_lambda": 4.96281717671187}, "datetime": {"datetime": "2021-03-24 19:42:52", "elapsed": 1.308786, "delta": 0.04726}}
{"target": -0.46257008502016905, "params": {"model__colsample_bylevel": 0.6345818094768427, "model__colsample_bynode": 0.604888825336442, "model__colsample_bytree": 0.9092858074985717, "model__learning_rate": 0.1374717294122843, "model__max_depth": 6.126044559156051, "model__n_estimators": 25.552937607020823, "model__reg_lambda": 9.252000772711074}, "datetime": {"datetime": "2021-03-24 19:42:52", "elapsed": 1.362154, "delta": 0.053368}}
{"target": -0.4476496871803766, "params": {"model__colsample_bylevel": 0.32761837237198693, "model__colsample_bynode": 0.7529816994815779, "model__colsample_bytree": 0.7466377893021694, "model__learning_rate": 0.19233953249413938, "model__max_depth": 2.318356546912358, "model__n_estimators": 15.578563847435374, "model__reg_lambda": 1.6953141420787687}, "datetime": {"datetime": "2021-03-24 19:42:52", "elapsed": 1.412409, "delta": 0.050255}}
{"target": -0.47759594027276925, "params": {"model__colsample_bylevel": 0.8561835208849775, "model__colsample_bynode": 0.4138242325920566, "model__colsample_bytree": 0.3971170898456863, "model__learning_rate": 0.17058339064653638, "model__max_depth": 4.906990730916813, "model__n_estimators": 25.466045776856664, "model__reg_lambda": 8.011564316956859}, "datetime": {"datetime": "2021-03-24 19:42:52", "elapsed": 1.469154, "delta": 0.056745}}
{"target": -0.4662329871450429, "params": {"model__colsample_bylevel": 0.4867420639503589, "model__colsample_bynode": 0.936633346480775, "model__colsample_bytree": 0.3160068649787738, "model__learning_rate": 0.17502455249915477, "model__max_depth": 3.1977999718893484, "model__n_estimators": 20.142078437421155, "model__reg_lambda": 4.441122950440465}, "datetime": {"datetime": "2021-03-24 19:42:52", "elapsed": 1.518528, "delta": 0.049374}}
{"target": -0.4439327332380133, "params": {"model__colsample_bylevel": 0.6486977272532548, "model__colsample_bynode": 0.5900424273597351, "model__colsample_bytree": 0.4499791740194562, "model__learning_rate": 0.14332794254537243, "model__max_depth": 3.3938427634789914, "model__n_estimators": 25.93628430939619, "model__reg_lambda": 4.159186670147922}, "datetime": {"datetime": "2021-03-24 19:42:52", "elapsed": 1.572046, "delta": 0.053518}}
{"target": -0.45482427896661826, "params": {"model__colsample_bylevel": 0.7087287246096596, "model__colsample_bynode": 0.6460356235928947, "model__colsample_bytree": 0.6010327699478305, "model__learning_rate": 0.24695316340723392, "model__max_depth": 5.337298920821893, "model__n_estimators": 19.539459624900097, "model__reg_lambda": 9.70798194813456}, "datetime": {"datetime": "2021-03-24 19:42:52", "elapsed": 1.631932, "delta": 0.059886}}
{"target": -0.4453689401699365, "params": {"model__colsample_bylevel": 0.4573898284863129, "model__colsample_bynode": 0.39713840986827087, "model__colsample_bytree": 0.730452732753553, "model__learning_rate": 0.19838578785694924, "model__max_depth": 3.0989164019193227, "model__n_estimators": 16.639657727470496, "model__reg_lambda": 5.395755249234239}, "datetime": {"datetime": "2021-03-24 19:42:52", "elapsed": 1.682294, "delta": 0.050362}}
{"target": -0.44097600175418716, "params": {"model__colsample_bylevel": 0.5025094970837707, "model__colsample_bynode": 0.37213783629228636, "model__colsample_bytree": 0.6434210837220209, "model__learning_rate": 0.22641833694649102, "model__max_depth": 2.227815301561689, "model__n_estimators": 22.50161880662639, "model__reg_lambda": 0.835434299294453}, "datetime": {"datetime": "2021-03-24 19:42:52", "elapsed": 1.734789, "delta": 0.052495}}
{"target": -0.4463389313793269, "params": {"model__colsample_bylevel": 0.8539227643210632, "model__colsample_bynode": 0.8306252174459399, "model__colsample_bytree": 0.4835912545620663, "model__learning_rate": 0.12017171820904433, "model__max_depth": 7.503156236962601, "model__n_estimators": 22.761903626532458, "model__reg_lambda": 1.3353967592343363}, "datetime": {"datetime": "2021-03-24 19:42:52", "elapsed": 1.791647, "delta": 0.056858}}
{"target": -0.46079052600307735, "params": {"model__colsample_bylevel": 0.3787801798303496, "model__colsample_bynode": 0.8891488038898538, "model__colsample_bytree": 0.682252315571295, "model__learning_rate": 0.1522033166295056, "model__max_depth": 5.4549531069191834, "model__n_estimators": 19.707789101668837, "model__reg_lambda": 7.916231853067416}, "datetime": {"datetime": "2021-03-24 19:42:52", "elapsed": 1.844536, "delta": 0.052889}}
{"target": -0.44482257903580547, "params": {"model__colsample_bylevel": 0.6451635028820711, "model__colsample_bynode": 0.9756107284220326, "model__colsample_bytree": 0.6642183611480073, "model__learning_rate": 0.2806043190994539, "model__max_depth": 3.4988273636139016, "model__n_estimators": 22.822309547759104, "model__reg_lambda": 5.0574568339000425}, "datetime": {"datetime": "2021-03-24 19:42:53", "elapsed": 1.897871, "delta": 0.053335}}
{"target": -0.4581668150665211, "params": {"model__colsample_bylevel": 0.8691500365097846, "model__colsample_bynode": 0.35123595486158105, "model__colsample_bytree": 0.8853449005213216, "model__learning_rate": 0.26084712707576596, "model__max_depth": 4.4379276251183954, "model__n_estimators": 15.546768724832507, "model__reg_lambda": 7.672541069525759}, "datetime": {"datetime": "2021-03-24 19:42:53", "elapsed": 1.949463, "delta": 0.051592}}
{"target": -0.4478478200301743, "params": {"model__colsample_bylevel": 0.7752492983214213, "model__colsample_bynode": 0.9432502217801924, "model__colsample_bytree": 0.6921299356114399, "model__learning_rate": 0.2935437919451478, "model__max_depth": 3.850306106454099, "model__n_estimators": 20.083349491730285, "model__reg_lambda": 7.308818114469667}, "datetime": {"datetime": "2021-03-24 19:42:53", "elapsed": 1.999784, "delta": 0.050321}}
{"target": -0.4435830525932428, "params": {"model__colsample_bylevel": 0.7909589341540182, "model__colsample_bynode": 0.8077442453063763, "model__colsample_bytree": 0.9257599208468199, "model__learning_rate": 0.24332981747869467, "model__max_depth": 6.092916621028417, "model__n_estimators": 27.646752630781677, "model__reg_lambda": 6.451189984951728}, "datetime": {"datetime": "2021-03-24 19:42:53", "elapsed": 2.055541, "delta": 0.055757}}
{"target": -0.43492472661065235, "params": {"model__colsample_bylevel": 0.511889221690131, "model__colsample_bynode": 0.880146841574702, "model__colsample_bytree": 0.4713036833734444, "model__learning_rate": 0.24075613859849618, "model__max_depth": 5.215329445061823, "model__n_estimators": 20.712142781227694, "model__reg_lambda": 1.7861793515885238}, "datetime": {"datetime": "2021-03-24 19:42:53", "elapsed": 2.110196, "delta": 0.054655}}
