{"target": -0.45132288945285415, "params": {"model__colsample_bylevel": 0.3184047801054036, "model__colsample_bynode": 0.3269406583529192, "model__colsample_bytree": 0.30794622260298116, "model__learning_rate": 0.29451127517745873, "model__max_depth": 2.816509335317331, "model__n_estimators": 15.028003372391842, "model__reg_lambda": 2.968993095777032}, "datetime": {"datetime": "2021-03-24 19:45:10", "elapsed": 139.144571, "delta": 1.298538}}
{"target": -0.44412905124650487, "params": {"model__colsample_bylevel": 0.5229999506061889, "model__colsample_bynode": 0.7521812614983503, "model__colsample_bytree": 0.8398343235350167, "model__learning_rate": 0.11545500688030075, "model__max_depth": 7.933528694713963, "model__n_estimators": 18.29127421369781, "model__reg_lambda": 0.0029202220823132397}, "datetime": {"datetime": "2021-03-24 19:45:11", "elapsed": 140.436042, "delta": 1.291471}}
{"target": -0.4338853553220954, "params": {"model__colsample_bylevel": 0.3244755566407375, "model__colsample_bynode": 0.5759546462411156, "model__colsample_bytree": 0.9713294512058224, "model__learning_rate": 0.2998620801040385, "model__max_depth": 4.420546055462985, "model__n_estimators": 26.974483789191794, "model__reg_lambda": 6.485137070102217}, "datetime": {"datetime": "2021-03-24 19:45:12", "elapsed": 141.489815, "delta": 1.053773}}
{"target": -0.4488248801452742, "params": {"model__colsample_bylevel": 0.5388449806410631, "model__colsample_bynode": 0.4486530563732969, "model__colsample_bytree": 0.9307805070930872, "model__learning_rate": 0.2957366420893995, "model__max_depth": 2.0022750956790163, "model__n_estimators": 27.13292044392779, "model__reg_lambda": 8.54441431669865}, "datetime": {"datetime": "2021-03-24 19:45:13", "elapsed": 142.748957, "delta": 1.259142}}
{"target": -0.45054303153512487, "params": {"model__colsample_bylevel": 0.9518474237836627, "model__colsample_bynode": 0.9586948009508394, "model__colsample_bytree": 0.7185653826982347, "model__learning_rate": 0.2901423708555769, "model__max_depth": 3.4224693380373177, "model__n_estimators": 24.9334227709068, "model__reg_lambda": 9.82689245947552}, "datetime": {"datetime": "2021-03-24 19:45:15", "elapsed": 144.064144, "delta": 1.315187}}
{"target": -0.482883099247229, "params": {"model__colsample_bylevel": 0.9535529856377996, "model__colsample_bynode": 0.38364294999642956, "model__colsample_bytree": 0.34560059614340816, "model__learning_rate": 0.23660018101861646, "model__max_depth": 4.721347640262757, "model__n_estimators": 19.68664955778984, "model__reg_lambda": 1.2441343776337876}, "datetime": {"datetime": "2021-03-24 19:45:16", "elapsed": 145.218309, "delta": 1.154165}}
{"target": -0.45009088888899357, "params": {"model__colsample_bylevel": 0.6986538865047252, "model__colsample_bynode": 0.3086202115345335, "model__colsample_bytree": 0.8640530117657981, "model__learning_rate": 0.27699713122411795, "model__max_depth": 3.707054511237186, "model__n_estimators": 19.934023845119267, "model__reg_lambda": 9.19307547855036}, "datetime": {"datetime": "2021-03-24 19:45:17", "elapsed": 146.499657, "delta": 1.281348}}
{"target": -0.4587386104831661, "params": {"model__colsample_bylevel": 0.7052942128875366, "model__colsample_bynode": 0.9365929090767988, "model__colsample_bytree": 0.8958553364281281, "model__learning_rate": 0.25175994580122896, "model__max_depth": 3.9909573179750746, "model__n_estimators": 19.48199457388417, "model__reg_lambda": 3.2507786705525654}, "datetime": {"datetime": "2021-03-24 19:45:18", "elapsed": 147.62723, "delta": 1.127573}}
{"target": -0.4489230493596498, "params": {"model__colsample_bylevel": 0.48124328912402226, "model__colsample_bynode": 0.9016469699472194, "model__colsample_bytree": 0.9626506932637544, "model__learning_rate": 0.29921272113590447, "model__max_depth": 2.2981267160833037, "model__n_estimators": 16.373089476222603, "model__reg_lambda": 9.965624868716944}, "datetime": {"datetime": "2021-03-24 19:45:20", "elapsed": 149.067272, "delta": 1.440042}}
{"target": -0.47478464483620897, "params": {"model__colsample_bylevel": 0.7048904332282095, "model__colsample_bynode": 0.30292313526006515, "model__colsample_bytree": 0.9781331824481068, "model__learning_rate": 0.11496170172911142, "model__max_depth": 7.865275158223207, "model__n_estimators": 22.488922513627095, "model__reg_lambda": 7.107618631276824}, "datetime": {"datetime": "2021-03-24 19:45:21", "elapsed": 150.21389, "delta": 1.146618}}
{"target": -0.44751303650951685, "params": {"model__colsample_bylevel": 0.34105802773852484, "model__colsample_bynode": 0.30816959270573513, "model__colsample_bytree": 0.9999999999986604, "model__learning_rate": 0.3, "model__max_depth": 7.948205341661995, "model__n_estimators": 16.851047947603508, "model__reg_lambda": 8.007990410772736}, "datetime": {"datetime": "2021-03-24 19:45:22", "elapsed": 151.313896, "delta": 1.100006}}
{"target": -0.4353996456438757, "params": {"model__colsample_bylevel": 0.34233879871813877, "model__colsample_bynode": 0.9493581043603392, "model__colsample_bytree": 0.48059080878727656, "model__learning_rate": 0.24228764577592407, "model__max_depth": 7.90734816766088, "model__n_estimators": 24.293267355608652, "model__reg_lambda": 8.640780145189357}, "datetime": {"datetime": "2021-03-24 19:45:23", "elapsed": 152.570491, "delta": 1.256595}}
{"target": -0.432601858690327, "params": {"model__colsample_bylevel": 0.6773934097607875, "model__colsample_bynode": 0.818285426317207, "model__colsample_bytree": 0.6738426734224179, "model__learning_rate": 0.2976620865595808, "model__max_depth": 7.82236410959509, "model__n_estimators": 24.72883263610904, "model__reg_lambda": 6.283725055262968}, "datetime": {"datetime": "2021-03-24 19:45:24", "elapsed": 153.689955, "delta": 1.119464}}
{"target": -0.45018331056217786, "params": {"model__colsample_bylevel": 0.9063288177766746, "model__colsample_bynode": 0.596831848059081, "model__colsample_bytree": 0.9454776262124931, "model__learning_rate": 0.10406364247622693, "model__max_depth": 2.702859713321609, "model__n_estimators": 25.99186039690332, "model__reg_lambda": 0.3447243114671128}, "datetime": {"datetime": "2021-03-24 19:45:25", "elapsed": 154.764497, "delta": 1.074542}}
{"target": -0.4455943059041232, "params": {"model__colsample_bylevel": 0.4374796173212294, "model__colsample_bynode": 0.4451500295466189, "model__colsample_bytree": 0.9941859836483942, "model__learning_rate": 0.18075847790026006, "model__max_depth": 3.6136395572249542, "model__n_estimators": 17.097667671661824, "model__reg_lambda": 1.4077608210671888}, "datetime": {"datetime": "2021-03-24 19:45:27", "elapsed": 156.074469, "delta": 1.309972}}
{"target": -0.43720563263159945, "params": {"model__colsample_bylevel": 0.36161389551066736, "model__colsample_bynode": 0.8462905255991648, "model__colsample_bytree": 0.4108161203323481, "model__learning_rate": 0.26944252972966437, "model__max_depth": 7.579478821285561, "model__n_estimators": 21.161941966150952, "model__reg_lambda": 9.612198946376342}, "datetime": {"datetime": "2021-03-24 19:45:28", "elapsed": 157.423174, "delta": 1.348705}}
{"target": -0.4503677067400861, "params": {"model__colsample_bylevel": 0.3163580255450798, "model__colsample_bynode": 0.9752787050280791, "model__colsample_bytree": 0.36270894110288987, "model__learning_rate": 0.2889512415445954, "model__max_depth": 2.0948251071006267, "model__n_estimators": 21.281421081925902, "model__reg_lambda": 5.711580539122317}, "datetime": {"datetime": "2021-03-24 19:45:29", "elapsed": 158.654337, "delta": 1.231163}}
{"target": -0.4357036694013717, "params": {"model__colsample_bylevel": 0.8752627797809724, "model__colsample_bynode": 0.8518721027440166, "model__colsample_bytree": 0.8900954851514711, "model__learning_rate": 0.22677793403542112, "model__max_depth": 2.0280093100210967, "model__n_estimators": 24.54002950994343, "model__reg_lambda": 1.708556140548031}, "datetime": {"datetime": "2021-03-24 19:45:31", "elapsed": 160.114099, "delta": 1.459762}}
{"target": -0.4586170981466041, "params": {"model__colsample_bylevel": 0.3616418194641011, "model__colsample_bynode": 0.9286269972696155, "model__colsample_bytree": 0.48001404667087333, "model__learning_rate": 0.2888043955282159, "model__max_depth": 7.84931584140884, "model__n_estimators": 15.056209563263074, "model__reg_lambda": 0.06645122535404502}, "datetime": {"datetime": "2021-03-24 19:45:33", "elapsed": 162.210626, "delta": 2.096527}}
{"target": -0.4686676432635041, "params": {"model__colsample_bylevel": 0.7112526485775519, "model__colsample_bynode": 0.3022773183160673, "model__colsample_bytree": 0.8131046106826787, "model__learning_rate": 0.2918297268956058, "model__max_depth": 2.023496770678962, "model__n_estimators": 16.463219178082323, "model__reg_lambda": 4.688768172146583}, "datetime": {"datetime": "2021-03-24 19:45:34", "elapsed": 163.521622, "delta": 1.310996}}
{"target": -0.43580093258262975, "params": {"model__colsample_bylevel": 0.3389526144253657, "model__colsample_bynode": 0.9397179207015021, "model__colsample_bytree": 0.43119604284815616, "model__learning_rate": 0.278885277776208, "model__max_depth": 6.667194690084431, "model__n_estimators": 23.073444013964206, "model__reg_lambda": 9.94662578841849}, "datetime": {"datetime": "2021-03-24 19:45:35", "elapsed": 164.792116, "delta": 1.270494}}
{"target": -0.45232543272533166, "params": {"model__colsample_bylevel": 0.8267037864556976, "model__colsample_bynode": 0.4058314071714138, "model__colsample_bytree": 0.9081968433343572, "model__learning_rate": 0.21627600483963622, "model__max_depth": 7.988836341687988, "model__n_estimators": 29.978330719889726, "model__reg_lambda": 4.88028870729044}, "datetime": {"datetime": "2021-03-24 19:45:37", "elapsed": 166.059841, "delta": 1.267725}}
{"target": -0.44413165057455933, "params": {"model__colsample_bylevel": 0.8882635027963148, "model__colsample_bynode": 0.33448038484401793, "model__colsample_bytree": 0.9716061349529246, "model__learning_rate": 0.2877461552977297, "model__max_depth": 6.856935966360899, "model__n_estimators": 25.482262762129576, "model__reg_lambda": 5.973383598799716}, "datetime": {"datetime": "2021-03-24 19:45:38", "elapsed": 167.227667, "delta": 1.167826}}
{"target": -0.4397037728109221, "params": {"model__colsample_bylevel": 0.30244317765475076, "model__colsample_bynode": 0.3393348201825698, "model__colsample_bytree": 0.9481519401574334, "model__learning_rate": 0.29423842280116097, "model__max_depth": 3.972453196413878, "model__n_estimators": 25.66231781627347, "model__reg_lambda": 3.4746917527590093}, "datetime": {"datetime": "2021-03-24 19:45:39", "elapsed": 168.489072, "delta": 1.261405}}
{"target": -0.4504573306028286, "params": {"model__colsample_bylevel": 0.6946125604977095, "model__colsample_bynode": 0.9867551973393203, "model__colsample_bytree": 0.9229736820764778, "model__learning_rate": 0.2745252799260921, "model__max_depth": 6.170295375014965, "model__n_estimators": 20.350690536105702, "model__reg_lambda": 9.639845344317774}, "datetime": {"datetime": "2021-03-24 19:45:40", "elapsed": 169.570069, "delta": 1.080997}}
{"target": -0.4491251772195371, "params": {"model__colsample_bylevel": 0.9849878177528852, "model__colsample_bynode": 0.964872010425545, "model__colsample_bytree": 0.33908349882055905, "model__learning_rate": 0.2966674646670463, "model__max_depth": 2.1585555573882544, "model__n_estimators": 18.707329164009177, "model__reg_lambda": 2.1919472608809567}, "datetime": {"datetime": "2021-03-24 19:45:42", "elapsed": 170.920414, "delta": 1.350345}}
{"target": -0.44894040178480576, "params": {"model__colsample_bylevel": 0.30199756921458176, "model__colsample_bynode": 0.9457970833870893, "model__colsample_bytree": 0.9999999893227732, "model__learning_rate": 0.2999999990602625, "model__max_depth": 7.999999989513148, "model__n_estimators": 24.307736713508113, "model__reg_lambda": 6.701307188043615}, "datetime": {"datetime": "2021-03-24 19:45:43", "elapsed": 172.140799, "delta": 1.220385}}
{"target": -0.4417295934362472, "params": {"model__colsample_bylevel": 0.3556373661911306, "model__colsample_bynode": 0.9235559470542507, "model__colsample_bytree": 0.9602845436580469, "model__learning_rate": 0.2559248681670739, "model__max_depth": 3.207438067295391, "model__n_estimators": 15.033669452368438, "model__reg_lambda": 0.08861817575542497}, "datetime": {"datetime": "2021-03-24 19:45:44", "elapsed": 173.480063, "delta": 1.339264}}
{"target": -0.4605763197714544, "params": {"model__colsample_bylevel": 0.38503994976093703, "model__colsample_bynode": 0.8343628776498895, "model__colsample_bytree": 0.8915102947336573, "model__learning_rate": 0.280101838794262, "model__max_depth": 4.1925227740218665, "model__n_estimators": 20.146089816577398, "model__reg_lambda": 0.9362509005325204}, "datetime": {"datetime": "2021-03-24 19:45:45", "elapsed": 174.753954, "delta": 1.273891}}
{"target": -0.4512733718609788, "params": {"model__colsample_bylevel": 0.9637076821191546, "model__colsample_bynode": 0.9565583408262002, "model__colsample_bytree": 0.8550270036650394, "model__learning_rate": 0.27207203920601064, "model__max_depth": 7.630405930954246, "model__n_estimators": 21.309067110788153, "model__reg_lambda": 3.1258255360589935}, "datetime": {"datetime": "2021-03-24 19:45:47", "elapsed": 176.128469, "delta": 1.374515}}
{"target": -0.46103927218287744, "params": {"model__colsample_bylevel": 0.6000642771964491, "model__colsample_bynode": 0.381695334933421, "model__colsample_bytree": 0.9007247718437705, "model__learning_rate": 0.1029385294552691, "model__max_depth": 6.129742120869898, "model__n_estimators": 22.71190700606263, "model__reg_lambda": 2.895886294723733}, "datetime": {"datetime": "2021-03-24 19:45:48", "elapsed": 177.210602, "delta": 1.082133}}
{"target": -0.44991067170394927, "params": {"model__colsample_bylevel": 0.413203881336407, "model__colsample_bynode": 0.3299438448386395, "model__colsample_bytree": 0.7456182167058415, "model__learning_rate": 0.2969145040402438, "model__max_depth": 4.236924351608575, "model__n_estimators": 17.509397601292243, "model__reg_lambda": 9.931901412732634}, "datetime": {"datetime": "2021-03-24 19:45:49", "elapsed": 178.474335, "delta": 1.263733}}
{"target": -0.46783633948965136, "params": {"model__colsample_bylevel": 0.3, "model__colsample_bynode": 0.9596208285563432, "model__colsample_bytree": 0.3, "model__learning_rate": 0.3, "model__max_depth": 7.999999963808112, "model__n_estimators": 21.6810045530428, "model__reg_lambda": 6.261590245451931}, "datetime": {"datetime": "2021-03-24 19:45:50", "elapsed": 179.779517, "delta": 1.305182}}
{"target": -0.4373277432345987, "params": {"model__colsample_bylevel": 0.9160033095612243, "model__colsample_bynode": 0.9721441216942859, "model__colsample_bytree": 0.9585388606971079, "model__learning_rate": 0.271060457685247, "model__max_depth": 2.1611383456077204, "model__n_estimators": 27.416522387993343, "model__reg_lambda": 2.466742040074469}, "datetime": {"datetime": "2021-03-24 19:45:52", "elapsed": 181.128819, "delta": 1.349302}}
{"target": -0.4425025294433631, "params": {"model__colsample_bylevel": 0.9827382704702461, "model__colsample_bynode": 0.9963978552289599, "model__colsample_bytree": 0.8889310020548049, "model__learning_rate": 0.2823662565502015, "model__max_depth": 3.3302576756785425, "model__n_estimators": 27.666020200777474, "model__reg_lambda": 7.406946638275505}, "datetime": {"datetime": "2021-03-24 19:45:53", "elapsed": 182.417364, "delta": 1.288545}}
{"target": -0.4330805044972162, "params": {"model__colsample_bylevel": 0.3349033061386099, "model__colsample_bynode": 0.3435157095948273, "model__colsample_bytree": 0.917527332172501, "model__learning_rate": 0.28586900395146514, "model__max_depth": 5.452646535945302, "model__n_estimators": 27.957838327182962, "model__reg_lambda": 8.138590312940815}, "datetime": {"datetime": "2021-03-24 19:45:54", "elapsed": 183.786475, "delta": 1.369111}}
{"target": -0.4404318843536295, "params": {"model__colsample_bylevel": 0.3311511948033743, "model__colsample_bynode": 0.5607975410731441, "model__colsample_bytree": 0.815715684551559, "model__learning_rate": 0.27759246706092544, "model__max_depth": 4.421576777482755, "model__n_estimators": 21.484801586716507, "model__reg_lambda": 6.338031996708588}, "datetime": {"datetime": "2021-03-24 19:45:56", "elapsed": 185.11066, "delta": 1.324185}}
{"target": -0.4316761139253883, "params": {"model__colsample_bylevel": 0.8711373014523067, "model__colsample_bynode": 0.32070147453980075, "model__colsample_bytree": 0.46744751288982744, "model__learning_rate": 0.2907072923975318, "model__max_depth": 2.0669216139406767, "model__n_estimators": 26.605276117318503, "model__reg_lambda": 1.3950694756109827}, "datetime": {"datetime": "2021-03-24 19:45:57", "elapsed": 186.512652, "delta": 1.401992}}
{"target": -0.43318909588134913, "params": {"model__colsample_bylevel": 0.3070932605528333, "model__colsample_bynode": 0.9154568266760661, "model__colsample_bytree": 0.9034031815022485, "model__learning_rate": 0.27583198408216203, "model__max_depth": 4.63769166190555, "model__n_estimators": 26.716760621923243, "model__reg_lambda": 9.468187162193347}, "datetime": {"datetime": "2021-03-24 19:45:58", "elapsed": 187.795873, "delta": 1.283221}}
{"target": -0.43139861610218666, "params": {"model__colsample_bylevel": 0.4672043342090471, "model__colsample_bynode": 0.49614926350221655, "model__colsample_bytree": 0.9630042855841392, "model__learning_rate": 0.29484696864330784, "model__max_depth": 5.821242984090075, "model__n_estimators": 18.596999483847792, "model__reg_lambda": 6.406834527652024}, "datetime": {"datetime": "2021-03-24 19:46:00", "elapsed": 189.058731, "delta": 1.262858}}
{"target": -0.46408990713416765, "params": {"model__colsample_bylevel": 0.6290173745443403, "model__colsample_bynode": 0.3010648521106633, "model__colsample_bytree": 0.32168860289090445, "model__learning_rate": 0.3, "model__max_depth": 7.871590652459951, "model__n_estimators": 25.930671333060182, "model__reg_lambda": 7.253061611102547}, "datetime": {"datetime": "2021-03-24 19:46:01", "elapsed": 190.529291, "delta": 1.47056}}
{"target": -0.44764965615653685, "params": {"model__colsample_bylevel": 0.3576252698841381, "model__colsample_bynode": 0.9805322836624706, "model__colsample_bytree": 0.93698409629119, "model__learning_rate": 0.11105038676761579, "model__max_depth": 7.147046378833341, "model__n_estimators": 21.28010343099296, "model__reg_lambda": 0.5772423570746255}, "datetime": {"datetime": "2021-03-24 19:46:02", "elapsed": 191.763254, "delta": 1.233963}}
{"target": -0.43572767915312144, "params": {"model__colsample_bylevel": 0.3, "model__colsample_bynode": 1.0, "model__colsample_bytree": 1.0, "model__learning_rate": 0.3, "model__max_depth": 2.0, "model__n_estimators": 30.0, "model__reg_lambda": 10.0}, "datetime": {"datetime": "2021-03-24 19:46:04", "elapsed": 193.114746, "delta": 1.351492}}
{"target": -0.4361185241315136, "params": {"model__colsample_bylevel": 0.4240989194397101, "model__colsample_bynode": 0.321612867301152, "model__colsample_bytree": 0.8530532657260999, "model__learning_rate": 0.2725828330076728, "model__max_depth": 7.9415802881117195, "model__n_estimators": 19.619018506987167, "model__reg_lambda": 9.69019603041393}, "datetime": {"datetime": "2021-03-24 19:46:05", "elapsed": 194.400053, "delta": 1.285307}}
{"target": -0.4372412291773851, "params": {"model__colsample_bylevel": 0.9152804158843468, "model__colsample_bynode": 0.831677849396143, "model__colsample_bytree": 0.7581053125279538, "model__learning_rate": 0.2830951038320967, "model__max_depth": 7.1222793825116275, "model__n_estimators": 23.82282112910812, "model__reg_lambda": 6.597846070935562}, "datetime": {"datetime": "2021-03-24 19:46:06", "elapsed": 195.665809, "delta": 1.265756}}
{"target": -0.4493568038507162, "params": {"model__colsample_bylevel": 0.3337599439022885, "model__colsample_bynode": 0.7101305637405576, "model__colsample_bytree": 0.7797086147943216, "model__learning_rate": 0.2977306356203241, "model__max_depth": 3.5086430857530684, "model__n_estimators": 23.776799800877402, "model__reg_lambda": 8.281389204873387}, "datetime": {"datetime": "2021-03-24 19:46:07", "elapsed": 196.765521, "delta": 1.099712}}
{"target": -0.432249089738732, "params": {"model__colsample_bylevel": 0.408064844178077, "model__colsample_bynode": 0.8287975471612514, "model__colsample_bytree": 0.819198505552966, "model__learning_rate": 0.28842084927854417, "model__max_depth": 5.667459076424869, "model__n_estimators": 20.026089714857257, "model__reg_lambda": 5.5790691510370936}, "datetime": {"datetime": "2021-03-24 19:46:09", "elapsed": 198.012452, "delta": 1.246931}}
{"target": -0.44260252497793323, "params": {"model__colsample_bylevel": 0.9530897642449747, "model__colsample_bynode": 0.9134621523245121, "model__colsample_bytree": 0.9544087916162491, "model__learning_rate": 0.22734435001811928, "model__max_depth": 2.07358670682576, "model__n_estimators": 21.963482359979587, "model__reg_lambda": 2.33232613448213}, "datetime": {"datetime": "2021-03-24 19:46:10", "elapsed": 199.382534, "delta": 1.370082}}
{"target": -0.4430307573429646, "params": {"model__colsample_bylevel": 0.9343993126075283, "model__colsample_bynode": 0.3140895821434658, "model__colsample_bytree": 0.9965327924709744, "model__learning_rate": 0.28739164844731147, "model__max_depth": 7.6008307692051975, "model__n_estimators": 25.488964844539666, "model__reg_lambda": 3.3331577801122227}, "datetime": {"datetime": "2021-03-24 19:46:11", "elapsed": 200.814532, "delta": 1.431998}}
