{"target": -0.37262300735852427, "params": {"model__colsample_bylevel": 1.0, "model__colsample_bynode": 1.0, "model__colsample_bytree": 0.3, "model__learning_rate": 0.3, "model__max_depth": 5.261726035473691, "model__n_estimators": 15.0, "model__reg_lambda": 10.0}, "datetime": {"datetime": "2021-03-24 12:07:36", "elapsed": 190.441262, "delta": 1.305252}}
{"target": -0.36845969251842925, "params": {"model__colsample_bylevel": 1.0, "model__colsample_bynode": 0.3, "model__colsample_bytree": 1.0, "model__learning_rate": 0.3, "model__max_depth": 6.625710361134774, "model__n_estimators": 15.662794619479621, "model__reg_lambda": 10.0}, "datetime": {"datetime": "2021-03-24 12:07:37", "elapsed": 191.781002, "delta": 1.33974}}
{"target": -0.3147450055468125, "params": {"model__colsample_bylevel": 0.9878066370286007, "model__colsample_bynode": 0.3028753865048033, "model__colsample_bytree": 0.5716963211137747, "model__learning_rate": 0.2872175077318845, "model__max_depth": 6.864721057347701, "model__n_estimators": 25.027133936419574, "model__reg_lambda": 1.5057655562676964}, "datetime": {"datetime": "2021-03-24 12:07:38", "elapsed": 193.116307, "delta": 1.335305}}
{"target": -0.3473461905885758, "params": {"model__colsample_bylevel": 0.845915117129552, "model__colsample_bynode": 0.9859692858855531, "model__colsample_bytree": 0.42384387013191815, "model__learning_rate": 0.27843318353289603, "model__max_depth": 4.116002154559398, "model__n_estimators": 24.07813814901146, "model__reg_lambda": 9.718360531328718}, "datetime": {"datetime": "2021-03-24 12:07:40", "elapsed": 194.648124, "delta": 1.531817}}
{"target": -0.32585267989923233, "params": {"model__colsample_bylevel": 0.9537976524955375, "model__colsample_bynode": 1.0, "model__colsample_bytree": 0.3, "model__learning_rate": 0.3, "model__max_depth": 6.270572334913752, "model__n_estimators": 17.862681144878383, "model__reg_lambda": 0.004839411892433213}, "datetime": {"datetime": "2021-03-24 12:07:41", "elapsed": 195.936266, "delta": 1.288142}}
{"target": -0.3473376068246105, "params": {"model__colsample_bylevel": 0.8364431105088181, "model__colsample_bynode": 0.9018595986815301, "model__colsample_bytree": 0.30432611985125924, "model__learning_rate": 0.20846457568658, "model__max_depth": 2.0813956947337875, "model__n_estimators": 24.764644747343873, "model__reg_lambda": 0.47801243328493226}, "datetime": {"datetime": "2021-03-24 12:07:42", "elapsed": 197.290876, "delta": 1.35461}}
{"target": -0.3205512303995657, "params": {"model__colsample_bylevel": 0.9900582066654349, "model__colsample_bynode": 0.9742776773677062, "model__colsample_bytree": 0.9102361158998684, "model__learning_rate": 0.26939194384445897, "model__max_depth": 2.4093109614114034, "model__n_estimators": 21.771033657395314, "model__reg_lambda": 0.13665870782828105}, "datetime": {"datetime": "2021-03-24 12:07:44", "elapsed": 198.664729, "delta": 1.373853}}
{"target": -0.33458939522565545, "params": {"model__colsample_bylevel": 0.37518966946127197, "model__colsample_bynode": 0.9499573691878944, "model__colsample_bytree": 0.9437139538909882, "model__learning_rate": 0.29088827977417575, "model__max_depth": 3.521131768205743, "model__n_estimators": 29.0938698341143, "model__reg_lambda": 5.769554686264594}, "datetime": {"datetime": "2021-03-24 12:07:45", "elapsed": 200.049272, "delta": 1.384543}}
{"target": -0.3138989600102397, "params": {"model__colsample_bylevel": 0.9078836682984723, "model__colsample_bynode": 0.9723290886576126, "model__colsample_bytree": 0.9907167660325542, "model__learning_rate": 0.28822855409149484, "model__max_depth": 2.012036876477471, "model__n_estimators": 28.250493422073053, "model__reg_lambda": 1.1318776027877209}, "datetime": {"datetime": "2021-03-24 12:07:47", "elapsed": 201.694185, "delta": 1.644913}}
{"target": -0.29155988973950075, "params": {"model__colsample_bylevel": 0.8599874690476128, "model__colsample_bynode": 0.6465296289266445, "model__colsample_bytree": 0.30645947601211593, "model__learning_rate": 0.22296848266698593, "model__max_depth": 5.834123908077647, "model__n_estimators": 29.89666240531252, "model__reg_lambda": 1.1868458847051089}, "datetime": {"datetime": "2021-03-24 12:07:48", "elapsed": 203.107, "delta": 1.412815}}
{"target": -0.3435911764684335, "params": {"model__colsample_bylevel": 0.46343988950258785, "model__colsample_bynode": 0.6631196031301125, "model__colsample_bytree": 0.31657312452414715, "model__learning_rate": 0.2984125059000699, "model__max_depth": 2.63930143453349, "model__n_estimators": 28.339566534487766, "model__reg_lambda": 4.872969900111901}, "datetime": {"datetime": "2021-03-24 12:07:50", "elapsed": 204.428077, "delta": 1.321077}}
{"target": -0.34523083117142644, "params": {"model__colsample_bylevel": 0.30000000419741696, "model__colsample_bynode": 1.0, "model__colsample_bytree": 0.30000000419741696, "model__learning_rate": 0.3, "model__max_depth": 5.68270256955338, "model__n_estimators": 23.56155879021735, "model__reg_lambda": 9.761148060505892}, "datetime": {"datetime": "2021-03-24 12:07:51", "elapsed": 205.738164, "delta": 1.310087}}
{"target": -0.3730365547344791, "params": {"model__colsample_bylevel": 0.31964814247732176, "model__colsample_bynode": 0.6528297246373402, "model__colsample_bytree": 0.3189423803189521, "model__learning_rate": 0.27792951784084247, "model__max_depth": 7.86513979054985, "model__n_estimators": 15.885294624934213, "model__reg_lambda": 0.033354526466531365}, "datetime": {"datetime": "2021-03-24 12:07:52", "elapsed": 207.056553, "delta": 1.318389}}
{"target": -0.3478238303565244, "params": {"model__colsample_bylevel": 0.46639758747450544, "model__colsample_bynode": 0.30314778455250596, "model__colsample_bytree": 0.3023701768079503, "model__learning_rate": 0.19907262222088434, "model__max_depth": 6.816707400437949, "model__n_estimators": 29.960195955656943, "model__reg_lambda": 0.8149168729566525}, "datetime": {"datetime": "2021-03-24 12:07:53", "elapsed": 208.296575, "delta": 1.240022}}
{"target": -0.35166973218362296, "params": {"model__colsample_bylevel": 0.5377713799947744, "model__colsample_bynode": 1.0, "model__colsample_bytree": 0.3, "model__learning_rate": 0.3, "model__max_depth": 8.0, "model__n_estimators": 16.228648976385795, "model__reg_lambda": 2.013047404121148}, "datetime": {"datetime": "2021-03-24 12:07:55", "elapsed": 209.654202, "delta": 1.357627}}
{"target": -0.3402288337973743, "params": {"model__colsample_bylevel": 0.3000000049047264, "model__colsample_bynode": 1.0, "model__colsample_bytree": 0.3, "model__learning_rate": 0.3, "model__max_depth": 8.0, "model__n_estimators": 25.740294819323932, "model__reg_lambda": 8.205780834706015}, "datetime": {"datetime": "2021-03-24 12:07:56", "elapsed": 211.094129, "delta": 1.439927}}
{"target": -0.3685002623881767, "params": {"model__colsample_bylevel": 0.3, "model__colsample_bynode": 1.0, "model__colsample_bytree": 0.3, "model__learning_rate": 0.3, "model__max_depth": 4.327247547998808, "model__n_estimators": 17.909950074020202, "model__reg_lambda": 10.0}, "datetime": {"datetime": "2021-03-24 12:07:57", "elapsed": 212.361387, "delta": 1.267258}}
{"target": -0.37768301139383215, "params": {"model__colsample_bylevel": 0.3, "model__colsample_bynode": 0.3, "model__colsample_bytree": 1.0, "model__learning_rate": 0.3, "model__max_depth": 8.0, "model__n_estimators": 17.600686053738997, "model__reg_lambda": 10.0}, "datetime": {"datetime": "2021-03-24 12:07:59", "elapsed": 214.042591, "delta": 1.681204}}
{"target": -0.33193653050811783, "params": {"model__colsample_bylevel": 0.6354788955724197, "model__colsample_bynode": 1.0, "model__colsample_bytree": 1.0, "model__learning_rate": 0.3, "model__max_depth": 8.0, "model__n_estimators": 20.298853800947033, "model__reg_lambda": 0.37141213271337614}, "datetime": {"datetime": "2021-03-24 12:08:01", "elapsed": 216.084669, "delta": 2.042078}}
{"target": -0.3521429619748496, "params": {"model__colsample_bylevel": 0.9999999999999994, "model__colsample_bynode": 0.3, "model__colsample_bytree": 1.0, "model__learning_rate": 0.3, "model__max_depth": 2.0, "model__n_estimators": 19.49782951177586, "model__reg_lambda": 0.5533979966938359}, "datetime": {"datetime": "2021-03-24 12:08:02", "elapsed": 217.243742, "delta": 1.159073}}
{"target": -0.42432197598416527, "params": {"model__colsample_bylevel": 0.3, "model__colsample_bynode": 0.3, "model__colsample_bytree": 1.0, "model__learning_rate": 0.3, "model__max_depth": 2.0, "model__n_estimators": 15.0, "model__reg_lambda": 10.0}, "datetime": {"datetime": "2021-03-24 12:08:04", "elapsed": 218.563691, "delta": 1.319949}}
{"target": -0.3027993098363631, "params": {"model__colsample_bylevel": 0.8281701237640495, "model__colsample_bynode": 0.9593475441702097, "model__colsample_bytree": 0.35188174269695227, "model__learning_rate": 0.2676413584836263, "model__max_depth": 4.339375836465873, "model__n_estimators": 29.92259191639732, "model__reg_lambda": 1.3636550284253723}, "datetime": {"datetime": "2021-03-24 12:08:05", "elapsed": 220.315933, "delta": 1.752242}}
{"target": -0.34645438427510467, "params": {"model__colsample_bylevel": 0.7654191041033328, "model__colsample_bynode": 0.40153215738729875, "model__colsample_bytree": 0.9972709528307573, "model__learning_rate": 0.2563147495387922, "model__max_depth": 7.8705591019052985, "model__n_estimators": 29.387894744783782, "model__reg_lambda": 7.041895070141217}, "datetime": {"datetime": "2021-03-24 12:08:07", "elapsed": 221.857467, "delta": 1.541534}}
{"target": -0.327945845606197, "params": {"model__colsample_bylevel": 0.911131965960529, "model__colsample_bynode": 0.9859895406451713, "model__colsample_bytree": 0.3489834163904164, "model__learning_rate": 0.2708886192898552, "model__max_depth": 5.7409728024264055, "model__n_estimators": 28.59694043390225, "model__reg_lambda": 0.24069001501006104}, "datetime": {"datetime": "2021-03-24 12:08:09", "elapsed": 223.463074, "delta": 1.605607}}
{"target": -0.3725761934574963, "params": {"model__colsample_bylevel": 0.3, "model__colsample_bynode": 1.0, "model__colsample_bytree": 0.3, "model__learning_rate": 0.3, "model__max_depth": 2.0, "model__n_estimators": 23.618348773904184, "model__reg_lambda": 10.0}, "datetime": {"datetime": "2021-03-24 12:08:10", "elapsed": 225.008943, "delta": 1.545869}}
{"target": -0.3612838342828014, "params": {"model__colsample_bylevel": 0.9200312638121444, "model__colsample_bynode": 0.4058005429057394, "model__colsample_bytree": 0.9258349167762521, "model__learning_rate": 0.29484283895811403, "model__max_depth": 2.102075121995942, "model__n_estimators": 26.88102109735008, "model__reg_lambda": 3.5256012773639567}, "datetime": {"datetime": "2021-03-24 12:08:12", "elapsed": 226.910139, "delta": 1.901196}}
{"target": -0.32813061918739395, "params": {"model__colsample_bylevel": 0.3, "model__colsample_bynode": 1.0, "model__colsample_bytree": 1.0, "model__learning_rate": 0.3, "model__max_depth": 5.684394248940904, "model__n_estimators": 18.527222713561695, "model__reg_lambda": 3.7270210098803327}, "datetime": {"datetime": "2021-03-24 12:08:13", "elapsed": 228.264518, "delta": 1.354379}}
{"target": -0.3449489452049433, "params": {"model__colsample_bylevel": 0.9999999997692526, "model__colsample_bynode": 0.4721449930450043, "model__colsample_bytree": 0.9999999934148727, "model__learning_rate": 0.3, "model__max_depth": 6.6171473818043385, "model__n_estimators": 17.481207218025023, "model__reg_lambda": 2.954394955508979}, "datetime": {"datetime": "2021-03-24 12:08:15", "elapsed": 230.000349, "delta": 1.735831}}
{"target": -0.32998814130492127, "params": {"model__colsample_bylevel": 0.896187770655926, "model__colsample_bynode": 0.9534892898611531, "model__colsample_bytree": 0.3069622013030055, "model__learning_rate": 0.2163983693335157, "model__max_depth": 7.850542761187839, "model__n_estimators": 19.76895871093496, "model__reg_lambda": 0.06606581817435675}, "datetime": {"datetime": "2021-03-24 12:08:17", "elapsed": 231.547776, "delta": 1.547427}}
{"target": -0.29461119422154247, "params": {"model__colsample_bylevel": 0.8973963115170926, "model__colsample_bynode": 0.8936667573700618, "model__colsample_bytree": 0.39673968275458793, "model__learning_rate": 0.297737497477904, "model__max_depth": 2.085406505897779, "model__n_estimators": 29.66700636123565, "model__reg_lambda": 0.5698451721180542}, "datetime": {"datetime": "2021-03-24 12:08:18", "elapsed": 233.363104, "delta": 1.815328}}
{"target": -0.3282054569280329, "params": {"model__colsample_bylevel": 0.9857423981706781, "model__colsample_bynode": 0.857097671819393, "model__colsample_bytree": 0.37869048317546483, "model__learning_rate": 0.29364259061222986, "model__max_depth": 5.49068503793993, "model__n_estimators": 29.73222439859565, "model__reg_lambda": 3.008477694617109}, "datetime": {"datetime": "2021-03-24 12:08:20", "elapsed": 234.882946, "delta": 1.519842}}
{"target": -0.31372952888090416, "params": {"model__colsample_bylevel": 0.9212239455130271, "model__colsample_bynode": 0.9310966887536967, "model__colsample_bytree": 0.5212843086021386, "model__learning_rate": 0.29814214104209, "model__max_depth": 4.129380788595142, "model__n_estimators": 26.416075728952627, "model__reg_lambda": 0.6494555605556207}, "datetime": {"datetime": "2021-03-24 12:08:22", "elapsed": 236.684239, "delta": 1.801293}}
{"target": -0.37574861590966474, "params": {"model__colsample_bylevel": 0.35193209647618307, "model__colsample_bynode": 0.3201350797971057, "model__colsample_bytree": 0.9035148679469658, "model__learning_rate": 0.2987601919935666, "model__max_depth": 7.948642994406337, "model__n_estimators": 19.202876625079075, "model__reg_lambda": 4.916005922212029}, "datetime": {"datetime": "2021-03-24 12:08:23", "elapsed": 238.256116, "delta": 1.571877}}
{"target": -0.3223023605411467, "params": {"model__colsample_bylevel": 0.4100836010549627, "model__colsample_bynode": 0.9375551883738087, "model__colsample_bytree": 0.416628810753737, "model__learning_rate": 0.24387744603176556, "model__max_depth": 7.7577178529413615, "model__n_estimators": 25.070609867312314, "model__reg_lambda": 1.9465313888205449}, "datetime": {"datetime": "2021-03-24 12:08:25", "elapsed": 239.967973, "delta": 1.711857}}
{"target": -0.3573574145020836, "params": {"model__colsample_bylevel": 1.0, "model__colsample_bynode": 1.0, "model__colsample_bytree": 1.0, "model__learning_rate": 0.3, "model__max_depth": 5.074103135271777, "model__n_estimators": 17.416688761580527, "model__reg_lambda": 5.423541067767907}, "datetime": {"datetime": "2021-03-24 12:08:27", "elapsed": 242.03931, "delta": 2.071337}}
{"target": -0.3268678921851856, "params": {"model__colsample_bylevel": 0.528615206163441, "model__colsample_bynode": 0.9938617917435348, "model__colsample_bytree": 0.44686473659947984, "model__learning_rate": 0.2615426512571781, "model__max_depth": 6.117389842909393, "model__n_estimators": 21.866710533786243, "model__reg_lambda": 4.037997754346772}, "datetime": {"datetime": "2021-03-24 12:08:29", "elapsed": 243.526372, "delta": 1.487062}}
{"target": -0.32509137030852875, "params": {"model__colsample_bylevel": 1.0, "model__colsample_bynode": 1.0, "model__colsample_bytree": 0.3, "model__learning_rate": 0.3, "model__max_depth": 4.362278332510546, "model__n_estimators": 16.11744014111728, "model__reg_lambda": 2.63863830100274}, "datetime": {"datetime": "2021-03-24 12:08:30", "elapsed": 244.836569, "delta": 1.310197}}
{"target": -0.3986839875470901, "params": {"model__colsample_bylevel": 0.3, "model__colsample_bynode": 1.0, "model__colsample_bytree": 0.3163766385144628, "model__learning_rate": 0.3, "model__max_depth": 2.0000107993538587, "model__n_estimators": 21.327393479356868, "model__reg_lambda": 5.6720572960195375}, "datetime": {"datetime": "2021-03-24 12:08:32", "elapsed": 246.371992, "delta": 1.535423}}
{"target": -0.4244755789421607, "params": {"model__colsample_bylevel": 1.0, "model__colsample_bynode": 0.3, "model__colsample_bytree": 0.3, "model__learning_rate": 0.1, "model__max_depth": 8.0, "model__n_estimators": 30.0, "model__reg_lambda": 8.158112371169116}, "datetime": {"datetime": "2021-03-24 12:08:33", "elapsed": 248.169925, "delta": 1.797933}}
{"target": -0.3413448797673851, "params": {"model__colsample_bylevel": 0.7351485437085017, "model__colsample_bynode": 0.776964068447767, "model__colsample_bytree": 0.3047801820509247, "model__learning_rate": 0.10651127135490877, "model__max_depth": 5.868516291440811, "model__n_estimators": 29.76513618911594, "model__reg_lambda": 0.8824357467352151}, "datetime": {"datetime": "2021-03-24 12:08:35", "elapsed": 250.048726, "delta": 1.878801}}
{"target": -0.33956131419754054, "params": {"model__colsample_bylevel": 0.8025489292762262, "model__colsample_bynode": 0.3114128475497524, "model__colsample_bytree": 0.3483566052942282, "model__learning_rate": 0.28488697433728616, "model__max_depth": 5.360083133824162, "model__n_estimators": 28.879309233735096, "model__reg_lambda": 1.4084998250735759}, "datetime": {"datetime": "2021-03-24 12:08:37", "elapsed": 251.662565, "delta": 1.613839}}
{"target": -0.3360959443035097, "params": {"model__colsample_bylevel": 0.915780027081674, "model__colsample_bynode": 0.31932874351267093, "model__colsample_bytree": 0.3234230508353575, "model__learning_rate": 0.29615746804836374, "model__max_depth": 6.902905486871488, "model__n_estimators": 29.3942385550151, "model__reg_lambda": 0.0624435413542801}, "datetime": {"datetime": "2021-03-24 12:08:38", "elapsed": 253.269983, "delta": 1.607418}}
{"target": -0.3514364222375055, "params": {"model__colsample_bylevel": 0.3, "model__colsample_bynode": 1.0, "model__colsample_bytree": 1.0, "model__learning_rate": 0.3, "model__max_depth": 4.078804827002333, "model__n_estimators": 20.061144739925158, "model__reg_lambda": 9.985626374209646}, "datetime": {"datetime": "2021-03-24 12:08:40", "elapsed": 255.053843, "delta": 1.78386}}
