{"target": -0.31552393864030426, "params": {"model__colsample_bylevel": 0.6125923531656257, "model__colsample_bynode": 0.9735800840894069, "model__colsample_bytree": 0.3269224541202428, "model__learning_rate": 0.2971447737404329, "model__max_depth": 6.897123244308724, "model__n_estimators": 26.364291050236396, "model__reg_lambda": 5.597741260667391}, "datetime": {"datetime": "2021-03-24 12:05:21", "elapsed": 55.431643, "delta": 1.17053}}
{"target": -0.3362550429513921, "params": {"model__colsample_bylevel": 0.9404767588028542, "model__colsample_bynode": 0.9210517254462871, "model__colsample_bytree": 0.4195190160035217, "model__learning_rate": 0.28363627295994603, "model__max_depth": 7.9405397437664105, "model__n_estimators": 21.03209721736565, "model__reg_lambda": 5.720068002000631}, "datetime": {"datetime": "2021-03-24 12:05:22", "elapsed": 56.900705, "delta": 1.469062}}
{"target": -0.36050799105559356, "params": {"model__colsample_bylevel": 1.0, "model__colsample_bynode": 1.0, "model__colsample_bytree": 1.0, "model__learning_rate": 0.3, "model__max_depth": 4.215261675725095, "model__n_estimators": 20.7611737953879, "model__reg_lambda": 2.6081037109313745}, "datetime": {"datetime": "2021-03-24 12:05:23", "elapsed": 58.07204, "delta": 1.171335}}
{"target": -0.38151958374293066, "params": {"model__colsample_bylevel": 0.3, "model__colsample_bynode": 1.0, "model__colsample_bytree": 1.0, "model__learning_rate": 0.3, "model__max_depth": 4.836038020307677, "model__n_estimators": 15.0, "model__reg_lambda": 10.0}, "datetime": {"datetime": "2021-03-24 12:05:24", "elapsed": 59.116984, "delta": 1.044944}}
{"target": -0.37370819109019593, "params": {"model__colsample_bylevel": 0.977958480685176, "model__colsample_bynode": 0.9961891229323372, "model__colsample_bytree": 0.4457972157070806, "model__learning_rate": 0.27909006406921955, "model__max_depth": 2.075330398154004, "model__n_estimators": 22.553708528364268, "model__reg_lambda": 8.565274048164634}, "datetime": {"datetime": "2021-03-24 12:05:25", "elapsed": 60.320092, "delta": 1.203108}}
{"target": -0.30829342981830804, "params": {"model__colsample_bylevel": 0.9217223176265603, "model__colsample_bynode": 0.35064622063549555, "model__colsample_bytree": 0.5082652893069598, "model__learning_rate": 0.29538722035146675, "model__max_depth": 7.96559394240724, "model__n_estimators": 20.30490317057003, "model__reg_lambda": 1.443670999362262}, "datetime": {"datetime": "2021-03-24 12:05:26", "elapsed": 61.274055, "delta": 0.953963}}
{"target": -0.34370944469836473, "params": {"model__colsample_bylevel": 1.0, "model__colsample_bynode": 0.3, "model__colsample_bytree": 0.3, "model__learning_rate": 0.3, "model__max_depth": 5.4185621834299385, "model__n_estimators": 19.557982040595405, "model__reg_lambda": 2.8755095794121837}, "datetime": {"datetime": "2021-03-24 12:05:27", "elapsed": 62.311962, "delta": 1.037907}}
{"target": -0.36223700078460724, "params": {"model__colsample_bylevel": 1.0, "model__colsample_bynode": 1.0, "model__colsample_bytree": 1.0, "model__learning_rate": 0.3, "model__max_depth": 6.92330170106395, "model__n_estimators": 29.651990135971662, "model__reg_lambda": 9.740851783362293}, "datetime": {"datetime": "2021-03-24 12:05:29", "elapsed": 63.849669, "delta": 1.537707}}
{"target": -0.34759641308539907, "params": {"model__colsample_bylevel": 0.45684070925598413, "model__colsample_bynode": 0.5688908412695988, "model__colsample_bytree": 0.45566197671265773, "model__learning_rate": 0.298803966675087, "model__max_depth": 7.859973812840132, "model__n_estimators": 20.255337067021486, "model__reg_lambda": 3.27266985776558}, "datetime": {"datetime": "2021-03-24 12:05:30", "elapsed": 64.934936, "delta": 1.085267}}
{"target": -0.33882193454537896, "params": {"model__colsample_bylevel": 0.9100282247190461, "model__colsample_bynode": 0.799665494909264, "model__colsample_bytree": 0.6286445653480865, "model__learning_rate": 0.272470420332897, "model__max_depth": 7.999323107992822, "model__n_estimators": 18.160385349984914, "model__reg_lambda": 0.3801144204564755}, "datetime": {"datetime": "2021-03-24 12:05:31", "elapsed": 66.269379, "delta": 1.334443}}
{"target": -0.3373250092383123, "params": {"model__colsample_bylevel": 0.3202533541611505, "model__colsample_bynode": 0.9962669842785743, "model__colsample_bytree": 0.3592586854585959, "model__learning_rate": 0.2736959421477768, "model__max_depth": 3.2976891738187666, "model__n_estimators": 28.72412784669655, "model__reg_lambda": 0.28935777691744824}, "datetime": {"datetime": "2021-03-24 12:05:32", "elapsed": 67.34308, "delta": 1.073701}}
{"target": -0.39487929146169964, "params": {"model__colsample_bylevel": 0.8626293545323942, "model__colsample_bynode": 0.8758139337184332, "model__colsample_bytree": 0.9207506426094503, "model__learning_rate": 0.21347432685161627, "model__max_depth": 7.880687999789361, "model__n_estimators": 19.72750880708414, "model__reg_lambda": 9.94056654344391}, "datetime": {"datetime": "2021-03-24 12:05:34", "elapsed": 68.80269, "delta": 1.45961}}
{"target": -0.31552925409548377, "params": {"model__colsample_bylevel": 0.9981114925359149, "model__colsample_bynode": 0.9723149237954547, "model__colsample_bytree": 0.30805175252657657, "model__learning_rate": 0.2987909378005789, "model__max_depth": 4.852195054440794, "model__n_estimators": 28.19284707047421, "model__reg_lambda": 3.4838765746368647}, "datetime": {"datetime": "2021-03-24 12:05:35", "elapsed": 69.8398, "delta": 1.03711}}
{"target": -0.36770069824710516, "params": {"model__colsample_bylevel": 0.9999999621540595, "model__colsample_bynode": 0.999999996762912, "model__colsample_bytree": 1.0, "model__learning_rate": 0.3, "model__max_depth": 3.4632304790729105, "model__n_estimators": 25.376450079618824, "model__reg_lambda": 2.161758049799019}, "datetime": {"datetime": "2021-03-24 12:05:36", "elapsed": 71.33747, "delta": 1.49767}}
{"target": -0.33854188813584984, "params": {"model__colsample_bylevel": 0.7801513841724628, "model__colsample_bynode": 0.5279241993055468, "model__colsample_bytree": 0.30852124687662646, "model__learning_rate": 0.2713912734837161, "model__max_depth": 3.616404399376135, "model__n_estimators": 29.967624648357134, "model__reg_lambda": 7.203613479864515}, "datetime": {"datetime": "2021-03-24 12:05:38", "elapsed": 72.558076, "delta": 1.220606}}
{"target": -0.37259198454600095, "params": {"model__colsample_bylevel": 0.3, "model__colsample_bynode": 0.3, "model__colsample_bytree": 1.0, "model__learning_rate": 0.3, "model__max_depth": 8.0, "model__n_estimators": 15.0, "model__reg_lambda": 4.511438388474426}, "datetime": {"datetime": "2021-03-24 12:05:39", "elapsed": 74.025035, "delta": 1.466959}}
{"target": -0.35456544625559366, "params": {"model__colsample_bylevel": 1.0, "model__colsample_bynode": 1.0, "model__colsample_bytree": 0.3, "model__learning_rate": 0.3, "model__max_depth": 5.368026932096288, "model__n_estimators": 15.0, "model__reg_lambda": 6.370161666900461}, "datetime": {"datetime": "2021-03-24 12:05:40", "elapsed": 75.275947, "delta": 1.250912}}
{"target": -0.32839695324689366, "params": {"model__colsample_bylevel": 0.33503711286102716, "model__colsample_bynode": 1.0, "model__colsample_bytree": 0.3, "model__learning_rate": 0.3, "model__max_depth": 7.999999985501457, "model__n_estimators": 28.476753156378184, "model__reg_lambda": 7.414197419718696}, "datetime": {"datetime": "2021-03-24 12:05:42", "elapsed": 76.48648, "delta": 1.210533}}
{"target": -0.388275353327407, "params": {"model__colsample_bylevel": 1.0, "model__colsample_bynode": 0.3, "model__colsample_bytree": 0.3, "model__learning_rate": 0.3, "model__max_depth": 2.139824113490766, "model__n_estimators": 17.62986456244412, "model__reg_lambda": 0.0}, "datetime": {"datetime": "2021-03-24 12:05:43", "elapsed": 77.575861, "delta": 1.089381}}
{"target": -0.3439739256935275, "params": {"model__colsample_bylevel": 0.9931724101430961, "model__colsample_bynode": 0.8543719971851593, "model__colsample_bytree": 0.36415640758441953, "model__learning_rate": 0.290165146467801, "model__max_depth": 3.997123498747835, "model__n_estimators": 21.017381201414377, "model__reg_lambda": 9.863964389221874}, "datetime": {"datetime": "2021-03-24 12:05:44", "elapsed": 78.667586, "delta": 1.091725}}
{"target": -0.31205282120162325, "params": {"model__colsample_bylevel": 0.9914782083719311, "model__colsample_bynode": 0.7362342200438023, "model__colsample_bytree": 0.3200789459358035, "model__learning_rate": 0.23743266315109318, "model__max_depth": 7.707039973867858, "model__n_estimators": 26.092680448215713, "model__reg_lambda": 2.1403017812198613}, "datetime": {"datetime": "2021-03-24 12:05:45", "elapsed": 79.767602, "delta": 1.100016}}
{"target": -0.32843318870189886, "params": {"model__colsample_bylevel": 0.310803208249714, "model__colsample_bynode": 0.9454919159089774, "model__colsample_bytree": 0.3253815338983004, "model__learning_rate": 0.1959450981999309, "model__max_depth": 7.813665979295343, "model__n_estimators": 29.69979642336328, "model__reg_lambda": 0.11246943524704678}, "datetime": {"datetime": "2021-03-24 12:05:46", "elapsed": 80.956137, "delta": 1.188535}}
{"target": -0.3612481083828902, "params": {"model__colsample_bylevel": 0.3900777603408475, "model__colsample_bynode": 0.3570571496671802, "model__colsample_bytree": 0.9041150055310017, "model__learning_rate": 0.22986631841154714, "model__max_depth": 3.5553504823278077, "model__n_estimators": 29.723978233441674, "model__reg_lambda": 9.810538861924927}, "datetime": {"datetime": "2021-03-24 12:05:47", "elapsed": 82.243501, "delta": 1.287364}}
{"target": -0.3554113787065759, "params": {"model__colsample_bylevel": 1.0, "model__colsample_bynode": 0.7924477433157933, "model__colsample_bytree": 0.9999999999934462, "model__learning_rate": 0.3, "model__max_depth": 6.58804863973411, "model__n_estimators": 19.636721931754305, "model__reg_lambda": 1.6912966009729562}, "datetime": {"datetime": "2021-03-24 12:05:49", "elapsed": 83.602339, "delta": 1.358838}}
{"target": -0.37132330937783464, "params": {"model__colsample_bylevel": 1.0, "model__colsample_bynode": 0.3, "model__colsample_bytree": 1.0, "model__learning_rate": 0.3, "model__max_depth": 2.0, "model__n_estimators": 15.0, "model__reg_lambda": 0.0}, "datetime": {"datetime": "2021-03-24 12:05:50", "elapsed": 84.951697, "delta": 1.349358}}
{"target": -0.36697527299840943, "params": {"model__colsample_bylevel": 0.6865800737436378, "model__colsample_bynode": 0.30842346819610594, "model__colsample_bytree": 0.3782666175936186, "model__learning_rate": 0.276157720109809, "model__max_depth": 7.787380164856499, "model__n_estimators": 21.75223504600109, "model__reg_lambda": 0.014314741018027766}, "datetime": {"datetime": "2021-03-24 12:05:51", "elapsed": 86.1276, "delta": 1.175903}}
{"target": -0.36195066685356414, "params": {"model__colsample_bylevel": 1.0, "model__colsample_bynode": 0.9999999972076027, "model__colsample_bytree": 1.0, "model__learning_rate": 0.3, "model__max_depth": 8.0, "model__n_estimators": 18.277352489408624, "model__reg_lambda": 5.649117953088519}, "datetime": {"datetime": "2021-03-24 12:05:53", "elapsed": 87.546204, "delta": 1.418604}}
{"target": -0.37603116317034657, "params": {"model__colsample_bylevel": 0.6853419440268022, "model__colsample_bynode": 0.4097024450477098, "model__colsample_bytree": 0.9648593114502984, "model__learning_rate": 0.2597128027370861, "model__max_depth": 4.559426573114739, "model__n_estimators": 23.582073182753366, "model__reg_lambda": 0.02317386835025248}, "datetime": {"datetime": "2021-03-24 12:05:54", "elapsed": 88.777725, "delta": 1.231521}}
{"target": -0.3417830743729069, "params": {"model__colsample_bylevel": 0.9721233057072249, "model__colsample_bynode": 0.5358250662024077, "model__colsample_bytree": 0.3273006869727322, "model__learning_rate": 0.24299930291822183, "model__max_depth": 5.340820092320156, "model__n_estimators": 23.527111707710294, "model__reg_lambda": 2.2504295011262387}, "datetime": {"datetime": "2021-03-24 12:05:55", "elapsed": 89.987706, "delta": 1.209981}}
{"target": -0.30846221227286574, "params": {"model__colsample_bylevel": 0.7391727147533836, "model__colsample_bynode": 0.9684822126870936, "model__colsample_bytree": 0.3295071436483578, "model__learning_rate": 0.2718333647516915, "model__max_depth": 6.509459062418179, "model__n_estimators": 28.80129119193433, "model__reg_lambda": 5.178884521099459}, "datetime": {"datetime": "2021-03-24 12:05:57", "elapsed": 91.521216, "delta": 1.53351}}
{"target": -0.31588384930788455, "params": {"model__colsample_bylevel": 0.9775191945484316, "model__colsample_bynode": 0.9695336660844949, "model__colsample_bytree": 0.5554781436471539, "model__learning_rate": 0.29816241283317974, "model__max_depth": 7.730912582003542, "model__n_estimators": 24.94391316267095, "model__reg_lambda": 1.0011539485737553}, "datetime": {"datetime": "2021-03-24 12:05:58", "elapsed": 92.838758, "delta": 1.317542}}
{"target": -0.33330355683861274, "params": {"model__colsample_bylevel": 0.9151800838440713, "model__colsample_bynode": 0.40442418949019265, "model__colsample_bytree": 0.35795065598451103, "model__learning_rate": 0.28270714098206084, "model__max_depth": 7.878295703299981, "model__n_estimators": 28.027762963807753, "model__reg_lambda": 0.3390809869005229}, "datetime": {"datetime": "2021-03-24 12:05:59", "elapsed": 93.934536, "delta": 1.095778}}
{"target": -0.3632821432105603, "params": {"model__colsample_bylevel": 0.9994840926218138, "model__colsample_bynode": 0.9786609275554594, "model__colsample_bytree": 0.3256992007222336, "model__learning_rate": 0.1308241292492503, "model__max_depth": 2.1404037029534217, "model__n_estimators": 27.28773308039954, "model__reg_lambda": 0.11361352443730155}, "datetime": {"datetime": "2021-03-24 12:06:00", "elapsed": 95.046855, "delta": 1.112319}}
{"target": -0.4001510723008086, "params": {"model__colsample_bylevel": 0.4097540399104987, "model__colsample_bynode": 0.40815459492145256, "model__colsample_bytree": 0.8196946960720863, "model__learning_rate": 0.29897530536246075, "model__max_depth": 2.224071093817188, "model__n_estimators": 22.904819249184612, "model__reg_lambda": 6.8921405004944924}, "datetime": {"datetime": "2021-03-24 12:06:01", "elapsed": 96.186056, "delta": 1.139201}}
{"target": -0.3484277627299256, "params": {"model__colsample_bylevel": 0.43745695505560545, "model__colsample_bynode": 0.9501891483492768, "model__colsample_bytree": 0.31113470812989413, "model__learning_rate": 0.29262903333316215, "model__max_depth": 7.950790148751721, "model__n_estimators": 25.963390508168274, "model__reg_lambda": 4.882531504991139}, "datetime": {"datetime": "2021-03-24 12:06:02", "elapsed": 97.341388, "delta": 1.155332}}
{"target": -0.3432183861967001, "params": {"model__colsample_bylevel": 0.9837441788799168, "model__colsample_bynode": 0.4662773219173936, "model__colsample_bytree": 0.3139706325038516, "model__learning_rate": 0.27131544002975444, "model__max_depth": 5.546513750506923, "model__n_estimators": 21.124020589430533, "model__reg_lambda": 0.039186624826513805}, "datetime": {"datetime": "2021-03-24 12:06:04", "elapsed": 98.458429, "delta": 1.117041}}
{"target": -0.3701902494880546, "params": {"model__colsample_bylevel": 1.0, "model__colsample_bynode": 1.0, "model__colsample_bytree": 1.0, "model__learning_rate": 0.3, "model__max_depth": 2.166014116400409, "model__n_estimators": 28.780094777920187, "model__reg_lambda": 10.0}, "datetime": {"datetime": "2021-03-24 12:06:05", "elapsed": 99.99592, "delta": 1.537491}}
{"target": -0.3430443506013008, "params": {"model__colsample_bylevel": 0.9715465003177779, "model__colsample_bynode": 0.33613042273191507, "model__colsample_bytree": 0.5092426860675405, "model__learning_rate": 0.298747725016882, "model__max_depth": 7.808663616211799, "model__n_estimators": 25.18262094273757, "model__reg_lambda": 9.97843807691854}, "datetime": {"datetime": "2021-03-24 12:06:07", "elapsed": 101.37659, "delta": 1.38067}}
{"target": -0.31155757258841904, "params": {"model__colsample_bylevel": 0.8658878473966916, "model__colsample_bynode": 0.8757455329571242, "model__colsample_bytree": 0.3068878704190163, "model__learning_rate": 0.28239604906002896, "model__max_depth": 7.885776800133509, "model__n_estimators": 27.778747068265005, "model__reg_lambda": 5.046668295992648}, "datetime": {"datetime": "2021-03-24 12:06:08", "elapsed": 102.601852, "delta": 1.225262}}
{"target": -0.3749343210824536, "params": {"model__colsample_bylevel": 1.0, "model__colsample_bynode": 1.0, "model__colsample_bytree": 0.3, "model__learning_rate": 0.3, "model__max_depth": 2.0, "model__n_estimators": 15.0, "model__reg_lambda": 0.7283009857148975}, "datetime": {"datetime": "2021-03-24 12:06:09", "elapsed": 103.915515, "delta": 1.313663}}
{"target": -0.3389526803680844, "params": {"model__colsample_bylevel": 0.3874790726182868, "model__colsample_bynode": 0.33895024974620513, "model__colsample_bytree": 0.5126284758149668, "model__learning_rate": 0.2690130603669969, "model__max_depth": 7.908740950525731, "model__n_estimators": 29.956344920249855, "model__reg_lambda": 0.964013697127637}, "datetime": {"datetime": "2021-03-24 12:06:10", "elapsed": 105.074727, "delta": 1.159212}}
{"target": -0.33392914244736394, "params": {"model__colsample_bylevel": 0.998293117684899, "model__colsample_bynode": 0.4449072534155474, "model__colsample_bytree": 0.3378915789232043, "model__learning_rate": 0.2995383994879638, "model__max_depth": 7.743612341721378, "model__n_estimators": 23.67559854808985, "model__reg_lambda": 5.002652994876861}, "datetime": {"datetime": "2021-03-24 12:06:11", "elapsed": 106.347806, "delta": 1.273079}}
{"target": -0.3574491918310557, "params": {"model__colsample_bylevel": 1.0, "model__colsample_bynode": 0.3, "model__colsample_bytree": 1.0, "model__learning_rate": 0.3, "model__max_depth": 8.0, "model__n_estimators": 16.281370778660094, "model__reg_lambda": 0.0}, "datetime": {"datetime": "2021-03-24 12:06:13", "elapsed": 107.716187, "delta": 1.368381}}
{"target": -0.3799287710979959, "params": {"model__colsample_bylevel": 1.0, "model__colsample_bynode": 1.0, "model__colsample_bytree": 1.0, "model__learning_rate": 0.3, "model__max_depth": 3.6390482863782485, "model__n_estimators": 18.00067341989892, "model__reg_lambda": 10.0}, "datetime": {"datetime": "2021-03-24 12:06:14", "elapsed": 109.120195, "delta": 1.404008}}
{"target": -0.342362586419314, "params": {"model__colsample_bylevel": 0.8417816631820689, "model__colsample_bynode": 0.6458522150709668, "model__colsample_bytree": 0.7685611046620613, "model__learning_rate": 0.18717022188310037, "model__max_depth": 2.062159370752752, "model__n_estimators": 29.957880725386538, "model__reg_lambda": 1.7611855124634346}, "datetime": {"datetime": "2021-03-24 12:06:16", "elapsed": 110.543114, "delta": 1.422919}}
{"target": -0.2961900073068176, "params": {"model__colsample_bylevel": 0.49552677389736544, "model__colsample_bynode": 0.9905895326550733, "model__colsample_bytree": 0.31739575321973035, "model__learning_rate": 0.2915084737473379, "model__max_depth": 3.390599645554759, "model__n_estimators": 25.290352967203553, "model__reg_lambda": 0.2826077296465501}, "datetime": {"datetime": "2021-03-24 12:06:17", "elapsed": 111.775458, "delta": 1.232344}}
{"target": -0.31802614398724127, "params": {"model__colsample_bylevel": 0.997001476482102, "model__colsample_bynode": 0.7650785945541537, "model__colsample_bytree": 0.36136684338457514, "model__learning_rate": 0.253963974423825, "model__max_depth": 2.5514534106774676, "model__n_estimators": 23.040120747282494, "model__reg_lambda": 0.04279063713572007}, "datetime": {"datetime": "2021-03-24 12:06:18", "elapsed": 113.192739, "delta": 1.417281}}
{"target": -0.3519711113248048, "params": {"model__colsample_bylevel": 1.0, "model__colsample_bynode": 0.3, "model__colsample_bytree": 0.3240532875120665, "model__learning_rate": 0.2999999905455276, "model__max_depth": 8.0, "model__n_estimators": 18.200129619812135, "model__reg_lambda": 1.9397988624072064}, "datetime": {"datetime": "2021-03-24 12:06:20", "elapsed": 114.559561, "delta": 1.366822}}
{"target": -0.34246720871820613, "params": {"model__colsample_bylevel": 0.9055773265840616, "model__colsample_bynode": 0.3027322916579604, "model__colsample_bytree": 0.3835345114630415, "model__learning_rate": 0.2730680339321575, "model__max_depth": 7.224880494758995, "model__n_estimators": 27.118424685242285, "model__reg_lambda": 6.816620507803785}, "datetime": {"datetime": "2021-03-24 12:06:21", "elapsed": 115.694979, "delta": 1.135418}}
{"target": -0.3402836797583471, "params": {"model__colsample_bylevel": 0.31686573486214775, "model__colsample_bynode": 1.0, "model__colsample_bytree": 1.0, "model__learning_rate": 0.3, "model__max_depth": 7.999999980750627, "model__n_estimators": 22.305142272749222, "model__reg_lambda": 5.658915903951838}, "datetime": {"datetime": "2021-03-24 12:06:22", "elapsed": 117.024185, "delta": 1.329206}}
{"target": -0.3405271558956567, "params": {"model__colsample_bylevel": 0.43385374493970896, "model__colsample_bynode": 0.8710019969194867, "model__colsample_bytree": 0.40791126338385536, "model__learning_rate": 0.27979164513429605, "model__max_depth": 5.598281395186497, "model__n_estimators": 25.335866167342047, "model__reg_lambda": 0.3893441634227468}, "datetime": {"datetime": "2021-03-24 12:06:23", "elapsed": 118.156005, "delta": 1.13182}}
{"target": -0.3197555828137674, "params": {"model__colsample_bylevel": 0.616551376217916, "model__colsample_bynode": 0.9684254223853492, "model__colsample_bytree": 0.3311572443826774, "model__learning_rate": 0.29048723971791957, "model__max_depth": 3.5681957854467368, "model__n_estimators": 21.871439561681587, "model__reg_lambda": 0.10993332278674828}, "datetime": {"datetime": "2021-03-24 12:06:25", "elapsed": 119.376789, "delta": 1.220784}}
