{"target": -0.44240507761529385, "params": {"model__colsample_bylevel": 0.3812502817792496, "model__colsample_bynode": 0.43107613084910207, "model__colsample_bytree": 0.6036033759584388, "model__learning_rate": 0.13710847453713484, "model__max_depth": 2.7407946095138094, "model__n_estimators": 25.875381462387566, "model__reg_lambda": 9.101677556132595}, "datetime": {"datetime": "2021-03-24 12:04:33", "elapsed": 8.291154, "delta": 0.124912}}
{"target": -0.36728127440370184, "params": {"model__colsample_bylevel": 0.3426383940311504, "model__colsample_bynode": 0.3292770968669983, "model__colsample_bytree": 0.49999974247633633, "model__learning_rate": 0.21592871225493404, "model__max_depth": 7.629568478689846, "model__n_estimators": 23.72527860523467, "model__reg_lambda": 6.7998375849329875}, "datetime": {"datetime": "2021-03-24 12:04:34", "elapsed": 8.402218, "delta": 0.111064}}
{"target": -0.3391754971022475, "params": {"model__colsample_bylevel": 1.0, "model__colsample_bynode": 0.3, "model__colsample_bytree": 0.3, "model__learning_rate": 0.3, "model__max_depth": 2.0, "model__n_estimators": 30.0, "model__reg_lambda": 0.0}, "datetime": {"datetime": "2021-03-24 12:04:34", "elapsed": 9.022585, "delta": 0.620367}}
{"target": -0.3939865691357873, "params": {"model__colsample_bylevel": 1.0, "model__colsample_bynode": 1.0, "model__colsample_bytree": 1.0, "model__learning_rate": 0.3, "model__max_depth": 8.0, "model__n_estimators": 15.0, "model__reg_lambda": 10.0}, "datetime": {"datetime": "2021-03-24 12:04:35", "elapsed": 9.903551, "delta": 0.880966}}
{"target": -0.3807163066392683, "params": {"model__colsample_bylevel": 0.3, "model__colsample_bynode": 0.3, "model__colsample_bytree": 0.3, "model__learning_rate": 0.3, "model__max_depth": 8.0, "model__n_estimators": 30.0, "model__reg_lambda": 10.0}, "datetime": {"datetime": "2021-03-24 12:04:36", "elapsed": 10.70373, "delta": 0.800179}}
{"target": -0.34154476401989986, "params": {"model__colsample_bylevel": 0.3, "model__colsample_bynode": 1.0, "model__colsample_bytree": 0.3, "model__learning_rate": 0.3, "model__max_depth": 2.0, "model__n_estimators": 30.0, "model__reg_lambda": 10.0}, "datetime": {"datetime": "2021-03-24 12:04:37", "elapsed": 11.427172, "delta": 0.723442}}
{"target": -0.34450292975972474, "params": {"model__colsample_bylevel": 1.0, "model__colsample_bynode": 1.0, "model__colsample_bytree": 0.3, "model__learning_rate": 0.3, "model__max_depth": 2.0, "model__n_estimators": 30.0, "model__reg_lambda": 5.307917525735147}, "datetime": {"datetime": "2021-03-24 12:04:37", "elapsed": 12.173169, "delta": 0.745997}}
{"target": -0.3370135362244859, "params": {"model__colsample_bylevel": 1.0, "model__colsample_bynode": 0.3, "model__colsample_bytree": 1.0, "model__learning_rate": 0.3, "model__max_depth": 5.067206146648344, "model__n_estimators": 19.876226863971993, "model__reg_lambda": 0.0}, "datetime": {"datetime": "2021-03-24 12:04:38", "elapsed": 12.862971, "delta": 0.689802}}
{"target": -0.39473424882870983, "params": {"model__colsample_bylevel": 0.3, "model__colsample_bynode": 1.0, "model__colsample_bytree": 0.3, "model__learning_rate": 0.3, "model__max_depth": 2.0, "model__n_estimators": 19.54972400442551, "model__reg_lambda": 10.0}, "datetime": {"datetime": "2021-03-24 12:04:39", "elapsed": 13.647359, "delta": 0.784388}}
{"target": -0.41729634561562456, "params": {"model__colsample_bylevel": 1.0, "model__colsample_bynode": 1.0, "model__colsample_bytree": 0.3, "model__learning_rate": 0.3, "model__max_depth": 2.0, "model__n_estimators": 15.0, "model__reg_lambda": 10.0}, "datetime": {"datetime": "2021-03-24 12:04:39", "elapsed": 14.325371, "delta": 0.678012}}
{"target": -0.36217216310691114, "params": {"model__colsample_bylevel": 0.3, "model__colsample_bynode": 1.0, "model__colsample_bytree": 1.0, "model__learning_rate": 0.3, "model__max_depth": 8.0, "model__n_estimators": 27.625310245876186, "model__reg_lambda": 0.0}, "datetime": {"datetime": "2021-03-24 12:04:40", "elapsed": 15.177656, "delta": 0.852285}}
{"target": -0.3123335515573685, "params": {"model__colsample_bylevel": 1.0, "model__colsample_bynode": 1.0, "model__colsample_bytree": 0.3, "model__learning_rate": 0.3, "model__max_depth": 4.171681865780329, "model__n_estimators": 27.931566267574723, "model__reg_lambda": 0.0}, "datetime": {"datetime": "2021-03-24 12:04:41", "elapsed": 15.993453, "delta": 0.815797}}
{"target": -0.3554693964171642, "params": {"model__colsample_bylevel": 1.0, "model__colsample_bynode": 1.0, "model__colsample_bytree": 0.3, "model__learning_rate": 0.3, "model__max_depth": 2.0, "model__n_estimators": 19.201368624035062, "model__reg_lambda": 0.0}, "datetime": {"datetime": "2021-03-24 12:04:42", "elapsed": 16.810278, "delta": 0.816825}}
{"target": -0.3922832295316292, "params": {"model__colsample_bylevel": 1.0, "model__colsample_bynode": 1.0, "model__colsample_bytree": 1.0, "model__learning_rate": 0.3, "model__max_depth": 5.007606061071825, "model__n_estimators": 15.0, "model__reg_lambda": 3.025768129019548e-08}, "datetime": {"datetime": "2021-03-24 12:04:43", "elapsed": 17.585116, "delta": 0.774838}}
{"target": -0.31457214763698477, "params": {"model__colsample_bylevel": 1.0, "model__colsample_bynode": 0.3, "model__colsample_bytree": 0.3, "model__learning_rate": 0.3, "model__max_depth": 4.39461414684382, "model__n_estimators": 30.0, "model__reg_lambda": 4.901543631997526}, "datetime": {"datetime": "2021-03-24 12:04:44", "elapsed": 18.383034, "delta": 0.797918}}
{"target": -0.3620036401603695, "params": {"model__colsample_bylevel": 0.5835294938856171, "model__colsample_bynode": 0.9469002019057073, "model__colsample_bytree": 0.9152532014138113, "model__learning_rate": 0.26666048542551646, "model__max_depth": 7.865762770110264, "model__n_estimators": 22.48544373694552, "model__reg_lambda": 9.757213870746178}, "datetime": {"datetime": "2021-03-24 12:04:44", "elapsed": 19.365884, "delta": 0.98285}}
{"target": -0.32662373765479724, "params": {"model__colsample_bylevel": 1.0, "model__colsample_bynode": 0.3, "model__colsample_bytree": 1.0, "model__learning_rate": 0.3, "model__max_depth": 8.0, "model__n_estimators": 21.226082070397002, "model__reg_lambda": 3.9845853518304186}, "datetime": {"datetime": "2021-03-24 12:04:45", "elapsed": 20.164313, "delta": 0.798429}}
{"target": -0.32198828006031643, "params": {"model__colsample_bylevel": 0.8618391346410021, "model__colsample_bynode": 0.5995172964930567, "model__colsample_bytree": 0.37377842660489363, "model__learning_rate": 0.17073827185888552, "model__max_depth": 7.9082858242228635, "model__n_estimators": 29.918647303848502, "model__reg_lambda": 0.5100886477134747}, "datetime": {"datetime": "2021-03-24 12:04:46", "elapsed": 20.892791, "delta": 0.728478}}
{"target": -0.32651572711833254, "params": {"model__colsample_bylevel": 0.984839142209389, "model__colsample_bynode": 0.963791106025564, "model__colsample_bytree": 0.3233595328786781, "model__learning_rate": 0.26019025396044293, "model__max_depth": 7.68860947123919, "model__n_estimators": 29.769612986809037, "model__reg_lambda": 6.044774964638801}, "datetime": {"datetime": "2021-03-24 12:04:47", "elapsed": 21.775277, "delta": 0.882486}}
{"target": -0.3144730908344028, "params": {"model__colsample_bylevel": 0.9966208491312012, "model__colsample_bynode": 0.499088355682028, "model__colsample_bytree": 0.42477102681988554, "model__learning_rate": 0.29453270637498935, "model__max_depth": 7.766361558665347, "model__n_estimators": 25.311467587912997, "model__reg_lambda": 0.19085225032742237}, "datetime": {"datetime": "2021-03-24 12:04:48", "elapsed": 22.49618, "delta": 0.720903}}
{"target": -0.3486049885976304, "params": {"model__colsample_bylevel": 0.9801234608419134, "model__colsample_bynode": 0.3759433711847995, "model__colsample_bytree": 0.49187368692617117, "model__learning_rate": 0.27257331502697, "model__max_depth": 2.0507774801822833, "model__n_estimators": 25.205842380093507, "model__reg_lambda": 0.2456668626838887}, "datetime": {"datetime": "2021-03-24 12:04:48", "elapsed": 23.254743, "delta": 0.758563}}
{"target": -0.3804814741258388, "params": {"model__colsample_bylevel": 0.35045141239204086, "model__colsample_bynode": 0.9588544999982993, "model__colsample_bytree": 0.9423149808009903, "model__learning_rate": 0.27707554693940806, "model__max_depth": 3.6462707948259743, "model__n_estimators": 15.100683303436483, "model__reg_lambda": 4.788685540425553}, "datetime": {"datetime": "2021-03-24 12:04:49", "elapsed": 23.987528, "delta": 0.732785}}
{"target": -0.36043734952429496, "params": {"model__colsample_bylevel": 0.3, "model__colsample_bynode": 0.3, "model__colsample_bytree": 0.3, "model__learning_rate": 0.3, "model__max_depth": 8.0, "model__n_estimators": 30.0, "model__reg_lambda": 4.486788473539929}, "datetime": {"datetime": "2021-03-24 12:04:50", "elapsed": 24.697571, "delta": 0.710043}}
{"target": -0.325066269185745, "params": {"model__colsample_bylevel": 1.0, "model__colsample_bynode": 1.0, "model__colsample_bytree": 0.3, "model__learning_rate": 0.3, "model__max_depth": 3.9986352843687647, "model__n_estimators": 30.0, "model__reg_lambda": 10.0}, "datetime": {"datetime": "2021-03-24 12:04:51", "elapsed": 25.569115, "delta": 0.871544}}
{"target": -0.34176845776686526, "params": {"model__colsample_bylevel": 0.3, "model__colsample_bynode": 1.0, "model__colsample_bytree": 1.0, "model__learning_rate": 0.3, "model__max_depth": 4.25533851165771, "model__n_estimators": 22.362872915654812, "model__reg_lambda": 10.0}, "datetime": {"datetime": "2021-03-24 12:04:52", "elapsed": 26.41635, "delta": 0.847235}}
{"target": -0.32740304430919714, "params": {"model__colsample_bylevel": 0.3, "model__colsample_bynode": 1.0, "model__colsample_bytree": 0.3, "model__learning_rate": 0.3, "model__max_depth": 5.145705902589574, "model__n_estimators": 29.999999999992962, "model__reg_lambda": 8.412510711710441}, "datetime": {"datetime": "2021-03-24 12:04:52", "elapsed": 27.222247, "delta": 0.805897}}
{"target": -0.3818502862171769, "params": {"model__colsample_bylevel": 1.0, "model__colsample_bynode": 1.0, "model__colsample_bytree": 1.0, "model__learning_rate": 0.3, "model__max_depth": 8.0, "model__n_estimators": 15.0, "model__reg_lambda": 6.053832496450601}, "datetime": {"datetime": "2021-03-24 12:04:53", "elapsed": 28.288865, "delta": 1.066618}}
{"target": -0.3822790711593858, "params": {"model__colsample_bylevel": 0.9882223039945959, "model__colsample_bynode": 0.7969994555106503, "model__colsample_bytree": 0.9756082611341748, "model__learning_rate": 0.26564735053358923, "model__max_depth": 5.668147680161179, "model__n_estimators": 29.784136624991923, "model__reg_lambda": 0.15713865313472075}, "datetime": {"datetime": "2021-03-24 12:04:54", "elapsed": 29.342707, "delta": 1.053842}}
{"target": -0.34177501622007056, "params": {"model__colsample_bylevel": 0.7670319650061044, "model__colsample_bynode": 0.9342447040191679, "model__colsample_bytree": 0.38998577683476904, "model__learning_rate": 0.2995076212256764, "model__max_depth": 7.8441999208195625, "model__n_estimators": 28.06518009733866, "model__reg_lambda": 9.639915106978563}, "datetime": {"datetime": "2021-03-24 12:04:55", "elapsed": 30.319356, "delta": 0.976649}}
{"target": -0.31817186606467524, "params": {"model__colsample_bylevel": 1.0, "model__colsample_bynode": 0.7448196135958586, "model__colsample_bytree": 0.3, "model__learning_rate": 0.3, "model__max_depth": 3.6058411743735386, "model__n_estimators": 29.629448764395814, "model__reg_lambda": 1.7767237640709224}, "datetime": {"datetime": "2021-03-24 12:04:56", "elapsed": 31.176806, "delta": 0.85745}}
{"target": -0.3470182869387656, "params": {"model__colsample_bylevel": 0.3266016914962993, "model__colsample_bynode": 0.32584893695953887, "model__colsample_bytree": 0.48194915440087804, "model__learning_rate": 0.29682594106051147, "model__max_depth": 2.376609834169301, "model__n_estimators": 29.27468100359254, "model__reg_lambda": 3.239333383806493}, "datetime": {"datetime": "2021-03-24 12:04:57", "elapsed": 32.003243, "delta": 0.826437}}
{"target": -0.35439754828297787, "params": {"model__colsample_bylevel": 0.999999999896285, "model__colsample_bynode": 1.0, "model__colsample_bytree": 1.0, "model__learning_rate": 0.3, "model__max_depth": 5.746875662440116, "model__n_estimators": 20.20390617842231, "model__reg_lambda": 5.384549572038434}, "datetime": {"datetime": "2021-03-24 12:04:58", "elapsed": 32.98119, "delta": 0.977947}}
{"target": -0.3389292945606175, "params": {"model__colsample_bylevel": 1.0, "model__colsample_bynode": 0.3, "model__colsample_bytree": 0.3000000029335818, "model__learning_rate": 0.3, "model__max_depth": 7.289533142998971, "model__n_estimators": 17.206022019301592, "model__reg_lambda": 1.3394039742482606}, "datetime": {"datetime": "2021-03-24 12:04:59", "elapsed": 33.682974, "delta": 0.701784}}
{"target": -0.31698752897892796, "params": {"model__colsample_bylevel": 0.3, "model__colsample_bynode": 0.9999999999977355, "model__colsample_bytree": 0.3, "model__learning_rate": 0.3, "model__max_depth": 5.94321580612185, "model__n_estimators": 30.0, "model__reg_lambda": 0.0}, "datetime": {"datetime": "2021-03-24 12:05:00", "elapsed": 34.498546, "delta": 0.815572}}
{"target": -0.3484206486270641, "params": {"model__colsample_bylevel": 0.9985272981541021, "model__colsample_bynode": 0.3, "model__colsample_bytree": 1.0, "model__learning_rate": 0.3, "model__max_depth": 7.509584976892389, "model__n_estimators": 16.026734063351352, "model__reg_lambda": 2.4487380597654087}, "datetime": {"datetime": "2021-03-24 12:05:00", "elapsed": 35.255084, "delta": 0.756538}}
{"target": -0.3379856387173514, "params": {"model__colsample_bylevel": 1.0, "model__colsample_bynode": 0.3, "model__colsample_bytree": 0.3, "model__learning_rate": 0.3, "model__max_depth": 3.9636124136689923, "model__n_estimators": 15.0, "model__reg_lambda": 1.0193605634973022}, "datetime": {"datetime": "2021-03-24 12:05:01", "elapsed": 35.969113, "delta": 0.714029}}
{"target": -0.30900776447632106, "params": {"model__colsample_bylevel": 0.9629131627057699, "model__colsample_bynode": 0.86984279879794, "model__colsample_bytree": 0.380778112044708, "model__learning_rate": 0.29028174416387126, "model__max_depth": 5.0331480600325404, "model__n_estimators": 22.89634515390337, "model__reg_lambda": 0.22639064889574123}, "datetime": {"datetime": "2021-03-24 12:05:02", "elapsed": 36.728526, "delta": 0.759413}}
{"target": -0.34500503547707295, "params": {"model__colsample_bylevel": 1.0, "model__colsample_bynode": 0.3, "model__colsample_bytree": 0.34516950000801494, "model__learning_rate": 0.3, "model__max_depth": 4.649912615649255, "model__n_estimators": 27.212992812662236, "model__reg_lambda": 0.04121620572332087}, "datetime": {"datetime": "2021-03-24 12:05:02", "elapsed": 37.368163, "delta": 0.639637}}
{"target": -0.2969839215499646, "params": {"model__colsample_bylevel": 0.9410374295229753, "model__colsample_bynode": 0.8564335317877905, "model__colsample_bytree": 0.3976391872618243, "model__learning_rate": 0.29864462321153606, "model__max_depth": 7.771986073089093, "model__n_estimators": 24.815478928908078, "model__reg_lambda": 2.8494047321389737}, "datetime": {"datetime": "2021-03-24 12:05:03", "elapsed": 38.164757, "delta": 0.796594}}
{"target": -0.3304767794389972, "params": {"model__colsample_bylevel": 0.9821867177401973, "model__colsample_bynode": 0.8970310911711186, "model__colsample_bytree": 0.3514951516037601, "model__learning_rate": 0.2903718502539384, "model__max_depth": 2.378491871357172, "model__n_estimators": 28.331840459267365, "model__reg_lambda": 2.681405968702868}, "datetime": {"datetime": "2021-03-24 12:05:04", "elapsed": 38.924935, "delta": 0.760178}}
{"target": -0.3278520616314684, "params": {"model__colsample_bylevel": 0.4634340995098546, "model__colsample_bynode": 0.9640321274466301, "model__colsample_bytree": 0.35923025199747194, "model__learning_rate": 0.2777825592345501, "model__max_depth": 4.959723799758127, "model__n_estimators": 29.302930533723256, "model__reg_lambda": 4.879796574578723}, "datetime": {"datetime": "2021-03-24 12:05:05", "elapsed": 39.743456, "delta": 0.818521}}
{"target": -0.34575324795829754, "params": {"model__colsample_bylevel": 1.0, "model__colsample_bynode": 0.3, "model__colsample_bytree": 1.0, "model__learning_rate": 0.3, "model__max_depth": 2.0, "model__n_estimators": 30.0, "model__reg_lambda": 8.470026007672015}, "datetime": {"datetime": "2021-03-24 12:05:06", "elapsed": 40.609927, "delta": 0.866471}}
{"target": -0.3047392250715242, "params": {"model__colsample_bylevel": 0.552956485971443, "model__colsample_bynode": 0.9805940873462344, "model__colsample_bytree": 0.31194170998484083, "model__learning_rate": 0.28021756332183645, "model__max_depth": 7.996838979589757, "model__n_estimators": 27.748331003916956, "model__reg_lambda": 2.2939202483189867}, "datetime": {"datetime": "2021-03-24 12:05:07", "elapsed": 41.417297, "delta": 0.80737}}
{"target": -0.34725321451728436, "params": {"model__colsample_bylevel": 0.9388539713598965, "model__colsample_bynode": 0.9610873775666506, "model__colsample_bytree": 0.8990376103636226, "model__learning_rate": 0.29592306078043745, "model__max_depth": 7.977806544305565, "model__n_estimators": 24.748040519716476, "model__reg_lambda": 7.042198327272111}, "datetime": {"datetime": "2021-03-24 12:05:08", "elapsed": 42.381804, "delta": 0.964507}}
{"target": -0.3506027250415713, "params": {"model__colsample_bylevel": 0.8915162594931996, "model__colsample_bynode": 0.3655124104601991, "model__colsample_bytree": 0.3046578248003442, "model__learning_rate": 0.2709567622096143, "model__max_depth": 6.391259264762678, "model__n_estimators": 29.359717411209523, "model__reg_lambda": 9.032228087859108}, "datetime": {"datetime": "2021-03-24 12:05:08", "elapsed": 43.077744, "delta": 0.69594}}
{"target": -0.3580259456658615, "params": {"model__colsample_bylevel": 0.3249100627725095, "model__colsample_bynode": 0.7741187582212276, "model__colsample_bytree": 0.32778017974057605, "model__learning_rate": 0.2977167037325069, "model__max_depth": 4.183361884592757, "model__n_estimators": 19.616369801635397, "model__reg_lambda": 0.36858169158295984}, "datetime": {"datetime": "2021-03-24 12:05:09", "elapsed": 43.850019, "delta": 0.772275}}
{"target": -0.3227063537666412, "params": {"model__colsample_bylevel": 1.0, "model__colsample_bynode": 0.3181509755803816, "model__colsample_bytree": 0.3, "model__learning_rate": 0.3, "model__max_depth": 3.892181390873155, "model__n_estimators": 27.76478741278683, "model__reg_lambda": 5.467146748469541}, "datetime": {"datetime": "2021-03-24 12:05:10", "elapsed": 44.659382, "delta": 0.809363}}
{"target": -0.3744792061891623, "params": {"model__colsample_bylevel": 0.34874148688953743, "model__colsample_bynode": 0.30596485236458454, "model__colsample_bytree": 0.6777308654756494, "model__learning_rate": 0.2994364666257186, "model__max_depth": 4.152412220354513, "model__n_estimators": 21.73954524903857, "model__reg_lambda": 4.844843085170053}, "datetime": {"datetime": "2021-03-24 12:05:11", "elapsed": 45.686352, "delta": 1.02697}}
{"target": -0.32519098227485965, "params": {"model__colsample_bylevel": 1.0, "model__colsample_bynode": 1.0, "model__colsample_bytree": 0.3, "model__learning_rate": 0.3, "model__max_depth": 4.961376903077043, "model__n_estimators": 18.335362350402285, "model__reg_lambda": 1.6942052128072134}, "datetime": {"datetime": "2021-03-24 12:05:12", "elapsed": 46.767283, "delta": 1.080931}}
{"target": -0.33345647930214856, "params": {"model__colsample_bylevel": 0.9529443565859426, "model__colsample_bynode": 0.4172712634077083, "model__colsample_bytree": 0.7849942014421551, "model__learning_rate": 0.29094236044495675, "model__max_depth": 3.2351211402539866, "model__n_estimators": 20.98248933420561, "model__reg_lambda": 0.6062136878104629}, "datetime": {"datetime": "2021-03-24 12:05:13", "elapsed": 47.926965, "delta": 1.159682}}
{"target": -0.3171264537001042, "params": {"model__colsample_bylevel": 1.0, "model__colsample_bynode": 0.9999999941934292, "model__colsample_bytree": 0.3, "model__learning_rate": 0.3, "model__max_depth": 6.741280694317772, "model__n_estimators": 26.705688688451612, "model__reg_lambda": 0.6796237785088105}, "datetime": {"datetime": "2021-03-24 12:05:14", "elapsed": 49.171453, "delta": 1.244488}}
{"target": -0.31089928563569497, "params": {"model__colsample_bylevel": 1.0, "model__colsample_bynode": 0.3, "model__colsample_bytree": 0.3, "model__learning_rate": 0.3, "model__max_depth": 7.961284667301704, "model__n_estimators": 27.18018123813543, "model__reg_lambda": 4.516597132935408}, "datetime": {"datetime": "2021-03-24 12:05:16", "elapsed": 50.452656, "delta": 1.281203}}
{"target": -0.34997017452344836, "params": {"model__colsample_bylevel": 0.7360928862230582, "model__colsample_bynode": 0.36417624895657247, "model__colsample_bytree": 0.949473855494747, "model__learning_rate": 0.2994447454462791, "model__max_depth": 7.9143926029431455, "model__n_estimators": 23.9251185195474, "model__reg_lambda": 3.192818073622883}, "datetime": {"datetime": "2021-03-24 12:05:17", "elapsed": 51.617126, "delta": 1.16447}}
{"target": -0.3211693910966236, "params": {"model__colsample_bylevel": 1.0, "model__colsample_bynode": 0.3, "model__colsample_bytree": 0.3, "model__learning_rate": 0.3, "model__max_depth": 8.0, "model__n_estimators": 15.0, "model__reg_lambda": 0.0}, "datetime": {"datetime": "2021-03-24 12:05:18", "elapsed": 52.831975, "delta": 1.214849}}
{"target": -0.3269740905048767, "params": {"model__colsample_bylevel": 0.5185373755653592, "model__colsample_bynode": 0.9947458284407074, "model__colsample_bytree": 0.9676022648449243, "model__learning_rate": 0.29163097199116894, "model__max_depth": 2.6993209828368574, "model__n_estimators": 27.49481185705561, "model__reg_lambda": 0.4374633638695846}, "datetime": {"datetime": "2021-03-24 12:05:19", "elapsed": 54.261113, "delta": 1.429138}}
