{"target": -0.38835793877884306, "params": {"model__colsample_bylevel": 0.6999007506514039, "model__colsample_bynode": 0.9158201545401321, "model__colsample_bytree": 0.30896027785145586, "model__learning_rate": 0.29455796090252884, "model__max_depth": 2.201855767275969, "model__n_estimators": 15.08344415444985, "model__reg_lambda": 7.068122165912493}, "datetime": {"datetime": "2021-03-24 12:06:26", "elapsed": 120.448569, "delta": 1.07178}}
{"target": -0.3413419540762307, "params": {"model__colsample_bylevel": 0.3, "model__colsample_bynode": 1.0, "model__colsample_bytree": 0.3, "model__learning_rate": 0.3, "model__max_depth": 5.581784509232036, "model__n_estimators": 29.540775119027302, "model__reg_lambda": 10.0}, "datetime": {"datetime": "2021-03-24 12:06:27", "elapsed": 121.549297, "delta": 1.100728}}
{"target": -0.30963594898348673, "params": {"model__colsample_bylevel": 0.9880018729223223, "model__colsample_bynode": 0.8873090347076174, "model__colsample_bytree": 0.4127596254083892, "model__learning_rate": 0.2963143874369589, "model__max_depth": 7.841030915550492, "model__n_estimators": 21.291007839802237, "model__reg_lambda": 1.2164320705873566}, "datetime": {"datetime": "2021-03-24 12:06:28", "elapsed": 122.942848, "delta": 1.393551}}
{"target": -0.35532339529481893, "params": {"model__colsample_bylevel": 0.3765399232275808, "model__colsample_bynode": 0.8282790152954156, "model__colsample_bytree": 0.34587803402754785, "model__learning_rate": 0.2694815604247229, "model__max_depth": 3.069274883199013, "model__n_estimators": 27.139803535561196, "model__reg_lambda": 1.4360213111647957}, "datetime": {"datetime": "2021-03-24 12:06:29", "elapsed": 124.186239, "delta": 1.243391}}
{"target": -0.3655308614916884, "params": {"model__colsample_bylevel": 1.0, "model__colsample_bynode": 0.3, "model__colsample_bytree": 0.3, "model__learning_rate": 0.3, "model__max_depth": 4.3991394333843115, "model__n_estimators": 15.0, "model__reg_lambda": 4.710335991468868}, "datetime": {"datetime": "2021-03-24 12:06:31", "elapsed": 125.499747, "delta": 1.313508}}
{"target": -0.34154476401989986, "params": {"model__colsample_bylevel": 1.0, "model__colsample_bynode": 0.3, "model__colsample_bytree": 0.3, "model__learning_rate": 0.3, "model__max_depth": 2.0, "model__n_estimators": 29.999999999789875, "model__reg_lambda": 10.0}, "datetime": {"datetime": "2021-03-24 12:06:32", "elapsed": 126.746556, "delta": 1.246809}}
{"target": -0.3507094468948418, "params": {"model__colsample_bylevel": 0.8621588077632707, "model__colsample_bynode": 0.5624318617400701, "model__colsample_bytree": 0.9716947133379266, "model__learning_rate": 0.1987557620085127, "model__max_depth": 3.301887559842413, "model__n_estimators": 28.337784752093135, "model__reg_lambda": 3.745765180308455}, "datetime": {"datetime": "2021-03-24 12:06:33", "elapsed": 127.969897, "delta": 1.223341}}
{"target": -0.34388117064701634, "params": {"model__colsample_bylevel": 0.9323056395466125, "model__colsample_bynode": 0.6596706516840819, "model__colsample_bytree": 0.388788234992002, "model__learning_rate": 0.1480876531688841, "model__max_depth": 7.964173878300808, "model__n_estimators": 29.33164493323735, "model__reg_lambda": 2.35653738205025}, "datetime": {"datetime": "2021-03-24 12:06:35", "elapsed": 129.422117, "delta": 1.45222}}
{"target": -0.33659939220701546, "params": {"model__colsample_bylevel": 0.9008062102973331, "model__colsample_bynode": 0.49467645447634145, "model__colsample_bytree": 0.3783793452191021, "model__learning_rate": 0.2989960934740365, "model__max_depth": 5.651609574366625, "model__n_estimators": 28.28532903513407, "model__reg_lambda": 5.2233792252065445}, "datetime": {"datetime": "2021-03-24 12:06:36", "elapsed": 130.593068, "delta": 1.170951}}
{"target": -0.34792775681117494, "params": {"model__colsample_bylevel": 0.9963222530291413, "model__colsample_bynode": 0.7892994424680664, "model__colsample_bytree": 0.9510254835059846, "model__learning_rate": 0.24528444055200005, "model__max_depth": 3.713416289844394, "model__n_estimators": 25.561347176069496, "model__reg_lambda": 0.05307056987659764}, "datetime": {"datetime": "2021-03-24 12:06:37", "elapsed": 131.797211, "delta": 1.204143}}
{"target": -0.31795606198788123, "params": {"model__colsample_bylevel": 1.0, "model__colsample_bynode": 1.0, "model__colsample_bytree": 0.3000000009484204, "model__learning_rate": 0.3, "model__max_depth": 7.387286375736689, "model__n_estimators": 28.73890965436128, "model__reg_lambda": 3.8489404790161874}, "datetime": {"datetime": "2021-03-24 12:06:38", "elapsed": 133.212285, "delta": 1.415074}}
{"target": -0.3821519806150996, "params": {"model__colsample_bylevel": 0.9492871272571435, "model__colsample_bynode": 0.38358203127962504, "model__colsample_bytree": 0.9656096642047485, "model__learning_rate": 0.2186071633115237, "model__max_depth": 7.890852529484809, "model__n_estimators": 22.279193602341437, "model__reg_lambda": 7.344736766065189}, "datetime": {"datetime": "2021-03-24 12:06:40", "elapsed": 134.381234, "delta": 1.168949}}
{"target": -0.31772973931097576, "params": {"model__colsample_bylevel": 0.3112964937712729, "model__colsample_bynode": 0.9422741005128099, "model__colsample_bytree": 0.30959943478578955, "model__learning_rate": 0.2627156943975073, "model__max_depth": 7.931273133354309, "model__n_estimators": 15.421598014358176, "model__reg_lambda": 0.8375026243949191}, "datetime": {"datetime": "2021-03-24 12:06:41", "elapsed": 135.57843, "delta": 1.197196}}
{"target": -0.3607970404006757, "params": {"model__colsample_bylevel": 0.3649113901902387, "model__colsample_bynode": 0.9534916667397477, "model__colsample_bytree": 0.31728635053400106, "model__learning_rate": 0.20846474770156337, "model__max_depth": 6.4540895741999655, "model__n_estimators": 29.981413745022927, "model__reg_lambda": 5.777590580828983}, "datetime": {"datetime": "2021-03-24 12:06:42", "elapsed": 137.089444, "delta": 1.511014}}
{"target": -0.37922966395828717, "params": {"model__colsample_bylevel": 1.0, "model__colsample_bynode": 1.0, "model__colsample_bytree": 1.0, "model__learning_rate": 0.3, "model__max_depth": 6.421260167703272, "model__n_estimators": 17.563355559939488, "model__reg_lambda": 10.0}, "datetime": {"datetime": "2021-03-24 12:06:44", "elapsed": 138.54625, "delta": 1.456806}}
{"target": -0.3625873404028622, "params": {"model__colsample_bylevel": 0.702656473503856, "model__colsample_bynode": 0.988665406549307, "model__colsample_bytree": 0.36953296127169083, "model__learning_rate": 0.2901708495887694, "model__max_depth": 2.1547315780888576, "model__n_estimators": 28.05730481994962, "model__reg_lambda": 7.251184106835082}, "datetime": {"datetime": "2021-03-24 12:06:45", "elapsed": 139.930249, "delta": 1.383999}}
{"target": -0.32610269025697003, "params": {"model__colsample_bylevel": 1.0, "model__colsample_bynode": 1.0, "model__colsample_bytree": 0.3, "model__learning_rate": 0.3, "model__max_depth": 3.779790533088491, "model__n_estimators": 22.557037073162103, "model__reg_lambda": 6.534122370898236}, "datetime": {"datetime": "2021-03-24 12:06:47", "elapsed": 141.408038, "delta": 1.477789}}
{"target": -0.34800425165272114, "params": {"model__colsample_bylevel": 1.0, "model__colsample_bynode": 0.3, "model__colsample_bytree": 1.0, "model__learning_rate": 0.3, "model__max_depth": 4.336931450211367, "model__n_estimators": 17.3360794219469, "model__reg_lambda": 1.1682110673617818}, "datetime": {"datetime": "2021-03-24 12:06:48", "elapsed": 142.702449, "delta": 1.294411}}
{"target": -0.3348766643472988, "params": {"model__colsample_bylevel": 0.4689039196001293, "model__colsample_bynode": 0.9999999992465803, "model__colsample_bytree": 0.4150471116928444, "model__learning_rate": 0.3, "model__max_depth": 4.789726515761107, "model__n_estimators": 27.340857913559535, "model__reg_lambda": 8.417735016137064}, "datetime": {"datetime": "2021-03-24 12:06:49", "elapsed": 143.926342, "delta": 1.223893}}
{"target": -0.31172727974936487, "params": {"model__colsample_bylevel": 0.3, "model__colsample_bynode": 0.9999999992353025, "model__colsample_bytree": 0.3000000008710423, "model__learning_rate": 0.3, "model__max_depth": 8.0, "model__n_estimators": 19.697092847689863, "model__reg_lambda": 0.0}, "datetime": {"datetime": "2021-03-24 12:06:51", "elapsed": 145.411991, "delta": 1.485649}}
{"target": -0.3401182707550976, "params": {"model__colsample_bylevel": 0.37666455952772593, "model__colsample_bynode": 0.9405861402489895, "model__colsample_bytree": 0.7486699082228612, "model__learning_rate": 0.2611633824756259, "model__max_depth": 2.010486660634081, "model__n_estimators": 23.68464228134782, "model__reg_lambda": 0.10358960014020924}, "datetime": {"datetime": "2021-03-24 12:06:52", "elapsed": 146.529806, "delta": 1.117815}}
{"target": -0.3263404530321207, "params": {"model__colsample_bylevel": 0.9998679426142953, "model__colsample_bynode": 0.9999999999997486, "model__colsample_bytree": 0.3, "model__learning_rate": 0.3, "model__max_depth": 8.0, "model__n_estimators": 20.60527254118132, "model__reg_lambda": 2.358446983983293}, "datetime": {"datetime": "2021-03-24 12:06:53", "elapsed": 147.865251, "delta": 1.335445}}
{"target": -0.32559179817967493, "params": {"model__colsample_bylevel": 0.3228768800141664, "model__colsample_bynode": 0.9543003549495774, "model__colsample_bytree": 0.46455136388196877, "model__learning_rate": 0.2999834396611797, "model__max_depth": 6.169165664685034, "model__n_estimators": 27.844358894641353, "model__reg_lambda": 4.408612595826646}, "datetime": {"datetime": "2021-03-24 12:06:54", "elapsed": 149.13406, "delta": 1.268809}}
{"target": -0.37138685398208704, "params": {"model__colsample_bylevel": 0.3, "model__colsample_bynode": 1.0, "model__colsample_bytree": 0.3, "model__learning_rate": 0.3, "model__max_depth": 6.117468744056924, "model__n_estimators": 20.29580727660154, "model__reg_lambda": 9.99999999920603}, "datetime": {"datetime": "2021-03-24 12:06:55", "elapsed": 150.3131, "delta": 1.17904}}
{"target": -0.3598392892615411, "params": {"model__colsample_bylevel": 0.9232181973020064, "model__colsample_bynode": 0.31496578876570147, "model__colsample_bytree": 0.9600400998609437, "model__learning_rate": 0.2716609914980562, "model__max_depth": 7.964548974662077, "model__n_estimators": 26.808006163842844, "model__reg_lambda": 9.48739252151052}, "datetime": {"datetime": "2021-03-24 12:06:57", "elapsed": 151.615799, "delta": 1.302699}}
{"target": -0.29540023552692507, "params": {"model__colsample_bylevel": 0.9622913168722236, "model__colsample_bynode": 0.9448313496759131, "model__colsample_bytree": 0.3260102113773905, "model__learning_rate": 0.2739791684141728, "model__max_depth": 3.653033209069976, "model__n_estimators": 29.871239996963233, "model__reg_lambda": 4.497863314943741}, "datetime": {"datetime": "2021-03-24 12:06:58", "elapsed": 153.065706, "delta": 1.449907}}
{"target": -0.4134382562401394, "params": {"model__colsample_bylevel": 0.37148009658196507, "model__colsample_bynode": 0.34985874464189193, "model__colsample_bytree": 0.7929418899759707, "model__learning_rate": 0.22859042876686878, "model__max_depth": 7.80248663106949, "model__n_estimators": 15.149811076451666, "model__reg_lambda": 1.616310244749839}, "datetime": {"datetime": "2021-03-24 12:07:00", "elapsed": 154.382165, "delta": 1.316459}}
{"target": -0.32966483266656355, "params": {"model__colsample_bylevel": 0.9999999948407479, "model__colsample_bynode": 0.5612569966598789, "model__colsample_bytree": 0.3000000001689092, "model__learning_rate": 0.3, "model__max_depth": 4.40326442970034, "model__n_estimators": 24.522924852462253, "model__reg_lambda": 0.7947645322016109}, "datetime": {"datetime": "2021-03-24 12:07:01", "elapsed": 155.904403, "delta": 1.522238}}
{"target": -0.34461913967430857, "params": {"model__colsample_bylevel": 0.980552464325215, "model__colsample_bynode": 0.8548460475937687, "model__colsample_bytree": 0.8127108975060129, "model__learning_rate": 0.26609433353614154, "model__max_depth": 7.37300874606366, "model__n_estimators": 26.875868573107876, "model__reg_lambda": 3.2479194559315774}, "datetime": {"datetime": "2021-03-24 12:07:03", "elapsed": 157.696783, "delta": 1.79238}}
{"target": -0.41970338255598927, "params": {"model__colsample_bylevel": 0.3, "model__colsample_bynode": 0.3, "model__colsample_bytree": 0.3, "model__learning_rate": 0.3, "model__max_depth": 6.779865300097607, "model__n_estimators": 15.0, "model__reg_lambda": 8.769819584968685}, "datetime": {"datetime": "2021-03-24 12:07:04", "elapsed": 158.87072, "delta": 1.173937}}
{"target": -0.32193982812231814, "params": {"model__colsample_bylevel": 0.998243323607126, "model__colsample_bynode": 0.9777189625135883, "model__colsample_bytree": 0.5317289991454853, "model__learning_rate": 0.28785589061578976, "model__max_depth": 7.915062319258153, "model__n_estimators": 15.97472121283501, "model__reg_lambda": 0.32267960693143305}, "datetime": {"datetime": "2021-03-24 12:07:05", "elapsed": 160.210307, "delta": 1.339587}}
{"target": -0.3379194650319877, "params": {"model__colsample_bylevel": 1.0, "model__colsample_bynode": 1.0, "model__colsample_bytree": 0.3, "model__learning_rate": 0.3, "model__max_depth": 8.0, "model__n_estimators": 15.362518684074077, "model__reg_lambda": 4.279930274656491}, "datetime": {"datetime": "2021-03-24 12:07:06", "elapsed": 161.361916, "delta": 1.151609}}
{"target": -0.33359592278366507, "params": {"model__colsample_bylevel": 1.0, "model__colsample_bynode": 1.0, "model__colsample_bytree": 0.3, "model__learning_rate": 0.3, "model__max_depth": 5.127799895284615, "model__n_estimators": 28.826867249897894, "model__reg_lambda": 8.732514252004767}, "datetime": {"datetime": "2021-03-24 12:07:08", "elapsed": 162.703556, "delta": 1.34164}}
{"target": -0.33156031385752494, "params": {"model__colsample_bylevel": 0.3, "model__colsample_bynode": 0.999999999976132, "model__colsample_bytree": 0.3, "model__learning_rate": 0.3, "model__max_depth": 6.391685125049194, "model__n_estimators": 25.316134984631642, "model__reg_lambda": 7.216800501157947}, "datetime": {"datetime": "2021-03-24 12:07:09", "elapsed": 163.968308, "delta": 1.264752}}
{"target": -0.346604601287391, "params": {"model__colsample_bylevel": 0.9355043837368484, "model__colsample_bynode": 0.34527679303578884, "model__colsample_bytree": 0.3749256624196915, "model__learning_rate": 0.2956840879004974, "model__max_depth": 2.166385288467829, "model__n_estimators": 29.944193636620497, "model__reg_lambda": 2.5619074014926237}, "datetime": {"datetime": "2021-03-24 12:07:10", "elapsed": 165.166802, "delta": 1.198494}}
{"target": -0.3583389023349256, "params": {"model__colsample_bylevel": 1.0, "model__colsample_bynode": 0.9999999841240179, "model__colsample_bytree": 0.3000000068693586, "model__learning_rate": 0.3, "model__max_depth": 2.0000000601714802, "model__n_estimators": 30.0, "model__reg_lambda": 8.594020583202683}, "datetime": {"datetime": "2021-03-24 12:07:11", "elapsed": 166.364905, "delta": 1.198103}}
{"target": -0.34982762431752856, "params": {"model__colsample_bylevel": 0.30964073905160805, "model__colsample_bynode": 0.9704569226998359, "model__colsample_bytree": 0.9632409511932027, "model__learning_rate": 0.2926259207721816, "model__max_depth": 3.3744090922758994, "model__n_estimators": 25.777248662963263, "model__reg_lambda": 7.393352338783895}, "datetime": {"datetime": "2021-03-24 12:07:13", "elapsed": 167.92615, "delta": 1.561245}}
{"target": -0.36973954946868987, "params": {"model__colsample_bylevel": 1.0, "model__colsample_bynode": 1.0, "model__colsample_bytree": 1.0, "model__learning_rate": 0.3, "model__max_depth": 5.774609215794805, "model__n_estimators": 20.97641241386599, "model__reg_lambda": 9.671834252809951}, "datetime": {"datetime": "2021-03-24 12:07:15", "elapsed": 169.59293, "delta": 1.66678}}
{"target": -0.3231977737393986, "params": {"model__colsample_bylevel": 0.30000000167319657, "model__colsample_bynode": 1.0, "model__colsample_bytree": 0.3, "model__learning_rate": 0.3, "model__max_depth": 3.8292979196957275, "model__n_estimators": 27.221047027924087, "model__reg_lambda": 6.787488081328859}, "datetime": {"datetime": "2021-03-24 12:07:16", "elapsed": 170.987924, "delta": 1.394994}}
{"target": -0.35277088512194116, "params": {"model__colsample_bylevel": 0.3, "model__colsample_bynode": 1.0, "model__colsample_bytree": 0.6628775591019584, "model__learning_rate": 0.3, "model__max_depth": 3.4300598947760177, "model__n_estimators": 22.54852702567359, "model__reg_lambda": 7.734889595885497}, "datetime": {"datetime": "2021-03-24 12:07:18", "elapsed": 172.3983, "delta": 1.410376}}
{"target": -0.3874988673430314, "params": {"model__colsample_bylevel": 0.9996004193685271, "model__colsample_bynode": 0.3, "model__colsample_bytree": 0.9996547586205383, "model__learning_rate": 0.3, "model__max_depth": 3.389925285962681, "model__n_estimators": 22.10938489259299, "model__reg_lambda": 10.0}, "datetime": {"datetime": "2021-03-24 12:07:19", "elapsed": 173.822811, "delta": 1.424511}}
{"target": -0.3144781921637595, "params": {"model__colsample_bylevel": 0.33358299912959155, "model__colsample_bynode": 0.42539988464085043, "model__colsample_bytree": 0.31081315280943833, "model__learning_rate": 0.291259570669707, "model__max_depth": 7.9578684163358755, "model__n_estimators": 27.119830247898108, "model__reg_lambda": 0.8921272438702998}, "datetime": {"datetime": "2021-03-24 12:07:20", "elapsed": 175.164968, "delta": 1.342157}}
{"target": -0.3165260524902344, "params": {"model__colsample_bylevel": 0.5775384679386694, "model__colsample_bynode": 0.9896767932424404, "model__colsample_bytree": 0.571426499584857, "model__learning_rate": 0.2977829760221006, "model__max_depth": 3.3391881575571833, "model__n_estimators": 29.94614752842972, "model__reg_lambda": 3.5728648416003974}, "datetime": {"datetime": "2021-03-24 12:07:22", "elapsed": 176.690294, "delta": 1.525326}}
{"target": -0.35806211455509174, "params": {"model__colsample_bylevel": 0.5029209728505416, "model__colsample_bynode": 0.3887982600829928, "model__colsample_bytree": 0.9382973901243494, "model__learning_rate": 0.290352694564066, "model__max_depth": 7.9257647444647805, "model__n_estimators": 24.342548698711607, "model__reg_lambda": 9.97980357950516}, "datetime": {"datetime": "2021-03-24 12:07:23", "elapsed": 178.065971, "delta": 1.375677}}
{"target": -0.29776026709880454, "params": {"model__colsample_bylevel": 0.8643929186815351, "model__colsample_bynode": 0.8376062157185853, "model__colsample_bytree": 0.937537305187915, "model__learning_rate": 0.2833795531077623, "model__max_depth": 2.030184057203298, "model__n_estimators": 29.49949475908965, "model__reg_lambda": 0.04358504250009165}, "datetime": {"datetime": "2021-03-24 12:07:25", "elapsed": 179.59049, "delta": 1.524519}}
{"target": -0.33148178799909644, "params": {"model__colsample_bylevel": 0.9427200952501456, "model__colsample_bynode": 0.9728026451280083, "model__colsample_bytree": 0.9491180185179804, "model__learning_rate": 0.27789204627821723, "model__max_depth": 3.173573688630186, "model__n_estimators": 29.992231651072814, "model__reg_lambda": 0.2805027449965858}, "datetime": {"datetime": "2021-03-24 12:07:26", "elapsed": 180.986578, "delta": 1.396088}}
{"target": -0.33822818223498363, "params": {"model__colsample_bylevel": 0.4966475404820101, "model__colsample_bynode": 0.8698370408346299, "model__colsample_bytree": 0.9095311336485628, "model__learning_rate": 0.21547684789669597, "model__max_depth": 2.136344895029982, "model__n_estimators": 29.753513054316564, "model__reg_lambda": 0.010290723235011345}, "datetime": {"datetime": "2021-03-24 12:07:28", "elapsed": 182.382368, "delta": 1.39579}}
{"target": -0.3079926652073745, "params": {"model__colsample_bylevel": 0.3851415641988507, "model__colsample_bynode": 0.9202326597788275, "model__colsample_bytree": 0.31158663816296406, "model__learning_rate": 0.29429825441134444, "model__max_depth": 6.4364764679376405, "model__n_estimators": 29.030690873717177, "model__reg_lambda": 1.3565725237182324}, "datetime": {"datetime": "2021-03-24 12:07:29", "elapsed": 183.61458, "delta": 1.232212}}
{"target": -0.3680167989008992, "params": {"model__colsample_bylevel": 0.3545177719951147, "model__colsample_bynode": 0.9561473871537538, "model__colsample_bytree": 0.9335320345789733, "model__learning_rate": 0.2816427619744656, "model__max_depth": 6.715883250510918, "model__n_estimators": 16.45894649924115, "model__reg_lambda": 4.698304957106487}, "datetime": {"datetime": "2021-03-24 12:07:30", "elapsed": 185.028061, "delta": 1.413481}}
{"target": -0.3538016305589354, "params": {"model__colsample_bylevel": 0.3229727830077722, "model__colsample_bynode": 0.8321377995737307, "model__colsample_bytree": 0.43640857789084486, "model__learning_rate": 0.2919750228361201, "model__max_depth": 3.174758774533114, "model__n_estimators": 25.21085457040016, "model__reg_lambda": 0.00015699611025876692}, "datetime": {"datetime": "2021-03-24 12:07:32", "elapsed": 186.508593, "delta": 1.480532}}
{"target": -0.36378866821566286, "params": {"model__colsample_bylevel": 0.9311086586746697, "model__colsample_bynode": 0.38263658838655, "model__colsample_bytree": 0.874520689074541, "model__learning_rate": 0.25464558075504184, "model__max_depth": 2.2394885939948033, "model__n_estimators": 28.64590655798574, "model__reg_lambda": 0.3239947240952068}, "datetime": {"datetime": "2021-03-24 12:07:33", "elapsed": 187.740408, "delta": 1.231815}}
{"target": -0.3694406851186363, "params": {"model__colsample_bylevel": 0.7147072944699543, "model__colsample_bynode": 0.9579905371325599, "model__colsample_bytree": 0.8060305962523553, "model__learning_rate": 0.29067701682272284, "model__max_depth": 4.5168661102259415, "model__n_estimators": 22.657554255864305, "model__reg_lambda": 0.9549384431095098}, "datetime": {"datetime": "2021-03-24 12:07:34", "elapsed": 189.13601, "delta": 1.395602}}
