{"target": -0.32000958312613265, "params": {"model__colsample_bylevel": 1.0, "model__colsample_bynode": 1.0, "model__colsample_bytree": 1.0, "model__learning_rate": 0.3, "model__max_depth": 4.01670281118764, "model__n_estimators": 19.831697047152364, "model__reg_lambda": 10.0}, "datetime": {"datetime": "2021-03-27 17:08:23", "elapsed": 44.54163, "delta": 1.143565}}
{"target": -0.30569614969342407, "params": {"model__colsample_bylevel": 1.0, "model__colsample_bynode": 0.9301138217402635, "model__colsample_bytree": 1.0, "model__learning_rate": 0.3, "model__max_depth": 7.481410878577406, "model__n_estimators": 20.658386939422307, "model__reg_lambda": 7.473474461559812}, "datetime": {"datetime": "2021-03-27 17:08:24", "elapsed": 45.742141, "delta": 1.200511}}
{"target": -0.250566625873646, "params": {"model__colsample_bylevel": 0.9244979131260342, "model__colsample_bynode": 0.42962921946891, "model__colsample_bytree": 0.33834027980181663, "model__learning_rate": 0.27986670352619947, "model__max_depth": 7.14582757327266, "model__n_estimators": 29.889227643252386, "model__reg_lambda": 0.28475040421139686}, "datetime": {"datetime": "2021-03-27 17:08:25", "elapsed": 47.059452, "delta": 1.317311}}
{"target": -0.38930901225818243, "params": {"model__colsample_bylevel": 0.34073932229526255, "model__colsample_bynode": 0.3180847997225702, "model__colsample_bytree": 0.7461190748592875, "model__learning_rate": 0.16539951682214643, "model__max_depth": 2.0043953633296545, "model__n_estimators": 28.779139412786584, "model__reg_lambda": 0.1315227672893693}, "datetime": {"datetime": "2021-03-27 17:08:27", "elapsed": 48.20817, "delta": 1.148718}}
{"target": -0.32839957944664133, "params": {"model__colsample_bylevel": 1.0, "model__colsample_bynode": 1.0, "model__colsample_bytree": 1.0, "model__learning_rate": 0.3, "model__max_depth": 2.0, "model__n_estimators": 28.449861776760557, "model__reg_lambda": 10.0}, "datetime": {"datetime": "2021-03-27 17:08:28", "elapsed": 49.325167, "delta": 1.116997}}
{"target": -0.2800221867882984, "params": {"model__colsample_bylevel": 0.9542157452631876, "model__colsample_bynode": 0.4228920024599839, "model__colsample_bytree": 0.9700611353223694, "model__learning_rate": 0.29747796795718134, "model__max_depth": 5.919207318014309, "model__n_estimators": 27.362857519659876, "model__reg_lambda": 0.015071825129983063}, "datetime": {"datetime": "2021-03-27 17:08:29", "elapsed": 50.806758, "delta": 1.481591}}
{"target": -0.29255075976455014, "params": {"model__colsample_bylevel": 1.0, "model__colsample_bynode": 0.3, "model__colsample_bytree": 0.3, "model__learning_rate": 0.3, "model__max_depth": 7.928742975499479, "model__n_estimators": 27.421280633311152, "model__reg_lambda": 0.4459247592670496}, "datetime": {"datetime": "2021-03-27 17:08:31", "elapsed": 52.175809, "delta": 1.369051}}
{"target": -0.29044846651663975, "params": {"model__colsample_bylevel": 0.46022859516339193, "model__colsample_bynode": 0.3197070012851622, "model__colsample_bytree": 0.8538985572426903, "model__learning_rate": 0.29641181510119663, "model__max_depth": 6.817158095475182, "model__n_estimators": 29.88380243710327, "model__reg_lambda": 4.967278516676453}, "datetime": {"datetime": "2021-03-27 17:08:32", "elapsed": 53.434383, "delta": 1.258574}}
{"target": -0.2947783738658156, "params": {"model__colsample_bylevel": 0.9999999922505568, "model__colsample_bynode": 0.9275264972809242, "model__colsample_bytree": 1.0, "model__learning_rate": 0.3, "model__max_depth": 3.2904494755331655, "model__n_estimators": 24.191230743372873, "model__reg_lambda": 6.805873249638475}, "datetime": {"datetime": "2021-03-27 17:08:33", "elapsed": 54.637772, "delta": 1.203389}}
{"target": -0.2873479289687711, "params": {"model__colsample_bylevel": 0.6494904542152078, "model__colsample_bynode": 0.9224076650104269, "model__colsample_bytree": 0.9981749812064742, "model__learning_rate": 0.28113537079266826, "model__max_depth": 3.642391558647073, "model__n_estimators": 28.426585072769512, "model__reg_lambda": 4.379062903555171}, "datetime": {"datetime": "2021-03-27 17:08:34", "elapsed": 55.791081, "delta": 1.153309}}
{"target": -0.3428057591187889, "params": {"model__colsample_bylevel": 1.0, "model__colsample_bynode": 1.0, "model__colsample_bytree": 0.3, "model__learning_rate": 0.3, "model__max_depth": 2.0, "model__n_estimators": 24.11312568095925, "model__reg_lambda": 9.999999999999911}, "datetime": {"datetime": "2021-03-27 17:08:35", "elapsed": 57.0699, "delta": 1.278819}}
{"target": -0.3291249825342464, "params": {"model__colsample_bylevel": 1.0, "model__colsample_bynode": 1.0, "model__colsample_bytree": 1.0, "model__learning_rate": 0.3, "model__max_depth": 8.0, "model__n_estimators": 15.262657916870527, "model__reg_lambda": 1.5603420018608218}, "datetime": {"datetime": "2021-03-27 17:08:37", "elapsed": 58.286868, "delta": 1.216968}}
{"target": -0.32670122405304913, "params": {"model__colsample_bylevel": 0.36061070203017354, "model__colsample_bynode": 0.419847391630532, "model__colsample_bytree": 0.30811084698240243, "model__learning_rate": 0.2948201725939418, "model__max_depth": 6.371079844641652, "model__n_estimators": 18.579820817991028, "model__reg_lambda": 0.2461576546350941}, "datetime": {"datetime": "2021-03-27 17:08:38", "elapsed": 59.408913, "delta": 1.122045}}
{"target": -0.2544062559728669, "params": {"model__colsample_bylevel": 0.9647622158934199, "model__colsample_bynode": 0.931222961205177, "model__colsample_bytree": 0.649698008755029, "model__learning_rate": 0.29896250846657113, "model__max_depth": 3.1512792976697614, "model__n_estimators": 28.34803667584413, "model__reg_lambda": 0.031934336035545074}, "datetime": {"datetime": "2021-03-27 17:08:39", "elapsed": 60.727815, "delta": 1.318902}}
{"target": -0.27880635260135284, "params": {"model__colsample_bylevel": 0.8905835953213286, "model__colsample_bynode": 0.3603596189532374, "model__colsample_bytree": 0.8148889625483682, "model__learning_rate": 0.27404412686096113, "model__max_depth": 7.919951037034843, "model__n_estimators": 29.802956915926096, "model__reg_lambda": 0.27050193240054643}, "datetime": {"datetime": "2021-03-27 17:08:40", "elapsed": 61.940191, "delta": 1.212376}}
{"target": -0.28863459448064377, "params": {"model__colsample_bylevel": 0.9999999999934738, "model__colsample_bynode": 1.0, "model__colsample_bytree": 1.0, "model__learning_rate": 0.3, "model__max_depth": 2.000000000013238, "model__n_estimators": 23.940242637515322, "model__reg_lambda": 0.0}, "datetime": {"datetime": "2021-03-27 17:08:42", "elapsed": 63.188809, "delta": 1.248618}}
{"target": -0.31272285340819506, "params": {"model__colsample_bylevel": 0.3701398327898346, "model__colsample_bynode": 0.9112383995911871, "model__colsample_bytree": 1.0, "model__learning_rate": 0.3, "model__max_depth": 8.0, "model__n_estimators": 18.486807567553576, "model__reg_lambda": 4.738046674413795}, "datetime": {"datetime": "2021-03-27 17:08:43", "elapsed": 64.625675, "delta": 1.436866}}
{"target": -0.3579197011739555, "params": {"model__colsample_bylevel": 0.3, "model__colsample_bynode": 0.3, "model__colsample_bytree": 1.0, "model__learning_rate": 0.3, "model__max_depth": 4.6914308820033845, "model__n_estimators": 15.0, "model__reg_lambda": 2.4652830019789467}, "datetime": {"datetime": "2021-03-27 17:08:44", "elapsed": 65.641603, "delta": 1.015928}}
{"target": -0.293353905998663, "params": {"model__colsample_bylevel": 0.9107111768901066, "model__colsample_bynode": 0.9917772052326288, "model__colsample_bytree": 0.9453947196272887, "model__learning_rate": 0.2749378285217482, "model__max_depth": 6.195155361193135, "model__n_estimators": 29.44155193853582, "model__reg_lambda": 6.591147708278617}, "datetime": {"datetime": "2021-03-27 17:08:45", "elapsed": 66.673272, "delta": 1.031669}}
{"target": -0.2674745066046287, "params": {"model__colsample_bylevel": 1.0, "model__colsample_bynode": 0.3, "model__colsample_bytree": 0.8467815902049171, "model__learning_rate": 0.3, "model__max_depth": 5.6174692031303275, "model__n_estimators": 30.0, "model__reg_lambda": 1.0660378979560374}, "datetime": {"datetime": "2021-03-27 17:08:46", "elapsed": 67.888966, "delta": 1.215694}}
{"target": -0.3212943745029591, "params": {"model__colsample_bylevel": 1.0, "model__colsample_bynode": 0.3, "model__colsample_bytree": 0.3, "model__learning_rate": 0.3, "model__max_depth": 8.0, "model__n_estimators": 16.917055559416415, "model__reg_lambda": 0.987310121795662}, "datetime": {"datetime": "2021-03-27 17:08:47", "elapsed": 68.889696, "delta": 1.00073}}
{"target": -0.31299389943723444, "params": {"model__colsample_bylevel": 0.9365145142266147, "model__colsample_bynode": 0.9783165617815262, "model__colsample_bytree": 0.460061760558347, "model__learning_rate": 0.2981374273418389, "model__max_depth": 5.16514789488688, "model__n_estimators": 27.668294348923773, "model__reg_lambda": 9.94493769056611}, "datetime": {"datetime": "2021-03-27 17:08:49", "elapsed": 70.169138, "delta": 1.279442}}
{"target": -0.2765133518496599, "params": {"model__colsample_bylevel": 0.9579150142696155, "model__colsample_bynode": 1.0, "model__colsample_bytree": 1.0, "model__learning_rate": 0.3, "model__max_depth": 4.007848754437062, "model__n_estimators": 26.295389144797912, "model__reg_lambda": 1.6006007256124495}, "datetime": {"datetime": "2021-03-27 17:08:50", "elapsed": 71.538802, "delta": 1.369664}}
{"target": -0.2947953118219722, "params": {"model__colsample_bylevel": 1.0, "model__colsample_bynode": 0.9999999930047171, "model__colsample_bytree": 0.3, "model__learning_rate": 0.3, "model__max_depth": 5.893702817459213, "model__n_estimators": 21.899357710889266, "model__reg_lambda": 1.4242247179289655}, "datetime": {"datetime": "2021-03-27 17:08:51", "elapsed": 72.831286, "delta": 1.292484}}
{"target": -0.3050680437067902, "params": {"model__colsample_bylevel": 1.0, "model__colsample_bynode": 0.9999999996223259, "model__colsample_bytree": 1.0, "model__learning_rate": 0.3, "model__max_depth": 4.944420444217464, "model__n_estimators": 22.962071096739855, "model__reg_lambda": 7.438508689942295}, "datetime": {"datetime": "2021-03-27 17:08:52", "elapsed": 73.993249, "delta": 1.161963}}
{"target": -0.3233455565845783, "params": {"model__colsample_bylevel": 0.3, "model__colsample_bynode": 1.0, "model__colsample_bytree": 1.0, "model__learning_rate": 0.3, "model__max_depth": 2.0, "model__n_estimators": 30.0, "model__reg_lambda": 10.0}, "datetime": {"datetime": "2021-03-27 17:08:54", "elapsed": 75.246241, "delta": 1.252992}}
{"target": -0.30117311760904675, "params": {"model__colsample_bylevel": 0.3, "model__colsample_bynode": 0.8134624087918212, "model__colsample_bytree": 0.8789802507097412, "model__learning_rate": 0.3, "model__max_depth": 5.923562845139259, "model__n_estimators": 19.31854433266355, "model__reg_lambda": 4.103273439298701}, "datetime": {"datetime": "2021-03-27 17:08:55", "elapsed": 76.47273, "delta": 1.226489}}
{"target": -0.3172972659826737, "params": {"model__colsample_bylevel": 0.4425642605817514, "model__colsample_bynode": 1.0, "model__colsample_bytree": 1.0, "model__learning_rate": 0.3, "model__max_depth": 7.047616211752822, "model__n_estimators": 22.641748596117928, "model__reg_lambda": 8.96645331143643}, "datetime": {"datetime": "2021-03-27 17:08:56", "elapsed": 77.895866, "delta": 1.423136}}
{"target": -0.36101109123032915, "params": {"model__colsample_bylevel": 1.0, "model__colsample_bynode": 1.0, "model__colsample_bytree": 0.3, "model__learning_rate": 0.3, "model__max_depth": 4.888875758330794, "model__n_estimators": 15.0, "model__reg_lambda": 10.0}, "datetime": {"datetime": "2021-03-27 17:08:58", "elapsed": 79.186312, "delta": 1.290446}}
{"target": -0.3314374892196308, "params": {"model__colsample_bylevel": 0.4680127759705167, "model__colsample_bynode": 0.5489474454674964, "model__colsample_bytree": 0.37185851295312644, "model__learning_rate": 0.28250253242049483, "model__max_depth": 5.301849478305428, "model__n_estimators": 29.889868104582757, "model__reg_lambda": 3.7496364733841037}, "datetime": {"datetime": "2021-03-27 17:08:59", "elapsed": 80.509504, "delta": 1.323192}}
{"target": -0.35640806416724474, "params": {"model__colsample_bylevel": 1.0, "model__colsample_bynode": 0.3, "model__colsample_bytree": 1.0, "model__learning_rate": 0.3, "model__max_depth": 5.078000891824257, "model__n_estimators": 15.0, "model__reg_lambda": 10.0}, "datetime": {"datetime": "2021-03-27 17:09:00", "elapsed": 81.872931, "delta": 1.363427}}
{"target": -0.26439662228498284, "params": {"model__colsample_bylevel": 1.0, "model__colsample_bynode": 1.0, "model__colsample_bytree": 0.9999999968171452, "model__learning_rate": 0.3, "model__max_depth": 2.9513488955188967, "model__n_estimators": 29.179532609972583, "model__reg_lambda": 1.380375056557409}, "datetime": {"datetime": "2021-03-27 17:09:01", "elapsed": 83.014617, "delta": 1.141686}}
{"target": -0.26218987241489866, "params": {"model__colsample_bylevel": 0.30629973368925106, "model__colsample_bynode": 0.9899053183361084, "model__colsample_bytree": 0.4583666128685681, "model__learning_rate": 0.29558577764833155, "model__max_depth": 3.2530792837510445, "model__n_estimators": 29.935470026377587, "model__reg_lambda": 0.1416207949263515}, "datetime": {"datetime": "2021-03-27 17:09:03", "elapsed": 84.394072, "delta": 1.379455}}
{"target": -0.30352384785048503, "params": {"model__colsample_bylevel": 1.0, "model__colsample_bynode": 0.3, "model__colsample_bytree": 0.9999999974996764, "model__learning_rate": 0.3, "model__max_depth": 8.0, "model__n_estimators": 27.75819262638989, "model__reg_lambda": 10.0}, "datetime": {"datetime": "2021-03-27 17:09:04", "elapsed": 85.708371, "delta": 1.314299}}
{"target": -0.2852295863583846, "params": {"model__colsample_bylevel": 1.0, "model__colsample_bynode": 0.3, "model__colsample_bytree": 1.0, "model__learning_rate": 0.3, "model__max_depth": 8.0, "model__n_estimators": 24.63666310831399, "model__reg_lambda": 2.685708881650902}, "datetime": {"datetime": "2021-03-27 17:09:05", "elapsed": 86.903569, "delta": 1.195198}}
{"target": -0.31091400581729206, "params": {"model__colsample_bylevel": 0.7008730615641212, "model__colsample_bynode": 0.3545396582401779, "model__colsample_bytree": 0.7644991901153332, "model__learning_rate": 0.29664103205770587, "model__max_depth": 3.6377796847552837, "model__n_estimators": 29.843287891493816, "model__reg_lambda": 9.829584977284554}, "datetime": {"datetime": "2021-03-27 17:09:07", "elapsed": 88.127252, "delta": 1.223683}}
{"target": -0.27651536848414626, "params": {"model__colsample_bylevel": 0.3, "model__colsample_bynode": 0.9497745227125155, "model__colsample_bytree": 1.0, "model__learning_rate": 0.3, "model__max_depth": 2.6651945512113837, "model__n_estimators": 18.571114197269825, "model__reg_lambda": 0.0}, "datetime": {"datetime": "2021-03-27 17:09:08", "elapsed": 89.651775, "delta": 1.524523}}
{"target": -0.28827431322399366, "params": {"model__colsample_bylevel": 1.0, "model__colsample_bynode": 1.0, "model__colsample_bytree": 0.6207119927320571, "model__learning_rate": 0.3, "model__max_depth": 6.280069835828259, "model__n_estimators": 25.336567043278286, "model__reg_lambda": 6.222093229612827}, "datetime": {"datetime": "2021-03-27 17:09:09", "elapsed": 90.823536, "delta": 1.171761}}
{"target": -0.2650353358430869, "params": {"model__colsample_bylevel": 0.9797704101620559, "model__colsample_bynode": 0.3123570332241626, "model__colsample_bytree": 0.9586565223031502, "model__learning_rate": 0.2763533801961596, "model__max_depth": 7.930177714279198, "model__n_estimators": 29.441175451259003, "model__reg_lambda": 3.0781207425717683}, "datetime": {"datetime": "2021-03-27 17:09:10", "elapsed": 91.951979, "delta": 1.128443}}
{"target": -0.2973964883592313, "params": {"model__colsample_bylevel": 0.9778955207463913, "model__colsample_bynode": 0.8406176629511877, "model__colsample_bytree": 0.4535617698128653, "model__learning_rate": 0.293024574548959, "model__max_depth": 3.3306584111223736, "model__n_estimators": 29.32317838168732, "model__reg_lambda": 0.08078825912076759}, "datetime": {"datetime": "2021-03-27 17:09:11", "elapsed": 93.029114, "delta": 1.077135}}
{"target": -0.2905385984158467, "params": {"model__colsample_bylevel": 0.4332718753423884, "model__colsample_bynode": 0.5595895828704063, "model__colsample_bytree": 0.8836290664511905, "model__learning_rate": 0.28546223639893314, "model__max_depth": 5.457379216678426, "model__n_estimators": 29.899511622274858, "model__reg_lambda": 0.4862654276228806}, "datetime": {"datetime": "2021-03-27 17:09:13", "elapsed": 94.329892, "delta": 1.300778}}
{"target": -0.349158116834967, "params": {"model__colsample_bylevel": 0.3, "model__colsample_bynode": 0.3, "model__colsample_bytree": 0.3, "model__learning_rate": 0.3, "model__max_depth": 8.0, "model__n_estimators": 29.398920095114736, "model__reg_lambda": 9.999730469145227}, "datetime": {"datetime": "2021-03-27 17:09:14", "elapsed": 95.592296, "delta": 1.262404}}
{"target": -0.2709122895151782, "params": {"model__colsample_bylevel": 0.3, "model__colsample_bynode": 1.0, "model__colsample_bytree": 0.9999999970350443, "model__learning_rate": 0.3, "model__max_depth": 4.22114411778716, "model__n_estimators": 19.958580582276376, "model__reg_lambda": 0.5970648085533133}, "datetime": {"datetime": "2021-03-27 17:09:15", "elapsed": 97.027824, "delta": 1.435528}}
{"target": -0.28994087539777746, "params": {"model__colsample_bylevel": 0.6142957608768689, "model__colsample_bynode": 0.8172986082245854, "model__colsample_bytree": 0.4216969830814079, "model__learning_rate": 0.288493255115237, "model__max_depth": 3.9301257440170465, "model__n_estimators": 27.242749684630024, "model__reg_lambda": 0.17860757352454737}, "datetime": {"datetime": "2021-03-27 17:09:17", "elapsed": 98.263582, "delta": 1.235758}}
{"target": -0.27989852381161534, "params": {"model__colsample_bylevel": 1.0, "model__colsample_bynode": 0.30000000576606595, "model__colsample_bytree": 0.9999999911003644, "model__learning_rate": 0.3, "model__max_depth": 5.8444851150544075, "model__n_estimators": 24.371603644427836, "model__reg_lambda": 1.0965569492175213}, "datetime": {"datetime": "2021-03-27 17:09:18", "elapsed": 99.534547, "delta": 1.270965}}
{"target": -0.33031191034444973, "params": {"model__colsample_bylevel": 0.3, "model__colsample_bynode": 1.0, "model__colsample_bytree": 0.3, "model__learning_rate": 0.3, "model__max_depth": 2.6217839867403527, "model__n_estimators": 29.772827921192114, "model__reg_lambda": 5.400982807025457}, "datetime": {"datetime": "2021-03-27 17:09:19", "elapsed": 100.834213, "delta": 1.299666}}
{"target": -0.30655262150946816, "params": {"model__colsample_bylevel": 0.9574791468978412, "model__colsample_bynode": 0.3083616516840489, "model__colsample_bytree": 0.9534190294567213, "model__learning_rate": 0.29056690316147904, "model__max_depth": 2.647446580533487, "model__n_estimators": 18.8899939352664, "model__reg_lambda": 0.4948507922878276}, "datetime": {"datetime": "2021-03-27 17:09:21", "elapsed": 102.819976, "delta": 1.985763}}
{"target": -0.31329235124023824, "params": {"model__colsample_bylevel": 0.32507676193803314, "model__colsample_bynode": 0.368085010464237, "model__colsample_bytree": 0.9338744333563915, "model__learning_rate": 0.2807723261962659, "model__max_depth": 3.669586336896508, "model__n_estimators": 17.46958797832522, "model__reg_lambda": 0.22520816612051409}, "datetime": {"datetime": "2021-03-27 17:09:22", "elapsed": 104.041894, "delta": 1.221918}}
{"target": -0.27018970243271734, "params": {"model__colsample_bylevel": 0.9087853943935942, "model__colsample_bynode": 0.9730167398083911, "model__colsample_bytree": 0.9227430785424271, "model__learning_rate": 0.27595533908930436, "model__max_depth": 2.049309600288817, "model__n_estimators": 27.639744201986172, "model__reg_lambda": 0.21453267126776976}, "datetime": {"datetime": "2021-03-27 17:09:24", "elapsed": 105.28942, "delta": 1.247526}}
{"target": -0.30521918533646597, "params": {"model__colsample_bylevel": 0.5102060582189052, "model__colsample_bynode": 0.9889724181759432, "model__colsample_bytree": 0.8666046638043543, "model__learning_rate": 0.28649259891580525, "model__max_depth": 4.085519044994744, "model__n_estimators": 24.34701402151855, "model__reg_lambda": 0.0012686109541404367}, "datetime": {"datetime": "2021-03-27 17:09:25", "elapsed": 106.484684, "delta": 1.195264}}
{"target": -0.2996612607752837, "params": {"model__colsample_bylevel": 0.9999999960496244, "model__colsample_bynode": 0.3, "model__colsample_bytree": 1.0, "model__learning_rate": 0.3, "model__max_depth": 7.068106638654965, "model__n_estimators": 25.923209397269385, "model__reg_lambda": 5.525480430862458}, "datetime": {"datetime": "2021-03-27 17:09:26", "elapsed": 107.570206, "delta": 1.085522}}
{"target": -0.31053677438792054, "params": {"model__colsample_bylevel": 1.0, "model__colsample_bynode": 0.3, "model__colsample_bytree": 0.3718458142932054, "model__learning_rate": 0.3, "model__max_depth": 5.459909579915523, "model__n_estimators": 30.0, "model__reg_lambda": 5.95398416819149}, "datetime": {"datetime": "2021-03-27 17:09:27", "elapsed": 108.851371, "delta": 1.281165}}
{"target": -0.2921102878190509, "params": {"model__colsample_bylevel": 0.9977938892288192, "model__colsample_bynode": 0.9739221476225932, "model__colsample_bytree": 0.32561186225139077, "model__learning_rate": 0.29988995692739306, "model__max_depth": 3.426685855152681, "model__n_estimators": 24.212760873192224, "model__reg_lambda": 1.7988451504903025}, "datetime": {"datetime": "2021-03-27 17:09:29", "elapsed": 110.184348, "delta": 1.332977}}
