{"target": -0.293611176027174, "params": {"model__colsample_bylevel": 1.0, "model__colsample_bynode": 0.9999999994567279, "model__colsample_bytree": 0.9999999765897688, "model__learning_rate": 0.3, "model__max_depth": 8.0, "model__n_estimators": 28.95683823418782, "model__reg_lambda": 9.345682010390748}, "datetime": {"datetime": "2021-03-27 17:10:38", "elapsed": 179.601423, "delta": 1.255732}}
{"target": -0.2768616324420546, "params": {"model__colsample_bylevel": 1.0, "model__colsample_bynode": 1.0, "model__colsample_bytree": 0.999999969544519, "model__learning_rate": 0.3, "model__max_depth": 3.108208649651975, "model__n_estimators": 26.400974493168484, "model__reg_lambda": 0.7125980109081885}, "datetime": {"datetime": "2021-03-27 17:10:39", "elapsed": 181.03587, "delta": 1.434447}}
{"target": -0.306530343156065, "params": {"model__colsample_bylevel": 0.9032279884437302, "model__colsample_bynode": 0.3074971741687259, "model__colsample_bytree": 0.9861203523964235, "model__learning_rate": 0.2877281635472209, "model__max_depth": 4.793823756354551, "model__n_estimators": 19.169166886413144, "model__reg_lambda": 5.675215292744079}, "datetime": {"datetime": "2021-03-27 17:10:41", "elapsed": 182.338688, "delta": 1.302818}}
{"target": -0.2778231225760175, "params": {"model__colsample_bylevel": 0.33526778294521176, "model__colsample_bynode": 0.8455843476209208, "model__colsample_bytree": 0.7420872065581994, "model__learning_rate": 0.2999422209965832, "model__max_depth": 3.6737454686621085, "model__n_estimators": 25.00110277903179, "model__reg_lambda": 1.05277146269931}, "datetime": {"datetime": "2021-03-27 17:10:42", "elapsed": 183.567364, "delta": 1.228676}}
{"target": -0.3155119032632775, "params": {"model__colsample_bylevel": 1.0, "model__colsample_bynode": 1.0, "model__colsample_bytree": 0.3, "model__learning_rate": 0.3, "model__max_depth": 8.0, "model__n_estimators": 21.783102221461984, "model__reg_lambda": 7.694127926223468}, "datetime": {"datetime": "2021-03-27 17:10:44", "elapsed": 185.232441, "delta": 1.665077}}
{"target": -0.28565329171993864, "params": {"model__colsample_bylevel": 1.0, "model__colsample_bynode": 0.9999999999991653, "model__colsample_bytree": 0.9999999999991653, "model__learning_rate": 0.3, "model__max_depth": 3.553042443380449, "model__n_estimators": 18.349427946144193, "model__reg_lambda": 1.1239652984826933}, "datetime": {"datetime": "2021-03-27 17:10:45", "elapsed": 186.682814, "delta": 1.450373}}
{"target": -0.27042479539919384, "params": {"model__colsample_bylevel": 0.9637559601472023, "model__colsample_bynode": 0.4617365830883401, "model__colsample_bytree": 0.9388012867577751, "model__learning_rate": 0.29103692866311603, "model__max_depth": 3.451464969910652, "model__n_estimators": 29.426917338842124, "model__reg_lambda": 3.453627414965579}, "datetime": {"datetime": "2021-03-27 17:10:47", "elapsed": 188.149581, "delta": 1.466767}}
{"target": -0.2610283414084562, "params": {"model__colsample_bylevel": 0.41054323733850295, "model__colsample_bynode": 0.9988418606362617, "model__colsample_bytree": 0.8213806760847278, "model__learning_rate": 0.29272587064287237, "model__max_depth": 2.7064584198570207, "model__n_estimators": 23.71953049707712, "model__reg_lambda": 0.8237632476807266}, "datetime": {"datetime": "2021-03-27 17:10:48", "elapsed": 189.318606, "delta": 1.169025}}
{"target": -0.2818946013414382, "params": {"model__colsample_bylevel": 1.0, "model__colsample_bynode": 0.7910182019841048, "model__colsample_bytree": 1.0, "model__learning_rate": 0.3, "model__max_depth": 8.0, "model__n_estimators": 28.779088791484185, "model__reg_lambda": 6.1845033203475}, "datetime": {"datetime": "2021-03-27 17:10:49", "elapsed": 190.764611, "delta": 1.446005}}
{"target": -0.29396466868963306, "params": {"model__colsample_bylevel": 0.625782726402474, "model__colsample_bynode": 0.31204476910755846, "model__colsample_bytree": 0.9970844488089159, "model__learning_rate": 0.2849458666345659, "model__max_depth": 3.7903536123776527, "model__n_estimators": 29.714167505424697, "model__reg_lambda": 7.353868473421902}, "datetime": {"datetime": "2021-03-27 17:10:51", "elapsed": 192.922295, "delta": 2.157684}}
{"target": -0.26479067193374606, "params": {"model__colsample_bylevel": 0.6481739661423533, "model__colsample_bynode": 0.9941446693463678, "model__colsample_bytree": 0.946666370044051, "model__learning_rate": 0.29663651377627265, "model__max_depth": 7.93835246928025, "model__n_estimators": 28.855314339622804, "model__reg_lambda": 3.8031126717824404}, "datetime": {"datetime": "2021-03-27 17:10:53", "elapsed": 194.273228, "delta": 1.350933}}
{"target": -0.27192447935397646, "params": {"model__colsample_bylevel": 0.3000000016100678, "model__colsample_bynode": 1.0, "model__colsample_bytree": 1.0, "model__learning_rate": 0.3, "model__max_depth": 3.944227667148091, "model__n_estimators": 29.674265417030714, "model__reg_lambda": 0.1031488441830768}, "datetime": {"datetime": "2021-03-27 17:10:54", "elapsed": 195.70505, "delta": 1.431822}}
{"target": -0.2787648561413137, "params": {"model__colsample_bylevel": 0.9966810239965684, "model__colsample_bynode": 0.9570602372500288, "model__colsample_bytree": 0.8667970939740837, "model__learning_rate": 0.2774734905199422, "model__max_depth": 3.866252486389008, "model__n_estimators": 23.075195382551566, "model__reg_lambda": 0.982937841300543}, "datetime": {"datetime": "2021-03-27 17:10:55", "elapsed": 197.00731, "delta": 1.30226}}
{"target": -0.2956834627045454, "params": {"model__colsample_bylevel": 0.9969373681038569, "model__colsample_bynode": 0.9753332986269863, "model__colsample_bytree": 0.6662671325034177, "model__learning_rate": 0.2975231009556664, "model__max_depth": 6.364376782687661, "model__n_estimators": 18.972635904553016, "model__reg_lambda": 3.1536959403425158}, "datetime": {"datetime": "2021-03-27 17:10:57", "elapsed": 198.764908, "delta": 1.757598}}
{"target": -0.2916644978694672, "params": {"model__colsample_bylevel": 1.0, "model__colsample_bynode": 0.9999999838362245, "model__colsample_bytree": 1.0, "model__learning_rate": 0.3, "model__max_depth": 6.64398995755099, "model__n_estimators": 27.169502425633777, "model__reg_lambda": 7.433113133480668}, "datetime": {"datetime": "2021-03-27 17:10:58", "elapsed": 200.038893, "delta": 1.273985}}
{"target": -0.2745666788421922, "params": {"model__colsample_bylevel": 0.9047690822379433, "model__colsample_bynode": 0.9386563505631234, "model__colsample_bytree": 0.9523000338178516, "model__learning_rate": 0.28939649575097, "model__max_depth": 7.250644973642645, "model__n_estimators": 24.17256412625531, "model__reg_lambda": 4.606573730277618}, "datetime": {"datetime": "2021-03-27 17:11:00", "elapsed": 201.56309, "delta": 1.524197}}
{"target": -0.34157845608221926, "params": {"model__colsample_bylevel": 0.3010910821850763, "model__colsample_bynode": 0.33132768551514646, "model__colsample_bytree": 0.5660930969572394, "model__learning_rate": 0.26505010266448426, "model__max_depth": 7.932465630867171, "model__n_estimators": 20.33995262722031, "model__reg_lambda": 0.3945202582171847}, "datetime": {"datetime": "2021-03-27 17:11:01", "elapsed": 203.048601, "delta": 1.485511}}
{"target": -0.3049371682964535, "params": {"model__colsample_bylevel": 1.0, "model__colsample_bynode": 1.0, "model__colsample_bytree": 0.7513665061064051, "model__learning_rate": 0.3, "model__max_depth": 5.997541645317127, "model__n_estimators": 23.952151852227747, "model__reg_lambda": 10.0}, "datetime": {"datetime": "2021-03-27 17:11:03", "elapsed": 204.688835, "delta": 1.640234}}
{"target": -0.2926873852832891, "params": {"model__colsample_bylevel": 1.0, "model__colsample_bynode": 0.9999999996128177, "model__colsample_bytree": 0.9914918500842385, "model__learning_rate": 0.3, "model__max_depth": 4.722873675187823, "model__n_estimators": 20.8270897798993, "model__reg_lambda": 5.149107478513251}, "datetime": {"datetime": "2021-03-27 17:11:04", "elapsed": 205.944916, "delta": 1.256081}}
{"target": -0.2710882376877767, "params": {"model__colsample_bylevel": 0.9288591755107207, "model__colsample_bynode": 0.6012579898188428, "model__colsample_bytree": 0.9668827634078154, "model__learning_rate": 0.29867275618027145, "model__max_depth": 4.675845237692842, "model__n_estimators": 19.53381940594143, "model__reg_lambda": 2.7018775119040708}, "datetime": {"datetime": "2021-03-27 17:11:06", "elapsed": 207.640207, "delta": 1.695291}}
{"target": -0.28646492380834443, "params": {"model__colsample_bylevel": 0.7548792320348681, "model__colsample_bynode": 0.9740793000759658, "model__colsample_bytree": 0.9840915834371335, "model__learning_rate": 0.2978097099667951, "model__max_depth": 2.4588559999047055, "model__n_estimators": 27.988838052100377, "model__reg_lambda": 2.39242956915809}, "datetime": {"datetime": "2021-03-27 17:11:08", "elapsed": 209.19294, "delta": 1.552733}}
{"target": -0.30427801947048666, "params": {"model__colsample_bylevel": 0.9453430517512835, "model__colsample_bynode": 0.3433785582523767, "model__colsample_bytree": 0.37528807290128585, "model__learning_rate": 0.12765662293590507, "model__max_depth": 7.241711951458187, "model__n_estimators": 29.71231108589723, "model__reg_lambda": 0.0940858754122087}, "datetime": {"datetime": "2021-03-27 17:11:09", "elapsed": 210.528059, "delta": 1.335119}}
{"target": -0.29812097326781517, "params": {"model__colsample_bylevel": 0.38825564334368373, "model__colsample_bynode": 0.48127791806278436, "model__colsample_bytree": 0.8343889371157545, "model__learning_rate": 0.2929813200020571, "model__max_depth": 7.497179633288727, "model__n_estimators": 27.151118404000872, "model__reg_lambda": 0.7997981692453981}, "datetime": {"datetime": "2021-03-27 17:11:10", "elapsed": 212.020892, "delta": 1.492833}}
{"target": -0.32963451330037113, "params": {"model__colsample_bylevel": 0.3, "model__colsample_bynode": 1.0, "model__colsample_bytree": 1.0, "model__learning_rate": 0.3, "model__max_depth": 8.0, "model__n_estimators": 19.066242576199134, "model__reg_lambda": 10.0}, "datetime": {"datetime": "2021-03-27 17:11:12", "elapsed": 213.577549, "delta": 1.556657}}
{"target": -0.2747372123755285, "params": {"model__colsample_bylevel": 0.9205820065731392, "model__colsample_bynode": 0.6817988284821963, "model__colsample_bytree": 0.9624723407754221, "model__learning_rate": 0.27833561222230774, "model__max_depth": 5.048598267840418, "model__n_estimators": 20.25158161933429, "model__reg_lambda": 1.2871745758583408}, "datetime": {"datetime": "2021-03-27 17:11:13", "elapsed": 214.950902, "delta": 1.373353}}
{"target": -0.3255971757033705, "params": {"model__colsample_bylevel": 0.9576908342709411, "model__colsample_bynode": 0.32004070381917615, "model__colsample_bytree": 0.9575837203843469, "model__learning_rate": 0.27084699419944314, "model__max_depth": 5.372318643330634, "model__n_estimators": 28.480810447514372, "model__reg_lambda": 7.841104761278923}, "datetime": {"datetime": "2021-03-27 17:11:15", "elapsed": 216.224779, "delta": 1.273877}}
{"target": -0.2902663747445964, "params": {"model__colsample_bylevel": 0.8952502614820894, "model__colsample_bynode": 0.995663803230346, "model__colsample_bytree": 0.39781772162290374, "model__learning_rate": 0.28116018717398916, "model__max_depth": 7.968654491941683, "model__n_estimators": 26.407394539975865, "model__reg_lambda": 3.7944382195245963}, "datetime": {"datetime": "2021-03-27 17:11:16", "elapsed": 217.621344, "delta": 1.396565}}
{"target": -0.2811996915435041, "params": {"model__colsample_bylevel": 0.6436210944077265, "model__colsample_bynode": 0.34834097384832785, "model__colsample_bytree": 0.9605758918417127, "model__learning_rate": 0.29536991954505354, "model__max_depth": 7.887157015631121, "model__n_estimators": 22.04245484535205, "model__reg_lambda": 2.5999961274441175}, "datetime": {"datetime": "2021-03-27 17:11:17", "elapsed": 218.828173, "delta": 1.206829}}
{"target": -0.30278946357172665, "params": {"model__colsample_bylevel": 0.44807820738021714, "model__colsample_bynode": 0.9999999987071693, "model__colsample_bytree": 0.4912960924745944, "model__learning_rate": 0.3, "model__max_depth": 2.485300283295395, "model__n_estimators": 27.988932807511496, "model__reg_lambda": 0.3458545560995285}, "datetime": {"datetime": "2021-03-27 17:11:19", "elapsed": 220.475245, "delta": 1.647072}}
{"target": -0.30682729672593323, "params": {"model__colsample_bylevel": 0.9865865129788951, "model__colsample_bynode": 0.9690182078413854, "model__colsample_bytree": 0.6041499058565207, "model__learning_rate": 0.27877343240157665, "model__max_depth": 7.980235597861442, "model__n_estimators": 25.37782426894401, "model__reg_lambda": 9.861034348957068}, "datetime": {"datetime": "2021-03-27 17:11:20", "elapsed": 222.017756, "delta": 1.542511}}
{"target": -0.23481959020453202, "params": {"model__colsample_bylevel": 0.5485103242028078, "model__colsample_bynode": 0.3588647007014249, "model__colsample_bytree": 0.972082156630466, "model__learning_rate": 0.2924116862665633, "model__max_depth": 7.778819852008846, "model__n_estimators": 28.586498074211807, "model__reg_lambda": 0.8406347158104877}, "datetime": {"datetime": "2021-03-27 17:11:22", "elapsed": 223.813527, "delta": 1.795771}}
{"target": -0.27837384005593463, "params": {"model__colsample_bylevel": 0.5300492039560258, "model__colsample_bynode": 0.949880884891083, "model__colsample_bytree": 0.9999999999855511, "model__learning_rate": 0.3, "model__max_depth": 3.214794231896497, "model__n_estimators": 24.516928442939292, "model__reg_lambda": 3.0142806864394505}, "datetime": {"datetime": "2021-03-27 17:11:24", "elapsed": 225.467179, "delta": 1.653652}}
{"target": -0.2722943368950771, "params": {"model__colsample_bylevel": 0.8325652292013266, "model__colsample_bynode": 0.4394371627370837, "model__colsample_bytree": 0.8779495949867133, "model__learning_rate": 0.28772294441110835, "model__max_depth": 7.429149867113437, "model__n_estimators": 28.385315525326856, "model__reg_lambda": 1.6817989269327949}, "datetime": {"datetime": "2021-03-27 17:11:25", "elapsed": 226.979738, "delta": 1.512559}}
{"target": -0.29224688654286324, "params": {"model__colsample_bylevel": 0.3072342523650919, "model__colsample_bynode": 0.5792412727140683, "model__colsample_bytree": 0.9955001033814079, "model__learning_rate": 0.28651462001611094, "model__max_depth": 7.862497902748612, "model__n_estimators": 29.334228743375817, "model__reg_lambda": 3.036029712444469}, "datetime": {"datetime": "2021-03-27 17:11:26", "elapsed": 228.107233, "delta": 1.127495}}
{"target": -0.31910546123399397, "params": {"model__colsample_bylevel": 0.570391187552306, "model__colsample_bynode": 0.9845636412283496, "model__colsample_bytree": 0.3666298222155754, "model__learning_rate": 0.2946194656283697, "model__max_depth": 6.921404652709581, "model__n_estimators": 29.62459164229308, "model__reg_lambda": 0.6955935885427988}, "datetime": {"datetime": "2021-03-27 17:11:28", "elapsed": 229.771597, "delta": 1.664364}}
{"target": -0.30982880473315744, "params": {"model__colsample_bylevel": 0.32575190319897174, "model__colsample_bynode": 0.8949739668355241, "model__colsample_bytree": 0.9188728312275878, "model__learning_rate": 0.2905582447432205, "model__max_depth": 7.379757396533947, "model__n_estimators": 17.36016465511178, "model__reg_lambda": 0.22118980312752168}, "datetime": {"datetime": "2021-03-27 17:11:30", "elapsed": 231.721697, "delta": 1.9501}}
{"target": -0.3433505450112178, "params": {"model__colsample_bylevel": 1.0, "model__colsample_bynode": 0.3, "model__colsample_bytree": 1.0, "model__learning_rate": 0.3, "model__max_depth": 6.323397405207482, "model__n_estimators": 15.0, "model__reg_lambda": 4.641013169727789}, "datetime": {"datetime": "2021-03-27 17:11:32", "elapsed": 233.242459, "delta": 1.520762}}
{"target": -0.31785186987093555, "params": {"model__colsample_bylevel": 1.0, "model__colsample_bynode": 0.3, "model__colsample_bytree": 1.0, "model__learning_rate": 0.3, "model__max_depth": 3.5910150433427055, "model__n_estimators": 23.026097615306238, "model__reg_lambda": 10.0}, "datetime": {"datetime": "2021-03-27 17:11:34", "elapsed": 235.353659, "delta": 2.1112}}
{"target": -0.3220646868044834, "params": {"model__colsample_bylevel": 1.0, "model__colsample_bynode": 0.3, "model__colsample_bytree": 1.0, "model__learning_rate": 0.3, "model__max_depth": 8.0, "model__n_estimators": 23.013190254381364, "model__reg_lambda": 8.90518404034117}, "datetime": {"datetime": "2021-03-27 17:11:35", "elapsed": 237.108433, "delta": 1.754774}}
{"target": -0.29372490364349574, "params": {"model__colsample_bylevel": 0.8189810637500137, "model__colsample_bynode": 0.9882721191693995, "model__colsample_bytree": 0.4381442356045945, "model__learning_rate": 0.28880884698119436, "model__max_depth": 5.451369588626392, "model__n_estimators": 27.500889022825433, "model__reg_lambda": 2.2518671484339925}, "datetime": {"datetime": "2021-03-27 17:11:37", "elapsed": 238.855563, "delta": 1.74713}}
{"target": -0.3175292024216817, "params": {"model__colsample_bylevel": 0.3085053724634524, "model__colsample_bynode": 0.37741925543469795, "model__colsample_bytree": 0.7246501377138487, "model__learning_rate": 0.26434323381413544, "model__max_depth": 7.98195219581792, "model__n_estimators": 28.72667757214151, "model__reg_lambda": 0.05933509111920365}, "datetime": {"datetime": "2021-03-27 17:11:39", "elapsed": 240.600935, "delta": 1.745372}}
{"target": -0.31084625273601296, "params": {"model__colsample_bylevel": 0.9823839811482966, "model__colsample_bynode": 0.7908578192318461, "model__colsample_bytree": 1.0, "model__learning_rate": 0.3, "model__max_depth": 8.0, "model__n_estimators": 24.026286742100343, "model__reg_lambda": 0.0}, "datetime": {"datetime": "2021-03-27 17:11:41", "elapsed": 242.347428, "delta": 1.746493}}
{"target": -0.27814022217905887, "params": {"model__colsample_bylevel": 1.0, "model__colsample_bynode": 0.3, "model__colsample_bytree": 1.0, "model__learning_rate": 0.3, "model__max_depth": 5.5257452161875165, "model__n_estimators": 29.999999992013382, "model__reg_lambda": 3.0568016064263515}, "datetime": {"datetime": "2021-03-27 17:11:43", "elapsed": 244.197323, "delta": 1.849895}}
{"target": -0.3020079027614185, "params": {"model__colsample_bylevel": 0.5461534669257168, "model__colsample_bynode": 0.8354893004828181, "model__colsample_bytree": 0.4554873283582424, "model__learning_rate": 0.2843810329083364, "model__max_depth": 7.809378562811304, "model__n_estimators": 24.723341901508043, "model__reg_lambda": 1.4347752052180318}, "datetime": {"datetime": "2021-03-27 17:11:44", "elapsed": 246.030961, "delta": 1.833638}}
{"target": -0.4107926462979421, "params": {"model__colsample_bylevel": 0.3366857589645471, "model__colsample_bynode": 0.8862134241181292, "model__colsample_bytree": 0.57136420400111, "model__learning_rate": 0.2971813007294335, "model__max_depth": 2.0046853797891395, "model__n_estimators": 15.021146152592003, "model__reg_lambda": 7.110966384714057}, "datetime": {"datetime": "2021-03-27 17:11:47", "elapsed": 248.169065, "delta": 2.138104}}
{"target": -0.3296962808912107, "params": {"model__colsample_bylevel": 0.866946738708041, "model__colsample_bynode": 0.9513008068211257, "model__colsample_bytree": 0.9735744322110682, "model__learning_rate": 0.27223874963700223, "model__max_depth": 7.989991789285937, "model__n_estimators": 17.899895183792953, "model__reg_lambda": 7.3272111401838895}, "datetime": {"datetime": "2021-03-27 17:11:48", "elapsed": 249.741312, "delta": 1.572247}}
{"target": -0.2692621523782651, "params": {"model__colsample_bylevel": 0.9285090530607683, "model__colsample_bynode": 0.3570250852349584, "model__colsample_bytree": 0.9759082765047231, "model__learning_rate": 0.2947206896319612, "model__max_depth": 7.918798941155156, "model__n_estimators": 25.714983594322888, "model__reg_lambda": 1.4504225015751737}, "datetime": {"datetime": "2021-03-27 17:11:50", "elapsed": 251.440528, "delta": 1.699216}}
{"target": -0.2835638243151639, "params": {"model__colsample_bylevel": 0.7272819085177671, "model__colsample_bynode": 0.9672747997692805, "model__colsample_bytree": 0.9152905322968543, "model__learning_rate": 0.27912717476514504, "model__max_depth": 4.019190965490875, "model__n_estimators": 29.996499916580426, "model__reg_lambda": 6.153556335517067}, "datetime": {"datetime": "2021-03-27 17:11:51", "elapsed": 252.902914, "delta": 1.462386}}
{"target": -0.36469158297944543, "params": {"model__colsample_bylevel": 1.0, "model__colsample_bynode": 1.0, "model__colsample_bytree": 1.0, "model__learning_rate": 0.3, "model__max_depth": 2.0, "model__n_estimators": 18.32564233537728, "model__reg_lambda": 6.743753920017955}, "datetime": {"datetime": "2021-03-27 17:11:53", "elapsed": 254.511575, "delta": 1.608661}}
