{"target": -0.3388111362915378, "params": {"model__colsample_bylevel": 0.3, "model__colsample_bynode": 0.3610231769772131, "model__colsample_bytree": 0.3, "model__learning_rate": 0.3, "model__max_depth": 8.0, "model__n_estimators": 19.98540954799407, "model__reg_lambda": 3.7377482861440634}, "datetime": {"datetime": "2021-03-27 17:09:30", "elapsed": 111.34398, "delta": 1.159632}}
{"target": -0.2644117210056984, "params": {"model__colsample_bylevel": 0.9963613213550027, "model__colsample_bynode": 0.8403710473291266, "model__colsample_bytree": 0.9609993241256267, "model__learning_rate": 0.29429934371446065, "model__max_depth": 6.734296335182785, "model__n_estimators": 28.613285049922816, "model__reg_lambda": 5.443314319621397}, "datetime": {"datetime": "2021-03-27 17:09:31", "elapsed": 112.553554, "delta": 1.209574}}
{"target": -0.37428708664290067, "params": {"model__colsample_bylevel": 0.31716134787144995, "model__colsample_bynode": 0.3067074075480532, "model__colsample_bytree": 1.0, "model__learning_rate": 0.3, "model__max_depth": 2.0000000004378298, "model__n_estimators": 22.041530515735555, "model__reg_lambda": 6.715072047383144}, "datetime": {"datetime": "2021-03-27 17:09:32", "elapsed": 113.81906, "delta": 1.265506}}
{"target": -0.29098402887019265, "params": {"model__colsample_bylevel": 0.9206112852547941, "model__colsample_bynode": 0.9990442940438351, "model__colsample_bytree": 0.5339683203774311, "model__learning_rate": 0.28397867593544235, "model__max_depth": 6.123237647660545, "model__n_estimators": 28.449034216139857, "model__reg_lambda": 0.548742771675278}, "datetime": {"datetime": "2021-03-27 17:09:34", "elapsed": 115.242989, "delta": 1.423929}}
{"target": -0.3078262087278257, "params": {"model__colsample_bylevel": 0.7019645750087313, "model__colsample_bynode": 0.9373846698439992, "model__colsample_bytree": 0.9998826892181834, "model__learning_rate": 0.20408183983849432, "model__max_depth": 2.700177406479593, "model__n_estimators": 20.249450768831114, "model__reg_lambda": 0.12383309787964203}, "datetime": {"datetime": "2021-03-27 17:09:35", "elapsed": 116.498139, "delta": 1.25515}}
{"target": -0.31011687056726667, "params": {"model__colsample_bylevel": 1.0, "model__colsample_bynode": 0.3, "model__colsample_bytree": 0.3, "model__learning_rate": 0.3, "model__max_depth": 8.0, "model__n_estimators": 22.76421830242812, "model__reg_lambda": 0.0}, "datetime": {"datetime": "2021-03-27 17:09:36", "elapsed": 117.668496, "delta": 1.170357}}
{"target": -0.2692591597769828, "params": {"model__colsample_bylevel": 0.6244497852604355, "model__colsample_bynode": 0.9156870240176078, "model__colsample_bytree": 0.9746745638642769, "model__learning_rate": 0.26951177956674555, "model__max_depth": 7.931950582467588, "model__n_estimators": 29.56173978450278, "model__reg_lambda": 4.139521267444537}, "datetime": {"datetime": "2021-03-27 17:09:37", "elapsed": 118.809103, "delta": 1.140607}}
{"target": -0.3054203300001235, "params": {"model__colsample_bylevel": 0.8203361662639896, "model__colsample_bynode": 0.4506886866058877, "model__colsample_bytree": 0.9600621923851389, "model__learning_rate": 0.2959473475423215, "model__max_depth": 6.169853298487085, "model__n_estimators": 29.9814943055309, "model__reg_lambda": 0.30899789164292923}, "datetime": {"datetime": "2021-03-27 17:09:38", "elapsed": 120.011341, "delta": 1.202238}}
{"target": -0.33271678605764776, "params": {"model__colsample_bylevel": 1.0, "model__colsample_bynode": 0.3, "model__colsample_bytree": 0.3, "model__learning_rate": 0.3, "model__max_depth": 8.0, "model__n_estimators": 15.0, "model__reg_lambda": 2.462620803664704}, "datetime": {"datetime": "2021-03-27 17:09:40", "elapsed": 121.406091, "delta": 1.39475}}
{"target": -0.3107331258588997, "params": {"model__colsample_bylevel": 1.0, "model__colsample_bynode": 1.0, "model__colsample_bytree": 1.0, "model__learning_rate": 0.3, "model__max_depth": 7.821832876853195, "model__n_estimators": 15.997388391930745, "model__reg_lambda": 4.166028580322628}, "datetime": {"datetime": "2021-03-27 17:09:41", "elapsed": 122.631218, "delta": 1.225127}}
{"target": -0.30655514305167275, "params": {"model__colsample_bylevel": 0.3, "model__colsample_bynode": 0.3, "model__colsample_bytree": 1.0, "model__learning_rate": 0.3, "model__max_depth": 6.818544388508344, "model__n_estimators": 18.71461698146138, "model__reg_lambda": 2.0967182000904145}, "datetime": {"datetime": "2021-03-27 17:09:42", "elapsed": 124.009943, "delta": 1.378725}}
{"target": -0.2697335982990478, "params": {"model__colsample_bylevel": 1.0, "model__colsample_bynode": 0.3, "model__colsample_bytree": 1.0, "model__learning_rate": 0.3, "model__max_depth": 5.721614205158297, "model__n_estimators": 15.00000001898715, "model__reg_lambda": 0.0}, "datetime": {"datetime": "2021-03-27 17:09:44", "elapsed": 125.21034, "delta": 1.200397}}
{"target": -0.2983565721033222, "params": {"model__colsample_bylevel": 0.7126277387781816, "model__colsample_bynode": 0.9045066176683876, "model__colsample_bytree": 0.4626717152379146, "model__learning_rate": 0.29022169884200305, "model__max_depth": 4.8775184714945405, "model__n_estimators": 28.00598098275171, "model__reg_lambda": 5.538678646242424}, "datetime": {"datetime": "2021-03-27 17:09:45", "elapsed": 126.418209, "delta": 1.207869}}
{"target": -0.3107317574701839, "params": {"model__colsample_bylevel": 0.9999999997461796, "model__colsample_bynode": 0.9999999990008347, "model__colsample_bytree": 0.3, "model__learning_rate": 0.3, "model__max_depth": 8.0, "model__n_estimators": 20.018160362657593, "model__reg_lambda": 0.48896923840532464}, "datetime": {"datetime": "2021-03-27 17:09:46", "elapsed": 128.066997, "delta": 1.648788}}
{"target": -0.2898530229558305, "params": {"model__colsample_bylevel": 0.4102424084046205, "model__colsample_bynode": 0.7699516975048573, "model__colsample_bytree": 0.3312669948820917, "model__learning_rate": 0.2782868881606959, "model__max_depth": 7.9873878833444545, "model__n_estimators": 29.73690996509586, "model__reg_lambda": 0.05877602202850274}, "datetime": {"datetime": "2021-03-27 17:09:48", "elapsed": 129.389851, "delta": 1.322854}}
{"target": -0.2739832524335066, "params": {"model__colsample_bylevel": 0.9030936037211024, "model__colsample_bynode": 0.838679922100273, "model__colsample_bytree": 0.7989879466531185, "model__learning_rate": 0.2995403190186223, "model__max_depth": 3.705989928383513, "model__n_estimators": 29.716666508020197, "model__reg_lambda": 7.741971193760823}, "datetime": {"datetime": "2021-03-27 17:09:49", "elapsed": 130.796471, "delta": 1.40662}}
{"target": -0.289365009909354, "params": {"model__colsample_bylevel": 0.9543906806751201, "model__colsample_bynode": 0.3124656903637484, "model__colsample_bytree": 0.8571214219498451, "model__learning_rate": 0.291499243511389, "model__max_depth": 2.6982386653575006, "model__n_estimators": 29.980046093036833, "model__reg_lambda": 4.852022155753112}, "datetime": {"datetime": "2021-03-27 17:09:51", "elapsed": 132.263582, "delta": 1.467111}}
{"target": -0.290957163831732, "params": {"model__colsample_bylevel": 1.0, "model__colsample_bynode": 0.9283867925327551, "model__colsample_bytree": 1.0, "model__learning_rate": 0.3, "model__max_depth": 3.870677320362031, "model__n_estimators": 16.681087401172412, "model__reg_lambda": 1.5687649822093783}, "datetime": {"datetime": "2021-03-27 17:09:52", "elapsed": 133.520409, "delta": 1.256827}}
{"target": -0.30093916604545073, "params": {"model__colsample_bylevel": 1.0, "model__colsample_bynode": 1.0, "model__colsample_bytree": 1.0, "model__learning_rate": 0.3, "model__max_depth": 5.331888818472987, "model__n_estimators": 17.77188820185155, "model__reg_lambda": 5.989762521382132}, "datetime": {"datetime": "2021-03-27 17:09:53", "elapsed": 134.763074, "delta": 1.242665}}
{"target": -0.28194924011806266, "params": {"model__colsample_bylevel": 0.3043067574691001, "model__colsample_bynode": 0.9036010076318877, "model__colsample_bytree": 0.8823923157306222, "model__learning_rate": 0.29063157004108564, "model__max_depth": 7.920374601440814, "model__n_estimators": 29.458133283465237, "model__reg_lambda": 6.75654041979633}, "datetime": {"datetime": "2021-03-27 17:09:55", "elapsed": 136.159776, "delta": 1.396702}}
{"target": -0.3049526913580823, "params": {"model__colsample_bylevel": 0.873969077650949, "model__colsample_bynode": 0.3023142845999456, "model__colsample_bytree": 0.40512462568960006, "model__learning_rate": 0.27522155951891825, "model__max_depth": 7.873262462706672, "model__n_estimators": 29.92260768013571, "model__reg_lambda": 3.3501488760334186}, "datetime": {"datetime": "2021-03-27 17:09:56", "elapsed": 137.431676, "delta": 1.2719}}
{"target": -0.3208124554854399, "params": {"model__colsample_bylevel": 0.9670274588029377, "model__colsample_bynode": 0.8570208095249376, "model__colsample_bytree": 0.9984664144225135, "model__learning_rate": 0.2908368545168384, "model__max_depth": 2.2894245364858032, "model__n_estimators": 16.142369304453627, "model__reg_lambda": 0.027931192676050598}, "datetime": {"datetime": "2021-03-27 17:09:57", "elapsed": 138.709889, "delta": 1.278213}}
{"target": -0.34491595576476797, "params": {"model__colsample_bylevel": 0.9653826877686911, "model__colsample_bynode": 0.4471511887566686, "model__colsample_bytree": 0.881540027328517, "model__learning_rate": 0.13360736412141114, "model__max_depth": 7.993500253166916, "model__n_estimators": 29.80542514308751, "model__reg_lambda": 6.301582988477076}, "datetime": {"datetime": "2021-03-27 17:09:59", "elapsed": 140.300846, "delta": 1.590957}}
{"target": -0.2938018645029988, "params": {"model__colsample_bylevel": 0.8806325058897031, "model__colsample_bynode": 0.3838615419370837, "model__colsample_bytree": 0.34134320509352584, "model__learning_rate": 0.26682447158464406, "model__max_depth": 7.952775884708718, "model__n_estimators": 29.529352003901064, "model__reg_lambda": 1.087177420782024}, "datetime": {"datetime": "2021-03-27 17:10:00", "elapsed": 141.670087, "delta": 1.369241}}
{"target": -0.3814746511303752, "params": {"model__colsample_bylevel": 0.3, "model__colsample_bynode": 1.0, "model__colsample_bytree": 0.3, "model__learning_rate": 0.3, "model__max_depth": 2.82120597396815, "model__n_estimators": 19.18384140068957, "model__reg_lambda": 10.0}, "datetime": {"datetime": "2021-03-27 17:10:01", "elapsed": 143.05614, "delta": 1.386053}}
{"target": -0.30166926791223336, "params": {"model__colsample_bylevel": 0.34511132842933656, "model__colsample_bynode": 0.3518349543476617, "model__colsample_bytree": 0.9213029291740038, "model__learning_rate": 0.2689059271030769, "model__max_depth": 7.890717530915705, "model__n_estimators": 25.62410368053154, "model__reg_lambda": 0.2262329221207704}, "datetime": {"datetime": "2021-03-27 17:10:03", "elapsed": 144.355121, "delta": 1.298981}}
{"target": -0.3258642670408269, "params": {"model__colsample_bylevel": 1.0, "model__colsample_bynode": 0.9945762083290632, "model__colsample_bytree": 1.0, "model__learning_rate": 0.3, "model__max_depth": 2.000000000000039, "model__n_estimators": 23.30398236688508, "model__reg_lambda": 5.755372034940296}, "datetime": {"datetime": "2021-03-27 17:10:04", "elapsed": 145.524966, "delta": 1.169845}}
{"target": -0.27728332570236025, "params": {"model__colsample_bylevel": 0.7927886576501173, "model__colsample_bynode": 0.9761896145544213, "model__colsample_bytree": 0.349234671640321, "model__learning_rate": 0.29368030137742795, "model__max_depth": 3.1751380981404465, "model__n_estimators": 27.830068381852225, "model__reg_lambda": 1.937956432945006}, "datetime": {"datetime": "2021-03-27 17:10:05", "elapsed": 146.860825, "delta": 1.335859}}
{"target": -0.28687936440835693, "params": {"model__colsample_bylevel": 1.0, "model__colsample_bynode": 1.0, "model__colsample_bytree": 0.3, "model__learning_rate": 0.3, "model__max_depth": 4.616761014104079, "model__n_estimators": 15.0, "model__reg_lambda": 0.0}, "datetime": {"datetime": "2021-03-27 17:10:07", "elapsed": 148.427024, "delta": 1.566199}}
{"target": -0.28222262290276023, "params": {"model__colsample_bylevel": 0.3561324636007785, "model__colsample_bynode": 0.8860796272962901, "model__colsample_bytree": 0.9993904410809415, "model__learning_rate": 0.27924473845233255, "model__max_depth": 3.6951004977562047, "model__n_estimators": 22.002740515481165, "model__reg_lambda": 4.073595635163995}, "datetime": {"datetime": "2021-03-27 17:10:08", "elapsed": 149.700814, "delta": 1.27379}}
{"target": -0.31276703642755477, "params": {"model__colsample_bylevel": 1.0, "model__colsample_bynode": 1.0, "model__colsample_bytree": 0.3, "model__learning_rate": 0.3, "model__max_depth": 2.49546239589088, "model__n_estimators": 17.710990850958787, "model__reg_lambda": 3.171096268650949e-10}, "datetime": {"datetime": "2021-03-27 17:10:09", "elapsed": 151.003934, "delta": 1.30312}}
{"target": -0.32335418625262335, "params": {"model__colsample_bylevel": 0.3, "model__colsample_bynode": 0.9999999972872069, "model__colsample_bytree": 1.0, "model__learning_rate": 0.3, "model__max_depth": 6.30189733553584, "model__n_estimators": 21.378661751997488, "model__reg_lambda": 6.050452004004173}, "datetime": {"datetime": "2021-03-27 17:10:11", "elapsed": 152.403599, "delta": 1.399665}}
{"target": -0.29874585805818493, "params": {"model__colsample_bylevel": 0.38401820422316696, "model__colsample_bynode": 0.9432286814747253, "model__colsample_bytree": 0.7858758851475671, "model__learning_rate": 0.29211346172234354, "model__max_depth": 3.4847512119930193, "model__n_estimators": 20.908575052168718, "model__reg_lambda": 1.3822526150785086}, "datetime": {"datetime": "2021-03-27 17:10:12", "elapsed": 153.64056, "delta": 1.236961}}
{"target": -0.3370684809595569, "params": {"model__colsample_bylevel": 0.3, "model__colsample_bynode": 0.3, "model__colsample_bytree": 0.3443329091293253, "model__learning_rate": 0.3, "model__max_depth": 4.952716677234857, "model__n_estimators": 20.71323087977316, "model__reg_lambda": 0.0}, "datetime": {"datetime": "2021-03-27 17:10:13", "elapsed": 155.082943, "delta": 1.442383}}
{"target": -0.3305194084627041, "params": {"model__colsample_bylevel": 1.0, "model__colsample_bynode": 1.0, "model__colsample_bytree": 1.0, "model__learning_rate": 0.3, "model__max_depth": 6.34943854761984, "model__n_estimators": 15.024106545930987, "model__reg_lambda": 7.976809486762693}, "datetime": {"datetime": "2021-03-27 17:10:15", "elapsed": 156.506432, "delta": 1.423489}}
{"target": -0.27543861434965367, "params": {"model__colsample_bylevel": 0.3026232093953564, "model__colsample_bynode": 0.33554672402068825, "model__colsample_bytree": 0.8884770900030692, "model__learning_rate": 0.2839758772681332, "model__max_depth": 7.969762259768399, "model__n_estimators": 22.01744609180664, "model__reg_lambda": 0.9525940050581916}, "datetime": {"datetime": "2021-03-27 17:10:16", "elapsed": 157.542391, "delta": 1.035959}}
{"target": -0.28451093397190985, "params": {"model__colsample_bylevel": 0.3718055301786227, "model__colsample_bynode": 0.9873812933002981, "model__colsample_bytree": 0.9817281656377306, "model__learning_rate": 0.2673030646377277, "model__max_depth": 7.885178880769913, "model__n_estimators": 25.54930638700956, "model__reg_lambda": 5.081542494946936}, "datetime": {"datetime": "2021-03-27 17:10:17", "elapsed": 158.891449, "delta": 1.349058}}
{"target": -0.27587640275672565, "params": {"model__colsample_bylevel": 0.9104071799001617, "model__colsample_bynode": 0.3316959694824915, "model__colsample_bytree": 0.38959282009983826, "model__learning_rate": 0.3, "model__max_depth": 6.901714957870936, "model__n_estimators": 28.477475065219835, "model__reg_lambda": 0.16374390997277688}, "datetime": {"datetime": "2021-03-27 17:10:18", "elapsed": 159.99158, "delta": 1.100131}}
{"target": -0.27495302803927457, "params": {"model__colsample_bylevel": 0.9478379949692683, "model__colsample_bynode": 0.8688228313351789, "model__colsample_bytree": 0.8504184213277308, "model__learning_rate": 0.2878996120533812, "model__max_depth": 7.529628372704427, "model__n_estimators": 27.26757919043262, "model__reg_lambda": 4.024680106391031}, "datetime": {"datetime": "2021-03-27 17:10:20", "elapsed": 161.239266, "delta": 1.247686}}
{"target": -0.3274187300914385, "params": {"model__colsample_bylevel": 1.0, "model__colsample_bynode": 1.0, "model__colsample_bytree": 1.0, "model__learning_rate": 0.3, "model__max_depth": 7.301451533680912, "model__n_estimators": 17.121255793264496, "model__reg_lambda": 10.0}, "datetime": {"datetime": "2021-03-27 17:10:21", "elapsed": 162.638407, "delta": 1.399141}}
{"target": -0.3047612585184718, "params": {"model__colsample_bylevel": 0.3, "model__colsample_bynode": 1.0, "model__colsample_bytree": 0.9866457403122584, "model__learning_rate": 0.3, "model__max_depth": 5.652989473832697, "model__n_estimators": 26.732164645648503, "model__reg_lambda": 6.8732142396359714}, "datetime": {"datetime": "2021-03-27 17:10:22", "elapsed": 163.946357, "delta": 1.30795}}
{"target": -0.30077683900995855, "params": {"model__colsample_bylevel": 1.0, "model__colsample_bynode": 0.3, "model__colsample_bytree": 1.0, "model__learning_rate": 0.3, "model__max_depth": 4.128753977484598, "model__n_estimators": 27.291987071208332, "model__reg_lambda": 9.212617048774748}, "datetime": {"datetime": "2021-03-27 17:10:24", "elapsed": 165.208941, "delta": 1.262584}}
{"target": -0.32957297307439143, "params": {"model__colsample_bylevel": 1.0, "model__colsample_bynode": 1.0, "model__colsample_bytree": 0.3, "model__learning_rate": 0.3, "model__max_depth": 4.387042216457879, "model__n_estimators": 22.104565170360686, "model__reg_lambda": 8.578405963450443}, "datetime": {"datetime": "2021-03-27 17:10:25", "elapsed": 166.569245, "delta": 1.360304}}
{"target": -0.27881235915971786, "params": {"model__colsample_bylevel": 0.3452231411811163, "model__colsample_bynode": 0.8024866783485429, "model__colsample_bytree": 0.9750946376197045, "model__learning_rate": 0.2942597889972032, "model__max_depth": 3.795849600211108, "model__n_estimators": 29.369676725644574, "model__reg_lambda": 2.0311031710115888}, "datetime": {"datetime": "2021-03-27 17:10:26", "elapsed": 167.920827, "delta": 1.351582}}
{"target": -0.3009500069290642, "params": {"model__colsample_bylevel": 0.40801568801605864, "model__colsample_bynode": 0.31243559935454934, "model__colsample_bytree": 0.32148688716486334, "model__learning_rate": 0.2980915294848294, "model__max_depth": 6.366404908382862, "model__n_estimators": 29.960632149171783, "model__reg_lambda": 0.6287838861139716}, "datetime": {"datetime": "2021-03-27 17:10:28", "elapsed": 169.241033, "delta": 1.320206}}
{"target": -0.3014689623148761, "params": {"model__colsample_bylevel": 0.9360401819220574, "model__colsample_bynode": 0.878022367595221, "model__colsample_bytree": 0.38952182336547264, "model__learning_rate": 0.29412933575073874, "model__max_depth": 2.3509555803464406, "model__n_estimators": 28.245352919295236, "model__reg_lambda": 4.221874829004681}, "datetime": {"datetime": "2021-03-27 17:10:29", "elapsed": 170.475141, "delta": 1.234108}}
{"target": -0.2933678367585146, "params": {"model__colsample_bylevel": 0.9882931304827256, "model__colsample_bynode": 0.9637398305529914, "model__colsample_bytree": 0.6520629160328213, "model__learning_rate": 0.28464721996689035, "model__max_depth": 6.459387660723763, "model__n_estimators": 29.4413653041425, "model__reg_lambda": 3.923254672411711}, "datetime": {"datetime": "2021-03-27 17:10:30", "elapsed": 172.023864, "delta": 1.548723}}
{"target": -0.2831239073226849, "params": {"model__colsample_bylevel": 0.8620824300122916, "model__colsample_bynode": 0.7954422583012353, "model__colsample_bytree": 0.9192446696088334, "model__learning_rate": 0.26748140333751624, "model__max_depth": 4.676631398684526, "model__n_estimators": 29.88644255217402, "model__reg_lambda": 1.2106097146545858}, "datetime": {"datetime": "2021-03-27 17:10:32", "elapsed": 173.132004, "delta": 1.10814}}
{"target": -0.32305697241656317, "params": {"model__colsample_bylevel": 0.3145842249090252, "model__colsample_bynode": 0.5612604151096972, "model__colsample_bytree": 0.9767272850263025, "model__learning_rate": 0.2667548193732852, "model__max_depth": 5.198931812723663, "model__n_estimators": 22.408401655864665, "model__reg_lambda": 2.5692619248466397}, "datetime": {"datetime": "2021-03-27 17:10:33", "elapsed": 174.421668, "delta": 1.289664}}
{"target": -0.3052497344304119, "params": {"model__colsample_bylevel": 1.0, "model__colsample_bynode": 0.436445572086265, "model__colsample_bytree": 1.0, "model__learning_rate": 0.3, "model__max_depth": 3.4161345750415695, "model__n_estimators": 23.199420184476963, "model__reg_lambda": 6.091241020172468}, "datetime": {"datetime": "2021-03-27 17:10:34", "elapsed": 175.686893, "delta": 1.265225}}
{"target": -0.2800925420762539, "params": {"model__colsample_bylevel": 0.4729927449957147, "model__colsample_bynode": 0.8778891688098431, "model__colsample_bytree": 0.8389460044864749, "model__learning_rate": 0.28722930967890176, "model__max_depth": 7.793135567349916, "model__n_estimators": 25.93066247209679, "model__reg_lambda": 3.0092482057970003}, "datetime": {"datetime": "2021-03-27 17:10:35", "elapsed": 177.048209, "delta": 1.361316}}
{"target": -0.27594874355945387, "params": {"model__colsample_bylevel": 0.8104970885000091, "model__colsample_bynode": 0.8271591850565687, "model__colsample_bytree": 0.9905478551819245, "model__learning_rate": 0.29856388159273034, "model__max_depth": 6.091731486625504, "model__n_estimators": 27.487807684036493, "model__reg_lambda": 5.258978929620092}, "datetime": {"datetime": "2021-03-27 17:10:37", "elapsed": 178.345691, "delta": 1.297482}}
