{"target": -0.3887773004023061, "params": {"model__colsample_bylevel": 0.7197656118669662, "model__colsample_bynode": 0.7214646750503465, "model__colsample_bytree": 0.37931534877147977, "model__learning_rate": 0.14444015703665763, "model__max_depth": 2.433575141809544, "model__n_estimators": 22.57954207818872, "model__reg_lambda": 3.4509917372173025}, "datetime": {"datetime": "2021-03-27 17:07:42", "elapsed": 3.275312, "delta": 0.060768}}
{"target": -0.32443504322090766, "params": {"model__colsample_bylevel": 0.43770438267170664, "model__colsample_bynode": 0.562288016838024, "model__colsample_bytree": 0.6684847059501842, "model__learning_rate": 0.24216538663414655, "model__max_depth": 5.53982800385271, "model__n_estimators": 24.586364893849456, "model__reg_lambda": 6.03761911116279}, "datetime": {"datetime": "2021-03-27 17:07:42", "elapsed": 3.341903, "delta": 0.066591}}
{"target": -0.31303741379566763, "params": {"model__colsample_bylevel": 0.5615024327662378, "model__colsample_bynode": 0.5278880157630303, "model__colsample_bytree": 0.6927994632423486, "model__learning_rate": 0.2499326997232081, "model__max_depth": 7.515144966264312, "model__n_estimators": 27.41503748405572, "model__reg_lambda": 5.537273620404508}, "datetime": {"datetime": "2021-03-27 17:07:42", "elapsed": 3.40461, "delta": 0.062707}}
{"target": -0.34882924073119315, "params": {"model__colsample_bylevel": 0.8773753442334304, "model__colsample_bynode": 0.3197624374107063, "model__colsample_bytree": 0.8582648079772404, "model__learning_rate": 0.1398977410305498, "model__max_depth": 6.115045756510598, "model__n_estimators": 27.377846347953547, "model__reg_lambda": 3.1496308071503187}, "datetime": {"datetime": "2021-03-27 17:07:42", "elapsed": 3.48095, "delta": 0.07634}}
{"target": -0.33236211117127556, "params": {"model__colsample_bylevel": 0.5798231824380045, "model__colsample_bynode": 0.9899122285696411, "model__colsample_bytree": 0.4774952834387126, "model__learning_rate": 0.25106786479472265, "model__max_depth": 4.436357453829759, "model__n_estimators": 19.72844903945682, "model__reg_lambda": 7.705159221072094}, "datetime": {"datetime": "2021-03-27 17:07:42", "elapsed": 3.548126, "delta": 0.067176}}
{"target": -0.33169497473745785, "params": {"model__colsample_bylevel": 0.6149024037576569, "model__colsample_bynode": 0.7970601762740899, "model__colsample_bytree": 0.4555403075808654, "model__learning_rate": 0.26476738246878556, "model__max_depth": 6.3006447069266285, "model__n_estimators": 22.48861984031197, "model__reg_lambda": 7.91551010046181}, "datetime": {"datetime": "2021-03-27 17:07:42", "elapsed": 3.617879, "delta": 0.069753}}
{"target": -0.293752833259076, "params": {"model__colsample_bylevel": 0.9437937215686736, "model__colsample_bynode": 0.8511722448868555, "model__colsample_bytree": 0.5084857837350747, "model__learning_rate": 0.24346701302396254, "model__max_depth": 5.690340786662006, "model__n_estimators": 27.619845335231588, "model__reg_lambda": 4.0456797253845265}, "datetime": {"datetime": "2021-03-27 17:07:42", "elapsed": 3.685018, "delta": 0.067139}}
{"target": -0.3239019596122502, "params": {"model__colsample_bylevel": 0.6173529449301774, "model__colsample_bynode": 0.3656352091501882, "model__colsample_bytree": 0.45305055880659917, "model__learning_rate": 0.20586849821836273, "model__max_depth": 5.173197962934258, "model__n_estimators": 25.696146745858105, "model__reg_lambda": 2.863925264426952}, "datetime": {"datetime": "2021-03-27 17:07:42", "elapsed": 3.741237, "delta": 0.056219}}
{"target": -0.42701934681584436, "params": {"model__colsample_bylevel": 0.3812502817792496, "model__colsample_bynode": 0.43107613084910207, "model__colsample_bytree": 0.6036033759584388, "model__learning_rate": 0.13710847453713484, "model__max_depth": 2.7407946095138094, "model__n_estimators": 25.875381462387566, "model__reg_lambda": 9.101677556132595}, "datetime": {"datetime": "2021-03-27 17:07:42", "elapsed": 3.802236, "delta": 0.060999}}
{"target": -0.38360014447159524, "params": {"model__colsample_bylevel": 0.3426383940311504, "model__colsample_bynode": 0.3292770968669983, "model__colsample_bytree": 0.49999974247633633, "model__learning_rate": 0.21592871225493404, "model__max_depth": 7.629568478689846, "model__n_estimators": 23.72527860523467, "model__reg_lambda": 6.7998375849329875}, "datetime": {"datetime": "2021-03-27 17:07:42", "elapsed": 3.86811, "delta": 0.065874}}
{"target": -0.3017006536598142, "params": {"model__colsample_bylevel": 1.0, "model__colsample_bynode": 1.0, "model__colsample_bytree": 0.3, "model__learning_rate": 0.3, "model__max_depth": 8.0, "model__n_estimators": 30.0, "model__reg_lambda": 10.0}, "datetime": {"datetime": "2021-03-27 17:07:43", "elapsed": 4.540805, "delta": 0.672695}}
{"target": -0.3398102693414936, "params": {"model__colsample_bylevel": 1.0, "model__colsample_bynode": 1.0, "model__colsample_bytree": 1.0, "model__learning_rate": 0.3, "model__max_depth": 8.0, "model__n_estimators": 15.0, "model__reg_lambda": 10.0}, "datetime": {"datetime": "2021-03-27 17:07:44", "elapsed": 5.252462, "delta": 0.711657}}
{"target": -0.3196011556477785, "params": {"model__colsample_bylevel": 1.0, "model__colsample_bynode": 1.0, "model__colsample_bytree": 0.3, "model__learning_rate": 0.3, "model__max_depth": 2.0, "model__n_estimators": 30.0, "model__reg_lambda": 10.0}, "datetime": {"datetime": "2021-03-27 17:07:44", "elapsed": 6.041517, "delta": 0.789055}}
{"target": -0.2993886192261741, "params": {"model__colsample_bylevel": 1.0, "model__colsample_bynode": 1.0, "model__colsample_bytree": 1.0, "model__learning_rate": 0.3, "model__max_depth": 8.0, "model__n_estimators": 21.34446505142256, "model__reg_lambda": 4.824506440938537}, "datetime": {"datetime": "2021-03-27 17:07:45", "elapsed": 6.717552, "delta": 0.676035}}
{"target": -0.3009079587428604, "params": {"model__colsample_bylevel": 1.0, "model__colsample_bynode": 0.3, "model__colsample_bytree": 1.0, "model__learning_rate": 0.3, "model__max_depth": 8.0, "model__n_estimators": 18.639714929795463, "model__reg_lambda": 0.0}, "datetime": {"datetime": "2021-03-27 17:07:46", "elapsed": 7.565544, "delta": 0.847992}}
{"target": -0.35609696460482865, "params": {"model__colsample_bylevel": 1.0, "model__colsample_bynode": 1.0, "model__colsample_bytree": 1.0, "model__learning_rate": 0.3, "model__max_depth": 2.0, "model__n_estimators": 21.381595529275625, "model__reg_lambda": 10.0}, "datetime": {"datetime": "2021-03-27 17:07:47", "elapsed": 8.389608, "delta": 0.824064}}
{"target": -0.3278367433862329, "params": {"model__colsample_bylevel": 0.3, "model__colsample_bynode": 1.0, "model__colsample_bytree": 0.3, "model__learning_rate": 0.3, "model__max_depth": 5.8094056710777, "model__n_estimators": 30.0, "model__reg_lambda": 7.952973973935201}, "datetime": {"datetime": "2021-03-27 17:07:47", "elapsed": 9.04677, "delta": 0.657162}}
{"target": -0.3209047953038058, "params": {"model__colsample_bylevel": 1.0, "model__colsample_bynode": 1.0, "model__colsample_bytree": 1.0, "model__learning_rate": 0.3, "model__max_depth": 8.0, "model__n_estimators": 15.0, "model__reg_lambda": 6.147991225909829}, "datetime": {"datetime": "2021-03-27 17:07:48", "elapsed": 9.932034, "delta": 0.885264}}
{"target": -0.32346249535777677, "params": {"model__colsample_bylevel": 1.0, "model__colsample_bynode": 1.0, "model__colsample_bytree": 1.0, "model__learning_rate": 0.3, "model__max_depth": 8.0, "model__n_estimators": 28.38048517635437, "model__reg_lambda": 0.0}, "datetime": {"datetime": "2021-03-27 17:07:49", "elapsed": 10.687005, "delta": 0.754971}}
{"target": -0.2580993298074843, "params": {"model__colsample_bylevel": 1.0, "model__colsample_bynode": 1.0, "model__colsample_bytree": 0.3, "model__learning_rate": 0.3, "model__max_depth": 5.132151314715168, "model__n_estimators": 30.0, "model__reg_lambda": 0.0}, "datetime": {"datetime": "2021-03-27 17:07:50", "elapsed": 11.347033, "delta": 0.660028}}
{"target": -0.32175842180470193, "params": {"model__colsample_bylevel": 0.5703911379274306, "model__colsample_bynode": 0.8613244430035891, "model__colsample_bytree": 0.48889446960613103, "model__learning_rate": 0.28179208329940975, "model__max_depth": 7.93752686495083, "model__n_estimators": 23.279257311919853, "model__reg_lambda": 9.90149130855886}, "datetime": {"datetime": "2021-03-27 17:07:51", "elapsed": 12.151547, "delta": 0.804514}}
{"target": -0.3080538224359718, "params": {"model__colsample_bylevel": 0.3, "model__colsample_bynode": 0.3, "model__colsample_bytree": 1.0, "model__learning_rate": 0.3, "model__max_depth": 8.0, "model__n_estimators": 15.0, "model__reg_lambda": 0.0}, "datetime": {"datetime": "2021-03-27 17:07:51", "elapsed": 12.814927, "delta": 0.66338}}
{"target": -0.4583918887797904, "params": {"model__colsample_bylevel": 0.3, "model__colsample_bynode": 0.3, "model__colsample_bytree": 1.0, "model__learning_rate": 0.3, "model__max_depth": 2.0, "model__n_estimators": 15.0, "model__reg_lambda": 10.0}, "datetime": {"datetime": "2021-03-27 17:07:52", "elapsed": 13.488594, "delta": 0.673667}}
{"target": -0.2832451824174748, "params": {"model__colsample_bylevel": 1.0, "model__colsample_bynode": 1.0, "model__colsample_bytree": 0.3, "model__learning_rate": 0.3, "model__max_depth": 8.0, "model__n_estimators": 30.0, "model__reg_lambda": 5.5698924332551165}, "datetime": {"datetime": "2021-03-27 17:07:53", "elapsed": 14.251915, "delta": 0.763321}}
{"target": -0.2854315650001492, "params": {"model__colsample_bylevel": 0.844148246663063, "model__colsample_bynode": 0.5022074478150271, "model__colsample_bytree": 0.9602877086142629, "model__learning_rate": 0.296351819389577, "model__max_depth": 4.35639609529071, "model__n_estimators": 15.154464312620107, "model__reg_lambda": 0.19660698261366183}, "datetime": {"datetime": "2021-03-27 17:07:53", "elapsed": 15.002979, "delta": 0.751064}}
{"target": -0.33056207328589393, "params": {"model__colsample_bylevel": 1.0, "model__colsample_bynode": 1.0, "model__colsample_bytree": 1.0, "model__learning_rate": 0.3, "model__max_depth": 5.607406337930859, "model__n_estimators": 19.210138779430935, "model__reg_lambda": 0.0}, "datetime": {"datetime": "2021-03-27 17:07:54", "elapsed": 15.793462, "delta": 0.790483}}
{"target": -0.29778472849191506, "params": {"model__colsample_bylevel": 1.0, "model__colsample_bynode": 1.0, "model__colsample_bytree": 1.0, "model__learning_rate": 0.3, "model__max_depth": 4.646765191923503, "model__n_estimators": 30.0, "model__reg_lambda": 10.0}, "datetime": {"datetime": "2021-03-27 17:07:55", "elapsed": 16.450491, "delta": 0.657029}}
{"target": -0.28640314840704906, "params": {"model__colsample_bylevel": 0.36024748954949176, "model__colsample_bynode": 0.8239525457019696, "model__colsample_bytree": 0.4659397680507539, "model__learning_rate": 0.2917920043670754, "model__max_depth": 2.8736464875720085, "model__n_estimators": 29.99126584722309, "model__reg_lambda": 1.74470896179171}, "datetime": {"datetime": "2021-03-27 17:07:56", "elapsed": 17.282229, "delta": 0.831738}}
{"target": -0.3129988956845541, "params": {"model__colsample_bylevel": 1.0, "model__colsample_bynode": 1.0, "model__colsample_bytree": 1.0, "model__learning_rate": 0.3, "model__max_depth": 8.0, "model__n_estimators": 20.49864526001293, "model__reg_lambda": 10.0}, "datetime": {"datetime": "2021-03-27 17:07:56", "elapsed": 18.020317, "delta": 0.738088}}
{"target": -0.2982074561363518, "params": {"model__colsample_bylevel": 1.0, "model__colsample_bynode": 0.3, "model__colsample_bytree": 1.0, "model__learning_rate": 0.3, "model__max_depth": 5.216648561770405, "model__n_estimators": 21.0372583218414, "model__reg_lambda": 3.9650970416866067}, "datetime": {"datetime": "2021-03-27 17:07:57", "elapsed": 18.749742, "delta": 0.729425}}
{"target": -0.34999253632824706, "params": {"model__colsample_bylevel": 0.3, "model__colsample_bynode": 0.3, "model__colsample_bytree": 1.0, "model__learning_rate": 0.3, "model__max_depth": 8.0, "model__n_estimators": 15.0, "model__reg_lambda": 3.6603043000536206}, "datetime": {"datetime": "2021-03-27 17:07:58", "elapsed": 19.458638, "delta": 0.708896}}
{"target": -0.2956646023837822, "params": {"model__colsample_bylevel": 0.3, "model__colsample_bynode": 1.0, "model__colsample_bytree": 1.0, "model__learning_rate": 0.3, "model__max_depth": 8.0, "model__n_estimators": 20.16432545661196, "model__reg_lambda": 1.5639717028502456}, "datetime": {"datetime": "2021-03-27 17:07:59", "elapsed": 20.283769, "delta": 0.825131}}
{"target": -0.32541661936101385, "params": {"model__colsample_bylevel": 0.3, "model__colsample_bynode": 1.0, "model__colsample_bytree": 1.0, "model__learning_rate": 0.3, "model__max_depth": 4.608453652470399, "model__n_estimators": 22.398642511791696, "model__reg_lambda": 10.0}, "datetime": {"datetime": "2021-03-27 17:08:00", "elapsed": 21.115965, "delta": 0.832196}}
{"target": -0.4034756519713615, "params": {"model__colsample_bylevel": 1.0, "model__colsample_bynode": 0.3, "model__colsample_bytree": 0.3, "model__learning_rate": 0.3, "model__max_depth": 2.0, "model__n_estimators": 15.0, "model__reg_lambda": 0.0}, "datetime": {"datetime": "2021-03-27 17:08:00", "elapsed": 21.897952, "delta": 0.781987}}
{"target": -0.3022596622661998, "params": {"model__colsample_bylevel": 1.0, "model__colsample_bynode": 1.0, "model__colsample_bytree": 1.0, "model__learning_rate": 0.3, "model__max_depth": 8.0, "model__n_estimators": 27.12656025930232, "model__reg_lambda": 9.203146114548279}, "datetime": {"datetime": "2021-03-27 17:08:01", "elapsed": 22.874806, "delta": 0.976854}}
{"target": -0.31256770434522785, "params": {"model__colsample_bylevel": 1.0, "model__colsample_bynode": 1.0, "model__colsample_bytree": 1.0, "model__learning_rate": 0.3, "model__max_depth": 2.0, "model__n_estimators": 30.0, "model__reg_lambda": 7.0694870023338705}, "datetime": {"datetime": "2021-03-27 17:08:02", "elapsed": 23.635168, "delta": 0.760362}}
{"target": -0.2969128401605817, "params": {"model__colsample_bylevel": 1.0, "model__colsample_bynode": 0.3, "model__colsample_bytree": 1.0, "model__learning_rate": 0.3, "model__max_depth": 6.883399133214978, "model__n_estimators": 15.0, "model__reg_lambda": 1.2843874828537456}, "datetime": {"datetime": "2021-03-27 17:08:03", "elapsed": 24.368394, "delta": 0.733226}}
{"target": -0.3116389192816248, "params": {"model__colsample_bylevel": 0.3258091187971475, "model__colsample_bynode": 0.8792056151303573, "model__colsample_bytree": 0.3089352491115796, "model__learning_rate": 0.2874399984718548, "model__max_depth": 7.9895979225375395, "model__n_estimators": 29.143975607251416, "model__reg_lambda": 2.1583895778895243}, "datetime": {"datetime": "2021-03-27 17:08:03", "elapsed": 25.057829, "delta": 0.689435}}
{"target": -0.31900971889482355, "params": {"model__colsample_bylevel": 1.0, "model__colsample_bynode": 1.0, "model__colsample_bytree": 1.0, "model__learning_rate": 0.3, "model__max_depth": 4.502741229269158, "model__n_estimators": 15.0, "model__reg_lambda": 5.193104701202644}, "datetime": {"datetime": "2021-03-27 17:08:04", "elapsed": 25.800651, "delta": 0.742822}}
{"target": -0.29796761697414664, "params": {"model__colsample_bylevel": 1.0, "model__colsample_bynode": 1.0, "model__colsample_bytree": 1.0, "model__learning_rate": 0.3, "model__max_depth": 7.999999997344212, "model__n_estimators": 24.28745709410663, "model__reg_lambda": 7.794612693811289}, "datetime": {"datetime": "2021-03-27 17:08:05", "elapsed": 26.581934, "delta": 0.781283}}
{"target": -0.3018524496848155, "params": {"model__colsample_bylevel": 1.0, "model__colsample_bynode": 1.0, "model__colsample_bytree": 0.3, "model__learning_rate": 0.3, "model__max_depth": 8.0, "model__n_estimators": 15.0, "model__reg_lambda": 0.0}, "datetime": {"datetime": "2021-03-27 17:08:06", "elapsed": 27.260489, "delta": 0.678555}}
{"target": -0.300333923989556, "params": {"model__colsample_bylevel": 1.0, "model__colsample_bynode": 0.3, "model__colsample_bytree": 1.0, "model__learning_rate": 0.3, "model__max_depth": 8.0, "model__n_estimators": 30.0, "model__reg_lambda": 8.855478335714198}, "datetime": {"datetime": "2021-03-27 17:08:07", "elapsed": 28.146645, "delta": 0.886156}}
{"target": -0.27843840978786594, "params": {"model__colsample_bylevel": 0.8910496688775937, "model__colsample_bynode": 0.9925978613754654, "model__colsample_bytree": 0.8608411525967858, "model__learning_rate": 0.293886557658544, "model__max_depth": 4.685894949140495, "model__n_estimators": 29.982964307501344, "model__reg_lambda": 4.7138937845986115}, "datetime": {"datetime": "2021-03-27 17:08:07", "elapsed": 28.944552, "delta": 0.797907}}
{"target": -0.29024386388119783, "params": {"model__colsample_bylevel": 1.0, "model__colsample_bynode": 1.0, "model__colsample_bytree": 1.0, "model__learning_rate": 0.3, "model__max_depth": 3.7684843387735025, "model__n_estimators": 21.215713087052936, "model__reg_lambda": 2.5928235847892407}, "datetime": {"datetime": "2021-03-27 17:08:08", "elapsed": 29.772607, "delta": 0.828055}}
{"target": -0.283823278229439, "params": {"model__colsample_bylevel": 0.9721506733880665, "model__colsample_bynode": 0.42563926443474054, "model__colsample_bytree": 0.6204871470521095, "model__learning_rate": 0.2920002657102091, "model__max_depth": 4.474634065662131, "model__n_estimators": 28.57190870798415, "model__reg_lambda": 1.2211435980719076}, "datetime": {"datetime": "2021-03-27 17:08:09", "elapsed": 30.555053, "delta": 0.782446}}
{"target": -0.30135137037048454, "params": {"model__colsample_bylevel": 0.3, "model__colsample_bynode": 1.0, "model__colsample_bytree": 1.0, "model__learning_rate": 0.3, "model__max_depth": 6.8323531077882285, "model__n_estimators": 23.677492824040762, "model__reg_lambda": 3.1477244577354715}, "datetime": {"datetime": "2021-03-27 17:08:10", "elapsed": 31.329451, "delta": 0.774398}}
{"target": -0.35640806416724474, "params": {"model__colsample_bylevel": 0.3, "model__colsample_bynode": 1.0, "model__colsample_bytree": 1.0, "model__learning_rate": 0.3, "model__max_depth": 5.241507140578419, "model__n_estimators": 15.0, "model__reg_lambda": 10.0}, "datetime": {"datetime": "2021-03-27 17:08:11", "elapsed": 32.842666, "delta": 1.513215}}
{"target": -0.30126893836195057, "params": {"model__colsample_bylevel": 1.0, "model__colsample_bynode": 1.0, "model__colsample_bytree": 1.0, "model__learning_rate": 0.3, "model__max_depth": 3.512132867459055, "model__n_estimators": 25.60123753086295, "model__reg_lambda": 10.0}, "datetime": {"datetime": "2021-03-27 17:08:12", "elapsed": 33.962206, "delta": 1.11954}}
{"target": -0.29895708496139073, "params": {"model__colsample_bylevel": 1.0, "model__colsample_bynode": 1.0, "model__colsample_bytree": 1.0, "model__learning_rate": 0.3, "model__max_depth": 3.2953450705492973, "model__n_estimators": 27.16938282375819, "model__reg_lambda": 7.501448270141019}, "datetime": {"datetime": "2021-03-27 17:08:14", "elapsed": 35.197351, "delta": 1.235145}}
{"target": -0.2672600674228464, "params": {"model__colsample_bylevel": 1.0, "model__colsample_bynode": 1.0, "model__colsample_bytree": 1.0, "model__learning_rate": 0.3, "model__max_depth": 2.0, "model__n_estimators": 30.0, "model__reg_lambda": 0.0}, "datetime": {"datetime": "2021-03-27 17:08:15", "elapsed": 36.376151, "delta": 1.1788}}
{"target": -0.2871237133923611, "params": {"model__colsample_bylevel": 1.0, "model__colsample_bynode": 1.0, "model__colsample_bytree": 0.3, "model__learning_rate": 0.3, "model__max_depth": 2.65188319545743, "model__n_estimators": 30.0, "model__reg_lambda": 2.9277685305094643}, "datetime": {"datetime": "2021-03-27 17:08:16", "elapsed": 37.571448, "delta": 1.195297}}
{"target": -0.29080718089370866, "params": {"model__colsample_bylevel": 1.0, "model__colsample_bynode": 0.3, "model__colsample_bytree": 1.0, "model__learning_rate": 0.3, "model__max_depth": 8.0, "model__n_estimators": 20.103843528135258, "model__reg_lambda": 2.0589171151870254}, "datetime": {"datetime": "2021-03-27 17:08:17", "elapsed": 38.809359, "delta": 1.237911}}
{"target": -0.28775586451781726, "params": {"model__colsample_bylevel": 0.7022598639420647, "model__colsample_bynode": 0.9895942881482773, "model__colsample_bytree": 0.8656277662291143, "model__learning_rate": 0.2900871920800673, "model__max_depth": 2.3614793664498603, "model__n_estimators": 26.07063265111606, "model__reg_lambda": 1.7494565048103639}, "datetime": {"datetime": "2021-03-27 17:08:18", "elapsed": 39.925255, "delta": 1.115896}}
{"target": -0.3037255793089465, "params": {"model__colsample_bylevel": 0.9762694701560879, "model__colsample_bynode": 0.8307119751456822, "model__colsample_bytree": 0.4249880169901649, "model__learning_rate": 0.2549598955465805, "model__max_depth": 2.436430851567218, "model__n_estimators": 25.468769888277293, "model__reg_lambda": 0.025413856164896442}, "datetime": {"datetime": "2021-03-27 17:08:19", "elapsed": 40.987689, "delta": 1.062434}}
{"target": -0.2968732749705837, "params": {"model__colsample_bylevel": 0.3, "model__colsample_bynode": 1.0, "model__colsample_bytree": 1.0, "model__learning_rate": 0.3, "model__max_depth": 8.0, "model__n_estimators": 30.0, "model__reg_lambda": 10.0}, "datetime": {"datetime": "2021-03-27 17:08:21", "elapsed": 42.200006, "delta": 1.212317}}
{"target": -0.28056772337421654, "params": {"model__colsample_bylevel": 0.4131587685906059, "model__colsample_bynode": 0.7376688177191447, "model__colsample_bytree": 0.9345805252630328, "model__learning_rate": 0.27155663253477236, "model__max_depth": 4.572304100080249, "model__n_estimators": 22.47874486339301, "model__reg_lambda": 0.9672034248101335}, "datetime": {"datetime": "2021-03-27 17:08:22", "elapsed": 43.398065, "delta": 1.198059}}
