{"target": -0.3141356433421184, "params": {"model__colsample_bylevel": 0.32107145065014964, "model__colsample_bynode": 1.0, "model__colsample_bytree": 0.3, "model__learning_rate": 0.3, "model__max_depth": 6.9330236273646175, "model__n_estimators": 21.025442325503068, "model__reg_lambda": 3.9692810067934254}, "datetime": {"datetime": "2021-03-27 17:06:28", "elapsed": 187.521769, "delta": 1.514047}}
{"target": -0.3657033175769923, "params": {"model__colsample_bylevel": 0.45391051576821895, "model__colsample_bynode": 0.3704997441871189, "model__colsample_bytree": 0.39737257590474695, "model__learning_rate": 0.29136523313977714, "model__max_depth": 2.3826702160241764, "model__n_estimators": 16.071387721524303, "model__reg_lambda": 0.03769926891098452}, "datetime": {"datetime": "2021-03-27 17:06:29", "elapsed": 188.941184, "delta": 1.419415}}
{"target": -0.2665714341349076, "params": {"model__colsample_bylevel": 0.5559940838445275, "model__colsample_bynode": 0.9226661214575007, "model__colsample_bytree": 0.8010015509223576, "model__learning_rate": 0.2908641537122747, "model__max_depth": 7.986793753606093, "model__n_estimators": 26.56166271002801, "model__reg_lambda": 2.3999028710279804}, "datetime": {"datetime": "2021-03-27 17:06:30", "elapsed": 190.232617, "delta": 1.291433}}
{"target": -0.30166584913267924, "params": {"model__colsample_bylevel": 0.3, "model__colsample_bynode": 1.0, "model__colsample_bytree": 1.0, "model__learning_rate": 0.3, "model__max_depth": 4.778425845160651, "model__n_estimators": 28.106586542308346, "model__reg_lambda": 10.0}, "datetime": {"datetime": "2021-03-27 17:06:32", "elapsed": 191.787668, "delta": 1.555051}}
{"target": -0.32852376051436083, "params": {"model__colsample_bylevel": 1.0, "model__colsample_bynode": 0.3, "model__colsample_bytree": 1.0, "model__learning_rate": 0.3, "model__max_depth": 8.0, "model__n_estimators": 15.0, "model__reg_lambda": 7.639967753320257}, "datetime": {"datetime": "2021-03-27 17:06:33", "elapsed": 193.154639, "delta": 1.366971}}
{"target": -0.29824472969310173, "params": {"model__colsample_bylevel": 0.9757712193294437, "model__colsample_bynode": 0.7941136285634866, "model__colsample_bytree": 0.9266595264990116, "model__learning_rate": 0.28254805086501955, "model__max_depth": 6.936162922246935, "model__n_estimators": 29.801594314758006, "model__reg_lambda": 9.977873611711656}, "datetime": {"datetime": "2021-03-27 17:06:35", "elapsed": 194.557305, "delta": 1.402666}}
{"target": -0.3490364594573992, "params": {"model__colsample_bylevel": 0.3, "model__colsample_bynode": 0.3, "model__colsample_bytree": 1.0, "model__learning_rate": 0.3, "model__max_depth": 2.0, "model__n_estimators": 28.55024608307514, "model__reg_lambda": 10.0}, "datetime": {"datetime": "2021-03-27 17:06:36", "elapsed": 195.963815, "delta": 1.40651}}
{"target": -0.28191313423297326, "params": {"model__colsample_bylevel": 1.0, "model__colsample_bynode": 0.7882054324764929, "model__colsample_bytree": 1.0, "model__learning_rate": 0.3, "model__max_depth": 7.750502117752938, "model__n_estimators": 24.007041557428163, "model__reg_lambda": 4.212528370249875}, "datetime": {"datetime": "2021-03-27 17:06:38", "elapsed": 197.493758, "delta": 1.529943}}
{"target": -0.29671578616369093, "params": {"model__colsample_bylevel": 0.7614742641008645, "model__colsample_bynode": 0.999999997384245, "model__colsample_bytree": 0.9999999899439871, "model__learning_rate": 0.3, "model__max_depth": 4.636744722411477, "model__n_estimators": 30.0, "model__reg_lambda": 0.055483360737423645}, "datetime": {"datetime": "2021-03-27 17:06:39", "elapsed": 198.860282, "delta": 1.366524}}
{"target": -0.2653366484394148, "params": {"model__colsample_bylevel": 1.0, "model__colsample_bynode": 0.3, "model__colsample_bytree": 0.9373003484818754, "model__learning_rate": 0.3, "model__max_depth": 4.562898675783442, "model__n_estimators": 29.857885500321423, "model__reg_lambda": 1.3988186360111778}, "datetime": {"datetime": "2021-03-27 17:06:40", "elapsed": 200.354655, "delta": 1.494373}}
{"target": -0.2957496972629746, "params": {"model__colsample_bylevel": 0.3, "model__colsample_bynode": 1.0, "model__colsample_bytree": 1.0, "model__learning_rate": 0.3, "model__max_depth": 7.618903644165618, "model__n_estimators": 26.621192408372682, "model__reg_lambda": 10.0}, "datetime": {"datetime": "2021-03-27 17:06:42", "elapsed": 201.86414, "delta": 1.509485}}
{"target": -0.27235203426604604, "params": {"model__colsample_bylevel": 0.9400147192285373, "model__colsample_bynode": 0.4343898712558565, "model__colsample_bytree": 0.9928151190877499, "model__learning_rate": 0.29228527391374065, "model__max_depth": 6.276873002253157, "model__n_estimators": 29.511581688132267, "model__reg_lambda": 6.053539506466389}, "datetime": {"datetime": "2021-03-27 17:06:43", "elapsed": 203.404889, "delta": 1.540749}}
{"target": -0.29877591634344686, "params": {"model__colsample_bylevel": 0.9877821394169946, "model__colsample_bynode": 0.3832918859414568, "model__colsample_bytree": 0.9580166095892046, "model__learning_rate": 0.2904436436333373, "model__max_depth": 4.112184762773175, "model__n_estimators": 27.702107309342107, "model__reg_lambda": 6.016072747259429}, "datetime": {"datetime": "2021-03-27 17:06:45", "elapsed": 204.985006, "delta": 1.580117}}
{"target": -0.3116024759679061, "params": {"model__colsample_bylevel": 1.0, "model__colsample_bynode": 1.0, "model__colsample_bytree": 1.0, "model__learning_rate": 0.3, "model__max_depth": 2.0, "model__n_estimators": 28.334553420007246, "model__reg_lambda": 8.47615335314853}, "datetime": {"datetime": "2021-03-27 17:06:47", "elapsed": 206.5194, "delta": 1.534394}}
{"target": -0.34386571984117226, "params": {"model__colsample_bylevel": 0.31772730916259495, "model__colsample_bynode": 1.0, "model__colsample_bytree": 0.3, "model__learning_rate": 0.3, "model__max_depth": 6.558662769951796, "model__n_estimators": 23.661229206027194, "model__reg_lambda": 10.0}, "datetime": {"datetime": "2021-03-27 17:06:48", "elapsed": 207.990166, "delta": 1.470766}}
{"target": -0.3050080552012187, "params": {"model__colsample_bylevel": 0.9999999925408871, "model__colsample_bynode": 0.881612394518684, "model__colsample_bytree": 1.0, "model__learning_rate": 0.3, "model__max_depth": 8.0, "model__n_estimators": 23.17981255772692, "model__reg_lambda": 8.341742185617909}, "datetime": {"datetime": "2021-03-27 17:06:49", "elapsed": 209.212679, "delta": 1.222513}}
{"target": -0.2998833754101592, "params": {"model__colsample_bylevel": 0.4377217641632374, "model__colsample_bynode": 0.3076122028803928, "model__colsample_bytree": 0.5804274966153693, "model__learning_rate": 0.24254216448571245, "model__max_depth": 5.838466658369639, "model__n_estimators": 24.932505490236288, "model__reg_lambda": 0.09095218049688159}, "datetime": {"datetime": "2021-03-27 17:06:51", "elapsed": 210.626405, "delta": 1.413726}}
{"target": -0.3542094452250951, "params": {"model__colsample_bylevel": 0.3, "model__colsample_bynode": 0.3000000080476694, "model__colsample_bytree": 0.7048188683895988, "model__learning_rate": 0.3, "model__max_depth": 4.335496241179899, "model__n_estimators": 27.425695032081034, "model__reg_lambda": 2.8500847503471802}, "datetime": {"datetime": "2021-03-27 17:06:52", "elapsed": 212.020226, "delta": 1.393821}}
{"target": -0.31671384822010346, "params": {"model__colsample_bylevel": 1.0, "model__colsample_bynode": 1.0, "model__colsample_bytree": 1.0, "model__learning_rate": 0.3, "model__max_depth": 6.274044371224276, "model__n_estimators": 19.156124965783178, "model__reg_lambda": 10.0}, "datetime": {"datetime": "2021-03-27 17:06:53", "elapsed": 213.400214, "delta": 1.379988}}
{"target": -0.260745076912597, "params": {"model__colsample_bylevel": 0.8319506569773816, "model__colsample_bynode": 0.43675187105753877, "model__colsample_bytree": 0.3587128549375286, "model__learning_rate": 0.2528812530869866, "model__max_depth": 7.644483808065285, "model__n_estimators": 20.741240003094642, "model__reg_lambda": 0.10232627428151009}, "datetime": {"datetime": "2021-03-27 17:06:55", "elapsed": 214.64941, "delta": 1.249196}}
{"target": -0.2831558439043769, "params": {"model__colsample_bylevel": 0.3, "model__colsample_bynode": 1.0, "model__colsample_bytree": 0.3, "model__learning_rate": 0.3, "model__max_depth": 2.9648331664367866, "model__n_estimators": 27.88570479288404, "model__reg_lambda": 0.7222768597261673}, "datetime": {"datetime": "2021-03-27 17:06:56", "elapsed": 216.208665, "delta": 1.559255}}
{"target": -0.26858914430874087, "params": {"model__colsample_bylevel": 0.9343993126075283, "model__colsample_bynode": 0.3140895821434658, "model__colsample_bytree": 0.9965327924709744, "model__learning_rate": 0.28739164844731147, "model__max_depth": 7.6008307692051975, "model__n_estimators": 25.488964844539666, "model__reg_lambda": 3.3331577801122227}, "datetime": {"datetime": "2021-03-27 17:06:58", "elapsed": 217.866384, "delta": 1.657719}}
{"target": -0.28618854694017815, "params": {"model__colsample_bylevel": 0.3003115691512811, "model__colsample_bynode": 1.0, "model__colsample_bytree": 1.0, "model__learning_rate": 0.3, "model__max_depth": 7.9947375857604115, "model__n_estimators": 28.377372436703645, "model__reg_lambda": 5.230307836478395}, "datetime": {"datetime": "2021-03-27 17:06:59", "elapsed": 219.240542, "delta": 1.374158}}
{"target": -0.28820618325338254, "params": {"model__colsample_bylevel": 1.0, "model__colsample_bynode": 1.0, "model__colsample_bytree": 0.9999926356369379, "model__learning_rate": 0.3, "model__max_depth": 2.0023318804461177, "model__n_estimators": 25.034225223702013, "model__reg_lambda": 1.8359032218719644}, "datetime": {"datetime": "2021-03-27 17:07:01", "elapsed": 220.903373, "delta": 1.662831}}
{"target": -0.30301102517321166, "params": {"model__colsample_bylevel": 0.3, "model__colsample_bynode": 1.0, "model__colsample_bytree": 1.0, "model__learning_rate": 0.3, "model__max_depth": 8.0, "model__n_estimators": 19.220278313962528, "model__reg_lambda": 4.908270827662425}, "datetime": {"datetime": "2021-03-27 17:07:03", "elapsed": 222.604922, "delta": 1.701549}}
{"target": -0.3145892090913232, "params": {"model__colsample_bylevel": 0.3, "model__colsample_bynode": 1.0, "model__colsample_bytree": 1.0, "model__learning_rate": 0.3, "model__max_depth": 5.985637328417307, "model__n_estimators": 21.23921086766268, "model__reg_lambda": 10.0}, "datetime": {"datetime": "2021-03-27 17:07:04", "elapsed": 224.391606, "delta": 1.786684}}
{"target": -0.2984285425059868, "params": {"model__colsample_bylevel": 0.3, "model__colsample_bynode": 1.0, "model__colsample_bytree": 1.0, "model__learning_rate": 0.3, "model__max_depth": 3.417171576958213, "model__n_estimators": 15.0, "model__reg_lambda": 0.0}, "datetime": {"datetime": "2021-03-27 17:07:06", "elapsed": 226.059006, "delta": 1.6674}}
{"target": -0.27906878184631767, "params": {"model__colsample_bylevel": 0.4342852885237053, "model__colsample_bynode": 0.9867634554494933, "model__colsample_bytree": 0.9589929664987551, "model__learning_rate": 0.2927568168885894, "model__max_depth": 6.957797222943551, "model__n_estimators": 27.507600964875785, "model__reg_lambda": 1.5926085671599766}, "datetime": {"datetime": "2021-03-27 17:07:08", "elapsed": 227.577082, "delta": 1.518076}}
{"target": -0.27453942583212493, "params": {"model__colsample_bylevel": 0.9219636446516462, "model__colsample_bynode": 0.9164756403113512, "model__colsample_bytree": 0.6604124753555369, "model__learning_rate": 0.29568303712679783, "model__max_depth": 4.008031295522018, "model__n_estimators": 27.814354621397705, "model__reg_lambda": 4.463339264896976}, "datetime": {"datetime": "2021-03-27 17:07:10", "elapsed": 229.61111, "delta": 2.034028}}
{"target": -0.2820753731229174, "params": {"model__colsample_bylevel": 0.9704684458988142, "model__colsample_bynode": 0.5295377811691918, "model__colsample_bytree": 0.36113276556445445, "model__learning_rate": 0.29521128586523904, "model__max_depth": 7.773285426471258, "model__n_estimators": 29.642590725491637, "model__reg_lambda": 1.9201925279973953}, "datetime": {"datetime": "2021-03-27 17:07:11", "elapsed": 230.96691, "delta": 1.3558}}
{"target": -0.3235271933670763, "params": {"model__colsample_bylevel": 1.0, "model__colsample_bynode": 0.3, "model__colsample_bytree": 1.0, "model__learning_rate": 0.3, "model__max_depth": 8.0, "model__n_estimators": 19.22800617025472, "model__reg_lambda": 9.024062119167404}, "datetime": {"datetime": "2021-03-27 17:07:12", "elapsed": 232.286312, "delta": 1.319402}}
{"target": -0.28955641584150305, "params": {"model__colsample_bylevel": 0.9988204449435871, "model__colsample_bynode": 0.9779526550573328, "model__colsample_bytree": 0.3983170726659349, "model__learning_rate": 0.26564288874619446, "model__max_depth": 3.123357162777531, "model__n_estimators": 28.915942661300875, "model__reg_lambda": 2.8234582494117353}, "datetime": {"datetime": "2021-03-27 17:07:14", "elapsed": 233.863468, "delta": 1.577156}}
{"target": -0.30447115364055943, "params": {"model__colsample_bylevel": 0.9113026853985118, "model__colsample_bynode": 0.3056201694393791, "model__colsample_bytree": 0.3588484147945049, "model__learning_rate": 0.2805220191598844, "model__max_depth": 7.633469370160995, "model__n_estimators": 22.425508272301933, "model__reg_lambda": 0.1620722891664017}, "datetime": {"datetime": "2021-03-27 17:07:16", "elapsed": 235.752244, "delta": 1.888776}}
{"target": -0.29628315149178813, "params": {"model__colsample_bylevel": 0.3, "model__colsample_bynode": 0.6758076722143093, "model__colsample_bytree": 0.3, "model__learning_rate": 0.3, "model__max_depth": 6.553669553820034, "model__n_estimators": 21.114033571780276, "model__reg_lambda": 0.46867012113112344}, "datetime": {"datetime": "2021-03-27 17:07:17", "elapsed": 237.216312, "delta": 1.464068}}
{"target": -0.34243283084850173, "params": {"model__colsample_bylevel": 0.9348263081708745, "model__colsample_bynode": 0.31596017537276905, "model__colsample_bytree": 0.5299621839430226, "model__learning_rate": 0.11592746785981288, "model__max_depth": 7.77826896458738, "model__n_estimators": 18.86205955883801, "model__reg_lambda": 0.28652954712945156}, "datetime": {"datetime": "2021-03-27 17:07:19", "elapsed": 239.037249, "delta": 1.820937}}
{"target": -0.2895929403474852, "params": {"model__colsample_bylevel": 0.4429705266220305, "model__colsample_bynode": 0.9027932208695042, "model__colsample_bytree": 0.9320124581432674, "model__learning_rate": 0.2876586018985373, "model__max_depth": 6.470875677496602, "model__n_estimators": 29.845133444417662, "model__reg_lambda": 8.617785316892073}, "datetime": {"datetime": "2021-03-27 17:07:21", "elapsed": 240.69127, "delta": 1.654021}}
{"target": -0.2949734477768315, "params": {"model__colsample_bylevel": 1.0, "model__colsample_bynode": 1.0, "model__colsample_bytree": 1.0, "model__learning_rate": 0.3, "model__max_depth": 3.7649488086804195, "model__n_estimators": 17.651302285199503, "model__reg_lambda": 2.79023310164865}, "datetime": {"datetime": "2021-03-27 17:07:23", "elapsed": 242.6185, "delta": 1.92723}}
{"target": -0.3436678480275947, "params": {"model__colsample_bylevel": 0.4559162279236131, "model__colsample_bynode": 0.34791410310860116, "model__colsample_bytree": 0.9808001041694245, "model__learning_rate": 0.27018494982688473, "model__max_depth": 2.108354053994863, "model__n_estimators": 29.39569909209295, "model__reg_lambda": 6.868442167100172}, "datetime": {"datetime": "2021-03-27 17:07:25", "elapsed": 244.539553, "delta": 1.921053}}
{"target": -0.27997795906950435, "params": {"model__colsample_bylevel": 0.35061661753945933, "model__colsample_bynode": 0.9955200596689726, "model__colsample_bytree": 0.8385026278062839, "model__learning_rate": 0.17819326636041075, "model__max_depth": 2.5286764919918556, "model__n_estimators": 29.855448699787424, "model__reg_lambda": 1.697477361841081}, "datetime": {"datetime": "2021-03-27 17:07:26", "elapsed": 246.074029, "delta": 1.534476}}
{"target": -0.3115429030134059, "params": {"model__colsample_bylevel": 1.0, "model__colsample_bynode": 1.0, "model__colsample_bytree": 1.0, "model__learning_rate": 0.3, "model__max_depth": 2.0, "model__n_estimators": 25.119684870172833, "model__reg_lambda": 5.530006028521794}, "datetime": {"datetime": "2021-03-27 17:07:28", "elapsed": 247.534747, "delta": 1.460718}}
{"target": -0.3217355219292981, "params": {"model__colsample_bylevel": 0.3, "model__colsample_bynode": 1.0, "model__colsample_bytree": 1.0, "model__learning_rate": 0.3, "model__max_depth": 3.835474942451948, "model__n_estimators": 21.085197464854897, "model__reg_lambda": 8.723227257467492}, "datetime": {"datetime": "2021-03-27 17:07:29", "elapsed": 249.054634, "delta": 1.519887}}
{"target": -0.32417161662226024, "params": {"model__colsample_bylevel": 0.3, "model__colsample_bynode": 0.5965713859654763, "model__colsample_bytree": 1.0, "model__learning_rate": 0.3, "model__max_depth": 8.0, "model__n_estimators": 15.0, "model__reg_lambda": 2.657597293639804}, "datetime": {"datetime": "2021-03-27 17:07:31", "elapsed": 251.011687, "delta": 1.957053}}
{"target": -0.3570952519970149, "params": {"model__colsample_bylevel": 0.33586895900015945, "model__colsample_bynode": 0.952015803094312, "model__colsample_bytree": 0.35375597464108277, "model__learning_rate": 0.10022129217106467, "model__max_depth": 6.2682865407645485, "model__n_estimators": 25.34812412804865, "model__reg_lambda": 0.2023513320473347}, "datetime": {"datetime": "2021-03-27 17:07:33", "elapsed": 252.864715, "delta": 1.853028}}
{"target": -0.3118336005973211, "params": {"model__colsample_bylevel": 0.7370682512246818, "model__colsample_bynode": 0.9126401639732287, "model__colsample_bytree": 0.3043052499291923, "model__learning_rate": 0.29189443276259835, "model__max_depth": 4.85569070935168, "model__n_estimators": 27.155042493847983, "model__reg_lambda": 2.67101822431055}, "datetime": {"datetime": "2021-03-27 17:07:35", "elapsed": 254.562649, "delta": 1.697934}}
{"target": -0.3095424407944623, "params": {"model__colsample_bylevel": 1.0, "model__colsample_bynode": 1.0, "model__colsample_bytree": 1.0, "model__learning_rate": 0.3, "model__max_depth": 2.820227486807798, "model__n_estimators": 24.265173269960663, "model__reg_lambda": 7.577080948474361}, "datetime": {"datetime": "2021-03-27 17:07:36", "elapsed": 256.222223, "delta": 1.659574}}
{"target": -0.293462004210206, "params": {"model__colsample_bylevel": 0.9923582721608382, "model__colsample_bynode": 0.30149303276966843, "model__colsample_bytree": 0.34664576768088073, "model__learning_rate": 0.28768438471169155, "model__max_depth": 7.512797907281941, "model__n_estimators": 22.3558339855087, "model__reg_lambda": 3.027254108772268}, "datetime": {"datetime": "2021-03-27 17:07:38", "elapsed": 258.049429, "delta": 1.827206}}
