{"target": -0.31416938875842354, "params": {"model__colsample_bylevel": 0.43770438267170664, "model__colsample_bynode": 0.562288016838024, "model__colsample_bytree": 0.6684847059501842, "model__learning_rate": 0.24216538663414655, "model__max_depth": 5.53982800385271, "model__n_estimators": 24.586364893849456, "model__reg_lambda": 6.03761911116279}, "datetime": {"datetime": "2021-03-27 17:03:23", "elapsed": 3.345425, "delta": 0.070968}}
{"target": -0.29695536263820216, "params": {"model__colsample_bylevel": 0.5615024327662378, "model__colsample_bynode": 0.5278880157630303, "model__colsample_bytree": 0.6927994632423486, "model__learning_rate": 0.2499326997232081, "model__max_depth": 7.515144966264312, "model__n_estimators": 27.41503748405572, "model__reg_lambda": 5.537273620404508}, "datetime": {"datetime": "2021-03-27 17:03:23", "elapsed": 3.409932, "delta": 0.064507}}
{"target": -0.3205767978178472, "params": {"model__colsample_bylevel": 0.8773753442334304, "model__colsample_bynode": 0.3197624374107063, "model__colsample_bytree": 0.8582648079772404, "model__learning_rate": 0.1398977410305498, "model__max_depth": 6.115045756510598, "model__n_estimators": 27.377846347953547, "model__reg_lambda": 3.1496308071503187}, "datetime": {"datetime": "2021-03-27 17:03:24", "elapsed": 3.475052, "delta": 0.06512}}
{"target": -0.3377651810355862, "params": {"model__colsample_bylevel": 0.5798231824380045, "model__colsample_bynode": 0.9899122285696411, "model__colsample_bytree": 0.4774952834387126, "model__learning_rate": 0.25106786479472265, "model__max_depth": 4.436357453829759, "model__n_estimators": 19.72844903945682, "model__reg_lambda": 7.705159221072094}, "datetime": {"datetime": "2021-03-27 17:03:24", "elapsed": 3.543378, "delta": 0.068326}}
{"target": -0.34088332016034506, "params": {"model__colsample_bylevel": 0.6149024037576569, "model__colsample_bynode": 0.7970601762740899, "model__colsample_bytree": 0.4555403075808654, "model__learning_rate": 0.26476738246878556, "model__max_depth": 6.3006447069266285, "model__n_estimators": 22.48861984031197, "model__reg_lambda": 7.91551010046181}, "datetime": {"datetime": "2021-03-27 17:03:24", "elapsed": 3.604226, "delta": 0.060848}}
{"target": -0.2899824901362476, "params": {"model__colsample_bylevel": 0.9437937215686736, "model__colsample_bynode": 0.8511722448868555, "model__colsample_bytree": 0.5084857837350747, "model__learning_rate": 0.24346701302396254, "model__max_depth": 5.690340786662006, "model__n_estimators": 27.619845335231588, "model__reg_lambda": 4.0456797253845265}, "datetime": {"datetime": "2021-03-27 17:03:24", "elapsed": 3.683166, "delta": 0.07894}}
{"target": -0.30883675271955624, "params": {"model__colsample_bylevel": 0.6173529449301774, "model__colsample_bynode": 0.3656352091501882, "model__colsample_bytree": 0.45305055880659917, "model__learning_rate": 0.20586849821836273, "model__max_depth": 5.173197962934258, "model__n_estimators": 25.696146745858105, "model__reg_lambda": 2.863925264426952}, "datetime": {"datetime": "2021-03-27 17:03:24", "elapsed": 3.744247, "delta": 0.061081}}
{"target": -0.4331837468740085, "params": {"model__colsample_bylevel": 0.3812502817792496, "model__colsample_bynode": 0.43107613084910207, "model__colsample_bytree": 0.6036033759584388, "model__learning_rate": 0.13710847453713484, "model__max_depth": 2.7407946095138094, "model__n_estimators": 25.875381462387566, "model__reg_lambda": 9.101677556132595}, "datetime": {"datetime": "2021-03-27 17:03:24", "elapsed": 3.800021, "delta": 0.055774}}
{"target": -0.37799687859521286, "params": {"model__colsample_bylevel": 0.3426383940311504, "model__colsample_bynode": 0.3292770968669983, "model__colsample_bytree": 0.49999974247633633, "model__learning_rate": 0.21592871225493404, "model__max_depth": 7.629568478689846, "model__n_estimators": 23.72527860523467, "model__reg_lambda": 6.7998375849329875}, "datetime": {"datetime": "2021-03-27 17:03:24", "elapsed": 3.856777, "delta": 0.056756}}
{"target": -0.3232567982501823, "params": {"model__colsample_bylevel": 0.3, "model__colsample_bynode": 1.0, "model__colsample_bytree": 0.3, "model__learning_rate": 0.3, "model__max_depth": 8.0, "model__n_estimators": 30.0, "model__reg_lambda": 10.0}, "datetime": {"datetime": "2021-03-27 17:03:25", "elapsed": 4.655232, "delta": 0.798455}}
{"target": -0.33667608086708123, "params": {"model__colsample_bylevel": 1.0, "model__colsample_bynode": 1.0, "model__colsample_bytree": 1.0, "model__learning_rate": 0.3, "model__max_depth": 8.0, "model__n_estimators": 15.0, "model__reg_lambda": 10.0}, "datetime": {"datetime": "2021-03-27 17:03:25", "elapsed": 5.338642, "delta": 0.68341}}
{"target": -0.29525225568044783, "params": {"model__colsample_bylevel": 0.3, "model__colsample_bynode": 0.3, "model__colsample_bytree": 1.0, "model__learning_rate": 0.3, "model__max_depth": 6.706148359196132, "model__n_estimators": 19.847217752288593, "model__reg_lambda": 0.0}, "datetime": {"datetime": "2021-03-27 17:03:26", "elapsed": 6.016041, "delta": 0.677399}}
{"target": -0.3529746238229985, "params": {"model__colsample_bylevel": 0.3, "model__colsample_bynode": 1.0, "model__colsample_bytree": 0.3, "model__learning_rate": 0.3, "model__max_depth": 2.0, "model__n_estimators": 30.0, "model__reg_lambda": 10.0}, "datetime": {"datetime": "2021-03-27 17:03:27", "elapsed": 6.719657, "delta": 0.703616}}
{"target": -0.27498995560167383, "params": {"model__colsample_bylevel": 0.3, "model__colsample_bynode": 1.0, "model__colsample_bytree": 1.0, "model__learning_rate": 0.3, "model__max_depth": 8.0, "model__n_estimators": 30.0, "model__reg_lambda": 5.877590459461492}, "datetime": {"datetime": "2021-03-27 17:03:28", "elapsed": 7.471748, "delta": 0.752091}}
{"target": -0.30726782928467256, "params": {"model__colsample_bylevel": 0.3, "model__colsample_bynode": 0.3, "model__colsample_bytree": 0.3, "model__learning_rate": 0.3, "model__max_depth": 2.763776174284903, "model__n_estimators": 30.0, "model__reg_lambda": 0.9869667922507398}, "datetime": {"datetime": "2021-03-27 17:03:28", "elapsed": 8.260688, "delta": 0.78894}}
{"target": -0.36141186961499244, "params": {"model__colsample_bylevel": 1.0, "model__colsample_bynode": 1.0, "model__colsample_bytree": 1.0, "model__learning_rate": 0.3, "model__max_depth": 2.0, "model__n_estimators": 21.088098863788236, "model__reg_lambda": 10.0}, "datetime": {"datetime": "2021-03-27 17:03:29", "elapsed": 8.995945, "delta": 0.735257}}
{"target": -0.30748904711917796, "params": {"model__colsample_bylevel": 1.0, "model__colsample_bynode": 1.0, "model__colsample_bytree": 1.0, "model__learning_rate": 0.3, "model__max_depth": 8.0, "model__n_estimators": 18.139464341882697, "model__reg_lambda": 6.231434180253007}, "datetime": {"datetime": "2021-03-27 17:03:30", "elapsed": 9.796874, "delta": 0.800929}}
{"target": -0.29173893113181915, "params": {"model__colsample_bylevel": 1.0, "model__colsample_bynode": 0.3, "model__colsample_bytree": 1.0, "model__learning_rate": 0.3, "model__max_depth": 6.660697445533984, "model__n_estimators": 21.75233548314963, "model__reg_lambda": 4.520713641281348}, "datetime": {"datetime": "2021-03-27 17:03:30", "elapsed": 10.462525, "delta": 0.665651}}
{"target": -0.2847701690888599, "params": {"model__colsample_bylevel": 1.0, "model__colsample_bynode": 0.3, "model__colsample_bytree": 1.0, "model__learning_rate": 0.3, "model__max_depth": 4.023519129439447, "model__n_estimators": 15.0, "model__reg_lambda": 0.0}, "datetime": {"datetime": "2021-03-27 17:03:31", "elapsed": 11.157184, "delta": 0.694659}}
{"target": -0.31411923757295357, "params": {"model__colsample_bylevel": 1.0, "model__colsample_bynode": 1.0, "model__colsample_bytree": 1.0, "model__learning_rate": 0.3, "model__max_depth": 8.0, "model__n_estimators": 20.770988144685624, "model__reg_lambda": 10.0}, "datetime": {"datetime": "2021-03-27 17:03:32", "elapsed": 11.837032, "delta": 0.679848}}
{"target": -0.3414937418075683, "params": {"model__colsample_bylevel": 0.3, "model__colsample_bynode": 0.3, "model__colsample_bytree": 1.0, "model__learning_rate": 0.3, "model__max_depth": 8.0, "model__n_estimators": 15.0, "model__reg_lambda": 4.6709115644545625}, "datetime": {"datetime": "2021-03-27 17:03:33", "elapsed": 12.585105, "delta": 0.748073}}
{"target": -0.3245993615030244, "params": {"model__colsample_bylevel": 1.0, "model__colsample_bynode": 1.0, "model__colsample_bytree": 1.0, "model__learning_rate": 0.3, "model__max_depth": 2.0, "model__n_estimators": 18.011302541782516, "model__reg_lambda": 0.0}, "datetime": {"datetime": "2021-03-27 17:03:33", "elapsed": 13.227278, "delta": 0.642173}}
{"target": -0.30333311092749615, "params": {"model__colsample_bylevel": 1.0, "model__colsample_bynode": 1.0, "model__colsample_bytree": 1.0, "model__learning_rate": 0.3, "model__max_depth": 4.87893820165711, "model__n_estimators": 30.0, "model__reg_lambda": 10.0}, "datetime": {"datetime": "2021-03-27 17:03:34", "elapsed": 14.084098, "delta": 0.85682}}
{"target": -0.29410116983918416, "params": {"model__colsample_bylevel": 0.9818395640766713, "model__colsample_bynode": 0.4358282363720634, "model__colsample_bytree": 0.9664999418257554, "model__learning_rate": 0.29370000377863537, "model__max_depth": 7.501875841123295, "model__n_estimators": 16.404392975551914, "model__reg_lambda": 0.21359827250099883}, "datetime": {"datetime": "2021-03-27 17:03:35", "elapsed": 14.804376, "delta": 0.720278}}
{"target": -0.28887831422954163, "params": {"model__colsample_bylevel": 0.3, "model__colsample_bynode": 0.3030053179348756, "model__colsample_bytree": 1.0, "model__learning_rate": 0.3, "model__max_depth": 4.561141900462468, "model__n_estimators": 22.26298458401235, "model__reg_lambda": 0.0}, "datetime": {"datetime": "2021-03-27 17:03:36", "elapsed": 15.569717, "delta": 0.765341}}
{"target": -0.307058376060846, "params": {"model__colsample_bylevel": 1.0, "model__colsample_bynode": 1.0, "model__colsample_bytree": 0.3, "model__learning_rate": 0.3, "model__max_depth": 8.0, "model__n_estimators": 28.545195967213708, "model__reg_lambda": 0.0}, "datetime": {"datetime": "2021-03-27 17:03:36", "elapsed": 16.297041, "delta": 0.727324}}
{"target": -0.29435500673733755, "params": {"model__colsample_bylevel": 0.3, "model__colsample_bynode": 0.5977937531043334, "model__colsample_bytree": 0.3, "model__learning_rate": 0.3, "model__max_depth": 8.0, "model__n_estimators": 28.2131479477256, "model__reg_lambda": 2.811799533959673}, "datetime": {"datetime": "2021-03-27 17:03:37", "elapsed": 17.022771, "delta": 0.72573}}
{"target": -0.30105202702208134, "params": {"model__colsample_bylevel": 0.3, "model__colsample_bynode": 1.0, "model__colsample_bytree": 1.0, "model__learning_rate": 0.3, "model__max_depth": 8.0, "model__n_estimators": 15.0, "model__reg_lambda": 0.0}, "datetime": {"datetime": "2021-03-27 17:03:38", "elapsed": 17.71927, "delta": 0.696499}}
{"target": -0.2927257705736944, "params": {"model__colsample_bylevel": 0.9837592419674559, "model__colsample_bynode": 0.6460205937395569, "model__colsample_bytree": 0.38032006270094143, "model__learning_rate": 0.2512409139649291, "model__max_depth": 5.420114715642562, "model__n_estimators": 29.551320180393567, "model__reg_lambda": 0.029548784697566166}, "datetime": {"datetime": "2021-03-27 17:03:39", "elapsed": 18.521241, "delta": 0.801971}}
{"target": -0.29254842528911384, "params": {"model__colsample_bylevel": 0.3, "model__colsample_bynode": 1.0, "model__colsample_bytree": 1.0, "model__learning_rate": 0.3, "model__max_depth": 8.0, "model__n_estimators": 21.26339996964858, "model__reg_lambda": 3.4494821652646563}, "datetime": {"datetime": "2021-03-27 17:03:39", "elapsed": 19.443026, "delta": 0.921785}}
{"target": -0.31984777956917554, "params": {"model__colsample_bylevel": 0.3, "model__colsample_bynode": 0.3, "model__colsample_bytree": 1.0, "model__learning_rate": 0.3, "model__max_depth": 8.0, "model__n_estimators": 30.0, "model__reg_lambda": 10.0}, "datetime": {"datetime": "2021-03-27 17:03:40", "elapsed": 20.257032, "delta": 0.814006}}
{"target": -0.316227120756968, "params": {"model__colsample_bylevel": 0.3, "model__colsample_bynode": 1.0, "model__colsample_bytree": 1.0, "model__learning_rate": 0.3, "model__max_depth": 4.872233178742059, "model__n_estimators": 22.916459312908895, "model__reg_lambda": 10.0}, "datetime": {"datetime": "2021-03-27 17:03:41", "elapsed": 20.887661, "delta": 0.630629}}
{"target": -0.30951088988964537, "params": {"model__colsample_bylevel": 0.3, "model__colsample_bynode": 1.0, "model__colsample_bytree": 0.3, "model__learning_rate": 0.3, "model__max_depth": 6.498046874791515, "model__n_estimators": 30.0, "model__reg_lambda": 6.85241512639817}, "datetime": {"datetime": "2021-03-27 17:03:42", "elapsed": 21.642866, "delta": 0.755205}}
{"target": -0.3001664041959937, "params": {"model__colsample_bylevel": 1.0, "model__colsample_bynode": 1.0, "model__colsample_bytree": 1.0, "model__learning_rate": 0.3, "model__max_depth": 8.0, "model__n_estimators": 27.902327954402768, "model__reg_lambda": 8.891939992755821}, "datetime": {"datetime": "2021-03-27 17:03:42", "elapsed": 22.367265, "delta": 0.724399}}
{"target": -0.2840922338445165, "params": {"model__colsample_bylevel": 0.4918770566058459, "model__colsample_bynode": 0.8943675916041698, "model__colsample_bytree": 0.9902610249171624, "model__learning_rate": 0.26429647615228424, "model__max_depth": 4.546000015697013, "model__n_estimators": 29.938441517138628, "model__reg_lambda": 3.033521586894954}, "datetime": {"datetime": "2021-03-27 17:03:43", "elapsed": 23.109669, "delta": 0.742404}}
{"target": -0.3455575570229616, "params": {"model__colsample_bylevel": 1.0, "model__colsample_bynode": 1.0, "model__colsample_bytree": 0.3, "model__learning_rate": 0.3, "model__max_depth": 5.819672037268331, "model__n_estimators": 18.371846470787894, "model__reg_lambda": 0.0}, "datetime": {"datetime": "2021-03-27 17:03:44", "elapsed": 23.803609, "delta": 0.69394}}
{"target": -0.30665111057325334, "params": {"model__colsample_bylevel": 0.3, "model__colsample_bynode": 0.3, "model__colsample_bytree": 1.0, "model__learning_rate": 0.3, "model__max_depth": 6.289194024801157, "model__n_estimators": 15.0, "model__reg_lambda": 1.541322334394337}, "datetime": {"datetime": "2021-03-27 17:03:44", "elapsed": 24.448304, "delta": 0.644695}}
{"target": -0.2647445802716032, "params": {"model__colsample_bylevel": 1.0, "model__colsample_bynode": 1.0, "model__colsample_bytree": 0.7564157585134992, "model__learning_rate": 0.3, "model__max_depth": 2.0000000000000004, "model__n_estimators": 30.0, "model__reg_lambda": 1.337112448532189}, "datetime": {"datetime": "2021-03-27 17:03:45", "elapsed": 25.101231, "delta": 0.652927}}
{"target": -0.3311370094917948, "params": {"model__colsample_bylevel": 1.0, "model__colsample_bynode": 1.0, "model__colsample_bytree": 1.0, "model__learning_rate": 0.3, "model__max_depth": 8.0, "model__n_estimators": 19.86902373018386, "model__reg_lambda": 0.0}, "datetime": {"datetime": "2021-03-27 17:03:46", "elapsed": 25.877258, "delta": 0.776027}}
{"target": -0.30728845550793393, "params": {"model__colsample_bylevel": 0.9795836095083609, "model__colsample_bynode": 1.0, "model__colsample_bytree": 1.0, "model__learning_rate": 0.3, "model__max_depth": 2.4653238471045, "model__n_estimators": 27.860947131252065, "model__reg_lambda": 5.777489601201433}, "datetime": {"datetime": "2021-03-27 17:03:47", "elapsed": 26.620492, "delta": 0.743234}}
{"target": -0.2848218741443723, "params": {"model__colsample_bylevel": 1.0, "model__colsample_bynode": 1.0, "model__colsample_bytree": 1.0, "model__learning_rate": 0.3, "model__max_depth": 8.0, "model__n_estimators": 29.999999999463366, "model__reg_lambda": 5.341604183069355}, "datetime": {"datetime": "2021-03-27 17:03:47", "elapsed": 27.326882, "delta": 0.70639}}
{"target": -0.2918389361263573, "params": {"model__colsample_bylevel": 0.9948789464166778, "model__colsample_bynode": 0.3474684528350271, "model__colsample_bytree": 0.820428399632134, "model__learning_rate": 0.26567155885990423, "model__max_depth": 7.873520676334715, "model__n_estimators": 24.78071992585981, "model__reg_lambda": 0.00894193690845091}, "datetime": {"datetime": "2021-03-27 17:03:48", "elapsed": 28.037344, "delta": 0.710462}}
{"target": -0.33149509493841967, "params": {"model__colsample_bylevel": 1.0, "model__colsample_bynode": 0.3, "model__colsample_bytree": 1.0, "model__learning_rate": 0.3, "model__max_depth": 2.0, "model__n_estimators": 15.0, "model__reg_lambda": 0.0}, "datetime": {"datetime": "2021-03-27 17:03:49", "elapsed": 28.727883, "delta": 0.690539}}
{"target": -0.28724163367743677, "params": {"model__colsample_bylevel": 1.0, "model__colsample_bynode": 1.0, "model__colsample_bytree": 1.0, "model__learning_rate": 0.3, "model__max_depth": 3.5000478933681136, "model__n_estimators": 20.572273760573943, "model__reg_lambda": 2.958233497660922}, "datetime": {"datetime": "2021-03-27 17:03:50", "elapsed": 29.522877, "delta": 0.794994}}
{"target": -0.2716837842419805, "params": {"model__colsample_bylevel": 1.0, "model__colsample_bynode": 0.3, "model__colsample_bytree": 0.3, "model__learning_rate": 0.3, "model__max_depth": 4.4283048049521465, "model__n_estimators": 27.091383089554807, "model__reg_lambda": 0.0}, "datetime": {"datetime": "2021-03-27 17:03:50", "elapsed": 30.222087, "delta": 0.69921}}
{"target": -0.3133375743552502, "params": {"model__colsample_bylevel": 1.0, "model__colsample_bynode": 1.0, "model__colsample_bytree": 1.0, "model__learning_rate": 0.3, "model__max_depth": 4.7342781584515325, "model__n_estimators": 22.39451657966489, "model__reg_lambda": 7.920113014777284}, "datetime": {"datetime": "2021-03-27 17:03:51", "elapsed": 31.010037, "delta": 0.78795}}
{"target": -0.26818001170818134, "params": {"model__colsample_bylevel": 0.3, "model__colsample_bynode": 1.0, "model__colsample_bytree": 1.0, "model__learning_rate": 0.3, "model__max_depth": 2.0, "model__n_estimators": 30.0, "model__reg_lambda": 0.0}, "datetime": {"datetime": "2021-03-27 17:03:52", "elapsed": 32.077765, "delta": 1.067728}}
{"target": -0.28219853062469485, "params": {"model__colsample_bylevel": 0.3, "model__colsample_bynode": 1.0, "model__colsample_bytree": 0.9999999992630857, "model__learning_rate": 0.3, "model__max_depth": 3.9299851424656422, "model__n_estimators": 27.368568748811764, "model__reg_lambda": 6.127835634154873}, "datetime": {"datetime": "2021-03-27 17:03:53", "elapsed": 33.190414, "delta": 1.112649}}
{"target": -0.328455247082815, "params": {"model__colsample_bylevel": 1.0, "model__colsample_bynode": 1.0, "model__colsample_bytree": 1.0, "model__learning_rate": 0.3, "model__max_depth": 6.474392078036823, "model__n_estimators": 15.010560347123327, "model__reg_lambda": 6.354930174592042}, "datetime": {"datetime": "2021-03-27 17:03:55", "elapsed": 34.479806, "delta": 1.289392}}
{"target": -0.30299807610091467, "params": {"model__colsample_bylevel": 0.3391022955670892, "model__colsample_bynode": 0.3, "model__colsample_bytree": 1.0, "model__learning_rate": 0.3, "model__max_depth": 7.755004532030244, "model__n_estimators": 21.890192351995097, "model__reg_lambda": 1.5661148309180761}, "datetime": {"datetime": "2021-03-27 17:03:55", "elapsed": 35.35125, "delta": 0.871444}}
{"target": -0.27825338279970147, "params": {"model__colsample_bylevel": 0.39308466797026576, "model__colsample_bynode": 0.8982906348054455, "model__colsample_bytree": 1.0, "model__learning_rate": 0.3, "model__max_depth": 5.044227288654075, "model__n_estimators": 20.695456309330275, "model__reg_lambda": 4.693634103549917}, "datetime": {"datetime": "2021-03-27 17:03:57", "elapsed": 36.628841, "delta": 1.277591}}
{"target": -0.24097612579150693, "params": {"model__colsample_bylevel": 0.33906976248708776, "model__colsample_bynode": 0.6929238080035676, "model__colsample_bytree": 0.374370876690802, "model__learning_rate": 0.27149707406563894, "model__max_depth": 6.051487376264183, "model__n_estimators": 24.600365318182114, "model__reg_lambda": 0.26553465486231276}, "datetime": {"datetime": "2021-03-27 17:03:58", "elapsed": 37.613512, "delta": 0.984671}}
{"target": -0.4135945109758472, "params": {"model__colsample_bylevel": 0.3, "model__colsample_bynode": 0.3, "model__colsample_bytree": 1.0, "model__learning_rate": 0.3, "model__max_depth": 2.0, "model__n_estimators": 15.0, "model__reg_lambda": 10.0}, "datetime": {"datetime": "2021-03-27 17:03:59", "elapsed": 38.728286, "delta": 1.114774}}
{"target": -0.24857184471263244, "params": {"model__colsample_bylevel": 0.44323268253407355, "model__colsample_bynode": 0.7698653826657307, "model__colsample_bytree": 0.48401587764618026, "model__learning_rate": 0.2970545707775928, "model__max_depth": 6.731237108746885, "model__n_estimators": 25.734006987818418, "model__reg_lambda": 0.0817028908656503}, "datetime": {"datetime": "2021-03-27 17:04:00", "elapsed": 39.962844, "delta": 1.234558}}
{"target": -0.2828462750830627, "params": {"model__colsample_bylevel": 0.5104775681187728, "model__colsample_bynode": 1.0, "model__colsample_bytree": 0.913676690372647, "model__learning_rate": 0.3, "model__max_depth": 5.62087376301067, "model__n_estimators": 23.392918155082615, "model__reg_lambda": 1.4995195700262454}, "datetime": {"datetime": "2021-03-27 17:04:01", "elapsed": 41.007113, "delta": 1.044269}}
{"target": -0.3591845336383668, "params": {"model__colsample_bylevel": 0.3, "model__colsample_bynode": 0.3, "model__colsample_bytree": 1.0, "model__learning_rate": 0.3, "model__max_depth": 3.104494411866352, "model__n_estimators": 19.0112330093209, "model__reg_lambda": 8.41659910072488}, "datetime": {"datetime": "2021-03-27 17:04:02", "elapsed": 42.228158, "delta": 1.221045}}
