{"target": -0.30556078546957205, "params": {"model__colsample_bylevel": 0.7730936338337835, "model__colsample_bynode": 0.6532456627213503, "model__colsample_bytree": 0.4595308932776652, "model__learning_rate": 0.2965692648900684, "model__max_depth": 5.6175166062072375, "model__n_estimators": 28.179505475881367, "model__reg_lambda": 9.796576670610264}, "datetime": {"datetime": "2021-03-27 17:04:03", "elapsed": 43.285564, "delta": 1.057406}}
{"target": -0.27985655938020393, "params": {"model__colsample_bylevel": 0.9542533303516794, "model__colsample_bynode": 0.42011674428321144, "model__colsample_bytree": 0.9640536325163203, "model__learning_rate": 0.29411645626920657, "model__max_depth": 6.230002783604176, "model__n_estimators": 19.38694417475254, "model__reg_lambda": 1.3162369663772266}, "datetime": {"datetime": "2021-03-27 17:04:04", "elapsed": 44.388243, "delta": 1.102679}}
{"target": -0.27845897784817664, "params": {"model__colsample_bylevel": 0.8592296047097921, "model__colsample_bynode": 0.601150438233104, "model__colsample_bytree": 0.30541974252847476, "model__learning_rate": 0.2999999995450048, "model__max_depth": 6.012650374499494, "model__n_estimators": 24.515143141395182, "model__reg_lambda": 0.24538550496826625}, "datetime": {"datetime": "2021-03-27 17:04:06", "elapsed": 45.562922, "delta": 1.174679}}
{"target": -0.2921304181209711, "params": {"model__colsample_bylevel": 0.38813740074911546, "model__colsample_bynode": 0.5581420595589541, "model__colsample_bytree": 0.46147423192316817, "model__learning_rate": 0.28087164728429115, "model__max_depth": 7.965630661700622, "model__n_estimators": 23.93348417515837, "model__reg_lambda": 0.017255012028511985}, "datetime": {"datetime": "2021-03-27 17:04:07", "elapsed": 46.798462, "delta": 1.23554}}
{"target": -0.2983933878751249, "params": {"model__colsample_bylevel": 0.4713433459175487, "model__colsample_bynode": 0.9815404150655311, "model__colsample_bytree": 0.9797668974194131, "model__learning_rate": 0.27355735728373476, "model__max_depth": 7.986129287922589, "model__n_estimators": 26.55453819711392, "model__reg_lambda": 0.02902687870690035}, "datetime": {"datetime": "2021-03-27 17:04:08", "elapsed": 48.07016, "delta": 1.271698}}
{"target": -0.3028077301872975, "params": {"model__colsample_bylevel": 0.9999999996875449, "model__colsample_bynode": 1.0, "model__colsample_bytree": 1.0, "model__learning_rate": 0.3, "model__max_depth": 8.0, "model__n_estimators": 24.57422015643996, "model__reg_lambda": 10.0}, "datetime": {"datetime": "2021-03-27 17:04:09", "elapsed": 49.318881, "delta": 1.248721}}
{"target": -0.28367995637809806, "params": {"model__colsample_bylevel": 0.3, "model__colsample_bynode": 1.0, "model__colsample_bytree": 1.0, "model__learning_rate": 0.3, "model__max_depth": 5.572603472566616, "model__n_estimators": 29.45719096345436, "model__reg_lambda": 4.453011588255175}, "datetime": {"datetime": "2021-03-27 17:04:11", "elapsed": 50.64492, "delta": 1.326039}}
{"target": -0.2495843953702707, "params": {"model__colsample_bylevel": 0.3826325870691275, "model__colsample_bynode": 0.9696920324202289, "model__colsample_bytree": 0.6188105841124509, "model__learning_rate": 0.27554158416504515, "model__max_depth": 4.778695238175965, "model__n_estimators": 27.249297975342614, "model__reg_lambda": 1.5367615957552294}, "datetime": {"datetime": "2021-03-27 17:04:12", "elapsed": 51.863165, "delta": 1.218245}}
{"target": -0.30121669825773845, "params": {"model__colsample_bylevel": 0.3681864723720288, "model__colsample_bynode": 0.6193033241325658, "model__colsample_bytree": 0.309777669714284, "model__learning_rate": 0.24094258692974058, "model__max_depth": 4.8707318647083815, "model__n_estimators": 25.945753343794728, "model__reg_lambda": 0.4199604880420338}, "datetime": {"datetime": "2021-03-27 17:04:13", "elapsed": 52.973018, "delta": 1.109853}}
{"target": -0.34424680298788174, "params": {"model__colsample_bylevel": 0.3, "model__colsample_bynode": 1.0, "model__colsample_bytree": 1.0, "model__learning_rate": 0.3, "model__max_depth": 5.638484212041507, "model__n_estimators": 15.0, "model__reg_lambda": 10.0}, "datetime": {"datetime": "2021-03-27 17:04:14", "elapsed": 54.161441, "delta": 1.188423}}
{"target": -0.2607666415186005, "params": {"model__colsample_bylevel": 0.3, "model__colsample_bynode": 1.0, "model__colsample_bytree": 0.9999999619186951, "model__learning_rate": 0.3, "model__max_depth": 5.320923094980469, "model__n_estimators": 24.586764103773145, "model__reg_lambda": 0.05802168504992357}, "datetime": {"datetime": "2021-03-27 17:04:15", "elapsed": 55.336741, "delta": 1.1753}}
{"target": -0.33229463983097696, "params": {"model__colsample_bylevel": 0.3, "model__colsample_bynode": 1.0, "model__colsample_bytree": 0.3, "model__learning_rate": 0.3, "model__max_depth": 2.0, "model__n_estimators": 30.0, "model__reg_lambda": 5.958545822994243}, "datetime": {"datetime": "2021-03-27 17:04:16", "elapsed": 56.418763, "delta": 1.082022}}
{"target": -0.2529780510094682, "params": {"model__colsample_bylevel": 0.9647622158934199, "model__colsample_bynode": 0.931222961205177, "model__colsample_bytree": 0.649698008755029, "model__learning_rate": 0.29896250846657113, "model__max_depth": 3.1512792976697614, "model__n_estimators": 28.34803667584413, "model__reg_lambda": 0.031934336035545074}, "datetime": {"datetime": "2021-03-27 17:04:18", "elapsed": 57.633699, "delta": 1.214936}}
{"target": -0.3019548237998632, "params": {"model__colsample_bylevel": 0.3, "model__colsample_bynode": 0.3, "model__colsample_bytree": 0.6625310128070251, "model__learning_rate": 0.3, "model__max_depth": 7.022932744855852, "model__n_estimators": 24.24655089651736, "model__reg_lambda": 1.6543655491203664}, "datetime": {"datetime": "2021-03-27 17:04:19", "elapsed": 59.149278, "delta": 1.515579}}
{"target": -0.32543180551467654, "params": {"model__colsample_bylevel": 0.9573108086331479, "model__colsample_bynode": 0.3509441431609758, "model__colsample_bytree": 0.4497499237103311, "model__learning_rate": 0.29755088218788783, "model__max_depth": 7.97127648342095, "model__n_estimators": 15.279888891576475, "model__reg_lambda": 1.2541992091014864}, "datetime": {"datetime": "2021-03-27 17:04:20", "elapsed": 60.334717, "delta": 1.185439}}
{"target": -0.301218319959952, "params": {"model__colsample_bylevel": 1.0, "model__colsample_bynode": 1.0, "model__colsample_bytree": 1.0, "model__learning_rate": 0.3, "model__max_depth": 8.0, "model__n_estimators": 21.07582883609217, "model__reg_lambda": 6.3368401811706905}, "datetime": {"datetime": "2021-03-27 17:04:22", "elapsed": 61.554538, "delta": 1.219821}}
{"target": -0.3102776765421816, "params": {"model__colsample_bylevel": 1.0, "model__colsample_bynode": 0.3, "model__colsample_bytree": 0.3, "model__learning_rate": 0.3, "model__max_depth": 8.0, "model__n_estimators": 29.89283408387669, "model__reg_lambda": 7.7689479455603365}, "datetime": {"datetime": "2021-03-27 17:04:23", "elapsed": 62.87454, "delta": 1.320002}}
{"target": -0.3184511728706243, "params": {"model__colsample_bylevel": 0.3, "model__colsample_bynode": 0.9999999997604958, "model__colsample_bytree": 0.30000000891515577, "model__learning_rate": 0.3, "model__max_depth": 7.999999999033088, "model__n_estimators": 28.12088627561192, "model__reg_lambda": 7.294777093372034}, "datetime": {"datetime": "2021-03-27 17:04:24", "elapsed": 63.986635, "delta": 1.112095}}
{"target": -0.3116521718243704, "params": {"model__colsample_bylevel": 1.0, "model__colsample_bynode": 1.0, "model__colsample_bytree": 1.0, "model__learning_rate": 0.3, "model__max_depth": 3.2677352780658704, "model__n_estimators": 27.38154231573587, "model__reg_lambda": 10.0}, "datetime": {"datetime": "2021-03-27 17:04:25", "elapsed": 65.262848, "delta": 1.276213}}
{"target": -0.297618098113858, "params": {"model__colsample_bylevel": 0.7169831689019175, "model__colsample_bynode": 0.3291308751447302, "model__colsample_bytree": 0.9459091611010491, "model__learning_rate": 0.2763336945619955, "model__max_depth": 3.6786216517094825, "model__n_estimators": 18.539513566083016, "model__reg_lambda": 0.03351255060251246}, "datetime": {"datetime": "2021-03-27 17:04:27", "elapsed": 66.589981, "delta": 1.327133}}
{"target": -0.3376019891702394, "params": {"model__colsample_bylevel": 0.3, "model__colsample_bynode": 0.3, "model__colsample_bytree": 1.0, "model__learning_rate": 0.3, "model__max_depth": 8.0, "model__n_estimators": 23.00156857898137, "model__reg_lambda": 10.0}, "datetime": {"datetime": "2021-03-27 17:04:28", "elapsed": 67.760153, "delta": 1.170172}}
{"target": -0.3262602252949812, "params": {"model__colsample_bylevel": 1.0, "model__colsample_bynode": 1.0, "model__colsample_bytree": 1.0, "model__learning_rate": 0.3, "model__max_depth": 8.0, "model__n_estimators": 16.201622794610344, "model__reg_lambda": 3.74604760184836}, "datetime": {"datetime": "2021-03-27 17:04:29", "elapsed": 69.063731, "delta": 1.303578}}
{"target": -0.33294162491262225, "params": {"model__colsample_bylevel": 1.0, "model__colsample_bynode": 1.0, "model__colsample_bytree": 1.0, "model__learning_rate": 0.3, "model__max_depth": 3.976394341231254, "model__n_estimators": 19.413187017265102, "model__reg_lambda": 10.0}, "datetime": {"datetime": "2021-03-27 17:04:30", "elapsed": 70.296121, "delta": 1.23239}}
{"target": -0.31122107161546425, "params": {"model__colsample_bylevel": 1.0, "model__colsample_bynode": 1.0, "model__colsample_bytree": 1.0, "model__learning_rate": 0.3, "model__max_depth": 8.0, "model__n_estimators": 30.0, "model__reg_lambda": 0.0}, "datetime": {"datetime": "2021-03-27 17:04:32", "elapsed": 71.531053, "delta": 1.234932}}
{"target": -0.3285564521631307, "params": {"model__colsample_bylevel": 1.0, "model__colsample_bynode": 1.0, "model__colsample_bytree": 1.0, "model__learning_rate": 0.3, "model__max_depth": 5.4547785515614615, "model__n_estimators": 15.309252699974733, "model__reg_lambda": 0.0}, "datetime": {"datetime": "2021-03-27 17:04:33", "elapsed": 72.642266, "delta": 1.111213}}
{"target": -0.30399125404520955, "params": {"model__colsample_bylevel": 1.0, "model__colsample_bynode": 1.0, "model__colsample_bytree": 1.0, "model__learning_rate": 0.3, "model__max_depth": 5.16084013674543, "model__n_estimators": 18.688060265024156, "model__reg_lambda": 5.5945672887971085}, "datetime": {"datetime": "2021-03-27 17:04:34", "elapsed": 73.805183, "delta": 1.162917}}
{"target": -0.2976749139848044, "params": {"model__colsample_bylevel": 1.0, "model__colsample_bynode": 0.3, "model__colsample_bytree": 1.0, "model__learning_rate": 0.3, "model__max_depth": 4.5583843435719285, "model__n_estimators": 22.297723532945536, "model__reg_lambda": 4.930075379298841}, "datetime": {"datetime": "2021-03-27 17:04:35", "elapsed": 75.09723, "delta": 1.292047}}
{"target": -0.29390691027363286, "params": {"model__colsample_bylevel": 0.3000000173290436, "model__colsample_bynode": 1.0, "model__colsample_bytree": 0.9999999816693154, "model__learning_rate": 0.3, "model__max_depth": 5.073969966064779, "model__n_estimators": 28.628385729440886, "model__reg_lambda": 1.9793292736691634}, "datetime": {"datetime": "2021-03-27 17:04:37", "elapsed": 76.465623, "delta": 1.368393}}
{"target": -0.26650589825214305, "params": {"model__colsample_bylevel": 0.6064774963088169, "model__colsample_bynode": 0.360965789433277, "model__colsample_bytree": 0.6570000649169423, "model__learning_rate": 0.2805254615745014, "model__max_depth": 7.532006636407443, "model__n_estimators": 29.685427264989293, "model__reg_lambda": 4.191813787678579}, "datetime": {"datetime": "2021-03-27 17:04:38", "elapsed": 77.677969, "delta": 1.212346}}
{"target": -0.3107332269202216, "params": {"model__colsample_bylevel": 0.3, "model__colsample_bynode": 1.0, "model__colsample_bytree": 1.0, "model__learning_rate": 0.3, "model__max_depth": 7.825224289647606, "model__n_estimators": 16.54147157861938, "model__reg_lambda": 0.8158233333626256}, "datetime": {"datetime": "2021-03-27 17:04:39", "elapsed": 79.181065, "delta": 1.503096}}
{"target": -0.32028133591157854, "params": {"model__colsample_bylevel": 1.0, "model__colsample_bynode": 0.3, "model__colsample_bytree": 1.0, "model__learning_rate": 0.3, "model__max_depth": 2.0, "model__n_estimators": 30.0, "model__reg_lambda": 8.950856774220098}, "datetime": {"datetime": "2021-03-27 17:04:41", "elapsed": 80.528873, "delta": 1.347808}}
{"target": -0.2783906686367751, "params": {"model__colsample_bylevel": 0.3000000115861912, "model__colsample_bynode": 0.9999999884138088, "model__colsample_bytree": 0.9999999884138088, "model__learning_rate": 0.3, "model__max_depth": 3.9008214605603504, "model__n_estimators": 24.11339537549337, "model__reg_lambda": 2.9338893741271996}, "datetime": {"datetime": "2021-03-27 17:04:42", "elapsed": 81.907161, "delta": 1.378288}}
{"target": -0.37002978326914754, "params": {"model__colsample_bylevel": 1.0, "model__colsample_bynode": 1.0, "model__colsample_bytree": 0.3, "model__learning_rate": 0.3, "model__max_depth": 2.0, "model__n_estimators": 23.844276470247184, "model__reg_lambda": 10.0}, "datetime": {"datetime": "2021-03-27 17:04:43", "elapsed": 83.278898, "delta": 1.371737}}
{"target": -0.31074726082236115, "params": {"model__colsample_bylevel": 0.3000000013593715, "model__colsample_bynode": 0.3, "model__colsample_bytree": 1.0, "model__learning_rate": 0.3, "model__max_depth": 6.67998350750357, "model__n_estimators": 19.589436996837016, "model__reg_lambda": 3.7196996709015573}, "datetime": {"datetime": "2021-03-27 17:04:44", "elapsed": 84.352476, "delta": 1.073578}}
{"target": -0.32593056463595965, "params": {"model__colsample_bylevel": 1.0, "model__colsample_bynode": 1.0, "model__colsample_bytree": 1.0, "model__learning_rate": 0.3, "model__max_depth": 7.999999996287578, "model__n_estimators": 17.46455034385681, "model__reg_lambda": 10.0}, "datetime": {"datetime": "2021-03-27 17:04:46", "elapsed": 85.639931, "delta": 1.287455}}
{"target": -0.2656804028770252, "params": {"model__colsample_bylevel": 0.9850179635368446, "model__colsample_bynode": 0.35198229765194433, "model__colsample_bytree": 0.3163584674984251, "model__learning_rate": 0.2962889059755466, "model__max_depth": 5.2744527463608994, "model__n_estimators": 28.555617449926572, "model__reg_lambda": 1.7631693626409717}, "datetime": {"datetime": "2021-03-27 17:04:47", "elapsed": 87.015566, "delta": 1.375635}}
{"target": -0.2810273782063303, "params": {"model__colsample_bylevel": 1.0, "model__colsample_bynode": 0.47950942221452103, "model__colsample_bytree": 0.3000000022736369, "model__learning_rate": 0.3, "model__max_depth": 8.0, "model__n_estimators": 20.078051761004534, "model__reg_lambda": 2.233226106350544}, "datetime": {"datetime": "2021-03-27 17:04:48", "elapsed": 88.361104, "delta": 1.345538}}
{"target": -0.27404747111334776, "params": {"model__colsample_bylevel": 0.9797704101620559, "model__colsample_bynode": 0.3123570332241626, "model__colsample_bytree": 0.9586565223031502, "model__learning_rate": 0.2763533801961596, "model__max_depth": 7.930177714279198, "model__n_estimators": 29.441175451259003, "model__reg_lambda": 3.0781207425717683}, "datetime": {"datetime": "2021-03-27 17:04:50", "elapsed": 89.674516, "delta": 1.313412}}
{"target": -0.33180043582426577, "params": {"model__colsample_bylevel": 1.0, "model__colsample_bynode": 0.3, "model__colsample_bytree": 1.0, "model__learning_rate": 0.3, "model__max_depth": 2.0, "model__n_estimators": 23.38604466822383, "model__reg_lambda": 6.528834113421651}, "datetime": {"datetime": "2021-03-27 17:04:51", "elapsed": 91.360869, "delta": 1.686353}}
{"target": -0.3364422641559572, "params": {"model__colsample_bylevel": 0.3, "model__colsample_bynode": 1.0, "model__colsample_bytree": 1.0, "model__learning_rate": 0.3, "model__max_depth": 2.0, "model__n_estimators": 22.393122235515342, "model__reg_lambda": 6.099186652278013}, "datetime": {"datetime": "2021-03-27 17:04:53", "elapsed": 92.894893, "delta": 1.534024}}
{"target": -0.33069408381749216, "params": {"model__colsample_bylevel": 1.0, "model__colsample_bynode": 0.3, "model__colsample_bytree": 0.30000001250333436, "model__learning_rate": 0.3, "model__max_depth": 8.0, "model__n_estimators": 27.7578861123615, "model__reg_lambda": 10.0}, "datetime": {"datetime": "2021-03-27 17:04:54", "elapsed": 94.305399, "delta": 1.410506}}
{"target": -0.3340460081061726, "params": {"model__colsample_bylevel": 0.41672203177942146, "model__colsample_bynode": 0.39997534573887455, "model__colsample_bytree": 0.8724497076027558, "model__learning_rate": 0.29285392886582357, "model__max_depth": 2.146640689717083, "model__n_estimators": 20.029035968179198, "model__reg_lambda": 0.15094265206344493}, "datetime": {"datetime": "2021-03-27 17:04:56", "elapsed": 95.68861, "delta": 1.383211}}
{"target": -0.2854953036910139, "params": {"model__colsample_bylevel": 0.9337797788757964, "model__colsample_bynode": 0.3233047142233466, "model__colsample_bytree": 0.44073741690384133, "model__learning_rate": 0.2931084128804329, "model__max_depth": 6.316341226142587, "model__n_estimators": 29.891098168750077, "model__reg_lambda": 4.120130351128317}, "datetime": {"datetime": "2021-03-27 17:04:57", "elapsed": 96.936194, "delta": 1.247584}}
{"target": -0.28613204359603317, "params": {"model__colsample_bylevel": 0.30000000069436167, "model__colsample_bynode": 0.3, "model__colsample_bytree": 1.0, "model__learning_rate": 0.3, "model__max_depth": 7.999999999284158, "model__n_estimators": 30.0, "model__reg_lambda": 4.852277873610999}, "datetime": {"datetime": "2021-03-27 17:04:58", "elapsed": 98.418149, "delta": 1.481955}}
{"target": -0.30469928271545477, "params": {"model__colsample_bylevel": 0.8907126528420342, "model__colsample_bynode": 0.9787753325829922, "model__colsample_bytree": 0.9611220150486164, "model__learning_rate": 0.2793700501159988, "model__max_depth": 2.2041297879917168, "model__n_estimators": 29.897784682865648, "model__reg_lambda": 4.093045437340966}, "datetime": {"datetime": "2021-03-27 17:05:00", "elapsed": 99.712292, "delta": 1.294143}}
{"target": -0.2654252518051088, "params": {"model__colsample_bylevel": 0.41162427609389607, "model__colsample_bynode": 0.8123259098301516, "model__colsample_bytree": 0.3344862866002679, "model__learning_rate": 0.2917497498014693, "model__max_depth": 3.823431468162071, "model__n_estimators": 28.567059176602775, "model__reg_lambda": 3.1924659271724076}, "datetime": {"datetime": "2021-03-27 17:05:01", "elapsed": 100.833893, "delta": 1.121601}}
{"target": -0.2709221247924437, "params": {"model__colsample_bylevel": 0.6146847275357713, "model__colsample_bynode": 1.0, "model__colsample_bytree": 0.5690476264244979, "model__learning_rate": 0.3, "model__max_depth": 7.940895848413286, "model__n_estimators": 30.0, "model__reg_lambda": 3.700233398051993}, "datetime": {"datetime": "2021-03-27 17:05:02", "elapsed": 102.176758, "delta": 1.342865}}
{"target": -0.34751555434954556, "params": {"model__colsample_bylevel": 0.3, "model__colsample_bynode": 1.0, "model__colsample_bytree": 1.0, "model__learning_rate": 0.3, "model__max_depth": 8.0, "model__n_estimators": 15.0, "model__reg_lambda": 8.227312933729594}, "datetime": {"datetime": "2021-03-27 17:05:03", "elapsed": 103.386583, "delta": 1.209825}}
{"target": -0.3174303973454686, "params": {"model__colsample_bylevel": 0.3, "model__colsample_bynode": 1.0, "model__colsample_bytree": 1.0, "model__learning_rate": 0.3, "model__max_depth": 3.7293575992924066, "model__n_estimators": 15.0, "model__reg_lambda": 4.743438895049901}, "datetime": {"datetime": "2021-03-27 17:05:05", "elapsed": 104.71994, "delta": 1.333357}}
{"target": -0.3038947516320901, "params": {"model__colsample_bylevel": 0.9645195364727792, "model__colsample_bynode": 0.9056250054617594, "model__colsample_bytree": 0.570282038361782, "model__learning_rate": 0.2966984563627149, "model__max_depth": 4.906320933700179, "model__n_estimators": 27.931057672976195, "model__reg_lambda": 0.48870528687412595}, "datetime": {"datetime": "2021-03-27 17:05:06", "elapsed": 106.152556, "delta": 1.432616}}
{"target": -0.24893775538345658, "params": {"model__colsample_bylevel": 0.33450230156617383, "model__colsample_bynode": 0.9715347602288351, "model__colsample_bytree": 0.3956600429397956, "model__learning_rate": 0.2874425237048628, "model__max_depth": 6.653057743005677, "model__n_estimators": 25.933167656670033, "model__reg_lambda": 1.2302816361641244}, "datetime": {"datetime": "2021-03-27 17:05:07", "elapsed": 107.374619, "delta": 1.222063}}
{"target": -0.28066585775619995, "params": {"model__colsample_bylevel": 0.3530713573118093, "model__colsample_bynode": 0.9925697650801524, "model__colsample_bytree": 0.742805773734251, "model__learning_rate": 0.26518137152469057, "model__max_depth": 4.668004904229272, "model__n_estimators": 25.853216267843763, "model__reg_lambda": 2.0455038150263616}, "datetime": {"datetime": "2021-03-27 17:05:09", "elapsed": 108.588385, "delta": 1.213766}}
{"target": -0.3346553632984465, "params": {"model__colsample_bylevel": 1.0, "model__colsample_bynode": 0.3, "model__colsample_bytree": 1.0, "model__learning_rate": 0.3, "model__max_depth": 2.351075999113272, "model__n_estimators": 17.354838324061163, "model__reg_lambda": 1.198032519538922}, "datetime": {"datetime": "2021-03-27 17:05:10", "elapsed": 109.733429, "delta": 1.145044}}
{"target": -0.28390544924405875, "params": {"model__colsample_bylevel": 1.0, "model__colsample_bynode": 0.3, "model__colsample_bytree": 1.0, "model__learning_rate": 0.3, "model__max_depth": 8.0, "model__n_estimators": 18.49446645976414, "model__reg_lambda": 2.34430181770532}, "datetime": {"datetime": "2021-03-27 17:05:11", "elapsed": 111.098728, "delta": 1.365299}}
