{"target": -0.2896323775973819, "params": {"model__colsample_bylevel": 0.8598493484482015, "model__colsample_bynode": 0.6132215091574345, "model__colsample_bytree": 0.41608734450929086, "model__learning_rate": 0.28161769996720365, "model__max_depth": 4.0, "model__n_estimators": 29.0, "model__reg_lambda": 5.040994016933976}, "datetime": {"datetime": "2021-03-27 17:03:20", "elapsed": 0.0, "delta": 0.0}}
{"target": -0.26164623371880513, "params": {"model__colsample_bylevel": 0.9684499605391264, "model__colsample_bynode": 0.3074615603191512, "model__colsample_bytree": 0.936507101042539, "model__learning_rate": 0.2991598302746342, "model__max_depth": 3.0, "model__n_estimators": 23.0, "model__reg_lambda": 0.6151427344654614}, "datetime": {"datetime": "2021-03-27 17:03:20", "elapsed": 0.06891, "delta": 0.06891}}
{"target": -0.25960092722291495, "params": {"model__colsample_bylevel": 0.8953808837040635, "model__colsample_bynode": 0.9880629918400246, "model__colsample_bytree": 0.41103401095709896, "model__learning_rate": 0.29188182583914923, "model__max_depth": 4.0, "model__n_estimators": 25.0, "model__reg_lambda": 0.5582250077297413}, "datetime": {"datetime": "2021-03-27 17:03:20", "elapsed": 0.141802, "delta": 0.072892}}
{"target": -0.2998253051432835, "params": {"model__colsample_bylevel": 0.3601076721383074, "model__colsample_bynode": 0.8443875992877059, "model__colsample_bytree": 0.9685631978952969, "model__learning_rate": 0.29235101181699397, "model__max_depth": 2.0, "model__n_estimators": 29.0, "model__reg_lambda": 3.2364643163195996}, "datetime": {"datetime": "2021-03-27 17:03:20", "elapsed": 0.20704, "delta": 0.065238}}
{"target": -0.2561834620730909, "params": {"model__colsample_bylevel": 0.9616439492337072, "model__colsample_bynode": 0.3, "model__colsample_bytree": 1.0, "model__learning_rate": 0.3, "model__max_depth": 3.0, "model__n_estimators": 30.0, "model__reg_lambda": 4.3271656751383186e-09}, "datetime": {"datetime": "2021-03-27 17:03:20", "elapsed": 0.282981, "delta": 0.075941}}
{"target": -0.27864571854740416, "params": {"model__colsample_bylevel": 0.9962133504999264, "model__colsample_bynode": 0.9826091851993903, "model__colsample_bytree": 0.5282500943121311, "model__learning_rate": 0.29021999747645855, "model__max_depth": 3.0, "model__n_estimators": 23.0, "model__reg_lambda": 0.10693130307365406}, "datetime": {"datetime": "2021-03-27 17:03:20", "elapsed": 0.348352, "delta": 0.065371}}
{"target": -0.2795854103327999, "params": {"model__colsample_bylevel": 1.0, "model__colsample_bynode": 1.0, "model__colsample_bytree": 0.3, "model__learning_rate": 0.3, "model__max_depth": 2.0, "model__n_estimators": 28.0, "model__reg_lambda": 0.0}, "datetime": {"datetime": "2021-03-27 17:03:20", "elapsed": 0.4146, "delta": 0.066248}}
{"target": -0.27557036061665763, "params": {"model__colsample_bylevel": 0.7861070744351207, "model__colsample_bynode": 0.8774093251503836, "model__colsample_bytree": 0.6259679327570861, "model__learning_rate": 0.28810488190533123, "model__max_depth": 7.0, "model__n_estimators": 30.0, "model__reg_lambda": 1.696362575837671}, "datetime": {"datetime": "2021-03-27 17:03:21", "elapsed": 0.484507, "delta": 0.069907}}
{"target": -0.2975813356975593, "params": {"model__colsample_bylevel": 0.5454099127837428, "model__colsample_bynode": 0.9850184992025173, "model__colsample_bytree": 0.9699031365177662, "model__learning_rate": 0.294149824409183, "model__max_depth": 3.0, "model__n_estimators": 26.0, "model__reg_lambda": 0.08148554493379367}, "datetime": {"datetime": "2021-03-27 17:03:21", "elapsed": 0.554757, "delta": 0.07025}}
{"target": -0.43262073255643463, "params": {"model__colsample_bylevel": 0.30726190771998996, "model__colsample_bynode": 0.651312214504117, "model__colsample_bytree": 0.6470413051939022, "model__learning_rate": 0.12676590579185532, "model__max_depth": 2.8526665127272315, "model__n_estimators": 18.278380134391174, "model__reg_lambda": 4.185081805104525}, "datetime": {"datetime": "2021-03-27 17:03:21", "elapsed": 0.620793, "delta": 0.066036}}
{"target": -0.32057570267934354, "params": {"model__colsample_bylevel": 0.4736708178894914, "model__colsample_bynode": 0.35884175581574507, "model__colsample_bytree": 0.54184904803528, "model__learning_rate": 0.1333552693064643, "model__max_depth": 7.271354513195954, "model__n_estimators": 29.26446047440075, "model__reg_lambda": 0.38748375832319826}, "datetime": {"datetime": "2021-03-27 17:03:21", "elapsed": 0.68497, "delta": 0.064177}}
{"target": -0.30170221889418536, "params": {"model__colsample_bylevel": 0.7893751739791326, "model__colsample_bynode": 0.7009318708985864, "model__colsample_bytree": 0.9286049827576046, "model__learning_rate": 0.23337979458392732, "model__max_depth": 5.28702669827889, "model__n_estimators": 25.53641136102083, "model__reg_lambda": 3.864771696146654}, "datetime": {"datetime": "2021-03-27 17:03:21", "elapsed": 0.763529, "delta": 0.078559}}
{"target": -0.27557036061665763, "params": {"model__colsample_bylevel": 0.7861070744351207, "model__colsample_bynode": 0.8774093251503836, "model__colsample_bytree": 0.6259679327570861, "model__learning_rate": 0.28810488190533123, "model__max_depth": 6.822438620073907, "model__n_estimators": 29.75038872336499, "model__reg_lambda": 1.696362575837671}, "datetime": {"datetime": "2021-03-27 17:03:21", "elapsed": 0.83248, "delta": 0.068951}}
{"target": -0.2896259241902769, "params": {"model__colsample_bylevel": 0.6647592980218581, "model__colsample_bynode": 0.9618621918833685, "model__colsample_bytree": 0.7546783242123333, "model__learning_rate": 0.2721663846451393, "model__max_depth": 7.825076072541351, "model__n_estimators": 17.78312530401691, "model__reg_lambda": 2.431156753134085}, "datetime": {"datetime": "2021-03-27 17:03:21", "elapsed": 0.899917, "delta": 0.067437}}
{"target": -0.3200458807998971, "params": {"model__colsample_bylevel": 0.9113805901707872, "model__colsample_bynode": 0.9343940938464552, "model__colsample_bytree": 0.8307945907576542, "model__learning_rate": 0.16938039075510394, "model__max_depth": 4.781208283904345, "model__n_estimators": 24.15806611272194, "model__reg_lambda": 4.96281717671187}, "datetime": {"datetime": "2021-03-27 17:03:21", "elapsed": 0.994219, "delta": 0.094302}}
{"target": -0.3666919197077337, "params": {"model__colsample_bylevel": 0.6345818094768427, "model__colsample_bynode": 0.604888825336442, "model__colsample_bytree": 0.9092858074985717, "model__learning_rate": 0.1374717294122843, "model__max_depth": 6.126044559156051, "model__n_estimators": 25.552937607020823, "model__reg_lambda": 9.252000772711074}, "datetime": {"datetime": "2021-03-27 17:03:21", "elapsed": 1.066792, "delta": 0.072573}}
{"target": -0.3870281783755923, "params": {"model__colsample_bylevel": 0.32761837237198693, "model__colsample_bynode": 0.7529816994815779, "model__colsample_bytree": 0.7466377893021694, "model__learning_rate": 0.19233953249413938, "model__max_depth": 2.318356546912358, "model__n_estimators": 15.578563847435374, "model__reg_lambda": 1.6953141420787687}, "datetime": {"datetime": "2021-03-27 17:03:21", "elapsed": 1.129469, "delta": 0.062677}}
{"target": -0.37724526752785276, "params": {"model__colsample_bylevel": 0.8561835208849775, "model__colsample_bynode": 0.4138242325920566, "model__colsample_bytree": 0.3971170898456863, "model__learning_rate": 0.17058339064653638, "model__max_depth": 4.906990730916813, "model__n_estimators": 25.466045776856664, "model__reg_lambda": 8.011564316956859}, "datetime": {"datetime": "2021-03-27 17:03:21", "elapsed": 1.194601, "delta": 0.065132}}
{"target": -0.40435494963025703, "params": {"model__colsample_bylevel": 0.4867420639503589, "model__colsample_bynode": 0.936633346480775, "model__colsample_bytree": 0.3160068649787738, "model__learning_rate": 0.17502455249915477, "model__max_depth": 3.1977999718893484, "model__n_estimators": 20.142078437421155, "model__reg_lambda": 4.441122950440465}, "datetime": {"datetime": "2021-03-27 17:03:21", "elapsed": 1.252428, "delta": 0.057827}}
{"target": -0.35938815417955966, "params": {"model__colsample_bylevel": 0.6486977272532548, "model__colsample_bynode": 0.5900424273597351, "model__colsample_bytree": 0.4499791740194562, "model__learning_rate": 0.14332794254537243, "model__max_depth": 3.3938427634789914, "model__n_estimators": 25.93628430939619, "model__reg_lambda": 4.159186670147922}, "datetime": {"datetime": "2021-03-27 17:03:21", "elapsed": 1.323638, "delta": 0.07121}}
{"target": -0.3572695393472964, "params": {"model__colsample_bylevel": 0.7087287246096596, "model__colsample_bynode": 0.6460356235928947, "model__colsample_bytree": 0.6010327699478305, "model__learning_rate": 0.24695316340723392, "model__max_depth": 5.337298920821893, "model__n_estimators": 19.539459624900097, "model__reg_lambda": 9.70798194813456}, "datetime": {"datetime": "2021-03-27 17:03:21", "elapsed": 1.388028, "delta": 0.06439}}
{"target": -0.38520071902379827, "params": {"model__colsample_bylevel": 0.4573898284863129, "model__colsample_bynode": 0.39713840986827087, "model__colsample_bytree": 0.730452732753553, "model__learning_rate": 0.19838578785694924, "model__max_depth": 3.0989164019193227, "model__n_estimators": 16.639657727470496, "model__reg_lambda": 5.395755249234239}, "datetime": {"datetime": "2021-03-27 17:03:21", "elapsed": 1.447487, "delta": 0.059459}}
{"target": -0.3327489860038665, "params": {"model__colsample_bylevel": 0.5025094970837707, "model__colsample_bynode": 0.37213783629228636, "model__colsample_bytree": 0.6434210837220209, "model__learning_rate": 0.22641833694649102, "model__max_depth": 2.227815301561689, "model__n_estimators": 22.50161880662639, "model__reg_lambda": 0.835434299294453}, "datetime": {"datetime": "2021-03-27 17:03:22", "elapsed": 1.511013, "delta": 0.063526}}
{"target": -0.3360353097414085, "params": {"model__colsample_bylevel": 0.8539227643210632, "model__colsample_bynode": 0.8306252174459399, "model__colsample_bytree": 0.4835912545620663, "model__learning_rate": 0.12017171820904433, "model__max_depth": 7.503156236962601, "model__n_estimators": 22.761903626532458, "model__reg_lambda": 1.3353967592343363}, "datetime": {"datetime": "2021-03-27 17:03:22", "elapsed": 1.579786, "delta": 0.068773}}
{"target": -0.39058487052232893, "params": {"model__colsample_bylevel": 0.3787801798303496, "model__colsample_bynode": 0.8891488038898538, "model__colsample_bytree": 0.682252315571295, "model__learning_rate": 0.1522033166295056, "model__max_depth": 5.4549531069191834, "model__n_estimators": 19.707789101668837, "model__reg_lambda": 7.916231853067416}, "datetime": {"datetime": "2021-03-27 17:03:22", "elapsed": 1.642135, "delta": 0.062349}}
{"target": -0.30013636765222107, "params": {"model__colsample_bylevel": 0.6451635028820711, "model__colsample_bynode": 0.9756107284220326, "model__colsample_bytree": 0.6642183611480073, "model__learning_rate": 0.2806043190994539, "model__max_depth": 3.4988273636139016, "model__n_estimators": 22.822309547759104, "model__reg_lambda": 5.0574568339000425}, "datetime": {"datetime": "2021-03-27 17:03:22", "elapsed": 1.711228, "delta": 0.069093}}
{"target": -0.368615371953912, "params": {"model__colsample_bylevel": 0.8691500365097846, "model__colsample_bynode": 0.35123595486158105, "model__colsample_bytree": 0.8853449005213216, "model__learning_rate": 0.26084712707576596, "model__max_depth": 4.4379276251183954, "model__n_estimators": 15.546768724832507, "model__reg_lambda": 7.672541069525759}, "datetime": {"datetime": "2021-03-27 17:03:22", "elapsed": 1.771606, "delta": 0.060378}}
{"target": -0.3028970839175652, "params": {"model__colsample_bylevel": 0.7752492983214213, "model__colsample_bynode": 0.9432502217801924, "model__colsample_bytree": 0.6921299356114399, "model__learning_rate": 0.2935437919451478, "model__max_depth": 3.850306106454099, "model__n_estimators": 20.083349491730285, "model__reg_lambda": 7.308818114469667}, "datetime": {"datetime": "2021-03-27 17:03:22", "elapsed": 1.835723, "delta": 0.064117}}
{"target": -0.29527068206470164, "params": {"model__colsample_bylevel": 0.7909589341540182, "model__colsample_bynode": 0.8077442453063763, "model__colsample_bytree": 0.9257599208468199, "model__learning_rate": 0.24332981747869467, "model__max_depth": 6.092916621028417, "model__n_estimators": 27.646752630781677, "model__reg_lambda": 6.451189984951728}, "datetime": {"datetime": "2021-03-27 17:03:22", "elapsed": 1.913581, "delta": 0.077858}}
{"target": -0.2974387781809259, "params": {"model__colsample_bylevel": 0.511889221690131, "model__colsample_bynode": 0.880146841574702, "model__colsample_bytree": 0.4713036833734444, "model__learning_rate": 0.24075613859849618, "model__max_depth": 5.215329445061823, "model__n_estimators": 20.712142781227694, "model__reg_lambda": 1.7861793515885238}, "datetime": {"datetime": "2021-03-27 17:03:22", "elapsed": 1.976181, "delta": 0.0626}}
{"target": -0.3035923478834709, "params": {"model__colsample_bylevel": 0.9200821231031391, "model__colsample_bynode": 0.35616344543935075, "model__colsample_bytree": 0.8625120529528605, "model__learning_rate": 0.23669407037870885, "model__max_depth": 4.772062647788025, "model__n_estimators": 24.96073964162097, "model__reg_lambda": 2.826662622956666}, "datetime": {"datetime": "2021-03-27 17:03:22", "elapsed": 2.04574, "delta": 0.069559}}
{"target": -0.34597804891215506, "params": {"model__colsample_bylevel": 0.9031023424555509, "model__colsample_bynode": 0.4249356891249156, "model__colsample_bytree": 0.7057975471157624, "model__learning_rate": 0.1927268764937271, "model__max_depth": 6.039330960316078, "model__n_estimators": 22.141866816168736, "model__reg_lambda": 9.525111535091707}, "datetime": {"datetime": "2021-03-27 17:03:22", "elapsed": 2.108784, "delta": 0.063044}}
{"target": -0.3439228082001479, "params": {"model__colsample_bylevel": 0.8972803412913453, "model__colsample_bynode": 0.9289549741797964, "model__colsample_bytree": 0.3178983723326505, "model__learning_rate": 0.13128458043568686, "model__max_depth": 4.861388901041763, "model__n_estimators": 26.020827615199973, "model__reg_lambda": 3.5630947732495777}, "datetime": {"datetime": "2021-03-27 17:03:22", "elapsed": 2.18121, "delta": 0.072426}}
{"target": -0.35921446169875015, "params": {"model__colsample_bylevel": 0.6951175428742368, "model__colsample_bynode": 0.3318286487069968, "model__colsample_bytree": 0.7483089139197432, "model__learning_rate": 0.23624127616156612, "model__max_depth": 4.373824850662889, "model__n_estimators": 17.05009515507337, "model__reg_lambda": 4.16457752159582}, "datetime": {"datetime": "2021-03-27 17:03:22", "elapsed": 2.238047, "delta": 0.056837}}
{"target": -0.29149087488742376, "params": {"model__colsample_bylevel": 0.816923983909474, "model__colsample_bynode": 0.7090153450298311, "model__colsample_bytree": 0.9184032582594783, "model__learning_rate": 0.21574992226411746, "model__max_depth": 3.0678227617515392, "model__n_estimators": 23.876275396014634, "model__reg_lambda": 0.5387774367636355}, "datetime": {"datetime": "2021-03-27 17:03:22", "elapsed": 2.302812, "delta": 0.064765}}
{"target": -0.36465274832764827, "params": {"model__colsample_bylevel": 0.8203891930140093, "model__colsample_bynode": 0.4407263630351047, "model__colsample_bytree": 0.9332727397304375, "model__learning_rate": 0.19471357604823214, "model__max_depth": 4.649919104965563, "model__n_estimators": 17.041195531585494, "model__reg_lambda": 8.076955975507973}, "datetime": {"datetime": "2021-03-27 17:03:22", "elapsed": 2.371003, "delta": 0.068191}}
{"target": -0.29529456482631616, "params": {"model__colsample_bylevel": 0.941920130237188, "model__colsample_bynode": 0.7862119444399247, "model__colsample_bytree": 0.7672811212479322, "model__learning_rate": 0.2413235529719557, "model__max_depth": 6.468881607544759, "model__n_estimators": 25.71892738561766, "model__reg_lambda": 1.4296252407525012}, "datetime": {"datetime": "2021-03-27 17:03:22", "elapsed": 2.4444, "delta": 0.073397}}
{"target": -0.3905588130507132, "params": {"model__colsample_bylevel": 0.7664505634998717, "model__colsample_bynode": 0.9372501752435591, "model__colsample_bytree": 0.3226974712037688, "model__learning_rate": 0.13696287496610304, "model__max_depth": 6.574112506330284, "model__n_estimators": 15.628001246231364, "model__reg_lambda": 2.789864730302046}, "datetime": {"datetime": "2021-03-27 17:03:23", "elapsed": 2.508754, "delta": 0.064354}}
{"target": -0.3909538836326396, "params": {"model__colsample_bylevel": 0.9005722896485118, "model__colsample_bynode": 0.5583279975276154, "model__colsample_bytree": 0.9292943127471143, "model__learning_rate": 0.1578195662504995, "model__max_depth": 4.281940885644073, "model__n_estimators": 16.640600890305116, "model__reg_lambda": 8.146246111896012}, "datetime": {"datetime": "2021-03-27 17:03:23", "elapsed": 2.57514, "delta": 0.066386}}
{"target": -0.4005070867030409, "params": {"model__colsample_bylevel": 0.9534398095322711, "model__colsample_bynode": 0.42817503247553923, "model__colsample_bytree": 0.5178389967922328, "model__learning_rate": 0.2349408086546986, "model__max_depth": 2.4746062530577846, "model__n_estimators": 15.490859914517099, "model__reg_lambda": 3.2657561880327557}, "datetime": {"datetime": "2021-03-27 17:03:23", "elapsed": 2.635468, "delta": 0.060328}}
{"target": -0.33182138712145387, "params": {"model__colsample_bylevel": 0.5706285360217014, "model__colsample_bynode": 0.6842771415696982, "model__colsample_bytree": 0.6870518207102555, "model__learning_rate": 0.16602543474194267, "model__max_depth": 4.553906607318516, "model__n_estimators": 18.777852885612205, "model__reg_lambda": 2.0263513230551347}, "datetime": {"datetime": "2021-03-27 17:03:23", "elapsed": 2.701227, "delta": 0.065759}}
{"target": -0.3091415102040206, "params": {"model__colsample_bylevel": 0.8442678591461368, "model__colsample_bynode": 0.3977149946980818, "model__colsample_bytree": 0.6158425941754111, "model__learning_rate": 0.1245045248421828, "model__max_depth": 6.897715409068526, "model__n_estimators": 27.65234893164894, "model__reg_lambda": 1.1477505735172433}, "datetime": {"datetime": "2021-03-27 17:03:23", "elapsed": 2.762994, "delta": 0.061767}}
{"target": -0.3134839674626626, "params": {"model__colsample_bylevel": 0.8046871964072875, "model__colsample_bynode": 0.9463208373893632, "model__colsample_bytree": 0.5702216525068842, "model__learning_rate": 0.25542256115422385, "model__max_depth": 7.543314227663024, "model__n_estimators": 15.074271146872483, "model__reg_lambda": 2.7258381373747875}, "datetime": {"datetime": "2021-03-27 17:03:23", "elapsed": 2.829813, "delta": 0.066819}}
{"target": -0.5143656738912282, "params": {"model__colsample_bylevel": 0.325563385911891, "model__colsample_bynode": 0.4394342284138872, "model__colsample_bytree": 0.3078454924320954, "model__learning_rate": 0.10977990666788635, "model__max_depth": 5.896055639118223, "model__n_estimators": 19.33085301818661, "model__reg_lambda": 8.44410233607059}, "datetime": {"datetime": "2021-03-27 17:03:23", "elapsed": 2.891046, "delta": 0.061233}}
{"target": -0.28905211020652477, "params": {"model__colsample_bylevel": 0.5333078077907257, "model__colsample_bynode": 0.9449148964303926, "model__colsample_bytree": 0.39197068792833056, "model__learning_rate": 0.2098009976534188, "model__max_depth": 3.7666070082368948, "model__n_estimators": 27.09229802758709, "model__reg_lambda": 3.376766038812906}, "datetime": {"datetime": "2021-03-27 17:03:23", "elapsed": 2.9509, "delta": 0.059854}}
{"target": -0.325090769136095, "params": {"model__colsample_bylevel": 0.38472058045866103, "model__colsample_bynode": 0.6189182754661343, "model__colsample_bytree": 0.47491716651278293, "model__learning_rate": 0.24904662090967875, "model__max_depth": 6.41552028192452, "model__n_estimators": 15.15307284998927, "model__reg_lambda": 0.029919695529196932}, "datetime": {"datetime": "2021-03-27 17:03:23", "elapsed": 3.011406, "delta": 0.060506}}
{"target": -0.3485809829180547, "params": {"model__colsample_bylevel": 0.9426044924017256, "model__colsample_bynode": 0.5260125425777793, "model__colsample_bytree": 0.5074653319167783, "model__learning_rate": 0.15418522802672452, "model__max_depth": 3.474343666196627, "model__n_estimators": 26.630539663467353, "model__reg_lambda": 2.632384799456182}, "datetime": {"datetime": "2021-03-27 17:03:23", "elapsed": 3.074398, "delta": 0.062992}}
{"target": -0.31883508252634574, "params": {"model__colsample_bylevel": 0.8032909797610204, "model__colsample_bynode": 0.7713021432027297, "model__colsample_bytree": 0.6853736563856032, "model__learning_rate": 0.23655460523720243, "model__max_depth": 3.0441975506001606, "model__n_estimators": 21.967771044500967, "model__reg_lambda": 4.939589109277965}, "datetime": {"datetime": "2021-03-27 17:03:23", "elapsed": 3.146617, "delta": 0.072219}}
{"target": -0.33919492778840704, "params": {"model__colsample_bylevel": 0.3191878877624776, "model__colsample_bynode": 0.4527668367686508, "model__colsample_bytree": 0.9533861738476699, "model__learning_rate": 0.23172885748318614, "model__max_depth": 7.871974941466348, "model__n_estimators": 20.539710627919593, "model__reg_lambda": 7.6239037960184355}, "datetime": {"datetime": "2021-03-27 17:03:23", "elapsed": 3.213841, "delta": 0.067224}}
{"target": -0.4158071943369789, "params": {"model__colsample_bylevel": 0.7197656118669662, "model__colsample_bynode": 0.7214646750503465, "model__colsample_bytree": 0.37931534877147977, "model__learning_rate": 0.14444015703665763, "model__max_depth": 2.433575141809544, "model__n_estimators": 22.57954207818872, "model__reg_lambda": 3.4509917372173025}, "datetime": {"datetime": "2021-03-27 17:03:23", "elapsed": 3.274457, "delta": 0.060616}}
