{"target": -0.2943868601420537, "params": {"model__colsample_bylevel": 0.5105463466933988, "model__colsample_bynode": 0.30978479946898935, "model__colsample_bytree": 0.3, "model__learning_rate": 0.3, "model__max_depth": 7.7468322346650424, "model__n_estimators": 26.920472489092678, "model__reg_lambda": 0.4600764911324398}, "datetime": {"datetime": "2021-03-27 17:05:12", "elapsed": 112.335371, "delta": 1.236643}}
{"target": -0.3253328823872531, "params": {"model__colsample_bylevel": 0.9478556064810808, "model__colsample_bynode": 0.779500888907818, "model__colsample_bytree": 0.34561074762872085, "model__learning_rate": 0.29979636595500647, "model__max_depth": 3.3843891992372397, "model__n_estimators": 28.785420846945808, "model__reg_lambda": 7.857823961052364}, "datetime": {"datetime": "2021-03-27 17:05:14", "elapsed": 113.658778, "delta": 1.323407}}
{"target": -0.27440679414922026, "params": {"model__colsample_bylevel": 0.5409187197487237, "model__colsample_bynode": 0.8638615373871465, "model__colsample_bytree": 0.33051379970991035, "model__learning_rate": 0.2910377245452994, "model__max_depth": 7.13957858828578, "model__n_estimators": 25.364149531250394, "model__reg_lambda": 0.009920773683075312}, "datetime": {"datetime": "2021-03-27 17:05:15", "elapsed": 114.689738, "delta": 1.03096}}
{"target": -0.28550327318101326, "params": {"model__colsample_bylevel": 0.355645640496657, "model__colsample_bynode": 0.31798119438895894, "model__colsample_bytree": 0.963370308339943, "model__learning_rate": 0.2890003436313828, "model__max_depth": 6.788585257064851, "model__n_estimators": 25.335080772633845, "model__reg_lambda": 0.7158880630726006}, "datetime": {"datetime": "2021-03-27 17:05:16", "elapsed": 116.023714, "delta": 1.333976}}
{"target": -0.30663987969848044, "params": {"model__colsample_bylevel": 0.33421741003812483, "model__colsample_bynode": 0.8533599955256166, "model__colsample_bytree": 0.34604904842924045, "model__learning_rate": 0.29239920347217485, "model__max_depth": 5.876617033134936, "model__n_estimators": 29.22498437495241, "model__reg_lambda": 2.4788497977472037}, "datetime": {"datetime": "2021-03-27 17:05:17", "elapsed": 117.3735, "delta": 1.349786}}
{"target": -0.3442878275104137, "params": {"model__colsample_bylevel": 0.3, "model__colsample_bynode": 0.3, "model__colsample_bytree": 0.3, "model__learning_rate": 0.3, "model__max_depth": 4.322498810956464, "model__n_estimators": 30.0, "model__reg_lambda": 10.0}, "datetime": {"datetime": "2021-03-27 17:05:19", "elapsed": 119.032845, "delta": 1.659345}}
{"target": -0.2871619059279075, "params": {"model__colsample_bylevel": 0.46613154131543655, "model__colsample_bynode": 0.8551269044979839, "model__colsample_bytree": 0.41258841787136746, "model__learning_rate": 0.2845462286957303, "model__max_depth": 5.6679359856803675, "model__n_estimators": 22.71019141857814, "model__reg_lambda": 3.8636746483844533}, "datetime": {"datetime": "2021-03-27 17:05:20", "elapsed": 120.365825, "delta": 1.33298}}
{"target": -0.2999855308351444, "params": {"model__colsample_bylevel": 0.3, "model__colsample_bynode": 0.3, "model__colsample_bytree": 0.3, "model__learning_rate": 0.3, "model__max_depth": 8.0, "model__n_estimators": 18.600847308912137, "model__reg_lambda": 0.08048833390187103}, "datetime": {"datetime": "2021-03-27 17:05:22", "elapsed": 121.721361, "delta": 1.355536}}
{"target": -0.2841756747220643, "params": {"model__colsample_bylevel": 0.3, "model__colsample_bynode": 1.0, "model__colsample_bytree": 1.0, "model__learning_rate": 0.3, "model__max_depth": 3.6430402573828484, "model__n_estimators": 29.536982719505183, "model__reg_lambda": 7.863298792982319}, "datetime": {"datetime": "2021-03-27 17:05:23", "elapsed": 123.12844, "delta": 1.407079}}
{"target": -0.29430288141040784, "params": {"model__colsample_bylevel": 1.0, "model__colsample_bynode": 0.46097449823751535, "model__colsample_bytree": 0.9999999998048134, "model__learning_rate": 0.3, "model__max_depth": 2.0, "model__n_estimators": 30.0, "model__reg_lambda": 3.5952682749783035e-09}, "datetime": {"datetime": "2021-03-27 17:05:24", "elapsed": 124.217332, "delta": 1.088892}}
{"target": -0.37463188478993115, "params": {"model__colsample_bylevel": 0.3, "model__colsample_bynode": 0.3, "model__colsample_bytree": 1.0, "model__learning_rate": 0.3, "model__max_depth": 8.0, "model__n_estimators": 15.0, "model__reg_lambda": 10.0}, "datetime": {"datetime": "2021-03-27 17:05:26", "elapsed": 125.981191, "delta": 1.763859}}
{"target": -0.2638399864070116, "params": {"model__colsample_bylevel": 0.9611557081473707, "model__colsample_bynode": 0.974494072711779, "model__colsample_bytree": 0.5709369421316026, "model__learning_rate": 0.2958313803289958, "model__max_depth": 3.725794770173065, "model__n_estimators": 29.62718713763764, "model__reg_lambda": 0.5818424661645505}, "datetime": {"datetime": "2021-03-27 17:05:28", "elapsed": 127.673237, "delta": 1.692046}}
{"target": -0.28034480960054353, "params": {"model__colsample_bylevel": 0.3, "model__colsample_bynode": 1.0, "model__colsample_bytree": 1.0, "model__learning_rate": 0.3, "model__max_depth": 2.912583782981091, "model__n_estimators": 27.54225356019791, "model__reg_lambda": 1.369375011432989}, "datetime": {"datetime": "2021-03-27 17:05:29", "elapsed": 129.223871, "delta": 1.550634}}
{"target": -0.29764018277435195, "params": {"model__colsample_bylevel": 0.8433989723425963, "model__colsample_bynode": 0.3135312989519168, "model__colsample_bytree": 0.31604860445608984, "model__learning_rate": 0.27644158051958606, "model__max_depth": 7.923973900155947, "model__n_estimators": 29.13997724602949, "model__reg_lambda": 5.447699179582904}, "datetime": {"datetime": "2021-03-27 17:05:30", "elapsed": 130.282693, "delta": 1.058822}}
{"target": -0.2566761729629724, "params": {"model__colsample_bylevel": 1.0, "model__colsample_bynode": 1.0, "model__colsample_bytree": 0.706116177536591, "model__learning_rate": 0.3, "model__max_depth": 7.293855748977886, "model__n_estimators": 25.733478466707727, "model__reg_lambda": 4.007803125575772}, "datetime": {"datetime": "2021-03-27 17:05:32", "elapsed": 131.705496, "delta": 1.422803}}
{"target": -0.2729302328388693, "params": {"model__colsample_bylevel": 0.8798352139716523, "model__colsample_bynode": 0.9758846253288105, "model__colsample_bytree": 0.954751131707168, "model__learning_rate": 0.2955173322619523, "model__max_depth": 6.742347910019715, "model__n_estimators": 19.85520301143989, "model__reg_lambda": 2.3008233416374004}, "datetime": {"datetime": "2021-03-27 17:05:33", "elapsed": 132.772056, "delta": 1.06656}}
{"target": -0.2733994083307798, "params": {"model__colsample_bylevel": 0.9359242242570052, "model__colsample_bynode": 0.4059678947349553, "model__colsample_bytree": 0.3382180418213465, "model__learning_rate": 0.29632181517797485, "model__max_depth": 2.8899555271824102, "model__n_estimators": 23.694962931939266, "model__reg_lambda": 0.03497122209593306}, "datetime": {"datetime": "2021-03-27 17:05:34", "elapsed": 133.949622, "delta": 1.177566}}
{"target": -0.3065207975682047, "params": {"model__colsample_bylevel": 0.39711007589378794, "model__colsample_bynode": 0.30999676588290365, "model__colsample_bytree": 0.33109805674280873, "model__learning_rate": 0.29579778575985277, "model__max_depth": 4.958535135622962, "model__n_estimators": 23.253870803927764, "model__reg_lambda": 0.4677417262693284}, "datetime": {"datetime": "2021-03-27 17:05:35", "elapsed": 135.459456, "delta": 1.509834}}
{"target": -0.388048615353182, "params": {"model__colsample_bylevel": 1.0, "model__colsample_bynode": 0.3, "model__colsample_bytree": 1.0, "model__learning_rate": 0.3, "model__max_depth": 2.0, "model__n_estimators": 15.0, "model__reg_lambda": 6.114159987108395}, "datetime": {"datetime": "2021-03-27 17:05:37", "elapsed": 136.712566, "delta": 1.25311}}
{"target": -0.2817972209426048, "params": {"model__colsample_bylevel": 0.3454848947723636, "model__colsample_bynode": 0.9810963744596382, "model__colsample_bytree": 0.8952448461138465, "model__learning_rate": 0.29500208780228954, "model__max_depth": 7.167545034973952, "model__n_estimators": 26.13365622133462, "model__reg_lambda": 5.497996835712011}, "datetime": {"datetime": "2021-03-27 17:05:38", "elapsed": 138.028945, "delta": 1.316379}}
{"target": -0.33004821424365743, "params": {"model__colsample_bylevel": 0.31118547779851896, "model__colsample_bynode": 0.9102296261935174, "model__colsample_bytree": 0.37007630332784575, "model__learning_rate": 0.2922488762173591, "model__max_depth": 6.699554516759042, "model__n_estimators": 24.46727713146325, "model__reg_lambda": 3.8995454661458306}, "datetime": {"datetime": "2021-03-27 17:05:40", "elapsed": 139.534387, "delta": 1.505442}}
{"target": -0.27189847905027675, "params": {"model__colsample_bylevel": 1.0, "model__colsample_bynode": 0.30000000411350075, "model__colsample_bytree": 0.8071351538711309, "model__learning_rate": 0.3, "model__max_depth": 6.749233227983889, "model__n_estimators": 29.99999998473314, "model__reg_lambda": 0.31259275822353444}, "datetime": {"datetime": "2021-03-27 17:05:41", "elapsed": 140.78003, "delta": 1.245643}}
{"target": -0.290231263158384, "params": {"model__colsample_bylevel": 1.0, "model__colsample_bynode": 1.0, "model__colsample_bytree": 1.0, "model__learning_rate": 0.3, "model__max_depth": 7.999582902203719, "model__n_estimators": 25.75034148956945, "model__reg_lambda": 7.6966798544269555}, "datetime": {"datetime": "2021-03-27 17:05:42", "elapsed": 142.205045, "delta": 1.425015}}
{"target": -0.2855596546586468, "params": {"model__colsample_bylevel": 0.9757387380009077, "model__colsample_bynode": 0.6221029436215539, "model__colsample_bytree": 0.9798001976065844, "model__learning_rate": 0.24230538647783173, "model__max_depth": 7.992011178229161, "model__n_estimators": 25.9117500794473, "model__reg_lambda": 5.188521296591254}, "datetime": {"datetime": "2021-03-27 17:05:44", "elapsed": 143.719937, "delta": 1.514892}}
{"target": -0.28614788346373865, "params": {"model__colsample_bylevel": 0.9617697713157423, "model__colsample_bynode": 0.6013601946055545, "model__colsample_bytree": 0.893555050398267, "model__learning_rate": 0.29421730200685836, "model__max_depth": 2.085320913511928, "model__n_estimators": 24.775977354634215, "model__reg_lambda": 0.02827462242548151}, "datetime": {"datetime": "2021-03-27 17:05:45", "elapsed": 144.840804, "delta": 1.120867}}
{"target": -0.2796699321641506, "params": {"model__colsample_bylevel": 0.9677112816222297, "model__colsample_bynode": 0.981992422671953, "model__colsample_bytree": 0.6952510270178228, "model__learning_rate": 0.27462484863637016, "model__max_depth": 7.688132285357417, "model__n_estimators": 26.801486528149766, "model__reg_lambda": 3.9599050549428627}, "datetime": {"datetime": "2021-03-27 17:05:46", "elapsed": 146.138863, "delta": 1.298059}}
{"target": -0.28422111416508894, "params": {"model__colsample_bylevel": 0.3, "model__colsample_bynode": 1.0, "model__colsample_bytree": 1.0, "model__learning_rate": 0.3, "model__max_depth": 5.599698381025804, "model__n_estimators": 19.04196304031749, "model__reg_lambda": 2.4427886120061446}, "datetime": {"datetime": "2021-03-27 17:05:48", "elapsed": 147.67364, "delta": 1.534777}}
{"target": -0.3166550411671515, "params": {"model__colsample_bylevel": 0.30000000229751966, "model__colsample_bynode": 0.9817623221519685, "model__colsample_bytree": 0.8153698017484288, "model__learning_rate": 0.3, "model__max_depth": 6.524564639869066, "model__n_estimators": 24.30622410193467, "model__reg_lambda": 0.05638451262116903}, "datetime": {"datetime": "2021-03-27 17:05:49", "elapsed": 148.942807, "delta": 1.269167}}
{"target": -0.29825237433989604, "params": {"model__colsample_bylevel": 1.0, "model__colsample_bynode": 0.9999999979102298, "model__colsample_bytree": 1.0, "model__learning_rate": 0.3, "model__max_depth": 6.641751870352657, "model__n_estimators": 24.1164876440935, "model__reg_lambda": 6.527371296055667}, "datetime": {"datetime": "2021-03-27 17:05:50", "elapsed": 150.428274, "delta": 1.485467}}
{"target": -0.306157815962544, "params": {"model__colsample_bylevel": 0.9286501837554031, "model__colsample_bynode": 0.9686942712965874, "model__colsample_bytree": 0.9394411712861923, "model__learning_rate": 0.2672125456690708, "model__max_depth": 5.097310700091407, "model__n_estimators": 22.050831745816748, "model__reg_lambda": 3.332494436992677}, "datetime": {"datetime": "2021-03-27 17:05:52", "elapsed": 151.943017, "delta": 1.514743}}
{"target": -0.2896569948527031, "params": {"model__colsample_bylevel": 0.9328295040056607, "model__colsample_bynode": 0.37972497432010405, "model__colsample_bytree": 0.8953639131862197, "model__learning_rate": 0.2914313247389364, "model__max_depth": 3.758440174687154, "model__n_estimators": 21.081613647696585, "model__reg_lambda": 1.117729295627795}, "datetime": {"datetime": "2021-03-27 17:05:53", "elapsed": 153.305019, "delta": 1.362002}}
{"target": -0.26499284540988044, "params": {"model__colsample_bylevel": 0.9757037030899167, "model__colsample_bynode": 0.3244167057496628, "model__colsample_bytree": 0.9859186543458478, "model__learning_rate": 0.2851674463128928, "model__max_depth": 3.700617597253198, "model__n_estimators": 27.75779898836106, "model__reg_lambda": 4.646286095070088}, "datetime": {"datetime": "2021-03-27 17:05:55", "elapsed": 154.909665, "delta": 1.604646}}
{"target": -0.290083725337425, "params": {"model__colsample_bylevel": 1.0, "model__colsample_bynode": 0.44047013223802417, "model__colsample_bytree": 0.6029237338601637, "model__learning_rate": 0.3, "model__max_depth": 6.891562750043684, "model__n_estimators": 25.843411033924415, "model__reg_lambda": 4.860828171061568}, "datetime": {"datetime": "2021-03-27 17:05:57", "elapsed": 156.485508, "delta": 1.575843}}
{"target": -0.3384327269523688, "params": {"model__colsample_bylevel": 1.0, "model__colsample_bynode": 0.3, "model__colsample_bytree": 1.0, "model__learning_rate": 0.3, "model__max_depth": 5.886322946131174, "model__n_estimators": 16.066580795288026, "model__reg_lambda": 10.0}, "datetime": {"datetime": "2021-03-27 17:05:58", "elapsed": 157.966204, "delta": 1.480696}}
{"target": -0.282676546217408, "params": {"model__colsample_bylevel": 0.3, "model__colsample_bynode": 0.3, "model__colsample_bytree": 1.0, "model__learning_rate": 0.3, "model__max_depth": 4.89568350924025, "model__n_estimators": 16.798164887937375, "model__reg_lambda": 0.0}, "datetime": {"datetime": "2021-03-27 17:06:00", "elapsed": 159.546716, "delta": 1.580512}}
{"target": -0.28830780889501495, "params": {"model__colsample_bylevel": 0.46602661441165816, "model__colsample_bynode": 0.34295203341969516, "model__colsample_bytree": 0.790471541178813, "model__learning_rate": 0.28988080631708746, "model__max_depth": 3.890458635372886, "model__n_estimators": 29.877143107387433, "model__reg_lambda": 5.88868780591132}, "datetime": {"datetime": "2021-03-27 17:06:01", "elapsed": 160.821366, "delta": 1.27465}}
{"target": -0.31403738693671596, "params": {"model__colsample_bylevel": 0.3, "model__colsample_bynode": 0.3, "model__colsample_bytree": 1.0, "model__learning_rate": 0.3, "model__max_depth": 5.759617440445806, "model__n_estimators": 28.447554823732144, "model__reg_lambda": 8.369988991243291}, "datetime": {"datetime": "2021-03-27 17:06:02", "elapsed": 162.105825, "delta": 1.284459}}
{"target": -0.3035956560526941, "params": {"model__colsample_bylevel": 0.983487101324657, "model__colsample_bynode": 1.0, "model__colsample_bytree": 0.3, "model__learning_rate": 0.3, "model__max_depth": 8.0, "model__n_estimators": 24.510331041996817, "model__reg_lambda": 2.007956170941592}, "datetime": {"datetime": "2021-03-27 17:06:03", "elapsed": 163.401776, "delta": 1.295951}}
{"target": -0.2569958880196571, "params": {"model__colsample_bylevel": 0.9115182260575272, "model__colsample_bynode": 0.9981067995141468, "model__colsample_bytree": 0.6692991624141429, "model__learning_rate": 0.2998446076823935, "model__max_depth": 3.3048205438821485, "model__n_estimators": 28.877059767382868, "model__reg_lambda": 1.610824527862721}, "datetime": {"datetime": "2021-03-27 17:06:05", "elapsed": 164.733542, "delta": 1.331766}}
{"target": -0.347357147247733, "params": {"model__colsample_bylevel": 1.0, "model__colsample_bynode": 0.3, "model__colsample_bytree": 1.0, "model__learning_rate": 0.3, "model__max_depth": 2.0, "model__n_estimators": 20.173227854184756, "model__reg_lambda": 5.320430109791476}, "datetime": {"datetime": "2021-03-27 17:06:06", "elapsed": 166.062372, "delta": 1.32883}}
{"target": -0.3684995282049952, "params": {"model__colsample_bylevel": 1.0, "model__colsample_bynode": 0.3, "model__colsample_bytree": 0.3, "model__learning_rate": 0.3, "model__max_depth": 3.415646295655787, "model__n_estimators": 21.766314871996535, "model__reg_lambda": 10.0}, "datetime": {"datetime": "2021-03-27 17:06:08", "elapsed": 167.907575, "delta": 1.845203}}
{"target": -0.2961145683893583, "params": {"model__colsample_bylevel": 0.49636725855799696, "model__colsample_bynode": 0.9916250517698124, "model__colsample_bytree": 0.8667219221890579, "model__learning_rate": 0.2657688316173694, "model__max_depth": 7.90946698676391, "model__n_estimators": 19.70327022543777, "model__reg_lambda": 1.762610891503632}, "datetime": {"datetime": "2021-03-27 17:06:09", "elapsed": 169.405974, "delta": 1.498399}}
{"target": -0.2881773274158215, "params": {"model__colsample_bylevel": 0.3675654830727946, "model__colsample_bynode": 0.9911632740804925, "model__colsample_bytree": 0.9891639399037826, "model__learning_rate": 0.287265653392222, "model__max_depth": 3.3186359016832627, "model__n_estimators": 27.703092367011138, "model__reg_lambda": 3.156567984480756}, "datetime": {"datetime": "2021-03-27 17:06:11", "elapsed": 171.027645, "delta": 1.621671}}
{"target": -0.2768464637150063, "params": {"model__colsample_bylevel": 0.8448869087676312, "model__colsample_bynode": 0.33825859170357325, "model__colsample_bytree": 0.9979323237076523, "model__learning_rate": 0.2919706440791893, "model__max_depth": 2.764531160945455, "model__n_estimators": 28.556022906685875, "model__reg_lambda": 0.2758542330341751}, "datetime": {"datetime": "2021-03-27 17:06:12", "elapsed": 172.254084, "delta": 1.226439}}
{"target": -0.2572284736111675, "params": {"model__colsample_bylevel": 0.40756296112701706, "model__colsample_bynode": 0.8945507619407911, "model__colsample_bytree": 0.3288601238573701, "model__learning_rate": 0.28818555123174006, "model__max_depth": 4.9141053352701505, "model__n_estimators": 24.590895151175015, "model__reg_lambda": 0.21003684656173305}, "datetime": {"datetime": "2021-03-27 17:06:14", "elapsed": 173.864257, "delta": 1.610173}}
{"target": -0.340810844393285, "params": {"model__colsample_bylevel": 0.3924332864677964, "model__colsample_bynode": 0.30206586998361507, "model__colsample_bytree": 0.3046509900877148, "model__learning_rate": 0.2835734582944775, "model__max_depth": 3.1002202310732794, "model__n_estimators": 27.751352316117554, "model__reg_lambda": 4.711202525946929}, "datetime": {"datetime": "2021-03-27 17:06:15", "elapsed": 175.136843, "delta": 1.272586}}
{"target": -0.29853155283507066, "params": {"model__colsample_bylevel": 0.6140591578950477, "model__colsample_bynode": 0.3, "model__colsample_bytree": 1.0, "model__learning_rate": 0.3, "model__max_depth": 4.274955597919787, "model__n_estimators": 25.006841540259476, "model__reg_lambda": 6.105217185543319}, "datetime": {"datetime": "2021-03-27 17:06:17", "elapsed": 176.887491, "delta": 1.750648}}
{"target": -0.31079685943946916, "params": {"model__colsample_bylevel": 0.3085948986163566, "model__colsample_bynode": 0.7430969006606101, "model__colsample_bytree": 0.49953953330154627, "model__learning_rate": 0.2960008536020797, "model__max_depth": 5.683254889254675, "model__n_estimators": 24.53657263140977, "model__reg_lambda": 1.3889263370008942}, "datetime": {"datetime": "2021-03-27 17:06:18", "elapsed": 178.335497, "delta": 1.448006}}
{"target": -0.3090597001381009, "params": {"model__colsample_bylevel": 1.0, "model__colsample_bynode": 0.9959934160452617, "model__colsample_bytree": 1.0, "model__learning_rate": 0.3, "model__max_depth": 2.0, "model__n_estimators": 21.861290103764834, "model__reg_lambda": 0.0}, "datetime": {"datetime": "2021-03-27 17:06:20", "elapsed": 179.856644, "delta": 1.521147}}
{"target": -0.3094365895924873, "params": {"model__colsample_bylevel": 1.0, "model__colsample_bynode": 0.3, "model__colsample_bytree": 1.0, "model__learning_rate": 0.3, "model__max_depth": 4.207120391942023, "model__n_estimators": 15.0, "model__reg_lambda": 2.9469227540424945}, "datetime": {"datetime": "2021-03-27 17:06:21", "elapsed": 181.41847, "delta": 1.561826}}
{"target": -0.2890376432994516, "params": {"model__colsample_bylevel": 0.30000000753314077, "model__colsample_bynode": 0.911389071366471, "model__colsample_bytree": 0.9633687530924921, "model__learning_rate": 0.3, "model__max_depth": 4.9966637279278965, "model__n_estimators": 22.53391141458982, "model__reg_lambda": 5.3824201492279045}, "datetime": {"datetime": "2021-03-27 17:06:23", "elapsed": 182.955583, "delta": 1.537113}}
{"target": -0.3062611626425717, "params": {"model__colsample_bylevel": 0.3, "model__colsample_bynode": 1.0, "model__colsample_bytree": 1.0, "model__learning_rate": 0.3, "model__max_depth": 3.4309443493979637, "model__n_estimators": 20.87616330579418, "model__reg_lambda": 1.2850196854512765}, "datetime": {"datetime": "2021-03-27 17:06:25", "elapsed": 184.581148, "delta": 1.625565}}
{"target": -0.32475831638886654, "params": {"model__colsample_bylevel": 0.3, "model__colsample_bynode": 1.0, "model__colsample_bytree": 1.0, "model__learning_rate": 0.3, "model__max_depth": 5.375487676668506, "model__n_estimators": 16.746588715503748, "model__reg_lambda": 6.396290134107969}, "datetime": {"datetime": "2021-03-27 17:06:26", "elapsed": 186.007722, "delta": 1.426574}}
