{"target": -0.4054065911585223, "params": {"model__colsample_bylevel": 0.8203891930140093, "model__colsample_bynode": 0.4407263630351047, "model__colsample_bytree": 0.9332727397304375, "model__learning_rate": 0.19471357604823214, "model__max_depth": 4.649919104965563, "model__n_estimators": 17.041195531585494, "model__reg_lambda": 8.076955975507973}, "datetime": {"datetime": "2021-03-27 18:14:14", "elapsed": 2.664355, "delta": 0.063511}}
{"target": -0.3293937307964686, "params": {"model__colsample_bylevel": 0.941920130237188, "model__colsample_bynode": 0.7862119444399247, "model__colsample_bytree": 0.7672811212479322, "model__learning_rate": 0.2413235529719557, "model__max_depth": 6.468881607544759, "model__n_estimators": 25.71892738561766, "model__reg_lambda": 1.4296252407525012}, "datetime": {"datetime": "2021-03-27 18:14:14", "elapsed": 2.725509, "delta": 0.061154}}
{"target": -0.4722564402967692, "params": {"model__colsample_bylevel": 0.7664505634998717, "model__colsample_bynode": 0.9372501752435591, "model__colsample_bytree": 0.3226974712037688, "model__learning_rate": 0.13696287496610304, "model__max_depth": 6.574112506330284, "model__n_estimators": 15.628001246231364, "model__reg_lambda": 2.789864730302046}, "datetime": {"datetime": "2021-03-27 18:14:14", "elapsed": 2.785826, "delta": 0.060317}}
{"target": -0.4244581685091059, "params": {"model__colsample_bylevel": 0.9005722896485118, "model__colsample_bynode": 0.5583279975276154, "model__colsample_bytree": 0.9292943127471143, "model__learning_rate": 0.1578195662504995, "model__max_depth": 4.281940885644073, "model__n_estimators": 16.640600890305116, "model__reg_lambda": 8.146246111896012}, "datetime": {"datetime": "2021-03-27 18:14:14", "elapsed": 2.844572, "delta": 0.058746}}
{"target": -0.4369587787831931, "params": {"model__colsample_bylevel": 0.9534398095322711, "model__colsample_bynode": 0.42817503247553923, "model__colsample_bytree": 0.5178389967922328, "model__learning_rate": 0.2349408086546986, "model__max_depth": 2.4746062530577846, "model__n_estimators": 15.490859914517099, "model__reg_lambda": 3.2657561880327557}, "datetime": {"datetime": "2021-03-27 18:14:14", "elapsed": 2.898871, "delta": 0.054299}}
{"target": -0.35751732235261496, "params": {"model__colsample_bylevel": 0.5706285360217014, "model__colsample_bynode": 0.6842771415696982, "model__colsample_bytree": 0.6870518207102555, "model__learning_rate": 0.16602543474194267, "model__max_depth": 4.553906607318516, "model__n_estimators": 18.777852885612205, "model__reg_lambda": 2.0263513230551347}, "datetime": {"datetime": "2021-03-27 18:14:14", "elapsed": 2.959003, "delta": 0.060132}}
{"target": -0.38720399652391785, "params": {"model__colsample_bylevel": 0.8442678591461368, "model__colsample_bynode": 0.3977149946980818, "model__colsample_bytree": 0.6158425941754111, "model__learning_rate": 0.1245045248421828, "model__max_depth": 6.897715409068526, "model__n_estimators": 27.65234893164894, "model__reg_lambda": 1.1477505735172433}, "datetime": {"datetime": "2021-03-27 18:14:14", "elapsed": 3.023233, "delta": 0.06423}}
{"target": -0.3694787006332553, "params": {"model__colsample_bylevel": 0.8046871964072875, "model__colsample_bynode": 0.9463208373893632, "model__colsample_bytree": 0.5702216525068842, "model__learning_rate": 0.25542256115422385, "model__max_depth": 7.543314227663024, "model__n_estimators": 15.074271146872483, "model__reg_lambda": 2.7258381373747875}, "datetime": {"datetime": "2021-03-27 18:14:15", "elapsed": 3.081255, "delta": 0.058022}}
{"target": -0.5016269093136425, "params": {"model__colsample_bylevel": 0.325563385911891, "model__colsample_bynode": 0.4394342284138872, "model__colsample_bytree": 0.3078454924320954, "model__learning_rate": 0.10977990666788635, "model__max_depth": 5.896055639118223, "model__n_estimators": 19.33085301818661, "model__reg_lambda": 8.44410233607059}, "datetime": {"datetime": "2021-03-27 18:14:15", "elapsed": 3.140948, "delta": 0.059693}}
{"target": -0.3671268897741844, "params": {"model__colsample_bylevel": 0.5333078077907257, "model__colsample_bynode": 0.9449148964303926, "model__colsample_bytree": 0.39197068792833056, "model__learning_rate": 0.2098009976534188, "model__max_depth": 3.7666070082368948, "model__n_estimators": 27.09229802758709, "model__reg_lambda": 3.376766038812906}, "datetime": {"datetime": "2021-03-27 18:14:15", "elapsed": 3.199491, "delta": 0.058543}}
{"target": -0.3573834707280553, "params": {"model__colsample_bylevel": 0.38472058045866103, "model__colsample_bynode": 0.6189182754661343, "model__colsample_bytree": 0.47491716651278293, "model__learning_rate": 0.24904662090967875, "model__max_depth": 6.41552028192452, "model__n_estimators": 15.15307284998927, "model__reg_lambda": 0.029919695529196932}, "datetime": {"datetime": "2021-03-27 18:14:15", "elapsed": 3.259224, "delta": 0.059733}}
{"target": -0.39791407480403995, "params": {"model__colsample_bylevel": 0.9426044924017256, "model__colsample_bynode": 0.5260125425777793, "model__colsample_bytree": 0.5074653319167783, "model__learning_rate": 0.15418522802672452, "model__max_depth": 3.474343666196627, "model__n_estimators": 26.630539663467353, "model__reg_lambda": 2.632384799456182}, "datetime": {"datetime": "2021-03-27 18:14:15", "elapsed": 3.322056, "delta": 0.062832}}
{"target": -0.36432906003142507, "params": {"model__colsample_bylevel": 0.8032909797610204, "model__colsample_bynode": 0.7713021432027297, "model__colsample_bytree": 0.6853736563856032, "model__learning_rate": 0.23655460523720243, "model__max_depth": 3.0441975506001606, "model__n_estimators": 21.967771044500967, "model__reg_lambda": 4.939589109277965}, "datetime": {"datetime": "2021-03-27 18:14:15", "elapsed": 3.377696, "delta": 0.05564}}
{"target": -0.3551783652699458, "params": {"model__colsample_bylevel": 0.3191878877624776, "model__colsample_bynode": 0.4527668367686508, "model__colsample_bytree": 0.9533861738476699, "model__learning_rate": 0.23172885748318614, "model__max_depth": 7.871974941466348, "model__n_estimators": 20.539710627919593, "model__reg_lambda": 7.6239037960184355}, "datetime": {"datetime": "2021-03-27 18:14:15", "elapsed": 3.436035, "delta": 0.058339}}
{"target": -0.42420915564981065, "params": {"model__colsample_bylevel": 0.7197656118669662, "model__colsample_bynode": 0.7214646750503465, "model__colsample_bytree": 0.37931534877147977, "model__learning_rate": 0.14444015703665763, "model__max_depth": 2.433575141809544, "model__n_estimators": 22.57954207818872, "model__reg_lambda": 3.4509917372173025}, "datetime": {"datetime": "2021-03-27 18:14:15", "elapsed": 3.496469, "delta": 0.060434}}
{"target": -0.3550857209229329, "params": {"model__colsample_bylevel": 0.43770438267170664, "model__colsample_bynode": 0.562288016838024, "model__colsample_bytree": 0.6684847059501842, "model__learning_rate": 0.24216538663414655, "model__max_depth": 5.53982800385271, "model__n_estimators": 24.586364893849456, "model__reg_lambda": 6.03761911116279}, "datetime": {"datetime": "2021-03-27 18:14:15", "elapsed": 3.554555, "delta": 0.058086}}
{"target": -0.3467811482351112, "params": {"model__colsample_bylevel": 0.5615024327662378, "model__colsample_bynode": 0.5278880157630303, "model__colsample_bytree": 0.6927994632423486, "model__learning_rate": 0.2499326997232081, "model__max_depth": 7.515144966264312, "model__n_estimators": 27.41503748405572, "model__reg_lambda": 5.537273620404508}, "datetime": {"datetime": "2021-03-27 18:14:15", "elapsed": 3.618542, "delta": 0.063987}}
{"target": -0.3718165637884775, "params": {"model__colsample_bylevel": 0.8773753442334304, "model__colsample_bynode": 0.3197624374107063, "model__colsample_bytree": 0.8582648079772404, "model__learning_rate": 0.1398977410305498, "model__max_depth": 6.115045756510598, "model__n_estimators": 27.377846347953547, "model__reg_lambda": 3.1496308071503187}, "datetime": {"datetime": "2021-03-27 18:14:15", "elapsed": 3.682863, "delta": 0.064321}}
{"target": -0.38304132568865906, "params": {"model__colsample_bylevel": 0.5798231824380045, "model__colsample_bynode": 0.9899122285696411, "model__colsample_bytree": 0.4774952834387126, "model__learning_rate": 0.25106786479472265, "model__max_depth": 4.436357453829759, "model__n_estimators": 19.72844903945682, "model__reg_lambda": 7.705159221072094}, "datetime": {"datetime": "2021-03-27 18:14:15", "elapsed": 3.738506, "delta": 0.055643}}
{"target": -0.38129503248542873, "params": {"model__colsample_bylevel": 0.6149024037576569, "model__colsample_bynode": 0.7970601762740899, "model__colsample_bytree": 0.4555403075808654, "model__learning_rate": 0.26476738246878556, "model__max_depth": 6.3006447069266285, "model__n_estimators": 22.48861984031197, "model__reg_lambda": 7.91551010046181}, "datetime": {"datetime": "2021-03-27 18:14:15", "elapsed": 3.79867, "delta": 0.060164}}
{"target": -0.3520321904954946, "params": {"model__colsample_bylevel": 0.9437937215686736, "model__colsample_bynode": 0.8511722448868555, "model__colsample_bytree": 0.5084857837350747, "model__learning_rate": 0.24346701302396254, "model__max_depth": 5.690340786662006, "model__n_estimators": 27.619845335231588, "model__reg_lambda": 4.0456797253845265}, "datetime": {"datetime": "2021-03-27 18:14:15", "elapsed": 3.859782, "delta": 0.061112}}
{"target": -0.37141341456191856, "params": {"model__colsample_bylevel": 0.6173529449301774, "model__colsample_bynode": 0.3656352091501882, "model__colsample_bytree": 0.45305055880659917, "model__learning_rate": 0.20586849821836273, "model__max_depth": 5.173197962934258, "model__n_estimators": 25.696146745858105, "model__reg_lambda": 2.863925264426952}, "datetime": {"datetime": "2021-03-27 18:14:15", "elapsed": 3.916648, "delta": 0.056866}}
{"target": -0.43482602149302113, "params": {"model__colsample_bylevel": 0.3812502817792496, "model__colsample_bynode": 0.43107613084910207, "model__colsample_bytree": 0.6036033759584388, "model__learning_rate": 0.13710847453713484, "model__max_depth": 2.7407946095138094, "model__n_estimators": 25.875381462387566, "model__reg_lambda": 9.101677556132595}, "datetime": {"datetime": "2021-03-27 18:14:15", "elapsed": 3.978013, "delta": 0.061365}}
{"target": -0.36754211723750485, "params": {"model__colsample_bylevel": 0.3426383940311504, "model__colsample_bynode": 0.3292770968669983, "model__colsample_bytree": 0.49999974247633633, "model__learning_rate": 0.21592871225493404, "model__max_depth": 7.629568478689846, "model__n_estimators": 23.72527860523467, "model__reg_lambda": 6.7998375849329875}, "datetime": {"datetime": "2021-03-27 18:14:15", "elapsed": 4.040379, "delta": 0.062366}}
{"target": -0.4391750036023449, "params": {"model__colsample_bylevel": 0.3, "model__colsample_bynode": 0.3, "model__colsample_bytree": 1.0, "model__learning_rate": 0.3, "model__max_depth": 2.0, "model__n_estimators": 15.0, "model__reg_lambda": 10.0}, "datetime": {"datetime": "2021-03-27 18:14:16", "elapsed": 4.813248, "delta": 0.772869}}
{"target": -0.3924616513031441, "params": {"model__colsample_bylevel": 1.0, "model__colsample_bynode": 0.3, "model__colsample_bytree": 1.0, "model__learning_rate": 0.3, "model__max_depth": 8.0, "model__n_estimators": 15.0, "model__reg_lambda": 10.0}, "datetime": {"datetime": "2021-03-27 18:14:17", "elapsed": 5.545737, "delta": 0.732489}}
{"target": -0.35473743658512824, "params": {"model__colsample_bylevel": 1.0, "model__colsample_bynode": 1.0, "model__colsample_bytree": 0.3, "model__learning_rate": 0.3, "model__max_depth": 8.0, "model__n_estimators": 30.0, "model__reg_lambda": 10.0}, "datetime": {"datetime": "2021-03-27 18:14:18", "elapsed": 6.262777, "delta": 0.71704}}
{"target": -0.38425907645293556, "params": {"model__colsample_bylevel": 0.3, "model__colsample_bynode": 1.0, "model__colsample_bytree": 0.3, "model__learning_rate": 0.3, "model__max_depth": 2.0, "model__n_estimators": 30.0, "model__reg_lambda": 10.0}, "datetime": {"datetime": "2021-03-27 18:14:18", "elapsed": 6.888711, "delta": 0.625934}}
{"target": -0.4069678249385079, "params": {"model__colsample_bylevel": 1.0, "model__colsample_bynode": 1.0, "model__colsample_bytree": 1.0, "model__learning_rate": 0.3, "model__max_depth": 8.0, "model__n_estimators": 15.0, "model__reg_lambda": 0.0}, "datetime": {"datetime": "2021-03-27 18:14:19", "elapsed": 7.656196, "delta": 0.767485}}
{"target": -0.3934776697935456, "params": {"model__colsample_bylevel": 0.3, "model__colsample_bynode": 0.3, "model__colsample_bytree": 1.0, "model__learning_rate": 0.3, "model__max_depth": 8.0, "model__n_estimators": 15.0, "model__reg_lambda": 5.036492846054885}, "datetime": {"datetime": "2021-03-27 18:14:20", "elapsed": 8.35257, "delta": 0.696374}}
{"target": -0.3375159205214215, "params": {"model__colsample_bylevel": 0.3, "model__colsample_bynode": 1.0, "model__colsample_bytree": 1.0, "model__learning_rate": 0.3, "model__max_depth": 8.0, "model__n_estimators": 21.646727678825137, "model__reg_lambda": 4.360467425485152}, "datetime": {"datetime": "2021-03-27 18:14:21", "elapsed": 9.211426, "delta": 0.858856}}
{"target": -0.3837698048723025, "params": {"model__colsample_bylevel": 1.0, "model__colsample_bynode": 1.0, "model__colsample_bytree": 0.30000000019424317, "model__learning_rate": 0.3, "model__max_depth": 2.0, "model__n_estimators": 21.701200519038558, "model__reg_lambda": 10.0}, "datetime": {"datetime": "2021-03-27 18:14:21", "elapsed": 9.924378, "delta": 0.712952}}
{"target": -0.35633247096388454, "params": {"model__colsample_bylevel": 0.43260111583609145, "model__colsample_bynode": 0.5392577001646703, "model__colsample_bytree": 0.9773495952489064, "model__learning_rate": 0.21729533435434983, "model__max_depth": 5.040814786562084, "model__n_estimators": 29.719416243156914, "model__reg_lambda": 9.987272805460474}, "datetime": {"datetime": "2021-03-27 18:14:22", "elapsed": 10.808923, "delta": 0.884545}}
{"target": -0.3503149345547528, "params": {"model__colsample_bylevel": 0.3329254042287224, "model__colsample_bynode": 0.9508549862894475, "model__colsample_bytree": 0.4493397494005408, "model__learning_rate": 0.270784841191295, "model__max_depth": 5.783953200440556, "model__n_estimators": 29.984262256050506, "model__reg_lambda": 4.879312549301171}, "datetime": {"datetime": "2021-03-27 18:14:23", "elapsed": 11.557426, "delta": 0.748503}}
{"target": -0.3998426397918197, "params": {"model__colsample_bylevel": 0.3, "model__colsample_bynode": 0.3, "model__colsample_bytree": 0.3, "model__learning_rate": 0.3, "model__max_depth": 2.0, "model__n_estimators": 15.0, "model__reg_lambda": 0.0}, "datetime": {"datetime": "2021-03-27 18:14:24", "elapsed": 12.337575, "delta": 0.780149}}
{"target": -0.40266001811402885, "params": {"model__colsample_bylevel": 0.3, "model__colsample_bynode": 0.3, "model__colsample_bytree": 1.0, "model__learning_rate": 0.3, "model__max_depth": 8.0, "model__n_estimators": 17.883632744895365, "model__reg_lambda": 2.7068507759577443e-09}, "datetime": {"datetime": "2021-03-27 18:14:24", "elapsed": 12.959991, "delta": 0.622416}}
{"target": -0.33858020753714435, "params": {"model__colsample_bylevel": 0.3424495277786839, "model__colsample_bynode": 0.6066787733225434, "model__colsample_bytree": 0.32837056943224924, "model__learning_rate": 0.2265793201110278, "model__max_depth": 2.894225760853536, "model__n_estimators": 29.75703967869281, "model__reg_lambda": 0.07854696918228044}, "datetime": {"datetime": "2021-03-27 18:14:25", "elapsed": 13.666527, "delta": 0.706536}}
{"target": -0.36443056674552676, "params": {"model__colsample_bylevel": 0.5835294938856171, "model__colsample_bynode": 0.9469002019057073, "model__colsample_bytree": 0.9152532014138113, "model__learning_rate": 0.26666048542551646, "model__max_depth": 7.865762770110264, "model__n_estimators": 22.48544373694552, "model__reg_lambda": 9.757213870746178}, "datetime": {"datetime": "2021-03-27 18:14:26", "elapsed": 14.513438, "delta": 0.846911}}
{"target": -0.4050419358658077, "params": {"model__colsample_bylevel": 0.3, "model__colsample_bynode": 0.3, "model__colsample_bytree": 1.0, "model__learning_rate": 0.3, "model__max_depth": 2.1497499223797045, "model__n_estimators": 19.97288101364148, "model__reg_lambda": 10.0}, "datetime": {"datetime": "2021-03-27 18:14:27", "elapsed": 15.289417, "delta": 0.775979}}
{"target": -0.3337833690392934, "params": {"model__colsample_bylevel": 0.3, "model__colsample_bynode": 1.0, "model__colsample_bytree": 1.0, "model__learning_rate": 0.3, "model__max_depth": 8.0, "model__n_estimators": 25.566861669322833, "model__reg_lambda": 4.207523855862544}, "datetime": {"datetime": "2021-03-27 18:14:27", "elapsed": 16.053549, "delta": 0.764132}}
{"target": -0.3426086178862665, "params": {"model__colsample_bylevel": 1.0, "model__colsample_bynode": 0.9996867391704488, "model__colsample_bytree": 1.0, "model__learning_rate": 0.3, "model__max_depth": 8.0, "model__n_estimators": 24.39747894549513, "model__reg_lambda": 8.479044351072403}, "datetime": {"datetime": "2021-03-27 18:14:28", "elapsed": 16.748842, "delta": 0.695293}}
{"target": -0.36721611318036756, "params": {"model__colsample_bylevel": 0.3000000003124977, "model__colsample_bynode": 0.3, "model__colsample_bytree": 1.0, "model__learning_rate": 0.3, "model__max_depth": 5.537084637391732, "model__n_estimators": 21.867839516497803, "model__reg_lambda": 4.368314374924828}, "datetime": {"datetime": "2021-03-27 18:14:29", "elapsed": 17.502872, "delta": 0.75403}}
{"target": -0.33924840871055706, "params": {"model__colsample_bylevel": 1.0, "model__colsample_bynode": 1.0, "model__colsample_bytree": 1.0, "model__learning_rate": 0.3, "model__max_depth": 2.8702973646736534, "model__n_estimators": 28.587070774898912, "model__reg_lambda": 10.0}, "datetime": {"datetime": "2021-03-27 18:14:30", "elapsed": 18.205517, "delta": 0.702645}}
{"target": -0.3504605643085096, "params": {"model__colsample_bylevel": 0.3, "model__colsample_bynode": 1.0, "model__colsample_bytree": 1.0, "model__learning_rate": 0.3, "model__max_depth": 3.2571468303237134, "model__n_estimators": 20.261696640576243, "model__reg_lambda": 1.3774013484195016}, "datetime": {"datetime": "2021-03-27 18:14:30", "elapsed": 18.942154, "delta": 0.736637}}
{"target": -0.35034728516095687, "params": {"model__colsample_bylevel": 1.0, "model__colsample_bynode": 1.0, "model__colsample_bytree": 1.0, "model__learning_rate": 0.3, "model__max_depth": 8.0, "model__n_estimators": 19.129992494212186, "model__reg_lambda": 6.401741736799617}, "datetime": {"datetime": "2021-03-27 18:14:31", "elapsed": 19.605227, "delta": 0.663073}}
{"target": -0.3609826761225755, "params": {"model__colsample_bylevel": 0.5212580812453981, "model__colsample_bynode": 0.8593447892631536, "model__colsample_bytree": 0.9995055666224397, "model__learning_rate": 0.28344286431306126, "model__max_depth": 5.602042700227169, "model__n_estimators": 29.634536697287757, "model__reg_lambda": 0.09861220983369057}, "datetime": {"datetime": "2021-03-27 18:14:32", "elapsed": 20.473624, "delta": 0.868397}}
{"target": -0.3455572098004294, "params": {"model__colsample_bylevel": 0.34191157933761696, "model__colsample_bynode": 0.9862860770377487, "model__colsample_bytree": 1.0, "model__learning_rate": 0.3, "model__max_depth": 2.3620910460562436, "model__n_estimators": 25.291239285105387, "model__reg_lambda": 2.4911301879386967}, "datetime": {"datetime": "2021-03-27 18:14:33", "elapsed": 21.265218, "delta": 0.791594}}
{"target": -0.38954084178574544, "params": {"model__colsample_bylevel": 0.3, "model__colsample_bynode": 0.3, "model__colsample_bytree": 1.0, "model__learning_rate": 0.3, "model__max_depth": 4.793468624047408, "model__n_estimators": 15.0, "model__reg_lambda": 0.6650073813573273}, "datetime": {"datetime": "2021-03-27 18:14:34", "elapsed": 22.140468, "delta": 0.87525}}
{"target": -0.3508395096206146, "params": {"model__colsample_bylevel": 1.0, "model__colsample_bynode": 0.3, "model__colsample_bytree": 1.0, "model__learning_rate": 0.3, "model__max_depth": 8.0, "model__n_estimators": 22.916133116731505, "model__reg_lambda": 7.598663876515001}, "datetime": {"datetime": "2021-03-27 18:14:34", "elapsed": 22.949875, "delta": 0.809407}}
{"target": -0.37719360389274315, "params": {"model__colsample_bylevel": 0.3, "model__colsample_bynode": 0.3, "model__colsample_bytree": 0.3, "model__learning_rate": 0.3, "model__max_depth": 3.0162556658830235, "model__n_estimators": 17.816308945145536, "model__reg_lambda": 0.0}, "datetime": {"datetime": "2021-03-27 18:14:35", "elapsed": 23.693551, "delta": 0.743676}}
{"target": -0.34781454912407084, "params": {"model__colsample_bylevel": 1.0, "model__colsample_bynode": 1.0, "model__colsample_bytree": 1.0, "model__learning_rate": 0.3, "model__max_depth": 4.006096685570085, "model__n_estimators": 23.048696551130114, "model__reg_lambda": 10.0}, "datetime": {"datetime": "2021-03-27 18:14:36", "elapsed": 24.494149, "delta": 0.800598}}
{"target": -0.38821271747026753, "params": {"model__colsample_bylevel": 0.3, "model__colsample_bynode": 1.0, "model__colsample_bytree": 0.3, "model__learning_rate": 0.3, "model__max_depth": 8.0, "model__n_estimators": 27.499331984931747, "model__reg_lambda": 10.0}, "datetime": {"datetime": "2021-03-27 18:14:37", "elapsed": 25.234704, "delta": 0.740555}}
{"target": -0.3761988646328024, "params": {"model__colsample_bylevel": 0.3, "model__colsample_bynode": 1.0, "model__colsample_bytree": 1.0, "model__learning_rate": 0.3, "model__max_depth": 8.0, "model__n_estimators": 24.458688407595815, "model__reg_lambda": 0.0}, "datetime": {"datetime": "2021-03-27 18:14:38", "elapsed": 26.509681, "delta": 1.274977}}
{"target": -0.3637143746352471, "params": {"model__colsample_bylevel": 1.0, "model__colsample_bynode": 0.30000000000000004, "model__colsample_bytree": 1.0, "model__learning_rate": 0.3, "model__max_depth": 2.0, "model__n_estimators": 30.0, "model__reg_lambda": 10.0}, "datetime": {"datetime": "2021-03-27 18:14:39", "elapsed": 27.900627, "delta": 1.390946}}
