{"target": -0.3583167463729995, "params": {"model__colsample_bylevel": 0.9799027529006334, "model__colsample_bynode": 1.0, "model__colsample_bytree": 0.3000000076246262, "model__learning_rate": 0.3, "model__max_depth": 2.0000000139921514, "model__n_estimators": 30.0, "model__reg_lambda": 4.741613752897284}, "datetime": {"datetime": "2021-03-27 18:15:52", "elapsed": 100.531206, "delta": 1.282446}}
{"target": -0.346241491034195, "params": {"model__colsample_bylevel": 0.9980154445254302, "model__colsample_bynode": 1.0, "model__colsample_bytree": 1.0, "model__learning_rate": 0.3, "model__max_depth": 3.935950670225879, "model__n_estimators": 17.784483384288496, "model__reg_lambda": 5.889080190091343}, "datetime": {"datetime": "2021-03-27 18:15:53", "elapsed": 101.789469, "delta": 1.258263}}
{"target": -0.3817697923050087, "params": {"model__colsample_bylevel": 0.3, "model__colsample_bynode": 0.3, "model__colsample_bytree": 1.0, "model__learning_rate": 0.3, "model__max_depth": 6.821474041499268, "model__n_estimators": 20.13919281928057, "model__reg_lambda": 10.0}, "datetime": {"datetime": "2021-03-27 18:15:55", "elapsed": 103.349469, "delta": 1.56}}
{"target": -0.3532336461647967, "params": {"model__colsample_bylevel": 0.95887552113574, "model__colsample_bynode": 0.5003402300135082, "model__colsample_bytree": 0.9618765143107366, "model__learning_rate": 0.2615488059635134, "model__max_depth": 4.987323577144467, "model__n_estimators": 22.912032207131887, "model__reg_lambda": 6.490567453577899}, "datetime": {"datetime": "2021-03-27 18:15:56", "elapsed": 104.686389, "delta": 1.33692}}
{"target": -0.314401795528323, "params": {"model__colsample_bylevel": 0.9912230896155768, "model__colsample_bynode": 0.6657922727384135, "model__colsample_bytree": 1.0, "model__learning_rate": 0.3, "model__max_depth": 6.41295090083977, "model__n_estimators": 24.65631249553018, "model__reg_lambda": 2.8163087432225247}, "datetime": {"datetime": "2021-03-27 18:15:57", "elapsed": 105.957114, "delta": 1.270725}}
{"target": -0.3447231223347827, "params": {"model__colsample_bylevel": 0.44111670777679546, "model__colsample_bynode": 0.9202231136238954, "model__colsample_bytree": 0.9541519344361822, "model__learning_rate": 0.1259914461788682, "model__max_depth": 7.456747273203726, "model__n_estimators": 29.449412301086113, "model__reg_lambda": 1.6989372941959102}, "datetime": {"datetime": "2021-03-27 18:15:59", "elapsed": 107.185697, "delta": 1.228583}}
{"target": -0.3378824348735245, "params": {"model__colsample_bylevel": 0.9456700912344025, "model__colsample_bynode": 0.8924911993830469, "model__colsample_bytree": 0.8588612156409765, "model__learning_rate": 0.27840085460708364, "model__max_depth": 7.785253693564741, "model__n_estimators": 27.962755626875477, "model__reg_lambda": 5.16550652444974}, "datetime": {"datetime": "2021-03-27 18:16:00", "elapsed": 108.425456, "delta": 1.239759}}
{"target": -0.3434203468240794, "params": {"model__colsample_bylevel": 0.9193631383419347, "model__colsample_bynode": 0.3591544241147141, "model__colsample_bytree": 0.3626733081026906, "model__learning_rate": 0.2739076223243176, "model__max_depth": 5.632197560816971, "model__n_estimators": 29.9149893133022, "model__reg_lambda": 0.2588881279348798}, "datetime": {"datetime": "2021-03-27 18:16:01", "elapsed": 109.799324, "delta": 1.373868}}
{"target": -0.340007976413556, "params": {"model__colsample_bylevel": 0.9761749091317269, "model__colsample_bynode": 1.0, "model__colsample_bytree": 1.0, "model__learning_rate": 0.3, "model__max_depth": 7.999999998555903, "model__n_estimators": 23.00915689521091, "model__reg_lambda": 6.59495303918044}, "datetime": {"datetime": "2021-03-27 18:16:03", "elapsed": 111.191603, "delta": 1.392279}}
{"target": -0.3308176045279243, "params": {"model__colsample_bylevel": 0.9745711191081667, "model__colsample_bynode": 0.5119166983475728, "model__colsample_bytree": 0.8309521486253664, "model__learning_rate": 0.2822971508581097, "model__max_depth": 7.353849497797139, "model__n_estimators": 29.883122119956543, "model__reg_lambda": 0.5364618993938575}, "datetime": {"datetime": "2021-03-27 18:16:04", "elapsed": 112.549238, "delta": 1.357635}}
{"target": -0.3671598354955136, "params": {"model__colsample_bylevel": 0.3, "model__colsample_bynode": 0.3, "model__colsample_bytree": 1.0, "model__learning_rate": 0.3, "model__max_depth": 2.0, "model__n_estimators": 17.49731038054294, "model__reg_lambda": 0.5561139244940405}, "datetime": {"datetime": "2021-03-27 18:16:05", "elapsed": 113.863754, "delta": 1.314516}}
{"target": -0.33064010102922714, "params": {"model__colsample_bylevel": 0.7648128998633912, "model__colsample_bynode": 0.9439015745303834, "model__colsample_bytree": 0.9805822296884079, "model__learning_rate": 0.2973232937918824, "model__max_depth": 4.031114994726654, "model__n_estimators": 29.04800738078439, "model__reg_lambda": 8.497225826139278}, "datetime": {"datetime": "2021-03-27 18:16:07", "elapsed": 115.146843, "delta": 1.283089}}
{"target": -0.35407357663591055, "params": {"model__colsample_bylevel": 1.0, "model__colsample_bynode": 0.9999999926354547, "model__colsample_bytree": 0.9622343749576404, "model__learning_rate": 0.3, "model__max_depth": 6.867083770330688, "model__n_estimators": 20.438872809270656, "model__reg_lambda": 9.854528369658883}, "datetime": {"datetime": "2021-03-27 18:16:08", "elapsed": 116.195062, "delta": 1.048219}}
{"target": -0.3582623188269149, "params": {"model__colsample_bylevel": 0.7102256036495278, "model__colsample_bynode": 0.9222040889942775, "model__colsample_bytree": 0.8985973574337163, "model__learning_rate": 0.295335418495305, "model__max_depth": 7.967095342234028, "model__n_estimators": 25.82460036154763, "model__reg_lambda": 1.671564208418902}, "datetime": {"datetime": "2021-03-27 18:16:09", "elapsed": 117.619323, "delta": 1.424261}}
{"target": -0.37247647509431003, "params": {"model__colsample_bylevel": 0.888979199173092, "model__colsample_bynode": 0.9997347423172169, "model__colsample_bytree": 0.3386890759527234, "model__learning_rate": 0.19831163203873148, "model__max_depth": 6.8654013861943355, "model__n_estimators": 29.868927194267858, "model__reg_lambda": 4.25068033603642}, "datetime": {"datetime": "2021-03-27 18:16:10", "elapsed": 118.875052, "delta": 1.255729}}
{"target": -0.3899978748482206, "params": {"model__colsample_bylevel": 0.5269458535043631, "model__colsample_bynode": 0.9542536353955822, "model__colsample_bytree": 0.9241332272611236, "model__learning_rate": 0.12113303360307498, "model__max_depth": 2.029242941534383, "model__n_estimators": 21.159201517685965, "model__reg_lambda": 0.01375271152963764}, "datetime": {"datetime": "2021-03-27 18:16:12", "elapsed": 120.214915, "delta": 1.339863}}
{"target": -0.34927835910702526, "params": {"model__colsample_bylevel": 0.3066674705592441, "model__colsample_bynode": 0.3563868653000216, "model__colsample_bytree": 0.8258368399832008, "model__learning_rate": 0.23477940115054546, "model__max_depth": 7.861462463013396, "model__n_estimators": 23.535532789978966, "model__reg_lambda": 1.3775981726543518}, "datetime": {"datetime": "2021-03-27 18:16:13", "elapsed": 121.602482, "delta": 1.387567}}
{"target": -0.36018045692319933, "params": {"model__colsample_bylevel": 0.3, "model__colsample_bynode": 0.3, "model__colsample_bytree": 1.0, "model__learning_rate": 0.3, "model__max_depth": 8.0, "model__n_estimators": 24.13693110737717, "model__reg_lambda": 6.020945621507005}, "datetime": {"datetime": "2021-03-27 18:16:14", "elapsed": 122.839977, "delta": 1.237495}}
{"target": -0.3608376295429796, "params": {"model__colsample_bylevel": 0.9999999999704812, "model__colsample_bynode": 0.30000000035447927, "model__colsample_bytree": 1.0, "model__learning_rate": 0.3, "model__max_depth": 2.9278023425578117, "model__n_estimators": 17.68669821732018, "model__reg_lambda": 0.1151237128835369}, "datetime": {"datetime": "2021-03-27 18:16:15", "elapsed": 123.948487, "delta": 1.10851}}
{"target": -0.37283490512763023, "params": {"model__colsample_bylevel": 0.9629662359320155, "model__colsample_bynode": 0.32448743546925524, "model__colsample_bytree": 0.32059757796227245, "model__learning_rate": 0.2963337184126865, "model__max_depth": 3.169952266655377, "model__n_estimators": 29.129499323248474, "model__reg_lambda": 9.759531504405537}, "datetime": {"datetime": "2021-03-27 18:16:17", "elapsed": 125.701932, "delta": 1.753445}}
{"target": -0.3399539521375698, "params": {"model__colsample_bylevel": 0.9095032411422999, "model__colsample_bynode": 0.9139148926386766, "model__colsample_bytree": 0.9913113791901771, "model__learning_rate": 0.266624781471627, "model__max_depth": 4.814143910603023, "model__n_estimators": 29.620719523435127, "model__reg_lambda": 7.102991024015707}, "datetime": {"datetime": "2021-03-27 18:16:18", "elapsed": 127.009395, "delta": 1.307463}}
{"target": -0.35445843975505104, "params": {"model__colsample_bylevel": 0.49626098436788124, "model__colsample_bynode": 0.30045684457961014, "model__colsample_bytree": 0.8618938811402714, "model__learning_rate": 0.24653436178495325, "model__max_depth": 6.518616143081866, "model__n_estimators": 25.46575689714021, "model__reg_lambda": 2.008029191464993}, "datetime": {"datetime": "2021-03-27 18:16:20", "elapsed": 128.291514, "delta": 1.282119}}
{"target": -0.3420027255280149, "params": {"model__colsample_bylevel": 0.7971020880798996, "model__colsample_bynode": 0.460196897811245, "model__colsample_bytree": 0.47624310684876503, "model__learning_rate": 0.29504555856933645, "model__max_depth": 7.921407079239816, "model__n_estimators": 25.492211851845425, "model__reg_lambda": 0.04622064251563196}, "datetime": {"datetime": "2021-03-27 18:16:21", "elapsed": 129.712268, "delta": 1.420754}}
{"target": -0.3709887315758734, "params": {"model__colsample_bylevel": 0.3000000023379261, "model__colsample_bynode": 0.45450771733644146, "model__colsample_bytree": 0.9999999943920941, "model__learning_rate": 0.3, "model__max_depth": 3.6708579364732477, "model__n_estimators": 22.828590949454263, "model__reg_lambda": 4.6030136965468}, "datetime": {"datetime": "2021-03-27 18:16:22", "elapsed": 130.898572, "delta": 1.186304}}
{"target": -0.35110377238091567, "params": {"model__colsample_bylevel": 0.9685380684052096, "model__colsample_bynode": 0.9957367372075459, "model__colsample_bytree": 0.9238360695441874, "model__learning_rate": 0.2791713646834074, "model__max_depth": 2.1136429732600086, "model__n_estimators": 21.744709812649187, "model__reg_lambda": 5.994077734256066}, "datetime": {"datetime": "2021-03-27 18:16:24", "elapsed": 132.175071, "delta": 1.276499}}
{"target": -0.3943137097887803, "params": {"model__colsample_bylevel": 0.664402752784615, "model__colsample_bynode": 0.3026449716899295, "model__colsample_bytree": 0.3068535060640802, "model__learning_rate": 0.29687650610468075, "model__max_depth": 7.8071837059584475, "model__n_estimators": 24.888834056776727, "model__reg_lambda": 9.995907449389476}, "datetime": {"datetime": "2021-03-27 18:16:25", "elapsed": 133.400093, "delta": 1.225022}}
{"target": -0.4335522716635488, "params": {"model__colsample_bylevel": 1.0, "model__colsample_bynode": 0.3, "model__colsample_bytree": 0.3, "model__learning_rate": 0.3, "model__max_depth": 2.0, "model__n_estimators": 17.70394008612967, "model__reg_lambda": 10.0}, "datetime": {"datetime": "2021-03-27 18:16:26", "elapsed": 134.768734, "delta": 1.368641}}
{"target": -0.3778259063272845, "params": {"model__colsample_bylevel": 1.0, "model__colsample_bynode": 1.0, "model__colsample_bytree": 1.0, "model__learning_rate": 0.3, "model__max_depth": 7.992025487500745, "model__n_estimators": 18.4713245492652, "model__reg_lambda": 0.8347813419861777}, "datetime": {"datetime": "2021-03-27 18:16:28", "elapsed": 136.210185, "delta": 1.441451}}
{"target": -0.32341796533892986, "params": {"model__colsample_bylevel": 0.8932523599088786, "model__colsample_bynode": 0.9885521713570049, "model__colsample_bytree": 0.5701976654930218, "model__learning_rate": 0.2400112352319113, "model__max_depth": 5.5810136306992995, "model__n_estimators": 29.930340001397617, "model__reg_lambda": 2.0483309404307324}, "datetime": {"datetime": "2021-03-27 18:16:29", "elapsed": 137.597714, "delta": 1.387529}}
{"target": -0.36298174664810084, "params": {"model__colsample_bylevel": 0.3, "model__colsample_bynode": 1.0, "model__colsample_bytree": 1.0, "model__learning_rate": 0.3, "model__max_depth": 8.0, "model__n_estimators": 16.801987420394166, "model__reg_lambda": 5.867089417000829}, "datetime": {"datetime": "2021-03-27 18:16:30", "elapsed": 138.842538, "delta": 1.244824}}
{"target": -0.3601462914680968, "params": {"model__colsample_bylevel": 0.7322824780033529, "model__colsample_bynode": 1.0, "model__colsample_bytree": 0.46510073059310164, "model__learning_rate": 0.3, "model__max_depth": 2.0000000158275313, "model__n_estimators": 27.74750540292452, "model__reg_lambda": 4.62181778213482}, "datetime": {"datetime": "2021-03-27 18:16:31", "elapsed": 139.935214, "delta": 1.092676}}
{"target": -0.3514311208636028, "params": {"model__colsample_bylevel": 1.0, "model__colsample_bynode": 1.0, "model__colsample_bytree": 1.0, "model__learning_rate": 0.3, "model__max_depth": 4.520650423253563, "model__n_estimators": 20.06978071174065, "model__reg_lambda": 3.3644322853469038}, "datetime": {"datetime": "2021-03-27 18:16:33", "elapsed": 141.329651, "delta": 1.394437}}
{"target": -0.338175493670101, "params": {"model__colsample_bylevel": 1.0, "model__colsample_bynode": 0.3462297238919211, "model__colsample_bytree": 1.0, "model__learning_rate": 0.1, "model__max_depth": 8.0, "model__n_estimators": 29.970854203537716, "model__reg_lambda": 0.0}, "datetime": {"datetime": "2021-03-27 18:16:34", "elapsed": 142.55421, "delta": 1.224559}}
{"target": -0.39167285902844073, "params": {"model__colsample_bylevel": 0.3, "model__colsample_bynode": 1.0, "model__colsample_bytree": 0.8367377130624484, "model__learning_rate": 0.3, "model__max_depth": 2.001692729800832, "model__n_estimators": 19.206041722664306, "model__reg_lambda": 7.7936475981802555}, "datetime": {"datetime": "2021-03-27 18:16:35", "elapsed": 143.99311, "delta": 1.4389}}
{"target": -0.3329889648501167, "params": {"model__colsample_bylevel": 0.8420105948598329, "model__colsample_bynode": 0.30286700029318264, "model__colsample_bytree": 0.738116323979148, "model__learning_rate": 0.22685714476426355, "model__max_depth": 7.861425219627193, "model__n_estimators": 22.16865302800746, "model__reg_lambda": 0.043581942197203904}, "datetime": {"datetime": "2021-03-27 18:16:37", "elapsed": 145.175603, "delta": 1.182493}}
{"target": -0.35134231510734104, "params": {"model__colsample_bylevel": 1.0, "model__colsample_bynode": 0.902092039304801, "model__colsample_bytree": 1.0, "model__learning_rate": 0.3, "model__max_depth": 5.905380825515636, "model__n_estimators": 16.09946144737537, "model__reg_lambda": 6.313453465149998}, "datetime": {"datetime": "2021-03-27 18:16:38", "elapsed": 146.762947, "delta": 1.587344}}
{"target": -0.3350223378430161, "params": {"model__colsample_bylevel": 1.0, "model__colsample_bynode": 1.0, "model__colsample_bytree": 1.0, "model__learning_rate": 0.3, "model__max_depth": 2.0, "model__n_estimators": 18.804060518176588, "model__reg_lambda": 1.5302877010810803}, "datetime": {"datetime": "2021-03-27 18:16:40", "elapsed": 148.473525, "delta": 1.710578}}
{"target": -0.33743537152034186, "params": {"model__colsample_bylevel": 0.9796157494750535, "model__colsample_bynode": 0.940833619990779, "model__colsample_bytree": 0.9332600130684687, "model__learning_rate": 0.28885305461612953, "model__max_depth": 7.955494813452283, "model__n_estimators": 24.644273386617904, "model__reg_lambda": 3.5884994458531327}, "datetime": {"datetime": "2021-03-27 18:16:41", "elapsed": 150.041161, "delta": 1.567636}}
{"target": -0.3373648366391443, "params": {"model__colsample_bylevel": 0.9999999651065186, "model__colsample_bynode": 1.0, "model__colsample_bytree": 1.0, "model__learning_rate": 0.3, "model__max_depth": 3.4590472010403306, "model__n_estimators": 26.976461302670174, "model__reg_lambda": 5.828899723860274}, "datetime": {"datetime": "2021-03-27 18:16:43", "elapsed": 151.322177, "delta": 1.281016}}
{"target": -0.34101195201021284, "params": {"model__colsample_bylevel": 1.0, "model__colsample_bynode": 1.0, "model__colsample_bytree": 1.0, "model__learning_rate": 0.3, "model__max_depth": 6.459083906292051, "model__n_estimators": 30.0, "model__reg_lambda": 9.78627289298711}, "datetime": {"datetime": "2021-03-27 18:16:44", "elapsed": 152.762368, "delta": 1.440191}}
{"target": -0.39745202159266113, "params": {"model__colsample_bylevel": 0.530842510923011, "model__colsample_bynode": 0.34886567730105905, "model__colsample_bytree": 0.33237860841563277, "model__learning_rate": 0.16395073607807273, "model__max_depth": 7.919295855204036, "model__n_estimators": 24.3396406139328, "model__reg_lambda": 0.03143152549453743}, "datetime": {"datetime": "2021-03-27 18:16:46", "elapsed": 154.086973, "delta": 1.324605}}
{"target": -0.3434011879962518, "params": {"model__colsample_bylevel": 0.38991883693900387, "model__colsample_bynode": 0.9439223570360005, "model__colsample_bytree": 0.9181354835524254, "model__learning_rate": 0.2816230598386813, "model__max_depth": 7.321409346267643, "model__n_estimators": 21.07959964463313, "model__reg_lambda": 0.27195071913286073}, "datetime": {"datetime": "2021-03-27 18:16:47", "elapsed": 155.408694, "delta": 1.321721}}
{"target": -0.34214409365710147, "params": {"model__colsample_bylevel": 0.9999999992534347, "model__colsample_bynode": 0.3000000063812808, "model__colsample_bytree": 1.0, "model__learning_rate": 0.3, "model__max_depth": 7.999999997950918, "model__n_estimators": 26.137164728072385, "model__reg_lambda": 3.368790286099472}, "datetime": {"datetime": "2021-03-27 18:16:48", "elapsed": 156.915145, "delta": 1.506451}}
{"target": -0.3883106110705252, "params": {"model__colsample_bylevel": 0.4974499774758092, "model__colsample_bynode": 0.3639412461626311, "model__colsample_bytree": 0.8026147418353602, "model__learning_rate": 0.2716065832752194, "model__max_depth": 2.0364578078462623, "model__n_estimators": 29.893087581934893, "model__reg_lambda": 6.481309881725096}, "datetime": {"datetime": "2021-03-27 18:16:50", "elapsed": 158.25712, "delta": 1.341975}}
{"target": -0.38050782354443125, "params": {"model__colsample_bylevel": 0.4504919894060081, "model__colsample_bynode": 0.5163997561860542, "model__colsample_bytree": 0.6285509008469665, "model__learning_rate": 0.2647941699124785, "model__max_depth": 7.996293751504021, "model__n_estimators": 28.08963801303998, "model__reg_lambda": 0.07475525589729304}, "datetime": {"datetime": "2021-03-27 18:16:51", "elapsed": 159.511122, "delta": 1.254002}}
{"target": -0.42712265335671284, "params": {"model__colsample_bylevel": 1.0, "model__colsample_bynode": 1.0, "model__colsample_bytree": 0.3, "model__learning_rate": 0.3, "model__max_depth": 6.65755230813707, "model__n_estimators": 15.0, "model__reg_lambda": 8.337784014148273}, "datetime": {"datetime": "2021-03-27 18:16:52", "elapsed": 161.032562, "delta": 1.52144}}
{"target": -0.3084786511169733, "params": {"model__colsample_bylevel": 0.31981637620027464, "model__colsample_bynode": 0.794344292536964, "model__colsample_bytree": 0.89618316291851, "model__learning_rate": 0.2979592491140083, "model__max_depth": 2.818788813716281, "model__n_estimators": 23.806480956056504, "model__reg_lambda": 0.48311097084272614}, "datetime": {"datetime": "2021-03-27 18:16:54", "elapsed": 162.38436, "delta": 1.351798}}
{"target": -0.3634350494547423, "params": {"model__colsample_bylevel": 0.36158552136505206, "model__colsample_bynode": 0.9488752803583753, "model__colsample_bytree": 0.5075338860262633, "model__learning_rate": 0.25171261008933754, "model__max_depth": 3.013239144937832, "model__n_estimators": 24.10387433376538, "model__reg_lambda": 1.1989326710458204}, "datetime": {"datetime": "2021-03-27 18:16:55", "elapsed": 163.643056, "delta": 1.258696}}
{"target": -0.3674263530444569, "params": {"model__colsample_bylevel": 1.0, "model__colsample_bynode": 0.3, "model__colsample_bytree": 1.0, "model__learning_rate": 0.3, "model__max_depth": 7.952232658251939, "model__n_estimators": 16.618321082255736, "model__reg_lambda": 8.0631722798351}, "datetime": {"datetime": "2021-03-27 18:16:57", "elapsed": 165.308927, "delta": 1.665871}}
{"target": -0.35402722254874647, "params": {"model__colsample_bylevel": 0.3026232093953564, "model__colsample_bynode": 0.33554672402068825, "model__colsample_bytree": 0.8884770900030692, "model__learning_rate": 0.2839758772681332, "model__max_depth": 7.969762259768399, "model__n_estimators": 22.01744609180664, "model__reg_lambda": 0.9525940050581916}, "datetime": {"datetime": "2021-03-27 18:16:58", "elapsed": 166.414411, "delta": 1.105484}}
{"target": -0.4118769218559728, "params": {"model__colsample_bylevel": 0.9487479389937797, "model__colsample_bynode": 1.0, "model__colsample_bytree": 0.3, "model__learning_rate": 0.3, "model__max_depth": 4.197633959436381, "model__n_estimators": 15.0, "model__reg_lambda": 0.0}, "datetime": {"datetime": "2021-03-27 18:17:00", "elapsed": 168.115494, "delta": 1.701083}}
{"target": -0.3508489869960138, "params": {"model__colsample_bylevel": 0.3053621891186783, "model__colsample_bynode": 0.9981405505374651, "model__colsample_bytree": 1.0, "model__learning_rate": 0.3, "model__max_depth": 3.565700858445634, "model__n_estimators": 30.0, "model__reg_lambda": 8.661440807583887}, "datetime": {"datetime": "2021-03-27 18:17:01", "elapsed": 169.336647, "delta": 1.221153}}
