{"target": -0.35175946786243845, "params": {"model__colsample_bylevel": 1.0, "model__colsample_bynode": 1.0, "model__colsample_bytree": 1.0, "model__learning_rate": 0.3, "model__max_depth": 2.089292536546176, "model__n_estimators": 27.03867228059165, "model__reg_lambda": 6.607422230900728}, "datetime": {"datetime": "2021-03-27 18:14:41", "elapsed": 29.247548, "delta": 1.346921}}
{"target": -0.33195039179273944, "params": {"model__colsample_bylevel": 1.0, "model__colsample_bynode": 1.0, "model__colsample_bytree": 1.0, "model__learning_rate": 0.3, "model__max_depth": 8.0, "model__n_estimators": 30.0, "model__reg_lambda": 7.310965573841598}, "datetime": {"datetime": "2021-03-27 18:14:42", "elapsed": 30.63857, "delta": 1.391022}}
{"target": -0.35109609388678836, "params": {"model__colsample_bylevel": 1.0, "model__colsample_bynode": 0.3, "model__colsample_bytree": 1.0, "model__learning_rate": 0.3, "model__max_depth": 8.0, "model__n_estimators": 16.349928770702956, "model__reg_lambda": 2.2928485503696083}, "datetime": {"datetime": "2021-03-27 18:14:43", "elapsed": 31.888886, "delta": 1.250316}}
{"target": -0.3578938390873203, "params": {"model__colsample_bylevel": 1.0, "model__colsample_bynode": 1.0, "model__colsample_bytree": 1.0, "model__learning_rate": 0.3, "model__max_depth": 3.145349702785835, "model__n_estimators": 30.0, "model__reg_lambda": 2.0980583630127274}, "datetime": {"datetime": "2021-03-27 18:14:45", "elapsed": 33.08837, "delta": 1.199484}}
{"target": -0.3823438906866679, "params": {"model__colsample_bylevel": 1.0, "model__colsample_bynode": 1.0, "model__colsample_bytree": 1.0, "model__learning_rate": 0.3, "model__max_depth": 2.0, "model__n_estimators": 15.0, "model__reg_lambda": 5.944483124844532}, "datetime": {"datetime": "2021-03-27 18:14:46", "elapsed": 34.390096, "delta": 1.301726}}
{"target": -0.33421864611251906, "params": {"model__colsample_bylevel": 0.46529822002734755, "model__colsample_bynode": 0.9278155169829974, "model__colsample_bytree": 0.4683232391191144, "model__learning_rate": 0.2853753443309025, "model__max_depth": 7.791902323033197, "model__n_estimators": 29.041259108744413, "model__reg_lambda": 3.2577673008473473}, "datetime": {"datetime": "2021-03-27 18:14:47", "elapsed": 35.617851, "delta": 1.227755}}
{"target": -0.332771734124306, "params": {"model__colsample_bylevel": 0.3, "model__colsample_bynode": 1.0, "model__colsample_bytree": 1.0, "model__learning_rate": 0.3, "model__max_depth": 5.428238925624876, "model__n_estimators": 24.857378064114435, "model__reg_lambda": 2.1175733765734175}, "datetime": {"datetime": "2021-03-27 18:14:48", "elapsed": 36.951041, "delta": 1.33319}}
{"target": -0.3265867557379997, "params": {"model__colsample_bylevel": 1.0, "model__colsample_bynode": 0.9999999996266344, "model__colsample_bytree": 0.3000000001030634, "model__learning_rate": 0.3, "model__max_depth": 2.0, "model__n_estimators": 29.99999999939953, "model__reg_lambda": 0.0}, "datetime": {"datetime": "2021-03-27 18:14:50", "elapsed": 38.292281, "delta": 1.34124}}
{"target": -0.3422385115574613, "params": {"model__colsample_bylevel": 0.3, "model__colsample_bynode": 1.0, "model__colsample_bytree": 1.0, "model__learning_rate": 0.3, "model__max_depth": 3.0694840654203333, "model__n_estimators": 28.757185007154817, "model__reg_lambda": 7.3244951345157805}, "datetime": {"datetime": "2021-03-27 18:14:51", "elapsed": 39.506126, "delta": 1.213845}}
{"target": -0.3684198796593895, "params": {"model__colsample_bylevel": 0.30949749537668136, "model__colsample_bynode": 0.5961788090967979, "model__colsample_bytree": 0.8069133514864244, "model__learning_rate": 0.26059712381766564, "model__max_depth": 7.971469633628416, "model__n_estimators": 29.959519588733524, "model__reg_lambda": 9.823291856735011}, "datetime": {"datetime": "2021-03-27 18:14:52", "elapsed": 40.936685, "delta": 1.430559}}
{"target": -0.3932731524226255, "params": {"model__colsample_bylevel": 0.3, "model__colsample_bynode": 0.6359782049966364, "model__colsample_bytree": 0.3, "model__learning_rate": 0.3, "model__max_depth": 6.019331728759444, "model__n_estimators": 19.550324047867747, "model__reg_lambda": 0.0}, "datetime": {"datetime": "2021-03-27 18:14:54", "elapsed": 42.254449, "delta": 1.317764}}
{"target": -0.34513185505664135, "params": {"model__colsample_bylevel": 1.0, "model__colsample_bynode": 1.0, "model__colsample_bytree": 1.0, "model__learning_rate": 0.3, "model__max_depth": 6.2712073637946135, "model__n_estimators": 19.555309145853112, "model__reg_lambda": 3.2672965559141582}, "datetime": {"datetime": "2021-03-27 18:14:55", "elapsed": 43.376509, "delta": 1.12206}}
{"target": -0.38367564206322036, "params": {"model__colsample_bylevel": 0.3, "model__colsample_bynode": 0.3, "model__colsample_bytree": 1.0, "model__learning_rate": 0.3, "model__max_depth": 8.0, "model__n_estimators": 20.25574195549519, "model__reg_lambda": 3.559418959211581}, "datetime": {"datetime": "2021-03-27 18:14:56", "elapsed": 44.462164, "delta": 1.085655}}
{"target": -0.3628713975039621, "params": {"model__colsample_bylevel": 1.0, "model__colsample_bynode": 1.0, "model__colsample_bytree": 1.0, "model__learning_rate": 0.3, "model__max_depth": 8.0, "model__n_estimators": 18.591287580124607, "model__reg_lambda": 10.0}, "datetime": {"datetime": "2021-03-27 18:14:57", "elapsed": 45.782037, "delta": 1.319873}}
{"target": -0.36182327090857036, "params": {"model__colsample_bylevel": 0.3, "model__colsample_bynode": 0.3, "model__colsample_bytree": 1.0, "model__learning_rate": 0.3, "model__max_depth": 2.650182061987255, "model__n_estimators": 27.42155588055453, "model__reg_lambda": 5.104078374631657}, "datetime": {"datetime": "2021-03-27 18:14:58", "elapsed": 47.030752, "delta": 1.248715}}
{"target": -0.32273956616991195, "params": {"model__colsample_bylevel": 0.9324659566819298, "model__colsample_bynode": 0.9684363815231591, "model__colsample_bytree": 0.6032037690289482, "model__learning_rate": 0.21473998912396974, "model__max_depth": 7.767312251182826, "model__n_estimators": 29.78315132476834, "model__reg_lambda": 0.577795964268053}, "datetime": {"datetime": "2021-03-27 18:15:00", "elapsed": 48.262035, "delta": 1.231283}}
{"target": -0.3797682779685904, "params": {"model__colsample_bylevel": 0.7567259227818695, "model__colsample_bynode": 0.30596862936998986, "model__colsample_bytree": 0.3056361362541665, "model__learning_rate": 0.24799468455411502, "model__max_depth": 7.0426068493649545, "model__n_estimators": 29.66677445636988, "model__reg_lambda": 8.178196440424387}, "datetime": {"datetime": "2021-03-27 18:15:01", "elapsed": 49.780018, "delta": 1.517983}}
{"target": -0.39699584682357325, "params": {"model__colsample_bylevel": 0.3682209896351104, "model__colsample_bynode": 0.4265799376592657, "model__colsample_bytree": 0.8325639549008903, "model__learning_rate": 0.2974243144321965, "model__max_depth": 2.3361371793540986, "model__n_estimators": 23.28514943527685, "model__reg_lambda": 6.855830548225088}, "datetime": {"datetime": "2021-03-27 18:15:02", "elapsed": 51.01484, "delta": 1.234822}}
{"target": -0.344297627026917, "params": {"model__colsample_bylevel": 0.3, "model__colsample_bynode": 1.0, "model__colsample_bytree": 1.0, "model__learning_rate": 0.3, "model__max_depth": 4.551794500603323, "model__n_estimators": 28.442206192856073, "model__reg_lambda": 3.748210442350746}, "datetime": {"datetime": "2021-03-27 18:15:04", "elapsed": 52.361635, "delta": 1.346795}}
{"target": -0.3914580056997205, "params": {"model__colsample_bylevel": 0.3, "model__colsample_bynode": 1.0, "model__colsample_bytree": 1.0, "model__learning_rate": 0.3, "model__max_depth": 5.864794591773041, "model__n_estimators": 15.0, "model__reg_lambda": 10.0}, "datetime": {"datetime": "2021-03-27 18:15:05", "elapsed": 53.902138, "delta": 1.540503}}
{"target": -0.3804282542426085, "params": {"model__colsample_bylevel": 0.3, "model__colsample_bynode": 1.0, "model__colsample_bytree": 1.0, "model__learning_rate": 0.3, "model__max_depth": 8.0, "model__n_estimators": 15.0, "model__reg_lambda": 8.144903162723699}, "datetime": {"datetime": "2021-03-27 18:15:06", "elapsed": 55.053526, "delta": 1.151388}}
{"target": -0.3559315790582965, "params": {"model__colsample_bylevel": 0.9966301909932123, "model__colsample_bynode": 0.5509205105135627, "model__colsample_bytree": 0.36531066532541245, "model__learning_rate": 0.2892032509908067, "model__max_depth": 7.96338264804741, "model__n_estimators": 29.699038990966585, "model__reg_lambda": 1.4254635569788388}, "datetime": {"datetime": "2021-03-27 18:15:08", "elapsed": 56.370641, "delta": 1.317115}}
{"target": -0.36393982093659755, "params": {"model__colsample_bylevel": 0.9581037634230838, "model__colsample_bynode": 0.8884728349781101, "model__colsample_bytree": 0.4421249063280497, "model__learning_rate": 0.29467945498465015, "model__max_depth": 2.374434362567918, "model__n_estimators": 29.886730864134805, "model__reg_lambda": 8.239590194388269}, "datetime": {"datetime": "2021-03-27 18:15:09", "elapsed": 57.74127, "delta": 1.370629}}
{"target": -0.33075528565956197, "params": {"model__colsample_bylevel": 1.0, "model__colsample_bynode": 1.0, "model__colsample_bytree": 1.0, "model__learning_rate": 0.3, "model__max_depth": 6.527022168610168, "model__n_estimators": 29.339257478379917, "model__reg_lambda": 8.799292407015576}, "datetime": {"datetime": "2021-03-27 18:15:10", "elapsed": 58.894469, "delta": 1.153199}}
{"target": -0.36108440764592553, "params": {"model__colsample_bylevel": 0.3174118413264038, "model__colsample_bynode": 0.91390748463437, "model__colsample_bytree": 0.48248575965715157, "model__learning_rate": 0.29396043183496295, "model__max_depth": 7.966648763399416, "model__n_estimators": 15.169385964117508, "model__reg_lambda": 1.4770020023591912}, "datetime": {"datetime": "2021-03-27 18:15:11", "elapsed": 60.010098, "delta": 1.115629}}
{"target": -0.39359987942582886, "params": {"model__colsample_bylevel": 0.9380095004395286, "model__colsample_bynode": 0.9550311699818608, "model__colsample_bytree": 0.31199194349588893, "model__learning_rate": 0.2904247141885832, "model__max_depth": 4.50022415242178, "model__n_estimators": 17.914017766858603, "model__reg_lambda": 0.7770454208769673}, "datetime": {"datetime": "2021-03-27 18:15:13", "elapsed": 61.341869, "delta": 1.331771}}
{"target": -0.33906376599097976, "params": {"model__colsample_bylevel": 0.895468269632405, "model__colsample_bynode": 0.48773992763222224, "model__colsample_bytree": 0.9819939549202412, "model__learning_rate": 0.27181554251473616, "model__max_depth": 2.034011694841367, "model__n_estimators": 19.051421458034486, "model__reg_lambda": 0.0074175905827456035}, "datetime": {"datetime": "2021-03-27 18:15:14", "elapsed": 62.707375, "delta": 1.365506}}
{"target": -0.372169949250478, "params": {"model__colsample_bylevel": 0.36951263897452996, "model__colsample_bynode": 0.8170901171700924, "model__colsample_bytree": 0.3186310394568863, "model__learning_rate": 0.2784102446535246, "model__max_depth": 7.785658965208594, "model__n_estimators": 29.66295753763894, "model__reg_lambda": 0.10965362331847972}, "datetime": {"datetime": "2021-03-27 18:15:15", "elapsed": 63.782612, "delta": 1.075237}}
{"target": -0.3529203816465494, "params": {"model__colsample_bylevel": 0.9911107463296975, "model__colsample_bynode": 0.83085304725141, "model__colsample_bytree": 0.9525986211454969, "model__learning_rate": 0.16963549886686308, "model__max_depth": 7.802337732399704, "model__n_estimators": 29.71367370847437, "model__reg_lambda": 3.19716811181737}, "datetime": {"datetime": "2021-03-27 18:15:16", "elapsed": 65.014306, "delta": 1.231694}}
{"target": -0.39210880278787685, "params": {"model__colsample_bylevel": 0.9723206075358652, "model__colsample_bynode": 0.9371923240695732, "model__colsample_bytree": 0.9031460691149253, "model__learning_rate": 0.27439291607100147, "model__max_depth": 6.351863664306925, "model__n_estimators": 25.048007946369623, "model__reg_lambda": 0.08642322011232162}, "datetime": {"datetime": "2021-03-27 18:15:18", "elapsed": 66.262661, "delta": 1.248355}}
{"target": -0.35153106624948915, "params": {"model__colsample_bylevel": 1.0, "model__colsample_bynode": 0.3, "model__colsample_bytree": 1.0, "model__learning_rate": 0.3, "model__max_depth": 8.0, "model__n_estimators": 28.16451003861014, "model__reg_lambda": 10.0}, "datetime": {"datetime": "2021-03-27 18:15:19", "elapsed": 67.440812, "delta": 1.178151}}
{"target": -0.38761162961482254, "params": {"model__colsample_bylevel": 0.3, "model__colsample_bynode": 0.3135179340841966, "model__colsample_bytree": 0.6205593096432467, "model__learning_rate": 0.3, "model__max_depth": 2.0, "model__n_estimators": 24.804947008332917, "model__reg_lambda": 0.0}, "datetime": {"datetime": "2021-03-27 18:15:20", "elapsed": 68.909476, "delta": 1.468664}}
{"target": -0.36077191046088186, "params": {"model__colsample_bylevel": 1.0, "model__colsample_bynode": 1.0, "model__colsample_bytree": 1.0, "model__learning_rate": 0.3, "model__max_depth": 3.2916242332649994, "model__n_estimators": 19.372873865392844, "model__reg_lambda": 10.0}, "datetime": {"datetime": "2021-03-27 18:15:22", "elapsed": 70.369213, "delta": 1.459737}}
{"target": -0.36452898633112946, "params": {"model__colsample_bylevel": 0.3, "model__colsample_bynode": 1.0, "model__colsample_bytree": 1.0, "model__learning_rate": 0.3, "model__max_depth": 4.261405590885579, "model__n_estimators": 15.0, "model__reg_lambda": 5.712770919822309}, "datetime": {"datetime": "2021-03-27 18:15:23", "elapsed": 71.645976, "delta": 1.276763}}
{"target": -0.3656737985167031, "params": {"model__colsample_bylevel": 0.3000000000507696, "model__colsample_bynode": 1.0, "model__colsample_bytree": 1.0, "model__learning_rate": 0.3, "model__max_depth": 2.0, "model__n_estimators": 15.0, "model__reg_lambda": 0.0}, "datetime": {"datetime": "2021-03-27 18:15:24", "elapsed": 72.798566, "delta": 1.15259}}
{"target": -0.3341124516810574, "params": {"model__colsample_bylevel": 0.5886223490226423, "model__colsample_bynode": 0.4164301173633471, "model__colsample_bytree": 0.9398573483472057, "model__learning_rate": 0.19433187590009504, "model__max_depth": 7.929580721324793, "model__n_estimators": 25.534543958685802, "model__reg_lambda": 1.7478400503222657}, "datetime": {"datetime": "2021-03-27 18:15:25", "elapsed": 73.997741, "delta": 1.199175}}
{"target": -0.3474786800879014, "params": {"model__colsample_bylevel": 0.3, "model__colsample_bynode": 1.0, "model__colsample_bytree": 1.0, "model__learning_rate": 0.3, "model__max_depth": 8.0, "model__n_estimators": 15.0, "model__reg_lambda": 2.820371597747577}, "datetime": {"datetime": "2021-03-27 18:15:27", "elapsed": 75.563197, "delta": 1.565456}}
{"target": -0.34361177328974, "params": {"model__colsample_bylevel": 1.0, "model__colsample_bynode": 0.3, "model__colsample_bytree": 1.0, "model__learning_rate": 0.3, "model__max_depth": 7.0898301052409725, "model__n_estimators": 25.41551874023334, "model__reg_lambda": 6.367135343911319}, "datetime": {"datetime": "2021-03-27 18:15:28", "elapsed": 76.835925, "delta": 1.272728}}
{"target": -0.3265343371085296, "params": {"model__colsample_bylevel": 1.0, "model__colsample_bynode": 1.0, "model__colsample_bytree": 1.0, "model__learning_rate": 0.3, "model__max_depth": 2.0000000000000595, "model__n_estimators": 22.88487099494046, "model__reg_lambda": 0.3777621090622198}, "datetime": {"datetime": "2021-03-27 18:15:30", "elapsed": 78.20985, "delta": 1.373925}}
{"target": -0.35913951228224283, "params": {"model__colsample_bylevel": 1.0, "model__colsample_bynode": 1.0, "model__colsample_bytree": 1.0, "model__learning_rate": 0.3, "model__max_depth": 8.0, "model__n_estimators": 15.0, "model__reg_lambda": 5.968071386832757}, "datetime": {"datetime": "2021-03-27 18:15:31", "elapsed": 79.478508, "delta": 1.268658}}
{"target": -0.35285280879343983, "params": {"model__colsample_bylevel": 0.3011750608757812, "model__colsample_bynode": 1.0, "model__colsample_bytree": 0.5014844471476881, "model__learning_rate": 0.3, "model__max_depth": 8.0, "model__n_estimators": 28.310188646962747, "model__reg_lambda": 7.259778522081586}, "datetime": {"datetime": "2021-03-27 18:15:32", "elapsed": 80.826439, "delta": 1.347931}}
{"target": -0.32938799925550877, "params": {"model__colsample_bylevel": 1.0, "model__colsample_bynode": 1.0, "model__colsample_bytree": 1.0, "model__learning_rate": 0.3, "model__max_depth": 2.0, "model__n_estimators": 17.14585196999833, "model__reg_lambda": 0.007990781839208233}, "datetime": {"datetime": "2021-03-27 18:15:34", "elapsed": 82.085809, "delta": 1.25937}}
{"target": -0.34669954810777437, "params": {"model__colsample_bylevel": 0.46686223363341023, "model__colsample_bynode": 0.8917804169134791, "model__colsample_bytree": 0.9645594497784227, "model__learning_rate": 0.29991236251084713, "model__max_depth": 4.163620197302034, "model__n_estimators": 21.84622223126024, "model__reg_lambda": 8.662038530407553}, "datetime": {"datetime": "2021-03-27 18:15:35", "elapsed": 83.442307, "delta": 1.356498}}
{"target": -0.3578021366260541, "params": {"model__colsample_bylevel": 0.3, "model__colsample_bynode": 0.6604376307860065, "model__colsample_bytree": 1.0, "model__learning_rate": 0.3, "model__max_depth": 5.865280344000362, "model__n_estimators": 25.82983314813148, "model__reg_lambda": 4.967337922282804}, "datetime": {"datetime": "2021-03-27 18:15:36", "elapsed": 84.577676, "delta": 1.135369}}
{"target": -0.37770241751787725, "params": {"model__colsample_bylevel": 0.8242022763143562, "model__colsample_bynode": 0.6631471947509754, "model__colsample_bytree": 0.39735722339891594, "model__learning_rate": 0.29323672621560637, "model__max_depth": 7.72529450581736, "model__n_estimators": 23.377298284600894, "model__reg_lambda": 4.275908839117292}, "datetime": {"datetime": "2021-03-27 18:15:37", "elapsed": 86.01851, "delta": 1.440834}}
{"target": -0.34451170896510663, "params": {"model__colsample_bylevel": 0.9684280098420128, "model__colsample_bynode": 0.7924070120485478, "model__colsample_bytree": 0.9924596431802584, "model__learning_rate": 0.2841185698312504, "model__max_depth": 5.978913516019943, "model__n_estimators": 29.43171003345115, "model__reg_lambda": 5.539335155353955}, "datetime": {"datetime": "2021-03-27 18:15:39", "elapsed": 87.425323, "delta": 1.406813}}
{"target": -0.4190687903702475, "params": {"model__colsample_bylevel": 0.3, "model__colsample_bynode": 0.3, "model__colsample_bytree": 1.0, "model__learning_rate": 0.3, "model__max_depth": 2.0, "model__n_estimators": 15.0, "model__reg_lambda": 5.859940286457683}, "datetime": {"datetime": "2021-03-27 18:15:40", "elapsed": 88.523937, "delta": 1.098614}}
{"target": -0.3459297160324438, "params": {"model__colsample_bylevel": 1.0, "model__colsample_bynode": 0.3, "model__colsample_bytree": 1.0, "model__learning_rate": 0.3, "model__max_depth": 4.761547838474904, "model__n_estimators": 27.80241957357841, "model__reg_lambda": 10.0}, "datetime": {"datetime": "2021-03-27 18:15:41", "elapsed": 89.879736, "delta": 1.355799}}
{"target": -0.36435777899417754, "params": {"model__colsample_bylevel": 1.0, "model__colsample_bynode": 0.3, "model__colsample_bytree": 1.0, "model__learning_rate": 0.3, "model__max_depth": 3.8516710800519696, "model__n_estimators": 21.122220894536614, "model__reg_lambda": 10.0}, "datetime": {"datetime": "2021-03-27 18:15:43", "elapsed": 91.283609, "delta": 1.403873}}
{"target": -0.33160955185809615, "params": {"model__colsample_bylevel": 0.35899192695605703, "model__colsample_bynode": 0.4871618745738723, "model__colsample_bytree": 0.9707514801165904, "model__learning_rate": 0.28722759880590043, "model__max_depth": 6.001031551903752, "model__n_estimators": 18.54168651263947, "model__reg_lambda": 1.170923171364675}, "datetime": {"datetime": "2021-03-27 18:15:44", "elapsed": 92.788535, "delta": 1.504926}}
{"target": -0.36272635402535836, "params": {"model__colsample_bylevel": 0.4443440628799613, "model__colsample_bynode": 0.8229686908266642, "model__colsample_bytree": 0.7258934584123198, "model__learning_rate": 0.24575510143696133, "model__max_depth": 7.9364969061295065, "model__n_estimators": 19.954103898195907, "model__reg_lambda": 1.2514389714636531}, "datetime": {"datetime": "2021-03-27 18:15:46", "elapsed": 94.353864, "delta": 1.565329}}
{"target": -0.3502136334226858, "params": {"model__colsample_bylevel": 0.3345424072775899, "model__colsample_bynode": 0.9933767363648109, "model__colsample_bytree": 0.4012695340156945, "model__learning_rate": 0.2647594932214941, "model__max_depth": 2.5751109030393575, "model__n_estimators": 28.459969577629565, "model__reg_lambda": 1.467412216099836}, "datetime": {"datetime": "2021-03-27 18:15:47", "elapsed": 95.604511, "delta": 1.250647}}
{"target": -0.3325577726758058, "params": {"model__colsample_bylevel": 0.999999997879872, "model__colsample_bynode": 0.3, "model__colsample_bytree": 1.0, "model__learning_rate": 0.3, "model__max_depth": 5.0976907470590564, "model__n_estimators": 19.81472077014128, "model__reg_lambda": 1.1812805155551844}, "datetime": {"datetime": "2021-03-27 18:15:48", "elapsed": 96.875577, "delta": 1.271066}}
{"target": -0.3237143970560282, "params": {"model__colsample_bylevel": 1.0, "model__colsample_bynode": 1.0, "model__colsample_bytree": 0.9001690101777515, "model__learning_rate": 0.3, "model__max_depth": 2.0, "model__n_estimators": 27.48576882593555, "model__reg_lambda": 3.398575943302809}, "datetime": {"datetime": "2021-03-27 18:15:49", "elapsed": 98.033963, "delta": 1.158386}}
{"target": -0.32711920762987995, "params": {"model__colsample_bylevel": 1.0, "model__colsample_bynode": 1.0, "model__colsample_bytree": 1.0, "model__learning_rate": 0.3, "model__max_depth": 8.0, "model__n_estimators": 26.65286240506461, "model__reg_lambda": 6.752615940133555}, "datetime": {"datetime": "2021-03-27 18:15:51", "elapsed": 99.24876, "delta": 1.214797}}
