{"target": -0.38228304193530616, "params": {"model__colsample_bylevel": 0.3, "model__colsample_bynode": 1.0, "model__colsample_bytree": 1.0, "model__learning_rate": 0.3, "model__max_depth": 8.0, "model__n_estimators": 16.85571329773471, "model__reg_lambda": 10.0}, "datetime": {"datetime": "2021-03-27 18:17:02", "elapsed": 170.738407, "delta": 1.40176}}
{"target": -0.31682275629727225, "params": {"model__colsample_bylevel": 0.41224072512304966, "model__colsample_bynode": 0.5054757802394962, "model__colsample_bytree": 0.9730132208974596, "model__learning_rate": 0.2967398264213681, "model__max_depth": 4.03347476804897, "model__n_estimators": 24.044411344129458, "model__reg_lambda": 0.04214451335849079}, "datetime": {"datetime": "2021-03-27 18:17:04", "elapsed": 172.673705, "delta": 1.935298}}
{"target": -0.37681255889921517, "params": {"model__colsample_bylevel": 0.3, "model__colsample_bynode": 1.0, "model__colsample_bytree": 1.0, "model__learning_rate": 0.3, "model__max_depth": 2.0, "model__n_estimators": 24.75087146686196, "model__reg_lambda": 10.0}, "datetime": {"datetime": "2021-03-27 18:17:05", "elapsed": 173.989015, "delta": 1.31531}}
{"target": -0.3647083056010846, "params": {"model__colsample_bylevel": 0.9899656318967118, "model__colsample_bynode": 0.3248322037315668, "model__colsample_bytree": 0.4587456523859489, "model__learning_rate": 0.22877441808120538, "model__max_depth": 2.046117843461534, "model__n_estimators": 29.602255296818495, "model__reg_lambda": 0.04332290382339621}, "datetime": {"datetime": "2021-03-27 18:17:07", "elapsed": 175.309906, "delta": 1.320891}}
{"target": -0.38115197610029056, "params": {"model__colsample_bylevel": 0.39828126066573366, "model__colsample_bynode": 0.9357958115170266, "model__colsample_bytree": 0.43553297353109205, "model__learning_rate": 0.295779095863213, "model__max_depth": 4.177688048076151, "model__n_estimators": 21.727992802082348, "model__reg_lambda": 9.875375592426682}, "datetime": {"datetime": "2021-03-27 18:17:08", "elapsed": 176.920326, "delta": 1.61042}}
{"target": -0.351564624211481, "params": {"model__colsample_bylevel": 0.5724481282392344, "model__colsample_bynode": 0.877529596804504, "model__colsample_bytree": 0.9831171874037414, "model__learning_rate": 0.2868231818554797, "model__max_depth": 2.1495909948111582, "model__n_estimators": 24.953019901841603, "model__reg_lambda": 5.494959579110869}, "datetime": {"datetime": "2021-03-27 18:17:10", "elapsed": 178.58217, "delta": 1.661844}}
{"target": -0.33656979004373316, "params": {"model__colsample_bylevel": 0.9998732238684294, "model__colsample_bynode": 0.9751477594875737, "model__colsample_bytree": 0.9944241072308893, "model__learning_rate": 0.28684177928601295, "model__max_depth": 6.254072960621022, "model__n_estimators": 27.578915131541187, "model__reg_lambda": 9.976580709038702}, "datetime": {"datetime": "2021-03-27 18:17:12", "elapsed": 180.176468, "delta": 1.594298}}
{"target": -0.3370550327313443, "params": {"model__colsample_bylevel": 0.3, "model__colsample_bynode": 1.0, "model__colsample_bytree": 1.0, "model__learning_rate": 0.3, "model__max_depth": 5.337064182583202, "model__n_estimators": 17.895058035878055, "model__reg_lambda": 3.102553586231854}, "datetime": {"datetime": "2021-03-27 18:17:13", "elapsed": 181.49924, "delta": 1.322772}}
{"target": -0.3395424895005409, "params": {"model__colsample_bylevel": 0.9547735004133034, "model__colsample_bynode": 1.0, "model__colsample_bytree": 1.0, "model__learning_rate": 0.3, "model__max_depth": 8.0, "model__n_estimators": 28.674409302668426, "model__reg_lambda": 8.83633253047132}, "datetime": {"datetime": "2021-03-27 18:17:14", "elapsed": 183.021657, "delta": 1.522417}}
{"target": -0.3563779431462719, "params": {"model__colsample_bylevel": 1.0, "model__colsample_bynode": 1.0, "model__colsample_bytree": 1.0, "model__learning_rate": 0.3, "model__max_depth": 8.0, "model__n_estimators": 16.584758914526848, "model__reg_lambda": 4.020927518331478}, "datetime": {"datetime": "2021-03-27 18:17:16", "elapsed": 184.553507, "delta": 1.53185}}
{"target": -0.3567157902808833, "params": {"model__colsample_bylevel": 1.0, "model__colsample_bynode": 1.0, "model__colsample_bytree": 1.0, "model__learning_rate": 0.3, "model__max_depth": 2.0000000156383884, "model__n_estimators": 27.450078910285896, "model__reg_lambda": 9.130813666392662}, "datetime": {"datetime": "2021-03-27 18:17:17", "elapsed": 185.966138, "delta": 1.412631}}
{"target": -0.37738976867707524, "params": {"model__colsample_bylevel": 1.0, "model__colsample_bynode": 0.3, "model__colsample_bytree": 1.0, "model__learning_rate": 0.3, "model__max_depth": 5.467160754278935, "model__n_estimators": 16.58326017008078, "model__reg_lambda": 10.0}, "datetime": {"datetime": "2021-03-27 18:17:19", "elapsed": 187.468175, "delta": 1.502037}}
{"target": -0.34093304654605266, "params": {"model__colsample_bylevel": 0.7139575638092263, "model__colsample_bynode": 1.0, "model__colsample_bytree": 1.0, "model__learning_rate": 0.3, "model__max_depth": 2.9670958627736392, "model__n_estimators": 18.9668086967124, "model__reg_lambda": 0.6047445106601537}, "datetime": {"datetime": "2021-03-27 18:17:20", "elapsed": 188.946023, "delta": 1.477848}}
{"target": -0.366251725335462, "params": {"model__colsample_bylevel": 0.9427200952501456, "model__colsample_bynode": 0.9728026451280083, "model__colsample_bytree": 0.9491180185179804, "model__learning_rate": 0.27789204627821723, "model__max_depth": 3.173573688630186, "model__n_estimators": 29.992231651072814, "model__reg_lambda": 0.2805027449965858}, "datetime": {"datetime": "2021-03-27 18:17:22", "elapsed": 190.277439, "delta": 1.331416}}
{"target": -0.3761197593893208, "params": {"model__colsample_bylevel": 0.3, "model__colsample_bynode": 0.6120638029861005, "model__colsample_bytree": 0.3, "model__learning_rate": 0.2999999993375781, "model__max_depth": 3.903818189182238, "model__n_estimators": 26.711388813695734, "model__reg_lambda": 0.0}, "datetime": {"datetime": "2021-03-27 18:17:23", "elapsed": 191.731099, "delta": 1.45366}}
{"target": -0.36158943921260106, "params": {"model__colsample_bylevel": 0.4682782142708807, "model__colsample_bynode": 0.565941372691307, "model__colsample_bytree": 0.3166324017743324, "model__learning_rate": 0.2315841567142457, "model__max_depth": 4.797110672564707, "model__n_estimators": 29.782572033260678, "model__reg_lambda": 2.3723084570287014}, "datetime": {"datetime": "2021-03-27 18:17:25", "elapsed": 193.317217, "delta": 1.586118}}
{"target": -0.3677116397302598, "params": {"model__colsample_bylevel": 1.0, "model__colsample_bynode": 0.3, "model__colsample_bytree": 1.0, "model__learning_rate": 0.3, "model__max_depth": 5.2602730711803325, "model__n_estimators": 15.0, "model__reg_lambda": 5.406699187377878}, "datetime": {"datetime": "2021-03-27 18:17:26", "elapsed": 194.693616, "delta": 1.376399}}
{"target": -0.3468662649644471, "params": {"model__colsample_bylevel": 0.923242192756177, "model__colsample_bynode": 1.0, "model__colsample_bytree": 1.0, "model__learning_rate": 0.3, "model__max_depth": 2.846276806239334, "model__n_estimators": 28.697364172832142, "model__reg_lambda": 4.703483060180169}, "datetime": {"datetime": "2021-03-27 18:17:28", "elapsed": 196.453431, "delta": 1.759815}}
{"target": -0.33797757136669226, "params": {"model__colsample_bylevel": 0.45819104215574435, "model__colsample_bynode": 0.3140363971714983, "model__colsample_bytree": 0.9075486429540496, "model__learning_rate": 0.27405127986937916, "model__max_depth": 5.292555118253453, "model__n_estimators": 28.86698180554697, "model__reg_lambda": 7.486197879431316}, "datetime": {"datetime": "2021-03-27 18:17:29", "elapsed": 197.857916, "delta": 1.404485}}
{"target": -0.34333967107611346, "params": {"model__colsample_bylevel": 0.6514321587529792, "model__colsample_bynode": 0.9908840004462056, "model__colsample_bytree": 0.991637503711243, "model__learning_rate": 0.2932336944866064, "model__max_depth": 5.3599581870501085, "model__n_estimators": 22.16969882097076, "model__reg_lambda": 5.978933538217569}, "datetime": {"datetime": "2021-03-27 18:17:31", "elapsed": 199.327644, "delta": 1.469728}}
{"target": -0.33570833684306295, "params": {"model__colsample_bylevel": 0.3044579681218939, "model__colsample_bynode": 0.5473914117999286, "model__colsample_bytree": 0.9813671284733776, "model__learning_rate": 0.28951772901246786, "model__max_depth": 5.279402800605112, "model__n_estimators": 22.45900783811647, "model__reg_lambda": 0.45591459068753504}, "datetime": {"datetime": "2021-03-27 18:17:32", "elapsed": 200.937049, "delta": 1.609405}}
{"target": -0.34895510910588406, "params": {"model__colsample_bylevel": 0.30071457012656805, "model__colsample_bynode": 1.0, "model__colsample_bytree": 1.0, "model__learning_rate": 0.2999999999604067, "model__max_depth": 2.000000000204446, "model__n_estimators": 25.125879638585143, "model__reg_lambda": 0.0}, "datetime": {"datetime": "2021-03-27 18:17:34", "elapsed": 202.2878, "delta": 1.350751}}
{"target": -0.33760098860146937, "params": {"model__colsample_bylevel": 0.3855294198937025, "model__colsample_bynode": 0.7827453428508886, "model__colsample_bytree": 0.9999999973968302, "model__learning_rate": 0.3, "model__max_depth": 7.578361562993626, "model__n_estimators": 29.315216305114202, "model__reg_lambda": 5.306356151722152}, "datetime": {"datetime": "2021-03-27 18:17:35", "elapsed": 203.852016, "delta": 1.564216}}
{"target": -0.36173253199532696, "params": {"model__colsample_bylevel": 0.3, "model__colsample_bynode": 1.0, "model__colsample_bytree": 1.0, "model__learning_rate": 0.3, "model__max_depth": 5.960423936884434, "model__n_estimators": 16.82451334581543, "model__reg_lambda": 1.5272887653441754e-09}, "datetime": {"datetime": "2021-03-27 18:17:37", "elapsed": 205.822189, "delta": 1.970173}}
{"target": -0.4051902960878763, "params": {"model__colsample_bylevel": 0.32136567631482543, "model__colsample_bynode": 0.4940484724451784, "model__colsample_bytree": 1.0, "model__learning_rate": 0.3, "model__max_depth": 6.122784288012475, "model__n_estimators": 21.07777343096464, "model__reg_lambda": 0.0}, "datetime": {"datetime": "2021-03-27 18:17:39", "elapsed": 207.647775, "delta": 1.825586}}
{"target": -0.33184625158935066, "params": {"model__colsample_bylevel": 0.9266848651791979, "model__colsample_bynode": 0.35682959167206474, "model__colsample_bytree": 0.8741253871850068, "model__learning_rate": 0.25301809467666514, "model__max_depth": 7.98659401773891, "model__n_estimators": 20.302876068302638, "model__reg_lambda": 0.12881972215710968}, "datetime": {"datetime": "2021-03-27 18:17:40", "elapsed": 208.983244, "delta": 1.335469}}
{"target": -0.3540187562829343, "params": {"model__colsample_bylevel": 0.9830773730246444, "model__colsample_bynode": 0.9082618685305772, "model__colsample_bytree": 1.0, "model__learning_rate": 0.3, "model__max_depth": 5.009049228517318, "model__n_estimators": 22.47194767458464, "model__reg_lambda": 3.292242895223871}, "datetime": {"datetime": "2021-03-27 18:17:42", "elapsed": 210.443343, "delta": 1.460099}}
{"target": -0.3800231595928579, "params": {"model__colsample_bylevel": 0.3, "model__colsample_bynode": 0.3, "model__colsample_bytree": 1.0, "model__learning_rate": 0.3, "model__max_depth": 5.660624232553957, "model__n_estimators": 18.45927608009179, "model__reg_lambda": 4.910242956731634}, "datetime": {"datetime": "2021-03-27 18:17:44", "elapsed": 212.276324, "delta": 1.832981}}
{"target": -0.33861156002115594, "params": {"model__colsample_bylevel": 0.9078836682984723, "model__colsample_bynode": 0.9723290886576126, "model__colsample_bytree": 0.9907167660325542, "model__learning_rate": 0.28822855409149484, "model__max_depth": 2.012036876477471, "model__n_estimators": 28.250493422073053, "model__reg_lambda": 1.1318776027877209}, "datetime": {"datetime": "2021-03-27 18:17:45", "elapsed": 214.012277, "delta": 1.735953}}
{"target": -0.3123316323784504, "params": {"model__colsample_bylevel": 0.30190105587607174, "model__colsample_bynode": 0.8104261694678334, "model__colsample_bytree": 0.9777885693483175, "model__learning_rate": 0.29029813135191523, "model__max_depth": 4.298695523885256, "model__n_estimators": 23.618579497263152, "model__reg_lambda": 1.1629999636510746}, "datetime": {"datetime": "2021-03-27 18:17:47", "elapsed": 215.836211, "delta": 1.823934}}
{"target": -0.37959901347142255, "params": {"model__colsample_bylevel": 0.3, "model__colsample_bynode": 0.9720674288730087, "model__colsample_bytree": 1.0, "model__learning_rate": 0.3, "model__max_depth": 4.934550039406952, "model__n_estimators": 18.50319018008262, "model__reg_lambda": 1.1762212665519935}, "datetime": {"datetime": "2021-03-27 18:17:49", "elapsed": 217.273344, "delta": 1.437133}}
{"target": -0.33783868922129867, "params": {"model__colsample_bylevel": 0.9377879222432705, "model__colsample_bynode": 1.0, "model__colsample_bytree": 1.0, "model__learning_rate": 0.3, "model__max_depth": 3.8382857282411607, "model__n_estimators": 24.267274170267186, "model__reg_lambda": 7.489089392977487}, "datetime": {"datetime": "2021-03-27 18:17:50", "elapsed": 218.909797, "delta": 1.636453}}
{"target": -0.3797499623122638, "params": {"model__colsample_bylevel": 0.3, "model__colsample_bynode": 0.3, "model__colsample_bytree": 0.3, "model__learning_rate": 0.3, "model__max_depth": 5.2957442207897, "model__n_estimators": 18.98089866466589, "model__reg_lambda": 2.5429018975301587}, "datetime": {"datetime": "2021-03-27 18:17:52", "elapsed": 220.491079, "delta": 1.581282}}
{"target": -0.3952116418926828, "params": {"model__colsample_bylevel": 0.7775402224783319, "model__colsample_bynode": 0.33768430600349064, "model__colsample_bytree": 0.9892988664340783, "model__learning_rate": 0.1475391756517874, "model__max_depth": 6.030700636885118, "model__n_estimators": 18.00028406138432, "model__reg_lambda": 2.3178393725138333}, "datetime": {"datetime": "2021-03-27 18:17:54", "elapsed": 222.20541, "delta": 1.714331}}
{"target": -0.36648138302742783, "params": {"model__colsample_bylevel": 0.48348070533485843, "model__colsample_bynode": 0.3412465816494573, "model__colsample_bytree": 0.9387724912077284, "model__learning_rate": 0.13775106593131684, "model__max_depth": 4.932362660733656, "model__n_estimators": 17.729363797123266, "model__reg_lambda": 0.11559603162572762}, "datetime": {"datetime": "2021-03-27 18:17:55", "elapsed": 223.758826, "delta": 1.553416}}
{"target": -0.38576171014700894, "params": {"model__colsample_bylevel": 0.5306194147126598, "model__colsample_bynode": 1.0, "model__colsample_bytree": 0.3, "model__learning_rate": 0.3, "model__max_depth": 3.2055072777421474, "model__n_estimators": 22.54552141189417, "model__reg_lambda": 7.30795644155936}, "datetime": {"datetime": "2021-03-27 18:17:57", "elapsed": 225.413408, "delta": 1.654582}}
{"target": -0.35863375425679556, "params": {"model__colsample_bylevel": 0.5636575535653549, "model__colsample_bynode": 0.30000000556681095, "model__colsample_bytree": 1.0, "model__learning_rate": 0.3, "model__max_depth": 7.8832648514578665, "model__n_estimators": 25.4199687678002, "model__reg_lambda": 0.37694623486265255}, "datetime": {"datetime": "2021-03-27 18:17:59", "elapsed": 227.263923, "delta": 1.850515}}
{"target": -0.40795330210602365, "params": {"model__colsample_bylevel": 1.0, "model__colsample_bynode": 0.3, "model__colsample_bytree": 0.3, "model__learning_rate": 0.3, "model__max_depth": 8.0, "model__n_estimators": 19.944220615657517, "model__reg_lambda": 10.0}, "datetime": {"datetime": "2021-03-27 18:18:00", "elapsed": 228.978405, "delta": 1.714482}}
{"target": -0.4120951815315125, "params": {"model__colsample_bylevel": 1.0, "model__colsample_bynode": 1.0, "model__colsample_bytree": 1.0, "model__learning_rate": 0.3, "model__max_depth": 8.0, "model__n_estimators": 21.519274931484745, "model__reg_lambda": 0.0}, "datetime": {"datetime": "2021-03-27 18:18:02", "elapsed": 230.631302, "delta": 1.652897}}
{"target": -0.34737691950538885, "params": {"model__colsample_bylevel": 0.989777298626755, "model__colsample_bynode": 0.3706897418986687, "model__colsample_bytree": 0.5616556766279741, "model__learning_rate": 0.2547559014386551, "model__max_depth": 7.023660844775177, "model__n_estimators": 20.07131790571363, "model__reg_lambda": 1.216280094722646}, "datetime": {"datetime": "2021-03-27 18:18:04", "elapsed": 232.384316, "delta": 1.753014}}
{"target": -0.36041821064629953, "params": {"model__colsample_bylevel": 0.3, "model__colsample_bynode": 1.0, "model__colsample_bytree": 0.7663440836860229, "model__learning_rate": 0.3, "model__max_depth": 8.0, "model__n_estimators": 20.899587705546676, "model__reg_lambda": 6.260316566608471}, "datetime": {"datetime": "2021-03-27 18:18:05", "elapsed": 233.881638, "delta": 1.497322}}
{"target": -0.3731514129133058, "params": {"model__colsample_bylevel": 0.3, "model__colsample_bynode": 1.0, "model__colsample_bytree": 1.0, "model__learning_rate": 0.3, "model__max_depth": 4.57710876889417, "model__n_estimators": 17.968535858176896, "model__reg_lambda": 10.0}, "datetime": {"datetime": "2021-03-27 18:18:07", "elapsed": 235.75205, "delta": 1.870412}}
{"target": -0.34753287943768435, "params": {"model__colsample_bylevel": 1.0, "model__colsample_bynode": 1.0, "model__colsample_bytree": 1.0, "model__learning_rate": 0.3, "model__max_depth": 6.038019478911788, "model__n_estimators": 23.974714493131778, "model__reg_lambda": 7.622954323814073}, "datetime": {"datetime": "2021-03-27 18:18:09", "elapsed": 237.664032, "delta": 1.911982}}
{"target": -0.324408375455296, "params": {"model__colsample_bylevel": 0.999999987100493, "model__colsample_bynode": 0.3, "model__colsample_bytree": 1.0, "model__learning_rate": 0.3, "model__max_depth": 7.486731829228178, "model__n_estimators": 23.067981196916037, "model__reg_lambda": 2.842558949540227}, "datetime": {"datetime": "2021-03-27 18:18:11", "elapsed": 239.607449, "delta": 1.943417}}
{"target": -0.41457184928914775, "params": {"model__colsample_bylevel": 0.5660268999335824, "model__colsample_bynode": 0.7234249642606755, "model__colsample_bytree": 0.3364033589305899, "model__learning_rate": 0.29993073255809966, "model__max_depth": 2.485037545836221, "model__n_estimators": 15.197276231885018, "model__reg_lambda": 7.311572661805159}, "datetime": {"datetime": "2021-03-27 18:18:13", "elapsed": 241.356476, "delta": 1.749027}}
{"target": -0.3999255422097833, "params": {"model__colsample_bylevel": 0.3, "model__colsample_bynode": 0.3, "model__colsample_bytree": 1.0, "model__learning_rate": 0.3, "model__max_depth": 6.2891190574048474, "model__n_estimators": 15.0, "model__reg_lambda": 7.934484589532771}, "datetime": {"datetime": "2021-03-27 18:18:14", "elapsed": 243.046238, "delta": 1.689762}}
{"target": -0.3841772000143385, "params": {"model__colsample_bylevel": 0.3, "model__colsample_bynode": 1.0, "model__colsample_bytree": 0.3, "model__learning_rate": 0.3, "model__max_depth": 4.376725322279735, "model__n_estimators": 27.429341761406665, "model__reg_lambda": 10.0}, "datetime": {"datetime": "2021-03-27 18:18:16", "elapsed": 244.552249, "delta": 1.506011}}
{"target": -0.33908616868286406, "params": {"model__colsample_bylevel": 0.5107607954632256, "model__colsample_bynode": 1.0, "model__colsample_bytree": 1.0, "model__learning_rate": 0.3, "model__max_depth": 4.291798681422063, "model__n_estimators": 27.210558649640642, "model__reg_lambda": 7.746178069053157}, "datetime": {"datetime": "2021-03-27 18:18:18", "elapsed": 246.221277, "delta": 1.669028}}
{"target": -0.3343201017496513, "params": {"model__colsample_bylevel": 0.998106997874411, "model__colsample_bynode": 0.911704869535259, "model__colsample_bytree": 0.9837831711683154, "model__learning_rate": 0.29939938005462774, "model__max_depth": 4.381736476690077, "model__n_estimators": 29.937520677667905, "model__reg_lambda": 4.2310815612986765}, "datetime": {"datetime": "2021-03-27 18:18:19", "elapsed": 247.985127, "delta": 1.76385}}
{"target": -0.3957140512710464, "params": {"model__colsample_bylevel": 0.3, "model__colsample_bynode": 1.0, "model__colsample_bytree": 0.3, "model__learning_rate": 0.3, "model__max_depth": 8.0, "model__n_estimators": 23.410451623232845, "model__reg_lambda": 8.738717588499922}, "datetime": {"datetime": "2021-03-27 18:18:22", "elapsed": 250.139013, "delta": 2.153886}}
{"target": -0.3426214001799488, "params": {"model__colsample_bylevel": 1.0, "model__colsample_bynode": 1.0, "model__colsample_bytree": 1.0, "model__learning_rate": 0.3, "model__max_depth": 2.0, "model__n_estimators": 20.615897857694815, "model__reg_lambda": 2.9752707657634505}, "datetime": {"datetime": "2021-03-27 18:18:23", "elapsed": 251.50087, "delta": 1.361857}}
{"target": -0.3621187193165246, "params": {"model__colsample_bylevel": 0.36915006288726904, "model__colsample_bynode": 0.9416949617998882, "model__colsample_bytree": 0.5142255627235452, "model__learning_rate": 0.2950757277841023, "model__max_depth": 4.381624611779911, "model__n_estimators": 22.901325062252205, "model__reg_lambda": 0.3693949015906539}, "datetime": {"datetime": "2021-03-27 18:18:25", "elapsed": 253.4813, "delta": 1.98043}}
{"target": -0.3438645982316803, "params": {"model__colsample_bylevel": 0.5997793189161265, "model__colsample_bynode": 0.39747429881487806, "model__colsample_bytree": 0.8471426134734332, "model__learning_rate": 0.291577914546886, "model__max_depth": 5.807722915567432, "model__n_estimators": 22.854238971591847, "model__reg_lambda": 1.9970338381625297}, "datetime": {"datetime": "2021-03-27 18:18:27", "elapsed": 255.221965, "delta": 1.740665}}
