{"target": -0.3223320465403325, "params": {"model__colsample_bylevel": 0.38744399249655714, "model__colsample_bynode": 0.9727619881588576, "model__colsample_bytree": 0.9558420499149305, "model__learning_rate": 0.2890270761877959, "model__max_depth": 7.039183219624894, "model__n_estimators": 23.60614232003747, "model__reg_lambda": 4.750859276881658}, "datetime": {"datetime": "2021-03-27 18:18:29", "elapsed": 257.367153, "delta": 2.145188}}
{"target": -0.37163802429061865, "params": {"model__colsample_bylevel": 1.0, "model__colsample_bynode": 0.4902409784564821, "model__colsample_bytree": 0.3, "model__learning_rate": 0.3, "model__max_depth": 2.458801676123297, "model__n_estimators": 19.870926754002017, "model__reg_lambda": 1.8249510383169145}, "datetime": {"datetime": "2021-03-27 18:18:31", "elapsed": 259.213158, "delta": 1.846005}}
{"target": -0.35326769030146793, "params": {"model__colsample_bylevel": 1.0, "model__colsample_bynode": 1.0, "model__colsample_bytree": 1.0, "model__learning_rate": 0.3, "model__max_depth": 2.0, "model__n_estimators": 23.95313267273519, "model__reg_lambda": 8.690153930861372}, "datetime": {"datetime": "2021-03-27 18:18:32", "elapsed": 260.974309, "delta": 1.761151}}
{"target": -0.3495780824923186, "params": {"model__colsample_bylevel": 0.8280301397192258, "model__colsample_bynode": 0.33109797757127174, "model__colsample_bytree": 0.9949762562229532, "model__learning_rate": 0.2982322506118218, "model__max_depth": 7.354434811870958, "model__n_estimators": 26.83722949712388, "model__reg_lambda": 7.8465825282139505}, "datetime": {"datetime": "2021-03-27 18:18:34", "elapsed": 262.363301, "delta": 1.388992}}
{"target": -0.43221556809646466, "params": {"model__colsample_bylevel": 1.0, "model__colsample_bynode": 0.3, "model__colsample_bytree": 0.3, "model__learning_rate": 0.3, "model__max_depth": 8.0, "model__n_estimators": 15.0, "model__reg_lambda": 0.0}, "datetime": {"datetime": "2021-03-27 18:18:36", "elapsed": 264.241414, "delta": 1.878113}}
{"target": -0.31796454985868994, "params": {"model__colsample_bylevel": 0.30969051892380883, "model__colsample_bynode": 0.984864729018404, "model__colsample_bytree": 0.9191701085203008, "model__learning_rate": 0.2882419910140288, "model__max_depth": 7.322980245276465, "model__n_estimators": 29.878120653021107, "model__reg_lambda": 6.883295991416256}, "datetime": {"datetime": "2021-03-27 18:18:37", "elapsed": 266.016623, "delta": 1.775209}}
{"target": -0.35148095568495236, "params": {"model__colsample_bylevel": 0.7044633805384699, "model__colsample_bynode": 0.987486858108045, "model__colsample_bytree": 0.8266588282496238, "model__learning_rate": 0.3, "model__max_depth": 3.119591623217303, "model__n_estimators": 28.529184851941274, "model__reg_lambda": 0.0}, "datetime": {"datetime": "2021-03-27 18:18:39", "elapsed": 267.743112, "delta": 1.726489}}
{"target": -0.37587374134016216, "params": {"model__colsample_bylevel": 0.3035916678466667, "model__colsample_bynode": 0.95391296548695, "model__colsample_bytree": 0.32204238661104423, "model__learning_rate": 0.2941369399136733, "model__max_depth": 5.706659382285683, "model__n_estimators": 29.89074873942581, "model__reg_lambda": 8.729818234295308}, "datetime": {"datetime": "2021-03-27 18:18:41", "elapsed": 269.351609, "delta": 1.608497}}
{"target": -0.3734607616942241, "params": {"model__colsample_bylevel": 0.3, "model__colsample_bynode": 1.0, "model__colsample_bytree": 1.0, "model__learning_rate": 0.3, "model__max_depth": 2.0, "model__n_estimators": 25.28467074750383, "model__reg_lambda": 7.6027443592430295}, "datetime": {"datetime": "2021-03-27 18:18:43", "elapsed": 271.174981, "delta": 1.823372}}
{"target": -0.3536806901103641, "params": {"model__colsample_bylevel": 0.9808783232741869, "model__colsample_bynode": 0.4202163756184879, "model__colsample_bytree": 0.5852203263522807, "model__learning_rate": 0.2561367416678618, "model__max_depth": 7.865290984679049, "model__n_estimators": 24.576124647482395, "model__reg_lambda": 1.7496328803438599}, "datetime": {"datetime": "2021-03-27 18:18:44", "elapsed": 272.80809, "delta": 1.633109}}
