{"target": -0.35987438473182365, "params": {"model__colsample_bylevel": 0.8598493484482015, "model__colsample_bynode": 0.6132215091574345, "model__colsample_bytree": 0.41608734450929086, "model__learning_rate": 0.28161769996720365, "model__max_depth": 4.0, "model__n_estimators": 29.0, "model__reg_lambda": 5.040994016933976}, "datetime": {"datetime": "2021-03-27 18:14:11", "elapsed": 0.0, "delta": 0.0}}
{"target": -0.3632000643626679, "params": {"model__colsample_bylevel": 0.9684499605391264, "model__colsample_bynode": 0.3074615603191512, "model__colsample_bytree": 0.936507101042539, "model__learning_rate": 0.2991598302746342, "model__max_depth": 3.0, "model__n_estimators": 23.0, "model__reg_lambda": 0.6151427344654614}, "datetime": {"datetime": "2021-03-27 18:14:11", "elapsed": 0.063587, "delta": 0.063587}}
{"target": -0.349024139470134, "params": {"model__colsample_bylevel": 0.8953808837040635, "model__colsample_bynode": 0.9880629918400246, "model__colsample_bytree": 0.41103401095709896, "model__learning_rate": 0.29188182583914923, "model__max_depth": 4.0, "model__n_estimators": 25.0, "model__reg_lambda": 0.5582250077297413}, "datetime": {"datetime": "2021-03-27 18:14:12", "elapsed": 0.122272, "delta": 0.058685}}
{"target": -0.3454469506986493, "params": {"model__colsample_bylevel": 0.3601076721383074, "model__colsample_bynode": 0.8443875992877059, "model__colsample_bytree": 0.9685631978952969, "model__learning_rate": 0.29235101181699397, "model__max_depth": 2.0, "model__n_estimators": 29.0, "model__reg_lambda": 3.2364643163195996}, "datetime": {"datetime": "2021-03-27 18:14:12", "elapsed": 0.182412, "delta": 0.06014}}
{"target": -0.31865646875047116, "params": {"model__colsample_bylevel": 0.9616439492337072, "model__colsample_bynode": 0.3, "model__colsample_bytree": 1.0, "model__learning_rate": 0.3, "model__max_depth": 3.0, "model__n_estimators": 30.0, "model__reg_lambda": 4.3271656751383186e-09}, "datetime": {"datetime": "2021-03-27 18:14:12", "elapsed": 0.237806, "delta": 0.055394}}
{"target": -0.3488088655978546, "params": {"model__colsample_bylevel": 0.9962133504999264, "model__colsample_bynode": 0.9826091851993903, "model__colsample_bytree": 0.5282500943121311, "model__learning_rate": 0.29021999747645855, "model__max_depth": 3.0, "model__n_estimators": 23.0, "model__reg_lambda": 0.10693130307365406}, "datetime": {"datetime": "2021-03-27 18:14:12", "elapsed": 0.295902, "delta": 0.058096}}
{"target": -0.32849777625516, "params": {"model__colsample_bylevel": 1.0, "model__colsample_bynode": 1.0, "model__colsample_bytree": 0.3, "model__learning_rate": 0.3, "model__max_depth": 2.0, "model__n_estimators": 28.0, "model__reg_lambda": 0.0}, "datetime": {"datetime": "2021-03-27 18:14:12", "elapsed": 0.358601, "delta": 0.062699}}
{"target": -0.31760439930552875, "params": {"model__colsample_bylevel": 0.7861070744351207, "model__colsample_bynode": 0.8774093251503836, "model__colsample_bytree": 0.6259679327570861, "model__learning_rate": 0.28810488190533123, "model__max_depth": 7.0, "model__n_estimators": 30.0, "model__reg_lambda": 1.696362575837671}, "datetime": {"datetime": "2021-03-27 18:14:12", "elapsed": 0.420998, "delta": 0.062397}}
{"target": -0.33322066593798383, "params": {"model__colsample_bylevel": 0.5454099127837428, "model__colsample_bynode": 0.9850184992025173, "model__colsample_bytree": 0.9699031365177662, "model__learning_rate": 0.294149824409183, "model__max_depth": 3.0, "model__n_estimators": 26.0, "model__reg_lambda": 0.08148554493379367}, "datetime": {"datetime": "2021-03-27 18:14:12", "elapsed": 0.479558, "delta": 0.05856}}
{"target": -0.34895985800350265, "params": {"model__colsample_bylevel": 0.33906976248708776, "model__colsample_bynode": 0.6929238080035676, "model__colsample_bytree": 0.374370876690802, "model__learning_rate": 0.27149707406563894, "model__max_depth": 6.0, "model__n_estimators": 25.0, "model__reg_lambda": 0.26553465486231276}, "datetime": {"datetime": "2021-03-27 18:14:12", "elapsed": 0.531884, "delta": 0.052326}}
{"target": -0.33356276607027857, "params": {"model__colsample_bylevel": 0.5485103242028078, "model__colsample_bynode": 0.3588647007014249, "model__colsample_bytree": 0.972082156630466, "model__learning_rate": 0.2924116862665633, "model__max_depth": 8.0, "model__n_estimators": 29.0, "model__reg_lambda": 0.8406347158104877}, "datetime": {"datetime": "2021-03-27 18:14:12", "elapsed": 0.599473, "delta": 0.067589}}
{"target": -0.37899566816766683, "params": {"model__colsample_bylevel": 0.9315598280115056, "model__colsample_bynode": 0.9409653503521229, "model__colsample_bytree": 0.3067151579356665, "model__learning_rate": 0.2651717481738797, "model__max_depth": 6.0, "model__n_estimators": 28.0, "model__reg_lambda": 0.6697888550203301}, "datetime": {"datetime": "2021-03-27 18:14:12", "elapsed": 0.664495, "delta": 0.065022}}
{"target": -0.37899566816766683, "params": {"model__colsample_bylevel": 0.9315598280115056, "model__colsample_bynode": 0.9409653503521229, "model__colsample_bytree": 0.3067151579356665, "model__learning_rate": 0.2651717481738797, "model__max_depth": 6.0, "model__n_estimators": 28.0, "model__reg_lambda": 0.6697888550203301}, "datetime": {"datetime": "2021-03-27 18:14:12", "elapsed": 0.664854, "delta": 0.000359}}
{"target": -0.31460867948750826, "params": {"model__colsample_bylevel": 0.9827865130721578, "model__colsample_bynode": 0.8950657511584661, "model__colsample_bytree": 0.5023685062968343, "model__learning_rate": 0.2313358218634858, "model__max_depth": 3.0, "model__n_estimators": 29.0, "model__reg_lambda": 0.10511577059304722}, "datetime": {"datetime": "2021-03-27 18:14:12", "elapsed": 0.726972, "delta": 0.062118}}
{"target": -0.31460867948750826, "params": {"model__colsample_bylevel": 0.9827865130721578, "model__colsample_bynode": 0.8950657511584661, "model__colsample_bytree": 0.5023685062968343, "model__learning_rate": 0.2313358218634858, "model__max_depth": 3.0, "model__n_estimators": 29.0, "model__reg_lambda": 0.10511577059304722}, "datetime": {"datetime": "2021-03-27 18:14:12", "elapsed": 0.727271, "delta": 0.000299}}
{"target": -0.3316652438146116, "params": {"model__colsample_bylevel": 0.9718925900148065, "model__colsample_bynode": 0.44095367385072304, "model__colsample_bytree": 0.834961876472692, "model__learning_rate": 0.29291244446810627, "model__max_depth": 8.0, "model__n_estimators": 21.0, "model__reg_lambda": 1.4423941062161072}, "datetime": {"datetime": "2021-03-27 18:14:12", "elapsed": 0.790806, "delta": 0.063535}}
{"target": -0.3257347434671618, "params": {"model__colsample_bylevel": 0.8681281202380107, "model__colsample_bynode": 0.40142133374594435, "model__colsample_bytree": 0.9400816205859666, "model__learning_rate": 0.2915092629879098, "model__max_depth": 3.0, "model__n_estimators": 29.0, "model__reg_lambda": 0.17708541521386123}, "datetime": {"datetime": "2021-03-27 18:14:12", "elapsed": 0.850551, "delta": 0.059745}}
{"target": -0.3257347434671618, "params": {"model__colsample_bylevel": 0.8681281202380107, "model__colsample_bynode": 0.40142133374594435, "model__colsample_bytree": 0.9400816205859666, "model__learning_rate": 0.2915092629879098, "model__max_depth": 3.0, "model__n_estimators": 29.0, "model__reg_lambda": 0.17708541521386123}, "datetime": {"datetime": "2021-03-27 18:14:12", "elapsed": 0.850858, "delta": 0.000307}}
{"target": -0.3070085126301358, "params": {"model__colsample_bylevel": 0.8643929186815351, "model__colsample_bynode": 0.8376062157185853, "model__colsample_bytree": 0.937537305187915, "model__learning_rate": 0.2833795531077623, "model__max_depth": 2.0, "model__n_estimators": 29.0, "model__reg_lambda": 0.04358504250009165}, "datetime": {"datetime": "2021-03-27 18:14:12", "elapsed": 0.915176, "delta": 0.064318}}
{"target": -0.331909624802664, "params": {"model__colsample_bylevel": 0.9206941587301332, "model__colsample_bynode": 0.4455956020414965, "model__colsample_bytree": 0.7552233272632713, "model__learning_rate": 0.2818209102968495, "model__max_depth": 6.0, "model__n_estimators": 25.0, "model__reg_lambda": 1.621998386193959}, "datetime": {"datetime": "2021-03-27 18:14:12", "elapsed": 0.978665, "delta": 0.063489}}
{"target": -0.331909624802664, "params": {"model__colsample_bylevel": 0.9206941587301332, "model__colsample_bynode": 0.4455956020414965, "model__colsample_bytree": 0.7552233272632713, "model__learning_rate": 0.2818209102968495, "model__max_depth": 6.0, "model__n_estimators": 25.0, "model__reg_lambda": 1.621998386193959}, "datetime": {"datetime": "2021-03-27 18:14:12", "elapsed": 0.979152, "delta": 0.000487}}
{"target": -0.331909624802664, "params": {"model__colsample_bylevel": 0.9206941587301332, "model__colsample_bynode": 0.4455956020414965, "model__colsample_bytree": 0.7552233272632713, "model__learning_rate": 0.2818209102968495, "model__max_depth": 6.0, "model__n_estimators": 25.0, "model__reg_lambda": 1.621998386193959}, "datetime": {"datetime": "2021-03-27 18:14:12", "elapsed": 0.979423, "delta": 0.000271}}
{"target": -0.331909624802664, "params": {"model__colsample_bylevel": 0.9206941587301332, "model__colsample_bynode": 0.4455956020414965, "model__colsample_bytree": 0.7552233272632713, "model__learning_rate": 0.2818209102968495, "model__max_depth": 6.0, "model__n_estimators": 25.0, "model__reg_lambda": 1.621998386193959}, "datetime": {"datetime": "2021-03-27 18:14:12", "elapsed": 0.979624, "delta": 0.000201}}
{"target": -0.331909624802664, "params": {"model__colsample_bylevel": 0.9206941587301332, "model__colsample_bynode": 0.4455956020414965, "model__colsample_bytree": 0.7552233272632713, "model__learning_rate": 0.2818209102968495, "model__max_depth": 6.0, "model__n_estimators": 25.0, "model__reg_lambda": 1.621998386193959}, "datetime": {"datetime": "2021-03-27 18:14:12", "elapsed": 0.979798, "delta": 0.000174}}
{"target": -0.3265670946388391, "params": {"model__colsample_bylevel": 0.5104503129407973, "model__colsample_bynode": 0.8556638696754417, "model__colsample_bytree": 0.9934378772554644, "model__learning_rate": 0.2759776219569468, "model__max_depth": 4.0, "model__n_estimators": 18.0, "model__reg_lambda": 0.29520725094221767}, "datetime": {"datetime": "2021-03-27 18:14:12", "elapsed": 1.039519, "delta": 0.059721}}
{"target": -0.4545063363928078, "params": {"model__colsample_bylevel": 0.30726190771998996, "model__colsample_bynode": 0.651312214504117, "model__colsample_bytree": 0.6470413051939022, "model__learning_rate": 0.12676590579185532, "model__max_depth": 2.8526665127272315, "model__n_estimators": 18.278380134391174, "model__reg_lambda": 4.185081805104525}, "datetime": {"datetime": "2021-03-27 18:14:13", "elapsed": 1.102488, "delta": 0.062969}}
{"target": -0.3389133769489042, "params": {"model__colsample_bylevel": 0.4736708178894914, "model__colsample_bynode": 0.35884175581574507, "model__colsample_bytree": 0.54184904803528, "model__learning_rate": 0.1333552693064643, "model__max_depth": 7.271354513195954, "model__n_estimators": 29.26446047440075, "model__reg_lambda": 0.38748375832319826}, "datetime": {"datetime": "2021-03-27 18:14:13", "elapsed": 1.162963, "delta": 0.060475}}
{"target": -0.33275250184882865, "params": {"model__colsample_bylevel": 0.7893751739791326, "model__colsample_bynode": 0.7009318708985864, "model__colsample_bytree": 0.9286049827576046, "model__learning_rate": 0.23337979458392732, "model__max_depth": 5.28702669827889, "model__n_estimators": 25.53641136102083, "model__reg_lambda": 3.864771696146654}, "datetime": {"datetime": "2021-03-27 18:14:13", "elapsed": 1.228741, "delta": 0.065778}}
{"target": -0.31760439930552875, "params": {"model__colsample_bylevel": 0.7861070744351207, "model__colsample_bynode": 0.8774093251503836, "model__colsample_bytree": 0.6259679327570861, "model__learning_rate": 0.28810488190533123, "model__max_depth": 6.822438620073907, "model__n_estimators": 29.75038872336499, "model__reg_lambda": 1.696362575837671}, "datetime": {"datetime": "2021-03-27 18:14:13", "elapsed": 1.288194, "delta": 0.059453}}
{"target": -0.34350772350486636, "params": {"model__colsample_bylevel": 0.6647592980218581, "model__colsample_bynode": 0.9618621918833685, "model__colsample_bytree": 0.7546783242123333, "model__learning_rate": 0.2721663846451393, "model__max_depth": 7.825076072541351, "model__n_estimators": 17.78312530401691, "model__reg_lambda": 2.431156753134085}, "datetime": {"datetime": "2021-03-27 18:14:13", "elapsed": 1.3461, "delta": 0.057906}}
{"target": -0.3631763323149441, "params": {"model__colsample_bylevel": 0.9113805901707872, "model__colsample_bynode": 0.9343940938464552, "model__colsample_bytree": 0.8307945907576542, "model__learning_rate": 0.16938039075510394, "model__max_depth": 4.781208283904345, "model__n_estimators": 24.15806611272194, "model__reg_lambda": 4.96281717671187}, "datetime": {"datetime": "2021-03-27 18:14:13", "elapsed": 1.413246, "delta": 0.067146}}
{"target": -0.40256787016852824, "params": {"model__colsample_bylevel": 0.6345818094768427, "model__colsample_bynode": 0.604888825336442, "model__colsample_bytree": 0.9092858074985717, "model__learning_rate": 0.1374717294122843, "model__max_depth": 6.126044559156051, "model__n_estimators": 25.552937607020823, "model__reg_lambda": 9.252000772711074}, "datetime": {"datetime": "2021-03-27 18:14:13", "elapsed": 1.474355, "delta": 0.061109}}
{"target": -0.4199984298222631, "params": {"model__colsample_bylevel": 0.32761837237198693, "model__colsample_bynode": 0.7529816994815779, "model__colsample_bytree": 0.7466377893021694, "model__learning_rate": 0.19233953249413938, "model__max_depth": 2.318356546912358, "model__n_estimators": 15.578563847435374, "model__reg_lambda": 1.6953141420787687}, "datetime": {"datetime": "2021-03-27 18:14:13", "elapsed": 1.532208, "delta": 0.057853}}
{"target": -0.4162636187103024, "params": {"model__colsample_bylevel": 0.8561835208849775, "model__colsample_bynode": 0.4138242325920566, "model__colsample_bytree": 0.3971170898456863, "model__learning_rate": 0.17058339064653638, "model__max_depth": 4.906990730916813, "model__n_estimators": 25.466045776856664, "model__reg_lambda": 8.011564316956859}, "datetime": {"datetime": "2021-03-27 18:14:13", "elapsed": 1.594839, "delta": 0.062631}}
{"target": -0.4236985378615234, "params": {"model__colsample_bylevel": 0.4867420639503589, "model__colsample_bynode": 0.936633346480775, "model__colsample_bytree": 0.3160068649787738, "model__learning_rate": 0.17502455249915477, "model__max_depth": 3.1977999718893484, "model__n_estimators": 20.142078437421155, "model__reg_lambda": 4.441122950440465}, "datetime": {"datetime": "2021-03-27 18:14:13", "elapsed": 1.652081, "delta": 0.057242}}
{"target": -0.40440831036725344, "params": {"model__colsample_bylevel": 0.6486977272532548, "model__colsample_bynode": 0.5900424273597351, "model__colsample_bytree": 0.4499791740194562, "model__learning_rate": 0.14332794254537243, "model__max_depth": 3.3938427634789914, "model__n_estimators": 25.93628430939619, "model__reg_lambda": 4.159186670147922}, "datetime": {"datetime": "2021-03-27 18:14:13", "elapsed": 1.70536, "delta": 0.053279}}
{"target": -0.3896027110651999, "params": {"model__colsample_bylevel": 0.7087287246096596, "model__colsample_bynode": 0.6460356235928947, "model__colsample_bytree": 0.6010327699478305, "model__learning_rate": 0.24695316340723392, "model__max_depth": 5.337298920821893, "model__n_estimators": 19.539459624900097, "model__reg_lambda": 9.70798194813456}, "datetime": {"datetime": "2021-03-27 18:14:13", "elapsed": 1.761224, "delta": 0.055864}}
{"target": -0.4074091675286383, "params": {"model__colsample_bylevel": 0.4573898284863129, "model__colsample_bynode": 0.39713840986827087, "model__colsample_bytree": 0.730452732753553, "model__learning_rate": 0.19838578785694924, "model__max_depth": 3.0989164019193227, "model__n_estimators": 16.639657727470496, "model__reg_lambda": 5.395755249234239}, "datetime": {"datetime": "2021-03-27 18:14:13", "elapsed": 1.818136, "delta": 0.056912}}
{"target": -0.3772625306081297, "params": {"model__colsample_bylevel": 0.5025094970837707, "model__colsample_bynode": 0.37213783629228636, "model__colsample_bytree": 0.6434210837220209, "model__learning_rate": 0.22641833694649102, "model__max_depth": 2.227815301561689, "model__n_estimators": 22.50161880662639, "model__reg_lambda": 0.835434299294453}, "datetime": {"datetime": "2021-03-27 18:14:13", "elapsed": 1.881156, "delta": 0.06302}}
{"target": -0.39262411254188184, "params": {"model__colsample_bylevel": 0.8539227643210632, "model__colsample_bynode": 0.8306252174459399, "model__colsample_bytree": 0.4835912545620663, "model__learning_rate": 0.12017171820904433, "model__max_depth": 7.503156236962601, "model__n_estimators": 22.761903626532458, "model__reg_lambda": 1.3353967592343363}, "datetime": {"datetime": "2021-03-27 18:14:13", "elapsed": 1.940156, "delta": 0.059}}
{"target": -0.4331004186519894, "params": {"model__colsample_bylevel": 0.3787801798303496, "model__colsample_bynode": 0.8891488038898538, "model__colsample_bytree": 0.682252315571295, "model__learning_rate": 0.1522033166295056, "model__max_depth": 5.4549531069191834, "model__n_estimators": 19.707789101668837, "model__reg_lambda": 7.916231853067416}, "datetime": {"datetime": "2021-03-27 18:14:13", "elapsed": 1.997251, "delta": 0.057095}}
{"target": -0.34168664396241094, "params": {"model__colsample_bylevel": 0.6451635028820711, "model__colsample_bynode": 0.9756107284220326, "model__colsample_bytree": 0.6642183611480073, "model__learning_rate": 0.2806043190994539, "model__max_depth": 3.4988273636139016, "model__n_estimators": 22.822309547759104, "model__reg_lambda": 5.0574568339000425}, "datetime": {"datetime": "2021-03-27 18:14:13", "elapsed": 2.058627, "delta": 0.061376}}
{"target": -0.3806514659127139, "params": {"model__colsample_bylevel": 0.8691500365097846, "model__colsample_bynode": 0.35123595486158105, "model__colsample_bytree": 0.8853449005213216, "model__learning_rate": 0.26084712707576596, "model__max_depth": 4.4379276251183954, "model__n_estimators": 15.546768724832507, "model__reg_lambda": 7.672541069525759}, "datetime": {"datetime": "2021-03-27 18:14:14", "elapsed": 2.114445, "delta": 0.055818}}
{"target": -0.3512706884129, "params": {"model__colsample_bylevel": 0.7752492983214213, "model__colsample_bynode": 0.9432502217801924, "model__colsample_bytree": 0.6921299356114399, "model__learning_rate": 0.2935437919451478, "model__max_depth": 3.850306106454099, "model__n_estimators": 20.083349491730285, "model__reg_lambda": 7.308818114469667}, "datetime": {"datetime": "2021-03-27 18:14:14", "elapsed": 2.175265, "delta": 0.06082}}
{"target": -0.33565092324447965, "params": {"model__colsample_bylevel": 0.7909589341540182, "model__colsample_bynode": 0.8077442453063763, "model__colsample_bytree": 0.9257599208468199, "model__learning_rate": 0.24332981747869467, "model__max_depth": 6.092916621028417, "model__n_estimators": 27.646752630781677, "model__reg_lambda": 6.451189984951728}, "datetime": {"datetime": "2021-03-27 18:14:14", "elapsed": 2.245489, "delta": 0.070224}}
{"target": -0.3684505096683953, "params": {"model__colsample_bylevel": 0.511889221690131, "model__colsample_bynode": 0.880146841574702, "model__colsample_bytree": 0.4713036833734444, "model__learning_rate": 0.24075613859849618, "model__max_depth": 5.215329445061823, "model__n_estimators": 20.712142781227694, "model__reg_lambda": 1.7861793515885238}, "datetime": {"datetime": "2021-03-27 18:14:14", "elapsed": 2.308913, "delta": 0.063424}}
{"target": -0.3388992843562332, "params": {"model__colsample_bylevel": 0.9200821231031391, "model__colsample_bynode": 0.35616344543935075, "model__colsample_bytree": 0.8625120529528605, "model__learning_rate": 0.23669407037870885, "model__max_depth": 4.772062647788025, "model__n_estimators": 24.96073964162097, "model__reg_lambda": 2.826662622956666}, "datetime": {"datetime": "2021-03-27 18:14:14", "elapsed": 2.373631, "delta": 0.064718}}
{"target": -0.3838556667438884, "params": {"model__colsample_bylevel": 0.9031023424555509, "model__colsample_bynode": 0.4249356891249156, "model__colsample_bytree": 0.7057975471157624, "model__learning_rate": 0.1927268764937271, "model__max_depth": 6.039330960316078, "model__n_estimators": 22.141866816168736, "model__reg_lambda": 9.525111535091707}, "datetime": {"datetime": "2021-03-27 18:14:14", "elapsed": 2.431962, "delta": 0.058331}}
{"target": -0.4268921976315155, "params": {"model__colsample_bylevel": 0.8972803412913453, "model__colsample_bynode": 0.9289549741797964, "model__colsample_bytree": 0.3178983723326505, "model__learning_rate": 0.13128458043568686, "model__max_depth": 4.861388901041763, "model__n_estimators": 26.020827615199973, "model__reg_lambda": 3.5630947732495777}, "datetime": {"datetime": "2021-03-27 18:14:14", "elapsed": 2.485384, "delta": 0.053422}}
{"target": -0.40065911085871253, "params": {"model__colsample_bylevel": 0.6951175428742368, "model__colsample_bynode": 0.3318286487069968, "model__colsample_bytree": 0.7483089139197432, "model__learning_rate": 0.23624127616156612, "model__max_depth": 4.373824850662889, "model__n_estimators": 17.05009515507337, "model__reg_lambda": 4.16457752159582}, "datetime": {"datetime": "2021-03-27 18:14:14", "elapsed": 2.540525, "delta": 0.055141}}
{"target": -0.33597168284316503, "params": {"model__colsample_bylevel": 0.816923983909474, "model__colsample_bynode": 0.7090153450298311, "model__colsample_bytree": 0.9184032582594783, "model__learning_rate": 0.21574992226411746, "model__max_depth": 3.0678227617515392, "model__n_estimators": 23.876275396014634, "model__reg_lambda": 0.5387774367636355}, "datetime": {"datetime": "2021-03-27 18:14:14", "elapsed": 2.600844, "delta": 0.060319}}
